Log file open, 06/02/18 17:41:35
LogWindows: Failed to load 'aqProf.dll' (GetLastError=126)
LogWindows: File 'aqProf.dll' does not exist
LogWindows: Failed to load 'VtuneApi.dll' (GetLastError=126)
LogWindows: File 'VtuneApi.dll' does not exist
LogWindows: Failed to load 'VtuneApi32e.dll' (GetLastError=126)
LogWindows: File 'VtuneApi32e.dll' does not exist
LogInit: Display: Running engine for game: PluginEditor
LogPlatformFile: Not using cached read wrapper
LogInit: Display: RandInit(933208872) SRandInit(933208872).
LogInit: Read version file with build ID '3944462'
LogInit: Overriding engine version to CL 4033788, compatible CL 3944462
LogInit: Registered custom module enumerator with build ID '3944462'
LogTaskGraph: Started task graph with 5 named threads and 23 total threads with 3 sets of task threads.
LogStats: Stats thread started at 0.338700
LogD3D11RHI: Aftermath initialized
LogICUInternationalization: Display: ICU TimeZone Detection - Raw Offset: +1:00, Platform Override: ''
LogPluginManager: Mounting plugin Paper2D
LogPluginManager: Mounting plugin LiveLink
LogPluginManager: Mounting plugin LightPropagationVolume
LogPluginManager: Mounting plugin CLionSourceCodeAccess
LogPluginManager: Mounting plugin CodeLiteSourceCodeAccess
LogPluginManager: Mounting plugin GitSourceControl
LogPluginManager: Mounting plugin KDevelopSourceCodeAccess
LogPluginManager: Mounting plugin NullSourceCodeAccess
LogPluginManager: Mounting plugin PerforceSourceControl
LogPluginManager: Mounting plugin SubversionSourceControl
LogPluginManager: Mounting plugin UObjectPlugin
LogPluginManager: Mounting plugin VisualStudioCodeSourceCodeAccess
LogPluginManager: Mounting plugin VisualStudioSourceCodeAccess
LogPluginManager: Mounting plugin XCodeSourceCodeAccess
LogPluginManager: Mounting plugin AssetManagerEditor
LogPluginManager: Mounting plugin CryptoKeys
LogPluginManager: Mounting plugin DataValidation
LogPluginManager: Mounting plugin FacialAnimation
LogPluginManager: Mounting plugin GameplayTagsEditor
LogPluginManager: Mounting plugin MobileLauncherProfileWizard
LogPluginManager: Mounting plugin PluginBrowser
LogPluginManager: Mounting plugin SpeedTreeImporter
LogPluginManager: Mounting plugin DatasmithContent
LogPluginManager: Mounting plugin AlembicImporter
LogPluginManager: Mounting plugin CharacterAI
LogPluginManager: Mounting plugin HTML5Networking
LogPluginManager: Mounting plugin AndroidMedia
LogPluginManager: Mounting plugin AvfMedia
LogPluginManager: Mounting plugin ImgMedia
LogPluginManager: Mounting plugin LinearTimecode
LogPluginManager: Mounting plugin MediaCompositing
LogPluginManager: Mounting plugin MediaPlayerEditor
LogPluginManager: Mounting plugin WmfMedia
LogPluginManager: Mounting plugin TcpMessaging
LogPluginManager: Mounting plugin UdpMessaging
LogPluginManager: Mounting plugin ActorSequence
LogPluginManager: Mounting plugin LevelSequenceEditor
LogPluginManager: Mounting plugin MatineeToLevelSequence
LogPluginManager: Mounting plugin NetcodeUnitTest
LogPluginManager: Mounting plugin NUTUnrealEngine4
LogPluginManager: Mounting plugin OnlineSubsystemGooglePlay
LogPluginManager: Mounting plugin OnlineSubsystemIOS
LogPluginManager: Mounting plugin OnlineSubsystem
LogPluginManager: Mounting plugin OnlineSubsystemNull
LogPluginManager: Mounting plugin OnlineSubsystemUtils
LogPluginManager: Mounting plugin AndroidDeviceProfileSelector
LogPluginManager: Mounting plugin AndroidMoviePlayer
LogPluginManager: Mounting plugin AndroidPermission
LogPluginManager: Mounting plugin AppleARKit
LogPluginManager: Mounting plugin AppleMoviePlayer
LogPluginManager: Mounting plugin ArchVisCharacter
LogPluginManager: Mounting plugin AudioCapture
LogPluginManager: Mounting plugin CableComponent
LogPluginManager: Mounting plugin CustomMeshComponent
LogPluginManager: Mounting plugin ExampleDeviceProfileSelector
LogPluginManager: Mounting plugin GoogleCloudMessaging
LogPluginManager: Mounting plugin ImmediatePhysics
LogPluginManager: Mounting plugin IOSDeviceProfileSelector
LogPluginManager: Mounting plugin LinuxDeviceProfileSelector
LogPluginManager: Mounting plugin LocationServicesBPLibrary
LogPluginManager: Mounting plugin MobilePatchingUtils
LogPluginManager: Mounting plugin OculusVR
LogPluginManager: Plugin shader directory ../../../Engine/Plugins/Runtime/Oculus/OculusVR/Shaders found
LogPluginManager: Mapping shader source directory ../../../Engine/Plugins/Runtime/Oculus/OculusVR/Shaders to virtual directory /Plugin/OculusVR
LogPluginManager: Mounting plugin PhysXVehicles
LogPluginManager: Mounting plugin ProceduralMeshComponent
LogPluginManager: Mounting plugin RuntimePhysXCooking
LogPluginManager: Mounting plugin SteamVR
LogPluginManager: Mounting plugin WindowsMoviePlayer
LogPluginManager: Mounting plugin ToolWindow
LogStreaming: Display: Took  0.077s to configure plugins.
LogModuleManager: Display: Found up-to-date module file ../../../../../../../Projects/FPS/Extra Editors/PluginEditor/Binaries/Win64/UE4Editor-PluginEditor.dll (API version 3944462).
LogModuleManager: Display: Found up-to-date module file ../../../../../../../Projects/FPS/Extra Editors/PluginEditor/Binaries/Win64/UE4Editor-CSWUtilities.dll (API version 3944462).
LogModuleManager: Display: Found up-to-date module file ../../../Engine/Plugins/2D/Paper2D/Binaries/Win64/UE4Editor-Paper2D.dll (API version 3944462).
LogModuleManager: Display: Found up-to-date module file ../../../Engine/Plugins/2D/Paper2D/Binaries/Win64/UE4Editor-Paper2DEditor.dll (API version 3944462).
LogModuleManager: Display: Found up-to-date module file ../../../Engine/Plugins/2D/Paper2D/Binaries/Win64/UE4Editor-PaperSpriteSheetImporter.dll (API version 3944462).
LogModuleManager: Display: Found up-to-date module file ../../../Engine/Plugins/2D/Paper2D/Binaries/Win64/UE4Editor-PaperTiledImporter.dll (API version 3944462).
LogModuleManager: Display: Found up-to-date module file ../../../Engine/Plugins/2D/Paper2D/Binaries/Win64/UE4Editor-SmartSnapping.dll (API version 3944462).
LogModuleManager: Display: Found up-to-date module file ../../../Engine/Plugins/Animation/LiveLink/Binaries/Win64/UE4Editor-LiveLink.dll (API version 3944462).
LogModuleManager: Display: Found up-to-date module file ../../../Engine/Plugins/Animation/LiveLink/Binaries/Win64/UE4Editor-LiveLinkEditor.dll (API version 3944462).
LogModuleManager: Display: Found up-to-date module file ../../../Engine/Plugins/Blendables/LightPropagationVolume/Binaries/Win64/UE4Editor-LightPropagationVolumeRuntime.dll (API version 3944462).
LogModuleManager: Display: Found up-to-date module file ../../../Engine/Plugins/Blendables/LightPropagationVolume/Binaries/Win64/UE4Editor-LightPropagationVolumeEditor.dll (API version 3944462).
LogModuleManager: Display: Found up-to-date module file ../../../Engine/Plugins/Developer/CLionSourceCodeAccess/Binaries/Win64/UE4Editor-CLionSourceCodeAccess.dll (API version 3944462).
LogModuleManager: Display: Found up-to-date module file ../../../Engine/Plugins/Developer/GitSourceControl/Binaries/Win64/UE4Editor-GitSourceControl.dll (API version 3944462).
LogModuleManager: Display: Found up-to-date module file ../../../Engine/Plugins/Developer/PerforceSourceControl/Binaries/Win64/UE4Editor-PerforceSourceControl.dll (API version 3944462).
LogModuleManager: Display: Found up-to-date module file ../../../Engine/Plugins/Developer/SubversionSourceControl/Binaries/Win64/UE4Editor-SubversionSourceControl.dll (API version 3944462).
LogModuleManager: Display: Found up-to-date module file ../../../Engine/Plugins/Developer/UObjectPlugin/Binaries/Win64/UE4Editor-UObjectPlugin.dll (API version 3944462).
LogModuleManager: Display: Found up-to-date module file ../../../Engine/Plugins/Developer/VisualStudioCodeSourceCodeAccess/Binaries/Win64/UE4Editor-VisualStudioCodeSourceCodeAccess.dll (API version 3944462).
LogModuleManager: Display: Found up-to-date module file ../../../Engine/Plugins/Developer/VisualStudioSourceCodeAccess/Binaries/Win64/UE4Editor-VisualStudioSourceCodeAccess.dll (API version 3944462).
LogModuleManager: Display: Found up-to-date module file ../../../Engine/Plugins/Editor/AssetManagerEditor/Binaries/Win64/UE4Editor-AssetManagerEditor.dll (API version 3944462).
LogModuleManager: Display: Found up-to-date module file ../../../Engine/Plugins/Editor/CryptoKeys/Binaries/Win64/UE4Editor-CryptoKeys.dll (API version 3944462).
LogModuleManager: Display: Found up-to-date module file ../../../Engine/Plugins/Editor/CryptoKeys/Binaries/Win64/UE4Editor-CryptoKeysOpenSSL.dll (API version 3944462).
LogModuleManager: Display: Found up-to-date module file ../../../Engine/Plugins/Editor/DataValidation/Binaries/Win64/UE4Editor-DataValidation.dll (API version 3944462).
LogModuleManager: Display: Found up-to-date module file ../../../Engine/Plugins/Editor/FacialAnimation/Binaries/Win64/UE4Editor-FacialAnimation.dll (API version 3944462).
LogModuleManager: Display: Found up-to-date module file ../../../Engine/Plugins/Editor/FacialAnimation/Binaries/Win64/UE4Editor-FacialAnimationEditor.dll (API version 3944462).
LogModuleManager: Display: Found up-to-date module file ../../../Engine/Plugins/Editor/GameplayTagsEditor/Binaries/Win64/UE4Editor-GameplayTagsEditor.dll (API version 3944462).
LogModuleManager: Display: Found up-to-date module file ../../../Engine/Plugins/Editor/MobileLauncherProfileWizard/Binaries/Win64/UE4Editor-MobileLauncherProfileWizard.dll (API version 3944462).
LogModuleManager: Display: Found up-to-date module file ../../../Engine/Plugins/Editor/PluginBrowser/Binaries/Win64/UE4Editor-PluginBrowser.dll (API version 3944462).
LogModuleManager: Display: Found up-to-date module file ../../../Engine/Plugins/Editor/SpeedTreeImporter/Binaries/Win64/UE4Editor-SpeedTreeImporter.dll (API version 3944462).
LogModuleManager: Display: Found up-to-date module file ../../../Engine/Plugins/Enterprise/DatasmithContent/Binaries/Win64/UE4Editor-DatasmithContent.dll (API version 3944462).
LogModuleManager: Display: Found up-to-date module file ../../../Engine/Plugins/Experimental/AlembicImporter/Binaries/Win64/UE4Editor-AlembicImporter.dll (API version 3944462).
LogModuleManager: Display: Found up-to-date module file ../../../Engine/Plugins/Experimental/AlembicImporter/Binaries/Win64/UE4Editor-AlembicLibrary.dll (API version 3944462).
LogModuleManager: Display: Found up-to-date module file ../../../Engine/Plugins/Experimental/CharacterAI/Binaries/Win64/UE4Editor-CharacterAI.dll (API version 3944462).
LogModuleManager: Display: Found up-to-date module file ../../../Engine/Plugins/Experimental/HTML5Networking/Binaries/Win64/UE4Editor-HTML5Networking.dll (API version 3944462).
LogModuleManager: Display: Found up-to-date module file ../../../Engine/Plugins/Media/AndroidMedia/Binaries/Win64/UE4Editor-AndroidMediaEditor.dll (API version 3944462).
LogModuleManager: Display: Found up-to-date module file ../../../Engine/Plugins/Media/AndroidMedia/Binaries/Win64/UE4Editor-AndroidMediaFactory.dll (API version 3944462).
LogModuleManager: Display: Found up-to-date module file ../../../Engine/Plugins/Media/AvfMedia/Binaries/Win64/UE4Editor-AvfMediaEditor.dll (API version 3944462).
LogModuleManager: Display: Found up-to-date module file ../../../Engine/Plugins/Media/AvfMedia/Binaries/Win64/UE4Editor-AvfMediaFactory.dll (API version 3944462).
LogModuleManager: Display: Found up-to-date module file ../../../Engine/Plugins/Media/AvfMedia/Binaries/Win64/UE4Editor-AvfMediaFactory.dll (API version 3944462).
LogModuleManager: Display: Found up-to-date module file ../../../Engine/Plugins/Media/ImgMedia/Binaries/Win64/UE4Editor-ImgMedia.dll (API version 3944462).
LogModuleManager: Display: Found up-to-date module file ../../../Engine/Plugins/Media/ImgMedia/Binaries/Win64/UE4Editor-ImgMediaEditor.dll (API version 3944462).
LogModuleManager: Display: Found up-to-date module file ../../../Engine/Plugins/Media/ImgMedia/Binaries/Win64/UE4Editor-ImgMediaFactory.dll (API version 3944462).
LogModuleManager: Display: Found up-to-date module file ../../../Engine/Plugins/Media/ImgMedia/Binaries/Win64/UE4Editor-ImgMediaFactory.dll (API version 3944462).
LogModuleManager: Display: Found up-to-date module file ../../../Engine/Plugins/Media/ImgMedia/Binaries/Win64/UE4Editor-OpenExrWrapper.dll (API version 3944462).
LogModuleManager: Display: Found up-to-date module file ../../../Engine/Plugins/Media/LinearTimecode/Binaries/Win64/UE4Editor-LinearTimecode.dll (API version 3944462).
LogModuleManager: Display: Found up-to-date module file ../../../Engine/Plugins/Media/MediaCompositing/Binaries/Win64/UE4Editor-MediaCompositing.dll (API version 3944462).
LogModuleManager: Display: Found up-to-date module file ../../../Engine/Plugins/Media/MediaCompositing/Binaries/Win64/UE4Editor-MediaCompositingEditor.dll (API version 3944462).
LogModuleManager: Display: Found up-to-date module file ../../../Engine/Plugins/Media/MediaPlayerEditor/Binaries/Win64/UE4Editor-MediaPlayerEditor.dll (API version 3944462).
LogModuleManager: Display: Found up-to-date module file ../../../Engine/Plugins/Media/WmfMedia/Binaries/Win64/UE4Editor-WmfMedia.dll (API version 3944462).
LogModuleManager: Display: Found up-to-date module file ../../../Engine/Plugins/Media/WmfMedia/Binaries/Win64/UE4Editor-WmfMediaEditor.dll (API version 3944462).
LogModuleManager: Display: Found up-to-date module file ../../../Engine/Plugins/Media/WmfMedia/Binaries/Win64/UE4Editor-WmfMediaFactory.dll (API version 3944462).
LogModuleManager: Display: Found up-to-date module file ../../../Engine/Plugins/Media/WmfMedia/Binaries/Win64/UE4Editor-WmfMediaFactory.dll (API version 3944462).
LogModuleManager: Display: Found up-to-date module file ../../../Engine/Plugins/Messaging/TcpMessaging/Binaries/Win64/UE4Editor-TcpMessaging.dll (API version 3944462).
LogModuleManager: Display: Found up-to-date module file ../../../Engine/Plugins/Messaging/UdpMessaging/Binaries/Win64/UE4Editor-UdpMessaging.dll (API version 3944462).
LogModuleManager: Display: Found up-to-date module file ../../../Engine/Plugins/MovieScene/ActorSequence/Binaries/Win64/UE4Editor-ActorSequence.dll (API version 3944462).
LogModuleManager: Display: Found up-to-date module file ../../../Engine/Plugins/MovieScene/LevelSequenceEditor/Binaries/Win64/UE4Editor-LevelSequenceEditor.dll (API version 3944462).
LogModuleManager: Display: Found up-to-date module file ../../../Engine/Plugins/MovieScene/MatineeToLevelSequence/Binaries/Win64/UE4Editor-MatineeToLevelSequence.dll (API version 3944462).
LogModuleManager: Display: Found up-to-date module file ../../../Engine/Plugins/NetcodeUnitTest/NetcodeUnitTest/Binaries/Win64/UE4Editor-NetcodeUnitTest.dll (API version 3944462).
LogModuleManager: Display: Found up-to-date module file ../../../Engine/Plugins/NetcodeUnitTest/NUTUnrealEngine4/Binaries/Win64/UE4Editor-NUTUnrealEngine4.dll (API version 3944462).
LogModuleManager: Display: Found up-to-date module file ../../../Engine/Plugins/Online/OnlineSubsystem/Binaries/Win64/UE4Editor-OnlineSubsystem.dll (API version 3944462).
LogModuleManager: Display: Found up-to-date module file ../../../Engine/Plugins/Online/OnlineSubsystemNull/Binaries/Win64/UE4Editor-OnlineSubsystemNull.dll (API version 3944462).
LogModuleManager: Display: Found up-to-date module file ../../../Engine/Plugins/Online/OnlineSubsystemUtils/Binaries/Win64/UE4Editor-OnlineSubsystemUtils.dll (API version 3944462).
LogModuleManager: Display: Found up-to-date module file ../../../Engine/Plugins/Online/OnlineSubsystemUtils/Binaries/Win64/UE4Editor-OnlineBlueprintSupport.dll (API version 3944462).
LogModuleManager: Display: Found up-to-date module file ../../../Engine/Plugins/Runtime/AndroidDeviceProfileSelector/Binaries/Win64/UE4Editor-AndroidDeviceProfileSelector.dll (API version 3944462).
LogModuleManager: Display: Found up-to-date module file ../../../Engine/Plugins/Runtime/AndroidPermission/Binaries/Win64/UE4Editor-AndroidPermission.dll (API version 3944462).
LogModuleManager: Display: Found up-to-date module file ../../../Engine/Plugins/Runtime/AppleARKit/Binaries/Win64/UE4Editor-AppleARKit.dll (API version 3944462).
LogModuleManager: Display: Found up-to-date module file ../../../Engine/Plugins/Runtime/ArchVisCharacter/Binaries/Win64/UE4Editor-ArchVisCharacter.dll (API version 3944462).
LogModuleManager: Display: Found up-to-date module file ../../../Engine/Plugins/Runtime/AudioCapture/Binaries/Win64/UE4Editor-AudioCapture.dll (API version 3944462).
LogModuleManager: Display: Found up-to-date module file ../../../Engine/Plugins/Runtime/AudioCapture/Binaries/Win64/UE4Editor-AudioCaptureEditor.dll (API version 3944462).
LogModuleManager: Display: Found up-to-date module file ../../../Engine/Plugins/Runtime/CableComponent/Binaries/Win64/UE4Editor-CableComponent.dll (API version 3944462).
LogModuleManager: Display: Found up-to-date module file ../../../Engine/Plugins/Runtime/CustomMeshComponent/Binaries/Win64/UE4Editor-CustomMeshComponent.dll (API version 3944462).
LogModuleManager: Display: Found up-to-date module file ../../../Engine/Plugins/Runtime/ExampleDeviceProfileSelector/Binaries/Win64/UE4Editor-ExampleDeviceProfileSelector.dll (API version 3944462).
LogModuleManager: Display: Found up-to-date module file ../../../Engine/Plugins/Runtime/ImmediatePhysics/Binaries/Win64/UE4Editor-ImmediatePhysics.dll (API version 3944462).
LogModuleManager: Display: Found up-to-date module file ../../../Engine/Plugins/Runtime/ImmediatePhysics/Binaries/Win64/UE4Editor-ImmediatePhysicsEditor.dll (API version 3944462).
LogModuleManager: Display: Found up-to-date module file ../../../Engine/Plugins/Runtime/LocationServicesBPLibrary/Binaries/Win64/UE4Editor-LocationServicesBPLibrary.dll (API version 3944462).
LogModuleManager: Display: Found up-to-date module file ../../../Engine/Plugins/Runtime/MobilePatchingUtils/Binaries/Win64/UE4Editor-MobilePatchingUtils.dll (API version 3944462).
LogModuleManager: Display: Found up-to-date module file ../../../Engine/Plugins/Runtime/Oculus/OculusVR/Binaries/Win64/UE4Editor-OculusHMD.dll (API version 3944462).
LogModuleManager: Display: Found up-to-date module file ../../../Engine/Plugins/Runtime/Oculus/OculusVR/Binaries/Win64/UE4Editor-OculusInput.dll (API version 3944462).
LogModuleManager: Display: Found up-to-date module file ../../../Engine/Plugins/Runtime/Oculus/OculusVR/Binaries/Win64/UE4Editor-OculusEditor.dll (API version 3944462).
LogModuleManager: Display: Found up-to-date module file ../../../Engine/Plugins/Runtime/PhysXVehicles/Binaries/Win64/UE4Editor-PhysXVehicles.dll (API version 3944462).
LogModuleManager: Display: Found up-to-date module file ../../../Engine/Plugins/Runtime/PhysXVehicles/Binaries/Win64/UE4Editor-PhysXVehiclesEditor.dll (API version 3944462).
LogModuleManager: Display: Found up-to-date module file ../../../Engine/Plugins/Runtime/ProceduralMeshComponent/Binaries/Win64/UE4Editor-ProceduralMeshComponent.dll (API version 3944462).
LogModuleManager: Display: Found up-to-date module file ../../../Engine/Plugins/Runtime/ProceduralMeshComponent/Binaries/Win64/UE4Editor-ProceduralMeshComponentEditor.dll (API version 3944462).
LogModuleManager: Display: Found up-to-date module file ../../../Engine/Plugins/Runtime/RuntimePhysXCooking/Binaries/Win64/UE4Editor-RuntimePhysXCooking.dll (API version 3944462).
LogModuleManager: Display: Found up-to-date module file ../../../Engine/Plugins/Runtime/Steam/SteamVR/Binaries/Win64/UE4Editor-SteamVR.dll (API version 3944462).
LogModuleManager: Display: Found up-to-date module file ../../../Engine/Plugins/Runtime/Steam/SteamVR/Binaries/Win64/UE4Editor-SteamVRController.dll (API version 3944462).
LogModuleManager: Display: Found up-to-date module file ../../../Engine/Plugins/Runtime/WindowsMoviePlayer/Binaries/Win64/UE4Editor-WindowsMoviePlayer.dll (API version 3944462).
LogModuleManager: Display: Found up-to-date module file ../../../../../../../Projects/FPS/Extra Editors/PluginEditor/Plugins/ToolWindow/Binaries/Win64/UE4Editor-ToolWindow.dll (API version 3944462).
LogInit: Using libcurl 7.47.1
LogInit:  - built for x86_64-pc-win32
LogInit:  - supports SSL with OpenSSL/1.0.2g
LogInit:  - supports HTTP deflate (compression) using libz 1.2.8
LogInit:  - other features:
LogInit:      CURL_VERSION_SSL
LogInit:      CURL_VERSION_LIBZ
LogInit:      CURL_VERSION_IPV6
LogInit:      CURL_VERSION_ASYNCHDNS
LogInit:      CURL_VERSION_LARGEFILE
LogInit:      CURL_VERSION_IDN
LogInit:  CurlRequestOptions (configurable via config and command line):
LogInit:  - bVerifyPeer = false  - Libcurl will NOT verify peer certificate
LogInit:  - bUseHttpProxy = false  - Libcurl will NOT use HTTP proxy
LogInit:  - bDontReuseConnections = false  - Libcurl will reuse connections
LogInit:  - CertBundlePath = nullptr  - Libcurl will use whatever was configured at build time.
LogInit:  - MaxHostConnections = 16  - Libcurl will limit the number of connections to a host
LogInit:  - LocalHostAddr = Default
LogInit: WinSock: version 1.1 (2.2), MaxSocks=32767, MaxUdp=65467
LogInit: WinSock: I am DESKTOP-27ERO04 (192.168.178.101:0)
LogInit: Build: ++UE4+Release-4.19-CL-4033788
LogInit: Engine Version: 4.19.2-4033788+++UE4+Release-4.19
LogInit: Compatible Engine Version: 4.19.0-3944462+++UE4+Release-4.19
LogInit: Net CL: 3944462
LogDevObjectVersion: Number of dev versions registered: 18
LogDevObjectVersion:   Dev-Blueprints (B0D832E4-1F89-4F0D-ACCF-7EB736FD4AA2): 10
LogDevObjectVersion:   Dev-Build (E1C64328-A22C-4D53-A36C-8E866417BD8C): 0
LogDevObjectVersion:   Dev-Core (375EC13C-06E4-48FB-B500-84F0262A717E): 2
LogDevObjectVersion:   Dev-Editor (E4B068ED-F494-42E9-A231-DA0B2E46BB41): 23
LogDevObjectVersion:   Dev-Framework (CFFC743F-43B0-4480-9391-14DF171D2073): 33
LogDevObjectVersion:   Dev-Mobile (B02B49B5-BB20-44E9-A304-32B752E40360): 2
LogDevObjectVersion:   Dev-Networking (A4E4105C-59A1-49B5-A7C5-40C4547EDFEE): 0
LogDevObjectVersion:   Dev-Online (39C831C9-5AE6-47DC-9A44-9C173E1C8E7C): 0
LogDevObjectVersion:   Dev-Physics (78F01B33-EBEA-4F98-B9B4-84EACCB95AA2): 0
LogDevObjectVersion:   Dev-Platform (6631380F-2D4D-43E0-8009-CF276956A95A): 0
LogDevObjectVersion:   Dev-Rendering (12F88B9F-8875-4AFC-A67C-D90C383ABD29): 25
LogDevObjectVersion:   Dev-Sequencer (7B5AE74C-D270-4C10-A958-57980B212A5A): 6
LogDevObjectVersion:   Dev-VR (D7296918-1DD6-4BDD-9DE2-64A83CC13884): 1
LogDevObjectVersion:   Dev-LoadTimes (C2A15278-BFE7-4AFE-6C17-90FF531DF755): 1
LogDevObjectVersion:   Private-Geometry (6EACA3D4-40EC-4CC1-B786-8BED09428FC5): 2
LogDevObjectVersion:   Dev-AnimPhys (29E575DD-E0A3-4627-9D10-D276232CDCEA): 16
LogDevObjectVersion:   Dev-ReflectionCapture (6B266CEC-1EC7-4B8F-A30B-E4D90942FC07): 1
LogDevObjectVersion:   Dev-Automation (0DF73D61-A23F-47EA-B727-89E90C41499A): 1
LogInit: Compiled (64-bit): Apr 27 2018 02:06:57
LogInit: Compiled with Visual C++: 19.00.24215.01
LogInit: Build Configuration: Development
LogInit: Branch Name: ++UE4+Release-4.19
LogInit: Command Line:  -skipcompile
LogInit: Base Directory: E:/Game Engines/Epic Games/4.19/UE_4.19/Engine/Binaries/Win64/
LogInit: Installed Engine Build: 1
LogStreaming: Display: Took  0.001s to delete old logs.
LogInit: Presizing for max 8388607 objects, including 0 objects not considered by GC, pre-allocating 0 bytes for permanent pool.
LogInit: Object subsystem initialized
[2018.06.02-15.41.37:116][  0]LogInit: Selected Device Profile: [Windows]
[2018.06.02-15.41.37:116][  0]LogInit: Applying CVar settings loaded from the selected device profile: [Windows]
[2018.06.02-15.41.37:132][  0]LogInit: Computer: DESKTOP-27ERO04
[2018.06.02-15.41.37:132][  0]LogInit: User: TomColdenhoff
[2018.06.02-15.41.37:132][  0]LogInit: CPU Page size=4096, Cores=4
[2018.06.02-15.41.37:132][  0]LogInit: High frequency timer resolution =3.319355 MHz
[2018.06.02-15.41.37:132][  0]LogMemory: Memory total: Physical=11.9GB (12GB approx)
[2018.06.02-15.41.37:132][  0]LogMemory: Platform Memory Stats for Windows
[2018.06.02-15.41.37:132][  0]LogMemory: Process Physical Memory: 275.07 MB used, 275.07 MB peak
[2018.06.02-15.41.37:133][  0]LogMemory: Process Virtual Memory: 264.58 MB used, 264.58 MB peak
[2018.06.02-15.41.37:133][  0]LogMemory: Physical Memory: 8677.91 MB used,  3529.53 MB free, 12207.44 MB total
[2018.06.02-15.41.37:133][  0]LogMemory: Virtual Memory: 659.34 MB used,  3529.53 MB free, 134217728.00 MB total
[2018.06.02-15.41.37:170][  0]LogInit: Using OS detected language (en-US).
[2018.06.02-15.41.37:170][  0]LogInit: Using OS detected locale (en-US).
[2018.06.02-15.41.37:172][  0]LogTextLocalizationManager: No specific localization for 'en-US' exists, so the 'en' localization will be used.
[2018.06.02-15.41.37:598][  0]LogStreaming: Display: Took  0.428s to EndInitTextLocalization.
[2018.06.02-15.41.37:598][  0]LogInit: Setting process to per monitor DPI aware
[2018.06.02-15.41.37:635][  0]LogSlate: New Slate User Created.  User Index 0, Is Virtual User: 0
[2018.06.02-15.41.37:635][  0]LogSlate: Slate User Registered.  User Index 0, Is Virtual User: 0
[2018.06.02-15.41.37:825][  0]LogD3D11RHI: D3D11 adapters:
[2018.06.02-15.41.37:900][  0]LogD3D11RHI:    0. 'NVIDIA GeForce GTX 970' (Feature Level 11_0)
[2018.06.02-15.41.37:900][  0]LogD3D11RHI:       4043/0/6103 MB DedicatedVideo/DedicatedSystem/SharedSystem, Outputs:2, VendorId:0x10de
[2018.06.02-15.41.37:904][  0]LogD3D11RHI:    1. 'Microsoft Basic Render Driver' (Feature Level 11_0)
[2018.06.02-15.41.37:904][  0]LogD3D11RHI:       0/0/6103 MB DedicatedVideo/DedicatedSystem/SharedSystem, Outputs:0, VendorId:0x1414
[2018.06.02-15.41.37:904][  0]LogD3D11RHI: Chosen D3D11 Adapter: 0
[2018.06.02-15.41.37:914][  0]LogD3D11RHI: Creating new Direct3DDevice
[2018.06.02-15.41.37:914][  0]LogD3D11RHI:     GPU DeviceId: 0x13c2 (for the marketing name, search the web for "GPU Device Id")
[2018.06.02-15.41.37:914][  0]LogWindows: EnumDisplayDevices:
[2018.06.02-15.41.37:914][  0]LogWindows:    0. 'NVIDIA GeForce GTX 970' (P:0 D:1)
[2018.06.02-15.41.37:914][  0]LogWindows:    1. 'NVIDIA GeForce GTX 970' (P:1 D:1)
[2018.06.02-15.41.37:914][  0]LogWindows:    2. 'NVIDIA GeForce GTX 970' (P:0 D:0)
[2018.06.02-15.41.37:915][  0]LogWindows:    3. 'NVIDIA GeForce GTX 970' (P:0 D:0)
[2018.06.02-15.41.37:915][  0]LogWindows: DebugString: FoundDriverCount:4 
[2018.06.02-15.41.37:915][  0]LogD3D11RHI:     Adapter Name: NVIDIA GeForce GTX 970
[2018.06.02-15.41.37:915][  0]LogD3D11RHI:   Driver Version: 397.31 (internal:24.21.13.9731, unified:397.31)
[2018.06.02-15.41.37:915][  0]LogD3D11RHI:      Driver Date: 4-22-2018
[2018.06.02-15.41.37:915][  0]LogRHI: Texture pool is 2830 MB (70% of 4043 MB)
[2018.06.02-15.41.37:957][  0]LogD3D11RHI: [Aftermath] Aftermath enabled and primed
[2018.06.02-15.41.37:957][  0]LogD3D11RHI: [Aftermath] Aftermath enabled and primed
[2018.06.02-15.41.37:957][  0]LogD3D11RHI: Async texture creation enabled
[2018.06.02-15.41.38:024][  0]LogD3D11RHI: GPU Timing Frequency: 1000.000000 (Debug: 2 2)
[2018.06.02-15.41.38:072][  0]LogShaderCompilers: Guid format shader working directory is -7 characters bigger than the processId version (../../../../../../../Projects/FPS/Extra Editors/PluginEditor/Intermediate/Shaders/WorkingDirectory/17952/).
[2018.06.02-15.41.38:072][  0]LogShaderCompilers: Cleaned the shader compiler working directory 'C:/Users/TomColdenhoff/AppData/Local/Temp/UnrealShaderWorkingDir/29A28E05405B05100FD3D6B009038C60/'.
[2018.06.02-15.41.38:268][  0]LogTemp: Display: Loaded TP AllDesktopTargetPlatform
[2018.06.02-15.41.38:281][  0]LogTemp: Display: Loaded TP MacClientTargetPlatform
[2018.06.02-15.41.38:296][  0]LogTemp: Display: Loaded TP MacNoEditorTargetPlatform
[2018.06.02-15.41.38:310][  0]LogTemp: Display: Loaded TP MacServerTargetPlatform
[2018.06.02-15.41.38:325][  0]LogTemp: Display: Loaded TP MacTargetPlatform
[2018.06.02-15.41.38:341][  0]LogTemp: Display: Loaded TP WindowsClientTargetPlatform
[2018.06.02-15.41.38:356][  0]LogTemp: Display: Loaded TP WindowsNoEditorTargetPlatform
[2018.06.02-15.41.38:370][  0]LogTemp: Display: Loaded TP WindowsServerTargetPlatform
[2018.06.02-15.41.38:377][  0]LogTemp: Display: Loaded TP WindowsTargetPlatform
[2018.06.02-15.41.38:389][  0]LogTemp: Display: Loaded TP Android_ASTCTargetPlatform
[2018.06.02-15.41.38:406][  0]LogTemp: Display: Loaded TP Android_ATCTargetPlatform
[2018.06.02-15.41.38:418][  0]LogTemp: Display: Loaded TP Android_DXTTargetPlatform
[2018.06.02-15.41.38:434][  0]LogTemp: Display: Loaded TP Android_ETC1aTargetPlatform
[2018.06.02-15.41.38:447][  0]LogTemp: Display: Loaded TP Android_ETC1TargetPlatform
[2018.06.02-15.41.38:459][  0]LogTemp: Display: Loaded TP Android_ETC2TargetPlatform
[2018.06.02-15.41.38:486][  0]LogTemp: Display: Loaded TP Android_MultiTargetPlatform
[2018.06.02-15.41.38:486][  0]LogTemp: Display: Loaded TP Android_PVRTCTargetPlatform
[2018.06.02-15.41.38:503][  0]LogTemp: Display: Loaded TP AndroidTargetPlatform
[2018.06.02-15.41.38:505][  0]LogTemp: Display: Loaded TP HTML5TargetPlatform
[2018.06.02-15.41.38:547][  0]LogTemp: Display: Loaded TP IOSTargetPlatform
[2018.06.02-15.41.38:559][  0]LogTemp: Display: Loaded TP TVOSTargetPlatform
[2018.06.02-15.41.38:574][  0]LogTemp: Display: Loaded TP LinuxClientTargetPlatform
[2018.06.02-15.41.38:591][  0]LogTemp: Display: Loaded TP LinuxNoEditorTargetPlatform
[2018.06.02-15.41.38:606][  0]LogTemp: Display: Loaded TP LinuxServerTargetPlatform
[2018.06.02-15.41.38:620][  0]LogTemp: Display: Loaded TP LinuxTargetPlatform
[2018.06.02-15.41.38:620][  0]LogTargetPlatformManager: Display: Building Assets For Windows
[2018.06.02-15.41.38:734][  0]LogXGEController: Cleaning working directory: C:/Users/TomColdenhoff/AppData/Local/Temp/UnrealXGEWorkingDir/
[2018.06.02-15.41.38:735][  0]LogXGEController: Cannot use XGE Controller as Incredibuild is not installed on this machine.
[2018.06.02-15.41.38:735][  0]LogShaderCompilers: Cannot use XGE Shader Compiler as Incredibuild is not installed on this machine.
[2018.06.02-15.41.38:735][  0]LogShaderCompilers: Display: Using Local Shader Compiler.
[2018.06.02-15.41.39:414][  0]LogDerivedDataCache: Display: Max Cache Size: 512 MB
[2018.06.02-15.41.39:506][  0]LogDerivedDataCache: Loaded boot cache 0.09s 74MB C:/Users/TomColdenhoff/AppData/Local/UnrealEngine/4.19/DerivedDataCache/Boot.ddc.
[2018.06.02-15.41.39:506][  0]LogDerivedDataCache: Display: Loaded Boot cache: C:/Users/TomColdenhoff/AppData/Local/UnrealEngine/4.19/DerivedDataCache/Boot.ddc
[2018.06.02-15.41.39:506][  0]LogDerivedDataCache: FDerivedDataBackendGraph:  Pak pak cache file ../../../../../../../Projects/FPS/Extra Editors/PluginEditor/DerivedDataCache/DDC.ddp not found, will not use a pak cache.
[2018.06.02-15.41.39:506][  0]LogDerivedDataCache: Unable to find inner node Pak for hierarchical cache Hierarchy.
[2018.06.02-15.41.39:506][  0]LogDerivedDataCache: FDerivedDataBackendGraph:  CompressedPak pak cache file ../../../../../../../Projects/FPS/Extra Editors/PluginEditor/DerivedDataCache/Compressed.ddp not found, will not use a pak cache.
[2018.06.02-15.41.39:507][  0]LogDerivedDataCache: Unable to find inner node CompressedPak for hierarchical cache Hierarchy.
[2018.06.02-15.41.39:522][  0]LogDerivedDataCache: Display: Pak cache opened for reading ../../../Engine/DerivedDataCache/Compressed.ddp.
[2018.06.02-15.41.39:535][  0]LogDerivedDataCache: Using Local data cache path C:/Users/TomColdenhoff/AppData/Local/UnrealEngine/Common/DerivedDataCache: Writable
[2018.06.02-15.41.39:535][  0]LogDerivedDataCache: Shared data cache path not found in *engine.ini, will not use an Shared cache.
[2018.06.02-15.41.39:535][  0]LogDerivedDataCache: Unable to find inner node Shared for hierarchical cache Hierarchy.
[2018.06.02-15.41.39:548][  0]LogMaterial: Verifying Global Shaders for PCD3D_SM5
[2018.06.02-15.41.39:548][  0]LogSlate: Using Freetype 2.6.0
[2018.06.02-15.41.39:549][  0]LogSlate: SlateFontCache - WITH_FREETYPE: 1, WITH_HARFBUZZ: 1
[2018.06.02-15.41.39:549][  0]LogSlate: SlateFontCache - WITH_FREETYPE: 1, WITH_HARFBUZZ: 1
[2018.06.02-15.41.39:656][  0]LogAssetRegistry: FAssetRegistry took 0.0278 seconds to start up
[2018.06.02-15.41.39:938][  0]LogInit: Selected Device Profile: [Windows]
[2018.06.02-15.41.40:079][  0]LogSimplygon: Simplygon DLL not present - disabling.
[2018.06.02-15.41.40:082][  0]LogMeshReduction: Using SimplygonSwarm for distributed automatic mesh merging
[2018.06.02-15.41.40:082][  0]LogMeshReduction: Using QuadricMeshReduction for automatic static mesh reduction
[2018.06.02-15.41.40:082][  0]LogMeshReduction: No automatic skeletal mesh reduction module available
[2018.06.02-15.41.40:082][  0]LogMeshReduction: No automatic mesh merging module available
[2018.06.02-15.41.40:082][  0]LogMeshMerging: No automatic mesh merging module available
[2018.06.02-15.41.40:114][  0]LogNetVersion: PluginEditor , NetCL: 3944462, EngineNetVer: 2, GameNetVer: 0 (Checksum: 562135834)
[2018.06.02-15.41.40:507][  0]LogPackageLocalizationCache: Processed 9 localized package path(s) for 2 prioritized culture(s) in 0.064043 seconds
[2018.06.02-15.41.40:513][  0]LogUObjectArray: 36728 objects as part of root set at end of initial load.
[2018.06.02-15.41.40:513][  0]LogUObjectAllocator: 7314312 out of 0 bytes used by permanent object pool.
[2018.06.02-15.41.40:513][  0]LogUObjectArray: CloseDisregardForGC: 0/0 objects in disregard for GC pool
[2018.06.02-15.41.42:024][  0]LogTcpMessaging: Initializing TcpMessaging bridge
[2018.06.02-15.41.42:051][  0]LogUdpMessaging: Initializing bridge on interface 0.0.0.0:0 to multicast group 230.0.0.1:6666.
[2018.06.02-15.41.42:375][  0]SourceControl: Source control is disabled
[2018.06.02-15.41.42:376][  0]SourceControl: Source control is disabled
[2018.06.02-15.41.42:388][  0]SourceControl: Source control is disabled
[2018.06.02-15.41.42:401][  0]SourceControl: Source control is disabled
[2018.06.02-15.41.42:802][  0]LogAndroidPermission: UAndroidPermissionCallbackProxy::GetInstance
[2018.06.02-15.41.42:939][  0]LogOcInput: OculusInput pre-init called
[2018.06.02-15.41.43:929][  0]LogEngine: Initializing Engine...
[2018.06.02-15.41.43:930][  0]LogHMD: Failed to initialize OpenVR with code 110
[2018.06.02-15.41.43:932][  0]LogStats: UGameplayTagsManager::ConstructGameplayTagTree: Construct from data asset -  0.000 s
[2018.06.02-15.41.43:932][  0]LogStats: UGameplayTagsManager::ConstructGameplayTagTree: GameplayTagTreeChangedEvent.Broadcast -  0.000 s
[2018.06.02-15.41.44:147][  0]LogAIModule: Creating AISystem for world Untitled
[2018.06.02-15.41.44:179][  0]LogInit: XAudio2 using 'Speakers (Logitech G35 Headset)' : 2 channels at 44.1 kHz using 16 bits per sample (channel mask 0x3)
[2018.06.02-15.41.44:192][  0]LogInit: FAudioDevice initialized.
[2018.06.02-15.41.44:344][  0]LogDerivedDataCache: Saved boot cache 0.15s 74MB C:/Users/TomColdenhoff/AppData/Local/UnrealEngine/4.19/DerivedDataCache/Boot.ddc.
[2018.06.02-15.41.44:357][  0]LogInit: Texture streaming: Enabled
[2018.06.02-15.41.44:376][  0]LogEngineSessionManager: EngineSessionManager initialized
[2018.06.02-15.41.44:384][  0]LogInit: Transaction tracking system initialized
[2018.06.02-15.41.44:410][  0]BlueprintLog: New page: Editor Load
[2018.06.02-15.41.44:494][  0]LocalizationService: Localization service is disabled
[2018.06.02-15.41.44:595][  0]LogConsoleResponse: Display: 
[2018.06.02-15.41.44:717][  0]LogCook: Display: Max memory allowance for cook 16384mb min free memory 0mb
[2018.06.02-15.41.44:717][  0]LogFileCache: Scanning file cache for directory 'E:/Projects/FPS/Extra Editors/PluginEditor/Content/' took 0.01s
[2018.06.02-15.41.44:717][  0]LogCook: Display: Mobile HDR setting 1
[2018.06.02-15.41.44:717][  0]LogGameplayTags: Display: UGameplayTagsManager::DoneAddingNativeTags. DelegateIsBound: 0
[2018.06.02-15.41.44:718][  0]LogStats: UGameplayTagsManager::ConstructGameplayTagTree: Construct from data asset -  0.000 s
[2018.06.02-15.41.44:718][  0]LogStats: UGameplayTagsManager::ConstructGameplayTagTree: GameplayTagTreeChangedEvent.Broadcast -  0.000 s
[2018.06.02-15.41.45:016][  0]SourceControl: Source control is disabled
[2018.06.02-15.41.45:016][  0]Cmd: MAP LOAD FILE="../../../Engine/Content/Maps/Templates/Template_Default.umap" TEMPLATE=1 SHOWPROGRESS=1 FEATURELEVEL=3
[2018.06.02-15.41.45:016][  0]LightingResults: New page: Lighting Build
[2018.06.02-15.41.45:019][  0]MapCheck: New page: Map Check
[2018.06.02-15.41.45:019][  0]LightingResults: New page: Lighting Build
[2018.06.02-15.41.45:201][  0]LogAIModule: Creating AISystem for world Untitled_1
[2018.06.02-15.41.45:211][  0]LogEditorServer: Finished looking for orphan Actors (0.000 secs)
[2018.06.02-15.41.45:222][  0]Cmd: MAP CHECKDEP NOCLEARLOG
[2018.06.02-15.41.45:255][  0]MapCheck: Map check complete: 0 Error(s), 0 Warning(s), took 33.082ms to complete.
[2018.06.02-15.41.45:255][  0]LogFileHelpers: Loading map 'Template_Default' took 0.239
[2018.06.02-15.41.45:326][  0]LogWindowsTextInputMethodSystem: Display: IME system now deactivated.
[2018.06.02-15.41.45:408][  0]LogCollectionManager: Loaded 0 collections in 0.001411 seconds
[2018.06.02-15.41.45:454][  0]LogFileCache: Scanning file cache for directory 'E:/Projects/FPS/Extra Editors/PluginEditor/Saved/Collections/' took 0.01s
[2018.06.02-15.41.45:455][  0]LogFileCache: Scanning file cache for directory 'E:/Projects/FPS/Extra Editors/PluginEditor/Content/Developers/TomColdenhoff/Collections/' took 0.01s
[2018.06.02-15.41.45:455][  0]LogFileCache: Scanning file cache for directory 'E:/Projects/FPS/Extra Editors/PluginEditor/Content/Collections/' took 0.01s
[2018.06.02-15.41.45:455][  0]LogCollectionManager: Rebuilt the GUID cache for 0 collections in 0.000000 seconds
[2018.06.02-15.41.45:464][  0]LogContentBrowser: Native class hierarchy populated in 0.0090 seconds. Added 2454 classes and 562 folders.
[2018.06.02-15.41.45:470][  0]LogContentBrowser: Native class hierarchy updated for 'WidgetCarousel' in 0.0011 seconds. Added 0 classes and 0 folders.
[2018.06.02-15.41.45:503][  0]LogContentBrowser: Native class hierarchy updated for 'AddContentDialog' in 0.0010 seconds. Added 0 classes and 0 folders.
[2018.06.02-15.41.45:511][  0]LogContentBrowser: Native class hierarchy updated for 'SceneOutliner' in 0.0009 seconds. Added 1 classes and 2 folders.
[2018.06.02-15.41.45:529][  0]LogSlate: Took 0.000221 seconds to synchronously load lazily loaded font '../../../Engine/Content/Slate/Fonts/Roboto-Regular.ttf' (155K)
[2018.06.02-15.41.45:532][  0]LogSlate: Took 0.000219 seconds to synchronously load lazily loaded font '../../../Engine/Content/Slate/Fonts/Roboto-Bold.ttf' (160K)
[2018.06.02-15.41.45:540][  0]LogSlate: Took 0.000227 seconds to synchronously load lazily loaded font '../../../Engine/Content/Editor/Slate/Fonts/FontAwesome.ttf' (139K)
[2018.06.02-15.41.45:655][  0]LogRenderer: Reallocating scene render targets to support 1208x576 Format 10 NumSamples 1 (Frame:1).
[2018.06.02-15.41.45:794][  0]LogContentBrowser: Native class hierarchy updated for 'HierarchicalLODOutliner' in 0.0009 seconds. Added 0 classes and 0 folders.
[2018.06.02-15.41.45:795][  0]LogLoad: (Engine Initialization) Total time: 11.07 seconds
[2018.06.02-15.41.45:795][  0]LogLoad: (Engine Initialization) Total Blueprint compile time: 0.00 seconds
[2018.06.02-15.41.45:825][  0]LogContentStreaming: Texture pool size now 1000 MB
[2018.06.02-15.41.45:890][  0]LogSlate: Took 0.000132 seconds to synchronously load lazily loaded font '../../../Engine/Content/Slate/Fonts/Roboto-Light.ttf' (167K)
[2018.06.02-15.41.45:902][  1]LogAssetRegistry: Asset discovery search completed in 6.2702 seconds
[2018.06.02-15.41.45:904][  1]LogCollectionManager: Rebuilt the object cache for 0 collections in 0.000001 seconds (found 0 objects)
[2018.06.02-15.41.45:904][  1]LogCollectionManager: Fixed up redirectors for 0 collections in 0.000169 seconds (updated 0 objects)
[2018.06.02-15.42.03:196][ 70]LogSlate: FSceneViewport::OnFocusLost() reason 0
[2018.06.02-15.42.03:320][ 82]LogActorFactory: Actor Factory created Cube
[2018.06.02-15.42.03:721][128]LogActorFactory: Actor Factory created Cube
[2018.06.02-15.42.14:498][401]LogSlate: FSceneViewport::OnFocusLost() reason 2
[2018.06.02-15.42.16:100][581]LogSlate: FSceneViewport::OnFocusLost() reason 2
[2018.06.02-15.42.21:123][ 44]LogSlate: Took 0.000127 seconds to synchronously load lazily loaded font '../../../Engine/Content/Slate/Fonts/DroidSansMono.ttf' (77K)
[2018.06.02-15.42.22:195][167]LogTemp: Warning: Selected Actor Name: Cube_2
[2018.06.02-15.42.22:195][167]LogTemp: Warning: Selected Actor Size: X=100.000 Y=300.000 Z=100.000
[2018.06.02-15.42.22:195][167]LogTemp: Warning: Selected Actor Size: X=-120.000 Y=-130.000 Z=70.000
[2018.06.02-15.42.58:783][539]Cmd: SELECT NONE
[2018.06.02-15.49.44:499][142]LogSlate: FSceneViewport::OnFocusLost() reason 0
[2018.06.02-15.51.03:238][666]LogSlate: Took 0.000202 seconds to synchronously load lazily loaded font '../../../Engine/Content/Slate/Fonts/Roboto-Light.ttf' (167K)
[2018.06.02-15.51.03:304][666]LogFactory: FactoryCreateFile: StaticMesh with FbxFactory (0 0 ../../../../../../../Projects/FPS/External_Resources/Remaining Models/locker/source/locker_fin.fbx)
[2018.06.02-15.51.03:434][666]LogFbx: ItemName: GlobalSettings, ItemCount : 1
[2018.06.02-15.51.03:434][666]LogFbx: ItemName: Geometry, ItemCount : 1
[2018.06.02-15.51.03:434][666]LogFbx: ItemName: Model, ItemCount : 1
[2018.06.02-15.51.03:434][666]LogFbx: ItemName: Material, ItemCount : 1
[2018.06.02-15.51.03:440][666]LogFbx: Loading FBX Scene from ../../../../../../../Projects/FPS/External_Resources/Remaining Models/locker/source/locker_fin.fbx
[2018.06.02-15.51.03:449][666]LogFbx: FBX Scene Loaded Succesfully
[2018.06.02-15.51.07:474][666]LogSlate: Window 'FBX Import Options' being destroyed
[2018.06.02-15.51.07:569][666]LogFbx: Loading FBX Scene from ../../../../../../../Projects/FPS/External_Resources/Remaining Models/locker/source/locker_fin.fbx
[2018.06.02-15.51.07:577][666]LogFbx: FBX Scene Loaded Succesfully
[2018.06.02-15.51.07:667][666]LogMaterial: Missing cached shader map for material locker__001__mat, compiling. 
[2018.06.02-15.51.07:799][666]LogShaderCompilers: Display: Shaders left to compile 22
[2018.06.02-15.51.07:799][666]LogShaderCompilers: Display: Shaders left to compile 12
[2018.06.02-15.51.07:800][666]LogShaderCompilers: Display: Shaders left to compile 2
[2018.06.02-15.51.07:800][666]LogFbx: Warning: Triangulating static mesh locker_final.004
[2018.06.02-15.51.07:978][666]LogStaticMesh: Building static mesh locker_fin...
[2018.06.02-15.51.08:126][666]LogStaticMesh: Built static mesh [0.15s] /Game/locker_fin.locker_fin
[2018.06.02-15.51.08:254][666]FBXImport: Warning: No smoothing group information was found in this FBX scene.  Please make sure to enable the 'Export Smoothing Groups' option in the FBX Exporter plug-in before exporting the file.  Even for tools that don't support smoothing groups, the FBX Exporter will generate appropriate smoothing data at export-time so that correct vertex normals can be inferred while importing. 
[2018.06.02-15.51.10:451][867]LogSlate: Window 'Message Log' being destroyed
[2018.06.02-15.51.10:455][867]LogSlate: Window 'Message Log' being destroyed
[2018.06.02-15.51.11:320][959]LogActorFactory: Actor Factory created locker_fin
[2018.06.02-15.51.16:570][577]LogActorFactory: Actor Factory created locker_fin
[2018.06.02-15.51.17:554][685]Cmd: CAMERA ALIGN ACTIVEVIEWPORTONLY
[2018.06.02-15.51.25:813][647]LogEditorViewport: Clicking on Actor (LMB): BP_Sky_Sphere_C (Sky Sphere)
[2018.06.02-15.51.26:346][697]LogEditorViewport: Clicking on Actor (LMB): StaticMeshActor (locker_fin)
[2018.06.02-15.51.33:345][518]LogSlate: FSceneViewport::OnFocusLost() reason 0
[2018.06.02-15.51.34:668][675]LogTemp: Warning: Selected Actor Name: locker_fin_5
[2018.06.02-15.51.34:668][675]LogTemp: Warning: Selected Actor Size: X=217.907 Y=52.694 Z=204.715
[2018.06.02-15.51.34:668][675]LogTemp: Warning: Selected Actor Size: X=-277.985 Y=-340.133 Z=127.266
[2018.06.02-15.52.20:770][177]LogSlate: FSceneViewport::OnFocusLost() reason 2
[2018.06.02-15.52.20:859][177]Cmd: OBJ SAVEPACKAGE PACKAGE="/Temp/Untitled_1" FILE="../../../../../../../Projects/FPS/Extra Editors/PluginEditor/Saved/Autosaves/Temp/Untitled_1_Auto1.umap" SILENT=true AUTOSAVING=true KEEPDIRTY=false
[2018.06.02-15.52.20:888][177]LogSavePackage: Save=27.72ms
[2018.06.02-15.52.20:888][177]LogSavePackage: Moving '../../../../../../../Projects/FPS/Extra Editors/PluginEditor/Saved/Untitled_1_Auto1A67BDBAE45D91D88CD8E39BB116DC546.tmp' to '../../../../../../../Projects/FPS/Extra Editors/PluginEditor/Saved/Autosaves/Temp/Untitled_1_Auto1.umap'
[2018.06.02-15.52.20:890][177]LogSavePackage: Display: Finished SavePackage ../../../../../../../Projects/FPS/Extra Editors/PluginEditor/Saved/Autosaves/Temp/Untitled_1_Auto1.umap
[2018.06.02-15.52.20:892][177]LogFileHelpers: Editor autosave (incl. sublevels) for '/Temp/Untitled_1' took 0.090
[2018.06.02-15.52.20:892][177]LogFileHelpers: Editor autosave (incl. sublevels) for all levels took 0.090
[2018.06.02-15.52.20:896][177]OBJ SavePackage: Generating thumbnails for [1] asset(s) in package [/Game/locker_fin] ([1] browsable assets)...
[2018.06.02-15.52.20:916][177]OBJ SavePackage:     Rendered thumbnail for [StaticMesh /Game/locker_fin.locker_fin]
[2018.06.02-15.52.20:917][177]OBJ SavePackage: Finished generating thumbnails for package [/Game/locker_fin]
[2018.06.02-15.52.20:917][177]Cmd: OBJ SAVEPACKAGE PACKAGE="/Game/locker_fin" FILE="../../../../../../../Projects/FPS/Extra Editors/PluginEditor/Saved/Autosaves/Game/locker_fin_Auto1.uasset" SILENT=false AUTOSAVING=true
[2018.06.02-15.52.20:963][177]LogSavePackage: Save=43.62ms
[2018.06.02-15.52.20:963][177]LogSavePackage: Moving '../../../../../../../Projects/FPS/Extra Editors/PluginEditor/Saved/locker_fin_Auto178217B44412B65B43EB3279D705F390D.tmp' to '../../../../../../../Projects/FPS/Extra Editors/PluginEditor/Saved/Autosaves/Game/locker_fin_Auto1.uasset'
[2018.06.02-15.52.20:964][177]LogSavePackage: Display: Finished SavePackage ../../../../../../../Projects/FPS/Extra Editors/PluginEditor/Saved/Autosaves/Game/locker_fin_Auto1.uasset
[2018.06.02-15.52.20:965][177]OBJ SavePackage: Generating thumbnails for [1] asset(s) in package [/Game/locker__001__mat] ([1] browsable assets)...
[2018.06.02-15.52.20:977][177]OBJ SavePackage:     Rendered thumbnail for [Material /Game/locker__001__mat.locker__001__mat]
[2018.06.02-15.52.20:977][177]OBJ SavePackage: Finished generating thumbnails for package [/Game/locker__001__mat]
[2018.06.02-15.52.20:978][177]Cmd: OBJ SAVEPACKAGE PACKAGE="/Game/locker__001__mat" FILE="../../../../../../../Projects/FPS/Extra Editors/PluginEditor/Saved/Autosaves/Game/locker__001__mat_Auto1.uasset" SILENT=false AUTOSAVING=true
[2018.06.02-15.52.21:004][177]LogSavePackage: Save=24.35ms
[2018.06.02-15.52.21:005][177]LogSavePackage: Moving '../../../../../../../Projects/FPS/Extra Editors/PluginEditor/Saved/locker__001__mat_Auto119A6A2C5460E7691CD6BF3BD51957C50.tmp' to '../../../../../../../Projects/FPS/Extra Editors/PluginEditor/Saved/Autosaves/Game/locker__001__mat_Auto1.uasset'
[2018.06.02-15.52.21:006][177]LogSavePackage: Display: Finished SavePackage ../../../../../../../Projects/FPS/Extra Editors/PluginEditor/Saved/Autosaves/Game/locker__001__mat_Auto1.uasset
[2018.06.02-15.52.21:006][177]LogFileHelpers: Auto-saving content packages took 0.111
[2018.06.02-16.14.59:735][399]LogSlate: FSceneViewport::OnFocusLost() reason 0
[2018.06.02-16.15.24:622][482]Cmd: OBJ SAVEPACKAGE PACKAGE="/Temp/Untitled_1" FILE="../../../../../../../Projects/FPS/Extra Editors/PluginEditor/Saved/Autosaves/Temp/Untitled_1_Auto2.umap" SILENT=true AUTOSAVING=true KEEPDIRTY=false
[2018.06.02-16.15.24:648][482]LogSavePackage: Save=25.13ms
[2018.06.02-16.15.24:648][482]LogSavePackage: Moving '../../../../../../../Projects/FPS/Extra Editors/PluginEditor/Saved/Untitled_1_Auto23EE20630451BF4035AFD478FC68CFBDC.tmp' to '../../../../../../../Projects/FPS/Extra Editors/PluginEditor/Saved/Autosaves/Temp/Untitled_1_Auto2.umap'
[2018.06.02-16.15.24:649][482]LogSavePackage: Display: Finished SavePackage ../../../../../../../Projects/FPS/Extra Editors/PluginEditor/Saved/Autosaves/Temp/Untitled_1_Auto2.umap
[2018.06.02-16.15.24:651][482]LogFileHelpers: Editor autosave (incl. sublevels) for '/Temp/Untitled_1' took 0.104
[2018.06.02-16.15.24:652][482]LogFileHelpers: Editor autosave (incl. sublevels) for all levels took 0.104
[2018.06.02-16.23.18:516][905]LogHttp: Warning: 000001E6EBFD1900: request failed, libcurl error: 6 (Couldn't resolve host name)
[2018.06.02-16.23.18:517][905]LogHttp: Warning: 000001E6EBFD1900: libcurl info message cache 0 (Found bundle for host datarouter.ol.epicgames.com: 0x1e6ec92bfb8 [can pipeline])
[2018.06.02-16.23.18:519][905]LogHttp: Warning: 000001E6EBFD1900: libcurl info message cache 1 (Re-using existing connection! (#7) with host datarouter.ol.epicgames.com)
[2018.06.02-16.23.18:521][905]LogHttp: Warning: 000001E6EBFD1900: libcurl info message cache 2 (Connected to datarouter.ol.epicgames.com (34.232.103.5) port 443 (#7))
[2018.06.02-16.23.18:522][905]LogHttp: Warning: 000001E6EBFD1900: libcurl info message cache 3 (upload completely sent off: 354 out of 354 bytes)
[2018.06.02-16.23.18:523][905]LogHttp: Warning: 000001E6EBFD1900: libcurl info message cache 4 (SSL read: error:00000000:lib(0):func(0):reason(0), errno 10054)
[2018.06.02-16.23.18:524][905]LogHttp: Warning: 000001E6EBFD1900: libcurl info message cache 5 (Connection died, retrying a fresh connect)
[2018.06.02-16.23.18:525][905]LogHttp: Warning: 000001E6EBFD1900: libcurl info message cache 6 (Closing connection 7)
[2018.06.02-16.23.18:526][905]LogHttp: Warning: 000001E6EBFD1900: libcurl info message cache 7 (Issue another request to this URL: 'https://datarouter.ol.epicgames.com/datarouter/api/v1/public/data?SessionID=%7B817D13A7-424F-A251-1B83-9180C7D9AF1D%7D&AppID=UEEditor.Rocket.Release&AppVersion=4.19.2-4033788%2B%2B%2BUE4%2BRelease-4.19&UserID=531ab3bb46dc6d570e8919a9b159b127%7C5ab92ee991c446c5b0f18c9a8a0db87d%7C75b9ec88-24f5-49ea-b159-dfbc7c28fd38&AppEnvironment=datacollector-binary&UploadType=eteventstream')
[2018.06.02-16.23.18:530][905]LogHttp: Warning: 000001E6EBFD1900: libcurl info message cache 8 (Could not resolve host: datarouter.ol.epicgames.com)
[2018.06.02-16.23.18:531][905]LogHttp: Warning: 000001E6EBFD1900: libcurl info message cache 9 (Closing connection 8)
