Log file open, 05/28/18 14:37:30
LogWindows: Failed to load 'aqProf.dll' (GetLastError=126)
LogWindows: File 'aqProf.dll' does not exist
LogWindows: Failed to load 'VtuneApi.dll' (GetLastError=126)
LogWindows: File 'VtuneApi.dll' does not exist
LogWindows: Failed to load 'VtuneApi32e.dll' (GetLastError=126)
LogWindows: File 'VtuneApi32e.dll' does not exist
LogInit: Display: Running engine for game: FPS
LogPlatformFile: Not using cached read wrapper
LogInit: Display: RandInit(-1128550409) SRandInit(-1128550409).
LogInit: Read version file with build ID '3944462'
LogInit: Overriding engine version to CL 4033788, compatible CL 3944462
LogInit: Registered custom module enumerator with build ID '3944462'
LogTaskGraph: Started task graph with 5 named threads and 23 total threads with 3 sets of task threads.
LogStats: Stats thread started at 0.304097
LogD3D11RHI: Aftermath initialized
LogICUInternationalization: Display: ICU TimeZone Detection - Raw Offset: +1:00, Platform Override: ''
LogPluginManager: Mounting plugin Paper2D
LogPluginManager: Mounting plugin LiveLink
LogPluginManager: Mounting plugin LightPropagationVolume
LogPluginManager: Mounting plugin CLionSourceCodeAccess
LogPluginManager: Mounting plugin CodeLiteSourceCodeAccess
LogPluginManager: Mounting plugin GitSourceControl
LogPluginManager: Mounting plugin KDevelopSourceCodeAccess
LogPluginManager: Mounting plugin NullSourceCodeAccess
LogPluginManager: Mounting plugin PerforceSourceControl
LogPluginManager: Mounting plugin SubversionSourceControl
LogPluginManager: Mounting plugin UObjectPlugin
LogPluginManager: Mounting plugin VisualStudioCodeSourceCodeAccess
LogPluginManager: Mounting plugin VisualStudioSourceCodeAccess
LogPluginManager: Mounting plugin XCodeSourceCodeAccess
LogPluginManager: Mounting plugin AssetManagerEditor
LogPluginManager: Mounting plugin CryptoKeys
LogPluginManager: Mounting plugin DataValidation
LogPluginManager: Mounting plugin FacialAnimation
LogPluginManager: Mounting plugin GameplayTagsEditor
LogPluginManager: Mounting plugin MobileLauncherProfileWizard
LogPluginManager: Mounting plugin PluginBrowser
LogPluginManager: Mounting plugin SpeedTreeImporter
LogPluginManager: Mounting plugin DatasmithContent
LogPluginManager: Mounting plugin AlembicImporter
LogPluginManager: Mounting plugin CharacterAI
LogPluginManager: Mounting plugin HTML5Networking
LogPluginManager: Mounting plugin AndroidMedia
LogPluginManager: Mounting plugin AvfMedia
LogPluginManager: Mounting plugin ImgMedia
LogPluginManager: Mounting plugin LinearTimecode
LogPluginManager: Mounting plugin MediaCompositing
LogPluginManager: Mounting plugin MediaPlayerEditor
LogPluginManager: Mounting plugin WmfMedia
LogPluginManager: Mounting plugin TcpMessaging
LogPluginManager: Mounting plugin UdpMessaging
LogPluginManager: Mounting plugin ActorSequence
LogPluginManager: Mounting plugin LevelSequenceEditor
LogPluginManager: Mounting plugin MatineeToLevelSequence
LogPluginManager: Mounting plugin NetcodeUnitTest
LogPluginManager: Mounting plugin NUTUnrealEngine4
LogPluginManager: Mounting plugin OnlineSubsystemGooglePlay
LogPluginManager: Mounting plugin OnlineSubsystemIOS
LogPluginManager: Mounting plugin OnlineSubsystem
LogPluginManager: Mounting plugin OnlineSubsystemNull
LogPluginManager: Mounting plugin OnlineSubsystemUtils
LogPluginManager: Mounting plugin AndroidDeviceProfileSelector
LogPluginManager: Mounting plugin AndroidMoviePlayer
LogPluginManager: Mounting plugin AndroidPermission
LogPluginManager: Mounting plugin AppleARKit
LogPluginManager: Mounting plugin AppleMoviePlayer
LogPluginManager: Mounting plugin ArchVisCharacter
LogPluginManager: Mounting plugin AudioCapture
LogPluginManager: Mounting plugin CableComponent
LogPluginManager: Mounting plugin CustomMeshComponent
LogPluginManager: Mounting plugin ExampleDeviceProfileSelector
LogPluginManager: Mounting plugin GoogleCloudMessaging
LogPluginManager: Mounting plugin ImmediatePhysics
LogPluginManager: Mounting plugin IOSDeviceProfileSelector
LogPluginManager: Mounting plugin LinuxDeviceProfileSelector
LogPluginManager: Mounting plugin LocationServicesBPLibrary
LogPluginManager: Mounting plugin MobilePatchingUtils
LogPluginManager: Mounting plugin OculusVR
LogPluginManager: Plugin shader directory ../../../Engine/Plugins/Runtime/Oculus/OculusVR/Shaders found
LogPluginManager: Mapping shader source directory ../../../Engine/Plugins/Runtime/Oculus/OculusVR/Shaders to virtual directory /Plugin/OculusVR
LogPluginManager: Mounting plugin PhysXVehicles
LogPluginManager: Mounting plugin ProceduralMeshComponent
LogPluginManager: Mounting plugin RuntimePhysXCooking
LogPluginManager: Mounting plugin SteamVR
LogPluginManager: Mounting plugin WindowsMoviePlayer
LogStreaming: Display: Took  0.073s to configure plugins.
LogModuleManager: Display: Found up-to-date module file ../../../../../SpareTime/Unreal/FPS/FPS/Binaries/Win64/UE4Editor-FPS-6975.dll (API version 3944462).
LogModuleManager: Display: Found up-to-date module file ../../../Engine/Plugins/2D/Paper2D/Binaries/Win64/UE4Editor-Paper2D.dll (API version 3944462).
LogModuleManager: Display: Found up-to-date module file ../../../Engine/Plugins/2D/Paper2D/Binaries/Win64/UE4Editor-Paper2DEditor.dll (API version 3944462).
LogModuleManager: Display: Found up-to-date module file ../../../Engine/Plugins/2D/Paper2D/Binaries/Win64/UE4Editor-PaperSpriteSheetImporter.dll (API version 3944462).
LogModuleManager: Display: Found up-to-date module file ../../../Engine/Plugins/2D/Paper2D/Binaries/Win64/UE4Editor-PaperTiledImporter.dll (API version 3944462).
LogModuleManager: Display: Found up-to-date module file ../../../Engine/Plugins/2D/Paper2D/Binaries/Win64/UE4Editor-SmartSnapping.dll (API version 3944462).
LogModuleManager: Display: Found up-to-date module file ../../../Engine/Plugins/Animation/LiveLink/Binaries/Win64/UE4Editor-LiveLink.dll (API version 3944462).
LogModuleManager: Display: Found up-to-date module file ../../../Engine/Plugins/Animation/LiveLink/Binaries/Win64/UE4Editor-LiveLinkEditor.dll (API version 3944462).
LogModuleManager: Display: Found up-to-date module file ../../../Engine/Plugins/Blendables/LightPropagationVolume/Binaries/Win64/UE4Editor-LightPropagationVolumeRuntime.dll (API version 3944462).
LogModuleManager: Display: Found up-to-date module file ../../../Engine/Plugins/Blendables/LightPropagationVolume/Binaries/Win64/UE4Editor-LightPropagationVolumeEditor.dll (API version 3944462).
LogModuleManager: Display: Found up-to-date module file ../../../Engine/Plugins/Developer/CLionSourceCodeAccess/Binaries/Win64/UE4Editor-CLionSourceCodeAccess.dll (API version 3944462).
LogModuleManager: Display: Found up-to-date module file ../../../Engine/Plugins/Developer/GitSourceControl/Binaries/Win64/UE4Editor-GitSourceControl.dll (API version 3944462).
LogModuleManager: Display: Found up-to-date module file ../../../Engine/Plugins/Developer/PerforceSourceControl/Binaries/Win64/UE4Editor-PerforceSourceControl.dll (API version 3944462).
LogModuleManager: Display: Found up-to-date module file ../../../Engine/Plugins/Developer/SubversionSourceControl/Binaries/Win64/UE4Editor-SubversionSourceControl.dll (API version 3944462).
LogModuleManager: Display: Found up-to-date module file ../../../Engine/Plugins/Developer/UObjectPlugin/Binaries/Win64/UE4Editor-UObjectPlugin.dll (API version 3944462).
LogModuleManager: Display: Found up-to-date module file ../../../Engine/Plugins/Developer/VisualStudioCodeSourceCodeAccess/Binaries/Win64/UE4Editor-VisualStudioCodeSourceCodeAccess.dll (API version 3944462).
LogModuleManager: Display: Found up-to-date module file ../../../Engine/Plugins/Developer/VisualStudioSourceCodeAccess/Binaries/Win64/UE4Editor-VisualStudioSourceCodeAccess.dll (API version 3944462).
LogModuleManager: Display: Found up-to-date module file ../../../Engine/Plugins/Editor/AssetManagerEditor/Binaries/Win64/UE4Editor-AssetManagerEditor.dll (API version 3944462).
LogModuleManager: Display: Found up-to-date module file ../../../Engine/Plugins/Editor/CryptoKeys/Binaries/Win64/UE4Editor-CryptoKeys.dll (API version 3944462).
LogModuleManager: Display: Found up-to-date module file ../../../Engine/Plugins/Editor/CryptoKeys/Binaries/Win64/UE4Editor-CryptoKeysOpenSSL.dll (API version 3944462).
LogModuleManager: Display: Found up-to-date module file ../../../Engine/Plugins/Editor/DataValidation/Binaries/Win64/UE4Editor-DataValidation.dll (API version 3944462).
LogModuleManager: Display: Found up-to-date module file ../../../Engine/Plugins/Editor/FacialAnimation/Binaries/Win64/UE4Editor-FacialAnimation.dll (API version 3944462).
LogModuleManager: Display: Found up-to-date module file ../../../Engine/Plugins/Editor/FacialAnimation/Binaries/Win64/UE4Editor-FacialAnimationEditor.dll (API version 3944462).
LogModuleManager: Display: Found up-to-date module file ../../../Engine/Plugins/Editor/GameplayTagsEditor/Binaries/Win64/UE4Editor-GameplayTagsEditor.dll (API version 3944462).
LogModuleManager: Display: Found up-to-date module file ../../../Engine/Plugins/Editor/MobileLauncherProfileWizard/Binaries/Win64/UE4Editor-MobileLauncherProfileWizard.dll (API version 3944462).
LogModuleManager: Display: Found up-to-date module file ../../../Engine/Plugins/Editor/PluginBrowser/Binaries/Win64/UE4Editor-PluginBrowser.dll (API version 3944462).
LogModuleManager: Display: Found up-to-date module file ../../../Engine/Plugins/Editor/SpeedTreeImporter/Binaries/Win64/UE4Editor-SpeedTreeImporter.dll (API version 3944462).
LogModuleManager: Display: Found up-to-date module file ../../../Engine/Plugins/Enterprise/DatasmithContent/Binaries/Win64/UE4Editor-DatasmithContent.dll (API version 3944462).
LogModuleManager: Display: Found up-to-date module file ../../../Engine/Plugins/Experimental/AlembicImporter/Binaries/Win64/UE4Editor-AlembicImporter.dll (API version 3944462).
LogModuleManager: Display: Found up-to-date module file ../../../Engine/Plugins/Experimental/AlembicImporter/Binaries/Win64/UE4Editor-AlembicLibrary.dll (API version 3944462).
LogModuleManager: Display: Found up-to-date module file ../../../Engine/Plugins/Experimental/CharacterAI/Binaries/Win64/UE4Editor-CharacterAI.dll (API version 3944462).
LogModuleManager: Display: Found up-to-date module file ../../../Engine/Plugins/Experimental/HTML5Networking/Binaries/Win64/UE4Editor-HTML5Networking.dll (API version 3944462).
LogModuleManager: Display: Found up-to-date module file ../../../Engine/Plugins/Media/AndroidMedia/Binaries/Win64/UE4Editor-AndroidMediaEditor.dll (API version 3944462).
LogModuleManager: Display: Found up-to-date module file ../../../Engine/Plugins/Media/AndroidMedia/Binaries/Win64/UE4Editor-AndroidMediaFactory.dll (API version 3944462).
LogModuleManager: Display: Found up-to-date module file ../../../Engine/Plugins/Media/AvfMedia/Binaries/Win64/UE4Editor-AvfMediaEditor.dll (API version 3944462).
LogModuleManager: Display: Found up-to-date module file ../../../Engine/Plugins/Media/AvfMedia/Binaries/Win64/UE4Editor-AvfMediaFactory.dll (API version 3944462).
LogModuleManager: Display: Found up-to-date module file ../../../Engine/Plugins/Media/AvfMedia/Binaries/Win64/UE4Editor-AvfMediaFactory.dll (API version 3944462).
LogModuleManager: Display: Found up-to-date module file ../../../Engine/Plugins/Media/ImgMedia/Binaries/Win64/UE4Editor-ImgMedia.dll (API version 3944462).
LogModuleManager: Display: Found up-to-date module file ../../../Engine/Plugins/Media/ImgMedia/Binaries/Win64/UE4Editor-ImgMediaEditor.dll (API version 3944462).
LogModuleManager: Display: Found up-to-date module file ../../../Engine/Plugins/Media/ImgMedia/Binaries/Win64/UE4Editor-ImgMediaFactory.dll (API version 3944462).
LogModuleManager: Display: Found up-to-date module file ../../../Engine/Plugins/Media/ImgMedia/Binaries/Win64/UE4Editor-ImgMediaFactory.dll (API version 3944462).
LogModuleManager: Display: Found up-to-date module file ../../../Engine/Plugins/Media/ImgMedia/Binaries/Win64/UE4Editor-OpenExrWrapper.dll (API version 3944462).
LogModuleManager: Display: Found up-to-date module file ../../../Engine/Plugins/Media/LinearTimecode/Binaries/Win64/UE4Editor-LinearTimecode.dll (API version 3944462).
LogModuleManager: Display: Found up-to-date module file ../../../Engine/Plugins/Media/MediaCompositing/Binaries/Win64/UE4Editor-MediaCompositing.dll (API version 3944462).
LogModuleManager: Display: Found up-to-date module file ../../../Engine/Plugins/Media/MediaCompositing/Binaries/Win64/UE4Editor-MediaCompositingEditor.dll (API version 3944462).
LogModuleManager: Display: Found up-to-date module file ../../../Engine/Plugins/Media/MediaPlayerEditor/Binaries/Win64/UE4Editor-MediaPlayerEditor.dll (API version 3944462).
LogModuleManager: Display: Found up-to-date module file ../../../Engine/Plugins/Media/WmfMedia/Binaries/Win64/UE4Editor-WmfMedia.dll (API version 3944462).
LogModuleManager: Display: Found up-to-date module file ../../../Engine/Plugins/Media/WmfMedia/Binaries/Win64/UE4Editor-WmfMediaEditor.dll (API version 3944462).
LogModuleManager: Display: Found up-to-date module file ../../../Engine/Plugins/Media/WmfMedia/Binaries/Win64/UE4Editor-WmfMediaFactory.dll (API version 3944462).
LogModuleManager: Display: Found up-to-date module file ../../../Engine/Plugins/Media/WmfMedia/Binaries/Win64/UE4Editor-WmfMediaFactory.dll (API version 3944462).
LogModuleManager: Display: Found up-to-date module file ../../../Engine/Plugins/Messaging/TcpMessaging/Binaries/Win64/UE4Editor-TcpMessaging.dll (API version 3944462).
LogModuleManager: Display: Found up-to-date module file ../../../Engine/Plugins/Messaging/UdpMessaging/Binaries/Win64/UE4Editor-UdpMessaging.dll (API version 3944462).
LogModuleManager: Display: Found up-to-date module file ../../../Engine/Plugins/MovieScene/ActorSequence/Binaries/Win64/UE4Editor-ActorSequence.dll (API version 3944462).
LogModuleManager: Display: Found up-to-date module file ../../../Engine/Plugins/MovieScene/LevelSequenceEditor/Binaries/Win64/UE4Editor-LevelSequenceEditor.dll (API version 3944462).
LogModuleManager: Display: Found up-to-date module file ../../../Engine/Plugins/MovieScene/MatineeToLevelSequence/Binaries/Win64/UE4Editor-MatineeToLevelSequence.dll (API version 3944462).
LogModuleManager: Display: Found up-to-date module file ../../../Engine/Plugins/NetcodeUnitTest/NetcodeUnitTest/Binaries/Win64/UE4Editor-NetcodeUnitTest.dll (API version 3944462).
LogModuleManager: Display: Found up-to-date module file ../../../Engine/Plugins/NetcodeUnitTest/NUTUnrealEngine4/Binaries/Win64/UE4Editor-NUTUnrealEngine4.dll (API version 3944462).
LogModuleManager: Display: Found up-to-date module file ../../../Engine/Plugins/Online/OnlineSubsystem/Binaries/Win64/UE4Editor-OnlineSubsystem.dll (API version 3944462).
LogModuleManager: Display: Found up-to-date module file ../../../Engine/Plugins/Online/OnlineSubsystemNull/Binaries/Win64/UE4Editor-OnlineSubsystemNull.dll (API version 3944462).
LogModuleManager: Display: Found up-to-date module file ../../../Engine/Plugins/Online/OnlineSubsystemUtils/Binaries/Win64/UE4Editor-OnlineSubsystemUtils.dll (API version 3944462).
LogModuleManager: Display: Found up-to-date module file ../../../Engine/Plugins/Online/OnlineSubsystemUtils/Binaries/Win64/UE4Editor-OnlineBlueprintSupport.dll (API version 3944462).
LogModuleManager: Display: Found up-to-date module file ../../../Engine/Plugins/Runtime/AndroidDeviceProfileSelector/Binaries/Win64/UE4Editor-AndroidDeviceProfileSelector.dll (API version 3944462).
LogModuleManager: Display: Found up-to-date module file ../../../Engine/Plugins/Runtime/AndroidPermission/Binaries/Win64/UE4Editor-AndroidPermission.dll (API version 3944462).
LogModuleManager: Display: Found up-to-date module file ../../../Engine/Plugins/Runtime/AppleARKit/Binaries/Win64/UE4Editor-AppleARKit.dll (API version 3944462).
LogModuleManager: Display: Found up-to-date module file ../../../Engine/Plugins/Runtime/ArchVisCharacter/Binaries/Win64/UE4Editor-ArchVisCharacter.dll (API version 3944462).
LogModuleManager: Display: Found up-to-date module file ../../../Engine/Plugins/Runtime/AudioCapture/Binaries/Win64/UE4Editor-AudioCapture.dll (API version 3944462).
LogModuleManager: Display: Found up-to-date module file ../../../Engine/Plugins/Runtime/AudioCapture/Binaries/Win64/UE4Editor-AudioCaptureEditor.dll (API version 3944462).
LogModuleManager: Display: Found up-to-date module file ../../../Engine/Plugins/Runtime/CableComponent/Binaries/Win64/UE4Editor-CableComponent.dll (API version 3944462).
LogModuleManager: Display: Found up-to-date module file ../../../Engine/Plugins/Runtime/CustomMeshComponent/Binaries/Win64/UE4Editor-CustomMeshComponent.dll (API version 3944462).
LogModuleManager: Display: Found up-to-date module file ../../../Engine/Plugins/Runtime/ExampleDeviceProfileSelector/Binaries/Win64/UE4Editor-ExampleDeviceProfileSelector.dll (API version 3944462).
LogModuleManager: Display: Found up-to-date module file ../../../Engine/Plugins/Runtime/ImmediatePhysics/Binaries/Win64/UE4Editor-ImmediatePhysics.dll (API version 3944462).
LogModuleManager: Display: Found up-to-date module file ../../../Engine/Plugins/Runtime/ImmediatePhysics/Binaries/Win64/UE4Editor-ImmediatePhysicsEditor.dll (API version 3944462).
LogModuleManager: Display: Found up-to-date module file ../../../Engine/Plugins/Runtime/LocationServicesBPLibrary/Binaries/Win64/UE4Editor-LocationServicesBPLibrary.dll (API version 3944462).
LogModuleManager: Display: Found up-to-date module file ../../../Engine/Plugins/Runtime/MobilePatchingUtils/Binaries/Win64/UE4Editor-MobilePatchingUtils.dll (API version 3944462).
LogModuleManager: Display: Found up-to-date module file ../../../Engine/Plugins/Runtime/Oculus/OculusVR/Binaries/Win64/UE4Editor-OculusHMD.dll (API version 3944462).
LogModuleManager: Display: Found up-to-date module file ../../../Engine/Plugins/Runtime/Oculus/OculusVR/Binaries/Win64/UE4Editor-OculusInput.dll (API version 3944462).
LogModuleManager: Display: Found up-to-date module file ../../../Engine/Plugins/Runtime/Oculus/OculusVR/Binaries/Win64/UE4Editor-OculusEditor.dll (API version 3944462).
LogModuleManager: Display: Found up-to-date module file ../../../Engine/Plugins/Runtime/PhysXVehicles/Binaries/Win64/UE4Editor-PhysXVehicles.dll (API version 3944462).
LogModuleManager: Display: Found up-to-date module file ../../../Engine/Plugins/Runtime/PhysXVehicles/Binaries/Win64/UE4Editor-PhysXVehiclesEditor.dll (API version 3944462).
LogModuleManager: Display: Found up-to-date module file ../../../Engine/Plugins/Runtime/ProceduralMeshComponent/Binaries/Win64/UE4Editor-ProceduralMeshComponent.dll (API version 3944462).
LogModuleManager: Display: Found up-to-date module file ../../../Engine/Plugins/Runtime/ProceduralMeshComponent/Binaries/Win64/UE4Editor-ProceduralMeshComponentEditor.dll (API version 3944462).
LogModuleManager: Display: Found up-to-date module file ../../../Engine/Plugins/Runtime/RuntimePhysXCooking/Binaries/Win64/UE4Editor-RuntimePhysXCooking.dll (API version 3944462).
LogModuleManager: Display: Found up-to-date module file ../../../Engine/Plugins/Runtime/Steam/SteamVR/Binaries/Win64/UE4Editor-SteamVR.dll (API version 3944462).
LogModuleManager: Display: Found up-to-date module file ../../../Engine/Plugins/Runtime/Steam/SteamVR/Binaries/Win64/UE4Editor-SteamVRController.dll (API version 3944462).
LogModuleManager: Display: Found up-to-date module file ../../../Engine/Plugins/Runtime/WindowsMoviePlayer/Binaries/Win64/UE4Editor-WindowsMoviePlayer.dll (API version 3944462).
LogInit: Using libcurl 7.47.1
LogInit:  - built for x86_64-pc-win32
LogInit:  - supports SSL with OpenSSL/1.0.2g
LogInit:  - supports HTTP deflate (compression) using libz 1.2.8
LogInit:  - other features:
LogInit:      CURL_VERSION_SSL
LogInit:      CURL_VERSION_LIBZ
LogInit:      CURL_VERSION_IPV6
LogInit:      CURL_VERSION_ASYNCHDNS
LogInit:      CURL_VERSION_LARGEFILE
LogInit:      CURL_VERSION_IDN
LogInit:  CurlRequestOptions (configurable via config and command line):
LogInit:  - bVerifyPeer = false  - Libcurl will NOT verify peer certificate
LogInit:  - bUseHttpProxy = false  - Libcurl will NOT use HTTP proxy
LogInit:  - bDontReuseConnections = false  - Libcurl will reuse connections
LogInit:  - CertBundlePath = nullptr  - Libcurl will use whatever was configured at build time.
LogInit:  - MaxHostConnections = 16  - Libcurl will limit the number of connections to a host
LogInit:  - LocalHostAddr = Default
LogInit: WinSock: version 1.1 (2.2), MaxSocks=32767, MaxUdp=65467
LogInit: WinSock: I am Tom-Laptop (10.52.88.121:0)
LogInit: Build: ++UE4+Release-4.19-CL-4033788
LogInit: Engine Version: 4.19.2-4033788+++UE4+Release-4.19
LogInit: Compatible Engine Version: 4.19.0-3944462+++UE4+Release-4.19
LogInit: Net CL: 3944462
LogDevObjectVersion: Number of dev versions registered: 18
LogDevObjectVersion:   Dev-Blueprints (B0D832E4-1F89-4F0D-ACCF-7EB736FD4AA2): 10
LogDevObjectVersion:   Dev-Build (E1C64328-A22C-4D53-A36C-8E866417BD8C): 0
LogDevObjectVersion:   Dev-Core (375EC13C-06E4-48FB-B500-84F0262A717E): 2
LogDevObjectVersion:   Dev-Editor (E4B068ED-F494-42E9-A231-DA0B2E46BB41): 23
LogDevObjectVersion:   Dev-Framework (CFFC743F-43B0-4480-9391-14DF171D2073): 33
LogDevObjectVersion:   Dev-Mobile (B02B49B5-BB20-44E9-A304-32B752E40360): 2
LogDevObjectVersion:   Dev-Networking (A4E4105C-59A1-49B5-A7C5-40C4547EDFEE): 0
LogDevObjectVersion:   Dev-Online (39C831C9-5AE6-47DC-9A44-9C173E1C8E7C): 0
LogDevObjectVersion:   Dev-Physics (78F01B33-EBEA-4F98-B9B4-84EACCB95AA2): 0
LogDevObjectVersion:   Dev-Platform (6631380F-2D4D-43E0-8009-CF276956A95A): 0
LogDevObjectVersion:   Dev-Rendering (12F88B9F-8875-4AFC-A67C-D90C383ABD29): 25
LogDevObjectVersion:   Dev-Sequencer (7B5AE74C-D270-4C10-A958-57980B212A5A): 6
LogDevObjectVersion:   Dev-VR (D7296918-1DD6-4BDD-9DE2-64A83CC13884): 1
LogDevObjectVersion:   Dev-LoadTimes (C2A15278-BFE7-4AFE-6C17-90FF531DF755): 1
LogDevObjectVersion:   Private-Geometry (6EACA3D4-40EC-4CC1-B786-8BED09428FC5): 2
LogDevObjectVersion:   Dev-AnimPhys (29E575DD-E0A3-4627-9D10-D276232CDCEA): 16
LogDevObjectVersion:   Dev-ReflectionCapture (6B266CEC-1EC7-4B8F-A30B-E4D90942FC07): 1
LogDevObjectVersion:   Dev-Automation (0DF73D61-A23F-47EA-B727-89E90C41499A): 1
LogInit: Compiled (64-bit): Apr 27 2018 02:06:57
LogInit: Compiled with Visual C++: 19.00.24215.01
LogInit: Build Configuration: Development
LogInit: Branch Name: ++UE4+Release-4.19
LogInit: Command Line:  
LogInit: Base Directory: D:/Epic Games/UE_4.19/Engine/Binaries/Win64/
LogInit: Installed Engine Build: 1
LogStreaming: Display: Took  0.003s to delete old logs.
LogInit: Presizing for max 8388607 objects, including 0 objects not considered by GC, pre-allocating 0 bytes for permanent pool.
LogInit: Object subsystem initialized
[2018.05.28-12.37.32:716][  0]LogInit: Selected Device Profile: [Windows]
[2018.05.28-12.37.32:716][  0]LogInit: Applying CVar settings loaded from the selected device profile: [Windows]
[2018.05.28-12.37.32:730][  0]LogInit: Computer: TOM-LAPTOP
[2018.05.28-12.37.32:730][  0]LogInit: User: tomco
[2018.05.28-12.37.32:730][  0]LogInit: CPU Page size=4096, Cores=4
[2018.05.28-12.37.32:730][  0]LogInit: High frequency timer resolution =2.531251 MHz
[2018.05.28-12.37.32:730][  0]LogMemory: Memory total: Physical=7.9GB (8GB approx)
[2018.05.28-12.37.32:730][  0]LogMemory: Platform Memory Stats for Windows
[2018.05.28-12.37.32:730][  0]LogMemory: Process Physical Memory: 275.18 MB used, 275.18 MB peak
[2018.05.28-12.37.32:730][  0]LogMemory: Process Virtual Memory: 266.02 MB used, 266.02 MB peak
[2018.05.28-12.37.32:730][  0]LogMemory: Physical Memory: 5636.34 MB used,  2454.18 MB free, 8090.52 MB total
[2018.05.28-12.37.32:730][  0]LogMemory: Virtual Memory: 4786.08 MB used,  2454.18 MB free, 134217728.00 MB total
[2018.05.28-12.37.32:773][  0]LogInit: Using OS detected language (en-US).
[2018.05.28-12.37.32:773][  0]LogInit: Using OS detected locale (en-US).
[2018.05.28-12.37.32:793][  0]LogTextLocalizationManager: No specific localization for 'en-US' exists, so the 'en' localization will be used.
[2018.05.28-12.37.33:302][  0]LogStreaming: Display: Took  0.530s to EndInitTextLocalization.
[2018.05.28-12.37.33:303][  0]LogInit: Setting process to per monitor DPI aware
[2018.05.28-12.37.33:348][  0]LogSlate: New Slate User Created.  User Index 0, Is Virtual User: 0
[2018.05.28-12.37.33:349][  0]LogSlate: Slate User Registered.  User Index 0, Is Virtual User: 0
[2018.05.28-12.37.33:845][  0]LogD3D11RHI: D3D11 adapters:
[2018.05.28-12.37.33:898][  0]LogD3D11RHI:    0. 'NVIDIA GeForce GTX 960M' (Feature Level 11_0)
[2018.05.28-12.37.33:898][  0]LogD3D11RHI:       2019/0/4045 MB DedicatedVideo/DedicatedSystem/SharedSystem, Outputs:1, VendorId:0x10de
[2018.05.28-12.37.33:907][  0]LogD3D11RHI:    1. 'Intel(R) HD Graphics 530' (Feature Level 11_0)
[2018.05.28-12.37.33:907][  0]LogD3D11RHI:       128/0/4045 MB DedicatedVideo/DedicatedSystem/SharedSystem, Outputs:0, VendorId:0x8086
[2018.05.28-12.37.33:911][  0]LogD3D11RHI:    2. 'Microsoft Basic Render Driver' (Feature Level 11_0)
[2018.05.28-12.37.33:911][  0]LogD3D11RHI:       0/0/4045 MB DedicatedVideo/DedicatedSystem/SharedSystem, Outputs:0, VendorId:0x1414
[2018.05.28-12.37.33:911][  0]LogD3D11RHI: Chosen D3D11 Adapter: 0
[2018.05.28-12.37.33:928][  0]LogD3D11RHI: Creating new Direct3DDevice
[2018.05.28-12.37.33:928][  0]LogD3D11RHI:     GPU DeviceId: 0x139b (for the marketing name, search the web for "GPU Device Id")
[2018.05.28-12.37.33:928][  0]LogWindows: EnumDisplayDevices:
[2018.05.28-12.37.33:928][  0]LogWindows:    0. 'Intel(R) HD Graphics 530' (P:1 D:1)
[2018.05.28-12.37.33:929][  0]LogWindows:    1. 'Intel(R) HD Graphics 530' (P:0 D:0)
[2018.05.28-12.37.33:929][  0]LogWindows:    2. 'Intel(R) HD Graphics 530' (P:0 D:0)
[2018.05.28-12.37.33:929][  0]LogWindows: DebugString: GetVideoDriverDetailsInvalid PrimaryIsNotTheChoosenAdapter GetVideoDriverDetailsInvalid PrimaryIsNotTheChoosenAdapter GetVideoDriverDetailsInvalid PrimaryIsNotTheChoosenAdapter FoundDriverCount:0 
[2018.05.28-12.37.33:929][  0]LogD3D11RHI:     Adapter Name: NVIDIA GeForce GTX 960M
[2018.05.28-12.37.33:929][  0]LogD3D11RHI:   Driver Version: Unknown (internal:Unknown, unified:Unknown)
[2018.05.28-12.37.33:929][  0]LogD3D11RHI:      Driver Date: Unknown
[2018.05.28-12.37.33:929][  0]LogRHI: Texture pool is 1413 MB (70% of 2019 MB)
[2018.05.28-12.37.33:955][  0]LogD3D11RHI: [Aftermath] Aftermath enabled but failed to initialize
[2018.05.28-12.37.33:955][  0]LogD3D11RHI: [Aftermath] Aftermath enabled and primed
[2018.05.28-12.37.33:955][  0]LogD3D11RHI: Async texture creation enabled
[2018.05.28-12.37.33:967][  0]LogD3D11RHI: GPU Timing Frequency: 1000.000000 (Debug: 2 1)
[2018.05.28-12.37.33:968][  0]LogShaderCompilers: Guid format shader working directory is 6 characters bigger than the processId version (../../../../../SpareTime/Unreal/FPS/FPS/Intermediate/Shaders/WorkingDirectory/15312/).
[2018.05.28-12.37.33:968][  0]LogShaderCompilers: Cleaned the shader compiler working directory 'C:/Users/tomco/AppData/Local/Temp/UnrealShaderWorkingDir/631F20974D571103FC5997AE02F5C034/'.
[2018.05.28-12.37.34:274][  0]LogTemp: Display: Loaded TP AllDesktopTargetPlatform
[2018.05.28-12.37.34:288][  0]LogTemp: Display: Loaded TP MacClientTargetPlatform
[2018.05.28-12.37.34:300][  0]LogTemp: Display: Loaded TP MacNoEditorTargetPlatform
[2018.05.28-12.37.34:314][  0]LogTemp: Display: Loaded TP MacServerTargetPlatform
[2018.05.28-12.37.34:329][  0]LogTemp: Display: Loaded TP MacTargetPlatform
[2018.05.28-12.37.34:344][  0]LogTemp: Display: Loaded TP WindowsClientTargetPlatform
[2018.05.28-12.37.34:358][  0]LogTemp: Display: Loaded TP WindowsNoEditorTargetPlatform
[2018.05.28-12.37.34:372][  0]LogTemp: Display: Loaded TP WindowsServerTargetPlatform
[2018.05.28-12.37.34:379][  0]LogTemp: Display: Loaded TP WindowsTargetPlatform
[2018.05.28-12.37.34:392][  0]LogTemp: Display: Loaded TP Android_ASTCTargetPlatform
[2018.05.28-12.37.34:407][  0]LogTemp: Display: Loaded TP Android_ATCTargetPlatform
[2018.05.28-12.37.34:419][  0]LogTemp: Display: Loaded TP Android_DXTTargetPlatform
[2018.05.28-12.37.34:432][  0]LogTemp: Display: Loaded TP Android_ETC1aTargetPlatform
[2018.05.28-12.37.34:444][  0]LogTemp: Display: Loaded TP Android_ETC1TargetPlatform
[2018.05.28-12.37.34:457][  0]LogTemp: Display: Loaded TP Android_ETC2TargetPlatform
[2018.05.28-12.37.34:483][  0]LogTemp: Display: Loaded TP Android_MultiTargetPlatform
[2018.05.28-12.37.34:483][  0]LogTemp: Display: Loaded TP Android_PVRTCTargetPlatform
[2018.05.28-12.37.34:498][  0]LogTemp: Display: Loaded TP AndroidTargetPlatform
[2018.05.28-12.37.34:500][  0]LogTemp: Display: Loaded TP HTML5TargetPlatform
[2018.05.28-12.37.34:540][  0]LogTemp: Display: Loaded TP IOSTargetPlatform
[2018.05.28-12.37.34:552][  0]LogTemp: Display: Loaded TP TVOSTargetPlatform
[2018.05.28-12.37.34:565][  0]LogTemp: Display: Loaded TP LinuxClientTargetPlatform
[2018.05.28-12.37.34:580][  0]LogTemp: Display: Loaded TP LinuxNoEditorTargetPlatform
[2018.05.28-12.37.34:594][  0]LogTemp: Display: Loaded TP LinuxServerTargetPlatform
[2018.05.28-12.37.34:609][  0]LogTemp: Display: Loaded TP LinuxTargetPlatform
[2018.05.28-12.37.34:609][  0]LogTargetPlatformManager: Display: Building Assets For Windows
[2018.05.28-12.37.34:722][  0]LogXGEController: Cleaning working directory: C:/Users/tomco/AppData/Local/Temp/UnrealXGEWorkingDir/
[2018.05.28-12.37.34:722][  0]LogXGEController: Cannot use XGE Controller as Incredibuild is not installed on this machine.
[2018.05.28-12.37.34:722][  0]LogShaderCompilers: Cannot use XGE Shader Compiler as Incredibuild is not installed on this machine.
[2018.05.28-12.37.34:722][  0]LogShaderCompilers: Display: Using Local Shader Compiler.
[2018.05.28-12.37.35:560][  0]LogDerivedDataCache: Display: Max Cache Size: 512 MB
[2018.05.28-12.37.35:935][  0]LogDerivedDataCache: Loaded boot cache 0.37s 76MB C:/Users/tomco/AppData/Local/UnrealEngine/4.19/DerivedDataCache/Boot.ddc.
[2018.05.28-12.37.35:935][  0]LogDerivedDataCache: Display: Loaded Boot cache: C:/Users/tomco/AppData/Local/UnrealEngine/4.19/DerivedDataCache/Boot.ddc
[2018.05.28-12.37.35:935][  0]LogDerivedDataCache: FDerivedDataBackendGraph:  Pak pak cache file ../../../../../SpareTime/Unreal/FPS/FPS/DerivedDataCache/DDC.ddp not found, will not use a pak cache.
[2018.05.28-12.37.35:935][  0]LogDerivedDataCache: Unable to find inner node Pak for hierarchical cache Hierarchy.
[2018.05.28-12.37.35:935][  0]LogDerivedDataCache: FDerivedDataBackendGraph:  CompressedPak pak cache file ../../../../../SpareTime/Unreal/FPS/FPS/DerivedDataCache/Compressed.ddp not found, will not use a pak cache.
[2018.05.28-12.37.35:935][  0]LogDerivedDataCache: Unable to find inner node CompressedPak for hierarchical cache Hierarchy.
[2018.05.28-12.37.35:956][  0]LogDerivedDataCache: Display: Pak cache opened for reading ../../../Engine/DerivedDataCache/Compressed.ddp.
[2018.05.28-12.37.35:968][  0]LogDerivedDataCache: Using Local data cache path C:/Users/tomco/AppData/Local/UnrealEngine/Common/DerivedDataCache: Writable
[2018.05.28-12.37.35:968][  0]LogDerivedDataCache: Shared data cache path not found in *engine.ini, will not use an Shared cache.
[2018.05.28-12.37.35:968][  0]LogDerivedDataCache: Unable to find inner node Shared for hierarchical cache Hierarchy.
[2018.05.28-12.37.35:980][  0]LogMaterial: Verifying Global Shaders for PCD3D_SM5
[2018.05.28-12.37.35:981][  0]LogSlate: Using Freetype 2.6.0
[2018.05.28-12.37.35:982][  0]LogSlate: SlateFontCache - WITH_FREETYPE: 1, WITH_HARFBUZZ: 1
[2018.05.28-12.37.35:982][  0]LogSlate: SlateFontCache - WITH_FREETYPE: 1, WITH_HARFBUZZ: 1
[2018.05.28-12.37.36:326][  0]LogAssetRegistry: FAssetRegistry took 0.0266 seconds to start up
[2018.05.28-12.37.36:666][  0]LogInit: Selected Device Profile: [Windows]
[2018.05.28-12.37.36:830][  0]LogSimplygon: Simplygon DLL not present - disabling.
[2018.05.28-12.37.36:833][  0]LogMeshReduction: Using SimplygonSwarm for distributed automatic mesh merging
[2018.05.28-12.37.36:833][  0]LogMeshReduction: Using QuadricMeshReduction for automatic static mesh reduction
[2018.05.28-12.37.36:833][  0]LogMeshReduction: No automatic skeletal mesh reduction module available
[2018.05.28-12.37.36:833][  0]LogMeshReduction: No automatic mesh merging module available
[2018.05.28-12.37.36:833][  0]LogMeshMerging: No automatic mesh merging module available
[2018.05.28-12.37.36:868][  0]LogNetVersion: FPS , NetCL: 3944462, EngineNetVer: 2, GameNetVer: 0 (Checksum: 2326512385)
[2018.05.28-12.37.37:351][  0]LogPackageLocalizationCache: Processed 9 localized package path(s) for 2 prioritized culture(s) in 0.076171 seconds
[2018.05.28-12.37.37:356][  0]LogUObjectArray: 36728 objects as part of root set at end of initial load.
[2018.05.28-12.37.37:356][  0]LogUObjectAllocator: 7314304 out of 0 bytes used by permanent object pool.
[2018.05.28-12.37.37:356][  0]LogUObjectArray: CloseDisregardForGC: 0/0 objects in disregard for GC pool
[2018.05.28-12.37.40:416][  0]LogTcpMessaging: Initializing TcpMessaging bridge
[2018.05.28-12.37.40:445][  0]LogUdpMessaging: Initializing bridge on interface 0.0.0.0:0 to multicast group 230.0.0.1:6666.
[2018.05.28-12.37.40:721][  0]LogSkeletalMesh: Skeletal Mesh found in DDC [1.065876ms] /Game/Models/Player/Arms/Arms_SMG.Arms_SMG
[2018.05.28-12.37.40:745][  0]LogUObjectGlobals: Created PersistentFrame Addr=0x000001d6197e8e00, Size=80, Default__BP_SMGAnim_C Function /Game/Animations/SMG/BP_SMGAnim.BP_SMGAnim_C:ExecuteUbergraph_BP_SMGAnim
[2018.05.28-12.37.40:756][  0]LogUObjectGlobals: Destroyed PersistentFrame Addr=0x000001d6197e8e00, Size=80
[2018.05.28-12.37.40:756][  0]LogUObjectGlobals: Created PersistentFrame Addr=0x000001d61908a1b0, Size=80, Default__BP_SMGAnim_C Function /Engine/Transient.REINST_BP_SMGAnim_C_0:ExecuteUbergraph_BP_SMGAnim
[2018.05.28-12.37.40:766][  0]LogUObjectGlobals: Created PersistentFrame Addr=0x000001d619cc63e0, Size=80, Default__BP_SMGAnim_C Function /Game/Animations/SMG/BP_SMGAnim.BP_SMGAnim_C:ExecuteUbergraph_BP_SMGAnim
[2018.05.28-12.37.40:965][  0]SourceControl: Source control is disabled
[2018.05.28-12.37.40:966][  0]SourceControl: Source control is disabled
[2018.05.28-12.37.40:988][  0]SourceControl: Source control is disabled
[2018.05.28-12.37.41:003][  0]SourceControl: Source control is disabled
[2018.05.28-12.37.41:493][  0]LogAndroidPermission: UAndroidPermissionCallbackProxy::GetInstance
[2018.05.28-12.37.41:652][  0]LogOcInput: OculusInput pre-init called
[2018.05.28-12.37.41:763][  0]LogEngine: Initializing Engine...
[2018.05.28-12.37.41:804][  0]LogHMD: Failed to initialize OpenVR with code 126
[2018.05.28-12.37.41:804][  0]LogStats: UGameplayTagsManager::ConstructGameplayTagTree: Construct from data asset -  0.000 s
[2018.05.28-12.37.41:804][  0]LogStats: UGameplayTagsManager::ConstructGameplayTagTree: GameplayTagTreeChangedEvent.Broadcast -  0.000 s
[2018.05.28-12.37.42:060][  0]LogAIModule: Creating AISystem for world Untitled
[2018.05.28-12.37.42:089][  0]LogInit: XAudio2 using 'Luidsprekers (Conexant SmartAudio HD)' : 2 channels at 48 kHz using 32 bits per sample (channel mask 0x3)
[2018.05.28-12.37.42:131][  0]LogInit: FAudioDevice initialized.
[2018.05.28-12.37.42:221][  0]LogDerivedDataCache: Saved boot cache 0.09s 76MB C:/Users/tomco/AppData/Local/UnrealEngine/4.19/DerivedDataCache/Boot.ddc.
[2018.05.28-12.37.42:234][  0]LogInit: Texture streaming: Enabled
[2018.05.28-12.37.42:254][  0]LogEngineSessionManager: EngineSessionManager initialized
[2018.05.28-12.37.42:255][  0]LogEngineSessionManager: EngineSessionManager sent abnormal shutdown report. Type=Crashed, SessionId={EB50618C-4F1B-CE54-9B1B-8696C4134038}
[2018.05.28-12.37.42:284][  0]LogInit: Transaction tracking system initialized
[2018.05.28-12.37.42:319][  0]BlueprintLog: New page: Editor Load
[2018.05.28-12.37.42:420][  0]LocalizationService: Localization service is disabled
[2018.05.28-12.37.42:530][  0]LogConsoleResponse: Display: 
[2018.05.28-12.37.42:720][  0]LogCook: Display: Max memory allowance for cook 16384mb min free memory 0mb
[2018.05.28-12.37.42:720][  0]LogCook: Display: Mobile HDR setting 1
[2018.05.28-12.37.42:720][  0]LogGameplayTags: Display: UGameplayTagsManager::DoneAddingNativeTags. DelegateIsBound: 0
[2018.05.28-12.37.42:720][  0]LogStats: UGameplayTagsManager::ConstructGameplayTagTree: Construct from data asset -  0.000 s
[2018.05.28-12.37.42:720][  0]LogStats: UGameplayTagsManager::ConstructGameplayTagTree: GameplayTagTreeChangedEvent.Broadcast -  0.000 s
[2018.05.28-12.37.43:116][  0]LogFileCache: Scanning file cache for directory 'D:/SpareTime/Unreal/FPS/FPS/Content/' took 0.02s
[2018.05.28-12.37.43:116][  0]SourceControl: Source control is disabled
[2018.05.28-12.37.43:117][  0]Cmd: MAP LOAD FILE="../../../../../SpareTime/Unreal/FPS/FPS/Content/Maps/Level1.umap" TEMPLATE=0 SHOWPROGRESS=1 FEATURELEVEL=3
[2018.05.28-12.37.43:119][  0]LightingResults: New page: Lighting Build
[2018.05.28-12.37.43:122][  0]MapCheck: New page: Map Check
[2018.05.28-12.37.43:122][  0]LightingResults: New page: Lighting Build
[2018.05.28-12.37.43:133][  0]LogUObjectGlobals: Destroyed PersistentFrame Addr=0x000001d61908a1b0, Size=80
[2018.05.28-12.37.44:452][  0]LogAIModule: Creating AISystem for world Level1
[2018.05.28-12.37.44:477][  0]LogEditorServer: Finished looking for orphan Actors (0.000 secs)
[2018.05.28-12.37.44:493][  0]Cmd: MAP CHECKDEP NOCLEARLOG
[2018.05.28-12.37.44:568][  0]MapCheck: Map check complete: 0 Error(s), 0 Warning(s), took 74.763ms to complete.
[2018.05.28-12.37.44:568][  0]LogFileHelpers: Loading map 'Level1' took 1.451
[2018.05.28-12.37.44:739][  0]LogCollectionManager: Loaded 0 collections in 0.000907 seconds
[2018.05.28-12.37.44:783][  0]LogFileCache: Scanning file cache for directory 'D:/SpareTime/Unreal/FPS/FPS/Saved/Collections/' took 0.01s
[2018.05.28-12.37.44:783][  0]LogFileCache: Scanning file cache for directory 'D:/SpareTime/Unreal/FPS/FPS/Content/Developers/tomco/Collections/' took 0.01s
[2018.05.28-12.37.44:783][  0]LogFileCache: Scanning file cache for directory 'D:/SpareTime/Unreal/FPS/FPS/Content/Collections/' took 0.01s
[2018.05.28-12.37.44:783][  0]LogCollectionManager: Rebuilt the GUID cache for 0 collections in 0.000001 seconds
[2018.05.28-12.37.44:794][  0]LogContentBrowser: Native class hierarchy populated in 0.0103 seconds. Added 2464 classes and 562 folders.
[2018.05.28-12.37.44:802][  0]LogContentBrowser: Native class hierarchy updated for 'WidgetCarousel' in 0.0006 seconds. Added 0 classes and 0 folders.
[2018.05.28-12.37.45:033][  0]LogContentBrowser: Native class hierarchy updated for 'AddContentDialog' in 0.0007 seconds. Added 0 classes and 0 folders.
[2018.05.28-12.37.46:404][  0]LogSlate: Only BGRA pngs, bmps or icos are supported in by External Image Picker
[2018.05.28-12.37.46:430][  0]LogSlate: Took 0.000344 seconds to synchronously load lazily loaded font '../../../Engine/Content/Slate/Fonts/Roboto-Regular.ttf' (155K)
[2018.05.28-12.37.46:434][  0]LogSlate: Took 0.000368 seconds to synchronously load lazily loaded font '../../../Engine/Content/Slate/Fonts/Roboto-Bold.ttf' (160K)
[2018.05.28-12.37.46:446][  0]LogSlate: Took 0.002236 seconds to synchronously load lazily loaded font '../../../Engine/Content/Editor/Slate/Fonts/FontAwesome.ttf' (139K)
[2018.05.28-12.37.46:616][  0]LogTemp: Executing iPhonePackager certificates Engine -bundlename com.YourCompany.FPS
[2018.05.28-12.37.46:616][  0]LogTemp: CWD: D:\Epic Games\UE_4.19\Engine\Binaries\DotNET\IOS
[2018.05.28-12.37.46:616][  0]LogTemp: Initial Dir: D:\Epic Games\UE_4.19
[2018.05.28-12.37.46:616][  0]LogTemp: Env CWD: D:\Epic Games\UE_4.19\Engine\Binaries\DotNET\IOS
[2018.05.28-12.37.46:616][  0]LogTemp: BranchPath = TOM-LAPTOP/D/Epic Games/UE_4.19/Engine/Binaries --- GameBranchPath = TOM-LAPTOP/D/Epic Games/UE_4.19/Engine/Binaries
[2018.05.28-12.37.46:616][  0]LogTemp: IPP ERROR: Could not find provision directory 'C:\Users\tomco\AppData\Local/Apple Computer/MobileDevice/Provisioning Profiles/'.
[2018.05.28-12.37.46:616][  0]LogRenderer: Reallocating scene render targets to support 908x600 Format 10 NumSamples 1 (Frame:1).
[2018.05.28-12.37.46:851][  0]LogContentBrowser: Native class hierarchy updated for 'HierarchicalLODOutliner' in 0.0006 seconds. Added 0 classes and 0 folders.
[2018.05.28-12.37.46:852][  0]LogLoad: (Engine Initialization) Total time: 17.37 seconds
[2018.05.28-12.37.46:852][  0]LogLoad: (Engine Initialization) Total Blueprint compile time: 0.00 seconds
[2018.05.28-12.37.46:872][  0]LogWindowsTextInputMethodSystem: Display: IME system now deactivated.
[2018.05.28-12.37.46:898][  0]LogContentStreaming: Texture pool size now 1000 MB
[2018.05.28-12.37.46:948][  0]LogSlate: Took 0.002726 seconds to synchronously load lazily loaded font '../../../Engine/Content/Slate/Fonts/Roboto-Light.ttf' (167K)
[2018.05.28-12.37.46:971][  1]LogAssetRegistry: Asset discovery search completed in 10.6680 seconds
[2018.05.28-12.37.46:973][  1]LogCollectionManager: Rebuilt the object cache for 0 collections in 0.000000 seconds (found 0 objects)
[2018.05.28-12.37.46:973][  1]LogCollectionManager: Fixed up redirectors for 0 collections in 0.000061 seconds (updated 0 objects)
[2018.05.28-12.37.47:901][ 50]LogSlate: Took 0.000215 seconds to synchronously load lazily loaded font '../../../Engine/Content/Slate/Fonts/Roboto-Light.ttf' (167K)
[2018.05.28-12.37.52:372][309]LogSlate: FSceneViewport::OnFocusLost() reason 0
[2018.05.28-12.37.52:611][317]LogSkeletalMesh: Skeletal Mesh found in DDC [12.572439ms] /Game/Models/Enemy/Soldier.Soldier
[2018.05.28-12.37.52:628][317]LogAIModule: Creating AISystem for world AITestMap
[2018.05.28-12.37.52:650][317]Cmd: MAP LOAD FILE="../../../../../SpareTime/Unreal/FPS/FPS/Content/Maps/AITestMap.umap" TEMPLATE=0 SHOWPROGRESS=1 FEATURELEVEL=3
[2018.05.28-12.37.52:650][317]LightingResults: New page: Lighting Build
[2018.05.28-12.37.52:651][317]LoadErrors: New page: Loading map: AITestMap.umap
[2018.05.28-12.37.52:653][317]MapCheck: New page: Map Check
[2018.05.28-12.37.52:653][317]LightingResults: New page: Lighting Build
[2018.05.28-12.37.52:727][317]LogEditorServer: Finished looking for orphan Actors (0.000 secs)
[2018.05.28-12.37.52:774][317]Cmd: MAP CHECKDEP NOCLEARLOG
[2018.05.28-12.37.52:854][317]MapCheck: Map check complete: 0 Error(s), 0 Warning(s), took 78.893ms to complete.
[2018.05.28-12.37.52:855][317]LogFileHelpers: Loading map 'AITestMap' took 0.207
[2018.05.28-12.37.56:568][528]LogTemp: Repeating last play command: Selected Viewport
[2018.05.28-12.37.56:590][528]LogPlayLevel: PlayLevel: No blueprints needed recompiling
[2018.05.28-12.37.56:590][528]PIE: New page: PIE session: AITestMap (May 28, 2018, 4:37:56 PM)
[2018.05.28-12.37.56:590][528]LogPlayLevel: Creating play world package: /Game/Maps/UEDPIE_0_AITestMap
[2018.05.28-12.37.56:593][528]LogPlayLevel: PIE: StaticDuplicateObject took: (0.002558s)
[2018.05.28-12.37.56:594][528]LogAIModule: Creating AISystem for world AITestMap
[2018.05.28-12.37.56:594][528]LogPlayLevel: PIE: World Init took: (0.000732s)
[2018.05.28-12.37.56:594][528]LogPlayLevel: PIE: Created PIE world by copying editor world from /Game/Maps/AITestMap.AITestMap to /Game/Maps/UEDPIE_0_AITestMap.AITestMap (0.003656s)
[2018.05.28-12.37.56:614][528]LogInit: XAudio2 using 'Luidsprekers (Conexant SmartAudio HD)' : 2 channels at 48 kHz using 32 bits per sample (channel mask 0x3)
[2018.05.28-12.37.56:648][528]LogInit: FAudioDevice initialized.
[2018.05.28-12.37.56:705][528]LogUObjectGlobals: Created PersistentFrame Addr=0x000001d6b73eafd0, Size=104, Default__BP_InGameGUI_C Function /Game/UI/Widgets/BP_InGameGUI.BP_InGameGUI_C:ExecuteUbergraph_BP_InGameGUI
[2018.05.28-12.37.56:708][528]LogUObjectGlobals: Destroyed PersistentFrame Addr=0x000001d6b73eafd0, Size=104
[2018.05.28-12.37.56:708][528]LogUObjectGlobals: Created PersistentFrame Addr=0x000001d6b73eafd0, Size=104, Default__BP_InGameGUI_C Function /Engine/Transient.REINST_BP_InGameGUI_C_0:ExecuteUbergraph_BP_InGameGUI
[2018.05.28-12.37.56:710][528]LogUObjectGlobals: Created PersistentFrame Addr=0x000001d6b7477b30, Size=104, Default__BP_InGameGUI_C Function /Game/UI/Widgets/BP_InGameGUI.BP_InGameGUI_C:ExecuteUbergraph_BP_InGameGUI
[2018.05.28-12.37.56:725][528]LogLoad: Game class is 'BP_FPSGameModeBase_C'
[2018.05.28-12.37.56:728][528]LogWorld: Bringing World /Game/Maps/UEDPIE_0_AITestMap.AITestMap up for play (max tick rate 60) at 2018.05.28-14.37.56
[2018.05.28-12.37.56:729][528]LogTemp: Warning: Run possess
[2018.05.28-12.37.56:729][528]LogWorld: Bringing up level for play took: 0.002676
[2018.05.28-12.37.56:734][528]LogContentBrowser: Native class hierarchy updated for 'MovieSceneCapture' in 0.0007 seconds. Added 11 classes and 0 folders.
[2018.05.28-12.37.57:080][528]LogStats: FPlatformStackWalk::StackWalkAndDump -  0.344 s
[2018.05.28-12.37.57:080][528]LogOutputDevice: Error: === Handled ensure: ===
[2018.05.28-12.37.57:080][528]LogOutputDevice: Error: 
[2018.05.28-12.37.57:080][528]LogOutputDevice: Error: Ensure condition failed: Component->HasBegunPlay() [File:D:\Build\++UE4+Release-4.19+Compile\Sync\Engine\Source\Runtime\Engine\Private\Actor.cpp] [Line: 3129]
[2018.05.28-12.37.57:080][528]LogOutputDevice: Error: Failed to route BeginPlay (SMG /Game/Maps/UEDPIE_0_AITestMap.AITestMap:PersistentLevel.BP_FPSPlayer_C_0.CurrentWeaponMesh)
[2018.05.28-12.37.57:080][528]LogOutputDevice: Error: Stack: 
[2018.05.28-12.37.57:080][528]LogOutputDevice: Error: [Callstack] 0x00000000AD37B706 UE4Editor-Core.dll!UnknownFunction []
[2018.05.28-12.37.57:080][528]LogOutputDevice: Error: [Callstack] 0x00000000AD0DAE3A UE4Editor-Core.dll!UnknownFunction []
[2018.05.28-12.37.57:080][528]LogOutputDevice: Error: [Callstack] 0x00000000AD0EECD6 UE4Editor-Core.dll!UnknownFunction []
[2018.05.28-12.37.57:080][528]LogOutputDevice: Error: [Callstack] 0x000000009F39A2D5 UE4Editor-Engine.dll!UnknownFunction []
[2018.05.28-12.37.57:080][528]LogOutputDevice: Error: [Callstack] 0x000000008EBF9DAF UE4Editor-FPS-6975.dll!AFPSPlayer::BeginPlay() [d:\sparetime\unreal\fps\fps\source\fps\fpsplayer.cpp:39]
[2018.05.28-12.37.57:080][528]LogOutputDevice: Error: [Callstack] 0x000000009F3A72FB UE4Editor-Engine.dll!UnknownFunction []
[2018.05.28-12.37.57:080][528]LogOutputDevice: Error: [Callstack] 0x00000000A065AE33 UE4Editor-Engine.dll!UnknownFunction []
[2018.05.28-12.37.57:080][528]LogOutputDevice: Error: [Callstack] 0x000000009FB1F731 UE4Editor-Engine.dll!UnknownFunction []
[2018.05.28-12.37.57:080][528]LogOutputDevice: Error: [Callstack] 0x00000000A064414E UE4Editor-Engine.dll!UnknownFunction []
[2018.05.28-12.37.57:080][528]LogOutputDevice: Error: [Callstack] 0x000000009FB4443E UE4Editor-Engine.dll!UnknownFunction []
[2018.05.28-12.37.57:080][528]LogOutputDevice: Error: [Callstack] 0x000000009E4427E0 UE4Editor-UnrealEd.dll!UnknownFunction []
[2018.05.28-12.37.57:080][528]LogOutputDevice: Error: [Callstack] 0x000000009E461246 UE4Editor-UnrealEd.dll!UnknownFunction []
[2018.05.28-12.37.57:080][528]LogOutputDevice: Error: [Callstack] 0x000000009E47BBEF UE4Editor-UnrealEd.dll!UnknownFunction []
[2018.05.28-12.37.57:080][528]LogOutputDevice: Error: [Callstack] 0x000000009DEEC961 UE4Editor-UnrealEd.dll!UnknownFunction []
[2018.05.28-12.37.57:080][528]LogOutputDevice: Error: [Callstack] 0x000000009E789626 UE4Editor-UnrealEd.dll!UnknownFunction []
[2018.05.28-12.37.57:080][528]LogOutputDevice: Error: [Callstack] 0x0000000022F85EAC UE4Editor.exe!UnknownFunction []
[2018.05.28-12.37.57:080][528]LogOutputDevice: Error: [Callstack] 0x0000000022F96BD0 UE4Editor.exe!UnknownFunction []
[2018.05.28-12.37.57:080][528]LogOutputDevice: Error: [Callstack] 0x0000000022F96C4A UE4Editor.exe!UnknownFunction []
[2018.05.28-12.37.57:080][528]LogOutputDevice: Error: [Callstack] 0x0000000022FA4177 UE4Editor.exe!UnknownFunction []
[2018.05.28-12.37.57:080][528]LogOutputDevice: Error: [Callstack] 0x0000000022FA5B87 UE4Editor.exe!UnknownFunction []
[2018.05.28-12.37.57:081][528]LogOutputDevice: Error: [Callstack] 0x00000000E79D3034 KERNEL32.DLL!UnknownFunction []
[2018.05.28-12.37.57:081][528]LogOutputDevice: Error: [Callstack] 0x00000000EA171551 ntdll.dll!UnknownFunction []
[2018.05.28-12.37.57:081][528]LogOutputDevice: Error: 
[2018.05.28-12.37.57:085][528]LogStats:                SubmitErrorReport -  0.000 s
[2018.05.28-12.37.57:469][528]LogStats:                    SendNewReport -  0.384 s
[2018.05.28-12.37.57:469][528]LogStats:             FDebug::EnsureFailed -  0.733 s
[2018.05.28-12.37.57:470][528]PIE: Play in editor start time for /Game/Maps/UEDPIE_0_AITestMap 0.379
[2018.05.28-12.37.58:989][606]LogUObjectGlobals: Destroyed PersistentFrame Addr=0x000001d6b73eafd0, Size=104
[2018.05.28-12.38.01:811][774]LogSlate: FSceneViewport::OnFocusLost() reason 0
[2018.05.28-12.38.03:631][862]LogContentBrowser: Native class hierarchy updated for 'BlueprintGraph' in 0.0010 seconds. Added 116 classes and 0 folders.
[2018.05.28-12.38.03:937][862]LogUObjectGlobals: Created PersistentFrame Addr=0x000001d636a090c8, Size=4, Default__SKEL_PROTO_BP_AnimBlueprint_0_C Function /Engine/Transient.SKEL_PROTO_BP_AnimBlueprint_0_C:ExecuteUbergraph_PROTO_BP_AnimBlueprint_0
[2018.05.28-12.38.03:938][862]LogUObjectGlobals: Created PersistentFrame Addr=0x000001d636a090c0, Size=4, Default__PROTO_BP_AnimBlueprint_0_C Function /Engine/Transient.PROTO_BP_AnimBlueprint_0_C:ExecuteUbergraph_PROTO_BP_AnimBlueprint_0
[2018.05.28-12.38.06:853][976]LogSlate: Took 0.002210 seconds to synchronously load lazily loaded font '../../../Engine/Content/Slate/Fonts/Roboto-BoldCondensed.ttf' (158K)
[2018.05.28-12.38.08:285][ 58]LogSlate: Took 0.000222 seconds to synchronously load lazily loaded font '../../../Engine/Content/Slate/Fonts/Roboto-Italic.ttf' (157K)
[2018.05.28-12.38.13:396][362]LogRenderer: Reallocating scene render targets to support 1144x712 Format 10 NumSamples 1 (Frame:1).
[2018.05.28-12.38.22:154][886]LogSlate: FSceneViewport::OnFocusLost() reason 0
[2018.05.28-12.38.50:612][552]LogSlate: FSceneViewport::OnFocusLost() reason 0
[2018.05.28-12.39.01:237][187]LogSlate: FSceneViewport::OnFocusLost() reason 0
[2018.05.28-12.39.16:602][102]LogSlate: FSceneViewport::OnFocusLost() reason 0
[2018.05.28-12.39.35:258][173]LogSlate: FSceneViewport::OnFocusLost() reason 0
[2018.05.28-12.40.05:947][966]LogSlate: FSceneViewport::OnFocusLost() reason 0
[2018.05.28-12.40.17:023][619]LogSlate: FSceneViewport::OnFocusLost() reason 0
[2018.05.28-12.40.17:089][623]BlueprintLog: New page: Compile BP_AssualtCharacter
[2018.05.28-12.40.29:545][340]LogSlate: FSceneViewport::OnFocusLost() reason 0
[2018.05.28-12.40.29:595][343]LogTemp: Repeating last play command: Selected Viewport
[2018.05.28-12.40.29:622][343]LogPlayLevel: PlayLevel: No blueprints needed recompiling
[2018.05.28-12.40.29:623][343]PIE: New page: PIE session: AITestMap (May 28, 2018, 4:40:29 PM)
[2018.05.28-12.40.29:623][343]LogPlayLevel: Creating play world package: /Game/Maps/UEDPIE_0_AITestMap
[2018.05.28-12.40.29:625][343]LogPlayLevel: PIE: StaticDuplicateObject took: (0.002361s)
[2018.05.28-12.40.29:626][343]LogAIModule: Creating AISystem for world AITestMap
[2018.05.28-12.40.29:626][343]LogPlayLevel: PIE: World Init took: (0.000912s)
[2018.05.28-12.40.29:626][343]LogPlayLevel: PIE: Created PIE world by copying editor world from /Game/Maps/AITestMap.AITestMap to /Game/Maps/UEDPIE_0_AITestMap.AITestMap (0.003498s)
[2018.05.28-12.40.29:656][343]LogInit: XAudio2 using 'Luidsprekers (Conexant SmartAudio HD)' : 2 channels at 48 kHz using 32 bits per sample (channel mask 0x3)
[2018.05.28-12.40.29:690][343]LogInit: FAudioDevice initialized.
[2018.05.28-12.40.29:743][343]LogLoad: Game class is 'BP_FPSGameModeBase_C'
[2018.05.28-12.40.29:747][343]LogWorld: Bringing World /Game/Maps/UEDPIE_0_AITestMap.AITestMap up for play (max tick rate 60) at 2018.05.28-14.40.29
[2018.05.28-12.40.29:747][343]LogTemp: Warning: Run possess
[2018.05.28-12.40.29:748][343]LogWorld: Bringing up level for play took: 0.002505
[2018.05.28-12.40.29:751][343]PIE: Play in editor start time for /Game/Maps/UEDPIE_0_AITestMap 0.66
[2018.05.28-12.40.29:871][343]LogRenderer: Reallocating scene render targets to support 1292x756 Format 10 NumSamples 1 (Frame:1).
[2018.05.28-12.40.43:663][164]LogSlate: Window 'FPS Game Preview Standalone (64-bit/PCD3D_SM5)' being destroyed
[2018.05.28-12.40.53:221][707]LogSlate: FSceneViewport::OnFocusLost() reason 0
[2018.05.28-12.41.03:100][296]LogSlate: FSceneViewport::OnFocusLost() reason 0
[2018.05.28-12.41.03:166][300]BlueprintLog: New page: Compile BP_AssualtCharacter
[2018.05.28-12.41.04:117][329]LogTemp: Repeating last play command: Selected Viewport
[2018.05.28-12.41.04:144][329]LogPlayLevel: PlayLevel: No blueprints needed recompiling
[2018.05.28-12.41.04:144][329]PIE: New page: PIE session: AITestMap (May 28, 2018, 4:41:04 PM)
[2018.05.28-12.41.04:144][329]LogPlayLevel: Creating play world package: /Game/Maps/UEDPIE_0_AITestMap
[2018.05.28-12.41.04:147][329]LogPlayLevel: PIE: StaticDuplicateObject took: (0.002543s)
[2018.05.28-12.41.04:148][329]LogAIModule: Creating AISystem for world AITestMap
[2018.05.28-12.41.04:148][329]LogPlayLevel: PIE: World Init took: (0.000784s)
[2018.05.28-12.41.04:148][329]LogPlayLevel: PIE: Created PIE world by copying editor world from /Game/Maps/AITestMap.AITestMap to /Game/Maps/UEDPIE_0_AITestMap.AITestMap (0.003515s)
[2018.05.28-12.41.04:184][329]LogInit: XAudio2 using 'Luidsprekers (Conexant SmartAudio HD)' : 2 channels at 48 kHz using 32 bits per sample (channel mask 0x3)
[2018.05.28-12.41.04:226][329]LogInit: FAudioDevice initialized.
[2018.05.28-12.41.04:278][329]LogLoad: Game class is 'BP_FPSGameModeBase_C'
[2018.05.28-12.41.04:280][329]LogWorld: Bringing World /Game/Maps/UEDPIE_0_AITestMap.AITestMap up for play (max tick rate 60) at 2018.05.28-14.41.04
[2018.05.28-12.41.04:281][329]LogTemp: Warning: Run possess
[2018.05.28-12.41.04:281][329]LogWorld: Bringing up level for play took: 0.002568
[2018.05.28-12.41.04:285][329]PIE: Play in editor start time for /Game/Maps/UEDPIE_0_AITestMap -0.807
[2018.05.28-12.41.20:891][302]LogSlate: Window 'FPS Game Preview Standalone (64-bit/PCD3D_SM5)' being destroyed
[2018.05.28-12.41.22:769][400]Cmd: OBJ SAVEPACKAGE PACKAGE="/Game/Maps/AITestMap" FILE="../../../../../SpareTime/Unreal/FPS/FPS/Content/Maps/AITestMap.umap" SILENT=true AUTOSAVING=false KEEPDIRTY=false
[2018.05.28-12.41.22:856][400]LogSavePackage: Save=25.06ms
[2018.05.28-12.41.22:856][400]LogSavePackage: Moving '../../../../../SpareTime/Unreal/FPS/FPS/Saved/AITestMap7DC078E0438229094CC5EB9C168BE7B4.tmp' to '../../../../../SpareTime/Unreal/FPS/FPS/Content/Maps/AITestMap.umap'
[2018.05.28-12.41.22:859][400]LogSavePackage: Display: Finished SavePackage ../../../../../SpareTime/Unreal/FPS/FPS/Content/Maps/AITestMap.umap
[2018.05.28-12.41.22:897][400]LogFileHelpers: Saving map 'AITestMap' took 0.209
[2018.05.28-12.41.22:946][400]Cmd: OBJ SAVEPACKAGE PACKAGE="/Game/Blueprints/AI/BP_AssualtCharacter" FILE="../../../../../SpareTime/Unreal/FPS/FPS/Content/Blueprints/AI/BP_AssualtCharacter.uasset" SILENT=true
[2018.05.28-12.41.22:980][400]LogSavePackage: Save=19.64ms
[2018.05.28-12.41.22:981][400]LogSavePackage: Moving '../../../../../SpareTime/Unreal/FPS/FPS/Saved/BP_AssualtCharacter8E711447469E36D0463DC4B1831C89BB.tmp' to '../../../../../SpareTime/Unreal/FPS/FPS/Content/Blueprints/AI/BP_AssualtCharacter.uasset'
[2018.05.28-12.41.22:983][400]LogSavePackage: Display: Finished SavePackage ../../../../../SpareTime/Unreal/FPS/FPS/Content/Blueprints/AI/BP_AssualtCharacter.uasset
[2018.05.28-12.46.14:792][146]LogSlate: FSceneViewport::OnFocusLost() reason 0
[2018.05.28-12.51.23:403][666]LogFileHelpers: Editor autosave (incl. sublevels) for '/Game/Maps/AITestMap' took 0.028
[2018.05.28-12.51.23:407][666]OBJ SavePackage: Generating thumbnails for [0] asset(s) in package [/Game/AI/AssaultCharacter/AssualtBT] ([1] browsable assets)...
[2018.05.28-12.51.23:407][666]OBJ SavePackage: Finished generating thumbnails for package [/Game/AI/AssaultCharacter/AssualtBT]
[2018.05.28-12.51.23:443][666]LogSavePackage: Save=6.60ms
[2018.05.28-12.51.23:443][666]LogSavePackage: Moving '../../../../../SpareTime/Unreal/FPS/FPS/Saved/AssualtBT_Auto1887F5C614E81BFF1421A7EA1F3D3DB6E.tmp' to '../../../../../SpareTime/Unreal/FPS/FPS/Saved/Autosaves/Game/AI/AssaultCharacter/AssualtBT_Auto1.uasset'
[2018.05.28-12.51.23:445][666]LogSavePackage: Display: Finished SavePackage ../../../../../SpareTime/Unreal/FPS/FPS/Saved/Autosaves/Game/AI/AssaultCharacter/AssualtBT_Auto1.uasset
[2018.05.28-12.51.23:445][666]LogFileHelpers: Auto-saving content packages took 0.041
[2018.05.28-12.56.05:955][496]Running D:/Epic Games/UE_4.19/Engine/Binaries/DotNET/UnrealBuildTool.exe  -projectfiles -project="D:/SpareTime/Unreal/FPS/FPS/FPS.uproject" -game -rocket -progress
[2018.05.28-12.56.06:263][496]Discovering modules, targets and source code for project...
[2018.05.28-12.56.13:655][496]Candidate modules for hot reload:
[2018.05.28-12.56.13:655][496]  FPS
[2018.05.28-12.56.13:655][496]Launching UnrealBuildTool... [D:/Epic Games/UE_4.19/Engine/Binaries/DotNET/UnrealBuildTool.exe FPS -ModuleWithSuffix=FPS,488 Win64 Development -editorrecompile -canskiplink "D:/SpareTime/Unreal/FPS/FPS/FPS.uproject" ]
[2018.05.28-12.56.44:145][496]CompilerResultsLog: New page: Compilation - May 28, 2018, 4:56:44 PM
[2018.05.28-12.56.44:145][496]CompilerResultsLog: Using 'git status' to determine working set for adaptive non-unity build.
[2018.05.28-12.56.44:145][496]CompilerResultsLog: Creating makefile for hot reloading FPS (new files with reflected types)
[2018.05.28-12.56.44:145][496]CompilerResultsLog: Compiling game modules for hot reload
[2018.05.28-12.56.44:145][496]CompilerResultsLog: Parsing headers for FPSEditor
[2018.05.28-12.56.44:145][496]CompilerResultsLog:   Running UnrealHeaderTool "D:\SpareTime\Unreal\FPS\FPS\FPS.uproject" "D:\SpareTime\Unreal\FPS\FPS\Intermediate\Build\Win64\FPSEditor\Development\FPSEditor.uhtmanifest" -LogCmds="loginit warning, logexit warning, logdatabase error" -Unattended -WarningsAsErrors -installed
[2018.05.28-12.56.44:145][496]CompilerResultsLog: Reflection code generated for FPSEditor in 9.6722075 seconds
[2018.05.28-12.56.44:145][496]CompilerResultsLog: Performing 5 actions (4 in parallel)
[2018.05.28-12.56.44:145][496]CompilerResultsLog: AssaultIdle.gen.cpp
[2018.05.28-12.56.44:145][496]CompilerResultsLog: FPS.init.gen.cpp
[2018.05.28-12.56.44:145][496]CompilerResultsLog: AssaultIdle.cpp
[2018.05.28-12.56.44:145][496]CompilerResultsLog: [4/5] Link UE4Editor-FPS-488.dll
[2018.05.28-12.56.44:145][496]CompilerResultsLog: [5/5] Link UE4Editor-FPS-488.lib
[2018.05.28-12.56.44:145][496]CompilerResultsLog:    Creating library D:\SpareTime\Unreal\FPS\FPS\Intermediate\Build\Win64\UE4Editor\Development\UE4Editor-FPS-488.lib and object D:\SpareTime\Unreal\FPS\FPS\Intermediate\Build\Win64\UE4Editor\Development\UE4Editor-FPS-488.exp
[2018.05.28-12.56.44:146][496]CompilerResultsLog:    Creating library D:\SpareTime\Unreal\FPS\FPS\Intermediate\Build\Win64\UE4Editor\Development\UE4Editor-FPS-488.suppressed.lib and object D:\SpareTime\Unreal\FPS\FPS\Intermediate\Build\Win64\UE4Editor\Development\UE4Editor-FPS-488.suppressed.exp
[2018.05.28-12.56.44:146][496]CompilerResultsLog: Total build time: 30.28 seconds (Local executor: 10.70 seconds)
[2018.05.28-12.56.44:146][496]LogMainFrame: MainFrame: Module compiling took 30.502 seconds
[2018.05.28-12.56.44:204][496]LogClass: Could not find existing class AssaultIdle in package /Script/FPS for HotReload, assuming new class
[2018.05.28-12.56.44:245][496]LogContentBrowser: Native class hierarchy updated for 'FPS' in 0.0013 seconds. Added 12 classes and 3 folders.
[2018.05.28-12.56.44:249][496]Display: HotReload successful (3 functions remapped  0 scriptstructs remapped)
[2018.05.28-12.56.44:649][496]LogContentBrowser: Native class hierarchy populated in 0.0106 seconds. Added 2465 classes and 563 folders.
[2018.05.28-12.56.44:654][496]Display: HotReload took 31.0s.
[2018.05.28-12.56.44:656][496]Warning: HotReload operation took 31.0s.
[2018.05.28-12.56.46:230][496]LogVSAccessor: Warning: Couldn't goto line number '1' in 'D:/SpareTime/Unreal/FPS/FPS/Source/FPS/AI/AssaultIdle.h'
[2018.05.28-12.56.46:280][496]LogVSAccessor: Warning: Couldn't open file 'D:/SpareTime/Unreal/FPS/FPS/Source/FPS/AI/AssaultIdle.cpp'.
[2018.05.28-12.56.46:291][496]LogSlate: Window 'Add C++ Class' being destroyed
[2018.05.28-12.56.46:306][496]LogHotReload: New module detected: UE4Editor-FPS-488.dll
[2018.05.28-12.56.46:371][497]LogHotReload: Starting Hot-Reload from IDE
[2018.05.28-12.56.46:463][497]LogContentBrowser: Native class hierarchy updated for 'FPS' in 0.0011 seconds. Added 12 classes and 3 folders.
[2018.05.28-12.56.46:467][497]Display: HotReload successful (0 functions remapped  0 scriptstructs remapped)
[2018.05.28-12.56.46:790][497]LogContentBrowser: Native class hierarchy populated in 0.0122 seconds. Added 2465 classes and 563 folders.
[2018.05.28-12.56.46:794][497]Display: HotReload took  0.4s.
