Log file open, 06/11/18 20:55:35
LogWindows: Failed to load 'aqProf.dll' (GetLastError=126)
LogWindows: File 'aqProf.dll' does not exist
LogWindows: Failed to load 'VtuneApi.dll' (GetLastError=126)
LogWindows: File 'VtuneApi.dll' does not exist
LogWindows: Failed to load 'VtuneApi32e.dll' (GetLastError=126)
LogWindows: File 'VtuneApi32e.dll' does not exist
LogInit: Display: Running engine for game: FPS
LogPlatformFile: Not using cached read wrapper
LogInit: Display: RandInit(-65583119) SRandInit(-65583119).
LogInit: Read version file with build ID '3944462'
LogInit: Overriding engine version to CL 4033788, compatible CL 3944462
LogInit: Registered custom module enumerator with build ID '3944462'
LogTaskGraph: Started task graph with 5 named threads and 23 total threads with 3 sets of task threads.
LogStats: Stats thread started at 0.350510
LogD3D11RHI: Aftermath initialized
LogICUInternationalization: Display: ICU TimeZone Detection - Raw Offset: +1:00, Platform Override: ''
LogPluginManager: Mounting plugin Paper2D
LogPluginManager: Mounting plugin LiveLink
LogPluginManager: Mounting plugin LightPropagationVolume
LogPluginManager: Mounting plugin CLionSourceCodeAccess
LogPluginManager: Mounting plugin CodeLiteSourceCodeAccess
LogPluginManager: Mounting plugin GitSourceControl
LogPluginManager: Mounting plugin KDevelopSourceCodeAccess
LogPluginManager: Mounting plugin NullSourceCodeAccess
LogPluginManager: Mounting plugin PerforceSourceControl
LogPluginManager: Mounting plugin SubversionSourceControl
LogPluginManager: Mounting plugin UObjectPlugin
LogPluginManager: Mounting plugin VisualStudioCodeSourceCodeAccess
LogPluginManager: Mounting plugin VisualStudioSourceCodeAccess
LogPluginManager: Mounting plugin XCodeSourceCodeAccess
LogPluginManager: Mounting plugin AssetManagerEditor
LogPluginManager: Mounting plugin CryptoKeys
LogPluginManager: Mounting plugin DataValidation
LogPluginManager: Mounting plugin FacialAnimation
LogPluginManager: Mounting plugin GameplayTagsEditor
LogPluginManager: Mounting plugin MobileLauncherProfileWizard
LogPluginManager: Mounting plugin PluginBrowser
LogPluginManager: Mounting plugin SpeedTreeImporter
LogPluginManager: Mounting plugin DatasmithContent
LogPluginManager: Mounting plugin AlembicImporter
LogPluginManager: Mounting plugin CharacterAI
LogPluginManager: Mounting plugin HTML5Networking
LogPluginManager: Mounting plugin AndroidMedia
LogPluginManager: Mounting plugin AvfMedia
LogPluginManager: Mounting plugin ImgMedia
LogPluginManager: Mounting plugin LinearTimecode
LogPluginManager: Mounting plugin MediaCompositing
LogPluginManager: Mounting plugin MediaPlayerEditor
LogPluginManager: Mounting plugin WmfMedia
LogPluginManager: Mounting plugin TcpMessaging
LogPluginManager: Mounting plugin UdpMessaging
LogPluginManager: Mounting plugin ActorSequence
LogPluginManager: Mounting plugin LevelSequenceEditor
LogPluginManager: Mounting plugin MatineeToLevelSequence
LogPluginManager: Mounting plugin NetcodeUnitTest
LogPluginManager: Mounting plugin NUTUnrealEngine4
LogPluginManager: Mounting plugin OnlineSubsystemGooglePlay
LogPluginManager: Mounting plugin OnlineSubsystemIOS
LogPluginManager: Mounting plugin OnlineSubsystem
LogPluginManager: Mounting plugin OnlineSubsystemNull
LogPluginManager: Mounting plugin OnlineSubsystemUtils
LogPluginManager: Mounting plugin AndroidDeviceProfileSelector
LogPluginManager: Mounting plugin AndroidMoviePlayer
LogPluginManager: Mounting plugin AndroidPermission
LogPluginManager: Mounting plugin AppleARKit
LogPluginManager: Mounting plugin AppleMoviePlayer
LogPluginManager: Mounting plugin ArchVisCharacter
LogPluginManager: Mounting plugin AudioCapture
LogPluginManager: Mounting plugin CableComponent
LogPluginManager: Mounting plugin CustomMeshComponent
LogPluginManager: Mounting plugin ExampleDeviceProfileSelector
LogPluginManager: Mounting plugin GoogleCloudMessaging
LogPluginManager: Mounting plugin ImmediatePhysics
LogPluginManager: Mounting plugin IOSDeviceProfileSelector
LogPluginManager: Mounting plugin LinuxDeviceProfileSelector
LogPluginManager: Mounting plugin LocationServicesBPLibrary
LogPluginManager: Mounting plugin MobilePatchingUtils
LogPluginManager: Mounting plugin OculusVR
LogPluginManager: Plugin shader directory ../../../Engine/Plugins/Runtime/Oculus/OculusVR/Shaders found
LogPluginManager: Mapping shader source directory ../../../Engine/Plugins/Runtime/Oculus/OculusVR/Shaders to virtual directory /Plugin/OculusVR
LogPluginManager: Mounting plugin PhysXVehicles
LogPluginManager: Mounting plugin ProceduralMeshComponent
LogPluginManager: Mounting plugin RuntimePhysXCooking
LogPluginManager: Mounting plugin SteamVR
LogPluginManager: Mounting plugin WindowsMoviePlayer
LogPluginManager: Mounting plugin CoverPointGenerator
LogStreaming: Display: Took  0.076s to configure plugins.
LogModuleManager: Display: Found up-to-date module file ../../../../../../../Projects/FPS/FPS/Binaries/Win64/UE4Editor-FPS.dll (API version 3944462).
LogModuleManager: Display: Found up-to-date module file ../../../Engine/Plugins/2D/Paper2D/Binaries/Win64/UE4Editor-Paper2D.dll (API version 3944462).
LogModuleManager: Display: Found up-to-date module file ../../../Engine/Plugins/2D/Paper2D/Binaries/Win64/UE4Editor-Paper2DEditor.dll (API version 3944462).
LogModuleManager: Display: Found up-to-date module file ../../../Engine/Plugins/2D/Paper2D/Binaries/Win64/UE4Editor-PaperSpriteSheetImporter.dll (API version 3944462).
LogModuleManager: Display: Found up-to-date module file ../../../Engine/Plugins/2D/Paper2D/Binaries/Win64/UE4Editor-PaperTiledImporter.dll (API version 3944462).
LogModuleManager: Display: Found up-to-date module file ../../../Engine/Plugins/2D/Paper2D/Binaries/Win64/UE4Editor-SmartSnapping.dll (API version 3944462).
LogModuleManager: Display: Found up-to-date module file ../../../Engine/Plugins/Animation/LiveLink/Binaries/Win64/UE4Editor-LiveLink.dll (API version 3944462).
LogModuleManager: Display: Found up-to-date module file ../../../Engine/Plugins/Animation/LiveLink/Binaries/Win64/UE4Editor-LiveLinkEditor.dll (API version 3944462).
LogModuleManager: Display: Found up-to-date module file ../../../Engine/Plugins/Blendables/LightPropagationVolume/Binaries/Win64/UE4Editor-LightPropagationVolumeRuntime.dll (API version 3944462).
LogModuleManager: Display: Found up-to-date module file ../../../Engine/Plugins/Blendables/LightPropagationVolume/Binaries/Win64/UE4Editor-LightPropagationVolumeEditor.dll (API version 3944462).
LogModuleManager: Display: Found up-to-date module file ../../../Engine/Plugins/Developer/CLionSourceCodeAccess/Binaries/Win64/UE4Editor-CLionSourceCodeAccess.dll (API version 3944462).
LogModuleManager: Display: Found up-to-date module file ../../../Engine/Plugins/Developer/GitSourceControl/Binaries/Win64/UE4Editor-GitSourceControl.dll (API version 3944462).
LogModuleManager: Display: Found up-to-date module file ../../../Engine/Plugins/Developer/PerforceSourceControl/Binaries/Win64/UE4Editor-PerforceSourceControl.dll (API version 3944462).
LogModuleManager: Display: Found up-to-date module file ../../../Engine/Plugins/Developer/SubversionSourceControl/Binaries/Win64/UE4Editor-SubversionSourceControl.dll (API version 3944462).
LogModuleManager: Display: Found up-to-date module file ../../../Engine/Plugins/Developer/UObjectPlugin/Binaries/Win64/UE4Editor-UObjectPlugin.dll (API version 3944462).
LogModuleManager: Display: Found up-to-date module file ../../../Engine/Plugins/Developer/VisualStudioCodeSourceCodeAccess/Binaries/Win64/UE4Editor-VisualStudioCodeSourceCodeAccess.dll (API version 3944462).
LogModuleManager: Display: Found up-to-date module file ../../../Engine/Plugins/Developer/VisualStudioSourceCodeAccess/Binaries/Win64/UE4Editor-VisualStudioSourceCodeAccess.dll (API version 3944462).
LogModuleManager: Display: Found up-to-date module file ../../../Engine/Plugins/Editor/AssetManagerEditor/Binaries/Win64/UE4Editor-AssetManagerEditor.dll (API version 3944462).
LogModuleManager: Display: Found up-to-date module file ../../../Engine/Plugins/Editor/CryptoKeys/Binaries/Win64/UE4Editor-CryptoKeys.dll (API version 3944462).
LogModuleManager: Display: Found up-to-date module file ../../../Engine/Plugins/Editor/CryptoKeys/Binaries/Win64/UE4Editor-CryptoKeysOpenSSL.dll (API version 3944462).
LogModuleManager: Display: Found up-to-date module file ../../../Engine/Plugins/Editor/DataValidation/Binaries/Win64/UE4Editor-DataValidation.dll (API version 3944462).
LogModuleManager: Display: Found up-to-date module file ../../../Engine/Plugins/Editor/FacialAnimation/Binaries/Win64/UE4Editor-FacialAnimation.dll (API version 3944462).
LogModuleManager: Display: Found up-to-date module file ../../../Engine/Plugins/Editor/FacialAnimation/Binaries/Win64/UE4Editor-FacialAnimationEditor.dll (API version 3944462).
LogModuleManager: Display: Found up-to-date module file ../../../Engine/Plugins/Editor/GameplayTagsEditor/Binaries/Win64/UE4Editor-GameplayTagsEditor.dll (API version 3944462).
LogModuleManager: Display: Found up-to-date module file ../../../Engine/Plugins/Editor/MobileLauncherProfileWizard/Binaries/Win64/UE4Editor-MobileLauncherProfileWizard.dll (API version 3944462).
LogModuleManager: Display: Found up-to-date module file ../../../Engine/Plugins/Editor/PluginBrowser/Binaries/Win64/UE4Editor-PluginBrowser.dll (API version 3944462).
LogModuleManager: Display: Found up-to-date module file ../../../Engine/Plugins/Editor/SpeedTreeImporter/Binaries/Win64/UE4Editor-SpeedTreeImporter.dll (API version 3944462).
LogModuleManager: Display: Found up-to-date module file ../../../Engine/Plugins/Enterprise/DatasmithContent/Binaries/Win64/UE4Editor-DatasmithContent.dll (API version 3944462).
LogModuleManager: Display: Found up-to-date module file ../../../Engine/Plugins/Experimental/AlembicImporter/Binaries/Win64/UE4Editor-AlembicImporter.dll (API version 3944462).
LogModuleManager: Display: Found up-to-date module file ../../../Engine/Plugins/Experimental/AlembicImporter/Binaries/Win64/UE4Editor-AlembicLibrary.dll (API version 3944462).
LogModuleManager: Display: Found up-to-date module file ../../../Engine/Plugins/Experimental/CharacterAI/Binaries/Win64/UE4Editor-CharacterAI.dll (API version 3944462).
LogModuleManager: Display: Found up-to-date module file ../../../Engine/Plugins/Experimental/HTML5Networking/Binaries/Win64/UE4Editor-HTML5Networking.dll (API version 3944462).
LogModuleManager: Display: Found up-to-date module file ../../../Engine/Plugins/Media/AndroidMedia/Binaries/Win64/UE4Editor-AndroidMediaEditor.dll (API version 3944462).
LogModuleManager: Display: Found up-to-date module file ../../../Engine/Plugins/Media/AndroidMedia/Binaries/Win64/UE4Editor-AndroidMediaFactory.dll (API version 3944462).
LogModuleManager: Display: Found up-to-date module file ../../../Engine/Plugins/Media/AvfMedia/Binaries/Win64/UE4Editor-AvfMediaEditor.dll (API version 3944462).
LogModuleManager: Display: Found up-to-date module file ../../../Engine/Plugins/Media/AvfMedia/Binaries/Win64/UE4Editor-AvfMediaFactory.dll (API version 3944462).
LogModuleManager: Display: Found up-to-date module file ../../../Engine/Plugins/Media/AvfMedia/Binaries/Win64/UE4Editor-AvfMediaFactory.dll (API version 3944462).
LogModuleManager: Display: Found up-to-date module file ../../../Engine/Plugins/Media/ImgMedia/Binaries/Win64/UE4Editor-ImgMedia.dll (API version 3944462).
LogModuleManager: Display: Found up-to-date module file ../../../Engine/Plugins/Media/ImgMedia/Binaries/Win64/UE4Editor-ImgMediaEditor.dll (API version 3944462).
LogModuleManager: Display: Found up-to-date module file ../../../Engine/Plugins/Media/ImgMedia/Binaries/Win64/UE4Editor-ImgMediaFactory.dll (API version 3944462).
LogModuleManager: Display: Found up-to-date module file ../../../Engine/Plugins/Media/ImgMedia/Binaries/Win64/UE4Editor-ImgMediaFactory.dll (API version 3944462).
LogModuleManager: Display: Found up-to-date module file ../../../Engine/Plugins/Media/ImgMedia/Binaries/Win64/UE4Editor-OpenExrWrapper.dll (API version 3944462).
LogModuleManager: Display: Found up-to-date module file ../../../Engine/Plugins/Media/LinearTimecode/Binaries/Win64/UE4Editor-LinearTimecode.dll (API version 3944462).
LogModuleManager: Display: Found up-to-date module file ../../../Engine/Plugins/Media/MediaCompositing/Binaries/Win64/UE4Editor-MediaCompositing.dll (API version 3944462).
LogModuleManager: Display: Found up-to-date module file ../../../Engine/Plugins/Media/MediaCompositing/Binaries/Win64/UE4Editor-MediaCompositingEditor.dll (API version 3944462).
LogModuleManager: Display: Found up-to-date module file ../../../Engine/Plugins/Media/MediaPlayerEditor/Binaries/Win64/UE4Editor-MediaPlayerEditor.dll (API version 3944462).
LogModuleManager: Display: Found up-to-date module file ../../../Engine/Plugins/Media/WmfMedia/Binaries/Win64/UE4Editor-WmfMedia.dll (API version 3944462).
LogModuleManager: Display: Found up-to-date module file ../../../Engine/Plugins/Media/WmfMedia/Binaries/Win64/UE4Editor-WmfMediaEditor.dll (API version 3944462).
LogModuleManager: Display: Found up-to-date module file ../../../Engine/Plugins/Media/WmfMedia/Binaries/Win64/UE4Editor-WmfMediaFactory.dll (API version 3944462).
LogModuleManager: Display: Found up-to-date module file ../../../Engine/Plugins/Media/WmfMedia/Binaries/Win64/UE4Editor-WmfMediaFactory.dll (API version 3944462).
LogModuleManager: Display: Found up-to-date module file ../../../Engine/Plugins/Messaging/TcpMessaging/Binaries/Win64/UE4Editor-TcpMessaging.dll (API version 3944462).
LogModuleManager: Display: Found up-to-date module file ../../../Engine/Plugins/Messaging/UdpMessaging/Binaries/Win64/UE4Editor-UdpMessaging.dll (API version 3944462).
LogModuleManager: Display: Found up-to-date module file ../../../Engine/Plugins/MovieScene/ActorSequence/Binaries/Win64/UE4Editor-ActorSequence.dll (API version 3944462).
LogModuleManager: Display: Found up-to-date module file ../../../Engine/Plugins/MovieScene/LevelSequenceEditor/Binaries/Win64/UE4Editor-LevelSequenceEditor.dll (API version 3944462).
LogModuleManager: Display: Found up-to-date module file ../../../Engine/Plugins/MovieScene/MatineeToLevelSequence/Binaries/Win64/UE4Editor-MatineeToLevelSequence.dll (API version 3944462).
LogModuleManager: Display: Found up-to-date module file ../../../Engine/Plugins/NetcodeUnitTest/NetcodeUnitTest/Binaries/Win64/UE4Editor-NetcodeUnitTest.dll (API version 3944462).
LogModuleManager: Display: Found up-to-date module file ../../../Engine/Plugins/NetcodeUnitTest/NUTUnrealEngine4/Binaries/Win64/UE4Editor-NUTUnrealEngine4.dll (API version 3944462).
LogModuleManager: Display: Found up-to-date module file ../../../Engine/Plugins/Online/OnlineSubsystem/Binaries/Win64/UE4Editor-OnlineSubsystem.dll (API version 3944462).
LogModuleManager: Display: Found up-to-date module file ../../../Engine/Plugins/Online/OnlineSubsystemNull/Binaries/Win64/UE4Editor-OnlineSubsystemNull.dll (API version 3944462).
LogModuleManager: Display: Found up-to-date module file ../../../Engine/Plugins/Online/OnlineSubsystemUtils/Binaries/Win64/UE4Editor-OnlineSubsystemUtils.dll (API version 3944462).
LogModuleManager: Display: Found up-to-date module file ../../../Engine/Plugins/Online/OnlineSubsystemUtils/Binaries/Win64/UE4Editor-OnlineBlueprintSupport.dll (API version 3944462).
LogModuleManager: Display: Found up-to-date module file ../../../Engine/Plugins/Runtime/AndroidDeviceProfileSelector/Binaries/Win64/UE4Editor-AndroidDeviceProfileSelector.dll (API version 3944462).
LogModuleManager: Display: Found up-to-date module file ../../../Engine/Plugins/Runtime/AndroidPermission/Binaries/Win64/UE4Editor-AndroidPermission.dll (API version 3944462).
LogModuleManager: Display: Found up-to-date module file ../../../Engine/Plugins/Runtime/AppleARKit/Binaries/Win64/UE4Editor-AppleARKit.dll (API version 3944462).
LogModuleManager: Display: Found up-to-date module file ../../../Engine/Plugins/Runtime/ArchVisCharacter/Binaries/Win64/UE4Editor-ArchVisCharacter.dll (API version 3944462).
LogModuleManager: Display: Found up-to-date module file ../../../Engine/Plugins/Runtime/AudioCapture/Binaries/Win64/UE4Editor-AudioCapture.dll (API version 3944462).
LogModuleManager: Display: Found up-to-date module file ../../../Engine/Plugins/Runtime/AudioCapture/Binaries/Win64/UE4Editor-AudioCaptureEditor.dll (API version 3944462).
LogModuleManager: Display: Found up-to-date module file ../../../Engine/Plugins/Runtime/CableComponent/Binaries/Win64/UE4Editor-CableComponent.dll (API version 3944462).
LogModuleManager: Display: Found up-to-date module file ../../../Engine/Plugins/Runtime/CustomMeshComponent/Binaries/Win64/UE4Editor-CustomMeshComponent.dll (API version 3944462).
LogModuleManager: Display: Found up-to-date module file ../../../Engine/Plugins/Runtime/ExampleDeviceProfileSelector/Binaries/Win64/UE4Editor-ExampleDeviceProfileSelector.dll (API version 3944462).
LogModuleManager: Display: Found up-to-date module file ../../../Engine/Plugins/Runtime/ImmediatePhysics/Binaries/Win64/UE4Editor-ImmediatePhysics.dll (API version 3944462).
LogModuleManager: Display: Found up-to-date module file ../../../Engine/Plugins/Runtime/ImmediatePhysics/Binaries/Win64/UE4Editor-ImmediatePhysicsEditor.dll (API version 3944462).
LogModuleManager: Display: Found up-to-date module file ../../../Engine/Plugins/Runtime/LocationServicesBPLibrary/Binaries/Win64/UE4Editor-LocationServicesBPLibrary.dll (API version 3944462).
LogModuleManager: Display: Found up-to-date module file ../../../Engine/Plugins/Runtime/MobilePatchingUtils/Binaries/Win64/UE4Editor-MobilePatchingUtils.dll (API version 3944462).
LogModuleManager: Display: Found up-to-date module file ../../../Engine/Plugins/Runtime/Oculus/OculusVR/Binaries/Win64/UE4Editor-OculusHMD.dll (API version 3944462).
LogModuleManager: Display: Found up-to-date module file ../../../Engine/Plugins/Runtime/Oculus/OculusVR/Binaries/Win64/UE4Editor-OculusInput.dll (API version 3944462).
LogModuleManager: Display: Found up-to-date module file ../../../Engine/Plugins/Runtime/Oculus/OculusVR/Binaries/Win64/UE4Editor-OculusEditor.dll (API version 3944462).
LogModuleManager: Display: Found up-to-date module file ../../../Engine/Plugins/Runtime/PhysXVehicles/Binaries/Win64/UE4Editor-PhysXVehicles.dll (API version 3944462).
LogModuleManager: Display: Found up-to-date module file ../../../Engine/Plugins/Runtime/PhysXVehicles/Binaries/Win64/UE4Editor-PhysXVehiclesEditor.dll (API version 3944462).
LogModuleManager: Display: Found up-to-date module file ../../../Engine/Plugins/Runtime/ProceduralMeshComponent/Binaries/Win64/UE4Editor-ProceduralMeshComponent.dll (API version 3944462).
LogModuleManager: Display: Found up-to-date module file ../../../Engine/Plugins/Runtime/ProceduralMeshComponent/Binaries/Win64/UE4Editor-ProceduralMeshComponentEditor.dll (API version 3944462).
LogModuleManager: Display: Found up-to-date module file ../../../Engine/Plugins/Runtime/RuntimePhysXCooking/Binaries/Win64/UE4Editor-RuntimePhysXCooking.dll (API version 3944462).
LogModuleManager: Display: Found up-to-date module file ../../../Engine/Plugins/Runtime/Steam/SteamVR/Binaries/Win64/UE4Editor-SteamVR.dll (API version 3944462).
LogModuleManager: Display: Found up-to-date module file ../../../Engine/Plugins/Runtime/Steam/SteamVR/Binaries/Win64/UE4Editor-SteamVRController.dll (API version 3944462).
LogModuleManager: Display: Found up-to-date module file ../../../Engine/Plugins/Runtime/WindowsMoviePlayer/Binaries/Win64/UE4Editor-WindowsMoviePlayer.dll (API version 3944462).
LogModuleManager: Display: Found up-to-date module file ../../../../../../../Projects/FPS/FPS/Plugins/CoverPointGenerator/Binaries/Win64/UE4Editor-CoverPointGenerator.dll (API version 3944462).
LogInit: Using libcurl 7.47.1
LogInit:  - built for x86_64-pc-win32
LogInit:  - supports SSL with OpenSSL/1.0.2g
LogInit:  - supports HTTP deflate (compression) using libz 1.2.8
LogInit:  - other features:
LogInit:      CURL_VERSION_SSL
LogInit:      CURL_VERSION_LIBZ
LogInit:      CURL_VERSION_IPV6
LogInit:      CURL_VERSION_ASYNCHDNS
LogInit:      CURL_VERSION_LARGEFILE
LogInit:      CURL_VERSION_IDN
LogInit:  CurlRequestOptions (configurable via config and command line):
LogInit:  - bVerifyPeer = false  - Libcurl will NOT verify peer certificate
LogInit:  - bUseHttpProxy = false  - Libcurl will NOT use HTTP proxy
LogInit:  - bDontReuseConnections = false  - Libcurl will reuse connections
LogInit:  - CertBundlePath = nullptr  - Libcurl will use whatever was configured at build time.
LogInit:  - MaxHostConnections = 16  - Libcurl will limit the number of connections to a host
LogInit:  - LocalHostAddr = Default
LogInit: WinSock: version 1.1 (2.2), MaxSocks=32767, MaxUdp=65467
LogInit: WinSock: I am DESKTOP-27ERO04 (192.168.178.101:0)
LogInit: Build: ++UE4+Release-4.19-CL-4033788
LogInit: Engine Version: 4.19.2-4033788+++UE4+Release-4.19
LogInit: Compatible Engine Version: 4.19.0-3944462+++UE4+Release-4.19
LogInit: Net CL: 3944462
LogDevObjectVersion: Number of dev versions registered: 18
LogDevObjectVersion:   Dev-Blueprints (B0D832E4-1F89-4F0D-ACCF-7EB736FD4AA2): 10
LogDevObjectVersion:   Dev-Build (E1C64328-A22C-4D53-A36C-8E866417BD8C): 0
LogDevObjectVersion:   Dev-Core (375EC13C-06E4-48FB-B500-84F0262A717E): 2
LogDevObjectVersion:   Dev-Editor (E4B068ED-F494-42E9-A231-DA0B2E46BB41): 23
LogDevObjectVersion:   Dev-Framework (CFFC743F-43B0-4480-9391-14DF171D2073): 33
LogDevObjectVersion:   Dev-Mobile (B02B49B5-BB20-44E9-A304-32B752E40360): 2
LogDevObjectVersion:   Dev-Networking (A4E4105C-59A1-49B5-A7C5-40C4547EDFEE): 0
LogDevObjectVersion:   Dev-Online (39C831C9-5AE6-47DC-9A44-9C173E1C8E7C): 0
LogDevObjectVersion:   Dev-Physics (78F01B33-EBEA-4F98-B9B4-84EACCB95AA2): 0
LogDevObjectVersion:   Dev-Platform (6631380F-2D4D-43E0-8009-CF276956A95A): 0
LogDevObjectVersion:   Dev-Rendering (12F88B9F-8875-4AFC-A67C-D90C383ABD29): 25
LogDevObjectVersion:   Dev-Sequencer (7B5AE74C-D270-4C10-A958-57980B212A5A): 6
LogDevObjectVersion:   Dev-VR (D7296918-1DD6-4BDD-9DE2-64A83CC13884): 1
LogDevObjectVersion:   Dev-LoadTimes (C2A15278-BFE7-4AFE-6C17-90FF531DF755): 1
LogDevObjectVersion:   Private-Geometry (6EACA3D4-40EC-4CC1-B786-8BED09428FC5): 2
LogDevObjectVersion:   Dev-AnimPhys (29E575DD-E0A3-4627-9D10-D276232CDCEA): 16
LogDevObjectVersion:   Dev-ReflectionCapture (6B266CEC-1EC7-4B8F-A30B-E4D90942FC07): 1
LogDevObjectVersion:   Dev-Automation (0DF73D61-A23F-47EA-B727-89E90C41499A): 1
LogInit: Compiled (64-bit): Apr 27 2018 02:06:57
LogInit: Compiled with Visual C++: 19.00.24215.01
LogInit: Build Configuration: Development
LogInit: Branch Name: ++UE4+Release-4.19
LogInit: Command Line:  -skipcompile
LogInit: Base Directory: E:/Game Engines/Epic Games/4.19/UE_4.19/Engine/Binaries/Win64/
LogInit: Installed Engine Build: 1
LogStreaming: Display: Took  0.002s to delete old logs.
LogInit: Presizing for max 8388607 objects, including 0 objects not considered by GC, pre-allocating 0 bytes for permanent pool.
LogInit: Object subsystem initialized
[2018.06.11-18.55.36:665][  0]LogInit: Selected Device Profile: [Windows]
[2018.06.11-18.55.36:665][  0]LogInit: Applying CVar settings loaded from the selected device profile: [Windows]
[2018.06.11-18.55.36:682][  0]LogInit: Computer: DESKTOP-27ERO04
[2018.06.11-18.55.36:682][  0]LogInit: User: TomColdenhoff
[2018.06.11-18.55.36:682][  0]LogInit: CPU Page size=4096, Cores=4
[2018.06.11-18.55.36:682][  0]LogInit: High frequency timer resolution =3.319352 MHz
[2018.06.11-18.55.36:682][  0]LogMemory: Memory total: Physical=11.9GB (12GB approx)
[2018.06.11-18.55.36:682][  0]LogMemory: Platform Memory Stats for Windows
[2018.06.11-18.55.36:682][  0]LogMemory: Process Physical Memory: 275.19 MB used, 275.19 MB peak
[2018.06.11-18.55.36:682][  0]LogMemory: Process Virtual Memory: 264.61 MB used, 264.61 MB peak
[2018.06.11-18.55.36:682][  0]LogMemory: Physical Memory: 6682.16 MB used,  5525.28 MB free, 12207.44 MB total
[2018.06.11-18.55.36:682][  0]LogMemory: Virtual Memory: 4789.33 MB used,  5525.28 MB free, 134217728.00 MB total
[2018.06.11-18.55.36:741][  0]LogInit: Using OS detected language (en-US).
[2018.06.11-18.55.36:741][  0]LogInit: Using OS detected locale (en-US).
[2018.06.11-18.55.36:744][  0]LogTextLocalizationManager: No specific localization for 'en-US' exists, so the 'en' localization will be used.
[2018.06.11-18.55.37:161][  0]LogStreaming: Display: Took  0.420s to EndInitTextLocalization.
[2018.06.11-18.55.37:161][  0]LogInit: Setting process to per monitor DPI aware
[2018.06.11-18.55.37:201][  0]LogSlate: New Slate User Created.  User Index 0, Is Virtual User: 0
[2018.06.11-18.55.37:201][  0]LogSlate: Slate User Registered.  User Index 0, Is Virtual User: 0
[2018.06.11-18.55.37:376][  0]LogD3D11RHI: D3D11 adapters:
[2018.06.11-18.55.37:445][  0]LogD3D11RHI:    0. 'NVIDIA GeForce GTX 970' (Feature Level 11_0)
[2018.06.11-18.55.37:445][  0]LogD3D11RHI:       4043/0/6103 MB DedicatedVideo/DedicatedSystem/SharedSystem, Outputs:2, VendorId:0x10de
[2018.06.11-18.55.37:449][  0]LogD3D11RHI:    1. 'Microsoft Basic Render Driver' (Feature Level 11_0)
[2018.06.11-18.55.37:449][  0]LogD3D11RHI:       0/0/6103 MB DedicatedVideo/DedicatedSystem/SharedSystem, Outputs:0, VendorId:0x1414
[2018.06.11-18.55.37:449][  0]LogD3D11RHI: Chosen D3D11 Adapter: 0
[2018.06.11-18.55.37:455][  0]LogD3D11RHI: Creating new Direct3DDevice
[2018.06.11-18.55.37:455][  0]LogD3D11RHI:     GPU DeviceId: 0x13c2 (for the marketing name, search the web for "GPU Device Id")
[2018.06.11-18.55.37:455][  0]LogWindows: EnumDisplayDevices:
[2018.06.11-18.55.37:455][  0]LogWindows:    0. 'NVIDIA GeForce GTX 970' (P:1 D:1)
[2018.06.11-18.55.37:455][  0]LogWindows:    1. 'NVIDIA GeForce GTX 970' (P:0 D:1)
[2018.06.11-18.55.37:456][  0]LogWindows:    2. 'NVIDIA GeForce GTX 970' (P:0 D:0)
[2018.06.11-18.55.37:456][  0]LogWindows:    3. 'NVIDIA GeForce GTX 970' (P:0 D:0)
[2018.06.11-18.55.37:456][  0]LogWindows: DebugString: GetVideoDriverDetailsInvalid PrimaryIsNotTheChoosenAdapter GetVideoDriverDetailsInvalid PrimaryIsNotTheChoosenAdapter GetVideoDriverDetailsInvalid PrimaryIsNotTheChoosenAdapter GetVideoDriverDetailsInvalid PrimaryIsNotTheChoosenAdapter FoundDriverCount:0 
[2018.06.11-18.55.37:456][  0]LogD3D11RHI:     Adapter Name: NVIDIA GeForce GTX 970
[2018.06.11-18.55.37:456][  0]LogD3D11RHI:   Driver Version: Unknown (internal:Unknown, unified:Unknown)
[2018.06.11-18.55.37:456][  0]LogD3D11RHI:      Driver Date: Unknown
[2018.06.11-18.55.37:456][  0]LogRHI: Texture pool is 2830 MB (70% of 4043 MB)
[2018.06.11-18.55.37:496][  0]LogD3D11RHI: [Aftermath] Aftermath enabled and primed
[2018.06.11-18.55.37:496][  0]LogD3D11RHI: [Aftermath] Aftermath enabled and primed
[2018.06.11-18.55.37:496][  0]LogD3D11RHI: Async texture creation enabled
[2018.06.11-18.55.37:563][  0]LogD3D11RHI: GPU Timing Frequency: 1000.000000 (Debug: 2 2)
[2018.06.11-18.55.37:611][  0]LogShaderCompilers: Guid format shader working directory is 16 characters bigger than the processId version (../../../../../../../Projects/FPS/FPS/Intermediate/Shaders/WorkingDirectory/10332/).
[2018.06.11-18.55.37:612][  0]LogShaderCompilers: Cleaned the shader compiler working directory 'C:/Users/TomColdenhoff/AppData/Local/Temp/UnrealShaderWorkingDir/C261E57E4AD5A08BD393DE935BEA1BF2/'.
[2018.06.11-18.55.37:797][  0]LogTemp: Display: Loaded TP AllDesktopTargetPlatform
[2018.06.11-18.55.37:811][  0]LogTemp: Display: Loaded TP MacClientTargetPlatform
[2018.06.11-18.55.37:826][  0]LogTemp: Display: Loaded TP MacNoEditorTargetPlatform
[2018.06.11-18.55.37:840][  0]LogTemp: Display: Loaded TP MacServerTargetPlatform
[2018.06.11-18.55.37:857][  0]LogTemp: Display: Loaded TP MacTargetPlatform
[2018.06.11-18.55.37:870][  0]LogTemp: Display: Loaded TP WindowsClientTargetPlatform
[2018.06.11-18.55.37:887][  0]LogTemp: Display: Loaded TP WindowsNoEditorTargetPlatform
[2018.06.11-18.55.37:902][  0]LogTemp: Display: Loaded TP WindowsServerTargetPlatform
[2018.06.11-18.55.37:909][  0]LogTemp: Display: Loaded TP WindowsTargetPlatform
[2018.06.11-18.55.37:922][  0]LogTemp: Display: Loaded TP Android_ASTCTargetPlatform
[2018.06.11-18.55.37:938][  0]LogTemp: Display: Loaded TP Android_ATCTargetPlatform
[2018.06.11-18.55.37:955][  0]LogTemp: Display: Loaded TP Android_DXTTargetPlatform
[2018.06.11-18.55.37:968][  0]LogTemp: Display: Loaded TP Android_ETC1aTargetPlatform
[2018.06.11-18.55.37:980][  0]LogTemp: Display: Loaded TP Android_ETC1TargetPlatform
[2018.06.11-18.55.37:997][  0]LogTemp: Display: Loaded TP Android_ETC2TargetPlatform
[2018.06.11-18.55.38:025][  0]LogTemp: Display: Loaded TP Android_MultiTargetPlatform
[2018.06.11-18.55.38:025][  0]LogTemp: Display: Loaded TP Android_PVRTCTargetPlatform
[2018.06.11-18.55.38:044][  0]LogTemp: Display: Loaded TP AndroidTargetPlatform
[2018.06.11-18.55.38:047][  0]LogTemp: Display: Loaded TP HTML5TargetPlatform
[2018.06.11-18.55.38:088][  0]LogTemp: Display: Loaded TP IOSTargetPlatform
[2018.06.11-18.55.38:102][  0]LogTemp: Display: Loaded TP TVOSTargetPlatform
[2018.06.11-18.55.38:115][  0]LogTemp: Display: Loaded TP LinuxClientTargetPlatform
[2018.06.11-18.55.38:132][  0]LogTemp: Display: Loaded TP LinuxNoEditorTargetPlatform
[2018.06.11-18.55.38:144][  0]LogTemp: Display: Loaded TP LinuxServerTargetPlatform
[2018.06.11-18.55.38:157][  0]LogTemp: Display: Loaded TP LinuxTargetPlatform
[2018.06.11-18.55.38:157][  0]LogTargetPlatformManager: Display: Building Assets For Windows
[2018.06.11-18.55.38:273][  0]LogXGEController: Cleaning working directory: C:/Users/TomColdenhoff/AppData/Local/Temp/UnrealXGEWorkingDir/
[2018.06.11-18.55.38:273][  0]LogXGEController: Cannot use XGE Controller as Incredibuild is not installed on this machine.
[2018.06.11-18.55.38:273][  0]LogShaderCompilers: Cannot use XGE Shader Compiler as Incredibuild is not installed on this machine.
[2018.06.11-18.55.38:273][  0]LogShaderCompilers: Display: Using Local Shader Compiler.
[2018.06.11-18.55.38:959][  0]LogDerivedDataCache: Display: Max Cache Size: 512 MB
[2018.06.11-18.55.39:034][  0]LogDerivedDataCache: Loaded boot cache 0.07s 80MB C:/Users/TomColdenhoff/AppData/Local/UnrealEngine/4.19/DerivedDataCache/Boot.ddc.
[2018.06.11-18.55.39:034][  0]LogDerivedDataCache: Display: Loaded Boot cache: C:/Users/TomColdenhoff/AppData/Local/UnrealEngine/4.19/DerivedDataCache/Boot.ddc
[2018.06.11-18.55.39:034][  0]LogDerivedDataCache: FDerivedDataBackendGraph:  Pak pak cache file ../../../../../../../Projects/FPS/FPS/DerivedDataCache/DDC.ddp not found, will not use a pak cache.
[2018.06.11-18.55.39:034][  0]LogDerivedDataCache: Unable to find inner node Pak for hierarchical cache Hierarchy.
[2018.06.11-18.55.39:034][  0]LogDerivedDataCache: FDerivedDataBackendGraph:  CompressedPak pak cache file ../../../../../../../Projects/FPS/FPS/DerivedDataCache/Compressed.ddp not found, will not use a pak cache.
[2018.06.11-18.55.39:034][  0]LogDerivedDataCache: Unable to find inner node CompressedPak for hierarchical cache Hierarchy.
[2018.06.11-18.55.39:051][  0]LogDerivedDataCache: Display: Pak cache opened for reading ../../../Engine/DerivedDataCache/Compressed.ddp.
[2018.06.11-18.55.39:064][  0]LogDerivedDataCache: Using Local data cache path C:/Users/TomColdenhoff/AppData/Local/UnrealEngine/Common/DerivedDataCache: Writable
[2018.06.11-18.55.39:064][  0]LogDerivedDataCache: Shared data cache path not found in *engine.ini, will not use an Shared cache.
[2018.06.11-18.55.39:064][  0]LogDerivedDataCache: Unable to find inner node Shared for hierarchical cache Hierarchy.
[2018.06.11-18.55.39:075][  0]LogMaterial: Verifying Global Shaders for PCD3D_SM5
[2018.06.11-18.55.39:075][  0]LogSlate: Using Freetype 2.6.0
[2018.06.11-18.55.39:076][  0]LogSlate: SlateFontCache - WITH_FREETYPE: 1, WITH_HARFBUZZ: 1
[2018.06.11-18.55.39:076][  0]LogSlate: SlateFontCache - WITH_FREETYPE: 1, WITH_HARFBUZZ: 1
[2018.06.11-18.55.39:184][  0]LogAssetRegistry: FAssetRegistry took 0.0283 seconds to start up
[2018.06.11-18.55.39:479][  0]LogInit: Selected Device Profile: [Windows]
[2018.06.11-18.55.39:612][  0]LogSimplygon: Simplygon DLL not present - disabling.
[2018.06.11-18.55.39:615][  0]LogMeshReduction: Using SimplygonSwarm for distributed automatic mesh merging
[2018.06.11-18.55.39:615][  0]LogMeshReduction: Using QuadricMeshReduction for automatic static mesh reduction
[2018.06.11-18.55.39:615][  0]LogMeshReduction: No automatic skeletal mesh reduction module available
[2018.06.11-18.55.39:615][  0]LogMeshReduction: No automatic mesh merging module available
[2018.06.11-18.55.39:615][  0]LogMeshMerging: No automatic mesh merging module available
[2018.06.11-18.55.39:640][  0]LogNetVersion: FPS , NetCL: 3944462, EngineNetVer: 2, GameNetVer: 0 (Checksum: 2326512385)
[2018.06.11-18.55.40:034][  0]LogPackageLocalizationCache: Processed 9 localized package path(s) for 2 prioritized culture(s) in 0.066288 seconds
[2018.06.11-18.55.40:039][  0]LogUObjectArray: 36728 objects as part of root set at end of initial load.
[2018.06.11-18.55.40:040][  0]LogUObjectAllocator: 7314312 out of 0 bytes used by permanent object pool.
[2018.06.11-18.55.40:040][  0]LogUObjectArray: CloseDisregardForGC: 0/0 objects in disregard for GC pool
[2018.06.11-18.55.41:589][  0]LogTcpMessaging: Initializing TcpMessaging bridge
[2018.06.11-18.55.41:617][  0]LogUdpMessaging: Initializing bridge on interface 0.0.0.0:0 to multicast group 230.0.0.1:6666.
[2018.06.11-18.55.41:902][  0]LogSkeletalMesh: Skeletal Mesh found in DDC [1.480409ms] /Game/Models/Player/Arms/Arms_SMG.Arms_SMG
[2018.06.11-18.55.41:919][  0]LogUObjectGlobals: Created PersistentFrame Addr=0x000002abfef15990, Size=80, Default__BP_SMGAnim_C Function /Game/Animations/SMG/BP_SMGAnim.BP_SMGAnim_C:ExecuteUbergraph_BP_SMGAnim
[2018.06.11-18.55.41:928][  0]LogUObjectGlobals: Destroyed PersistentFrame Addr=0x000002abfef15990, Size=80
[2018.06.11-18.55.41:928][  0]LogUObjectGlobals: Created PersistentFrame Addr=0x000002ab83fcf060, Size=80, Default__BP_SMGAnim_C Function /Engine/Transient.REINST_BP_SMGAnim_C_0:ExecuteUbergraph_BP_SMGAnim
[2018.06.11-18.55.41:938][  0]LogUObjectGlobals: Created PersistentFrame Addr=0x000002ab83f36de0, Size=80, Default__BP_SMGAnim_C Function /Game/Animations/SMG/BP_SMGAnim.BP_SMGAnim_C:ExecuteUbergraph_BP_SMGAnim
[2018.06.11-18.55.42:059][  0]SourceControl: Source control is disabled
[2018.06.11-18.55.42:059][  0]SourceControl: Source control is disabled
[2018.06.11-18.55.42:080][  0]SourceControl: Source control is disabled
[2018.06.11-18.55.42:093][  0]SourceControl: Source control is disabled
[2018.06.11-18.55.42:515][  0]LogAndroidPermission: UAndroidPermissionCallbackProxy::GetInstance
[2018.06.11-18.55.42:659][  0]LogOcInput: OculusInput pre-init called
[2018.06.11-18.55.43:677][  0]LogEngine: Initializing Engine...
[2018.06.11-18.55.43:678][  0]LogHMD: Failed to initialize OpenVR with code 110
[2018.06.11-18.55.43:680][  0]LogStats: UGameplayTagsManager::ConstructGameplayTagTree: Construct from data asset -  0.000 s
[2018.06.11-18.55.43:680][  0]LogStats: UGameplayTagsManager::ConstructGameplayTagTree: GameplayTagTreeChangedEvent.Broadcast -  0.000 s
[2018.06.11-18.55.43:890][  0]LogAIModule: Creating AISystem for world Untitled
[2018.06.11-18.55.43:915][  0]LogInit: XAudio2 using 'Speakers (Logitech G35 Headset)' : 2 channels at 44.1 kHz using 16 bits per sample (channel mask 0x3)
[2018.06.11-18.55.43:935][  0]LogInit: FAudioDevice initialized.
[2018.06.11-18.55.44:090][  0]LogDerivedDataCache: Saved boot cache 0.16s 80MB C:/Users/TomColdenhoff/AppData/Local/UnrealEngine/4.19/DerivedDataCache/Boot.ddc.
[2018.06.11-18.55.44:103][  0]LogInit: Texture streaming: Enabled
[2018.06.11-18.55.44:121][  0]LogEngineSessionManager: EngineSessionManager initialized
[2018.06.11-18.55.44:121][  0]LogEngineSessionManager: EngineSessionManager sent abnormal shutdown report. Type=Debugger, SessionId={824D6991-4BF5-A9E6-81BB-9B9EADE4F952}
[2018.06.11-18.55.44:128][  0]LogInit: Transaction tracking system initialized
[2018.06.11-18.55.44:152][  0]BlueprintLog: New page: Editor Load
[2018.06.11-18.55.44:248][  0]LocalizationService: Localization service is disabled
[2018.06.11-18.55.44:364][  0]LogConsoleResponse: Display: 
[2018.06.11-18.55.44:494][  0]LogCook: Display: Max memory allowance for cook 16384mb min free memory 0mb
[2018.06.11-18.55.44:494][  0]LogCook: Display: Mobile HDR setting 1
[2018.06.11-18.55.44:494][  0]LogGameplayTags: Display: UGameplayTagsManager::DoneAddingNativeTags. DelegateIsBound: 0
[2018.06.11-18.55.44:495][  0]LogStats: UGameplayTagsManager::ConstructGameplayTagTree: Construct from data asset -  0.000 s
[2018.06.11-18.55.44:495][  0]LogStats: UGameplayTagsManager::ConstructGameplayTagTree: GameplayTagTreeChangedEvent.Broadcast -  0.000 s
[2018.06.11-18.55.44:739][  0]LogFileCache: Scanning file cache for directory 'E:/Projects/FPS/FPS/Content/' took 0.02s
[2018.06.11-18.55.44:820][  0]SourceControl: Source control is disabled
[2018.06.11-18.55.44:820][  0]Cmd: MAP LOAD FILE="../../../../../../../Projects/FPS/FPS/Content/Maps/AITestMap.umap" TEMPLATE=0 SHOWPROGRESS=1 FEATURELEVEL=3
[2018.06.11-18.55.44:821][  0]LightingResults: New page: Lighting Build
[2018.06.11-18.55.44:823][  0]MapCheck: New page: Map Check
[2018.06.11-18.55.44:823][  0]LightingResults: New page: Lighting Build
[2018.06.11-18.55.44:832][  0]LogUObjectGlobals: Destroyed PersistentFrame Addr=0x000002ab83fcf060, Size=80
[2018.06.11-18.55.44:873][  0]LogUObjectGlobals: Created PersistentFrame Addr=0x000002abe7f72900, Size=128, Default__BP_AssaultAIAnim_C Function /Game/Animations/AI/BP_AssaultAIAnim.BP_AssaultAIAnim_C:ExecuteUbergraph_BP_AssaultAIAnim
[2018.06.11-18.55.44:899][  0]LogUObjectGlobals: Destroyed PersistentFrame Addr=0x000002abe7f72900, Size=128
[2018.06.11-18.55.44:899][  0]LogUObjectGlobals: Created PersistentFrame Addr=0x000002abfeefe000, Size=128, Default__BP_AssaultAIAnim_C Function /Engine/Transient.REINST_BP_AssaultAIAnim_C_1:ExecuteUbergraph_BP_AssaultAIAnim
[2018.06.11-18.55.44:929][  0]LogUObjectGlobals: Created PersistentFrame Addr=0x000002ab9881e480, Size=128, Default__BP_AssaultAIAnim_C Function /Game/Animations/AI/BP_AssaultAIAnim.BP_AssaultAIAnim_C:ExecuteUbergraph_BP_AssaultAIAnim
[2018.06.11-18.55.45:186][  0]LogSkeletalMesh: Skeletal Mesh found in DDC [3.713375ms] /Game/Animations/AnimStarterPack/UE4_Mannequin/Mesh/SK_Mannequin.SK_Mannequin
[2018.06.11-18.55.45:234][  0]LogAIModule: Creating AISystem for world AITestMap
[2018.06.11-18.55.45:245][  0]LogEditorServer: Finished looking for orphan Actors (0.000 secs)
[2018.06.11-18.55.45:256][  0]LogUObjectGlobals: Destroyed PersistentFrame Addr=0x000002abfeefe000, Size=128
[2018.06.11-18.55.45:257][  0]Cmd: MAP CHECKDEP NOCLEARLOG
[2018.06.11-18.55.45:306][  0]MapCheck: Map check complete: 0 Error(s), 0 Warning(s), took 48.371ms to complete.
[2018.06.11-18.55.45:306][  0]LogFileHelpers: Loading map 'AITestMap' took 0.486
[2018.06.11-18.55.45:459][  0]LogCollectionManager: Loaded 0 collections in 0.000897 seconds
[2018.06.11-18.55.45:505][  0]LogFileCache: Scanning file cache for directory 'E:/Projects/FPS/FPS/Saved/Collections/' took 0.01s
[2018.06.11-18.55.45:506][  0]LogFileCache: Scanning file cache for directory 'E:/Projects/FPS/FPS/Content/Developers/TomColdenhoff/Collections/' took 0.01s
[2018.06.11-18.55.45:506][  0]LogFileCache: Scanning file cache for directory 'E:/Projects/FPS/FPS/Content/Collections/' took 0.01s
[2018.06.11-18.55.45:506][  0]LogCollectionManager: Rebuilt the GUID cache for 0 collections in 0.000001 seconds
[2018.06.11-18.55.45:515][  0]LogContentBrowser: Native class hierarchy populated in 0.0095 seconds. Added 2474 classes and 563 folders.
[2018.06.11-18.55.45:521][  0]LogContentBrowser: Native class hierarchy updated for 'WidgetCarousel' in 0.0008 seconds. Added 0 classes and 0 folders.
[2018.06.11-18.55.45:555][  0]LogContentBrowser: Native class hierarchy updated for 'AddContentDialog' in 0.0008 seconds. Added 0 classes and 0 folders.
[2018.06.11-18.55.45:563][  0]LogContentBrowser: Native class hierarchy updated for 'SceneOutliner' in 0.0010 seconds. Added 1 classes and 2 folders.
[2018.06.11-18.55.46:646][  0]LogSlate: Only BGRA pngs, bmps or icos are supported in by External Image Picker
[2018.06.11-18.55.46:670][  0]LogSlate: Took 0.000174 seconds to synchronously load lazily loaded font '../../../Engine/Content/Slate/Fonts/Roboto-Regular.ttf' (155K)
[2018.06.11-18.55.46:673][  0]LogSlate: Took 0.000336 seconds to synchronously load lazily loaded font '../../../Engine/Content/Slate/Fonts/Roboto-Bold.ttf' (160K)
[2018.06.11-18.55.46:681][  0]LogSlate: Took 0.000600 seconds to synchronously load lazily loaded font '../../../Engine/Content/Editor/Slate/Fonts/FontAwesome.ttf' (139K)
[2018.06.11-18.55.46:801][  0]LogTemp: Executing iPhonePackager certificates Engine -bundlename com.YourCompany.FPS
[2018.06.11-18.55.46:801][  0]LogTemp: CWD: E:\Game Engines\Epic Games\4.19\UE_4.19\Engine\Binaries\DotNET\IOS
[2018.06.11-18.55.46:801][  0]LogTemp: Initial Dir: E:\Game Engines\Epic Games\4.19\UE_4.19
[2018.06.11-18.55.46:801][  0]LogTemp: Env CWD: E:\Game Engines\Epic Games\4.19\UE_4.19\Engine\Binaries\DotNET\IOS
[2018.06.11-18.55.46:801][  0]LogTemp: BranchPath = DESKTOP-27ERO04/E/Game Engines/Epic Games/4.19/UE_4.19/Engine/Binaries --- GameBranchPath = DESKTOP-27ERO04/E/Game Engines/Epic Games/4.19/UE_4.19/Engine/Binaries
[2018.06.11-18.55.46:801][  0]LogTemp: IPP ERROR: Could not find provision directory 'C:\Users\TomColdenhoff\AppData\Local/Apple Computer/MobileDevice/Provisioning Profiles/'.
[2018.06.11-18.55.46:802][  0]LogRenderer: Reallocating scene render targets to support 1136x532 Format 10 NumSamples 1 (Frame:1).
[2018.06.11-18.55.46:924][  0]LogContentBrowser: Native class hierarchy updated for 'HierarchicalLODOutliner' in 0.0013 seconds. Added 0 classes and 0 folders.
[2018.06.11-18.55.46:925][  0]LogLoad: (Engine Initialization) Total time: 12.69 seconds
[2018.06.11-18.55.46:925][  0]LogLoad: (Engine Initialization) Total Blueprint compile time: 0.00 seconds
[2018.06.11-18.55.46:944][  0]LogWindowsTextInputMethodSystem: Display: IME system now deactivated.
[2018.06.11-18.55.46:967][  0]LogContentStreaming: Texture pool size now 1000 MB
[2018.06.11-18.55.47:007][  0]LogSlate: Took 0.000213 seconds to synchronously load lazily loaded font '../../../Engine/Content/Slate/Fonts/Roboto-Light.ttf' (167K)
[2018.06.11-18.55.47:035][  1]LogAssetRegistry: Asset discovery search completed in 7.8751 seconds
[2018.06.11-18.55.47:038][  1]LogCollectionManager: Rebuilt the object cache for 0 collections in 0.000000 seconds (found 0 objects)
[2018.06.11-18.55.47:038][  1]LogCollectionManager: Fixed up redirectors for 0 collections in 0.000186 seconds (updated 0 objects)
[2018.06.11-18.55.50:911][455]LogEditorViewport: Clicking on Actor (LMB): BP_AssaultEnemy_C (BP_AssaultEnemy)
[2018.06.11-18.56.07:122][254]LogSlate: FSceneViewport::OnFocusLost() reason 2
[2018.06.11-18.56.09:739][560]LogSlate: FSceneViewport::OnFocusLost() reason 2
[2018.06.11-18.56.12:695][889]LogSlate: Took 0.000252 seconds to synchronously load lazily loaded font '../../../Engine/Content/Slate/Fonts/Roboto-Light.ttf' (167K)
[2018.06.11-18.56.12:703][889]LogSlate: FSceneViewport::OnFocusLost() reason 2
[2018.06.11-18.56.12:736][889]LogSlate: FSceneViewport::OnFocusLost() reason 2
[2018.06.11-18.56.19:007][609]Candidate modules for hot reload:
[2018.06.11-18.56.19:008][609]  FPS
[2018.06.11-18.56.19:008][609]Launching UnrealBuildTool... [E:/Game Engines/Epic Games/4.19/UE_4.19/Engine/Binaries/DotNET/UnrealBuildTool.exe FPS -ModuleWithSuffix=FPS,9525 Win64 Development -editorrecompile -canskiplink "E:/Projects/FPS/FPS/FPS.uproject" ]
[2018.06.11-18.56.19:009][609]Warning: Starting HotReload took  0.1s.
[2018.06.11-18.56.19:887][681]Cmd: OBJ SAVEPACKAGE PACKAGE="/Game/Maps/AITestMap" FILE="../../../../../../../Projects/FPS/FPS/Content/Maps/AITestMap.umap" SILENT=true AUTOSAVING=false KEEPDIRTY=false
[2018.06.11-18.56.20:021][681]LogSavePackage: Save=48.06ms
[2018.06.11-18.56.20:021][681]LogSavePackage: Moving '../../../../../../../Projects/FPS/FPS/Saved/AITestMap3AB2221F4904FD4B7FFEEDBB34A92A0D.tmp' to '../../../../../../../Projects/FPS/FPS/Content/Maps/AITestMap.umap'
[2018.06.11-18.56.20:041][681]LogSavePackage: Display: Finished SavePackage ../../../../../../../Projects/FPS/FPS/Content/Maps/AITestMap.umap
[2018.06.11-18.56.21:264][800]LogSlate: FSceneViewport::OnFocusLost() reason 0
[2018.06.11-18.56.24:095][ 68]CompilerResultsLog: New page: Compilation - Jun 11, 2018, 10:56:24 PM
[2018.06.11-18.56.24:095][ 68]CompilerResultsLog: Using 'git status' to determine working set for adaptive non-unity build.
[2018.06.11-18.56.24:095][ 68]CompilerResultsLog: Creating makefile for hot reloading FPS (ini files are newer than UBTMakefile)
[2018.06.11-18.56.24:096][ 68]CompilerResultsLog: Compiling game modules for hot reload
[2018.06.11-18.56.24:096][ 68]CompilerResultsLog: Target is up to date
[2018.06.11-18.56.24:096][ 68]CompilerResultsLog: Total build time: 4.89 seconds (NoActionsToExecute executor: 0.00 seconds)
[2018.06.11-18.56.24:096][ 68]LogMainFrame: MainFrame: Module compiling took 5.094 seconds
[2018.06.11-18.56.24:122][ 68]LogContentBrowser: Native class hierarchy populated in 0.0111 seconds. Added 2475 classes and 565 folders.
[2018.06.11-18.56.24:122][ 68]Display: HotReload took  5.2s.
[2018.06.11-18.56.29:048][600]LogTemp: Repeating last play command: Selected Viewport
[2018.06.11-18.56.29:068][600]LogPlayLevel: PlayLevel: No blueprints needed recompiling
[2018.06.11-18.56.29:069][600]PIE: New page: PIE session: AITestMap (Jun 11, 2018, 10:56:29 PM)
[2018.06.11-18.56.29:069][600]LogPlayLevel: Creating play world package: /Game/Maps/UEDPIE_0_AITestMap
[2018.06.11-18.56.29:072][600]LogPlayLevel: PIE: StaticDuplicateObject took: (0.003108s)
[2018.06.11-18.56.29:073][600]LogAIModule: Creating AISystem for world AITestMap
[2018.06.11-18.56.29:073][600]LogPlayLevel: PIE: World Init took: (0.000861s)
[2018.06.11-18.56.29:074][600]LogPlayLevel: PIE: Created PIE world by copying editor world from /Game/Maps/AITestMap.AITestMap to /Game/Maps/UEDPIE_0_AITestMap.AITestMap (0.004509s)
[2018.06.11-18.56.29:089][600]LogInit: XAudio2 using 'Speakers (Logitech G35 Headset)' : 2 channels at 44.1 kHz using 16 bits per sample (channel mask 0x3)
[2018.06.11-18.56.29:098][600]LogInit: FAudioDevice initialized.
[2018.06.11-18.56.29:163][600]LogUObjectGlobals: Created PersistentFrame Addr=0x000002ab85e66010, Size=104, Default__BP_InGameGUI_C Function /Game/UI/Widgets/BP_InGameGUI.BP_InGameGUI_C:ExecuteUbergraph_BP_InGameGUI
[2018.06.11-18.56.29:167][600]LogUObjectGlobals: Destroyed PersistentFrame Addr=0x000002ab85e66010, Size=104
[2018.06.11-18.56.29:167][600]LogUObjectGlobals: Created PersistentFrame Addr=0x000002ab85e66010, Size=104, Default__BP_InGameGUI_C Function /Engine/Transient.REINST_BP_InGameGUI_C_0:ExecuteUbergraph_BP_InGameGUI
[2018.06.11-18.56.29:169][600]LogUObjectGlobals: Created PersistentFrame Addr=0x000002abb0783e40, Size=104, Default__BP_InGameGUI_C Function /Game/UI/Widgets/BP_InGameGUI.BP_InGameGUI_C:ExecuteUbergraph_BP_InGameGUI
[2018.06.11-18.56.29:183][600]LogLoad: Game class is 'BP_FPSGameModeBase_C'
[2018.06.11-18.56.29:185][600]LogWorld: Bringing World /Game/Maps/UEDPIE_0_AITestMap.AITestMap up for play (max tick rate 0) at 2018.06.11-20.56.29
[2018.06.11-18.56.29:186][600]LogWorld: Bringing up level for play took: 0.001812
[2018.06.11-18.56.29:200][600]LogContentBrowser: Native class hierarchy updated for 'MovieSceneCapture' in 0.0008 seconds. Added 11 classes and 0 folders.
[2018.06.11-18.56.29:202][600]LogOutputDevice: Error: Ensure condition failed: Component->HasBegunPlay() [File:D:\Build\++UE4+Release-4.19+Compile\Sync\Engine\Source\Runtime\Engine\Private\Actor.cpp] [Line: 3129] 
Failed to route BeginPlay (SMG /Game/Maps/UEDPIE_0_AITestMap.AITestMap:PersistentLevel.BP_FPSPlayer_C_0.CurrentWeaponMesh)

[2018.06.11-18.56.29:202][600]LogStats:             FDebug::EnsureFailed -  0.000 s
[2018.06.11-18.56.31:482][600]PIE: Play in editor start time for /Game/Maps/UEDPIE_0_AITestMap 3.038
