Log file open, 07/19/18 20:53:53
LogWindows: Failed to load 'aqProf.dll' (GetLastError=126)
LogWindows: File 'aqProf.dll' does not exist
LogWindows: Failed to load 'VtuneApi.dll' (GetLastError=126)
LogWindows: File 'VtuneApi.dll' does not exist
LogWindows: Failed to load 'VtuneApi32e.dll' (GetLastError=126)
LogWindows: File 'VtuneApi32e.dll' does not exist
LogInit: Display: Running engine for game: FPS
LogPlatformFile: Not using cached read wrapper
LogInit: Display: RandInit(-917453777) SRandInit(-917453777).
LogInit: Read version file with build ID '3944462'
LogInit: Overriding engine version to CL 4033788, compatible CL 3944462
LogInit: Registered custom module enumerator with build ID '3944462'
LogTaskGraph: Started task graph with 5 named threads and 23 total threads with 3 sets of task threads.
LogStats: Stats thread started at 0.397053
LogD3D11RHI: Aftermath initialized
LogICUInternationalization: Display: ICU TimeZone Detection - Raw Offset: +1:00, Platform Override: ''
LogPluginManager: Mounting plugin Paper2D
LogPluginManager: Mounting plugin LiveLink
LogPluginManager: Mounting plugin LightPropagationVolume
LogPluginManager: Mounting plugin CLionSourceCodeAccess
LogPluginManager: Mounting plugin CodeLiteSourceCodeAccess
LogPluginManager: Mounting plugin GitSourceControl
LogPluginManager: Mounting plugin KDevelopSourceCodeAccess
LogPluginManager: Mounting plugin NullSourceCodeAccess
LogPluginManager: Mounting plugin PerforceSourceControl
LogPluginManager: Mounting plugin SubversionSourceControl
LogPluginManager: Mounting plugin UObjectPlugin
LogPluginManager: Mounting plugin VisualStudioCodeSourceCodeAccess
LogPluginManager: Mounting plugin VisualStudioSourceCodeAccess
LogPluginManager: Mounting plugin XCodeSourceCodeAccess
LogPluginManager: Mounting plugin AssetManagerEditor
LogPluginManager: Mounting plugin CryptoKeys
LogPluginManager: Mounting plugin DataValidation
LogPluginManager: Mounting plugin FacialAnimation
LogPluginManager: Mounting plugin GameplayTagsEditor
LogPluginManager: Mounting plugin MobileLauncherProfileWizard
LogPluginManager: Mounting plugin PluginBrowser
LogPluginManager: Mounting plugin SpeedTreeImporter
LogPluginManager: Mounting plugin DatasmithContent
LogPluginManager: Mounting plugin AlembicImporter
LogPluginManager: Mounting plugin CharacterAI
LogPluginManager: Mounting plugin HTML5Networking
LogPluginManager: Mounting plugin AndroidMedia
LogPluginManager: Mounting plugin AvfMedia
LogPluginManager: Mounting plugin ImgMedia
LogPluginManager: Mounting plugin LinearTimecode
LogPluginManager: Mounting plugin MediaCompositing
LogPluginManager: Mounting plugin MediaPlayerEditor
LogPluginManager: Mounting plugin WmfMedia
LogPluginManager: Mounting plugin TcpMessaging
LogPluginManager: Mounting plugin UdpMessaging
LogPluginManager: Mounting plugin ActorSequence
LogPluginManager: Mounting plugin LevelSequenceEditor
LogPluginManager: Mounting plugin MatineeToLevelSequence
LogPluginManager: Mounting plugin NetcodeUnitTest
LogPluginManager: Mounting plugin NUTUnrealEngine4
LogPluginManager: Mounting plugin OnlineSubsystemGooglePlay
LogPluginManager: Mounting plugin OnlineSubsystemIOS
LogPluginManager: Mounting plugin OnlineSubsystem
LogPluginManager: Mounting plugin OnlineSubsystemNull
LogPluginManager: Mounting plugin OnlineSubsystemUtils
LogPluginManager: Mounting plugin AndroidDeviceProfileSelector
LogPluginManager: Mounting plugin AndroidMoviePlayer
LogPluginManager: Mounting plugin AndroidPermission
LogPluginManager: Mounting plugin AppleARKit
LogPluginManager: Mounting plugin AppleMoviePlayer
LogPluginManager: Mounting plugin ArchVisCharacter
LogPluginManager: Mounting plugin AudioCapture
LogPluginManager: Mounting plugin CableComponent
LogPluginManager: Mounting plugin CustomMeshComponent
LogPluginManager: Mounting plugin ExampleDeviceProfileSelector
LogPluginManager: Mounting plugin GoogleCloudMessaging
LogPluginManager: Mounting plugin ImmediatePhysics
LogPluginManager: Mounting plugin IOSDeviceProfileSelector
LogPluginManager: Mounting plugin LinuxDeviceProfileSelector
LogPluginManager: Mounting plugin LocationServicesBPLibrary
LogPluginManager: Mounting plugin MobilePatchingUtils
LogPluginManager: Mounting plugin OculusVR
LogPluginManager: Plugin shader directory ../../../Engine/Plugins/Runtime/Oculus/OculusVR/Shaders found
LogPluginManager: Mapping shader source directory ../../../Engine/Plugins/Runtime/Oculus/OculusVR/Shaders to virtual directory /Plugin/OculusVR
LogPluginManager: Mounting plugin PhysXVehicles
LogPluginManager: Mounting plugin ProceduralMeshComponent
LogPluginManager: Mounting plugin RuntimePhysXCooking
LogPluginManager: Mounting plugin SteamVR
LogPluginManager: Mounting plugin WindowsMoviePlayer
LogPluginManager: Mounting plugin CoverPointGenerator
LogStreaming: Display: Took  0.133s to configure plugins.
LogModuleManager: Display: Found up-to-date module file ../../../../../SpareTime/Unreal/FPS/FPS/Binaries/Win64/UE4Editor-FPS.dll (API version 3944462).
LogModuleManager: Display: Found up-to-date module file ../../../Engine/Plugins/2D/Paper2D/Binaries/Win64/UE4Editor-Paper2D.dll (API version 3944462).
LogModuleManager: Display: Found up-to-date module file ../../../Engine/Plugins/2D/Paper2D/Binaries/Win64/UE4Editor-Paper2DEditor.dll (API version 3944462).
LogModuleManager: Display: Found up-to-date module file ../../../Engine/Plugins/2D/Paper2D/Binaries/Win64/UE4Editor-PaperSpriteSheetImporter.dll (API version 3944462).
LogModuleManager: Display: Found up-to-date module file ../../../Engine/Plugins/2D/Paper2D/Binaries/Win64/UE4Editor-PaperTiledImporter.dll (API version 3944462).
LogModuleManager: Display: Found up-to-date module file ../../../Engine/Plugins/2D/Paper2D/Binaries/Win64/UE4Editor-SmartSnapping.dll (API version 3944462).
LogModuleManager: Display: Found up-to-date module file ../../../Engine/Plugins/Animation/LiveLink/Binaries/Win64/UE4Editor-LiveLink.dll (API version 3944462).
LogModuleManager: Display: Found up-to-date module file ../../../Engine/Plugins/Animation/LiveLink/Binaries/Win64/UE4Editor-LiveLinkEditor.dll (API version 3944462).
LogModuleManager: Display: Found up-to-date module file ../../../Engine/Plugins/Blendables/LightPropagationVolume/Binaries/Win64/UE4Editor-LightPropagationVolumeRuntime.dll (API version 3944462).
LogModuleManager: Display: Found up-to-date module file ../../../Engine/Plugins/Blendables/LightPropagationVolume/Binaries/Win64/UE4Editor-LightPropagationVolumeEditor.dll (API version 3944462).
LogModuleManager: Display: Found up-to-date module file ../../../Engine/Plugins/Developer/CLionSourceCodeAccess/Binaries/Win64/UE4Editor-CLionSourceCodeAccess.dll (API version 3944462).
LogModuleManager: Display: Found up-to-date module file ../../../Engine/Plugins/Developer/GitSourceControl/Binaries/Win64/UE4Editor-GitSourceControl.dll (API version 3944462).
LogModuleManager: Display: Found up-to-date module file ../../../Engine/Plugins/Developer/PerforceSourceControl/Binaries/Win64/UE4Editor-PerforceSourceControl.dll (API version 3944462).
LogModuleManager: Display: Found up-to-date module file ../../../Engine/Plugins/Developer/SubversionSourceControl/Binaries/Win64/UE4Editor-SubversionSourceControl.dll (API version 3944462).
LogModuleManager: Display: Found up-to-date module file ../../../Engine/Plugins/Developer/UObjectPlugin/Binaries/Win64/UE4Editor-UObjectPlugin.dll (API version 3944462).
LogModuleManager: Display: Found up-to-date module file ../../../Engine/Plugins/Developer/VisualStudioCodeSourceCodeAccess/Binaries/Win64/UE4Editor-VisualStudioCodeSourceCodeAccess.dll (API version 3944462).
LogModuleManager: Display: Found up-to-date module file ../../../Engine/Plugins/Developer/VisualStudioSourceCodeAccess/Binaries/Win64/UE4Editor-VisualStudioSourceCodeAccess.dll (API version 3944462).
LogModuleManager: Display: Found up-to-date module file ../../../Engine/Plugins/Editor/AssetManagerEditor/Binaries/Win64/UE4Editor-AssetManagerEditor.dll (API version 3944462).
LogModuleManager: Display: Found up-to-date module file ../../../Engine/Plugins/Editor/CryptoKeys/Binaries/Win64/UE4Editor-CryptoKeys.dll (API version 3944462).
LogModuleManager: Display: Found up-to-date module file ../../../Engine/Plugins/Editor/CryptoKeys/Binaries/Win64/UE4Editor-CryptoKeysOpenSSL.dll (API version 3944462).
LogModuleManager: Display: Found up-to-date module file ../../../Engine/Plugins/Editor/DataValidation/Binaries/Win64/UE4Editor-DataValidation.dll (API version 3944462).
LogModuleManager: Display: Found up-to-date module file ../../../Engine/Plugins/Editor/FacialAnimation/Binaries/Win64/UE4Editor-FacialAnimation.dll (API version 3944462).
LogModuleManager: Display: Found up-to-date module file ../../../Engine/Plugins/Editor/FacialAnimation/Binaries/Win64/UE4Editor-FacialAnimationEditor.dll (API version 3944462).
LogModuleManager: Display: Found up-to-date module file ../../../Engine/Plugins/Editor/GameplayTagsEditor/Binaries/Win64/UE4Editor-GameplayTagsEditor.dll (API version 3944462).
LogModuleManager: Display: Found up-to-date module file ../../../Engine/Plugins/Editor/MobileLauncherProfileWizard/Binaries/Win64/UE4Editor-MobileLauncherProfileWizard.dll (API version 3944462).
LogModuleManager: Display: Found up-to-date module file ../../../Engine/Plugins/Editor/PluginBrowser/Binaries/Win64/UE4Editor-PluginBrowser.dll (API version 3944462).
LogModuleManager: Display: Found up-to-date module file ../../../Engine/Plugins/Editor/SpeedTreeImporter/Binaries/Win64/UE4Editor-SpeedTreeImporter.dll (API version 3944462).
LogModuleManager: Display: Found up-to-date module file ../../../Engine/Plugins/Enterprise/DatasmithContent/Binaries/Win64/UE4Editor-DatasmithContent.dll (API version 3944462).
LogModuleManager: Display: Found up-to-date module file ../../../Engine/Plugins/Experimental/AlembicImporter/Binaries/Win64/UE4Editor-AlembicImporter.dll (API version 3944462).
LogModuleManager: Display: Found up-to-date module file ../../../Engine/Plugins/Experimental/AlembicImporter/Binaries/Win64/UE4Editor-AlembicLibrary.dll (API version 3944462).
LogModuleManager: Display: Found up-to-date module file ../../../Engine/Plugins/Experimental/CharacterAI/Binaries/Win64/UE4Editor-CharacterAI.dll (API version 3944462).
LogModuleManager: Display: Found up-to-date module file ../../../Engine/Plugins/Experimental/HTML5Networking/Binaries/Win64/UE4Editor-HTML5Networking.dll (API version 3944462).
LogModuleManager: Display: Found up-to-date module file ../../../Engine/Plugins/Media/AndroidMedia/Binaries/Win64/UE4Editor-AndroidMediaEditor.dll (API version 3944462).
LogModuleManager: Display: Found up-to-date module file ../../../Engine/Plugins/Media/AndroidMedia/Binaries/Win64/UE4Editor-AndroidMediaFactory.dll (API version 3944462).
LogModuleManager: Display: Found up-to-date module file ../../../Engine/Plugins/Media/AvfMedia/Binaries/Win64/UE4Editor-AvfMediaEditor.dll (API version 3944462).
LogModuleManager: Display: Found up-to-date module file ../../../Engine/Plugins/Media/AvfMedia/Binaries/Win64/UE4Editor-AvfMediaFactory.dll (API version 3944462).
LogModuleManager: Display: Found up-to-date module file ../../../Engine/Plugins/Media/AvfMedia/Binaries/Win64/UE4Editor-AvfMediaFactory.dll (API version 3944462).
LogModuleManager: Display: Found up-to-date module file ../../../Engine/Plugins/Media/ImgMedia/Binaries/Win64/UE4Editor-ImgMedia.dll (API version 3944462).
LogModuleManager: Display: Found up-to-date module file ../../../Engine/Plugins/Media/ImgMedia/Binaries/Win64/UE4Editor-ImgMediaEditor.dll (API version 3944462).
LogModuleManager: Display: Found up-to-date module file ../../../Engine/Plugins/Media/ImgMedia/Binaries/Win64/UE4Editor-ImgMediaFactory.dll (API version 3944462).
LogModuleManager: Display: Found up-to-date module file ../../../Engine/Plugins/Media/ImgMedia/Binaries/Win64/UE4Editor-ImgMediaFactory.dll (API version 3944462).
LogModuleManager: Display: Found up-to-date module file ../../../Engine/Plugins/Media/ImgMedia/Binaries/Win64/UE4Editor-OpenExrWrapper.dll (API version 3944462).
LogModuleManager: Display: Found up-to-date module file ../../../Engine/Plugins/Media/LinearTimecode/Binaries/Win64/UE4Editor-LinearTimecode.dll (API version 3944462).
LogModuleManager: Display: Found up-to-date module file ../../../Engine/Plugins/Media/MediaCompositing/Binaries/Win64/UE4Editor-MediaCompositing.dll (API version 3944462).
LogModuleManager: Display: Found up-to-date module file ../../../Engine/Plugins/Media/MediaCompositing/Binaries/Win64/UE4Editor-MediaCompositingEditor.dll (API version 3944462).
LogModuleManager: Display: Found up-to-date module file ../../../Engine/Plugins/Media/MediaPlayerEditor/Binaries/Win64/UE4Editor-MediaPlayerEditor.dll (API version 3944462).
LogModuleManager: Display: Found up-to-date module file ../../../Engine/Plugins/Media/WmfMedia/Binaries/Win64/UE4Editor-WmfMedia.dll (API version 3944462).
LogModuleManager: Display: Found up-to-date module file ../../../Engine/Plugins/Media/WmfMedia/Binaries/Win64/UE4Editor-WmfMediaEditor.dll (API version 3944462).
LogModuleManager: Display: Found up-to-date module file ../../../Engine/Plugins/Media/WmfMedia/Binaries/Win64/UE4Editor-WmfMediaFactory.dll (API version 3944462).
LogModuleManager: Display: Found up-to-date module file ../../../Engine/Plugins/Media/WmfMedia/Binaries/Win64/UE4Editor-WmfMediaFactory.dll (API version 3944462).
LogModuleManager: Display: Found up-to-date module file ../../../Engine/Plugins/Messaging/TcpMessaging/Binaries/Win64/UE4Editor-TcpMessaging.dll (API version 3944462).
LogModuleManager: Display: Found up-to-date module file ../../../Engine/Plugins/Messaging/UdpMessaging/Binaries/Win64/UE4Editor-UdpMessaging.dll (API version 3944462).
LogModuleManager: Display: Found up-to-date module file ../../../Engine/Plugins/MovieScene/ActorSequence/Binaries/Win64/UE4Editor-ActorSequence.dll (API version 3944462).
LogModuleManager: Display: Found up-to-date module file ../../../Engine/Plugins/MovieScene/LevelSequenceEditor/Binaries/Win64/UE4Editor-LevelSequenceEditor.dll (API version 3944462).
LogModuleManager: Display: Found up-to-date module file ../../../Engine/Plugins/MovieScene/MatineeToLevelSequence/Binaries/Win64/UE4Editor-MatineeToLevelSequence.dll (API version 3944462).
LogModuleManager: Display: Found up-to-date module file ../../../Engine/Plugins/NetcodeUnitTest/NetcodeUnitTest/Binaries/Win64/UE4Editor-NetcodeUnitTest.dll (API version 3944462).
LogModuleManager: Display: Found up-to-date module file ../../../Engine/Plugins/NetcodeUnitTest/NUTUnrealEngine4/Binaries/Win64/UE4Editor-NUTUnrealEngine4.dll (API version 3944462).
LogModuleManager: Display: Found up-to-date module file ../../../Engine/Plugins/Online/OnlineSubsystem/Binaries/Win64/UE4Editor-OnlineSubsystem.dll (API version 3944462).
LogModuleManager: Display: Found up-to-date module file ../../../Engine/Plugins/Online/OnlineSubsystemNull/Binaries/Win64/UE4Editor-OnlineSubsystemNull.dll (API version 3944462).
LogModuleManager: Display: Found up-to-date module file ../../../Engine/Plugins/Online/OnlineSubsystemUtils/Binaries/Win64/UE4Editor-OnlineSubsystemUtils.dll (API version 3944462).
LogModuleManager: Display: Found up-to-date module file ../../../Engine/Plugins/Online/OnlineSubsystemUtils/Binaries/Win64/UE4Editor-OnlineBlueprintSupport.dll (API version 3944462).
LogModuleManager: Display: Found up-to-date module file ../../../Engine/Plugins/Runtime/AndroidDeviceProfileSelector/Binaries/Win64/UE4Editor-AndroidDeviceProfileSelector.dll (API version 3944462).
LogModuleManager: Display: Found up-to-date module file ../../../Engine/Plugins/Runtime/AndroidPermission/Binaries/Win64/UE4Editor-AndroidPermission.dll (API version 3944462).
LogModuleManager: Display: Found up-to-date module file ../../../Engine/Plugins/Runtime/AppleARKit/Binaries/Win64/UE4Editor-AppleARKit.dll (API version 3944462).
LogModuleManager: Display: Found up-to-date module file ../../../Engine/Plugins/Runtime/ArchVisCharacter/Binaries/Win64/UE4Editor-ArchVisCharacter.dll (API version 3944462).
LogModuleManager: Display: Found up-to-date module file ../../../Engine/Plugins/Runtime/AudioCapture/Binaries/Win64/UE4Editor-AudioCapture.dll (API version 3944462).
LogModuleManager: Display: Found up-to-date module file ../../../Engine/Plugins/Runtime/AudioCapture/Binaries/Win64/UE4Editor-AudioCaptureEditor.dll (API version 3944462).
LogModuleManager: Display: Found up-to-date module file ../../../Engine/Plugins/Runtime/CableComponent/Binaries/Win64/UE4Editor-CableComponent.dll (API version 3944462).
LogModuleManager: Display: Found up-to-date module file ../../../Engine/Plugins/Runtime/CustomMeshComponent/Binaries/Win64/UE4Editor-CustomMeshComponent.dll (API version 3944462).
LogModuleManager: Display: Found up-to-date module file ../../../Engine/Plugins/Runtime/ExampleDeviceProfileSelector/Binaries/Win64/UE4Editor-ExampleDeviceProfileSelector.dll (API version 3944462).
LogModuleManager: Display: Found up-to-date module file ../../../Engine/Plugins/Runtime/ImmediatePhysics/Binaries/Win64/UE4Editor-ImmediatePhysics.dll (API version 3944462).
LogModuleManager: Display: Found up-to-date module file ../../../Engine/Plugins/Runtime/ImmediatePhysics/Binaries/Win64/UE4Editor-ImmediatePhysicsEditor.dll (API version 3944462).
LogModuleManager: Display: Found up-to-date module file ../../../Engine/Plugins/Runtime/LocationServicesBPLibrary/Binaries/Win64/UE4Editor-LocationServicesBPLibrary.dll (API version 3944462).
LogModuleManager: Display: Found up-to-date module file ../../../Engine/Plugins/Runtime/MobilePatchingUtils/Binaries/Win64/UE4Editor-MobilePatchingUtils.dll (API version 3944462).
LogModuleManager: Display: Found up-to-date module file ../../../Engine/Plugins/Runtime/Oculus/OculusVR/Binaries/Win64/UE4Editor-OculusHMD.dll (API version 3944462).
LogModuleManager: Display: Found up-to-date module file ../../../Engine/Plugins/Runtime/Oculus/OculusVR/Binaries/Win64/UE4Editor-OculusInput.dll (API version 3944462).
LogModuleManager: Display: Found up-to-date module file ../../../Engine/Plugins/Runtime/Oculus/OculusVR/Binaries/Win64/UE4Editor-OculusEditor.dll (API version 3944462).
LogModuleManager: Display: Found up-to-date module file ../../../Engine/Plugins/Runtime/PhysXVehicles/Binaries/Win64/UE4Editor-PhysXVehicles.dll (API version 3944462).
LogModuleManager: Display: Found up-to-date module file ../../../Engine/Plugins/Runtime/PhysXVehicles/Binaries/Win64/UE4Editor-PhysXVehiclesEditor.dll (API version 3944462).
LogModuleManager: Display: Found up-to-date module file ../../../Engine/Plugins/Runtime/ProceduralMeshComponent/Binaries/Win64/UE4Editor-ProceduralMeshComponent.dll (API version 3944462).
LogModuleManager: Display: Found up-to-date module file ../../../Engine/Plugins/Runtime/ProceduralMeshComponent/Binaries/Win64/UE4Editor-ProceduralMeshComponentEditor.dll (API version 3944462).
LogModuleManager: Display: Found up-to-date module file ../../../Engine/Plugins/Runtime/RuntimePhysXCooking/Binaries/Win64/UE4Editor-RuntimePhysXCooking.dll (API version 3944462).
LogModuleManager: Display: Found up-to-date module file ../../../Engine/Plugins/Runtime/Steam/SteamVR/Binaries/Win64/UE4Editor-SteamVR.dll (API version 3944462).
LogModuleManager: Display: Found up-to-date module file ../../../Engine/Plugins/Runtime/Steam/SteamVR/Binaries/Win64/UE4Editor-SteamVRController.dll (API version 3944462).
LogModuleManager: Display: Found up-to-date module file ../../../Engine/Plugins/Runtime/WindowsMoviePlayer/Binaries/Win64/UE4Editor-WindowsMoviePlayer.dll (API version 3944462).
LogModuleManager: Display: Found up-to-date module file ../../../../../SpareTime/Unreal/FPS/FPS/Plugins/CoverPointGenerator/Binaries/Win64/UE4Editor-CoverPointGenerator.dll (API version 3944462).
LogInit: Using libcurl 7.47.1
LogInit:  - built for x86_64-pc-win32
LogInit:  - supports SSL with OpenSSL/1.0.2g
LogInit:  - supports HTTP deflate (compression) using libz 1.2.8
LogInit:  - other features:
LogInit:      CURL_VERSION_SSL
LogInit:      CURL_VERSION_LIBZ
LogInit:      CURL_VERSION_IPV6
LogInit:      CURL_VERSION_ASYNCHDNS
LogInit:      CURL_VERSION_LARGEFILE
LogInit:      CURL_VERSION_IDN
LogInit:  CurlRequestOptions (configurable via config and command line):
LogInit:  - bVerifyPeer = false  - Libcurl will NOT verify peer certificate
LogInit:  - bUseHttpProxy = false  - Libcurl will NOT use HTTP proxy
LogInit:  - bDontReuseConnections = false  - Libcurl will reuse connections
LogInit:  - CertBundlePath = nullptr  - Libcurl will use whatever was configured at build time.
LogInit:  - MaxHostConnections = 16  - Libcurl will limit the number of connections to a host
LogInit:  - LocalHostAddr = Default
LogInit: WinSock: version 1.1 (2.2), MaxSocks=32767, MaxUdp=65467
LogInit: WinSock: I am Tom-Laptop (192.168.1.150:0)
LogInit: Build: ++UE4+Release-4.19-CL-4033788
LogInit: Engine Version: 4.19.2-4033788+++UE4+Release-4.19
LogInit: Compatible Engine Version: 4.19.0-3944462+++UE4+Release-4.19
LogInit: Net CL: 3944462
LogDevObjectVersion: Number of dev versions registered: 18
LogDevObjectVersion:   Dev-Blueprints (B0D832E4-1F89-4F0D-ACCF-7EB736FD4AA2): 10
LogDevObjectVersion:   Dev-Build (E1C64328-A22C-4D53-A36C-8E866417BD8C): 0
LogDevObjectVersion:   Dev-Core (375EC13C-06E4-48FB-B500-84F0262A717E): 2
LogDevObjectVersion:   Dev-Editor (E4B068ED-F494-42E9-A231-DA0B2E46BB41): 23
LogDevObjectVersion:   Dev-Framework (CFFC743F-43B0-4480-9391-14DF171D2073): 33
LogDevObjectVersion:   Dev-Mobile (B02B49B5-BB20-44E9-A304-32B752E40360): 2
LogDevObjectVersion:   Dev-Networking (A4E4105C-59A1-49B5-A7C5-40C4547EDFEE): 0
LogDevObjectVersion:   Dev-Online (39C831C9-5AE6-47DC-9A44-9C173E1C8E7C): 0
LogDevObjectVersion:   Dev-Physics (78F01B33-EBEA-4F98-B9B4-84EACCB95AA2): 0
LogDevObjectVersion:   Dev-Platform (6631380F-2D4D-43E0-8009-CF276956A95A): 0
LogDevObjectVersion:   Dev-Rendering (12F88B9F-8875-4AFC-A67C-D90C383ABD29): 25
LogDevObjectVersion:   Dev-Sequencer (7B5AE74C-D270-4C10-A958-57980B212A5A): 6
LogDevObjectVersion:   Dev-VR (D7296918-1DD6-4BDD-9DE2-64A83CC13884): 1
LogDevObjectVersion:   Dev-LoadTimes (C2A15278-BFE7-4AFE-6C17-90FF531DF755): 1
LogDevObjectVersion:   Private-Geometry (6EACA3D4-40EC-4CC1-B786-8BED09428FC5): 2
LogDevObjectVersion:   Dev-AnimPhys (29E575DD-E0A3-4627-9D10-D276232CDCEA): 16
LogDevObjectVersion:   Dev-ReflectionCapture (6B266CEC-1EC7-4B8F-A30B-E4D90942FC07): 1
LogDevObjectVersion:   Dev-Automation (0DF73D61-A23F-47EA-B727-89E90C41499A): 1
LogInit: Compiled (64-bit): Apr 27 2018 02:06:57
LogInit: Compiled with Visual C++: 19.00.24215.01
LogInit: Build Configuration: Development
LogInit: Branch Name: ++UE4+Release-4.19
LogInit: Command Line:  -skipcompile
LogInit: Base Directory: D:/Epic Games/UE_4.19/Engine/Binaries/Win64/
LogInit: Installed Engine Build: 1
LogStreaming: Display: Took  0.002s to delete old logs.
LogInit: Presizing for max 8388607 objects, including 0 objects not considered by GC, pre-allocating 0 bytes for permanent pool.
LogInit: Object subsystem initialized
[2018.07.19-18.53.55:787][  0]LogInit: Selected Device Profile: [Windows]
[2018.07.19-18.53.55:787][  0]LogInit: Applying CVar settings loaded from the selected device profile: [Windows]
[2018.07.19-18.53.55:824][  0]LogInit: Computer: TOM-LAPTOP
[2018.07.19-18.53.55:825][  0]LogInit: User: tomco
[2018.07.19-18.53.55:825][  0]LogInit: CPU Page size=4096, Cores=4
[2018.07.19-18.53.55:825][  0]LogInit: High frequency timer resolution =2.531252 MHz
[2018.07.19-18.53.55:826][  0]LogMemory: Memory total: Physical=7.9GB (8GB approx)
[2018.07.19-18.53.55:826][  0]LogMemory: Platform Memory Stats for Windows
[2018.07.19-18.53.55:826][  0]LogMemory: Process Physical Memory: 280.68 MB used, 280.68 MB peak
[2018.07.19-18.53.55:826][  0]LogMemory: Process Virtual Memory: 272.80 MB used, 272.80 MB peak
[2018.07.19-18.53.55:826][  0]LogMemory: Physical Memory: 4941.80 MB used,  3148.72 MB free, 8090.52 MB total
[2018.07.19-18.53.55:826][  0]LogMemory: Virtual Memory: 4802.23 MB used,  3148.72 MB free, 134217728.00 MB total
[2018.07.19-18.53.55:900][  0]LogInit: Using OS detected language (en-US).
[2018.07.19-18.53.55:900][  0]LogInit: Using OS detected locale (en-US).
[2018.07.19-18.53.55:917][  0]LogTextLocalizationManager: No specific localization for 'en-US' exists, so the 'en' localization will be used.
[2018.07.19-18.53.56:432][  0]LogStreaming: Display: Took  0.532s to EndInitTextLocalization.
[2018.07.19-18.53.56:433][  0]LogInit: Setting process to per monitor DPI aware
[2018.07.19-18.53.56:491][  0]LogSlate: New Slate User Created.  User Index 0, Is Virtual User: 0
[2018.07.19-18.53.56:491][  0]LogSlate: Slate User Registered.  User Index 0, Is Virtual User: 0
[2018.07.19-18.53.57:041][  0]LogD3D11RHI: D3D11 adapters:
[2018.07.19-18.53.57:142][  0]LogD3D11RHI:    0. 'NVIDIA GeForce GTX 960M' (Feature Level 11_0)
[2018.07.19-18.53.57:143][  0]LogD3D11RHI:       2019/0/4045 MB DedicatedVideo/DedicatedSystem/SharedSystem, Outputs:1, VendorId:0x10de
[2018.07.19-18.53.57:165][  0]LogD3D11RHI:    1. 'Intel(R) HD Graphics 530' (Feature Level 11_0)
[2018.07.19-18.53.57:165][  0]LogD3D11RHI:       128/0/4045 MB DedicatedVideo/DedicatedSystem/SharedSystem, Outputs:0, VendorId:0x8086
[2018.07.19-18.53.57:173][  0]LogD3D11RHI:    2. 'Microsoft Basic Render Driver' (Feature Level 11_0)
[2018.07.19-18.53.57:173][  0]LogD3D11RHI:       0/0/4045 MB DedicatedVideo/DedicatedSystem/SharedSystem, Outputs:0, VendorId:0x1414
[2018.07.19-18.53.57:174][  0]LogD3D11RHI: Chosen D3D11 Adapter: 0
[2018.07.19-18.53.57:195][  0]LogD3D11RHI: Creating new Direct3DDevice
[2018.07.19-18.53.57:195][  0]LogD3D11RHI:     GPU DeviceId: 0x139b (for the marketing name, search the web for "GPU Device Id")
[2018.07.19-18.53.57:195][  0]LogWindows: EnumDisplayDevices:
[2018.07.19-18.53.57:196][  0]LogWindows:    0. 'Intel(R) HD Graphics 530' (P:1 D:1)
[2018.07.19-18.53.57:196][  0]LogWindows:    1. 'Intel(R) HD Graphics 530' (P:0 D:0)
[2018.07.19-18.53.57:196][  0]LogWindows:    2. 'Intel(R) HD Graphics 530' (P:0 D:0)
[2018.07.19-18.53.57:197][  0]LogWindows: DebugString: GetVideoDriverDetailsInvalid PrimaryIsNotTheChoosenAdapter GetVideoDriverDetailsInvalid PrimaryIsNotTheChoosenAdapter GetVideoDriverDetailsInvalid PrimaryIsNotTheChoosenAdapter FoundDriverCount:0 
[2018.07.19-18.53.57:197][  0]LogD3D11RHI:     Adapter Name: NVIDIA GeForce GTX 960M
[2018.07.19-18.53.57:197][  0]LogD3D11RHI:   Driver Version: Unknown (internal:Unknown, unified:Unknown)
[2018.07.19-18.53.57:197][  0]LogD3D11RHI:      Driver Date: Unknown
[2018.07.19-18.53.57:197][  0]LogRHI: Texture pool is 1413 MB (70% of 2019 MB)
[2018.07.19-18.53.57:234][  0]LogD3D11RHI: [Aftermath] Aftermath enabled but failed to initialize
[2018.07.19-18.53.57:234][  0]LogD3D11RHI: [Aftermath] Aftermath enabled and primed
[2018.07.19-18.53.57:234][  0]LogD3D11RHI: Async texture creation enabled
[2018.07.19-18.53.57:246][  0]LogD3D11RHI: GPU Timing Frequency: 1000.000000 (Debug: 2 1)
[2018.07.19-18.53.57:247][  0]LogShaderCompilers: Guid format shader working directory is 6 characters bigger than the processId version (../../../../../SpareTime/Unreal/FPS/FPS/Intermediate/Shaders/WorkingDirectory/13420/).
[2018.07.19-18.53.57:248][  0]LogShaderCompilers: Cleaned the shader compiler working directory 'C:/Users/tomco/AppData/Local/Temp/UnrealShaderWorkingDir/B8F2382844E5AB7D7094EF8651BF58AD/'.
[2018.07.19-18.53.58:619][  0]LogTemp: Display: Loaded TP AllDesktopTargetPlatform
[2018.07.19-18.53.58:641][  0]LogTemp: Display: Loaded TP MacClientTargetPlatform
[2018.07.19-18.53.58:658][  0]LogTemp: Display: Loaded TP MacNoEditorTargetPlatform
[2018.07.19-18.53.58:675][  0]LogTemp: Display: Loaded TP MacServerTargetPlatform
[2018.07.19-18.53.58:694][  0]LogTemp: Display: Loaded TP MacTargetPlatform
[2018.07.19-18.53.58:712][  0]LogTemp: Display: Loaded TP WindowsClientTargetPlatform
[2018.07.19-18.53.58:731][  0]LogTemp: Display: Loaded TP WindowsNoEditorTargetPlatform
[2018.07.19-18.53.58:750][  0]LogTemp: Display: Loaded TP WindowsServerTargetPlatform
[2018.07.19-18.53.58:760][  0]LogTemp: Display: Loaded TP WindowsTargetPlatform
[2018.07.19-18.53.58:776][  0]LogTemp: Display: Loaded TP Android_ASTCTargetPlatform
[2018.07.19-18.53.58:793][  0]LogTemp: Display: Loaded TP Android_ATCTargetPlatform
[2018.07.19-18.53.58:811][  0]LogTemp: Display: Loaded TP Android_DXTTargetPlatform
[2018.07.19-18.53.58:828][  0]LogTemp: Display: Loaded TP Android_ETC1aTargetPlatform
[2018.07.19-18.53.58:846][  0]LogTemp: Display: Loaded TP Android_ETC1TargetPlatform
[2018.07.19-18.53.58:863][  0]LogTemp: Display: Loaded TP Android_ETC2TargetPlatform
[2018.07.19-18.53.58:898][  0]LogTemp: Display: Loaded TP Android_MultiTargetPlatform
[2018.07.19-18.53.58:898][  0]LogTemp: Display: Loaded TP Android_PVRTCTargetPlatform
[2018.07.19-18.53.58:915][  0]LogTemp: Display: Loaded TP AndroidTargetPlatform
[2018.07.19-18.53.58:920][  0]LogTemp: Display: Loaded TP HTML5TargetPlatform
[2018.07.19-18.53.58:970][  0]LogTemp: Display: Loaded TP IOSTargetPlatform
[2018.07.19-18.53.58:986][  0]LogTemp: Display: Loaded TP TVOSTargetPlatform
[2018.07.19-18.53.59:004][  0]LogTemp: Display: Loaded TP LinuxClientTargetPlatform
[2018.07.19-18.53.59:021][  0]LogTemp: Display: Loaded TP LinuxNoEditorTargetPlatform
[2018.07.19-18.53.59:039][  0]LogTemp: Display: Loaded TP LinuxServerTargetPlatform
[2018.07.19-18.53.59:057][  0]LogTemp: Display: Loaded TP LinuxTargetPlatform
[2018.07.19-18.53.59:057][  0]LogTargetPlatformManager: Display: Building Assets For Windows
[2018.07.19-18.53.59:255][  0]LogXGEController: Cleaning working directory: C:/Users/tomco/AppData/Local/Temp/UnrealXGEWorkingDir/
[2018.07.19-18.53.59:255][  0]LogXGEController: Cannot use XGE Controller as Incredibuild is not installed on this machine.
[2018.07.19-18.53.59:255][  0]LogShaderCompilers: Cannot use XGE Shader Compiler as Incredibuild is not installed on this machine.
[2018.07.19-18.53.59:255][  0]LogShaderCompilers: Display: Using Local Shader Compiler.
[2018.07.19-18.54.00:094][  0]LogDerivedDataCache: Display: Max Cache Size: 512 MB
[2018.07.19-18.54.00:458][  0]LogDerivedDataCache: Loaded boot cache 0.36s 80MB C:/Users/tomco/AppData/Local/UnrealEngine/4.19/DerivedDataCache/Boot.ddc.
[2018.07.19-18.54.00:458][  0]LogDerivedDataCache: Display: Loaded Boot cache: C:/Users/tomco/AppData/Local/UnrealEngine/4.19/DerivedDataCache/Boot.ddc
[2018.07.19-18.54.00:458][  0]LogDerivedDataCache: FDerivedDataBackendGraph:  Pak pak cache file ../../../../../SpareTime/Unreal/FPS/FPS/DerivedDataCache/DDC.ddp not found, will not use a pak cache.
[2018.07.19-18.54.00:458][  0]LogDerivedDataCache: Unable to find inner node Pak for hierarchical cache Hierarchy.
[2018.07.19-18.54.00:458][  0]LogDerivedDataCache: FDerivedDataBackendGraph:  CompressedPak pak cache file ../../../../../SpareTime/Unreal/FPS/FPS/DerivedDataCache/Compressed.ddp not found, will not use a pak cache.
[2018.07.19-18.54.00:459][  0]LogDerivedDataCache: Unable to find inner node CompressedPak for hierarchical cache Hierarchy.
[2018.07.19-18.54.00:476][  0]LogDerivedDataCache: Display: Pak cache opened for reading ../../../Engine/DerivedDataCache/Compressed.ddp.
[2018.07.19-18.54.00:491][  0]LogDerivedDataCache: Using Local data cache path C:/Users/tomco/AppData/Local/UnrealEngine/Common/DerivedDataCache: Writable
[2018.07.19-18.54.00:492][  0]LogDerivedDataCache: Shared data cache path not found in *engine.ini, will not use an Shared cache.
[2018.07.19-18.54.00:492][  0]LogDerivedDataCache: Unable to find inner node Shared for hierarchical cache Hierarchy.
[2018.07.19-18.54.00:507][  0]LogMaterial: Verifying Global Shaders for PCD3D_SM5
[2018.07.19-18.54.00:508][  0]LogSlate: Using Freetype 2.6.0
[2018.07.19-18.54.00:512][  0]LogSlate: SlateFontCache - WITH_FREETYPE: 1, WITH_HARFBUZZ: 1
[2018.07.19-18.54.00:512][  0]LogSlate: SlateFontCache - WITH_FREETYPE: 1, WITH_HARFBUZZ: 1
[2018.07.19-18.54.01:047][  0]LogAssetRegistry: FAssetRegistry took 0.0305 seconds to start up
[2018.07.19-18.54.02:291][  0]LogInit: Selected Device Profile: [Windows]
[2018.07.19-18.54.02:484][  0]LogSimplygon: Simplygon DLL not present - disabling.
[2018.07.19-18.54.02:490][  0]LogMeshReduction: Using SimplygonSwarm for distributed automatic mesh merging
[2018.07.19-18.54.02:490][  0]LogMeshReduction: Using QuadricMeshReduction for automatic static mesh reduction
[2018.07.19-18.54.02:490][  0]LogMeshReduction: No automatic skeletal mesh reduction module available
[2018.07.19-18.54.02:490][  0]LogMeshReduction: No automatic mesh merging module available
[2018.07.19-18.54.02:491][  0]LogMeshMerging: No automatic mesh merging module available
[2018.07.19-18.54.02:522][  0]LogNetVersion: FPS , NetCL: 3944462, EngineNetVer: 2, GameNetVer: 0 (Checksum: 2326512385)
[2018.07.19-18.54.03:060][  0]LogPackageLocalizationCache: Processed 9 localized package path(s) for 2 prioritized culture(s) in 0.099009 seconds
[2018.07.19-18.54.03:068][  0]LogUObjectArray: 36728 objects as part of root set at end of initial load.
[2018.07.19-18.54.03:068][  0]LogUObjectAllocator: 7314312 out of 0 bytes used by permanent object pool.
[2018.07.19-18.54.03:068][  0]LogUObjectArray: CloseDisregardForGC: 0/0 objects in disregard for GC pool
[2018.07.19-18.54.06:386][  0]LogTcpMessaging: Initializing TcpMessaging bridge
[2018.07.19-18.54.06:420][  0]LogUdpMessaging: Initializing bridge on interface 0.0.0.0:0 to multicast group 230.0.0.1:6666.
[2018.07.19-18.54.06:788][  0]LogSkeletalMesh: Skeletal Mesh found in DDC [1.402073ms] /Game/Models/Player/Arms/Arms_SMG.Arms_SMG
[2018.07.19-18.54.06:813][  0]LogUObjectGlobals: Created PersistentFrame Addr=0x000001a4eae7fa60, Size=80, Default__BP_SMGAnim_C Function /Game/Animations/SMG/BP_SMGAnim.BP_SMGAnim_C:ExecuteUbergraph_BP_SMGAnim
[2018.07.19-18.54.06:823][  0]LogUObjectGlobals: Destroyed PersistentFrame Addr=0x000001a4eae7fa60, Size=80
[2018.07.19-18.54.06:824][  0]LogUObjectGlobals: Created PersistentFrame Addr=0x000001a4fed0f560, Size=80, Default__BP_SMGAnim_C Function /Engine/Transient.REINST_BP_SMGAnim_C_0:ExecuteUbergraph_BP_SMGAnim
[2018.07.19-18.54.06:835][  0]LogUObjectGlobals: Created PersistentFrame Addr=0x000001a4feff94e0, Size=80, Default__BP_SMGAnim_C Function /Game/Animations/SMG/BP_SMGAnim.BP_SMGAnim_C:ExecuteUbergraph_BP_SMGAnim
[2018.07.19-18.54.07:014][  0]SourceControl: Source control is disabled
[2018.07.19-18.54.07:014][  0]SourceControl: Source control is disabled
[2018.07.19-18.54.07:034][  0]SourceControl: Source control is disabled
[2018.07.19-18.54.07:053][  0]SourceControl: Source control is disabled
[2018.07.19-18.54.07:644][  0]LogAndroidPermission: UAndroidPermissionCallbackProxy::GetInstance
[2018.07.19-18.54.07:853][  0]LogOcInput: OculusInput pre-init called
[2018.07.19-18.54.09:031][  0]LogEngine: Initializing Engine...
[2018.07.19-18.54.09:139][  0]LogHMD: Failed to initialize OpenVR with code 126
[2018.07.19-18.54.09:142][  0]LogStats: UGameplayTagsManager::ConstructGameplayTagTree: Construct from data asset -  0.000 s
[2018.07.19-18.54.09:142][  0]LogStats: UGameplayTagsManager::ConstructGameplayTagTree: GameplayTagTreeChangedEvent.Broadcast -  0.000 s
[2018.07.19-18.54.09:448][  0]LogAIModule: Creating AISystem for world Untitled
[2018.07.19-18.54.09:466][  0]LogInit: XAudio2 using 'Luidsprekers (Conexant SmartAudio HD)' : 2 channels at 48 kHz using 32 bits per sample (channel mask 0x3)
[2018.07.19-18.54.09:521][  0]LogInit: FAudioDevice initialized.
[2018.07.19-18.54.09:646][  0]LogDerivedDataCache: Saved boot cache 0.12s 80MB C:/Users/tomco/AppData/Local/UnrealEngine/4.19/DerivedDataCache/Boot.ddc.
[2018.07.19-18.54.09:667][  0]LogInit: Texture streaming: Enabled
[2018.07.19-18.54.09:697][  0]LogEngineSessionManager: EngineSessionManager initialized
[2018.07.19-18.54.09:713][  0]LogInit: Transaction tracking system initialized
[2018.07.19-18.54.09:759][  0]BlueprintLog: New page: Editor Load
[2018.07.19-18.54.09:909][  0]LocalizationService: Localization service is disabled
[2018.07.19-18.54.10:068][  0]LogConsoleResponse: Display: 
[2018.07.19-18.54.10:267][  0]LogCook: Display: Max memory allowance for cook 16384mb min free memory 0mb
[2018.07.19-18.54.10:267][  0]LogCook: Display: Mobile HDR setting 1
[2018.07.19-18.54.10:267][  0]LogGameplayTags: Display: UGameplayTagsManager::DoneAddingNativeTags. DelegateIsBound: 0
[2018.07.19-18.54.10:267][  0]LogStats: UGameplayTagsManager::ConstructGameplayTagTree: Construct from data asset -  0.000 s
[2018.07.19-18.54.10:268][  0]LogStats: UGameplayTagsManager::ConstructGameplayTagTree: GameplayTagTreeChangedEvent.Broadcast -  0.000 s
[2018.07.19-18.54.10:741][  0]LogFileCache: Scanning file cache for directory 'D:/SpareTime/Unreal/FPS/FPS/Content/' took 0.02s
[2018.07.19-18.54.10:741][  0]SourceControl: Source control is disabled
[2018.07.19-18.54.10:742][  0]Cmd: MAP LOAD FILE="../../../../../SpareTime/Unreal/FPS/FPS/Content/Maps/Level1.umap" TEMPLATE=0 SHOWPROGRESS=1 FEATURELEVEL=3
[2018.07.19-18.54.10:742][  0]LightingResults: New page: Lighting Build
[2018.07.19-18.54.10:746][  0]MapCheck: New page: Map Check
[2018.07.19-18.54.10:746][  0]LightingResults: New page: Lighting Build
[2018.07.19-18.54.10:758][  0]LogUObjectGlobals: Destroyed PersistentFrame Addr=0x000001a4fed0f560, Size=80
[2018.07.19-18.54.10:826][  0]LogUObjectGlobals: Created PersistentFrame Addr=0x000001a480a89180, Size=128, Default__BP_AssaultAIAnim_C Function /Game/Animations/AI/BP_AssaultAIAnim.BP_AssaultAIAnim_C:ExecuteUbergraph_BP_AssaultAIAnim
[2018.07.19-18.54.10:852][  0]LogUObjectGlobals: Destroyed PersistentFrame Addr=0x000001a480a89180, Size=128
[2018.07.19-18.54.10:853][  0]LogUObjectGlobals: Created PersistentFrame Addr=0x000001a48dca3000, Size=128, Default__BP_AssaultAIAnim_C Function /Engine/Transient.REINST_BP_AssaultAIAnim_C_1:ExecuteUbergraph_BP_AssaultAIAnim
[2018.07.19-18.54.10:889][  0]LogUObjectGlobals: Created PersistentFrame Addr=0x000001a48dae3d80, Size=128, Default__BP_AssaultAIAnim_C Function /Game/Animations/AI/BP_AssaultAIAnim.BP_AssaultAIAnim_C:ExecuteUbergraph_BP_AssaultAIAnim
[2018.07.19-18.54.11:959][  0]LogSkeletalMesh: Skeletal Mesh found in DDC [13.360582ms] /Game/Animations/AnimStarterPack/UE4_Mannequin/Mesh/SK_Mannequin.SK_Mannequin
[2018.07.19-18.54.12:463][  0]LogAIModule: Creating AISystem for world Level1
[2018.07.19-18.54.12:510][  0]LogEditorServer: Finished looking for orphan Actors (0.000 secs)
[2018.07.19-18.54.12:530][  0]LogUObjectGlobals: Destroyed PersistentFrame Addr=0x000001a48dca3000, Size=128
[2018.07.19-18.54.12:533][  0]Cmd: MAP CHECKDEP NOCLEARLOG
[2018.07.19-18.54.12:613][  0]MapCheck: Map check complete: 0 Error(s), 0 Warning(s), took 80.076ms to complete.
[2018.07.19-18.54.12:614][  0]LogFileHelpers: Loading map 'Level1' took 1.872
[2018.07.19-18.54.12:796][  0]LogCollectionManager: Loaded 0 collections in 0.001334 seconds
[2018.07.19-18.54.12:847][  0]LogFileCache: Scanning file cache for directory 'D:/SpareTime/Unreal/FPS/FPS/Saved/Collections/' took 0.01s
[2018.07.19-18.54.12:848][  0]LogFileCache: Scanning file cache for directory 'D:/SpareTime/Unreal/FPS/FPS/Content/Developers/tomco/Collections/' took 0.01s
[2018.07.19-18.54.12:848][  0]LogFileCache: Scanning file cache for directory 'D:/SpareTime/Unreal/FPS/FPS/Content/Collections/' took 0.01s
[2018.07.19-18.54.12:848][  0]LogCollectionManager: Rebuilt the GUID cache for 0 collections in 0.000000 seconds
[2018.07.19-18.54.12:860][  0]LogContentBrowser: Native class hierarchy populated in 0.0116 seconds. Added 2493 classes and 568 folders.
[2018.07.19-18.54.12:871][  0]LogContentBrowser: Native class hierarchy updated for 'WidgetCarousel' in 0.0017 seconds. Added 0 classes and 0 folders.
[2018.07.19-18.54.13:083][  0]LogContentBrowser: Native class hierarchy updated for 'AddContentDialog' in 0.0014 seconds. Added 0 classes and 0 folders.
[2018.07.19-18.54.15:274][  0]LogSlate: Only BGRA pngs, bmps or icos are supported in by External Image Picker
[2018.07.19-18.54.15:321][  0]LogSlate: Took 0.002377 seconds to synchronously load lazily loaded font '../../../Engine/Content/Slate/Fonts/Roboto-Regular.ttf' (155K)
[2018.07.19-18.54.15:331][  0]LogSlate: Took 0.002534 seconds to synchronously load lazily loaded font '../../../Engine/Content/Slate/Fonts/Roboto-Bold.ttf' (160K)
[2018.07.19-18.54.15:341][  0]LogSlate: Took 0.003371 seconds to synchronously load lazily loaded font '../../../Engine/Content/Editor/Slate/Fonts/FontAwesome.ttf' (139K)
[2018.07.19-18.54.15:484][  0]LogRenderer: Reallocating scene render targets to support 908x600 Format 10 NumSamples 1 (Frame:1).
[2018.07.19-18.54.15:730][  0]LogTemp: Executing iPhonePackager certificates Engine -bundlename com.YourCompany.FPS
[2018.07.19-18.54.15:730][  0]LogTemp: CWD: D:\Epic Games\UE_4.19\Engine\Binaries\DotNET\IOS
[2018.07.19-18.54.15:731][  0]LogTemp: Initial Dir: D:\Epic Games\UE_4.19
[2018.07.19-18.54.15:731][  0]LogTemp: Env CWD: D:\Epic Games\UE_4.19\Engine\Binaries\DotNET\IOS
[2018.07.19-18.54.15:731][  0]LogTemp: BranchPath = TOM-LAPTOP/D/Epic Games/UE_4.19/Engine/Binaries --- GameBranchPath = TOM-LAPTOP/D/Epic Games/UE_4.19/Engine/Binaries
[2018.07.19-18.54.15:755][  0]LogContentBrowser: Native class hierarchy updated for 'HierarchicalLODOutliner' in 0.0020 seconds. Added 0 classes and 0 folders.
[2018.07.19-18.54.15:756][  0]LogLoad: (Engine Initialization) Total time: 23.72 seconds
[2018.07.19-18.54.15:757][  0]LogLoad: (Engine Initialization) Total Blueprint compile time: 0.00 seconds
[2018.07.19-18.54.15:767][  0]LogTemp: IPP ERROR: Could not find provision directory 'C:\Users\tomco\AppData\Local/Apple Computer/MobileDevice/Provisioning Profiles/'.
[2018.07.19-18.54.15:767][  0]LogWindowsTextInputMethodSystem: Display: IME system now deactivated.
[2018.07.19-18.54.15:793][  0]LogContentStreaming: Texture pool size now 1000 MB
[2018.07.19-18.54.15:819][  0]LogSlate: Took 0.000238 seconds to synchronously load lazily loaded font '../../../Engine/Content/Slate/Fonts/Roboto-Light.ttf' (167K)
[2018.07.19-18.54.16:038][  3]LogAssetRegistry: Asset discovery search completed in 15.0168 seconds
[2018.07.19-18.54.16:044][  3]LogCollectionManager: Rebuilt the object cache for 0 collections in 0.000000 seconds (found 0 objects)
[2018.07.19-18.54.16:044][  3]LogCollectionManager: Fixed up redirectors for 0 collections in 0.000340 seconds (updated 0 objects)
[2018.07.19-18.54.28:815][282]LogSlate: FSceneViewport::OnFocusLost() reason 0
[2018.07.19-18.54.28:913][293]LogSlate: Window 'Message Log' being destroyed
[2018.07.19-18.54.28:919][293]LogSlate: Window 'Message Log' being destroyed
[2018.07.19-18.54.30:307][434]LogSlate: FSceneViewport::OnFocusLost() reason 0
[2018.07.19-18.54.30:357][439]LogTemp: Repeating last play command: Selected Viewport
[2018.07.19-18.54.30:382][439]LogPlayLevel: PlayLevel: No blueprints needed recompiling
[2018.07.19-18.54.30:382][439]PIE: New page: PIE session: Level1 (Jul 19, 2018, 10:54:30 PM)
[2018.07.19-18.54.30:383][439]LogPlayLevel: Creating play world package: /Game/Maps/UEDPIE_0_Level1
[2018.07.19-18.54.30:412][439]LogPlayLevel: PIE: StaticDuplicateObject took: (0.029075s)
[2018.07.19-18.54.30:413][439]LogAIModule: Creating AISystem for world Level1
[2018.07.19-18.54.30:414][439]LogPlayLevel: PIE: World Init took: (0.001286s)
[2018.07.19-18.54.30:414][439]LogPlayLevel: PIE: Created PIE world by copying editor world from /Game/Maps/Level1.Level1 to /Game/Maps/UEDPIE_0_Level1.Level1 (0.031280s)
[2018.07.19-18.54.30:436][439]LogInit: XAudio2 using 'Luidsprekers (Conexant SmartAudio HD)' : 2 channels at 48 kHz using 32 bits per sample (channel mask 0x3)
[2018.07.19-18.54.30:473][439]LogInit: FAudioDevice initialized.
[2018.07.19-18.54.30:543][439]LogUObjectGlobals: Created PersistentFrame Addr=0x000001a4cd3f2f00, Size=128, Default__BP_InGameGUI_C Function /Game/UI/Widgets/BP_InGameGUI.BP_InGameGUI_C:ExecuteUbergraph_BP_InGameGUI
[2018.07.19-18.54.30:547][439]LogUObjectGlobals: Destroyed PersistentFrame Addr=0x000001a4cd3f2f00, Size=128
[2018.07.19-18.54.30:548][439]LogUObjectGlobals: Created PersistentFrame Addr=0x000001a4cd3f2f00, Size=128, Default__BP_InGameGUI_C Function /Engine/Transient.REINST_BP_InGameGUI_C_0:ExecuteUbergraph_BP_InGameGUI
[2018.07.19-18.54.30:550][439]LogUObjectGlobals: Created PersistentFrame Addr=0x000001a4cd3f3800, Size=128, Default__BP_InGameGUI_C Function /Game/UI/Widgets/BP_InGameGUI.BP_InGameGUI_C:ExecuteUbergraph_BP_InGameGUI
[2018.07.19-18.54.30:567][439]LogUObjectGlobals: Created PersistentFrame Addr=0x000001a4cb8108b8, Size=4, Default__OnGroundSlot_C Function /Game/UI/Widgets/Inventory/Ground/OnGroundSlot.OnGroundSlot_C:ExecuteUbergraph_OnGroundSlot
[2018.07.19-18.54.30:572][439]LogUObjectGlobals: Destroyed PersistentFrame Addr=0x000001a4cb8108b8, Size=4
[2018.07.19-18.54.30:572][439]LogUObjectGlobals: Created PersistentFrame Addr=0x000001a4cb8108b8, Size=4, Default__OnGroundSlot_C Function /Engine/Transient.REINST_OnGroundSlot_C_2:ExecuteUbergraph_OnGroundSlot
[2018.07.19-18.54.30:575][439]LogUObjectGlobals: Created PersistentFrame Addr=0x000001a4cb811378, Size=4, Default__OnGroundSlot_C Function /Game/UI/Widgets/Inventory/Ground/OnGroundSlot.OnGroundSlot_C:ExecuteUbergraph_OnGroundSlot
[2018.07.19-18.54.30:579][439]LogUObjectGlobals: Created PersistentFrame Addr=0x000001a48741a160, Size=160, Default__OnGroundUI_C Function /Game/UI/Widgets/Inventory/Ground/OnGroundUI.OnGroundUI_C:ExecuteUbergraph_OnGroundUI
[2018.07.19-18.54.30:584][439]LogUObjectGlobals: Destroyed PersistentFrame Addr=0x000001a48741a160, Size=160
[2018.07.19-18.54.30:584][439]LogUObjectGlobals: Created PersistentFrame Addr=0x000001a48745cae0, Size=160, Default__OnGroundUI_C Function /Engine/Transient.REINST_OnGroundUI_C_3:ExecuteUbergraph_OnGroundUI
[2018.07.19-18.54.30:590][439]LogUObjectGlobals: Created PersistentFrame Addr=0x000001a4873ea8e0, Size=160, Default__OnGroundUI_C Function /Game/UI/Widgets/Inventory/Ground/OnGroundUI.OnGroundUI_C:ExecuteUbergraph_OnGroundUI
[2018.07.19-18.54.30:596][439]LogUObjectGlobals: Created PersistentFrame Addr=0x000001a4cc484560, Size=56, Default__HandSlot_C Function /Game/UI/Widgets/Inventory/HandSlot.HandSlot_C:ExecuteUbergraph_HandSlot
[2018.07.19-18.54.30:602][439]LogUObjectGlobals: Destroyed PersistentFrame Addr=0x000001a4cc484560, Size=56
[2018.07.19-18.54.30:602][439]LogUObjectGlobals: Created PersistentFrame Addr=0x000001a4cc484560, Size=56, Default__HandSlot_C Function /Engine/Transient.REINST_HandSlot_C_4:ExecuteUbergraph_HandSlot
[2018.07.19-18.54.30:607][439]LogUObjectGlobals: Created PersistentFrame Addr=0x000001a4cc485750, Size=56, Default__HandSlot_C Function /Game/UI/Widgets/Inventory/HandSlot.HandSlot_C:ExecuteUbergraph_HandSlot
[2018.07.19-18.54.30:619][439]LogUObjectGlobals: Created PersistentFrame Addr=0x000001a487404d40, Size=424, Default__Slot_C Function /Game/UI/Widgets/Inventory/Slot.Slot_C:ExecuteUbergraph_Slot
[2018.07.19-18.54.30:627][439]LogUObjectGlobals: Destroyed PersistentFrame Addr=0x000001a487404d40, Size=424
[2018.07.19-18.54.30:627][439]LogUObjectGlobals: Created PersistentFrame Addr=0x000001a487337c80, Size=424, Default__Slot_C Function /Engine/Transient.REINST_Slot_C_5:ExecuteUbergraph_Slot
[2018.07.19-18.54.30:634][439]LogUObjectGlobals: Created PersistentFrame Addr=0x000001a487337740, Size=424, Default__Slot_C Function /Game/UI/Widgets/Inventory/Slot.Slot_C:ExecuteUbergraph_Slot
[2018.07.19-18.54.30:639][439]LogUObjectGlobals: Created PersistentFrame Addr=0x000001a491a9e4a8, Size=40, Default__InventorySlots_C Function /Game/UI/Widgets/Inventory/InventorySlots.InventorySlots_C:ExecuteUbergraph_InventorySlots
[2018.07.19-18.54.30:658][439]LogUObjectGlobals: Destroyed PersistentFrame Addr=0x000001a491a9e4a8, Size=40
[2018.07.19-18.54.30:658][439]LogUObjectGlobals: Created PersistentFrame Addr=0x000001a491a9e4a8, Size=40, Default__InventorySlots_C Function /Engine/Transient.REINST_InventorySlots_C_6:ExecuteUbergraph_InventorySlots
[2018.07.19-18.54.30:667][439]LogUObjectGlobals: Created PersistentFrame Addr=0x000001a491a9e200, Size=40, Default__InventorySlots_C Function /Game/UI/Widgets/Inventory/InventorySlots.InventorySlots_C:ExecuteUbergraph_InventorySlots
[2018.07.19-18.54.30:676][439]LogUObjectGlobals: Created PersistentFrame Addr=0x000001a487f8f290, Size=80, Default__TaskDisplay_C Function /Game/UI/Widgets/Task/TaskDisplay.TaskDisplay_C:ExecuteUbergraph_TaskDisplay
[2018.07.19-18.54.30:679][439]LogUObjectGlobals: Destroyed PersistentFrame Addr=0x000001a487f8f290, Size=80
[2018.07.19-18.54.30:680][439]LogUObjectGlobals: Created PersistentFrame Addr=0x000001a487f8f290, Size=80, Default__TaskDisplay_C Function /Engine/Transient.REINST_TaskDisplay_C_7:ExecuteUbergraph_TaskDisplay
[2018.07.19-18.54.30:682][439]LogUObjectGlobals: Created PersistentFrame Addr=0x000001a487f8d210, Size=80, Default__TaskDisplay_C Function /Game/UI/Widgets/Task/TaskDisplay.TaskDisplay_C:ExecuteUbergraph_TaskDisplay
[2018.07.19-18.54.30:684][439]LogUObjectGlobals: Created PersistentFrame Addr=0x000001a491a9e598, Size=40, Default__UIHUD_C Function /Game/UI/Widgets/UIHUD.UIHUD_C:ExecuteUbergraph_UIHUD
[2018.07.19-18.54.30:689][439]LogUObjectGlobals: Destroyed PersistentFrame Addr=0x000001a491a9e598, Size=40
[2018.07.19-18.54.30:689][439]LogUObjectGlobals: Created PersistentFrame Addr=0x000001a491a9e598, Size=40, Default__UIHUD_C Function /Engine/Transient.REINST_UIHUD_C_8:ExecuteUbergraph_UIHUD
[2018.07.19-18.54.30:692][439]LogUObjectGlobals: Created PersistentFrame Addr=0x000001a491a9d918, Size=40, Default__UIHUD_C Function /Game/UI/Widgets/UIHUD.UIHUD_C:ExecuteUbergraph_UIHUD
[2018.07.19-18.54.30:791][439]LogLoad: Game class is 'BP_FPSGameModeBase_C'
[2018.07.19-18.54.30:812][439]LogWorld: Bringing World /Game/Maps/UEDPIE_0_Level1.Level1 up for play (max tick rate 0) at 2018.07.19-20.54.30
[2018.07.19-18.54.30:815][439]LogWorld: Bringing up level for play took: 0.020859
[2018.07.19-18.54.30:822][439]LogContentBrowser: Native class hierarchy updated for 'MovieSceneCapture' in 0.0019 seconds. Added 11 classes and 0 folders.
[2018.07.19-18.54.30:832][439]PIE: Play in editor start time for /Game/Maps/UEDPIE_0_Level1 -0.259
[2018.07.19-18.54.37:650][843]LogTemp: Warning: There is no current weapon
[2018.07.19-18.54.38:013][869]LogTemp: Warning: There is no current weapon
[2018.07.19-18.54.39:447][968]LogTemp: Warning: Keycard: Added to inventory
[2018.07.19-18.54.39:449][968]LogTemp: Warning: Task Ended
[2018.07.19-18.54.40:122][ 17]LogTemp: Warning: There is no current weapon
[2018.07.19-18.54.40:539][ 47]LogTemp: Warning: There is no current weapon
[2018.07.19-18.54.40:941][ 76]LogTemp: Warning: There is no current weapon
[2018.07.19-18.54.41:341][103]LogTemp: Warning: There is no current weapon
[2018.07.19-18.54.42:613][192]LogTemp: Warning: SMG: Added to inventory
[2018.07.19-18.54.44:904][374]LogTemp: Warning: Actor: SM_DoorVent_10
[2018.07.19-18.54.44:905][374]LogTemp: Warning: Actor: SM_DoorVent_10
[2018.07.19-18.54.49:067][707]LogTemp: Warning: Actor: SM_DoorVentDb_46
[2018.07.19-18.54.49:067][707]LogTemp: Warning: Actor: SM_DoorVentDb_46
[2018.07.19-18.54.50:702][836]LogTemp: Warning: Actor: FUSEBOX_5
[2018.07.19-18.54.50:703][836]LogTemp: Warning: Actor: FUSEBOX_5
[2018.07.19-18.54.59:642][ 77]LogSlate: FSceneViewport::OnFocusLost() reason 0
[2018.07.19-18.55.01:717][135]LogTemp: Warning: There is no current weapon
[2018.07.19-18.55.01:785][137]LogTemp: Warning: There is no current weapon
[2018.07.19-18.55.04:711][217]LogOutputDevice: Warning: 

Script Stack:
HandSlot_C.OnDrop

[2018.07.19-18.55.04:711][217]LogOutputDevice: Error: Ensure condition failed: bHasBegunPlay [File:D:\Build\++UE4+Release-4.19+Compile\Sync\Engine\Source\Runtime\Engine\Private\Components\ActorComponent.cpp] [Line: 1004] 
Failed to route BeginPlay (SMG /Game/Maps/UEDPIE_0_Level1.Level1:PersistentLevel.BP_FPSPlayer_C_0.CurrentWeaponMesh)

[2018.07.19-18.55.04:711][217]LogStats:             FDebug::EnsureFailed -  0.001 s
[2018.07.19-18.55.12:151][288]LogUObjectGlobals: Destroyed PersistentFrame Addr=0x000001a48745cae0, Size=160
[2018.07.19-18.55.12:151][288]LogUObjectGlobals: Destroyed PersistentFrame Addr=0x000001a4cb8108b8, Size=4
[2018.07.19-18.55.12:152][288]LogUObjectGlobals: Destroyed PersistentFrame Addr=0x000001a4cd3f2f00, Size=128
[2018.07.19-18.55.12:154][288]LogUObjectGlobals: Destroyed PersistentFrame Addr=0x000001a4cc484560, Size=56
[2018.07.19-18.55.12:154][288]LogUObjectGlobals: Destroyed PersistentFrame Addr=0x000001a487337c80, Size=424
[2018.07.19-18.55.12:154][288]LogUObjectGlobals: Destroyed PersistentFrame Addr=0x000001a491a9e4a8, Size=40
[2018.07.19-18.55.12:155][288]LogUObjectGlobals: Destroyed PersistentFrame Addr=0x000001a487f8f290, Size=80
[2018.07.19-18.55.12:155][288]LogUObjectGlobals: Destroyed PersistentFrame Addr=0x000001a491a9e598, Size=40
[2018.07.19-19.05.43:412][ 19]LogEditorViewport: Clicking on Actor (LMB): StaticMeshActor (lights2)
[2018.07.19-19.05.44:007][ 31]LogEditorViewport: Clicking on Actor (LMB): StaticMeshActor (Floor_400x497)
[2018.07.19-19.05.44:494][ 62]LogEditorViewport: Clicking on Actor (LMB): StaticMeshActor (Floor_400x495)
[2018.07.19-19.05.45:219][114]LogEditorViewport: Clicking on Actor (LMB): StaticMeshActor (Floor_400x496)
[2018.07.19-19.06.37:125][951]Cmd: POLY SELECT ALL
[2018.07.19-19.06.38:156][976]Cmd: POLY SELECT ADJACENT WALLS
[2018.07.19-19.06.39:108][999]Cmd: POLY SELECT ALL
[2018.07.19-19.06.40:101][ 23]Cmd: POLY SELECT ADJACENT WALLS
[2018.07.19-19.06.41:650][ 61]Cmd: POLY SELECT ALL
[2018.07.19-19.06.42:477][ 81]Cmd: POLY SELECT ADJACENT WALLS
[2018.07.19-19.06.42:929][ 92]Cmd: POLY SELECT ALL
[2018.07.19-19.06.43:835][114]Cmd: POLY SELECT ALL
[2018.07.19-19.06.45:496][158]Cmd: POLY SELECT ADJACENT WALLS
[2018.07.19-19.06.49:679][289]Cmd: POLY SELECT ALL
[2018.07.19-19.06.51:788][350]Cmd: POLY SELECT ALL
[2018.07.19-19.06.53:531][401]Cmd: POLY SELECT ADJACENT WALLS
[2018.07.19-19.06.55:107][448]Cmd: POLY SELECT ALL
[2018.07.19-19.07.21:838][316]LogEditorViewport: Clicking on Actor (LMB): StaticMeshActor (SM_DoorWindow2)
[2018.07.19-19.07.23:328][415]LogSlate: FSceneViewport::OnFocusLost() reason 0
[2018.07.19-19.07.29:691][111]LogSlate: Took 0.013936 seconds to synchronously load lazily loaded font '../../../Engine/Content/Slate/Fonts/Roboto-Italic.ttf' (157K)
[2018.07.19-19.07.32:136][355]LogTemp: Repeating last play command: Selected Viewport
[2018.07.19-19.07.32:165][355]LogPlayLevel: PlayLevel: No blueprints needed recompiling
[2018.07.19-19.07.32:166][355]PIE: New page: PIE session: Level1 (Jul 19, 2018, 11:07:32 PM)
[2018.07.19-19.07.32:166][355]LogPlayLevel: Creating play world package: /Game/Maps/UEDPIE_0_Level1
[2018.07.19-19.07.32:192][355]LogPlayLevel: PIE: StaticDuplicateObject took: (0.025491s)
[2018.07.19-19.07.32:193][355]LogAIModule: Creating AISystem for world Level1
[2018.07.19-19.07.32:194][355]LogPlayLevel: PIE: World Init took: (0.001735s)
[2018.07.19-19.07.32:195][355]LogPlayLevel: PIE: Created PIE world by copying editor world from /Game/Maps/Level1.Level1 to /Game/Maps/UEDPIE_0_Level1.Level1 (0.028201s)
[2018.07.19-19.07.32:220][355]LogInit: XAudio2 using 'Luidsprekers (Conexant SmartAudio HD)' : 2 channels at 48 kHz using 32 bits per sample (channel mask 0x3)
[2018.07.19-19.07.32:262][355]LogInit: FAudioDevice initialized.
[2018.07.19-19.07.32:307][355]LogLoad: Game class is 'BP_FPSGameModeBase_C'
[2018.07.19-19.07.32:326][355]LogWorld: Bringing World /Game/Maps/UEDPIE_0_Level1.Level1 up for play (max tick rate 0) at 2018.07.19-21.07.32
[2018.07.19-19.07.32:328][355]LogWorld: Bringing up level for play took: 0.019425
[2018.07.19-19.07.32:337][355]PIE: Play in editor start time for /Game/Maps/UEDPIE_0_Level1 -0.756
[2018.07.19-19.07.35:972][504]LogTemp: Warning: Keycard: Added to inventory
[2018.07.19-19.07.35:973][504]LogTemp: Warning: Task Ended
[2018.07.19-19.07.37:160][592]LogTemp: Warning: SMG: Added to inventory
[2018.07.19-19.07.40:517][837]LogTemp: Warning: Actor: SM_DoorVent_10
[2018.07.19-19.07.40:517][837]LogTemp: Warning: Actor: SM_DoorVent_10
[2018.07.19-19.07.45:484][235]LogSlate: FSceneViewport::OnFocusLost() reason 0
[2018.07.19-19.07.49:301][534]LogTemp: Warning: There is no current weapon
[2018.07.19-19.07.49:352][538]LogTemp: Warning: There is no current weapon
[2018.07.19-19.07.51:298][692]LogTemp: Warning: Actor: SM_DoorVentDb_46
[2018.07.19-19.07.51:300][692]LogTemp: Warning: Actor: SM_DoorVentDb_46
[2018.07.19-19.07.52:515][786]LogTemp: Warning: Actor: FUSEBOX_5
[2018.07.19-19.07.52:515][786]LogTemp: Warning: Actor: FUSEBOX_5
[2018.07.19-19.07.57:234][923]LogSlate: FSceneViewport::OnFocusLost() reason 0
[2018.07.19-19.08.14:715][506]LogTemp: Warning: Actor: SM_DoorWindow_71
[2018.07.19-19.08.14:715][506]LogTemp: Warning: Actor: SM_DoorWindow_71
[2018.07.19-19.08.20:687][703]LogTemp: Warning: Actor: SM_DoorWindow2
[2018.07.19-19.08.20:687][703]LogTemp: Warning: Actor: SM_DoorWindow2
[2018.07.19-19.08.23:798][791]LogTemp: Warning: Actor: SM_DoorWindow2
[2018.07.19-19.08.23:799][791]LogTemp: Warning: Actor: SM_DoorWindow2
[2018.07.19-19.08.24:466][810]LogTemp: Warning: Actor: SM_DoorWindow2
[2018.07.19-19.08.24:467][810]LogTemp: Warning: Actor: SM_DoorWindow2
[2018.07.19-19.08.24:676][816]LogTemp: Warning: Actor: SM_DoorWindow2
[2018.07.19-19.08.24:677][816]LogTemp: Warning: Actor: SM_DoorWindow2
[2018.07.19-19.08.24:886][822]LogTemp: Warning: Actor: SM_DoorWindow2
[2018.07.19-19.08.24:887][822]LogTemp: Warning: Actor: SM_DoorWindow2
[2018.07.19-19.08.26:901][880]LogTemp: Warning: Actor: SM_DoorWindow2
[2018.07.19-19.08.26:902][880]LogTemp: Warning: Actor: SM_DoorWindow2
[2018.07.19-19.08.27:145][887]LogTemp: Warning: Actor: SM_DoorWindow2
[2018.07.19-19.08.27:145][887]LogTemp: Warning: Actor: SM_DoorWindow2
[2018.07.19-19.08.27:321][892]LogTemp: Warning: Actor: SM_DoorWindow2
[2018.07.19-19.08.27:322][892]LogTemp: Warning: Actor: SM_DoorWindow2
[2018.07.19-19.08.27:529][898]LogTemp: Warning: Actor: SM_DoorWindow2
[2018.07.19-19.08.27:530][898]LogTemp: Warning: Actor: SM_DoorWindow2
[2018.07.19-19.08.28:529][927]LogTemp: Warning: Actor: SM_DoorWindow2
[2018.07.19-19.08.28:530][927]LogTemp: Warning: Actor: SM_DoorWindow2
[2018.07.19-19.08.28:735][933]LogTemp: Warning: Actor: SM_DoorWindow2
[2018.07.19-19.08.28:736][933]LogTemp: Warning: Actor: SM_DoorWindow2
[2018.07.19-19.08.30:284][977]LogTemp: Warning: Actor: SM_DoorWindow2
[2018.07.19-19.08.30:285][977]LogTemp: Warning: Actor: SM_DoorWindow2
[2018.07.19-19.08.30:505][983]LogTemp: Warning: Actor: SM_DoorWindow2
[2018.07.19-19.08.30:505][983]LogTemp: Warning: Actor: SM_DoorWindow2
[2018.07.19-19.08.30:725][989]LogTemp: Warning: Actor: SM_DoorWindow2
[2018.07.19-19.08.30:726][989]LogTemp: Warning: Actor: SM_DoorWindow2
[2018.07.19-19.08.31:428][  8]LogTemp: Warning: Actor: SM_DoorWindow2
[2018.07.19-19.08.31:428][  8]LogTemp: Warning: Actor: SM_DoorWindow2
[2018.07.19-19.08.31:880][ 20]LogTemp: Warning: Actor: SM_DoorWindow2
[2018.07.19-19.08.31:880][ 20]LogTemp: Warning: Actor: SM_DoorWindow2
[2018.07.19-19.08.32:067][ 25]LogTemp: Warning: Actor: SM_DoorWindow2
[2018.07.19-19.08.32:068][ 25]LogTemp: Warning: Actor: SM_DoorWindow2
[2018.07.19-19.08.32:669][ 41]LogTemp: Warning: Actor: SM_DoorWindow2
[2018.07.19-19.08.32:670][ 41]LogTemp: Warning: Actor: SM_DoorWindow2
[2018.07.19-19.08.32:891][ 47]LogTemp: Warning: Actor: SM_DoorWindow2
[2018.07.19-19.08.32:892][ 47]LogTemp: Warning: Actor: SM_DoorWindow2
[2018.07.19-19.08.33:074][ 52]LogTemp: Warning: Actor: SM_DoorWindow2
[2018.07.19-19.08.33:075][ 52]LogTemp: Warning: Actor: SM_DoorWindow2
[2018.07.19-19.08.33:257][ 57]LogTemp: Warning: Actor: SM_DoorWindow2
[2018.07.19-19.08.33:257][ 57]LogTemp: Warning: Actor: SM_DoorWindow2
[2018.07.19-19.08.33:474][ 63]LogTemp: Warning: Actor: SM_DoorWindow2
[2018.07.19-19.08.33:476][ 63]LogTemp: Warning: Actor: SM_DoorWindow2
[2018.07.19-19.08.33:694][ 69]LogTemp: Warning: Actor: SM_DoorWindow2
[2018.07.19-19.08.33:694][ 69]LogTemp: Warning: Actor: SM_DoorWindow2
[2018.07.19-19.08.33:875][ 74]LogTemp: Warning: Actor: SM_DoorWindow2
[2018.07.19-19.08.33:876][ 74]LogTemp: Warning: Actor: SM_DoorWindow2
[2018.07.19-19.08.34:095][ 80]LogTemp: Warning: Actor: SM_DoorWindow2
[2018.07.19-19.08.34:096][ 80]LogTemp: Warning: Actor: SM_DoorWindow2
[2018.07.19-19.08.35:013][105]LogTemp: Warning: Actor: SM_DoorWindow2
[2018.07.19-19.08.35:014][105]LogTemp: Warning: Actor: SM_DoorWindow2
[2018.07.19-19.08.35:235][111]LogTemp: Warning: Actor: SM_DoorWindow2
[2018.07.19-19.08.35:235][111]LogTemp: Warning: Actor: SM_DoorWindow2
[2018.07.19-19.08.36:923][158]LogTemp: Warning: Actor: SM_DoorWindow2
[2018.07.19-19.08.36:923][158]LogTemp: Warning: Actor: SM_DoorWindow2
[2018.07.19-19.08.37:127][164]LogTemp: Warning: Actor: SM_DoorWindow2
[2018.07.19-19.08.37:128][164]LogTemp: Warning: Actor: SM_DoorWindow2
[2018.07.19-19.08.37:298][169]LogTemp: Warning: Actor: SM_DoorWindow2
[2018.07.19-19.08.37:298][169]LogTemp: Warning: Actor: SM_DoorWindow2
[2018.07.19-19.09.33:777][885]LogEditorViewport: Clicking on Actor (LMB): StaticMeshActor (SM_DoorFrame3)
[2018.07.19-19.09.37:705][249]LogSlate: FSceneViewport::OnFocusLost() reason 0
[2018.07.19-19.09.39:673][416]Cmd: EDIT COPY
[2018.07.19-19.09.40:633][516]Cmd: EDIT COPY
[2018.07.19-19.09.49:933][463]Cmd: EDIT PASTE
[2018.07.19-19.10.31:489][912]LogEditorViewport: Clicking on Actor (LMB): StaticMeshActor (SM_DoorFrame5)
[2018.07.19-19.10.33:413][ 75]LogSlate: FSceneViewport::OnFocusLost() reason 0
[2018.07.19-19.10.35:556][262]Cmd: DUPLICATE
[2018.07.19-19.10.35:557][262]Cmd: ACTOR DUPLICATE
[2018.07.19-19.11.04:779][433]LogSlate: FSceneViewport::OnFocusLost() reason 2
[2018.07.19-19.11.05:656][507]MapCheck: New page: Map Check
[2018.07.19-19.11.05:678][507]LogSlate: FSceneViewport::OnFocusLost() reason 2
[2018.07.19-19.11.05:702][507]LightingResults: New page: Lighting Build - Jul 19, 2018, 11:11:05 PM
[2018.07.19-19.11.05:914][507]LogSwarmInterface: [OpenConnection] Registering TCP channel ...
[2018.07.19-19.11.06:349][507]LogSwarmInterface: [OpenConnection] Connecting to agent ...
[2018.07.19-19.11.06:892][507]LogSwarmInterface: [TryOpenConnection] Testing the Agent
[2018.07.19-19.11.09:145][507]LogSwarmInterface: Error: [TryOpenConnection] Waiting for the agent to start up ...
[2018.07.19-19.11.09:151][507]LogSwarmInterface: Error: System.Net.Sockets.SocketException (0x80004005): No connection could be made because the target machine actively refused it 127.0.0.1:8008

Server stack trace: 
   at System.Net.Sockets.Socket.DoConnect(EndPoint endPointSnapshot, SocketAddress socketAddress)
   at System.Net.Sockets.Socket.Connect(EndPoint remoteEP)
   at System.Runtime.Remoting.Channels.RemoteConnection.CreateNewSocket(EndPoint ipEndPoint)
   at System.Runtime.Remoting.Channels.SocketCache.GetSocket(String machinePortAndSid, Boolean openNew)
   at System.Runtime.Remoting.Channels.Tcp.TcpClientTransportSink.SendRequestWithRetry(IMessage msg, ITransportHeaders requestHeaders, Stream requestStream)
   at System.Runtime.Remoting.Channels.Tcp.TcpClientTransportSink.AsyncProcessRequest(IClientChannelSinkStack sinkStack, IMessage msg, ITransportHeaders headers, Stream stream)
   at System.Runtime.Remoting.Channels.BinaryClientFormatterSink.AsyncProcessMessage(IMessage msg, IMessageSink replySink)

Exception rethrown at [0]: 
   at System.Runtime.Remoting.Proxies.RealProxy.HandleReturnMessage(IMessage reqMsg, IMessage retMsg)
   at System.Runtime.Remoting.Proxies.RealProxy.PrivateInvoke(MessageData& msgData, Int32 type)
   at NSwarm.IAgentInterfaceWrapper.MethodDelegate.EndInvoke(Hashtable& OutParameters, IAsyncResult result)
   at NSwarm.FSwarmInterface.TryOpenConnection(FConnectionCallback CallbackFunc, IntPtr CallbackData, ELogFlags LoggingFlags)
[2018.07.19-19.11.14:257][507]LogSwarmInterface: [TryOpenConnection] Opening Connection to Agent
[2018.07.19-19.11.14:258][507]LogSwarmInterface: [TryOpenConnection] Local Process ID is 13420
[2018.07.19-19.11.19:016][507]LogStaticLightingSystem: Warning: No importance volume found, so the scene bounding box was used.  You can optimize your scene's quality and lighting build times by adding importance volumes.
[2018.07.19-19.11.19:019][507]LogStaticLightingSystem: Running Lightmass w/ ImmediateImport mode ENABLED
[2018.07.19-19.11.19:020][507]LogStaticLightingSystem: Running Lightmass w/ ImmediateProcess mode ENABLED
[2018.07.19-19.11.19:020][507]LogStaticLightingSystem: Running Lightmass w/ Sorting mode ENABLED
[2018.07.19-19.11.19:020][507]LogStaticLightingSystem: Running Lightmass w/ Mapping paddings ENABLED
[2018.07.19-19.11.19:020][507]LogStaticLightingSystem: Running Lightmass w/ Mapping debug paddings DISABLED
[2018.07.19-19.11.19:450][507]LogEditorBuildUtils: Build time 0:13
[2018.07.19-19.11.19:544][508]LogMaterial: Missing cached shader map for material FLightmassMaterialRenderer M_Desklight, compiling. 
[2018.07.19-19.11.19:566][508]LogShaderCompilers: Display: Shaders left to compile 2
[2018.07.19-19.11.19:566][508]LogMaterial: Missing cached shader map for material FLightmassMaterialRenderer M_Desklight, compiling. 
[2018.07.19-19.11.19:763][509]LogMaterial: Missing cached shader map for material FLightmassMaterialRenderer M_WarningCone, compiling. 
[2018.07.19-19.11.19:769][509]LogMaterial: Missing cached shader map for material FLightmassMaterialRenderer M_WarningCone, compiling. 
[2018.07.19-19.11.19:800][510]LogMaterial: Missing cached shader map for material FLightmassMaterialRenderer M_Bathroom, compiling. 
[2018.07.19-19.11.19:805][510]LogMaterial: Missing cached shader map for material FLightmassMaterialRenderer M_Bathroom, compiling. 
[2018.07.19-19.11.24:838][512]LogShaderCompilers: Display: Shaders left to compile 10
[2018.07.19-19.11.24:890][512]LogSlate: Took 0.000342 seconds to synchronously load lazily loaded font '../../../Engine/Content/Slate/Fonts/Roboto-Light.ttf' (167K)
[2018.07.19-19.11.24:893][512]LogSlate: FSceneViewport::OnFocusLost() reason 2
[2018.07.19-19.11.25:168][512]Cmd: OBJ SAVEPACKAGE PACKAGE="/Game/Maps/Level1" FILE="../../../../../SpareTime/Unreal/FPS/FPS/Saved/Autosaves/Game/Maps/Level1_Auto1.umap" SILENT=true AUTOSAVING=true KEEPDIRTY=false
[2018.07.19-19.11.25:787][512]LogSavePackage: Save=579.54ms
[2018.07.19-19.11.25:787][512]LogSavePackage: Moving '../../../../../SpareTime/Unreal/FPS/FPS/Saved/Level1_Auto1F7D8FD6441EFD606D177219856C35145.tmp' to '../../../../../SpareTime/Unreal/FPS/FPS/Saved/Autosaves/Game/Maps/Level1_Auto1.umap'
[2018.07.19-19.11.25:793][512]LogSavePackage: Display: Finished SavePackage ../../../../../SpareTime/Unreal/FPS/FPS/Saved/Autosaves/Game/Maps/Level1_Auto1.umap
[2018.07.19-19.11.25:797][512]LogFileHelpers: Editor autosave (incl. sublevels) for '/Game/Maps/Level1' took 0.650
[2018.07.19-19.11.25:798][512]LogFileHelpers: Editor autosave (incl. sublevels) for all levels took 0.650
[2018.07.19-19.11.37:282][960]LightingResults: Warning: office_free_unity_5 Object has overlapping UVs.
[2018.07.19-19.11.37:283][960]LightingResults: office_free_unity_5 Lightmap UV are overlapping by 18.5%. Please adjust content - Enable Error Coloring to visualize.
[2018.07.19-19.11.41:415][147]LightingResults: Warning: office_free_unity_5 Object has overlapping UVs.
[2018.07.19-19.11.41:415][147]LightingResults: office_free_unity_5 Lightmap UV are overlapping by 18.5%. Please adjust content - Enable Error Coloring to visualize.
[2018.07.19-19.11.44:793][300]LightingResults: Warning: trolley Object has overlapping UVs.
[2018.07.19-19.11.44:793][300]LightingResults: trolley Lightmap UV are overlapping by 5.8%. Please adjust content - Enable Error Coloring to visualize.
[2018.07.19-19.11.48:892][486]LightingResults: Warning: office_free_unity_5 Object has overlapping UVs.
[2018.07.19-19.11.48:892][486]LightingResults: office_free_unity_5 Lightmap UV are overlapping by 18.5%. Please adjust content - Enable Error Coloring to visualize.
[2018.07.19-19.11.51:415][601]LightingResults: Warning: office_free_unity_5 Object has overlapping UVs.
[2018.07.19-19.11.51:415][601]LightingResults: office_free_unity_5 Lightmap UV are overlapping by 18.5%. Please adjust content - Enable Error Coloring to visualize.
[2018.07.19-19.11.52:072][631]LightingResults: Warning: office_free_unity_5 Object has overlapping UVs.
[2018.07.19-19.11.52:072][631]LightingResults: office_free_unity_5 Lightmap UV are overlapping by 18.5%. Please adjust content - Enable Error Coloring to visualize.
[2018.07.19-19.11.53:194][682]LightingResults: Warning: office_free_unity_5 Object has overlapping UVs.
[2018.07.19-19.11.53:194][682]LightingResults: office_free_unity_5 Lightmap UV are overlapping by 18.5%. Please adjust content - Enable Error Coloring to visualize.
[2018.07.19-19.11.55:323][779]LightingResults: Warning: office_free_unity_5 Object has overlapping UVs.
[2018.07.19-19.11.55:323][779]LightingResults: office_free_unity_5 Lightmap UV are overlapping by 18.5%. Please adjust content - Enable Error Coloring to visualize.
[2018.07.19-19.12.01:881][ 78]LightingResults: Warning: trolley Object has overlapping UVs.
[2018.07.19-19.12.01:881][ 78]LightingResults: trolley Lightmap UV are overlapping by 5.8%. Please adjust content - Enable Error Coloring to visualize.
[2018.07.19-19.12.09:952][446]LightingResults: Warning: office_free_unity_5 Object has overlapping UVs.
[2018.07.19-19.12.09:953][446]LightingResults: office_free_unity_5 Lightmap UV are overlapping by 18.5%. Please adjust content - Enable Error Coloring to visualize.
[2018.07.19-19.12.13:223][596]Job is a success!
[2018.07.19-19.12.13:256][597]LogSlate: FSceneViewport::OnFocusLost() reason 2
[2018.07.19-19.12.13:371][597]LogVolumetricLightmapImport: Imported Volumetric Lightmap in 0.019s
[2018.07.19-19.12.13:372][597]LogVolumetricLightmapImport:      Indirection Texture 16x16x16 = 0.0Mb
[2018.07.19-19.12.13:372][597]LogVolumetricLightmapImport:      BrickData 195x5x5 = 0.2Mb
[2018.07.19-19.12.13:372][597]LogVolumetricLightmapImport:      Bricks at Level
[2018.07.19-19.12.13:372][597]LogVolumetricLightmapImport:          0: 2.6% covering 100.0% of volume
[2018.07.19-19.12.13:372][597]LogVolumetricLightmapImport:          1: 10.3% covering 6.3% of volume
[2018.07.19-19.12.13:372][597]LogVolumetricLightmapImport:          2: 87.2% covering 0.8% of volume
[2018.07.19-19.12.16:175][597]LogTexture: Display: Building textures: SkyOcclusion1_1 (AutoDXT, 1024X512)
[2018.07.19-19.12.16:176][597]LogTexture: Display: Building textures: HQ_Lightmap1_1 (AutoDXT, 1024X1024)
[2018.07.19-19.12.16:176][597]LogTexture: Display: Building textures: LQ_Lightmap_1_1 (DXT1, 1024X1024)
[2018.07.19-19.12.16:176][597]LogTexture: Display: Building textures: SkyOcclusion1_2 (AutoDXT, 1024X512)
[2018.07.19-19.12.16:176][597]LogTexture: Display: Building textures: HQ_Lightmap1_2 (AutoDXT, 1024X1024)
[2018.07.19-19.12.16:176][597]LogTexture: Display: Building textures: LQ_Lightmap_1_2 (DXT1, 1024X1024)
[2018.07.19-19.12.16:177][597]LogTexture: Display: Building textures: HQ_Lightmap1_3 (AutoDXT, 1024X1024)
[2018.07.19-19.12.16:177][597]LogTexture: Display: Building textures: SkyOcclusion1_3 (AutoDXT, 1024X512)
[2018.07.19-19.12.16:177][597]LogTexture: Display: Building textures: LQ_Lightmap_1_3 (DXT1, 1024X1024)
[2018.07.19-19.12.16:177][597]LogTexture: Display: Building textures: SkyOcclusion1_4 (AutoDXT, 1024X512)
[2018.07.19-19.12.16:177][597]LogTexture: Display: Building textures: HQ_Lightmap1_4 (AutoDXT, 1024X1024)
[2018.07.19-19.12.16:177][597]LogTexture: Display: Building textures: LQ_Lightmap_1_4 (DXT1, 1024X1024)
[2018.07.19-19.12.16:177][597]LogTexture: Display: Building textures: SkyOcclusion1_5 (AutoDXT, 1024X512)
[2018.07.19-19.12.16:178][597]LogTexture: Display: Building textures: HQ_Lightmap1_5 (AutoDXT, 1024X1024)
[2018.07.19-19.12.16:178][597]LogTexture: Display: Building textures: LQ_Lightmap_1_5 (DXT1, 1024X1024)
[2018.07.19-19.12.16:178][597]LogTexture: Display: Building textures: SkyOcclusion1_6 (AutoDXT, 1024X512)
[2018.07.19-19.12.16:178][597]LogTexture: Display: Building textures: HQ_Lightmap1_6 (AutoDXT, 1024X1024)
[2018.07.19-19.12.16:178][597]LogTexture: Display: Building textures: LQ_Lightmap_1_6 (DXT1, 1024X1024)
[2018.07.19-19.12.16:178][597]LogTexture: Display: Building textures: SkyOcclusion1_7 (AutoDXT, 1024X512)
[2018.07.19-19.12.16:178][597]LogTexture: Display: Building textures: HQ_Lightmap1_7 (AutoDXT, 1024X1024)
[2018.07.19-19.12.16:178][597]LogTexture: Display: Building textures: LQ_Lightmap_1_7 (DXT1, 1024X1024)
[2018.07.19-19.12.16:179][597]LogTexture: Display: Building textures: SkyOcclusion0_8 (AutoDXT, 64X32)
[2018.07.19-19.12.16:179][597]LogTexture: Display: Building textures: HQ_Lightmap0_8 (AutoDXT, 64X64)
[2018.07.19-19.12.16:179][597]LogTexture: Display: Building textures: LQ_Lightmap_0_8 (DXT1, 64X64)
[2018.07.19-19.12.16:376][597]LogTexture: Display: Building textures: ShadowMapTexture2D_1 (G8, 32X32)
[2018.07.19-19.12.16:428][597]LogTexture: Display: Building textures: ShadowMapTexture2D_0 (G8, 1024X1024)
[2018.07.19-19.12.16:496][597]Lightmass on TOM-LAPTOP: 48.7 sec total, 2.15 sec importing, 186 ms setup, 4.78 sec photons, 41.4 sec processing, 0 ms extra exporting [459/459 mappings]. Threads: 4:49 min total, 3:46 min processing.
[2018.07.19-19.12.16:552][597]LogStaticLightingSystem: Illumination: 1:10 min (2.43 sec encoding lightmaps, 247 ms encoding shadowmaps)
[2018.07.19-19.12.16:552][597]LogStaticLightingSystem: Lightmap texture memory:  18.7 MB (18.7 MB streaming, 0.0 MB non-streaming), 16 textures
[2018.07.19-19.12.16:553][597]LogStaticLightingSystem: Shadowmap texture memory: 1.3 MB (1.3 MB streaming, 0.0 MB non-streaming), 2 textures
[2018.07.19-19.12.17:093][597]DumpUnbuiltLightIteractions
[2018.07.19-19.12.17:093][597]Lights with unbuilt interactions: 0
[2018.07.19-19.12.17:094][597]
[2018.07.19-19.12.17:094][597]Primitives with unbuilt interactions: 0
[2018.07.19-19.12.17:240][598]Cmd: MAP CHECK NOTIFYRESULTS
[2018.07.19-19.12.17:241][598]MapCheck: New page: Level1 - Jul 19, 2018, 11:12:17 PM
[2018.07.19-19.12.17:353][598]MapCheck: Map check complete: 0 Error(s), 0 Warning(s), took 112.314ms to complete.
[2018.07.19-19.12.20:226][798]LogSlate: FSceneViewport::OnFocusLost() reason 0
[2018.07.19-19.13.17:308][835]LogSlate: FSceneViewport::OnFocusLost() reason 0
[2018.07.19-19.13.17:405][846]LogTemp: Repeating last play command: Selected Viewport
[2018.07.19-19.13.17:428][846]LogPlayLevel: PlayLevel: No blueprints needed recompiling
[2018.07.19-19.13.17:429][846]PIE: New page: PIE session: Level1 (Jul 19, 2018, 11:13:17 PM)
[2018.07.19-19.13.17:429][846]LogPlayLevel: Creating play world package: /Game/Maps/UEDPIE_0_Level1
[2018.07.19-19.13.17:459][846]LogPlayLevel: PIE: StaticDuplicateObject took: (0.029801s)
[2018.07.19-19.13.17:460][846]LogAIModule: Creating AISystem for world Level1
[2018.07.19-19.13.17:461][846]LogPlayLevel: PIE: World Init took: (0.001166s)
[2018.07.19-19.13.17:461][846]LogPlayLevel: PIE: Created PIE world by copying editor world from /Game/Maps/Level1.Level1 to /Game/Maps/UEDPIE_0_Level1.Level1 (0.031906s)
[2018.07.19-19.13.17:485][846]LogInit: XAudio2 using 'Luidsprekers (Conexant SmartAudio HD)' : 2 channels at 48 kHz using 32 bits per sample (channel mask 0x3)
[2018.07.19-19.13.17:522][846]LogInit: FAudioDevice initialized.
[2018.07.19-19.13.17:563][846]LogLoad: Game class is 'BP_FPSGameModeBase_C'
[2018.07.19-19.13.17:584][846]LogWorld: Bringing World /Game/Maps/UEDPIE_0_Level1.Level1 up for play (max tick rate 0) at 2018.07.19-21.13.17
[2018.07.19-19.13.17:587][846]LogWorld: Bringing up level for play took: 0.022531
[2018.07.19-19.13.17:596][846]PIE: Play in editor start time for /Game/Maps/UEDPIE_0_Level1 0.503
[2018.07.19-19.13.21:591][ 34]LogTemp: Warning: There is no current weapon
[2018.07.19-19.13.21:654][ 39]LogTemp: Warning: There is no current weapon
[2018.07.19-19.13.23:092][138]LogTemp: Warning: Keycard: Added to inventory
[2018.07.19-19.13.23:094][138]LogTemp: Warning: Task Ended
[2018.07.19-19.13.27:255][436]LogTemp: Warning: Actor: SM_DoorVent_10
[2018.07.19-19.13.27:256][436]LogTemp: Warning: Actor: SM_DoorVent_10
[2018.07.19-19.13.30:355][679]LogTemp: Warning: Actor: SM_DoorVentDb_46
[2018.07.19-19.13.30:356][679]LogTemp: Warning: Actor: SM_DoorVentDb_46
[2018.07.19-19.13.31:926][803]LogTemp: Warning: Actor: FUSEBOX_5
[2018.07.19-19.13.31:926][803]LogTemp: Warning: Actor: FUSEBOX_5
[2018.07.19-19.13.46:821][266]LogTemp: Warning: Actor: SM_DoorWindow_71
[2018.07.19-19.13.46:822][266]LogTemp: Warning: Actor: SM_DoorWindow_71
[2018.07.19-19.13.50:592][394]LogTemp: Warning: Actor: SM_DoorWindow2
[2018.07.19-19.13.50:592][394]LogTemp: Warning: Actor: SM_DoorWindow2
[2018.07.19-19.13.58:334][609]LogTemp: Warning: Actor: SM_DoorPlain5
[2018.07.19-19.13.58:538][615]LogTemp: Warning: Actor: SM_DoorPlain5
[2018.07.19-19.13.58:778][622]LogTemp: Warning: Actor: SM_DoorPlain5
[2018.07.19-19.13.59:022][629]LogTemp: Warning: Actor: SM_LockKeypad3
[2018.07.19-19.13.59:196][634]LogTemp: Warning: Actor: SM_LockKeypad3
[2018.07.19-19.14.02:557][731]LogTemp: Warning: Actor: SM_DoorPlain4
[2018.07.19-19.14.02:557][731]LogTemp: Warning: Actor: SM_DoorPlain4
[2018.07.19-19.14.05:360][816]LogTemp: Warning: Actor: SM_DoorPlain4
[2018.07.19-19.14.05:361][816]LogTemp: Warning: Actor: SM_DoorPlain4
[2018.07.19-19.14.08:287][947]LogTemp: Warning: Actor: SM_BathroomUrinal_270
[2018.07.19-19.14.42:259][280]LogSlate: FSceneViewport::OnFocusLost() reason 2
[2018.07.19-19.14.42:359][280]Cmd: OBJ SAVEPACKAGE PACKAGE="/Game/Maps/Level1" FILE="../../../../../SpareTime/Unreal/FPS/FPS/Content/Maps/Level1.umap" SILENT=true AUTOSAVING=false KEEPDIRTY=false
[2018.07.19-19.14.42:926][280]LogSavePackage: Save=542.92ms
[2018.07.19-19.14.42:927][280]LogSavePackage: Moving '../../../../../SpareTime/Unreal/FPS/FPS/Saved/Level1C355D0304A3E21FA2FF8E7B20C270A49.tmp' to '../../../../../SpareTime/Unreal/FPS/FPS/Content/Maps/Level1.umap'
[2018.07.19-19.14.42:934][280]LogSavePackage: Display: Finished SavePackage ../../../../../SpareTime/Unreal/FPS/FPS/Content/Maps/Level1.umap
[2018.07.19-19.14.42:969][280]LogFileHelpers: Saving map 'Level1' took 0.692
[2018.07.19-19.14.42:975][280]Cmd: OBJ SAVEPACKAGE PACKAGE="/Game/Maps/Level1_BuiltData" FILE="../../../../../SpareTime/Unreal/FPS/FPS/Content/Maps/Level1_BuiltData.uasset" SILENT=true
[2018.07.19-19.14.43:851][280]LogSavePackage: Save=725.67ms
[2018.07.19-19.14.43:851][280]LogSavePackage: Moving '../../../../../SpareTime/Unreal/FPS/FPS/Saved/Level1_BuiltData9D22B6C346C228A7C251CDB5146C0D37.tmp' to '../../../../../SpareTime/Unreal/FPS/FPS/Content/Maps/Level1_BuiltData.uasset'
[2018.07.19-19.14.43:861][280]LogSavePackage: Display: Finished SavePackage ../../../../../SpareTime/Unreal/FPS/FPS/Content/Maps/Level1_BuiltData.uasset
[2018.07.19-19.14.45:044][361]LogSlate: FSceneViewport::OnFocusLost() reason 0
[2018.07.19-19.14.45:300][378]LogSlate: Window 'Message Log' being destroyed
[2018.07.19-19.14.45:304][378]LogSlate: Window 'FPS - Unreal Editor' being destroyed
[2018.07.19-19.14.45:305][378]LogWindowsTextInputMethodSystem: Display: IME system now deactivated.
[2018.07.19-19.14.45:618][379]Cmd: QUIT_EDITOR
[2018.07.19-19.14.46:659][379]LogSlate: Slate User Destroyed.  User Index 0, Is Virtual User: 0
[2018.07.19-19.14.46:660][379]LogExit: Preparing to exit.
[2018.07.19-19.14.47:526][379]LogDirectoryWatcher: A directory notification for 'D:/SpareTime/Unreal/FPS/FPS/Content/' was aborted.
[2018.07.19-19.14.47:557][379]LogUObjectGlobals: Destroyed PersistentFrame Addr=0x000001a4cb811378, Size=4
[2018.07.19-19.14.47:557][379]LogUObjectGlobals: Destroyed PersistentFrame Addr=0x000001a4feff94e0, Size=80
[2018.07.19-19.14.47:562][379]LogExit: Editor shut down
[2018.07.19-19.14.47:572][379]LogExit: Transaction tracking system shut down
[2018.07.19-19.14.47:573][379]LogUObjectGlobals: Destroyed PersistentFrame Addr=0x000001a4cd3f3800, Size=128
[2018.07.19-19.14.47:574][379]LogUObjectGlobals: Destroyed PersistentFrame Addr=0x000001a48dae3d80, Size=128
[2018.07.19-19.14.47:584][379]LogUObjectGlobals: Destroyed PersistentFrame Addr=0x000001a4873ea8e0, Size=160
[2018.07.19-19.14.47:584][379]LogUObjectGlobals: Destroyed PersistentFrame Addr=0x000001a4cc485750, Size=56
[2018.07.19-19.14.47:585][379]LogUObjectGlobals: Destroyed PersistentFrame Addr=0x000001a487337740, Size=424
[2018.07.19-19.14.47:585][379]LogUObjectGlobals: Destroyed PersistentFrame Addr=0x000001a491a9e200, Size=40
[2018.07.19-19.14.47:585][379]LogUObjectGlobals: Destroyed PersistentFrame Addr=0x000001a487f8d210, Size=80
[2018.07.19-19.14.47:585][379]LogUObjectGlobals: Destroyed PersistentFrame Addr=0x000001a491a9d918, Size=40
[2018.07.19-19.14.47:675][379]LogDirectoryWatcher: A directory notification for '../../../Engine/Content/' was aborted.
[2018.07.19-19.14.47:675][379]LogDirectoryWatcher: A directory notification for '../../../../../SpareTime/Unreal/FPS/FPS/Content/' was aborted.
[2018.07.19-19.14.47:675][379]LogDirectoryWatcher: A directory notification for '../../Plugins/2D/Paper2D/Content/' was aborted.
[2018.07.19-19.14.47:675][379]LogDirectoryWatcher: A directory notification for '../../Plugins/Enterprise/DatasmithContent/Content/' was aborted.
[2018.07.19-19.14.47:676][379]LogDirectoryWatcher: A directory notification for '../../Plugins/Media/MediaCompositing/Content/' was aborted.
[2018.07.19-19.14.47:676][379]LogDirectoryWatcher: A directory notification for '../../Plugins/Runtime/AppleARKit/Content/' was aborted.
[2018.07.19-19.14.47:676][379]LogDirectoryWatcher: A directory notification for '../../Plugins/Runtime/Oculus/OculusVR/Content/' was aborted.
[2018.07.19-19.14.47:676][379]LogDirectoryWatcher: A directory notification for '../../Plugins/Runtime/Steam/SteamVR/Content/' was aborted.
[2018.07.19-19.14.47:869][379]LogExit: Object subsystem successfully closed.
[2018.07.19-19.14.47:941][379]LogShaderCompilers: Display: Shaders left to compile 0
[2018.07.19-19.14.47:947][379]LogD3D11RHI: Shutdown
[2018.07.19-19.14.47:948][379]LogD3D11RHI: CleanupD3DDevice
[2018.07.19-19.14.47:952][379]LogD3D11RHI: ~FD3D11DynamicRHI
[2018.07.19-19.14.48:014][379]LogModuleManager: Shutting down and abandoning module MovieSceneCapture (582)
[2018.07.19-19.14.48:014][379]LogModuleManager: Shutting down and abandoning module HierarchicalLODOutliner (580)
[2018.07.19-19.14.48:015][379]LogModuleManager: Shutting down and abandoning module ExternalImagePicker (578)
[2018.07.19-19.14.48:015][379]LogModuleManager: Shutting down and abandoning module DesktopPlatform (576)
[2018.07.19-19.14.48:016][379]LogModuleManager: Shutting down and abandoning module AddContentDialog (574)
[2018.07.19-19.14.48:017][379]LogDirectoryWatcher: A directory notification for 'D:/Epic Games/UE_4.19/FeaturePacks/' was aborted.
[2018.07.19-19.14.48:019][379]LogModuleManager: Shutting down and abandoning module WidgetCarousel (573)
[2018.07.19-19.14.48:019][379]LogModuleManager: Shutting down and abandoning module EditorWidgets (570)
[2018.07.19-19.14.48:019][379]LogModuleManager: Shutting down and abandoning module CollectionManager (568)
[2018.07.19-19.14.48:020][379]LogDirectoryWatcher: A directory notification for 'D:/SpareTime/Unreal/FPS/FPS/Content/Collections/' was aborted.
[2018.07.19-19.14.48:021][379]LogDirectoryWatcher: A directory notification for 'D:/SpareTime/Unreal/FPS/FPS/Content/Developers/tomco/Collections/' was aborted.
[2018.07.19-19.14.48:021][379]LogDirectoryWatcher: A directory notification for 'D:/SpareTime/Unreal/FPS/FPS/Saved/Collections/' was aborted.
[2018.07.19-19.14.48:021][379]LogModuleManager: Shutting down and abandoning module SceneOutliner (566)
[2018.07.19-19.14.48:021][379]LogModuleManager: Shutting down and abandoning module StatsViewer (564)
[2018.07.19-19.14.48:022][379]LogModuleManager: Shutting down and abandoning module FoliageEdit (562)
[2018.07.19-19.14.48:022][379]LogModuleManager: Shutting down and abandoning module LandscapeEditor (560)
[2018.07.19-19.14.48:023][379]LogModuleManager: Shutting down and abandoning module MeshPaintMode (558)
[2018.07.19-19.14.48:024][379]LogModuleManager: Shutting down and abandoning module SceneDepthPickerMode (556)
[2018.07.19-19.14.48:024][379]LogModuleManager: Shutting down and abandoning module ActorPickerMode (554)
[2018.07.19-19.14.48:024][379]LogModuleManager: Shutting down and abandoning module GeometryMode (552)
[2018.07.19-19.14.48:025][379]LogModuleManager: Shutting down and abandoning module TextureAlignMode (550)
[2018.07.19-19.14.48:025][379]LogModuleManager: Shutting down and abandoning module BspMode (548)
[2018.07.19-19.14.48:025][379]LogModuleManager: Shutting down and abandoning module PIEPreviewDeviceProfileSelector (546)
[2018.07.19-19.14.48:025][379]LogModuleManager: Shutting down and abandoning module HardwareSurvey (544)
[2018.07.19-19.14.48:025][379]LogModuleManager: Shutting down and abandoning module SequenceRecorderSections (542)
[2018.07.19-19.14.48:026][379]LogModuleManager: Shutting down and abandoning module AutomationWorker (540)
[2018.07.19-19.14.48:026][379]LogModuleManager: Shutting down and abandoning module AudioCaptureEditor (538)
[2018.07.19-19.14.48:026][379]LogModuleManager: Shutting down and abandoning module SequenceRecorder (537)
[2018.07.19-19.14.48:027][379]LogModuleManager: Shutting down and abandoning module MatineeToLevelSequence (534)
[2018.07.19-19.14.48:027][379]LogModuleManager: Shutting down and abandoning module LevelSequenceEditor (532)
[2018.07.19-19.14.48:032][379]LogModuleManager: Shutting down and abandoning module PlacementMode (531)
[2018.07.19-19.14.48:032][379]LogModuleManager: Shutting down and abandoning module MaterialEditor (530)
[2018.07.19-19.14.48:038][379]LogModuleManager: Shutting down and abandoning module WmfMediaFactory (526)
[2018.07.19-19.14.48:038][379]LogModuleManager: Shutting down and abandoning module WmfMediaEditor (524)
[2018.07.19-19.14.48:038][379]LogModuleManager: Shutting down and abandoning module MediaPlayerEditor (522)
[2018.07.19-19.14.48:042][379]LogModuleManager: Shutting down and abandoning module OpenExrWrapper (520)
[2018.07.19-19.14.48:042][379]LogModuleManager: Shutting