Log file open, 07/13/18 17:07:44
LogWindows: Failed to load 'aqProf.dll' (GetLastError=126)
LogWindows: File 'aqProf.dll' does not exist
LogWindows: Failed to load 'VtuneApi.dll' (GetLastError=126)
LogWindows: File 'VtuneApi.dll' does not exist
LogWindows: Failed to load 'VtuneApi32e.dll' (GetLastError=126)
LogWindows: File 'VtuneApi32e.dll' does not exist
LogInit: Display: Running engine for game: FPS
LogPlatformFile: Not using cached read wrapper
LogInit: Display: RandInit(-235418472) SRandInit(-235418472).
LogInit: Read version file with build ID '3944462'
LogInit: Overriding engine version to CL 4033788, compatible CL 3944462
LogInit: Registered custom module enumerator with build ID '3944462'
LogTaskGraph: Started task graph with 5 named threads and 23 total threads with 3 sets of task threads.
LogStats: Stats thread started at 0.402258
LogD3D11RHI: Aftermath initialized
LogICUInternationalization: Display: ICU TimeZone Detection - Raw Offset: +1:00, Platform Override: ''
LogPluginManager: Mounting plugin Paper2D
LogPluginManager: Mounting plugin LiveLink
LogPluginManager: Mounting plugin LightPropagationVolume
LogPluginManager: Mounting plugin CLionSourceCodeAccess
LogPluginManager: Mounting plugin CodeLiteSourceCodeAccess
LogPluginManager: Mounting plugin GitSourceControl
LogPluginManager: Mounting plugin KDevelopSourceCodeAccess
LogPluginManager: Mounting plugin NullSourceCodeAccess
LogPluginManager: Mounting plugin PerforceSourceControl
LogPluginManager: Mounting plugin SubversionSourceControl
LogPluginManager: Mounting plugin UObjectPlugin
LogPluginManager: Mounting plugin VisualStudioCodeSourceCodeAccess
LogPluginManager: Mounting plugin VisualStudioSourceCodeAccess
LogPluginManager: Mounting plugin XCodeSourceCodeAccess
LogPluginManager: Mounting plugin AssetManagerEditor
LogPluginManager: Mounting plugin CryptoKeys
LogPluginManager: Mounting plugin DataValidation
LogPluginManager: Mounting plugin FacialAnimation
LogPluginManager: Mounting plugin GameplayTagsEditor
LogPluginManager: Mounting plugin MobileLauncherProfileWizard
LogPluginManager: Mounting plugin PluginBrowser
LogPluginManager: Mounting plugin SpeedTreeImporter
LogPluginManager: Mounting plugin DatasmithContent
LogPluginManager: Mounting plugin AlembicImporter
LogPluginManager: Mounting plugin CharacterAI
LogPluginManager: Mounting plugin HTML5Networking
LogPluginManager: Mounting plugin AndroidMedia
LogPluginManager: Mounting plugin AvfMedia
LogPluginManager: Mounting plugin ImgMedia
LogPluginManager: Mounting plugin LinearTimecode
LogPluginManager: Mounting plugin MediaCompositing
LogPluginManager: Mounting plugin MediaPlayerEditor
LogPluginManager: Mounting plugin WmfMedia
LogPluginManager: Mounting plugin TcpMessaging
LogPluginManager: Mounting plugin UdpMessaging
LogPluginManager: Mounting plugin ActorSequence
LogPluginManager: Mounting plugin LevelSequenceEditor
LogPluginManager: Mounting plugin MatineeToLevelSequence
LogPluginManager: Mounting plugin NetcodeUnitTest
LogPluginManager: Mounting plugin NUTUnrealEngine4
LogPluginManager: Mounting plugin OnlineSubsystemGooglePlay
LogPluginManager: Mounting plugin OnlineSubsystemIOS
LogPluginManager: Mounting plugin OnlineSubsystem
LogPluginManager: Mounting plugin OnlineSubsystemNull
LogPluginManager: Mounting plugin OnlineSubsystemUtils
LogPluginManager: Mounting plugin AndroidDeviceProfileSelector
LogPluginManager: Mounting plugin AndroidMoviePlayer
LogPluginManager: Mounting plugin AndroidPermission
LogPluginManager: Mounting plugin AppleARKit
LogPluginManager: Mounting plugin AppleMoviePlayer
LogPluginManager: Mounting plugin ArchVisCharacter
LogPluginManager: Mounting plugin AudioCapture
LogPluginManager: Mounting plugin CableComponent
LogPluginManager: Mounting plugin CustomMeshComponent
LogPluginManager: Mounting plugin ExampleDeviceProfileSelector
LogPluginManager: Mounting plugin GoogleCloudMessaging
LogPluginManager: Mounting plugin ImmediatePhysics
LogPluginManager: Mounting plugin IOSDeviceProfileSelector
LogPluginManager: Mounting plugin LinuxDeviceProfileSelector
LogPluginManager: Mounting plugin LocationServicesBPLibrary
LogPluginManager: Mounting plugin MobilePatchingUtils
LogPluginManager: Mounting plugin OculusVR
LogPluginManager: Plugin shader directory ../../../Engine/Plugins/Runtime/Oculus/OculusVR/Shaders found
LogPluginManager: Mapping shader source directory ../../../Engine/Plugins/Runtime/Oculus/OculusVR/Shaders to virtual directory /Plugin/OculusVR
LogPluginManager: Mounting plugin PhysXVehicles
LogPluginManager: Mounting plugin ProceduralMeshComponent
LogPluginManager: Mounting plugin RuntimePhysXCooking
LogPluginManager: Mounting plugin SteamVR
LogPluginManager: Mounting plugin WindowsMoviePlayer
LogPluginManager: Mounting plugin CoverPointGenerator
LogStreaming: Display: Took  0.077s to configure plugins.
LogModuleManager: Display: Found up-to-date module file ../../../../../../../Projects/FPS/FPS/Binaries/Win64/UE4Editor-FPS.dll (API version 3944462).
LogModuleManager: Display: Found up-to-date module file ../../../Engine/Plugins/2D/Paper2D/Binaries/Win64/UE4Editor-Paper2D.dll (API version 3944462).
LogModuleManager: Display: Found up-to-date module file ../../../Engine/Plugins/2D/Paper2D/Binaries/Win64/UE4Editor-Paper2DEditor.dll (API version 3944462).
LogModuleManager: Display: Found up-to-date module file ../../../Engine/Plugins/2D/Paper2D/Binaries/Win64/UE4Editor-PaperSpriteSheetImporter.dll (API version 3944462).
LogModuleManager: Display: Found up-to-date module file ../../../Engine/Plugins/2D/Paper2D/Binaries/Win64/UE4Editor-PaperTiledImporter.dll (API version 3944462).
LogModuleManager: Display: Found up-to-date module file ../../../Engine/Plugins/2D/Paper2D/Binaries/Win64/UE4Editor-SmartSnapping.dll (API version 3944462).
LogModuleManager: Display: Found up-to-date module file ../../../Engine/Plugins/Animation/LiveLink/Binaries/Win64/UE4Editor-LiveLink.dll (API version 3944462).
LogModuleManager: Display: Found up-to-date module file ../../../Engine/Plugins/Animation/LiveLink/Binaries/Win64/UE4Editor-LiveLinkEditor.dll (API version 3944462).
LogModuleManager: Display: Found up-to-date module file ../../../Engine/Plugins/Blendables/LightPropagationVolume/Binaries/Win64/UE4Editor-LightPropagationVolumeRuntime.dll (API version 3944462).
LogModuleManager: Display: Found up-to-date module file ../../../Engine/Plugins/Blendables/LightPropagationVolume/Binaries/Win64/UE4Editor-LightPropagationVolumeEditor.dll (API version 3944462).
LogModuleManager: Display: Found up-to-date module file ../../../Engine/Plugins/Developer/CLionSourceCodeAccess/Binaries/Win64/UE4Editor-CLionSourceCodeAccess.dll (API version 3944462).
LogModuleManager: Display: Found up-to-date module file ../../../Engine/Plugins/Developer/GitSourceControl/Binaries/Win64/UE4Editor-GitSourceControl.dll (API version 3944462).
LogModuleManager: Display: Found up-to-date module file ../../../Engine/Plugins/Developer/PerforceSourceControl/Binaries/Win64/UE4Editor-PerforceSourceControl.dll (API version 3944462).
LogModuleManager: Display: Found up-to-date module file ../../../Engine/Plugins/Developer/SubversionSourceControl/Binaries/Win64/UE4Editor-SubversionSourceControl.dll (API version 3944462).
LogModuleManager: Display: Found up-to-date module file ../../../Engine/Plugins/Developer/UObjectPlugin/Binaries/Win64/UE4Editor-UObjectPlugin.dll (API version 3944462).
LogModuleManager: Display: Found up-to-date module file ../../../Engine/Plugins/Developer/VisualStudioCodeSourceCodeAccess/Binaries/Win64/UE4Editor-VisualStudioCodeSourceCodeAccess.dll (API version 3944462).
LogModuleManager: Display: Found up-to-date module file ../../../Engine/Plugins/Developer/VisualStudioSourceCodeAccess/Binaries/Win64/UE4Editor-VisualStudioSourceCodeAccess.dll (API version 3944462).
LogModuleManager: Display: Found up-to-date module file ../../../Engine/Plugins/Editor/AssetManagerEditor/Binaries/Win64/UE4Editor-AssetManagerEditor.dll (API version 3944462).
LogModuleManager: Display: Found up-to-date module file ../../../Engine/Plugins/Editor/CryptoKeys/Binaries/Win64/UE4Editor-CryptoKeys.dll (API version 3944462).
LogModuleManager: Display: Found up-to-date module file ../../../Engine/Plugins/Editor/CryptoKeys/Binaries/Win64/UE4Editor-CryptoKeysOpenSSL.dll (API version 3944462).
LogModuleManager: Display: Found up-to-date module file ../../../Engine/Plugins/Editor/DataValidation/Binaries/Win64/UE4Editor-DataValidation.dll (API version 3944462).
LogModuleManager: Display: Found up-to-date module file ../../../Engine/Plugins/Editor/FacialAnimation/Binaries/Win64/UE4Editor-FacialAnimation.dll (API version 3944462).
LogModuleManager: Display: Found up-to-date module file ../../../Engine/Plugins/Editor/FacialAnimation/Binaries/Win64/UE4Editor-FacialAnimationEditor.dll (API version 3944462).
LogModuleManager: Display: Found up-to-date module file ../../../Engine/Plugins/Editor/GameplayTagsEditor/Binaries/Win64/UE4Editor-GameplayTagsEditor.dll (API version 3944462).
LogModuleManager: Display: Found up-to-date module file ../../../Engine/Plugins/Editor/MobileLauncherProfileWizard/Binaries/Win64/UE4Editor-MobileLauncherProfileWizard.dll (API version 3944462).
LogModuleManager: Display: Found up-to-date module file ../../../Engine/Plugins/Editor/PluginBrowser/Binaries/Win64/UE4Editor-PluginBrowser.dll (API version 3944462).
LogModuleManager: Display: Found up-to-date module file ../../../Engine/Plugins/Editor/SpeedTreeImporter/Binaries/Win64/UE4Editor-SpeedTreeImporter.dll (API version 3944462).
LogModuleManager: Display: Found up-to-date module file ../../../Engine/Plugins/Enterprise/DatasmithContent/Binaries/Win64/UE4Editor-DatasmithContent.dll (API version 3944462).
LogModuleManager: Display: Found up-to-date module file ../../../Engine/Plugins/Experimental/AlembicImporter/Binaries/Win64/UE4Editor-AlembicImporter.dll (API version 3944462).
LogModuleManager: Display: Found up-to-date module file ../../../Engine/Plugins/Experimental/AlembicImporter/Binaries/Win64/UE4Editor-AlembicLibrary.dll (API version 3944462).
LogModuleManager: Display: Found up-to-date module file ../../../Engine/Plugins/Experimental/CharacterAI/Binaries/Win64/UE4Editor-CharacterAI.dll (API version 3944462).
LogModuleManager: Display: Found up-to-date module file ../../../Engine/Plugins/Experimental/HTML5Networking/Binaries/Win64/UE4Editor-HTML5Networking.dll (API version 3944462).
LogModuleManager: Display: Found up-to-date module file ../../../Engine/Plugins/Media/AndroidMedia/Binaries/Win64/UE4Editor-AndroidMediaEditor.dll (API version 3944462).
LogModuleManager: Display: Found up-to-date module file ../../../Engine/Plugins/Media/AndroidMedia/Binaries/Win64/UE4Editor-AndroidMediaFactory.dll (API version 3944462).
LogModuleManager: Display: Found up-to-date module file ../../../Engine/Plugins/Media/AvfMedia/Binaries/Win64/UE4Editor-AvfMediaEditor.dll (API version 3944462).
LogModuleManager: Display: Found up-to-date module file ../../../Engine/Plugins/Media/AvfMedia/Binaries/Win64/UE4Editor-AvfMediaFactory.dll (API version 3944462).
LogModuleManager: Display: Found up-to-date module file ../../../Engine/Plugins/Media/AvfMedia/Binaries/Win64/UE4Editor-AvfMediaFactory.dll (API version 3944462).
LogModuleManager: Display: Found up-to-date module file ../../../Engine/Plugins/Media/ImgMedia/Binaries/Win64/UE4Editor-ImgMedia.dll (API version 3944462).
LogModuleManager: Display: Found up-to-date module file ../../../Engine/Plugins/Media/ImgMedia/Binaries/Win64/UE4Editor-ImgMediaEditor.dll (API version 3944462).
LogModuleManager: Display: Found up-to-date module file ../../../Engine/Plugins/Media/ImgMedia/Binaries/Win64/UE4Editor-ImgMediaFactory.dll (API version 3944462).
LogModuleManager: Display: Found up-to-date module file ../../../Engine/Plugins/Media/ImgMedia/Binaries/Win64/UE4Editor-ImgMediaFactory.dll (API version 3944462).
LogModuleManager: Display: Found up-to-date module file ../../../Engine/Plugins/Media/ImgMedia/Binaries/Win64/UE4Editor-OpenExrWrapper.dll (API version 3944462).
LogModuleManager: Display: Found up-to-date module file ../../../Engine/Plugins/Media/LinearTimecode/Binaries/Win64/UE4Editor-LinearTimecode.dll (API version 3944462).
LogModuleManager: Display: Found up-to-date module file ../../../Engine/Plugins/Media/MediaCompositing/Binaries/Win64/UE4Editor-MediaCompositing.dll (API version 3944462).
LogModuleManager: Display: Found up-to-date module file ../../../Engine/Plugins/Media/MediaCompositing/Binaries/Win64/UE4Editor-MediaCompositingEditor.dll (API version 3944462).
LogModuleManager: Display: Found up-to-date module file ../../../Engine/Plugins/Media/MediaPlayerEditor/Binaries/Win64/UE4Editor-MediaPlayerEditor.dll (API version 3944462).
LogModuleManager: Display: Found up-to-date module file ../../../Engine/Plugins/Media/WmfMedia/Binaries/Win64/UE4Editor-WmfMedia.dll (API version 3944462).
LogModuleManager: Display: Found up-to-date module file ../../../Engine/Plugins/Media/WmfMedia/Binaries/Win64/UE4Editor-WmfMediaEditor.dll (API version 3944462).
LogModuleManager: Display: Found up-to-date module file ../../../Engine/Plugins/Media/WmfMedia/Binaries/Win64/UE4Editor-WmfMediaFactory.dll (API version 3944462).
LogModuleManager: Display: Found up-to-date module file ../../../Engine/Plugins/Media/WmfMedia/Binaries/Win64/UE4Editor-WmfMediaFactory.dll (API version 3944462).
LogModuleManager: Display: Found up-to-date module file ../../../Engine/Plugins/Messaging/TcpMessaging/Binaries/Win64/UE4Editor-TcpMessaging.dll (API version 3944462).
LogModuleManager: Display: Found up-to-date module file ../../../Engine/Plugins/Messaging/UdpMessaging/Binaries/Win64/UE4Editor-UdpMessaging.dll (API version 3944462).
LogModuleManager: Display: Found up-to-date module file ../../../Engine/Plugins/MovieScene/ActorSequence/Binaries/Win64/UE4Editor-ActorSequence.dll (API version 3944462).
LogModuleManager: Display: Found up-to-date module file ../../../Engine/Plugins/MovieScene/LevelSequenceEditor/Binaries/Win64/UE4Editor-LevelSequenceEditor.dll (API version 3944462).
LogModuleManager: Display: Found up-to-date module file ../../../Engine/Plugins/MovieScene/MatineeToLevelSequence/Binaries/Win64/UE4Editor-MatineeToLevelSequence.dll (API version 3944462).
LogModuleManager: Display: Found up-to-date module file ../../../Engine/Plugins/NetcodeUnitTest/NetcodeUnitTest/Binaries/Win64/UE4Editor-NetcodeUnitTest.dll (API version 3944462).
LogModuleManager: Display: Found up-to-date module file ../../../Engine/Plugins/NetcodeUnitTest/NUTUnrealEngine4/Binaries/Win64/UE4Editor-NUTUnrealEngine4.dll (API version 3944462).
LogModuleManager: Display: Found up-to-date module file ../../../Engine/Plugins/Online/OnlineSubsystem/Binaries/Win64/UE4Editor-OnlineSubsystem.dll (API version 3944462).
LogModuleManager: Display: Found up-to-date module file ../../../Engine/Plugins/Online/OnlineSubsystemNull/Binaries/Win64/UE4Editor-OnlineSubsystemNull.dll (API version 3944462).
LogModuleManager: Display: Found up-to-date module file ../../../Engine/Plugins/Online/OnlineSubsystemUtils/Binaries/Win64/UE4Editor-OnlineSubsystemUtils.dll (API version 3944462).
LogModuleManager: Display: Found up-to-date module file ../../../Engine/Plugins/Online/OnlineSubsystemUtils/Binaries/Win64/UE4Editor-OnlineBlueprintSupport.dll (API version 3944462).
LogModuleManager: Display: Found up-to-date module file ../../../Engine/Plugins/Runtime/AndroidDeviceProfileSelector/Binaries/Win64/UE4Editor-AndroidDeviceProfileSelector.dll (API version 3944462).
LogModuleManager: Display: Found up-to-date module file ../../../Engine/Plugins/Runtime/AndroidPermission/Binaries/Win64/UE4Editor-AndroidPermission.dll (API version 3944462).
LogModuleManager: Display: Found up-to-date module file ../../../Engine/Plugins/Runtime/AppleARKit/Binaries/Win64/UE4Editor-AppleARKit.dll (API version 3944462).
LogModuleManager: Display: Found up-to-date module file ../../../Engine/Plugins/Runtime/ArchVisCharacter/Binaries/Win64/UE4Editor-ArchVisCharacter.dll (API version 3944462).
LogModuleManager: Display: Found up-to-date module file ../../../Engine/Plugins/Runtime/AudioCapture/Binaries/Win64/UE4Editor-AudioCapture.dll (API version 3944462).
LogModuleManager: Display: Found up-to-date module file ../../../Engine/Plugins/Runtime/AudioCapture/Binaries/Win64/UE4Editor-AudioCaptureEditor.dll (API version 3944462).
LogModuleManager: Display: Found up-to-date module file ../../../Engine/Plugins/Runtime/CableComponent/Binaries/Win64/UE4Editor-CableComponent.dll (API version 3944462).
LogModuleManager: Display: Found up-to-date module file ../../../Engine/Plugins/Runtime/CustomMeshComponent/Binaries/Win64/UE4Editor-CustomMeshComponent.dll (API version 3944462).
LogModuleManager: Display: Found up-to-date module file ../../../Engine/Plugins/Runtime/ExampleDeviceProfileSelector/Binaries/Win64/UE4Editor-ExampleDeviceProfileSelector.dll (API version 3944462).
LogModuleManager: Display: Found up-to-date module file ../../../Engine/Plugins/Runtime/ImmediatePhysics/Binaries/Win64/UE4Editor-ImmediatePhysics.dll (API version 3944462).
LogModuleManager: Display: Found up-to-date module file ../../../Engine/Plugins/Runtime/ImmediatePhysics/Binaries/Win64/UE4Editor-ImmediatePhysicsEditor.dll (API version 3944462).
LogModuleManager: Display: Found up-to-date module file ../../../Engine/Plugins/Runtime/LocationServicesBPLibrary/Binaries/Win64/UE4Editor-LocationServicesBPLibrary.dll (API version 3944462).
LogModuleManager: Display: Found up-to-date module file ../../../Engine/Plugins/Runtime/MobilePatchingUtils/Binaries/Win64/UE4Editor-MobilePatchingUtils.dll (API version 3944462).
LogModuleManager: Display: Found up-to-date module file ../../../Engine/Plugins/Runtime/Oculus/OculusVR/Binaries/Win64/UE4Editor-OculusHMD.dll (API version 3944462).
LogModuleManager: Display: Found up-to-date module file ../../../Engine/Plugins/Runtime/Oculus/OculusVR/Binaries/Win64/UE4Editor-OculusInput.dll (API version 3944462).
LogModuleManager: Display: Found up-to-date module file ../../../Engine/Plugins/Runtime/Oculus/OculusVR/Binaries/Win64/UE4Editor-OculusEditor.dll (API version 3944462).
LogModuleManager: Display: Found up-to-date module file ../../../Engine/Plugins/Runtime/PhysXVehicles/Binaries/Win64/UE4Editor-PhysXVehicles.dll (API version 3944462).
LogModuleManager: Display: Found up-to-date module file ../../../Engine/Plugins/Runtime/PhysXVehicles/Binaries/Win64/UE4Editor-PhysXVehiclesEditor.dll (API version 3944462).
LogModuleManager: Display: Found up-to-date module file ../../../Engine/Plugins/Runtime/ProceduralMeshComponent/Binaries/Win64/UE4Editor-ProceduralMeshComponent.dll (API version 3944462).
LogModuleManager: Display: Found up-to-date module file ../../../Engine/Plugins/Runtime/ProceduralMeshComponent/Binaries/Win64/UE4Editor-ProceduralMeshComponentEditor.dll (API version 3944462).
LogModuleManager: Display: Found up-to-date module file ../../../Engine/Plugins/Runtime/RuntimePhysXCooking/Binaries/Win64/UE4Editor-RuntimePhysXCooking.dll (API version 3944462).
LogModuleManager: Display: Found up-to-date module file ../../../Engine/Plugins/Runtime/Steam/SteamVR/Binaries/Win64/UE4Editor-SteamVR.dll (API version 3944462).
LogModuleManager: Display: Found up-to-date module file ../../../Engine/Plugins/Runtime/Steam/SteamVR/Binaries/Win64/UE4Editor-SteamVRController.dll (API version 3944462).
LogModuleManager: Display: Found up-to-date module file ../../../Engine/Plugins/Runtime/WindowsMoviePlayer/Binaries/Win64/UE4Editor-WindowsMoviePlayer.dll (API version 3944462).
LogModuleManager: Display: Found up-to-date module file ../../../../../../../Projects/FPS/FPS/Plugins/CoverPointGenerator/Binaries/Win64/UE4Editor-CoverPointGenerator.dll (API version 3944462).
LogInit: Using libcurl 7.47.1
LogInit:  - built for x86_64-pc-win32
LogInit:  - supports SSL with OpenSSL/1.0.2g
LogInit:  - supports HTTP deflate (compression) using libz 1.2.8
LogInit:  - other features:
LogInit:      CURL_VERSION_SSL
LogInit:      CURL_VERSION_LIBZ
LogInit:      CURL_VERSION_IPV6
LogInit:      CURL_VERSION_ASYNCHDNS
LogInit:      CURL_VERSION_LARGEFILE
LogInit:      CURL_VERSION_IDN
LogInit:  CurlRequestOptions (configurable via config and command line):
LogInit:  - bVerifyPeer = false  - Libcurl will NOT verify peer certificate
LogInit:  - bUseHttpProxy = false  - Libcurl will NOT use HTTP proxy
LogInit:  - bDontReuseConnections = false  - Libcurl will reuse connections
LogInit:  - CertBundlePath = nullptr  - Libcurl will use whatever was configured at build time.
LogInit:  - MaxHostConnections = 16  - Libcurl will limit the number of connections to a host
LogInit:  - LocalHostAddr = Default
LogInit: WinSock: version 1.1 (2.2), MaxSocks=32767, MaxUdp=65467
LogInit: WinSock: I am DESKTOP-27ERO04 (192.168.178.101:0)
LogInit: Build: ++UE4+Release-4.19-CL-4033788
LogInit: Engine Version: 4.19.2-4033788+++UE4+Release-4.19
LogInit: Compatible Engine Version: 4.19.0-3944462+++UE4+Release-4.19
LogInit: Net CL: 3944462
LogDevObjectVersion: Number of dev versions registered: 18
LogDevObjectVersion:   Dev-Blueprints (B0D832E4-1F89-4F0D-ACCF-7EB736FD4AA2): 10
LogDevObjectVersion:   Dev-Build (E1C64328-A22C-4D53-A36C-8E866417BD8C): 0
LogDevObjectVersion:   Dev-Core (375EC13C-06E4-48FB-B500-84F0262A717E): 2
LogDevObjectVersion:   Dev-Editor (E4B068ED-F494-42E9-A231-DA0B2E46BB41): 23
LogDevObjectVersion:   Dev-Framework (CFFC743F-43B0-4480-9391-14DF171D2073): 33
LogDevObjectVersion:   Dev-Mobile (B02B49B5-BB20-44E9-A304-32B752E40360): 2
LogDevObjectVersion:   Dev-Networking (A4E4105C-59A1-49B5-A7C5-40C4547EDFEE): 0
LogDevObjectVersion:   Dev-Online (39C831C9-5AE6-47DC-9A44-9C173E1C8E7C): 0
LogDevObjectVersion:   Dev-Physics (78F01B33-EBEA-4F98-B9B4-84EACCB95AA2): 0
LogDevObjectVersion:   Dev-Platform (6631380F-2D4D-43E0-8009-CF276956A95A): 0
LogDevObjectVersion:   Dev-Rendering (12F88B9F-8875-4AFC-A67C-D90C383ABD29): 25
LogDevObjectVersion:   Dev-Sequencer (7B5AE74C-D270-4C10-A958-57980B212A5A): 6
LogDevObjectVersion:   Dev-VR (D7296918-1DD6-4BDD-9DE2-64A83CC13884): 1
LogDevObjectVersion:   Dev-LoadTimes (C2A15278-BFE7-4AFE-6C17-90FF531DF755): 1
LogDevObjectVersion:   Private-Geometry (6EACA3D4-40EC-4CC1-B786-8BED09428FC5): 2
LogDevObjectVersion:   Dev-AnimPhys (29E575DD-E0A3-4627-9D10-D276232CDCEA): 16
LogDevObjectVersion:   Dev-ReflectionCapture (6B266CEC-1EC7-4B8F-A30B-E4D90942FC07): 1
LogDevObjectVersion:   Dev-Automation (0DF73D61-A23F-47EA-B727-89E90C41499A): 1
LogInit: Compiled (64-bit): Apr 27 2018 02:06:57
LogInit: Compiled with Visual C++: 19.00.24215.01
LogInit: Build Configuration: Development
LogInit: Branch Name: ++UE4+Release-4.19
LogInit: Command Line:  -skipcompile
LogInit: Base Directory: E:/Game Engines/Epic Games/4.19/UE_4.19/Engine/Binaries/Win64/
LogInit: Installed Engine Build: 1
LogStreaming: Display: Took  0.001s to delete old logs.
LogInit: Presizing for max 8388607 objects, including 0 objects not considered by GC, pre-allocating 0 bytes for permanent pool.
LogInit: Object subsystem initialized
[2018.07.13-15.07.46:240][  0]LogInit: Selected Device Profile: [Windows]
[2018.07.13-15.07.46:240][  0]LogInit: Applying CVar settings loaded from the selected device profile: [Windows]
[2018.07.13-15.07.46:271][  0]LogInit: Computer: DESKTOP-27ERO04
[2018.07.13-15.07.46:272][  0]LogInit: User: TomColdenhoff
[2018.07.13-15.07.46:272][  0]LogInit: CPU Page size=4096, Cores=4
[2018.07.13-15.07.46:272][  0]LogInit: High frequency timer resolution =3.319353 MHz
[2018.07.13-15.07.46:272][  0]LogMemory: Memory total: Physical=11.9GB (12GB approx)
[2018.07.13-15.07.46:272][  0]LogMemory: Platform Memory Stats for Windows
[2018.07.13-15.07.46:272][  0]LogMemory: Process Physical Memory: 279.07 MB used, 279.49 MB peak
[2018.07.13-15.07.46:272][  0]LogMemory: Process Virtual Memory: 269.74 MB used, 269.74 MB peak
[2018.07.13-15.07.46:272][  0]LogMemory: Physical Memory: 6039.37 MB used,  6168.07 MB free, 12207.44 MB total
[2018.07.13-15.07.46:272][  0]LogMemory: Virtual Memory: 4794.45 MB used,  6168.07 MB free, 134217728.00 MB total
[2018.07.13-15.07.46:306][  0]LogInit: Using OS detected language (en-US).
[2018.07.13-15.07.46:306][  0]LogInit: Using OS detected locale (en-US).
[2018.07.13-15.07.46:310][  0]LogTextLocalizationManager: No specific localization for 'en-US' exists, so the 'en' localization will be used.
[2018.07.13-15.07.46:731][  0]LogStreaming: Display: Took  0.425s to EndInitTextLocalization.
[2018.07.13-15.07.46:731][  0]LogInit: Setting process to per monitor DPI aware
[2018.07.13-15.07.46:780][  0]LogSlate: New Slate User Created.  User Index 0, Is Virtual User: 0
[2018.07.13-15.07.46:780][  0]LogSlate: Slate User Registered.  User Index 0, Is Virtual User: 0
[2018.07.13-15.07.46:954][  0]LogD3D11RHI: D3D11 adapters:
[2018.07.13-15.07.47:021][  0]LogD3D11RHI:    0. 'NVIDIA GeForce GTX 970' (Feature Level 11_0)
[2018.07.13-15.07.47:022][  0]LogD3D11RHI:       4043/0/6103 MB DedicatedVideo/DedicatedSystem/SharedSystem, Outputs:2, VendorId:0x10de
[2018.07.13-15.07.47:025][  0]LogD3D11RHI:    1. 'Microsoft Basic Render Driver' (Feature Level 11_0)
[2018.07.13-15.07.47:025][  0]LogD3D11RHI:       0/0/6103 MB DedicatedVideo/DedicatedSystem/SharedSystem, Outputs:0, VendorId:0x1414
[2018.07.13-15.07.47:025][  0]LogD3D11RHI: Chosen D3D11 Adapter: 0
[2018.07.13-15.07.47:032][  0]LogD3D11RHI: Creating new Direct3DDevice
[2018.07.13-15.07.47:032][  0]LogD3D11RHI:     GPU DeviceId: 0x13c2 (for the marketing name, search the web for "GPU Device Id")
[2018.07.13-15.07.47:032][  0]LogWindows: EnumDisplayDevices:
[2018.07.13-15.07.47:032][  0]LogWindows:    0. 'NVIDIA GeForce GTX 970' (P:1 D:1)
[2018.07.13-15.07.47:032][  0]LogWindows:    1. 'NVIDIA GeForce GTX 970' (P:0 D:1)
[2018.07.13-15.07.47:032][  0]LogWindows:    2. 'NVIDIA GeForce GTX 970' (P:0 D:0)
[2018.07.13-15.07.47:033][  0]LogWindows:    3. 'NVIDIA GeForce GTX 970' (P:0 D:0)
[2018.07.13-15.07.47:033][  0]LogWindows: DebugString: GetVideoDriverDetailsInvalid PrimaryIsNotTheChoosenAdapter GetVideoDriverDetailsInvalid PrimaryIsNotTheChoosenAdapter GetVideoDriverDetailsInvalid PrimaryIsNotTheChoosenAdapter GetVideoDriverDetailsInvalid PrimaryIsNotTheChoosenAdapter FoundDriverCount:0 
[2018.07.13-15.07.47:033][  0]LogD3D11RHI:     Adapter Name: NVIDIA GeForce GTX 970
[2018.07.13-15.07.47:033][  0]LogD3D11RHI:   Driver Version: Unknown (internal:Unknown, unified:Unknown)
[2018.07.13-15.07.47:033][  0]LogD3D11RHI:      Driver Date: Unknown
[2018.07.13-15.07.47:033][  0]LogRHI: Texture pool is 2830 MB (70% of 4043 MB)
[2018.07.13-15.07.47:071][  0]LogD3D11RHI: [Aftermath] Aftermath enabled and primed
[2018.07.13-15.07.47:071][  0]LogD3D11RHI: [Aftermath] Aftermath enabled and primed
[2018.07.13-15.07.47:071][  0]LogD3D11RHI: Async texture creation enabled
[2018.07.13-15.07.47:142][  0]LogD3D11RHI: GPU Timing Frequency: 1000.000000 (Debug: 2 2)
[2018.07.13-15.07.47:191][  0]LogShaderCompilers: Guid format shader working directory is 16 characters bigger than the processId version (../../../../../../../Projects/FPS/FPS/Intermediate/Shaders/WorkingDirectory/13372/).
[2018.07.13-15.07.47:191][  0]LogShaderCompilers: Cleaned the shader compiler working directory 'C:/Users/TomColdenhoff/AppData/Local/Temp/UnrealShaderWorkingDir/3E276ADB41F3B57EDC65618C7D854E82/'.
[2018.07.13-15.07.47:385][  0]LogTemp: Display: Loaded TP AllDesktopTargetPlatform
[2018.07.13-15.07.47:399][  0]LogTemp: Display: Loaded TP MacClientTargetPlatform
[2018.07.13-15.07.47:412][  0]LogTemp: Display: Loaded TP MacNoEditorTargetPlatform
[2018.07.13-15.07.47:426][  0]LogTemp: Display: Loaded TP MacServerTargetPlatform
[2018.07.13-15.07.47:440][  0]LogTemp: Display: Loaded TP MacTargetPlatform
[2018.07.13-15.07.47:453][  0]LogTemp: Display: Loaded TP WindowsClientTargetPlatform
[2018.07.13-15.07.47:467][  0]LogTemp: Display: Loaded TP WindowsNoEditorTargetPlatform
[2018.07.13-15.07.47:481][  0]LogTemp: Display: Loaded TP WindowsServerTargetPlatform
[2018.07.13-15.07.47:488][  0]LogTemp: Display: Loaded TP WindowsTargetPlatform
[2018.07.13-15.07.47:501][  0]LogTemp: Display: Loaded TP Android_ASTCTargetPlatform
[2018.07.13-15.07.47:515][  0]LogTemp: Display: Loaded TP Android_ATCTargetPlatform
[2018.07.13-15.07.47:528][  0]LogTemp: Display: Loaded TP Android_DXTTargetPlatform
[2018.07.13-15.07.47:543][  0]LogTemp: Display: Loaded TP Android_ETC1aTargetPlatform
[2018.07.13-15.07.47:557][  0]LogTemp: Display: Loaded TP Android_ETC1TargetPlatform
[2018.07.13-15.07.47:572][  0]LogTemp: Display: Loaded TP Android_ETC2TargetPlatform
[2018.07.13-15.07.47:602][  0]LogTemp: Display: Loaded TP Android_MultiTargetPlatform
[2018.07.13-15.07.47:602][  0]LogTemp: Display: Loaded TP Android_PVRTCTargetPlatform
[2018.07.13-15.07.47:615][  0]LogTemp: Display: Loaded TP AndroidTargetPlatform
[2018.07.13-15.07.47:617][  0]LogTemp: Display: Loaded TP HTML5TargetPlatform
[2018.07.13-15.07.47:675][  0]LogTemp: Display: Loaded TP IOSTargetPlatform
[2018.07.13-15.07.47:695][  0]LogTemp: Display: Loaded TP TVOSTargetPlatform
[2018.07.13-15.07.47:709][  0]LogTemp: Display: Loaded TP LinuxClientTargetPlatform
[2018.07.13-15.07.47:723][  0]LogTemp: Display: Loaded TP LinuxNoEditorTargetPlatform
[2018.07.13-15.07.47:736][  0]LogTemp: Display: Loaded TP LinuxServerTargetPlatform
[2018.07.13-15.07.47:753][  0]LogTemp: Display: Loaded TP LinuxTargetPlatform
[2018.07.13-15.07.47:753][  0]LogTargetPlatformManager: Display: Building Assets For Windows
[2018.07.13-15.07.47:862][  0]LogXGEController: Cleaning working directory: C:/Users/TomColdenhoff/AppData/Local/Temp/UnrealXGEWorkingDir/
[2018.07.13-15.07.47:862][  0]LogXGEController: Cannot use XGE Controller as Incredibuild is not installed on this machine.
[2018.07.13-15.07.47:862][  0]LogShaderCompilers: Cannot use XGE Shader Compiler as Incredibuild is not installed on this machine.
[2018.07.13-15.07.47:862][  0]LogShaderCompilers: Display: Using Local Shader Compiler.
[2018.07.13-15.07.48:513][  0]LogDerivedDataCache: Display: Max Cache Size: 512 MB
[2018.07.13-15.07.48:589][  0]LogDerivedDataCache: Loaded boot cache 0.08s 80MB C:/Users/TomColdenhoff/AppData/Local/UnrealEngine/4.19/DerivedDataCache/Boot.ddc.
[2018.07.13-15.07.48:590][  0]LogDerivedDataCache: Display: Loaded Boot cache: C:/Users/TomColdenhoff/AppData/Local/UnrealEngine/4.19/DerivedDataCache/Boot.ddc
[2018.07.13-15.07.48:590][  0]LogDerivedDataCache: FDerivedDataBackendGraph:  Pak pak cache file ../../../../../../../Projects/FPS/FPS/DerivedDataCache/DDC.ddp not found, will not use a pak cache.
[2018.07.13-15.07.48:590][  0]LogDerivedDataCache: Unable to find inner node Pak for hierarchical cache Hierarchy.
[2018.07.13-15.07.48:590][  0]LogDerivedDataCache: FDerivedDataBackendGraph:  CompressedPak pak cache file ../../../../../../../Projects/FPS/FPS/DerivedDataCache/Compressed.ddp not found, will not use a pak cache.
[2018.07.13-15.07.48:590][  0]LogDerivedDataCache: Unable to find inner node CompressedPak for hierarchical cache Hierarchy.
[2018.07.13-15.07.48:610][  0]LogDerivedDataCache: Display: Pak cache opened for reading ../../../Engine/DerivedDataCache/Compressed.ddp.
[2018.07.13-15.07.48:627][  0]LogDerivedDataCache: Using Local data cache path C:/Users/TomColdenhoff/AppData/Local/UnrealEngine/Common/DerivedDataCache: Writable
[2018.07.13-15.07.48:627][  0]LogDerivedDataCache: Shared data cache path not found in *engine.ini, will not use an Shared cache.
[2018.07.13-15.07.48:627][  0]LogDerivedDataCache: Unable to find inner node Shared for hierarchical cache Hierarchy.
[2018.07.13-15.07.48:638][  0]LogMaterial: Verifying Global Shaders for PCD3D_SM5
[2018.07.13-15.07.48:639][  0]LogSlate: Using Freetype 2.6.0
[2018.07.13-15.07.48:640][  0]LogSlate: SlateFontCache - WITH_FREETYPE: 1, WITH_HARFBUZZ: 1
[2018.07.13-15.07.48:640][  0]LogSlate: SlateFontCache - WITH_FREETYPE: 1, WITH_HARFBUZZ: 1
[2018.07.13-15.07.48:767][  0]LogAssetRegistry: FAssetRegistry took 0.0287 seconds to start up
[2018.07.13-15.07.49:848][  0]LogInit: Selected Device Profile: [Windows]
[2018.07.13-15.07.49:992][  0]LogSimplygon: Simplygon DLL not present - disabling.
[2018.07.13-15.07.49:997][  0]LogMeshReduction: Using SimplygonSwarm for distributed automatic mesh merging
[2018.07.13-15.07.49:997][  0]LogMeshReduction: Using QuadricMeshReduction for automatic static mesh reduction
[2018.07.13-15.07.49:997][  0]LogMeshReduction: No automatic skeletal mesh reduction module available
[2018.07.13-15.07.49:997][  0]LogMeshReduction: No automatic mesh merging module available
[2018.07.13-15.07.49:997][  0]LogMeshMerging: No automatic mesh merging module available
[2018.07.13-15.07.50:024][  0]LogNetVersion: FPS , NetCL: 3944462, EngineNetVer: 2, GameNetVer: 0 (Checksum: 2326512385)
[2018.07.13-15.07.50:420][  0]LogPackageLocalizationCache: Processed 9 localized package path(s) for 2 prioritized culture(s) in 0.071771 seconds
[2018.07.13-15.07.50:426][  0]LogUObjectArray: 36728 objects as part of root set at end of initial load.
[2018.07.13-15.07.50:426][  0]LogUObjectAllocator: 7314312 out of 0 bytes used by permanent object pool.
[2018.07.13-15.07.50:426][  0]LogUObjectArray: CloseDisregardForGC: 0/0 objects in disregard for GC pool
[2018.07.13-15.07.51:991][  0]LogTcpMessaging: Initializing TcpMessaging bridge
[2018.07.13-15.07.52:018][  0]LogUdpMessaging: Initializing bridge on interface 0.0.0.0:0 to multicast group 230.0.0.1:6666.
[2018.07.13-15.07.52:334][  0]LogSkeletalMesh: Skeletal Mesh found in DDC [1.454199ms] /Game/Models/Player/Arms/Arms_SMG.Arms_SMG
[2018.07.13-15.07.52:348][  0]LogUObjectGlobals: Created PersistentFrame Addr=0x000001a27d4b7f10, Size=80, Default__BP_SMGAnim_C Function /Game/Animations/SMG/BP_SMGAnim.BP_SMGAnim_C:ExecuteUbergraph_BP_SMGAnim
[2018.07.13-15.07.52:358][  0]LogUObjectGlobals: Destroyed PersistentFrame Addr=0x000001a27d4b7f10, Size=80
[2018.07.13-15.07.52:358][  0]LogUObjectGlobals: Created PersistentFrame Addr=0x000001a27d48f830, Size=80, Default__BP_SMGAnim_C Function /Engine/Transient.REINST_BP_SMGAnim_C_0:ExecuteUbergraph_BP_SMGAnim
[2018.07.13-15.07.52:367][  0]LogUObjectGlobals: Created PersistentFrame Addr=0x000001a27d3e5710, Size=80, Default__BP_SMGAnim_C Function /Game/Animations/SMG/BP_SMGAnim.BP_SMGAnim_C:ExecuteUbergraph_BP_SMGAnim
[2018.07.13-15.07.52:493][  0]SourceControl: Source control is disabled
[2018.07.13-15.07.52:493][  0]SourceControl: Source control is disabled
[2018.07.13-15.07.52:508][  0]SourceControl: Source control is disabled
[2018.07.13-15.07.52:524][  0]SourceControl: Source control is disabled
[2018.07.13-15.07.53:000][  0]LogAndroidPermission: UAndroidPermissionCallbackProxy::GetInstance
[2018.07.13-15.07.53:154][  0]LogOcInput: OculusInput pre-init called
[2018.07.13-15.07.54:129][  0]LogEngine: Initializing Engine...
[2018.07.13-15.07.54:130][  0]LogHMD: Failed to initialize OpenVR with code 110
[2018.07.13-15.07.54:132][  0]LogStats: UGameplayTagsManager::ConstructGameplayTagTree: Construct from data asset -  0.000 s
[2018.07.13-15.07.54:132][  0]LogStats: UGameplayTagsManager::ConstructGameplayTagTree: GameplayTagTreeChangedEvent.Broadcast -  0.000 s
[2018.07.13-15.07.54:379][  0]LogAIModule: Creating AISystem for world Untitled
[2018.07.13-15.07.54:390][  0]LogInit: XAudio2 using 'Speakers (Logitech G35 Headset)' : 2 channels at 44.1 kHz using 16 bits per sample (channel mask 0x3)
[2018.07.13-15.07.54:407][  0]LogInit: FAudioDevice initialized.
[2018.07.13-15.07.54:568][  0]LogDerivedDataCache: Saved boot cache 0.16s 80MB C:/Users/TomColdenhoff/AppData/Local/UnrealEngine/4.19/DerivedDataCache/Boot.ddc.
[2018.07.13-15.07.54:589][  0]LogInit: Texture streaming: Enabled
[2018.07.13-15.07.54:610][  0]LogEngineSessionManager: EngineSessionManager initialized
[2018.07.13-15.07.54:619][  0]LogInit: Transaction tracking system initialized
[2018.07.13-15.07.54:645][  0]BlueprintLog: New page: Editor Load
[2018.07.13-15.07.54:732][  0]LocalizationService: Localization service is disabled
[2018.07.13-15.07.54:834][  0]LogConsoleResponse: Display: 
[2018.07.13-15.07.54:974][  0]LogCook: Display: Max memory allowance for cook 16384mb min free memory 0mb
[2018.07.13-15.07.54:974][  0]LogCook: Display: Mobile HDR setting 1
[2018.07.13-15.07.54:974][  0]LogGameplayTags: Display: UGameplayTagsManager::DoneAddingNativeTags. DelegateIsBound: 0
[2018.07.13-15.07.54:975][  0]LogStats: UGameplayTagsManager::ConstructGameplayTagTree: Construct from data asset -  0.000 s
[2018.07.13-15.07.54:975][  0]LogStats: UGameplayTagsManager::ConstructGameplayTagTree: GameplayTagTreeChangedEvent.Broadcast -  0.000 s
[2018.07.13-15.07.55:234][  0]LogFileCache: Scanning file cache for directory 'E:/Projects/FPS/FPS/Content/' took 0.02s
[2018.07.13-15.07.55:291][  0]SourceControl: Source control is disabled
[2018.07.13-15.07.55:291][  0]Cmd: MAP LOAD FILE="../../../../../../../Projects/FPS/FPS/Content/Maps/Level1.umap" TEMPLATE=0 SHOWPROGRESS=1 FEATURELEVEL=3
[2018.07.13-15.07.55:292][  0]LightingResults: New page: Lighting Build
[2018.07.13-15.07.55:294][  0]MapCheck: New page: Map Check
[2018.07.13-15.07.55:294][  0]LightingResults: New page: Lighting Build
[2018.07.13-15.07.55:305][  0]LogUObjectGlobals: Destroyed PersistentFrame Addr=0x000001a27d48f830, Size=80
[2018.07.13-15.07.55:349][  0]LogUObjectGlobals: Created PersistentFrame Addr=0x000001a20ef4a480, Size=128, Default__BP_AssaultAIAnim_C Function /Game/Animations/AI/BP_AssaultAIAnim.BP_AssaultAIAnim_C:ExecuteUbergraph_BP_AssaultAIAnim
[2018.07.13-15.07.55:371][  0]LogUObjectGlobals: Destroyed PersistentFrame Addr=0x000001a20ef4a480, Size=128
[2018.07.13-15.07.55:371][  0]LogUObjectGlobals: Created PersistentFrame Addr=0x000001a20e863c00, Size=128, Default__BP_AssaultAIAnim_C Function /Engine/Transient.REINST_BP_AssaultAIAnim_C_1:ExecuteUbergraph_BP_AssaultAIAnim
[2018.07.13-15.07.55:394][  0]LogUObjectGlobals: Created PersistentFrame Addr=0x000001a2083edb80, Size=128, Default__BP_AssaultAIAnim_C Function /Game/Animations/AI/BP_AssaultAIAnim.BP_AssaultAIAnim_C:ExecuteUbergraph_BP_AssaultAIAnim
[2018.07.13-15.07.55:924][  0]LogSkeletalMesh: Skeletal Mesh found in DDC [4.151412ms] /Game/Animations/AnimStarterPack/UE4_Mannequin/Mesh/SK_Mannequin.SK_Mannequin
[2018.07.13-15.07.56:332][  0]LogAIModule: Creating AISystem for world Level1
[2018.07.13-15.07.56:364][  0]LogEditorServer: Finished looking for orphan Actors (0.000 secs)
[2018.07.13-15.07.56:380][  0]LogUObjectGlobals: Destroyed PersistentFrame Addr=0x000001a20e863c00, Size=128
[2018.07.13-15.07.56:381][  0]Cmd: MAP CHECKDEP NOCLEARLOG
[2018.07.13-15.07.56:445][  0]MapCheck: Map check complete: 0 Error(s), 0 Warning(s), took 63.662ms to complete.
[2018.07.13-15.07.56:445][  0]LogFileHelpers: Loading map 'Level1' took 1.154
[2018.07.13-15.07.56:625][  0]LogCollectionManager: Loaded 0 collections in 0.000919 seconds
[2018.07.13-15.07.56:673][  0]LogFileCache: Scanning file cache for directory 'E:/Projects/FPS/FPS/Saved/Collections/' took 0.01s
[2018.07.13-15.07.56:674][  0]LogFileCache: Scanning file cache for directory 'E:/Projects/FPS/FPS/Content/Developers/TomColdenhoff/Collections/' took 0.01s
[2018.07.13-15.07.56:674][  0]LogFileCache: Scanning file cache for directory 'E:/Projects/FPS/FPS/Content/Collections/' took 0.01s
[2018.07.13-15.07.56:674][  0]LogCollectionManager: Rebuilt the GUID cache for 0 collections in 0.000000 seconds
[2018.07.13-15.07.56:687][  0]LogContentBrowser: Native class hierarchy populated in 0.0132 seconds. Added 2485 classes and 566 folders.
[2018.07.13-15.07.56:694][  0]LogContentBrowser: Native class hierarchy updated for 'WidgetCarousel' in 0.0009 seconds. Added 0 classes and 0 folders.
[2018.07.13-15.07.56:747][  0]LogContentBrowser: Native class hierarchy updated for 'AddContentDialog' in 0.0015 seconds. Added 0 classes and 0 folders.
[2018.07.13-15.07.56:756][  0]LogContentBrowser: Native class hierarchy updated for 'SceneOutliner' in 0.0013 seconds. Added 1 classes and 2 folders.
[2018.07.13-15.07.57:845][  0]LogSlate: Only BGRA pngs, bmps or icos are supported in by External Image Picker
[2018.07.13-15.07.57:868][  0]LogSlate: Took 0.000239 seconds to synchronously load lazily loaded font '../../../Engine/Content/Slate/Fonts/Roboto-Regular.ttf' (155K)
[2018.07.13-15.07.57:871][  0]LogSlate: Took 0.000334 seconds to synchronously load lazily loaded font '../../../Engine/Content/Slate/Fonts/Roboto-Bold.ttf' (160K)
[2018.07.13-15.07.57:878][  0]LogSlate: Took 0.000244 seconds to synchronously load lazily loaded font '../../../Engine/Content/Editor/Slate/Fonts/FontAwesome.ttf' (139K)
[2018.07.13-15.07.57:983][  0]LogTemp: Executing iPhonePackager certificates Engine -bundlename com.YourCompany.FPS
[2018.07.13-15.07.57:983][  0]LogTemp: CWD: E:\Game Engines\Epic Games\4.19\UE_4.19\Engine\Binaries\DotNET\IOS
[2018.07.13-15.07.57:983][  0]LogTemp: Initial Dir: E:\Game Engines\Epic Games\4.19\UE_4.19
[2018.07.13-15.07.57:984][  0]LogTemp: Env CWD: E:\Game Engines\Epic Games\4.19\UE_4.19\Engine\Binaries\DotNET\IOS
[2018.07.13-15.07.57:984][  0]LogTemp: BranchPath = DESKTOP-27ERO04/E/Game Engines/Epic Games/4.19/UE_4.19/Engine/Binaries --- GameBranchPath = DESKTOP-27ERO04/E/Game Engines/Epic Games/4.19/UE_4.19/Engine/Binaries
[2018.07.13-15.07.57:984][  0]LogTemp: IPP ERROR: Could not find provision directory 'C:\Users\TomColdenhoff\AppData\Local/Apple Computer/MobileDevice/Provisioning Profiles/'.
[2018.07.13-15.07.57:984][  0]LogRenderer: Reallocating scene render targets to support 1088x532 Format 10 NumSamples 1 (Frame:1).
[2018.07.13-15.07.58:250][  0]LogContentBrowser: Native class hierarchy updated for 'HierarchicalLODOutliner' in 0.0017 seconds. Added 0 classes and 0 folders.
[2018.07.13-15.07.58:250][  0]LogLoad: (Engine Initialization) Total time: 15.68 seconds
[2018.07.13-15.07.58:250][  0]LogLoad: (Engine Initialization) Total Blueprint compile time: 0.00 seconds
[2018.07.13-15.07.58:259][  0]LogWindowsTextInputMethodSystem: Display: IME system now deactivated.
[2018.07.13-15.07.58:286][  0]LogContentStreaming: Texture pool size now 1000 MB
[2018.07.13-15.07.58:350][  1]LogAssetRegistry: Asset discovery search completed in 9.6087 seconds
[2018.07.13-15.07.58:353][  1]LogCollectionManager: Rebuilt the object cache for 0 collections in 0.000000 seconds (found 0 objects)
[2018.07.13-15.07.58:353][  1]LogCollectionManager: Fixed up redirectors for 0 collections in 0.000186 seconds (updated 0 objects)
[2018.07.13-15.08.02:331][400]LogSlate: Took 0.000260 seconds to synchronously load lazily loaded font '../../../Engine/Content/Slate/Fonts/Roboto-Light.ttf' (167K)
[2018.07.13-15.08.20:154][313]LogSlate: FSceneViewport::OnFocusLost() reason 0
[2018.07.13-15.08.23:541][685]LogUObjectGlobals: Created PersistentFrame Addr=0x000001a249fcc880, Size=128, Default__BP_InGameGUI_C Function /Game/UI/Widgets/BP_InGameGUI.BP_InGameGUI_C:ExecuteUbergraph_BP_InGameGUI
[2018.07.13-15.08.23:544][685]LogUObjectGlobals: Destroyed PersistentFrame Addr=0x000001a249fcc880, Size=128
[2018.07.13-15.08.23:545][685]LogUObjectGlobals: Created PersistentFrame Addr=0x000001a249fcc880, Size=128, Default__BP_InGameGUI_C Function /Engine/Transient.REINST_BP_InGameGUI_C_0:ExecuteUbergraph_BP_InGameGUI
[2018.07.13-15.08.23:547][685]LogUObjectGlobals: Created PersistentFrame Addr=0x000001a249fcc780, Size=128, Default__BP_InGameGUI_C Function /Game/UI/Widgets/BP_InGameGUI.BP_InGameGUI_C:ExecuteUbergraph_BP_InGameGUI
[2018.07.13-15.08.23:560][685]LogSlate: Took 0.000233 seconds to synchronously load lazily loaded font '../../../Engine/Content/Slate/Fonts/Roboto-Light.ttf' (167K)
[2018.07.13-15.08.23:779][685]LogContentBrowser: Native class hierarchy updated for 'BlueprintGraph' in 0.0014 seconds. Added 116 classes and 0 folders.
[2018.07.13-15.08.24:056][685]LogUObjectGlobals: Created PersistentFrame Addr=0x000001a2089f1a10, Size=4, Default__SKEL_PROTO_BP_AnimBlueprint_0_C Function /Engine/Transient.SKEL_PROTO_BP_AnimBlueprint_0_C:ExecuteUbergraph_PROTO_BP_AnimBlueprint_0
[2018.07.13-15.08.24:057][685]LogUObjectGlobals: Created PersistentFrame Addr=0x000001a2089f1a08, Size=4, Default__PROTO_BP_AnimBlueprint_0_C Function /Engine/Transient.PROTO_BP_AnimBlueprint_0_C:ExecuteUbergraph_PROTO_BP_AnimBlueprint_0
[2018.07.13-15.08.24:456][685]LogSlate: Took 0.000182 seconds to synchronously load lazily loaded font '../../../Engine/Content/Slate/Fonts/Roboto-BoldCondensed.ttf' (158K)
[2018.07.13-15.08.27:760][ 39]LogUObjectGlobals: Created PersistentFrame Addr=0x000001a2700621b8, Size=4, Default__OnGroundSlot_C Function /Game/UI/Widgets/Inventory/Ground/OnGroundSlot.OnGroundSlot_C:ExecuteUbergraph_OnGroundSlot
[2018.07.13-15.08.27:762][ 39]LogUObjectGlobals: Destroyed PersistentFrame Addr=0x000001a2700621b8, Size=4
[2018.07.13-15.08.27:763][ 39]LogUObjectGlobals: Created PersistentFrame Addr=0x000001a2700621b8, Size=4, Default__OnGroundSlot_C Function /Engine/Transient.REINST_OnGroundSlot_C_2:ExecuteUbergraph_OnGroundSlot
[2018.07.13-15.08.27:765][ 39]LogUObjectGlobals: Created PersistentFrame Addr=0x000001a2700622d0, Size=4, Default__OnGroundSlot_C Function /Game/UI/Widgets/Inventory/Ground/OnGroundSlot.OnGroundSlot_C:ExecuteUbergraph_OnGroundSlot
[2018.07.13-15.08.27:767][ 39]LogUObjectGlobals: Created PersistentFrame Addr=0x000001a2331093a0, Size=160, Default__OnGroundUI_C Function /Game/UI/Widgets/Inventory/Ground/OnGroundUI.OnGroundUI_C:ExecuteUbergraph_OnGroundUI
[2018.07.13-15.08.27:771][ 39]LogUObjectGlobals: Destroyed PersistentFrame Addr=0x000001a2331093a0, Size=160
[2018.07.13-15.08.27:772][ 39]LogUObjectGlobals: Created PersistentFrame Addr=0x000001a26fdff100, Size=160, Default__OnGroundUI_C Function /Engine/Transient.REINST_OnGroundUI_C_3:ExecuteUbergraph_OnGroundUI
[2018.07.13-15.08.27:776][ 39]LogUObjectGlobals: Created PersistentFrame Addr=0x000001a26fdfd9e0, Size=160, Default__OnGroundUI_C Function /Game/UI/Widgets/Inventory/Ground/OnGroundUI.OnGroundUI_C:ExecuteUbergraph_OnGroundUI
[2018.07.13-15.08.27:781][ 39]LogUObjectGlobals: Created PersistentFrame Addr=0x000001a232a8ab70, Size=56, Default__HandSlot_C Function /Game/UI/Widgets/Inventory/HandSlot.HandSlot_C:ExecuteUbergraph_HandSlot
[2018.07.13-15.08.27:785][ 39]LogUObjectGlobals: Destroyed PersistentFrame Addr=0x000001a232a8ab70, Size=56
[2018.07.13-15.08.27:786][ 39]LogUObjectGlobals: Created PersistentFrame Addr=0x000001a232a8ab70, Size=56, Default__HandSlot_C Function /Engine/Transient.REINST_HandSlot_C_4:ExecuteUbergraph_HandSlot
[2018.07.13-15.08.27:789][ 39]LogUObjectGlobals: Created PersistentFrame Addr=0x000001a232a8bcf0, Size=56, Default__HandSlot_C Function /Game/UI/Widgets/Inventory/HandSlot.HandSlot_C:ExecuteUbergraph_HandSlot
[2018.07.13-15.08.27:798][ 39]LogUObjectGlobals: Created PersistentFrame Addr=0x000001a26fdaecc0, Size=424, Default__Slot_C Function /Game/UI/Widgets/Inventory/Slot.Slot_C:ExecuteUbergraph_Slot
[2018.07.13-15.08.27:805][ 39]LogUObjectGlobals: Destroyed PersistentFrame Addr=0x000001a26fdaecc0, Size=424
[2018.07.13-15.08.27:805][ 39]LogUObjectGlobals: Created PersistentFrame Addr=0x000001a26fdaecc0, Size=424, Default__Slot_C Function /Engine/Transient.REINST_Slot_C_5:ExecuteUbergraph_Slot
[2018.07.13-15.08.27:810][ 39]LogUObjectGlobals: Created PersistentFrame Addr=0x000001a26fdae080, Size=424, Default__Slot_C Function /Game/UI/Widgets/Inventory/Slot.Slot_C:ExecuteUbergraph_Slot
[2018.07.13-15.08.27:812][ 39]LogUObjectGlobals: Created PersistentFrame Addr=0x000001a212decfb8, Size=40, Default__InventorySlots_C Function /Game/UI/Widgets/Inventory/InventorySlots.InventorySlots_C:ExecuteUbergraph_InventorySlots
[2018.07.13-15.08.27:827][ 39]LogUObjectGlobals: Destroyed PersistentFrame Addr=0x000001a212decfb8, Size=40
[2018.07.13-15.08.27:828][ 39]LogUObjectGlobals: Created PersistentFrame Addr=0x000001a212decfb8, Size=40, Default__InventorySlots_C Function /Engine/Transient.REINST_InventorySlots_C_6:ExecuteUbergraph_InventorySlots
[2018.07.13-15.08.27:835][ 39]LogUObjectGlobals: Created PersistentFrame Addr=0x000001a212ded328, Size=40, Default__InventorySlots_C Function /Game/UI/Widgets/Inventory/InventorySlots.InventorySlots_C:ExecuteUbergraph_InventorySlots
[2018.07.13-15.08.27:844][ 39]LogUObjectGlobals: Created PersistentFrame Addr=0x000001a212decec8, Size=40, Default__UIHUD_C Function /Game/UI/Widgets/UIHUD.UIHUD_C:ExecuteUbergraph_UIHUD
[2018.07.13-15.08.27:848][ 39]LogUObjectGlobals: Destroyed PersistentFrame Addr=0x000001a212decec8, Size=40
[2018.07.13-15.08.27:848][ 39]LogUObjectGlobals: Created PersistentFrame Addr=0x000001a212decec8, Size=40, Default__UIHUD_C Function /Engine/Transient.REINST_UIHUD_C_8:ExecuteUbergraph_UIHUD
[2018.07.13-15.08.27:850][ 39]LogUObjectGlobals: Created PersistentFrame Addr=0x000001a212dedc38, Size=40, Default__UIHUD_C Function /Game/UI/Widgets/UIHUD.UIHUD_C:ExecuteUbergraph_UIHUD
[2018.07.13-15.08.35:157][861]LogSlate: Took 0.000269 seconds to synchronously load lazily loaded font '../../../Engine/Content/Slate/Fonts/Roboto-Italic.ttf' (157K)
[2018.07.13-15.09.05:630][439]BlueprintLog: New page: Compile UIHUD
[2018.07.13-15.09.05:644][439]LogUObjectGlobals: Destroyed PersistentFrame Addr=0x000001a212dedc38, Size=40
[2018.07.13-15.09.05:644][439]LogUObjectGlobals: Created PersistentFrame Addr=0x000001a2af39fe20, Size=40, UIHUD_C_2 Function /Engine/Transient.REINST_UIHUD_C_10:ExecuteUbergraph_UIHUD
[2018.07.13-15.09.05:646][439]LogUObjectGlobals: Created PersistentFrame Addr=0x000001a2af39f2e0, Size=40, Default__UIHUD_C Function /Game/UI/Widgets/UIHUD.UIHUD_C:ExecuteUbergraph_UIHUD
[2018.07.13-15.09.05:672][439]LogUObjectGlobals: Destroyed PersistentFrame Addr=0x000001a249fcc880, Size=128
[2018.07.13-15.09.05:673][439]LogUObjectGlobals: Destroyed PersistentFrame Addr=0x000001a2700621b8, Size=4
[2018.07.13-15.09.05:673][439]LogUObjectGlobals: Destroyed PersistentFrame Addr=0x000001a26fdff100, Size=160
[2018.07.13-15.09.05:673][439]LogUObjectGlobals: Destroyed PersistentFrame Addr=0x000001a232a8ab70, Size=56
[2018.07.13-15.09.05:673][439]LogUObjectGlobals: Destroyed PersistentFrame Addr=0x000001a26fdaecc0, Size=424
[2018.07.13-15.09.05:673][439]LogUObjectGlobals: Destroyed PersistentFrame Addr=0x000001a212decfb8, Size=40
[2018.07.13-15.09.05:674][439]LogUObjectGlobals: Destroyed PersistentFrame Addr=0x000001a212decec8, Size=40
[2018.07.13-15.09.06:161][492]Cmd: OBJ SAVEPACKAGE PACKAGE="/Game/UI/Widgets/UIHUD" FILE="../../../../../../../Projects/FPS/FPS/Content/UI/Widgets/UIHUD.uasset" SILENT=true
[2018.07.13-15.09.06:210][492]LogSavePackage: Save=36.43ms
[2018.07.13-15.09.06:210][492]LogSavePackage: Moving '../../../../../../../Projects/FPS/FPS/Saved/UIHUDC8F6145242C19C52D2EE59A4423AF4F4.tmp' to '../../../../../../../Projects/FPS/FPS/Content/UI/Widgets/UIHUD.uasset'
[2018.07.13-15.09.06:212][492]LogSavePackage: Display: Finished SavePackage ../../../../../../../Projects/FPS/FPS/Content/UI/Widgets/UIHUD.uasset
[2018.07.13-15.09.07:326][624]LogTemp: Repeating last play command: Selected Viewport
[2018.07.13-15.09.07:354][624]LogPlayLevel: PlayLevel: No blueprints needed recompiling
[2018.07.13-15.09.07:355][624]PIE: New page: PIE session: Level1 (Jul 13, 2018, 7:09:07 PM)
[2018.07.13-15.09.07:355][624]LogPlayLevel: Creating play world package: /Game/Maps/UEDPIE_0_Level1
[2018.07.13-15.09.07:369][624]LogPlayLevel: PIE: StaticDuplicateObject took: (0.013964s)
[2018.07.13-15.09.07:370][624]LogAIModule: Creating AISystem for world Level1
[2018.07.13-15.09.07:370][624]LogPlayLevel: PIE: World Init took: (0.000926s)
[2018.07.13-15.09.07:371][624]LogPlayLevel: PIE: Created PIE world by copying editor world from /Game/Maps/Level1.Level1 to /Game/Maps/UEDPIE_0_Level1.Level1 (0.015397s)
[2018.07.13-15.09.07:390][624]LogUObjectGlobals: Destroyed PersistentFrame Addr=0x000001a2af39fe20, Size=40
[2018.07.13-15.09.07:396][624]LogInit: XAudio2 using 'Speakers (Logitech G35 Headset)' : 2 channels at 44.1 kHz using 16 bits per sample (channel mask 0x3)
[2018.07.13-15.09.07:404][624]LogInit: FAudioDevice initialized.
[2018.07.13-15.09.07:515][624]LogLoad: Game class is 'BP_FPSGameModeBase_C'
[2018.07.13-15.09.07:526][624]LogWorld: Bringing World /Game/Maps/UEDPIE_0_Level1.Level1 up for play (max tick rate 0) at 2018.07.13-17.09.07
[2018.07.13-15.09.07:528][624]LogWorld: Bringing up level for play took: 0.011658
[2018.07.13-15.09.07:536][624]LogContentBrowser: Native class hierarchy updated for 'MovieSceneCapture' in 0.0019 seconds. Added 11 classes and 0 folders.
[2018.07.13-15.09.07:537][624]LogTemp: Warning: Task Started
[2018.07.13-15.09.07:544][624]PIE: Play in editor start time for /Game/Maps/UEDPIE_0_Level1 -0.618
[2018.07.13-15.09.07:586][624]LogRenderer: Reallocating scene render targets to support 1292x756 Format 10 NumSamples 1 (Frame:1).
[2018.07.13-15.09.20:039][565]LogSlate: Window 'FPS Game Preview Standalone (64-bit/PCD3D_SM5)' being destroyed
[2018.07.13-15.09.26:764][274]LogSlate: Took 0.001881 seconds to synchronously load lazily loaded font '../../../Engine/Content/Slate/Fonts/DroidSansFallback.ttf' (3848K)
[2018.07.13-15.10.05:764][935]BlueprintLog: New page: Compile TaskDisplay
[2018.07.13-15.10.06:556][  6]Cmd: OBJ SAVEPACKAGE PACKAGE="/Game/UI/Widgets/Task/TaskDisplay" FILE="../../../../../../../Projects/FPS/FPS/Content/UI/Widgets/Task/TaskDisplay.uasset" SILENT=true
[2018.07.13-15.10.06:582][  6]LogSavePackage: Save=8.76ms
[2018.07.13-15.10.06:582][  6]LogSavePackage: Moving '../../../../../../../Projects/FPS/FPS/Saved/TaskDisplay7D22598A4EDA918561A6D49253A68D69.tmp' to '../../../../../../../Projects/FPS/FPS/Content/UI/Widgets/Task/TaskDisplay.uasset'
[2018.07.13-15.10.06:584][  6]LogSavePackage: Display: Finished SavePackage ../../../../../../../Projects/FPS/FPS/Content/UI/Widgets/Task/TaskDisplay.uasset
[2018.07.13-15.10.14:540][900]LogUObjectGlobals: Created PersistentFrame Addr=0x000001a2d55871a8, Size=4, Default__SKEL_UIHUD_C Function /Game/UI/Widgets/UIHUD.SKEL_UIHUD_C:ExecuteUbergraph_UIHUD
[2018.07.13-15.10.25:188][154]LogUObjectGlobals: Destroyed PersistentFrame Addr=0x000001a2d55871a8, Size=4
[2018.07.13-15.10.25:188][154]LogUObjectGlobals: Created PersistentFrame Addr=0x000001a2d55871a8, Size=4, Default__SKEL_UIHUD_C Function /Engine/Transient.REINST_SKEL_UIHUD_C_15:ExecuteUbergraph_UIHUD
[2018.07.13-15.10.25:190][154]LogUObjectGlobals: Created PersistentFrame Addr=0x000001a2d5584238, Size=4, Default__SKEL_UIHUD_C Function /Game/UI/Widgets/UIHUD.SKEL_UIHUD_C:ExecuteUbergraph_UIHUD
[2018.07.13-15.11.02:901][655]BlueprintLog: New page: Compile UIHUD
[2018.07.13-15.11.02:908][655]LogUObjectGlobals: Destroyed PersistentFrame Addr=0x000001a2d5584238, Size=4
[2018.07.13-15.11.02:908][655]LogUObjectGlobals: Created PersistentFrame Addr=0x000001a28e982d60, Size=4, Default__SKEL_UIHUD_C Function /Engine/Transient.REINST_SKEL_UIHUD_C_16:ExecuteUbergraph_UIHUD
[2018.07.13-15.11.02:915][655]LogUObjectGlobals: Destroyed PersistentFrame Addr=0x000001a2af39f2e0, Size=40
[2018.07.13-15.11.02:915][655]LogUObjectGlobals: Created PersistentFrame Addr=0x000001a2d61ee688, Size=40, Default__UIHUD_C Function /Engine/Transient.REINST_UIHUD_C_17:ExecuteUbergraph_UIHUD
[2018.07.13-15.11.02:918][655]LogUObjectGlobals: Created PersistentFrame Addr=0x000001a2d61eef48, Size=40, Default__UIHUD_C Function /Game/UI/Widgets/UIHUD.UIHUD_C:ExecuteUbergraph_UIHUD
[2018.07.13-15.11.02:943][655]LogUObjectGlobals: Destroyed PersistentFrame Addr=0x000001a28e982d60, Size=4
[2018.07.13-15.11.02:944][655]LogUObjectGlobals: Destroyed PersistentFrame Addr=0x000001a2d55871a8, Size=4
[2018.07.13-15.11.15:241][106]BlueprintLog: New page: Compile UIHUD
[2018.07.13-15.11.15:254][106]LogUObjectGlobals: Destroyed PersistentFrame Addr=0x000001a2d61eef48, Size=40
[2018.07.13-15.11.15:254][106]LogUObjectGlobals: Created PersistentFrame Addr=0x000001a2d66b41d0, Size=40, UIHUD_C_17 Function /Engine/Transient.REINST_UIHUD_C_19:ExecuteUbergraph_UIHUD
[2018.07.13-15.11.15:257][106]LogUObjectGlobals: Created PersistentFrame Addr=0x000001a2d66b61b0, Size=40, Default__UIHUD_C Function /Game/UI/Widgets/UIHUD.UIHUD_C:ExecuteUbergraph_UIHUD
[2018.07.13-15.11.16:224][211]Cmd: OBJ SAVEPACKAGE PACKAGE="/Game/UI/Widgets/UIHUD" FILE="../../../../../../../Projects/FPS/FPS/Content/UI/Widgets/UIHUD.uasset" SILENT=true
[2018.07.13-15.11.16:267][211]LogSavePackage: Save=31.98ms
[2018.07.13-15.11.16:268][211]LogSavePackage: Moving '../../../../../../../Projects/FPS/FPS/Saved/UIHUDC00111FE4B96475650BE8A9E4A46C6ED.tmp' to '../../../../../../../Projects/FPS/FPS/Content/UI/Widgets/UIHUD.uasset'
[2018.07.13-15.11.16:270][211]LogSavePackage: Display: Finished SavePackage ../../../../../../../Projects/FPS/FPS/Content/UI/Widgets/UIHUD.uasset
[2018.07.13-15.11.16:882][282]LogTemp: Repeating last play command: Selected Viewport
[2018.07.13-15.11.16:923][282]LogPlayLevel: PlayLevel: No blueprints needed recompiling
[2018.07.13-15.11.16:923][282]PIE: New page: PIE session: Level1 (Jul 13, 2018, 7:11:16 PM)
[2018.07.13-15.11.16:923][282]LogPlayLevel: Creating play world package: /Game/Maps/UEDPIE_0_Level1
[2018.07.13-15.11.16:938][282]LogPlayLevel: PIE: StaticDuplicateObject took: (0.014073s)
[2018.07.13-15.11.16:938][282]LogAIModule: Creating AISystem for world Level1
[2018.07.13-15.11.16:939][282]LogPlayLevel: PIE: World Init took: (0.000919s)
[2018.07.13-15.11.16:939][282]LogPlayLevel: PIE: Created PIE world by copying editor world from /Game/Maps/Level1.Level1 to /Game/Maps/UEDPIE_0_Level1.Level1 (0.015571s)
[2018.07.13-15.11.16:960][282]LogUObjectGlobals: Destroyed PersistentFrame Addr=0x000001a2d66b41d0, Size=40
[2018.07.13-15.11.16:965][282]LogInit: XAudio2 using 'Speakers (Logitech G35 Headset)' : 2 channels at 44.1 kHz using 16 bits per sample (channel mask 0x3)
[2018.07.13-15.11.16:974][282]LogInit: FAudioDevice initialized.
[2018.07.13-15.11.17:028][282]LogLoad: Game class is 'BP_FPSGameModeBase_C'
[2018.07.13-15.11.17:038][282]LogWorld: Bringing World /Game/Maps/UEDPIE_0_Level1.Level1 up for play (max tick rate 0) at 2018.07.13-17.11.17
[2018.07.13-15.11.17:039][282]LogWorld: Bringing up level for play took: 0.010643
[2018.07.13-15.11.17:041][282]LogTemp: Warning: Task Started
[2018.07.13-15.11.17:048][282]PIE: Play in editor start time for /Game/Maps/UEDPIE_0_Level1 0.887
[2018.07.13-15.11.26:059][970]LogSlate: Window 'FPS Game Preview Standalone (64-bit/PCD3D_SM5)' being destroyed
[2018.07.13-15.26.30:038][185]Cmd: OBJ SAVEPACKAGE PACKAGE="/Game/UI/Widgets/UIHUD" FILE="../../../../../../../Projects/FPS/FPS/Content/UI/Widgets/UIHUD.uasset" SILENT=true
[2018.07.13-15.26.30:084][185]LogSavePackage: Save=29.67ms
[2018.07.13-15.26.30:084][185]LogSavePackage: Moving '../../../../../../../Projects/FPS/FPS/Saved/UIHUD081DE7664F10D0DAC54A6C89F7551963.tmp' to '../../../../../../../Projects/FPS/FPS/Content/UI/Widgets/UIHUD.uasset'
[2018.07.13-15.26.30:085][185]LogSavePackage: Display: Finished SavePackage ../../../../../../../Projects/FPS/FPS/Content/UI/Widgets/UIHUD.uasset
[2018.07.13-16.10.09:334][295]Cmd: OBJ SAVEPACKAGE PACKAGE="/Game/UI/Widgets/Task/TaskDisplay" FILE="../../../../../../../Projects/FPS/FPS/Content/UI/Widgets/Task/TaskDisplay.uasset" SILENT=true
[2018.07.13-16.10.09:365][295]LogSavePackage: Save=10.50ms
[2018.07.13-16.10.09:366][295]LogSavePackage: Moving '../../../../../../../Projects/FPS/FPS/Saved/TaskDisplay6821901D495AEB4162CEF185246697DC.tmp' to '../../../../../../../Projects/FPS/FPS/Content/UI/Widgets/Task/TaskDisplay.uasset'
[2018.07.13-16.10.09:366][295]LogSavePackage: Display: Finished SavePackage ../../../../../../../Projects/FPS/FPS/Content/UI/Widgets/Task/TaskDisplay.uasset
[2018.07.13-16.10.10:535][434]BlueprintLog: New page: Compile TaskDisplay
[2018.07.13-16.10.11:221][494]Cmd: OBJ SAVEPACKAGE PACKAGE="/Game/UI/Widgets/Task/TaskDisplay" FILE="../../../../../../../Projects/FPS/FPS/Content/UI/Widgets/Task/TaskDisplay.uasset" SILENT=true
[2018.07.13-16.10.11:242][494]LogSavePackage: Save=10.48ms
[2018.07.13-16.10.11:242][494]LogSavePackage: Moving '../../../../../../../Projects/FPS/FPS/Saved/TaskDisplay73AB66B5442054488FE2DC800BA87E12.tmp' to '../../../../../../../Projects/FPS/FPS/Content/UI/Widgets/Task/TaskDisplay.uasset'
[2018.07.13-16.10.11:243][494]LogSavePackage: Display: Finished SavePackage ../../../../../../../Projects/FPS/FPS/Content/UI/Widgets/Task/TaskDisplay.uasset
[2018.07.13-16.10.19:462][452]LogSlate: Window 'FPS - Unreal Editor' being destroyed
[2018.07.13-16.10.19:734][453]Cmd: QUIT_EDITOR
[2018.07.13-16.10.20:259][453]LogWindowsTextInputMethodSystem: Display: IME system now deactivated.
[2018.07.13-16.10.20:271][453]LogSlate: Slate User Destroyed.  User Index 0, Is Virtual User: 0
[2018.07.13-16.10.20:271][453]LogExit: Preparing to exit.
[2018.07.13-16.10.20:479][453]LogDirectoryWatcher: A directory notification for 'E:/Projects/FPS/FPS/Content/' was aborted.
[2018.07.13-16.10.20:548][453]LogUObjectGlobals: Destroyed PersistentFrame Addr=0x000001a27d3e5710, Size=80
[2018.07.13-16.10.20:551][453]LogExit: Editor shut down
[2018.07.13-16.10.20:563][453]LogExit: Transaction tracking system shut down
[2018.07.13-16.10.20:564][453]LogUObjectGlobals: Destroyed PersistentFrame Addr=0x000001a2083edb80, Size=128
[2018.07.13-16.10.20:565][453]LogUObjectGlobals: Destroyed PersistentFrame Addr=0x000001a249fcc780, Size=128
[2018.07.13-16.10.20:589][453]LogUObjectGlobals: Destroyed PersistentFrame Addr=0x000001a2089f1a10, Size=4
[2018.07.13-16.10.20:590][453]LogUObjectGlobals: Destroyed PersistentFrame Addr=0x000001a2089f1a08, Size=4
[2018.07.13-16.10.20:591][453]LogUObjectGlobals: Destroyed PersistentFrame Addr=0x000001a2700622d0, Size=4
[2018.07.13-16.10.20:591][453]LogUObjectGlobals: Destroyed PersistentFrame Addr=0x000001a26fdfd9e0, Size=160
[2018.07.13-16.10.20:591][453]LogUObjectGlobals: Destroyed PersistentFrame Addr=0x000001a232a8bcf0, Size=56
[2018.07.13-16.10.20:591][453]LogUObjectGlobals: Destroyed PersistentFrame Addr=0x000001a26fdae080, Size=424
[2018.07.13-16.10.20:591][453]LogUObjectGlobals: Destroyed PersistentFrame Addr=0x000001a212ded328, Size=40
[2018.07.13-16.10.20:592][453]LogUObjectGlobals: Destroyed PersistentFrame Addr=0x000001a2d66b61b0, Size=40
[2018.07.13-16.10.20:604][453]LogUObjectGlobals: Destroyed PersistentFrame Addr=0x000001a2d61ee688, Size=40
[2018.07.13-16.10.20:712][453]LogDirectoryWatcher: A directory notification for '../../../Engine/Content/' was aborted.
[2018.07.13-16.10.20:712][453]LogDirectoryWatcher: A directory notification for '../../../../../../../Projects/FPS/FPS/Content/' was aborted.
[2018.07.13-16.10.20:712][453]LogDirectoryWatcher: A directory notification for '../../Plugins/2D/Paper2D/Content/' was aborted.
[2018.07.13-16.10.20:712][453]LogDirectoryWatcher: A directory notification for '../../Plugins/Enterprise/DatasmithContent/Content/' was aborted.
[2018.07.13-16.10.20:712][453]LogDirectoryWatcher: A directory notification for '../../Plugins/Media/MediaCompositing/Content/' was aborted.
[2018.07.13-16.10.20:713][453]LogDirectoryWatcher: A directory notification for '../../Plugins/Runtime/AppleARKit/Content/' was aborted.
[2018.07.13-16.10.20:713][453]LogDirectoryWatcher: A directory notification for '../../Plugins/Runtime/Oculus/OculusVR/Content/' was aborted.
[2018.07.13-16.10.20:713][453]LogDirectoryWatcher: A directory notification for '../../Plugins/Runtime/Steam/SteamVR/Content/' was aborted.
[2018.07.13-16.10.21:448][453]LogExit: Object subsystem successfully closed.
[2018.07.13-16.10.21:600][453]LogShaderCompilers: Display: Shaders left to compile 0
[2018.07.13-16.10.21:607][453]LogD3D11RHI: Shutdown
[2018.07.13-16.10.21:607][453]LogD3D11RHI: CleanupD3DDevice
[2018.07.13-16.10.21:626][453]LogD3D11RHI: ~FD3D11DynamicRHI
[2018.07.13-16.10.22:287][453]LogModuleManager: Shutting down and abandoning module MovieSceneCapture (586)
[2018.07.13-16.10.22:287][453]LogModuleManager: Shutting down and abandoning module SequencerWidgets (584)
[2018.07.13-16.10.22:287][453]LogModuleManager: Shutting down and abandoning module BlueprintGraph (582)
[2018.07.13-16.10.22:287][453]LogModuleManager: Shutting down and abandoning module HierarchicalLODOutliner (580)
[2018.07.13-16.10.22:287][453]LogModuleManager: Shutting down and abandoning module ExternalImagePicker (578)
[2018.07.13-16.10.22:287][453]LogModuleManager: Shutting down and abandoning module DesktopPlatform (576)
[2018.07.13-16.10.22:294][453]LogModuleManager: Shutting down and abandoning module SceneOutliner (574)
[2018.07.13-16.10.22:294][453]LogModuleManager: Shutting down and abandoning module AddContentDialog (572)
[2018.07.13-16.10.22:298][453]LogDirectoryWatcher: A directory notification for 'E:/Game Engines/Epic Games/4.19/UE_4.19/FeaturePacks/' was aborted.
[2018.07.13-16.10.22:301][453]LogModuleManager: Shutting down and abandoning module WidgetCarousel (571)
[2018.07.13-16.10.22:301][453]LogModuleManager: Shutting down and abandoning module EditorWidgets (568)
[2018.07.13-16.10.22:301][453]LogModuleManager: Shutting down and abandoning module CollectionManager (566)
[2018.07.13-16.10.22:311][453]LogDirectoryWatcher: A directory notification for 'E:/Projects/FPS/FPS/Content/Collections/' was aborted.
[2018.07.13-16.10.22:312][453]LogDirectoryWatcher: A directory notification for 'E:/Projects/FPS/FPS/Content/Developers/TomColdenhoff/Collections/' was aborted.
[2018.07.13-16.10.22:312][453]LogDirectoryWatcher: A directory notification for 'E:/Projects/FPS/FPS/Saved/Collections/' was aborted.
[2018.07.13-16.10.22:312][453]LogModuleManager: Shutting down and abandoning module StatsViewer (564)
[2018.07.13-16.10.22:325][453]LogModuleManager: Shutting down and abandoning module FoliageEdit (562)
[2018.07.13-16.10.22:334][453]LogModuleManager: Shutting down and abandoning module LandscapeEditor (560)
[2018.07.13-16.10.22:341][453]LogModuleManager: Shutting down and abandoning module MeshPaintMode (558)
[2018.07.13-16.10.22:349][453]LogModuleManager: Shutting down and abandoning module SceneDepthPickerMode (556)
[2018.07.13-16.10.22:349][453]LogModuleManager: Shutting down and abandoning module ActorPickerMode (554)
[2018.07.13-16.10.22:349][453]LogModuleManager: Shutting down and abandoning module GeometryMode (552)
[2018.07.13-16.10.22:358][453]LogModuleManager: Shutting down and abandoning module TextureAlignMode (550)
[2018.07.13-16.10.22:359][453]LogModuleManager: Shutting down and abandoning module BspMode (548)
[2018.07.13-16.10.22:359][453]LogModuleManager: Shutting down and abandoning module PIEPreviewDeviceProfileSelector (546)
[2018.07.13-16.10.22:364][453]LogModuleManager: Shutting down and abandoning module HardwareSurvey (544)
[2018.07.13-16.10.22:364][453]LogModuleManager: Shutting down and abandoning module SequenceRecorderSections (542)
[2018.07.13-16.10.22:367][453]LogModuleManager: Shutting down and abandoning module AutomationWorker (540)
[2018.07.13-16.10.22:367][453]LogModuleManager: Shutting down and abandoning module AudioCaptureEditor (538)
[2018.07.13-16.10.22:367][453]LogModuleManager: Shutting down and abandoning module SequenceRecorder (537)
[2018.07.13-16.10.22:382][453]LogModuleManager: Shutting down and abandoning module MatineeToLevelSequence (534)
[2018.07.13-16.10.22:382][453]LogModuleManager: Shutting down and abandoning module LevelSequenceEditor (532)
[2018.07.13-16.10.22:396][453]LogModuleManager: Shutting down and abandoning module PlacementMode (531)
[2018.07.13-16.10.22:396][453]LogModuleManager: Shutting down and abandoning module MaterialEditor (530)
[2018.07.13-16.10.22:422][453]LogModuleManager: Shutting down and abandoning module WmfMediaFactory (526)
[2018.07.13-16.10.22:423][453]LogModuleManager: Shutting down and abandoning module WmfMediaEditor (524)
[2018.07.13-16.10.22:423][453]LogModuleManager: Shutting down and abandoning module MediaPlayerEditor (522)
[2018.07.13-16.10.22:437][453]LogModuleManager: Shutting down and abandoning module OpenExrWrapper (520)
[2018.07.13-16.10.22:438][453]LogModuleManager: Shutting down and abandoning module ImgMediaFactory (518)
[2018.07.13-16.10.22:438][453]LogModuleManager: Shutting down and abandoning module ImgMediaEditor (516)
[2018.07.13-16.10.22:438][453]LogModuleManager: Shutting down and abandoning module AvfMediaFactory (514)
[2018.07.13-16.10.22:438][453]LogModuleManager: Shutting down and abandoning module AvfMediaEditor (512)
[2018.07.13-16.10.22:438][453]LogModuleManager: Shutting down and abandoning module AndroidMediaFactory (510)
[2018.07.13-16.10.22:438][453]LogModuleManager: Shutting down and abandoning module AndroidMediaEditor (508)
[2018.07.13-16.10.22:438][453]LogModuleManager: Shutting down and abandoning module CharacterAI (506)
[2018.07.13-16.10.22:438][453]LogModuleManager: Shutting down and abandoning module SmartSnapping (504)
[2018.07.13-16.10.22:438][453]LogModuleManager: Shutting down and abandoning module SessionServices (502)
[2018.07.13-16.10.22:438][453]LogModuleManager: Shutting down and abandoning module ViewportSnapping (500)
[2018.07.13-16.10.22:438][453]LogModuleManager: Shutting down and abandoning module ViewportInteraction (498)
[2018.07.13-16.10.22:438][453]LogModuleManager: Shutting down and abandoning module ClothPainter (496)
[2018.07.13-16.10.22:461][453]LogModuleManager: Shutting down and abandoning module SkeletalMeshEditor (495)
[2018.07.13-16.10.22:472][453]LogModuleManager: Shutting down and abandoning module LogVisualizer (492)
[2018.07.13-16.10.22:483][453]LogModuleManager: Shutting down and abandoning module IntroTutorials (490)
[2018.07.13-16.10.22:502][453]LogModuleManager: Shutting down and abandoning module GameProjectGeneration (489)
[2018.07.13-16.10.22:502][453]LogModuleManager: Shutting down and abandoning module IOSPlatformEditor (486)
[2018.07.13-16.10.22:502][453]LogModuleManager: Shutting down and abandoning module HTML5PlatformEditor (484)
[2018.07.13-16.10.22:502][453]LogModuleManager: Shutting down and abandoning module AndroidPlatformEditor (482)
[2018.07.13-16.10.22:502][453]LogModuleManager: Shutting down and abandoning module AndroidDeviceDetection (481)
[2018.07.13-16.10.23:093][453]LogModuleManager: Shutting down and abandoning module WindowsPlatformEditor (478)
[2018.07.13-16.10.23:093][453]LogModuleManager: Shutting down and abandoning module IOSRuntimeSettings (476)
[2018.07.13-16.10.23:093][453]LogModuleManager: Shutting down and abandoning module AndroidRuntimeSettings (474)
[2018.07.13-16.10.23:093][453]LogModuleManager: Shutting down and abandoning module InputBindingEditor (472)
[2018.07.13-16.10.23:108][453]LogModuleManager: Shutting down and abandoning module MergeActors (470)
[2018.07.13-16.10.23:126][453]LogModuleManager: Shutting down and abandoning module LocalizationDashboard (468)
[2018.07.13-16.10.23:140][453]LogModuleManager: Shutting down and abandoning module LocalizationService (467)
[2018.07.13-16.10.23:144][453]LogModuleManager: Shutting down and abandoning module HardwareTargeting (464)
[2018.07.13-16.10.23:144][453]LogModuleManager: Shutting down and abandoning module DeviceProfileEditor (462)
[2018.07.13-16.10.23:147][453]LogModuleManager: Shutting down and abandoning module UndoHistory (460)
[2018.07.13-16.10.23:147][453]LogModuleManager: Shutting down and abandoning module XmlParser (458)
[2018.07.13-16.10.23:158][453]LogModuleManager: Shutting down and abandoning module Blutility (456)
[2018.07.13-16.10.23:158][453]LogModuleManager: Shutting down and abandoning module ProjectSettingsViewer (454)
[2018.07.13-16.10.23:159][453]LogModuleManager: Shutting down and abandoning module ProjectTargetPlatformEditor (453)
[2018.07.13-16.10.23:159][453]LogModuleManager: Shutting down and abandoning module EditorSettingsViewer (450)
[2018.07.13-16.10.23:159][453]LogModuleManager: Shutting down and abandoning module SettingsEditor (448)
[2018.07.13-16.10.23:165][453]LogModuleManager: Shutting down and abandoning module ProjectLauncher (446)
[2018.07.13-16.10.23:173][453]LogModuleManager: Shutting down and abandoning module SessionFrontend (444)
[2018.07.13-16.10.23:176][453]LogModuleManager: Shutting down and abandoning module ProfilerClient (442)
[2018.07.13-16.10.23:183][453]LogModuleManager: Shutting down and abandoning module DeviceManager (440)
[2018.07.13-16.10.23:190][453]LogModuleManager: Shutting down and abandoning module TargetDeviceServices (439)
[2018.07.13-16.10.23:245][453]LogModuleManager: Shutting down and abandoning module AutomationController (436)
[2018.07.13-16.10.23:253][453]LogModuleManager: Shutting down and abandoning module AutomationWindow (434)
[2018.07.13-16.10.23:265][453]LogModuleManager: Shutting down and abandoning module Layers (432)
[2018.07.13-16.10.23:276][453]LogModuleManager: Shutting down and abandoning module ComponentVisualizers (430)
[2018.07.13-16.10.23:276][453]LogModuleManager: Shutting down and abandoning module DetailCustomizations (428)
[2018.07.13-16.10.23:286][453]LogModuleManager: Shutting down and abandoning module PackagesDialog (426)
[2018.07.13-16.10.23:287][453]LogModuleManager: Shutting down and abandoning module Persona (424)
[2018.07.13-16.10.23:307][453]LogModuleManager: Shutting down and abandoning module AdvancedPreviewScene (423)
[2018.07.13-16.10.23:307][453]LogModuleManager: Shutting down and abandoning module AnimGraph (421)
[2018.07.13-16.10.23:307][453]LogModuleManager: Shutting down and abandoning module Kismet (418)
[2018.07.13-16.10.23:323][453]LogModuleManager: Shutting down and abandoning module GraphEditor (416)
[2018.07.13-16.10.23:323][453]LogModuleManager: Shutting down and abandoning module ClassViewer (414)
[2018.07.13-16.10.23:323][453]LogModuleManager: Shutting down and abandoning module Toolbox (412)
[2018.07.13-16.10.23:323][453]LogModuleManager: Shutting down and abandoning module ModuleUI (410)
[2018.07.13-16.10.23:333][453]LogModuleManager: Shutting down and abandoning module MovieSceneTools (408)
[2018.07.13-16.10.23:349][453]LogModuleManager: Shutting down and abandoning module OutputLog (406)
[2018.07.13-16.10.23:349][453]LogModuleManager: Shutting down and abandoning module GammaUI (404)
[2018.07.13-16.10.23:355][453]LogModuleManager: Shutting down and abandoning module Documentation (402)
[2018.07.13-16.10.23:355][453]LogModuleManager: Shutting down and abandoning module MovieSceneTracks (400)
[2018.07.13-16.10.23:355][453]LogModuleManager: Shutting down and abandoning module MovieScene (398)
[2018.07.13-16.10.23:355][453]LogModuleManager: Shutting down and abandoning module StreamingPauseRendering (396)
[2018.07.13-16.10.23:355][453]LogModuleManager: Shutting down and abandoning module LauncherPlatform (394)
[2018.07.13-16.10.23:355][453]LogModuleManager: Shutting down and abandoning module AnalyticsET (392)
[2018.07.13-16.10.23:355][453]LogModuleManager: Shutting down and abandoning module PortalServices (390)
[2018.07.13-16.10.23:355][453]LogModuleManager: Shutting down and abandoning module PortalRpc (388)
[2018.07.13-16.10.23:355][453]LogModuleManager: Shutting down and abandoning module MessagingRpc (386)
[2018.07.13-16.10.23:355][453]LogModuleManager: Shutting down and abandoning module AIModule (384)
[2018.07.13-16.10.23:355][453]LogModuleManager: Shutting down and abandoning module GameplayDebugger (383)
[2018.07.13-16.10.23:355][453]LogModuleManager: Shutting down and abandoning module AITestSuite (381)
[2018.07.13-16.10.23:361][453]LogModuleManager: Shutting down and abandoning module ProfilerService (378)
[2018.07.13-16.10.23:364][453]LogModuleManager: Shutting down and abandoning module TaskGraph (376)
[2018.07.13-16.10.23:372][453]LogModuleManager: Shutting down and abandoning module CoverPointGenerator (374)
[2018.07.13-16.10.23:373][453]LogModuleManager: Shutting down and abandoning module SteamVRController (372)
[2018.07.13-16.10.23:373][453]LogModuleManager: Shutting down and abandoning module ProceduralMeshComponentEditor (370)
[2018.07.13-16.10.23:373][453]LogModuleManager: Shutting down and abandoning module ProceduralMeshComponent (368)
[2018.07.13-16.10.23:382][453]LogModuleManager: Shutting down and abandoning module OculusInput (366)
[2018.07.13-16.10.23:391][453]LogModuleManager: Shutting down and abandoning module MobilePatchingUtils (364)
[2018.07.13-16.10.23:391][453]LogModuleManager: Shutting down and abandoning module CustomMeshComponent (362)
[2018.07.13-16.10.23:391][453]LogModuleManager: Shutting down and abandoning module CableComponent (360)
[2018.07.13-16.10.23:401][453]LogModuleManager: Shutting down and abandoning module AudioCapture (358)
[2018.07.13-16.10.23:401][453]LogModuleManager: Shutting down and abandoning module ArchVisCharacter (356)
[2018.07.13-16.10.23:401][453]LogModuleManager: Shutting down and abandoning module AndroidPermission (354)
[2018.07.13-16.10.23:401][453]LogModuleManager: Shutting down and abandoning module NUTUnrealEngine4 (350)
[2018.07.13-16.10.23:401][453]LogModuleManager: Shutting down and abandoning module NetcodeUnitTest (348)
[2018.07.13-16.10.23:426][453]LogModuleManager: Shutting down and abandoning module MediaCompositingEditor (346)
[2018.07.13-16.10.23:426][453]LogModuleManager: Shutting down and abandoning module MediaCompositing (344)
[2018.07.13-16.10.23:426][453]LogModuleManager: Shutting down and abandoning module LinearTimecode (342)
[2018.07.13-16.10.23:426][453]LogModuleManager: Shutting down and abandoning module ImgMedia (340)
[2018.07.13-16.10.23:443][453]LogModuleManager: Shutting down and abandoning module HTML5Networking (338)
[2018.07.13-16.10.23:443][453]LogModuleManager: Shutting down and abandoning module AlembicImporter (336)
[2018.07.13-16.10.23:452][453]LogModuleManager: Shutting down and abandoning module AlembicLibrary (335)
[2018.07.13-16.10.23:453][453]LogModuleManager: Shutting down and abandoning module GeometryCache (334)
[2018.07.13-16.10.23:453][453]LogModuleManager: Shutting down and abandoning module GeometryCacheEd (333)
[2018.07.13-16.10.23:453][453]LogModuleManager: Shutting down and abandoning module DatasmithContent (328)
[2018.07.13-16.10.23:453][453]LogModuleManager: Shutting down and abandoning module SpeedTreeImporter (326)
[2018.07.13-16.10.23:453][453]LogModuleManager: Shutting down and abandoning module PluginBrowser (324)
[2018.07.13-16.10.23:461][453]LogModuleManager: Shutting down and abandoning module MobileLauncherProfileWizard (322)
[2018.07.13-16.10.23:468][453]LogModuleManager: Shutting down and abandoning module CryptoKeysOpenSSL (320)
[2018.07.13-16.10.23:477][453]LogModuleManager: Shutting down and abandoning module CryptoKeys (318)
[2018.07.13-16.10.23:477][453]LogModuleManager: Shutting down and abandoning module VisualStudioSourceCodeAccess (316)
[2018.07.13-16.10.23:477][453]LogModuleManager: Shutting down and abandoning module VisualStudioCodeSourceCodeAccess (314)
[2018.07.13-16.10.23:477][453]LogModuleManager: Shutting down and abandoning module UObjectPlugin (312)
[2018.07.13-16.10.23:477][453]LogModuleManager: Shutting down and abandoning module SubversionSourceControl (310)
[2018.07.13-16.10.23:485][453]LogModuleManager: Shutting down and abandoning module PerforceSourceControl (308)
[2018.07.13-16.10.23:494][453]LogModuleManager: Shutting down and abandoning module GitSourceControl (306)
[2018.07.13-16.10.23:508][453]LogModuleManager: Shutting down and abandoning module SourceControl (305)
[2018.07.13-16.10.23:517][453]LogModuleManager: Shutting down and abandoning module CLionSourceCodeAccess (302)
[2018.07.13-16.10.23:527][453]LogModuleManager: Shutting down and abandoning module LightPropagationVolumeEditor (300)
[2018.07.13-16.10.23:527][453]LogModuleManager: Shutting down and abandoning module PaperTiledImporter (298)
[2018.07.13-16.10.23:527][453]LogModuleManager: Shutting down and abandoning module PaperSpriteSheetImporter (296)
[2018.07.13-16.10.23:527][453]LogModuleManager: Shutting down and abandoning module Paper2DEditor (294)
[2018.07.13-16.10.23:549][453]LogModuleManager: Shutting down and abandoning module MeshPaint (293)
[2018.07.13-16.10.23:560][453]LogModuleManager: Shutting down and abandoning module FPS (290)
[2018.07.13-16.10.23:561][453]LogModuleManager: Shutting down and abandoning module RuntimePhysXCooking (288)
[2018.07.13-16.10.23:561][453]LogModuleManager: Shutting down and abandoning module PhysXVehiclesEditor (286)
[2018.07.13-16.10.23:561][453]LogModuleManager: Shutting down and abandoning module PhysXVehicles (284)
[2018.07.13-16.10.23:561][453]LogModuleManager: Shutting down and abandoning module OculusEditor (282)
[2018.07.13-16.10.23:561][453]LogModuleManager: Shutting down and abandoning module LocationServicesBPLibrary (280)
[2018.07.13-16.10.23:561][453]LogModuleManager: Shutting down and abandoning module ImmediatePhysicsEditor (278)
[2018.07.13-16.10.23:561][453]LogModuleManager: Shutting down and abandoning module ImmediatePhysics (276)
[2018.07.13-16.10.23:571][453]LogModuleManager: Shutting down and abandoning module ActorSequence (274)
[2018.07.13-16.10.23:571][453]LogModuleManager: Shutting down and abandoning module UdpMessaging (272)
[2018.07.13-16.10.23:688][453]LogModuleManager: Shutting down and abandoning module TcpMessaging (270)
[2018.07.13-16.10.23:795][453]LogModuleManager: Shutting down and abandoning module GameplayTagsEditor (268)
[2018.07.13-16.10.23:807][453]LogModuleManager: Shutting down and abandoning module FacialAnimationEditor (266)
[2018.07.13-16.10.23:807][453]LogModuleManager: Shutting down and abandoning module FacialAnimation (264)
[2018.07.13-16.10.23:808][453]LogModuleManager: Shutting down and abandoning module DataValidation (262)
[2018.07.13-16.10.23:808][453]LogModuleManager: Shutting down and abandoning module AssetManagerEditor (260)
[2018.07.13-16.10.23:822][453]LogModuleManager: Shutting down and abandoning module LevelEditor (259)
[2018.07.13-16.10.23:854][453]LogModuleManager: Shutting down and abandoning module PixelInspectorModule (258)
[2018.07.13-16.10.23:860][453]LogModuleManager: Shutting down and abandoning module CommonMenuExtensions (256)
[2018.07.13-16.10.23:861][453]LogModuleManager: Shutting down and abandoning module MainFrame (254)
[2018.07.13-16.10.23:861][453]LogModuleManager: Shutting down and abandoning module HotReload (253)
[2018.07.13-16.10.23:861][453]LogDirectoryWatcher: A directory notification for 'E:/Projects/FPS/FPS/Binaries/Win64' was aborted.
[2018.07.13-16.10.23:861][453]LogDirectoryWatcher: A directory notification for 'E:/Projects/FPS/FPS/Plugins/CoverPointGenerator/Binaries/Win64' was aborted.
[2018.07.13-16.10.23:862][453]LogModuleManager: Shutting down and abandoning module ContentBrowser (249)
[2018.07.13-16.10.23:863][453]LogModuleManager: Shutting down and abandoning module TreeMap (247)
[2018.07.13-16.10.23:867][453]LogModuleManager: Shutting down and abandoning module LightPropagationVolumeRuntime (244)
[2018.07.13-16.10.23:867][453]LogModuleManager: Shutting down and abandoning module LiveLinkEditor (242)
[2018.07.13-16.10.23:880][453]LogModuleManager: Shutting down and abandoning module LiveLink (240)
[2018.07.13-16.10.24:259][453]LogModuleManager: Shutting down and abandoning module Paper2D (238)
[2018.07.13-16.10.24:268][453]LogModuleManager: Shutting down and abandoning module WindowsMoviePlayer (236)
[2018.07.13-16.10.24:274][453]LogModuleManager: Shutting down and abandoning module WmfMedia (234)
[2018.07.13-16.10.24:287][453]LogModuleManager: Shutting down and abandoning module Media (233)
[2018.07.13-16.10.24:297][453]LogModuleManager: Shutting down and abandoning module PacketHandler (230)
[2018.07.13-16.10.24:297][453]LogModuleManager: Shutting down and abandoning module ClothingSystemEditor (228)
[2018.07.13-16.10.24:297][453]LogModuleManager: Shutting down and abandoning module ClothingSystemRuntime (226)
[2018.07.13-16.10.24:311][453]LogModuleManager: Shutting down and abandoning module MediaAssets (224)
[2018.07.13-16.10.24:311][453]LogModuleManager: Shutting down and abandoning module Overlay (222)
[2018.07.13-16.10.24:312][453]LogModuleManager: Shutting down and abandoning module OverlayEditor (221)
[2018.07.13-16.10.24:312][453]LogModuleManager: Shutting down and abandoning module VREditor (218)
[2018.07.13-16.10.24:325][453]LogModuleManager: Shutting down and abandoning module StringTableEditor (216)
[2018.07.13-16.10.24:325][453]LogModuleManager: Shutting down and abandoning module GameplayTasksEditor (214)
[2018.07.13-16.10.24:325][453]LogModuleManager: Shutting down and abandoning module BehaviorTreeEditor (212)
[2018.07.13-16.10.24:344][453]LogModuleManager: Shutting down and abandoning module FunctionalTesting (210)
[2018.07.13-16.10.24:348][453]LogModuleManager: Shutting down and abandoning module CollisionAnalyzer (208)
[2018.07.13-16.10.24:356][453]LogModuleManager: Shutting down and abandoning module WorkspaceMenuStructure (207)
[2018.07.13-16.10.24:356][453]LogModuleManager: Shutting down and abandoning module UMG (204)
[2018.07.13-16.10.24:356][453]LogModuleManager: Shutting down and abandoning module UMGEditor (203)
[2018.07.13-16.10.24:357][453]LogModuleManager: Shutting down and abandoning module Sequencer (202)
[2018.07.13-16.10.24:369][453]LogModuleManager: Shutting down and abandoning module MessageLog (199)
[2018.07.13-16.10.24:369][453]LogModuleManager: Shutting down and abandoning module SlateReflector (194)
[2018.07.13-16.10.24:389][453]LogModuleManager: Shutting down and abandoning module Slate (192)
[2018.07.13-16.10.24:389][453]LogModuleManager: Shutting down and abandoning module EditorStyle (190)
[2018.07.13-16.10.24:396][453]LogModuleManager: Shutting down and abandoning module MRMesh (188)
[2018.07.13-16.10.24:396][453]LogModuleManager: Shutting down and abandoning module SourceCodeAccess (186)
[2018.07.13-16.10.24:396][453]LogModuleManager: Shutting down and abandoning module HeadMountedDisplay (184)
[2018.07.13-16.10.24:396][453]LogModuleManager: Shutting down and abandoning module XAudio2 (182)
[2018.07.13-16.10.24:397][453]LogModuleManager: Shutting down and abandoning module Networking (180)
[2018.07.13-16.10.24:397][453]LogModuleManager: Shutting down and abandoning module Core (178)
[2018.07.13-16.10.24:397][453]LogModuleManager: Shutting down and abandoning module LevelSequence (176)
[2018.07.13-16.10.24:405][453]LogModuleManager: Shutting down and abandoning module KismetCompiler (174)
[2018.07.13-16.10.24:405][453]LogModuleManager: Shutting down and abandoning module MeshUtilities (172)
[2018.07.13-16.10.24:410][453]LogModuleManager: Shutting down and abandoning module MeshMergeUtilities (171)
[2018.07.13-16.10.24:410][453]LogModuleManager: Shutting down and abandoning module MeshReductionInterface (170)
[2018.07.13-16.10.24:410][453]LogModuleManager: Shutting down and abandoning module SimplygonSwarm (169)
[2018.07.13-16.10.24:415][453]LogModuleManager: Shutting down and abandoning module SimplygonMeshReduction (167)
[2018.07.13-16.10.24:422][453]LogModuleManager: Shutting down and abandoning module QuadricMeshReduction (165)
[2018.07.13-16.10.24:429][453]LogModuleManager: Shutting down and abandoning module MaterialBaking (161)
[2018.07.13-16.10.24:435][453]LogModuleManager: Shutting down and abandoning module DirectoryWatcher (157)
[2018.07.13-16.10.24:445][453]LogModuleManager: Shutting down and abandoning module DerivedDataCache (154)
[2018.07.13-16.10.24:454][453]LogDerivedDataCache: Shutdown
[2018.07.13-16.10.24:454][453]LogModuleManager: Shutting down and abandoning module XGEController (152)
[2018.07.13-16.10.24:455][453]LogXGEController: Cleaning working directory: C:/Users/TomColdenhoff/AppData/Local/Temp/UnrealXGEWorkingDir/
[2018.07.13-16.10.24:455][453]LogModuleManager: Shutting down and abandoning module TargetPlatform (150)
[2018.07.13-16.10.24:455][453]LogModuleManager: Shutting down and abandoning module VulkanShaderFormat (149)
[2018.07.13-16.10.24:463][453]LogModuleManager: Shutting down and abandoning module ShaderFormatVectorVM (147)
[2018.07.13-16.10.24:467][453]LogModuleManager: Shutting down and abandoning module ShaderFormatOpenGL (145)
[2018.07.13-16.10.24:475][453]LogModuleManager: Shutting down and abandoning module ShaderFormatD3D (143)
[2018.07.13-16.10.24:475][453]LogModuleManager: Shutting down and abandoning module MetalShaderFormat (141)
[2018.07.13-16.10.24:484][453]LogModuleManager: Shutting down and abandoning module TextureFormatUncompressed (139)
[2018.07.13-16.10.24:484][453]LogModuleManager: Shutting down and abandoning module TextureFormatPVR (137)
[2018.07.13-16.10.24:484][453]LogModuleManager: Shutting down and abandoning module TextureFormatDXT (135)
[2018.07.13-16.10.24:484][453]LogModuleManager: Shutting down and abandoning module TextureFormatIntelISPCTexComp (133)
[2018.07.13-16.10.24:499][453]LogModuleManager: Shutting down and abandoning module TextureFormatASTC (131)
[2018.07.13-16.10.24:499][453]LogModuleManager: Shutting down and abandoning module ImageWrapper (130)
[2018.07.13-16.10.24:499][453]LogModuleManager: Shutting down and abandoning module TextureFormatAndroid (127)
[2018.07.13-16.10.24:499][453]LogModuleManager: Shutting down and abandoning module AudioFormatOpus (125)
[2018.07.13-16.10.24:500][453]LogModuleManager: Shutting down and abandoning module AudioFormatOgg (123)
[2018.07.13-16.10.24:500][453]LogModuleManager: Shutting down and abandoning module AudioFormatADPCM (121)
[2018.07.13-16.10.24:500][453]LogModuleManager: Shutting down and abandoning module LinuxTargetPlatform (119)
[2018.07.13-16.10.24:500][453]LogModuleManager: Shutting down and abandoning module LinuxServerTargetPlatform (117)
[2018.07.13-16.10.24:501][453]LogModuleManager: Shutting down and abandoning module LinuxNoEditorTargetPlatform (115)
[2018.07.13-16.10.24:501][453]LogModuleManager: Shutting down and abandoning module LinuxClientTargetPlatform (113)
[2018.07.13-16.10.24:501][453]LogModuleManager: Shutting down and abandoning module TVOSTargetPlatform (111)
[2018.07.13-16.10.24:502][453]LogModuleManager: Shutting down and abandoning module Messaging (109)
[2018.07.13-16.10.24:502][453]LogModuleManager: Shutting down and abandoning module IOSTargetPlatform (107)
[2018.07.13-16.10.24:502][453]LogModuleManager: Shutting down and abandoning module HTML5TargetPlatform (105)
[2018.07.13-16.10.24:502][453]LogModuleManager: Shutting down and abandoning module AndroidTargetPlatform (103)
[2018.07.13-16.10.24:502][453]LogModuleManager: Shutting down and abandoning module Android_PVRTCTargetPlatform (101)
[2018.07.13-16.10.24:503][453]LogModuleManager: Shutting down and abandoning module Android_MultiTargetPlatform (99)
[2018.07.13-16.10.24:503][453]LogModuleManager: Shutting down and abandoning module Android_ETC2TargetPlatform (97)
[2018.07.13-16.10.24:503][453]LogModuleManager: Shutting down and abandoning module Android_ETC1TargetPlatform (95)
[2018.07.13-16.10.24:503][453]LogModuleManager: Shutting down and abandoning module Android_ETC1aTargetPlatform (93)
[2018.07.13-16.10.24:503][453]LogModuleManager: Shutting down and abandoning module Android_DXTTargetPlatform (91)
[2018.07.13-16.10.24:504][453]LogModuleManager: Shutting down and abandoning module Android_ATCTargetPlatform (89)
[2018.07.13-16.10.24:504][453]LogModuleManager: Shutting down and abandoning module Android_ASTCTargetPlatform (87)
[2018.07.13-16.10.24:504][453]LogModuleManager: Shutting down and abandoning module WindowsTargetPlatform (85)
[2018.07.13-16.10.24:504][453]LogModuleManager: Shutting down and abandoning module WindowsServerTargetPlatform (83)
[2018.07.13-16.10.24:504][453]LogModuleManager: Shutting down and abandoning module WindowsNoEditorTargetPlatform (81)
[2018.07.13-16.10.24:505][453]LogModuleManager: Shutting down and abandoning module WindowsClientTargetPlatform (79)
[2018.07.13-16.10.24:505][453]LogModuleManager: Shutting down and abandoning module MacTargetPlatform (77)
[2018.07.13-16.10.24:505][453]LogModuleManager: Shutting down and abandoning module MacServerTargetPlatform (75)
[2018.07.13-16.10.24:505][453]LogModuleManager: Shutting down and abandoning module MacNoEditorTargetPlatform (73)
[2018.07.13-16.10.24:506][453]LogModuleManager: Shutting down and abandoning module MacClientTargetPlatform (71)
[2018.07.13-16.10.24:506][453]LogModuleManager: Shutting down and abandoning module AllDesktopTargetPlatform (69)
[2018.07.13-16.10.24:506][453]LogModuleManager: Shutting down and abandoning module InputCore (66)
[2018.07.13-16.10.24:506][453]LogModuleManager: Shutting down and abandoning module Settings (64)
[2018.07.13-16.10.24:506][453]LogModuleManager: Shutting down and abandoning module PhysXCooking (62)
[2018.07.13-16.10.24:507][453]LogModuleManager: Shutting down and abandoning module SteamVR (60)
[2018.07.13-16.10.24:507][453]LogModuleManager: Shutting down and abandoning module OculusHMD (58)
[2018.07.13-16.10.24:512][453]LogModuleManager: Shutting down and abandoning module ExampleDeviceProfileSelector (56)
[2018.07.13-16.10.24:512][453]LogModuleManager: Shutting down and abandoning module AppleARKit (54)
[2018.07.13-16.10.24:513][453]LogModuleManager: Shutting down and abandoning module AugmentedReality (51)
[2018.07.13-16.10.24:513][453]LogModuleManager: Shutting down and abandoning module OnlineBlueprintSupport (48)
[2018.07.13-16.10.24:513][453]LogModuleManager: Shutting down and abandoning module OnlineSubsystem (44)
[2018.07.13-16.10.24:534][453]LogModuleManager: Shutting down and abandoning module XMPP (43)
[2018.07.13-16.10.24:546][453]LogModuleManager: Shutting down and abandoning module HTTP (41)
[2018.07.13-16.10.24:560][453]LogHttp: Display: Http module shutting down, but needs to wait on 1 outstanding Http requests:
[2018.07.13-16.10.24:561][453]LogHttp: Display: 	verb=[POST] url=[https://datarouter.ol.epicgames.com/datarouter/api/v1/public/data?SessionID=%7B5E2DF294-4973-8AA8-EE90-E5AE42227A44%7D&AppID=UEEditor.Rocket.Release&AppVersion=4.19.2-4033788%2B%2B%2BUE4%2BRelease-4.19&UserID=531ab3bb46dc6d570e8919a9b159b127%7C5ab92ee991c446c5b0f18c9a8a0db87d%7C75b9ec88-24f5-49ea-b159-dfbc7c28fd38&AppEnvironment=datacollector-binary&UploadType=eteventstream] status=Processing
[2018.07.13-16.10.24:571][453]LogModuleManager: Shutting down and abandoning module SSL (40)
[2018.07.13-16.10.24:583][453]LogModuleManager: Shutting down and abandoning module AnimationModifiers (36)
[2018.07.13-16.10.24:594][453]LogModuleManager: Shutting down and abandoning module PropertyEditor (35)
[2018.07.13-16.10.24:605][453]LogModuleManager: Shutting down and abandoning module AudioEditor (32)
[2018.07.13-16.10.24:617][453]LogModuleManager: Shutting down and abandoning module TextureCompressor (30)
[2018.07.13-16.10.24:622][453]LogModuleManager: Shutting down and abandoning module ShaderCore (28)
[2018.07.13-16.10.24:623][453]LogModuleManager: Shutting down and abandoning module Landscape (26)
[2018.07.13-16.10.24:623][453]LogModuleManager: Shutting down and abandoning module SlateRHIRenderer (24)
[2018.07.13-16.10.24:636][453]LogModuleManager: Shutting down and abandoning module OpenGLDrv (22)
[2018.07.13-16.10.24:650][453]LogModuleManager: Shutting down and abandoning module D3D11RHI (20)
[2018.07.13-16.10.24:650][453]LogModuleManager: Shutting down and abandoning module AnimGraphRuntime (18)
[2018.07.13-16.10.24:650][453]LogModuleManager: Shutting down and abandoning module Renderer (16)
[2018.07.13-16.10.24:650][453]LogModuleManager: Shutting down and abandoning module Engine (14)
[2018.07.13-16.10.24:650][453]LogModuleManager: Shutting down and abandoning module CoreUObject (12)
[2018.07.13-16.10.24:650][453]LogModuleManager: Shutting down and abandoning module NetworkFile (10)
[2018.07.13-16.10.24:655][453]LogModuleManager: Shutting down and abandoning module CookedIterativeFile (8)
[2018.07.13-16.10.24:655][453]LogModuleManager: Shutting down and abandoning module StreamingFile (6)
[2018.07.13-16.10.24:661][453]LogModuleManager: Shutting down and abandoning module SandboxFile (4)
[2018.07.13-16.10.24:670][453]LogModuleManager: Shutting down and abandoning module PakFile (2)
[2018.07.13-16.10.24:715][453]LogExit: Exiting.
[2018.07.13-16.10.24:760][453]Log file closed, 07/13/18 18:10:24
