Log file open, 06/14/18 20:48:22
LogWindows: Failed to load 'aqProf.dll' (GetLastError=126)
LogWindows: File 'aqProf.dll' does not exist
LogWindows: Failed to load 'VtuneApi.dll' (GetLastError=126)
LogWindows: File 'VtuneApi.dll' does not exist
LogWindows: Failed to load 'VtuneApi32e.dll' (GetLastError=126)
LogWindows: File 'VtuneApi32e.dll' does not exist
LogInit: Display: Running engine for game: FPS
LogPlatformFile: Not using cached read wrapper
LogInit: Display: RandInit(-2008957563) SRandInit(-2008957563).
LogInit: Read version file with build ID '3944462'
LogInit: Overriding engine version to CL 4033788, compatible CL 3944462
LogInit: Registered custom module enumerator with build ID '3944462'
LogTaskGraph: Started task graph with 5 named threads and 23 total threads with 3 sets of task threads.
LogStats: Stats thread started at 0.344741
LogD3D11RHI: Aftermath initialized
LogICUInternationalization: Display: ICU TimeZone Detection - Raw Offset: +1:00, Platform Override: ''
LogPluginManager: Mounting plugin Paper2D
LogPluginManager: Mounting plugin LiveLink
LogPluginManager: Mounting plugin LightPropagationVolume
LogPluginManager: Mounting plugin CLionSourceCodeAccess
LogPluginManager: Mounting plugin CodeLiteSourceCodeAccess
LogPluginManager: Mounting plugin GitSourceControl
LogPluginManager: Mounting plugin KDevelopSourceCodeAccess
LogPluginManager: Mounting plugin NullSourceCodeAccess
LogPluginManager: Mounting plugin PerforceSourceControl
LogPluginManager: Mounting plugin SubversionSourceControl
LogPluginManager: Mounting plugin UObjectPlugin
LogPluginManager: Mounting plugin VisualStudioCodeSourceCodeAccess
LogPluginManager: Mounting plugin VisualStudioSourceCodeAccess
LogPluginManager: Mounting plugin XCodeSourceCodeAccess
LogPluginManager: Mounting plugin AssetManagerEditor
LogPluginManager: Mounting plugin CryptoKeys
LogPluginManager: Mounting plugin DataValidation
LogPluginManager: Mounting plugin FacialAnimation
LogPluginManager: Mounting plugin GameplayTagsEditor
LogPluginManager: Mounting plugin MobileLauncherProfileWizard
LogPluginManager: Mounting plugin PluginBrowser
LogPluginManager: Mounting plugin SpeedTreeImporter
LogPluginManager: Mounting plugin DatasmithContent
LogPluginManager: Mounting plugin AlembicImporter
LogPluginManager: Mounting plugin CharacterAI
LogPluginManager: Mounting plugin HTML5Networking
LogPluginManager: Mounting plugin AndroidMedia
LogPluginManager: Mounting plugin AvfMedia
LogPluginManager: Mounting plugin ImgMedia
LogPluginManager: Mounting plugin LinearTimecode
LogPluginManager: Mounting plugin MediaCompositing
LogPluginManager: Mounting plugin MediaPlayerEditor
LogPluginManager: Mounting plugin WmfMedia
LogPluginManager: Mounting plugin TcpMessaging
LogPluginManager: Mounting plugin UdpMessaging
LogPluginManager: Mounting plugin ActorSequence
LogPluginManager: Mounting plugin LevelSequenceEditor
LogPluginManager: Mounting plugin MatineeToLevelSequence
LogPluginManager: Mounting plugin NetcodeUnitTest
LogPluginManager: Mounting plugin NUTUnrealEngine4
LogPluginManager: Mounting plugin OnlineSubsystemGooglePlay
LogPluginManager: Mounting plugin OnlineSubsystemIOS
LogPluginManager: Mounting plugin OnlineSubsystem
LogPluginManager: Mounting plugin OnlineSubsystemNull
LogPluginManager: Mounting plugin OnlineSubsystemUtils
LogPluginManager: Mounting plugin AndroidDeviceProfileSelector
LogPluginManager: Mounting plugin AndroidMoviePlayer
LogPluginManager: Mounting plugin AndroidPermission
LogPluginManager: Mounting plugin AppleARKit
LogPluginManager: Mounting plugin AppleMoviePlayer
LogPluginManager: Mounting plugin ArchVisCharacter
LogPluginManager: Mounting plugin AudioCapture
LogPluginManager: Mounting plugin CableComponent
LogPluginManager: Mounting plugin CustomMeshComponent
LogPluginManager: Mounting plugin ExampleDeviceProfileSelector
LogPluginManager: Mounting plugin GoogleCloudMessaging
LogPluginManager: Mounting plugin ImmediatePhysics
LogPluginManager: Mounting plugin IOSDeviceProfileSelector
LogPluginManager: Mounting plugin LinuxDeviceProfileSelector
LogPluginManager: Mounting plugin LocationServicesBPLibrary
LogPluginManager: Mounting plugin MobilePatchingUtils
LogPluginManager: Mounting plugin OculusVR
LogPluginManager: Plugin shader directory ../../../Engine/Plugins/Runtime/Oculus/OculusVR/Shaders found
LogPluginManager: Mapping shader source directory ../../../Engine/Plugins/Runtime/Oculus/OculusVR/Shaders to virtual directory /Plugin/OculusVR
LogPluginManager: Mounting plugin PhysXVehicles
LogPluginManager: Mounting plugin ProceduralMeshComponent
LogPluginManager: Mounting plugin RuntimePhysXCooking
LogPluginManager: Mounting plugin SteamVR
LogPluginManager: Mounting plugin WindowsMoviePlayer
LogPluginManager: Mounting plugin CoverPointGenerator
LogStreaming: Display: Took  0.079s to configure plugins.
LogModuleManager: Display: Found up-to-date module file ../../../../../../../Projects/FPS/FPS/Binaries/Win64/UE4Editor-FPS.dll (API version 3944462).
LogModuleManager: Display: Found up-to-date module file ../../../Engine/Plugins/2D/Paper2D/Binaries/Win64/UE4Editor-Paper2D.dll (API version 3944462).
LogModuleManager: Display: Found up-to-date module file ../../../Engine/Plugins/2D/Paper2D/Binaries/Win64/UE4Editor-Paper2DEditor.dll (API version 3944462).
LogModuleManager: Display: Found up-to-date module file ../../../Engine/Plugins/2D/Paper2D/Binaries/Win64/UE4Editor-PaperSpriteSheetImporter.dll (API version 3944462).
LogModuleManager: Display: Found up-to-date module file ../../../Engine/Plugins/2D/Paper2D/Binaries/Win64/UE4Editor-PaperTiledImporter.dll (API version 3944462).
LogModuleManager: Display: Found up-to-date module file ../../../Engine/Plugins/2D/Paper2D/Binaries/Win64/UE4Editor-SmartSnapping.dll (API version 3944462).
LogModuleManager: Display: Found up-to-date module file ../../../Engine/Plugins/Animation/LiveLink/Binaries/Win64/UE4Editor-LiveLink.dll (API version 3944462).
LogModuleManager: Display: Found up-to-date module file ../../../Engine/Plugins/Animation/LiveLink/Binaries/Win64/UE4Editor-LiveLinkEditor.dll (API version 3944462).
LogModuleManager: Display: Found up-to-date module file ../../../Engine/Plugins/Blendables/LightPropagationVolume/Binaries/Win64/UE4Editor-LightPropagationVolumeRuntime.dll (API version 3944462).
LogModuleManager: Display: Found up-to-date module file ../../../Engine/Plugins/Blendables/LightPropagationVolume/Binaries/Win64/UE4Editor-LightPropagationVolumeEditor.dll (API version 3944462).
LogModuleManager: Display: Found up-to-date module file ../../../Engine/Plugins/Developer/CLionSourceCodeAccess/Binaries/Win64/UE4Editor-CLionSourceCodeAccess.dll (API version 3944462).
LogModuleManager: Display: Found up-to-date module file ../../../Engine/Plugins/Developer/GitSourceControl/Binaries/Win64/UE4Editor-GitSourceControl.dll (API version 3944462).
LogModuleManager: Display: Found up-to-date module file ../../../Engine/Plugins/Developer/PerforceSourceControl/Binaries/Win64/UE4Editor-PerforceSourceControl.dll (API version 3944462).
LogModuleManager: Display: Found up-to-date module file ../../../Engine/Plugins/Developer/SubversionSourceControl/Binaries/Win64/UE4Editor-SubversionSourceControl.dll (API version 3944462).
LogModuleManager: Display: Found up-to-date module file ../../../Engine/Plugins/Developer/UObjectPlugin/Binaries/Win64/UE4Editor-UObjectPlugin.dll (API version 3944462).
LogModuleManager: Display: Found up-to-date module file ../../../Engine/Plugins/Developer/VisualStudioCodeSourceCodeAccess/Binaries/Win64/UE4Editor-VisualStudioCodeSourceCodeAccess.dll (API version 3944462).
LogModuleManager: Display: Found up-to-date module file ../../../Engine/Plugins/Developer/VisualStudioSourceCodeAccess/Binaries/Win64/UE4Editor-VisualStudioSourceCodeAccess.dll (API version 3944462).
LogModuleManager: Display: Found up-to-date module file ../../../Engine/Plugins/Editor/AssetManagerEditor/Binaries/Win64/UE4Editor-AssetManagerEditor.dll (API version 3944462).
LogModuleManager: Display: Found up-to-date module file ../../../Engine/Plugins/Editor/CryptoKeys/Binaries/Win64/UE4Editor-CryptoKeys.dll (API version 3944462).
LogModuleManager: Display: Found up-to-date module file ../../../Engine/Plugins/Editor/CryptoKeys/Binaries/Win64/UE4Editor-CryptoKeysOpenSSL.dll (API version 3944462).
LogModuleManager: Display: Found up-to-date module file ../../../Engine/Plugins/Editor/DataValidation/Binaries/Win64/UE4Editor-DataValidation.dll (API version 3944462).
LogModuleManager: Display: Found up-to-date module file ../../../Engine/Plugins/Editor/FacialAnimation/Binaries/Win64/UE4Editor-FacialAnimation.dll (API version 3944462).
LogModuleManager: Display: Found up-to-date module file ../../../Engine/Plugins/Editor/FacialAnimation/Binaries/Win64/UE4Editor-FacialAnimationEditor.dll (API version 3944462).
LogModuleManager: Display: Found up-to-date module file ../../../Engine/Plugins/Editor/GameplayTagsEditor/Binaries/Win64/UE4Editor-GameplayTagsEditor.dll (API version 3944462).
LogModuleManager: Display: Found up-to-date module file ../../../Engine/Plugins/Editor/MobileLauncherProfileWizard/Binaries/Win64/UE4Editor-MobileLauncherProfileWizard.dll (API version 3944462).
LogModuleManager: Display: Found up-to-date module file ../../../Engine/Plugins/Editor/PluginBrowser/Binaries/Win64/UE4Editor-PluginBrowser.dll (API version 3944462).
LogModuleManager: Display: Found up-to-date module file ../../../Engine/Plugins/Editor/SpeedTreeImporter/Binaries/Win64/UE4Editor-SpeedTreeImporter.dll (API version 3944462).
LogModuleManager: Display: Found up-to-date module file ../../../Engine/Plugins/Enterprise/DatasmithContent/Binaries/Win64/UE4Editor-DatasmithContent.dll (API version 3944462).
LogModuleManager: Display: Found up-to-date module file ../../../Engine/Plugins/Experimental/AlembicImporter/Binaries/Win64/UE4Editor-AlembicImporter.dll (API version 3944462).
LogModuleManager: Display: Found up-to-date module file ../../../Engine/Plugins/Experimental/AlembicImporter/Binaries/Win64/UE4Editor-AlembicLibrary.dll (API version 3944462).
LogModuleManager: Display: Found up-to-date module file ../../../Engine/Plugins/Experimental/CharacterAI/Binaries/Win64/UE4Editor-CharacterAI.dll (API version 3944462).
LogModuleManager: Display: Found up-to-date module file ../../../Engine/Plugins/Experimental/HTML5Networking/Binaries/Win64/UE4Editor-HTML5Networking.dll (API version 3944462).
LogModuleManager: Display: Found up-to-date module file ../../../Engine/Plugins/Media/AndroidMedia/Binaries/Win64/UE4Editor-AndroidMediaEditor.dll (API version 3944462).
LogModuleManager: Display: Found up-to-date module file ../../../Engine/Plugins/Media/AndroidMedia/Binaries/Win64/UE4Editor-AndroidMediaFactory.dll (API version 3944462).
LogModuleManager: Display: Found up-to-date module file ../../../Engine/Plugins/Media/AvfMedia/Binaries/Win64/UE4Editor-AvfMediaEditor.dll (API version 3944462).
LogModuleManager: Display: Found up-to-date module file ../../../Engine/Plugins/Media/AvfMedia/Binaries/Win64/UE4Editor-AvfMediaFactory.dll (API version 3944462).
LogModuleManager: Display: Found up-to-date module file ../../../Engine/Plugins/Media/AvfMedia/Binaries/Win64/UE4Editor-AvfMediaFactory.dll (API version 3944462).
LogModuleManager: Display: Found up-to-date module file ../../../Engine/Plugins/Media/ImgMedia/Binaries/Win64/UE4Editor-ImgMedia.dll (API version 3944462).
LogModuleManager: Display: Found up-to-date module file ../../../Engine/Plugins/Media/ImgMedia/Binaries/Win64/UE4Editor-ImgMediaEditor.dll (API version 3944462).
LogModuleManager: Display: Found up-to-date module file ../../../Engine/Plugins/Media/ImgMedia/Binaries/Win64/UE4Editor-ImgMediaFactory.dll (API version 3944462).
LogModuleManager: Display: Found up-to-date module file ../../../Engine/Plugins/Media/ImgMedia/Binaries/Win64/UE4Editor-ImgMediaFactory.dll (API version 3944462).
LogModuleManager: Display: Found up-to-date module file ../../../Engine/Plugins/Media/ImgMedia/Binaries/Win64/UE4Editor-OpenExrWrapper.dll (API version 3944462).
LogModuleManager: Display: Found up-to-date module file ../../../Engine/Plugins/Media/LinearTimecode/Binaries/Win64/UE4Editor-LinearTimecode.dll (API version 3944462).
LogModuleManager: Display: Found up-to-date module file ../../../Engine/Plugins/Media/MediaCompositing/Binaries/Win64/UE4Editor-MediaCompositing.dll (API version 3944462).
LogModuleManager: Display: Found up-to-date module file ../../../Engine/Plugins/Media/MediaCompositing/Binaries/Win64/UE4Editor-MediaCompositingEditor.dll (API version 3944462).
LogModuleManager: Display: Found up-to-date module file ../../../Engine/Plugins/Media/MediaPlayerEditor/Binaries/Win64/UE4Editor-MediaPlayerEditor.dll (API version 3944462).
LogModuleManager: Display: Found up-to-date module file ../../../Engine/Plugins/Media/WmfMedia/Binaries/Win64/UE4Editor-WmfMedia.dll (API version 3944462).
LogModuleManager: Display: Found up-to-date module file ../../../Engine/Plugins/Media/WmfMedia/Binaries/Win64/UE4Editor-WmfMediaEditor.dll (API version 3944462).
LogModuleManager: Display: Found up-to-date module file ../../../Engine/Plugins/Media/WmfMedia/Binaries/Win64/UE4Editor-WmfMediaFactory.dll (API version 3944462).
LogModuleManager: Display: Found up-to-date module file ../../../Engine/Plugins/Media/WmfMedia/Binaries/Win64/UE4Editor-WmfMediaFactory.dll (API version 3944462).
LogModuleManager: Display: Found up-to-date module file ../../../Engine/Plugins/Messaging/TcpMessaging/Binaries/Win64/UE4Editor-TcpMessaging.dll (API version 3944462).
LogModuleManager: Display: Found up-to-date module file ../../../Engine/Plugins/Messaging/UdpMessaging/Binaries/Win64/UE4Editor-UdpMessaging.dll (API version 3944462).
LogModuleManager: Display: Found up-to-date module file ../../../Engine/Plugins/MovieScene/ActorSequence/Binaries/Win64/UE4Editor-ActorSequence.dll (API version 3944462).
LogModuleManager: Display: Found up-to-date module file ../../../Engine/Plugins/MovieScene/LevelSequenceEditor/Binaries/Win64/UE4Editor-LevelSequenceEditor.dll (API version 3944462).
LogModuleManager: Display: Found up-to-date module file ../../../Engine/Plugins/MovieScene/MatineeToLevelSequence/Binaries/Win64/UE4Editor-MatineeToLevelSequence.dll (API version 3944462).
LogModuleManager: Display: Found up-to-date module file ../../../Engine/Plugins/NetcodeUnitTest/NetcodeUnitTest/Binaries/Win64/UE4Editor-NetcodeUnitTest.dll (API version 3944462).
LogModuleManager: Display: Found up-to-date module file ../../../Engine/Plugins/NetcodeUnitTest/NUTUnrealEngine4/Binaries/Win64/UE4Editor-NUTUnrealEngine4.dll (API version 3944462).
LogModuleManager: Display: Found up-to-date module file ../../../Engine/Plugins/Online/OnlineSubsystem/Binaries/Win64/UE4Editor-OnlineSubsystem.dll (API version 3944462).
LogModuleManager: Display: Found up-to-date module file ../../../Engine/Plugins/Online/OnlineSubsystemNull/Binaries/Win64/UE4Editor-OnlineSubsystemNull.dll (API version 3944462).
LogModuleManager: Display: Found up-to-date module file ../../../Engine/Plugins/Online/OnlineSubsystemUtils/Binaries/Win64/UE4Editor-OnlineSubsystemUtils.dll (API version 3944462).
LogModuleManager: Display: Found up-to-date module file ../../../Engine/Plugins/Online/OnlineSubsystemUtils/Binaries/Win64/UE4Editor-OnlineBlueprintSupport.dll (API version 3944462).
LogModuleManager: Display: Found up-to-date module file ../../../Engine/Plugins/Runtime/AndroidDeviceProfileSelector/Binaries/Win64/UE4Editor-AndroidDeviceProfileSelector.dll (API version 3944462).
LogModuleManager: Display: Found up-to-date module file ../../../Engine/Plugins/Runtime/AndroidPermission/Binaries/Win64/UE4Editor-AndroidPermission.dll (API version 3944462).
LogModuleManager: Display: Found up-to-date module file ../../../Engine/Plugins/Runtime/AppleARKit/Binaries/Win64/UE4Editor-AppleARKit.dll (API version 3944462).
LogModuleManager: Display: Found up-to-date module file ../../../Engine/Plugins/Runtime/ArchVisCharacter/Binaries/Win64/UE4Editor-ArchVisCharacter.dll (API version 3944462).
LogModuleManager: Display: Found up-to-date module file ../../../Engine/Plugins/Runtime/AudioCapture/Binaries/Win64/UE4Editor-AudioCapture.dll (API version 3944462).
LogModuleManager: Display: Found up-to-date module file ../../../Engine/Plugins/Runtime/AudioCapture/Binaries/Win64/UE4Editor-AudioCaptureEditor.dll (API version 3944462).
LogModuleManager: Display: Found up-to-date module file ../../../Engine/Plugins/Runtime/CableComponent/Binaries/Win64/UE4Editor-CableComponent.dll (API version 3944462).
LogModuleManager: Display: Found up-to-date module file ../../../Engine/Plugins/Runtime/CustomMeshComponent/Binaries/Win64/UE4Editor-CustomMeshComponent.dll (API version 3944462).
LogModuleManager: Display: Found up-to-date module file ../../../Engine/Plugins/Runtime/ExampleDeviceProfileSelector/Binaries/Win64/UE4Editor-ExampleDeviceProfileSelector.dll (API version 3944462).
LogModuleManager: Display: Found up-to-date module file ../../../Engine/Plugins/Runtime/ImmediatePhysics/Binaries/Win64/UE4Editor-ImmediatePhysics.dll (API version 3944462).
LogModuleManager: Display: Found up-to-date module file ../../../Engine/Plugins/Runtime/ImmediatePhysics/Binaries/Win64/UE4Editor-ImmediatePhysicsEditor.dll (API version 3944462).
LogModuleManager: Display: Found up-to-date module file ../../../Engine/Plugins/Runtime/LocationServicesBPLibrary/Binaries/Win64/UE4Editor-LocationServicesBPLibrary.dll (API version 3944462).
LogModuleManager: Display: Found up-to-date module file ../../../Engine/Plugins/Runtime/MobilePatchingUtils/Binaries/Win64/UE4Editor-MobilePatchingUtils.dll (API version 3944462).
LogModuleManager: Display: Found up-to-date module file ../../../Engine/Plugins/Runtime/Oculus/OculusVR/Binaries/Win64/UE4Editor-OculusHMD.dll (API version 3944462).
LogModuleManager: Display: Found up-to-date module file ../../../Engine/Plugins/Runtime/Oculus/OculusVR/Binaries/Win64/UE4Editor-OculusInput.dll (API version 3944462).
LogModuleManager: Display: Found up-to-date module file ../../../Engine/Plugins/Runtime/Oculus/OculusVR/Binaries/Win64/UE4Editor-OculusEditor.dll (API version 3944462).
LogModuleManager: Display: Found up-to-date module file ../../../Engine/Plugins/Runtime/PhysXVehicles/Binaries/Win64/UE4Editor-PhysXVehicles.dll (API version 3944462).
LogModuleManager: Display: Found up-to-date module file ../../../Engine/Plugins/Runtime/PhysXVehicles/Binaries/Win64/UE4Editor-PhysXVehiclesEditor.dll (API version 3944462).
LogModuleManager: Display: Found up-to-date module file ../../../Engine/Plugins/Runtime/ProceduralMeshComponent/Binaries/Win64/UE4Editor-ProceduralMeshComponent.dll (API version 3944462).
LogModuleManager: Display: Found up-to-date module file ../../../Engine/Plugins/Runtime/ProceduralMeshComponent/Binaries/Win64/UE4Editor-ProceduralMeshComponentEditor.dll (API version 3944462).
LogModuleManager: Display: Found up-to-date module file ../../../Engine/Plugins/Runtime/RuntimePhysXCooking/Binaries/Win64/UE4Editor-RuntimePhysXCooking.dll (API version 3944462).
LogModuleManager: Display: Found up-to-date module file ../../../Engine/Plugins/Runtime/Steam/SteamVR/Binaries/Win64/UE4Editor-SteamVR.dll (API version 3944462).
LogModuleManager: Display: Found up-to-date module file ../../../Engine/Plugins/Runtime/Steam/SteamVR/Binaries/Win64/UE4Editor-SteamVRController.dll (API version 3944462).
LogModuleManager: Display: Found up-to-date module file ../../../Engine/Plugins/Runtime/WindowsMoviePlayer/Binaries/Win64/UE4Editor-WindowsMoviePlayer.dll (API version 3944462).
LogModuleManager: Display: Found up-to-date module file ../../../../../../../Projects/FPS/FPS/Plugins/CoverPointGenerator/Binaries/Win64/UE4Editor-CoverPointGenerator.dll (API version 3944462).
LogInit: Using libcurl 7.47.1
LogInit:  - built for x86_64-pc-win32
LogInit:  - supports SSL with OpenSSL/1.0.2g
LogInit:  - supports HTTP deflate (compression) using libz 1.2.8
LogInit:  - other features:
LogInit:      CURL_VERSION_SSL
LogInit:      CURL_VERSION_LIBZ
LogInit:      CURL_VERSION_IPV6
LogInit:      CURL_VERSION_ASYNCHDNS
LogInit:      CURL_VERSION_LARGEFILE
LogInit:      CURL_VERSION_IDN
LogInit:  CurlRequestOptions (configurable via config and command line):
LogInit:  - bVerifyPeer = false  - Libcurl will NOT verify peer certificate
LogInit:  - bUseHttpProxy = false  - Libcurl will NOT use HTTP proxy
LogInit:  - bDontReuseConnections = false  - Libcurl will reuse connections
LogInit:  - CertBundlePath = nullptr  - Libcurl will use whatever was configured at build time.
LogInit:  - MaxHostConnections = 16  - Libcurl will limit the number of connections to a host
LogInit:  - LocalHostAddr = Default
LogInit: WinSock: version 1.1 (2.2), MaxSocks=32767, MaxUdp=65467
LogInit: WinSock: I am DESKTOP-27ERO04 (192.168.178.101:0)
LogInit: Build: ++UE4+Release-4.19-CL-4033788
LogInit: Engine Version: 4.19.2-4033788+++UE4+Release-4.19
LogInit: Compatible Engine Version: 4.19.0-3944462+++UE4+Release-4.19
LogInit: Net CL: 3944462
LogDevObjectVersion: Number of dev versions registered: 18
LogDevObjectVersion:   Dev-Blueprints (B0D832E4-1F89-4F0D-ACCF-7EB736FD4AA2): 10
LogDevObjectVersion:   Dev-Build (E1C64328-A22C-4D53-A36C-8E866417BD8C): 0
LogDevObjectVersion:   Dev-Core (375EC13C-06E4-48FB-B500-84F0262A717E): 2
LogDevObjectVersion:   Dev-Editor (E4B068ED-F494-42E9-A231-DA0B2E46BB41): 23
LogDevObjectVersion:   Dev-Framework (CFFC743F-43B0-4480-9391-14DF171D2073): 33
LogDevObjectVersion:   Dev-Mobile (B02B49B5-BB20-44E9-A304-32B752E40360): 2
LogDevObjectVersion:   Dev-Networking (A4E4105C-59A1-49B5-A7C5-40C4547EDFEE): 0
LogDevObjectVersion:   Dev-Online (39C831C9-5AE6-47DC-9A44-9C173E1C8E7C): 0
LogDevObjectVersion:   Dev-Physics (78F01B33-EBEA-4F98-B9B4-84EACCB95AA2): 0
LogDevObjectVersion:   Dev-Platform (6631380F-2D4D-43E0-8009-CF276956A95A): 0
LogDevObjectVersion:   Dev-Rendering (12F88B9F-8875-4AFC-A67C-D90C383ABD29): 25
LogDevObjectVersion:   Dev-Sequencer (7B5AE74C-D270-4C10-A958-57980B212A5A): 6
LogDevObjectVersion:   Dev-VR (D7296918-1DD6-4BDD-9DE2-64A83CC13884): 1
LogDevObjectVersion:   Dev-LoadTimes (C2A15278-BFE7-4AFE-6C17-90FF531DF755): 1
LogDevObjectVersion:   Private-Geometry (6EACA3D4-40EC-4CC1-B786-8BED09428FC5): 2
LogDevObjectVersion:   Dev-AnimPhys (29E575DD-E0A3-4627-9D10-D276232CDCEA): 16
LogDevObjectVersion:   Dev-ReflectionCapture (6B266CEC-1EC7-4B8F-A30B-E4D90942FC07): 1
LogDevObjectVersion:   Dev-Automation (0DF73D61-A23F-47EA-B727-89E90C41499A): 1
LogInit: Compiled (64-bit): Apr 27 2018 02:06:57
LogInit: Compiled with Visual C++: 19.00.24215.01
LogInit: Build Configuration: Development
LogInit: Branch Name: ++UE4+Release-4.19
LogInit: Command Line:  -skipcompile
LogInit: Base Directory: E:/Game Engines/Epic Games/4.19/UE_4.19/Engine/Binaries/Win64/
LogInit: Installed Engine Build: 1
LogStreaming: Display: Took  0.002s to delete old logs.
LogInit: Presizing for max 8388607 objects, including 0 objects not considered by GC, pre-allocating 0 bytes for permanent pool.
LogInit: Object subsystem initialized
[2018.06.14-18.48.23:699][  0]LogInit: Selected Device Profile: [Windows]
[2018.06.14-18.48.23:699][  0]LogInit: Applying CVar settings loaded from the selected device profile: [Windows]
[2018.06.14-18.48.23:713][  0]LogInit: Computer: DESKTOP-27ERO04
[2018.06.14-18.48.23:713][  0]LogInit: User: TomColdenhoff
[2018.06.14-18.48.23:713][  0]LogInit: CPU Page size=4096, Cores=4
[2018.06.14-18.48.23:713][  0]LogInit: High frequency timer resolution =3.319355 MHz
[2018.06.14-18.48.23:714][  0]LogMemory: Memory total: Physical=11.9GB (12GB approx)
[2018.06.14-18.48.23:714][  0]LogMemory: Platform Memory Stats for Windows
[2018.06.14-18.48.23:714][  0]LogMemory: Process Physical Memory: 275.49 MB used, 275.49 MB peak
[2018.06.14-18.48.23:714][  0]LogMemory: Process Virtual Memory: 264.77 MB used, 264.77 MB peak
[2018.06.14-18.48.23:714][  0]LogMemory: Physical Memory: 6978.08 MB used,  5229.36 MB free, 12207.44 MB total
[2018.06.14-18.48.23:714][  0]LogMemory: Virtual Memory: 4789.34 MB used,  5229.36 MB free, 134217728.00 MB total
[2018.06.14-18.48.23:750][  0]LogInit: Using OS detected language (en-US).
[2018.06.14-18.48.23:750][  0]LogInit: Using OS detected locale (en-US).
[2018.06.14-18.48.23:752][  0]LogTextLocalizationManager: No specific localization for 'en-US' exists, so the 'en' localization will be used.
[2018.06.14-18.48.24:167][  0]LogStreaming: Display: Took  0.417s to EndInitTextLocalization.
[2018.06.14-18.48.24:167][  0]LogInit: Setting process to per monitor DPI aware
[2018.06.14-18.48.24:190][  0]LogSlate: New Slate User Created.  User Index 0, Is Virtual User: 0
[2018.06.14-18.48.24:190][  0]LogSlate: Slate User Registered.  User Index 0, Is Virtual User: 0
[2018.06.14-18.48.24:370][  0]LogD3D11RHI: D3D11 adapters:
[2018.06.14-18.48.24:432][  0]LogD3D11RHI:    0. 'NVIDIA GeForce GTX 970' (Feature Level 11_0)
[2018.06.14-18.48.24:432][  0]LogD3D11RHI:       4043/0/6103 MB DedicatedVideo/DedicatedSystem/SharedSystem, Outputs:2, VendorId:0x10de
[2018.06.14-18.48.24:436][  0]LogD3D11RHI:    1. 'Microsoft Basic Render Driver' (Feature Level 11_0)
[2018.06.14-18.48.24:436][  0]LogD3D11RHI:       0/0/6103 MB DedicatedVideo/DedicatedSystem/SharedSystem, Outputs:0, VendorId:0x1414
[2018.06.14-18.48.24:436][  0]LogD3D11RHI: Chosen D3D11 Adapter: 0
[2018.06.14-18.48.24:445][  0]LogD3D11RHI: Creating new Direct3DDevice
[2018.06.14-18.48.24:445][  0]LogD3D11RHI:     GPU DeviceId: 0x13c2 (for the marketing name, search the web for "GPU Device Id")
[2018.06.14-18.48.24:445][  0]LogWindows: EnumDisplayDevices:
[2018.06.14-18.48.24:445][  0]LogWindows:    0. 'NVIDIA GeForce GTX 970' (P:1 D:1)
[2018.06.14-18.48.24:446][  0]LogWindows:    1. 'NVIDIA GeForce GTX 970' (P:0 D:1)
[2018.06.14-18.48.24:446][  0]LogWindows:    2. 'NVIDIA GeForce GTX 970' (P:0 D:0)
[2018.06.14-18.48.24:446][  0]LogWindows:    3. 'NVIDIA GeForce GTX 970' (P:0 D:0)
[2018.06.14-18.48.24:446][  0]LogWindows: DebugString: GetVideoDriverDetailsInvalid PrimaryIsNotTheChoosenAdapter GetVideoDriverDetailsInvalid PrimaryIsNotTheChoosenAdapter GetVideoDriverDetailsInvalid PrimaryIsNotTheChoosenAdapter GetVideoDriverDetailsInvalid PrimaryIsNotTheChoosenAdapter FoundDriverCount:0 
[2018.06.14-18.48.24:446][  0]LogD3D11RHI:     Adapter Name: NVIDIA GeForce GTX 970
[2018.06.14-18.48.24:446][  0]LogD3D11RHI:   Driver Version: Unknown (internal:Unknown, unified:Unknown)
[2018.06.14-18.48.24:446][  0]LogD3D11RHI:      Driver Date: Unknown
[2018.06.14-18.48.24:446][  0]LogRHI: Texture pool is 2830 MB (70% of 4043 MB)
[2018.06.14-18.48.24:485][  0]LogD3D11RHI: [Aftermath] Aftermath enabled and primed
[2018.06.14-18.48.24:485][  0]LogD3D11RHI: [Aftermath] Aftermath enabled and primed
[2018.06.14-18.48.24:485][  0]LogD3D11RHI: Async texture creation enabled
[2018.06.14-18.48.24:563][  0]LogD3D11RHI: GPU Timing Frequency: 1000.000000 (Debug: 2 2)
[2018.06.14-18.48.24:613][  0]LogShaderCompilers: Guid format shader working directory is 16 characters bigger than the processId version (../../../../../../../Projects/FPS/FPS/Intermediate/Shaders/WorkingDirectory/10600/).
[2018.06.14-18.48.24:613][  0]LogShaderCompilers: Cleaned the shader compiler working directory 'C:/Users/TomColdenhoff/AppData/Local/Temp/UnrealShaderWorkingDir/EE93C6D74D024029CBB715A79B2C60E1/'.
[2018.06.14-18.48.24:798][  0]LogTemp: Display: Loaded TP AllDesktopTargetPlatform
[2018.06.14-18.48.24:813][  0]LogTemp: Display: Loaded TP MacClientTargetPlatform
[2018.06.14-18.48.24:827][  0]LogTemp: Display: Loaded TP MacNoEditorTargetPlatform
[2018.06.14-18.48.24:841][  0]LogTemp: Display: Loaded TP MacServerTargetPlatform
[2018.06.14-18.48.24:857][  0]LogTemp: Display: Loaded TP MacTargetPlatform
[2018.06.14-18.48.24:871][  0]LogTemp: Display: Loaded TP WindowsClientTargetPlatform
[2018.06.14-18.48.24:889][  0]LogTemp: Display: Loaded TP WindowsNoEditorTargetPlatform
[2018.06.14-18.48.24:908][  0]LogTemp: Display: Loaded TP WindowsServerTargetPlatform
[2018.06.14-18.48.24:915][  0]LogTemp: Display: Loaded TP WindowsTargetPlatform
[2018.06.14-18.48.24:929][  0]LogTemp: Display: Loaded TP Android_ASTCTargetPlatform
[2018.06.14-18.48.24:945][  0]LogTemp: Display: Loaded TP Android_ATCTargetPlatform
[2018.06.14-18.48.24:959][  0]LogTemp: Display: Loaded TP Android_DXTTargetPlatform
[2018.06.14-18.48.24:974][  0]LogTemp: Display: Loaded TP Android_ETC1aTargetPlatform
[2018.06.14-18.48.24:989][  0]LogTemp: Display: Loaded TP Android_ETC1TargetPlatform
[2018.06.14-18.48.25:005][  0]LogTemp: Display: Loaded TP Android_ETC2TargetPlatform
[2018.06.14-18.48.25:034][  0]LogTemp: Display: Loaded TP Android_MultiTargetPlatform
[2018.06.14-18.48.25:034][  0]LogTemp: Display: Loaded TP Android_PVRTCTargetPlatform
[2018.06.14-18.48.25:053][  0]LogTemp: Display: Loaded TP AndroidTargetPlatform
[2018.06.14-18.48.25:055][  0]LogTemp: Display: Loaded TP HTML5TargetPlatform
[2018.06.14-18.48.25:100][  0]LogTemp: Display: Loaded TP IOSTargetPlatform
[2018.06.14-18.48.25:114][  0]LogTemp: Display: Loaded TP TVOSTargetPlatform
[2018.06.14-18.48.25:129][  0]LogTemp: Display: Loaded TP LinuxClientTargetPlatform
[2018.06.14-18.48.25:142][  0]LogTemp: Display: Loaded TP LinuxNoEditorTargetPlatform
[2018.06.14-18.48.25:157][  0]LogTemp: Display: Loaded TP LinuxServerTargetPlatform
[2018.06.14-18.48.25:171][  0]LogTemp: Display: Loaded TP LinuxTargetPlatform
[2018.06.14-18.48.25:171][  0]LogTargetPlatformManager: Display: Building Assets For Windows
[2018.06.14-18.48.25:294][  0]LogXGEController: Cleaning working directory: C:/Users/TomColdenhoff/AppData/Local/Temp/UnrealXGEWorkingDir/
[2018.06.14-18.48.25:294][  0]LogXGEController: Cannot use XGE Controller as Incredibuild is not installed on this machine.
[2018.06.14-18.48.25:295][  0]LogShaderCompilers: Cannot use XGE Shader Compiler as Incredibuild is not installed on this machine.
[2018.06.14-18.48.25:295][  0]LogShaderCompilers: Display: Using Local Shader Compiler.
[2018.06.14-18.48.25:951][  0]LogDerivedDataCache: Display: Max Cache Size: 512 MB
[2018.06.14-18.48.26:027][  0]LogDerivedDataCache: Loaded boot cache 0.08s 80MB C:/Users/TomColdenhoff/AppData/Local/UnrealEngine/4.19/DerivedDataCache/Boot.ddc.
[2018.06.14-18.48.26:027][  0]LogDerivedDataCache: Display: Loaded Boot cache: C:/Users/TomColdenhoff/AppData/Local/UnrealEngine/4.19/DerivedDataCache/Boot.ddc
[2018.06.14-18.48.26:027][  0]LogDerivedDataCache: FDerivedDataBackendGraph:  Pak pak cache file ../../../../../../../Projects/FPS/FPS/DerivedDataCache/DDC.ddp not found, will not use a pak cache.
[2018.06.14-18.48.26:027][  0]LogDerivedDataCache: Unable to find inner node Pak for hierarchical cache Hierarchy.
[2018.06.14-18.48.26:027][  0]LogDerivedDataCache: FDerivedDataBackendGraph:  CompressedPak pak cache file ../../../../../../../Projects/FPS/FPS/DerivedDataCache/Compressed.ddp not found, will not use a pak cache.
[2018.06.14-18.48.26:027][  0]LogDerivedDataCache: Unable to find inner node CompressedPak for hierarchical cache Hierarchy.
[2018.06.14-18.48.26:043][  0]LogDerivedDataCache: Display: Pak cache opened for reading ../../../Engine/DerivedDataCache/Compressed.ddp.
[2018.06.14-18.48.26:056][  0]LogDerivedDataCache: Using Local data cache path C:/Users/TomColdenhoff/AppData/Local/UnrealEngine/Common/DerivedDataCache: Writable
[2018.06.14-18.48.26:056][  0]LogDerivedDataCache: Shared data cache path not found in *engine.ini, will not use an Shared cache.
[2018.06.14-18.48.26:056][  0]LogDerivedDataCache: Unable to find inner node Shared for hierarchical cache Hierarchy.
[2018.06.14-18.48.26:068][  0]LogMaterial: Verifying Global Shaders for PCD3D_SM5
[2018.06.14-18.48.26:069][  0]LogSlate: Using Freetype 2.6.0
[2018.06.14-18.48.26:070][  0]LogSlate: SlateFontCache - WITH_FREETYPE: 1, WITH_HARFBUZZ: 1
[2018.06.14-18.48.26:070][  0]LogSlate: SlateFontCache - WITH_FREETYPE: 1, WITH_HARFBUZZ: 1
[2018.06.14-18.48.26:176][  0]LogAssetRegistry: FAssetRegistry took 0.0283 seconds to start up
[2018.06.14-18.48.26:494][  0]LogInit: Selected Device Profile: [Windows]
[2018.06.14-18.48.26:639][  0]LogSimplygon: Simplygon DLL not present - disabling.
[2018.06.14-18.48.26:641][  0]LogMeshReduction: Using SimplygonSwarm for distributed automatic mesh merging
[2018.06.14-18.48.26:641][  0]LogMeshReduction: Using QuadricMeshReduction for automatic static mesh reduction
[2018.06.14-18.48.26:642][  0]LogMeshReduction: No automatic skeletal mesh reduction module available
[2018.06.14-18.48.26:642][  0]LogMeshReduction: No automatic mesh merging module available
[2018.06.14-18.48.26:642][  0]LogMeshMerging: No automatic mesh merging module available
[2018.06.14-18.48.26:670][  0]LogNetVersion: FPS , NetCL: 3944462, EngineNetVer: 2, GameNetVer: 0 (Checksum: 2326512385)
[2018.06.14-18.48.27:074][  0]LogPackageLocalizationCache: Processed 9 localized package path(s) for 2 prioritized culture(s) in 0.069505 seconds
[2018.06.14-18.48.27:081][  0]LogUObjectArray: 36728 objects as part of root set at end of initial load.
[2018.06.14-18.48.27:082][  0]LogUObjectAllocator: 7314304 out of 0 bytes used by permanent object pool.
[2018.06.14-18.48.27:082][  0]LogUObjectArray: CloseDisregardForGC: 0/0 objects in disregard for GC pool
[2018.06.14-18.48.28:636][  0]LogTcpMessaging: Initializing TcpMessaging bridge
[2018.06.14-18.48.28:664][  0]LogUdpMessaging: Initializing bridge on interface 0.0.0.0:0 to multicast group 230.0.0.1:6666.
[2018.06.14-18.48.28:987][  0]LogSkeletalMesh: Skeletal Mesh found in DDC [1.039358ms] /Game/Models/Player/Arms/Arms_SMG.Arms_SMG
[2018.06.14-18.48.29:010][  0]LogUObjectGlobals: Created PersistentFrame Addr=0x00000252a87ed990, Size=80, Default__BP_SMGAnim_C Function /Game/Animations/SMG/BP_SMGAnim.BP_SMGAnim_C:ExecuteUbergraph_BP_SMGAnim
[2018.06.14-18.48.29:019][  0]LogUObjectGlobals: Destroyed PersistentFrame Addr=0x00000252a87ed990, Size=80
[2018.06.14-18.48.29:019][  0]LogUObjectGlobals: Created PersistentFrame Addr=0x00000252ab04b060, Size=80, Default__BP_SMGAnim_C Function /Engine/Transient.REINST_BP_SMGAnim_C_0:ExecuteUbergraph_BP_SMGAnim
[2018.06.14-18.48.29:031][  0]LogUObjectGlobals: Created PersistentFrame Addr=0x00000252aafa6de0, Size=80, Default__BP_SMGAnim_C Function /Game/Animations/SMG/BP_SMGAnim.BP_SMGAnim_C:ExecuteUbergraph_BP_SMGAnim
[2018.06.14-18.48.29:143][  0]SourceControl: Source control is disabled
[2018.06.14-18.48.29:143][  0]SourceControl: Source control is disabled
[2018.06.14-18.48.29:158][  0]SourceControl: Source control is disabled
[2018.06.14-18.48.29:171][  0]SourceControl: Source control is disabled
[2018.06.14-18.48.29:593][  0]LogAndroidPermission: UAndroidPermissionCallbackProxy::GetInstance
[2018.06.14-18.48.29:740][  0]LogOcInput: OculusInput pre-init called
[2018.06.14-18.48.30:702][  0]LogEngine: Initializing Engine...
[2018.06.14-18.48.30:704][  0]LogHMD: Failed to initialize OpenVR with code 110
[2018.06.14-18.48.30:705][  0]LogStats: UGameplayTagsManager::ConstructGameplayTagTree: Construct from data asset -  0.000 s
[2018.06.14-18.48.30:705][  0]LogStats: UGameplayTagsManager::ConstructGameplayTagTree: GameplayTagTreeChangedEvent.Broadcast -  0.000 s
[2018.06.14-18.48.30:906][  0]LogAIModule: Creating AISystem for world Untitled
[2018.06.14-18.48.30:931][  0]LogInit: XAudio2 using 'Speakers (Logitech G35 Headset)' : 2 channels at 44.1 kHz using 16 bits per sample (channel mask 0x3)
[2018.06.14-18.48.30:951][  0]LogInit: FAudioDevice initialized.
[2018.06.14-18.48.31:103][  0]LogDerivedDataCache: Saved boot cache 0.15s 80MB C:/Users/TomColdenhoff/AppData/Local/UnrealEngine/4.19/DerivedDataCache/Boot.ddc.
[2018.06.14-18.48.31:121][  0]LogInit: Texture streaming: Enabled
[2018.06.14-18.48.31:143][  0]LogEngineSessionManager: EngineSessionManager initialized
[2018.06.14-18.48.31:152][  0]LogInit: Transaction tracking system initialized
[2018.06.14-18.48.31:176][  0]BlueprintLog: New page: Editor Load
[2018.06.14-18.48.31:274][  0]LocalizationService: Localization service is disabled
[2018.06.14-18.48.31:386][  0]LogConsoleResponse: Display: 
[2018.06.14-18.48.31:520][  0]LogCook: Display: Max memory allowance for cook 16384mb min free memory 0mb
[2018.06.14-18.48.31:520][  0]LogCook: Display: Mobile HDR setting 1
[2018.06.14-18.48.31:520][  0]LogGameplayTags: Display: UGameplayTagsManager::DoneAddingNativeTags. DelegateIsBound: 0
[2018.06.14-18.48.31:521][  0]LogStats: UGameplayTagsManager::ConstructGameplayTagTree: Construct from data asset -  0.000 s
[2018.06.14-18.48.31:521][  0]LogStats: UGameplayTagsManager::ConstructGameplayTagTree: GameplayTagTreeChangedEvent.Broadcast -  0.000 s
[2018.06.14-18.48.31:826][  0]LogFileCache: Scanning file cache for directory 'E:/Projects/FPS/FPS/Content/' took 0.02s
[2018.06.14-18.48.31:826][  0]SourceControl: Source control is disabled
[2018.06.14-18.48.31:826][  0]Cmd: MAP LOAD FILE="../../../../../../../Projects/FPS/FPS/Content/Maps/Level1.umap" TEMPLATE=0 SHOWPROGRESS=1 FEATURELEVEL=3
[2018.06.14-18.48.31:827][  0]LightingResults: New page: Lighting Build
[2018.06.14-18.48.31:829][  0]MapCheck: New page: Map Check
[2018.06.14-18.48.31:829][  0]LightingResults: New page: Lighting Build
[2018.06.14-18.48.31:839][  0]LogUObjectGlobals: Destroyed PersistentFrame Addr=0x00000252ab04b060, Size=80
[2018.06.14-18.48.31:882][  0]LogUObjectGlobals: Created PersistentFrame Addr=0x000002528dbe6600, Size=128, Default__BP_AssaultAIAnim_C Function /Game/Animations/AI/BP_AssaultAIAnim.BP_AssaultAIAnim_C:ExecuteUbergraph_BP_AssaultAIAnim
[2018.06.14-18.48.31:904][  0]LogUObjectGlobals: Destroyed PersistentFrame Addr=0x000002528dbe6600, Size=128
[2018.06.14-18.48.31:904][  0]LogUObjectGlobals: Created PersistentFrame Addr=0x000002528cc0be80, Size=128, Default__BP_AssaultAIAnim_C Function /Engine/Transient.REINST_BP_AssaultAIAnim_C_1:ExecuteUbergraph_BP_AssaultAIAnim
[2018.06.14-18.48.31:928][  0]LogUObjectGlobals: Created PersistentFrame Addr=0x000002528cb59e00, Size=128, Default__BP_AssaultAIAnim_C Function /Game/Animations/AI/BP_AssaultAIAnim.BP_AssaultAIAnim_C:ExecuteUbergraph_BP_AssaultAIAnim
[2018.06.14-18.48.32:490][  0]LogSkeletalMesh: Skeletal Mesh found in DDC [4.185151ms] /Game/Animations/AnimStarterPack/UE4_Mannequin/Mesh/SK_Mannequin.SK_Mannequin
[2018.06.14-18.48.32:901][  0]LogAIModule: Creating AISystem for world Level1
[2018.06.14-18.48.32:932][  0]LogEditorServer: Finished looking for orphan Actors (0.000 secs)
[2018.06.14-18.48.32:952][  0]LogUObjectGlobals: Destroyed PersistentFrame Addr=0x000002528cc0be80, Size=128
[2018.06.14-18.48.32:953][  0]Cmd: MAP CHECKDEP NOCLEARLOG
[2018.06.14-18.48.33:018][  0]MapCheck: Map check complete: 0 Error(s), 0 Warning(s), took 64.645ms to complete.
[2018.06.14-18.48.33:018][  0]LogFileHelpers: Loading map 'Level1' took 1.192
[2018.06.14-18.48.33:171][  0]LogCollectionManager: Loaded 0 collections in 0.000881 seconds
[2018.06.14-18.48.33:218][  0]LogFileCache: Scanning file cache for directory 'E:/Projects/FPS/FPS/Saved/Collections/' took 0.01s
[2018.06.14-18.48.33:218][  0]LogFileCache: Scanning file cache for directory 'E:/Projects/FPS/FPS/Content/Developers/TomColdenhoff/Collections/' took 0.01s
[2018.06.14-18.48.33:218][  0]LogFileCache: Scanning file cache for directory 'E:/Projects/FPS/FPS/Content/Collections/' took 0.01s
[2018.06.14-18.48.33:218][  0]LogCollectionManager: Rebuilt the GUID cache for 0 collections in 0.000000 seconds
[2018.06.14-18.48.33:229][  0]LogContentBrowser: Native class hierarchy populated in 0.0102 seconds. Added 2475 classes and 564 folders.
[2018.06.14-18.48.33:235][  0]LogContentBrowser: Native class hierarchy updated for 'WidgetCarousel' in 0.0013 seconds. Added 0 classes and 0 folders.
[2018.06.14-18.48.33:267][  0]LogContentBrowser: Native class hierarchy updated for 'AddContentDialog' in 0.0008 seconds. Added 0 classes and 0 folders.
[2018.06.14-18.48.33:276][  0]LogContentBrowser: Native class hierarchy updated for 'SceneOutliner' in 0.0010 seconds. Added 1 classes and 2 folders.
[2018.06.14-18.48.34:341][  0]LogSlate: Only BGRA pngs, bmps or icos are supported in by External Image Picker
[2018.06.14-18.48.34:363][  0]LogSlate: Took 0.000260 seconds to synchronously load lazily loaded font '../../../Engine/Content/Slate/Fonts/Roboto-Regular.ttf' (155K)
[2018.06.14-18.48.34:366][  0]LogSlate: Took 0.000208 seconds to synchronously load lazily loaded font '../../../Engine/Content/Slate/Fonts/Roboto-Bold.ttf' (160K)
[2018.06.14-18.48.34:373][  0]LogSlate: Took 0.000240 seconds to synchronously load lazily loaded font '../../../Engine/Content/Editor/Slate/Fonts/FontAwesome.ttf' (139K)
[2018.06.14-18.48.34:466][  0]LogTemp: Executing iPhonePackager certificates Engine -bundlename com.YourCompany.FPS
[2018.06.14-18.48.34:467][  0]LogTemp: CWD: E:\Game Engines\Epic Games\4.19\UE_4.19\Engine\Binaries\DotNET\IOS
[2018.06.14-18.48.34:467][  0]LogTemp: Initial Dir: E:\Game Engines\Epic Games\4.19\UE_4.19
[2018.06.14-18.48.34:467][  0]LogTemp: Env CWD: E:\Game Engines\Epic Games\4.19\UE_4.19\Engine\Binaries\DotNET\IOS
[2018.06.14-18.48.34:467][  0]LogTemp: BranchPath = DESKTOP-27ERO04/E/Game Engines/Epic Games/4.19/UE_4.19/Engine/Binaries --- GameBranchPath = DESKTOP-27ERO04/E/Game Engines/Epic Games/4.19/UE_4.19/Engine/Binaries
[2018.06.14-18.48.34:467][  0]LogTemp: IPP ERROR: Could not find provision directory 'C:\Users\TomColdenhoff\AppData\Local/Apple Computer/MobileDevice/Provisioning Profiles/'.
[2018.06.14-18.48.34:467][  0]LogRenderer: Reallocating scene render targets to support 1136x532 Format 10 NumSamples 1 (Frame:1).
[2018.06.14-18.48.34:637][  0]LogContentBrowser: Native class hierarchy updated for 'HierarchicalLODOutliner' in 0.0009 seconds. Added 0 classes and 0 folders.
[2018.06.14-18.48.34:638][  0]LogLoad: (Engine Initialization) Total time: 13.36 seconds
[2018.06.14-18.48.34:638][  0]LogLoad: (Engine Initialization) Total Blueprint compile time: 0.00 seconds
[2018.06.14-18.48.35:013][  0]LogContentStreaming: Texture pool size now 1000 MB
[2018.06.14-18.48.35:065][  0]LogSlate: Took 0.000215 seconds to synchronously load lazily loaded font '../../../Engine/Content/Slate/Fonts/Roboto-Light.ttf' (167K)
[2018.06.14-18.48.35:654][  2]LogAssetRegistry: Asset discovery search completed in 9.5024 seconds
[2018.06.14-18.48.35:657][  2]LogCollectionManager: Rebuilt the object cache for 0 collections in 0.000000 seconds (found 0 objects)
[2018.06.14-18.48.35:657][  2]LogCollectionManager: Fixed up redirectors for 0 collections in 0.000214 seconds (updated 0 objects)
[2018.06.14-18.48.52:313][ 52]LogSlate: FSceneViewport::OnFocusLost() reason 0
[2018.06.14-18.48.52:320][ 52]LogUObjectGlobals: Created PersistentFrame Addr=0x00000252d0ee9c90, Size=104, Default__BP_InGameGUI_C Function /Game/UI/Widgets/BP_InGameGUI.BP_InGameGUI_C:ExecuteUbergraph_BP_InGameGUI
[2018.06.14-18.48.52:324][ 52]LogUObjectGlobals: Destroyed PersistentFrame Addr=0x00000252d0ee9c90, Size=104
[2018.06.14-18.48.52:324][ 52]LogUObjectGlobals: Created PersistentFrame Addr=0x00000252d0ee9c90, Size=104, Default__BP_InGameGUI_C Function /Engine/Transient.REINST_BP_InGameGUI_C_0:ExecuteUbergraph_BP_InGameGUI
[2018.06.14-18.48.52:326][ 52]LogUObjectGlobals: Created PersistentFrame Addr=0x00000252c26a9a60, Size=104, Default__BP_InGameGUI_C Function /Game/UI/Widgets/BP_InGameGUI.BP_InGameGUI_C:ExecuteUbergraph_BP_InGameGUI
[2018.06.14-18.48.52:342][ 52]LogSlate: Took 0.000209 seconds to synchronously load lazily loaded font '../../../Engine/Content/Slate/Fonts/Roboto-Light.ttf' (167K)
[2018.06.14-18.48.52:575][ 52]LogContentBrowser: Native class hierarchy updated for 'BlueprintGraph' in 0.0011 seconds. Added 116 classes and 0 folders.
[2018.06.14-18.48.52:910][ 52]LogUObjectGlobals: Created PersistentFrame Addr=0x000002530172e6c0, Size=4, Default__SKEL_PROTO_BP_AnimBlueprint_0_C Function /Engine/Transient.SKEL_PROTO_BP_AnimBlueprint_0_C:ExecuteUbergraph_PROTO_BP_AnimBlueprint_0
[2018.06.14-18.48.52:910][ 52]LogUObjectGlobals: Created PersistentFrame Addr=0x000002530172e6b8, Size=4, Default__PROTO_BP_AnimBlueprint_0_C Function /Engine/Transient.PROTO_BP_AnimBlueprint_0_C:ExecuteUbergraph_PROTO_BP_AnimBlueprint_0
[2018.06.14-18.48.55:042][175]LogSlate: Took 0.000213 seconds to synchronously load lazily loaded font '../../../Engine/Content/Slate/Fonts/Roboto-BoldCondensed.ttf' (158K)
[2018.06.14-18.48.55:641][238]LogSlate: Took 0.000312 seconds to synchronously load lazily loaded font '../../../Engine/Content/Slate/Fonts/Roboto-Italic.ttf' (157K)
[2018.06.14-18.49.16:494][717]BlueprintLog: New page: Compile BP_FPSPlayer
[2018.06.14-18.49.16:783][717]LogUObjectGlobals: Destroyed PersistentFrame Addr=0x00000252d0ee9c90, Size=104
[2018.06.14-18.49.17:290][761]Cmd: OBJ SAVEPACKAGE PACKAGE="/Game/Blueprints/BP_FPSPlayer" FILE="../../../../../../../Projects/FPS/FPS/Content/Blueprints/BP_FPSPlayer.uasset" SILENT=true
[2018.06.14-18.49.17:369][761]LogSavePackage: Save=54.80ms
[2018.06.14-18.49.17:369][761]LogSavePackage: Moving '../../../../../../../Projects/FPS/FPS/Saved/BP_FPSPlayer49D876DD416EBDAE1DDEC6829DD00A1F.tmp' to '../../../../../../../Projects/FPS/FPS/Content/Blueprints/BP_FPSPlayer.uasset'
[2018.06.14-18.49.17:384][761]LogSavePackage: Display: Finished SavePackage ../../../../../../../Projects/FPS/FPS/Content/Blueprints/BP_FPSPlayer.uasset
[2018.06.14-18.49.42:401][601]Cmd: TRANSACTION UNDO
[2018.06.14-18.49.42:401][601]LogEditorTransaction: Undo Remove Action Mapping Group
[2018.06.14-18.49.44:638][865]Cmd: TRANSACTION UNDO
[2018.06.14-18.49.44:638][865]LogEditorTransaction: Undo Rename Action Mapping
[2018.06.14-18.49.47:005][149]Cmd: TRANSACTION UNDO
[2018.06.14-18.49.47:005][149]LogEditorTransaction: Undo Add Action Mapping To Group
[2018.06.14-18.54.56:453][703]Candidate modules for hot reload:
[2018.06.14-18.54.56:453][703]  FPS
[2018.06.14-18.54.56:453][703]Launching UnrealBuildTool... [E:/Game Engines/Epic Games/4.19/UE_4.19/Engine/Binaries/DotNET/UnrealBuildTool.exe FPS -ModuleWithSuffix=FPS,8834 Win64 Development -editorrecompile -canskiplink "E:/Projects/FPS/FPS/FPS.uproject" ]
[2018.06.14-18.54.56:455][703]Warning: Starting HotReload took  0.0s.
[2018.06.14-18.55.10:312][345]LogSlate: Took 0.000161 seconds to synchronously load lazily loaded font '../../../Engine/Content/Slate/Fonts/DroidSansMono.ttf' (77K)
[2018.06.14-18.55.18:711][345]CompilerResultsLog: New page: Compilation - Jun 14, 2018, 10:55:18 PM
[2018.06.14-18.55.18:712][345]CompilerResultsLog: Using 'git status' to determine working set for adaptive non-unity build.
[2018.06.14-18.55.18:712][345]CompilerResultsLog: Creating makefile for hot reloading FPS (ini files are newer than UBTMakefile)
[2018.06.14-18.55.18:712][345]CompilerResultsLog: Compiling game modules for hot reload
[2018.06.14-18.55.18:713][345]CompilerResultsLog: Parsing headers for FPSEditor
[2018.06.14-18.55.18:713][345]CompilerResultsLog:   Running UnrealHeaderTool "E:\Projects\FPS\FPS\FPS.uproject" "E:\Projects\FPS\FPS\Intermediate\Build\Win64\FPSEditor\Development\FPSEditor.uhtmanifest" -LogCmds="loginit warning, logexit warning, logdatabase error" -Unattended -WarningsAsErrors -installed
[2018.06.14-18.55.18:713][345]CompilerResultsLog: Reflection code generated for FPSEditor in 10.2800447 seconds
[2018.06.14-18.55.18:714][345]CompilerResultsLog: Performing 5 actions (4 in parallel)
[2018.06.14-18.55.18:714][345]CompilerResultsLog: FPSPlayer.cpp
[2018.06.14-18.55.18:714][345]CompilerResultsLog: FPSPlayer.gen.cpp
[2018.06.14-18.55.18:714][345]CompilerResultsLog: Interaction.cpp
[2018.06.14-18.55.18:714][345]CompilerResultsLog: [4/5] Link UE4Editor-FPS-8834.dll
[2018.06.14-18.55.18:714][345]CompilerResultsLog: [5/5] Link UE4Editor-FPS-8834.lib
[2018.06.14-18.55.18:714][345]CompilerResultsLog:    Creating library E:\Projects\FPS\FPS\Intermediate\Build\Win64\UE4Editor\Development\UE4Editor-FPS-8834.lib and object E:\Projects\FPS\FPS\Intermediate\Build\Win64\UE4Editor\Development\UE4Editor-FPS-8834.exp
[2018.06.14-18.55.18:715][345]CompilerResultsLog:    Creating library E:\Projects\FPS\FPS\Intermediate\Build\Win64\UE4Editor\Development\UE4Editor-FPS-8834.suppressed.lib and object E:\Projects\FPS\FPS\Intermediate\Build\Win64\UE4Editor\Development\UE4Editor-FPS-8834.suppressed.exp
[2018.06.14-18.55.18:715][345]CompilerResultsLog: Total build time: 22.05 seconds (Local executor: 6.75 seconds)
[2018.06.14-18.55.18:716][345]LogMainFrame: MainFrame: Module compiling took 22.268 seconds
[2018.06.14-18.55.18:814][345]LogHotReload: Re-instancing CoverPoint after hot-reload.
[2018.06.14-18.55.21:090][345]LogContentBrowser: Native class hierarchy updated for 'FPS' in 0.0010 seconds. Added 23 classes and 6 folders.
[2018.06.14-18.55.21:094][345]Display: HotReload successful (7 functions remapped  0 scriptstructs remapped)
[2018.06.14-18.55.21:479][345]LogContentBrowser: Native class hierarchy populated in 0.0098 seconds. Added 2476 classes and 566 folders.
[2018.06.14-18.55.21:479][345]Display: HotReload took 25.0s.
[2018.06.14-18.55.24:019][647]LogTemp: Repeating last play command: Selected Viewport
[2018.06.14-18.55.24:044][647]LogPlayLevel: PlayLevel: No blueprints needed recompiling
[2018.06.14-18.55.24:044][647]PIE: New page: PIE session: Level1 (Jun 14, 2018, 10:55:24 PM)
[2018.06.14-18.55.24:044][647]LogPlayLevel: Creating play world package: /Game/Maps/UEDPIE_0_Level1
[2018.06.14-18.55.24:063][647]LogPlayLevel: PIE: StaticDuplicateObject took: (0.018302s)
[2018.06.14-18.55.24:064][647]LogAIModule: Creating AISystem for world Level1
[2018.06.14-18.55.24:065][647]LogPlayLevel: PIE: World Init took: (0.001300s)
[2018.06.14-18.55.24:065][647]LogPlayLevel: PIE: Created PIE world by copying editor world from /Game/Maps/Level1.Level1 to /Game/Maps/UEDPIE_0_Level1.Level1 (0.020479s)
[2018.06.14-18.55.24:119][647]LogInit: XAudio2 using 'Speakers (Logitech G35 Headset)' : 2 channels at 44.1 kHz using 16 bits per sample (channel mask 0x3)
[2018.06.14-18.55.24:129][647]LogInit: FAudioDevice initialized.
[2018.06.14-18.55.24:188][647]LogLoad: Game class is 'BP_FPSGameModeBase_C'
[2018.06.14-18.55.24:199][647]LogWorld: Bringing World /Game/Maps/UEDPIE_0_Level1.Level1 up for play (max tick rate 0) at 2018.06.14-20.55.24
[2018.06.14-18.55.24:200][647]LogWorld: Bringing up level for play took: 0.010532
