Log file open, 06/15/18 11:24:19
LogWindows: Failed to load 'aqProf.dll' (GetLastError=126)
LogWindows: File 'aqProf.dll' does not exist
LogWindows: Failed to load 'VtuneApi.dll' (GetLastError=126)
LogWindows: File 'VtuneApi.dll' does not exist
LogWindows: Failed to load 'VtuneApi32e.dll' (GetLastError=126)
LogWindows: File 'VtuneApi32e.dll' does not exist
LogInit: Display: Running engine for game: FPS
LogPlatformFile: Not using cached read wrapper
LogInit: Display: RandInit(-1297865982) SRandInit(-1297865981).
LogInit: Read version file with build ID '3944462'
LogInit: Overriding engine version to CL 4033788, compatible CL 3944462
LogInit: Registered custom module enumerator with build ID '3944462'
LogTaskGraph: Started task graph with 5 named threads and 23 total threads with 3 sets of task threads.
LogStats: Stats thread started at 0.388966
LogD3D11RHI: Aftermath initialized
LogICUInternationalization: Display: ICU TimeZone Detection - Raw Offset: +1:00, Platform Override: ''
LogPluginManager: Mounting plugin Paper2D
LogPluginManager: Mounting plugin LiveLink
LogPluginManager: Mounting plugin LightPropagationVolume
LogPluginManager: Mounting plugin CLionSourceCodeAccess
LogPluginManager: Mounting plugin CodeLiteSourceCodeAccess
LogPluginManager: Mounting plugin GitSourceControl
LogPluginManager: Mounting plugin KDevelopSourceCodeAccess
LogPluginManager: Mounting plugin NullSourceCodeAccess
LogPluginManager: Mounting plugin PerforceSourceControl
LogPluginManager: Mounting plugin SubversionSourceControl
LogPluginManager: Mounting plugin UObjectPlugin
LogPluginManager: Mounting plugin VisualStudioCodeSourceCodeAccess
LogPluginManager: Mounting plugin VisualStudioSourceCodeAccess
LogPluginManager: Mounting plugin XCodeSourceCodeAccess
LogPluginManager: Mounting plugin AssetManagerEditor
LogPluginManager: Mounting plugin CryptoKeys
LogPluginManager: Mounting plugin DataValidation
LogPluginManager: Mounting plugin FacialAnimation
LogPluginManager: Mounting plugin GameplayTagsEditor
LogPluginManager: Mounting plugin MobileLauncherProfileWizard
LogPluginManager: Mounting plugin PluginBrowser
LogPluginManager: Mounting plugin SpeedTreeImporter
LogPluginManager: Mounting plugin DatasmithContent
LogPluginManager: Mounting plugin AlembicImporter
LogPluginManager: Mounting plugin CharacterAI
LogPluginManager: Mounting plugin HTML5Networking
LogPluginManager: Mounting plugin AndroidMedia
LogPluginManager: Mounting plugin AvfMedia
LogPluginManager: Mounting plugin ImgMedia
LogPluginManager: Mounting plugin LinearTimecode
LogPluginManager: Mounting plugin MediaCompositing
LogPluginManager: Mounting plugin MediaPlayerEditor
LogPluginManager: Mounting plugin WmfMedia
LogPluginManager: Mounting plugin TcpMessaging
LogPluginManager: Mounting plugin UdpMessaging
LogPluginManager: Mounting plugin ActorSequence
LogPluginManager: Mounting plugin LevelSequenceEditor
LogPluginManager: Mounting plugin MatineeToLevelSequence
LogPluginManager: Mounting plugin NetcodeUnitTest
LogPluginManager: Mounting plugin NUTUnrealEngine4
LogPluginManager: Mounting plugin OnlineSubsystemGooglePlay
LogPluginManager: Mounting plugin OnlineSubsystemIOS
LogPluginManager: Mounting plugin OnlineSubsystem
LogPluginManager: Mounting plugin OnlineSubsystemNull
LogPluginManager: Mounting plugin OnlineSubsystemUtils
LogPluginManager: Mounting plugin AndroidDeviceProfileSelector
LogPluginManager: Mounting plugin AndroidMoviePlayer
LogPluginManager: Mounting plugin AndroidPermission
LogPluginManager: Mounting plugin AppleARKit
LogPluginManager: Mounting plugin AppleMoviePlayer
LogPluginManager: Mounting plugin ArchVisCharacter
LogPluginManager: Mounting plugin AudioCapture
LogPluginManager: Mounting plugin CableComponent
LogPluginManager: Mounting plugin CustomMeshComponent
LogPluginManager: Mounting plugin ExampleDeviceProfileSelector
LogPluginManager: Mounting plugin GoogleCloudMessaging
LogPluginManager: Mounting plugin ImmediatePhysics
LogPluginManager: Mounting plugin IOSDeviceProfileSelector
LogPluginManager: Mounting plugin LinuxDeviceProfileSelector
LogPluginManager: Mounting plugin LocationServicesBPLibrary
LogPluginManager: Mounting plugin MobilePatchingUtils
LogPluginManager: Mounting plugin OculusVR
LogPluginManager: Plugin shader directory ../../../Engine/Plugins/Runtime/Oculus/OculusVR/Shaders found
LogPluginManager: Mapping shader source directory ../../../Engine/Plugins/Runtime/Oculus/OculusVR/Shaders to virtual directory /Plugin/OculusVR
LogPluginManager: Mounting plugin PhysXVehicles
LogPluginManager: Mounting plugin ProceduralMeshComponent
LogPluginManager: Mounting plugin RuntimePhysXCooking
LogPluginManager: Mounting plugin SteamVR
LogPluginManager: Mounting plugin WindowsMoviePlayer
LogPluginManager: Mounting plugin CoverPointGenerator
LogStreaming: Display: Took  0.103s to configure plugins.
LogModuleManager: Display: Found up-to-date module file ../../../../../SpareTime/Unreal/FPS/FPS/Binaries/Win64/UE4Editor-FPS.dll (API version 3944462).
LogModuleManager: Display: Found up-to-date module file ../../../Engine/Plugins/2D/Paper2D/Binaries/Win64/UE4Editor-Paper2D.dll (API version 3944462).
LogModuleManager: Display: Found up-to-date module file ../../../Engine/Plugins/2D/Paper2D/Binaries/Win64/UE4Editor-Paper2DEditor.dll (API version 3944462).
LogModuleManager: Display: Found up-to-date module file ../../../Engine/Plugins/2D/Paper2D/Binaries/Win64/UE4Editor-PaperSpriteSheetImporter.dll (API version 3944462).
LogModuleManager: Display: Found up-to-date module file ../../../Engine/Plugins/2D/Paper2D/Binaries/Win64/UE4Editor-PaperTiledImporter.dll (API version 3944462).
LogModuleManager: Display: Found up-to-date module file ../../../Engine/Plugins/2D/Paper2D/Binaries/Win64/UE4Editor-SmartSnapping.dll (API version 3944462).
LogModuleManager: Display: Found up-to-date module file ../../../Engine/Plugins/Animation/LiveLink/Binaries/Win64/UE4Editor-LiveLink.dll (API version 3944462).
LogModuleManager: Display: Found up-to-date module file ../../../Engine/Plugins/Animation/LiveLink/Binaries/Win64/UE4Editor-LiveLinkEditor.dll (API version 3944462).
LogModuleManager: Display: Found up-to-date module file ../../../Engine/Plugins/Blendables/LightPropagationVolume/Binaries/Win64/UE4Editor-LightPropagationVolumeRuntime.dll (API version 3944462).
LogModuleManager: Display: Found up-to-date module file ../../../Engine/Plugins/Blendables/LightPropagationVolume/Binaries/Win64/UE4Editor-LightPropagationVolumeEditor.dll (API version 3944462).
LogModuleManager: Display: Found up-to-date module file ../../../Engine/Plugins/Developer/CLionSourceCodeAccess/Binaries/Win64/UE4Editor-CLionSourceCodeAccess.dll (API version 3944462).
LogModuleManager: Display: Found up-to-date module file ../../../Engine/Plugins/Developer/GitSourceControl/Binaries/Win64/UE4Editor-GitSourceControl.dll (API version 3944462).
LogModuleManager: Display: Found up-to-date module file ../../../Engine/Plugins/Developer/PerforceSourceControl/Binaries/Win64/UE4Editor-PerforceSourceControl.dll (API version 3944462).
LogModuleManager: Display: Found up-to-date module file ../../../Engine/Plugins/Developer/SubversionSourceControl/Binaries/Win64/UE4Editor-SubversionSourceControl.dll (API version 3944462).
LogModuleManager: Display: Found up-to-date module file ../../../Engine/Plugins/Developer/UObjectPlugin/Binaries/Win64/UE4Editor-UObjectPlugin.dll (API version 3944462).
LogModuleManager: Display: Found up-to-date module file ../../../Engine/Plugins/Developer/VisualStudioCodeSourceCodeAccess/Binaries/Win64/UE4Editor-VisualStudioCodeSourceCodeAccess.dll (API version 3944462).
LogModuleManager: Display: Found up-to-date module file ../../../Engine/Plugins/Developer/VisualStudioSourceCodeAccess/Binaries/Win64/UE4Editor-VisualStudioSourceCodeAccess.dll (API version 3944462).
LogModuleManager: Display: Found up-to-date module file ../../../Engine/Plugins/Editor/AssetManagerEditor/Binaries/Win64/UE4Editor-AssetManagerEditor.dll (API version 3944462).
LogModuleManager: Display: Found up-to-date module file ../../../Engine/Plugins/Editor/CryptoKeys/Binaries/Win64/UE4Editor-CryptoKeys.dll (API version 3944462).
LogModuleManager: Display: Found up-to-date module file ../../../Engine/Plugins/Editor/CryptoKeys/Binaries/Win64/UE4Editor-CryptoKeysOpenSSL.dll (API version 3944462).
LogModuleManager: Display: Found up-to-date module file ../../../Engine/Plugins/Editor/DataValidation/Binaries/Win64/UE4Editor-DataValidation.dll (API version 3944462).
LogModuleManager: Display: Found up-to-date module file ../../../Engine/Plugins/Editor/FacialAnimation/Binaries/Win64/UE4Editor-FacialAnimation.dll (API version 3944462).
LogModuleManager: Display: Found up-to-date module file ../../../Engine/Plugins/Editor/FacialAnimation/Binaries/Win64/UE4Editor-FacialAnimationEditor.dll (API version 3944462).
LogModuleManager: Display: Found up-to-date module file ../../../Engine/Plugins/Editor/GameplayTagsEditor/Binaries/Win64/UE4Editor-GameplayTagsEditor.dll (API version 3944462).
LogModuleManager: Display: Found up-to-date module file ../../../Engine/Plugins/Editor/MobileLauncherProfileWizard/Binaries/Win64/UE4Editor-MobileLauncherProfileWizard.dll (API version 3944462).
LogModuleManager: Display: Found up-to-date module file ../../../Engine/Plugins/Editor/PluginBrowser/Binaries/Win64/UE4Editor-PluginBrowser.dll (API version 3944462).
LogModuleManager: Display: Found up-to-date module file ../../../Engine/Plugins/Editor/SpeedTreeImporter/Binaries/Win64/UE4Editor-SpeedTreeImporter.dll (API version 3944462).
LogModuleManager: Display: Found up-to-date module file ../../../Engine/Plugins/Enterprise/DatasmithContent/Binaries/Win64/UE4Editor-DatasmithContent.dll (API version 3944462).
LogModuleManager: Display: Found up-to-date module file ../../../Engine/Plugins/Experimental/AlembicImporter/Binaries/Win64/UE4Editor-AlembicImporter.dll (API version 3944462).
LogModuleManager: Display: Found up-to-date module file ../../../Engine/Plugins/Experimental/AlembicImporter/Binaries/Win64/UE4Editor-AlembicLibrary.dll (API version 3944462).
LogModuleManager: Display: Found up-to-date module file ../../../Engine/Plugins/Experimental/CharacterAI/Binaries/Win64/UE4Editor-CharacterAI.dll (API version 3944462).
LogModuleManager: Display: Found up-to-date module file ../../../Engine/Plugins/Experimental/HTML5Networking/Binaries/Win64/UE4Editor-HTML5Networking.dll (API version 3944462).
LogModuleManager: Display: Found up-to-date module file ../../../Engine/Plugins/Media/AndroidMedia/Binaries/Win64/UE4Editor-AndroidMediaEditor.dll (API version 3944462).
LogModuleManager: Display: Found up-to-date module file ../../../Engine/Plugins/Media/AndroidMedia/Binaries/Win64/UE4Editor-AndroidMediaFactory.dll (API version 3944462).
LogModuleManager: Display: Found up-to-date module file ../../../Engine/Plugins/Media/AvfMedia/Binaries/Win64/UE4Editor-AvfMediaEditor.dll (API version 3944462).
LogModuleManager: Display: Found up-to-date module file ../../../Engine/Plugins/Media/AvfMedia/Binaries/Win64/UE4Editor-AvfMediaFactory.dll (API version 3944462).
LogModuleManager: Display: Found up-to-date module file ../../../Engine/Plugins/Media/AvfMedia/Binaries/Win64/UE4Editor-AvfMediaFactory.dll (API version 3944462).
LogModuleManager: Display: Found up-to-date module file ../../../Engine/Plugins/Media/ImgMedia/Binaries/Win64/UE4Editor-ImgMedia.dll (API version 3944462).
LogModuleManager: Display: Found up-to-date module file ../../../Engine/Plugins/Media/ImgMedia/Binaries/Win64/UE4Editor-ImgMediaEditor.dll (API version 3944462).
LogModuleManager: Display: Found up-to-date module file ../../../Engine/Plugins/Media/ImgMedia/Binaries/Win64/UE4Editor-ImgMediaFactory.dll (API version 3944462).
LogModuleManager: Display: Found up-to-date module file ../../../Engine/Plugins/Media/ImgMedia/Binaries/Win64/UE4Editor-ImgMediaFactory.dll (API version 3944462).
LogModuleManager: Display: Found up-to-date module file ../../../Engine/Plugins/Media/ImgMedia/Binaries/Win64/UE4Editor-OpenExrWrapper.dll (API version 3944462).
LogModuleManager: Display: Found up-to-date module file ../../../Engine/Plugins/Media/LinearTimecode/Binaries/Win64/UE4Editor-LinearTimecode.dll (API version 3944462).
LogModuleManager: Display: Found up-to-date module file ../../../Engine/Plugins/Media/MediaCompositing/Binaries/Win64/UE4Editor-MediaCompositing.dll (API version 3944462).
LogModuleManager: Display: Found up-to-date module file ../../../Engine/Plugins/Media/MediaCompositing/Binaries/Win64/UE4Editor-MediaCompositingEditor.dll (API version 3944462).
LogModuleManager: Display: Found up-to-date module file ../../../Engine/Plugins/Media/MediaPlayerEditor/Binaries/Win64/UE4Editor-MediaPlayerEditor.dll (API version 3944462).
LogModuleManager: Display: Found up-to-date module file ../../../Engine/Plugins/Media/WmfMedia/Binaries/Win64/UE4Editor-WmfMedia.dll (API version 3944462).
LogModuleManager: Display: Found up-to-date module file ../../../Engine/Plugins/Media/WmfMedia/Binaries/Win64/UE4Editor-WmfMediaEditor.dll (API version 3944462).
LogModuleManager: Display: Found up-to-date module file ../../../Engine/Plugins/Media/WmfMedia/Binaries/Win64/UE4Editor-WmfMediaFactory.dll (API version 3944462).
LogModuleManager: Display: Found up-to-date module file ../../../Engine/Plugins/Media/WmfMedia/Binaries/Win64/UE4Editor-WmfMediaFactory.dll (API version 3944462).
LogModuleManager: Display: Found up-to-date module file ../../../Engine/Plugins/Messaging/TcpMessaging/Binaries/Win64/UE4Editor-TcpMessaging.dll (API version 3944462).
LogModuleManager: Display: Found up-to-date module file ../../../Engine/Plugins/Messaging/UdpMessaging/Binaries/Win64/UE4Editor-UdpMessaging.dll (API version 3944462).
LogModuleManager: Display: Found up-to-date module file ../../../Engine/Plugins/MovieScene/ActorSequence/Binaries/Win64/UE4Editor-ActorSequence.dll (API version 3944462).
LogModuleManager: Display: Found up-to-date module file ../../../Engine/Plugins/MovieScene/LevelSequenceEditor/Binaries/Win64/UE4Editor-LevelSequenceEditor.dll (API version 3944462).
LogModuleManager: Display: Found up-to-date module file ../../../Engine/Plugins/MovieScene/MatineeToLevelSequence/Binaries/Win64/UE4Editor-MatineeToLevelSequence.dll (API version 3944462).
LogModuleManager: Display: Found up-to-date module file ../../../Engine/Plugins/NetcodeUnitTest/NetcodeUnitTest/Binaries/Win64/UE4Editor-NetcodeUnitTest.dll (API version 3944462).
LogModuleManager: Display: Found up-to-date module file ../../../Engine/Plugins/NetcodeUnitTest/NUTUnrealEngine4/Binaries/Win64/UE4Editor-NUTUnrealEngine4.dll (API version 3944462).
LogModuleManager: Display: Found up-to-date module file ../../../Engine/Plugins/Online/OnlineSubsystem/Binaries/Win64/UE4Editor-OnlineSubsystem.dll (API version 3944462).
LogModuleManager: Display: Found up-to-date module file ../../../Engine/Plugins/Online/OnlineSubsystemNull/Binaries/Win64/UE4Editor-OnlineSubsystemNull.dll (API version 3944462).
LogModuleManager: Display: Found up-to-date module file ../../../Engine/Plugins/Online/OnlineSubsystemUtils/Binaries/Win64/UE4Editor-OnlineSubsystemUtils.dll (API version 3944462).
LogModuleManager: Display: Found up-to-date module file ../../../Engine/Plugins/Online/OnlineSubsystemUtils/Binaries/Win64/UE4Editor-OnlineBlueprintSupport.dll (API version 3944462).
LogModuleManager: Display: Found up-to-date module file ../../../Engine/Plugins/Runtime/AndroidDeviceProfileSelector/Binaries/Win64/UE4Editor-AndroidDeviceProfileSelector.dll (API version 3944462).
LogModuleManager: Display: Found up-to-date module file ../../../Engine/Plugins/Runtime/AndroidPermission/Binaries/Win64/UE4Editor-AndroidPermission.dll (API version 3944462).
LogModuleManager: Display: Found up-to-date module file ../../../Engine/Plugins/Runtime/AppleARKit/Binaries/Win64/UE4Editor-AppleARKit.dll (API version 3944462).
LogModuleManager: Display: Found up-to-date module file ../../../Engine/Plugins/Runtime/ArchVisCharacter/Binaries/Win64/UE4Editor-ArchVisCharacter.dll (API version 3944462).
LogModuleManager: Display: Found up-to-date module file ../../../Engine/Plugins/Runtime/AudioCapture/Binaries/Win64/UE4Editor-AudioCapture.dll (API version 3944462).
LogModuleManager: Display: Found up-to-date module file ../../../Engine/Plugins/Runtime/AudioCapture/Binaries/Win64/UE4Editor-AudioCaptureEditor.dll (API version 3944462).
LogModuleManager: Display: Found up-to-date module file ../../../Engine/Plugins/Runtime/CableComponent/Binaries/Win64/UE4Editor-CableComponent.dll (API version 3944462).
LogModuleManager: Display: Found up-to-date module file ../../../Engine/Plugins/Runtime/CustomMeshComponent/Binaries/Win64/UE4Editor-CustomMeshComponent.dll (API version 3944462).
LogModuleManager: Display: Found up-to-date module file ../../../Engine/Plugins/Runtime/ExampleDeviceProfileSelector/Binaries/Win64/UE4Editor-ExampleDeviceProfileSelector.dll (API version 3944462).
LogModuleManager: Display: Found up-to-date module file ../../../Engine/Plugins/Runtime/ImmediatePhysics/Binaries/Win64/UE4Editor-ImmediatePhysics.dll (API version 3944462).
LogModuleManager: Display: Found up-to-date module file ../../../Engine/Plugins/Runtime/ImmediatePhysics/Binaries/Win64/UE4Editor-ImmediatePhysicsEditor.dll (API version 3944462).
LogModuleManager: Display: Found up-to-date module file ../../../Engine/Plugins/Runtime/LocationServicesBPLibrary/Binaries/Win64/UE4Editor-LocationServicesBPLibrary.dll (API version 3944462).
LogModuleManager: Display: Found up-to-date module file ../../../Engine/Plugins/Runtime/MobilePatchingUtils/Binaries/Win64/UE4Editor-MobilePatchingUtils.dll (API version 3944462).
LogModuleManager: Display: Found up-to-date module file ../../../Engine/Plugins/Runtime/Oculus/OculusVR/Binaries/Win64/UE4Editor-OculusHMD.dll (API version 3944462).
LogModuleManager: Display: Found up-to-date module file ../../../Engine/Plugins/Runtime/Oculus/OculusVR/Binaries/Win64/UE4Editor-OculusInput.dll (API version 3944462).
LogModuleManager: Display: Found up-to-date module file ../../../Engine/Plugins/Runtime/Oculus/OculusVR/Binaries/Win64/UE4Editor-OculusEditor.dll (API version 3944462).
LogModuleManager: Display: Found up-to-date module file ../../../Engine/Plugins/Runtime/PhysXVehicles/Binaries/Win64/UE4Editor-PhysXVehicles.dll (API version 3944462).
LogModuleManager: Display: Found up-to-date module file ../../../Engine/Plugins/Runtime/PhysXVehicles/Binaries/Win64/UE4Editor-PhysXVehiclesEditor.dll (API version 3944462).
LogModuleManager: Display: Found up-to-date module file ../../../Engine/Plugins/Runtime/ProceduralMeshComponent/Binaries/Win64/UE4Editor-ProceduralMeshComponent.dll (API version 3944462).
LogModuleManager: Display: Found up-to-date module file ../../../Engine/Plugins/Runtime/ProceduralMeshComponent/Binaries/Win64/UE4Editor-ProceduralMeshComponentEditor.dll (API version 3944462).
LogModuleManager: Display: Found up-to-date module file ../../../Engine/Plugins/Runtime/RuntimePhysXCooking/Binaries/Win64/UE4Editor-RuntimePhysXCooking.dll (API version 3944462).
LogModuleManager: Display: Found up-to-date module file ../../../Engine/Plugins/Runtime/Steam/SteamVR/Binaries/Win64/UE4Editor-SteamVR.dll (API version 3944462).
LogModuleManager: Display: Found up-to-date module file ../../../Engine/Plugins/Runtime/Steam/SteamVR/Binaries/Win64/UE4Editor-SteamVRController.dll (API version 3944462).
LogModuleManager: Display: Found up-to-date module file ../../../Engine/Plugins/Runtime/WindowsMoviePlayer/Binaries/Win64/UE4Editor-WindowsMoviePlayer.dll (API version 3944462).
LogModuleManager: Display: Found up-to-date module file ../../../../../SpareTime/Unreal/FPS/FPS/Plugins/CoverPointGenerator/Binaries/Win64/UE4Editor-CoverPointGenerator.dll (API version 3944462).
LogInit: Using libcurl 7.47.1
LogInit:  - built for x86_64-pc-win32
LogInit:  - supports SSL with OpenSSL/1.0.2g
LogInit:  - supports HTTP deflate (compression) using libz 1.2.8
LogInit:  - other features:
LogInit:      CURL_VERSION_SSL
LogInit:      CURL_VERSION_LIBZ
LogInit:      CURL_VERSION_IPV6
LogInit:      CURL_VERSION_ASYNCHDNS
LogInit:      CURL_VERSION_LARGEFILE
LogInit:      CURL_VERSION_IDN
LogInit:  CurlRequestOptions (configurable via config and command line):
LogInit:  - bVerifyPeer = false  - Libcurl will NOT verify peer certificate
LogInit:  - bUseHttpProxy = false  - Libcurl will NOT use HTTP proxy
LogInit:  - bDontReuseConnections = false  - Libcurl will reuse connections
LogInit:  - CertBundlePath = nullptr  - Libcurl will use whatever was configured at build time.
LogInit:  - MaxHostConnections = 16  - Libcurl will limit the number of connections to a host
LogInit:  - LocalHostAddr = Default
LogInit: WinSock: version 1.1 (2.2), MaxSocks=32767, MaxUdp=65467
LogInit: WinSock: I am Tom-Laptop (10.52.88.121:0)
LogInit: Build: ++UE4+Release-4.19-CL-4033788
LogInit: Engine Version: 4.19.2-4033788+++UE4+Release-4.19
LogInit: Compatible Engine Version: 4.19.0-3944462+++UE4+Release-4.19
LogInit: Net CL: 3944462
LogDevObjectVersion: Number of dev versions registered: 18
LogDevObjectVersion:   Dev-Blueprints (B0D832E4-1F89-4F0D-ACCF-7EB736FD4AA2): 10
LogDevObjectVersion:   Dev-Build (E1C64328-A22C-4D53-A36C-8E866417BD8C): 0
LogDevObjectVersion:   Dev-Core (375EC13C-06E4-48FB-B500-84F0262A717E): 2
LogDevObjectVersion:   Dev-Editor (E4B068ED-F494-42E9-A231-DA0B2E46BB41): 23
LogDevObjectVersion:   Dev-Framework (CFFC743F-43B0-4480-9391-14DF171D2073): 33
LogDevObjectVersion:   Dev-Mobile (B02B49B5-BB20-44E9-A304-32B752E40360): 2
LogDevObjectVersion:   Dev-Networking (A4E4105C-59A1-49B5-A7C5-40C4547EDFEE): 0
LogDevObjectVersion:   Dev-Online (39C831C9-5AE6-47DC-9A44-9C173E1C8E7C): 0
LogDevObjectVersion:   Dev-Physics (78F01B33-EBEA-4F98-B9B4-84EACCB95AA2): 0
LogDevObjectVersion:   Dev-Platform (6631380F-2D4D-43E0-8009-CF276956A95A): 0
LogDevObjectVersion:   Dev-Rendering (12F88B9F-8875-4AFC-A67C-D90C383ABD29): 25
LogDevObjectVersion:   Dev-Sequencer (7B5AE74C-D270-4C10-A958-57980B212A5A): 6
LogDevObjectVersion:   Dev-VR (D7296918-1DD6-4BDD-9DE2-64A83CC13884): 1
LogDevObjectVersion:   Dev-LoadTimes (C2A15278-BFE7-4AFE-6C17-90FF531DF755): 1
LogDevObjectVersion:   Private-Geometry (6EACA3D4-40EC-4CC1-B786-8BED09428FC5): 2
LogDevObjectVersion:   Dev-AnimPhys (29E575DD-E0A3-4627-9D10-D276232CDCEA): 16
LogDevObjectVersion:   Dev-ReflectionCapture (6B266CEC-1EC7-4B8F-A30B-E4D90942FC07): 1
LogDevObjectVersion:   Dev-Automation (0DF73D61-A23F-47EA-B727-89E90C41499A): 1
LogInit: Compiled (64-bit): Apr 27 2018 02:06:57
LogInit: Compiled with Visual C++: 19.00.24215.01
LogInit: Build Configuration: Development
LogInit: Branch Name: ++UE4+Release-4.19
LogInit: Command Line:  -skipcompile
LogInit: Base Directory: D:/Epic Games/UE_4.19/Engine/Binaries/Win64/
LogInit: Installed Engine Build: 1
LogStreaming: Display: Took  0.001s to delete old logs.
LogInit: Presizing for max 8388607 objects, including 0 objects not considered by GC, pre-allocating 0 bytes for permanent pool.
LogInit: Object subsystem initialized
[2018.06.15-09.24.21:313][  0]LogInit: Selected Device Profile: [Windows]
[2018.06.15-09.24.21:313][  0]LogInit: Applying CVar settings loaded from the selected device profile: [Windows]
[2018.06.15-09.24.21:326][  0]LogInit: Computer: TOM-LAPTOP
[2018.06.15-09.24.21:326][  0]LogInit: User: tomco
[2018.06.15-09.24.21:326][  0]LogInit: CPU Page size=4096, Cores=4
[2018.06.15-09.24.21:326][  0]LogInit: High frequency timer resolution =2.531253 MHz
[2018.06.15-09.24.21:327][  0]LogMemory: Memory total: Physical=7.9GB (8GB approx)
[2018.06.15-09.24.21:327][  0]LogMemory: Platform Memory Stats for Windows
[2018.06.15-09.24.21:327][  0]LogMemory: Process Physical Memory: 275.62 MB used, 275.62 MB peak
[2018.06.15-09.24.21:327][  0]LogMemory: Process Virtual Memory: 264.89 MB used, 264.89 MB peak
[2018.06.15-09.24.21:327][  0]LogMemory: Physical Memory: 5096.94 MB used,  2993.59 MB free, 8090.52 MB total
[2018.06.15-09.24.21:327][  0]LogMemory: Virtual Memory: 4794.24 MB used,  2993.59 MB free, 134217728.00 MB total
[2018.06.15-09.24.21:392][  0]LogInit: Using OS detected language (en-US).
[2018.06.15-09.24.21:392][  0]LogInit: Using OS detected locale (en-US).
[2018.06.15-09.24.21:396][  0]LogTextLocalizationManager: No specific localization for 'en-US' exists, so the 'en' localization will be used.
[2018.06.15-09.24.21:872][  0]LogStreaming: Display: Took  0.480s to EndInitTextLocalization.
[2018.06.15-09.24.21:873][  0]LogInit: Setting process to per monitor DPI aware
[2018.06.15-09.24.21:924][  0]LogSlate: New Slate User Created.  User Index 0, Is Virtual User: 0
[2018.06.15-09.24.21:924][  0]LogSlate: Slate User Registered.  User Index 0, Is Virtual User: 0
[2018.06.15-09.24.22:167][  0]LogD3D11RHI: D3D11 adapters:
[2018.06.15-09.24.22:245][  0]LogD3D11RHI:    0. 'NVIDIA GeForce GTX 960M' (Feature Level 11_0)
[2018.06.15-09.24.22:245][  0]LogD3D11RHI:       2019/0/4045 MB DedicatedVideo/DedicatedSystem/SharedSystem, Outputs:1, VendorId:0x10de
[2018.06.15-09.24.22:263][  0]LogD3D11RHI:    1. 'Intel(R) HD Graphics 530' (Feature Level 11_0)
[2018.06.15-09.24.22:263][  0]LogD3D11RHI:       128/0/4045 MB DedicatedVideo/DedicatedSystem/SharedSystem, Outputs:0, VendorId:0x8086
[2018.06.15-09.24.22:268][  0]LogD3D11RHI:    2. 'Microsoft Basic Render Driver' (Feature Level 11_0)
[2018.06.15-09.24.22:268][  0]LogD3D11RHI:       0/0/4045 MB DedicatedVideo/DedicatedSystem/SharedSystem, Outputs:0, VendorId:0x1414
[2018.06.15-09.24.22:268][  0]LogD3D11RHI: Chosen D3D11 Adapter: 0
[2018.06.15-09.24.22:292][  0]LogD3D11RHI: Creating new Direct3DDevice
[2018.06.15-09.24.22:292][  0]LogD3D11RHI:     GPU DeviceId: 0x139b (for the marketing name, search the web for "GPU Device Id")
[2018.06.15-09.24.22:292][  0]LogWindows: EnumDisplayDevices:
[2018.06.15-09.24.22:292][  0]LogWindows:    0. 'Intel(R) HD Graphics 530' (P:1 D:1)
[2018.06.15-09.24.22:293][  0]LogWindows:    1. 'Intel(R) HD Graphics 530' (P:0 D:0)
[2018.06.15-09.24.22:293][  0]LogWindows:    2. 'Intel(R) HD Graphics 530' (P:0 D:0)
[2018.06.15-09.24.22:293][  0]LogWindows: DebugString: GetVideoDriverDetailsInvalid PrimaryIsNotTheChoosenAdapter GetVideoDriverDetailsInvalid PrimaryIsNotTheChoosenAdapter GetVideoDriverDetailsInvalid PrimaryIsNotTheChoosenAdapter FoundDriverCount:0 
[2018.06.15-09.24.22:293][  0]LogD3D11RHI:     Adapter Name: NVIDIA GeForce GTX 960M
[2018.06.15-09.24.22:294][  0]LogD3D11RHI:   Driver Version: Unknown (internal:Unknown, unified:Unknown)
[2018.06.15-09.24.22:294][  0]LogD3D11RHI:      Driver Date: Unknown
[2018.06.15-09.24.22:294][  0]LogRHI: Texture pool is 1413 MB (70% of 2019 MB)
[2018.06.15-09.24.22:333][  0]LogD3D11RHI: [Aftermath] Aftermath enabled but failed to initialize
[2018.06.15-09.24.22:333][  0]LogD3D11RHI: [Aftermath] Aftermath enabled and primed
[2018.06.15-09.24.22:333][  0]LogD3D11RHI: Async texture creation enabled
[2018.06.15-09.24.22:347][  0]LogD3D11RHI: GPU Timing Frequency: 1000.000000 (Debug: 2 1)
[2018.06.15-09.24.22:348][  0]LogShaderCompilers: Guid format shader working directory is 6 characters bigger than the processId version (../../../../../SpareTime/Unreal/FPS/FPS/Intermediate/Shaders/WorkingDirectory/13304/).
[2018.06.15-09.24.22:349][  0]LogShaderCompilers: Cleaned the shader compiler working directory 'C:/Users/tomco/AppData/Local/Temp/UnrealShaderWorkingDir/4E89E28545B9D32C3117D3BB23B85D94/'.
[2018.06.15-09.24.22:600][  0]LogTemp: Display: Loaded TP AllDesktopTargetPlatform
[2018.06.15-09.24.22:618][  0]LogTemp: Display: Loaded TP MacClientTargetPlatform
[2018.06.15-09.24.22:636][  0]LogTemp: Display: Loaded TP MacNoEditorTargetPlatform
[2018.06.15-09.24.22:655][  0]LogTemp: Display: Loaded TP MacServerTargetPlatform
[2018.06.15-09.24.22:674][  0]LogTemp: Display: Loaded TP MacTargetPlatform
[2018.06.15-09.24.22:691][  0]LogTemp: Display: Loaded TP WindowsClientTargetPlatform
[2018.06.15-09.24.22:708][  0]LogTemp: Display: Loaded TP WindowsNoEditorTargetPlatform
[2018.06.15-09.24.22:728][  0]LogTemp: Display: Loaded TP WindowsServerTargetPlatform
[2018.06.15-09.24.22:737][  0]LogTemp: Display: Loaded TP WindowsTargetPlatform
[2018.06.15-09.24.22:759][  0]LogTemp: Display: Loaded TP Android_ASTCTargetPlatform
[2018.06.15-09.24.22:777][  0]LogTemp: Display: Loaded TP Android_ATCTargetPlatform
[2018.06.15-09.24.22:793][  0]LogTemp: Display: Loaded TP Android_DXTTargetPlatform
[2018.06.15-09.24.22:811][  0]LogTemp: Display: Loaded TP Android_ETC1aTargetPlatform
[2018.06.15-09.24.22:829][  0]LogTemp: Display: Loaded TP Android_ETC1TargetPlatform
[2018.06.15-09.24.22:850][  0]LogTemp: Display: Loaded TP Android_ETC2TargetPlatform
[2018.06.15-09.24.22:885][  0]LogTemp: Display: Loaded TP Android_MultiTargetPlatform
[2018.06.15-09.24.22:885][  0]LogTemp: Display: Loaded TP Android_PVRTCTargetPlatform
[2018.06.15-09.24.22:901][  0]LogTemp: Display: Loaded TP AndroidTargetPlatform
[2018.06.15-09.24.22:905][  0]LogTemp: Display: Loaded TP HTML5TargetPlatform
[2018.06.15-09.24.22:952][  0]LogTemp: Display: Loaded TP IOSTargetPlatform
[2018.06.15-09.24.22:970][  0]LogTemp: Display: Loaded TP TVOSTargetPlatform
[2018.06.15-09.24.22:987][  0]LogTemp: Display: Loaded TP LinuxClientTargetPlatform
[2018.06.15-09.24.23:006][  0]LogTemp: Display: Loaded TP LinuxNoEditorTargetPlatform
[2018.06.15-09.24.23:024][  0]LogTemp: Display: Loaded TP LinuxServerTargetPlatform
[2018.06.15-09.24.23:040][  0]LogTemp: Display: Loaded TP LinuxTargetPlatform
[2018.06.15-09.24.23:040][  0]LogTargetPlatformManager: Display: Building Assets For Windows
[2018.06.15-09.24.23:202][  0]LogXGEController: Cleaning working directory: C:/Users/tomco/AppData/Local/Temp/UnrealXGEWorkingDir/
[2018.06.15-09.24.23:202][  0]LogXGEController: Cannot use XGE Controller as Incredibuild is not installed on this machine.
[2018.06.15-09.24.23:203][  0]LogShaderCompilers: Cannot use XGE Shader Compiler as Incredibuild is not installed on this machine.
[2018.06.15-09.24.23:203][  0]LogShaderCompilers: Display: Using Local Shader Compiler.
[2018.06.15-09.24.23:900][  0]LogDerivedDataCache: Display: Max Cache Size: 512 MB
[2018.06.15-09.24.23:989][  0]LogDerivedDataCache: Loaded boot cache 0.09s 80MB C:/Users/tomco/AppData/Local/UnrealEngine/4.19/DerivedDataCache/Boot.ddc.
[2018.06.15-09.24.23:989][  0]LogDerivedDataCache: Display: Loaded Boot cache: C:/Users/tomco/AppData/Local/UnrealEngine/4.19/DerivedDataCache/Boot.ddc
[2018.06.15-09.24.23:990][  0]LogDerivedDataCache: FDerivedDataBackendGraph:  Pak pak cache file ../../../../../SpareTime/Unreal/FPS/FPS/DerivedDataCache/DDC.ddp not found, will not use a pak cache.
[2018.06.15-09.24.23:990][  0]LogDerivedDataCache: Unable to find inner node Pak for hierarchical cache Hierarchy.
[2018.06.15-09.24.23:990][  0]LogDerivedDataCache: FDerivedDataBackendGraph:  CompressedPak pak cache file ../../../../../SpareTime/Unreal/FPS/FPS/DerivedDataCache/Compressed.ddp not found, will not use a pak cache.
[2018.06.15-09.24.23:990][  0]LogDerivedDataCache: Unable to find inner node CompressedPak for hierarchical cache Hierarchy.
[2018.06.15-09.24.24:009][  0]LogDerivedDataCache: Display: Pak cache opened for reading ../../../Engine/DerivedDataCache/Compressed.ddp.
[2018.06.15-09.24.24:023][  0]LogDerivedDataCache: Using Local data cache path C:/Users/tomco/AppData/Local/UnrealEngine/Common/DerivedDataCache: Writable
[2018.06.15-09.24.24:023][  0]LogDerivedDataCache: Shared data cache path not found in *engine.ini, will not use an Shared cache.
[2018.06.15-09.24.24:023][  0]LogDerivedDataCache: Unable to find inner node Shared for hierarchical cache Hierarchy.
[2018.06.15-09.24.24:035][  0]LogMaterial: Verifying Global Shaders for PCD3D_SM5
[2018.06.15-09.24.24:036][  0]LogSlate: Using Freetype 2.6.0
[2018.06.15-09.24.24:038][  0]LogSlate: SlateFontCache - WITH_FREETYPE: 1, WITH_HARFBUZZ: 1
[2018.06.15-09.24.24:038][  0]LogSlate: SlateFontCache - WITH_FREETYPE: 1, WITH_HARFBUZZ: 1
[2018.06.15-09.24.24:161][  0]LogAssetRegistry: FAssetRegistry took 0.0315 seconds to start up
[2018.06.15-09.24.24:513][  0]LogInit: Selected Device Profile: [Windows]
[2018.06.15-09.24.24:602][  0]LogSimplygon: Simplygon DLL not present - disabling.
[2018.06.15-09.24.24:607][  0]LogMeshReduction: Using SimplygonSwarm for distributed automatic mesh merging
[2018.06.15-09.24.24:607][  0]LogMeshReduction: Using QuadricMeshReduction for automatic static mesh reduction
[2018.06.15-09.24.24:608][  0]LogMeshReduction: No automatic skeletal mesh reduction module available
[2018.06.15-09.24.24:608][  0]LogMeshReduction: No automatic mesh merging module available
[2018.06.15-09.24.24:608][  0]LogMeshMerging: No automatic mesh merging module available
[2018.06.15-09.24.24:727][  0]LogNetVersion: FPS , NetCL: 3944462, EngineNetVer: 2, GameNetVer: 0 (Checksum: 2326512385)
[2018.06.15-09.24.25:234][  0]LogPackageLocalizationCache: Processed 9 localized package path(s) for 2 prioritized culture(s) in 0.080353 seconds
[2018.06.15-09.24.25:240][  0]LogUObjectArray: 36728 objects as part of root set at end of initial load.
[2018.06.15-09.24.25:241][  0]LogUObjectAllocator: 7314304 out of 0 bytes used by permanent object pool.
[2018.06.15-09.24.25:241][  0]LogUObjectArray: CloseDisregardForGC: 0/0 objects in disregard for GC pool
[2018.06.15-09.24.27:219][  0]LogTcpMessaging: Initializing TcpMessaging bridge
[2018.06.15-09.24.27:251][  0]LogUdpMessaging: Initializing bridge on interface 0.0.0.0:0 to multicast group 230.0.0.1:6666.
[2018.06.15-09.24.27:647][  0]LogSkeletalMesh: Skeletal Mesh found in DDC [1.880097ms] /Game/Models/Player/Arms/Arms_SMG.Arms_SMG
[2018.06.15-09.24.27:678][  0]LogUObjectGlobals: Created PersistentFrame Addr=0x0000024d9dc0c360, Size=80, Default__BP_SMGAnim_C Function /Game/Animations/SMG/BP_SMGAnim.BP_SMGAnim_C:ExecuteUbergraph_BP_SMGAnim
[2018.06.15-09.24.27:689][  0]LogUObjectGlobals: Destroyed PersistentFrame Addr=0x0000024d9dc0c360, Size=80
[2018.06.15-09.24.27:690][  0]LogUObjectGlobals: Created PersistentFrame Addr=0x0000024da248fce0, Size=80, Default__BP_SMGAnim_C Function /Engine/Transient.REINST_BP_SMGAnim_C_0:ExecuteUbergraph_BP_SMGAnim
[2018.06.15-09.24.27:702][  0]LogUObjectGlobals: Created PersistentFrame Addr=0x0000024da23e9b20, Size=80, Default__BP_SMGAnim_C Function /Game/Animations/SMG/BP_SMGAnim.BP_SMGAnim_C:ExecuteUbergraph_BP_SMGAnim
[2018.06.15-09.24.27:861][  0]SourceControl: Source control is disabled
[2018.06.15-09.24.27:862][  0]SourceControl: Source control is disabled
[2018.06.15-09.24.27:881][  0]SourceControl: Source control is disabled
[2018.06.15-09.24.27:901][  0]SourceControl: Source control is disabled
[2018.06.15-09.24.28:465][  0]LogAndroidPermission: UAndroidPermissionCallbackProxy::GetInstance
[2018.06.15-09.24.28:657][  0]LogOcInput: OculusInput pre-init called
[2018.06.15-09.24.29:908][  0]LogEngine: Initializing Engine...
[2018.06.15-09.24.29:957][  0]LogHMD: Failed to initialize OpenVR with code 126
[2018.06.15-09.24.29:959][  0]LogStats: UGameplayTagsManager::ConstructGameplayTagTree: Construct from data asset -  0.000 s
[2018.06.15-09.24.29:960][  0]LogStats: UGameplayTagsManager::ConstructGameplayTagTree: GameplayTagTreeChangedEvent.Broadcast -  0.000 s
[2018.06.15-09.24.30:228][  0]LogAIModule: Creating AISystem for world Untitled
[2018.06.15-09.24.30:258][  0]LogInit: XAudio2 using 'Luidsprekers (Conexant SmartAudio HD)' : 2 channels at 48 kHz using 32 bits per sample (channel mask 0x3)
[2018.06.15-09.24.30:306][  0]LogInit: FAudioDevice initialized.
[2018.06.15-09.24.30:411][  0]LogDerivedDataCache: Saved boot cache 0.11s 80MB C:/Users/tomco/AppData/Local/UnrealEngine/4.19/DerivedDataCache/Boot.ddc.
[2018.06.15-09.24.30:428][  0]LogInit: Texture streaming: Enabled
[2018.06.15-09.24.30:458][  0]LogEngineSessionManager: EngineSessionManager initialized
[2018.06.15-09.24.30:459][  0]LogEngineSessionManager: EngineSessionManager sent abnormal shutdown report. Type=Debugger, SessionId={83BA22D8-4F63-0142-746F-9D89409742B5}
[2018.06.15-09.24.30:469][  0]LogInit: Transaction tracking system initialized
[2018.06.15-09.24.30:502][  0]BlueprintLog: New page: Editor Load
[2018.06.15-09.24.30:640][  0]LocalizationService: Localization service is disabled
[2018.06.15-09.24.30:780][  0]LogConsoleResponse: Display: 
[2018.06.15-09.24.30:961][  0]LogCook: Display: Max memory allowance for cook 16384mb min free memory 0mb
[2018.06.15-09.24.30:962][  0]LogCook: Display: Mobile HDR setting 1
[2018.06.15-09.24.30:962][  0]LogGameplayTags: Display: UGameplayTagsManager::DoneAddingNativeTags. DelegateIsBound: 0
[2018.06.15-09.24.30:962][  0]LogStats: UGameplayTagsManager::ConstructGameplayTagTree: Construct from data asset -  0.000 s
[2018.06.15-09.24.30:962][  0]LogStats: UGameplayTagsManager::ConstructGameplayTagTree: GameplayTagTreeChangedEvent.Broadcast -  0.000 s
[2018.06.15-09.24.30:970][  0]LogFileCache: Scanning file cache for directory 'D:/SpareTime/Unreal/FPS/FPS/Content/' took 0.02s
[2018.06.15-09.24.31:376][  0]SourceControl: Source control is disabled
[2018.06.15-09.24.31:377][  0]Cmd: MAP LOAD FILE="../../../../../SpareTime/Unreal/FPS/FPS/Content/Maps/Level1.umap" TEMPLATE=0 SHOWPROGRESS=1 FEATURELEVEL=3
[2018.06.15-09.24.31:377][  0]LightingResults: New page: Lighting Build
[2018.06.15-09.24.31:380][  0]MapCheck: New page: Map Check
[2018.06.15-09.24.31:380][  0]LightingResults: New page: Lighting Build
[2018.06.15-09.24.31:395][  0]LogUObjectGlobals: Destroyed PersistentFrame Addr=0x0000024da248fce0, Size=80
[2018.06.15-09.24.31:457][  0]LogUObjectGlobals: Created PersistentFrame Addr=0x0000024d868c2680, Size=128, Default__BP_AssaultAIAnim_C Function /Game/Animations/AI/BP_AssaultAIAnim.BP_AssaultAIAnim_C:ExecuteUbergraph_BP_AssaultAIAnim
[2018.06.15-09.24.31:485][  0]LogUObjectGlobals: Destroyed PersistentFrame Addr=0x0000024d868c2680, Size=128
[2018.06.15-09.24.31:485][  0]LogUObjectGlobals: Created PersistentFrame Addr=0x0000024d84d83d80, Size=128, Default__BP_AssaultAIAnim_C Function /Engine/Transient.REINST_BP_AssaultAIAnim_C_1:ExecuteUbergraph_BP_AssaultAIAnim
[2018.06.15-09.24.31:514][  0]LogUObjectGlobals: Created PersistentFrame Addr=0x0000024d84cc5e00, Size=128, Default__BP_AssaultAIAnim_C Function /Game/Animations/AI/BP_AssaultAIAnim.BP_AssaultAIAnim_C:ExecuteUbergraph_BP_AssaultAIAnim
[2018.06.15-09.24.32:289][  0]LogSkeletalMesh: Skeletal Mesh found in DDC [6.685622ms] /Game/Animations/AnimStarterPack/UE4_Mannequin/Mesh/SK_Mannequin.SK_Mannequin
[2018.06.15-09.24.32:655][  0]LogAIModule: Creating AISystem for world Level1
[2018.06.15-09.24.32:693][  0]LogEditorServer: Finished looking for orphan Actors (0.000 secs)
[2018.06.15-09.24.32:712][  0]LogUObjectGlobals: Destroyed PersistentFrame Addr=0x0000024d84d83d80, Size=128
[2018.06.15-09.24.32:714][  0]Cmd: MAP CHECKDEP NOCLEARLOG
[2018.06.15-09.24.32:793][  0]MapCheck: Map check complete: 0 Error(s), 0 Warning(s), took 77.845ms to complete.
[2018.06.15-09.24.32:793][  0]LogFileHelpers: Loading map 'Level1' took 1.416
[2018.06.15-09.24.32:989][  0]LogCollectionManager: Loaded 0 collections in 0.001047 seconds
[2018.06.15-09.24.33:039][  0]LogFileCache: Scanning file cache for directory 'D:/SpareTime/Unreal/FPS/FPS/Saved/Collections/' took 0.01s
[2018.06.15-09.24.33:039][  0]LogFileCache: Scanning file cache for directory 'D:/SpareTime/Unreal/FPS/FPS/Content/Developers/tomco/Collections/' took 0.01s
[2018.06.15-09.24.33:039][  0]LogFileCache: Scanning file cache for directory 'D:/SpareTime/Unreal/FPS/FPS/Content/Collections/' took 0.01s
[2018.06.15-09.24.33:040][  0]LogCollectionManager: Rebuilt the GUID cache for 0 collections in 0.000000 seconds
[2018.06.15-09.24.33:051][  0]LogContentBrowser: Native class hierarchy populated in 0.0107 seconds. Added 2478 classes and 567 folders.
[2018.06.15-09.24.33:058][  0]LogContentBrowser: Native class hierarchy updated for 'WidgetCarousel' in 0.0013 seconds. Added 0 classes and 0 folders.
[2018.06.15-09.24.33:108][  0]LogContentBrowser: Native class hierarchy updated for 'AddContentDialog' in 0.0014 seconds. Added 0 classes and 0 folders.
[2018.06.15-09.24.34:430][  0]LogSlate: Only BGRA pngs, bmps or icos are supported in by External Image Picker
[2018.06.15-09.24.34:452][  0]LogSlate: Took 0.000207 seconds to synchronously load lazily loaded font '../../../Engine/Content/Slate/Fonts/Roboto-Regular.ttf' (155K)
[2018.06.15-09.24.34:456][  0]LogSlate: Took 0.000457 seconds to synchronously load lazily loaded font '../../../Engine/Content/Slate/Fonts/Roboto-Bold.ttf' (160K)
[2018.06.15-09.24.34:467][  0]LogSlate: Took 0.000382 seconds to synchronously load lazily loaded font '../../../Engine/Content/Editor/Slate/Fonts/FontAwesome.ttf' (139K)
[2018.06.15-09.24.34:468][  0]LogSlate: Took 0.000371 seconds to synchronously load lazily loaded font '../../../Engine/Content/Slate/Fonts/DroidSansMono.ttf' (77K)
[2018.06.15-09.24.34:656][  0]LogTemp: Executing iPhonePackager certificates Engine -bundlename com.YourCompany.FPS
[2018.06.15-09.24.34:656][  0]LogTemp: CWD: D:\Epic Games\UE_4.19\Engine\Binaries\DotNET\IOS
[2018.06.15-09.24.34:657][  0]LogTemp: Initial Dir: D:\Epic Games\UE_4.19
[2018.06.15-09.24.34:657][  0]LogTemp: Env CWD: D:\Epic Games\UE_4.19\Engine\Binaries\DotNET\IOS
[2018.06.15-09.24.34:658][  0]LogTemp: BranchPath = TOM-LAPTOP/D/Epic Games/UE_4.19/Engine/Binaries --- GameBranchPath = TOM-LAPTOP/D/Epic Games/UE_4.19/Engine/Binaries
[2018.06.15-09.24.34:658][  0]LogTemp: IPP ERROR: Could not find provision directory 'C:\Users\tomco\AppData\Local/Apple Computer/MobileDevice/Provisioning Profiles/'.
[2018.06.15-09.24.34:658][  0]LogRenderer: Reallocating scene render targets to support 908x600 Format 10 NumSamples 1 (Frame:1).
[2018.06.15-09.24.34:908][  0]LogContentBrowser: Native class hierarchy updated for 'HierarchicalLODOutliner' in 0.0018 seconds. Added 0 classes and 0 folders.
[2018.06.15-09.24.34:909][  0]LogLoad: (Engine Initialization) Total time: 16.68 seconds
[2018.06.15-09.24.34:909][  0]LogLoad: (Engine Initialization) Total Blueprint compile time: 0.00 seconds
[2018.06.15-09.24.34:938][  0]LogWindowsTextInputMethodSystem: Display: IME system now deactivated.
[2018.06.15-09.24.34:963][  0]LogContentStreaming: Texture pool size now 1000 MB
[2018.06.15-09.24.35:101][  2]LogAssetRegistry: Asset discovery search completed in 10.9648 seconds
[2018.06.15-09.24.35:104][  2]LogCollectionManager: Rebuilt the object cache for 0 collections in 0.000000 seconds (found 0 objects)
[2018.06.15-09.24.35:105][  2]LogCollectionManager: Fixed up redirectors for 0 collections in 0.000566 seconds (updated 0 objects)
[2018.06.15-09.24.49:226][512]LogSlate: FSceneViewport::OnFocusLost() reason 0
[2018.06.15-09.24.49:296][515]LogTemp: Repeating last play command: Selected Viewport
[2018.06.15-09.24.49:319][515]LogPlayLevel: PlayLevel: No blueprints needed recompiling
[2018.06.15-09.24.49:327][515]PIE: New page: PIE session: Level1 (Jun 15, 2018, 1:24:49 PM)
[2018.06.15-09.24.49:328][515]LogPlayLevel: Creating play world package: /Game/Maps/UEDPIE_0_Level1
[2018.06.15-09.24.49:347][515]LogPlayLevel: PIE: StaticDuplicateObject took: (0.018673s)
[2018.06.15-09.24.49:349][515]LogAIModule: Creating AISystem for world Level1
[2018.06.15-09.24.49:349][515]LogPlayLevel: PIE: World Init took: (0.001481s)
[2018.06.15-09.24.49:350][515]LogPlayLevel: PIE: Created PIE world by copying editor world from /Game/Maps/Level1.Level1 to /Game/Maps/UEDPIE_0_Level1.Level1 (0.021820s)
[2018.06.15-09.24.49:369][515]LogInit: XAudio2 using 'Luidsprekers (Conexant SmartAudio HD)' : 2 channels at 48 kHz using 32 bits per sample (channel mask 0x3)
[2018.06.15-09.24.49:405][515]LogInit: FAudioDevice initialized.
[2018.06.15-09.24.49:480][515]LogUObjectGlobals: Created PersistentFrame Addr=0x0000024dc84cbf20, Size=104, Default__BP_InGameGUI_C Function /Game/UI/Widgets/BP_InGameGUI.BP_InGameGUI_C:ExecuteUbergraph_BP_InGameGUI
[2018.06.15-09.24.49:486][515]LogUObjectGlobals: Destroyed PersistentFrame Addr=0x0000024dc84cbf20, Size=104
[2018.06.15-09.24.49:487][515]LogUObjectGlobals: Created PersistentFrame Addr=0x0000024dc84cbf20, Size=104, Default__BP_InGameGUI_C Function /Engine/Transient.REINST_BP_InGameGUI_C_0:ExecuteUbergraph_BP_InGameGUI
[2018.06.15-09.24.49:490][515]LogUObjectGlobals: Created PersistentFrame Addr=0x0000024dc84c8e20, Size=104, Default__BP_InGameGUI_C Function /Game/UI/Widgets/BP_InGameGUI.BP_InGameGUI_C:ExecuteUbergraph_BP_InGameGUI
[2018.06.15-09.24.49:506][515]LogLoad: Game class is 'BP_FPSGameModeBase_C'
[2018.06.15-09.24.49:522][515]LogWorld: Bringing World /Game/Maps/UEDPIE_0_Level1.Level1 up for play (max tick rate 60) at 2018.06.15-11.24.49
[2018.06.15-09.24.49:524][515]LogWorld: Bringing up level for play took: 0.015672
[2018.06.15-09.24.49:531][515]LogContentBrowser: Native class hierarchy updated for 'MovieSceneCapture' in 0.0013 seconds. Added 11 classes and 0 folders.
[2018.06.15-09.24.49:533][515]LogOutputDevice: Error: Ensure condition failed: Component->HasBegunPlay() [File:D:\Build\++UE4+Release-4.19+Compile\Sync\Engine\Source\Runtime\Engine\Private\Actor.cpp] [Line: 3129] 
Failed to route BeginPlay (SMG /Game/Maps/UEDPIE_0_Level1.Level1:PersistentLevel.BP_FPSPlayer_C_0.CurrentWeaponMesh)

[2018.06.15-09.24.49:534][515]LogStats:             FDebug::EnsureFailed -  0.001 s
[2018.06.15-09.24.51:264][515]PIE: Play in editor start time for /Game/Maps/UEDPIE_0_Level1 2.786
[2018.06.15-09.24.55:104][621]LogTemp: Warning: Actor: SM_DoorVent_10
[2018.06.15-09.24.55:106][621]LogTemp: Warning: Actor: SM_DoorVent_10
[2018.06.15-09.25.00:089][795]LogTemp: Warning: Actor: SM_DoorVent_10
[2018.06.15-09.25.00:091][795]LogTemp: Warning: Actor: SM_DoorVent_10
[2018.06.15-09.25.01:437][843]LogTemp: Warning: Actor: SM_DoorVent_10
[2018.06.15-09.25.01:438][843]LogTemp: Warning: Actor: SM_DoorVent_10
[2018.06.15-09.25.03:027][906]LogTemp: Warning: Actor: SM_DoorVent_10
[2018.06.15-09.25.03:028][906]LogTemp: Warning: Actor: SM_DoorVent_10
[2018.06.15-09.25.03:420][919]LogCharacterMovement: BP_FPSPlayer_C_0 is stuck and failed to move! Velocity: X=-12.06 Y=-29.24 Z=0.00 Location: X=199.18 Y=444.06 Z=90.15 Normal: X=-0.39 Y=0.92 Z=0.00 PenetrationDepth:3.762 Actor:SM_DoorVent_10 Component:StaticMeshComponent0 BoneName:None (0 other events since notify)
[2018.06.15-09.25.04:716][964]LogTemp: Warning: Actor: SM_DoorVent_10
[2018.06.15-09.25.04:717][964]LogTemp: Warning: Actor: SM_DoorVent_10
[2018.06.15-09.25.07:371][ 61]LogTemp: Warning: Actor: SM_DoorVent_10
[2018.06.15-09.25.07:371][ 61]LogTemp: Warning: Actor: SM_DoorVent_10
[2018.06.15-09.25.08:382][ 96]LogTemp: Warning: Actor: SM_DoorVent_10
[2018.06.15-09.25.08:383][ 96]LogTemp: Warning: Actor: SM_DoorVent_10
[2018.06.15-09.25.11:452][203]LogTemp: Warning: Actor: SM_DoorVent_10
[2018.06.15-09.25.11:453][203]LogTemp: Warning: Actor: SM_DoorVent_10
[2018.06.15-09.25.18:273][455]LogTemp: Warning: Actor: SM_DoorVent_10
[2018.06.15-09.25.18:273][455]LogTemp: Warning: Actor: SM_DoorVent_10
[2018.06.15-09.25.20:524][535]LogTemp: Warning: Actor: SM_DoorVent_10
[2018.06.15-09.25.20:526][535]LogTemp: Warning: Actor: SM_DoorVent_10
[2018.06.15-09.25.22:707][614]LogTemp: Warning: Actor: SM_DoorVent_10
[2018.06.15-09.25.22:709][614]LogTemp: Warning: Actor: SM_DoorVent_10
[2018.06.15-09.25.25:227][704]LogTemp: Warning: Actor: SM_DoorVent_10
[2018.06.15-09.25.25:228][704]LogTemp: Warning: Actor: SM_DoorVent_10
[2018.06.15-09.25.26:426][747]LogTemp: Warning: Actor: SM_DoorVent_10
[2018.06.15-09.25.26:427][747]LogTemp: Warning: Actor: SM_DoorVent_10
[2018.06.15-09.25.26:978][767]LogCharacterMovement: BP_FPSPlayer_C_0 is stuck and failed to move! Velocity: X=16.13 Y=-51.93 Z=0.00 Location: X=262.01 Y=370.93 Z=90.15 Normal: X=0.71 Y=0.70 Z=-0.00 PenetrationDepth:17.425 Actor:SM_LockKeypadLight_16 Component:StaticMeshComponent0 BoneName:None (2 other events since notify)
[2018.06.15-09.25.27:502][786]LogTemp: Warning: Actor: SM_DoorVent_10
[2018.06.15-09.25.27:504][786]LogTemp: Warning: Actor: SM_DoorVent_10
[2018.06.15-09.25.29:229][849]LogTemp: Warning: Actor: SM_DoorVent_10
[2018.06.15-09.25.29:230][849]LogTemp: Warning: Actor: SM_DoorVent_10
[2018.06.15-09.25.30:043][878]LogTemp: Warning: Actor: SM_DoorVent_10
[2018.06.15-09.25.30:045][878]LogTemp: Warning: Actor: SM_DoorVent_10
[2018.06.15-09.25.32:159][952]LogTemp: Warning: Actor: SM_DoorFrame_7
[2018.06.15-09.25.32:546][966]LogTemp: Warning: Actor: SM_DoorFrame_7
[2018.06.15-09.25.35:185][ 61]LogTemp: Warning: Actor: SM_DoorVent_10
[2018.06.15-09.25.35:186][ 61]LogTemp: Warning: Actor: SM_DoorVent_10
[2018.06.15-09.25.37:562][145]LogTemp: Warning: Actor: SM_DoorVent_10
[2018.06.15-09.25.37:564][145]LogTemp: Warning: Actor: SM_DoorVent_10
[2018.06.15-09.25.39:221][205]LogTemp: Warning: Actor: SM_DoorVent_10
[2018.06.15-09.25.39:222][205]LogTemp: Warning: Actor: SM_DoorVent_10
[2018.06.15-09.25.41:521][287]LogTemp: Warning: Actor: SM_DoorVent_10
[2018.06.15-09.25.41:522][287]LogTemp: Warning: Actor: SM_DoorVent_10
[2018.06.15-09.25.43:762][367]LogTemp: Warning: Actor: SM_DoorVent_10
[2018.06.15-09.25.43:763][367]LogTemp: Warning: Actor: SM_DoorVent_10
[2018.06.15-09.25.44:714][402]LogTemp: Warning: Actor: SM_DoorVent_10
[2018.06.15-09.25.44:715][402]LogTemp: Warning: Actor: SM_DoorVent_10
[2018.06.15-09.25.45:751][440]LogTemp: Warning: Actor: SM_DoorVent_10
[2018.06.15-09.25.45:753][440]LogTemp: Warning: Actor: SM_DoorVent_10
[2018.06.15-09.25.46:839][481]LogTemp: Warning: Actor: SM_DoorVent_10
[2018.06.15-09.25.46:839][481]LogTemp: Warning: Actor: SM_DoorVent_10
[2018.06.15-09.25.47:912][521]LogTemp: Warning: Actor: SM_DoorVent_10
[2018.06.15-09.25.47:913][521]LogTemp: Warning: Actor: SM_DoorVent_10
[2018.06.15-09.25.49:401][577]LogTemp: Warning: Actor: SM_DoorVent_10
[2018.06.15-09.25.49:403][577]LogTemp: Warning: Actor: SM_DoorVent_10
[2018.06.15-09.25.50:419][613]LogUObjectGlobals: Destroyed PersistentFrame Addr=0x0000024dc84cbf20, Size=104
[2018.06.15-09.25.50:789][627]LogTemp: Warning: Actor: SM_DoorVent_10
[2018.06.15-09.25.50:790][627]LogTemp: Warning: Actor: SM_DoorVent_10
[2018.06.15-09.25.51:571][656]LogTemp: Warning: Actor: SM_DoorFrame_7
[2018.06.15-09.25.52:454][689]LogTemp: Warning: Actor: SM_DoorVent_10
[2018.06.15-09.25.52:455][689]LogTemp: Warning: Actor: SM_DoorVent_10
[2018.06.15-09.25.53:634][732]LogTemp: Warning: Actor: Wall_Door_400x300_5
[2018.06.15-09.25.54:833][776]LogTemp: Warning: Actor: SM_DoorVent_10
[2018.06.15-09.25.54:834][776]LogTemp: Warning: Actor: SM_DoorVent_10
[2018.06.15-09.25.55:753][810]LogTemp: Warning: Actor: SM_DoorVent_10
[2018.06.15-09.25.55:755][810]LogTemp: Warning: Actor: SM_DoorVent_10
[2018.06.15-09.26.19:368][159]LogSlate: FSceneViewport::OnFocusLost() reason 0
[2018.06.15-09.26.19:422][161]LogTemp: Repeating last play command: Selected Viewport
[2018.06.15-09.26.19:444][161]LogPlayLevel: PlayLevel: No blueprints needed recompiling
[2018.06.15-09.26.19:445][161]PIE: New page: PIE session: Level1 (Jun 15, 2018, 1:26:19 PM)
[2018.06.15-09.26.19:445][161]LogPlayLevel: Creating play world package: /Game/Maps/UEDPIE_0_Level1
[2018.06.15-09.26.19:468][161]LogPlayLevel: PIE: StaticDuplicateObject took: (0.022235s)
[2018.06.15-09.26.19:470][161]LogAIModule: Creating AISystem for world Level1
[2018.06.15-09.26.19:470][161]LogPlayLevel: PIE: World Init took: (0.001647s)
[2018.06.15-09.26.19:471][161]LogPlayLevel: PIE: Created PIE world by copying editor world from /Game/Maps/Level1.Level1 to /Game/Maps/UEDPIE_0_Level1.Level1 (0.025431s)
[2018.06.15-09.26.19:491][161]LogInit: XAudio2 using 'Luidsprekers (Conexant SmartAudio HD)' : 2 channels at 48 kHz using 32 bits per sample (channel mask 0x3)
[2018.06.15-09.26.19:535][161]LogInit: FAudioDevice initialized.
[2018.06.15-09.26.19:578][161]LogLoad: Game class is 'BP_FPSGameModeBase_C'
[2018.06.15-09.26.19:591][161]LogWorld: Bringing World /Game/Maps/UEDPIE_0_Level1.Level1 up for play (max tick rate 60) at 2018.06.15-11.26.19
[2018.06.15-09.26.19:594][161]LogWorld: Bringing up level for play took: 0.014291
[2018.06.15-09.26.19:598][161]PIE: Play in editor start time for /Game/Maps/UEDPIE_0_Level1 1.12
[2018.06.15-09.26.20:894][212]LogTemp: Warning: Actor: SM_DoorVent_10
[2018.06.15-09.26.58:642][212]LogTemp: Warning: Actor: SM_DoorVent_10
[2018.06.15-09.27.04:101][372]LogTemp: Warning: Actor: SM_DoorVent_10
[2018.06.15-09.27.04:103][372]LogTemp: Warning: Actor: SM_DoorVent_10
[2018.06.15-09.27.06:165][446]LogTemp: Warning: Actor: SM_DoorVent_10
[2018.06.15-09.27.27:833][446]LogTemp: Warning: Actor: SM_DoorVent_10
