Log file open, 06/30/18 19:55:38
LogWindows: Failed to load 'aqProf.dll' (GetLastError=126)
LogWindows: File 'aqProf.dll' does not exist
LogWindows: Failed to load 'VtuneApi.dll' (GetLastError=126)
LogWindows: File 'VtuneApi.dll' does not exist
LogWindows: Failed to load 'VtuneApi32e.dll' (GetLastError=126)
LogWindows: File 'VtuneApi32e.dll' does not exist
LogInit: Display: Running engine for game: FPS
LogPlatformFile: Not using cached read wrapper
LogInit: Display: RandInit(-2133940261) SRandInit(-2133940261).
LogInit: Read version file with build ID '3944462'
LogInit: Overriding engine version to CL 4033788, compatible CL 3944462
LogInit: Registered custom module enumerator with build ID '3944462'
LogTaskGraph: Started task graph with 5 named threads and 23 total threads with 3 sets of task threads.
LogStats: Stats thread started at 0.350122
LogD3D11RHI: Aftermath initialized
LogICUInternationalization: Display: ICU TimeZone Detection - Raw Offset: +1:00, Platform Override: ''
LogPluginManager: Mounting plugin Paper2D
LogPluginManager: Mounting plugin LiveLink
LogPluginManager: Mounting plugin LightPropagationVolume
LogPluginManager: Mounting plugin CLionSourceCodeAccess
LogPluginManager: Mounting plugin CodeLiteSourceCodeAccess
LogPluginManager: Mounting plugin GitSourceControl
LogPluginManager: Mounting plugin KDevelopSourceCodeAccess
LogPluginManager: Mounting plugin NullSourceCodeAccess
LogPluginManager: Mounting plugin PerforceSourceControl
LogPluginManager: Mounting plugin SubversionSourceControl
LogPluginManager: Mounting plugin UObjectPlugin
LogPluginManager: Mounting plugin VisualStudioCodeSourceCodeAccess
LogPluginManager: Mounting plugin VisualStudioSourceCodeAccess
LogPluginManager: Mounting plugin XCodeSourceCodeAccess
LogPluginManager: Mounting plugin AssetManagerEditor
LogPluginManager: Mounting plugin CryptoKeys
LogPluginManager: Mounting plugin DataValidation
LogPluginManager: Mounting plugin FacialAnimation
LogPluginManager: Mounting plugin GameplayTagsEditor
LogPluginManager: Mounting plugin MobileLauncherProfileWizard
LogPluginManager: Mounting plugin PluginBrowser
LogPluginManager: Mounting plugin SpeedTreeImporter
LogPluginManager: Mounting plugin DatasmithContent
LogPluginManager: Mounting plugin AlembicImporter
LogPluginManager: Mounting plugin CharacterAI
LogPluginManager: Mounting plugin HTML5Networking
LogPluginManager: Mounting plugin AndroidMedia
LogPluginManager: Mounting plugin AvfMedia
LogPluginManager: Mounting plugin ImgMedia
LogPluginManager: Mounting plugin LinearTimecode
LogPluginManager: Mounting plugin MediaCompositing
LogPluginManager: Mounting plugin MediaPlayerEditor
LogPluginManager: Mounting plugin WmfMedia
LogPluginManager: Mounting plugin TcpMessaging
LogPluginManager: Mounting plugin UdpMessaging
LogPluginManager: Mounting plugin ActorSequence
LogPluginManager: Mounting plugin LevelSequenceEditor
LogPluginManager: Mounting plugin MatineeToLevelSequence
LogPluginManager: Mounting plugin NetcodeUnitTest
LogPluginManager: Mounting plugin NUTUnrealEngine4
LogPluginManager: Mounting plugin OnlineSubsystemGooglePlay
LogPluginManager: Mounting plugin OnlineSubsystemIOS
LogPluginManager: Mounting plugin OnlineSubsystem
LogPluginManager: Mounting plugin OnlineSubsystemNull
LogPluginManager: Mounting plugin OnlineSubsystemUtils
LogPluginManager: Mounting plugin AndroidDeviceProfileSelector
LogPluginManager: Mounting plugin AndroidMoviePlayer
LogPluginManager: Mounting plugin AndroidPermission
LogPluginManager: Mounting plugin AppleARKit
LogPluginManager: Mounting plugin AppleMoviePlayer
LogPluginManager: Mounting plugin ArchVisCharacter
LogPluginManager: Mounting plugin AudioCapture
LogPluginManager: Mounting plugin CableComponent
LogPluginManager: Mounting plugin CustomMeshComponent
LogPluginManager: Mounting plugin ExampleDeviceProfileSelector
LogPluginManager: Mounting plugin GoogleCloudMessaging
LogPluginManager: Mounting plugin ImmediatePhysics
LogPluginManager: Mounting plugin IOSDeviceProfileSelector
LogPluginManager: Mounting plugin LinuxDeviceProfileSelector
LogPluginManager: Mounting plugin LocationServicesBPLibrary
LogPluginManager: Mounting plugin MobilePatchingUtils
LogPluginManager: Mounting plugin OculusVR
LogPluginManager: Plugin shader directory ../../../Engine/Plugins/Runtime/Oculus/OculusVR/Shaders found
LogPluginManager: Mapping shader source directory ../../../Engine/Plugins/Runtime/Oculus/OculusVR/Shaders to virtual directory /Plugin/OculusVR
LogPluginManager: Mounting plugin PhysXVehicles
LogPluginManager: Mounting plugin ProceduralMeshComponent
LogPluginManager: Mounting plugin RuntimePhysXCooking
LogPluginManager: Mounting plugin SteamVR
LogPluginManager: Mounting plugin WindowsMoviePlayer
LogPluginManager: Mounting plugin CoverPointGenerator
LogStreaming: Display: Took  0.077s to configure plugins.
LogModuleManager: Display: Found up-to-date module file ../../../../../../../Projects/FPS/FPS/Binaries/Win64/UE4Editor-FPS.dll (API version 3944462).
LogModuleManager: Display: Found up-to-date module file ../../../Engine/Plugins/2D/Paper2D/Binaries/Win64/UE4Editor-Paper2D.dll (API version 3944462).
LogModuleManager: Display: Found up-to-date module file ../../../Engine/Plugins/2D/Paper2D/Binaries/Win64/UE4Editor-Paper2DEditor.dll (API version 3944462).
LogModuleManager: Display: Found up-to-date module file ../../../Engine/Plugins/2D/Paper2D/Binaries/Win64/UE4Editor-PaperSpriteSheetImporter.dll (API version 3944462).
LogModuleManager: Display: Found up-to-date module file ../../../Engine/Plugins/2D/Paper2D/Binaries/Win64/UE4Editor-PaperTiledImporter.dll (API version 3944462).
LogModuleManager: Display: Found up-to-date module file ../../../Engine/Plugins/2D/Paper2D/Binaries/Win64/UE4Editor-SmartSnapping.dll (API version 3944462).
LogModuleManager: Display: Found up-to-date module file ../../../Engine/Plugins/Animation/LiveLink/Binaries/Win64/UE4Editor-LiveLink.dll (API version 3944462).
LogModuleManager: Display: Found up-to-date module file ../../../Engine/Plugins/Animation/LiveLink/Binaries/Win64/UE4Editor-LiveLinkEditor.dll (API version 3944462).
LogModuleManager: Display: Found up-to-date module file ../../../Engine/Plugins/Blendables/LightPropagationVolume/Binaries/Win64/UE4Editor-LightPropagationVolumeRuntime.dll (API version 3944462).
LogModuleManager: Display: Found up-to-date module file ../../../Engine/Plugins/Blendables/LightPropagationVolume/Binaries/Win64/UE4Editor-LightPropagationVolumeEditor.dll (API version 3944462).
LogModuleManager: Display: Found up-to-date module file ../../../Engine/Plugins/Developer/CLionSourceCodeAccess/Binaries/Win64/UE4Editor-CLionSourceCodeAccess.dll (API version 3944462).
LogModuleManager: Display: Found up-to-date module file ../../../Engine/Plugins/Developer/GitSourceControl/Binaries/Win64/UE4Editor-GitSourceControl.dll (API version 3944462).
LogModuleManager: Display: Found up-to-date module file ../../../Engine/Plugins/Developer/PerforceSourceControl/Binaries/Win64/UE4Editor-PerforceSourceControl.dll (API version 3944462).
LogModuleManager: Display: Found up-to-date module file ../../../Engine/Plugins/Developer/SubversionSourceControl/Binaries/Win64/UE4Editor-SubversionSourceControl.dll (API version 3944462).
LogModuleManager: Display: Found up-to-date module file ../../../Engine/Plugins/Developer/UObjectPlugin/Binaries/Win64/UE4Editor-UObjectPlugin.dll (API version 3944462).
LogModuleManager: Display: Found up-to-date module file ../../../Engine/Plugins/Developer/VisualStudioCodeSourceCodeAccess/Binaries/Win64/UE4Editor-VisualStudioCodeSourceCodeAccess.dll (API version 3944462).
LogModuleManager: Display: Found up-to-date module file ../../../Engine/Plugins/Developer/VisualStudioSourceCodeAccess/Binaries/Win64/UE4Editor-VisualStudioSourceCodeAccess.dll (API version 3944462).
LogModuleManager: Display: Found up-to-date module file ../../../Engine/Plugins/Editor/AssetManagerEditor/Binaries/Win64/UE4Editor-AssetManagerEditor.dll (API version 3944462).
LogModuleManager: Display: Found up-to-date module file ../../../Engine/Plugins/Editor/CryptoKeys/Binaries/Win64/UE4Editor-CryptoKeys.dll (API version 3944462).
LogModuleManager: Display: Found up-to-date module file ../../../Engine/Plugins/Editor/CryptoKeys/Binaries/Win64/UE4Editor-CryptoKeysOpenSSL.dll (API version 3944462).
LogModuleManager: Display: Found up-to-date module file ../../../Engine/Plugins/Editor/DataValidation/Binaries/Win64/UE4Editor-DataValidation.dll (API version 3944462).
LogModuleManager: Display: Found up-to-date module file ../../../Engine/Plugins/Editor/FacialAnimation/Binaries/Win64/UE4Editor-FacialAnimation.dll (API version 3944462).
LogModuleManager: Display: Found up-to-date module file ../../../Engine/Plugins/Editor/FacialAnimation/Binaries/Win64/UE4Editor-FacialAnimationEditor.dll (API version 3944462).
LogModuleManager: Display: Found up-to-date module file ../../../Engine/Plugins/Editor/GameplayTagsEditor/Binaries/Win64/UE4Editor-GameplayTagsEditor.dll (API version 3944462).
LogModuleManager: Display: Found up-to-date module file ../../../Engine/Plugins/Editor/MobileLauncherProfileWizard/Binaries/Win64/UE4Editor-MobileLauncherProfileWizard.dll (API version 3944462).
LogModuleManager: Display: Found up-to-date module file ../../../Engine/Plugins/Editor/PluginBrowser/Binaries/Win64/UE4Editor-PluginBrowser.dll (API version 3944462).
LogModuleManager: Display: Found up-to-date module file ../../../Engine/Plugins/Editor/SpeedTreeImporter/Binaries/Win64/UE4Editor-SpeedTreeImporter.dll (API version 3944462).
LogModuleManager: Display: Found up-to-date module file ../../../Engine/Plugins/Enterprise/DatasmithContent/Binaries/Win64/UE4Editor-DatasmithContent.dll (API version 3944462).
LogModuleManager: Display: Found up-to-date module file ../../../Engine/Plugins/Experimental/AlembicImporter/Binaries/Win64/UE4Editor-AlembicImporter.dll (API version 3944462).
LogModuleManager: Display: Found up-to-date module file ../../../Engine/Plugins/Experimental/AlembicImporter/Binaries/Win64/UE4Editor-AlembicLibrary.dll (API version 3944462).
LogModuleManager: Display: Found up-to-date module file ../../../Engine/Plugins/Experimental/CharacterAI/Binaries/Win64/UE4Editor-CharacterAI.dll (API version 3944462).
LogModuleManager: Display: Found up-to-date module file ../../../Engine/Plugins/Experimental/HTML5Networking/Binaries/Win64/UE4Editor-HTML5Networking.dll (API version 3944462).
LogModuleManager: Display: Found up-to-date module file ../../../Engine/Plugins/Media/AndroidMedia/Binaries/Win64/UE4Editor-AndroidMediaEditor.dll (API version 3944462).
LogModuleManager: Display: Found up-to-date module file ../../../Engine/Plugins/Media/AndroidMedia/Binaries/Win64/UE4Editor-AndroidMediaFactory.dll (API version 3944462).
LogModuleManager: Display: Found up-to-date module file ../../../Engine/Plugins/Media/AvfMedia/Binaries/Win64/UE4Editor-AvfMediaEditor.dll (API version 3944462).
LogModuleManager: Display: Found up-to-date module file ../../../Engine/Plugins/Media/AvfMedia/Binaries/Win64/UE4Editor-AvfMediaFactory.dll (API version 3944462).
LogModuleManager: Display: Found up-to-date module file ../../../Engine/Plugins/Media/AvfMedia/Binaries/Win64/UE4Editor-AvfMediaFactory.dll (API version 3944462).
LogModuleManager: Display: Found up-to-date module file ../../../Engine/Plugins/Media/ImgMedia/Binaries/Win64/UE4Editor-ImgMedia.dll (API version 3944462).
LogModuleManager: Display: Found up-to-date module file ../../../Engine/Plugins/Media/ImgMedia/Binaries/Win64/UE4Editor-ImgMediaEditor.dll (API version 3944462).
LogModuleManager: Display: Found up-to-date module file ../../../Engine/Plugins/Media/ImgMedia/Binaries/Win64/UE4Editor-ImgMediaFactory.dll (API version 3944462).
LogModuleManager: Display: Found up-to-date module file ../../../Engine/Plugins/Media/ImgMedia/Binaries/Win64/UE4Editor-ImgMediaFactory.dll (API version 3944462).
LogModuleManager: Display: Found up-to-date module file ../../../Engine/Plugins/Media/ImgMedia/Binaries/Win64/UE4Editor-OpenExrWrapper.dll (API version 3944462).
LogModuleManager: Display: Found up-to-date module file ../../../Engine/Plugins/Media/LinearTimecode/Binaries/Win64/UE4Editor-LinearTimecode.dll (API version 3944462).
LogModuleManager: Display: Found up-to-date module file ../../../Engine/Plugins/Media/MediaCompositing/Binaries/Win64/UE4Editor-MediaCompositing.dll (API version 3944462).
LogModuleManager: Display: Found up-to-date module file ../../../Engine/Plugins/Media/MediaCompositing/Binaries/Win64/UE4Editor-MediaCompositingEditor.dll (API version 3944462).
LogModuleManager: Display: Found up-to-date module file ../../../Engine/Plugins/Media/MediaPlayerEditor/Binaries/Win64/UE4Editor-MediaPlayerEditor.dll (API version 3944462).
LogModuleManager: Display: Found up-to-date module file ../../../Engine/Plugins/Media/WmfMedia/Binaries/Win64/UE4Editor-WmfMedia.dll (API version 3944462).
LogModuleManager: Display: Found up-to-date module file ../../../Engine/Plugins/Media/WmfMedia/Binaries/Win64/UE4Editor-WmfMediaEditor.dll (API version 3944462).
LogModuleManager: Display: Found up-to-date module file ../../../Engine/Plugins/Media/WmfMedia/Binaries/Win64/UE4Editor-WmfMediaFactory.dll (API version 3944462).
LogModuleManager: Display: Found up-to-date module file ../../../Engine/Plugins/Media/WmfMedia/Binaries/Win64/UE4Editor-WmfMediaFactory.dll (API version 3944462).
LogModuleManager: Display: Found up-to-date module file ../../../Engine/Plugins/Messaging/TcpMessaging/Binaries/Win64/UE4Editor-TcpMessaging.dll (API version 3944462).
LogModuleManager: Display: Found up-to-date module file ../../../Engine/Plugins/Messaging/UdpMessaging/Binaries/Win64/UE4Editor-UdpMessaging.dll (API version 3944462).
LogModuleManager: Display: Found up-to-date module file ../../../Engine/Plugins/MovieScene/ActorSequence/Binaries/Win64/UE4Editor-ActorSequence.dll (API version 3944462).
LogModuleManager: Display: Found up-to-date module file ../../../Engine/Plugins/MovieScene/LevelSequenceEditor/Binaries/Win64/UE4Editor-LevelSequenceEditor.dll (API version 3944462).
LogModuleManager: Display: Found up-to-date module file ../../../Engine/Plugins/MovieScene/MatineeToLevelSequence/Binaries/Win64/UE4Editor-MatineeToLevelSequence.dll (API version 3944462).
LogModuleManager: Display: Found up-to-date module file ../../../Engine/Plugins/NetcodeUnitTest/NetcodeUnitTest/Binaries/Win64/UE4Editor-NetcodeUnitTest.dll (API version 3944462).
LogModuleManager: Display: Found up-to-date module file ../../../Engine/Plugins/NetcodeUnitTest/NUTUnrealEngine4/Binaries/Win64/UE4Editor-NUTUnrealEngine4.dll (API version 3944462).
LogModuleManager: Display: Found up-to-date module file ../../../Engine/Plugins/Online/OnlineSubsystem/Binaries/Win64/UE4Editor-OnlineSubsystem.dll (API version 3944462).
LogModuleManager: Display: Found up-to-date module file ../../../Engine/Plugins/Online/OnlineSubsystemNull/Binaries/Win64/UE4Editor-OnlineSubsystemNull.dll (API version 3944462).
LogModuleManager: Display: Found up-to-date module file ../../../Engine/Plugins/Online/OnlineSubsystemUtils/Binaries/Win64/UE4Editor-OnlineSubsystemUtils.dll (API version 3944462).
LogModuleManager: Display: Found up-to-date module file ../../../Engine/Plugins/Online/OnlineSubsystemUtils/Binaries/Win64/UE4Editor-OnlineBlueprintSupport.dll (API version 3944462).
LogModuleManager: Display: Found up-to-date module file ../../../Engine/Plugins/Runtime/AndroidDeviceProfileSelector/Binaries/Win64/UE4Editor-AndroidDeviceProfileSelector.dll (API version 3944462).
LogModuleManager: Display: Found up-to-date module file ../../../Engine/Plugins/Runtime/AndroidPermission/Binaries/Win64/UE4Editor-AndroidPermission.dll (API version 3944462).
LogModuleManager: Display: Found up-to-date module file ../../../Engine/Plugins/Runtime/AppleARKit/Binaries/Win64/UE4Editor-AppleARKit.dll (API version 3944462).
LogModuleManager: Display: Found up-to-date module file ../../../Engine/Plugins/Runtime/ArchVisCharacter/Binaries/Win64/UE4Editor-ArchVisCharacter.dll (API version 3944462).
LogModuleManager: Display: Found up-to-date module file ../../../Engine/Plugins/Runtime/AudioCapture/Binaries/Win64/UE4Editor-AudioCapture.dll (API version 3944462).
LogModuleManager: Display: Found up-to-date module file ../../../Engine/Plugins/Runtime/AudioCapture/Binaries/Win64/UE4Editor-AudioCaptureEditor.dll (API version 3944462).
LogModuleManager: Display: Found up-to-date module file ../../../Engine/Plugins/Runtime/CableComponent/Binaries/Win64/UE4Editor-CableComponent.dll (API version 3944462).
LogModuleManager: Display: Found up-to-date module file ../../../Engine/Plugins/Runtime/CustomMeshComponent/Binaries/Win64/UE4Editor-CustomMeshComponent.dll (API version 3944462).
LogModuleManager: Display: Found up-to-date module file ../../../Engine/Plugins/Runtime/ExampleDeviceProfileSelector/Binaries/Win64/UE4Editor-ExampleDeviceProfileSelector.dll (API version 3944462).
LogModuleManager: Display: Found up-to-date module file ../../../Engine/Plugins/Runtime/ImmediatePhysics/Binaries/Win64/UE4Editor-ImmediatePhysics.dll (API version 3944462).
LogModuleManager: Display: Found up-to-date module file ../../../Engine/Plugins/Runtime/ImmediatePhysics/Binaries/Win64/UE4Editor-ImmediatePhysicsEditor.dll (API version 3944462).
LogModuleManager: Display: Found up-to-date module file ../../../Engine/Plugins/Runtime/LocationServicesBPLibrary/Binaries/Win64/UE4Editor-LocationServicesBPLibrary.dll (API version 3944462).
LogModuleManager: Display: Found up-to-date module file ../../../Engine/Plugins/Runtime/MobilePatchingUtils/Binaries/Win64/UE4Editor-MobilePatchingUtils.dll (API version 3944462).
LogModuleManager: Display: Found up-to-date module file ../../../Engine/Plugins/Runtime/Oculus/OculusVR/Binaries/Win64/UE4Editor-OculusHMD.dll (API version 3944462).
LogModuleManager: Display: Found up-to-date module file ../../../Engine/Plugins/Runtime/Oculus/OculusVR/Binaries/Win64/UE4Editor-OculusInput.dll (API version 3944462).
LogModuleManager: Display: Found up-to-date module file ../../../Engine/Plugins/Runtime/Oculus/OculusVR/Binaries/Win64/UE4Editor-OculusEditor.dll (API version 3944462).
LogModuleManager: Display: Found up-to-date module file ../../../Engine/Plugins/Runtime/PhysXVehicles/Binaries/Win64/UE4Editor-PhysXVehicles.dll (API version 3944462).
LogModuleManager: Display: Found up-to-date module file ../../../Engine/Plugins/Runtime/PhysXVehicles/Binaries/Win64/UE4Editor-PhysXVehiclesEditor.dll (API version 3944462).
LogModuleManager: Display: Found up-to-date module file ../../../Engine/Plugins/Runtime/ProceduralMeshComponent/Binaries/Win64/UE4Editor-ProceduralMeshComponent.dll (API version 3944462).
LogModuleManager: Display: Found up-to-date module file ../../../Engine/Plugins/Runtime/ProceduralMeshComponent/Binaries/Win64/UE4Editor-ProceduralMeshComponentEditor.dll (API version 3944462).
LogModuleManager: Display: Found up-to-date module file ../../../Engine/Plugins/Runtime/RuntimePhysXCooking/Binaries/Win64/UE4Editor-RuntimePhysXCooking.dll (API version 3944462).
LogModuleManager: Display: Found up-to-date module file ../../../Engine/Plugins/Runtime/Steam/SteamVR/Binaries/Win64/UE4Editor-SteamVR.dll (API version 3944462).
LogModuleManager: Display: Found up-to-date module file ../../../Engine/Plugins/Runtime/Steam/SteamVR/Binaries/Win64/UE4Editor-SteamVRController.dll (API version 3944462).
LogModuleManager: Display: Found up-to-date module file ../../../Engine/Plugins/Runtime/WindowsMoviePlayer/Binaries/Win64/UE4Editor-WindowsMoviePlayer.dll (API version 3944462).
LogModuleManager: Display: Found up-to-date module file ../../../../../../../Projects/FPS/FPS/Plugins/CoverPointGenerator/Binaries/Win64/UE4Editor-CoverPointGenerator.dll (API version 3944462).
LogInit: Using libcurl 7.47.1
LogInit:  - built for x86_64-pc-win32
LogInit:  - supports SSL with OpenSSL/1.0.2g
LogInit:  - supports HTTP deflate (compression) using libz 1.2.8
LogInit:  - other features:
LogInit:      CURL_VERSION_SSL
LogInit:      CURL_VERSION_LIBZ
LogInit:      CURL_VERSION_IPV6
LogInit:      CURL_VERSION_ASYNCHDNS
LogInit:      CURL_VERSION_LARGEFILE
LogInit:      CURL_VERSION_IDN
LogInit:  CurlRequestOptions (configurable via config and command line):
LogInit:  - bVerifyPeer = false  - Libcurl will NOT verify peer certificate
LogInit:  - bUseHttpProxy = false  - Libcurl will NOT use HTTP proxy
LogInit:  - bDontReuseConnections = false  - Libcurl will reuse connections
LogInit:  - CertBundlePath = nullptr  - Libcurl will use whatever was configured at build time.
LogInit:  - MaxHostConnections = 16  - Libcurl will limit the number of connections to a host
LogInit:  - LocalHostAddr = Default
LogInit: WinSock: version 1.1 (2.2), MaxSocks=32767, MaxUdp=65467
LogInit: WinSock: I am DESKTOP-27ERO04 (192.168.178.101:0)
LogInit: Build: ++UE4+Release-4.19-CL-4033788
LogInit: Engine Version: 4.19.2-4033788+++UE4+Release-4.19
LogInit: Compatible Engine Version: 4.19.0-3944462+++UE4+Release-4.19
LogInit: Net CL: 3944462
LogDevObjectVersion: Number of dev versions registered: 18
LogDevObjectVersion:   Dev-Blueprints (B0D832E4-1F89-4F0D-ACCF-7EB736FD4AA2): 10
LogDevObjectVersion:   Dev-Build (E1C64328-A22C-4D53-A36C-8E866417BD8C): 0
LogDevObjectVersion:   Dev-Core (375EC13C-06E4-48FB-B500-84F0262A717E): 2
LogDevObjectVersion:   Dev-Editor (E4B068ED-F494-42E9-A231-DA0B2E46BB41): 23
LogDevObjectVersion:   Dev-Framework (CFFC743F-43B0-4480-9391-14DF171D2073): 33
LogDevObjectVersion:   Dev-Mobile (B02B49B5-BB20-44E9-A304-32B752E40360): 2
LogDevObjectVersion:   Dev-Networking (A4E4105C-59A1-49B5-A7C5-40C4547EDFEE): 0
LogDevObjectVersion:   Dev-Online (39C831C9-5AE6-47DC-9A44-9C173E1C8E7C): 0
LogDevObjectVersion:   Dev-Physics (78F01B33-EBEA-4F98-B9B4-84EACCB95AA2): 0
LogDevObjectVersion:   Dev-Platform (6631380F-2D4D-43E0-8009-CF276956A95A): 0
LogDevObjectVersion:   Dev-Rendering (12F88B9F-8875-4AFC-A67C-D90C383ABD29): 25
LogDevObjectVersion:   Dev-Sequencer (7B5AE74C-D270-4C10-A958-57980B212A5A): 6
LogDevObjectVersion:   Dev-VR (D7296918-1DD6-4BDD-9DE2-64A83CC13884): 1
LogDevObjectVersion:   Dev-LoadTimes (C2A15278-BFE7-4AFE-6C17-90FF531DF755): 1
LogDevObjectVersion:   Private-Geometry (6EACA3D4-40EC-4CC1-B786-8BED09428FC5): 2
LogDevObjectVersion:   Dev-AnimPhys (29E575DD-E0A3-4627-9D10-D276232CDCEA): 16
LogDevObjectVersion:   Dev-ReflectionCapture (6B266CEC-1EC7-4B8F-A30B-E4D90942FC07): 1
LogDevObjectVersion:   Dev-Automation (0DF73D61-A23F-47EA-B727-89E90C41499A): 1
LogInit: Compiled (64-bit): Apr 27 2018 02:06:57
LogInit: Compiled with Visual C++: 19.00.24215.01
LogInit: Build Configuration: Development
LogInit: Branch Name: ++UE4+Release-4.19
LogInit: Command Line:  -skipcompile
LogInit: Base Directory: E:/Game Engines/Epic Games/4.19/UE_4.19/Engine/Binaries/Win64/
LogInit: Installed Engine Build: 1
LogStreaming: Display: Took  0.001s to delete old logs.
LogInit: Presizing for max 8388607 objects, including 0 objects not considered by GC, pre-allocating 0 bytes for permanent pool.
LogInit: Object subsystem initialized
[2018.06.30-17.55.39:560][  0]LogInit: Selected Device Profile: [Windows]
[2018.06.30-17.55.39:560][  0]LogInit: Applying CVar settings loaded from the selected device profile: [Windows]
[2018.06.30-17.55.39:609][  0]LogInit: Computer: DESKTOP-27ERO04
[2018.06.30-17.55.39:610][  0]LogInit: User: TomColdenhoff
[2018.06.30-17.55.39:610][  0]LogInit: CPU Page size=4096, Cores=4
[2018.06.30-17.55.39:610][  0]LogInit: High frequency timer resolution =3.319355 MHz
[2018.06.30-17.55.39:610][  0]LogMemory: Memory total: Physical=11.9GB (12GB approx)
[2018.06.30-17.55.39:610][  0]LogMemory: Platform Memory Stats for Windows
[2018.06.30-17.55.39:610][  0]LogMemory: Process Physical Memory: 279.13 MB used, 279.50 MB peak
[2018.06.30-17.55.39:610][  0]LogMemory: Process Virtual Memory: 269.86 MB used, 269.86 MB peak
[2018.06.30-17.55.39:610][  0]LogMemory: Physical Memory: 6565.73 MB used,  5641.71 MB free, 12207.44 MB total
[2018.06.30-17.55.39:610][  0]LogMemory: Virtual Memory: 4794.46 MB used,  5641.71 MB free, 134217728.00 MB total
[2018.06.30-17.55.39:662][  0]LogInit: Using OS detected language (en-US).
[2018.06.30-17.55.39:662][  0]LogInit: Using OS detected locale (en-US).
[2018.06.30-17.55.39:665][  0]LogTextLocalizationManager: No specific localization for 'en-US' exists, so the 'en' localization will be used.
[2018.06.30-17.55.40:086][  0]LogStreaming: Display: Took  0.425s to EndInitTextLocalization.
[2018.06.30-17.55.40:087][  0]LogInit: Setting process to per monitor DPI aware
[2018.06.30-17.55.40:133][  0]LogSlate: New Slate User Created.  User Index 0, Is Virtual User: 0
[2018.06.30-17.55.40:133][  0]LogSlate: Slate User Registered.  User Index 0, Is Virtual User: 0
[2018.06.30-17.55.40:314][  0]LogD3D11RHI: D3D11 adapters:
[2018.06.30-17.55.40:388][  0]LogD3D11RHI:    0. 'NVIDIA GeForce GTX 970' (Feature Level 11_0)
[2018.06.30-17.55.40:388][  0]LogD3D11RHI:       4043/0/6103 MB DedicatedVideo/DedicatedSystem/SharedSystem, Outputs:2, VendorId:0x10de
[2018.06.30-17.55.40:393][  0]LogD3D11RHI:    1. 'Microsoft Basic Render Driver' (Feature Level 11_0)
[2018.06.30-17.55.40:393][  0]LogD3D11RHI:       0/0/6103 MB DedicatedVideo/DedicatedSystem/SharedSystem, Outputs:0, VendorId:0x1414
[2018.06.30-17.55.40:393][  0]LogD3D11RHI: Chosen D3D11 Adapter: 0
[2018.06.30-17.55.40:401][  0]LogD3D11RHI: Creating new Direct3DDevice
[2018.06.30-17.55.40:401][  0]LogD3D11RHI:     GPU DeviceId: 0x13c2 (for the marketing name, search the web for "GPU Device Id")
[2018.06.30-17.55.40:401][  0]LogWindows: EnumDisplayDevices:
[2018.06.30-17.55.40:401][  0]LogWindows:    0. 'NVIDIA GeForce GTX 970' (P:1 D:1)
[2018.06.30-17.55.40:401][  0]LogWindows:    1. 'NVIDIA GeForce GTX 970' (P:0 D:1)
[2018.06.30-17.55.40:401][  0]LogWindows:    2. 'NVIDIA GeForce GTX 970' (P:0 D:0)
[2018.06.30-17.55.40:402][  0]LogWindows:    3. 'NVIDIA GeForce GTX 970' (P:0 D:0)
[2018.06.30-17.55.40:402][  0]LogWindows: DebugString: GetVideoDriverDetailsInvalid PrimaryIsNotTheChoosenAdapter GetVideoDriverDetailsInvalid PrimaryIsNotTheChoosenAdapter GetVideoDriverDetailsInvalid PrimaryIsNotTheChoosenAdapter GetVideoDriverDetailsInvalid PrimaryIsNotTheChoosenAdapter FoundDriverCount:0 
[2018.06.30-17.55.40:402][  0]LogD3D11RHI:     Adapter Name: NVIDIA GeForce GTX 970
[2018.06.30-17.55.40:402][  0]LogD3D11RHI:   Driver Version: Unknown (internal:Unknown, unified:Unknown)
[2018.06.30-17.55.40:402][  0]LogD3D11RHI:      Driver Date: Unknown
[2018.06.30-17.55.40:402][  0]LogRHI: Texture pool is 2830 MB (70% of 4043 MB)
[2018.06.30-17.55.40:443][  0]LogD3D11RHI: [Aftermath] Aftermath enabled and primed
[2018.06.30-17.55.40:443][  0]LogD3D11RHI: [Aftermath] Aftermath enabled and primed
[2018.06.30-17.55.40:443][  0]LogD3D11RHI: Async texture creation enabled
[2018.06.30-17.55.40:510][  0]LogD3D11RHI: GPU Timing Frequency: 1000.000000 (Debug: 2 2)
[2018.06.30-17.55.40:557][  0]LogShaderCompilers: Guid format shader working directory is 16 characters bigger than the processId version (../../../../../../../Projects/FPS/FPS/Intermediate/Shaders/WorkingDirectory/19312/).
[2018.06.30-17.55.40:557][  0]LogShaderCompilers: Cleaned the shader compiler working directory 'C:/Users/TomColdenhoff/AppData/Local/Temp/UnrealShaderWorkingDir/B520E06D4F72E4A77A7723A7BA1EAB10/'.
[2018.06.30-17.55.40:775][  0]LogTemp: Display: Loaded TP AllDesktopTargetPlatform
[2018.06.30-17.55.40:789][  0]LogTemp: Display: Loaded TP MacClientTargetPlatform
[2018.06.30-17.55.40:810][  0]LogTemp: Display: Loaded TP MacNoEditorTargetPlatform
[2018.06.30-17.55.40:829][  0]LogTemp: Display: Loaded TP MacServerTargetPlatform
[2018.06.30-17.55.40:846][  0]LogTemp: Display: Loaded TP MacTargetPlatform
[2018.06.30-17.55.40:861][  0]LogTemp: Display: Loaded TP WindowsClientTargetPlatform
[2018.06.30-17.55.40:876][  0]LogTemp: Display: Loaded TP WindowsNoEditorTargetPlatform
[2018.06.30-17.55.40:893][  0]LogTemp: Display: Loaded TP WindowsServerTargetPlatform
[2018.06.30-17.55.40:903][  0]LogTemp: Display: Loaded TP WindowsTargetPlatform
[2018.06.30-17.55.40:920][  0]LogTemp: Display: Loaded TP Android_ASTCTargetPlatform
[2018.06.30-17.55.40:938][  0]LogTemp: Display: Loaded TP Android_ATCTargetPlatform
[2018.06.30-17.55.40:958][  0]LogTemp: Display: Loaded TP Android_DXTTargetPlatform
[2018.06.30-17.55.40:975][  0]LogTemp: Display: Loaded TP Android_ETC1aTargetPlatform
[2018.06.30-17.55.40:994][  0]LogTemp: Display: Loaded TP Android_ETC1TargetPlatform
[2018.06.30-17.55.41:013][  0]LogTemp: Display: Loaded TP Android_ETC2TargetPlatform
[2018.06.30-17.55.41:048][  0]LogTemp: Display: Loaded TP Android_MultiTargetPlatform
[2018.06.30-17.55.41:048][  0]LogTemp: Display: Loaded TP Android_PVRTCTargetPlatform
[2018.06.30-17.55.41:062][  0]LogTemp: Display: Loaded TP AndroidTargetPlatform
[2018.06.30-17.55.41:065][  0]LogTemp: Display: Loaded TP HTML5TargetPlatform
[2018.06.30-17.55.41:114][  0]LogTemp: Display: Loaded TP IOSTargetPlatform
[2018.06.30-17.55.41:127][  0]LogTemp: Display: Loaded TP TVOSTargetPlatform
[2018.06.30-17.55.41:141][  0]LogTemp: Display: Loaded TP LinuxClientTargetPlatform
[2018.06.30-17.55.41:159][  0]LogTemp: Display: Loaded TP LinuxNoEditorTargetPlatform
[2018.06.30-17.55.41:175][  0]LogTemp: Display: Loaded TP LinuxServerTargetPlatform
[2018.06.30-17.55.41:189][  0]LogTemp: Display: Loaded TP LinuxTargetPlatform
[2018.06.30-17.55.41:189][  0]LogTargetPlatformManager: Display: Building Assets For Windows
[2018.06.30-17.55.41:309][  0]LogXGEController: Cleaning working directory: C:/Users/TomColdenhoff/AppData/Local/Temp/UnrealXGEWorkingDir/
[2018.06.30-17.55.41:309][  0]LogXGEController: Cannot use XGE Controller as Incredibuild is not installed on this machine.
[2018.06.30-17.55.41:309][  0]LogShaderCompilers: Cannot use XGE Shader Compiler as Incredibuild is not installed on this machine.
[2018.06.30-17.55.41:309][  0]LogShaderCompilers: Display: Using Local Shader Compiler.
[2018.06.30-17.55.42:006][  0]LogDerivedDataCache: Display: Max Cache Size: 512 MB
[2018.06.30-17.55.42:085][  0]LogDerivedDataCache: Loaded boot cache 0.08s 80MB C:/Users/TomColdenhoff/AppData/Local/UnrealEngine/4.19/DerivedDataCache/Boot.ddc.
[2018.06.30-17.55.42:085][  0]LogDerivedDataCache: Display: Loaded Boot cache: C:/Users/TomColdenhoff/AppData/Local/UnrealEngine/4.19/DerivedDataCache/Boot.ddc
[2018.06.30-17.55.42:085][  0]LogDerivedDataCache: FDerivedDataBackendGraph:  Pak pak cache file ../../../../../../../Projects/FPS/FPS/DerivedDataCache/DDC.ddp not found, will not use a pak cache.
[2018.06.30-17.55.42:086][  0]LogDerivedDataCache: Unable to find inner node Pak for hierarchical cache Hierarchy.
[2018.06.30-17.55.42:086][  0]LogDerivedDataCache: FDerivedDataBackendGraph:  CompressedPak pak cache file ../../../../../../../Projects/FPS/FPS/DerivedDataCache/Compressed.ddp not found, will not use a pak cache.
[2018.06.30-17.55.42:086][  0]LogDerivedDataCache: Unable to find inner node CompressedPak for hierarchical cache Hierarchy.
[2018.06.30-17.55.42:101][  0]LogDerivedDataCache: Display: Pak cache opened for reading ../../../Engine/DerivedDataCache/Compressed.ddp.
[2018.06.30-17.55.42:114][  0]LogDerivedDataCache: Using Local data cache path C:/Users/TomColdenhoff/AppData/Local/UnrealEngine/Common/DerivedDataCache: Writable
[2018.06.30-17.55.42:114][  0]LogDerivedDataCache: Shared data cache path not found in *engine.ini, will not use an Shared cache.
[2018.06.30-17.55.42:114][  0]LogDerivedDataCache: Unable to find inner node Shared for hierarchical cache Hierarchy.
[2018.06.30-17.55.42:127][  0]LogMaterial: Verifying Global Shaders for PCD3D_SM5
[2018.06.30-17.55.42:127][  0]LogSlate: Using Freetype 2.6.0
[2018.06.30-17.55.42:128][  0]LogSlate: SlateFontCache - WITH_FREETYPE: 1, WITH_HARFBUZZ: 1
[2018.06.30-17.55.42:128][  0]LogSlate: SlateFontCache - WITH_FREETYPE: 1, WITH_HARFBUZZ: 1
[2018.06.30-17.55.42:236][  0]LogAssetRegistry: FAssetRegistry took 0.0284 seconds to start up
[2018.06.30-17.55.43:331][  0]LogInit: Selected Device Profile: [Windows]
[2018.06.30-17.55.43:480][  0]LogSimplygon: Simplygon DLL not present - disabling.
[2018.06.30-17.55.43:484][  0]LogMeshReduction: Using SimplygonSwarm for distributed automatic mesh merging
[2018.06.30-17.55.43:484][  0]LogMeshReduction: Using QuadricMeshReduction for automatic static mesh reduction
[2018.06.30-17.55.43:484][  0]LogMeshReduction: No automatic skeletal mesh reduction module available
[2018.06.30-17.55.43:484][  0]LogMeshReduction: No automatic mesh merging module available
[2018.06.30-17.55.43:484][  0]LogMeshMerging: No automatic mesh merging module available
[2018.06.30-17.55.43:516][  0]LogNetVersion: FPS , NetCL: 3944462, EngineNetVer: 2, GameNetVer: 0 (Checksum: 2326512385)
[2018.06.30-17.55.43:914][  0]LogPackageLocalizationCache: Processed 9 localized package path(s) for 2 prioritized culture(s) in 0.062291 seconds
[2018.06.30-17.55.43:920][  0]LogUObjectArray: 36728 objects as part of root set at end of initial load.
[2018.06.30-17.55.43:920][  0]LogUObjectAllocator: 7314312 out of 0 bytes used by permanent object pool.
[2018.06.30-17.55.43:920][  0]LogUObjectArray: CloseDisregardForGC: 0/0 objects in disregard for GC pool
[2018.06.30-17.55.45:452][  0]LogTcpMessaging: Initializing TcpMessaging bridge
[2018.06.30-17.55.45:479][  0]LogUdpMessaging: Initializing bridge on interface 0.0.0.0:0 to multicast group 230.0.0.1:6666.
[2018.06.30-17.55.45:795][  0]LogSkeletalMesh: Skeletal Mesh found in DDC [1.388824ms] /Game/Models/Player/Arms/Arms_SMG.Arms_SMG
[2018.06.30-17.55.45:817][  0]LogUObjectGlobals: Created PersistentFrame Addr=0x0000016525ae4130, Size=80, Default__BP_SMGAnim_C Function /Game/Animations/SMG/BP_SMGAnim.BP_SMGAnim_C:ExecuteUbergraph_BP_SMGAnim
[2018.06.30-17.55.45:826][  0]LogUObjectGlobals: Destroyed PersistentFrame Addr=0x0000016525ae4130, Size=80
[2018.06.30-17.55.45:826][  0]LogUObjectGlobals: Created PersistentFrame Addr=0x0000016527003bf0, Size=80, Default__BP_SMGAnim_C Function /Engine/Transient.REINST_BP_SMGAnim_C_0:ExecuteUbergraph_BP_SMGAnim
[2018.06.30-17.55.45:835][  0]LogUObjectGlobals: Created PersistentFrame Addr=0x00000165270ada80, Size=80, Default__BP_SMGAnim_C Function /Game/Animations/SMG/BP_SMGAnim.BP_SMGAnim_C:ExecuteUbergraph_BP_SMGAnim
[2018.06.30-17.55.45:948][  0]SourceControl: Source control is disabled
[2018.06.30-17.55.45:948][  0]SourceControl: Source control is disabled
[2018.06.30-17.55.45:964][  0]SourceControl: Source control is disabled
[2018.06.30-17.55.45:979][  0]SourceControl: Source control is disabled
[2018.06.30-17.55.46:415][  0]LogAndroidPermission: UAndroidPermissionCallbackProxy::GetInstance
[2018.06.30-17.55.46:573][  0]LogOcInput: OculusInput pre-init called
[2018.06.30-17.55.47:594][  0]LogEngine: Initializing Engine...
[2018.06.30-17.55.47:596][  0]LogHMD: Failed to initialize OpenVR with code 110
[2018.06.30-17.55.47:597][  0]LogStats: UGameplayTagsManager::ConstructGameplayTagTree: Construct from data asset -  0.000 s
[2018.06.30-17.55.47:597][  0]LogStats: UGameplayTagsManager::ConstructGameplayTagTree: GameplayTagTreeChangedEvent.Broadcast -  0.000 s
[2018.06.30-17.55.47:807][  0]LogAIModule: Creating AISystem for world Untitled
[2018.06.30-17.55.47:832][  0]LogInit: XAudio2 using 'Speakers (Logitech G35 Headset)' : 2 channels at 44.1 kHz using 16 bits per sample (channel mask 0x3)
[2018.06.30-17.55.47:850][  0]LogInit: FAudioDevice initialized.
[2018.06.30-17.55.48:010][  0]LogDerivedDataCache: Saved boot cache 0.16s 80MB C:/Users/TomColdenhoff/AppData/Local/UnrealEngine/4.19/DerivedDataCache/Boot.ddc.
[2018.06.30-17.55.48:042][  0]LogInit: Texture streaming: Enabled
[2018.06.30-17.55.48:077][  0]LogEngineSessionManager: EngineSessionManager initialized
[2018.06.30-17.55.48:077][  0]LogEngineSessionManager: EngineSessionManager sent abnormal shutdown report. Type=Debugger, SessionId={2B290990-41D5-C595-A5EE-4E84E42BE542}
[2018.06.30-17.55.48:088][  0]LogInit: Transaction tracking system initialized
[2018.06.30-17.55.48:115][  0]BlueprintLog: New page: Editor Load
[2018.06.30-17.55.48:209][  0]LocalizationService: Localization service is disabled
[2018.06.30-17.55.48:319][  0]LogConsoleResponse: Display: 
[2018.06.30-17.55.48:450][  0]LogCook: Display: Max memory allowance for cook 16384mb min free memory 0mb
[2018.06.30-17.55.48:451][  0]LogCook: Display: Mobile HDR setting 1
[2018.06.30-17.55.48:451][  0]LogGameplayTags: Display: UGameplayTagsManager::DoneAddingNativeTags. DelegateIsBound: 0
[2018.06.30-17.55.48:451][  0]LogStats: UGameplayTagsManager::ConstructGameplayTagTree: Construct from data asset -  0.000 s
[2018.06.30-17.55.48:451][  0]LogStats: UGameplayTagsManager::ConstructGameplayTagTree: GameplayTagTreeChangedEvent.Broadcast -  0.000 s
[2018.06.30-17.55.48:704][  0]LogFileCache: Scanning file cache for directory 'E:/Projects/FPS/FPS/Content/' took 0.02s
[2018.06.30-17.55.48:761][  0]SourceControl: Source control is disabled
[2018.06.30-17.55.48:761][  0]Cmd: MAP LOAD FILE="../../../../../../../Projects/FPS/FPS/Content/Maps/Level1.umap" TEMPLATE=0 SHOWPROGRESS=1 FEATURELEVEL=3
[2018.06.30-17.55.48:762][  0]LightingResults: New page: Lighting Build
[2018.06.30-17.55.48:764][  0]MapCheck: New page: Map Check
[2018.06.30-17.55.48:764][  0]LightingResults: New page: Lighting Build
[2018.06.30-17.55.48:775][  0]LogUObjectGlobals: Destroyed PersistentFrame Addr=0x0000016527003bf0, Size=80
[2018.06.30-17.55.49:533][  0]LogAIModule: Creating AISystem for world Level1
[2018.06.30-17.55.49:565][  0]LogEditorServer: Finished looking for orphan Actors (0.000 secs)
[2018.06.30-17.55.49:580][  0]Cmd: MAP CHECKDEP NOCLEARLOG
[2018.06.30-17.55.49:641][  0]MapCheck: Map check complete: 0 Error(s), 0 Warning(s), took 60.496ms to complete.
[2018.06.30-17.55.49:641][  0]LogFileHelpers: Loading map 'Level1' took 0.880
[2018.06.30-17.55.49:808][  0]LogCollectionManager: Loaded 0 collections in 0.000842 seconds
[2018.06.30-17.55.49:854][  0]LogFileCache: Scanning file cache for directory 'E:/Projects/FPS/FPS/Saved/Collections/' took 0.01s
[2018.06.30-17.55.49:854][  0]LogFileCache: Scanning file cache for directory 'E:/Projects/FPS/FPS/Content/Developers/TomColdenhoff/Collections/' took 0.01s
[2018.06.30-17.55.49:854][  0]LogFileCache: Scanning file cache for directory 'E:/Projects/FPS/FPS/Content/Collections/' took 0.01s
[2018.06.30-17.55.49:854][  0]LogCollectionManager: Rebuilt the GUID cache for 0 collections in 0.000000 seconds
[2018.06.30-17.55.49:863][  0]LogContentBrowser: Native class hierarchy populated in 0.0092 seconds. Added 2481 classes and 565 folders.
[2018.06.30-17.55.49:869][  0]LogContentBrowser: Native class hierarchy updated for 'WidgetCarousel' in 0.0009 seconds. Added 0 classes and 0 folders.
[2018.06.30-17.55.49:902][  0]LogContentBrowser: Native class hierarchy updated for 'AddContentDialog' in 0.0012 seconds. Added 0 classes and 0 folders.
[2018.06.30-17.55.49:914][  0]LogContentBrowser: Native class hierarchy updated for 'SceneOutliner' in 0.0010 seconds. Added 1 classes and 2 folders.
[2018.06.30-17.55.50:982][  0]LogSlate: Only BGRA pngs, bmps or icos are supported in by External Image Picker
[2018.06.30-17.55.51:001][  0]LogSlate: Took 0.000171 seconds to synchronously load lazily loaded font '../../../Engine/Content/Slate/Fonts/Roboto-Regular.ttf' (155K)
[2018.06.30-17.55.51:003][  0]LogSlate: Took 0.000225 seconds to synchronously load lazily loaded font '../../../Engine/Content/Slate/Fonts/Roboto-Bold.ttf' (160K)
[2018.06.30-17.55.51:011][  0]LogSlate: Took 0.000281 seconds to synchronously load lazily loaded font '../../../Engine/Content/Editor/Slate/Fonts/FontAwesome.ttf' (139K)
[2018.06.30-17.55.51:112][  0]LogTemp: Executing iPhonePackager certificates Engine -bundlename com.YourCompany.FPS
[2018.06.30-17.55.51:112][  0]LogTemp: CWD: E:\Game Engines\Epic Games\4.19\UE_4.19\Engine\Binaries\DotNET\IOS
[2018.06.30-17.55.51:112][  0]LogTemp: Initial Dir: E:\Game Engines\Epic Games\4.19\UE_4.19
[2018.06.30-17.55.51:113][  0]LogTemp: Env CWD: E:\Game Engines\Epic Games\4.19\UE_4.19\Engine\Binaries\DotNET\IOS
[2018.06.30-17.55.51:113][  0]LogTemp: BranchPath = DESKTOP-27ERO04/E/Game Engines/Epic Games/4.19/UE_4.19/Engine/Binaries --- GameBranchPath = DESKTOP-27ERO04/E/Game Engines/Epic Games/4.19/UE_4.19/Engine/Binaries
[2018.06.30-17.55.51:113][  0]LogTemp: IPP ERROR: Could not find provision directory 'C:\Users\TomColdenhoff\AppData\Local/Apple Computer/MobileDevice/Provisioning Profiles/'.
[2018.06.30-17.55.51:113][  0]LogRenderer: Reallocating scene render targets to support 1136x532 Format 10 NumSamples 1 (Frame:1).
[2018.06.30-17.55.51:396][  0]LogContentBrowser: Native class hierarchy updated for 'HierarchicalLODOutliner' in 0.0025 seconds. Added 0 classes and 0 folders.
[2018.06.30-17.55.51:397][  0]LogLoad: (Engine Initialization) Total time: 14.43 seconds
[2018.06.30-17.55.51:397][  0]LogLoad: (Engine Initialization) Total Blueprint compile time: 0.00 seconds
[2018.06.30-17.55.51:407][  0]LogWindowsTextInputMethodSystem: Display: IME system now deactivated.
[2018.06.30-17.55.51:437][  0]LogContentStreaming: Texture pool size now 1000 MB
[2018.06.30-17.55.51:485][  0]LogSlate: Took 0.000184 seconds to synchronously load lazily loaded font '../../../Engine/Content/Slate/Fonts/Roboto-Light.ttf' (167K)
[2018.06.30-17.55.51:527][  2]LogAssetRegistry: Asset discovery search completed in 9.3157 seconds
[2018.06.30-17.55.51:529][  2]LogCollectionManager: Rebuilt the object cache for 0 collections in 0.000000 seconds (found 0 objects)
[2018.06.30-17.55.51:530][  2]LogCollectionManager: Fixed up redirectors for 0 collections in 0.000230 seconds (updated 0 objects)
[2018.06.30-17.55.52:707][ 90]LogSlate: FSceneViewport::OnFocusLost() reason 0
[2018.06.30-17.55.52:780][ 98]LogTemp: Repeating last play command: Selected Viewport
[2018.06.30-17.55.52:802][ 98]LogPlayLevel: PlayLevel: No blueprints needed recompiling
[2018.06.30-17.55.52:802][ 98]PIE: New page: PIE session: Level1 (Jun 30, 2018, 9:55:52 PM)
[2018.06.30-17.55.52:803][ 98]LogPlayLevel: Creating play world package: /Game/Maps/UEDPIE_0_Level1
[2018.06.30-17.55.52:816][ 98]LogPlayLevel: PIE: StaticDuplicateObject took: (0.013034s)
[2018.06.30-17.55.52:817][ 98]LogAIModule: Creating AISystem for world Level1
[2018.06.30-17.55.52:817][ 98]LogPlayLevel: PIE: World Init took: (0.000918s)
[2018.06.30-17.55.52:817][ 98]LogPlayLevel: PIE: Created PIE world by copying editor world from /Game/Maps/Level1.Level1 to /Game/Maps/UEDPIE_0_Level1.Level1 (0.014482s)
[2018.06.30-17.55.52:831][ 98]LogInit: XAudio2 using 'Speakers (Logitech G35 Headset)' : 2 channels at 44.1 kHz using 16 bits per sample (channel mask 0x3)
[2018.06.30-17.55.52:839][ 98]LogInit: FAudioDevice initialized.
[2018.06.30-17.55.52:901][ 98]LogUObjectGlobals: Created PersistentFrame Addr=0x000001657868d000, Size=128, Default__BP_InGameGUI_C Function /Game/UI/Widgets/BP_InGameGUI.BP_InGameGUI_C:ExecuteUbergraph_BP_InGameGUI
[2018.06.30-17.55.52:907][ 98]LogUObjectGlobals: Destroyed PersistentFrame Addr=0x000001657868d000, Size=128
[2018.06.30-17.55.52:907][ 98]LogUObjectGlobals: Created PersistentFrame Addr=0x000001657868d000, Size=128, Default__BP_InGameGUI_C Function /Engine/Transient.REINST_BP_InGameGUI_C_0:ExecuteUbergraph_BP_InGameGUI
[2018.06.30-17.55.52:911][ 98]LogUObjectGlobals: Created PersistentFrame Addr=0x0000016573de1480, Size=128, Default__BP_InGameGUI_C Function /Game/UI/Widgets/BP_InGameGUI.BP_InGameGUI_C:ExecuteUbergraph_BP_InGameGUI
[2018.06.30-17.55.52:934][ 98]LogUObjectGlobals: Created PersistentFrame Addr=0x00000165745b5b90, Size=4, Default__OnGroundSlot_C Function /Game/UI/Widgets/Inventory/Ground/OnGroundSlot.OnGroundSlot_C:ExecuteUbergraph_OnGroundSlot
[2018.06.30-17.55.52:939][ 98]LogUObjectGlobals: Destroyed PersistentFrame Addr=0x00000165745b5b90, Size=4
[2018.06.30-17.55.52:940][ 98]LogUObjectGlobals: Created PersistentFrame Addr=0x00000165745b5b90, Size=4, Default__OnGroundSlot_C Function /Engine/Transient.REINST_OnGroundSlot_C_2:ExecuteUbergraph_OnGroundSlot
[2018.06.30-17.55.52:944][ 98]LogUObjectGlobals: Created PersistentFrame Addr=0x00000165745b5c90, Size=4, Default__OnGroundSlot_C Function /Game/UI/Widgets/Inventory/Ground/OnGroundSlot.OnGroundSlot_C:ExecuteUbergraph_OnGroundSlot
[2018.06.30-17.55.52:949][ 98]LogUObjectGlobals: Created PersistentFrame Addr=0x00000165520ba340, Size=160, Default__OnGroundUI_C Function /Game/UI/Widgets/Inventory/Ground/OnGroundUI.OnGroundUI_C:ExecuteUbergraph_OnGroundUI
[2018.06.30-17.55.52:958][ 98]LogUObjectGlobals: Destroyed PersistentFrame Addr=0x00000165520ba340, Size=160
[2018.06.30-17.55.52:958][ 98]LogUObjectGlobals: Created PersistentFrame Addr=0x000001655210d4e0, Size=160, Default__OnGroundUI_C Function /Engine/Transient.REINST_OnGroundUI_C_3:ExecuteUbergraph_OnGroundUI
[2018.06.30-17.55.52:968][ 98]LogUObjectGlobals: Created PersistentFrame Addr=0x0000016509022ac0, Size=160, Default__OnGroundUI_C Function /Game/UI/Widgets/Inventory/Ground/OnGroundUI.OnGroundUI_C:ExecuteUbergraph_OnGroundUI
[2018.06.30-17.55.52:977][ 98]LogUObjectGlobals: Created PersistentFrame Addr=0x0000016574088250, Size=56, Default__HandSlot_C Function /Game/UI/Widgets/Inventory/HandSlot.HandSlot_C:ExecuteUbergraph_HandSlot
[2018.06.30-17.55.52:988][ 98]LogUObjectGlobals: Destroyed PersistentFrame Addr=0x0000016574088250, Size=56
[2018.06.30-17.55.52:988][ 98]LogUObjectGlobals: Created PersistentFrame Addr=0x0000016574088250, Size=56, Default__HandSlot_C Function /Engine/Transient.REINST_HandSlot_C_4:ExecuteUbergraph_HandSlot
[2018.06.30-17.55.52:992][ 98]LogUObjectGlobals: Created PersistentFrame Addr=0x000001657408beb0, Size=56, Default__HandSlot_C Function /Game/UI/Widgets/Inventory/HandSlot.HandSlot_C:ExecuteUbergraph_HandSlot
[2018.06.30-17.55.53:003][ 98]LogUObjectGlobals: Created PersistentFrame Addr=0x0000016508fce940, Size=424, Default__Slot_C Function /Game/UI/Widgets/Inventory/Slot.Slot_C:ExecuteUbergraph_Slot
[2018.06.30-17.55.53:009][ 98]LogUObjectGlobals: Destroyed PersistentFrame Addr=0x0000016508fce940, Size=424
[2018.06.30-17.55.53:010][ 98]LogUObjectGlobals: Created PersistentFrame Addr=0x0000016508fce940, Size=424, Default__Slot_C Function /Engine/Transient.REINST_Slot_C_5:ExecuteUbergraph_Slot
[2018.06.30-17.55.53:015][ 98]LogUObjectGlobals: Created PersistentFrame Addr=0x0000016508fcd280, Size=424, Default__Slot_C Function /Game/UI/Widgets/Inventory/Slot.Slot_C:ExecuteUbergraph_Slot
[2018.06.30-17.55.53:018][ 98]LogUObjectGlobals: Created PersistentFrame Addr=0x00000165a730ce50, Size=40, Default__InventorySlots_C Function /Game/UI/Widgets/Inventory/InventorySlots.InventorySlots_C:ExecuteUbergraph_InventorySlots
[2018.06.30-17.55.53:033][ 98]LogUObjectGlobals: Destroyed PersistentFrame Addr=0x00000165a730ce50, Size=40
[2018.06.30-17.55.53:034][ 98]LogUObjectGlobals: Created PersistentFrame Addr=0x00000165a730ce50, Size=40, Default__InventorySlots_C Function /Engine/Transient.REINST_InventorySlots_C_6:ExecuteUbergraph_InventorySlots
[2018.06.30-17.55.53:041][ 98]LogUObjectGlobals: Created PersistentFrame Addr=0x00000165a730cba8, Size=40, Default__InventorySlots_C Function /Game/UI/Widgets/Inventory/InventorySlots.InventorySlots_C:ExecuteUbergraph_InventorySlots
[2018.06.30-17.55.53:044][ 98]LogUObjectGlobals: Created PersistentFrame Addr=0x00000165a730c8d8, Size=40, Default__UIHUD_C Function /Game/UI/Widgets/UIHUD.UIHUD_C:ExecuteUbergraph_UIHUD
[2018.06.30-17.55.53:049][ 98]LogUObjectGlobals: Destroyed PersistentFrame Addr=0x00000165a730c8d8, Size=40
[2018.06.30-17.55.53:049][ 98]LogUObjectGlobals: Created PersistentFrame Addr=0x00000165a730c8d8, Size=40, Default__UIHUD_C Function /Engine/Transient.REINST_UIHUD_C_7:ExecuteUbergraph_UIHUD
[2018.06.30-17.55.53:051][ 98]LogUObjectGlobals: Created PersistentFrame Addr=0x00000165a730c900, Size=40, Default__UIHUD_C Function /Game/UI/Widgets/UIHUD.UIHUD_C:ExecuteUbergraph_UIHUD
[2018.06.30-17.55.53:133][ 98]LogLoad: Game class is 'BP_FPSGameModeBase_C'
[2018.06.30-17.55.53:142][ 98]LogWorld: Bringing World /Game/Maps/UEDPIE_0_Level1.Level1 up for play (max tick rate 0) at 2018.06.30-19.55.53
[2018.06.30-17.55.53:143][ 98]LogWorld: Bringing up level for play took: 0.009254
[2018.06.30-17.55.53:147][ 98]LogContentBrowser: Native class hierarchy updated for 'MovieSceneCapture' in 0.0010 seconds. Added 11 classes and 0 folders.
[2018.06.30-17.55.53:154][ 98]PIE: Play in editor start time for /Game/Maps/UEDPIE_0_Level1 0.711
[2018.06.30-17.55.55:834][349]LogTemp: Warning: There is no current weapon
[2018.06.30-17.55.56:165][378]LogTemp: Warning: There is no current weapon
[2018.06.30-17.55.57:726][515]LogOutputDevice: Warning: 

Script Stack:
HandSlot_C.OnDrop

[2018.06.30-17.55.57:726][515]LogOutputDevice: Error: Ensure condition failed: bHasBegunPlay [File:D:\Build\++UE4+Release-4.19+Compile\Sync\Engine\Source\Runtime\Engine\Private\Components\ActorComponent.cpp] [Line: 1004] 
Failed to route BeginPlay (SMG /Game/Maps/UEDPIE_0_Level1.Level1:PersistentLevel.BP_FPSPlayer_C_0.CurrentWeaponMesh)

[2018.06.30-17.55.57:726][515]LogStats:             FDebug::EnsureFailed -  0.000 s
[2018.06.30-17.56.01:166][577]LogSlate: FSceneViewport::OnFocusLost() reason 0
[2018.06.30-17.56.01:878][641]LogTemp: Warning: SMG: Added to inventory
[2018.06.30-17.56.09:259][285]LogTemp: Warning: SMG: Added to inventory
[2018.06.30-17.56.09:493][306]LogSlate: FSceneViewport::OnFocusLost() reason 0
[2018.06.30-17.56.10:699][414]LogTemp: Warning: SMG: Added to inventory
[2018.06.30-17.56.16:659][939]LogSlate: FSceneViewport::OnFocusLost() reason 0
[2018.06.30-17.56.17:463][ 11]LogTemp: Warning: SMG: Added to inventory
[2018.06.30-17.56.18:453][100]LogTemp: Warning: SMG: Added to inventory
[2018.06.30-17.56.19:556][199]LogTemp: Warning: SMG: Added to inventory
[2018.06.30-17.56.22:524][454]LogUObjectGlobals: Destroyed PersistentFrame Addr=0x000001657868d000, Size=128
[2018.06.30-17.56.22:525][454]LogUObjectGlobals: Destroyed PersistentFrame Addr=0x00000165745b5b90, Size=4
[2018.06.30-17.56.22:525][454]LogUObjectGlobals: Destroyed PersistentFrame Addr=0x000001655210d4e0, Size=160
[2018.06.30-17.56.22:525][454]LogUObjectGlobals: Destroyed PersistentFrame Addr=0x0000016574088250, Size=56
[2018.06.30-17.56.22:526][454]LogUObjectGlobals: Destroyed PersistentFrame Addr=0x0000016508fce940, Size=424
[2018.06.30-17.56.22:526][454]LogUObjectGlobals: Destroyed PersistentFrame Addr=0x00000165a730ce50, Size=40
[2018.06.30-17.56.22:526][454]LogUObjectGlobals: Destroyed PersistentFrame Addr=0x00000165a730c8d8, Size=40
[2018.06.30-17.56.23:275][514]LogSlate: Took 0.000277 seconds to synchronously load lazily loaded font '../../../Engine/Content/Slate/Fonts/Roboto-Light.ttf' (167K)
[2018.06.30-17.56.23:286][514]Cmd: OBJ SAVEPACKAGE PACKAGE="/Game/Maps/Level1" FILE="../../../../../../../Projects/FPS/FPS/Content/Maps/Level1.umap" SILENT=true AUTOSAVING=false KEEPDIRTY=false
[2018.06.30-17.56.23:556][514]LogSavePackage: Save=241.12ms
[2018.06.30-17.56.23:556][514]LogSavePackage: Moving '../../../../../../../Projects/FPS/FPS/Saved/Level1A9F0C92944B66642AB22AF852F63757E.tmp' to '../../../../../../../Projects/FPS/FPS/Content/Maps/Level1.umap'
[2018.06.30-17.56.23:557][514]LogSavePackage: Display: Finished SavePackage ../../../../../../../Projects/FPS/FPS/Content/Maps/Level1.umap
[2018.06.30-17.56.23:610][514]Cmd: OBJ SAVEPACKAGE PACKAGE="/Game/Maps/Level1_BuiltData" FILE="../../../../../../../Projects/FPS/FPS/Content/Maps/Level1_BuiltData.uasset" SILENT=true
[2018.06.30-17.56.24:136][514]LogSavePackage: Save=480.24ms
[2018.06.30-17.56.24:136][514]LogSavePackage: Moving '../../../../../../../Projects/FPS/FPS/Saved/Level1_BuiltData2832A520450509460A562BAA747656EE.tmp' to '../../../../../../../Projects/FPS/FPS/Content/Maps/Level1_BuiltData.uasset'
[2018.06.30-17.56.24:137][514]LogSavePackage: Display: Finished SavePackage ../../../../../../../Projects/FPS/FPS/Content/Maps/Level1_BuiltData.uasset
[2018.06.30-20.03.57:467][139]LogContentBrowser: Native class hierarchy updated for 'BlueprintGraph' in 0.0014 seconds. Added 116 classes and 0 folders.
[2018.06.30-20.03.57:844][139]LogUObjectGlobals: Created PersistentFrame Addr=0x00000165a7a322d0, Size=4, Default__SKEL_PROTO_BP_AnimBlueprint_0_C Function /Engine/Transient.SKEL_PROTO_BP_AnimBlueprint_0_C:ExecuteUbergraph_PROTO_BP_AnimBlueprint_0
[2018.06.30-20.03.57:845][139]LogUObjectGlobals: Created PersistentFrame Addr=0x00000165a7a322c8, Size=4, Default__PROTO_BP_AnimBlueprint_0_C Function /Engine/Transient.PROTO_BP_AnimBlueprint_0_C:ExecuteUbergraph_PROTO_BP_AnimBlueprint_0
[2018.06.30-20.03.58:234][139]LogSlate: Took 0.000207 seconds to synchronously load lazily loaded font '../../../Engine/Content/Slate/Fonts/Roboto-BoldCondensed.ttf' (158K)
[2018.06.30-20.04.16:614][329]LogUObjectGlobals: Created PersistentFrame Addr=0x0000016546627008, Size=4, Default__SKEL_HandSlot_C Function /Game/UI/Widgets/Inventory/HandSlot.SKEL_HandSlot_C:ExecuteUbergraph_HandSlot
[2018.06.30-20.04.16:689][329]LogSlate: Took 0.002494 seconds to synchronously load lazily loaded font '../../../Engine/Content/Slate/Fonts/DroidSansFallback.ttf' (3848K)
[2018.06.30-20.04.29:572][859]LogUObjectGlobals: Destroyed PersistentFrame Addr=0x0000016546627008, Size=4
[2018.06.30-20.04.29:572][859]LogUObjectGlobals: Created PersistentFrame Addr=0x00000165365a82d8, Size=4, Default__SKEL_HandSlot_C Function /Engine/Transient.REINST_SKEL_HandSlot_C_9:ExecuteUbergraph_HandSlot
[2018.06.30-20.04.29:574][859]LogUObjectGlobals: Created PersistentFrame Addr=0x00000165365a90f0, Size=4, Default__SKEL_HandSlot_C Function /Game/UI/Widgets/Inventory/HandSlot.SKEL_HandSlot_C:ExecuteUbergraph_HandSlot
[2018.06.30-20.04.32:261][171]LogUObjectGlobals: Destroyed PersistentFrame Addr=0x00000165365a90f0, Size=4
[2018.06.30-20.04.32:261][171]LogUObjectGlobals: Created PersistentFrame Addr=0x0000016546625ce0, Size=4, Default__SKEL_HandSlot_C Function /Engine/Transient.REINST_SKEL_HandSlot_C_10:ExecuteUbergraph_HandSlot
[2018.06.30-20.04.32:263][171]LogUObjectGlobals: Created PersistentFrame Addr=0x00000165466249d8, Size=4, Default__SKEL_HandSlot_C Function /Game/UI/Widgets/Inventory/HandSlot.SKEL_HandSlot_C:ExecuteUbergraph_HandSlot
[2018.06.30-20.05.10:546][603]LogUObjectHash: Warning: Ambiguous search, could be VerticalBox /Game/UI/Widgets/Inventory/InventorySlots.InventorySlots:WidgetTree.VerticalBox_0 or VerticalBox /Game/UI/Widgets/Inventory/InventorySlots.SKEL_InventorySlots_C:WidgetTree.VerticalBox_0
[2018.06.30-20.05.10:546][603]LogUObjectHash: Warning: Ambiguous search, could be VerticalBox /Game/UI/Widgets/Inventory/InventorySlots.InventorySlots:WidgetTree.VerticalBox_0 or VerticalBox /Game/UI/Widgets/Inventory/InventorySlots.InventorySlots_C:WidgetTree.VerticalBox_0
[2018.06.30-20.05.10:546][603]LogUObjectHash: Warning: Ambiguous search, could be VerticalBox /Game/UI/Widgets/Inventory/InventorySlots.InventorySlots:WidgetTree.VerticalBox_0 or VerticalBox /Engine/Transient.World_4:InventorySlots_C_0.WidgetTree_1065.VerticalBox_0
[2018.06.30-20.05.10:546][603]LogUObjectHash: Warning: Ambiguous search, could be VerticalBox /Game/UI/Widgets/Inventory/InventorySlots.InventorySlots:WidgetTree.VerticalBox_0 or VerticalBox /Engine/Transient.World_2:HandSlot_C_4.WidgetTree_1064.VerticalBox_0
[2018.06.30-20.05.10:546][603]LogUObjectHash: Warning: Ambiguous search, could be VerticalBox /Game/UI/Widgets/Inventory/InventorySlots.InventorySlots:WidgetTree.VerticalBox_0 or VerticalBox /Engine/Transient.World_2:HandSlot_C_3.WidgetTree_1063.VerticalBox_0
[2018.06.30-20.05.10:546][603]LogUObjectHash: Warning: Ambiguous search, could be VerticalBox /Game/UI/Widgets/Inventory/InventorySlots.InventorySlots:WidgetTree.VerticalBox_0 or VerticalBox /Engine/Transient.World_2:HandSlot_C_2.WidgetTree_1062.VerticalBox_0
[2018.06.30-20.05.10:546][603]LogUObjectHash: Warning: Ambiguous search, could be VerticalBox /Game/UI/Widgets/Inventory/InventorySlots.InventorySlots:WidgetTree.VerticalBox_0 or VerticalBox /Game/UI/Widgets/Inventory/HandSlot.HandSlot:WidgetTree.VerticalBox_0
[2018.06.30-20.05.10:546][603]LogUObjectHash: Warning: Ambiguous search, could be VerticalBox /Game/UI/Widgets/Inventory/InventorySlots.InventorySlots:WidgetTree.VerticalBox_0 or VerticalBox /Engine/Transient.World_4:InventorySlots_C_1.WidgetTree_1096.VerticalBox_0
[2018.06.30-20.05.10:547][603]LogProperty: Warning: Illegal TEXT reference to a private object in external package (VerticalBoxSlot /Game/UI/Widgets/Inventory/InventorySlots.InventorySlots:WidgetTree.VerticalBox_0.VerticalBoxSlot_2) from referencer (Border /Engine/UMG/Editor/Transient.Border_0).  Import failed...
[2018.06.30-20.05.10:547][603]LogProperty: Warning: ObjectProperty /Script/UMG.Widget:Slot: unresolved reference to 'VerticalBoxSlot'"VerticalBox_0.VerticalBoxSlot_2"''
[2018.06.30-20.05.10:548][603]LogUObjectGlobals: Destroyed PersistentFrame Addr=0x00000165466249d8, Size=4
[2018.06.30-20.05.10:548][603]LogUObjectGlobals: Created PersistentFrame Addr=0x000001654a360198, Size=4, Default__SKEL_HandSlot_C Function /Engine/Transient.REINST_SKEL_HandSlot_C_11:ExecuteUbergraph_HandSlot
[2018.06.30-20.05.10:550][603]LogUObjectGlobals: Created PersistentFrame Addr=0x000001654a3601e0, Size=4, Default__SKEL_HandSlot_C Function /Game/UI/Widgets/Inventory/HandSlot.SKEL_HandSlot_C:ExecuteUbergraph_HandSlot
[2018.06.30-20.05.13:765][977]LogUObjectGlobals: Destroyed PersistentFrame Addr=0x000001654a3601e0, Size=4
[2018.06.30-20.05.13:765][977]LogUObjectGlobals: Created PersistentFrame Addr=0x0000016546626810, Size=4, Default__SKEL_HandSlot_C Function /Engine/Transient.REINST_SKEL_HandSlot_C_12:ExecuteUbergraph_HandSlot
[2018.06.30-20.05.13:767][977]LogUObjectGlobals: Created PersistentFrame Addr=0x00000165466241d8, Size=4, Default__SKEL_HandSlot_C Function /Game/UI/Widgets/Inventory/HandSlot.SKEL_HandSlot_C:ExecuteUbergraph_HandSlot
[2018.06.30-20.05.15:646][190]LogUObjectGlobals: Destroyed PersistentFrame Addr=0x00000165466241d8, Size=4
[2018.06.30-20.05.15:646][190]LogUObjectGlobals: Created PersistentFrame Addr=0x00000165876b7a78, Size=4, Default__SKEL_HandSlot_C Function /Engine/Transient.REINST_SKEL_HandSlot_C_13:ExecuteUbergraph_HandSlot
[2018.06.30-20.05.15:648][190]LogUObjectGlobals: Created PersistentFrame Addr=0x00000165876b6d40, Size=4, Default__SKEL_HandSlot_C Function /Game/UI/Widgets/Inventory/HandSlot.SKEL_HandSlot_C:ExecuteUbergraph_HandSlot
[2018.06.30-20.05.48:793][134]LogUObjectGlobals: Destroyed PersistentFrame Addr=0x00000165365a82d8, Size=4
[2018.06.30-20.05.48:794][134]LogUObjectGlobals: Destroyed PersistentFrame Addr=0x0000016546625ce0, Size=4
[2018.06.30-20.05.48:795][134]LogUObjectGlobals: Destroyed PersistentFrame Addr=0x000001654a360198, Size=4
[2018.06.30-20.05.48:796][134]LogUObjectGlobals: Destroyed PersistentFrame Addr=0x0000016546626810, Size=4
[2018.06.30-20.05.48:797][134]LogUObjectGlobals: Destroyed PersistentFrame Addr=0x00000165876b7a78, Size=4
[2018.06.30-20.05.48:799][134]LogFileHelpers: Editor autosave (incl. sublevels) for '/Game/Maps/Level1' took 0.030
[2018.06.30-20.05.48:801][134]OBJ SavePackage: Generating thumbnails for [0] asset(s) in package [/Game/UI/Widgets/Inventory/HandSlot] ([1] browsable assets)...
[2018.06.30-20.05.48:801][134]OBJ SavePackage: Finished generating thumbnails for package [/Game/UI/Widgets/Inventory/HandSlot]
[2018.06.30-20.05.48:802][134]Cmd: OBJ SAVEPACKAGE PACKAGE="/Game/UI/Widgets/Inventory/HandSlot" FILE="../../../../../../../Projects/FPS/FPS/Saved/Autosaves/Game/UI/Widgets/Inventory/HandSlot_Auto1.uasset" SILENT=false AUTOSAVING=true
[2018.06.30-20.05.48:849][134]LogSavePackage: Save=31.68ms
[2018.06.30-20.05.48:849][134]LogSavePackage: Moving '../../../../../../../Projects/FPS/FPS/Saved/HandSlot_Auto1AF72898845CDD30401AA6F84518A6E53.tmp' to '../../../../../../../Projects/FPS/FPS/Saved/Autosaves/Game/UI/Widgets/Inventory/HandSlot_Auto1.uasset'
[2018.06.30-20.05.48:850][134]LogSavePackage: Display: Finished SavePackage ../../../../../../../Projects/FPS/FPS/Saved/Autosaves/Game/UI/Widgets/Inventory/HandSlot_Auto1.uasset
[2018.06.30-20.05.48:851][134]LogFileHelpers: Auto-saving content packages took 0.050
[2018.06.30-20.05.56:180][  5]LogEditorTransaction: Undo Set Vector Property
[2018.06.30-20.05.56:180][  5]LogUObjectGlobals: Destroyed PersistentFrame Addr=0x00000165876b6d40, Size=4
[2018.06.30-20.05.56:181][  5]LogUObjectGlobals: Created PersistentFrame Addr=0x0000016546626a18, Size=4, Default__SKEL_HandSlot_C Function /Engine/Transient.REINST_SKEL_HandSlot_C_14:ExecuteUbergraph_HandSlot
[2018.06.30-20.05.56:183][  5]LogUObjectGlobals: Created PersistentFrame Addr=0x0000016546624468, Size=4, Default__SKEL_HandSlot_C Function /Game/UI/Widgets/Inventory/HandSlot.SKEL_HandSlot_C:ExecuteUbergraph_HandSlot
[2018.06.30-20.06.06:833][267]LogEditorTransaction: Undo Set Vector Property
[2018.06.30-20.06.06:834][267]LogUObjectGlobals: Destroyed PersistentFrame Addr=0x0000016546624468, Size=4
[2018.06.30-20.06.06:834][267]LogUObjectGlobals: Created PersistentFrame Addr=0x00000165741fa878, Size=4, Default__SKEL_HandSlot_C Function /Engine/Transient.REINST_SKEL_HandSlot_C_15:ExecuteUbergraph_HandSlot
[2018.06.30-20.06.06:836][267]LogUObjectGlobals: Created PersistentFrame Addr=0x00000165741fa9e0, Size=4, Default__SKEL_HandSlot_C Function /Game/UI/Widgets/Inventory/HandSlot.SKEL_HandSlot_C:ExecuteUbergraph_HandSlot
[2018.06.30-20.06.09:699][597]BlueprintLog: New page: Compile HandSlot
[2018.06.30-20.06.09:706][597]LogUObjectGlobals: Destroyed PersistentFrame Addr=0x00000165741fa9e0, Size=4
[2018.06.30-20.06.09:706][597]LogUObjectGlobals: Created PersistentFrame Addr=0x00000165466259e0, Size=4, Default__SKEL_HandSlot_C Function /Engine/Transient.REINST_SKEL_HandSlot_C_16:ExecuteUbergraph_HandSlot
[2018.06.30-20.06.09:715][597]LogUObjectGlobals: Destroyed PersistentFrame Addr=0x000001657408beb0, Size=56
[2018.06.30-20.06.09:715][597]LogUObjectGlobals: Created PersistentFrame Addr=0x000001655df5cd78, Size=56, Default__HandSlot_C Function /Engine/Transient.REINST_HandSlot_C_18:ExecuteUbergraph_HandSlot
[2018.06.30-20.06.09:719][597]LogUObjectGlobals: Created PersistentFrame Addr=0x000001655df5c1a8, Size=56, Default__HandSlot_C Function /Game/UI/Widgets/Inventory/HandSlot.HandSlot_C:ExecuteUbergraph_HandSlot
[2018.06.30-20.06.09:811][597]LogUObjectGlobals: Destroyed PersistentFrame Addr=0x00000165466259e0, Size=4
[2018.06.30-20.06.09:812][597]LogUObjectGlobals: Destroyed PersistentFrame Addr=0x00000165741fa878, Size=4
[2018.06.30-20.06.09:812][597]LogUObjectGlobals: Destroyed PersistentFrame Addr=0x0000016546626a18, Size=4
[2018.06.30-20.06.10:526][657]Cmd: OBJ SAVEPACKAGE PACKAGE="/Game/UI/Widgets/Inventory/HandSlot" FILE="../../../../../../../Projects/FPS/FPS/Content/UI/Widgets/Inventory/HandSlot.uasset" SILENT=true
[2018.06.30-20.06.10:576][657]LogSavePackage: Save=36.39ms
[2018.06.30-20.06.10:576][657]LogSavePackage: Moving '../../../../../../../Projects/FPS/FPS/Saved/HandSlotD37FBC2B49BB80AB3B8764A659DFEC12.tmp' to '../../../../../../../Projects/FPS/FPS/Content/UI/Widgets/Inventory/HandSlot.uasset'
[2018.06.30-20.06.10:578][657]LogSavePackage: Display: Finished SavePackage ../../../../../../../Projects/FPS/FPS/Content/UI/Widgets/Inventory/HandSlot.uasset
[2018.06.30-20.06.11:764][797]LogTemp: Repeating last play command: Selected Viewport
[2018.06.30-20.06.11:791][797]LogPlayLevel: PlayLevel: No blueprints needed recompiling
[2018.06.30-20.06.11:792][797]PIE: New page: PIE session: Level1 (Jul 1, 2018, 12:06:11 AM)
[2018.06.30-20.06.11:792][797]LogPlayLevel: Creating play world package: /Game/Maps/UEDPIE_0_Level1
[2018.06.30-20.06.11:805][797]LogPlayLevel: PIE: StaticDuplicateObject took: (0.012791s)
[2018.06.30-20.06.11:806][797]LogAIModule: Creating AISystem for world Level1
[2018.06.30-20.06.11:806][797]LogPlayLevel: PIE: World Init took: (0.000968s)
[2018.06.30-20.06.11:806][797]LogPlayLevel: PIE: Created PIE world by copying editor world from /Game/Maps/Level1.Level1 to /Game/Maps/UEDPIE_0_Level1.Level1 (0.014316s)
[2018.06.30-20.06.11:831][797]LogInit: XAudio2 using 'Speakers (Logitech G35 Headset)' : 2 channels at 44.1 kHz using 16 bits per sample (channel mask 0x3)
[2018.06.30-20.06.11:840][797]LogInit: FAudioDevice initialized.
[2018.06.30-20.06.11:892][797]LogLoad: Game class is 'BP_FPSGameModeBase_C'
[2018.06.30-20.06.11:903][797]LogWorld: Bringing World /Game/Maps/UEDPIE_0_Level1.Level1 up for play (max tick rate 0) at 2018.06.30-22.06.11
[2018.06.30-20.06.11:904][797]LogWorld: Bringing up level for play took: 0.010054
[2018.06.30-20.06.11:911][797]PIE: Play in editor start time for /Game/Maps/UEDPIE_0_Level1 -0.532
[2018.06.30-20.06.11:955][797]LogRenderer: Reallocating scene render targets to support 1292x756 Format 10 NumSamples 1 (Frame:1).
[2018.06.30-20.06.15:738][ 62]LogTemp: Warning: There is no current weapon
[2018.06.30-20.06.17:290][168]LogTemp: Warning: SMG: Added to inventory
[2018.06.30-20.06.17:587][189]LogSlate: FSceneViewport::OnFocusLost() reason 0
[2018.06.30-20.06.26:526][820]LogTemp: Warning: SMG: Added to inventory
[2018.06.30-20.06.30:341][ 82]LogSlate: FSceneViewport::OnFocusLost() reason 0
[2018.06.30-20.06.33:377][295]LogTemp: Warning: SMG: Added to inventory
[2018.06.30-20.06.42:603][943]LogSlate: FSceneViewport::OnFocusLost() reason 0
[2018.06.30-20.06.43:471][  0]LogTemp: Warning: SMG: Added to inventory
[2018.06.30-20.06.45:062][109]LogTemp: Warning: SMG: Added to inventory
[2018.06.30-20.06.46:391][200]LogTemp: Warning: SMG: Added to inventory
[2018.06.30-20.06.47:560][280]LogTemp: Warning: SMG: Added to inventory
[2018.06.30-20.06.48:744][361]LogTemp: Warning: SMG: Added to inventory
[2018.06.30-20.06.49:974][445]LogTemp: Warning: SMG: Added to inventory
[2018.06.30-20.06.51:055][519]LogTemp: Warning: SMG: Added to inventory
[2018.06.30-20.06.52:841][641]LogTemp: Warning: SMG: Added to inventory
[2018.06.30-20.06.53:616][694]LogScript: Warning: Accessed None trying to read property Pickup
	Slot_C /Engine/Transient.UnrealEdEngine_0:GameInstance_1.UIHUD_C_1.WidgetTree_1167.InventorySlots.WidgetTree_1169.Slot0
	Function /Game/UI/Widgets/Inventory/Slot.Slot_C:ExecuteUbergraph_Slot:0346
[2018.06.30-20.06.53:616][694]PIE: Error: Blueprint Runtime Error: Accessed None trying to read property Pickup from function: 'ExecuteUbergraph_Slot' from node: Is Available in graph: EventGraph in object: Slot with description: Accessed None trying to read property Pickup
[2018.06.30-20.06.53:616][694]LogScript: Warning: Accessed None trying to read property Pickup
	Slot_C /Engine/Transient.UnrealEdEngine_0:GameInstance_1.UIHUD_C_1.WidgetTree_1167.InventorySlots.WidgetTree_1169.Slot0
	Function /Game/UI/Widgets/Inventory/Slot.Slot_C:ExecuteUbergraph_Slot:03AE
[2018.06.30-20.06.53:617][694]PIE: Error: Blueprint Runtime Error: Accessed None trying to read property Pickup from function: 'ExecuteUbergraph_Slot' from node: Set Image in graph: EventGraph in object: Slot with description: Accessed None trying to read property Pickup
[2018.06.30-20.06.53:617][694]LogScript: Warning: Accessed None trying to read property Pickup
	Slot_C /Engine/Transient.UnrealEdEngine_0:GameInstance_1.UIHUD_C_1.WidgetTree_1167.InventorySlots.WidgetTree_1169.Slot0
	Function /Game/UI/Widgets/Inventory/Slot.Slot_C:ExecuteUbergraph_Slot:03F5
[2018.06.30-20.06.53:617][694]PIE: Error: Blueprint Runtime Error: Accessed None trying to read property Pickup from function: 'ExecuteUbergraph_Slot' from node: Set Image in graph: EventGraph in object: Slot with description: Accessed None trying to read property Pickup
[2018.06.30-20.06.53:789][706]LogScript: Warning: Accessed None trying to read property Pickup
	Slot_C /Engine/Transient.UnrealEdEngine_0:GameInstance_1.UIHUD_C_1.WidgetTree_1167.InventorySlots.WidgetTree_1169.Slot0
	Function /Game/UI/Widgets/Inventory/Slot.Slot_C:OnDrop:015E
[2018.06.30-20.06.53:790][706]PIE: Error: Blueprint Runtime Error: Accessed None trying to read property Pickup from function: 'OnDrop' from node: Is Available in graph: OnDrop in object: Slot with description: Accessed None trying to read property Pickup
