Log file open, 06/30/18 14:22:51
LogWindows: Failed to load 'aqProf.dll' (GetLastError=126)
LogWindows: File 'aqProf.dll' does not exist
LogWindows: Failed to load 'VtuneApi.dll' (GetLastError=126)
LogWindows: File 'VtuneApi.dll' does not exist
LogWindows: Failed to load 'VtuneApi32e.dll' (GetLastError=126)
LogWindows: File 'VtuneApi32e.dll' does not exist
LogInit: Display: Running engine for game: FPS
LogPlatformFile: Not using cached read wrapper
LogInit: Display: RandInit(299583621) SRandInit(299583622).
LogInit: Read version file with build ID '3944462'
LogInit: Overriding engine version to CL 4033788, compatible CL 3944462
LogInit: Registered custom module enumerator with build ID '3944462'
LogTaskGraph: Started task graph with 5 named threads and 23 total threads with 3 sets of task threads.
LogStats: Stats thread started at 3.371317
LogD3D11RHI: Aftermath initialized
LogICUInternationalization: Display: ICU TimeZone Detection - Raw Offset: +1:00, Platform Override: ''
LogPluginManager: Mounting plugin Paper2D
LogPluginManager: Mounting plugin LiveLink
LogPluginManager: Mounting plugin LightPropagationVolume
LogPluginManager: Mounting plugin CLionSourceCodeAccess
LogPluginManager: Mounting plugin CodeLiteSourceCodeAccess
LogPluginManager: Mounting plugin GitSourceControl
LogPluginManager: Mounting plugin KDevelopSourceCodeAccess
LogPluginManager: Mounting plugin NullSourceCodeAccess
LogPluginManager: Mounting plugin PerforceSourceControl
LogPluginManager: Mounting plugin SubversionSourceControl
LogPluginManager: Mounting plugin UObjectPlugin
LogPluginManager: Mounting plugin VisualStudioCodeSourceCodeAccess
LogPluginManager: Mounting plugin VisualStudioSourceCodeAccess
LogPluginManager: Mounting plugin XCodeSourceCodeAccess
LogPluginManager: Mounting plugin AssetManagerEditor
LogPluginManager: Mounting plugin CryptoKeys
LogPluginManager: Mounting plugin DataValidation
LogPluginManager: Mounting plugin FacialAnimation
LogPluginManager: Mounting plugin GameplayTagsEditor
LogPluginManager: Mounting plugin MobileLauncherProfileWizard
LogPluginManager: Mounting plugin PluginBrowser
LogPluginManager: Mounting plugin SpeedTreeImporter
LogPluginManager: Mounting plugin DatasmithContent
LogPluginManager: Mounting plugin AlembicImporter
LogPluginManager: Mounting plugin CharacterAI
LogPluginManager: Mounting plugin HTML5Networking
LogPluginManager: Mounting plugin AndroidMedia
LogPluginManager: Mounting plugin AvfMedia
LogPluginManager: Mounting plugin ImgMedia
LogPluginManager: Mounting plugin LinearTimecode
LogPluginManager: Mounting plugin MediaCompositing
LogPluginManager: Mounting plugin MediaPlayerEditor
LogPluginManager: Mounting plugin WmfMedia
LogPluginManager: Mounting plugin TcpMessaging
LogPluginManager: Mounting plugin UdpMessaging
LogPluginManager: Mounting plugin ActorSequence
LogPluginManager: Mounting plugin LevelSequenceEditor
LogPluginManager: Mounting plugin MatineeToLevelSequence
LogPluginManager: Mounting plugin NetcodeUnitTest
LogPluginManager: Mounting plugin NUTUnrealEngine4
LogPluginManager: Mounting plugin OnlineSubsystemGooglePlay
LogPluginManager: Mounting plugin OnlineSubsystemIOS
LogPluginManager: Mounting plugin OnlineSubsystem
LogPluginManager: Mounting plugin OnlineSubsystemNull
LogPluginManager: Mounting plugin OnlineSubsystemUtils
LogPluginManager: Mounting plugin AndroidDeviceProfileSelector
LogPluginManager: Mounting plugin AndroidMoviePlayer
LogPluginManager: Mounting plugin AndroidPermission
LogPluginManager: Mounting plugin AppleARKit
LogPluginManager: Mounting plugin AppleMoviePlayer
LogPluginManager: Mounting plugin ArchVisCharacter
LogPluginManager: Mounting plugin AudioCapture
LogPluginManager: Mounting plugin CableComponent
LogPluginManager: Mounting plugin CustomMeshComponent
LogPluginManager: Mounting plugin ExampleDeviceProfileSelector
LogPluginManager: Mounting plugin GoogleCloudMessaging
LogPluginManager: Mounting plugin ImmediatePhysics
LogPluginManager: Mounting plugin IOSDeviceProfileSelector
LogPluginManager: Mounting plugin LinuxDeviceProfileSelector
LogPluginManager: Mounting plugin LocationServicesBPLibrary
LogPluginManager: Mounting plugin MobilePatchingUtils
LogPluginManager: Mounting plugin OculusVR
LogPluginManager: Plugin shader directory ../../../Engine/Plugins/Runtime/Oculus/OculusVR/Shaders found
LogPluginManager: Mapping shader source directory ../../../Engine/Plugins/Runtime/Oculus/OculusVR/Shaders to virtual directory /Plugin/OculusVR
LogPluginManager: Mounting plugin PhysXVehicles
LogPluginManager: Mounting plugin ProceduralMeshComponent
LogPluginManager: Mounting plugin RuntimePhysXCooking
LogPluginManager: Mounting plugin SteamVR
LogPluginManager: Mounting plugin WindowsMoviePlayer
LogPluginManager: Mounting plugin CoverPointGenerator
LogStreaming: Display: Took  0.151s to configure plugins.
LogModuleManager: Display: Found up-to-date module file ../../../../../../../Projects/FPS/FPS/Binaries/Win64/UE4Editor-FPS.dll (API version 3944462).
LogModuleManager: Display: Found up-to-date module file ../../../Engine/Plugins/2D/Paper2D/Binaries/Win64/UE4Editor-Paper2D.dll (API version 3944462).
LogModuleManager: Display: Found up-to-date module file ../../../Engine/Plugins/2D/Paper2D/Binaries/Win64/UE4Editor-Paper2DEditor.dll (API version 3944462).
LogModuleManager: Display: Found up-to-date module file ../../../Engine/Plugins/2D/Paper2D/Binaries/Win64/UE4Editor-PaperSpriteSheetImporter.dll (API version 3944462).
LogModuleManager: Display: Found up-to-date module file ../../../Engine/Plugins/2D/Paper2D/Binaries/Win64/UE4Editor-PaperTiledImporter.dll (API version 3944462).
LogModuleManager: Display: Found up-to-date module file ../../../Engine/Plugins/2D/Paper2D/Binaries/Win64/UE4Editor-SmartSnapping.dll (API version 3944462).
LogModuleManager: Display: Found up-to-date module file ../../../Engine/Plugins/Animation/LiveLink/Binaries/Win64/UE4Editor-LiveLink.dll (API version 3944462).
LogModuleManager: Display: Found up-to-date module file ../../../Engine/Plugins/Animation/LiveLink/Binaries/Win64/UE4Editor-LiveLinkEditor.dll (API version 3944462).
LogModuleManager: Display: Found up-to-date module file ../../../Engine/Plugins/Blendables/LightPropagationVolume/Binaries/Win64/UE4Editor-LightPropagationVolumeRuntime.dll (API version 3944462).
LogModuleManager: Display: Found up-to-date module file ../../../Engine/Plugins/Blendables/LightPropagationVolume/Binaries/Win64/UE4Editor-LightPropagationVolumeEditor.dll (API version 3944462).
LogModuleManager: Display: Found up-to-date module file ../../../Engine/Plugins/Developer/CLionSourceCodeAccess/Binaries/Win64/UE4Editor-CLionSourceCodeAccess.dll (API version 3944462).
LogModuleManager: Display: Found up-to-date module file ../../../Engine/Plugins/Developer/GitSourceControl/Binaries/Win64/UE4Editor-GitSourceControl.dll (API version 3944462).
LogModuleManager: Display: Found up-to-date module file ../../../Engine/Plugins/Developer/PerforceSourceControl/Binaries/Win64/UE4Editor-PerforceSourceControl.dll (API version 3944462).
LogModuleManager: Display: Found up-to-date module file ../../../Engine/Plugins/Developer/SubversionSourceControl/Binaries/Win64/UE4Editor-SubversionSourceControl.dll (API version 3944462).
LogModuleManager: Display: Found up-to-date module file ../../../Engine/Plugins/Developer/UObjectPlugin/Binaries/Win64/UE4Editor-UObjectPlugin.dll (API version 3944462).
LogModuleManager: Display: Found up-to-date module file ../../../Engine/Plugins/Developer/VisualStudioCodeSourceCodeAccess/Binaries/Win64/UE4Editor-VisualStudioCodeSourceCodeAccess.dll (API version 3944462).
LogModuleManager: Display: Found up-to-date module file ../../../Engine/Plugins/Developer/VisualStudioSourceCodeAccess/Binaries/Win64/UE4Editor-VisualStudioSourceCodeAccess.dll (API version 3944462).
LogModuleManager: Display: Found up-to-date module file ../../../Engine/Plugins/Editor/AssetManagerEditor/Binaries/Win64/UE4Editor-AssetManagerEditor.dll (API version 3944462).
LogModuleManager: Display: Found up-to-date module file ../../../Engine/Plugins/Editor/CryptoKeys/Binaries/Win64/UE4Editor-CryptoKeys.dll (API version 3944462).
LogModuleManager: Display: Found up-to-date module file ../../../Engine/Plugins/Editor/CryptoKeys/Binaries/Win64/UE4Editor-CryptoKeysOpenSSL.dll (API version 3944462).
LogModuleManager: Display: Found up-to-date module file ../../../Engine/Plugins/Editor/DataValidation/Binaries/Win64/UE4Editor-DataValidation.dll (API version 3944462).
LogModuleManager: Display: Found up-to-date module file ../../../Engine/Plugins/Editor/FacialAnimation/Binaries/Win64/UE4Editor-FacialAnimation.dll (API version 3944462).
LogModuleManager: Display: Found up-to-date module file ../../../Engine/Plugins/Editor/FacialAnimation/Binaries/Win64/UE4Editor-FacialAnimationEditor.dll (API version 3944462).
LogModuleManager: Display: Found up-to-date module file ../../../Engine/Plugins/Editor/GameplayTagsEditor/Binaries/Win64/UE4Editor-GameplayTagsEditor.dll (API version 3944462).
LogModuleManager: Display: Found up-to-date module file ../../../Engine/Plugins/Editor/MobileLauncherProfileWizard/Binaries/Win64/UE4Editor-MobileLauncherProfileWizard.dll (API version 3944462).
LogModuleManager: Display: Found up-to-date module file ../../../Engine/Plugins/Editor/PluginBrowser/Binaries/Win64/UE4Editor-PluginBrowser.dll (API version 3944462).
LogModuleManager: Display: Found up-to-date module file ../../../Engine/Plugins/Editor/SpeedTreeImporter/Binaries/Win64/UE4Editor-SpeedTreeImporter.dll (API version 3944462).
LogModuleManager: Display: Found up-to-date module file ../../../Engine/Plugins/Enterprise/DatasmithContent/Binaries/Win64/UE4Editor-DatasmithContent.dll (API version 3944462).
LogModuleManager: Display: Found up-to-date module file ../../../Engine/Plugins/Experimental/AlembicImporter/Binaries/Win64/UE4Editor-AlembicImporter.dll (API version 3944462).
LogModuleManager: Display: Found up-to-date module file ../../../Engine/Plugins/Experimental/AlembicImporter/Binaries/Win64/UE4Editor-AlembicLibrary.dll (API version 3944462).
LogModuleManager: Display: Found up-to-date module file ../../../Engine/Plugins/Experimental/CharacterAI/Binaries/Win64/UE4Editor-CharacterAI.dll (API version 3944462).
LogModuleManager: Display: Found up-to-date module file ../../../Engine/Plugins/Experimental/HTML5Networking/Binaries/Win64/UE4Editor-HTML5Networking.dll (API version 3944462).
LogModuleManager: Display: Found up-to-date module file ../../../Engine/Plugins/Media/AndroidMedia/Binaries/Win64/UE4Editor-AndroidMediaEditor.dll (API version 3944462).
LogModuleManager: Display: Found up-to-date module file ../../../Engine/Plugins/Media/AndroidMedia/Binaries/Win64/UE4Editor-AndroidMediaFactory.dll (API version 3944462).
LogModuleManager: Display: Found up-to-date module file ../../../Engine/Plugins/Media/AvfMedia/Binaries/Win64/UE4Editor-AvfMediaEditor.dll (API version 3944462).
LogModuleManager: Display: Found up-to-date module file ../../../Engine/Plugins/Media/AvfMedia/Binaries/Win64/UE4Editor-AvfMediaFactory.dll (API version 3944462).
LogModuleManager: Display: Found up-to-date module file ../../../Engine/Plugins/Media/AvfMedia/Binaries/Win64/UE4Editor-AvfMediaFactory.dll (API version 3944462).
LogModuleManager: Display: Found up-to-date module file ../../../Engine/Plugins/Media/ImgMedia/Binaries/Win64/UE4Editor-ImgMedia.dll (API version 3944462).
LogModuleManager: Display: Found up-to-date module file ../../../Engine/Plugins/Media/ImgMedia/Binaries/Win64/UE4Editor-ImgMediaEditor.dll (API version 3944462).
LogModuleManager: Display: Found up-to-date module file ../../../Engine/Plugins/Media/ImgMedia/Binaries/Win64/UE4Editor-ImgMediaFactory.dll (API version 3944462).
LogModuleManager: Display: Found up-to-date module file ../../../Engine/Plugins/Media/ImgMedia/Binaries/Win64/UE4Editor-ImgMediaFactory.dll (API version 3944462).
LogModuleManager: Display: Found up-to-date module file ../../../Engine/Plugins/Media/ImgMedia/Binaries/Win64/UE4Editor-OpenExrWrapper.dll (API version 3944462).
LogModuleManager: Display: Found up-to-date module file ../../../Engine/Plugins/Media/LinearTimecode/Binaries/Win64/UE4Editor-LinearTimecode.dll (API version 3944462).
LogModuleManager: Display: Found up-to-date module file ../../../Engine/Plugins/Media/MediaCompositing/Binaries/Win64/UE4Editor-MediaCompositing.dll (API version 3944462).
LogModuleManager: Display: Found up-to-date module file ../../../Engine/Plugins/Media/MediaCompositing/Binaries/Win64/UE4Editor-MediaCompositingEditor.dll (API version 3944462).
LogModuleManager: Display: Found up-to-date module file ../../../Engine/Plugins/Media/MediaPlayerEditor/Binaries/Win64/UE4Editor-MediaPlayerEditor.dll (API version 3944462).
LogModuleManager: Display: Found up-to-date module file ../../../Engine/Plugins/Media/WmfMedia/Binaries/Win64/UE4Editor-WmfMedia.dll (API version 3944462).
LogModuleManager: Display: Found up-to-date module file ../../../Engine/Plugins/Media/WmfMedia/Binaries/Win64/UE4Editor-WmfMediaEditor.dll (API version 3944462).
LogModuleManager: Display: Found up-to-date module file ../../../Engine/Plugins/Media/WmfMedia/Binaries/Win64/UE4Editor-WmfMediaFactory.dll (API version 3944462).
LogModuleManager: Display: Found up-to-date module file ../../../Engine/Plugins/Media/WmfMedia/Binaries/Win64/UE4Editor-WmfMediaFactory.dll (API version 3944462).
LogModuleManager: Display: Found up-to-date module file ../../../Engine/Plugins/Messaging/TcpMessaging/Binaries/Win64/UE4Editor-TcpMessaging.dll (API version 3944462).
LogModuleManager: Display: Found up-to-date module file ../../../Engine/Plugins/Messaging/UdpMessaging/Binaries/Win64/UE4Editor-UdpMessaging.dll (API version 3944462).
LogModuleManager: Display: Found up-to-date module file ../../../Engine/Plugins/MovieScene/ActorSequence/Binaries/Win64/UE4Editor-ActorSequence.dll (API version 3944462).
LogModuleManager: Display: Found up-to-date module file ../../../Engine/Plugins/MovieScene/LevelSequenceEditor/Binaries/Win64/UE4Editor-LevelSequenceEditor.dll (API version 3944462).
LogModuleManager: Display: Found up-to-date module file ../../../Engine/Plugins/MovieScene/MatineeToLevelSequence/Binaries/Win64/UE4Editor-MatineeToLevelSequence.dll (API version 3944462).
LogModuleManager: Display: Found up-to-date module file ../../../Engine/Plugins/NetcodeUnitTest/NetcodeUnitTest/Binaries/Win64/UE4Editor-NetcodeUnitTest.dll (API version 3944462).
LogModuleManager: Display: Found up-to-date module file ../../../Engine/Plugins/NetcodeUnitTest/NUTUnrealEngine4/Binaries/Win64/UE4Editor-NUTUnrealEngine4.dll (API version 3944462).
LogModuleManager: Display: Found up-to-date module file ../../../Engine/Plugins/Online/OnlineSubsystem/Binaries/Win64/UE4Editor-OnlineSubsystem.dll (API version 3944462).
LogModuleManager: Display: Found up-to-date module file ../../../Engine/Plugins/Online/OnlineSubsystemNull/Binaries/Win64/UE4Editor-OnlineSubsystemNull.dll (API version 3944462).
LogModuleManager: Display: Found up-to-date module file ../../../Engine/Plugins/Online/OnlineSubsystemUtils/Binaries/Win64/UE4Editor-OnlineSubsystemUtils.dll (API version 3944462).
LogModuleManager: Display: Found up-to-date module file ../../../Engine/Plugins/Online/OnlineSubsystemUtils/Binaries/Win64/UE4Editor-OnlineBlueprintSupport.dll (API version 3944462).
LogModuleManager: Display: Found up-to-date module file ../../../Engine/Plugins/Runtime/AndroidDeviceProfileSelector/Binaries/Win64/UE4Editor-AndroidDeviceProfileSelector.dll (API version 3944462).
LogModuleManager: Display: Found up-to-date module file ../../../Engine/Plugins/Runtime/AndroidPermission/Binaries/Win64/UE4Editor-AndroidPermission.dll (API version 3944462).
LogModuleManager: Display: Found up-to-date module file ../../../Engine/Plugins/Runtime/AppleARKit/Binaries/Win64/UE4Editor-AppleARKit.dll (API version 3944462).
LogModuleManager: Display: Found up-to-date module file ../../../Engine/Plugins/Runtime/ArchVisCharacter/Binaries/Win64/UE4Editor-ArchVisCharacter.dll (API version 3944462).
LogModuleManager: Display: Found up-to-date module file ../../../Engine/Plugins/Runtime/AudioCapture/Binaries/Win64/UE4Editor-AudioCapture.dll (API version 3944462).
LogModuleManager: Display: Found up-to-date module file ../../../Engine/Plugins/Runtime/AudioCapture/Binaries/Win64/UE4Editor-AudioCaptureEditor.dll (API version 3944462).
LogModuleManager: Display: Found up-to-date module file ../../../Engine/Plugins/Runtime/CableComponent/Binaries/Win64/UE4Editor-CableComponent.dll (API version 3944462).
LogModuleManager: Display: Found up-to-date module file ../../../Engine/Plugins/Runtime/CustomMeshComponent/Binaries/Win64/UE4Editor-CustomMeshComponent.dll (API version 3944462).
LogModuleManager: Display: Found up-to-date module file ../../../Engine/Plugins/Runtime/ExampleDeviceProfileSelector/Binaries/Win64/UE4Editor-ExampleDeviceProfileSelector.dll (API version 3944462).
LogModuleManager: Display: Found up-to-date module file ../../../Engine/Plugins/Runtime/ImmediatePhysics/Binaries/Win64/UE4Editor-ImmediatePhysics.dll (API version 3944462).
LogModuleManager: Display: Found up-to-date module file ../../../Engine/Plugins/Runtime/ImmediatePhysics/Binaries/Win64/UE4Editor-ImmediatePhysicsEditor.dll (API version 3944462).
LogModuleManager: Display: Found up-to-date module file ../../../Engine/Plugins/Runtime/LocationServicesBPLibrary/Binaries/Win64/UE4Editor-LocationServicesBPLibrary.dll (API version 3944462).
LogModuleManager: Display: Found up-to-date module file ../../../Engine/Plugins/Runtime/MobilePatchingUtils/Binaries/Win64/UE4Editor-MobilePatchingUtils.dll (API version 3944462).
LogModuleManager: Display: Found up-to-date module file ../../../Engine/Plugins/Runtime/Oculus/OculusVR/Binaries/Win64/UE4Editor-OculusHMD.dll (API version 3944462).
LogModuleManager: Display: Found up-to-date module file ../../../Engine/Plugins/Runtime/Oculus/OculusVR/Binaries/Win64/UE4Editor-OculusInput.dll (API version 3944462).
LogModuleManager: Display: Found up-to-date module file ../../../Engine/Plugins/Runtime/Oculus/OculusVR/Binaries/Win64/UE4Editor-OculusEditor.dll (API version 3944462).
LogModuleManager: Display: Found up-to-date module file ../../../Engine/Plugins/Runtime/PhysXVehicles/Binaries/Win64/UE4Editor-PhysXVehicles.dll (API version 3944462).
LogModuleManager: Display: Found up-to-date module file ../../../Engine/Plugins/Runtime/PhysXVehicles/Binaries/Win64/UE4Editor-PhysXVehiclesEditor.dll (API version 3944462).
LogModuleManager: Display: Found up-to-date module file ../../../Engine/Plugins/Runtime/ProceduralMeshComponent/Binaries/Win64/UE4Editor-ProceduralMeshComponent.dll (API version 3944462).
LogModuleManager: Display: Found up-to-date module file ../../../Engine/Plugins/Runtime/ProceduralMeshComponent/Binaries/Win64/UE4Editor-ProceduralMeshComponentEditor.dll (API version 3944462).
LogModuleManager: Display: Found up-to-date module file ../../../Engine/Plugins/Runtime/RuntimePhysXCooking/Binaries/Win64/UE4Editor-RuntimePhysXCooking.dll (API version 3944462).
LogModuleManager: Display: Found up-to-date module file ../../../Engine/Plugins/Runtime/Steam/SteamVR/Binaries/Win64/UE4Editor-SteamVR.dll (API version 3944462).
LogModuleManager: Display: Found up-to-date module file ../../../Engine/Plugins/Runtime/Steam/SteamVR/Binaries/Win64/UE4Editor-SteamVRController.dll (API version 3944462).
LogModuleManager: Display: Found up-to-date module file ../../../Engine/Plugins/Runtime/WindowsMoviePlayer/Binaries/Win64/UE4Editor-WindowsMoviePlayer.dll (API version 3944462).
LogModuleManager: Display: Found up-to-date module file ../../../../../../../Projects/FPS/FPS/Plugins/CoverPointGenerator/Binaries/Win64/UE4Editor-CoverPointGenerator.dll (API version 3944462).
LogInit: Using libcurl 7.47.1
LogInit:  - built for x86_64-pc-win32
LogInit:  - supports SSL with OpenSSL/1.0.2g
LogInit:  - supports HTTP deflate (compression) using libz 1.2.8
LogInit:  - other features:
LogInit:      CURL_VERSION_SSL
LogInit:      CURL_VERSION_LIBZ
LogInit:      CURL_VERSION_IPV6
LogInit:      CURL_VERSION_ASYNCHDNS
LogInit:      CURL_VERSION_LARGEFILE
LogInit:      CURL_VERSION_IDN
LogInit:  CurlRequestOptions (configurable via config and command line):
LogInit:  - bVerifyPeer = false  - Libcurl will NOT verify peer certificate
LogInit:  - bUseHttpProxy = false  - Libcurl will NOT use HTTP proxy
LogInit:  - bDontReuseConnections = false  - Libcurl will reuse connections
LogInit:  - CertBundlePath = nullptr  - Libcurl will use whatever was configured at build time.
LogInit:  - MaxHostConnections = 16  - Libcurl will limit the number of connections to a host
LogInit:  - LocalHostAddr = Default
LogInit: WinSock: version 1.1 (2.2), MaxSocks=32767, MaxUdp=65467
LogInit: WinSock: I am DESKTOP-27ERO04 (192.168.178.101:0)
LogInit: Build: ++UE4+Release-4.19-CL-4033788
LogInit: Engine Version: 4.19.2-4033788+++UE4+Release-4.19
LogInit: Compatible Engine Version: 4.19.0-3944462+++UE4+Release-4.19
LogInit: Net CL: 3944462
LogDevObjectVersion: Number of dev versions registered: 18
LogDevObjectVersion:   Dev-Blueprints (B0D832E4-1F89-4F0D-ACCF-7EB736FD4AA2): 10
LogDevObjectVersion:   Dev-Build (E1C64328-A22C-4D53-A36C-8E866417BD8C): 0
LogDevObjectVersion:   Dev-Core (375EC13C-06E4-48FB-B500-84F0262A717E): 2
LogDevObjectVersion:   Dev-Editor (E4B068ED-F494-42E9-A231-DA0B2E46BB41): 23
LogDevObjectVersion:   Dev-Framework (CFFC743F-43B0-4480-9391-14DF171D2073): 33
LogDevObjectVersion:   Dev-Mobile (B02B49B5-BB20-44E9-A304-32B752E40360): 2
LogDevObjectVersion:   Dev-Networking (A4E4105C-59A1-49B5-A7C5-40C4547EDFEE): 0
LogDevObjectVersion:   Dev-Online (39C831C9-5AE6-47DC-9A44-9C173E1C8E7C): 0
LogDevObjectVersion:   Dev-Physics (78F01B33-EBEA-4F98-B9B4-84EACCB95AA2): 0
LogDevObjectVersion:   Dev-Platform (6631380F-2D4D-43E0-8009-CF276956A95A): 0
LogDevObjectVersion:   Dev-Rendering (12F88B9F-8875-4AFC-A67C-D90C383ABD29): 25
LogDevObjectVersion:   Dev-Sequencer (7B5AE74C-D270-4C10-A958-57980B212A5A): 6
LogDevObjectVersion:   Dev-VR (D7296918-1DD6-4BDD-9DE2-64A83CC13884): 1
LogDevObjectVersion:   Dev-LoadTimes (C2A15278-BFE7-4AFE-6C17-90FF531DF755): 1
LogDevObjectVersion:   Private-Geometry (6EACA3D4-40EC-4CC1-B786-8BED09428FC5): 2
LogDevObjectVersion:   Dev-AnimPhys (29E575DD-E0A3-4627-9D10-D276232CDCEA): 16
LogDevObjectVersion:   Dev-ReflectionCapture (6B266CEC-1EC7-4B8F-A30B-E4D90942FC07): 1
LogDevObjectVersion:   Dev-Automation (0DF73D61-A23F-47EA-B727-89E90C41499A): 1
LogInit: Compiled (64-bit): Apr 27 2018 02:06:57
LogInit: Compiled with Visual C++: 19.00.24215.01
LogInit: Build Configuration: Development
LogInit: Branch Name: ++UE4+Release-4.19
LogInit: Command Line:  -skipcompile
LogInit: Base Directory: E:/Game Engines/Epic Games/4.19/UE_4.19/Engine/Binaries/Win64/
LogInit: Installed Engine Build: 1
LogStreaming: Display: Took  0.001s to delete old logs.
LogInit: Presizing for max 8388607 objects, including 0 objects not considered by GC, pre-allocating 0 bytes for permanent pool.
LogInit: Object subsystem initialized
[2018.06.30-12.22.57:876][  0]LogInit: Selected Device Profile: [Windows]
[2018.06.30-12.22.57:876][  0]LogInit: Applying CVar settings loaded from the selected device profile: [Windows]
[2018.06.30-12.22.57:962][  0]LogInit: Computer: DESKTOP-27ERO04
[2018.06.30-12.22.57:962][  0]LogInit: User: TomColdenhoff
[2018.06.30-12.22.57:962][  0]LogInit: CPU Page size=4096, Cores=4
[2018.06.30-12.22.57:962][  0]LogInit: High frequency timer resolution =3.319355 MHz
[2018.06.30-12.22.57:962][  0]LogMemory: Memory total: Physical=11.9GB (12GB approx)
[2018.06.30-12.22.57:962][  0]LogMemory: Platform Memory Stats for Windows
[2018.06.30-12.22.57:962][  0]LogMemory: Process Physical Memory: 279.01 MB used, 279.43 MB peak
[2018.06.30-12.22.57:962][  0]LogMemory: Process Virtual Memory: 269.71 MB used, 269.71 MB peak
[2018.06.30-12.22.57:962][  0]LogMemory: Physical Memory: 4791.40 MB used,  7416.04 MB free, 12207.44 MB total
[2018.06.30-12.22.57:962][  0]LogMemory: Virtual Memory: 4794.46 MB used,  7416.04 MB free, 134217728.00 MB total
[2018.06.30-12.22.58:604][  0]LogInit: Using OS detected language (en-US).
[2018.06.30-12.22.58:604][  0]LogInit: Using OS detected locale (en-US).
[2018.06.30-12.22.58:740][  0]LogTextLocalizationManager: No specific localization for 'en-US' exists, so the 'en' localization will be used.
[2018.06.30-12.22.59:757][  0]LogStreaming: Display: Took  1.154s to EndInitTextLocalization.
[2018.06.30-12.22.59:758][  0]LogInit: Setting process to per monitor DPI aware
[2018.06.30-12.23.00:070][  0]LogSlate: New Slate User Created.  User Index 0, Is Virtual User: 0
[2018.06.30-12.23.00:070][  0]LogSlate: Slate User Registered.  User Index 0, Is Virtual User: 0
[2018.06.30-12.23.02:151][  0]LogD3D11RHI: D3D11 adapters:
[2018.06.30-12.23.02:227][  0]LogD3D11RHI:    0. 'NVIDIA GeForce GTX 970' (Feature Level 11_0)
[2018.06.30-12.23.02:227][  0]LogD3D11RHI:       4043/0/6103 MB DedicatedVideo/DedicatedSystem/SharedSystem, Outputs:2, VendorId:0x10de
[2018.06.30-12.23.02:234][  0]LogD3D11RHI:    1. 'Microsoft Basic Render Driver' (Feature Level 11_0)
[2018.06.30-12.23.02:234][  0]LogD3D11RHI:       0/0/6103 MB DedicatedVideo/DedicatedSystem/SharedSystem, Outputs:0, VendorId:0x1414
[2018.06.30-12.23.02:234][  0]LogD3D11RHI: Chosen D3D11 Adapter: 0
[2018.06.30-12.23.02:241][  0]LogD3D11RHI: Creating new Direct3DDevice
[2018.06.30-12.23.02:241][  0]LogD3D11RHI:     GPU DeviceId: 0x13c2 (for the marketing name, search the web for "GPU Device Id")
[2018.06.30-12.23.02:242][  0]LogWindows: EnumDisplayDevices:
[2018.06.30-12.23.02:242][  0]LogWindows:    0. 'NVIDIA GeForce GTX 970' (P:1 D:1)
[2018.06.30-12.23.02:242][  0]LogWindows:    1. 'NVIDIA GeForce GTX 970' (P:0 D:1)
[2018.06.30-12.23.02:242][  0]LogWindows:    2. 'NVIDIA GeForce GTX 970' (P:0 D:0)
[2018.06.30-12.23.02:243][  0]LogWindows:    3. 'NVIDIA GeForce GTX 970' (P:0 D:0)
[2018.06.30-12.23.02:243][  0]LogWindows: DebugString: GetVideoDriverDetailsInvalid PrimaryIsNotTheChoosenAdapter GetVideoDriverDetailsInvalid PrimaryIsNotTheChoosenAdapter GetVideoDriverDetailsInvalid PrimaryIsNotTheChoosenAdapter GetVideoDriverDetailsInvalid PrimaryIsNotTheChoosenAdapter FoundDriverCount:0 
[2018.06.30-12.23.02:243][  0]LogD3D11RHI:     Adapter Name: NVIDIA GeForce GTX 970
[2018.06.30-12.23.02:243][  0]LogD3D11RHI:   Driver Version: Unknown (internal:Unknown, unified:Unknown)
[2018.06.30-12.23.02:243][  0]LogD3D11RHI:      Driver Date: Unknown
[2018.06.30-12.23.02:243][  0]LogRHI: Texture pool is 2830 MB (70% of 4043 MB)
[2018.06.30-12.23.02:284][  0]LogD3D11RHI: [Aftermath] Aftermath enabled and primed
[2018.06.30-12.23.02:284][  0]LogD3D11RHI: [Aftermath] Aftermath enabled and primed
[2018.06.30-12.23.02:284][  0]LogD3D11RHI: Async texture creation enabled
[2018.06.30-12.23.02:359][  0]LogD3D11RHI: GPU Timing Frequency: 1000.000000 (Debug: 2 2)
[2018.06.30-12.23.02:407][  0]LogShaderCompilers: Guid format shader working directory is 17 characters bigger than the processId version (../../../../../../../Projects/FPS/FPS/Intermediate/Shaders/WorkingDirectory/1036/).
[2018.06.30-12.23.02:407][  0]LogShaderCompilers: Cleaned the shader compiler working directory 'C:/Users/TomColdenhoff/AppData/Local/Temp/UnrealShaderWorkingDir/31081D3E43A91229E49995847F20E4C1/'.
[2018.06.30-12.23.03:126][  0]LogTemp: Display: Loaded TP AllDesktopTargetPlatform
[2018.06.30-12.23.03:145][  0]LogTemp: Display: Loaded TP MacClientTargetPlatform
[2018.06.30-12.23.03:160][  0]LogTemp: Display: Loaded TP MacNoEditorTargetPlatform
[2018.06.30-12.23.03:175][  0]LogTemp: Display: Loaded TP MacServerTargetPlatform
[2018.06.30-12.23.03:211][  0]LogTemp: Display: Loaded TP MacTargetPlatform
[2018.06.30-12.23.03:231][  0]LogTemp: Display: Loaded TP WindowsClientTargetPlatform
[2018.06.30-12.23.03:244][  0]LogTemp: Display: Loaded TP WindowsNoEditorTargetPlatform
[2018.06.30-12.23.03:260][  0]LogTemp: Display: Loaded TP WindowsServerTargetPlatform
[2018.06.30-12.23.03:267][  0]LogTemp: Display: Loaded TP WindowsTargetPlatform
[2018.06.30-12.23.03:280][  0]LogTemp: Display: Loaded TP Android_ASTCTargetPlatform
[2018.06.30-12.23.03:295][  0]LogTemp: Display: Loaded TP Android_ATCTargetPlatform
[2018.06.30-12.23.03:310][  0]LogTemp: Display: Loaded TP Android_DXTTargetPlatform
[2018.06.30-12.23.03:323][  0]LogTemp: Display: Loaded TP Android_ETC1aTargetPlatform
[2018.06.30-12.23.03:339][  0]LogTemp: Display: Loaded TP Android_ETC1TargetPlatform
[2018.06.30-12.23.03:356][  0]LogTemp: Display: Loaded TP Android_ETC2TargetPlatform
[2018.06.30-12.23.03:385][  0]LogTemp: Display: Loaded TP Android_MultiTargetPlatform
[2018.06.30-12.23.03:385][  0]LogTemp: Display: Loaded TP Android_PVRTCTargetPlatform
[2018.06.30-12.23.03:406][  0]LogTemp: Display: Loaded TP AndroidTargetPlatform
[2018.06.30-12.23.03:408][  0]LogTemp: Display: Loaded TP HTML5TargetPlatform
[2018.06.30-12.23.03:523][  0]LogTemp: Display: Loaded TP IOSTargetPlatform
[2018.06.30-12.23.03:546][  0]LogTemp: Display: Loaded TP TVOSTargetPlatform
[2018.06.30-12.23.03:559][  0]LogTemp: Display: Loaded TP LinuxClientTargetPlatform
[2018.06.30-12.23.03:571][  0]LogTemp: Display: Loaded TP LinuxNoEditorTargetPlatform
[2018.06.30-12.23.03:587][  0]LogTemp: Display: Loaded TP LinuxServerTargetPlatform
[2018.06.30-12.23.03:615][  0]LogTemp: Display: Loaded TP LinuxTargetPlatform
[2018.06.30-12.23.03:615][  0]LogTargetPlatformManager: Display: Building Assets For Windows
[2018.06.30-12.23.04:437][  0]LogXGEController: Cleaning working directory: C:/Users/TomColdenhoff/AppData/Local/Temp/UnrealXGEWorkingDir/
[2018.06.30-12.23.04:438][  0]LogXGEController: Cannot use XGE Controller as Incredibuild is not installed on this machine.
[2018.06.30-12.23.04:438][  0]LogShaderCompilers: Cannot use XGE Shader Compiler as Incredibuild is not installed on this machine.
[2018.06.30-12.23.04:438][  0]LogShaderCompilers: Display: Using Local Shader Compiler.
[2018.06.30-12.23.07:752][  0]LogDerivedDataCache: Display: Max Cache Size: 512 MB
[2018.06.30-12.23.08:228][  0]LogDerivedDataCache: Loaded boot cache 0.47s 80MB C:/Users/TomColdenhoff/AppData/Local/UnrealEngine/4.19/DerivedDataCache/Boot.ddc.
[2018.06.30-12.23.08:228][  0]LogDerivedDataCache: Display: Loaded Boot cache: C:/Users/TomColdenhoff/AppData/Local/UnrealEngine/4.19/DerivedDataCache/Boot.ddc
[2018.06.30-12.23.08:228][  0]LogDerivedDataCache: FDerivedDataBackendGraph:  Pak pak cache file ../../../../../../../Projects/FPS/FPS/DerivedDataCache/DDC.ddp not found, will not use a pak cache.
[2018.06.30-12.23.08:228][  0]LogDerivedDataCache: Unable to find inner node Pak for hierarchical cache Hierarchy.
[2018.06.30-12.23.08:228][  0]LogDerivedDataCache: FDerivedDataBackendGraph:  CompressedPak pak cache file ../../../../../../../Projects/FPS/FPS/DerivedDataCache/Compressed.ddp not found, will not use a pak cache.
[2018.06.30-12.23.08:228][  0]LogDerivedDataCache: Unable to find inner node CompressedPak for hierarchical cache Hierarchy.
[2018.06.30-12.23.08:300][  0]LogDerivedDataCache: Display: Pak cache opened for reading ../../../Engine/DerivedDataCache/Compressed.ddp.
[2018.06.30-12.23.08:317][  0]LogDerivedDataCache: Using Local data cache path C:/Users/TomColdenhoff/AppData/Local/UnrealEngine/Common/DerivedDataCache: Writable
[2018.06.30-12.23.08:317][  0]LogDerivedDataCache: Shared data cache path not found in *engine.ini, will not use an Shared cache.
[2018.06.30-12.23.08:317][  0]LogDerivedDataCache: Unable to find inner node Shared for hierarchical cache Hierarchy.
[2018.06.30-12.23.08:330][  0]LogMaterial: Verifying Global Shaders for PCD3D_SM5
[2018.06.30-12.23.08:331][  0]LogSlate: Using Freetype 2.6.0
[2018.06.30-12.23.08:396][  0]LogSlate: SlateFontCache - WITH_FREETYPE: 1, WITH_HARFBUZZ: 1
[2018.06.30-12.23.08:396][  0]LogSlate: SlateFontCache - WITH_FREETYPE: 1, WITH_HARFBUZZ: 1
[2018.06.30-12.23.12:520][  0]LogAssetRegistry: FAssetRegistry took 0.0284 seconds to start up
[2018.06.30-12.23.13:732][  0]LogInit: Selected Device Profile: [Windows]
[2018.06.30-12.23.14:745][  0]LogSimplygon: Simplygon DLL not present - disabling.
[2018.06.30-12.23.14:809][  0]LogMeshReduction: Using SimplygonSwarm for distributed automatic mesh merging
[2018.06.30-12.23.14:826][  0]LogMeshReduction: Using QuadricMeshReduction for automatic static mesh reduction
[2018.06.30-12.23.14:827][  0]LogMeshReduction: No automatic skeletal mesh reduction module available
[2018.06.30-12.23.14:827][  0]LogMeshReduction: No automatic mesh merging module available
[2018.06.30-12.23.14:827][  0]LogMeshMerging: No automatic mesh merging module available
[2018.06.30-12.23.15:071][  0]LogNetVersion: FPS , NetCL: 3944462, EngineNetVer: 2, GameNetVer: 0 (Checksum: 2326512385)
[2018.06.30-12.23.17:383][  0]LogPackageLocalizationCache: Processed 9 localized package path(s) for 2 prioritized culture(s) in 0.089179 seconds
[2018.06.30-12.23.17:390][  0]LogUObjectArray: 36728 objects as part of root set at end of initial load.
[2018.06.30-12.23.17:390][  0]LogUObjectAllocator: 7314312 out of 0 bytes used by permanent object pool.
[2018.06.30-12.23.17:390][  0]LogUObjectArray: CloseDisregardForGC: 0/0 objects in disregard for GC pool
[2018.06.30-12.23.31:744][  0]LogTcpMessaging: Initializing TcpMessaging bridge
[2018.06.30-12.23.31:772][  0]LogUdpMessaging: Initializing bridge on interface 0.0.0.0:0 to multicast group 230.0.0.1:6666.
[2018.06.30-12.23.33:888][  0]LogSkeletalMesh: Skeletal Mesh found in DDC [10.235723ms] /Game/Models/Player/Arms/Arms_SMG.Arms_SMG
[2018.06.30-12.23.34:153][  0]LogUObjectGlobals: Created PersistentFrame Addr=0x0000020395bcdfd0, Size=80, Default__BP_SMGAnim_C Function /Game/Animations/SMG/BP_SMGAnim.BP_SMGAnim_C:ExecuteUbergraph_BP_SMGAnim
[2018.06.30-12.23.34:857][  0]LogUObjectGlobals: Destroyed PersistentFrame Addr=0x0000020395bcdfd0, Size=80
[2018.06.30-12.23.34:858][  0]LogUObjectGlobals: Created PersistentFrame Addr=0x00000203ab0d3830, Size=80, Default__BP_SMGAnim_C Function /Engine/Transient.REINST_BP_SMGAnim_C_0:ExecuteUbergraph_BP_SMGAnim
[2018.06.30-12.23.35:351][  0]LogUObjectGlobals: Created PersistentFrame Addr=0x00000203ab02a110, Size=80, Default__BP_SMGAnim_C Function /Game/Animations/SMG/BP_SMGAnim.BP_SMGAnim_C:ExecuteUbergraph_BP_SMGAnim
[2018.06.30-12.23.36:658][  0]SourceControl: Source control is disabled
[2018.06.30-12.23.36:659][  0]SourceControl: Source control is disabled
[2018.06.30-12.23.36:698][  0]SourceControl: Source control is disabled
[2018.06.30-12.23.36:719][  0]SourceControl: Source control is disabled
[2018.06.30-12.23.37:649][  0]LogAndroidPermission: UAndroidPermissionCallbackProxy::GetInstance
[2018.06.30-12.23.37:858][  0]LogOcInput: OculusInput pre-init called
[2018.06.30-12.23.40:394][  0]LogEngine: Initializing Engine...
[2018.06.30-12.23.40:552][  0]LogHMD: Failed to initialize OpenVR with code 110
[2018.06.30-12.23.40:615][  0]LogStats: UGameplayTagsManager::ConstructGameplayTagTree: Construct from data asset -  0.000 s
[2018.06.30-12.23.40:615][  0]LogStats: UGameplayTagsManager::ConstructGameplayTagTree: GameplayTagTreeChangedEvent.Broadcast -  0.000 s
[2018.06.30-12.23.42:999][  0]LogAIModule: Creating AISystem for world Untitled
[2018.06.30-12.23.43:887][  0]LogInit: XAudio2 using 'Speakers (Logitech G35 Headset)' : 2 channels at 44.1 kHz using 16 bits per sample (channel mask 0x3)
[2018.06.30-12.23.43:911][  0]LogInit: FAudioDevice initialized.
[2018.06.30-12.23.44:096][  0]LogDerivedDataCache: Saved boot cache 0.15s 80MB C:/Users/TomColdenhoff/AppData/Local/UnrealEngine/4.19/DerivedDataCache/Boot.ddc.
[2018.06.30-12.23.44:104][  0]LogInit: Texture streaming: Enabled
[2018.06.30-12.23.44:344][  0]LogEngineSessionManager: EngineSessionManager initialized
[2018.06.30-12.23.45:315][  0]LogInit: Transaction tracking system initialized
[2018.06.30-12.23.47:168][  0]BlueprintLog: New page: Editor Load
[2018.06.30-12.23.51:395][  0]LocalizationService: Localization service is disabled
[2018.06.30-12.23.52:872][  0]LogConsoleResponse: Display: 
[2018.06.30-12.23.55:078][  0]LogFileCache: Scanning file cache for directory 'E:/Projects/FPS/FPS/Content/' took 0.08s
[2018.06.30-12.23.55:078][  0]LogCook: Display: Max memory allowance for cook 16384mb min free memory 0mb
[2018.06.30-12.23.55:087][  0]LogCook: Display: Mobile HDR setting 1
[2018.06.30-12.23.55:087][  0]LogGameplayTags: Display: UGameplayTagsManager::DoneAddingNativeTags. DelegateIsBound: 0
[2018.06.30-12.23.55:104][  0]LogStats: UGameplayTagsManager::ConstructGameplayTagTree: Construct from data asset -  0.000 s
[2018.06.30-12.23.55:104][  0]LogStats: UGameplayTagsManager::ConstructGameplayTagTree: GameplayTagTreeChangedEvent.Broadcast -  0.000 s
[2018.06.30-12.23.58:312][  0]SourceControl: Source control is disabled
[2018.06.30-12.23.58:389][  0]Cmd: MAP LOAD FILE="../../../../../../../Projects/FPS/FPS/Content/Maps/Level1.umap" TEMPLATE=0 SHOWPROGRESS=1 FEATURELEVEL=3
[2018.06.30-12.23.58:441][  0]LightingResults: New page: Lighting Build
[2018.06.30-12.23.58:768][  0]MapCheck: New page: Map Check
[2018.06.30-12.23.58:768][  0]LightingResults: New page: Lighting Build
[2018.06.30-12.23.59:112][  0]LogUObjectGlobals: Destroyed PersistentFrame Addr=0x00000203ab0d3830, Size=80
[2018.06.30-12.24.08:072][  0]LogAIModule: Creating AISystem for world Level1
[2018.06.30-12.24.08:820][  0]LogEditorServer: Finished looking for orphan Actors (0.000 secs)
[2018.06.30-12.24.09:826][  0]Cmd: MAP CHECKDEP NOCLEARLOG
[2018.06.30-12.24.09:915][  0]MapCheck: Map check complete: 0 Error(s), 0 Warning(s), took 86.936ms to complete.
[2018.06.30-12.24.09:916][  0]LogFileHelpers: Loading map 'Level1' took 11.551
[2018.06.30-12.24.12:451][  0]LogCollectionManager: Loaded 0 collections in 0.000891 seconds
[2018.06.30-12.24.12:599][  0]LogFileCache: Scanning file cache for directory 'E:/Projects/FPS/FPS/Saved/Collections/' took 0.01s
[2018.06.30-12.24.12:599][  0]LogFileCache: Scanning file cache for directory 'E:/Projects/FPS/FPS/Content/Developers/TomColdenhoff/Collections/' took 0.01s
[2018.06.30-12.24.12:599][  0]LogFileCache: Scanning file cache for directory 'E:/Projects/FPS/FPS/Content/Collections/' took 0.01s
[2018.06.30-12.24.12:599][  0]LogCollectionManager: Rebuilt the GUID cache for 0 collections in 0.000000 seconds
[2018.06.30-12.24.12:626][  0]LogContentBrowser: Native class hierarchy populated in 0.0178 seconds. Added 2481 classes and 565 folders.
[2018.06.30-12.24.12:728][  0]LogContentBrowser: Native class hierarchy updated for 'WidgetCarousel' in 0.0010 seconds. Added 0 classes and 0 folders.
[2018.06.30-12.24.13:379][  0]LogContentBrowser: Native class hierarchy updated for 'AddContentDialog' in 0.0011 seconds. Added 0 classes and 0 folders.
[2018.06.30-12.24.13:520][  0]LogContentBrowser: Native class hierarchy updated for 'SceneOutliner' in 0.0010 seconds. Added 1 classes and 2 folders.
[2018.06.30-12.24.17:653][  0]LogTemp: Executing iPhonePackager certificates Engine -bundlename com.YourCompany.FPS
[2018.06.30-12.24.17:653][  0]LogTemp: CWD: E:\Game Engines\Epic Games\4.19\UE_4.19\Engine\Binaries\DotNET\IOS
[2018.06.30-12.24.17:653][  0]LogTemp: Initial Dir: E:\Game Engines\Epic Games\4.19\UE_4.19
[2018.06.30-12.24.17:653][  0]LogTemp: Env CWD: E:\Game Engines\Epic Games\4.19\UE_4.19\Engine\Binaries\DotNET\IOS
[2018.06.30-12.24.17:653][  0]LogTemp: BranchPath = DESKTOP-27ERO04/E/Game Engines/Epic Games/4.19/UE_4.19/Engine/Binaries --- GameBranchPath = DESKTOP-27ERO04/E/Game Engines/Epic Games/4.19/UE_4.19/Engine/Binaries
[2018.06.30-12.24.17:653][  0]LogTemp: IPP ERROR: Could not find provision directory 'C:\Users\TomColdenhoff\AppData\Local/Apple Computer/MobileDevice/Provisioning Profiles/'.
[2018.06.30-12.24.17:654][  0]LogSlate: Only BGRA pngs, bmps or icos are supported in by External Image Picker
[2018.06.30-12.24.17:837][  0]LogSlate: Took 0.014099 seconds to synchronously load lazily loaded font '../../../Engine/Content/Slate/Fonts/Roboto-Regular.ttf' (155K)
[2018.06.30-12.24.17:875][  0]LogSlate: Took 0.024711 seconds to synchronously load lazily loaded font '../../../Engine/Content/Slate/Fonts/Roboto-Bold.ttf' (160K)
[2018.06.30-12.24.17:940][  0]LogSlate: Took 0.012583 seconds to synchronously load lazily loaded font '../../../Engine/Content/Editor/Slate/Fonts/FontAwesome.ttf' (139K)
[2018.06.30-12.24.17:953][  0]LogSlate: Took 0.012348 seconds to synchronously load lazily loaded font '../../../Engine/Content/Slate/Fonts/DroidSansMono.ttf' (77K)
[2018.06.30-12.24.18:522][  0]LogRenderer: Reallocating scene render targets to support 1136x532 Format 10 NumSamples 1 (Frame:1).
[2018.06.30-12.24.20:624][  0]LogContentBrowser: Native class hierarchy updated for 'HierarchicalLODOutliner' in 0.0010 seconds. Added 0 classes and 0 folders.
[2018.06.30-12.24.20:625][  0]LogLoad: (Engine Initialization) Total time: 96.20 seconds
[2018.06.30-12.24.20:625][  0]LogLoad: (Engine Initialization) Total Blueprint compile time: 0.00 seconds
[2018.06.30-12.24.22:024][  0]LogContentStreaming: Texture pool size now 1000 MB
[2018.06.30-12.24.23:324][  4]LogAssetRegistry: Asset discovery search completed in 70.8283 seconds
[2018.06.30-12.24.23:347][  4]LogCollectionManager: Rebuilt the object cache for 0 collections in 0.000000 seconds (found 0 objects)
[2018.06.30-12.24.23:348][  4]LogCollectionManager: Fixed up redirectors for 0 collections in 0.011469 seconds (updated 0 objects)
[2018.06.30-12.24.55:990][102]LogSlate: FSceneViewport::OnFocusLost() reason 0
[2018.06.30-12.24.56:007][102]LogTemp: Repeating last play command: Selected Viewport
[2018.06.30-12.24.56:104][102]LogPlayLevel: PlayLevel: No blueprints needed recompiling
[2018.06.30-12.24.56:298][102]PIE: New page: PIE session: Level1 (Jun 30, 2018, 4:24:56 PM)
[2018.06.30-12.24.56:321][102]LogPlayLevel: Creating play world package: /Game/Maps/UEDPIE_0_Level1
[2018.06.30-12.24.56:422][102]LogPlayLevel: PIE: StaticDuplicateObject took: (0.100423s)
[2018.06.30-12.24.56:423][102]LogAIModule: Creating AISystem for world Level1
[2018.06.30-12.24.56:429][102]LogPlayLevel: PIE: World Init took: (0.006543s)
[2018.06.30-12.24.56:429][102]LogPlayLevel: PIE: Created PIE world by copying editor world from /Game/Maps/Level1.Level1 to /Game/Maps/UEDPIE_0_Level1.Level1 (0.108098s)
[2018.06.30-12.24.56:462][102]LogInit: XAudio2 using 'Speakers (Logitech G35 Headset)' : 2 channels at 44.1 kHz using 16 bits per sample (channel mask 0x3)
[2018.06.30-12.24.56:472][102]LogInit: FAudioDevice initialized.
[2018.06.30-12.24.56:603][102]LogUObjectGlobals: Created PersistentFrame Addr=0x00000203f7c32a80, Size=128, Default__BP_InGameGUI_C Function /Game/UI/Widgets/BP_InGameGUI.BP_InGameGUI_C:ExecuteUbergraph_BP_InGameGUI
[2018.06.30-12.24.56:687][102]LogUObjectGlobals: Destroyed PersistentFrame Addr=0x00000203f7c32a80, Size=128
[2018.06.30-12.24.56:688][102]LogUObjectGlobals: Created PersistentFrame Addr=0x00000203f7c32a80, Size=128, Default__BP_InGameGUI_C Function /Engine/Transient.REINST_BP_InGameGUI_C_0:ExecuteUbergraph_BP_InGameGUI
[2018.06.30-12.24.56:720][102]LogUObjectGlobals: Created PersistentFrame Addr=0x00000203f7c33380, Size=128, Default__BP_InGameGUI_C Function /Game/UI/Widgets/BP_InGameGUI.BP_InGameGUI_C:ExecuteUbergraph_BP_InGameGUI
[2018.06.30-12.24.56:818][102]LogUObjectGlobals: Created PersistentFrame Addr=0x00000203f7bffac8, Size=4, Default__OnGroundSlot_C Function /Game/UI/Widgets/Inventory/Ground/OnGroundSlot.OnGroundSlot_C:ExecuteUbergraph_OnGroundSlot
[2018.06.30-12.24.56:824][102]LogUObjectGlobals: Destroyed PersistentFrame Addr=0x00000203f7bffac8, Size=4
[2018.06.30-12.24.56:825][102]LogUObjectGlobals: Created PersistentFrame Addr=0x00000203f7bffac8, Size=4, Default__OnGroundSlot_C Function /Engine/Transient.REINST_OnGroundSlot_C_2:ExecuteUbergraph_OnGroundSlot
[2018.06.30-12.24.56:829][102]LogUObjectGlobals: Created PersistentFrame Addr=0x00000203f7bff9e0, Size=4, Default__OnGroundSlot_C Function /Game/UI/Widgets/Inventory/Ground/OnGroundSlot.OnGroundSlot_C:ExecuteUbergraph_OnGroundSlot
[2018.06.30-12.24.56:832][102]LogUObjectGlobals: Created PersistentFrame Addr=0x00000203caaa0c20, Size=160, Default__OnGroundUI_C Function /Game/UI/Widgets/Inventory/Ground/OnGroundUI.OnGroundUI_C:ExecuteUbergraph_OnGroundUI
[2018.06.30-12.24.56:836][102]LogUObjectGlobals: Destroyed PersistentFrame Addr=0x00000203caaa0c20, Size=160
[2018.06.30-12.24.56:837][102]LogUObjectGlobals: Created PersistentFrame Addr=0x00000203caa66b60, Size=160, Default__OnGroundUI_C Function /Engine/Transient.REINST_OnGroundUI_C_3:ExecuteUbergraph_OnGroundUI
[2018.06.30-12.24.56:853][102]LogUObjectGlobals: Created PersistentFrame Addr=0x00000203caa65580, Size=160, Default__OnGroundUI_C Function /Game/UI/Widgets/Inventory/Ground/OnGroundUI.OnGroundUI_C:ExecuteUbergraph_OnGroundUI
[2018.06.30-12.24.56:884][102]LogUObjectGlobals: Created PersistentFrame Addr=0x00000203caf0e780, Size=424, Default__Slot_C Function /Game/UI/Widgets/Inventory/Slot.Slot_C:ExecuteUbergraph_Slot
[2018.06.30-12.24.56:890][102]LogUObjectGlobals: Destroyed PersistentFrame Addr=0x00000203caf0e780, Size=424
[2018.06.30-12.24.56:890][102]LogUObjectGlobals: Created PersistentFrame Addr=0x00000203caf0e780, Size=424, Default__Slot_C Function /Engine/Transient.REINST_Slot_C_5:ExecuteUbergraph_Slot
[2018.06.30-12.24.56:895][102]LogUObjectGlobals: Created PersistentFrame Addr=0x00000203caf0d600, Size=424, Default__Slot_C Function /Game/UI/Widgets/Inventory/Slot.Slot_C:ExecuteUbergraph_Slot
[2018.06.30-12.24.56:899][102]LogUObjectGlobals: Created PersistentFrame Addr=0x00000203cd505fd0, Size=40, Default__InventorySlots_C Function /Game/UI/Widgets/Inventory/InventorySlots.InventorySlots_C:ExecuteUbergraph_InventorySlots
[2018.06.30-12.24.56:916][102]LogUObjectGlobals: Destroyed PersistentFrame Addr=0x00000203cd505fd0, Size=40
[2018.06.30-12.24.56:916][102]LogUObjectGlobals: Created PersistentFrame Addr=0x00000203cd505fd0, Size=40, Default__InventorySlots_C Function /Engine/Transient.REINST_InventorySlots_C_6:ExecuteUbergraph_InventorySlots
[2018.06.30-12.24.56:932][102]LogUObjectGlobals: Created PersistentFrame Addr=0x00000203cd505d28, Size=40, Default__InventorySlots_C Function /Game/UI/Widgets/Inventory/InventorySlots.InventorySlots_C:ExecuteUbergraph_InventorySlots
[2018.06.30-12.24.56:935][102]LogUObjectGlobals: Created PersistentFrame Addr=0x00000203cd505a58, Size=40, Default__UIHUD_C Function /Game/UI/Widgets/UIHUD.UIHUD_C:ExecuteUbergraph_UIHUD
[2018.06.30-12.24.56:939][102]LogUObjectGlobals: Destroyed PersistentFrame Addr=0x00000203cd505a58, Size=40
[2018.06.30-12.24.56:939][102]LogUObjectGlobals: Created PersistentFrame Addr=0x00000203cd505a58, Size=40, Default__UIHUD_C Function /Engine/Transient.REINST_UIHUD_C_7:ExecuteUbergraph_UIHUD
[2018.06.30-12.24.56:942][102]LogUObjectGlobals: Created PersistentFrame Addr=0x00000203cd505a80, Size=40, Default__UIHUD_C Function /Game/UI/Widgets/UIHUD.UIHUD_C:ExecuteUbergraph_UIHUD
[2018.06.30-12.24.57:034][102]LogLoad: Game class is 'BP_FPSGameModeBase_C'
[2018.06.30-12.24.57:138][102]LogWorld: Bringing World /Game/Maps/UEDPIE_0_Level1.Level1 up for play (max tick rate 0) at 2018.06.30-14.24.57
[2018.06.30-12.24.57:217][102]LogWorld: Bringing up level for play took: 0.097431
[2018.06.30-12.24.57:372][102]LogContentBrowser: Native class hierarchy updated for 'MovieSceneCapture' in 0.0043 seconds. Added 11 classes and 0 folders.
[2018.06.30-12.24.57:620][102]PIE: Play in editor start time for /Game/Maps/UEDPIE_0_Level1 1.177
[2018.06.30-12.25.02:310][514]LogTemp: Warning: SMG: Added to inventory
[2018.06.30-12.25.02:990][517]LogSlate: FSceneViewport::OnFocusLost() reason 0
[2018.06.30-12.25.04:074][594]LogOutputDevice: Warning: 

Script Stack:
HandSlot_C.OnDrop

[2018.06.30-12.25.04:075][594]LogOutputDevice: Error: Ensure condition failed: bHasBegunPlay [File:D:\Build\++UE4+Release-4.19+Compile\Sync\Engine\Source\Runtime\Engine\Private\Components\ActorComponent.cpp] [Line: 1004] 
Failed to route BeginPlay (SMG /Game/Maps/UEDPIE_0_Level1.Level1:PersistentLevel.BP_FPSPlayer_C_0.CurrentWeaponMesh)

[2018.06.30-12.25.04:076][594]LogStats:             FDebug::EnsureFailed -  0.011 s
[2018.06.30-12.25.22:239][699]LogTemp: Warning: Actor: SM_DoorVent_10
[2018.06.30-12.25.22:239][699]LogTemp: Warning: Actor: SM_DoorVent_10
[2018.06.30-12.25.26:318][ 82]LogTemp: Warning: Actor: SM_DoorVent_10
[2018.06.30-12.25.26:318][ 82]LogTemp: Warning: Actor: SM_DoorVent_10
[2018.06.30-12.25.44:261][628]LogTemp: Warning: Actor: SM_DoorVent_10
[2018.06.30-12.25.44:261][628]LogTemp: Warning: Actor: SM_DoorVent_10
[2018.06.30-12.25.49:259][ 62]LogSlate: FSceneViewport::OnFocusLost() reason 0
[2018.06.30-12.25.50:637][126]LogUObjectGlobals: Destroyed PersistentFrame Addr=0x00000203f7c32a80, Size=128
[2018.06.30-12.25.50:638][126]LogUObjectGlobals: Destroyed PersistentFrame Addr=0x00000203f7bffac8, Size=4
[2018.06.30-12.25.50:638][126]LogUObjectGlobals: Destroyed PersistentFrame Addr=0x00000203caa66b60, Size=160
[2018.06.30-12.25.50:639][126]LogUObjectGlobals: Destroyed PersistentFrame Addr=0x00000203caf0e780, Size=424
[2018.06.30-12.25.50:639][126]LogUObjectGlobals: Destroyed PersistentFrame Addr=0x00000203cd505fd0, Size=40
[2018.06.30-12.25.50:639][126]LogUObjectGlobals: Destroyed PersistentFrame Addr=0x00000203cd505a58, Size=40
[2018.06.30-12.29.06:511][117]LogSlate: Took 0.017005 seconds to synchronously load lazily loaded font '../../../Engine/Content/Slate/Fonts/Roboto-Light.ttf' (167K)
[2018.06.30-12.29.13:828][741]LogSlate: Took 0.000236 seconds to synchronously load lazily loaded font '../../../Engine/Content/Slate/Fonts/Roboto-Light.ttf' (167K)
[2018.06.30-12.29.14:570][741]LogContentBrowser: Native class hierarchy updated for 'BlueprintGraph' in 0.0028 seconds. Added 116 classes and 0 folders.
[2018.06.30-12.29.15:051][741]LogUObjectGlobals: Created PersistentFrame Addr=0x00000203a80d5be0, Size=4, Default__SKEL_PROTO_BP_AnimBlueprint_0_C Function /Engine/Transient.SKEL_PROTO_BP_AnimBlueprint_0_C:ExecuteUbergraph_PROTO_BP_AnimBlueprint_0
[2018.06.30-12.29.15:059][741]LogUObjectGlobals: Created PersistentFrame Addr=0x00000203a80d5bd8, Size=4, Default__PROTO_BP_AnimBlueprint_0_C Function /Engine/Transient.PROTO_BP_AnimBlueprint_0_C:ExecuteUbergraph_PROTO_BP_AnimBlueprint_0
[2018.06.30-12.29.16:538][741]LogSlate: Took 0.021585 seconds to synchronously load lazily loaded font '../../../Engine/Content/Slate/Fonts/Roboto-BoldCondensed.ttf' (158K)
[2018.06.30-12.29.21:134][178]LogSlate: Took 0.013025 seconds to synchronously load lazily loaded font '../../../Engine/Content/Slate/Fonts/Roboto-Italic.ttf' (157K)
[2018.06.30-12.30.47:500][ 61]BlueprintLog: New page: Compile HandSlot
[2018.06.30-12.30.48:649][134]Cmd: OBJ SAVEPACKAGE PACKAGE="/Game/UI/Widgets/Inventory/HandSlot" FILE="../../../../../../../Projects/FPS/FPS/Content/UI/Widgets/Inventory/HandSlot.uasset" SILENT=true
[2018.06.30-12.30.48:841][134]LogSavePackage: Save=71.26ms
[2018.06.30-12.30.48:841][134]LogSavePackage: Moving '../../../../../../../Projects/FPS/FPS/Saved/HandSlot81E735C54DE635D53D6B219CCC5B2314.tmp' to '../../../../../../../Projects/FPS/FPS/Content/UI/Widgets/Inventory/HandSlot.uasset'
[2018.06.30-12.30.48:895][134]LogSavePackage: Display: Finished SavePackage ../../../../../../../Projects/FPS/FPS/Content/UI/Widgets/Inventory/HandSlot.uasset
[2018.06.30-12.39.23:317][447]LogFileHelpers: Editor autosave (incl. sublevels) for '/Game/Maps/Level1' took 0.025
[2018.06.30-12.39.23:342][447]OBJ SavePackage: Generating thumbnails for [0] asset(s) in package [/Game/UI/Widgets/Inventory/HandSlot] ([1] browsable assets)...
[2018.06.30-12.39.23:342][447]OBJ SavePackage: Finished generating thumbnails for package [/Game/UI/Widgets/Inventory/HandSlot]
[2018.06.30-12.39.23:342][447]Cmd: OBJ SAVEPACKAGE PACKAGE="/Game/UI/Widgets/Inventory/HandSlot" FILE="../../../../../../../Projects/FPS/FPS/Saved/Autosaves/Game/UI/Widgets/Inventory/HandSlot_Auto1.uasset" SILENT=false AUTOSAVING=true
[2018.06.30-12.39.23:377][447]LogSavePackage: Save=19.18ms
[2018.06.30-12.39.23:378][447]LogSavePackage: Moving '../../../../../../../Projects/FPS/FPS/Saved/HandSlot_Auto1187A3A8F4B89AAE6002C21B156AE5265.tmp' to '../../../../../../../Projects/FPS/FPS/Saved/Autosaves/Game/UI/Widgets/Inventory/HandSlot_Auto1.uasset'
[2018.06.30-12.39.23:379][447]LogSavePackage: Display: Finished SavePackage ../../../../../../../Projects/FPS/FPS/Saved/Autosaves/Game/UI/Widgets/Inventory/HandSlot_Auto1.uasset
[2018.06.30-12.39.23:379][447]LogFileHelpers: Auto-saving content packages took 0.061
[2018.06.30-12.42.04:429][ 85]LogEditorTransaction: Undo Delete current selection
[2018.06.30-12.42.36:798][945]BlueprintLog: New page: Compile HandSlot
[2018.06.30-12.42.37:524][ 15]Cmd: OBJ SAVEPACKAGE PACKAGE="/Game/UI/Widgets/Inventory/HandSlot" FILE="../../../../../../../Projects/FPS/FPS/Content/UI/Widgets/Inventory/HandSlot.uasset" SILENT=true
[2018.06.30-12.42.37:632][ 15]LogSavePackage: Save=62.70ms
[2018.06.30-12.42.37:632][ 15]LogSavePackage: Moving '../../../../../../../Projects/FPS/FPS/Saved/HandSlot61DE2E3245669DF6E21895987A271168.tmp' to '../../../../../../../Projects/FPS/FPS/Content/UI/Widgets/Inventory/HandSlot.uasset'
[2018.06.30-12.42.37:635][ 15]LogSavePackage: Display: Finished SavePackage ../../../../../../../Projects/FPS/FPS/Content/UI/Widgets/Inventory/HandSlot.uasset
[2018.06.30-12.42.38:855][159]LogTemp: Repeating last play command: Selected Viewport
[2018.06.30-12.42.38:881][159]LogPlayLevel: PlayLevel: No blueprints needed recompiling
[2018.06.30-12.42.38:882][159]PIE: New page: PIE session: Level1 (Jun 30, 2018, 4:42:38 PM)
[2018.06.30-12.42.38:882][159]LogPlayLevel: Creating play world package: /Game/Maps/UEDPIE_0_Level1
[2018.06.30-12.42.38:896][159]LogPlayLevel: PIE: StaticDuplicateObject took: (0.012870s)
[2018.06.30-12.42.38:897][159]LogAIModule: Creating AISystem for world Level1
[2018.06.30-12.42.38:898][159]LogPlayLevel: PIE: World Init took: (0.001252s)
[2018.06.30-12.42.38:898][159]LogPlayLevel: PIE: Created PIE world by copying editor world from /Game/Maps/Level1.Level1 to /Game/Maps/UEDPIE_0_Level1.Level1 (0.015228s)
[2018.06.30-12.42.38:933][159]LogInit: XAudio2 using 'Speakers (Logitech G35 Headset)' : 2 channels at 44.1 kHz using 16 bits per sample (channel mask 0x3)
[2018.06.30-12.42.38:942][159]LogInit: FAudioDevice initialized.
[2018.06.30-12.42.38:998][159]LogLoad: Game class is 'BP_FPSGameModeBase_C'
[2018.06.30-12.42.39:009][159]LogWorld: Bringing World /Game/Maps/UEDPIE_0_Level1.Level1 up for play (max tick rate 0) at 2018.06.30-14.42.39
[2018.06.30-12.42.39:010][159]LogWorld: Bringing up level for play took: 0.010471
[2018.06.30-12.42.39:019][159]PIE: Play in editor start time for /Game/Maps/UEDPIE_0_Level1 0.576
[2018.06.30-12.42.39:067][159]LogRenderer: Reallocating scene render targets to support 1292x756 Format 10 NumSamples 1 (Frame:1).
[2018.06.30-12.42.42:064][361]LogTemp: Warning: There is no current weapon
[2018.06.30-12.42.42:185][368]LogTemp: Warning: There is no current weapon
[2018.06.30-12.42.42:973][424]LogTemp: Warning: There is no current weapon
[2018.06.30-12.42.43:698][477]LogTemp: Warning: There is no current weapon
[2018.06.30-12.42.44:637][546]LogTemp: Warning: There is no current weapon
[2018.06.30-12.42.46:457][678]LogTemp: Warning: SMG: Added to inventory
[2018.06.30-12.42.46:817][705]LogSlate: FSceneViewport::OnFocusLost() reason 0
[2018.06.30-12.42.54:097][246]LogSlate: Window 'FPS Game Preview Standalone (64-bit/PCD3D_SM5)' being destroyed
[2018.06.30-12.43.01:001][ 59]BlueprintLog: New page: Compile HandSlot
[2018.06.30-12.43.01:529][114]Cmd: OBJ SAVEPACKAGE PACKAGE="/Game/UI/Widgets/Inventory/HandSlot" FILE="../../../../../../../Projects/FPS/FPS/Content/UI/Widgets/Inventory/HandSlot.uasset" SILENT=true
[2018.06.30-12.43.01:566][114]LogSavePackage: Save=26.36ms
[2018.06.30-12.43.01:566][114]LogSavePackage: Moving '../../../../../../../Projects/FPS/FPS/Saved/HandSlotFE8AC5C040C5E794451EEAA8BFC3D612.tmp' to '../../../../../../../Projects/FPS/FPS/Content/UI/Widgets/Inventory/HandSlot.uasset'
[2018.06.30-12.43.01:574][114]LogSavePackage: Display: Finished SavePackage ../../../../../../../Projects/FPS/FPS/Content/UI/Widgets/Inventory/HandSlot.uasset
[2018.06.30-12.43.03:242][314]LogTemp: Repeating last play command: Selected Viewport
[2018.06.30-12.43.03:270][314]LogPlayLevel: PlayLevel: No blueprints needed recompiling
[2018.06.30-12.43.03:270][314]PIE: New page: PIE session: Level1 (Jun 30, 2018, 4:43:03 PM)
[2018.06.30-12.43.03:271][314]LogPlayLevel: Creating play world package: /Game/Maps/UEDPIE_0_Level1
[2018.06.30-12.43.03:284][314]LogPlayLevel: PIE: StaticDuplicateObject took: (0.013272s)
[2018.06.30-12.43.03:285][314]LogAIModule: Creating AISystem for world Level1
[2018.06.30-12.43.03:286][314]LogPlayLevel: PIE: World Init took: (0.001112s)
[2018.06.30-12.43.03:286][314]LogPlayLevel: PIE: Created PIE world by copying editor world from /Game/Maps/Level1.Level1 to /Game/Maps/UEDPIE_0_Level1.Level1 (0.015439s)
[2018.06.30-12.43.03:309][314]LogInit: XAudio2 using 'Speakers (Logitech G35 Headset)' : 2 channels at 44.1 kHz using 16 bits per sample (channel mask 0x3)
[2018.06.30-12.43.03:318][314]LogInit: FAudioDevice initialized.
[2018.06.30-12.43.03:371][314]LogLoad: Game class is 'BP_FPSGameModeBase_C'
[2018.06.30-12.43.03:380][314]LogWorld: Bringing World /Game/Maps/UEDPIE_0_Level1.Level1 up for play (max tick rate 0) at 2018.06.30-14.43.03
[2018.06.30-12.43.03:381][314]LogWorld: Bringing up level for play took: 0.009443
[2018.06.30-12.43.03:389][314]PIE: Play in editor start time for /Game/Maps/UEDPIE_0_Level1 0.945
[2018.06.30-12.43.06:515][541]LogTemp: Warning: There is no current weapon
[2018.06.30-12.43.06:628][549]LogTemp: Warning: There is no current weapon
[2018.06.30-12.43.07:396][602]LogTemp: Warning: There is no current weapon
[2018.06.30-12.43.08:657][693]LogTemp: Warning: There is no current weapon
[2018.06.30-12.43.09:087][724]LogTemp: Warning: There is no current weapon
[2018.06.30-12.43.09:481][752]LogTemp: Warning: There is no current weapon
[2018.06.30-12.43.10:824][848]LogTemp: Warning: SMG: Added to inventory
[2018.06.30-12.43.11:080][867]LogSlate: FSceneViewport::OnFocusLost() reason 0
[2018.06.30-12.43.12:958][  6]LogTemp: Warning: SMG: Added to inventory
[2018.06.30-12.43.14:337][108]LogTemp: Warning: SMG: Added to inventory
[2018.06.30-12.43.15:975][229]LogTemp: Warning: SMG: Added to inventory
[2018.06.30-12.43.19:792][510]LogSlate: Window 'FPS Game Preview Standalone (64-bit/PCD3D_SM5)' being destroyed
[2018.06.30-12.43.47:059][143]BlueprintLog: New page: Compile Slot
[2018.06.30-12.43.47:086][143]LogUObjectGlobals: Destroyed PersistentFrame Addr=0x00000203caf0d600, Size=424
[2018.06.30-12.43.47:087][143]LogUObjectGlobals: Created PersistentFrame Addr=0x00000203caf0d600, Size=424, Default__Slot_C Function /Engine/Transient.REINST_Slot_C_23:ExecuteUbergraph_Slot
[2018.06.30-12.43.47:092][143]LogUObjectGlobals: Created PersistentFrame Addr=0x000002040a13b200, Size=424, Default__Slot_C Function /Game/UI/Widgets/Inventory/Slot.Slot_C:ExecuteUbergraph_Slot
[2018.06.30-12.46.54:090][248]Candidate modules for hot reload:
[2018.06.30-12.46.54:091][248]  FPS
[2018.06.30-12.46.54:092][248]Launching UnrealBuildTool... [E:/Game Engines/Epic Games/4.19/UE_4.19/Engine/Binaries/DotNET/UnrealBuildTool.exe FPS -ModuleWithSuffix=FPS,3305 Win64 Development -editorrecompile -canskiplink "E:/Projects/FPS/FPS/FPS.uproject" ]
[2018.06.30-12.46.54:099][248]Warning: Starting HotReload took  0.1s.
[2018.06.30-12.47.17:464][235]CompilerResultsLog: New page: Compilation - Jun 30, 2018, 4:47:17 PM
[2018.06.30-12.47.17:492][235]CompilerResultsLog: Using 'git status' to determine working set for adaptive non-unity build.
[2018.06.30-12.47.17:492][235]CompilerResultsLog: Creating makefile for hot reloading FPS (game project files are newer)
[2018.06.30-12.47.17:492][235]CompilerResultsLog: Compiling game modules for hot reload
[2018.06.30-12.47.17:493][235]CompilerResultsLog: Parsing headers for FPSEditor
[2018.06.30-12.47.17:493][235]CompilerResultsLog:   Running UnrealHeaderTool "E:\Projects\FPS\FPS\FPS.uproject" "E:\Projects\FPS\FPS\Intermediate\Build\Win64\FPSEditor\Development\FPSEditor.uhtmanifest" -LogCmds="loginit warning, logexit warning, logdatabase error" -Unattended -WarningsAsErrors -installed
[2018.06.30-12.47.17:494][235]CompilerResultsLog: Reflection code generated for FPSEditor in 10.363714 seconds
[2018.06.30-12.47.17:494][235]CompilerResultsLog: Performing 6 actions (4 in parallel)
[2018.06.30-12.47.17:494][235]CompilerResultsLog: UIComponent.cpp
[2018.06.30-12.47.17:494][235]CompilerResultsLog: FPSPlayer.cpp
[2018.06.30-12.47.17:494][235]CompilerResultsLog: UIComponent.gen.cpp
[2018.06.30-12.47.17:494][235]CompilerResultsLog: FPS.init.gen.cpp
[2018.06.30-12.47.17:495][235]CompilerResultsLog: [5/6] Link UE4Editor-FPS-3305.dll
[2018.06.30-12.47.17:495][235]CompilerResultsLog: [6/6] Link UE4Editor-FPS-3305.lib
[2018.06.30-12.47.17:495][235]CompilerResultsLog:    Creating library E:\Projects\FPS\FPS\Intermediate\Build\Win64\UE4Editor\Development\UE4Editor-FPS-3305.lib and object E:\Projects\FPS\FPS\Intermediate\Build\Win64\UE4Editor\Development\UE4Editor-FPS-3305.exp
[2018.06.30-12.47.17:495][235]CompilerResultsLog:    Creating library E:\Projects\FPS\FPS\Intermediate\Build\Win64\UE4Editor\Development\UE4Editor-FPS-3305.suppressed.lib and object E:\Projects\FPS\FPS\Intermediate\Build\Win64\UE4Editor\Development\UE4Editor-FPS-3305.suppressed.exp
[2018.06.30-12.47.17:496][235]CompilerResultsLog: Total build time: 23.08 seconds (Local executor: 4.15 seconds)
[2018.06.30-12.47.17:506][235]LogMainFrame: MainFrame: Module compiling took 23.459 seconds
[2018.06.30-12.47.17:529][235]LogUObjectGlobals: Destroyed PersistentFrame Addr=0x00000203caf0d600, Size=424
[2018.06.30-12.47.17:643][235]LogClass: Could not find existing class UIComponent in package /Script/FPS for HotReload, assuming new class
[2018.06.30-12.47.17:643][235]LogClass: Function DropToHands is new.
[2018.06.30-12.47.17:644][235]LogClass: Function DropToIventory is new.
[2018.06.30-12.47.17:644][235]LogClass: Function GetInventoryItem is new.
[2018.06.30-12.47.17:644][235]LogClass: Function HideImageGrid is new.
[2018.06.30-12.47.17:644][235]LogClass: Function Initialize is new.
[2018.06.30-12.47.17:644][235]LogClass: Function IsAvailable is new.
[2018.06.30-12.47.17:645][235]LogClass: Function RemoveFromInventory is new.
[2018.06.30-12.47.17:645][235]LogClass: Function ResetImage is new.
[2018.06.30-12.47.17:645][235]LogClass: Function SetImage is new.
[2018.06.30-12.47.17:645][235]LogClass: Function SetSlotImage is new.
[2018.06.30-12.47.17:665][235]LogClass: Collum HotReload.
[2018.06.30-12.47.17:665][235]LogClass: SlotImage HotReload.
[2018.06.30-12.47.17:674][235]LogHotReload: Re-instancing CoverPoint after hot-reload.
[2018.06.30-12.47.20:193][235]LogHotReload: Re-instancing FPSPlayer after hot-reload.
[2018.06.30-12.47.20:296][235]LogHotReload: Re-instancing UIComponent after hot-reload.
[2018.06.30-12.47.20:380][235]LogContentBrowser: Native class hierarchy updated for 'FPS' in 0.0010 seconds. Added 29 classes and 7 folders.
[2018.06.30-12.47.20:384][235]Display: HotReload successful (8 functions remapped  2 scriptstructs remapped)
[2018.06.30-12.47.20:763][235]LogContentBrowser: Native class hierarchy populated in 0.0097 seconds. Added 2482 classes and 567 folders.
[2018.06.30-12.47.20:775][235]Display: HotReload took 26.8s.
[2018.06.30-12.48.22:092][686]Cmd: OBJ SAVEPACKAGE PACKAGE="/Game/UI/Widgets/Inventory/HandSlot" FILE="../../../../../../../Projects/FPS/FPS/Content/UI/Widgets/Inventory/HandSlot.uasset" SILENT=true
[2018.06.30-12.48.22:139][686]LogSavePackage: Save=30.36ms
[2018.06.30-12.48.22:140][686]LogSavePackage: Moving '../../../../../../../Projects/FPS/FPS/Saved/HandSlot21C83FB144BFD6BE0EE8C9A9B2505269.tmp' to '../../../../../../../Projects/FPS/FPS/Content/UI/Widgets/Inventory/HandSlot.uasset'
[2018.06.30-12.48.22:146][686]LogSavePackage: Display: Finished SavePackage ../../../../../../../Projects/FPS/FPS/Content/UI/Widgets/Inventory/HandSlot.uasset
[2018.06.30-12.48.23:679][861]BlueprintLog: New page: Compile HandSlot
[2018.06.30-12.48.23:727][861]LogBlueprint: Error: [Compiler HandSlot] Could not find a function named "GetUIComponent" in 'FPSPlayer'.
Make sure 'FPSPlayer' has been compiled for  Get UIComponent
[2018.06.30-12.48.23:729][861]LogBlueprint: Error: [Compiler HandSlot] Could not find a function named "GetUIComponent" in 'FPSPlayer'.
Make sure 'FPSPlayer' has been compiled for  Get UIComponent
[2018.06.30-12.48.23:730][861]LogUObjectGlobals: Created PersistentFrame Addr=0x0000020457d62260, Size=32, Default__HandSlot_C Function /Game/UI/Widgets/Inventory/HandSlot.HandSlot_C:ExecuteUbergraph_HandSlot
[2018.06.30-12.48.23:769][861]LogBlueprint: Warning: [Compiler HandSlot] [1539.35] Compile of HandSlot failed. 2 Fatal Issue(s) 0 Warning(s) [in 90 ms] (/Game/UI/Widgets/Inventory/HandSlot.HandSlot)
[2018.06.30-12.48.49:105][838]BlueprintLog: New page: Compile HandSlot
[2018.06.30-12.48.49:121][838]LogUObjectGlobals: Destroyed PersistentFrame Addr=0x0000020457d62260, Size=32
[2018.06.30-12.48.49:121][838]LogUObjectGlobals: Created PersistentFrame Addr=0x0000020434120e40, Size=32, HandSlot_C_28 Function /Engine/Transient.REINST_HandSlot_C_29:ExecuteUbergraph_HandSlot
[2018.06.30-12.48.49:123][838]LogBlueprint: Error: [Compiler HandSlot] Could not find a function named "GetUIComponent" in 'FPSPlayer'.
Make sure 'FPSPlayer' has been compiled for  Get UIComponent
[2018.06.30-12.48.49:124][838]LogBlueprint: Error: [Compiler HandSlot] Could not find a function named "GetUIComponent" in 'FPSPlayer'.
Make sure 'FPSPlayer' has been compiled for  Get UIComponent
[2018.06.30-12.48.49:125][838]LogUObjectGlobals: Created PersistentFrame Addr=0x0000020434123120, Size=32, Default__HandSlot_C Function /Game/UI/Widgets/Inventory/HandSlot.HandSlot_C:ExecuteUbergraph_HandSlot
[2018.06.30-12.48.49:156][838]LogBlueprint: Warning: [Compiler HandSlot] [1564.74] Compile of HandSlot failed. 2 Fatal Issue(s) 0 Warning(s) [in 51 ms] (/Game/UI/Widgets/Inventory/HandSlot.HandSlot)
[2018.06.30-12.48.54:038][300]BlueprintLog: New page: Compile HandSlot
[2018.06.30-12.48.54:052][300]LogUObjectGlobals: Destroyed PersistentFrame Addr=0x0000020434123120, Size=32
[2018.06.30-12.48.54:052][300]LogUObjectGlobals: Created PersistentFrame Addr=0x00000204338d7e60, Size=32, Default__HandSlot_C Function /Engine/Transient.REINST_HandSlot_C_32:ExecuteUbergraph_HandSlot
[2018.06.30-12.48.54:054][300]LogBlueprint: Error: [Compiler HandSlot] Could not find a function named "GetUIComponent" in 'FPSPlayer'.
Make sure 'FPSPlayer' has been compiled for  Get UIComponent
[2018.06.30-12.48.54:055][300]LogBlueprint: Error: [Compiler HandSlot] Could not find a function named "GetUIComponent" in 'FPSPlayer'.
Make sure 'FPSPlayer' has been compiled for  Get UIComponent
[2018.06.30-12.48.54:056][300]LogUObjectGlobals: Created PersistentFrame Addr=0x00000204338d4e60, Size=32, Default__HandSlot_C Function /Game/UI/Widgets/Inventory/HandSlot.HandSlot_C:ExecuteUbergraph_HandSlot
[2018.06.30-12.48.54:080][300]LogUObjectGlobals: Destroyed PersistentFrame Addr=0x0000020434120e40, Size=32
[2018.06.30-12.48.54:088][300]LogBlueprint: Warning: [Compiler HandSlot] [1569.67] Compile of HandSlot failed. 2 Fatal Issue(s) 0 Warning(s) [in 49 ms] (/Game/UI/Widgets/Inventory/HandSlot.HandSlot)
[2018.06.30-12.48.57:746][735]BlueprintLog: New page: Compile HandSlot
[2018.06.30-12.48.57:759][735]LogUObjectGlobals: Destroyed PersistentFrame Addr=0x00000204338d4e60, Size=32
[2018.06.30-12.48.57:759][735]LogUObjectGlobals: Created PersistentFrame Addr=0x000002044a074600, Size=32, HandSlot_C_35 Function /Engine/Transient.REINST_HandSlot_C_35:ExecuteUbergraph_HandSlot
[2018.06.30-12.48.57:761][735]LogBlueprint: Error: [Compiler HandSlot] Could not find a function named "GetUIComponent" in 'FPSPlayer'.
Make sure 'FPSPlayer' has been compiled for  Get UIComponent
[2018.06.30-12.48.57:762][735]LogBlueprint: Error: [Compiler HandSlot] Could not find a function named "GetUIComponent" in 'FPSPlayer'.
Make sure 'FPSPlayer' has been compiled for  Get UIComponent
[2018.06.30-12.48.57:763][735]LogUObjectGlobals: Created PersistentFrame Addr=0x00000204340252b8, Size=4, Default__HandSlot_C Function /Game/UI/Widgets/Inventory/HandSlot.HandSlot_C:ExecuteUbergraph_HandSlot
[2018.06.30-12.48.57:785][735]LogUObjectGlobals: Destroyed PersistentFrame Addr=0x00000204338d7e60, Size=32
[2018.06.30-12.48.57:794][735]LogBlueprint: Warning: [Compiler HandSlot] [1573.37] Compile of HandSlot failed. 2 Fatal Issue(s) 0 Warning(s) [in 47 ms] (/Game/UI/Widgets/Inventory/HandSlot.HandSlot)
[2018.06.30-12.48.58:389][805]BlueprintLog: New page: Compile HandSlot
[2018.06.30-12.48.58:402][805]LogUObjectGlobals: Destroyed PersistentFrame Addr=0x00000204340252b8, Size=4
[2018.06.30-12.48.58:402][805]LogUObjectGlobals: Created PersistentFrame Addr=0x00000204340252b8, Size=4, Default__HandSlot_C Function /Engine/Transient.REINST_HandSlot_C_38:ExecuteUbergraph_HandSlot
[2018.06.30-12.48.58:403][805]LogBlueprint: Error: [Compiler HandSlot] Could not find a function named "GetUIComponent" in 'FPSPlayer'.
Make sure 'FPSPlayer' has been compiled for  Get UIComponent
[2018.06.30-12.48.58:405][805]LogBlueprint: Error: [Compiler HandSlot] Could not find a function named "GetUIComponent" in 'FPSPlayer'.
Make sure 'FPSPlayer' has been compiled for  Get UIComponent
[2018.06.30-12.48.58:406][805]LogUObjectGlobals: Created PersistentFrame Addr=0x00000204340260e0, Size=4, Default__HandSlot_C Function /Game/UI/Widgets/Inventory/HandSlot.HandSlot_C:ExecuteUbergraph_HandSlot
[2018.06.30-12.48.58:429][805]LogUObjectGlobals: Destroyed PersistentFrame Addr=0x000002044a074600, Size=32
[2018.06.30-12.48.58:437][805]LogBlueprint: Warning: [Compiler HandSlot] [1574.02] Compile of HandSlot failed. 2 Fatal Issue(s) 0 Warning(s) [in 48 ms] (/Game/UI/Widgets/Inventory/HandSlot.HandSlot)
[2018.06.30-12.48.58:993][869]Cmd: OBJ SAVEPACKAGE PACKAGE="/Game/UI/Widgets/Inventory/HandSlot" FILE="../../../../../../../Projects/FPS/FPS/Content/UI/Widgets/Inventory/HandSlot.uasset" SILENT=true
[2018.06.30-12.48.59:036][869]LogSavePackage: Save=33.36ms
[2018.06.30-12.48.59:037][869]LogSavePackage: Moving '../../../../../../../Projects/FPS/FPS/Saved/HandSlotAC60A2B2404BFC4D9F7D368E0E709DD9.tmp' to '../../../../../../../Projects/FPS/FPS/Content/UI/Widgets/Inventory/HandSlot.uasset'
[2018.06.30-12.48.59:041][869]LogSavePackage: Display: Finished SavePackage ../../../../../../../Projects/FPS/FPS/Content/UI/Widgets/Inventory/HandSlot.uasset
[2018.06.30-12.49.00:057][987]LogUObjectGlobals: Destroyed PersistentFrame Addr=0x00000204340252b8, Size=4
[2018.06.30-12.49.01:079][109]LogWindowsTextInputMethodSystem: Display: IME system now deactivated.
[2018.06.30-12.49.01:080][109]LogWindowsTextInputMethodSystem: Display: IME system now deactivated.
[2018.06.30-12.49.04:077][330]LogSlate: Window 'FPS - Unreal Editor' being destroyed
[2018.06.30-12.49.04:078][330]LogWindowsTextInputMethodSystem: Display: IME system now deactivated.
[2018.06.30-12.49.04:535][331]Cmd: QUIT_EDITOR
[2018.06.30-12.49.05:269][331]LogSlate: Slate User Destroyed.  User Index 0, Is Virtual User: 0
[2018.06.30-12.49.05:274][331]LogExit: Preparing to exit.
