Log file open, 06/02/18 20:03:31
LogWindows: Failed to load 'aqProf.dll' (GetLastError=126)
LogWindows: File 'aqProf.dll' does not exist
LogWindows: Failed to load 'VtuneApi.dll' (GetLastError=126)
LogWindows: File 'VtuneApi.dll' does not exist
LogWindows: Failed to load 'VtuneApi32e.dll' (GetLastError=126)
LogWindows: File 'VtuneApi32e.dll' does not exist
LogInit: Display: Running engine for game: FPS
LogPlatformFile: Not using cached read wrapper
LogInit: Display: RandInit(-864924718) SRandInit(-864924718).
LogInit: Read version file with build ID '3944462'
LogInit: Overriding engine version to CL 4033788, compatible CL 3944462
LogInit: Registered custom module enumerator with build ID '3944462'
LogTaskGraph: Started task graph with 5 named threads and 23 total threads with 3 sets of task threads.
LogStats: Stats thread started at 0.261785
LogD3D11RHI: Aftermath initialized
LogICUInternationalization: Display: ICU TimeZone Detection - Raw Offset: +1:00, Platform Override: ''
LogPluginManager: Mounting plugin Paper2D
LogPluginManager: Mounting plugin LiveLink
LogPluginManager: Mounting plugin LightPropagationVolume
LogPluginManager: Mounting plugin CLionSourceCodeAccess
LogPluginManager: Mounting plugin CodeLiteSourceCodeAccess
LogPluginManager: Mounting plugin GitSourceControl
LogPluginManager: Mounting plugin KDevelopSourceCodeAccess
LogPluginManager: Mounting plugin NullSourceCodeAccess
LogPluginManager: Mounting plugin PerforceSourceControl
LogPluginManager: Mounting plugin SubversionSourceControl
LogPluginManager: Mounting plugin UObjectPlugin
LogPluginManager: Mounting plugin VisualStudioCodeSourceCodeAccess
LogPluginManager: Mounting plugin VisualStudioSourceCodeAccess
LogPluginManager: Mounting plugin XCodeSourceCodeAccess
LogPluginManager: Mounting plugin AssetManagerEditor
LogPluginManager: Mounting plugin CryptoKeys
LogPluginManager: Mounting plugin DataValidation
LogPluginManager: Mounting plugin FacialAnimation
LogPluginManager: Mounting plugin GameplayTagsEditor
LogPluginManager: Mounting plugin MobileLauncherProfileWizard
LogPluginManager: Mounting plugin PluginBrowser
LogPluginManager: Mounting plugin SpeedTreeImporter
LogPluginManager: Mounting plugin DatasmithContent
LogPluginManager: Mounting plugin AlembicImporter
LogPluginManager: Mounting plugin CharacterAI
LogPluginManager: Mounting plugin HTML5Networking
LogPluginManager: Mounting plugin AndroidMedia
LogPluginManager: Mounting plugin AvfMedia
LogPluginManager: Mounting plugin ImgMedia
LogPluginManager: Mounting plugin LinearTimecode
LogPluginManager: Mounting plugin MediaCompositing
LogPluginManager: Mounting plugin MediaPlayerEditor
LogPluginManager: Mounting plugin WmfMedia
LogPluginManager: Mounting plugin TcpMessaging
LogPluginManager: Mounting plugin UdpMessaging
LogPluginManager: Mounting plugin ActorSequence
LogPluginManager: Mounting plugin LevelSequenceEditor
LogPluginManager: Mounting plugin MatineeToLevelSequence
LogPluginManager: Mounting plugin NetcodeUnitTest
LogPluginManager: Mounting plugin NUTUnrealEngine4
LogPluginManager: Mounting plugin OnlineSubsystemGooglePlay
LogPluginManager: Mounting plugin OnlineSubsystemIOS
LogPluginManager: Mounting plugin OnlineSubsystem
LogPluginManager: Mounting plugin OnlineSubsystemNull
LogPluginManager: Mounting plugin OnlineSubsystemUtils
LogPluginManager: Mounting plugin AndroidDeviceProfileSelector
LogPluginManager: Mounting plugin AndroidMoviePlayer
LogPluginManager: Mounting plugin AndroidPermission
LogPluginManager: Mounting plugin AppleARKit
LogPluginManager: Mounting plugin AppleMoviePlayer
LogPluginManager: Mounting plugin ArchVisCharacter
LogPluginManager: Mounting plugin AudioCapture
LogPluginManager: Mounting plugin CableComponent
LogPluginManager: Mounting plugin CustomMeshComponent
LogPluginManager: Mounting plugin ExampleDeviceProfileSelector
LogPluginManager: Mounting plugin GoogleCloudMessaging
LogPluginManager: Mounting plugin ImmediatePhysics
LogPluginManager: Mounting plugin IOSDeviceProfileSelector
LogPluginManager: Mounting plugin LinuxDeviceProfileSelector
LogPluginManager: Mounting plugin LocationServicesBPLibrary
LogPluginManager: Mounting plugin MobilePatchingUtils
LogPluginManager: Mounting plugin OculusVR
LogPluginManager: Plugin shader directory ../../../Engine/Plugins/Runtime/Oculus/OculusVR/Shaders found
LogPluginManager: Mapping shader source directory ../../../Engine/Plugins/Runtime/Oculus/OculusVR/Shaders to virtual directory /Plugin/OculusVR
LogPluginManager: Mounting plugin PhysXVehicles
LogPluginManager: Mounting plugin ProceduralMeshComponent
LogPluginManager: Mounting plugin RuntimePhysXCooking
LogPluginManager: Mounting plugin SteamVR
LogPluginManager: Mounting plugin WindowsMoviePlayer
LogStreaming: Display: Took  0.088s to configure plugins.
LogModuleManager: Display: Found up-to-date module file ../../../../../../../Projects/FPS/FPS/Binaries/Win64/UE4Editor-FPS.dll (API version 3944462).
LogModuleManager: Display: Found up-to-date module file ../../../Engine/Plugins/2D/Paper2D/Binaries/Win64/UE4Editor-Paper2D.dll (API version 3944462).
LogModuleManager: Display: Found up-to-date module file ../../../Engine/Plugins/2D/Paper2D/Binaries/Win64/UE4Editor-Paper2DEditor.dll (API version 3944462).
LogModuleManager: Display: Found up-to-date module file ../../../Engine/Plugins/2D/Paper2D/Binaries/Win64/UE4Editor-PaperSpriteSheetImporter.dll (API version 3944462).
LogModuleManager: Display: Found up-to-date module file ../../../Engine/Plugins/2D/Paper2D/Binaries/Win64/UE4Editor-PaperTiledImporter.dll (API version 3944462).
LogModuleManager: Display: Found up-to-date module file ../../../Engine/Plugins/2D/Paper2D/Binaries/Win64/UE4Editor-SmartSnapping.dll (API version 3944462).
LogModuleManager: Display: Found up-to-date module file ../../../Engine/Plugins/Animation/LiveLink/Binaries/Win64/UE4Editor-LiveLink.dll (API version 3944462).
LogModuleManager: Display: Found up-to-date module file ../../../Engine/Plugins/Animation/LiveLink/Binaries/Win64/UE4Editor-LiveLinkEditor.dll (API version 3944462).
LogModuleManager: Display: Found up-to-date module file ../../../Engine/Plugins/Blendables/LightPropagationVolume/Binaries/Win64/UE4Editor-LightPropagationVolumeRuntime.dll (API version 3944462).
LogModuleManager: Display: Found up-to-date module file ../../../Engine/Plugins/Blendables/LightPropagationVolume/Binaries/Win64/UE4Editor-LightPropagationVolumeEditor.dll (API version 3944462).
LogModuleManager: Display: Found up-to-date module file ../../../Engine/Plugins/Developer/CLionSourceCodeAccess/Binaries/Win64/UE4Editor-CLionSourceCodeAccess.dll (API version 3944462).
LogModuleManager: Display: Found up-to-date module file ../../../Engine/Plugins/Developer/GitSourceControl/Binaries/Win64/UE4Editor-GitSourceControl.dll (API version 3944462).
LogModuleManager: Display: Found up-to-date module file ../../../Engine/Plugins/Developer/PerforceSourceControl/Binaries/Win64/UE4Editor-PerforceSourceControl.dll (API version 3944462).
LogModuleManager: Display: Found up-to-date module file ../../../Engine/Plugins/Developer/SubversionSourceControl/Binaries/Win64/UE4Editor-SubversionSourceControl.dll (API version 3944462).
LogModuleManager: Display: Found up-to-date module file ../../../Engine/Plugins/Developer/UObjectPlugin/Binaries/Win64/UE4Editor-UObjectPlugin.dll (API version 3944462).
LogModuleManager: Display: Found up-to-date module file ../../../Engine/Plugins/Developer/VisualStudioCodeSourceCodeAccess/Binaries/Win64/UE4Editor-VisualStudioCodeSourceCodeAccess.dll (API version 3944462).
LogModuleManager: Display: Found up-to-date module file ../../../Engine/Plugins/Developer/VisualStudioSourceCodeAccess/Binaries/Win64/UE4Editor-VisualStudioSourceCodeAccess.dll (API version 3944462).
LogModuleManager: Display: Found up-to-date module file ../../../Engine/Plugins/Editor/AssetManagerEditor/Binaries/Win64/UE4Editor-AssetManagerEditor.dll (API version 3944462).
LogModuleManager: Display: Found up-to-date module file ../../../Engine/Plugins/Editor/CryptoKeys/Binaries/Win64/UE4Editor-CryptoKeys.dll (API version 3944462).
LogModuleManager: Display: Found up-to-date module file ../../../Engine/Plugins/Editor/CryptoKeys/Binaries/Win64/UE4Editor-CryptoKeysOpenSSL.dll (API version 3944462).
LogModuleManager: Display: Found up-to-date module file ../../../Engine/Plugins/Editor/DataValidation/Binaries/Win64/UE4Editor-DataValidation.dll (API version 3944462).
LogModuleManager: Display: Found up-to-date module file ../../../Engine/Plugins/Editor/FacialAnimation/Binaries/Win64/UE4Editor-FacialAnimation.dll (API version 3944462).
LogModuleManager: Display: Found up-to-date module file ../../../Engine/Plugins/Editor/FacialAnimation/Binaries/Win64/UE4Editor-FacialAnimationEditor.dll (API version 3944462).
LogModuleManager: Display: Found up-to-date module file ../../../Engine/Plugins/Editor/GameplayTagsEditor/Binaries/Win64/UE4Editor-GameplayTagsEditor.dll (API version 3944462).
LogModuleManager: Display: Found up-to-date module file ../../../Engine/Plugins/Editor/MobileLauncherProfileWizard/Binaries/Win64/UE4Editor-MobileLauncherProfileWizard.dll (API version 3944462).
LogModuleManager: Display: Found up-to-date module file ../../../Engine/Plugins/Editor/PluginBrowser/Binaries/Win64/UE4Editor-PluginBrowser.dll (API version 3944462).
LogModuleManager: Display: Found up-to-date module file ../../../Engine/Plugins/Editor/SpeedTreeImporter/Binaries/Win64/UE4Editor-SpeedTreeImporter.dll (API version 3944462).
LogModuleManager: Display: Found up-to-date module file ../../../Engine/Plugins/Enterprise/DatasmithContent/Binaries/Win64/UE4Editor-DatasmithContent.dll (API version 3944462).
LogModuleManager: Display: Found up-to-date module file ../../../Engine/Plugins/Experimental/AlembicImporter/Binaries/Win64/UE4Editor-AlembicImporter.dll (API version 3944462).
LogModuleManager: Display: Found up-to-date module file ../../../Engine/Plugins/Experimental/AlembicImporter/Binaries/Win64/UE4Editor-AlembicLibrary.dll (API version 3944462).
LogModuleManager: Display: Found up-to-date module file ../../../Engine/Plugins/Experimental/CharacterAI/Binaries/Win64/UE4Editor-CharacterAI.dll (API version 3944462).
LogModuleManager: Display: Found up-to-date module file ../../../Engine/Plugins/Experimental/HTML5Networking/Binaries/Win64/UE4Editor-HTML5Networking.dll (API version 3944462).
LogModuleManager: Display: Found up-to-date module file ../../../Engine/Plugins/Media/AndroidMedia/Binaries/Win64/UE4Editor-AndroidMediaEditor.dll (API version 3944462).
LogModuleManager: Display: Found up-to-date module file ../../../Engine/Plugins/Media/AndroidMedia/Binaries/Win64/UE4Editor-AndroidMediaFactory.dll (API version 3944462).
LogModuleManager: Display: Found up-to-date module file ../../../Engine/Plugins/Media/AvfMedia/Binaries/Win64/UE4Editor-AvfMediaEditor.dll (API version 3944462).
LogModuleManager: Display: Found up-to-date module file ../../../Engine/Plugins/Media/AvfMedia/Binaries/Win64/UE4Editor-AvfMediaFactory.dll (API version 3944462).
LogModuleManager: Display: Found up-to-date module file ../../../Engine/Plugins/Media/AvfMedia/Binaries/Win64/UE4Editor-AvfMediaFactory.dll (API version 3944462).
LogModuleManager: Display: Found up-to-date module file ../../../Engine/Plugins/Media/ImgMedia/Binaries/Win64/UE4Editor-ImgMedia.dll (API version 3944462).
LogModuleManager: Display: Found up-to-date module file ../../../Engine/Plugins/Media/ImgMedia/Binaries/Win64/UE4Editor-ImgMediaEditor.dll (API version 3944462).
LogModuleManager: Display: Found up-to-date module file ../../../Engine/Plugins/Media/ImgMedia/Binaries/Win64/UE4Editor-ImgMediaFactory.dll (API version 3944462).
LogModuleManager: Display: Found up-to-date module file ../../../Engine/Plugins/Media/ImgMedia/Binaries/Win64/UE4Editor-ImgMediaFactory.dll (API version 3944462).
LogModuleManager: Display: Found up-to-date module file ../../../Engine/Plugins/Media/ImgMedia/Binaries/Win64/UE4Editor-OpenExrWrapper.dll (API version 3944462).
LogModuleManager: Display: Found up-to-date module file ../../../Engine/Plugins/Media/LinearTimecode/Binaries/Win64/UE4Editor-LinearTimecode.dll (API version 3944462).
LogModuleManager: Display: Found up-to-date module file ../../../Engine/Plugins/Media/MediaCompositing/Binaries/Win64/UE4Editor-MediaCompositing.dll (API version 3944462).
LogModuleManager: Display: Found up-to-date module file ../../../Engine/Plugins/Media/MediaCompositing/Binaries/Win64/UE4Editor-MediaCompositingEditor.dll (API version 3944462).
LogModuleManager: Display: Found up-to-date module file ../../../Engine/Plugins/Media/MediaPlayerEditor/Binaries/Win64/UE4Editor-MediaPlayerEditor.dll (API version 3944462).
LogModuleManager: Display: Found up-to-date module file ../../../Engine/Plugins/Media/WmfMedia/Binaries/Win64/UE4Editor-WmfMedia.dll (API version 3944462).
LogModuleManager: Display: Found up-to-date module file ../../../Engine/Plugins/Media/WmfMedia/Binaries/Win64/UE4Editor-WmfMediaEditor.dll (API version 3944462).
LogModuleManager: Display: Found up-to-date module file ../../../Engine/Plugins/Media/WmfMedia/Binaries/Win64/UE4Editor-WmfMediaFactory.dll (API version 3944462).
LogModuleManager: Display: Found up-to-date module file ../../../Engine/Plugins/Media/WmfMedia/Binaries/Win64/UE4Editor-WmfMediaFactory.dll (API version 3944462).
LogModuleManager: Display: Found up-to-date module file ../../../Engine/Plugins/Messaging/TcpMessaging/Binaries/Win64/UE4Editor-TcpMessaging.dll (API version 3944462).
LogModuleManager: Display: Found up-to-date module file ../../../Engine/Plugins/Messaging/UdpMessaging/Binaries/Win64/UE4Editor-UdpMessaging.dll (API version 3944462).
LogModuleManager: Display: Found up-to-date module file ../../../Engine/Plugins/MovieScene/ActorSequence/Binaries/Win64/UE4Editor-ActorSequence.dll (API version 3944462).
LogModuleManager: Display: Found up-to-date module file ../../../Engine/Plugins/MovieScene/LevelSequenceEditor/Binaries/Win64/UE4Editor-LevelSequenceEditor.dll (API version 3944462).
LogModuleManager: Display: Found up-to-date module file ../../../Engine/Plugins/MovieScene/MatineeToLevelSequence/Binaries/Win64/UE4Editor-MatineeToLevelSequence.dll (API version 3944462).
LogModuleManager: Display: Found up-to-date module file ../../../Engine/Plugins/NetcodeUnitTest/NetcodeUnitTest/Binaries/Win64/UE4Editor-NetcodeUnitTest.dll (API version 3944462).
LogModuleManager: Display: Found up-to-date module file ../../../Engine/Plugins/NetcodeUnitTest/NUTUnrealEngine4/Binaries/Win64/UE4Editor-NUTUnrealEngine4.dll (API version 3944462).
LogModuleManager: Display: Found up-to-date module file ../../../Engine/Plugins/Online/OnlineSubsystem/Binaries/Win64/UE4Editor-OnlineSubsystem.dll (API version 3944462).
LogModuleManager: Display: Found up-to-date module file ../../../Engine/Plugins/Online/OnlineSubsystemNull/Binaries/Win64/UE4Editor-OnlineSubsystemNull.dll (API version 3944462).
LogModuleManager: Display: Found up-to-date module file ../../../Engine/Plugins/Online/OnlineSubsystemUtils/Binaries/Win64/UE4Editor-OnlineSubsystemUtils.dll (API version 3944462).
LogModuleManager: Display: Found up-to-date module file ../../../Engine/Plugins/Online/OnlineSubsystemUtils/Binaries/Win64/UE4Editor-OnlineBlueprintSupport.dll (API version 3944462).
LogModuleManager: Display: Found up-to-date module file ../../../Engine/Plugins/Runtime/AndroidDeviceProfileSelector/Binaries/Win64/UE4Editor-AndroidDeviceProfileSelector.dll (API version 3944462).
LogModuleManager: Display: Found up-to-date module file ../../../Engine/Plugins/Runtime/AndroidPermission/Binaries/Win64/UE4Editor-AndroidPermission.dll (API version 3944462).
LogModuleManager: Display: Found up-to-date module file ../../../Engine/Plugins/Runtime/AppleARKit/Binaries/Win64/UE4Editor-AppleARKit.dll (API version 3944462).
LogModuleManager: Display: Found up-to-date module file ../../../Engine/Plugins/Runtime/ArchVisCharacter/Binaries/Win64/UE4Editor-ArchVisCharacter.dll (API version 3944462).
LogModuleManager: Display: Found up-to-date module file ../../../Engine/Plugins/Runtime/AudioCapture/Binaries/Win64/UE4Editor-AudioCapture.dll (API version 3944462).
LogModuleManager: Display: Found up-to-date module file ../../../Engine/Plugins/Runtime/AudioCapture/Binaries/Win64/UE4Editor-AudioCaptureEditor.dll (API version 3944462).
LogModuleManager: Display: Found up-to-date module file ../../../Engine/Plugins/Runtime/CableComponent/Binaries/Win64/UE4Editor-CableComponent.dll (API version 3944462).
LogModuleManager: Display: Found up-to-date module file ../../../Engine/Plugins/Runtime/CustomMeshComponent/Binaries/Win64/UE4Editor-CustomMeshComponent.dll (API version 3944462).
LogModuleManager: Display: Found up-to-date module file ../../../Engine/Plugins/Runtime/ExampleDeviceProfileSelector/Binaries/Win64/UE4Editor-ExampleDeviceProfileSelector.dll (API version 3944462).
LogModuleManager: Display: Found up-to-date module file ../../../Engine/Plugins/Runtime/ImmediatePhysics/Binaries/Win64/UE4Editor-ImmediatePhysics.dll (API version 3944462).
LogModuleManager: Display: Found up-to-date module file ../../../Engine/Plugins/Runtime/ImmediatePhysics/Binaries/Win64/UE4Editor-ImmediatePhysicsEditor.dll (API version 3944462).
LogModuleManager: Display: Found up-to-date module file ../../../Engine/Plugins/Runtime/LocationServicesBPLibrary/Binaries/Win64/UE4Editor-LocationServicesBPLibrary.dll (API version 3944462).
LogModuleManager: Display: Found up-to-date module file ../../../Engine/Plugins/Runtime/MobilePatchingUtils/Binaries/Win64/UE4Editor-MobilePatchingUtils.dll (API version 3944462).
LogModuleManager: Display: Found up-to-date module file ../../../Engine/Plugins/Runtime/Oculus/OculusVR/Binaries/Win64/UE4Editor-OculusHMD.dll (API version 3944462).
LogModuleManager: Display: Found up-to-date module file ../../../Engine/Plugins/Runtime/Oculus/OculusVR/Binaries/Win64/UE4Editor-OculusInput.dll (API version 3944462).
LogModuleManager: Display: Found up-to-date module file ../../../Engine/Plugins/Runtime/Oculus/OculusVR/Binaries/Win64/UE4Editor-OculusEditor.dll (API version 3944462).
LogModuleManager: Display: Found up-to-date module file ../../../Engine/Plugins/Runtime/PhysXVehicles/Binaries/Win64/UE4Editor-PhysXVehicles.dll (API version 3944462).
LogModuleManager: Display: Found up-to-date module file ../../../Engine/Plugins/Runtime/PhysXVehicles/Binaries/Win64/UE4Editor-PhysXVehiclesEditor.dll (API version 3944462).
LogModuleManager: Display: Found up-to-date module file ../../../Engine/Plugins/Runtime/ProceduralMeshComponent/Binaries/Win64/UE4Editor-ProceduralMeshComponent.dll (API version 3944462).
LogModuleManager: Display: Found up-to-date module file ../../../Engine/Plugins/Runtime/ProceduralMeshComponent/Binaries/Win64/UE4Editor-ProceduralMeshComponentEditor.dll (API version 3944462).
LogModuleManager: Display: Found up-to-date module file ../../../Engine/Plugins/Runtime/RuntimePhysXCooking/Binaries/Win64/UE4Editor-RuntimePhysXCooking.dll (API version 3944462).
LogModuleManager: Display: Found up-to-date module file ../../../Engine/Plugins/Runtime/Steam/SteamVR/Binaries/Win64/UE4Editor-SteamVR.dll (API version 3944462).
LogModuleManager: Display: Found up-to-date module file ../../../Engine/Plugins/Runtime/Steam/SteamVR/Binaries/Win64/UE4Editor-SteamVRController.dll (API version 3944462).
LogModuleManager: Display: Found up-to-date module file ../../../Engine/Plugins/Runtime/WindowsMoviePlayer/Binaries/Win64/UE4Editor-WindowsMoviePlayer.dll (API version 3944462).
LogInit: Using libcurl 7.47.1
LogInit:  - built for x86_64-pc-win32
LogInit:  - supports SSL with OpenSSL/1.0.2g
LogInit:  - supports HTTP deflate (compression) using libz 1.2.8
LogInit:  - other features:
LogInit:      CURL_VERSION_SSL
LogInit:      CURL_VERSION_LIBZ
LogInit:      CURL_VERSION_IPV6
LogInit:      CURL_VERSION_ASYNCHDNS
LogInit:      CURL_VERSION_LARGEFILE
LogInit:      CURL_VERSION_IDN
LogInit:  CurlRequestOptions (configurable via config and command line):
LogInit:  - bVerifyPeer = false  - Libcurl will NOT verify peer certificate
LogInit:  - bUseHttpProxy = false  - Libcurl will NOT use HTTP proxy
LogInit:  - bDontReuseConnections = false  - Libcurl will reuse connections
LogInit:  - CertBundlePath = nullptr  - Libcurl will use whatever was configured at build time.
LogInit:  - MaxHostConnections = 16  - Libcurl will limit the number of connections to a host
LogInit:  - LocalHostAddr = Default
LogInit: WinSock: version 1.1 (2.2), MaxSocks=32767, MaxUdp=65467
LogInit: WinSock: I am DESKTOP-27ERO04 (192.168.178.101:0)
LogInit: Build: ++UE4+Release-4.19-CL-4033788
LogInit: Engine Version: 4.19.2-4033788+++UE4+Release-4.19
LogInit: Compatible Engine Version: 4.19.0-3944462+++UE4+Release-4.19
LogInit: Net CL: 3944462
LogDevObjectVersion: Number of dev versions registered: 18
LogDevObjectVersion:   Dev-Blueprints (B0D832E4-1F89-4F0D-ACCF-7EB736FD4AA2): 10
LogDevObjectVersion:   Dev-Build (E1C64328-A22C-4D53-A36C-8E866417BD8C): 0
LogDevObjectVersion:   Dev-Core (375EC13C-06E4-48FB-B500-84F0262A717E): 2
LogDevObjectVersion:   Dev-Editor (E4B068ED-F494-42E9-A231-DA0B2E46BB41): 23
LogDevObjectVersion:   Dev-Framework (CFFC743F-43B0-4480-9391-14DF171D2073): 33
LogDevObjectVersion:   Dev-Mobile (B02B49B5-BB20-44E9-A304-32B752E40360): 2
LogDevObjectVersion:   Dev-Networking (A4E4105C-59A1-49B5-A7C5-40C4547EDFEE): 0
LogDevObjectVersion:   Dev-Online (39C831C9-5AE6-47DC-9A44-9C173E1C8E7C): 0
LogDevObjectVersion:   Dev-Physics (78F01B33-EBEA-4F98-B9B4-84EACCB95AA2): 0
LogDevObjectVersion:   Dev-Platform (6631380F-2D4D-43E0-8009-CF276956A95A): 0
LogDevObjectVersion:   Dev-Rendering (12F88B9F-8875-4AFC-A67C-D90C383ABD29): 25
LogDevObjectVersion:   Dev-Sequencer (7B5AE74C-D270-4C10-A958-57980B212A5A): 6
LogDevObjectVersion:   Dev-VR (D7296918-1DD6-4BDD-9DE2-64A83CC13884): 1
LogDevObjectVersion:   Dev-LoadTimes (C2A15278-BFE7-4AFE-6C17-90FF531DF755): 1
LogDevObjectVersion:   Private-Geometry (6EACA3D4-40EC-4CC1-B786-8BED09428FC5): 2
LogDevObjectVersion:   Dev-AnimPhys (29E575DD-E0A3-4627-9D10-D276232CDCEA): 16
LogDevObjectVersion:   Dev-ReflectionCapture (6B266CEC-1EC7-4B8F-A30B-E4D90942FC07): 1
LogDevObjectVersion:   Dev-Automation (0DF73D61-A23F-47EA-B727-89E90C41499A): 1
LogInit: Compiled (64-bit): Apr 27 2018 02:06:57
LogInit: Compiled with Visual C++: 19.00.24215.01
LogInit: Build Configuration: Development
LogInit: Branch Name: ++UE4+Release-4.19
LogInit: Command Line:  
LogInit: Base Directory: E:/Game Engines/Epic Games/4.19/UE_4.19/Engine/Binaries/Win64/
LogInit: Installed Engine Build: 1
LogStreaming: Display: Took  0.024s to delete old logs.
LogInit: Presizing for max 8388607 objects, including 0 objects not considered by GC, pre-allocating 0 bytes for permanent pool.
LogInit: Object subsystem initialized
[2018.06.02-18.03.32:802][  0]LogInit: Selected Device Profile: [Windows]
[2018.06.02-18.03.32:802][  0]LogInit: Applying CVar settings loaded from the selected device profile: [Windows]
[2018.06.02-18.03.32:821][  0]LogInit: Computer: DESKTOP-27ERO04
[2018.06.02-18.03.32:821][  0]LogInit: User: TomColdenhoff
[2018.06.02-18.03.32:821][  0]LogInit: CPU Page size=4096, Cores=4
[2018.06.02-18.03.32:821][  0]LogInit: High frequency timer resolution =3.319355 MHz
[2018.06.02-18.03.32:822][  0]LogMemory: Memory total: Physical=11.9GB (12GB approx)
[2018.06.02-18.03.32:822][  0]LogMemory: Platform Memory Stats for Windows
[2018.06.02-18.03.32:822][  0]LogMemory: Process Physical Memory: 274.49 MB used, 274.49 MB peak
[2018.06.02-18.03.32:822][  0]LogMemory: Process Virtual Memory: 264.53 MB used, 264.53 MB peak
[2018.06.02-18.03.32:822][  0]LogMemory: Physical Memory: 8395.77 MB used,  3811.67 MB free, 12207.44 MB total
[2018.06.02-18.03.32:822][  0]LogMemory: Virtual Memory: 659.34 MB used,  3811.67 MB free, 134217728.00 MB total
[2018.06.02-18.03.32:839][  0]LogInit: Using OS detected language (en-US).
[2018.06.02-18.03.32:839][  0]LogInit: Using OS detected locale (en-US).
[2018.06.02-18.03.32:841][  0]LogTextLocalizationManager: No specific localization for 'en-US' exists, so the 'en' localization will be used.
[2018.06.02-18.03.33:273][  0]LogStreaming: Display: Took  0.434s to EndInitTextLocalization.
[2018.06.02-18.03.33:273][  0]LogInit: Setting process to per monitor DPI aware
[2018.06.02-18.03.33:306][  0]LogSlate: New Slate User Created.  User Index 0, Is Virtual User: 0
[2018.06.02-18.03.33:306][  0]LogSlate: Slate User Registered.  User Index 0, Is Virtual User: 0
[2018.06.02-18.03.33:482][  0]LogD3D11RHI: D3D11 adapters:
[2018.06.02-18.03.33:547][  0]LogD3D11RHI:    0. 'NVIDIA GeForce GTX 970' (Feature Level 11_0)
[2018.06.02-18.03.33:547][  0]LogD3D11RHI:       4043/0/6103 MB DedicatedVideo/DedicatedSystem/SharedSystem, Outputs:2, VendorId:0x10de
[2018.06.02-18.03.33:548][  0]LogD3D11RHI:    1. 'Microsoft Basic Render Driver' (Feature Level 11_0)
[2018.06.02-18.03.33:548][  0]LogD3D11RHI:       0/0/6103 MB DedicatedVideo/DedicatedSystem/SharedSystem, Outputs:0, VendorId:0x1414
[2018.06.02-18.03.33:548][  0]LogD3D11RHI: Chosen D3D11 Adapter: 0
[2018.06.02-18.03.33:557][  0]LogD3D11RHI: Creating new Direct3DDevice
[2018.06.02-18.03.33:557][  0]LogD3D11RHI:     GPU DeviceId: 0x13c2 (for the marketing name, search the web for "GPU Device Id")
[2018.06.02-18.03.33:557][  0]LogWindows: EnumDisplayDevices:
[2018.06.02-18.03.33:557][  0]LogWindows:    0. 'NVIDIA GeForce GTX 970' (P:0 D:1)
[2018.06.02-18.03.33:557][  0]LogWindows:    1. 'NVIDIA GeForce GTX 970' (P:1 D:1)
[2018.06.02-18.03.33:557][  0]LogWindows:    2. 'NVIDIA GeForce GTX 970' (P:0 D:0)
[2018.06.02-18.03.33:558][  0]LogWindows:    3. 'NVIDIA GeForce GTX 970' (P:0 D:0)
[2018.06.02-18.03.33:558][  0]LogWindows: DebugString: FoundDriverCount:4 
[2018.06.02-18.03.33:558][  0]LogD3D11RHI:     Adapter Name: NVIDIA GeForce GTX 970
[2018.06.02-18.03.33:558][  0]LogD3D11RHI:   Driver Version: 397.31 (internal:24.21.13.9731, unified:397.31)
[2018.06.02-18.03.33:558][  0]LogD3D11RHI:      Driver Date: 4-22-2018
[2018.06.02-18.03.33:558][  0]LogRHI: Texture pool is 2830 MB (70% of 4043 MB)
[2018.06.02-18.03.33:598][  0]LogD3D11RHI: [Aftermath] Aftermath enabled and primed
[2018.06.02-18.03.33:598][  0]LogD3D11RHI: [Aftermath] Aftermath enabled and primed
[2018.06.02-18.03.33:598][  0]LogD3D11RHI: Async texture creation enabled
[2018.06.02-18.03.33:663][  0]LogD3D11RHI: GPU Timing Frequency: 1000.000000 (Debug: 2 2)
[2018.06.02-18.03.33:710][  0]LogShaderCompilers: Guid format shader working directory is 16 characters bigger than the processId version (../../../../../../../Projects/FPS/FPS/Intermediate/Shaders/WorkingDirectory/14808/).
[2018.06.02-18.03.33:710][  0]LogShaderCompilers: Cleaned the shader compiler working directory 'C:/Users/TomColdenhoff/AppData/Local/Temp/UnrealShaderWorkingDir/510EF98D4B41DBAA47DA068E1AD34DBD/'.
[2018.06.02-18.03.33:906][  0]LogTemp: Display: Loaded TP AllDesktopTargetPlatform
[2018.06.02-18.03.33:917][  0]LogTemp: Display: Loaded TP MacClientTargetPlatform
[2018.06.02-18.03.33:929][  0]LogTemp: Display: Loaded TP MacNoEditorTargetPlatform
[2018.06.02-18.03.33:941][  0]LogTemp: Display: Loaded TP MacServerTargetPlatform
[2018.06.02-18.03.33:953][  0]LogTemp: Display: Loaded TP MacTargetPlatform
[2018.06.02-18.03.33:965][  0]LogTemp: Display: Loaded TP WindowsClientTargetPlatform
[2018.06.02-18.03.33:976][  0]LogTemp: Display: Loaded TP WindowsNoEditorTargetPlatform
[2018.06.02-18.03.33:989][  0]LogTemp: Display: Loaded TP WindowsServerTargetPlatform
[2018.06.02-18.03.33:994][  0]LogTemp: Display: Loaded TP WindowsTargetPlatform
[2018.06.02-18.03.34:005][  0]LogTemp: Display: Loaded TP Android_ASTCTargetPlatform
[2018.06.02-18.03.34:016][  0]LogTemp: Display: Loaded TP Android_ATCTargetPlatform
[2018.06.02-18.03.34:026][  0]LogTemp: Display: Loaded TP Android_DXTTargetPlatform
[2018.06.02-18.03.34:037][  0]LogTemp: Display: Loaded TP Android_ETC1aTargetPlatform
[2018.06.02-18.03.34:048][  0]LogTemp: Display: Loaded TP Android_ETC1TargetPlatform
[2018.06.02-18.03.34:059][  0]LogTemp: Display: Loaded TP Android_ETC2TargetPlatform
[2018.06.02-18.03.34:081][  0]LogTemp: Display: Loaded TP Android_MultiTargetPlatform
[2018.06.02-18.03.34:081][  0]LogTemp: Display: Loaded TP Android_PVRTCTargetPlatform
[2018.06.02-18.03.34:093][  0]LogTemp: Display: Loaded TP AndroidTargetPlatform
[2018.06.02-18.03.34:093][  0]LogTemp: Display: Loaded TP HTML5TargetPlatform
[2018.06.02-18.03.34:128][  0]LogTemp: Display: Loaded TP IOSTargetPlatform
[2018.06.02-18.03.34:140][  0]LogTemp: Display: Loaded TP TVOSTargetPlatform
[2018.06.02-18.03.34:151][  0]LogTemp: Display: Loaded TP LinuxClientTargetPlatform
[2018.06.02-18.03.34:162][  0]LogTemp: Display: Loaded TP LinuxNoEditorTargetPlatform
[2018.06.02-18.03.34:174][  0]LogTemp: Display: Loaded TP LinuxServerTargetPlatform
[2018.06.02-18.03.34:187][  0]LogTemp: Display: Loaded TP LinuxTargetPlatform
[2018.06.02-18.03.34:187][  0]LogTargetPlatformManager: Display: Building Assets For Windows
[2018.06.02-18.03.34:258][  0]LogXGEController: Cleaning working directory: C:/Users/TomColdenhoff/AppData/Local/Temp/UnrealXGEWorkingDir/
[2018.06.02-18.03.34:258][  0]LogXGEController: Cannot use XGE Controller as Incredibuild is not installed on this machine.
[2018.06.02-18.03.34:258][  0]LogShaderCompilers: Cannot use XGE Shader Compiler as Incredibuild is not installed on this machine.
[2018.06.02-18.03.34:259][  0]LogShaderCompilers: Display: Using Local Shader Compiler.
[2018.06.02-18.03.34:898][  0]LogDerivedDataCache: Display: Max Cache Size: 512 MB
[2018.06.02-18.03.34:986][  0]LogDerivedDataCache: Loaded boot cache 0.09s 74MB C:/Users/TomColdenhoff/AppData/Local/UnrealEngine/4.19/DerivedDataCache/Boot.ddc.
[2018.06.02-18.03.34:986][  0]LogDerivedDataCache: Display: Loaded Boot cache: C:/Users/TomColdenhoff/AppData/Local/UnrealEngine/4.19/DerivedDataCache/Boot.ddc
[2018.06.02-18.03.34:986][  0]LogDerivedDataCache: FDerivedDataBackendGraph:  Pak pak cache file ../../../../../../../Projects/FPS/FPS/DerivedDataCache/DDC.ddp not found, will not use a pak cache.
[2018.06.02-18.03.34:986][  0]LogDerivedDataCache: Unable to find inner node Pak for hierarchical cache Hierarchy.
[2018.06.02-18.03.34:986][  0]LogDerivedDataCache: FDerivedDataBackendGraph:  CompressedPak pak cache file ../../../../../../../Projects/FPS/FPS/DerivedDataCache/Compressed.ddp not found, will not use a pak cache.
[2018.06.02-18.03.34:986][  0]LogDerivedDataCache: Unable to find inner node CompressedPak for hierarchical cache Hierarchy.
[2018.06.02-18.03.35:004][  0]LogDerivedDataCache: Display: Pak cache opened for reading ../../../Engine/DerivedDataCache/Compressed.ddp.
[2018.06.02-18.03.35:016][  0]LogDerivedDataCache: Using Local data cache path C:/Users/TomColdenhoff/AppData/Local/UnrealEngine/Common/DerivedDataCache: Writable
[2018.06.02-18.03.35:016][  0]LogDerivedDataCache: Shared data cache path not found in *engine.ini, will not use an Shared cache.
[2018.06.02-18.03.35:016][  0]LogDerivedDataCache: Unable to find inner node Shared for hierarchical cache Hierarchy.
[2018.06.02-18.03.35:029][  0]LogMaterial: Verifying Global Shaders for PCD3D_SM5
[2018.06.02-18.03.35:029][  0]LogSlate: Using Freetype 2.6.0
[2018.06.02-18.03.35:030][  0]LogSlate: SlateFontCache - WITH_FREETYPE: 1, WITH_HARFBUZZ: 1
[2018.06.02-18.03.35:030][  0]LogSlate: SlateFontCache - WITH_FREETYPE: 1, WITH_HARFBUZZ: 1
[2018.06.02-18.03.35:139][  0]LogAssetRegistry: FAssetRegistry took 0.0258 seconds to start up
[2018.06.02-18.03.35:433][  0]LogInit: Selected Device Profile: [Windows]
[2018.06.02-18.03.35:563][  0]LogSimplygon: Simplygon DLL not present - disabling.
[2018.06.02-18.03.35:564][  0]LogMeshReduction: Using SimplygonSwarm for distributed automatic mesh merging
[2018.06.02-18.03.35:564][  0]LogMeshReduction: Using QuadricMeshReduction for automatic static mesh reduction
[2018.06.02-18.03.35:564][  0]LogMeshReduction: No automatic skeletal mesh reduction module available
[2018.06.02-18.03.35:564][  0]LogMeshReduction: No automatic mesh merging module available
[2018.06.02-18.03.35:564][  0]LogMeshMerging: No automatic mesh merging module available
[2018.06.02-18.03.35:591][  0]LogNetVersion: FPS , NetCL: 3944462, EngineNetVer: 2, GameNetVer: 0 (Checksum: 2326512385)
[2018.06.02-18.03.36:019][  0]LogPackageLocalizationCache: Processed 9 localized package path(s) for 2 prioritized culture(s) in 0.097015 seconds
[2018.06.02-18.03.36:024][  0]LogUObjectArray: 36728 objects as part of root set at end of initial load.
[2018.06.02-18.03.36:024][  0]LogUObjectAllocator: 7314304 out of 0 bytes used by permanent object pool.
[2018.06.02-18.03.36:024][  0]LogUObjectArray: CloseDisregardForGC: 0/0 objects in disregard for GC pool
[2018.06.02-18.03.37:420][  0]LogTcpMessaging: Initializing TcpMessaging bridge
[2018.06.02-18.03.37:443][  0]LogUdpMessaging: Initializing bridge on interface 0.0.0.0:0 to multicast group 230.0.0.1:6666.
[2018.06.02-18.03.38:553][  0]LogSkeletalMesh: Skeletal Mesh found in DDC [17.666384ms] /Game/Models/Player/Arms/Arms_SMG.Arms_SMG
[2018.06.02-18.03.38:844][  0]LogUObjectGlobals: Created PersistentFrame Addr=0x000001ee2cec6430, Size=80, Default__BP_SMGAnim_C Function /Game/Animations/SMG/BP_SMGAnim.BP_SMGAnim_C:ExecuteUbergraph_BP_SMGAnim
[2018.06.02-18.03.38:957][  0]LogUObjectGlobals: Destroyed PersistentFrame Addr=0x000001ee2cec6430, Size=80
[2018.06.02-18.03.38:957][  0]LogUObjectGlobals: Created PersistentFrame Addr=0x000001ee2d9925c0, Size=80, Default__BP_SMGAnim_C Function /Engine/Transient.REINST_BP_SMGAnim_C_0:ExecuteUbergraph_BP_SMGAnim
[2018.06.02-18.03.39:039][  0]LogUObjectGlobals: Created PersistentFrame Addr=0x000001ee2da52840, Size=80, Default__BP_SMGAnim_C Function /Game/Animations/SMG/BP_SMGAnim.BP_SMGAnim_C:ExecuteUbergraph_BP_SMGAnim
[2018.06.02-18.03.39:988][  0]SourceControl: Source control is disabled
[2018.06.02-18.03.39:988][  0]SourceControl: Source control is disabled
[2018.06.02-18.03.40:000][  0]SourceControl: Source control is disabled
[2018.06.02-18.03.40:013][  0]SourceControl: Source control is disabled
[2018.06.02-18.03.40:357][  0]LogAndroidPermission: UAndroidPermissionCallbackProxy::GetInstance
[2018.06.02-18.03.40:457][  0]LogOcInput: OculusInput pre-init called
[2018.06.02-18.03.40:538][  0]LogEngine: Initializing Engine...
[2018.06.02-18.03.40:539][  0]LogHMD: Failed to initialize OpenVR with code 110
[2018.06.02-18.03.40:540][  0]LogStats: UGameplayTagsManager::ConstructGameplayTagTree: Construct from data asset -  0.000 s
[2018.06.02-18.03.40:540][  0]LogStats: UGameplayTagsManager::ConstructGameplayTagTree: GameplayTagTreeChangedEvent.Broadcast -  0.000 s
[2018.06.02-18.03.40:763][  0]LogAIModule: Creating AISystem for world Untitled
[2018.06.02-18.03.40:791][  0]LogInit: XAudio2 using 'Speakers (Logitech G35 Headset)' : 2 channels at 44.1 kHz using 16 bits per sample (channel mask 0x3)
[2018.06.02-18.03.40:799][  0]LogInit: FAudioDevice initialized.
[2018.06.02-18.03.40:955][  0]LogDerivedDataCache: Saved boot cache 0.16s 76MB C:/Users/TomColdenhoff/AppData/Local/UnrealEngine/4.19/DerivedDataCache/Boot.ddc.
[2018.06.02-18.03.40:993][  0]LogInit: Texture streaming: Enabled
[2018.06.02-18.03.41:010][  0]LogEngineSessionManager: EngineSessionManager initialized
[2018.06.02-18.03.41:010][  0]LogEngineSessionManager: EngineSessionManager sent abnormal shutdown report. Type=Debugger, SessionId={817D13A7-424F-A251-1B83-9180C7D9AF1D}
[2018.06.02-18.03.41:010][  0]LogEngineSessionManager: EngineSessionManager sent abnormal shutdown report. Type=Debugger, SessionId={30D0694C-45F1-7064-189D-229C8C58B329}
[2018.06.02-18.03.41:027][  0]LogInit: Transaction tracking system initialized
[2018.06.02-18.03.41:041][  0]BlueprintLog: New page: Editor Load
[2018.06.02-18.03.41:180][  0]LocalizationService: Localization service is disabled
[2018.06.02-18.03.41:254][  0]LogConsoleResponse: Display: 
[2018.06.02-18.03.41:408][  0]LogCook: Display: Max memory allowance for cook 16384mb min free memory 0mb
[2018.06.02-18.03.41:408][  0]LogCook: Display: Mobile HDR setting 1
[2018.06.02-18.03.41:408][  0]LogGameplayTags: Display: UGameplayTagsManager::DoneAddingNativeTags. DelegateIsBound: 0
[2018.06.02-18.03.41:408][  0]LogStats: UGameplayTagsManager::ConstructGameplayTagTree: Construct from data asset -  0.000 s
[2018.06.02-18.03.41:408][  0]LogStats: UGameplayTagsManager::ConstructGameplayTagTree: GameplayTagTreeChangedEvent.Broadcast -  0.000 s
[2018.06.02-18.03.41:642][  0]LogFileCache: Scanning file cache for directory 'E:/Projects/FPS/FPS/Content/' took 0.02s
[2018.06.02-18.03.41:642][  0]SourceControl: Source control is disabled
[2018.06.02-18.03.41:643][  0]Cmd: MAP LOAD FILE="../../../../../../../Projects/FPS/FPS/Content/Maps/Level1.umap" TEMPLATE=0 SHOWPROGRESS=1 FEATURELEVEL=3
[2018.06.02-18.03.41:688][  0]LightingResults: New page: Lighting Build
[2018.06.02-18.03.41:690][  0]MapCheck: New page: Map Check
[2018.06.02-18.03.41:690][  0]LightingResults: New page: Lighting Build
[2018.06.02-18.03.41:716][  0]LogUObjectGlobals: Destroyed PersistentFrame Addr=0x000001ee2d9925c0, Size=80
[2018.06.02-18.03.50:818][  0]LogAIModule: Creating AISystem for world Level1
[2018.06.02-18.03.50:892][  0]LogEditorServer: Finished looking for orphan Actors (0.000 secs)
[2018.06.02-18.03.50:907][  0]Cmd: MAP CHECKDEP NOCLEARLOG
[2018.06.02-18.03.50:959][  0]MapCheck: Map check complete: 0 Error(s), 0 Warning(s), took 51.455ms to complete.
[2018.06.02-18.03.50:959][  0]LogFileHelpers: Loading map 'Level1' took 9.316
[2018.06.02-18.03.51:067][  0]LogWindowsTextInputMethodSystem: Display: IME system now deactivated.
[2018.06.02-18.03.51:154][  0]LogCollectionManager: Loaded 0 collections in 0.000783 seconds
[2018.06.02-18.03.51:194][  0]LogFileCache: Scanning file cache for directory 'E:/Projects/FPS/FPS/Saved/Collections/' took 0.01s
[2018.06.02-18.03.51:194][  0]LogFileCache: Scanning file cache for directory 'E:/Projects/FPS/FPS/Content/Developers/TomColdenhoff/Collections/' took 0.01s
[2018.06.02-18.03.51:194][  0]LogFileCache: Scanning file cache for directory 'E:/Projects/FPS/FPS/Content/Collections/' took 0.01s
[2018.06.02-18.03.51:194][  0]LogCollectionManager: Rebuilt the GUID cache for 0 collections in 0.000000 seconds
[2018.06.02-18.03.51:204][  0]LogContentBrowser: Native class hierarchy populated in 0.0091 seconds. Added 2458 classes and 560 folders.
[2018.06.02-18.03.51:208][  0]LogContentBrowser: Native class hierarchy updated for 'WidgetCarousel' in 0.0004 seconds. Added 0 classes and 0 folders.
[2018.06.02-18.03.51:240][  0]LogContentBrowser: Native class hierarchy updated for 'AddContentDialog' in 0.0005 seconds. Added 0 classes and 0 folders.
[2018.06.02-18.03.51:245][  0]LogContentBrowser: Native class hierarchy updated for 'SceneOutliner' in 0.0005 seconds. Added 1 classes and 2 folders.
[2018.06.02-18.03.51:316][  0]LogSlate: Took 0.000208 seconds to synchronously load lazily loaded font '../../../Engine/Content/Slate/Fonts/Roboto-Regular.ttf' (155K)
[2018.06.02-18.03.51:318][  0]LogSlate: Took 0.000186 seconds to synchronously load lazily loaded font '../../../Engine/Content/Slate/Fonts/Roboto-Bold.ttf' (160K)
[2018.06.02-18.03.51:323][  0]LogSlate: Took 0.000193 seconds to synchronously load lazily loaded font '../../../Engine/Content/Editor/Slate/Fonts/FontAwesome.ttf' (139K)
[2018.06.02-18.03.51:414][  0]LogRenderer: Reallocating scene render targets to support 1208x576 Format 10 NumSamples 1 (Frame:1).
[2018.06.02-18.03.51:608][  0]LogContentBrowser: Native class hierarchy updated for 'HierarchicalLODOutliner' in 0.0005 seconds. Added 0 classes and 0 folders.
[2018.06.02-18.03.51:608][  0]LogLoad: (Engine Initialization) Total time: 21.11 seconds
[2018.06.02-18.03.51:608][  0]LogLoad: (Engine Initialization) Total Blueprint compile time: 0.00 seconds
[2018.06.02-18.03.51:638][  0]LogContentStreaming: Texture pool size now 1000 MB
[2018.06.02-18.03.51:680][  0]LogSlate: Took 0.000178 seconds to synchronously load lazily loaded font '../../../Engine/Content/Slate/Fonts/Roboto-Light.ttf' (167K)
[2018.06.02-18.03.51:736][  1]LogAssetRegistry: Asset discovery search completed in 16.6197 seconds
[2018.06.02-18.03.51:746][  1]LogCollectionManager: Rebuilt the object cache for 0 collections in 0.000000 seconds (found 0 objects)
[2018.06.02-18.03.51:746][  1]LogCollectionManager: Fixed up redirectors for 0 collections in 0.000069 seconds (updated 0 objects)
[2018.06.02-18.04.44:052][ 68]LogSlate: FSceneViewport::OnFocusLost() reason 2
[2018.06.02-18.04.52:987][ 49]LogDirectoryWatcher: Warning: Failed to begin reading directory changes for ../../../../../../../Projects/FPS/FPS/Plugins/. Error: The system cannot find the file specified. (0x00000002)
[2018.06.02-18.07.30:152][ 25]LogSlate: Took 0.000198 seconds to synchronously load lazily loaded font '../../../Engine/Content/Slate/Fonts/Roboto-Light.ttf' (167K)
[2018.06.02-18.07.30:277][ 25]Running E:/Game Engines/Epic Games/4.19/UE_4.19/Engine/Binaries/DotNET/UnrealBuildTool.exe FPSEditor Development Win64 -EditorRecompile -Module=CoverPointGenerator -Project="../../../../../../../Projects/FPS/FPS/FPS.uproject" -Plugin="E:\Projects\FPS\FPS\Plugins\CoverPointGenerator\CoverPointGenerator.uplugin" -Progress -NoHotReloadFromIDE
[2018.06.02-18.07.30:609][ 25]Performing full C++ include scan (building a new target)
[2018.06.02-18.07.30:609][ 25]Using 'git status' to determine working set for adaptive non-unity build.
[2018.06.02-18.07.31:111][ 25]Creating makefile for FPSEditor (modules to compile have changed)
[2018.06.02-18.08.01:408][ 25]@progress push 5%
[2018.06.02-18.08.02:112][ 25]@progress pop
[2018.06.02-18.08.04:521][ 25]Performing 5 actions (4 in parallel)
[2018.06.02-18.08.04:522][ 25][2/5] Resource PCLaunch.rc
[2018.06.02-18.08.04:723][ 25]SharedPCH.UnrealEd.cpp
[2018.06.02-18.08.31:385][ 25]Module.CoverPointGenerator.cpp
[2018.06.02-18.08.33:192][ 25][4/5] Link UE4Editor-CoverPointGenerator.dll
[2018.06.02-18.08.33:192][ 25][5/5] Link UE4Editor-CoverPointGenerator.lib
[2018.06.02-18.08.34:196][ 25]   Creating library E:\Projects\FPS\FPS\Plugins\CoverPointGenerator\Intermediate\Build\Win64\UE4Editor\Development\UE4Editor-CoverPointGenerator.lib and object E:\Projects\FPS\FPS\Plugins\CoverPointGenerator\Intermediate\Build\Win64\UE4Editor\Development\UE4Editor-CoverPointGenerator.exp
[2018.06.02-18.08.34:398][ 25]   Creating library E:\Projects\FPS\FPS\Plugins\CoverPointGenerator\Intermediate\Build\Win64\UE4Editor\Development\UE4Editor-CoverPointGenerator.suppressed.lib and object E:\Projects\FPS\FPS\Plugins\CoverPointGenerator\Intermediate\Build\Win64\UE4Editor\Development\UE4Editor-CoverPointGenerator.suppressed.exp
[2018.06.02-18.08.34:899][ 25]Total build time: 64.28 seconds (Local executor: 30.28 seconds)
[2018.06.02-18.08.35:019][ 25]Running E:/Game Engines/Epic Games/4.19/UE_4.19/Engine/Binaries/DotNET/UnrealBuildTool.exe  -projectfiles -project="E:/Projects/FPS/FPS/FPS.uproject" -game -rocket -progress
[2018.06.02-18.08.35:222][ 25]Discovering modules, targets and source code for project...
[2018.06.02-18.08.49:948][ 25]LogSlate: Window 'New Plugin' being destroyed
[2018.06.02-18.38.12:636][312]LogHotReload: New module detected: UE4Editor-FPS-5567.dll
[2018.06.02-18.41.55:992][983]LogHotReload: Starting Hot-Reload from IDE
[2018.06.02-18.41.56:169][983]LogContentBrowser: Native class hierarchy updated for 'FPS' in 0.0009 seconds. Added 6 classes and 2 folders.
[2018.06.02-18.41.56:171][983]Display: HotReload successful (1 functions remapped  0 scriptstructs remapped)
[2018.06.02-18.41.56:553][983]LogContentBrowser: Native class hierarchy populated in 0.0133 seconds. Added 2459 classes and 562 folders.
[2018.06.02-18.41.56:679][983]Display: HotReload took  0.7s.
[2018.06.02-18.44.02:861][470]LogSlate: Window 'Plugins' being destroyed
[2018.06.02-18.44.02:864][470]LogSlate: Window 'Plugins' being destroyed
[2018.06.02-18.44.02:864][470]LogDirectoryWatcher: A directory notification for '../../../Engine/Plugins/' was aborted.
[2018.06.02-18.44.04:556][644]LogSlate: Window 'FPS - Unreal Editor' being destroyed
[2018.06.02-18.44.04:557][644]LogWindowsTextInputMethodSystem: Display: IME system now deactivated.
[2018.06.02-18.44.05:160][645]Cmd: QUIT_EDITOR
[2018.06.02-18.44.05:403][645]LogSlate: Slate User Destroyed.  User Index 0, Is Virtual User: 0
[2018.06.02-18.44.05:418][645]LogExit: Preparing to exit.
[2018.06.02-18.44.06:902][645]LogDirectoryWatcher: A directory notification for 'E:/Projects/FPS/FPS/Content/' was aborted.
[2018.06.02-18.44.07:102][645]LogUObjectGlobals: Destroyed PersistentFrame Addr=0x000001ee2da52840, Size=80
[2018.06.02-18.44.07:184][645]LogExit: Editor shut down
[2018.06.02-18.44.07:212][645]LogExit: Transaction tracking system shut down
[2018.06.02-18.44.07:423][645]LogDirectoryWatcher: A directory notification for '../../../Engine/Content/' was aborted.
[2018.06.02-18.44.07:424][645]LogDirectoryWatcher: A directory notification for '../../../../../../../Projects/FPS/FPS/Content/' was aborted.
[2018.06.02-18.44.07:424][645]LogDirectoryWatcher: A directory notification for '../../Plugins/2D/Paper2D/Content/' was aborted.
[2018.06.02-18.44.07:424][645]LogDirectoryWatcher: A directory notification for '../../Plugins/Enterprise/DatasmithContent/Content/' was aborted.
[2018.06.02-18.44.07:424][645]LogDirectoryWatcher: A directory notification for '../../Plugins/Media/MediaCompositing/Content/' was aborted.
[2018.06.02-18.44.07:424][645]LogDirectoryWatcher: A directory notification for '../../Plugins/Runtime/AppleARKit/Content/' was aborted.
[2018.06.02-18.44.07:424][645]LogDirectoryWatcher: A directory notification for '../../Plugins/Runtime/Oculus/OculusVR/Content/' was aborted.
[2018.06.02-18.44.07:424][645]LogDirectoryWatcher: A directory notification for '../../Plugins/Runtime/Steam/SteamVR/Content/' was aborted.
[2018.06.02-18.44.08:484][645]LogExit: Object subsystem successfully closed.
[2018.06.02-18.44.08:606][645]LogShaderCompilers: Display: Shaders left to compile 0
[2018.06.02-18.44.08:618][645]LogD3D11RHI: Shutdown
[2018.06.02-18.44.08:618][645]LogD3D11RHI: CleanupD3DDevice
[2018.06.02-18.44.08:638][645]LogD3D11RHI: ~FD3D11DynamicRHI
[2018.06.02-18.44.09:349][645]LogModuleManager: Shutting down and abandoning module FPS (579)
[2018.06.02-18.44.09:349][645]LogModuleManager: Shutting down and abandoning module CoverPointGenerator (578)
[2018.06.02-18.44.09:372][645]LogModuleManager: Shutting down and abandoning module HierarchicalLODOutliner (576)
[2018.06.02-18.44.09:372][645]LogModuleManager: Shutting down and abandoning module DesktopPlatform (574)
[2018.06.02-18.44.09:372][645]LogModuleManager: Shutting down and abandoning module SceneOutliner (572)
[2018.06.02-18.44.09:381][645]LogModuleManager: Shutting down and abandoning module AddContentDialog (570)
[2018.06.02-18.44.09:394][645]LogDirectoryWatcher: A directory notification for 'E:/Game Engines/Epic Games/4.19/UE_4.19/FeaturePacks/' was aborted.
[2018.06.02-18.44.09:415][645]LogModuleManager: Shutting down and abandoning module WidgetCarousel (569)
[2018.06.02-18.44.09:415][645]LogModuleManager: Shutting down and abandoning module EditorWidgets (566)
[2018.06.02-18.44.09:415][645]LogModuleManager: Shutting down and abandoning module CollectionManager (564)
[2018.06.02-18.44.09:424][645]LogDirectoryWatcher: A directory notification for 'E:/Projects/FPS/FPS/Content/Collections/' was aborted.
[2018.06.02-18.44.09:424][645]LogDirectoryWatcher: A directory notification for 'E:/Projects/FPS/FPS/Content/Developers/TomColdenhoff/Collections/' was aborted.
[2018.06.02-18.44.09:424][645]LogDirectoryWatcher: A directory notification for 'E:/Projects/FPS/FPS/Saved/Collections/' was aborted.
[2018.06.02-18.44.09:425][645]LogModuleManager: Shutting down and abandoning module StatsViewer (562)
[2018.06.02-18.44.09:429][645]LogModuleManager: Shutting down and abandoning module FoliageEdit (560)
[2018.06.02-18.44.09:429][645]LogModuleManager: Shutting down and abandoning module LandscapeEditor (558)
[2018.06.02-18.44.09:435][645]LogModuleManager: Shutting down and abandoning module MeshPaintMode (556)
[2018.06.02-18.44.09:445][645]LogModuleManager: Shutting down and abandoning module SceneDepthPickerMode (554)
[2018.06.02-18.44.09:445][645]LogModuleManager: Shutting down and abandoning module ActorPickerMode (552)
[2018.06.02-18.44.09:445][645]LogModuleManager: Shutting down and abandoning module GeometryMode (550)
[2018.06.02-18.44.09:454][645]LogModuleManager: Shutting down and abandoning module TextureAlignMode (548)
[2018.06.02-18.44.09:454][645]LogModuleManager: Shutting down and abandoning module BspMode (546)
[2018.06.02-18.44.09:454][645]LogModuleManager: Shutting down and abandoning module PIEPreviewDeviceProfileSelector (544)
[2018.06.02-18.44.09:454][645]LogModuleManager: Shutting down and abandoning module HardwareSurvey (542)
[2018.06.02-18.44.09:454][645]LogModuleManager: Shutting down and abandoning module SequenceRecorderSections (540)
[2018.06.02-18.44.09:462][645]LogModuleManager: Shutting down and abandoning module AutomationWorker (538)
[2018.06.02-18.44.09:462][645]LogModuleManager: Shutting down and abandoning module AudioCaptureEditor (536)
[2018.06.02-18.44.09:462][645]LogModuleManager: Shutting down and abandoning module SequenceRecorder (535)
[2018.06.02-18.44.09:477][645]LogModuleManager: Shutting down and abandoning module MatineeToLevelSequence (532)
[2018.06.02-18.44.09:490][645]LogModuleManager: Shutting down and abandoning module LevelSequenceEditor (530)
[2018.06.02-18.44.09:514][645]LogModuleManager: Shutting down and abandoning module PlacementMode (529)
[2018.06.02-18.44.09:514][645]LogModuleManager: Shutting down and abandoning module MaterialEditor (528)
[2018.06.02-18.44.09:543][645]LogModuleManager: Shutting down and abandoning module WmfMediaFactory (524)
[2018.06.02-18.44.09:543][645]LogModuleManager: Shutting down and abandoning module WmfMediaEditor (522)
[2018.06.02-18.44.09:543][645]LogModuleManager: Shutting down and abandoning module MediaPlayerEditor (520)
[2018.06.02-18.44.09:558][645]LogModuleManager: Shutting down and abandoning module OpenExrWrapper (518)
[2018.06.02-18.44.09:558][645]LogModuleManager: Shutting down and abandoning module ImgMediaFactory (516)
[2018.06.02-18.44.09:558][645]LogModuleManager: Shutting down and abandoning module ImgMediaEditor (514)
[2018.06.02-18.44.09:558][645]LogModuleManager: Shutting down and abandoning module AvfMediaFactory (512)
[2018.06.02-18.44.09:558][645]LogModuleManager: Shutting down and abandoning module AvfMediaEditor (510)
[2018.06.02-18.44.09:558][645]LogModuleManager: Shutting down and abandoning module AndroidMediaFactory (508)
[2018.06.02-18.44.09:558][645]LogModuleManager: Shutting down and abandoning module AndroidMediaEditor (506)
[2018.06.02-18.44.09:558][645]LogModuleManager: Shutting down and abandoning module CharacterAI (504)
[2018.06.02-18.44.09:558][645]LogModuleManager: Shutting down and abandoning module SmartSnapping (502)
[2018.06.02-18.44.09:558][645]LogModuleManager: Shutting down and abandoning module SessionServices (500)
[2018.06.02-18.44.09:558][645]LogModuleManager: Shutting down and abandoning module ViewportSnapping (498)
[2018.06.02-18.44.09:558][645]LogModuleManager: Shutting down and abandoning module ViewportInteraction (496)
[2018.06.02-18.44.09:558][645]LogModuleManager: Shutting down and abandoning module ClothPainter (494)
[2018.06.02-18.44.09:562][645]LogModuleManager: Shutting down and abandoning module SkeletalMeshEditor (493)
[2018.06.02-18.44.09:568][645]LogModuleManager: Shutting down and abandoning module LogVisualizer (490)
[2018.06.02-18.44.09:578][645]LogModuleManager: Shutting down and abandoning module IntroTutorials (488)
[2018.06.02-18.44.09:589][645]LogModuleManager: Shutting down and abandoning module GameProjectGeneration (487)
[2018.06.02-18.44.09:599][645]LogModuleManager: Shutting down and abandoning module IOSPlatformEditor (484)
[2018.06.02-18.44.09:608][645]LogModuleManager: Shutting down and abandoning module HTML5PlatformEditor (482)
[2018.06.02-18.44.09:608][645]LogModuleManager: Shutting down and abandoning module AndroidPlatformEditor (480)
[2018.06.02-18.44.09:608][645]LogModuleManager: Shutting down and abandoning module AndroidDeviceDetection (479)
[2018.06.02-18.44.10:074][645]LogModuleManager: Shutting down and abandoning module WindowsPlatformEditor (476)
[2018.06.02-18.44.10:074][645]LogModuleManager: Shutting down and abandoning module IOSRuntimeSettings (474)
[2018.06.02-18.44.10:074][645]LogModuleManager: Shutting down and abandoning module AndroidRuntimeSettings (472)
[2018.06.02-18.44.10:074][645]LogModuleManager: Shutting down and abandoning module InputBindingEditor (470)
[2018.06.02-18.44.10:087][645]LogModuleManager: Shutting down and abandoning module MergeActors (468)
[2018.06.02-18.44.10:105][645]LogModuleManager: Shutting down and abandoning module LocalizationDashboard (466)
[2018.06.02-18.44.10:111][645]LogModuleManager: Shutting down and abandoning module LocalizationService (465)
[2018.06.02-18.44.10:115][645]LogModuleManager: Shutting down and abandoning module HardwareTargeting (462)
[2018.06.02-18.44.10:115][645]LogModuleManager: Shutting down and abandoning module DeviceProfileEditor (460)
[2018.06.02-18.44.10:118][645]LogModuleManager: Shutting down and abandoning module UndoHistory (458)
[2018.06.02-18.44.10:118][645]LogModuleManager: Shutting down and abandoning module XmlParser (456)
[2018.06.02-18.44.10:129][645]LogModuleManager: Shutting down and abandoning module Blutility (454)
[2018.06.02-18.44.10:129][645]LogModuleManager: Shutting down and abandoning module ProjectSettingsViewer (452)
[2018.06.02-18.44.10:129][645]LogModuleManager: Shutting down and abandoning module ProjectTargetPlatformEditor (451)
[2018.06.02-18.44.10:129][645]LogModuleManager: Shutting down and abandoning module EditorSettingsViewer (448)
[2018.06.02-18.44.10:129][645]LogModuleManager: Shutting down and abandoning module SettingsEditor (446)
[2018.06.02-18.44.10:148][645]LogModuleManager: Shutting down and abandoning module ProjectLauncher (444)
[2018.06.02-18.44.10:152][645]LogModuleManager: Shutting down and abandoning module SessionFrontend (442)
[2018.06.02-18.44.10:155][645]LogModuleManager: Shutting down and abandoning module ProfilerClient (440)
[2018.06.02-18.44.10:162][645]LogModuleManager: Shutting down and abandoning module DeviceManager (438)
[2018.06.02-18.44.10:169][645]LogModuleManager: Shutting down and abandoning module TargetDeviceServices (437)
[2018.06.02-18.44.10:222][645]LogModuleManager: Shutting down and abandoning module AutomationController (434)
[2018.06.02-18.44.10:231][645]LogModuleManager: Shutting down and abandoning module AutomationWindow (432)
[2018.06.02-18.44.10:244][645]LogModuleManager: Shutting down and abandoning module Layers (430)
[2018.06.02-18.44.10:255][645]LogModuleManager: Shutting down and abandoning module ComponentVisualizers (428)
[2018.06.02-18.44.10:255][645]LogModuleManager: Shutting down and abandoning module DetailCustomizations (426)
[2018.06.02-18.44.10:275][645]LogModuleManager: Shutting down and abandoning module PackagesDialog (424)
[2018.06.02-18.44.10:275][645]LogModuleManager: Shutting down and abandoning module Persona (422)
[2018.06.02-18.44.10:294][645]LogModuleManager: Shutting down and abandoning module AdvancedPreviewScene (421)
[2018.06.02-18.44.10:294][645]LogModuleManager: Shutting down and abandoning module AnimGraph (419)
[2018.06.02-18.44.10:294][645]LogModuleManager: Shutting down and abandoning module Kismet (416)
[2018.06.02-18.44.10:307][645]LogModuleManager: Shutting down and abandoning module GraphEditor (414)
[2018.06.02-18.44.10:344][645]LogModuleManager: Shutting down and abandoning module ClassViewer (412)
[2018.06.02-18.44.10:344][645]LogModuleManager: Shutting down and abandoning module Toolbox (410)
[2018.06.02-18.44.10:344][645]LogModuleManager: Shutting down and abandoning module ModuleUI (408)
[2018.06.02-18.44.10:353][645]LogModuleManager: Shutting down and abandoning module MovieSceneTools (406)
[2018.06.02-18.44.10:369][645]LogModuleManager: Shutting down and abandoning module OutputLog (404)
[2018.06.02-18.44.10:369][645]LogModuleManager: Shutting down and abandoning module GammaUI (402)
[2018.06.02-18.44.10:375][645]LogModuleManager: Shutting down and abandoning module Documentation (400)
[2018.06.02-18.44.10:375][645]LogModuleManager: Shutting down and abandoning module MovieSceneTracks (398)
[2018.06.02-18.44.10:375][645]LogModuleManager: Shutting down and abandoning module MovieScene (396)
[2018.06.02-18.44.10:375][645]LogModuleManager: Shutting down and abandoning module StreamingPauseRendering (394)
[2018.06.02-18.44.10:375][645]LogModuleManager: Shutting down and abandoning module LauncherPlatform (392)
[2018.06.02-18.44.10:375][645]LogModuleManager: Shutting down and abandoning module AnalyticsET (390)
[2018.06.02-18.44.10:375][645]LogModuleManager: Shutting down and abandoning module PortalServices (388)
[2018.06.02-18.44.10:375][645]LogModuleManager: Shutting down and abandoning module PortalRpc (386)
[2018.06.02-18.44.10:375][645]LogModuleManager: Shutting down and abandoning module MessagingRpc (384)
[2018.06.02-18.44.10:375][645]LogModuleManager: Shutting down and abandoning module AIModule (382)
[2018.06.02-18.44.10:376][645]LogModuleManager: Shutting down and abandoning module GameplayDebugger (381)
[2018.06.02-18.44.10:384][645]LogModuleManager: Shutting down and abandoning module AITestSuite (379)
[2018.06.02-18.44.10:390][645]LogModuleManager: Shutting down and abandoning module ProfilerService (376)
[2018.06.02-18.44.10:492][645]LogModuleManager: Shutting down and abandoning module TaskGraph (374)
[2018.06.02-18.44.10:502][645]LogModuleManager: Shutting down and abandoning module SteamVRController (372)
[2018.06.02-18.44.10:502][645]LogModuleManager: Shutting down and abandoning module ProceduralMeshComponentEditor (370)
[2018.06.02-18.44.10:502][645]LogModuleManager: Shutting down and abandoning module ProceduralMeshComponent (368)
[2018.06.02-18.44.10:511][645]LogModuleManager: Shutting down and abandoning module OculusInput (366)
[2018.06.02-18.44.10:520][645]LogModuleManager: Shutting down and abandoning module MobilePatchingUtils (364)
[2018.06.02-18.44.10:520][645]LogModuleManager: Shutting down and abandoning module CustomMeshComponent (362)
[2018.06.02-18.44.10:520][645]LogModuleManager: Shutting down and abandoning module CableComponent (360)
[2018.06.02-18.44.10:529][645]LogModuleManager: Shutting down and abandoning module AudioCapture (358)
[2018.06.02-18.44.10:529][645]LogModuleManager: Shutting down and abandoning module ArchVisCharacter (356)
[2018.06.02-18.44.10:530][645]LogModuleManager: Shutting down and abandoning module AndroidPermission (354)
[2018.06.02-18.44.10:530][645]LogModuleManager: Shutting down and abandoning module NUTUnrealEngine4 (350)
[2018.06.02-18.44.10:530][645]LogModuleManager: Shutting down and abandoning module NetcodeUnitTest (348)
[2018.06.02-18.44.10:555][645]LogModuleManager: Shutting down and abandoning module MediaCompositingEditor (346)
[2018.06.02-18.44.10:555][645]LogModuleManager: Shutting down and abandoning module MediaCompositing (344)
[2018.06.02-18.44.10:555][645]LogModuleManager: Shutting down and abandoning module LinearTimecode (342)
[2018.06.02-18.44.10:555][645]LogModuleManager: Shutting down and abandoning module ImgMedia (340)
[2018.06.02-18.44.10:575][645]LogModuleManager: Shutting down and abandoning module HTML5Networking (338)
[2018.06.02-18.44.10:575][645]LogModuleManager: Shutting down and abandoning module AlembicImporter (336)
[2018.06.02-18.44.10:581][645]LogModuleManager: Shutting down and abandoning module AlembicLibrary (335)
[2018.06.02-18.44.10:581][645]LogModuleManager: Shutting down and abandoning module GeometryCache (334)
[2018.06.02-18.44.10:581][645]LogModuleManager: Shutting down and abandoning module GeometryCacheEd (333)
[2018.06.02-18.44.10:581][645]LogModuleManager: Shutting down and abandoning module DatasmithContent (328)
[2018.06.02-18.44.10:581][645]LogModuleManager: Shutting down and abandoning module SpeedTreeImporter (326)
[2018.06.02-18.44.10:581][645]LogModuleManager: Shutting down and abandoning module PluginBrowser (324)
[2018.06.02-18.44.10:582][645]LogModuleManager: Shutting down and abandoning module MobileLauncherProfileWizard (322)
[2018.06.02-18.44.10:589][645]LogModuleManager: Shutting down and abandoning module CryptoKeysOpenSSL (320)
[2018.06.02-18.44.10:597][645]LogModuleManager: Shutting down and abandoning module CryptoKeys (318)
[2018.06.02-18.44.10:597][645]LogModuleManager: Shutting down and abandoning module VisualStudioSourceCodeAccess (316)
[2018.06.02-18.44.10:597][645]LogModuleManager: Shutting down and abandoning module VisualStudioCodeSourceCodeAccess (314)
[2018.06.02-18.44.10:598][645]LogModuleManager: Shutting down and abandoning module UObjectPlugin (312)
[2018.06.02-18.44.10:598][645]LogModuleManager: Shutting down and abandoning module SubversionSourceControl (310)
[2018.06.02-18.44.10:606][645]LogModuleManager: Shutting down and abandoning module PerforceSourceControl (308)
[2018.06.02-18.44.10:615][645]LogModuleManager: Shutting down and abandoning module GitSourceControl (306)
[2018.06.02-18.44.10:628][645]LogModuleManager: Shutting down and abandoning module SourceControl (305)
[2018.06.02-18.44.10:637][645]LogModuleManager: Shutting down and abandoning module CLionSourceCodeAccess (302)
[2018.06.02-18.44.10:648][645]LogModuleManager: Shutting down and abandoning module LightPropagationVolumeEditor (300)
[2018.06.02-18.44.10:648][645]LogModuleManager: Shutting down and abandoning module PaperTiledImporter (298)
[2018.06.02-18.44.10:648][645]LogModuleManager: Shutting down and abandoning module PaperSpriteSheetImporter (296)
[2018.06.02-18.44.10:648][645]LogModuleManager: Shutting down and abandoning module Paper2DEditor (294)
[2018.06.02-18.44.10:669][645]LogModuleManager: Shutting down and abandoning module MeshPaint (293)
[2018.06.02-18.44.10:681][645]LogModuleManager: Shutting down and abandoning module RuntimePhysXCooking (288)
[2018.06.02-18.44.10:681][645]LogModuleManager: Shutting down and abandoning module PhysXVehiclesEditor (286)
[2018.06.02-18.44.10:681][645]LogModuleManager: Shutting down and abandoning module PhysXVehicles (284)
[2018.06.02-18.44.10:681][645]LogModuleManager: Shutting down and abandoning module OculusEditor (282)
[2018.06.02-18.44.10:681][645]LogModuleManager: Shutting down and abandoning module LocationServicesBPLibrary (280)
[2018.06.02-18.44.10:681][645]LogModuleManager: Shutting down and abandoning module ImmediatePhysicsEditor (278)
[2018.06.02-18.44.10:681][645]LogModuleManager: Shutting down and abandoning module ImmediatePhysics (276)
[2018.06.02-18.44.10:692][645]LogModuleManager: Shutting down and abandoning module ActorSequence (274)
[2018.06.02-18.44.10:692][645]LogModuleManager: Shutting down and abandoning module UdpMessaging (272)
[2018.06.02-18.44.10:800][645]LogModuleManager: Shutting down and abandoning module TcpMessaging (270)
[2018.06.02-18.44.10:907][645]LogModuleManager: Shutting down and abandoning module GameplayTagsEditor (268)
[2018.06.02-18.44.10:919][645]LogModuleManager: Shutting down and abandoning module FacialAnimationEditor (266)
[2018.06.02-18.44.10:920][645]LogModuleManager: Shutting down and abandoning module FacialAnimation (264)
[2018.06.02-18.44.10:920][645]LogModuleManager: Shutting down and abandoning module DataValidation (262)
[2018.06.02-18.44.10:932][645]LogModuleManager: Shutting down and abandoning module AssetManagerEditor (260)
[2018.06.02-18.44.10:943][645]LogModuleManager: Shutting down and abandoning module LevelEditor (259)
[2018.06.02-18.44.10:975][645]LogModuleManager: Shutting down and abandoning module PixelInspectorModule (258)
[2018.06.02-18.44.10:981][645]LogModuleManager: Shutting down and abandoning module CommonMenuExtensions (256)
[2018.06.02-18.44.10:982][645]LogModuleManager: Shutting down and abandoning module MainFrame (254)
[2018.06.02-18.44.10:982][645]LogModuleManager: Shutting down and abandoning module HotReload (253)
[2018.06.02-18.44.10:982][645]LogDirectoryWatcher: A directory notification for 'E:/Projects/FPS/FPS/Binaries/Win64' was aborted.
[2018.06.02-18.44.10:982][645]LogDirectoryWatcher: A directory notification for 'E:/Projects/FPS/FPS/Plugins/CoverPointGenerator/Binaries/Win64' was aborted.
[2018.06.02-18.44.10:983][645]LogModuleManager: Shutting down and abandoning module ContentBrowser (249)
[2018.06.02-18.44.10:985][645]LogModuleManager: Shutting down and abandoning module TreeMap (247)
[2018.06.02-18.44.10:987][645]LogModuleManager: Shutting down and abandoning module LightPropagationVolumeRuntime (244)
[2018.06.02-18.44.10:987][645]LogModuleManager: Shutting down and abandoning module LiveLinkEditor (242)
[2018.06.02-18.44.11:001][645]LogModuleManager: Shutting down and abandoning module LiveLink (240)
[2018.06.02-18.44.11:043][645]LogModuleManager: Shutting down and abandoning module Paper2D (238)
[2018.06.02-18.44.11:046][645]LogModuleManager: Shutting down and abandoning module WindowsMoviePlayer (236)
[2018.06.02-18.44.11:052][645]LogModuleManager: Shutting down and abandoning module WmfMedia (234)
[2018.06.02-18.44.11:058][645]LogModuleManager: Shutting down and abandoning module Media (233)
[2018.06.02-18.44.11:065][645]LogModuleManager: Shutting down and abandoning module PacketHandler (230)
[2018.06.02-18.44.11:065][645]LogModuleManager: Shutting down and abandoning module ClothingSystemEditor (228)
[2018.06.02-18.44.11:065][645]LogModuleManager: Shutting down and abandoning module ClothingSystemRuntime (226)
[2018.06.02-18.44.11:073][645]LogModuleManager: Shutting down and abandoning module MediaAssets (224)
[2018.06.02-18.44.11:073][645]LogModuleManager: Shutting down and abandoning module Overlay (222)
[2018.06.02-18.44.11:074][645]LogModuleManager: Shutting down and abandoning module OverlayEditor (221)
[2018.06.02-18.44.11:074][645]LogModuleManager: Shutting down and abandoning module VREditor (218)
[2018.06.02-18.44.11:086][645]LogModuleManager: Shutting down and abandoning module StringTableEditor (216)
[2018.06.02-18.44.11:086][645]LogModuleManager: Shutting down and abandoning module GameplayTasksEditor (214)
[2018.06.02-18.44.11:086][645]LogModuleManager: Shutting down and abandoning module BehaviorTreeEditor (212)
[2018.06.02-18.44.11:106][645]LogModuleManager: Shutting down and abandoning module FunctionalTesting (210)
[2018.06.02-18.44.11:110][645]LogModuleManager: Shutting down and abandoning module CollisionAnalyzer (208)
[2018.06.02-18.44.11:118][645]LogModuleManager: Shutting down and abandoning module WorkspaceMenuStructure (207)
[2018.06.02-18.44.11:119][645]LogModuleManager: Shutting down and abandoning module UMG (204)
[2018.06.02-18.44.11:123][645]LogModuleManager: Shutting down and abandoning module UMGEditor (203)
[2018.06.02-18.44.11:158][645]LogModuleManager: Shutting down and abandoning module Sequencer (202)
[2018.06.02-18.44.11:168][645]LogModuleManager: Shutting down and abandoning module MessageLog (199)
[2018.06.02-18.44.11:168][645]LogModuleManager: Shutting down and abandoning module SlateReflector (194)
[2018.06.02-18.44.11:192][645]LogModuleManager: Shutting down and abandoning module Slate (192)
[2018.06.02-18.44.11:192][645]LogModuleManager: Shutting down and abandoning module EditorStyle (190)
[2018.06.02-18.44.11:202][645]LogModuleManager: Shutting down and abandoning module MRMesh (188)
[2018.06.02-18.44.11:202][645]LogModuleManager: Shutting down and abandoning module SourceCodeAccess (186)
[2018.06.02-18.44.11:202][645]LogModuleManager: Shutting down and abandoning module HeadMountedDisplay (184)
[2018.06.02-18.44.11:202][645]LogModuleManager: Shutting down and abandoning module XAudio2 (182)
[2018.06.02-18.44.11:202][645]LogModuleManager: Shutting down and abandoning module Networking (180)
[2018.06.02-18.44.11:202][645]LogModuleManager: Shutting down and abandoning module Core (178)
[2018.06.02-18.44.11:202][645]LogModuleManager: Shutting down and abandoning module LevelSequence (176)
[2018.06.02-18.44.11:209][645]LogModuleManager: Shutting down and abandoning module KismetCompiler (174)
[2018.06.02-18.44.11:209][645]LogModuleManager: Shutting down and abandoning module MeshUtilities (172)
[2018.06.02-18.44.11:220][645]LogModuleManager: Shutting down and abandoning module MeshMergeUtilities (171)
[2018.06.02-18.44.11:220][645]LogModuleManager: Shutting down and abandoning module MeshReductionInterface (170)
[2018.06.02-18.44.11:220][645]LogModuleManager: Shutting down and abandoning module SimplygonSwarm (169)
[2018.06.02-18.44.11:227][645]LogModuleManager: Shutting down and abandoning module SimplygonMeshReduction (167)
[2018.06.02-18.44.11:234][645]LogModuleManager: Shutting down and abandoning module QuadricMeshReduction (165)
[2018.06.02-18.44.11:241][645]LogModuleManager: Shutting down and abandoning module MaterialBaking (161)
[2018.06.02-18.44.11:247][645]LogModuleManager: Shutting down and abandoning module DirectoryWatcher (157)
[2018.06.02-18.44.11:278][645]LogModuleManager: Shutting down and abandoning module DerivedDataCache (154)
[2018.06.02-18.44.11:298][645]LogDerivedDataCache: Shutdown
[2018.06.02-18.44.11:298][645]LogModuleManager: Shutting down and abandoning module XGEController (152)
[2018.06.02-18.44.11:298][645]LogXGEController: Cleaning working directory: C:/Users/TomColdenhoff/AppData/Local/Temp/UnrealXGEWorkingDir/
[2018.06.02-18.44.11:299][645]LogModuleManager: Shutting down and abandoning module TargetPlatform (150)
[2018.06.02-18.44.11:299][645]LogModuleManager: Shutting down and abandoning module VulkanShaderFormat (149)
[2018.06.02-18.44.11:308][645]LogModuleManager: Shutting down and abandoning module ShaderFormatVectorVM (147)
[2018.06.02-18.44.11:313][645]LogModuleManager: Shutting down and abandoning module ShaderFormatOpenGL (145)
[2018.06.02-18.44.11:320][645]LogModuleManager: Shutting down and abandoning module ShaderFormatD3D (143)
[2018.06.02-18.44.11:321][645]LogModuleManager: Shutting down and abandoning module MetalShaderFormat (141)
[2018.06.02-18.44.11:329][645]LogModuleManager: Shutting down and abandoning module TextureFormatUncompressed (139)
[2018.06.02-18.44.11:329][645]LogModuleManager: Shutting down and abandoning module TextureFormatPVR (137)
[2018.06.02-18.44.11:329][645]LogModuleManager: Shutting down and abandoning module TextureFormatDXT (135)
[2018.06.02-18.44.11:340][645]LogModuleManager: Shutting down and abandoning module TextureFormatIntelISPCTexComp (133)
[2018.06.02-18.44.11:342][645]LogModuleManager: Shutting down and abandoning module TextureFormatASTC (131)
[2018.06.02-18.44.11:342][645]LogModuleManager: Shutting down and abandoning module ImageWrapper (130)
[2018.06.02-18.44.11:342][645]LogModuleManager: Shutting down and abandoning module TextureFormatAndroid (127)
[2018.06.02-18.44.11:342][645]LogModuleManager: Shutting down and abandoning module AudioFormatOpus (125)
[2018.06.02-18.44.11:342][645]LogModuleManager: Shutting down and abandoning module AudioFormatOgg (123)
[2018.06.02-18.44.11:342][645]LogModuleManager: Shutting down and abandoning module AudioFormatADPCM (121)
[2018.06.02-18.44.11:342][645]LogModuleManager: Shutting down and abandoning module LinuxTargetPlatform (119)
[2018.06.02-18.44.11:343][645]LogModuleManager: Shutting down and abandoning module LinuxServerTargetPlatform (117)
[2018.06.02-18.44.11:343][645]LogModuleManager: Shutting down and abandoning module LinuxNoEditorTargetPlatform (115)
[2018.06.02-18.44.11:343][645]LogModuleManager: Shutting down and abandoning module LinuxClientTargetPlatform (113)
[2018.06.02-18.44.11:343][645]LogModuleManager: Shutting down and abandoning module TVOSTargetPlatform (111)
[2018.06.02-18.44.11:343][645]LogModuleManager: Shutting down and abandoning module Messaging (109)
[2018.06.02-18.44.11:344][645]LogModuleManager: Shutting down and abandoning module IOSTargetPlatform (107)
[2018.06.02-18.44.11:344][645]LogModuleManager: Shutting down and abandoning module HTML5TargetPlatform (105)
[2018.06.02-18.44.11:344][645]LogModuleManager: Shutting down and abandoning module AndroidTargetPlatform (103)
[2018.06.02-18.44.11:344][645]LogModuleManager: Shutting down and abandoning module Android_PVRTCTargetPlatform (101)
[2018.06.02-18.44.11:344][645]LogModuleManager: Shutting down and abandoning module Android_MultiTargetPlatform (99)
[2018.06.02-18.44.11:344][645]LogModuleManager: Shutting down and abandoning module Android_ETC2TargetPlatform (97)
[2018.06.02-18.44.11:344][645]LogModuleManager: Shutting down and abandoning module Android_ETC1TargetPlatform (95)
[2018.06.02-18.44.11:344][645]LogModuleManager: Shutting down and abandoning module Android_ETC1aTargetPlatform (93)
[2018.06.02-18.44.11:344][645]LogModuleManager: Shutting down and abandoning module Android_DXTTargetPlatform (91)
[2018.06.02-18.44.11:344][645]LogModuleManager: Shutting down and abandoning module Android_ATCTargetPlatform (89)
[2018.06.02-18.44.11:344][645]LogModuleManager: Shutting down and abandoning module Android_ASTCTargetPlatform (87)
[2018.06.02-18.44.11:344][645]LogModuleManager: Shutting down and abandoning module WindowsTargetPlatform (85)
[2018.06.02-18.44.11:345][645]LogModuleManager: Shutting down and abandoning module WindowsServerTargetPlatform (83)
[2018.06.02-18.44.11:345][645]LogModuleManager: Shutting down and abandoning module WindowsNoEditorTargetPlatform (81)
[2018.06.02-18.44.11:345][645]LogModuleManager: Shutting down and abandoning module WindowsClientTargetPlatform (79)
[2018.06.02-18.44.11:345][645]LogModuleManager: Shutting down and abandoning module MacTargetPlatform (77)
[2018.06.02-18.44.11:345][645]LogModuleManager: Shutting down and abandoning module MacServerTargetPlatform (75)
[2018.06.02-18.44.11:346][645]LogModuleManager: Shutting down and abandoning module MacNoEditorTargetPlatform (73)
[2018.06.02-18.44.11:346][645]LogModuleManager: Shutting down and abandoning module MacClientTargetPlatform (71)
[2018.06.02-18.44.11:346][645]LogModuleManager: Shutting down and abandoning module AllDesktopTargetPlatform (69)
[2018.06.02-18.44.11:346][645]LogModuleManager: Shutting down and abandoning module InputCore (66)
[2018.06.02-18.44.11:346][645]LogModuleManager: Shutting down and abandoning module Settings (64)
[2018.06.02-18.44.11:346][645]LogModuleManager: Shutting down and abandoning module PhysXCooking (62)
[2018.06.02-18.44.11:346][645]LogModuleManager: Shutting down and abandoning module SteamVR (60)
[2018.06.02-18.44.11:346][645]LogModuleManager: Shutting down and abandoning module OculusHMD (58)
[2018.06.02-18.44.11:364][645]LogModuleManager: Shutting down and abandoning module ExampleDeviceProfileSelector (56)
[2018.06.02-18.44.11:364][645]LogModuleManager: Shutting down and abandoning module AppleARKit (54)
[2018.06.02-18.44.11:364][645]LogModuleManager: Shutting down and abandoning module AugmentedReality (51)
[2018.06.02-18.44.11:364][645]LogModuleManager: Shutting down and abandoning module OnlineBlueprintSupport (48)
[2018.06.02-18.44.11:364][645]LogModuleManager: Shutting down and abandoning module OnlineSubsystem (44)
[2018.06.02-18.44.11:387][645]LogModuleManager: Shutting down and abandoning module XMPP (43)
[2018.06.02-18.44.11:400][645]LogModuleManager: Shutting down and abandoning module HTTP (41)
[2018.06.02-18.44.11:414][645]LogHttp: Display: Http module shutting down, but needs to wait on 1 outstanding Http requests:
[2018.06.02-18.44.11:414][645]LogHttp: Display: 	verb=[POST] url=[https://datarouter.ol.epicgames.com/datarouter/api/v1/public/data?SessionID=%7B1A8B5929-400E-57C5-9FAF-419662171BAD%7D&AppID=UEEditor.Rocket.Release&AppVersion=4.19.2-4033788%2B%2B%2BUE4%2BRelease-4.19&UserID=531ab3bb46dc6d570e8919a9b159b127%7C5ab92ee991c446c5b0f18c9a8a0db87d%7C75b9ec88-24f5-49ea-b159-dfbc7c28fd38&AppEnvironment=datacollector-binary&UploadType=eteventstream] status=Processing
[2018.06.02-18.44.11:444][645]LogModuleManager: Shutting down and abandoning module SSL (40)
[2018.06.02-18.44.11:458][645]LogModuleManager: Shutting down and abandoning module AnimationModifiers (36)
[2018.06.02-18.44.11:459][645]LogModuleManager: Shutting down and abandoning module PropertyEditor (35)
[2018.06.02-18.44.11:459][645]LogModuleManager: Shutting down and abandoning module AudioEditor (32)
[2018.06.02-18.44.11:459][645]LogModuleManager: Shutting down and abandoning module TextureCompressor (30)
[2018.06.02-18.44.11:460][645]LogModuleManager: Shutting down and abandoning module ShaderCore (28)
[2018.06.02-18.44.11:460][645]LogModuleManager: Shutting down and abandoning module Landscape (26)
[2018.06.02-18.44.11:460][645]LogModuleManager: Shutting down and abandoning module SlateRHIRenderer (24)
[2018.06.02-18.44.11:479][645]LogModuleManager: Shutting down and abandoning module OpenGLDrv (22)
[2018.06.02-18.44.11:479][645]LogModuleManager: Shutting down and abandoning module D3D11RHI (20)
[2018.06.02-18.44.11:479][645]LogModuleManager: Shutting down and abandoning module AnimGraphRuntime (18)
[2018.06.02-18.44.11:480][645]LogModuleManager: Shutting down and abandoning module Renderer (16)
[2018.06.02-18.44.11:480][645]LogModuleManager: Shutting down and abandoning module Engine (14)
[2018.06.02-18.44.11:480][645]LogModuleManager: Shutting down and abandoning module CoreUObject (12)
[2018.06.02-18.44.11:480][645]LogModuleManager: Shutting down and abandoning module NetworkFile (10)
[2018.06.02-18.44.11:480][645]LogModuleManager: Shutting down and abandoning module CookedIterativeFile (8)
[2018.06.02-18.44.11:480][645]LogModuleManager: Shutting down and abandoning module StreamingFile (6)
[2018.06.02-18.44.11:480][645]LogModuleManager: Shutting down and abandoning module SandboxFile (4)
[2018.06.02-18.44.11:480][645]LogModuleManager: Shutting down and abandoning module PakFile (2)
[2018.06.02-18.44.11:501][645]LogExit: Exiting.
[2018.06.02-18.44.11:577][645]Log file closed, 06/02/18 20:44:11
