Log file open, 05/13/18 20:15:37
LogWindows: Failed to load 'aqProf.dll' (GetLastError=126)
LogWindows: File 'aqProf.dll' does not exist
LogWindows: Failed to load 'VtuneApi.dll' (GetLastError=126)
LogWindows: File 'VtuneApi.dll' does not exist
LogWindows: Failed to load 'VtuneApi32e.dll' (GetLastError=126)
LogWindows: File 'VtuneApi32e.dll' does not exist
LogInit: Display: Running engine for game: FPS
LogPlatformFile: Not using cached read wrapper
LogInit: Display: RandInit(-901566593) SRandInit(-901566593).
LogInit: Read version file with build ID '3944462'
LogInit: Overriding engine version to CL 4033788, compatible CL 3944462
LogInit: Registered custom module enumerator with build ID '3944462'
LogTaskGraph: Started task graph with 5 named threads and 23 total threads with 3 sets of task threads.
LogStats: Stats thread started at 0.392701
LogD3D11RHI: Aftermath initialized
LogICUInternationalization: Display: ICU TimeZone Detection - Raw Offset: +1:00, Platform Override: ''
LogPluginManager: Mounting plugin Paper2D
LogPluginManager: Mounting plugin LiveLink
LogPluginManager: Mounting plugin LightPropagationVolume
LogPluginManager: Mounting plugin CLionSourceCodeAccess
LogPluginManager: Mounting plugin CodeLiteSourceCodeAccess
LogPluginManager: Mounting plugin GitSourceControl
LogPluginManager: Mounting plugin KDevelopSourceCodeAccess
LogPluginManager: Mounting plugin NullSourceCodeAccess
LogPluginManager: Mounting plugin PerforceSourceControl
LogPluginManager: Mounting plugin SubversionSourceControl
LogPluginManager: Mounting plugin UObjectPlugin
LogPluginManager: Mounting plugin VisualStudioCodeSourceCodeAccess
LogPluginManager: Mounting plugin VisualStudioSourceCodeAccess
LogPluginManager: Mounting plugin XCodeSourceCodeAccess
LogPluginManager: Mounting plugin AssetManagerEditor
LogPluginManager: Mounting plugin CryptoKeys
LogPluginManager: Mounting plugin DataValidation
LogPluginManager: Mounting plugin FacialAnimation
LogPluginManager: Mounting plugin GameplayTagsEditor
LogPluginManager: Mounting plugin MobileLauncherProfileWizard
LogPluginManager: Mounting plugin PluginBrowser
LogPluginManager: Mounting plugin SpeedTreeImporter
LogPluginManager: Mounting plugin DatasmithContent
LogPluginManager: Mounting plugin AlembicImporter
LogPluginManager: Mounting plugin CharacterAI
LogPluginManager: Mounting plugin HTML5Networking
LogPluginManager: Mounting plugin AndroidMedia
LogPluginManager: Mounting plugin AvfMedia
LogPluginManager: Mounting plugin ImgMedia
LogPluginManager: Mounting plugin LinearTimecode
LogPluginManager: Mounting plugin MediaCompositing
LogPluginManager: Mounting plugin MediaPlayerEditor
LogPluginManager: Mounting plugin WmfMedia
LogPluginManager: Mounting plugin TcpMessaging
LogPluginManager: Mounting plugin UdpMessaging
LogPluginManager: Mounting plugin ActorSequence
LogPluginManager: Mounting plugin LevelSequenceEditor
LogPluginManager: Mounting plugin MatineeToLevelSequence
LogPluginManager: Mounting plugin NetcodeUnitTest
LogPluginManager: Mounting plugin NUTUnrealEngine4
LogPluginManager: Mounting plugin OnlineSubsystemGooglePlay
LogPluginManager: Mounting plugin OnlineSubsystemIOS
LogPluginManager: Mounting plugin OnlineSubsystem
LogPluginManager: Mounting plugin OnlineSubsystemNull
LogPluginManager: Mounting plugin OnlineSubsystemUtils
LogPluginManager: Mounting plugin AndroidDeviceProfileSelector
LogPluginManager: Mounting plugin AndroidMoviePlayer
LogPluginManager: Mounting plugin AndroidPermission
LogPluginManager: Mounting plugin AppleARKit
LogPluginManager: Mounting plugin AppleMoviePlayer
LogPluginManager: Mounting plugin ArchVisCharacter
LogPluginManager: Mounting plugin AudioCapture
LogPluginManager: Mounting plugin CableComponent
LogPluginManager: Mounting plugin CustomMeshComponent
LogPluginManager: Mounting plugin ExampleDeviceProfileSelector
LogPluginManager: Mounting plugin GoogleCloudMessaging
LogPluginManager: Mounting plugin ImmediatePhysics
LogPluginManager: Mounting plugin IOSDeviceProfileSelector
LogPluginManager: Mounting plugin LinuxDeviceProfileSelector
LogPluginManager: Mounting plugin LocationServicesBPLibrary
LogPluginManager: Mounting plugin MobilePatchingUtils
LogPluginManager: Mounting plugin OculusVR
LogPluginManager: Plugin shader directory ../../../Engine/Plugins/Runtime/Oculus/OculusVR/Shaders found
LogPluginManager: Mapping shader source directory ../../../Engine/Plugins/Runtime/Oculus/OculusVR/Shaders to virtual directory /Plugin/OculusVR
LogPluginManager: Mounting plugin PhysXVehicles
LogPluginManager: Mounting plugin ProceduralMeshComponent
LogPluginManager: Mounting plugin RuntimePhysXCooking
LogPluginManager: Mounting plugin SteamVR
LogPluginManager: Mounting plugin WindowsMoviePlayer
LogStreaming: Display: Took  0.072s to configure plugins.
LogModuleManager: Display: Found up-to-date module file ../../../../../../../Projects/FPS/FPS/Binaries/Win64/UE4Editor-FPS.dll (API version 3944462).
LogModuleManager: Display: Found up-to-date module file ../../../Engine/Plugins/2D/Paper2D/Binaries/Win64/UE4Editor-Paper2D.dll (API version 3944462).
LogModuleManager: Display: Found up-to-date module file ../../../Engine/Plugins/2D/Paper2D/Binaries/Win64/UE4Editor-Paper2DEditor.dll (API version 3944462).
LogModuleManager: Display: Found up-to-date module file ../../../Engine/Plugins/2D/Paper2D/Binaries/Win64/UE4Editor-PaperSpriteSheetImporter.dll (API version 3944462).
LogModuleManager: Display: Found up-to-date module file ../../../Engine/Plugins/2D/Paper2D/Binaries/Win64/UE4Editor-PaperTiledImporter.dll (API version 3944462).
LogModuleManager: Display: Found up-to-date module file ../../../Engine/Plugins/2D/Paper2D/Binaries/Win64/UE4Editor-SmartSnapping.dll (API version 3944462).
LogModuleManager: Display: Found up-to-date module file ../../../Engine/Plugins/Animation/LiveLink/Binaries/Win64/UE4Editor-LiveLink.dll (API version 3944462).
LogModuleManager: Display: Found up-to-date module file ../../../Engine/Plugins/Animation/LiveLink/Binaries/Win64/UE4Editor-LiveLinkEditor.dll (API version 3944462).
LogModuleManager: Display: Found up-to-date module file ../../../Engine/Plugins/Blendables/LightPropagationVolume/Binaries/Win64/UE4Editor-LightPropagationVolumeRuntime.dll (API version 3944462).
LogModuleManager: Display: Found up-to-date module file ../../../Engine/Plugins/Blendables/LightPropagationVolume/Binaries/Win64/UE4Editor-LightPropagationVolumeEditor.dll (API version 3944462).
LogModuleManager: Display: Found up-to-date module file ../../../Engine/Plugins/Developer/CLionSourceCodeAccess/Binaries/Win64/UE4Editor-CLionSourceCodeAccess.dll (API version 3944462).
LogModuleManager: Display: Found up-to-date module file ../../../Engine/Plugins/Developer/GitSourceControl/Binaries/Win64/UE4Editor-GitSourceControl.dll (API version 3944462).
LogModuleManager: Display: Found up-to-date module file ../../../Engine/Plugins/Developer/PerforceSourceControl/Binaries/Win64/UE4Editor-PerforceSourceControl.dll (API version 3944462).
LogModuleManager: Display: Found up-to-date module file ../../../Engine/Plugins/Developer/SubversionSourceControl/Binaries/Win64/UE4Editor-SubversionSourceControl.dll (API version 3944462).
LogModuleManager: Display: Found up-to-date module file ../../../Engine/Plugins/Developer/UObjectPlugin/Binaries/Win64/UE4Editor-UObjectPlugin.dll (API version 3944462).
LogModuleManager: Display: Found up-to-date module file ../../../Engine/Plugins/Developer/VisualStudioCodeSourceCodeAccess/Binaries/Win64/UE4Editor-VisualStudioCodeSourceCodeAccess.dll (API version 3944462).
LogModuleManager: Display: Found up-to-date module file ../../../Engine/Plugins/Developer/VisualStudioSourceCodeAccess/Binaries/Win64/UE4Editor-VisualStudioSourceCodeAccess.dll (API version 3944462).
LogModuleManager: Display: Found up-to-date module file ../../../Engine/Plugins/Editor/AssetManagerEditor/Binaries/Win64/UE4Editor-AssetManagerEditor.dll (API version 3944462).
LogModuleManager: Display: Found up-to-date module file ../../../Engine/Plugins/Editor/CryptoKeys/Binaries/Win64/UE4Editor-CryptoKeys.dll (API version 3944462).
LogModuleManager: Display: Found up-to-date module file ../../../Engine/Plugins/Editor/CryptoKeys/Binaries/Win64/UE4Editor-CryptoKeysOpenSSL.dll (API version 3944462).
LogModuleManager: Display: Found up-to-date module file ../../../Engine/Plugins/Editor/DataValidation/Binaries/Win64/UE4Editor-DataValidation.dll (API version 3944462).
LogModuleManager: Display: Found up-to-date module file ../../../Engine/Plugins/Editor/FacialAnimation/Binaries/Win64/UE4Editor-FacialAnimation.dll (API version 3944462).
LogModuleManager: Display: Found up-to-date module file ../../../Engine/Plugins/Editor/FacialAnimation/Binaries/Win64/UE4Editor-FacialAnimationEditor.dll (API version 3944462).
LogModuleManager: Display: Found up-to-date module file ../../../Engine/Plugins/Editor/GameplayTagsEditor/Binaries/Win64/UE4Editor-GameplayTagsEditor.dll (API version 3944462).
LogModuleManager: Display: Found up-to-date module file ../../../Engine/Plugins/Editor/MobileLauncherProfileWizard/Binaries/Win64/UE4Editor-MobileLauncherProfileWizard.dll (API version 3944462).
LogModuleManager: Display: Found up-to-date module file ../../../Engine/Plugins/Editor/PluginBrowser/Binaries/Win64/UE4Editor-PluginBrowser.dll (API version 3944462).
LogModuleManager: Display: Found up-to-date module file ../../../Engine/Plugins/Editor/SpeedTreeImporter/Binaries/Win64/UE4Editor-SpeedTreeImporter.dll (API version 3944462).
LogModuleManager: Display: Found up-to-date module file ../../../Engine/Plugins/Enterprise/DatasmithContent/Binaries/Win64/UE4Editor-DatasmithContent.dll (API version 3944462).
LogModuleManager: Display: Found up-to-date module file ../../../Engine/Plugins/Experimental/AlembicImporter/Binaries/Win64/UE4Editor-AlembicImporter.dll (API version 3944462).
LogModuleManager: Display: Found up-to-date module file ../../../Engine/Plugins/Experimental/AlembicImporter/Binaries/Win64/UE4Editor-AlembicLibrary.dll (API version 3944462).
LogModuleManager: Display: Found up-to-date module file ../../../Engine/Plugins/Experimental/CharacterAI/Binaries/Win64/UE4Editor-CharacterAI.dll (API version 3944462).
LogModuleManager: Display: Found up-to-date module file ../../../Engine/Plugins/Experimental/HTML5Networking/Binaries/Win64/UE4Editor-HTML5Networking.dll (API version 3944462).
LogModuleManager: Display: Found up-to-date module file ../../../Engine/Plugins/Media/AndroidMedia/Binaries/Win64/UE4Editor-AndroidMediaEditor.dll (API version 3944462).
LogModuleManager: Display: Found up-to-date module file ../../../Engine/Plugins/Media/AndroidMedia/Binaries/Win64/UE4Editor-AndroidMediaFactory.dll (API version 3944462).
LogModuleManager: Display: Found up-to-date module file ../../../Engine/Plugins/Media/AvfMedia/Binaries/Win64/UE4Editor-AvfMediaEditor.dll (API version 3944462).
LogModuleManager: Display: Found up-to-date module file ../../../Engine/Plugins/Media/AvfMedia/Binaries/Win64/UE4Editor-AvfMediaFactory.dll (API version 3944462).
LogModuleManager: Display: Found up-to-date module file ../../../Engine/Plugins/Media/AvfMedia/Binaries/Win64/UE4Editor-AvfMediaFactory.dll (API version 3944462).
LogModuleManager: Display: Found up-to-date module file ../../../Engine/Plugins/Media/ImgMedia/Binaries/Win64/UE4Editor-ImgMedia.dll (API version 3944462).
LogModuleManager: Display: Found up-to-date module file ../../../Engine/Plugins/Media/ImgMedia/Binaries/Win64/UE4Editor-ImgMediaEditor.dll (API version 3944462).
LogModuleManager: Display: Found up-to-date module file ../../../Engine/Plugins/Media/ImgMedia/Binaries/Win64/UE4Editor-ImgMediaFactory.dll (API version 3944462).
LogModuleManager: Display: Found up-to-date module file ../../../Engine/Plugins/Media/ImgMedia/Binaries/Win64/UE4Editor-ImgMediaFactory.dll (API version 3944462).
LogModuleManager: Display: Found up-to-date module file ../../../Engine/Plugins/Media/ImgMedia/Binaries/Win64/UE4Editor-OpenExrWrapper.dll (API version 3944462).
LogModuleManager: Display: Found up-to-date module file ../../../Engine/Plugins/Media/LinearTimecode/Binaries/Win64/UE4Editor-LinearTimecode.dll (API version 3944462).
LogModuleManager: Display: Found up-to-date module file ../../../Engine/Plugins/Media/MediaCompositing/Binaries/Win64/UE4Editor-MediaCompositing.dll (API version 3944462).
LogModuleManager: Display: Found up-to-date module file ../../../Engine/Plugins/Media/MediaCompositing/Binaries/Win64/UE4Editor-MediaCompositingEditor.dll (API version 3944462).
LogModuleManager: Display: Found up-to-date module file ../../../Engine/Plugins/Media/MediaPlayerEditor/Binaries/Win64/UE4Editor-MediaPlayerEditor.dll (API version 3944462).
LogModuleManager: Display: Found up-to-date module file ../../../Engine/Plugins/Media/WmfMedia/Binaries/Win64/UE4Editor-WmfMedia.dll (API version 3944462).
LogModuleManager: Display: Found up-to-date module file ../../../Engine/Plugins/Media/WmfMedia/Binaries/Win64/UE4Editor-WmfMediaEditor.dll (API version 3944462).
LogModuleManager: Display: Found up-to-date module file ../../../Engine/Plugins/Media/WmfMedia/Binaries/Win64/UE4Editor-WmfMediaFactory.dll (API version 3944462).
LogModuleManager: Display: Found up-to-date module file ../../../Engine/Plugins/Media/WmfMedia/Binaries/Win64/UE4Editor-WmfMediaFactory.dll (API version 3944462).
LogModuleManager: Display: Found up-to-date module file ../../../Engine/Plugins/Messaging/TcpMessaging/Binaries/Win64/UE4Editor-TcpMessaging.dll (API version 3944462).
LogModuleManager: Display: Found up-to-date module file ../../../Engine/Plugins/Messaging/UdpMessaging/Binaries/Win64/UE4Editor-UdpMessaging.dll (API version 3944462).
LogModuleManager: Display: Found up-to-date module file ../../../Engine/Plugins/MovieScene/ActorSequence/Binaries/Win64/UE4Editor-ActorSequence.dll (API version 3944462).
LogModuleManager: Display: Found up-to-date module file ../../../Engine/Plugins/MovieScene/LevelSequenceEditor/Binaries/Win64/UE4Editor-LevelSequenceEditor.dll (API version 3944462).
LogModuleManager: Display: Found up-to-date module file ../../../Engine/Plugins/MovieScene/MatineeToLevelSequence/Binaries/Win64/UE4Editor-MatineeToLevelSequence.dll (API version 3944462).
LogModuleManager: Display: Found up-to-date module file ../../../Engine/Plugins/NetcodeUnitTest/NetcodeUnitTest/Binaries/Win64/UE4Editor-NetcodeUnitTest.dll (API version 3944462).
LogModuleManager: Display: Found up-to-date module file ../../../Engine/Plugins/NetcodeUnitTest/NUTUnrealEngine4/Binaries/Win64/UE4Editor-NUTUnrealEngine4.dll (API version 3944462).
LogModuleManager: Display: Found up-to-date module file ../../../Engine/Plugins/Online/OnlineSubsystem/Binaries/Win64/UE4Editor-OnlineSubsystem.dll (API version 3944462).
LogModuleManager: Display: Found up-to-date module file ../../../Engine/Plugins/Online/OnlineSubsystemNull/Binaries/Win64/UE4Editor-OnlineSubsystemNull.dll (API version 3944462).
LogModuleManager: Display: Found up-to-date module file ../../../Engine/Plugins/Online/OnlineSubsystemUtils/Binaries/Win64/UE4Editor-OnlineSubsystemUtils.dll (API version 3944462).
LogModuleManager: Display: Found up-to-date module file ../../../Engine/Plugins/Online/OnlineSubsystemUtils/Binaries/Win64/UE4Editor-OnlineBlueprintSupport.dll (API version 3944462).
LogModuleManager: Display: Found up-to-date module file ../../../Engine/Plugins/Runtime/AndroidDeviceProfileSelector/Binaries/Win64/UE4Editor-AndroidDeviceProfileSelector.dll (API version 3944462).
LogModuleManager: Display: Found up-to-date module file ../../../Engine/Plugins/Runtime/AndroidPermission/Binaries/Win64/UE4Editor-AndroidPermission.dll (API version 3944462).
LogModuleManager: Display: Found up-to-date module file ../../../Engine/Plugins/Runtime/AppleARKit/Binaries/Win64/UE4Editor-AppleARKit.dll (API version 3944462).
LogModuleManager: Display: Found up-to-date module file ../../../Engine/Plugins/Runtime/ArchVisCharacter/Binaries/Win64/UE4Editor-ArchVisCharacter.dll (API version 3944462).
LogModuleManager: Display: Found up-to-date module file ../../../Engine/Plugins/Runtime/AudioCapture/Binaries/Win64/UE4Editor-AudioCapture.dll (API version 3944462).
LogModuleManager: Display: Found up-to-date module file ../../../Engine/Plugins/Runtime/AudioCapture/Binaries/Win64/UE4Editor-AudioCaptureEditor.dll (API version 3944462).
LogModuleManager: Display: Found up-to-date module file ../../../Engine/Plugins/Runtime/CableComponent/Binaries/Win64/UE4Editor-CableComponent.dll (API version 3944462).
LogModuleManager: Display: Found up-to-date module file ../../../Engine/Plugins/Runtime/CustomMeshComponent/Binaries/Win64/UE4Editor-CustomMeshComponent.dll (API version 3944462).
LogModuleManager: Display: Found up-to-date module file ../../../Engine/Plugins/Runtime/ExampleDeviceProfileSelector/Binaries/Win64/UE4Editor-ExampleDeviceProfileSelector.dll (API version 3944462).
LogModuleManager: Display: Found up-to-date module file ../../../Engine/Plugins/Runtime/ImmediatePhysics/Binaries/Win64/UE4Editor-ImmediatePhysics.dll (API version 3944462).
LogModuleManager: Display: Found up-to-date module file ../../../Engine/Plugins/Runtime/ImmediatePhysics/Binaries/Win64/UE4Editor-ImmediatePhysicsEditor.dll (API version 3944462).
LogModuleManager: Display: Found up-to-date module file ../../../Engine/Plugins/Runtime/LocationServicesBPLibrary/Binaries/Win64/UE4Editor-LocationServicesBPLibrary.dll (API version 3944462).
LogModuleManager: Display: Found up-to-date module file ../../../Engine/Plugins/Runtime/MobilePatchingUtils/Binaries/Win64/UE4Editor-MobilePatchingUtils.dll (API version 3944462).
LogModuleManager: Display: Found up-to-date module file ../../../Engine/Plugins/Runtime/Oculus/OculusVR/Binaries/Win64/UE4Editor-OculusHMD.dll (API version 3944462).
LogModuleManager: Display: Found up-to-date module file ../../../Engine/Plugins/Runtime/Oculus/OculusVR/Binaries/Win64/UE4Editor-OculusInput.dll (API version 3944462).
LogModuleManager: Display: Found up-to-date module file ../../../Engine/Plugins/Runtime/Oculus/OculusVR/Binaries/Win64/UE4Editor-OculusEditor.dll (API version 3944462).
LogModuleManager: Display: Found up-to-date module file ../../../Engine/Plugins/Runtime/PhysXVehicles/Binaries/Win64/UE4Editor-PhysXVehicles.dll (API version 3944462).
LogModuleManager: Display: Found up-to-date module file ../../../Engine/Plugins/Runtime/PhysXVehicles/Binaries/Win64/UE4Editor-PhysXVehiclesEditor.dll (API version 3944462).
LogModuleManager: Display: Found up-to-date module file ../../../Engine/Plugins/Runtime/ProceduralMeshComponent/Binaries/Win64/UE4Editor-ProceduralMeshComponent.dll (API version 3944462).
LogModuleManager: Display: Found up-to-date module file ../../../Engine/Plugins/Runtime/ProceduralMeshComponent/Binaries/Win64/UE4Editor-ProceduralMeshComponentEditor.dll (API version 3944462).
LogModuleManager: Display: Found up-to-date module file ../../../Engine/Plugins/Runtime/RuntimePhysXCooking/Binaries/Win64/UE4Editor-RuntimePhysXCooking.dll (API version 3944462).
LogModuleManager: Display: Found up-to-date module file ../../../Engine/Plugins/Runtime/Steam/SteamVR/Binaries/Win64/UE4Editor-SteamVR.dll (API version 3944462).
LogModuleManager: Display: Found up-to-date module file ../../../Engine/Plugins/Runtime/Steam/SteamVR/Binaries/Win64/UE4Editor-SteamVRController.dll (API version 3944462).
LogModuleManager: Display: Found up-to-date module file ../../../Engine/Plugins/Runtime/WindowsMoviePlayer/Binaries/Win64/UE4Editor-WindowsMoviePlayer.dll (API version 3944462).
LogInit: Using libcurl 7.47.1
LogInit:  - built for x86_64-pc-win32
LogInit:  - supports SSL with OpenSSL/1.0.2g
LogInit:  - supports HTTP deflate (compression) using libz 1.2.8
LogInit:  - other features:
LogInit:      CURL_VERSION_SSL
LogInit:      CURL_VERSION_LIBZ
LogInit:      CURL_VERSION_IPV6
LogInit:      CURL_VERSION_ASYNCHDNS
LogInit:      CURL_VERSION_LARGEFILE
LogInit:      CURL_VERSION_IDN
LogInit:  CurlRequestOptions (configurable via config and command line):
LogInit:  - bVerifyPeer = false  - Libcurl will NOT verify peer certificate
LogInit:  - bUseHttpProxy = false  - Libcurl will NOT use HTTP proxy
LogInit:  - bDontReuseConnections = false  - Libcurl will reuse connections
LogInit:  - CertBundlePath = nullptr  - Libcurl will use whatever was configured at build time.
LogInit:  - MaxHostConnections = 16  - Libcurl will limit the number of connections to a host
LogInit:  - LocalHostAddr = Default
LogInit: WinSock: version 1.1 (2.2), MaxSocks=32767, MaxUdp=65467
LogInit: WinSock: I am DESKTOP-27ERO04 (192.168.178.101:0)
LogInit: Build: ++UE4+Release-4.19-CL-4033788
LogInit: Engine Version: 4.19.2-4033788+++UE4+Release-4.19
LogInit: Compatible Engine Version: 4.19.0-3944462+++UE4+Release-4.19
LogInit: Net CL: 3944462
LogDevObjectVersion: Number of dev versions registered: 18
LogDevObjectVersion:   Dev-Blueprints (B0D832E4-1F89-4F0D-ACCF-7EB736FD4AA2): 10
LogDevObjectVersion:   Dev-Build (E1C64328-A22C-4D53-A36C-8E866417BD8C): 0
LogDevObjectVersion:   Dev-Core (375EC13C-06E4-48FB-B500-84F0262A717E): 2
LogDevObjectVersion:   Dev-Editor (E4B068ED-F494-42E9-A231-DA0B2E46BB41): 23
LogDevObjectVersion:   Dev-Framework (CFFC743F-43B0-4480-9391-14DF171D2073): 33
LogDevObjectVersion:   Dev-Mobile (B02B49B5-BB20-44E9-A304-32B752E40360): 2
LogDevObjectVersion:   Dev-Networking (A4E4105C-59A1-49B5-A7C5-40C4547EDFEE): 0
LogDevObjectVersion:   Dev-Online (39C831C9-5AE6-47DC-9A44-9C173E1C8E7C): 0
LogDevObjectVersion:   Dev-Physics (78F01B33-EBEA-4F98-B9B4-84EACCB95AA2): 0
LogDevObjectVersion:   Dev-Platform (6631380F-2D4D-43E0-8009-CF276956A95A): 0
LogDevObjectVersion:   Dev-Rendering (12F88B9F-8875-4AFC-A67C-D90C383ABD29): 25
LogDevObjectVersion:   Dev-Sequencer (7B5AE74C-D270-4C10-A958-57980B212A5A): 6
LogDevObjectVersion:   Dev-VR (D7296918-1DD6-4BDD-9DE2-64A83CC13884): 1
LogDevObjectVersion:   Dev-LoadTimes (C2A15278-BFE7-4AFE-6C17-90FF531DF755): 1
LogDevObjectVersion:   Private-Geometry (6EACA3D4-40EC-4CC1-B786-8BED09428FC5): 2
LogDevObjectVersion:   Dev-AnimPhys (29E575DD-E0A3-4627-9D10-D276232CDCEA): 16
LogDevObjectVersion:   Dev-ReflectionCapture (6B266CEC-1EC7-4B8F-A30B-E4D90942FC07): 1
LogDevObjectVersion:   Dev-Automation (0DF73D61-A23F-47EA-B727-89E90C41499A): 1
LogInit: Compiled (64-bit): Apr 27 2018 02:06:57
LogInit: Compiled with Visual C++: 19.00.24215.01
LogInit: Build Configuration: Development
LogInit: Branch Name: ++UE4+Release-4.19
LogInit: Command Line:  -skipcompile
LogInit: Base Directory: E:/Game Engines/Epic Games/4.19/UE_4.19/Engine/Binaries/Win64/
LogInit: Installed Engine Build: 1
LogStreaming: Display: Took  0.001s to delete old logs.
LogInit: Presizing for max 8388607 objects, including 0 objects not considered by GC, pre-allocating 0 bytes for permanent pool.
LogInit: Object subsystem initialized
[2018.05.13-18.15.38:959][  0]LogInit: Selected Device Profile: [Windows]
[2018.05.13-18.15.38:959][  0]LogInit: Applying CVar settings loaded from the selected device profile: [Windows]
[2018.05.13-18.15.38:971][  0]LogInit: Computer: DESKTOP-27ERO04
[2018.05.13-18.15.38:972][  0]LogInit: User: TomColdenhoff
[2018.05.13-18.15.38:972][  0]LogInit: CPU Page size=4096, Cores=4
[2018.05.13-18.15.38:972][  0]LogInit: High frequency timer resolution =3.319350 MHz
[2018.05.13-18.15.38:972][  0]LogMemory: Memory total: Physical=11.9GB (12GB approx)
[2018.05.13-18.15.38:972][  0]LogMemory: Platform Memory Stats for Windows
[2018.05.13-18.15.38:972][  0]LogMemory: Process Physical Memory: 275.08 MB used, 275.08 MB peak
[2018.05.13-18.15.38:972][  0]LogMemory: Process Virtual Memory: 264.50 MB used, 264.50 MB peak
[2018.05.13-18.15.38:972][  0]LogMemory: Physical Memory: 4925.16 MB used,  7282.29 MB free, 12207.44 MB total
[2018.05.13-18.15.38:972][  0]LogMemory: Virtual Memory: 659.34 MB used,  7282.29 MB free, 134217728.00 MB total
[2018.05.13-18.15.39:011][  0]LogInit: Using OS detected language (en-US).
[2018.05.13-18.15.39:011][  0]LogInit: Using OS detected locale (en-US).
[2018.05.13-18.15.39:013][  0]LogTextLocalizationManager: No specific localization for 'en-US' exists, so the 'en' localization will be used.
[2018.05.13-18.15.39:421][  0]LogStreaming: Display: Took  0.411s to EndInitTextLocalization.
[2018.05.13-18.15.39:421][  0]LogInit: Setting process to per monitor DPI aware
[2018.05.13-18.15.39:458][  0]LogSlate: New Slate User Created.  User Index 0, Is Virtual User: 0
[2018.05.13-18.15.39:458][  0]LogSlate: Slate User Registered.  User Index 0, Is Virtual User: 0
[2018.05.13-18.15.39:629][  0]LogD3D11RHI: D3D11 adapters:
[2018.05.13-18.15.39:705][  0]LogD3D11RHI:    0. 'NVIDIA GeForce GTX 970' (Feature Level 11_0)
[2018.05.13-18.15.39:705][  0]LogD3D11RHI:       4043/0/6103 MB DedicatedVideo/DedicatedSystem/SharedSystem, Outputs:2, VendorId:0x10de
[2018.05.13-18.15.39:708][  0]LogD3D11RHI:    1. 'Microsoft Basic Render Driver' (Feature Level 11_0)
[2018.05.13-18.15.39:708][  0]LogD3D11RHI:       0/0/6103 MB DedicatedVideo/DedicatedSystem/SharedSystem, Outputs:0, VendorId:0x1414
[2018.05.13-18.15.39:708][  0]LogD3D11RHI: Chosen D3D11 Adapter: 0
[2018.05.13-18.15.39:716][  0]LogD3D11RHI: Creating new Direct3DDevice
[2018.05.13-18.15.39:716][  0]LogD3D11RHI:     GPU DeviceId: 0x13c2 (for the marketing name, search the web for "GPU Device Id")
[2018.05.13-18.15.39:716][  0]LogWindows: EnumDisplayDevices:
[2018.05.13-18.15.39:716][  0]LogWindows:    0. 'NVIDIA GeForce GTX 970' (P:0 D:1)
[2018.05.13-18.15.39:716][  0]LogWindows:    1. 'NVIDIA GeForce GTX 970' (P:1 D:1)
[2018.05.13-18.15.39:716][  0]LogWindows:    2. 'NVIDIA GeForce GTX 970' (P:0 D:0)
[2018.05.13-18.15.39:717][  0]LogWindows:    3. 'NVIDIA GeForce GTX 970' (P:0 D:0)
[2018.05.13-18.15.39:717][  0]LogWindows: DebugString: FoundDriverCount:4 
[2018.05.13-18.15.39:717][  0]LogD3D11RHI:     Adapter Name: NVIDIA GeForce GTX 970
[2018.05.13-18.15.39:717][  0]LogD3D11RHI:   Driver Version: 397.31 (internal:24.21.13.9731, unified:397.31)
[2018.05.13-18.15.39:717][  0]LogD3D11RHI:      Driver Date: 4-22-2018
[2018.05.13-18.15.39:717][  0]LogRHI: Texture pool is 2830 MB (70% of 4043 MB)
[2018.05.13-18.15.39:764][  0]LogD3D11RHI: [Aftermath] Aftermath enabled and primed
[2018.05.13-18.15.39:764][  0]LogD3D11RHI: [Aftermath] Aftermath enabled and primed
[2018.05.13-18.15.39:764][  0]LogD3D11RHI: Async texture creation enabled
[2018.05.13-18.15.39:831][  0]LogD3D11RHI: GPU Timing Frequency: 1000.000000 (Debug: 2 2)
[2018.05.13-18.15.39:878][  0]LogShaderCompilers: Guid format shader working directory is 18 characters bigger than the processId version (../../../../../../../Projects/FPS/FPS/Intermediate/Shaders/WorkingDirectory/336/).
[2018.05.13-18.15.39:878][  0]LogShaderCompilers: Cleaned the shader compiler working directory 'C:/Users/TomColdenhoff/AppData/Local/Temp/UnrealShaderWorkingDir/9434444A459E36E6547019A2FE59B67C/'.
[2018.05.13-18.15.40:079][  0]LogTemp: Display: Loaded TP AllDesktopTargetPlatform
[2018.05.13-18.15.40:091][  0]LogTemp: Display: Loaded TP MacClientTargetPlatform
[2018.05.13-18.15.40:104][  0]LogTemp: Display: Loaded TP MacNoEditorTargetPlatform
[2018.05.13-18.15.40:117][  0]LogTemp: Display: Loaded TP MacServerTargetPlatform
[2018.05.13-18.15.40:132][  0]LogTemp: Display: Loaded TP MacTargetPlatform
[2018.05.13-18.15.40:145][  0]LogTemp: Display: Loaded TP WindowsClientTargetPlatform
[2018.05.13-18.15.40:162][  0]LogTemp: Display: Loaded TP WindowsNoEditorTargetPlatform
[2018.05.13-18.15.40:178][  0]LogTemp: Display: Loaded TP WindowsServerTargetPlatform
[2018.05.13-18.15.40:185][  0]LogTemp: Display: Loaded TP WindowsTargetPlatform
[2018.05.13-18.15.40:198][  0]LogTemp: Display: Loaded TP Android_ASTCTargetPlatform
[2018.05.13-18.15.40:209][  0]LogTemp: Display: Loaded TP Android_ATCTargetPlatform
[2018.05.13-18.15.40:224][  0]LogTemp: Display: Loaded TP Android_DXTTargetPlatform
[2018.05.13-18.15.40:240][  0]LogTemp: Display: Loaded TP Android_ETC1aTargetPlatform
[2018.05.13-18.15.40:253][  0]LogTemp: Display: Loaded TP Android_ETC1TargetPlatform
[2018.05.13-18.15.40:265][  0]LogTemp: Display: Loaded TP Android_ETC2TargetPlatform
[2018.05.13-18.15.40:296][  0]LogTemp: Display: Loaded TP Android_MultiTargetPlatform
[2018.05.13-18.15.40:296][  0]LogTemp: Display: Loaded TP Android_PVRTCTargetPlatform
[2018.05.13-18.15.40:309][  0]LogTemp: Display: Loaded TP AndroidTargetPlatform
[2018.05.13-18.15.40:312][  0]LogTemp: Display: Loaded TP HTML5TargetPlatform
[2018.05.13-18.15.40:353][  0]LogTemp: Display: Loaded TP IOSTargetPlatform
[2018.05.13-18.15.40:367][  0]LogTemp: Display: Loaded TP TVOSTargetPlatform
[2018.05.13-18.15.40:381][  0]LogTemp: Display: Loaded TP LinuxClientTargetPlatform
[2018.05.13-18.15.40:393][  0]LogTemp: Display: Loaded TP LinuxNoEditorTargetPlatform
[2018.05.13-18.15.40:406][  0]LogTemp: Display: Loaded TP LinuxServerTargetPlatform
[2018.05.13-18.15.40:419][  0]LogTemp: Display: Loaded TP LinuxTargetPlatform
[2018.05.13-18.15.40:419][  0]LogTargetPlatformManager: Display: Building Assets For Windows
[2018.05.13-18.15.40:529][  0]LogXGEController: Cleaning working directory: C:/Users/TomColdenhoff/AppData/Local/Temp/UnrealXGEWorkingDir/
[2018.05.13-18.15.40:530][  0]LogXGEController: Cannot use XGE Controller as Incredibuild is not installed on this machine.
[2018.05.13-18.15.40:530][  0]LogShaderCompilers: Cannot use XGE Shader Compiler as Incredibuild is not installed on this machine.
[2018.05.13-18.15.40:530][  0]LogShaderCompilers: Display: Using Local Shader Compiler.
[2018.05.13-18.15.41:184][  0]LogDerivedDataCache: Display: Max Cache Size: 512 MB
[2018.05.13-18.15.41:275][  0]LogDerivedDataCache: Loaded boot cache 0.09s 75MB C:/Users/TomColdenhoff/AppData/Local/UnrealEngine/4.19/DerivedDataCache/Boot.ddc.
[2018.05.13-18.15.41:275][  0]LogDerivedDataCache: Display: Loaded Boot cache: C:/Users/TomColdenhoff/AppData/Local/UnrealEngine/4.19/DerivedDataCache/Boot.ddc
[2018.05.13-18.15.41:275][  0]LogDerivedDataCache: FDerivedDataBackendGraph:  Pak pak cache file ../../../../../../../Projects/FPS/FPS/DerivedDataCache/DDC.ddp not found, will not use a pak cache.
[2018.05.13-18.15.41:275][  0]LogDerivedDataCache: Unable to find inner node Pak for hierarchical cache Hierarchy.
[2018.05.13-18.15.41:275][  0]LogDerivedDataCache: FDerivedDataBackendGraph:  CompressedPak pak cache file ../../../../../../../Projects/FPS/FPS/DerivedDataCache/Compressed.ddp not found, will not use a pak cache.
[2018.05.13-18.15.41:275][  0]LogDerivedDataCache: Unable to find inner node CompressedPak for hierarchical cache Hierarchy.
[2018.05.13-18.15.41:290][  0]LogDerivedDataCache: Display: Pak cache opened for reading ../../../Engine/DerivedDataCache/Compressed.ddp.
[2018.05.13-18.15.41:303][  0]LogDerivedDataCache: Using Local data cache path C:/Users/TomColdenhoff/AppData/Local/UnrealEngine/Common/DerivedDataCache: Writable
[2018.05.13-18.15.41:303][  0]LogDerivedDataCache: Shared data cache path not found in *engine.ini, will not use an Shared cache.
[2018.05.13-18.15.41:303][  0]LogDerivedDataCache: Unable to find inner node Shared for hierarchical cache Hierarchy.
[2018.05.13-18.15.41:315][  0]LogMaterial: Verifying Global Shaders for PCD3D_SM5
[2018.05.13-18.15.41:316][  0]LogSlate: Using Freetype 2.6.0
[2018.05.13-18.15.41:317][  0]LogSlate: SlateFontCache - WITH_FREETYPE: 1, WITH_HARFBUZZ: 1
[2018.05.13-18.15.41:317][  0]LogSlate: SlateFontCache - WITH_FREETYPE: 1, WITH_HARFBUZZ: 1
[2018.05.13-18.15.41:417][  0]LogAssetRegistry: FAssetRegistry took 0.0279 seconds to start up
[2018.05.13-18.15.41:694][  0]LogInit: Selected Device Profile: [Windows]
[2018.05.13-18.15.41:834][  0]LogSimplygon: Simplygon DLL not present - disabling.
[2018.05.13-18.15.41:837][  0]LogMeshReduction: Using SimplygonSwarm for distributed automatic mesh merging
[2018.05.13-18.15.41:837][  0]LogMeshReduction: Using QuadricMeshReduction for automatic static mesh reduction
[2018.05.13-18.15.41:837][  0]LogMeshReduction: No automatic skeletal mesh reduction module available
[2018.05.13-18.15.41:837][  0]LogMeshReduction: No automatic mesh merging module available
[2018.05.13-18.15.41:837][  0]LogMeshMerging: No automatic mesh merging module available
[2018.05.13-18.15.41:861][  0]LogNetVersion: FPS , NetCL: 3944462, EngineNetVer: 2, GameNetVer: 0 (Checksum: 2326512385)
[2018.05.13-18.15.42:258][  0]LogPackageLocalizationCache: Processed 9 localized package path(s) for 2 prioritized culture(s) in 0.064852 seconds
[2018.05.13-18.15.42:265][  0]LogUObjectArray: 36728 objects as part of root set at end of initial load.
[2018.05.13-18.15.42:265][  0]LogUObjectAllocator: 7314304 out of 0 bytes used by permanent object pool.
[2018.05.13-18.15.42:265][  0]LogUObjectArray: CloseDisregardForGC: 0/0 objects in disregard for GC pool
[2018.05.13-18.15.43:732][  0]LogTcpMessaging: Initializing TcpMessaging bridge
[2018.05.13-18.15.43:758][  0]LogUdpMessaging: Initializing bridge on interface 0.0.0.0:0 to multicast group 230.0.0.1:6666.
[2018.05.13-18.15.43:995][  0]LogSkeletalMesh: Skeletal Mesh found in DDC [1.728049ms] /Game/Models/Player/Arms/Arms_SMG.Arms_SMG
[2018.05.13-18.15.44:111][  0]SourceControl: Source control is disabled
[2018.05.13-18.15.44:111][  0]SourceControl: Source control is disabled
[2018.05.13-18.15.44:123][  0]SourceControl: Source control is disabled
[2018.05.13-18.15.44:136][  0]SourceControl: Source control is disabled
[2018.05.13-18.15.44:544][  0]LogAndroidPermission: UAndroidPermissionCallbackProxy::GetInstance
[2018.05.13-18.15.44:676][  0]LogOcInput: OculusInput pre-init called
[2018.05.13-18.15.44:768][  0]LogEngine: Initializing Engine...
[2018.05.13-18.15.44:769][  0]LogHMD: Failed to initialize OpenVR with code 110
[2018.05.13-18.15.44:771][  0]LogStats: UGameplayTagsManager::ConstructGameplayTagTree: Construct from data asset -  0.000 s
[2018.05.13-18.15.44:771][  0]LogStats: UGameplayTagsManager::ConstructGameplayTagTree: GameplayTagTreeChangedEvent.Broadcast -  0.000 s
[2018.05.13-18.15.45:012][  0]LogAIModule: Creating AISystem for world Untitled
[2018.05.13-18.15.45:019][  0]LogInit: XAudio2 using 'Speakers (Logitech G35 Headset)' : 2 channels at 44.1 kHz using 16 bits per sample (channel mask 0x3)
[2018.05.13-18.15.45:036][  0]LogInit: FAudioDevice initialized.
[2018.05.13-18.15.45:183][  0]LogDerivedDataCache: Saved boot cache 0.15s 75MB C:/Users/TomColdenhoff/AppData/Local/UnrealEngine/4.19/DerivedDataCache/Boot.ddc.
[2018.05.13-18.15.45:201][  0]LogInit: Texture streaming: Enabled
[2018.05.13-18.15.45:220][  0]LogEngineSessionManager: EngineSessionManager initialized
[2018.05.13-18.15.45:228][  0]LogInit: Transaction tracking system initialized
[2018.05.13-18.15.45:251][  0]BlueprintLog: New page: Editor Load
[2018.05.13-18.15.45:337][  0]LocalizationService: Localization service is disabled
[2018.05.13-18.15.45:434][  0]LogConsoleResponse: Display: 
[2018.05.13-18.15.45:566][  0]LogCook: Display: Max memory allowance for cook 16384mb min free memory 0mb
[2018.05.13-18.15.45:566][  0]LogCook: Display: Mobile HDR setting 1
[2018.05.13-18.15.45:566][  0]LogGameplayTags: Display: UGameplayTagsManager::DoneAddingNativeTags. DelegateIsBound: 0
[2018.05.13-18.15.45:566][  0]LogStats: UGameplayTagsManager::ConstructGameplayTagTree: Construct from data asset -  0.000 s
[2018.05.13-18.15.45:566][  0]LogStats: UGameplayTagsManager::ConstructGameplayTagTree: GameplayTagTreeChangedEvent.Broadcast -  0.000 s
[2018.05.13-18.15.45:849][  0]LogFileCache: Scanning file cache for directory 'E:/Projects/FPS/FPS/Content/' took 0.01s
[2018.05.13-18.15.45:849][  0]SourceControl: Source control is disabled
[2018.05.13-18.15.45:849][  0]Cmd: MAP LOAD FILE="../../../Engine/Content/Maps/Templates/Template_Default.umap" TEMPLATE=1 SHOWPROGRESS=1 FEATURELEVEL=3
[2018.05.13-18.15.45:849][  0]LightingResults: New page: Lighting Build
[2018.05.13-18.15.45:851][  0]MapCheck: New page: Map Check
[2018.05.13-18.15.45:851][  0]LightingResults: New page: Lighting Build
[2018.05.13-18.15.46:018][  0]LogAIModule: Creating AISystem for world Untitled_1
[2018.05.13-18.15.46:025][  0]LogEditorServer: Finished looking for orphan Actors (0.000 secs)
[2018.05.13-18.15.46:036][  0]Cmd: MAP CHECKDEP NOCLEARLOG
[2018.05.13-18.15.46:069][  0]MapCheck: Map check complete: 0 Error(s), 0 Warning(s), took 32.711ms to complete.
[2018.05.13-18.15.46:069][  0]LogFileHelpers: Loading map 'Template_Default' took 0.220
[2018.05.13-18.15.46:137][  0]LogWindowsTextInputMethodSystem: Display: IME system now deactivated.
[2018.05.13-18.15.46:209][  0]LogCollectionManager: Loaded 0 collections in 0.000898 seconds
[2018.05.13-18.15.46:255][  0]LogFileCache: Scanning file cache for directory 'E:/Projects/FPS/FPS/Saved/Collections/' took 0.01s
[2018.05.13-18.15.46:255][  0]LogFileCache: Scanning file cache for directory 'E:/Projects/FPS/FPS/Content/Developers/TomColdenhoff/Collections/' took 0.01s
[2018.05.13-18.15.46:255][  0]LogFileCache: Scanning file cache for directory 'E:/Projects/FPS/FPS/Content/Collections/' took 0.01s
[2018.05.13-18.15.46:256][  0]LogCollectionManager: Rebuilt the GUID cache for 0 collections in 0.000001 seconds
[2018.05.13-18.15.46:265][  0]LogContentBrowser: Native class hierarchy populated in 0.0088 seconds. Added 2456 classes and 560 folders.
[2018.05.13-18.15.46:270][  0]LogContentBrowser: Native class hierarchy updated for 'WidgetCarousel' in 0.0004 seconds. Added 0 classes and 0 folders.
[2018.05.13-18.15.46:302][  0]LogContentBrowser: Native class hierarchy updated for 'AddContentDialog' in 0.0004 seconds. Added 0 classes and 0 folders.
[2018.05.13-18.15.46:307][  0]LogContentBrowser: Native class hierarchy updated for 'SceneOutliner' in 0.0007 seconds. Added 1 classes and 2 folders.
[2018.05.13-18.15.47:363][  0]LogSlate: Only BGRA pngs, bmps or icos are supported in by External Image Picker
[2018.05.13-18.15.47:389][  0]LogSlate: Took 0.000219 seconds to synchronously load lazily loaded font '../../../Engine/Content/Slate/Fonts/Roboto-Regular.ttf' (155K)
[2018.05.13-18.15.47:391][  0]LogSlate: Took 0.000228 seconds to synchronously load lazily loaded font '../../../Engine/Content/Slate/Fonts/Roboto-Bold.ttf' (160K)
[2018.05.13-18.15.47:399][  0]LogSlate: Took 0.000183 seconds to synchronously load lazily loaded font '../../../Engine/Content/Editor/Slate/Fonts/FontAwesome.ttf' (139K)
[2018.05.13-18.15.47:558][  0]LogTemp: Executing iPhonePackager certificates Engine -bundlename com.YourCompany.FPS
[2018.05.13-18.15.47:558][  0]LogTemp: CWD: E:\Game Engines\Epic Games\4.19\UE_4.19\Engine\Binaries\DotNET\IOS
[2018.05.13-18.15.47:559][  0]LogTemp: Initial Dir: E:\Game Engines\Epic Games\4.19\UE_4.19
[2018.05.13-18.15.47:559][  0]LogTemp: Env CWD: E:\Game Engines\Epic Games\4.19\UE_4.19\Engine\Binaries\DotNET\IOS
[2018.05.13-18.15.47:559][  0]LogTemp: BranchPath = DESKTOP-27ERO04/E/Game Engines/Epic Games/4.19/UE_4.19/Engine/Binaries --- GameBranchPath = DESKTOP-27ERO04/E/Game Engines/Epic Games/4.19/UE_4.19/Engine/Binaries
[2018.05.13-18.15.47:559][  0]LogTemp: IPP ERROR: Could not find provision directory 'C:\Users\TomColdenhoff\AppData\Local/Apple Computer/MobileDevice/Provisioning Profiles/'.
[2018.05.13-18.15.47:559][  0]LogRenderer: Reallocating scene render targets to support 1208x576 Format 10 NumSamples 1 (Frame:1).
[2018.05.13-18.15.47:599][  0]LogSlate: Took 0.000149 seconds to synchronously load lazily loaded font '../../../Engine/Content/Slate/Fonts/Roboto-Light.ttf' (167K)
[2018.05.13-18.15.47:701][  0]LogContentBrowser: Native class hierarchy updated for 'HierarchicalLODOutliner' in 0.0008 seconds. Added 0 classes and 0 folders.
[2018.05.13-18.15.47:702][  0]LogLoad: (Engine Initialization) Total time: 11.06 seconds
[2018.05.13-18.15.47:702][  0]LogLoad: (Engine Initialization) Total Blueprint compile time: 0.00 seconds
[2018.05.13-18.15.47:742][  0]LogContentStreaming: Texture pool size now 1000 MB
[2018.05.13-18.15.47:789][  1]LogAssetRegistry: Asset discovery search completed in 6.3953 seconds
[2018.05.13-18.15.47:792][  1]LogCollectionManager: Rebuilt the object cache for 0 collections in 0.000001 seconds (found 0 objects)
[2018.05.13-18.15.47:792][  1]LogCollectionManager: Fixed up redirectors for 0 collections in 0.000176 seconds (updated 0 objects)
[2018.05.13-18.15.50:956][372]LogSlate: FSceneViewport::OnFocusLost() reason 0
[2018.05.13-18.15.51:048][383]LogTemp: Repeating last play command: Selected Viewport
[2018.05.13-18.15.51:065][383]LogPlayLevel: PlayLevel: No blueprints needed recompiling
[2018.05.13-18.15.51:066][383]PIE: New page: PIE session: Untitled_1 (May 13, 2018, 10:15:51 PM)
[2018.05.13-18.15.51:066][383]LogPlayLevel: Creating play world package: /Temp/UEDPIE_0_Untitled_1
[2018.05.13-18.15.51:070][383]LogPlayLevel: PIE: StaticDuplicateObject took: (0.003121s)
[2018.05.13-18.15.51:071][383]LogAIModule: Creating AISystem for world Untitled_1
[2018.05.13-18.15.51:071][383]LogPlayLevel: PIE: World Init took: (0.001152s)
[2018.05.13-18.15.51:071][383]LogPlayLevel: PIE: Created PIE world by copying editor world from /Temp/Untitled_1.Untitled_1 to /Temp/UEDPIE_0_Untitled_1.Untitled_1 (0.004846s)
[2018.05.13-18.15.51:084][383]LogInit: XAudio2 using 'Speakers (Logitech G35 Headset)' : 2 channels at 44.1 kHz using 16 bits per sample (channel mask 0x3)
[2018.05.13-18.15.51:093][383]LogInit: FAudioDevice initialized.
[2018.05.13-18.15.51:153][383]LogLoad: Game class is 'BP_FPSGameModeBase_C'
[2018.05.13-18.15.51:155][383]LogWorld: Bringing World /Temp/UEDPIE_0_Untitled_1.Untitled_1 up for play (max tick rate 0) at 2018.05.13-20.15.51
[2018.05.13-18.15.51:156][383]LogWorld: Bringing up level for play took: 0.000718
[2018.05.13-18.15.51:159][383]LogContentBrowser: Native class hierarchy updated for 'MovieSceneCapture' in 0.0005 seconds. Added 11 classes and 0 folders.
[2018.05.13-18.15.51:160][383]PIE: Play in editor start time for /Temp/UEDPIE_0_Untitled_1 0.948
[2018.05.13-18.15.55:021][830]LogSlate: FSceneViewport::OnFocusLost() reason 0
[2018.05.13-18.16.00:423][476]LogSlate: Took 0.000209 seconds to synchronously load lazily loaded font '../../../Engine/Content/Slate/Fonts/Roboto-Light.ttf' (167K)
[2018.05.13-18.16.00:636][476]LogContentBrowser: Native class hierarchy updated for 'BlueprintGraph' in 0.0007 seconds. Added 116 classes and 0 folders.
[2018.05.13-18.16.00:887][476]LogUObjectGlobals: Created PersistentFrame Addr=0x000002b7174b8f00, Size=4, Default__SKEL_PROTO_BP_AnimBlueprint_0_C Function /Engine/Transient.SKEL_PROTO_BP_AnimBlueprint_0_C:ExecuteUbergraph_PROTO_BP_AnimBlueprint_0
[2018.05.13-18.16.00:888][476]LogUObjectGlobals: Created PersistentFrame Addr=0x000002b7174b8ef8, Size=4, Default__PROTO_BP_AnimBlueprint_0_C Function /Engine/Transient.PROTO_BP_AnimBlueprint_0_C:ExecuteUbergraph_PROTO_BP_AnimBlueprint_0
[2018.05.13-18.16.03:015][639]LogSlate: Took 0.000234 seconds to synchronously load lazily loaded font '../../../Engine/Content/Slate/Fonts/Roboto-BoldCondensed.ttf' (158K)
[2018.05.13-18.16.03:576][700]LogSlate: Took 0.000178 seconds to synchronously load lazily loaded font '../../../Engine/Content/Slate/Fonts/Roboto-Italic.ttf' (157K)
[2018.05.13-18.16.12:258][712]BlueprintLog: New page: Compile BP_FPSPlayer
[2018.05.13-18.16.12:844][748]Cmd: OBJ SAVEPACKAGE PACKAGE="/Game/Blueprints/BP_FPSPlayer" FILE="../../../../../../../Projects/FPS/FPS/Content/Blueprints/BP_FPSPlayer.uasset" SILENT=true
[2018.05.13-18.16.12:874][748]LogSavePackage: Save=22.65ms
[2018.05.13-18.16.12:874][748]LogSavePackage: Moving '../../../../../../../Projects/FPS/FPS/Saved/BP_FPSPlayer6FD4F38F42CB60B6652A56B7ECFF0AF3.tmp' to '../../../../../../../Projects/FPS/FPS/Content/Blueprints/BP_FPSPlayer.uasset'
[2018.05.13-18.16.12:877][748]LogSavePackage: Display: Finished SavePackage ../../../../../../../Projects/FPS/FPS/Content/Blueprints/BP_FPSPlayer.uasset
[2018.05.13-18.16.14:220][909]LogTemp: Repeating last play command: Selected Viewport
[2018.05.13-18.16.14:239][909]LogPlayLevel: PlayLevel: No blueprints needed recompiling
[2018.05.13-18.16.14:240][909]PIE: New page: PIE session: Untitled_1 (May 13, 2018, 10:16:14 PM)
[2018.05.13-18.16.14:240][909]LogPlayLevel: Creating play world package: /Temp/UEDPIE_0_Untitled_1
[2018.05.13-18.16.14:242][909]LogPlayLevel: PIE: StaticDuplicateObject took: (0.002126s)
[2018.05.13-18.16.14:243][909]LogAIModule: Creating AISystem for world Untitled_1
[2018.05.13-18.16.14:243][909]LogPlayLevel: PIE: World Init took: (0.000861s)
[2018.05.13-18.16.14:243][909]LogPlayLevel: PIE: Created PIE world by copying editor world from /Temp/Untitled_1.Untitled_1 to /Temp/UEDPIE_0_Untitled_1.Untitled_1 (0.003443s)
[2018.05.13-18.16.14:266][909]LogInit: XAudio2 using 'Speakers (Logitech G35 Headset)' : 2 channels at 44.1 kHz using 16 bits per sample (channel mask 0x3)
[2018.05.13-18.16.14:273][909]LogInit: FAudioDevice initialized.
[2018.05.13-18.16.14:323][909]LogLoad: Game class is 'BP_FPSGameModeBase_C'
[2018.05.13-18.16.14:324][909]LogWorld: Bringing World /Temp/UEDPIE_0_Untitled_1.Untitled_1 up for play (max tick rate 0) at 2018.05.13-20.16.14
[2018.05.13-18.16.14:324][909]LogWorld: Bringing up level for play took: 0.000703
[2018.05.13-18.16.14:327][909]PIE: Play in editor start time for /Temp/UEDPIE_0_Untitled_1 0.115
[2018.05.13-18.16.14:347][909]LogRenderer: Reallocating scene render targets to support 1292x756 Format 10 NumSamples 1 (Frame:1).
[2018.05.13-18.16.24:180][ 82]LogSlate: Window 'FPS Game Preview Standalone (64-bit/PCD3D_SM5)' being destroyed
[2018.05.13-18.16.25:073][181]Cmd: OBJ SAVEPACKAGE PACKAGE="/Game/Blueprints/BP_FPSPlayer" FILE="../../../../../../../Projects/FPS/FPS/Content/Blueprints/BP_FPSPlayer.uasset" SILENT=true
[2018.05.13-18.16.25:087][181]LogSavePackage: Save=11.87ms
[2018.05.13-18.16.25:088][181]LogSavePackage: Moving '../../../../../../../Projects/FPS/FPS/Saved/BP_FPSPlayerD18BA30841414887EF79C79C8BD1E83E.tmp' to '../../../../../../../Projects/FPS/FPS/Content/Blueprints/BP_FPSPlayer.uasset'
[2018.05.13-18.16.25:088][181]LogSavePackage: Display: Finished SavePackage ../../../../../../../Projects/FPS/FPS/Content/Blueprints/BP_FPSPlayer.uasset
[2018.05.13-18.42.08:214][269]LogRenderer: Reallocating scene render targets to support 1292x900 Format 10 NumSamples 1 (Frame:1).
[2018.05.13-18.42.30:679][386]LogSlate: FSceneViewport::OnFocusLost() reason 0
[2018.05.13-18.42.30:754][395]BlueprintLog: New page: Compile BP_FPSPlayer
[2018.05.13-18.42.31:540][456]LogTemp: Repeating last play command: Selected Viewport
[2018.05.13-18.42.31:561][456]LogPlayLevel: PlayLevel: No blueprints needed recompiling
[2018.05.13-18.42.31:561][456]PIE: New page: PIE session: Untitled_1 (May 13, 2018, 10:42:31 PM)
[2018.05.13-18.42.31:562][456]LogPlayLevel: Creating play world package: /Temp/UEDPIE_0_Untitled_1
[2018.05.13-18.42.31:564][456]LogPlayLevel: PIE: StaticDuplicateObject took: (0.002524s)
[2018.05.13-18.42.31:565][456]LogAIModule: Creating AISystem for world Untitled_1
[2018.05.13-18.42.31:565][456]LogPlayLevel: PIE: World Init took: (0.001021s)
[2018.05.13-18.42.31:565][456]LogPlayLevel: PIE: Created PIE world by copying editor world from /Temp/Untitled_1.Untitled_1 to /Temp/UEDPIE_0_Untitled_1.Untitled_1 (0.003948s)
[2018.05.13-18.42.31:587][456]LogInit: XAudio2 using 'Speakers (Logitech G35 Headset)' : 2 channels at 44.1 kHz using 16 bits per sample (channel mask 0x3)
[2018.05.13-18.42.31:595][456]LogInit: FAudioDevice initialized.
[2018.05.13-18.42.31:643][456]LogLoad: Game class is 'BP_FPSGameModeBase_C'
[2018.05.13-18.42.31:644][456]LogWorld: Bringing World /Temp/UEDPIE_0_Untitled_1.Untitled_1 up for play (max tick rate 0) at 2018.05.13-20.42.31
[2018.05.13-18.42.31:644][456]LogWorld: Bringing up level for play took: 0.000712
[2018.05.13-18.42.31:647][456]PIE: Play in editor start time for /Temp/UEDPIE_0_Untitled_1 -0.565
[2018.05.13-18.42.33:265][639]LogSlate: Window 'FPS Game Preview Standalone (64-bit/PCD3D_SM5)' being destroyed
[2018.05.13-18.42.36:231][985]LogSlate: FSceneViewport::OnFocusLost() reason 0
[2018.05.13-18.42.36:314][995]BlueprintLog: New page: Compile BP_FPSPlayer
[2018.05.13-18.42.37:010][ 46]LogTemp: Repeating last play command: Selected Viewport
[2018.05.13-18.42.37:029][ 46]LogPlayLevel: PlayLevel: No blueprints needed recompiling
[2018.05.13-18.42.37:029][ 46]PIE: New page: PIE session: Untitled_1 (May 13, 2018, 10:42:37 PM)
[2018.05.13-18.42.37:029][ 46]LogPlayLevel: Creating play world package: /Temp/UEDPIE_0_Untitled_1
[2018.05.13-18.42.37:031][ 46]LogPlayLevel: PIE: StaticDuplicateObject took: (0.002080s)
[2018.05.13-18.42.37:032][ 46]LogAIModule: Creating AISystem for world Untitled_1
[2018.05.13-18.42.37:032][ 46]LogPlayLevel: PIE: World Init took: (0.000943s)
[2018.05.13-18.42.37:032][ 46]LogPlayLevel: PIE: Created PIE world by copying editor world from /Temp/Untitled_1.Untitled_1 to /Temp/UEDPIE_0_Untitled_1.Untitled_1 (0.003391s)
[2018.05.13-18.42.37:054][ 46]LogInit: XAudio2 using 'Speakers (Logitech G35 Headset)' : 2 channels at 44.1 kHz using 16 bits per sample (channel mask 0x3)
[2018.05.13-18.42.37:061][ 46]LogInit: FAudioDevice initialized.
[2018.05.13-18.42.37:111][ 46]LogLoad: Game class is 'BP_FPSGameModeBase_C'
[2018.05.13-18.42.37:112][ 46]LogWorld: Bringing World /Temp/UEDPIE_0_Untitled_1.Untitled_1 up for play (max tick rate 0) at 2018.05.13-20.42.37
[2018.05.13-18.42.37:112][ 46]LogWorld: Bringing up level for play took: 0.000656
[2018.05.13-18.42.37:115][ 46]PIE: Play in editor start time for /Temp/UEDPIE_0_Untitled_1 0.903
[2018.05.13-18.42.38:225][170]LogSlate: Window 'FPS Game Preview Standalone (64-bit/PCD3D_SM5)' being destroyed
[2018.05.13-18.42.41:405][539]LogSlate: FSceneViewport::OnFocusLost() reason 0
[2018.05.13-18.42.41:480][548]LogTemp: Repeating last play command: Selected Viewport
[2018.05.13-18.42.41:499][548]BlueprintLog: New page: Pre-Play auto-recompile
[2018.05.13-18.42.41:501][548]LogPlayLevel: [PlayLevel] Compiling BP_FPSPlayer before play...
[2018.05.13-18.42.41:731][548]LogPlayLevel: PlayLevel: Blueprint regeneration took 231 ms (1 blueprints)
[2018.05.13-18.42.41:731][548]PIE: New page: PIE session: Untitled_1 (May 13, 2018, 10:42:41 PM)
[2018.05.13-18.42.41:732][548]LogPlayLevel: Creating play world package: /Temp/UEDPIE_0_Untitled_1
[2018.05.13-18.42.41:734][548]LogPlayLevel: PIE: StaticDuplicateObject took: (0.001807s)
[2018.05.13-18.42.41:735][548]LogAIModule: Creating AISystem for world Untitled_1
[2018.05.13-18.42.41:735][548]LogPlayLevel: PIE: World Init took: (0.001218s)
[2018.05.13-18.42.41:735][548]LogPlayLevel: PIE: Created PIE world by copying editor world from /Temp/Untitled_1.Untitled_1 to /Temp/UEDPIE_0_Untitled_1.Untitled_1 (0.003513s)
[2018.05.13-18.42.41:754][548]LogInit: XAudio2 using 'Speakers (Logitech G35 Headset)' : 2 channels at 44.1 kHz using 16 bits per sample (channel mask 0x3)
[2018.05.13-18.42.41:761][548]LogInit: FAudioDevice initialized.
[2018.05.13-18.42.41:811][548]LogLoad: Game class is 'BP_FPSGameModeBase_C'
[2018.05.13-18.42.41:812][548]LogWorld: Bringing World /Temp/UEDPIE_0_Untitled_1.Untitled_1 up for play (max tick rate 0) at 2018.05.13-20.42.41
[2018.05.13-18.42.41:813][548]LogWorld: Bringing up level for play took: 0.000683
[2018.05.13-18.42.41:815][548]PIE: Play in editor start time for /Temp/UEDPIE_0_Untitled_1 -0.397
[2018.05.13-18.42.42:641][632]LogSlate: Window 'FPS Game Preview Standalone (64-bit/PCD3D_SM5)' being destroyed
[2018.05.13-18.42.44:375][832]LogTemp: Repeating last play command: Selected Viewport
[2018.05.13-18.42.44:393][832]LogPlayLevel: PlayLevel: No blueprints needed recompiling
[2018.05.13-18.42.44:394][832]PIE: New page: PIE session: Untitled_1 (May 13, 2018, 10:42:44 PM)
[2018.05.13-18.42.44:394][832]LogPlayLevel: Creating play world package: /Temp/UEDPIE_0_Untitled_1
[2018.05.13-18.42.44:396][832]LogPlayLevel: PIE: StaticDuplicateObject took: (0.002044s)
[2018.05.13-18.42.44:397][832]LogAIModule: Creating AISystem for world Untitled_1
[2018.05.13-18.42.44:397][832]LogPlayLevel: PIE: World Init took: (0.000838s)
[2018.05.13-18.42.44:397][832]LogPlayLevel: PIE: Created PIE world by copying editor world from /Temp/Untitled_1.Untitled_1 to /Temp/UEDPIE_0_Untitled_1.Untitled_1 (0.003304s)
[2018.05.13-18.42.44:418][832]LogInit: XAudio2 using 'Speakers (Logitech G35 Headset)' : 2 channels at 44.1 kHz using 16 bits per sample (channel mask 0x3)
[2018.05.13-18.42.44:425][832]LogInit: FAudioDevice initialized.
[2018.05.13-18.42.44:475][832]LogLoad: Game class is 'BP_FPSGameModeBase_C'
[2018.05.13-18.42.44:477][832]LogWorld: Bringing World /Temp/UEDPIE_0_Untitled_1.Untitled_1 up for play (max tick rate 0) at 2018.05.13-20.42.44
[2018.05.13-18.42.44:477][832]LogWorld: Bringing up level for play took: 0.000893
[2018.05.13-18.42.44:481][832]PIE: Play in editor start time for /Temp/UEDPIE_0_Untitled_1 0.269
[2018.05.13-18.42.46:759][ 95]LogSlate: Window 'FPS Game Preview Standalone (64-bit/PCD3D_SM5)' being destroyed
[2018.05.13-18.42.49:064][351]LogSlate: Prevented a slow task dialog from being summoned while a context menu was open
[2018.05.13-18.42.49:077][351]LogUObjectGlobals: Created PersistentFrame Addr=0x000002b75fbd2800, Size=64, Default__BP_SMGAnim_C Function /Game/Animations/SMG/BP_SMGAnim.BP_SMGAnim_C:ExecuteUbergraph_BP_SMGAnim
[2018.05.13-18.42.49:083][351]LogUObjectGlobals: Destroyed PersistentFrame Addr=0x000002b75fbd2800, Size=64
[2018.05.13-18.42.49:083][351]LogUObjectGlobals: Created PersistentFrame Addr=0x000002b75fbd08c0, Size=64, Default__BP_SMGAnim_C Function /Engine/Transient.REINST_BP_SMGAnim_C_0:ExecuteUbergraph_BP_SMGAnim
[2018.05.13-18.42.49:089][351]LogUObjectGlobals: Created PersistentFrame Addr=0x000002b70d263bc0, Size=64, Default__BP_SMGAnim_C Function /Game/Animations/SMG/BP_SMGAnim.BP_SMGAnim_C:ExecuteUbergraph_BP_SMGAnim
[2018.05.13-18.42.51:256][605]BlueprintLog: New page: Compile BP_FPSPlayer
[2018.05.13-18.42.51:536][605]LogUObjectGlobals: Destroyed PersistentFrame Addr=0x000002b75fbd08c0, Size=64
[2018.05.13-18.42.52:127][654]LogTemp: Repeating last play command: Selected Viewport
[2018.05.13-18.42.52:146][654]LogPlayLevel: PlayLevel: No blueprints needed recompiling
[2018.05.13-18.42.52:146][654]PIE: New page: PIE session: Untitled_1 (May 13, 2018, 10:42:52 PM)
[2018.05.13-18.42.52:147][654]LogPlayLevel: Creating play world package: /Temp/UEDPIE_0_Untitled_1
[2018.05.13-18.42.52:149][654]LogPlayLevel: PIE: StaticDuplicateObject took: (0.002718s)
[2018.05.13-18.42.52:150][654]LogAIModule: Creating AISystem for world Untitled_1
[2018.05.13-18.42.52:151][654]LogPlayLevel: PIE: World Init took: (0.000990s)
[2018.05.13-18.42.52:151][654]LogPlayLevel: PIE: Created PIE world by copying editor world from /Temp/Untitled_1.Untitled_1 to /Temp/UEDPIE_0_Untitled_1.Untitled_1 (0.004119s)
[2018.05.13-18.42.52:172][654]LogInit: XAudio2 using 'Speakers (Logitech G35 Headset)' : 2 channels at 44.1 kHz using 16 bits per sample (channel mask 0x3)
[2018.05.13-18.42.52:179][654]LogInit: FAudioDevice initialized.
[2018.05.13-18.42.52:232][654]LogLoad: Game class is 'BP_FPSGameModeBase_C'
[2018.05.13-18.42.52:233][654]LogWorld: Bringing World /Temp/UEDPIE_0_Untitled_1.Untitled_1 up for play (max tick rate 0) at 2018.05.13-20.42.52
[2018.05.13-18.42.52:233][654]LogWorld: Bringing up level for play took: 0.000784
[2018.05.13-18.42.52:236][654]PIE: Play in editor start time for /Temp/UEDPIE_0_Untitled_1 0.024
[2018.05.13-18.42.59:476][511]LogSlate: Window 'FPS Game Preview Standalone (64-bit/PCD3D_SM5)' being destroyed
[2018.05.13-18.43.04:410][ 87]LogSlate: FSceneViewport::OnFocusLost() reason 0
[2018.05.13-18.43.04:494][ 97]BlueprintLog: New page: Compile BP_FPSPlayer
[2018.05.13-18.43.05:375][154]LogTemp: Repeating last play command: Selected Viewport
[2018.05.13-18.43.05:395][154]LogPlayLevel: PlayLevel: No blueprints needed recompiling
[2018.05.13-18.43.05:395][154]PIE: New page: PIE session: Untitled_1 (May 13, 2018, 10:43:05 PM)
[2018.05.13-18.43.05:395][154]LogPlayLevel: Creating play world package: /Temp/UEDPIE_0_Untitled_1
[2018.05.13-18.43.05:397][154]LogPlayLevel: PIE: StaticDuplicateObject took: (0.001858s)
[2018.05.13-18.43.05:398][154]LogAIModule: Creating AISystem for world Untitled_1
[2018.05.13-18.43.05:398][154]LogPlayLevel: PIE: World Init took: (0.001031s)
[2018.05.13-18.43.05:398][154]LogPlayLevel: PIE: Created PIE world by copying editor world from /Temp/Untitled_1.Untitled_1 to /Temp/UEDPIE_0_Untitled_1.Untitled_1 (0.003326s)
[2018.05.13-18.43.05:421][154]LogInit: XAudio2 using 'Speakers (Logitech G35 Headset)' : 2 channels at 44.1 kHz using 16 bits per sample (channel mask 0x3)
[2018.05.13-18.43.05:428][154]LogInit: FAudioDevice initialized.
[2018.05.13-18.43.05:479][154]LogLoad: Game class is 'BP_FPSGameModeBase_C'
[2018.05.13-18.43.05:480][154]LogWorld: Bringing World /Temp/UEDPIE_0_Untitled_1.Untitled_1 up for play (max tick rate 0) at 2018.05.13-20.43.05
[2018.05.13-18.43.05:480][154]LogWorld: Bringing up level for play took: 0.000694
[2018.05.13-18.43.05:483][154]PIE: Play in editor start time for /Temp/UEDPIE_0_Untitled_1 -0.729
[2018.05.13-18.43.15:177][305]LogSlate: Window 'FPS Game Preview Standalone (64-bit/PCD3D_SM5)' being destroyed
[2018.05.13-18.43.19:214][777]LogSlate: FSceneViewport::OnFocusLost() reason 0
[2018.05.13-18.43.19:264][783]BlueprintLog: New page: Compile BP_FPSPlayer
[2018.05.13-18.43.20:638][906]LogTemp: Repeating last play command: Selected Viewport
[2018.05.13-18.43.20:656][906]LogPlayLevel: PlayLevel: No blueprints needed recompiling
[2018.05.13-18.43.20:657][906]PIE: New page: PIE session: Untitled_1 (May 13, 2018, 10:43:20 PM)
[2018.05.13-18.43.20:657][906]LogPlayLevel: Creating play world package: /Temp/UEDPIE_0_Untitled_1
[2018.05.13-18.43.20:659][906]LogPlayLevel: PIE: StaticDuplicateObject took: (0.002189s)
[2018.05.13-18.43.20:660][906]LogAIModule: Creating AISystem for world Untitled_1
[2018.05.13-18.43.20:660][906]LogPlayLevel: PIE: World Init took: (0.001045s)
[2018.05.13-18.43.20:660][906]LogPlayLevel: PIE: Created PIE world by copying editor world from /Temp/Untitled_1.Untitled_1 to /Temp/UEDPIE_0_Untitled_1.Untitled_1 (0.003589s)
[2018.05.13-18.43.20:682][906]LogInit: XAudio2 using 'Speakers (Logitech G35 Headset)' : 2 channels at 44.1 kHz using 16 bits per sample (channel mask 0x3)
[2018.05.13-18.43.20:689][906]LogInit: FAudioDevice initialized.
[2018.05.13-18.43.20:742][906]LogLoad: Game class is 'BP_FPSGameModeBase_C'
[2018.05.13-18.43.20:743][906]LogWorld: Bringing World /Temp/UEDPIE_0_Untitled_1.Untitled_1 up for play (max tick rate 0) at 2018.05.13-20.43.20
[2018.05.13-18.43.20:743][906]LogWorld: Bringing up level for play took: 0.000703
[2018.05.13-18.43.20:746][906]PIE: Play in editor start time for /Temp/UEDPIE_0_Untitled_1 0.534
[2018.05.13-18.43.27:230][674]LogSlate: Window 'FPS Game Preview Standalone (64-bit/PCD3D_SM5)' being destroyed
[2018.05.13-18.43.29:545][939]LogSlate: FSceneViewport::OnFocusLost() reason 2
[2018.05.13-18.43.29:561][939]Cmd: OBJ SAVEPACKAGE PACKAGE="/Game/Blueprints/BP_FPSPlayer" FILE="../../../../../../../Projects/FPS/FPS/Content/Blueprints/BP_FPSPlayer.uasset" SILENT=true
[2018.05.13-18.43.29:587][939]LogSavePackage: Save=18.92ms
[2018.05.13-18.43.29:587][939]LogSavePackage: Moving '../../../../../../../Projects/FPS/FPS/Saved/BP_FPSPlayer632A17DA49D49C514A4AB0B629D1E80C.tmp' to '../../../../../../../Projects/FPS/FPS/Content/Blueprints/BP_FPSPlayer.uasset'
[2018.05.13-18.43.29:589][939]LogSavePackage: Display: Finished SavePackage ../../../../../../../Projects/FPS/FPS/Content/Blueprints/BP_FPSPlayer.uasset
