Log file open, 05/18/18 20:44:00
LogWindows: Failed to load 'aqProf.dll' (GetLastError=126)
LogWindows: File 'aqProf.dll' does not exist
LogWindows: Failed to load 'VtuneApi.dll' (GetLastError=126)
LogWindows: File 'VtuneApi.dll' does not exist
LogWindows: Failed to load 'VtuneApi32e.dll' (GetLastError=126)
LogWindows: File 'VtuneApi32e.dll' does not exist
LogInit: Display: Running engine for game: FPS
LogPlatformFile: Not using cached read wrapper
LogInit: Display: RandInit(571678380) SRandInit(571678380).
LogInit: Read version file with build ID '3944462'
LogInit: Overriding engine version to CL 4033788, compatible CL 3944462
LogInit: Registered custom module enumerator with build ID '3944462'
LogTaskGraph: Started task graph with 5 named threads and 23 total threads with 3 sets of task threads.
LogStats: Stats thread started at 0.292920
LogD3D11RHI: Aftermath initialized
LogICUInternationalization: Display: ICU TimeZone Detection - Raw Offset: +1:00, Platform Override: ''
LogPluginManager: Mounting plugin Paper2D
LogPluginManager: Mounting plugin LiveLink
LogPluginManager: Mounting plugin LightPropagationVolume
LogPluginManager: Mounting plugin CLionSourceCodeAccess
LogPluginManager: Mounting plugin CodeLiteSourceCodeAccess
LogPluginManager: Mounting plugin GitSourceControl
LogPluginManager: Mounting plugin KDevelopSourceCodeAccess
LogPluginManager: Mounting plugin NullSourceCodeAccess
LogPluginManager: Mounting plugin PerforceSourceControl
LogPluginManager: Mounting plugin SubversionSourceControl
LogPluginManager: Mounting plugin UObjectPlugin
LogPluginManager: Mounting plugin VisualStudioCodeSourceCodeAccess
LogPluginManager: Mounting plugin VisualStudioSourceCodeAccess
LogPluginManager: Mounting plugin XCodeSourceCodeAccess
LogPluginManager: Mounting plugin AssetManagerEditor
LogPluginManager: Mounting plugin CryptoKeys
LogPluginManager: Mounting plugin DataValidation
LogPluginManager: Mounting plugin FacialAnimation
LogPluginManager: Mounting plugin GameplayTagsEditor
LogPluginManager: Mounting plugin MobileLauncherProfileWizard
LogPluginManager: Mounting plugin PluginBrowser
LogPluginManager: Mounting plugin SpeedTreeImporter
LogPluginManager: Mounting plugin DatasmithContent
LogPluginManager: Mounting plugin AlembicImporter
LogPluginManager: Mounting plugin CharacterAI
LogPluginManager: Mounting plugin HTML5Networking
LogPluginManager: Mounting plugin AndroidMedia
LogPluginManager: Mounting plugin AvfMedia
LogPluginManager: Mounting plugin ImgMedia
LogPluginManager: Mounting plugin LinearTimecode
LogPluginManager: Mounting plugin MediaCompositing
LogPluginManager: Mounting plugin MediaPlayerEditor
LogPluginManager: Mounting plugin WmfMedia
LogPluginManager: Mounting plugin TcpMessaging
LogPluginManager: Mounting plugin UdpMessaging
LogPluginManager: Mounting plugin ActorSequence
LogPluginManager: Mounting plugin LevelSequenceEditor
LogPluginManager: Mounting plugin MatineeToLevelSequence
LogPluginManager: Mounting plugin NetcodeUnitTest
LogPluginManager: Mounting plugin NUTUnrealEngine4
LogPluginManager: Mounting plugin OnlineSubsystemGooglePlay
LogPluginManager: Mounting plugin OnlineSubsystemIOS
LogPluginManager: Mounting plugin OnlineSubsystem
LogPluginManager: Mounting plugin OnlineSubsystemNull
LogPluginManager: Mounting plugin OnlineSubsystemUtils
LogPluginManager: Mounting plugin AndroidDeviceProfileSelector
LogPluginManager: Mounting plugin AndroidMoviePlayer
LogPluginManager: Mounting plugin AndroidPermission
LogPluginManager: Mounting plugin AppleARKit
LogPluginManager: Mounting plugin AppleMoviePlayer
LogPluginManager: Mounting plugin ArchVisCharacter
LogPluginManager: Mounting plugin AudioCapture
LogPluginManager: Mounting plugin CableComponent
LogPluginManager: Mounting plugin CustomMeshComponent
LogPluginManager: Mounting plugin ExampleDeviceProfileSelector
LogPluginManager: Mounting plugin GoogleCloudMessaging
LogPluginManager: Mounting plugin ImmediatePhysics
LogPluginManager: Mounting plugin IOSDeviceProfileSelector
LogPluginManager: Mounting plugin LinuxDeviceProfileSelector
LogPluginManager: Mounting plugin LocationServicesBPLibrary
LogPluginManager: Mounting plugin MobilePatchingUtils
LogPluginManager: Mounting plugin OculusVR
LogPluginManager: Plugin shader directory ../../../Engine/Plugins/Runtime/Oculus/OculusVR/Shaders found
LogPluginManager: Mapping shader source directory ../../../Engine/Plugins/Runtime/Oculus/OculusVR/Shaders to virtual directory /Plugin/OculusVR
LogPluginManager: Mounting plugin PhysXVehicles
LogPluginManager: Mounting plugin ProceduralMeshComponent
LogPluginManager: Mounting plugin RuntimePhysXCooking
LogPluginManager: Mounting plugin SteamVR
LogPluginManager: Mounting plugin WindowsMoviePlayer
LogStreaming: Display: Took  0.074s to configure plugins.
LogModuleManager: Display: Found up-to-date module file ../../../../../SpareTime/Unreal/FPS/FPS/Binaries/Win64/UE4Editor-FPS-78.dll (API version 3944462).
LogModuleManager: Display: Found up-to-date module file ../../../Engine/Plugins/2D/Paper2D/Binaries/Win64/UE4Editor-Paper2D.dll (API version 3944462).
LogModuleManager: Display: Found up-to-date module file ../../../Engine/Plugins/2D/Paper2D/Binaries/Win64/UE4Editor-Paper2DEditor.dll (API version 3944462).
LogModuleManager: Display: Found up-to-date module file ../../../Engine/Plugins/2D/Paper2D/Binaries/Win64/UE4Editor-PaperSpriteSheetImporter.dll (API version 3944462).
LogModuleManager: Display: Found up-to-date module file ../../../Engine/Plugins/2D/Paper2D/Binaries/Win64/UE4Editor-PaperTiledImporter.dll (API version 3944462).
LogModuleManager: Display: Found up-to-date module file ../../../Engine/Plugins/2D/Paper2D/Binaries/Win64/UE4Editor-SmartSnapping.dll (API version 3944462).
LogModuleManager: Display: Found up-to-date module file ../../../Engine/Plugins/Animation/LiveLink/Binaries/Win64/UE4Editor-LiveLink.dll (API version 3944462).
LogModuleManager: Display: Found up-to-date module file ../../../Engine/Plugins/Animation/LiveLink/Binaries/Win64/UE4Editor-LiveLinkEditor.dll (API version 3944462).
LogModuleManager: Display: Found up-to-date module file ../../../Engine/Plugins/Blendables/LightPropagationVolume/Binaries/Win64/UE4Editor-LightPropagationVolumeRuntime.dll (API version 3944462).
LogModuleManager: Display: Found up-to-date module file ../../../Engine/Plugins/Blendables/LightPropagationVolume/Binaries/Win64/UE4Editor-LightPropagationVolumeEditor.dll (API version 3944462).
LogModuleManager: Display: Found up-to-date module file ../../../Engine/Plugins/Developer/CLionSourceCodeAccess/Binaries/Win64/UE4Editor-CLionSourceCodeAccess.dll (API version 3944462).
LogModuleManager: Display: Found up-to-date module file ../../../Engine/Plugins/Developer/GitSourceControl/Binaries/Win64/UE4Editor-GitSourceControl.dll (API version 3944462).
LogModuleManager: Display: Found up-to-date module file ../../../Engine/Plugins/Developer/PerforceSourceControl/Binaries/Win64/UE4Editor-PerforceSourceControl.dll (API version 3944462).
LogModuleManager: Display: Found up-to-date module file ../../../Engine/Plugins/Developer/SubversionSourceControl/Binaries/Win64/UE4Editor-SubversionSourceControl.dll (API version 3944462).
LogModuleManager: Display: Found up-to-date module file ../../../Engine/Plugins/Developer/UObjectPlugin/Binaries/Win64/UE4Editor-UObjectPlugin.dll (API version 3944462).
LogModuleManager: Display: Found up-to-date module file ../../../Engine/Plugins/Developer/VisualStudioCodeSourceCodeAccess/Binaries/Win64/UE4Editor-VisualStudioCodeSourceCodeAccess.dll (API version 3944462).
LogModuleManager: Display: Found up-to-date module file ../../../Engine/Plugins/Developer/VisualStudioSourceCodeAccess/Binaries/Win64/UE4Editor-VisualStudioSourceCodeAccess.dll (API version 3944462).
LogModuleManager: Display: Found up-to-date module file ../../../Engine/Plugins/Editor/AssetManagerEditor/Binaries/Win64/UE4Editor-AssetManagerEditor.dll (API version 3944462).
LogModuleManager: Display: Found up-to-date module file ../../../Engine/Plugins/Editor/CryptoKeys/Binaries/Win64/UE4Editor-CryptoKeys.dll (API version 3944462).
LogModuleManager: Display: Found up-to-date module file ../../../Engine/Plugins/Editor/CryptoKeys/Binaries/Win64/UE4Editor-CryptoKeysOpenSSL.dll (API version 3944462).
LogModuleManager: Display: Found up-to-date module file ../../../Engine/Plugins/Editor/DataValidation/Binaries/Win64/UE4Editor-DataValidation.dll (API version 3944462).
LogModuleManager: Display: Found up-to-date module file ../../../Engine/Plugins/Editor/FacialAnimation/Binaries/Win64/UE4Editor-FacialAnimation.dll (API version 3944462).
LogModuleManager: Display: Found up-to-date module file ../../../Engine/Plugins/Editor/FacialAnimation/Binaries/Win64/UE4Editor-FacialAnimationEditor.dll (API version 3944462).
LogModuleManager: Display: Found up-to-date module file ../../../Engine/Plugins/Editor/GameplayTagsEditor/Binaries/Win64/UE4Editor-GameplayTagsEditor.dll (API version 3944462).
LogModuleManager: Display: Found up-to-date module file ../../../Engine/Plugins/Editor/MobileLauncherProfileWizard/Binaries/Win64/UE4Editor-MobileLauncherProfileWizard.dll (API version 3944462).
LogModuleManager: Display: Found up-to-date module file ../../../Engine/Plugins/Editor/PluginBrowser/Binaries/Win64/UE4Editor-PluginBrowser.dll (API version 3944462).
LogModuleManager: Display: Found up-to-date module file ../../../Engine/Plugins/Editor/SpeedTreeImporter/Binaries/Win64/UE4Editor-SpeedTreeImporter.dll (API version 3944462).
LogModuleManager: Display: Found up-to-date module file ../../../Engine/Plugins/Enterprise/DatasmithContent/Binaries/Win64/UE4Editor-DatasmithContent.dll (API version 3944462).
LogModuleManager: Display: Found up-to-date module file ../../../Engine/Plugins/Experimental/AlembicImporter/Binaries/Win64/UE4Editor-AlembicImporter.dll (API version 3944462).
LogModuleManager: Display: Found up-to-date module file ../../../Engine/Plugins/Experimental/AlembicImporter/Binaries/Win64/UE4Editor-AlembicLibrary.dll (API version 3944462).
LogModuleManager: Display: Found up-to-date module file ../../../Engine/Plugins/Experimental/CharacterAI/Binaries/Win64/UE4Editor-CharacterAI.dll (API version 3944462).
LogModuleManager: Display: Found up-to-date module file ../../../Engine/Plugins/Experimental/HTML5Networking/Binaries/Win64/UE4Editor-HTML5Networking.dll (API version 3944462).
LogModuleManager: Display: Found up-to-date module file ../../../Engine/Plugins/Media/AndroidMedia/Binaries/Win64/UE4Editor-AndroidMediaEditor.dll (API version 3944462).
LogModuleManager: Display: Found up-to-date module file ../../../Engine/Plugins/Media/AndroidMedia/Binaries/Win64/UE4Editor-AndroidMediaFactory.dll (API version 3944462).
LogModuleManager: Display: Found up-to-date module file ../../../Engine/Plugins/Media/AvfMedia/Binaries/Win64/UE4Editor-AvfMediaEditor.dll (API version 3944462).
LogModuleManager: Display: Found up-to-date module file ../../../Engine/Plugins/Media/AvfMedia/Binaries/Win64/UE4Editor-AvfMediaFactory.dll (API version 3944462).
LogModuleManager: Display: Found up-to-date module file ../../../Engine/Plugins/Media/AvfMedia/Binaries/Win64/UE4Editor-AvfMediaFactory.dll (API version 3944462).
LogModuleManager: Display: Found up-to-date module file ../../../Engine/Plugins/Media/ImgMedia/Binaries/Win64/UE4Editor-ImgMedia.dll (API version 3944462).
LogModuleManager: Display: Found up-to-date module file ../../../Engine/Plugins/Media/ImgMedia/Binaries/Win64/UE4Editor-ImgMediaEditor.dll (API version 3944462).
LogModuleManager: Display: Found up-to-date module file ../../../Engine/Plugins/Media/ImgMedia/Binaries/Win64/UE4Editor-ImgMediaFactory.dll (API version 3944462).
LogModuleManager: Display: Found up-to-date module file ../../../Engine/Plugins/Media/ImgMedia/Binaries/Win64/UE4Editor-ImgMediaFactory.dll (API version 3944462).
LogModuleManager: Display: Found up-to-date module file ../../../Engine/Plugins/Media/ImgMedia/Binaries/Win64/UE4Editor-OpenExrWrapper.dll (API version 3944462).
LogModuleManager: Display: Found up-to-date module file ../../../Engine/Plugins/Media/LinearTimecode/Binaries/Win64/UE4Editor-LinearTimecode.dll (API version 3944462).
LogModuleManager: Display: Found up-to-date module file ../../../Engine/Plugins/Media/MediaCompositing/Binaries/Win64/UE4Editor-MediaCompositing.dll (API version 3944462).
LogModuleManager: Display: Found up-to-date module file ../../../Engine/Plugins/Media/MediaCompositing/Binaries/Win64/UE4Editor-MediaCompositingEditor.dll (API version 3944462).
LogModuleManager: Display: Found up-to-date module file ../../../Engine/Plugins/Media/MediaPlayerEditor/Binaries/Win64/UE4Editor-MediaPlayerEditor.dll (API version 3944462).
LogModuleManager: Display: Found up-to-date module file ../../../Engine/Plugins/Media/WmfMedia/Binaries/Win64/UE4Editor-WmfMedia.dll (API version 3944462).
LogModuleManager: Display: Found up-to-date module file ../../../Engine/Plugins/Media/WmfMedia/Binaries/Win64/UE4Editor-WmfMediaEditor.dll (API version 3944462).
LogModuleManager: Display: Found up-to-date module file ../../../Engine/Plugins/Media/WmfMedia/Binaries/Win64/UE4Editor-WmfMediaFactory.dll (API version 3944462).
LogModuleManager: Display: Found up-to-date module file ../../../Engine/Plugins/Media/WmfMedia/Binaries/Win64/UE4Editor-WmfMediaFactory.dll (API version 3944462).
LogModuleManager: Display: Found up-to-date module file ../../../Engine/Plugins/Messaging/TcpMessaging/Binaries/Win64/UE4Editor-TcpMessaging.dll (API version 3944462).
LogModuleManager: Display: Found up-to-date module file ../../../Engine/Plugins/Messaging/UdpMessaging/Binaries/Win64/UE4Editor-UdpMessaging.dll (API version 3944462).
LogModuleManager: Display: Found up-to-date module file ../../../Engine/Plugins/MovieScene/ActorSequence/Binaries/Win64/UE4Editor-ActorSequence.dll (API version 3944462).
LogModuleManager: Display: Found up-to-date module file ../../../Engine/Plugins/MovieScene/LevelSequenceEditor/Binaries/Win64/UE4Editor-LevelSequenceEditor.dll (API version 3944462).
LogModuleManager: Display: Found up-to-date module file ../../../Engine/Plugins/MovieScene/MatineeToLevelSequence/Binaries/Win64/UE4Editor-MatineeToLevelSequence.dll (API version 3944462).
LogModuleManager: Display: Found up-to-date module file ../../../Engine/Plugins/NetcodeUnitTest/NetcodeUnitTest/Binaries/Win64/UE4Editor-NetcodeUnitTest.dll (API version 3944462).
LogModuleManager: Display: Found up-to-date module file ../../../Engine/Plugins/NetcodeUnitTest/NUTUnrealEngine4/Binaries/Win64/UE4Editor-NUTUnrealEngine4.dll (API version 3944462).
LogModuleManager: Display: Found up-to-date module file ../../../Engine/Plugins/Online/OnlineSubsystem/Binaries/Win64/UE4Editor-OnlineSubsystem.dll (API version 3944462).
LogModuleManager: Display: Found up-to-date module file ../../../Engine/Plugins/Online/OnlineSubsystemNull/Binaries/Win64/UE4Editor-OnlineSubsystemNull.dll (API version 3944462).
LogModuleManager: Display: Found up-to-date module file ../../../Engine/Plugins/Online/OnlineSubsystemUtils/Binaries/Win64/UE4Editor-OnlineSubsystemUtils.dll (API version 3944462).
LogModuleManager: Display: Found up-to-date module file ../../../Engine/Plugins/Online/OnlineSubsystemUtils/Binaries/Win64/UE4Editor-OnlineBlueprintSupport.dll (API version 3944462).
LogModuleManager: Display: Found up-to-date module file ../../../Engine/Plugins/Runtime/AndroidDeviceProfileSelector/Binaries/Win64/UE4Editor-AndroidDeviceProfileSelector.dll (API version 3944462).
LogModuleManager: Display: Found up-to-date module file ../../../Engine/Plugins/Runtime/AndroidPermission/Binaries/Win64/UE4Editor-AndroidPermission.dll (API version 3944462).
LogModuleManager: Display: Found up-to-date module file ../../../Engine/Plugins/Runtime/AppleARKit/Binaries/Win64/UE4Editor-AppleARKit.dll (API version 3944462).
LogModuleManager: Display: Found up-to-date module file ../../../Engine/Plugins/Runtime/ArchVisCharacter/Binaries/Win64/UE4Editor-ArchVisCharacter.dll (API version 3944462).
LogModuleManager: Display: Found up-to-date module file ../../../Engine/Plugins/Runtime/AudioCapture/Binaries/Win64/UE4Editor-AudioCapture.dll (API version 3944462).
LogModuleManager: Display: Found up-to-date module file ../../../Engine/Plugins/Runtime/AudioCapture/Binaries/Win64/UE4Editor-AudioCaptureEditor.dll (API version 3944462).
LogModuleManager: Display: Found up-to-date module file ../../../Engine/Plugins/Runtime/CableComponent/Binaries/Win64/UE4Editor-CableComponent.dll (API version 3944462).
LogModuleManager: Display: Found up-to-date module file ../../../Engine/Plugins/Runtime/CustomMeshComponent/Binaries/Win64/UE4Editor-CustomMeshComponent.dll (API version 3944462).
LogModuleManager: Display: Found up-to-date module file ../../../Engine/Plugins/Runtime/ExampleDeviceProfileSelector/Binaries/Win64/UE4Editor-ExampleDeviceProfileSelector.dll (API version 3944462).
LogModuleManager: Display: Found up-to-date module file ../../../Engine/Plugins/Runtime/ImmediatePhysics/Binaries/Win64/UE4Editor-ImmediatePhysics.dll (API version 3944462).
LogModuleManager: Display: Found up-to-date module file ../../../Engine/Plugins/Runtime/ImmediatePhysics/Binaries/Win64/UE4Editor-ImmediatePhysicsEditor.dll (API version 3944462).
LogModuleManager: Display: Found up-to-date module file ../../../Engine/Plugins/Runtime/LocationServicesBPLibrary/Binaries/Win64/UE4Editor-LocationServicesBPLibrary.dll (API version 3944462).
LogModuleManager: Display: Found up-to-date module file ../../../Engine/Plugins/Runtime/MobilePatchingUtils/Binaries/Win64/UE4Editor-MobilePatchingUtils.dll (API version 3944462).
LogModuleManager: Display: Found up-to-date module file ../../../Engine/Plugins/Runtime/Oculus/OculusVR/Binaries/Win64/UE4Editor-OculusHMD.dll (API version 3944462).
LogModuleManager: Display: Found up-to-date module file ../../../Engine/Plugins/Runtime/Oculus/OculusVR/Binaries/Win64/UE4Editor-OculusInput.dll (API version 3944462).
LogModuleManager: Display: Found up-to-date module file ../../../Engine/Plugins/Runtime/Oculus/OculusVR/Binaries/Win64/UE4Editor-OculusEditor.dll (API version 3944462).
LogModuleManager: Display: Found up-to-date module file ../../../Engine/Plugins/Runtime/PhysXVehicles/Binaries/Win64/UE4Editor-PhysXVehicles.dll (API version 3944462).
LogModuleManager: Display: Found up-to-date module file ../../../Engine/Plugins/Runtime/PhysXVehicles/Binaries/Win64/UE4Editor-PhysXVehiclesEditor.dll (API version 3944462).
LogModuleManager: Display: Found up-to-date module file ../../../Engine/Plugins/Runtime/ProceduralMeshComponent/Binaries/Win64/UE4Editor-ProceduralMeshComponent.dll (API version 3944462).
LogModuleManager: Display: Found up-to-date module file ../../../Engine/Plugins/Runtime/ProceduralMeshComponent/Binaries/Win64/UE4Editor-ProceduralMeshComponentEditor.dll (API version 3944462).
LogModuleManager: Display: Found up-to-date module file ../../../Engine/Plugins/Runtime/RuntimePhysXCooking/Binaries/Win64/UE4Editor-RuntimePhysXCooking.dll (API version 3944462).
LogModuleManager: Display: Found up-to-date module file ../../../Engine/Plugins/Runtime/Steam/SteamVR/Binaries/Win64/UE4Editor-SteamVR.dll (API version 3944462).
LogModuleManager: Display: Found up-to-date module file ../../../Engine/Plugins/Runtime/Steam/SteamVR/Binaries/Win64/UE4Editor-SteamVRController.dll (API version 3944462).
LogModuleManager: Display: Found up-to-date module file ../../../Engine/Plugins/Runtime/WindowsMoviePlayer/Binaries/Win64/UE4Editor-WindowsMoviePlayer.dll (API version 3944462).
LogInit: Using libcurl 7.47.1
LogInit:  - built for x86_64-pc-win32
LogInit:  - supports SSL with OpenSSL/1.0.2g
LogInit:  - supports HTTP deflate (compression) using libz 1.2.8
LogInit:  - other features:
LogInit:      CURL_VERSION_SSL
LogInit:      CURL_VERSION_LIBZ
LogInit:      CURL_VERSION_IPV6
LogInit:      CURL_VERSION_ASYNCHDNS
LogInit:      CURL_VERSION_LARGEFILE
LogInit:      CURL_VERSION_IDN
LogInit:  CurlRequestOptions (configurable via config and command line):
LogInit:  - bVerifyPeer = false  - Libcurl will NOT verify peer certificate
LogInit:  - bUseHttpProxy = false  - Libcurl will NOT use HTTP proxy
LogInit:  - bDontReuseConnections = false  - Libcurl will reuse connections
LogInit:  - CertBundlePath = nullptr  - Libcurl will use whatever was configured at build time.
LogInit:  - MaxHostConnections = 16  - Libcurl will limit the number of connections to a host
LogInit:  - LocalHostAddr = Default
LogInit: WinSock: version 1.1 (2.2), MaxSocks=32767, MaxUdp=65467
LogInit: WinSock: I am Tom-Laptop (192.168.178.29:0)
LogInit: Build: ++UE4+Release-4.19-CL-4033788
LogInit: Engine Version: 4.19.2-4033788+++UE4+Release-4.19
LogInit: Compatible Engine Version: 4.19.0-3944462+++UE4+Release-4.19
LogInit: Net CL: 3944462
LogDevObjectVersion: Number of dev versions registered: 18
LogDevObjectVersion:   Dev-Blueprints (B0D832E4-1F89-4F0D-ACCF-7EB736FD4AA2): 10
LogDevObjectVersion:   Dev-Build (E1C64328-A22C-4D53-A36C-8E866417BD8C): 0
LogDevObjectVersion:   Dev-Core (375EC13C-06E4-48FB-B500-84F0262A717E): 2
LogDevObjectVersion:   Dev-Editor (E4B068ED-F494-42E9-A231-DA0B2E46BB41): 23
LogDevObjectVersion:   Dev-Framework (CFFC743F-43B0-4480-9391-14DF171D2073): 33
LogDevObjectVersion:   Dev-Mobile (B02B49B5-BB20-44E9-A304-32B752E40360): 2
LogDevObjectVersion:   Dev-Networking (A4E4105C-59A1-49B5-A7C5-40C4547EDFEE): 0
LogDevObjectVersion:   Dev-Online (39C831C9-5AE6-47DC-9A44-9C173E1C8E7C): 0
LogDevObjectVersion:   Dev-Physics (78F01B33-EBEA-4F98-B9B4-84EACCB95AA2): 0
LogDevObjectVersion:   Dev-Platform (6631380F-2D4D-43E0-8009-CF276956A95A): 0
LogDevObjectVersion:   Dev-Rendering (12F88B9F-8875-4AFC-A67C-D90C383ABD29): 25
LogDevObjectVersion:   Dev-Sequencer (7B5AE74C-D270-4C10-A958-57980B212A5A): 6
LogDevObjectVersion:   Dev-VR (D7296918-1DD6-4BDD-9DE2-64A83CC13884): 1
LogDevObjectVersion:   Dev-LoadTimes (C2A15278-BFE7-4AFE-6C17-90FF531DF755): 1
LogDevObjectVersion:   Private-Geometry (6EACA3D4-40EC-4CC1-B786-8BED09428FC5): 2
LogDevObjectVersion:   Dev-AnimPhys (29E575DD-E0A3-4627-9D10-D276232CDCEA): 16
LogDevObjectVersion:   Dev-ReflectionCapture (6B266CEC-1EC7-4B8F-A30B-E4D90942FC07): 1
LogDevObjectVersion:   Dev-Automation (0DF73D61-A23F-47EA-B727-89E90C41499A): 1
LogInit: Compiled (64-bit): Apr 27 2018 02:06:57
LogInit: Compiled with Visual C++: 19.00.24215.01
LogInit: Build Configuration: Development
LogInit: Branch Name: ++UE4+Release-4.19
LogInit: Command Line: 
LogInit: Base Directory: D:/Epic Games/UE_4.19/Engine/Binaries/Win64/
LogInit: Installed Engine Build: 1
LogStreaming: Display: Took  0.004s to delete old logs.
LogInit: Presizing for max 8388607 objects, including 0 objects not considered by GC, pre-allocating 0 bytes for permanent pool.
LogInit: Object subsystem initialized
[2018.05.18-18.44.02:414][  0]LogInit: Selected Device Profile: [Windows]
[2018.05.18-18.44.02:415][  0]LogInit: Applying CVar settings loaded from the selected device profile: [Windows]
[2018.05.18-18.44.02:426][  0]LogInit: Computer: TOM-LAPTOP
[2018.05.18-18.44.02:426][  0]LogInit: User: tomco
[2018.05.18-18.44.02:426][  0]LogInit: CPU Page size=4096, Cores=4
[2018.05.18-18.44.02:426][  0]LogInit: High frequency timer resolution =2.531252 MHz
[2018.05.18-18.44.02:426][  0]LogMemory: Memory total: Physical=7.9GB (8GB approx)
[2018.05.18-18.44.02:426][  0]LogMemory: Platform Memory Stats for Windows
[2018.05.18-18.44.02:426][  0]LogMemory: Process Physical Memory: 274.88 MB used, 274.88 MB peak
[2018.05.18-18.44.02:426][  0]LogMemory: Process Virtual Memory: 266.15 MB used, 266.15 MB peak
[2018.05.18-18.44.02:426][  0]LogMemory: Physical Memory: 5723.98 MB used,  2366.54 MB free, 8090.52 MB total
[2018.05.18-18.44.02:426][  0]LogMemory: Virtual Memory: 4786.08 MB used,  2366.54 MB free, 134217728.00 MB total
[2018.05.18-18.44.02:471][  0]LogInit: Using OS detected language (en-US).
[2018.05.18-18.44.02:471][  0]LogInit: Using OS detected locale (en-US).
[2018.05.18-18.44.02:487][  0]LogTextLocalizationManager: No specific localization for 'en-US' exists, so the 'en' localization will be used.
[2018.05.18-18.44.02:985][  0]LogStreaming: Display: Took  0.513s to EndInitTextLocalization.
[2018.05.18-18.44.02:985][  0]LogInit: Setting process to per monitor DPI aware
[2018.05.18-18.44.03:023][  0]LogSlate: New Slate User Created.  User Index 0, Is Virtual User: 0
[2018.05.18-18.44.03:023][  0]LogSlate: Slate User Registered.  User Index 0, Is Virtual User: 0
[2018.05.18-18.44.03:583][  0]LogD3D11RHI: D3D11 adapters:
[2018.05.18-18.44.03:640][  0]LogD3D11RHI:    0. 'NVIDIA GeForce GTX 960M' (Feature Level 11_0)
[2018.05.18-18.44.03:640][  0]LogD3D11RHI:       2019/0/4045 MB DedicatedVideo/DedicatedSystem/SharedSystem, Outputs:1, VendorId:0x10de
[2018.05.18-18.44.03:649][  0]LogD3D11RHI:    1. 'Intel(R) HD Graphics 530' (Feature Level 11_0)
[2018.05.18-18.44.03:649][  0]LogD3D11RHI:       128/0/4045 MB DedicatedVideo/DedicatedSystem/SharedSystem, Outputs:0, VendorId:0x8086
[2018.05.18-18.44.03:679][  0]LogD3D11RHI:    2. 'Microsoft Basic Render Driver' (Feature Level 11_0)
[2018.05.18-18.44.03:679][  0]LogD3D11RHI:       0/0/4045 MB DedicatedVideo/DedicatedSystem/SharedSystem, Outputs:0, VendorId:0x1414
[2018.05.18-18.44.03:679][  0]LogD3D11RHI: Chosen D3D11 Adapter: 0
[2018.05.18-18.44.03:698][  0]LogD3D11RHI: Creating new Direct3DDevice
[2018.05.18-18.44.03:698][  0]LogD3D11RHI:     GPU DeviceId: 0x139b (for the marketing name, search the web for "GPU Device Id")
[2018.05.18-18.44.03:698][  0]LogWindows: EnumDisplayDevices:
[2018.05.18-18.44.03:698][  0]LogWindows:    0. 'Intel(R) HD Graphics 530' (P:1 D:1)
[2018.05.18-18.44.03:698][  0]LogWindows:    1. 'Intel(R) HD Graphics 530' (P:0 D:0)
[2018.05.18-18.44.03:699][  0]LogWindows:    2. 'Intel(R) HD Graphics 530' (P:0 D:0)
[2018.05.18-18.44.03:699][  0]LogWindows: DebugString: GetVideoDriverDetailsInvalid PrimaryIsNotTheChoosenAdapter GetVideoDriverDetailsInvalid PrimaryIsNotTheChoosenAdapter GetVideoDriverDetailsInvalid PrimaryIsNotTheChoosenAdapter FoundDriverCount:0 
[2018.05.18-18.44.03:699][  0]LogD3D11RHI:     Adapter Name: NVIDIA GeForce GTX 960M
[2018.05.18-18.44.03:699][  0]LogD3D11RHI:   Driver Version: Unknown (internal:Unknown, unified:Unknown)
[2018.05.18-18.44.03:699][  0]LogD3D11RHI:      Driver Date: Unknown
[2018.05.18-18.44.03:699][  0]LogRHI: Texture pool is 1413 MB (70% of 2019 MB)
[2018.05.18-18.44.03:726][  0]LogD3D11RHI: [Aftermath] Aftermath enabled but failed to initialize
[2018.05.18-18.44.03:726][  0]LogD3D11RHI: [Aftermath] Aftermath enabled and primed
[2018.05.18-18.44.03:726][  0]LogD3D11RHI: Async texture creation enabled
[2018.05.18-18.44.03:738][  0]LogD3D11RHI: GPU Timing Frequency: 1000.000000 (Debug: 2 1)
[2018.05.18-18.44.03:739][  0]LogShaderCompilers: Guid format shader working directory is 7 characters bigger than the processId version (../../../../../SpareTime/Unreal/FPS/FPS/Intermediate/Shaders/WorkingDirectory/5488/).
[2018.05.18-18.44.03:739][  0]LogShaderCompilers: Cleaned the shader compiler working directory 'C:/Users/tomco/AppData/Local/Temp/UnrealShaderWorkingDir/0BECC67046DCFC20EB72D4B9A67D10DF/'.
[2018.05.18-18.44.04:012][  0]LogTemp: Display: Loaded TP AllDesktopTargetPlatform
[2018.05.18-18.44.04:026][  0]LogTemp: Display: Loaded TP MacClientTargetPlatform
[2018.05.18-18.44.04:041][  0]LogTemp: Display: Loaded TP MacNoEditorTargetPlatform
[2018.05.18-18.44.04:054][  0]LogTemp: Display: Loaded TP MacServerTargetPlatform
[2018.05.18-18.44.04:069][  0]LogTemp: Display: Loaded TP MacTargetPlatform
[2018.05.18-18.44.04:084][  0]LogTemp: Display: Loaded TP WindowsClientTargetPlatform
[2018.05.18-18.44.04:098][  0]LogTemp: Display: Loaded TP WindowsNoEditorTargetPlatform
[2018.05.18-18.44.04:111][  0]LogTemp: Display: Loaded TP WindowsServerTargetPlatform
[2018.05.18-18.44.04:119][  0]LogTemp: Display: Loaded TP WindowsTargetPlatform
[2018.05.18-18.44.04:131][  0]LogTemp: Display: Loaded TP Android_ASTCTargetPlatform
[2018.05.18-18.44.04:144][  0]LogTemp: Display: Loaded TP Android_ATCTargetPlatform
[2018.05.18-18.44.04:157][  0]LogTemp: Display: Loaded TP Android_DXTTargetPlatform
[2018.05.18-18.44.04:169][  0]LogTemp: Display: Loaded TP Android_ETC1aTargetPlatform
[2018.05.18-18.44.04:182][  0]LogTemp: Display: Loaded TP Android_ETC1TargetPlatform
[2018.05.18-18.44.04:194][  0]LogTemp: Display: Loaded TP Android_ETC2TargetPlatform
[2018.05.18-18.44.04:220][  0]LogTemp: Display: Loaded TP Android_MultiTargetPlatform
[2018.05.18-18.44.04:220][  0]LogTemp: Display: Loaded TP Android_PVRTCTargetPlatform
[2018.05.18-18.44.04:235][  0]LogTemp: Display: Loaded TP AndroidTargetPlatform
[2018.05.18-18.44.04:238][  0]LogTemp: Display: Loaded TP HTML5TargetPlatform
[2018.05.18-18.44.04:280][  0]LogTemp: Display: Loaded TP IOSTargetPlatform
[2018.05.18-18.44.04:292][  0]LogTemp: Display: Loaded TP TVOSTargetPlatform
[2018.05.18-18.44.04:306][  0]LogTemp: Display: Loaded TP LinuxClientTargetPlatform
[2018.05.18-18.44.04:319][  0]LogTemp: Display: Loaded TP LinuxNoEditorTargetPlatform
[2018.05.18-18.44.04:332][  0]LogTemp: Display: Loaded TP LinuxServerTargetPlatform
[2018.05.18-18.44.04:346][  0]LogTemp: Display: Loaded TP LinuxTargetPlatform
[2018.05.18-18.44.04:346][  0]LogTargetPlatformManager: Display: Building Assets For Windows
[2018.05.18-18.44.04:474][  0]LogXGEController: Cleaning working directory: C:/Users/tomco/AppData/Local/Temp/UnrealXGEWorkingDir/
[2018.05.18-18.44.04:474][  0]LogXGEController: Cannot use XGE Controller as Incredibuild is not installed on this machine.
[2018.05.18-18.44.04:474][  0]LogShaderCompilers: Cannot use XGE Shader Compiler as Incredibuild is not installed on this machine.
[2018.05.18-18.44.04:474][  0]LogShaderCompilers: Display: Using Local Shader Compiler.
[2018.05.18-18.44.05:284][  0]LogDerivedDataCache: Display: Max Cache Size: 512 MB
[2018.05.18-18.44.05:667][  0]LogDerivedDataCache: Loaded boot cache 0.38s 76MB C:/Users/tomco/AppData/Local/UnrealEngine/4.19/DerivedDataCache/Boot.ddc.
[2018.05.18-18.44.05:667][  0]LogDerivedDataCache: Display: Loaded Boot cache: C:/Users/tomco/AppData/Local/UnrealEngine/4.19/DerivedDataCache/Boot.ddc
[2018.05.18-18.44.05:667][  0]LogDerivedDataCache: FDerivedDataBackendGraph:  Pak pak cache file ../../../../../SpareTime/Unreal/FPS/FPS/DerivedDataCache/DDC.ddp not found, will not use a pak cache.
[2018.05.18-18.44.05:667][  0]LogDerivedDataCache: Unable to find inner node Pak for hierarchical cache Hierarchy.
[2018.05.18-18.44.05:667][  0]LogDerivedDataCache: FDerivedDataBackendGraph:  CompressedPak pak cache file ../../../../../SpareTime/Unreal/FPS/FPS/DerivedDataCache/Compressed.ddp not found, will not use a pak cache.
[2018.05.18-18.44.05:667][  0]LogDerivedDataCache: Unable to find inner node CompressedPak for hierarchical cache Hierarchy.
[2018.05.18-18.44.05:685][  0]LogDerivedDataCache: Display: Pak cache opened for reading ../../../Engine/DerivedDataCache/Compressed.ddp.
[2018.05.18-18.44.05:697][  0]LogDerivedDataCache: Using Local data cache path C:/Users/tomco/AppData/Local/UnrealEngine/Common/DerivedDataCache: Writable
[2018.05.18-18.44.05:697][  0]LogDerivedDataCache: Shared data cache path not found in *engine.ini, will not use an Shared cache.
[2018.05.18-18.44.05:697][  0]LogDerivedDataCache: Unable to find inner node Shared for hierarchical cache Hierarchy.
[2018.05.18-18.44.05:708][  0]LogMaterial: Verifying Global Shaders for PCD3D_SM5
[2018.05.18-18.44.05:709][  0]LogSlate: Using Freetype 2.6.0
[2018.05.18-18.44.05:709][  0]LogSlate: SlateFontCache - WITH_FREETYPE: 1, WITH_HARFBUZZ: 1
[2018.05.18-18.44.05:709][  0]LogSlate: SlateFontCache - WITH_FREETYPE: 1, WITH_HARFBUZZ: 1
[2018.05.18-18.44.06:099][  0]LogAssetRegistry: FAssetRegistry took 0.0255 seconds to start up
[2018.05.18-18.44.06:435][  0]LogInit: Selected Device Profile: [Windows]
[2018.05.18-18.44.06:599][  0]LogSimplygon: Simplygon DLL not present - disabling.
[2018.05.18-18.44.06:602][  0]LogMeshReduction: Using SimplygonSwarm for distributed automatic mesh merging
[2018.05.18-18.44.06:602][  0]LogMeshReduction: Using QuadricMeshReduction for automatic static mesh reduction
[2018.05.18-18.44.06:602][  0]LogMeshReduction: No automatic skeletal mesh reduction module available
[2018.05.18-18.44.06:602][  0]LogMeshReduction: No automatic mesh merging module available
[2018.05.18-18.44.06:602][  0]LogMeshMerging: No automatic mesh merging module available
[2018.05.18-18.44.06:632][  0]LogNetVersion: FPS , NetCL: 3944462, EngineNetVer: 2, GameNetVer: 0 (Checksum: 2326512385)
[2018.05.18-18.44.07:121][  0]LogPackageLocalizationCache: Processed 9 localized package path(s) for 2 prioritized culture(s) in 0.075681 seconds
[2018.05.18-18.44.07:127][  0]LogUObjectArray: 36728 objects as part of root set at end of initial load.
[2018.05.18-18.44.07:127][  0]LogUObjectAllocator: 7314304 out of 0 bytes used by permanent object pool.
[2018.05.18-18.44.07:127][  0]LogUObjectArray: CloseDisregardForGC: 0/0 objects in disregard for GC pool
[2018.05.18-18.44.10:473][  0]LogTcpMessaging: Initializing TcpMessaging bridge
[2018.05.18-18.44.10:502][  0]LogUdpMessaging: Initializing bridge on interface 0.0.0.0:0 to multicast group 230.0.0.1:6666.
[2018.05.18-18.44.10:729][  0]LogSkinnedMeshComp: Warning: GetSocketByName(Weapon Front): No SkeletalMesh for Component(Default__BaseWeapon) Actor(/Script/FPS)
[2018.05.18-18.44.10:729][  0]LogSkinnedMeshComp: Warning: GetSocketByName(Weapon Front): No SkeletalMesh for Component(Default__SMG) Actor(/Script/FPS)
[2018.05.18-18.44.10:776][  0]LogSkeletalMesh: Skeletal Mesh found in DDC [1.716147ms] /Game/Models/Player/Arms/Arms_SMG.Arms_SMG
[2018.05.18-18.44.10:798][  0]LogUObjectGlobals: Created PersistentFrame Addr=0x000001cdfac92250, Size=80, Default__BP_SMGAnim_C Function /Game/Animations/SMG/BP_SMGAnim.BP_SMGAnim_C:ExecuteUbergraph_BP_SMGAnim
[2018.05.18-18.44.10:809][  0]LogUObjectGlobals: Destroyed PersistentFrame Addr=0x000001cdfac92250, Size=80
[2018.05.18-18.44.10:810][  0]LogUObjectGlobals: Created PersistentFrame Addr=0x000001cdfa832cf0, Size=80, Default__BP_SMGAnim_C Function /Engine/Transient.REINST_BP_SMGAnim_C_0:ExecuteUbergraph_BP_SMGAnim
[2018.05.18-18.44.10:820][  0]LogUObjectGlobals: Created PersistentFrame Addr=0x000001cdfb4b6b10, Size=80, Default__BP_SMGAnim_C Function /Game/Animations/SMG/BP_SMGAnim.BP_SMGAnim_C:ExecuteUbergraph_BP_SMGAnim
[2018.05.18-18.44.10:866][  0]LogSkinnedMeshComp: Warning: GetSocketByName(Weapon Front): No SkeletalMesh for Component(CurrentWeaponMesh) Actor(Default__FPSPlayer)
[2018.05.18-18.44.11:034][  0]SourceControl: Source control is disabled
[2018.05.18-18.44.11:034][  0]SourceControl: Source control is disabled
[2018.05.18-18.44.11:053][  0]SourceControl: Source control is disabled
[2018.05.18-18.44.11:069][  0]SourceControl: Source control is disabled
[2018.05.18-18.44.11:550][  0]LogAndroidPermission: UAndroidPermissionCallbackProxy::GetInstance
[2018.05.18-18.44.11:703][  0]LogOcInput: OculusInput pre-init called
[2018.05.18-18.44.11:809][  0]LogEngine: Initializing Engine...
[2018.05.18-18.44.11:852][  0]LogHMD: Failed to initialize OpenVR with code 126
[2018.05.18-18.44.11:854][  0]LogStats: UGameplayTagsManager::ConstructGameplayTagTree: Construct from data asset -  0.000 s
[2018.05.18-18.44.11:854][  0]LogStats: UGameplayTagsManager::ConstructGameplayTagTree: GameplayTagTreeChangedEvent.Broadcast -  0.000 s
[2018.05.18-18.44.12:114][  0]LogAIModule: Creating AISystem for world Untitled
[2018.05.18-18.44.12:140][  0]LogInit: XAudio2 using 'Luidsprekers (Conexant SmartAudio HD)' : 2 channels at 48 kHz using 32 bits per sample (channel mask 0x3)
[2018.05.18-18.44.12:182][  0]LogInit: FAudioDevice initialized.
[2018.05.18-18.44.12:282][  0]LogDerivedDataCache: Saved boot cache 0.10s 76MB C:/Users/tomco/AppData/Local/UnrealEngine/4.19/DerivedDataCache/Boot.ddc.
[2018.05.18-18.44.12:298][  0]LogInit: Texture streaming: Enabled
[2018.05.18-18.44.12:320][  0]LogEngineSessionManager: EngineSessionManager initialized
[2018.05.18-18.44.12:321][  0]LogEngineSessionManager: EngineSessionManager sent abnormal shutdown report. Type=Crashed, SessionId={1EBCE7B6-4EC7-2252-856A-178DA4B52108}
[2018.05.18-18.44.12:337][  0]LogInit: Transaction tracking system initialized
[2018.05.18-18.44.12:370][  0]BlueprintLog: New page: Editor Load
[2018.05.18-18.44.12:476][  0]LocalizationService: Localization service is disabled
[2018.05.18-18.44.12:589][  0]LogConsoleResponse: Display: 
[2018.05.18-18.44.12:774][  0]LogCook: Display: Max memory allowance for cook 16384mb min free memory 0mb
[2018.05.18-18.44.12:774][  0]LogCook: Display: Mobile HDR setting 1
[2018.05.18-18.44.12:774][  0]LogGameplayTags: Display: UGameplayTagsManager::DoneAddingNativeTags. DelegateIsBound: 0
[2018.05.18-18.44.12:774][  0]LogStats: UGameplayTagsManager::ConstructGameplayTagTree: Construct from data asset -  0.000 s
[2018.05.18-18.44.12:774][  0]LogStats: UGameplayTagsManager::ConstructGameplayTagTree: GameplayTagTreeChangedEvent.Broadcast -  0.000 s
[2018.05.18-18.44.13:175][  0]LogFileCache: Scanning file cache for directory 'D:/SpareTime/Unreal/FPS/FPS/Content/' took 0.01s
[2018.05.18-18.44.13:175][  0]SourceControl: Source control is disabled
[2018.05.18-18.44.13:175][  0]Cmd: MAP LOAD FILE="../../../../../SpareTime/Unreal/FPS/FPS/Content/Maps/TestMap.umap" TEMPLATE=0 SHOWPROGRESS=1 FEATURELEVEL=3
[2018.05.18-18.44.13:175][  0]LightingResults: New page: Lighting Build
[2018.05.18-18.44.13:178][  0]MapCheck: New page: Map Check
[2018.05.18-18.44.13:178][  0]LightingResults: New page: Lighting Build
[2018.05.18-18.44.13:190][  0]LogUObjectGlobals: Destroyed PersistentFrame Addr=0x000001cdfa832cf0, Size=80
[2018.05.18-18.44.13:392][  0]LogAIModule: Creating AISystem for world TestMap
[2018.05.18-18.44.13:398][  0]LogEditorServer: Finished looking for orphan Actors (0.000 secs)
[2018.05.18-18.44.13:414][  0]Cmd: MAP CHECKDEP NOCLEARLOG
[2018.05.18-18.44.13:463][  0]MapCheck: Map check complete: 0 Error(s), 0 Warning(s), took 48.812ms to complete.
[2018.05.18-18.44.13:463][  0]LogFileHelpers: Loading map 'TestMap' took 0.289
[2018.05.18-18.44.13:644][  0]LogCollectionManager: Loaded 0 collections in 0.001662 seconds
[2018.05.18-18.44.13:686][  0]LogFileCache: Scanning file cache for directory 'D:/SpareTime/Unreal/FPS/FPS/Saved/Collections/' took 0.01s
[2018.05.18-18.44.13:686][  0]LogFileCache: Scanning file cache for directory 'D:/SpareTime/Unreal/FPS/FPS/Content/Developers/tomco/Collections/' took 0.01s
[2018.05.18-18.44.13:686][  0]LogFileCache: Scanning file cache for directory 'D:/SpareTime/Unreal/FPS/FPS/Content/Collections/' took 0.01s
[2018.05.18-18.44.13:686][  0]LogCollectionManager: Rebuilt the GUID cache for 0 collections in 0.000000 seconds
[2018.05.18-18.44.13:697][  0]LogContentBrowser: Native class hierarchy populated in 0.0104 seconds. Added 2459 classes and 562 folders.
[2018.05.18-18.44.13:705][  0]LogContentBrowser: Native class hierarchy updated for 'WidgetCarousel' in 0.0007 seconds. Added 0 classes and 0 folders.
[2018.05.18-18.44.13:924][  0]LogContentBrowser: Native class hierarchy updated for 'AddContentDialog' in 0.0006 seconds. Added 0 classes and 0 folders.
[2018.05.18-18.44.15:221][  0]LogSlate: Only BGRA pngs, bmps or icos are supported in by External Image Picker
[2018.05.18-18.44.15:255][  0]LogSlate: Took 0.000324 seconds to synchronously load lazily loaded font '../../../Engine/Content/Slate/Fonts/Roboto-Regular.ttf' (155K)
[2018.05.18-18.44.15:259][  0]LogSlate: Took 0.000299 seconds to synchronously load lazily loaded font '../../../Engine/Content/Slate/Fonts/Roboto-Bold.ttf' (160K)
[2018.05.18-18.44.15:269][  0]LogSlate: Took 0.001953 seconds to synchronously load lazily loaded font '../../../Engine/Content/Editor/Slate/Fonts/FontAwesome.ttf' (139K)
[2018.05.18-18.44.15:274][  0]LogSlate: Took 0.003626 seconds to synchronously load lazily loaded font '../../../Engine/Content/Slate/Fonts/DroidSansMono.ttf' (77K)
[2018.05.18-18.44.15:467][  0]LogTemp: Executing iPhonePackager certificates Engine -bundlename com.YourCompany.FPS
[2018.05.18-18.44.15:467][  0]LogTemp: CWD: D:\Epic Games\UE_4.19\Engine\Binaries\DotNET\IOS
[2018.05.18-18.44.15:467][  0]LogTemp: Initial Dir: D:\Epic Games\UE_4.19
[2018.05.18-18.44.15:467][  0]LogTemp: Env CWD: D:\Epic Games\UE_4.19\Engine\Binaries\DotNET\IOS
[2018.05.18-18.44.15:468][  0]LogTemp: BranchPath = TOM-LAPTOP/D/Epic Games/UE_4.19/Engine/Binaries --- GameBranchPath = TOM-LAPTOP/D/Epic Games/UE_4.19/Engine/Binaries
[2018.05.18-18.44.15:468][  0]LogTemp: IPP ERROR: Could not find provision directory 'C:\Users\tomco\AppData\Local/Apple Computer/MobileDevice/Provisioning Profiles/'.
[2018.05.18-18.44.15:468][  0]LogRenderer: Reallocating scene render targets to support 908x580 Format 10 NumSamples 1 (Frame:1).
[2018.05.18-18.44.15:649][  0]LogContentBrowser: Native class hierarchy updated for 'HierarchicalLODOutliner' in 0.0006 seconds. Added 0 classes and 0 folders.
[2018.05.18-18.44.15:650][  0]LogLoad: (Engine Initialization) Total time: 16.36 seconds
[2018.05.18-18.44.15:650][  0]LogLoad: (Engine Initialization) Total Blueprint compile time: 0.00 seconds
[2018.05.18-18.44.15:670][  0]LogWindowsTextInputMethodSystem: Display: IME system now deactivated.
[2018.05.18-18.44.15:697][  0]LogContentStreaming: Texture pool size now 1000 MB
[2018.05.18-18.44.15:744][  1]LogAssetRegistry: Asset discovery search completed in 9.6673 seconds
[2018.05.18-18.44.15:746][  1]LogCollectionManager: Rebuilt the object cache for 0 collections in 0.000000 seconds (found 0 objects)
[2018.05.18-18.44.15:747][  1]LogCollectionManager: Fixed up redirectors for 0 collections in 0.000258 seconds (updated 0 objects)
[2018.05.18-18.44.18:705][167]LogSlate: FSceneViewport::OnFocusLost() reason 0
[2018.05.18-18.44.18:787][172]LogTemp: Repeating last play command: Selected Viewport
[2018.05.18-18.44.18:805][172]LogPlayLevel: PlayLevel: No blueprints needed recompiling
[2018.05.18-18.44.18:806][172]PIE: New page: PIE session: TestMap (May 18, 2018, 10:44:18 PM)
[2018.05.18-18.44.18:806][172]LogPlayLevel: Creating play world package: /Game/Maps/UEDPIE_0_TestMap
[2018.05.18-18.44.18:810][172]LogPlayLevel: PIE: StaticDuplicateObject took: (0.004032s)
[2018.05.18-18.44.18:812][172]LogAIModule: Creating AISystem for world TestMap
[2018.05.18-18.44.18:812][172]LogPlayLevel: PIE: World Init took: (0.001664s)
[2018.05.18-18.44.18:813][172]LogPlayLevel: PIE: Created PIE world by copying editor world from /Game/Maps/TestMap.TestMap to /Game/Maps/UEDPIE_0_TestMap.TestMap (0.006585s)
[2018.05.18-18.44.18:831][172]LogInit: XAudio2 using 'Luidsprekers (Conexant SmartAudio HD)' : 2 channels at 48 kHz using 32 bits per sample (channel mask 0x3)
[2018.05.18-18.44.18:872][172]LogInit: FAudioDevice initialized.
[2018.05.18-18.44.18:929][172]LogUObjectGlobals: Created PersistentFrame Addr=0x000001cd97c2bf90, Size=104, Default__BP_InGameGUI_C Function /Game/UI/Widgets/BP_InGameGUI.BP_InGameGUI_C:ExecuteUbergraph_BP_InGameGUI
[2018.05.18-18.44.18:933][172]LogUObjectGlobals: Destroyed PersistentFrame Addr=0x000001cd97c2bf90, Size=104
[2018.05.18-18.44.18:933][172]LogUObjectGlobals: Created PersistentFrame Addr=0x000001cd97c2bf90, Size=104, Default__BP_InGameGUI_C Function /Engine/Transient.REINST_BP_InGameGUI_C_0:ExecuteUbergraph_BP_InGameGUI
[2018.05.18-18.44.18:936][172]LogUObjectGlobals: Created PersistentFrame Addr=0x000001cd97c28e20, Size=104, Default__BP_InGameGUI_C Function /Game/UI/Widgets/BP_InGameGUI.BP_InGameGUI_C:ExecuteUbergraph_BP_InGameGUI
[2018.05.18-18.44.18:937][172]LogSkinnedMeshComp: Warning: GetSocketByName(Weapon Front): No SkeletalMesh for Component(CurrentWeaponMesh) Actor(Default__BP_FPSPlayer_C)
[2018.05.18-18.44.18:939][172]LogSkinnedMeshComp: Warning: GetSocketByName(Weapon Front): No SkeletalMesh for Component(CurrentWeaponMesh) Actor(Default__SKEL_BP_FPSPlayer_C)
[2018.05.18-18.44.18:953][172]LogLoad: Game class is 'BP_FPSGameModeBase_C'
[2018.05.18-18.44.18:956][172]LogWorld: Bringing World /Game/Maps/UEDPIE_0_TestMap.TestMap up for play (max tick rate 60) at 2018.05.18-20.44.18
[2018.05.18-18.44.18:957][172]LogWorld: Bringing up level for play took: 0.001602
[2018.05.18-18.44.18:961][172]LogContentBrowser: Native class hierarchy updated for 'MovieSceneCapture' in 0.0007 seconds. Added 11 classes and 0 folders.
[2018.05.18-18.44.18:962][172]LogSkinnedMeshComp: Warning: GetSocketByName(Weapon Front): No SkeletalMesh for Component(CurrentWeaponMesh) Actor(BP_FPSPlayer_C_0)
[2018.05.18-18.44.19:326][172]LogStats: FPlatformStackWalk::StackWalkAndDump -  0.362 s
[2018.05.18-18.44.19:326][172]LogOutputDevice: Error: === Handled ensure: ===
[2018.05.18-18.44.19:326][172]LogOutputDevice: Error: 
[2018.05.18-18.44.19:326][172]LogOutputDevice: Error: Ensure condition failed: Component->HasBegunPlay() [File:D:\Build\++UE4+Release-4.19+Compile\Sync\Engine\Source\Runtime\Engine\Private\Actor.cpp] [Line: 3129]
[2018.05.18-18.44.19:327][172]LogOutputDevice: Error: Failed to route BeginPlay (SMG /Game/Maps/UEDPIE_0_TestMap.TestMap:PersistentLevel.BP_FPSPlayer_C_0.CurrentWeaponMesh)
[2018.05.18-18.44.19:327][172]LogOutputDevice: Error: Stack: 
[2018.05.18-18.44.19:327][172]LogOutputDevice: Error: [Callstack] 0x0000000000BDB706 UE4Editor-Core.dll!UnknownFunction []
[2018.05.18-18.44.19:327][172]LogOutputDevice: Error: [Callstack] 0x000000000093AE3A UE4Editor-Core.dll!UnknownFunction []
[2018.05.18-18.44.19:327][172]LogOutputDevice: Error: [Callstack] 0x000000000094ECD6 UE4Editor-Core.dll!UnknownFunction []
[2018.05.18-18.44.19:328][172]LogOutputDevice: Error: [Callstack] 0x00000000FBD1A2D5 UE4Editor-Engine.dll!UnknownFunction []
[2018.05.18-18.44.19:328][172]LogOutputDevice: Error: [Callstack] 0x00000000EBA75F9F UE4Editor-FPS-78.dll!AFPSPlayer::BeginPlay() [d:\sparetime\unreal\fps\fps\source\fps\fpsplayer.cpp:35]
[2018.05.18-18.44.19:328][172]LogOutputDevice: Error: [Callstack] 0x00000000FBD272FB UE4Editor-Engine.dll!UnknownFunction []
[2018.05.18-18.44.19:328][172]LogOutputDevice: Error: [Callstack] 0x00000000FCFDAE33 UE4Editor-Engine.dll!UnknownFunction []
[2018.05.18-18.44.19:328][172]LogOutputDevice: Error: [Callstack] 0x00000000FC49F731 UE4Editor-Engine.dll!UnknownFunction []
[2018.05.18-18.44.19:329][172]LogOutputDevice: Error: [Callstack] 0x00000000FCFC414E UE4Editor-Engine.dll!UnknownFunction []
[2018.05.18-18.44.19:329][172]LogOutputDevice: Error: [Callstack] 0x00000000FC4C443E UE4Editor-Engine.dll!UnknownFunction []
[2018.05.18-18.44.19:329][172]LogOutputDevice: Error: [Callstack] 0x00000000FA9B27E0 UE4Editor-UnrealEd.dll!UnknownFunction []
[2018.05.18-18.44.19:329][172]LogOutputDevice: Error: [Callstack] 0x00000000FA9D1246 UE4Editor-UnrealEd.dll!UnknownFunction []
[2018.05.18-18.44.19:329][172]LogOutputDevice: Error: [Callstack] 0x00000000FA9EBBEF UE4Editor-UnrealEd.dll!UnknownFunction []
[2018.05.18-18.44.19:329][172]LogOutputDevice: Error: [Callstack] 0x00000000FA45C961 UE4Editor-UnrealEd.dll!UnknownFunction []
[2018.05.18-18.44.19:330][172]LogOutputDevice: Error: [Callstack] 0x00000000FACF9626 UE4Editor-UnrealEd.dll!UnknownFunction []
[2018.05.18-18.44.19:330][172]LogOutputDevice: Error: [Callstack] 0x00000000B6F95EAC UE4Editor.exe!UnknownFunction []
[2018.05.18-18.44.19:330][172]LogOutputDevice: Error: [Callstack] 0x00000000B6FA6BD0 UE4Editor.exe!UnknownFunction []
[2018.05.18-18.44.19:330][172]LogOutputDevice: Error: [Callstack] 0x00000000B6FA6C4A UE4Editor.exe!UnknownFunction []
[2018.05.18-18.44.19:330][172]LogOutputDevice: Error: [Callstack] 0x00000000B6FB4177 UE4Editor.exe!UnknownFunction []
[2018.05.18-18.44.19:330][172]LogOutputDevice: Error: [Callstack] 0x00000000B6FB5B87 UE4Editor.exe!UnknownFunction []
[2018.05.18-18.44.19:330][172]LogOutputDevice: Error: [Callstack] 0x000000003E033034 KERNEL32.DLL!UnknownFunction []
[2018.05.18-18.44.19:331][172]LogOutputDevice: Error: [Callstack] 0x00000000408F1551 ntdll.dll!UnknownFunction []
[2018.05.18-18.44.19:331][172]LogOutputDevice: Error: 
[2018.05.18-18.44.19:333][172]LogStats:                SubmitErrorReport -  0.000 s
[2018.05.18-18.44.19:712][172]LogStats:                    SendNewReport -  0.379 s
[2018.05.18-18.44.19:712][172]LogStats:             FDebug::EnsureFailed -  0.748 s
[2018.05.18-18.44.19:713][172]PIE: Play in editor start time for /Game/Maps/UEDPIE_0_TestMap 1.584
[2018.05.18-18.44.29:967][772]LogUObjectGlobals: Destroyed PersistentFrame Addr=0x000001cd97c2bf90, Size=104
[2018.05.18-18.44.31:892][887]LogSlate: FSceneViewport::OnFocusLost() reason 0
[2018.05.18-18.44.31:975][892]LogTemp: Repeating last play command: Selected Viewport
[2018.05.18-18.44.31:994][892]LogPlayLevel: PlayLevel: No blueprints needed recompiling
[2018.05.18-18.44.31:994][892]PIE: New page: PIE session: TestMap (May 18, 2018, 10:44:31 PM)
[2018.05.18-18.44.31:994][892]LogPlayLevel: Creating play world package: /Game/Maps/UEDPIE_0_TestMap
[2018.05.18-18.44.31:997][892]LogPlayLevel: PIE: StaticDuplicateObject took: (0.002204s)
[2018.05.18-18.44.31:998][892]LogAIModule: Creating AISystem for world TestMap
[2018.05.18-18.44.31:999][892]LogPlayLevel: PIE: World Init took: (0.001623s)
[2018.05.18-18.44.31:999][892]LogPlayLevel: PIE: Created PIE world by copying editor world from /Game/Maps/TestMap.TestMap to /Game/Maps/UEDPIE_0_TestMap.TestMap (0.004554s)
[2018.05.18-18.44.32:017][892]LogInit: XAudio2 using 'Luidsprekers (Conexant SmartAudio HD)' : 2 channels at 48 kHz using 32 bits per sample (channel mask 0x3)
[2018.05.18-18.44.32:050][892]LogInit: FAudioDevice initialized.
[2018.05.18-18.44.32:086][892]LogLoad: Game class is 'BP_FPSGameModeBase_C'
[2018.05.18-18.44.32:088][892]LogWorld: Bringing World /Game/Maps/UEDPIE_0_TestMap.TestMap up for play (max tick rate 60) at 2018.05.18-20.44.32
[2018.05.18-18.44.32:088][892]LogWorld: Bringing up level for play took: 0.001680
[2018.05.18-18.44.32:089][892]LogSkinnedMeshComp: Warning: GetSocketByName(Weapon Front): No SkeletalMesh for Component(CurrentWeaponMesh) Actor(BP_FPSPlayer_C_0)
[2018.05.18-18.44.32:091][892]PIE: Play in editor start time for /Game/Maps/UEDPIE_0_TestMap -0.038
[2018.05.18-18.44.48:738][135]LogSlate: FSceneViewport::OnFocusLost() reason 0
[2018.05.18-18.44.48:867][141]Candidate modules for hot reload:
[2018.05.18-18.44.48:867][141]  FPS
[2018.05.18-18.44.48:867][141]Launching UnrealBuildTool... [D:/Epic Games/UE_4.19/Engine/Binaries/DotNET/UnrealBuildTool.exe FPS -ModuleWithSuffix=FPS,1044 Win64 Development -editorrecompile -canskiplink "D:/SpareTime/Unreal/FPS/FPS/FPS.uproject" ]
[2018.05.18-18.44.48:871][141]Warning: Starting HotReload took  0.0s.
[2018.05.18-18.45.19:600][985]CompilerResultsLog: New page: Compilation - May 18, 2018, 10:45:19 PM
[2018.05.18-18.45.19:601][985]CompilerResultsLog: Using 'git status' to determine working set for adaptive non-unity build.
[2018.05.18-18.45.19:601][985]CompilerResultsLog: Creating makefile for hot reloading FPS (ini files are newer than UBTMakefile)
[2018.05.18-18.45.19:601][985]CompilerResultsLog: Compiling game modules for hot reload
[2018.05.18-18.45.19:601][985]CompilerResultsLog: Performing 3 actions (4 in parallel)
[2018.05.18-18.45.19:601][985]CompilerResultsLog: SMG.cpp
[2018.05.18-18.45.19:601][985]CompilerResultsLog: [2/3] Link UE4Editor-FPS-1044.dll
[2018.05.18-18.45.19:602][985]CompilerResultsLog: [3/3] Link UE4Editor-FPS-1044.lib
[2018.05.18-18.45.19:602][985]CompilerResultsLog:    Creating library D:\SpareTime\Unreal\FPS\FPS\Intermediate\Build\Win64\UE4Editor\Development\UE4Editor-FPS-1044.lib and object D:\SpareTime\Unreal\FPS\FPS\Intermediate\Build\Win64\UE4Editor\Development\UE4Editor-FPS-1044.exp
[2018.05.18-18.45.19:602][985]CompilerResultsLog:    Creating library D:\SpareTime\Unreal\FPS\FPS\Intermediate\Build\Win64\UE4Editor\Development\UE4Editor-FPS-1044.suppressed.lib and object D:\SpareTime\Unreal\FPS\FPS\Intermediate\Build\Win64\UE4Editor\Development\UE4Editor-FPS-1044.suppressed.exp
[2018.05.18-18.45.19:603][985]CompilerResultsLog: Total build time: 30.37 seconds (Local executor: 17.35 seconds)
[2018.05.18-18.45.19:603][985]LogMainFrame: MainFrame: Module compiling took 30.740 seconds
[2018.05.18-18.45.19:644][985]LogSkinnedMeshComp: Warning: GetSocketByName(Weapon Front): No SkeletalMesh for Component(Default__BaseWeapon) Actor(/Script/FPS)
[2018.05.18-18.45.19:646][985]LogSkinnedMeshComp: Warning: GetSocketByName(Weapon Front): No SkeletalMesh for Component(CurrentWeaponMesh) Actor(Default__FPSPlayer)
[2018.05.18-18.45.19:648][985]LogSkinnedMeshComp: Warning: GetSocketByName(Weapon Front): No SkeletalMesh for Component(Default__SMG) Actor(/Script/FPS)
[2018.05.18-18.45.19:649][985]LogContentBrowser: Native class hierarchy updated for 'FPS' in 0.0010 seconds. Added 6 classes and 2 folders.
[2018.05.18-18.45.19:653][985]Display: HotReload successful (1 functions remapped  0 scriptstructs remapped)
[2018.05.18-18.45.19:767][985]LogContentBrowser: Native class hierarchy populated in 0.0097 seconds. Added 2459 classes and 562 folders.
[2018.05.18-18.45.19:767][985]Display: HotReload took 30.9s.
[2018.05.18-18.45.21:184][ 65]LogTemp: Repeating last play command: Selected Viewport
[2018.05.18-18.45.21:202][ 65]LogPlayLevel: PlayLevel: No blueprints needed recompiling
[2018.05.18-18.45.21:202][ 65]PIE: New page: PIE session: TestMap (May 18, 2018, 10:45:21 PM)
[2018.05.18-18.45.21:202][ 65]LogPlayLevel: Creating play world package: /Game/Maps/UEDPIE_0_TestMap
[2018.05.18-18.45.21:204][ 65]LogPlayLevel: PIE: StaticDuplicateObject took: (0.001638s)
[2018.05.18-18.45.21:205][ 65]LogAIModule: Creating AISystem for world TestMap
[2018.05.18-18.45.21:205][ 65]LogPlayLevel: PIE: World Init took: (0.001310s)
[2018.05.18-18.45.21:206][ 65]LogPlayLevel: PIE: Created PIE world by copying editor world from /Game/Maps/TestMap.TestMap to /Game/Maps/UEDPIE_0_TestMap.TestMap (0.003546s)
[2018.05.18-18.45.21:223][ 65]LogInit: XAudio2 using 'Luidsprekers (Conexant SmartAudio HD)' : 2 channels at 48 kHz using 32 bits per sample (channel mask 0x3)
[2018.05.18-18.45.21:255][ 65]LogInit: FAudioDevice initialized.
[2018.05.18-18.45.21:291][ 65]LogLoad: Game class is 'BP_FPSGameModeBase_C'
[2018.05.18-18.45.21:293][ 65]LogWorld: Bringing World /Game/Maps/UEDPIE_0_TestMap.TestMap up for play (max tick rate 60) at 2018.05.18-20.45.21
[2018.05.18-18.45.21:293][ 65]LogWorld: Bringing up level for play took: 0.000819
[2018.05.18-18.45.21:294][ 65]LogSkinnedMeshComp: Warning: GetSocketByName(Weapon Front): No SkeletalMesh for Component(CurrentWeaponMesh) Actor(BP_FPSPlayer_C_0)
[2018.05.18-18.45.21:295][ 65]PIE: Play in editor start time for /Game/Maps/UEDPIE_0_TestMap -0.834
[2018.05.18-18.46.12:050][555]LogSlate: FSceneViewport::OnFocusLost() reason 0
[2018.05.18-18.46.12:148][560]Candidate modules for hot reload:
[2018.05.18-18.46.12:148][560]  FPS
[2018.05.18-18.46.12:148][560]Launching UnrealBuildTool... [D:/Epic Games/UE_4.19/Engine/Binaries/DotNET/UnrealBuildTool.exe FPS -ModuleWithSuffix=FPS,589 Win64 Development -editorrecompile -canskiplink "D:/SpareTime/Unreal/FPS/FPS/FPS.uproject" ]
[2018.05.18-18.46.12:154][560]Warning: Starting HotReload took  0.0s.
[2018.05.18-18.46.17:241][866]CompilerResultsLog: New page: Compilation - May 18, 2018, 10:46:17 PM
[2018.05.18-18.46.17:241][866]CompilerResultsLog: Using 'git status' to determine working set for adaptive non-unity build.
[2018.05.18-18.46.17:241][866]CompilerResultsLog: Compiling game modules for hot reload
[2018.05.18-18.46.17:241][866]CompilerResultsLog: Performing 3 actions (4 in parallel)
[2018.05.18-18.46.17:241][866]CompilerResultsLog: SMG.cpp
[2018.05.18-18.46.17:242][866]CompilerResultsLog: [2/3] Link UE4Editor-FPS-589.dll
[2018.05.18-18.46.17:242][866]CompilerResultsLog: [3/3] Link UE4Editor-FPS-589.lib
[2018.05.18-18.46.17:242][866]CompilerResultsLog:    Creating library D:\SpareTime\Unreal\FPS\FPS\Intermediate\Build\Win64\UE4Editor\Development\UE4Editor-FPS-589.lib and object D:\SpareTime\Unreal\FPS\FPS\Intermediate\Build\Win64\UE4Editor\Development\UE4Editor-FPS-589.exp
[2018.05.18-18.46.17:243][866]CompilerResultsLog:    Creating library D:\SpareTime\Unreal\FPS\FPS\Intermediate\Build\Win64\UE4Editor\Development\UE4Editor-FPS-589.suppressed.lib and object D:\SpareTime\Unreal\FPS\FPS\Intermediate\Build\Win64\UE4Editor\Development\UE4Editor-FPS-589.suppressed.exp
[2018.05.18-18.46.17:243][866]CompilerResultsLog: Total build time: 4.72 seconds (Local executor: 3.85 seconds)
[2018.05.18-18.46.17:243][866]LogMainFrame: MainFrame: Module compiling took 5.099 seconds
[2018.05.18-18.46.17:279][866]LogSkinnedMeshComp: Warning: GetSocketByName(Weapon Front): No SkeletalMesh for Component(Default__BaseWeapon) Actor(/Script/FPS)
[2018.05.18-18.46.17:281][866]LogSkinnedMeshComp: Warning: GetSocketByName(Weapon Front): No SkeletalMesh for Component(CurrentWeaponMesh) Actor(Default__FPSPlayer)
[2018.05.18-18.46.17:282][866]LogSkinnedMeshComp: Warning: GetSocketByName(Weapon Front): No SkeletalMesh for Component(Default__SMG) Actor(/Script/FPS)
[2018.05.18-18.46.17:283][866]LogContentBrowser: Native class hierarchy updated for 'FPS' in 0.0007 seconds. Added 6 classes and 2 folders.
[2018.05.18-18.46.17:286][866]Display: HotReload successful (1 functions remapped  0 scriptstructs remapped)
[2018.05.18-18.46.17:329][866]LogContentBrowser: Native class hierarchy populated in 0.0110 seconds. Added 2459 classes and 562 folders.
[2018.05.18-18.46.17:329][866]Display: HotReload took  5.2s.
[2018.05.18-18.46.18:346][927]LogTemp: Repeating last play command: Selected Viewport
[2018.05.18-18.46.18:366][927]LogPlayLevel: PlayLevel: No blueprints needed recompiling
[2018.05.18-18.46.18:366][927]PIE: New page: PIE session: TestMap (May 18, 2018, 10:46:18 PM)
[2018.05.18-18.46.18:366][927]LogPlayLevel: Creating play world package: /Game/Maps/UEDPIE_0_TestMap
[2018.05.18-18.46.18:369][927]LogPlayLevel: PIE: StaticDuplicateObject took: (0.002198s)
[2018.05.18-18.46.18:370][927]LogAIModule: Creating AISystem for world TestMap
[2018.05.18-18.46.18:371][927]LogPlayLevel: PIE: World Init took: (0.001573s)
[2018.05.18-18.46.18:371][927]LogPlayLevel: PIE: Created PIE world by copying editor world from /Game/Maps/TestMap.TestMap to /Game/Maps/UEDPIE_0_TestMap.TestMap (0.004640s)
[2018.05.18-18.46.18:388][927]LogInit: XAudio2 using 'Luidsprekers (Conexant SmartAudio HD)' : 2 channels at 48 kHz using 32 bits per sample (channel mask 0x3)
[2018.05.18-18.46.18:425][927]LogInit: FAudioDevice initialized.
[2018.05.18-18.46.18:460][927]LogLoad: Game class is 'BP_FPSGameModeBase_C'
[2018.05.18-18.46.18:462][927]LogWorld: Bringing World /Game/Maps/UEDPIE_0_TestMap.TestMap up for play (max tick rate 60) at 2018.05.18-20.46.18
[2018.05.18-18.46.18:462][927]LogWorld: Bringing up level for play took: 0.000812
[2018.05.18-18.46.18:463][927]LogSkinnedMeshComp: Warning: GetSocketByName(Weapon Front): No SkeletalMesh for Component(CurrentWeaponMesh) Actor(BP_FPSPlayer_C_0)
[2018.05.18-18.46.18:465][927]PIE: Play in editor start time for /Game/Maps/UEDPIE_0_TestMap 0.336
[2018.05.18-18.46.34:476][590]LogSlate: FSceneViewport::OnFocusLost() reason 0
[2018.05.18-18.46.34:557][594]Candidate modules for hot reload:
[2018.05.18-18.46.34:557][594]  FPS
[2018.05.18-18.46.34:557][594]Launching UnrealBuildTool... [D:/Epic Games/UE_4.19/Engine/Binaries/DotNET/UnrealBuildTool.exe FPS -ModuleWithSuffix=FPS,1307 Win64 Development -editorrecompile -canskiplink "D:/SpareTime/Unreal/FPS/FPS/FPS.uproject" ]
[2018.05.18-18.46.34:563][594]Warning: Starting HotReload took  0.0s.
[2018.05.18-18.46.39:381][884]CompilerResultsLog: New page: Compilation - May 18, 2018, 10:46:39 PM
[2018.05.18-18.46.39:381][884]CompilerResultsLog: Using 'git status' to determine working set for adaptive non-unity build.
[2018.05.18-18.46.39:381][884]CompilerResultsLog: Compiling game modules for hot reload
[2018.05.18-18.46.39:381][884]CompilerResultsLog: Performing 3 actions (4 in parallel)
[2018.05.18-18.46.39:382][884]CompilerResultsLog: SMG.cpp
[2018.05.18-18.46.39:382][884]CompilerResultsLog: [2/3] Link UE4Editor-FPS-1307.dll
[2018.05.18-18.46.39:382][884]CompilerResultsLog: [3/3] Link UE4Editor-FPS-1307.lib
[2018.05.18-18.46.39:382][884]CompilerResultsLog:    Creating library D:\SpareTime\Unreal\FPS\FPS\Intermediate\Build\Win64\UE4Editor\Development\UE4Editor-FPS-1307.lib and object D:\SpareTime\Unreal\FPS\FPS\Intermediate\Build\Win64\UE4Editor\Development\UE4Editor-FPS-1307.exp
[2018.05.18-18.46.39:382][884]CompilerResultsLog:    Creating library D:\SpareTime\Unreal\FPS\FPS\Intermediate\Build\Win64\UE4Editor\Development\UE4Editor-FPS-1307.suppressed.lib and object D:\SpareTime\Unreal\FPS\FPS\Intermediate\Build\Win64\UE4Editor\Development\UE4Editor-FPS-1307.suppressed.exp
[2018.05.18-18.46.39:383][884]CompilerResultsLog: Total build time: 4.47 seconds (Local executor: 3.66 seconds)
[2018.05.18-18.46.39:383][884]LogMainFrame: MainFrame: Module compiling took 4.831 seconds
[2018.05.18-18.46.39:418][884]LogSkinnedMeshComp: Warning: GetSocketByName(Weapon Front): No SkeletalMesh for Component(Default__BaseWeapon) Actor(/Script/FPS)
[2018.05.18-18.46.39:419][884]LogSkinnedMeshComp: Warning: GetSocketByName(Weapon Front): No SkeletalMesh for Component(CurrentWeaponMesh) Actor(Default__FPSPlayer)
[2018.05.18-18.46.39:421][884]LogSkinnedMeshComp: Warning: GetSocketByName(Weapon Front): No SkeletalMesh for Component(Default__SMG) Actor(/Script/FPS)
[2018.05.18-18.46.39:422][884]LogContentBrowser: Native class hierarchy updated for 'FPS' in 0.0008 seconds. Added 6 classes and 2 folders.
[2018.05.18-18.46.39:425][884]Display: HotReload successful (1 functions remapped  0 scriptstructs remapped)
[2018.05.18-18.46.39:472][884]LogContentBrowser: Native class hierarchy populated in 0.0108 seconds. Added 2459 classes and 562 folders.
[2018.05.18-18.46.39:472][884]Display: HotReload took  4.9s.
[2018.05.18-18.46.40:607][952]LogTemp: Repeating last play command: Selected Viewport
[2018.05.18-18.46.40:625][952]LogPlayLevel: PlayLevel: No blueprints needed recompiling
[2018.05.18-18.46.40:626][952]PIE: New page: PIE session: TestMap (May 18, 2018, 10:46:40 PM)
[2018.05.18-18.46.40:626][952]LogPlayLevel: Creating play world package: /Game/Maps/UEDPIE_0_TestMap
[2018.05.18-18.46.40:627][952]LogPlayLevel: PIE: StaticDuplicateObject took: (0.001601s)
[2018.05.18-18.46.40:629][952]LogAIModule: Creating AISystem for world TestMap
[2018.05.18-18.46.40:629][952]LogPlayLevel: PIE: World Init took: (0.001341s)
[2018.05.18-18.46.40:629][952]LogPlayLevel: PIE: Created PIE world by copying editor world from /Game/Maps/TestMap.TestMap to /Game/Maps/UEDPIE_0_TestMap.TestMap (0.003655s)
[2018.05.18-18.46.40:646][952]LogInit: XAudio2 using 'Luidsprekers (Conexant SmartAudio HD)' : 2 channels at 48 kHz using 32 bits per sample (channel mask 0x3)
[2018.05.18-18.46.40:677][952]LogInit: FAudioDevice initialized.
[2018.05.18-18.46.40:715][952]LogLoad: Game class is 'BP_FPSGameModeBase_C'
[2018.05.18-18.46.40:717][952]LogWorld: Bringing World /Game/Maps/UEDPIE_0_TestMap.TestMap up for play (max tick rate 60) at 2018.05.18-20.46.40
[2018.05.18-18.46.40:717][952]LogWorld: Bringing up level for play took: 0.000810
[2018.05.18-18.46.40:718][952]LogSkinnedMeshComp: Warning: GetSocketByName(Weapon Front): No SkeletalMesh for Component(CurrentWeaponMesh) Actor(BP_FPSPlayer_C_0)
[2018.05.18-18.46.40:719][952]PIE: Play in editor start time for /Game/Maps/UEDPIE_0_TestMap 0.59
[2018.05.18-18.46.51:901][190]LogSlate: FSceneViewport::OnFocusLost() reason 0
[2018.05.18-18.46.51:999][195]Candidate modules for hot reload:
[2018.05.18-18.46.51:999][195]  FPS
[2018.05.18-18.46.52:000][195]Launching UnrealBuildTool... [D:/Epic Games/UE_4.19/Engine/Binaries/DotNET/UnrealBuildTool.exe FPS -ModuleWithSuffix=FPS,1494 Win64 Development -editorrecompile -canskiplink "D:/SpareTime/Unreal/FPS/FPS/FPS.uproject" ]
[2018.05.18-18.46.52:005][195]Warning: Starting HotReload took  0.0s.
[2018.05.18-18.46.56:657][475]CompilerResultsLog: New page: Compilation - May 18, 2018, 10:46:56 PM
[2018.05.18-18.46.56:657][475]CompilerResultsLog: Using 'git status' to determine working set for adaptive non-unity build.
[2018.05.18-18.46.56:657][475]CompilerResultsLog: Compiling game modules for hot reload
[2018.05.18-18.46.56:658][475]CompilerResultsLog: Performing 3 actions (4 in parallel)
[2018.05.18-18.46.56:658][475]CompilerResultsLog: SMG.cpp
[2018.05.18-18.46.56:658][475]CompilerResultsLog: [2/3] Link UE4Editor-FPS-1494.dll
[2018.05.18-18.46.56:658][475]CompilerResultsLog: [3/3] Link UE4Editor-FPS-1494.lib
[2018.05.18-18.46.56:658][475]CompilerResultsLog:    Creating library D:\SpareTime\Unreal\FPS\FPS\Intermediate\Build\Win64\UE4Editor\Development\UE4Editor-FPS-1494.lib and object D:\SpareTime\Unreal\FPS\FPS\Intermediate\Build\Win64\UE4Editor\Development\UE4Editor-FPS-1494.exp
[2018.05.18-18.46.56:659][475]CompilerResultsLog:    Creating library D:\SpareTime\Unreal\FPS\FPS\Intermediate\Build\Win64\UE4Editor\Development\UE4Editor-FPS-1494.suppressed.lib and object D:\SpareTime\Unreal\FPS\FPS\Intermediate\Build\Win64\UE4Editor\Development\UE4Editor-FPS-1494.suppressed.exp
[2018.05.18-18.46.56:659][475]CompilerResultsLog: Total build time: 4.30 seconds (Local executor: 3.44 seconds)
[2018.05.18-18.46.56:659][475]LogMainFrame: MainFrame: Module compiling took 4.665 seconds
[2018.05.18-18.46.56:694][475]LogSkinnedMeshComp: Warning: GetSocketByName(Weapon Front): No SkeletalMesh for Component(Default__BaseWeapon) Actor(/Script/FPS)
[2018.05.18-18.46.56:695][475]LogSkinnedMeshComp: Warning: GetSocketByName(Weapon Front): No SkeletalMesh for Component(CurrentWeaponMesh) Actor(Default__FPSPlayer)
[2018.05.18-18.46.56:697][475]LogSkinnedMeshComp: Warning: GetSocketByName(Weapon Front): No SkeletalMesh for Component(Default__SMG) Actor(/Script/FPS)
[2018.05.18-18.46.56:698][475]LogContentBrowser: Native class hierarchy updated for 'FPS' in 0.0006 seconds. Added 6 classes and 2 folders.
[2018.05.18-18.46.56:700][475]Display: HotReload successful (1 functions remapped  0 scriptstructs remapped)
[2018.05.18-18.46.56:743][475]LogContentBrowser: Native class hierarchy populated in 0.0110 seconds. Added 2459 classes and 562 folders.
[2018.05.18-18.46.56:743][475]Display: HotReload took  4.8s.
[2018.05.18-18.46.57:620][519]LogTemp: Repeating last play command: Selected Viewport
[2018.05.18-18.46.57:637][519]LogPlayLevel: PlayLevel: No blueprints needed recompiling
[2018.05.18-18.46.57:637][519]PIE: New page: PIE session: TestMap (May 18, 2018, 10:46:57 PM)
[2018.05.18-18.46.57:637][519]LogPlayLevel: Creating play world package: /Game/Maps/UEDPIE_0_TestMap
[2018.05.18-18.46.57:640][519]LogPlayLevel: PIE: StaticDuplicateObject took: (0.002131s)
[2018.05.18-18.46.57:641][519]LogAIModule: Creating AISystem for world TestMap
[2018.05.18-18.46.57:641][519]LogPlayLevel: PIE: World Init took: (0.001184s)
[2018.05.18-18.46.57:641][519]LogPlayLevel: PIE: Created PIE world by copying editor world from /Game/Maps/TestMap.TestMap to /Game/Maps/UEDPIE_0_TestMap.TestMap (0.003953s)
[2018.05.18-18.46.57:658][519]LogInit: XAudio2 using 'Luidsprekers (Conexant SmartAudio HD)' : 2 channels at 48 kHz using 32 bits per sample (channel mask 0x3)
[2018.05.18-18.46.57:693][519]LogInit: FAudioDevice initialized.
[2018.05.18-18.46.57:731][519]LogLoad: Game class is 'BP_FPSGameModeBase_C'
[2018.05.18-18.46.57:733][519]LogWorld: Bringing World /Game/Maps/UEDPIE_0_TestMap.TestMap up for play (max tick rate 60) at 2018.05.18-20.46.57
[2018.05.18-18.46.57:733][519]LogWorld: Bringing up level for play took: 0.000966
[2018.05.18-18.46.57:734][519]LogSkinnedMeshComp: Warning: GetSocketByName(Weapon Front): No SkeletalMesh for Component(CurrentWeaponMesh) Actor(BP_FPSPlayer_C_0)
[2018.05.18-18.46.57:735][519]PIE: Play in editor start time for /Game/Maps/UEDPIE_0_TestMap -0.393
[2018.05.18-18.46.58:305][551]LogTemp: Error: hit
[2018.05.18-18.46.59:738][637]LogTemp: Error: hit
[2018.05.18-18.47.01:305][731]LogTemp: Error: hit
[2018.05.18-18.47.01:887][766]LogTemp: Error: hit
[2018.05.18-18.47.02:388][796]LogTemp: Error: hit
[2018.05.18-18.47.18:765][973]LogSlate: FSceneViewport::OnFocusLost() reason 0
[2018.05.18-18.47.18:847][977]Candidate modules for hot reload:
[2018.05.18-18.47.18:847][977]  FPS
[2018.05.18-18.47.18:847][977]Launching UnrealBuildTool... [D:/Epic Games/UE_4.19/Engine/Binaries/DotNET/UnrealBuildTool.exe FPS -ModuleWithSuffix=FPS,1294 Win64 Development -editorrecompile -canskiplink "D:/SpareTime/Unreal/FPS/FPS/FPS.uproject" ]
[2018.05.18-18.47.18:865][977]Warning: Starting HotReload took  0.0s.
[2018.05.18-18.47.23:366][248]CompilerResultsLog: New page: Compilation - May 18, 2018, 10:47:23 PM
[2018.05.18-18.47.23:367][248]CompilerResultsLog: Using 'git status' to determine working set for adaptive non-unity build.
[2018.05.18-18.47.23:367][248]CompilerResultsLog: Compiling game modules for hot reload
[2018.05.18-18.47.23:367][248]CompilerResultsLog: Performing 3 actions (4 in parallel)
[2018.05.18-18.47.23:367][248]CompilerResultsLog: SMG.cpp
[2018.05.18-18.47.23:367][248]CompilerResultsLog: [2/3] Link UE4Editor-FPS-1294.dll
[2018.05.18-18.47.23:368][248]CompilerResultsLog: [3/3] Link UE4Editor-FPS-1294.lib
[2018.05.18-18.47.23:368][248]CompilerResultsLog:    Creating library D:\SpareTime\Unreal\FPS\FPS\Intermediate\Build\Win64\UE4Editor\Development\UE4Editor-FPS-1294.lib and object D:\SpareTime\Unreal\FPS\FPS\Intermediate\Build\Win64\UE4Editor\Development\UE4Editor-FPS-1294.exp
[2018.05.18-18.47.23:369][248]CompilerResultsLog:    Creating library D:\SpareTime\Unreal\FPS\FPS\Intermediate\Build\Win64\UE4Editor\Development\UE4Editor-FPS-1294.suppressed.lib and object D:\SpareTime\Unreal\FPS\FPS\Intermediate\Build\Win64\UE4Editor\Development\UE4Editor-FPS-1294.suppressed.exp
[2018.05.18-18.47.23:370][248]CompilerResultsLog: Total build time: 4.15 seconds (Local executor: 3.34 seconds)
[2018.05.18-18.47.23:370][248]LogMainFrame: MainFrame: Module compiling took 4.528 seconds
[2018.05.18-18.47.23:405][248]LogSkinnedMeshComp: Warning: GetSocketByName(Weapon Front): No SkeletalMesh for Component(Default__BaseWeapon) Actor(/Script/FPS)
[2018.05.18-18.47.23:407][248]LogSkinnedMeshComp: Warning: GetSocketByName(Weapon Front): No SkeletalMesh for Component(CurrentWeaponMesh) Actor(Default__FPSPlayer)
[2018.05.18-18.47.23:408][248]LogSkinnedMeshComp: Warning: GetSocketByName(Weapon Front): No SkeletalMesh for Component(Default__SMG) Actor(/Script/FPS)
[2018.05.18-18.47.23:409][248]LogContentBrowser: Native class hierarchy updated for 'FPS' in 0.0007 seconds. Added 6 classes and 2 folders.
[2018.05.18-18.47.23:411][248]Display: HotReload successful (1 functions remapped  0 scriptstructs remapped)
[2018.05.18-18.47.23:453][248]LogContentBrowser: Native class hierarchy populated in 0.0100 seconds. Added 2459 classes and 562 folders.
[2018.05.18-18.47.23:453][248]Display: HotReload took  4.6s.
[2018.05.18-18.47.24:367][293]LogTemp: Repeating last play command: Selected Viewport
[2018.05.18-18.47.24:386][293]LogPlayLevel: PlayLevel: No blueprints needed recompiling
[2018.05.18-18.47.24:386][293]PIE: New page: PIE session: TestMap (May 18, 2018, 10:47:24 PM)
[2018.05.18-18.47.24:386][293]LogPlayLevel: Creating play world package: /Game/Maps/UEDPIE_0_TestMap
[2018.05.18-18.47.24:389][293]LogPlayLevel: PIE: StaticDuplicateObject took: (0.002157s)
[2018.05.18-18.47.24:390][293]LogAIModule: Creating AISystem for world TestMap
[2018.05.18-18.47.24:391][293]LogPlayLevel: PIE: World Init took: (0.001613s)
[2018.05.18-18.47.24:391][293]LogPlayLevel: PIE: Created PIE world by copying editor world from /Game/Maps/TestMap.TestMap to /Game/Maps/UEDPIE_0_TestMap.TestMap (0.004536s)
[2018.05.18-18.47.24:408][293]LogInit: XAudio2 using 'Luidsprekers (Conexant SmartAudio HD)' : 2 channels at 48 kHz using 32 bits per sample (channel mask 0x3)
[2018.05.18-18.47.24:442][293]LogInit: FAudioDevice initialized.
[2018.05.18-18.47.24:481][293]LogLoad: Game class is 'BP_FPSGameModeBase_C'
[2018.05.18-18.47.24:483][293]LogWorld: Bringing World /Game/Maps/UEDPIE_0_TestMap.TestMap up for play (max tick rate 60) at 2018.05.18-20.47.24
[2018.05.18-18.47.24:483][293]LogWorld: Bringing up level for play took: 0.001054
[2018.05.18-18.47.24:484][293]LogSkinnedMeshComp: Warning: GetSocketByName(Weapon Front): No SkeletalMesh for Component(CurrentWeaponMesh) Actor(BP_FPSPlayer_C_0)
[2018.05.18-18.47.24:486][293]PIE: Play in editor start time for /Game/Maps/UEDPIE_0_TestMap 0.357
[2018.05.18-18.47.25:189][333]LogTemp: Error: hit
[2018.05.18-18.47.26:856][433]LogTemp: Error: hit
[2018.05.18-18.47.30:924][677]LogTemp: Error: hit
[2018.05.18-18.47.32:189][753]LogTemp: Error: hit
[2018.05.18-18.47.33:041][804]LogTemp: Error: hit
[2018.05.18-18.47.33:759][847]LogTemp: Error: hit
[2018.05.18-18.47.42:023][971]LogSlate: FSceneViewport::OnFocusLost() reason 0
[2018.05.18-18.47.42:136][977]Candidate modules for hot reload:
[2018.05.18-18.47.42:137][977]  FPS
[2018.05.18-18.47.42:137][977]Launching UnrealBuildTool... [D:/Epic Games/UE_4.19/Engine/Binaries/DotNET/UnrealBuildTool.exe FPS -ModuleWithSuffix=FPS,2526 Win64 Development -editorrecompile -canskiplink "D:/SpareTime/Unreal/FPS/FPS/FPS.uproject" ]
[2018.05.18-18.47.42:141][977]Warning: Starting HotReload took  0.0s.
[2018.05.18-18.47.46:500][239]CompilerResultsLog: New page: Compilation - May 18, 2018, 10:47:46 PM
[2018.05.18-18.47.46:500][239]CompilerResultsLog: Using 'git status' to determine working set for adaptive non-unity build.
[2018.05.18-18.47.46:500][239]CompilerResultsLog: Compiling game modules for hot reload
[2018.05.18-18.47.46:501][239]CompilerResultsLog: Performing 3 actions (4 in parallel)
[2018.05.18-18.47.46:501][239]CompilerResultsLog: SMG.cpp
[2018.05.18-18.47.46:501][239]CompilerResultsLog: [2/3] Link UE4Editor-FPS-2526.dll
[2018.05.18-18.47.46:501][239]CompilerResultsLog: [3/3] Link UE4Editor-FPS-2526.lib
[2018.05.18-18.47.46:501][239]CompilerResultsLog:    Creating library D:\SpareTime\Unreal\FPS\FPS\Intermediate\Build\Win64\UE4Editor\Development\UE4Editor-FPS-2526.lib and object D:\SpareTime\Unreal\FPS\FPS\Intermediate\Build\Win64\UE4Editor\Development\UE4Editor-FPS-2526.exp
[2018.05.18-18.47.46:501][239]CompilerResultsLog:    Creating library D:\SpareTime\Unreal\FPS\FPS\Intermediate\Build\Win64\UE4Editor\Development\UE4Editor-FPS-2526.suppressed.lib and object D:\SpareTime\Unreal\FPS\FPS\Intermediate\Build\Win64\UE4Editor\Development\UE4Editor-FPS-2526.suppressed.exp
[2018.05.18-18.47.46:502][239]CompilerResultsLog: Total build time: 4.01 seconds (Local executor: 3.24 seconds)
[2018.05.18-18.47.46:502][239]LogMainFrame: MainFrame: Module compiling took 4.369 seconds
[2018.05.18-18.47.46:537][239]LogSkinnedMeshComp: Warning: GetSocketByName(Weapon Front): No SkeletalMesh for Component(Default__BaseWeapon) Actor(/Script/FPS)
[2018.05.18-18.47.46:539][239]LogSkinnedMeshComp: Warning: GetSocketByName(Weapon Front): No SkeletalMesh for Component(CurrentWeaponMesh) Actor(Default__FPSPlayer)
[2018.05.18-18.47.46:541][239]LogSkinnedMeshComp: Warning: GetSocketByName(Weapon Front): No SkeletalMesh for Component(Default__SMG) Actor(/Script/FPS)
[2018.05.18-18.47.46:543][239]LogContentBrowser: Native class hierarchy updated for 'FPS' in 0.0008 seconds. Added 6 classes and 2 folders.
[2018.05.18-18.47.46:546][239]Display: HotReload successful (1 functions remapped  0 scriptstructs remapped)
[2018.05.18-18.47.46:592][239]LogContentBrowser: Native class hierarchy populated in 0.0103 seconds. Added 2459 classes and 562 folders.
[2018.05.18-18.47.46:592][239]Display: HotReload took  4.5s.
[2018.05.18-18.58.05:266][824]Candidate modules for hot reload:
[2018.05.18-18.58.05:266][824]  FPS
[2018.05.18-18.58.05:266][824]Launching UnrealBuildTool... [D:/Epic Games/UE_4.19/Engine/Binaries/DotNET/UnrealBuildTool.exe FPS -ModuleWithSuffix=FPS,9528 Win64 Development -editorrecompile -canskiplink "D:/SpareTime/Unreal/FPS/FPS/FPS.uproject" ]
[2018.05.18-18.58.05:271][824]Warning: Starting HotReload took  0.0s.
[2018.05.18-18.58.06:822][918]CompilerResultsLog: New page: Compilation - May 18, 2018, 10:58:06 PM
[2018.05.18-18.58.06:822][918]CompilerResultsLog: Using 'git status' to determine working set for adaptive non-unity build.
[2018.05.18-18.58.06:823][918]CompilerResultsLog: Compiling game modules for hot reload
[2018.05.18-18.58.06:823][918]CompilerResultsLog: Target is up to date
[2018.05.18-18.58.06:823][918]CompilerResultsLog: Total build time: 1.22 seconds (NoActionsToExecute executor: 0.00 seconds)
[2018.05.18-18.58.06:823][918]LogMainFrame: MainFrame: Module compiling took 1.563 seconds
[2018.05.18-18.58.06:860][918]LogContentBrowser: Native class hierarchy populated in 0.0116 seconds. Added 2459 classes and 562 folders.
[2018.05.18-18.58.06:860][918]Display: HotReload took  1.6s.
[2018.05.18-18.58.09:898][100]LogEditorViewport: Clicking on Actor (context menu): BP_Sky_Sphere_C (Sky Sphere)
[2018.05.18-18.58.10:006][100]LogSlate: FSceneViewport::OnFocusLost() reason 2
[2018.05.18-18.58.11:612][181]LogTemp: Repeating last play command: Selected Viewport
[2018.05.18-18.58.11:632][181]LogPlayLevel: PlayLevel: No blueprints needed recompiling
[2018.05.18-18.58.11:632][181]PIE: New page: PIE session: TestMap (May 18, 2018, 10:58:11 PM)
[2018.05.18-18.58.11:632][181]LogPlayLevel: Creating play world package: /Game/Maps/UEDPIE_0_TestMap
[2018.05.18-18.58.11:635][181]LogPlayLevel: PIE: StaticDuplicateObject took: (0.002723s)
[2018.05.18-18.58.11:637][181]LogAIModule: Creating AISystem for world TestMap
[2018.05.18-18.58.11:637][181]LogPlayLevel: PIE: World Init took: (0.001660s)
[2018.05.18-18.58.11:637][181]LogPlayLevel: PIE: Created PIE world by copying editor world from /Game/Maps/TestMap.TestMap to /Game/Maps/UEDPIE_0_TestMap.TestMap (0.005080s)
[2018.05.18-18.58.11:658][181]LogInit: XAudio2 using 'Luidsprekers (Conexant SmartAudio HD)' : 2 channels at 48 kHz using 32 bits per sample (channel mask 0x3)
[2018.05.18-18.58.11:693][181]LogInit: FAudioDevice initialized.
[2018.05.18-18.58.11:726][181]LogLoad: Game class is 'BP_FPSGameModeBase_C'
[2018.05.18-18.58.11:728][181]LogWorld: Bringing World /Game/Maps/UEDPIE_0_TestMap.TestMap up for play (max tick rate 60) at 2018.05.18-20.58.11
[2018.05.18-18.58.11:728][181]LogWorld: Bringing up level for play took: 0.000808
[2018.05.18-18.58.11:729][181]LogSkinnedMeshComp: Warning: GetSocketByName(Weapon Front): No SkeletalMesh for Component(CurrentWeaponMesh) Actor(BP_FPSPlayer_C_0)
[2018.05.18-18.58.11:731][181]PIE: Play in editor start time for /Game/Maps/UEDPIE_0_TestMap -0.399
[2018.05.18-18.58.12:619][232]LogTemp: Error: hit
[2018.05.18-18.58.13:217][268]LogTemp: Error: hit
[2018.05.18-19.02.52:041][987]LogSlate: FSceneViewport::OnFocusLost() reason 0
[2018.05.18-19.02.52:142][992]Candidate modules for hot reload:
[2018.05.18-19.02.52:142][992]  FPS
[2018.05.18-19.02.52:142][992]Launching UnrealBuildTool... [D:/Epic Games/UE_4.19/Engine/Binaries/DotNET/UnrealBuildTool.exe FPS -ModuleWithSuffix=FPS,3047 Win64 Development -editorrecompile -canskiplink "D:/SpareTime/Unreal/FPS/FPS/FPS.uproject" ]
[2018.05.18-19.02.52:166][992]Warning: Starting HotReload took  0.0s.
[2018.05.18-19.02.56:895][276]CompilerResultsLog: New page: Compilation - May 18, 2018, 11:02:56 PM
[2018.05.18-19.02.56:897][276]CompilerResultsLog: Using 'git status' to determine working set for adaptive non-unity build.
[2018.05.18-19.02.56:897][276]CompilerResultsLog: Compiling game modules for hot reload
[2018.05.18-19.02.56:897][276]CompilerResultsLog: Performing 4 actions (4 in parallel)
[2018.05.18-19.02.56:898][276]CompilerResultsLog: BaseWeapon.cpp
[2018.05.18-19.02.56:898][276]CompilerResultsLog: SMG.cpp
[2018.05.18-19.02.56:898][276]CompilerResultsLog: Error: D:\SpareTime\Unreal\FPS\FPS\Source\FPS\BaseWeapon.cpp(55) : warning C4996: 'USceneComponent::AttachTo': This function is deprecated, please use AttachToComponent instead. Please update your code to the new API before upgrading to the next release, otherwise your project will no longer compile.
[2018.05.18-19.02.56:898][276]CompilerResultsLog: Error: D:\Epic Games\UE_4.19\Engine\Source\Runtime\Engine\Classes\Components/SceneComponent.h(641) : note: see declaration of 'USceneComponent::AttachTo'
[2018.05.18-19.02.56:898][276]CompilerResultsLog: [3/4] Link UE4Editor-FPS-3047.dll
[2018.05.18-19.02.56:898][276]CompilerResultsLog: [4/4] Link UE4Editor-FPS-3047.lib
[2018.05.18-19.02.56:899][276]CompilerResultsLog:    Creating library D:\SpareTime\Unreal\FPS\FPS\Intermediate\Build\Win64\UE4Editor\Development\UE4Editor-FPS-3047.lib and object D:\SpareTime\Unreal\FPS\FPS\Intermediate\Build\Win64\UE4Editor\Development\UE4Editor-FPS-3047.exp
[2018.05.18-19.02.56:899][276]CompilerResultsLog:    Creating library D:\SpareTime\Unreal\FPS\FPS\Intermediate\Build\Win64\UE4Editor\Development\UE4Editor-FPS-3047.suppressed.lib and object D:\SpareTime\Unreal\FPS\FPS\Intermediate\Build\Win64\UE4Editor\Development\UE4Editor-FPS-3047.suppressed.exp
[2018.05.18-19.02.56:899][276]CompilerResultsLog: Total build time: 4.40 seconds (Local executor: 3.44 seconds)
[2018.05.18-19.02.56:900][276]LogMainFrame: MainFrame: Module compiling took 4.762 seconds
[2018.05.18-19.02.56:937][276]LogSkinnedMeshComp: Warning: GetSocketByName(Weapon Front): No SkeletalMesh for Component(Default__BaseWeapon) Actor(/Script/FPS)
[2018.05.18-19.02.56:939][276]LogSkinnedMeshComp: Warning: GetSocketByName(Weapon Front): No SkeletalMesh for Component(CurrentWeaponMesh) Actor(Default__FPSPlayer)
[2018.05.18-19.02.56:940][276]LogSkinnedMeshComp: Warning: GetSocketByName(Weapon Front): No SkeletalMesh for Component(Default__SMG) Actor(/Script/FPS)
[2018.05.18-19.02.56:941][276]LogContentBrowser: Native class hierarchy updated for 'FPS' in 0.0007 seconds. Added 6 classes and 2 folders.
[2018.05.18-19.02.56:944][276]Display: HotReload successful (1 functions remapped  0 scriptstructs remapped)
[2018.05.18-19.02.56:985][276]LogContentBrowser: Native class hierarchy populated in 0.0103 seconds. Added 2459 classes and 562 folders.
[2018.05.18-19.02.56:985][276]Display: HotReload took  4.9s.
[2018.05.18-19.03.15:809][398]LogTemp: Repeating last play command: Selected Viewport
[2018.05.18-19.03.15:829][398]LogPlayLevel: PlayLevel: No blueprints needed recompiling
[2018.05.18-19.03.15:830][398]PIE: New page: PIE session: TestMap (May 18, 2018, 11:03:15 PM)
[2018.05.18-19.03.15:830][398]LogPlayLevel: Creating play world package: /Game/Maps/UEDPIE_0_TestMap
[2018.05.18-19.03.15:833][398]LogPlayLevel: PIE: StaticDuplicateObject took: (0.002812s)
[2018.05.18-19.03.15:834][398]LogAIModule: Creating AISystem for world TestMap
[2018.05.18-19.03.15:835][398]LogPlayLevel: PIE: World Init took: (0.001758s)
[2018.05.18-19.03.15:835][398]LogPlayLevel: PIE: Created PIE world by copying editor world from /Game/Maps/TestMap.TestMap to /Game/Maps/UEDPIE_0_TestMap.TestMap (0.005404s)
[2018.05.18-19.03.15:853][398]LogInit: XAudio2 using 'Luidsprekers (Conexant SmartAudio HD)' : 2 channels at 48 kHz using 32 bits per sample (channel mask 0x3)
[2018.05.18-19.03.15:888][398]LogInit: FAudioDevice initialized.
[2018.05.18-19.03.15:926][398]LogLoad: Game class is 'BP_FPSGameModeBase_C'
[2018.05.18-19.03.15:928][398]LogWorld: Bringing World /Game/Maps/UEDPIE_0_TestMap.TestMap up for play (max tick rate 60) at 2018.05.18-21.03.15
[2018.05.18-19.03.15:929][398]LogWorld: Bringing up level for play took: 0.001087
[2018.05.18-19.03.15:929][398]LogSkinnedMeshComp: Warning: GetSocketByName(Weapon Front): No SkeletalMesh for Component(CurrentWeaponMesh) Actor(BP_FPSPlayer_C_0)
[2018.05.18-19.03.15:932][398]PIE: Play in editor start time for /Game/Maps/UEDPIE_0_TestMap -0.197
[2018.05.18-19.06.25:253][730]LogSlate: FSceneViewport::OnFocusLost() reason 0
[2018.05.18-19.06.25:687][755]Candidate modules for hot reload:
[2018.05.18-19.06.25:687][755]  FPS
[2018.05.18-19.06.25:687][755]Launching UnrealBuildTool... [D:/Epic Games/UE_4.19/Engine/Binaries/DotNET/UnrealBuildTool.exe FPS -ModuleWithSuffix=FPS,343 Win64 Development -editorrecompile -canskiplink "D:/SpareTime/Unreal/FPS/FPS/FPS.uproject" ]
[2018.05.18-19.06.25:692][755]Warning: Starting HotReload took  0.0s.
[2018.05.18-19.06.49:402][178]CompilerResultsLog: New page: Compilation - May 18, 2018, 11:06:49 PM
[2018.05.18-19.06.49:403][178]CompilerResultsLog: Using 'git status' to determine working set for adaptive non-unity build.
[2018.05.18-19.06.49:403][178]CompilerResultsLog: Compiling game modules for hot reload
[2018.05.18-19.06.49:403][178]CompilerResultsLog: Parsing headers for FPSEditor
[2018.05.18-19.06.49:403][178]CompilerResultsLog:   Running UnrealHeaderTool "D:\SpareTime\Unreal\FPS\FPS\FPS.uproject" "D:\SpareTime\Unreal\FPS\FPS\Intermediate\Build\Win64\FPSEditor\Development\FPSEditor.uhtmanifest" -LogCmds="loginit warning, logexit warning, logdatabase error" -Unattended -WarningsAsErrors -installed
[2018.05.18-19.06.49:404][178]CompilerResultsLog: Reflection code generated for FPSEditor in 16.5300689 seconds
[2018.05.18-19.06.49:404][178]CompilerResultsLog: Performing 7 actions (4 in parallel)
[2018.05.18-19.06.49:404][178]CompilerResultsLog: BaseWeapon.gen.cpp
[2018.05.18-19.06.49:404][178]CompilerResultsLog: BaseWeapon.cpp
[2018.05.18-19.06.49:404][178]CompilerResultsLog: SMG.cpp
[2018.05.18-19.06.49:404][178]CompilerResultsLog: FPSPlayer.cpp
[2018.05.18-19.06.49:404][178]CompilerResultsLog: Error: D:\SpareTime\Unreal\FPS\FPS\Source\FPS\BaseWeapon.cpp(55) : warning C4996: 'USceneComponent::AttachTo': This function is deprecated, please use AttachToComponent instead. Please update your code to the new API before upgrading to the next release, otherwise your project will no longer compile.
[2018.05.18-19.06.49:405][178]CompilerResultsLog: Error: D:\Epic Games\UE_4.19\Engine\Source\Runtime\Engine\Classes\Components/SceneComponent.h(641) : note: see declaration of 'USceneComponent::AttachTo'
[2018.05.18-19.06.49:405][178]CompilerResultsLog: SMG.gen.cpp
[2018.05.18-19.06.49:405][178]CompilerResultsLog: [6/7] Link UE4Editor-FPS-343.dll
[2018.05.18-19.06.49:406][178]CompilerResultsLog: [7/7] Link UE4Editor-FPS-343.lib
[2018.05.18-19.06.49:406][178]CompilerResultsLog:    Creating library D:\SpareTime\Unreal\FPS\FPS\Intermediate\Build\Win64\UE4Editor\Development\UE4Editor-FPS-343.lib and object D:\SpareTime\Unreal\FPS\FPS\Intermediate\Build\Win64\UE4Editor\Development\UE4Editor-FPS-343.exp
[2018.05.18-19.06.49:407][178]CompilerResultsLog:    Creating library D:\SpareTime\Unreal\FPS\FPS\Intermediate\Build\Win64\UE4Editor\Development\UE4Editor-FPS-343.suppressed.lib and object D:\SpareTime\Unreal\FPS\FPS\Intermediate\Build\Win64\UE4Editor\Development\UE4Editor-FPS-343.suppressed.exp
[2018.05.18-19.06.49:408][178]CompilerResultsLog: Total build time: 23.36 seconds (Local executor: 5.76 seconds)
[2018.05.18-19.06.49:408][178]LogMainFrame: MainFrame: Module compiling took 23.729 seconds
[2018.05.18-19.06.49:441][178]LogClass: Could not find existing class BaseWeapon in package /Script/FPS for HotReload, assuming new class
[2018.05.18-19.06.49:441][178]LogClass: Function GetAmmoUpdate is new.
[2018.05.18-19.06.49:444][178]LogClass: Could not find existing class SMG in package /Script/FPS for HotReload, assuming new class
[2018.05.18-19.06.49:448][178]LogHotReload: Re-instancing BaseWeapon after hot-reload.
[2018.05.18-19.06.49:500][178]LogHotReload: Re-instancing FPSPlayer after hot-reload.
[2018.05.18-19.06.49:511][178]LogProperty: Warning: Serialized Class /Engine/Transient.HOTRELOADED_SMG_1 for a property of Class /Script/FPS.BaseWeapon. Reference will be nullptred.
    Property = ObjectProperty /Script/FPS.FPSPlayer:CurrentWeapon
    Item = HOTRELOADED_SMG_1 /Engine/Transient.Default__BP_FPSPlayer_C:CurrentWeaponMesh
[2018.05.18-19.06.49:563][178]LogHotReload: Re-instancing SMG after hot-reload.
[2018.05.18-19.06.49:617][178]LogContentBrowser: Native class hierarchy updated for 'FPS' in 0.0007 seconds. Added 6 classes and 2 folders.
[2018.05.18-19.06.49:620][178]Display: HotReload successful (0 functions remapped  0 scriptstructs remapped)
[2018.05.18-19.06.49:668][178]LogContentBrowser: Native class hierarchy populated in 0.0125 seconds. Added 2459 classes and 562 folders.
[2018.05.18-19.06.49:668][178]Display: HotReload took 24.0s.
[2018.05.18-19.07.02:963][966]LogTemp: Repeating last play command: Selected Viewport
[2018.05.18-19.07.02:982][966]LogPlayLevel: PlayLevel: No blueprints needed recompiling
[2018.05.18-19.07.02:982][966]PIE: New page: PIE session: TestMap (May 18, 2018, 11:07:02 PM)
[2018.05.18-19.07.02:982][966]LogPlayLevel: Creating play world package: /Game/Maps/UEDPIE_0_TestMap
[2018.05.18-19.07.02:986][966]LogPlayLevel: PIE: StaticDuplicateObject took: (0.003185s)
[2018.05.18-19.07.02:987][966]LogAIModule: Creating AISystem for world TestMap
[2018.05.18-19.07.02:988][966]LogPlayLevel: PIE: World Init took: (0.001527s)
[2018.05.18-19.07.02:988][966]LogPlayLevel: PIE: Created PIE world by copying editor world from /Game/Maps/TestMap.TestMap to /Game/Maps/UEDPIE_0_TestMap.TestMap (0.005560s)
[2018.05.18-19.07.03:006][966]LogInit: XAudio2 using 'Luidsprekers (Conexant SmartAudio HD)' : 2 channels at 48 kHz using 32 bits per sample (channel mask 0x3)
[2018.05.18-19.07.03:044][966]LogInit: FAudioDevice initialized.
[2018.05.18-19.07.03:081][966]LogLoad: Game class is 'BP_FPSGameModeBase_C'
[2018.05.18-19.07.03:083][966]LogWorld: Bringing World /Game/Maps/UEDPIE_0_TestMap.TestMap up for play (max tick rate 60) at 2018.05.18-21.07.03
[2018.05.18-19.07.03:083][966]LogWorld: Bringing up level for play took: 0.000989
[2018.05.18-19.07.03:086][966]LogScript: Warning: Accessed None trying to read property CurrentWeapon
	BP_InGameGUI_C /Engine/Transient.UnrealEdEngine_0:GameInstance_9.BP_InGameGUI_C_9
	Function /Game/UI/Widgets/BP_InGameGUI.BP_InGameGUI_C:ExecuteUbergraph_BP_InGameGUI:00DA
[2018.05.18-19.07.03:088][966]PIE: Error: Blueprint Runtime Error: Accessed None trying to read property CurrentWeapon from function: 'ExecuteUbergraph_BP_InGameGUI' from node: Assign On Ammo Change in graph: EventGraph in object: BP_InGameGUI with description: Accessed None trying to read property CurrentWeapon
[2018.05.18-19.07.03:089][966]LogScript: Warning: Accessed None trying to read property CurrentWeapon
	BP_InGameGUI_C /Engine/Transient.UnrealEdEngine_0:GameInstance_9.BP_InGameGUI_C_9
	Function /Game/UI/Widgets/BP_InGameGUI.BP_InGameGUI_C:ExecuteUbergraph_BP_InGameGUI:011A
[2018.05.18-19.07.03:089][966]PIE: Error: Blueprint Runtime Error: Accessed None trying to read property CurrentWeapon from function: 'ExecuteUbergraph_BP_InGameGUI' from node: Get Ammo Update in graph: EventGraph in object: BP_InGameGUI with description: Accessed None trying to read property CurrentWeapon
[2018.05.18-19.07.04:591][966]LogWindows: Error: === Critical error: ===
[2018.05.18-19.07.04:591][966]LogWindows: Error: 
[2018.05.18-19.07.04:591][966]LogWindows: Error: Unhandled Exception: EXCEPTION_ACCESS_VIOLATION reading address 0x00000000
[2018.05.18-19.07.04:591][966]LogWindows: Error: 
[2018.05.18-19.07.04:591][966]LogWindows: Error: [Callstack] 0x00000000E5E25F76 UE4Editor-FPS-343.dll!AFPSPlayer::BeginPlay() [d:\sparetime\unreal\fps\fps\source\fps\fpsplayer.cpp:40]
[2018.05.18-19.07.04:591][966]LogWindows: Error: [Callstack] 0x00000000FBD272FB UE4Editor-Engine.dll!UnknownFunction []
[2018.05.18-19.07.04:591][966]LogWindows: Error: [Callstack] 0x00000000FCFDAE33 UE4Editor-Engine.dll!UnknownFunction []
[2018.05.18-19.07.04:591][966]LogWindows: Error: [Callstack] 0x00000000FC49F731 UE4Editor-Engine.dll!UnknownFunction []
[2018.05.18-19.07.04:591][966]LogWindows: Error: [Callstack] 0x00000000FCFC414E UE4Editor-Engine.dll!UnknownFunction []
[2018.05.18-19.07.04:591][966]LogWindows: Error: [Callstack] 0x00000000FC4C443E UE4Editor-Engine.dll!UnknownFunction []
[2018.05.18-19.07.04:591][966]LogWindows: Error: [Callstack] 0x00000000FA9B27E0 UE4Editor-UnrealEd.dll!UnknownFunction []
[2018.05.18-19.07.04:591][966]LogWindows: Error: [Callstack] 0x00000000FA9D1246 UE4Editor-UnrealEd.dll!UnknownFunction []
[2018.05.18-19.07.04:591][966]LogWindows: Error: [Callstack] 0x00000000FA9EBBEF UE4Editor-UnrealEd.dll!UnknownFunction []
[2018.05.18-19.07.04:591][966]LogWindows: Error: [Callstack] 0x00000000FA45C961 UE4Editor-UnrealEd.dll!UnknownFunction []
[2018.05.18-19.07.04:591][966]LogWindows: Error: [Callstack] 0x00000000FACF9626 UE4Editor-UnrealEd.dll!UnknownFunction []
[2018.05.18-19.07.04:591][966]LogWindows: Error: [Callstack] 0x00000000B6F95EAC UE4Editor.exe!UnknownFunction []
[2018.05.18-19.07.04:591][966]LogWindows: Error: [Callstack] 0x00000000B6FA6BD0 UE4Editor.exe!UnknownFunction []
[2018.05.18-19.07.04:591][966]LogWindows: Error: [Callstack] 0x00000000B6FA6C4A UE4Editor.exe!UnknownFunction []
[2018.05.18-19.07.04:591][966]LogWindows: Error: [Callstack] 0x00000000B6FB4177 UE4Editor.exe!UnknownFunction []
[2018.05.18-19.07.04:591][966]LogWindows: Error: [Callstack] 0x00000000B6FB5B87 UE4Editor.exe!UnknownFunction []
[2018.05.18-19.07.04:591][966]LogWindows: Error: [Callstack] 0x000000003E033034 KERNEL32.DLL!UnknownFunction []
[2018.05.18-19.07.04:591][966]LogWindows: Error: [Callstack] 0x00000000408F1551 ntdll.dll!UnknownFunction []
[2018.05.18-19.07.04:591][966]LogWindows: Error: [Callstack] 0x00000000408F1551 ntdll.dll!UnknownFunction []
[2018.05.18-19.07.04:591][966]LogWindows: Error: 
[2018.05.18-19.07.04:611][966]LogExit: Executing StaticShutdownAfterError
[2018.05.18-19.07.04:632][966]LogWindows: FPlatformMisc::RequestExit(1)
[2018.05.18-19.07.04:633][966]Log file closed, 05/18/18 21:07:04
