Log file open, 06/15/18 11:05:15
LogWindows: Failed to load 'aqProf.dll' (GetLastError=126)
LogWindows: File 'aqProf.dll' does not exist
LogWindows: Failed to load 'VtuneApi.dll' (GetLastError=126)
LogWindows: File 'VtuneApi.dll' does not exist
LogWindows: Failed to load 'VtuneApi32e.dll' (GetLastError=126)
LogWindows: File 'VtuneApi32e.dll' does not exist
LogInit: Display: Running engine for game: FPS
LogPlatformFile: Not using cached read wrapper
LogInit: Display: RandInit(100470213) SRandInit(100470213).
LogInit: Read version file with build ID '3944462'
LogInit: Overriding engine version to CL 4033788, compatible CL 3944462
LogInit: Registered custom module enumerator with build ID '3944462'
LogTaskGraph: Started task graph with 5 named threads and 23 total threads with 3 sets of task threads.
LogStats: Stats thread started at 0.417976
LogD3D11RHI: Aftermath initialized
LogICUInternationalization: Display: ICU TimeZone Detection - Raw Offset: +1:00, Platform Override: ''
LogPluginManager: Mounting plugin Paper2D
LogPluginManager: Mounting plugin LiveLink
LogPluginManager: Mounting plugin LightPropagationVolume
LogPluginManager: Mounting plugin CLionSourceCodeAccess
LogPluginManager: Mounting plugin CodeLiteSourceCodeAccess
LogPluginManager: Mounting plugin GitSourceControl
LogPluginManager: Mounting plugin KDevelopSourceCodeAccess
LogPluginManager: Mounting plugin NullSourceCodeAccess
LogPluginManager: Mounting plugin PerforceSourceControl
LogPluginManager: Mounting plugin SubversionSourceControl
LogPluginManager: Mounting plugin UObjectPlugin
LogPluginManager: Mounting plugin VisualStudioCodeSourceCodeAccess
LogPluginManager: Mounting plugin VisualStudioSourceCodeAccess
LogPluginManager: Mounting plugin XCodeSourceCodeAccess
LogPluginManager: Mounting plugin AssetManagerEditor
LogPluginManager: Mounting plugin CryptoKeys
LogPluginManager: Mounting plugin DataValidation
LogPluginManager: Mounting plugin FacialAnimation
LogPluginManager: Mounting plugin GameplayTagsEditor
LogPluginManager: Mounting plugin MobileLauncherProfileWizard
LogPluginManager: Mounting plugin PluginBrowser
LogPluginManager: Mounting plugin SpeedTreeImporter
LogPluginManager: Mounting plugin DatasmithContent
LogPluginManager: Mounting plugin AlembicImporter
LogPluginManager: Mounting plugin CharacterAI
LogPluginManager: Mounting plugin HTML5Networking
LogPluginManager: Mounting plugin AndroidMedia
LogPluginManager: Mounting plugin AvfMedia
LogPluginManager: Mounting plugin ImgMedia
LogPluginManager: Mounting plugin LinearTimecode
LogPluginManager: Mounting plugin MediaCompositing
LogPluginManager: Mounting plugin MediaPlayerEditor
LogPluginManager: Mounting plugin WmfMedia
LogPluginManager: Mounting plugin TcpMessaging
LogPluginManager: Mounting plugin UdpMessaging
LogPluginManager: Mounting plugin ActorSequence
LogPluginManager: Mounting plugin LevelSequenceEditor
LogPluginManager: Mounting plugin MatineeToLevelSequence
LogPluginManager: Mounting plugin NetcodeUnitTest
LogPluginManager: Mounting plugin NUTUnrealEngine4
LogPluginManager: Mounting plugin OnlineSubsystemGooglePlay
LogPluginManager: Mounting plugin OnlineSubsystemIOS
LogPluginManager: Mounting plugin OnlineSubsystem
LogPluginManager: Mounting plugin OnlineSubsystemNull
LogPluginManager: Mounting plugin OnlineSubsystemUtils
LogPluginManager: Mounting plugin AndroidDeviceProfileSelector
LogPluginManager: Mounting plugin AndroidMoviePlayer
LogPluginManager: Mounting plugin AndroidPermission
LogPluginManager: Mounting plugin AppleARKit
LogPluginManager: Mounting plugin AppleMoviePlayer
LogPluginManager: Mounting plugin ArchVisCharacter
LogPluginManager: Mounting plugin AudioCapture
LogPluginManager: Mounting plugin CableComponent
LogPluginManager: Mounting plugin CustomMeshComponent
LogPluginManager: Mounting plugin ExampleDeviceProfileSelector
LogPluginManager: Mounting plugin GoogleCloudMessaging
LogPluginManager: Mounting plugin ImmediatePhysics
LogPluginManager: Mounting plugin IOSDeviceProfileSelector
LogPluginManager: Mounting plugin LinuxDeviceProfileSelector
LogPluginManager: Mounting plugin LocationServicesBPLibrary
LogPluginManager: Mounting plugin MobilePatchingUtils
LogPluginManager: Mounting plugin OculusVR
LogPluginManager: Plugin shader directory ../../../Engine/Plugins/Runtime/Oculus/OculusVR/Shaders found
LogPluginManager: Mapping shader source directory ../../../Engine/Plugins/Runtime/Oculus/OculusVR/Shaders to virtual directory /Plugin/OculusVR
LogPluginManager: Mounting plugin PhysXVehicles
LogPluginManager: Mounting plugin ProceduralMeshComponent
LogPluginManager: Mounting plugin RuntimePhysXCooking
LogPluginManager: Mounting plugin SteamVR
LogPluginManager: Mounting plugin WindowsMoviePlayer
LogPluginManager: Mounting plugin CoverPointGenerator
LogStreaming: Display: Took  0.108s to configure plugins.
LogModuleManager: Display: Found up-to-date module file ../../../../../SpareTime/Unreal/FPS/FPS/Binaries/Win64/UE4Editor-FPS.dll (API version 3944462).
LogModuleManager: Display: Found up-to-date module file ../../../Engine/Plugins/2D/Paper2D/Binaries/Win64/UE4Editor-Paper2D.dll (API version 3944462).
LogModuleManager: Display: Found up-to-date module file ../../../Engine/Plugins/2D/Paper2D/Binaries/Win64/UE4Editor-Paper2DEditor.dll (API version 3944462).
LogModuleManager: Display: Found up-to-date module file ../../../Engine/Plugins/2D/Paper2D/Binaries/Win64/UE4Editor-PaperSpriteSheetImporter.dll (API version 3944462).
LogModuleManager: Display: Found up-to-date module file ../../../Engine/Plugins/2D/Paper2D/Binaries/Win64/UE4Editor-PaperTiledImporter.dll (API version 3944462).
LogModuleManager: Display: Found up-to-date module file ../../../Engine/Plugins/2D/Paper2D/Binaries/Win64/UE4Editor-SmartSnapping.dll (API version 3944462).
LogModuleManager: Display: Found up-to-date module file ../../../Engine/Plugins/Animation/LiveLink/Binaries/Win64/UE4Editor-LiveLink.dll (API version 3944462).
LogModuleManager: Display: Found up-to-date module file ../../../Engine/Plugins/Animation/LiveLink/Binaries/Win64/UE4Editor-LiveLinkEditor.dll (API version 3944462).
LogModuleManager: Display: Found up-to-date module file ../../../Engine/Plugins/Blendables/LightPropagationVolume/Binaries/Win64/UE4Editor-LightPropagationVolumeRuntime.dll (API version 3944462).
LogModuleManager: Display: Found up-to-date module file ../../../Engine/Plugins/Blendables/LightPropagationVolume/Binaries/Win64/UE4Editor-LightPropagationVolumeEditor.dll (API version 3944462).
LogModuleManager: Display: Found up-to-date module file ../../../Engine/Plugins/Developer/CLionSourceCodeAccess/Binaries/Win64/UE4Editor-CLionSourceCodeAccess.dll (API version 3944462).
LogModuleManager: Display: Found up-to-date module file ../../../Engine/Plugins/Developer/GitSourceControl/Binaries/Win64/UE4Editor-GitSourceControl.dll (API version 3944462).
LogModuleManager: Display: Found up-to-date module file ../../../Engine/Plugins/Developer/PerforceSourceControl/Binaries/Win64/UE4Editor-PerforceSourceControl.dll (API version 3944462).
LogModuleManager: Display: Found up-to-date module file ../../../Engine/Plugins/Developer/SubversionSourceControl/Binaries/Win64/UE4Editor-SubversionSourceControl.dll (API version 3944462).
LogModuleManager: Display: Found up-to-date module file ../../../Engine/Plugins/Developer/UObjectPlugin/Binaries/Win64/UE4Editor-UObjectPlugin.dll (API version 3944462).
LogModuleManager: Display: Found up-to-date module file ../../../Engine/Plugins/Developer/VisualStudioCodeSourceCodeAccess/Binaries/Win64/UE4Editor-VisualStudioCodeSourceCodeAccess.dll (API version 3944462).
LogModuleManager: Display: Found up-to-date module file ../../../Engine/Plugins/Developer/VisualStudioSourceCodeAccess/Binaries/Win64/UE4Editor-VisualStudioSourceCodeAccess.dll (API version 3944462).
LogModuleManager: Display: Found up-to-date module file ../../../Engine/Plugins/Editor/AssetManagerEditor/Binaries/Win64/UE4Editor-AssetManagerEditor.dll (API version 3944462).
LogModuleManager: Display: Found up-to-date module file ../../../Engine/Plugins/Editor/CryptoKeys/Binaries/Win64/UE4Editor-CryptoKeys.dll (API version 3944462).
LogModuleManager: Display: Found up-to-date module file ../../../Engine/Plugins/Editor/CryptoKeys/Binaries/Win64/UE4Editor-CryptoKeysOpenSSL.dll (API version 3944462).
LogModuleManager: Display: Found up-to-date module file ../../../Engine/Plugins/Editor/DataValidation/Binaries/Win64/UE4Editor-DataValidation.dll (API version 3944462).
LogModuleManager: Display: Found up-to-date module file ../../../Engine/Plugins/Editor/FacialAnimation/Binaries/Win64/UE4Editor-FacialAnimation.dll (API version 3944462).
LogModuleManager: Display: Found up-to-date module file ../../../Engine/Plugins/Editor/FacialAnimation/Binaries/Win64/UE4Editor-FacialAnimationEditor.dll (API version 3944462).
LogModuleManager: Display: Found up-to-date module file ../../../Engine/Plugins/Editor/GameplayTagsEditor/Binaries/Win64/UE4Editor-GameplayTagsEditor.dll (API version 3944462).
LogModuleManager: Display: Found up-to-date module file ../../../Engine/Plugins/Editor/MobileLauncherProfileWizard/Binaries/Win64/UE4Editor-MobileLauncherProfileWizard.dll (API version 3944462).
LogModuleManager: Display: Found up-to-date module file ../../../Engine/Plugins/Editor/PluginBrowser/Binaries/Win64/UE4Editor-PluginBrowser.dll (API version 3944462).
LogModuleManager: Display: Found up-to-date module file ../../../Engine/Plugins/Editor/SpeedTreeImporter/Binaries/Win64/UE4Editor-SpeedTreeImporter.dll (API version 3944462).
LogModuleManager: Display: Found up-to-date module file ../../../Engine/Plugins/Enterprise/DatasmithContent/Binaries/Win64/UE4Editor-DatasmithContent.dll (API version 3944462).
LogModuleManager: Display: Found up-to-date module file ../../../Engine/Plugins/Experimental/AlembicImporter/Binaries/Win64/UE4Editor-AlembicImporter.dll (API version 3944462).
LogModuleManager: Display: Found up-to-date module file ../../../Engine/Plugins/Experimental/AlembicImporter/Binaries/Win64/UE4Editor-AlembicLibrary.dll (API version 3944462).
LogModuleManager: Display: Found up-to-date module file ../../../Engine/Plugins/Experimental/CharacterAI/Binaries/Win64/UE4Editor-CharacterAI.dll (API version 3944462).
LogModuleManager: Display: Found up-to-date module file ../../../Engine/Plugins/Experimental/HTML5Networking/Binaries/Win64/UE4Editor-HTML5Networking.dll (API version 3944462).
LogModuleManager: Display: Found up-to-date module file ../../../Engine/Plugins/Media/AndroidMedia/Binaries/Win64/UE4Editor-AndroidMediaEditor.dll (API version 3944462).
LogModuleManager: Display: Found up-to-date module file ../../../Engine/Plugins/Media/AndroidMedia/Binaries/Win64/UE4Editor-AndroidMediaFactory.dll (API version 3944462).
LogModuleManager: Display: Found up-to-date module file ../../../Engine/Plugins/Media/AvfMedia/Binaries/Win64/UE4Editor-AvfMediaEditor.dll (API version 3944462).
LogModuleManager: Display: Found up-to-date module file ../../../Engine/Plugins/Media/AvfMedia/Binaries/Win64/UE4Editor-AvfMediaFactory.dll (API version 3944462).
LogModuleManager: Display: Found up-to-date module file ../../../Engine/Plugins/Media/AvfMedia/Binaries/Win64/UE4Editor-AvfMediaFactory.dll (API version 3944462).
LogModuleManager: Display: Found up-to-date module file ../../../Engine/Plugins/Media/ImgMedia/Binaries/Win64/UE4Editor-ImgMedia.dll (API version 3944462).
LogModuleManager: Display: Found up-to-date module file ../../../Engine/Plugins/Media/ImgMedia/Binaries/Win64/UE4Editor-ImgMediaEditor.dll (API version 3944462).
LogModuleManager: Display: Found up-to-date module file ../../../Engine/Plugins/Media/ImgMedia/Binaries/Win64/UE4Editor-ImgMediaFactory.dll (API version 3944462).
LogModuleManager: Display: Found up-to-date module file ../../../Engine/Plugins/Media/ImgMedia/Binaries/Win64/UE4Editor-ImgMediaFactory.dll (API version 3944462).
LogModuleManager: Display: Found up-to-date module file ../../../Engine/Plugins/Media/ImgMedia/Binaries/Win64/UE4Editor-OpenExrWrapper.dll (API version 3944462).
LogModuleManager: Display: Found up-to-date module file ../../../Engine/Plugins/Media/LinearTimecode/Binaries/Win64/UE4Editor-LinearTimecode.dll (API version 3944462).
LogModuleManager: Display: Found up-to-date module file ../../../Engine/Plugins/Media/MediaCompositing/Binaries/Win64/UE4Editor-MediaCompositing.dll (API version 3944462).
LogModuleManager: Display: Found up-to-date module file ../../../Engine/Plugins/Media/MediaCompositing/Binaries/Win64/UE4Editor-MediaCompositingEditor.dll (API version 3944462).
LogModuleManager: Display: Found up-to-date module file ../../../Engine/Plugins/Media/MediaPlayerEditor/Binaries/Win64/UE4Editor-MediaPlayerEditor.dll (API version 3944462).
LogModuleManager: Display: Found up-to-date module file ../../../Engine/Plugins/Media/WmfMedia/Binaries/Win64/UE4Editor-WmfMedia.dll (API version 3944462).
LogModuleManager: Display: Found up-to-date module file ../../../Engine/Plugins/Media/WmfMedia/Binaries/Win64/UE4Editor-WmfMediaEditor.dll (API version 3944462).
LogModuleManager: Display: Found up-to-date module file ../../../Engine/Plugins/Media/WmfMedia/Binaries/Win64/UE4Editor-WmfMediaFactory.dll (API version 3944462).
LogModuleManager: Display: Found up-to-date module file ../../../Engine/Plugins/Media/WmfMedia/Binaries/Win64/UE4Editor-WmfMediaFactory.dll (API version 3944462).
LogModuleManager: Display: Found up-to-date module file ../../../Engine/Plugins/Messaging/TcpMessaging/Binaries/Win64/UE4Editor-TcpMessaging.dll (API version 3944462).
LogModuleManager: Display: Found up-to-date module file ../../../Engine/Plugins/Messaging/UdpMessaging/Binaries/Win64/UE4Editor-UdpMessaging.dll (API version 3944462).
LogModuleManager: Display: Found up-to-date module file ../../../Engine/Plugins/MovieScene/ActorSequence/Binaries/Win64/UE4Editor-ActorSequence.dll (API version 3944462).
LogModuleManager: Display: Found up-to-date module file ../../../Engine/Plugins/MovieScene/LevelSequenceEditor/Binaries/Win64/UE4Editor-LevelSequenceEditor.dll (API version 3944462).
LogModuleManager: Display: Found up-to-date module file ../../../Engine/Plugins/MovieScene/MatineeToLevelSequence/Binaries/Win64/UE4Editor-MatineeToLevelSequence.dll (API version 3944462).
LogModuleManager: Display: Found up-to-date module file ../../../Engine/Plugins/NetcodeUnitTest/NetcodeUnitTest/Binaries/Win64/UE4Editor-NetcodeUnitTest.dll (API version 3944462).
LogModuleManager: Display: Found up-to-date module file ../../../Engine/Plugins/NetcodeUnitTest/NUTUnrealEngine4/Binaries/Win64/UE4Editor-NUTUnrealEngine4.dll (API version 3944462).
LogModuleManager: Display: Found up-to-date module file ../../../Engine/Plugins/Online/OnlineSubsystem/Binaries/Win64/UE4Editor-OnlineSubsystem.dll (API version 3944462).
LogModuleManager: Display: Found up-to-date module file ../../../Engine/Plugins/Online/OnlineSubsystemNull/Binaries/Win64/UE4Editor-OnlineSubsystemNull.dll (API version 3944462).
LogModuleManager: Display: Found up-to-date module file ../../../Engine/Plugins/Online/OnlineSubsystemUtils/Binaries/Win64/UE4Editor-OnlineSubsystemUtils.dll (API version 3944462).
LogModuleManager: Display: Found up-to-date module file ../../../Engine/Plugins/Online/OnlineSubsystemUtils/Binaries/Win64/UE4Editor-OnlineBlueprintSupport.dll (API version 3944462).
LogModuleManager: Display: Found up-to-date module file ../../../Engine/Plugins/Runtime/AndroidDeviceProfileSelector/Binaries/Win64/UE4Editor-AndroidDeviceProfileSelector.dll (API version 3944462).
LogModuleManager: Display: Found up-to-date module file ../../../Engine/Plugins/Runtime/AndroidPermission/Binaries/Win64/UE4Editor-AndroidPermission.dll (API version 3944462).
LogModuleManager: Display: Found up-to-date module file ../../../Engine/Plugins/Runtime/AppleARKit/Binaries/Win64/UE4Editor-AppleARKit.dll (API version 3944462).
LogModuleManager: Display: Found up-to-date module file ../../../Engine/Plugins/Runtime/ArchVisCharacter/Binaries/Win64/UE4Editor-ArchVisCharacter.dll (API version 3944462).
LogModuleManager: Display: Found up-to-date module file ../../../Engine/Plugins/Runtime/AudioCapture/Binaries/Win64/UE4Editor-AudioCapture.dll (API version 3944462).
LogModuleManager: Display: Found up-to-date module file ../../../Engine/Plugins/Runtime/AudioCapture/Binaries/Win64/UE4Editor-AudioCaptureEditor.dll (API version 3944462).
LogModuleManager: Display: Found up-to-date module file ../../../Engine/Plugins/Runtime/CableComponent/Binaries/Win64/UE4Editor-CableComponent.dll (API version 3944462).
LogModuleManager: Display: Found up-to-date module file ../../../Engine/Plugins/Runtime/CustomMeshComponent/Binaries/Win64/UE4Editor-CustomMeshComponent.dll (API version 3944462).
LogModuleManager: Display: Found up-to-date module file ../../../Engine/Plugins/Runtime/ExampleDeviceProfileSelector/Binaries/Win64/UE4Editor-ExampleDeviceProfileSelector.dll (API version 3944462).
LogModuleManager: Display: Found up-to-date module file ../../../Engine/Plugins/Runtime/ImmediatePhysics/Binaries/Win64/UE4Editor-ImmediatePhysics.dll (API version 3944462).
LogModuleManager: Display: Found up-to-date module file ../../../Engine/Plugins/Runtime/ImmediatePhysics/Binaries/Win64/UE4Editor-ImmediatePhysicsEditor.dll (API version 3944462).
LogModuleManager: Display: Found up-to-date module file ../../../Engine/Plugins/Runtime/LocationServicesBPLibrary/Binaries/Win64/UE4Editor-LocationServicesBPLibrary.dll (API version 3944462).
LogModuleManager: Display: Found up-to-date module file ../../../Engine/Plugins/Runtime/MobilePatchingUtils/Binaries/Win64/UE4Editor-MobilePatchingUtils.dll (API version 3944462).
LogModuleManager: Display: Found up-to-date module file ../../../Engine/Plugins/Runtime/Oculus/OculusVR/Binaries/Win64/UE4Editor-OculusHMD.dll (API version 3944462).
LogModuleManager: Display: Found up-to-date module file ../../../Engine/Plugins/Runtime/Oculus/OculusVR/Binaries/Win64/UE4Editor-OculusInput.dll (API version 3944462).
LogModuleManager: Display: Found up-to-date module file ../../../Engine/Plugins/Runtime/Oculus/OculusVR/Binaries/Win64/UE4Editor-OculusEditor.dll (API version 3944462).
LogModuleManager: Display: Found up-to-date module file ../../../Engine/Plugins/Runtime/PhysXVehicles/Binaries/Win64/UE4Editor-PhysXVehicles.dll (API version 3944462).
LogModuleManager: Display: Found up-to-date module file ../../../Engine/Plugins/Runtime/PhysXVehicles/Binaries/Win64/UE4Editor-PhysXVehiclesEditor.dll (API version 3944462).
LogModuleManager: Display: Found up-to-date module file ../../../Engine/Plugins/Runtime/ProceduralMeshComponent/Binaries/Win64/UE4Editor-ProceduralMeshComponent.dll (API version 3944462).
LogModuleManager: Display: Found up-to-date module file ../../../Engine/Plugins/Runtime/ProceduralMeshComponent/Binaries/Win64/UE4Editor-ProceduralMeshComponentEditor.dll (API version 3944462).
LogModuleManager: Display: Found up-to-date module file ../../../Engine/Plugins/Runtime/RuntimePhysXCooking/Binaries/Win64/UE4Editor-RuntimePhysXCooking.dll (API version 3944462).
LogModuleManager: Display: Found up-to-date module file ../../../Engine/Plugins/Runtime/Steam/SteamVR/Binaries/Win64/UE4Editor-SteamVR.dll (API version 3944462).
LogModuleManager: Display: Found up-to-date module file ../../../Engine/Plugins/Runtime/Steam/SteamVR/Binaries/Win64/UE4Editor-SteamVRController.dll (API version 3944462).
LogModuleManager: Display: Found up-to-date module file ../../../Engine/Plugins/Runtime/WindowsMoviePlayer/Binaries/Win64/UE4Editor-WindowsMoviePlayer.dll (API version 3944462).
LogModuleManager: Display: Found up-to-date module file ../../../../../SpareTime/Unreal/FPS/FPS/Plugins/CoverPointGenerator/Binaries/Win64/UE4Editor-CoverPointGenerator.dll (API version 3944462).
LogInit: Using libcurl 7.47.1
LogInit:  - built for x86_64-pc-win32
LogInit:  - supports SSL with OpenSSL/1.0.2g
LogInit:  - supports HTTP deflate (compression) using libz 1.2.8
LogInit:  - other features:
LogInit:      CURL_VERSION_SSL
LogInit:      CURL_VERSION_LIBZ
LogInit:      CURL_VERSION_IPV6
LogInit:      CURL_VERSION_ASYNCHDNS
LogInit:      CURL_VERSION_LARGEFILE
LogInit:      CURL_VERSION_IDN
LogInit:  CurlRequestOptions (configurable via config and command line):
LogInit:  - bVerifyPeer = false  - Libcurl will NOT verify peer certificate
LogInit:  - bUseHttpProxy = false  - Libcurl will NOT use HTTP proxy
LogInit:  - bDontReuseConnections = false  - Libcurl will reuse connections
LogInit:  - CertBundlePath = nullptr  - Libcurl will use whatever was configured at build time.
LogInit:  - MaxHostConnections = 16  - Libcurl will limit the number of connections to a host
LogInit:  - LocalHostAddr = Default
LogInit: WinSock: version 1.1 (2.2), MaxSocks=32767, MaxUdp=65467
LogInit: WinSock: I am Tom-Laptop (10.52.88.121:0)
LogInit: Build: ++UE4+Release-4.19-CL-4033788
LogInit: Engine Version: 4.19.2-4033788+++UE4+Release-4.19
LogInit: Compatible Engine Version: 4.19.0-3944462+++UE4+Release-4.19
LogInit: Net CL: 3944462
LogDevObjectVersion: Number of dev versions registered: 18
LogDevObjectVersion:   Dev-Blueprints (B0D832E4-1F89-4F0D-ACCF-7EB736FD4AA2): 10
LogDevObjectVersion:   Dev-Build (E1C64328-A22C-4D53-A36C-8E866417BD8C): 0
LogDevObjectVersion:   Dev-Core (375EC13C-06E4-48FB-B500-84F0262A717E): 2
LogDevObjectVersion:   Dev-Editor (E4B068ED-F494-42E9-A231-DA0B2E46BB41): 23
LogDevObjectVersion:   Dev-Framework (CFFC743F-43B0-4480-9391-14DF171D2073): 33
LogDevObjectVersion:   Dev-Mobile (B02B49B5-BB20-44E9-A304-32B752E40360): 2
LogDevObjectVersion:   Dev-Networking (A4E4105C-59A1-49B5-A7C5-40C4547EDFEE): 0
LogDevObjectVersion:   Dev-Online (39C831C9-5AE6-47DC-9A44-9C173E1C8E7C): 0
LogDevObjectVersion:   Dev-Physics (78F01B33-EBEA-4F98-B9B4-84EACCB95AA2): 0
LogDevObjectVersion:   Dev-Platform (6631380F-2D4D-43E0-8009-CF276956A95A): 0
LogDevObjectVersion:   Dev-Rendering (12F88B9F-8875-4AFC-A67C-D90C383ABD29): 25
LogDevObjectVersion:   Dev-Sequencer (7B5AE74C-D270-4C10-A958-57980B212A5A): 6
LogDevObjectVersion:   Dev-VR (D7296918-1DD6-4BDD-9DE2-64A83CC13884): 1
LogDevObjectVersion:   Dev-LoadTimes (C2A15278-BFE7-4AFE-6C17-90FF531DF755): 1
LogDevObjectVersion:   Private-Geometry (6EACA3D4-40EC-4CC1-B786-8BED09428FC5): 2
LogDevObjectVersion:   Dev-AnimPhys (29E575DD-E0A3-4627-9D10-D276232CDCEA): 16
LogDevObjectVersion:   Dev-ReflectionCapture (6B266CEC-1EC7-4B8F-A30B-E4D90942FC07): 1
LogDevObjectVersion:   Dev-Automation (0DF73D61-A23F-47EA-B727-89E90C41499A): 1
LogInit: Compiled (64-bit): Apr 27 2018 02:06:57
LogInit: Compiled with Visual C++: 19.00.24215.01
LogInit: Build Configuration: Development
LogInit: Branch Name: ++UE4+Release-4.19
LogInit: Command Line:  -skipcompile
LogInit: Base Directory: D:/Epic Games/UE_4.19/Engine/Binaries/Win64/
LogInit: Installed Engine Build: 1
LogStreaming: Display: Took  0.002s to delete old logs.
LogInit: Presizing for max 8388607 objects, including 0 objects not considered by GC, pre-allocating 0 bytes for permanent pool.
LogInit: Object subsystem initialized
[2018.06.15-09.05.17:605][  0]LogInit: Selected Device Profile: [Windows]
[2018.06.15-09.05.17:605][  0]LogInit: Applying CVar settings loaded from the selected device profile: [Windows]
[2018.06.15-09.05.17:616][  0]LogInit: Computer: TOM-LAPTOP
[2018.06.15-09.05.17:616][  0]LogInit: User: tomco
[2018.06.15-09.05.17:617][  0]LogInit: CPU Page size=4096, Cores=4
[2018.06.15-09.05.17:617][  0]LogInit: High frequency timer resolution =2.531253 MHz
[2018.06.15-09.05.17:617][  0]LogMemory: Memory total: Physical=7.9GB (8GB approx)
[2018.06.15-09.05.17:617][  0]LogMemory: Platform Memory Stats for Windows
[2018.06.15-09.05.17:617][  0]LogMemory: Process Physical Memory: 275.64 MB used, 275.64 MB peak
[2018.06.15-09.05.17:617][  0]LogMemory: Process Virtual Memory: 265.14 MB used, 265.14 MB peak
[2018.06.15-09.05.17:617][  0]LogMemory: Physical Memory: 5136.88 MB used,  2953.64 MB free, 8090.52 MB total
[2018.06.15-09.05.17:617][  0]LogMemory: Virtual Memory: 4794.24 MB used,  2953.64 MB free, 134217728.00 MB total
[2018.06.15-09.05.17:699][  0]LogInit: Using OS detected language (en-US).
[2018.06.15-09.05.17:699][  0]LogInit: Using OS detected locale (en-US).
[2018.06.15-09.05.17:714][  0]LogTextLocalizationManager: No specific localization for 'en-US' exists, so the 'en' localization will be used.
[2018.06.15-09.05.18:250][  0]LogStreaming: Display: Took  0.550s to EndInitTextLocalization.
[2018.06.15-09.05.18:250][  0]LogInit: Setting process to per monitor DPI aware
[2018.06.15-09.05.18:316][  0]LogSlate: New Slate User Created.  User Index 0, Is Virtual User: 0
[2018.06.15-09.05.18:316][  0]LogSlate: Slate User Registered.  User Index 0, Is Virtual User: 0
[2018.06.15-09.05.18:820][  0]LogD3D11RHI: D3D11 adapters:
[2018.06.15-09.05.18:919][  0]LogD3D11RHI:    0. 'NVIDIA GeForce GTX 960M' (Feature Level 11_0)
[2018.06.15-09.05.18:919][  0]LogD3D11RHI:       2019/0/4045 MB DedicatedVideo/DedicatedSystem/SharedSystem, Outputs:1, VendorId:0x10de
[2018.06.15-09.05.18:942][  0]LogD3D11RHI:    1. 'Intel(R) HD Graphics 530' (Feature Level 11_0)
[2018.06.15-09.05.18:942][  0]LogD3D11RHI:       128/0/4045 MB DedicatedVideo/DedicatedSystem/SharedSystem, Outputs:0, VendorId:0x8086
[2018.06.15-09.05.18:950][  0]LogD3D11RHI:    2. 'Microsoft Basic Render Driver' (Feature Level 11_0)
[2018.06.15-09.05.18:950][  0]LogD3D11RHI:       0/0/4045 MB DedicatedVideo/DedicatedSystem/SharedSystem, Outputs:0, VendorId:0x1414
[2018.06.15-09.05.18:950][  0]LogD3D11RHI: Chosen D3D11 Adapter: 0
[2018.06.15-09.05.18:971][  0]LogD3D11RHI: Creating new Direct3DDevice
[2018.06.15-09.05.18:971][  0]LogD3D11RHI:     GPU DeviceId: 0x139b (for the marketing name, search the web for "GPU Device Id")
[2018.06.15-09.05.18:971][  0]LogWindows: EnumDisplayDevices:
[2018.06.15-09.05.18:972][  0]LogWindows:    0. 'Intel(R) HD Graphics 530' (P:1 D:1)
[2018.06.15-09.05.18:972][  0]LogWindows:    1. 'Intel(R) HD Graphics 530' (P:0 D:0)
[2018.06.15-09.05.18:972][  0]LogWindows:    2. 'Intel(R) HD Graphics 530' (P:0 D:0)
[2018.06.15-09.05.18:973][  0]LogWindows: DebugString: GetVideoDriverDetailsInvalid PrimaryIsNotTheChoosenAdapter GetVideoDriverDetailsInvalid PrimaryIsNotTheChoosenAdapter GetVideoDriverDetailsInvalid PrimaryIsNotTheChoosenAdapter FoundDriverCount:0 
[2018.06.15-09.05.18:973][  0]LogD3D11RHI:     Adapter Name: NVIDIA GeForce GTX 960M
[2018.06.15-09.05.18:973][  0]LogD3D11RHI:   Driver Version: Unknown (internal:Unknown, unified:Unknown)
[2018.06.15-09.05.18:973][  0]LogD3D11RHI:      Driver Date: Unknown
[2018.06.15-09.05.18:973][  0]LogRHI: Texture pool is 1413 MB (70% of 2019 MB)
[2018.06.15-09.05.19:009][  0]LogD3D11RHI: [Aftermath] Aftermath enabled but failed to initialize
[2018.06.15-09.05.19:010][  0]LogD3D11RHI: [Aftermath] Aftermath enabled and primed
[2018.06.15-09.05.19:010][  0]LogD3D11RHI: Async texture creation enabled
[2018.06.15-09.05.19:021][  0]LogD3D11RHI: GPU Timing Frequency: 1000.000000 (Debug: 2 1)
[2018.06.15-09.05.19:023][  0]LogShaderCompilers: Guid format shader working directory is 7 characters bigger than the processId version (../../../../../SpareTime/Unreal/FPS/FPS/Intermediate/Shaders/WorkingDirectory/8012/).
[2018.06.15-09.05.19:023][  0]LogShaderCompilers: Cleaned the shader compiler working directory 'C:/Users/tomco/AppData/Local/Temp/UnrealShaderWorkingDir/146BA39846233C0DA4B291B4682AC52B/'.
[2018.06.15-09.05.19:307][  0]LogTemp: Display: Loaded TP AllDesktopTargetPlatform
[2018.06.15-09.05.19:324][  0]LogTemp: Display: Loaded TP MacClientTargetPlatform
[2018.06.15-09.05.19:344][  0]LogTemp: Display: Loaded TP MacNoEditorTargetPlatform
[2018.06.15-09.05.19:362][  0]LogTemp: Display: Loaded TP MacServerTargetPlatform
[2018.06.15-09.05.19:380][  0]LogTemp: Display: Loaded TP MacTargetPlatform
[2018.06.15-09.05.19:399][  0]LogTemp: Display: Loaded TP WindowsClientTargetPlatform
[2018.06.15-09.05.19:420][  0]LogTemp: Display: Loaded TP WindowsNoEditorTargetPlatform
[2018.06.15-09.05.19:438][  0]LogTemp: Display: Loaded TP WindowsServerTargetPlatform
[2018.06.15-09.05.19:448][  0]LogTemp: Display: Loaded TP WindowsTargetPlatform
[2018.06.15-09.05.19:465][  0]LogTemp: Display: Loaded TP Android_ASTCTargetPlatform
[2018.06.15-09.05.19:482][  0]LogTemp: Display: Loaded TP Android_ATCTargetPlatform
[2018.06.15-09.05.19:499][  0]LogTemp: Display: Loaded TP Android_DXTTargetPlatform
[2018.06.15-09.05.19:517][  0]LogTemp: Display: Loaded TP Android_ETC1aTargetPlatform
[2018.06.15-09.05.19:534][  0]LogTemp: Display: Loaded TP Android_ETC1TargetPlatform
[2018.06.15-09.05.19:550][  0]LogTemp: Display: Loaded TP Android_ETC2TargetPlatform
[2018.06.15-09.05.19:585][  0]LogTemp: Display: Loaded TP Android_MultiTargetPlatform
[2018.06.15-09.05.19:585][  0]LogTemp: Display: Loaded TP Android_PVRTCTargetPlatform
[2018.06.15-09.05.19:608][  0]LogTemp: Display: Loaded TP AndroidTargetPlatform
[2018.06.15-09.05.19:613][  0]LogTemp: Display: Loaded TP HTML5TargetPlatform
[2018.06.15-09.05.19:670][  0]LogTemp: Display: Loaded TP IOSTargetPlatform
[2018.06.15-09.05.19:686][  0]LogTemp: Display: Loaded TP TVOSTargetPlatform
[2018.06.15-09.05.19:703][  0]LogTemp: Display: Loaded TP LinuxClientTargetPlatform
[2018.06.15-09.05.19:721][  0]LogTemp: Display: Loaded TP LinuxNoEditorTargetPlatform
[2018.06.15-09.05.19:739][  0]LogTemp: Display: Loaded TP LinuxServerTargetPlatform
[2018.06.15-09.05.19:758][  0]LogTemp: Display: Loaded TP LinuxTargetPlatform
[2018.06.15-09.05.19:758][  0]LogTargetPlatformManager: Display: Building Assets For Windows
[2018.06.15-09.05.19:968][  0]LogXGEController: Cleaning working directory: C:/Users/tomco/AppData/Local/Temp/UnrealXGEWorkingDir/
[2018.06.15-09.05.19:969][  0]LogXGEController: Cannot use XGE Controller as Incredibuild is not installed on this machine.
[2018.06.15-09.05.19:969][  0]LogShaderCompilers: Cannot use XGE Shader Compiler as Incredibuild is not installed on this machine.
[2018.06.15-09.05.19:969][  0]LogShaderCompilers: Display: Using Local Shader Compiler.
[2018.06.15-09.05.20:820][  0]LogDerivedDataCache: Display: Max Cache Size: 512 MB
[2018.06.15-09.05.21:186][  0]LogDerivedDataCache: Loaded boot cache 0.37s 80MB C:/Users/tomco/AppData/Local/UnrealEngine/4.19/DerivedDataCache/Boot.ddc.
[2018.06.15-09.05.21:187][  0]LogDerivedDataCache: Display: Loaded Boot cache: C:/Users/tomco/AppData/Local/UnrealEngine/4.19/DerivedDataCache/Boot.ddc
[2018.06.15-09.05.21:187][  0]LogDerivedDataCache: FDerivedDataBackendGraph:  Pak pak cache file ../../../../../SpareTime/Unreal/FPS/FPS/DerivedDataCache/DDC.ddp not found, will not use a pak cache.
[2018.06.15-09.05.21:187][  0]LogDerivedDataCache: Unable to find inner node Pak for hierarchical cache Hierarchy.
[2018.06.15-09.05.21:187][  0]LogDerivedDataCache: FDerivedDataBackendGraph:  CompressedPak pak cache file ../../../../../SpareTime/Unreal/FPS/FPS/DerivedDataCache/Compressed.ddp not found, will not use a pak cache.
[2018.06.15-09.05.21:187][  0]LogDerivedDataCache: Unable to find inner node CompressedPak for hierarchical cache Hierarchy.
[2018.06.15-09.05.21:204][  0]LogDerivedDataCache: Display: Pak cache opened for reading ../../../Engine/DerivedDataCache/Compressed.ddp.
[2018.06.15-09.05.21:218][  0]LogDerivedDataCache: Using Local data cache path C:/Users/tomco/AppData/Local/UnrealEngine/Common/DerivedDataCache: Writable
[2018.06.15-09.05.21:219][  0]LogDerivedDataCache: Shared data cache path not found in *engine.ini, will not use an Shared cache.
[2018.06.15-09.05.21:219][  0]LogDerivedDataCache: Unable to find inner node Shared for hierarchical cache Hierarchy.
[2018.06.15-09.05.21:232][  0]LogMaterial: Verifying Global Shaders for PCD3D_SM5
[2018.06.15-09.05.21:233][  0]LogSlate: Using Freetype 2.6.0
[2018.06.15-09.05.21:235][  0]LogSlate: SlateFontCache - WITH_FREETYPE: 1, WITH_HARFBUZZ: 1
[2018.06.15-09.05.21:235][  0]LogSlate: SlateFontCache - WITH_FREETYPE: 1, WITH_HARFBUZZ: 1
[2018.06.15-09.05.21:708][  0]LogAssetRegistry: FAssetRegistry took 0.0318 seconds to start up
[2018.06.15-09.05.22:102][  0]LogInit: Selected Device Profile: [Windows]
[2018.06.15-09.05.22:310][  0]LogSimplygon: Simplygon DLL not present - disabling.
[2018.06.15-09.05.22:316][  0]LogMeshReduction: Using SimplygonSwarm for distributed automatic mesh merging
[2018.06.15-09.05.22:316][  0]LogMeshReduction: Using QuadricMeshReduction for automatic static mesh reduction
[2018.06.15-09.05.22:316][  0]LogMeshReduction: No automatic skeletal mesh reduction module available
[2018.06.15-09.05.22:316][  0]LogMeshReduction: No automatic mesh merging module available
[2018.06.15-09.05.22:316][  0]LogMeshMerging: No automatic mesh merging module available
[2018.06.15-09.05.22:349][  0]LogNetVersion: FPS , NetCL: 3944462, EngineNetVer: 2, GameNetVer: 0 (Checksum: 2326512385)
[2018.06.15-09.05.22:884][  0]LogPackageLocalizationCache: Processed 9 localized package path(s) for 2 prioritized culture(s) in 0.075348 seconds
[2018.06.15-09.05.22:890][  0]LogUObjectArray: 36728 objects as part of root set at end of initial load.
[2018.06.15-09.05.22:891][  0]LogUObjectAllocator: 7314304 out of 0 bytes used by permanent object pool.
[2018.06.15-09.05.22:891][  0]LogUObjectArray: CloseDisregardForGC: 0/0 objects in disregard for GC pool
[2018.06.15-09.05.26:010][  0]LogTcpMessaging: Initializing TcpMessaging bridge
[2018.06.15-09.05.26:043][  0]LogUdpMessaging: Initializing bridge on interface 0.0.0.0:0 to multicast group 230.0.0.1:6666.
[2018.06.15-09.05.26:452][  0]LogSkeletalMesh: Skeletal Mesh found in DDC [1.338073ms] /Game/Models/Player/Arms/Arms_SMG.Arms_SMG
[2018.06.15-09.05.26:479][  0]LogUObjectGlobals: Created PersistentFrame Addr=0x000001c9f0008360, Size=80, Default__BP_SMGAnim_C Function /Game/Animations/SMG/BP_SMGAnim.BP_SMGAnim_C:ExecuteUbergraph_BP_SMGAnim
[2018.06.15-09.05.26:490][  0]LogUObjectGlobals: Destroyed PersistentFrame Addr=0x000001c9f0008360, Size=80
[2018.06.15-09.05.26:491][  0]LogUObjectGlobals: Created PersistentFrame Addr=0x000001c9f487bce0, Size=80, Default__BP_SMGAnim_C Function /Engine/Transient.REINST_BP_SMGAnim_C_0:ExecuteUbergraph_BP_SMGAnim
[2018.06.15-09.05.26:501][  0]LogUObjectGlobals: Created PersistentFrame Addr=0x000001c9f47c9b20, Size=80, Default__BP_SMGAnim_C Function /Game/Animations/SMG/BP_SMGAnim.BP_SMGAnim_C:ExecuteUbergraph_BP_SMGAnim
[2018.06.15-09.05.26:694][  0]SourceControl: Source control is disabled
[2018.06.15-09.05.26:694][  0]SourceControl: Source control is disabled
[2018.06.15-09.05.26:718][  0]SourceControl: Source control is disabled
[2018.06.15-09.05.26:737][  0]SourceControl: Source control is disabled
[2018.06.15-09.05.27:327][  0]LogAndroidPermission: UAndroidPermissionCallbackProxy::GetInstance
[2018.06.15-09.05.27:536][  0]LogOcInput: OculusInput pre-init called
[2018.06.15-09.05.28:808][  0]LogEngine: Initializing Engine...
[2018.06.15-09.05.28:895][  0]LogHMD: Failed to initialize OpenVR with code 126
[2018.06.15-09.05.28:897][  0]LogStats: UGameplayTagsManager::ConstructGameplayTagTree: Construct from data asset -  0.000 s
[2018.06.15-09.05.28:898][  0]LogStats: UGameplayTagsManager::ConstructGameplayTagTree: GameplayTagTreeChangedEvent.Broadcast -  0.000 s
[2018.06.15-09.05.29:160][  0]LogAIModule: Creating AISystem for world Untitled
[2018.06.15-09.05.29:187][  0]LogInit: XAudio2 using 'Luidsprekers (Conexant SmartAudio HD)' : 2 channels at 48 kHz using 32 bits per sample (channel mask 0x3)
[2018.06.15-09.05.29:230][  0]LogInit: FAudioDevice initialized.
[2018.06.15-09.05.29:327][  0]LogDerivedDataCache: Saved boot cache 0.10s 80MB C:/Users/tomco/AppData/Local/UnrealEngine/4.19/DerivedDataCache/Boot.ddc.
[2018.06.15-09.05.29:350][  0]LogInit: Texture streaming: Enabled
[2018.06.15-09.05.29:383][  0]LogEngineSessionManager: EngineSessionManager initialized
[2018.06.15-09.05.29:397][  0]LogInit: Transaction tracking system initialized
[2018.06.15-09.05.29:440][  0]BlueprintLog: New page: Editor Load
[2018.06.15-09.05.29:608][  0]LocalizationService: Localization service is disabled
[2018.06.15-09.05.29:770][  0]LogConsoleResponse: Display: 
[2018.06.15-09.05.29:969][  0]LogCook: Display: Max memory allowance for cook 16384mb min free memory 0mb
[2018.06.15-09.05.29:969][  0]LogCook: Display: Mobile HDR setting 1
[2018.06.15-09.05.29:969][  0]LogGameplayTags: Display: UGameplayTagsManager::DoneAddingNativeTags. DelegateIsBound: 0
[2018.06.15-09.05.29:969][  0]LogStats: UGameplayTagsManager::ConstructGameplayTagTree: Construct from data asset -  0.000 s
[2018.06.15-09.05.29:969][  0]LogStats: UGameplayTagsManager::ConstructGameplayTagTree: GameplayTagTreeChangedEvent.Broadcast -  0.000 s
[2018.06.15-09.05.30:443][  0]LogFileCache: Scanning file cache for directory 'D:/SpareTime/Unreal/FPS/FPS/Content/' took 0.02s
[2018.06.15-09.05.30:443][  0]SourceControl: Source control is disabled
[2018.06.15-09.05.30:443][  0]Cmd: MAP LOAD FILE="../../../../../SpareTime/Unreal/FPS/FPS/Content/Maps/Level1.umap" TEMPLATE=0 SHOWPROGRESS=1 FEATURELEVEL=3
[2018.06.15-09.05.30:444][  0]LightingResults: New page: Lighting Build
[2018.06.15-09.05.30:448][  0]MapCheck: New page: Map Check
[2018.06.15-09.05.30:449][  0]LightingResults: New page: Lighting Build
[2018.06.15-09.05.30:461][  0]LogUObjectGlobals: Destroyed PersistentFrame Addr=0x000001c9f487bce0, Size=80
[2018.06.15-09.05.30:524][  0]LogUObjectGlobals: Created PersistentFrame Addr=0x000001c9823c2680, Size=128, Default__BP_AssaultAIAnim_C Function /Game/Animations/AI/BP_AssaultAIAnim.BP_AssaultAIAnim_C:ExecuteUbergraph_BP_AssaultAIAnim
[2018.06.15-09.05.30:551][  0]LogUObjectGlobals: Destroyed PersistentFrame Addr=0x000001c9823c2680, Size=128
[2018.06.15-09.05.30:551][  0]LogUObjectGlobals: Created PersistentFrame Addr=0x000001c982b5bd80, Size=128, Default__BP_AssaultAIAnim_C Function /Engine/Transient.REINST_BP_AssaultAIAnim_C_1:ExecuteUbergraph_BP_AssaultAIAnim
[2018.06.15-09.05.30:584][  0]LogUObjectGlobals: Created PersistentFrame Addr=0x000001c982aa1e00, Size=128, Default__BP_AssaultAIAnim_C Function /Game/Animations/AI/BP_AssaultAIAnim.BP_AssaultAIAnim_C:ExecuteUbergraph_BP_AssaultAIAnim
[2018.06.15-09.05.31:546][  0]LogSkeletalMesh: Skeletal Mesh found in DDC [26.380611ms] /Game/Animations/AnimStarterPack/UE4_Mannequin/Mesh/SK_Mannequin.SK_Mannequin
[2018.06.15-09.05.32:052][  0]LogAIModule: Creating AISystem for world Level1
[2018.06.15-09.05.32:086][  0]LogEditorServer: Finished looking for orphan Actors (0.000 secs)
[2018.06.15-09.05.32:105][  0]LogUObjectGlobals: Destroyed PersistentFrame Addr=0x000001c982b5bd80, Size=128
[2018.06.15-09.05.32:107][  0]Cmd: MAP CHECKDEP NOCLEARLOG
[2018.06.15-09.05.32:190][  0]MapCheck: Map check complete: 0 Error(s), 0 Warning(s), took 82.022ms to complete.
[2018.06.15-09.05.32:190][  0]LogFileHelpers: Loading map 'Level1' took 1.746
[2018.06.15-09.05.32:383][  0]LogCollectionManager: Loaded 0 collections in 0.001005 seconds
[2018.06.15-09.05.32:435][  0]LogFileCache: Scanning file cache for directory 'D:/SpareTime/Unreal/FPS/FPS/Saved/Collections/' took 0.01s
[2018.06.15-09.05.32:436][  0]LogFileCache: Scanning file cache for directory 'D:/SpareTime/Unreal/FPS/FPS/Content/Developers/tomco/Collections/' took 0.01s
[2018.06.15-09.05.32:436][  0]LogFileCache: Scanning file cache for directory 'D:/SpareTime/Unreal/FPS/FPS/Content/Collections/' took 0.02s
[2018.06.15-09.05.32:436][  0]LogCollectionManager: Rebuilt the GUID cache for 0 collections in 0.000000 seconds
[2018.06.15-09.05.32:448][  0]LogContentBrowser: Native class hierarchy populated in 0.0115 seconds. Added 2478 classes and 567 folders.
[2018.06.15-09.05.32:458][  0]LogContentBrowser: Native class hierarchy updated for 'WidgetCarousel' in 0.0018 seconds. Added 0 classes and 0 folders.
[2018.06.15-09.05.32:636][  0]LogContentBrowser: Native class hierarchy updated for 'AddContentDialog' in 0.0013 seconds. Added 0 classes and 0 folders.
[2018.06.15-09.05.34:046][  0]LogSlate: Only BGRA pngs, bmps or icos are supported in by External Image Picker
[2018.06.15-09.05.34:080][  0]LogSlate: Took 0.004463 seconds to synchronously load lazily loaded font '../../../Engine/Content/Slate/Fonts/Roboto-Regular.ttf' (155K)
[2018.06.15-09.05.34:086][  0]LogSlate: Took 0.002229 seconds to synchronously load lazily loaded font '../../../Engine/Content/Slate/Fonts/Roboto-Bold.ttf' (160K)
[2018.06.15-09.05.34:099][  0]LogSlate: Took 0.002667 seconds to synchronously load lazily loaded font '../../../Engine/Content/Editor/Slate/Fonts/FontAwesome.ttf' (139K)
[2018.06.15-09.05.34:102][  0]LogSlate: Took 0.001392 seconds to synchronously load lazily loaded font '../../../Engine/Content/Slate/Fonts/DroidSansMono.ttf' (77K)
[2018.06.15-09.05.34:291][  0]LogTemp: Executing iPhonePackager certificates Engine -bundlename com.YourCompany.FPS
[2018.06.15-09.05.34:292][  0]LogTemp: CWD: D:\Epic Games\UE_4.19\Engine\Binaries\DotNET\IOS
[2018.06.15-09.05.34:292][  0]LogTemp: Initial Dir: D:\Epic Games\UE_4.19
[2018.06.15-09.05.34:292][  0]LogTemp: Env CWD: D:\Epic Games\UE_4.19\Engine\Binaries\DotNET\IOS
[2018.06.15-09.05.34:293][  0]LogTemp: BranchPath = TOM-LAPTOP/D/Epic Games/UE_4.19/Engine/Binaries --- GameBranchPath = TOM-LAPTOP/D/Epic Games/UE_4.19/Engine/Binaries
[2018.06.15-09.05.34:293][  0]LogTemp: IPP ERROR: Could not find provision directory 'C:\Users\tomco\AppData\Local/Apple Computer/MobileDevice/Provisioning Profiles/'.
[2018.06.15-09.05.34:293][  0]LogRenderer: Reallocating scene render targets to support 908x600 Format 10 NumSamples 1 (Frame:1).
[2018.06.15-09.05.34:561][  0]LogContentBrowser: Native class hierarchy updated for 'HierarchicalLODOutliner' in 0.0019 seconds. Added 0 classes and 0 folders.
[2018.06.15-09.05.34:562][  0]LogLoad: (Engine Initialization) Total time: 20.71 seconds
[2018.06.15-09.05.34:562][  0]LogLoad: (Engine Initialization) Total Blueprint compile time: 0.00 seconds
[2018.06.15-09.05.34:581][  0]LogWindowsTextInputMethodSystem: Display: IME system now deactivated.
[2018.06.15-09.05.34:611][  0]LogContentStreaming: Texture pool size now 1000 MB
[2018.06.15-09.05.34:701][  2]LogAssetRegistry: Asset discovery search completed in 13.0187 seconds
[2018.06.15-09.05.34:705][  2]LogCollectionManager: Rebuilt the object cache for 0 collections in 0.000000 seconds (found 0 objects)
[2018.06.15-09.05.34:705][  2]LogCollectionManager: Fixed up redirectors for 0 collections in 0.000465 seconds (updated 0 objects)
[2018.06.15-09.05.38:039][119]LogEditorViewport: Clicking on Actor (LMB): StaticMeshActor (SM_DoorVent)
[2018.06.15-09.05.38:898][144]LogSlate: Took 0.002405 seconds to synchronously load lazily loaded font '../../../Engine/Content/Slate/Fonts/Roboto-Italic.ttf' (157K)
[2018.06.15-09.05.39:079][150]LogSlate: FSceneViewport::OnFocusLost() reason 0
[2018.06.15-09.05.42:780][284]LogSlate: Took 0.002311 seconds to synchronously load lazily loaded font '../../../Engine/Content/Slate/Fonts/Roboto-Light.ttf' (167K)
[2018.06.15-09.05.42:815][284]Cmd: OBJ SAVEPACKAGE PACKAGE="/Game/Maps/Level1" FILE="../../../../../SpareTime/Unreal/FPS/FPS/Content/Maps/Level1.umap" SILENT=true AUTOSAVING=false KEEPDIRTY=false
[2018.06.15-09.05.43:162][284]LogSavePackage: Save=320.09ms
[2018.06.15-09.05.43:162][284]LogSavePackage: Moving '../../../../../SpareTime/Unreal/FPS/FPS/Saved/Level1EC17BC514EC56028D1BA8A91E72698A4.tmp' to '../../../../../SpareTime/Unreal/FPS/FPS/Content/Maps/Level1.umap'
[2018.06.15-09.05.43:166][284]LogSavePackage: Display: Finished SavePackage ../../../../../SpareTime/Unreal/FPS/FPS/Content/Maps/Level1.umap
[2018.06.15-09.05.43:199][284]Cmd: OBJ SAVEPACKAGE PACKAGE="/Game/Maps/Level1_BuiltData" FILE="../../../../../SpareTime/Unreal/FPS/FPS/Content/Maps/Level1_BuiltData.uasset" SILENT=true
[2018.06.15-09.05.43:696][284]LogSavePackage: Save=492.40ms
[2018.06.15-09.05.43:697][284]LogSavePackage: Moving '../../../../../SpareTime/Unreal/FPS/FPS/Saved/Level1_BuiltDataD65C0E2E4C83131A2656048F91AEE185.tmp' to '../../../../../SpareTime/Unreal/FPS/FPS/Content/Maps/Level1_BuiltData.uasset'
[2018.06.15-09.05.43:699][284]LogSavePackage: Display: Finished SavePackage ../../../../../SpareTime/Unreal/FPS/FPS/Content/Maps/Level1_BuiltData.uasset
[2018.06.15-09.05.45:194][333]LogTemp: Repeating last play command: Selected Viewport
[2018.06.15-09.05.45:216][333]LogPlayLevel: PlayLevel: No blueprints needed recompiling
[2018.06.15-09.05.45:217][333]PIE: New page: PIE session: Level1 (Jun 15, 2018, 1:05:45 PM)
[2018.06.15-09.05.45:218][333]LogPlayLevel: Creating play world package: /Game/Maps/UEDPIE_0_Level1
[2018.06.15-09.05.45:234][333]LogPlayLevel: PIE: StaticDuplicateObject took: (0.015312s)
[2018.06.15-09.05.45:235][333]LogAIModule: Creating AISystem for world Level1
[2018.06.15-09.05.45:236][333]LogPlayLevel: PIE: World Init took: (0.001668s)
[2018.06.15-09.05.45:237][333]LogPlayLevel: PIE: Created PIE world by copying editor world from /Game/Maps/Level1.Level1 to /Game/Maps/UEDPIE_0_Level1.Level1 (0.018613s)
[2018.06.15-09.05.45:256][333]LogInit: XAudio2 using 'Luidsprekers (Conexant SmartAudio HD)' : 2 channels at 48 kHz using 32 bits per sample (channel mask 0x3)
[2018.06.15-09.05.45:295][333]LogInit: FAudioDevice initialized.
[2018.06.15-09.05.45:363][333]LogUObjectGlobals: Created PersistentFrame Addr=0x000001ca3a707b30, Size=104, Default__BP_InGameGUI_C Function /Game/UI/Widgets/BP_InGameGUI.BP_InGameGUI_C:ExecuteUbergraph_BP_InGameGUI
[2018.06.15-09.05.45:367][333]LogUObjectGlobals: Destroyed PersistentFrame Addr=0x000001ca3a707b30, Size=104
[2018.06.15-09.05.45:368][333]LogUObjectGlobals: Created PersistentFrame Addr=0x000001ca3a707b30, Size=104, Default__BP_InGameGUI_C Function /Engine/Transient.REINST_BP_InGameGUI_C_0:ExecuteUbergraph_BP_InGameGUI
[2018.06.15-09.05.45:371][333]LogUObjectGlobals: Created PersistentFrame Addr=0x000001ca3a706cc0, Size=104, Default__BP_InGameGUI_C Function /Game/UI/Widgets/BP_InGameGUI.BP_InGameGUI_C:ExecuteUbergraph_BP_InGameGUI
[2018.06.15-09.05.45:388][333]LogLoad: Game class is 'BP_FPSGameModeBase_C'
[2018.06.15-09.05.45:401][333]LogWorld: Bringing World /Game/Maps/UEDPIE_0_Level1.Level1 up for play (max tick rate 60) at 2018.06.15-11.05.45
[2018.06.15-09.05.45:403][333]LogWorld: Bringing up level for play took: 0.012854
[2018.06.15-09.05.45:411][333]LogContentBrowser: Native class hierarchy updated for 'MovieSceneCapture' in 0.0015 seconds. Added 11 classes and 0 folders.
[2018.06.15-09.05.45:413][333]LogOutputDevice: Error: Ensure condition failed: Component->HasBegunPlay() [File:D:\Build\++UE4+Release-4.19+Compile\Sync\Engine\Source\Runtime\Engine\Private\Actor.cpp] [Line: 3129] 
Failed to route BeginPlay (SMG /Game/Maps/UEDPIE_0_Level1.Level1:PersistentLevel.BP_FPSPlayer_C_0.CurrentWeaponMesh)

[2018.06.15-09.05.45:414][333]LogStats:             FDebug::EnsureFailed -  0.001 s
[2018.06.15-09.05.47:904][333]PIE: Play in editor start time for /Game/Maps/UEDPIE_0_Level1 3.426
[2018.06.15-09.05.50:867][410]LogTemp: Warning: Actor: SM_DoorVent_10
[2018.06.15-09.05.53:901][410]LogTemp: Warning: Actor: SM_DoorVent_10
[2018.06.15-09.06.02:067][667]LogTemp: Warning: Actor: SM_DoorVent_10
[2018.06.15-09.06.02:068][667]LogTemp: Warning: Actor: SM_DoorVent_10
[2018.06.15-09.06.11:040][985]LogTemp: Warning: Actor: SM_DoorVent_10
[2018.06.15-09.06.25:052][985]LogTemp: Warning: Actor: SM_DoorVent_10
[2018.06.15-09.06.27:888][ 40]LogUObjectGlobals: Destroyed PersistentFrame Addr=0x000001ca3a707b30, Size=104
[2018.06.15-09.06.28:621][ 62]LogEditorViewport: Clicking on Actor (LMB): StaticMeshActor (SM_DoorVent)
[2018.06.15-09.06.30:896][122]LogSlate: FSceneViewport::OnFocusLost() reason 0
[2018.06.15-09.06.34:495][231]Cmd: OBJ SAVEPACKAGE PACKAGE="/Game/Maps/Level1" FILE="../../../../../SpareTime/Unreal/FPS/FPS/Content/Maps/Level1.umap" SILENT=true AUTOSAVING=false KEEPDIRTY=false
[2018.06.15-09.06.34:863][231]LogSavePackage: Save=344.37ms
[2018.06.15-09.06.34:863][231]LogSavePackage: Moving '../../../../../SpareTime/Unreal/FPS/FPS/Saved/Level177034C274B5602B42EF1498286DD6A82.tmp' to '../../../../../SpareTime/Unreal/FPS/FPS/Content/Maps/Level1.umap'
[2018.06.15-09.06.34:867][231]LogSavePackage: Display: Finished SavePackage ../../../../../SpareTime/Unreal/FPS/FPS/Content/Maps/Level1.umap
[2018.06.15-09.06.34:899][231]Cmd: OBJ SAVEPACKAGE PACKAGE="/Game/Maps/Level1_BuiltData" FILE="../../../../../SpareTime/Unreal/FPS/FPS/Content/Maps/Level1_BuiltData.uasset" SILENT=true
[2018.06.15-09.06.35:259][231]LogSavePackage: Save=353.54ms
[2018.06.15-09.06.35:259][231]LogSavePackage: Moving '../../../../../SpareTime/Unreal/FPS/FPS/Saved/Level1_BuiltDataB5FD446340F349AFAB731B9396B0A23A.tmp' to '../../../../../SpareTime/Unreal/FPS/FPS/Content/Maps/Level1_BuiltData.uasset'
[2018.06.15-09.06.35:261][231]LogSavePackage: Display: Finished SavePackage ../../../../../SpareTime/Unreal/FPS/FPS/Content/Maps/Level1_BuiltData.uasset
[2018.06.15-09.06.40:061][307]LogTemp: Repeating last play command: Selected Viewport
[2018.06.15-09.06.40:087][307]LogPlayLevel: PlayLevel: No blueprints needed recompiling
[2018.06.15-09.06.40:087][307]PIE: New page: PIE session: Level1 (Jun 15, 2018, 1:06:40 PM)
[2018.06.15-09.06.40:088][307]LogPlayLevel: Creating play world package: /Game/Maps/UEDPIE_0_Level1
[2018.06.15-09.06.40:110][307]LogPlayLevel: PIE: StaticDuplicateObject took: (0.021452s)
[2018.06.15-09.06.40:111][307]LogAIModule: Creating AISystem for world Level1
[2018.06.15-09.06.40:113][307]LogPlayLevel: PIE: World Init took: (0.001757s)
[2018.06.15-09.06.40:113][307]LogPlayLevel: PIE: Created PIE world by copying editor world from /Game/Maps/Level1.Level1 to /Game/Maps/UEDPIE_0_Level1.Level1 (0.024794s)
[2018.06.15-09.06.40:137][307]LogInit: XAudio2 using 'Luidsprekers (Conexant SmartAudio HD)' : 2 channels at 48 kHz using 32 bits per sample (channel mask 0x3)
[2018.06.15-09.06.40:173][307]LogInit: FAudioDevice initialized.
[2018.06.15-09.06.40:219][307]LogLoad: Game class is 'BP_FPSGameModeBase_C'
[2018.06.15-09.06.40:231][307]LogWorld: Bringing World /Game/Maps/UEDPIE_0_Level1.Level1 up for play (max tick rate 60) at 2018.06.15-11.06.40
[2018.06.15-09.06.40:233][307]LogWorld: Bringing up level for play took: 0.011957
[2018.06.15-09.06.40:236][307]PIE: Play in editor start time for /Game/Maps/UEDPIE_0_Level1 -0.243
[2018.06.15-09.06.42:545][397]LogTemp: Warning: Actor: SM_DoorVent_10
[2018.06.15-09.06.42:547][397]LogTemp: Warning: Actor: SM_DoorVent_10
[2018.06.15-09.06.45:054][489]LogTemp: Warning: Actor: SM_DoorVent_10
[2018.06.15-09.06.45:055][489]LogTemp: Warning: Actor: SM_DoorVent_10
[2018.06.15-09.06.46:855][556]LogTemp: Warning: Actor: SM_DoorVent_10
[2018.06.15-09.06.46:856][556]LogTemp: Warning: Actor: SM_DoorVent_10
[2018.06.15-09.06.49:232][641]LogTemp: Warning: Actor: SM_DoorVent_10
[2018.06.15-09.06.49:234][641]LogTemp: Warning: Actor: SM_DoorVent_10
[2018.06.15-09.06.51:693][725]LogEditorViewport: Clicking on Actor (LMB): StaticMeshActor (SM_DoorVent)
[2018.06.15-09.06.52:535][749]LogSlate: FSceneViewport::OnFocusLost() reason 0
[2018.06.15-09.06.57:372][914]Cmd: OBJ SAVEPACKAGE PACKAGE="/Game/Maps/Level1" FILE="../../../../../SpareTime/Unreal/FPS/FPS/Content/Maps/Level1.umap" SILENT=true AUTOSAVING=false KEEPDIRTY=false
[2018.06.15-09.06.57:708][914]LogSavePackage: Save=312.15ms
[2018.06.15-09.06.57:708][914]LogSavePackage: Moving '../../../../../SpareTime/Unreal/FPS/FPS/Saved/Level15911BFAD4A374DD87E6BF4A54846B2DF.tmp' to '../../../../../SpareTime/Unreal/FPS/FPS/Content/Maps/Level1.umap'
[2018.06.15-09.06.57:711][914]LogSavePackage: Display: Finished SavePackage ../../../../../SpareTime/Unreal/FPS/FPS/Content/Maps/Level1.umap
[2018.06.15-09.06.57:749][914]Cmd: OBJ SAVEPACKAGE PACKAGE="/Game/Maps/Level1_BuiltData" FILE="../../../../../SpareTime/Unreal/FPS/FPS/Content/Maps/Level1_BuiltData.uasset" SILENT=true
[2018.06.15-09.06.58:105][914]LogSavePackage: Save=348.61ms
[2018.06.15-09.06.58:105][914]LogSavePackage: Moving '../../../../../SpareTime/Unreal/FPS/FPS/Saved/Level1_BuiltDataAA497EEA4284C636A2FF869DA8F2B6D9.tmp' to '../../../../../SpareTime/Unreal/FPS/FPS/Content/Maps/Level1_BuiltData.uasset'
[2018.06.15-09.06.58:107][914]LogSavePackage: Display: Finished SavePackage ../../../../../SpareTime/Unreal/FPS/FPS/Content/Maps/Level1_BuiltData.uasset
[2018.06.15-09.06.58:585][925]LogTemp: Repeating last play command: Selected Viewport
[2018.06.15-09.06.58:606][925]LogPlayLevel: PlayLevel: No blueprints needed recompiling
[2018.06.15-09.06.58:607][925]PIE: New page: PIE session: Level1 (Jun 15, 2018, 1:06:58 PM)
[2018.06.15-09.06.58:607][925]LogPlayLevel: Creating play world package: /Game/Maps/UEDPIE_0_Level1
[2018.06.15-09.06.58:625][925]LogPlayLevel: PIE: StaticDuplicateObject took: (0.017708s)
[2018.06.15-09.06.58:627][925]LogAIModule: Creating AISystem for world Level1
[2018.06.15-09.06.58:627][925]LogPlayLevel: PIE: World Init took: (0.001264s)
[2018.06.15-09.06.58:627][925]LogPlayLevel: PIE: Created PIE world by copying editor world from /Game/Maps/Level1.Level1 to /Game/Maps/UEDPIE_0_Level1.Level1 (0.020326s)
[2018.06.15-09.06.58:651][925]LogInit: XAudio2 using 'Luidsprekers (Conexant SmartAudio HD)' : 2 channels at 48 kHz using 32 bits per sample (channel mask 0x3)
[2018.06.15-09.06.58:690][925]LogInit: FAudioDevice initialized.
[2018.06.15-09.06.58:733][925]LogLoad: Game class is 'BP_FPSGameModeBase_C'
[2018.06.15-09.06.58:745][925]LogWorld: Bringing World /Game/Maps/UEDPIE_0_Level1.Level1 up for play (max tick rate 60) at 2018.06.15-11.06.58
[2018.06.15-09.06.58:747][925]LogWorld: Bringing up level for play took: 0.012356
[2018.06.15-09.06.58:750][925]PIE: Play in editor start time for /Game/Maps/UEDPIE_0_Level1 0.272
[2018.06.15-09.07.00:281][985]LogTemp: Warning: Actor: SM_DoorVent_10
[2018.06.15-09.07.00:282][985]LogTemp: Warning: Actor: SM_DoorVent_10
[2018.06.15-09.07.02:888][ 76]LogTemp: Warning: Actor: SM_DoorVent_10
[2018.06.15-09.07.02:889][ 76]LogTemp: Warning: Actor: SM_DoorVent_10
[2018.06.15-09.07.05:865][172]LogTemp: Warning: Actor: SM_DoorVent_10
[2018.06.15-09.07.05:866][172]LogTemp: Warning: Actor: SM_DoorVent_10
[2018.06.15-09.07.08:439][258]LogTemp: Warning: Actor: SM_DoorVent_10
[2018.06.15-09.07.08:440][258]LogTemp: Warning: Actor: SM_DoorVent_10
[2018.06.15-09.07.10:038][315]LogTemp: Warning: Actor: SM_DoorVent_10
[2018.06.15-09.07.10:039][315]LogTemp: Warning: Actor: SM_DoorVent_10
[2018.06.15-09.07.16:199][505]LogEditorViewport: Clicking on Actor (LMB): StaticMeshActor (SM_DoorVent)
[2018.06.15-09.11.02:249][229]LogSlate: FSceneViewport::OnFocusLost() reason 0
[2018.06.15-09.11.02:380][232]Candidate modules for hot reload:
[2018.06.15-09.11.02:380][232]  FPS
[2018.06.15-09.11.02:380][232]Launching UnrealBuildTool... [D:/Epic Games/UE_4.19/Engine/Binaries/DotNET/UnrealBuildTool.exe FPS -ModuleWithSuffix=FPS,3065 Win64 Development -editorrecompile -canskiplink "D:/SpareTime/Unreal/FPS/FPS/FPS.uproject" ]
[2018.06.15-09.11.02:388][232]Warning: Starting HotReload took  0.1s.
[2018.06.15-09.11.35:563][776]CompilerResultsLog: New page: Compilation - Jun 15, 2018, 1:11:35 PM
[2018.06.15-09.11.35:563][776]CompilerResultsLog: Using 'git status' to determine working set for adaptive non-unity build.
[2018.06.15-09.11.35:563][776]CompilerResultsLog: Creating makefile for hot reloading FPS (ini files are newer than UBTMakefile)
[2018.06.15-09.11.35:564][776]CompilerResultsLog: Compiling game modules for hot reload
[2018.06.15-09.11.35:564][776]CompilerResultsLog: Performing 3 actions (4 in parallel)
[2018.06.15-09.11.35:564][776]CompilerResultsLog: DoorOpenComponent.cpp
[2018.06.15-09.11.35:565][776]CompilerResultsLog: [2/3] Link UE4Editor-FPS-3065.dll
[2018.06.15-09.11.35:565][776]CompilerResultsLog: [3/3] Link UE4Editor-FPS-3065.lib
[2018.06.15-09.11.35:565][776]CompilerResultsLog:    Creating library D:\SpareTime\Unreal\FPS\FPS\Intermediate\Build\Win64\UE4Editor\Development\UE4Editor-FPS-3065.lib and object D:\SpareTime\Unreal\FPS\FPS\Intermediate\Build\Win64\UE4Editor\Development\UE4Editor-FPS-3065.exp
[2018.06.15-09.11.35:566][776]CompilerResultsLog:    Creating library D:\SpareTime\Unreal\FPS\FPS\Intermediate\Build\Win64\UE4Editor\Development\UE4Editor-FPS-3065.suppressed.lib and object D:\SpareTime\Unreal\FPS\FPS\Intermediate\Build\Win64\UE4Editor\Development\UE4Editor-FPS-3065.suppressed.exp
[2018.06.15-09.11.35:567][776]CompilerResultsLog: Total build time: 32.83 seconds (Local executor: 20.68 seconds)
[2018.06.15-09.11.35:568][776]LogMainFrame: MainFrame: Module compiling took 33.200 seconds
[2018.06.15-09.11.35:691][776]LogHotReload: Re-instancing CoverPoint after hot-reload.
[2018.06.15-09.11.37:628][776]LogContentBrowser: Native class hierarchy updated for 'FPS' in 0.0021 seconds. Added 25 classes and 7 folders.
[2018.06.15-09.11.37:630][776]Display: HotReload successful (7 functions remapped  0 scriptstructs remapped)
[2018.06.15-09.11.37:769][776]LogContentBrowser: Native class hierarchy populated in 0.0128 seconds. Added 2478 classes and 567 folders.
[2018.06.15-09.11.37:770][776]Display: HotReload took 35.4s.
[2018.06.15-09.11.47:236][826]LogTemp: Repeating last play command: Selected Viewport
[2018.06.15-09.11.47:267][826]LogPlayLevel: PlayLevel: No blueprints needed recompiling
[2018.06.15-09.11.47:268][826]PIE: New page: PIE session: Level1 (Jun 15, 2018, 1:11:47 PM)
[2018.06.15-09.11.47:268][826]LogPlayLevel: Creating play world package: /Game/Maps/UEDPIE_0_Level1
[2018.06.15-09.11.47:299][826]LogPlayLevel: PIE: StaticDuplicateObject took: (0.029525s)
[2018.06.15-09.11.47:300][826]LogAIModule: Creating AISystem for world Level1
[2018.06.15-09.11.47:301][826]LogPlayLevel: PIE: World Init took: (0.001709s)
[2018.06.15-09.11.47:302][826]LogPlayLevel: PIE: Created PIE world by copying editor world from /Game/Maps/Level1.Level1 to /Game/Maps/UEDPIE_0_Level1.Level1 (0.032701s)
[2018.06.15-09.11.47:323][826]LogInit: XAudio2 using 'Luidsprekers (Conexant SmartAudio HD)' : 2 channels at 48 kHz using 32 bits per sample (channel mask 0x3)
[2018.06.15-09.11.47:362][826]LogInit: FAudioDevice initialized.
[2018.06.15-09.11.47:406][826]LogLoad: Game class is 'BP_FPSGameModeBase_C'
[2018.06.15-09.11.47:421][826]LogWorld: Bringing World /Game/Maps/UEDPIE_0_Level1.Level1 up for play (max tick rate 60) at 2018.06.15-11.11.47
[2018.06.15-09.11.47:423][826]LogWorld: Bringing up level for play took: 0.015273
[2018.06.15-09.11.47:427][826]PIE: Play in editor start time for /Game/Maps/UEDPIE_0_Level1 0.949
[2018.06.15-09.11.50:738][957]LogTemp: Warning: Actor: SM_DoorVent_10
[2018.06.15-09.11.50:739][957]LogTemp: Warning: Actor: SM_DoorVent_10
[2018.06.15-09.11.53:260][ 48]LogTemp: Warning: Actor: SM_DoorVent_10
[2018.06.15-09.11.53:261][ 48]LogTemp: Warning: Actor: SM_DoorVent_10
[2018.06.15-09.11.54:463][ 92]LogTemp: Warning: Actor: SM_DoorVent_10
[2018.06.15-09.11.54:464][ 92]LogTemp: Warning: Actor: SM_DoorVent_10
[2018.06.15-09.11.55:504][129]Set new viewmode: Wireframe
[2018.06.15-09.11.57:461][245]Set new viewmode: Lit_DetailLighting
[2018.06.15-09.11.58:588][286]Set new viewmode: ShaderComplexity
[2018.06.15-09.11.59:132][317]Set new viewmode: Lit_DetailLighting
[2018.06.15-09.11.59:492][331]Set new viewmode: Lit
[2018.06.15-09.12.00:776][376]Set new viewmode: Lit_DetailLighting
[2018.06.15-09.12.01:200][389]Set new viewmode: Lit
[2018.06.15-09.12.01:591][401]Set new viewmode: Lit_DetailLighting
[2018.06.15-09.12.03:645][466]Set new viewmode: Lit
[2018.06.15-09.12.06:189][542]Set new viewmode: ShaderComplexity
[2018.06.15-09.12.06:389][552]Set new viewmode: ShaderComplexity
[2018.06.15-09.12.52:255][301]Set new viewmode: Lit
[2018.06.15-09.13.09:051][934]LogTemp: Warning: Actor: SM_DoorVent_10
[2018.06.15-09.13.09:052][934]LogTemp: Warning: Actor: SM_DoorVent_10
[2018.06.15-09.13.24:923][ 74]LogSlate: FSceneViewport::OnFocusLost() reason 0
[2018.06.15-09.13.25:014][ 76]Candidate modules for hot reload:
[2018.06.15-09.13.25:014][ 76]  FPS
[2018.06.15-09.13.25:016][ 76]Launching UnrealBuildTool... [D:/Epic Games/UE_4.19/Engine/Binaries/DotNET/UnrealBuildTool.exe FPS -ModuleWithSuffix=FPS,3297 Win64 Development -editorrecompile -canskiplink "D:/SpareTime/Unreal/FPS/FPS/FPS.uproject" ]
[2018.06.15-09.13.25:022][ 76]Warning: Starting HotReload took  0.0s.
[2018.06.15-09.13.26:806][136]CompilerResultsLog: New page: Compilation - Jun 15, 2018, 1:13:26 PM
[2018.06.15-09.13.26:807][136]CompilerResultsLog: Using 'git status' to determine working set for adaptive non-unity build.
[2018.06.15-09.13.26:807][136]CompilerResultsLog: Compiling game modules for hot reload
[2018.06.15-09.13.26:808][136]CompilerResultsLog: Target is up to date
[2018.06.15-09.13.26:808][136]CompilerResultsLog: Total build time: 1.43 seconds (NoActionsToExecute executor: 0.00 seconds)
[2018.06.15-09.13.26:808][136]LogMainFrame: MainFrame: Module compiling took 1.808 seconds
[2018.06.15-09.13.26:846][136]LogContentBrowser: Native class hierarchy populated in 0.0184 seconds. Added 2478 classes and 567 folders.
[2018.06.15-09.13.26:847][136]Display: HotReload took  1.9s.
[2018.06.15-09.13.27:837][172]LogTemp: Repeating last play command: Selected Viewport
[2018.06.15-09.13.27:858][172]LogPlayLevel: PlayLevel: No blueprints needed recompiling
[2018.06.15-09.13.27:859][172]PIE: New page: PIE session: Level1 (Jun 15, 2018, 1:13:27 PM)
[2018.06.15-09.13.27:860][172]LogPlayLevel: Creating play world package: /Game/Maps/UEDPIE_0_Level1
[2018.06.15-09.13.27:882][172]LogPlayLevel: PIE: StaticDuplicateObject took: (0.022108s)
[2018.06.15-09.13.27:883][172]LogAIModule: Creating AISystem for world Level1
[2018.06.15-09.13.27:884][172]LogPlayLevel: PIE: World Init took: (0.001424s)
[2018.06.15-09.13.27:885][172]LogPlayLevel: PIE: Created PIE world by copying editor world from /Game/Maps/Level1.Level1 to /Game/Maps/UEDPIE_0_Level1.Level1 (0.025107s)
[2018.06.15-09.13.27:905][172]LogInit: XAudio2 using 'Luidsprekers (Conexant SmartAudio HD)' : 2 channels at 48 kHz using 32 bits per sample (channel mask 0x3)
[2018.06.15-09.13.27:941][172]LogInit: FAudioDevice initialized.
[2018.06.15-09.13.27:982][172]LogLoad: Game class is 'BP_FPSGameModeBase_C'
[2018.06.15-09.13.27:995][172]LogWorld: Bringing World /Game/Maps/UEDPIE_0_Level1.Level1 up for play (max tick rate 60) at 2018.06.15-11.13.27
[2018.06.15-09.13.27:996][172]LogWorld: Bringing up level for play took: 0.012258
[2018.06.15-09.13.28:000][172]PIE: Play in editor start time for /Game/Maps/UEDPIE_0_Level1 -0.478
