Log file open, 06/11/18 21:17:01
LogWindows: Failed to load 'aqProf.dll' (GetLastError=126)
LogWindows: File 'aqProf.dll' does not exist
LogWindows: Failed to load 'VtuneApi.dll' (GetLastError=126)
LogWindows: File 'VtuneApi.dll' does not exist
LogWindows: Failed to load 'VtuneApi32e.dll' (GetLastError=126)
LogWindows: File 'VtuneApi32e.dll' does not exist
LogInit: Display: Running engine for game: FPS
LogPlatformFile: Not using cached read wrapper
LogInit: Display: RandInit(-89884664) SRandInit(-89884664).
LogInit: Read version file with build ID '3944462'
LogInit: Overriding engine version to CL 4033788, compatible CL 3944462
LogInit: Registered custom module enumerator with build ID '3944462'
LogTaskGraph: Started task graph with 5 named threads and 23 total threads with 3 sets of task threads.
LogStats: Stats thread started at 0.349017
LogD3D11RHI: Aftermath initialized
LogICUInternationalization: Display: ICU TimeZone Detection - Raw Offset: +1:00, Platform Override: ''
LogPluginManager: Mounting plugin Paper2D
LogPluginManager: Mounting plugin LiveLink
LogPluginManager: Mounting plugin LightPropagationVolume
LogPluginManager: Mounting plugin CLionSourceCodeAccess
LogPluginManager: Mounting plugin CodeLiteSourceCodeAccess
LogPluginManager: Mounting plugin GitSourceControl
LogPluginManager: Mounting plugin KDevelopSourceCodeAccess
LogPluginManager: Mounting plugin NullSourceCodeAccess
LogPluginManager: Mounting plugin PerforceSourceControl
LogPluginManager: Mounting plugin SubversionSourceControl
LogPluginManager: Mounting plugin UObjectPlugin
LogPluginManager: Mounting plugin VisualStudioCodeSourceCodeAccess
LogPluginManager: Mounting plugin VisualStudioSourceCodeAccess
LogPluginManager: Mounting plugin XCodeSourceCodeAccess
LogPluginManager: Mounting plugin AssetManagerEditor
LogPluginManager: Mounting plugin CryptoKeys
LogPluginManager: Mounting plugin DataValidation
LogPluginManager: Mounting plugin FacialAnimation
LogPluginManager: Mounting plugin GameplayTagsEditor
LogPluginManager: Mounting plugin MobileLauncherProfileWizard
LogPluginManager: Mounting plugin PluginBrowser
LogPluginManager: Mounting plugin SpeedTreeImporter
LogPluginManager: Mounting plugin DatasmithContent
LogPluginManager: Mounting plugin AlembicImporter
LogPluginManager: Mounting plugin CharacterAI
LogPluginManager: Mounting plugin HTML5Networking
LogPluginManager: Mounting plugin AndroidMedia
LogPluginManager: Mounting plugin AvfMedia
LogPluginManager: Mounting plugin ImgMedia
LogPluginManager: Mounting plugin LinearTimecode
LogPluginManager: Mounting plugin MediaCompositing
LogPluginManager: Mounting plugin MediaPlayerEditor
LogPluginManager: Mounting plugin WmfMedia
LogPluginManager: Mounting plugin TcpMessaging
LogPluginManager: Mounting plugin UdpMessaging
LogPluginManager: Mounting plugin ActorSequence
LogPluginManager: Mounting plugin LevelSequenceEditor
LogPluginManager: Mounting plugin MatineeToLevelSequence
LogPluginManager: Mounting plugin NetcodeUnitTest
LogPluginManager: Mounting plugin NUTUnrealEngine4
LogPluginManager: Mounting plugin OnlineSubsystemGooglePlay
LogPluginManager: Mounting plugin OnlineSubsystemIOS
LogPluginManager: Mounting plugin OnlineSubsystem
LogPluginManager: Mounting plugin OnlineSubsystemNull
LogPluginManager: Mounting plugin OnlineSubsystemUtils
LogPluginManager: Mounting plugin AndroidDeviceProfileSelector
LogPluginManager: Mounting plugin AndroidMoviePlayer
LogPluginManager: Mounting plugin AndroidPermission
LogPluginManager: Mounting plugin AppleARKit
LogPluginManager: Mounting plugin AppleMoviePlayer
LogPluginManager: Mounting plugin ArchVisCharacter
LogPluginManager: Mounting plugin AudioCapture
LogPluginManager: Mounting plugin CableComponent
LogPluginManager: Mounting plugin CustomMeshComponent
LogPluginManager: Mounting plugin ExampleDeviceProfileSelector
LogPluginManager: Mounting plugin GoogleCloudMessaging
LogPluginManager: Mounting plugin ImmediatePhysics
LogPluginManager: Mounting plugin IOSDeviceProfileSelector
LogPluginManager: Mounting plugin LinuxDeviceProfileSelector
LogPluginManager: Mounting plugin LocationServicesBPLibrary
LogPluginManager: Mounting plugin MobilePatchingUtils
LogPluginManager: Mounting plugin OculusVR
LogPluginManager: Plugin shader directory ../../../Engine/Plugins/Runtime/Oculus/OculusVR/Shaders found
LogPluginManager: Mapping shader source directory ../../../Engine/Plugins/Runtime/Oculus/OculusVR/Shaders to virtual directory /Plugin/OculusVR
LogPluginManager: Mounting plugin PhysXVehicles
LogPluginManager: Mounting plugin ProceduralMeshComponent
LogPluginManager: Mounting plugin RuntimePhysXCooking
LogPluginManager: Mounting plugin SteamVR
LogPluginManager: Mounting plugin WindowsMoviePlayer
LogPluginManager: Mounting plugin CoverPointGenerator
LogStreaming: Display: Took  0.075s to configure plugins.
LogModuleManager: Display: Found up-to-date module file ../../../../../../../Projects/FPS/FPS/Binaries/Win64/UE4Editor-FPS.dll (API version 3944462).
LogModuleManager: Display: Found up-to-date module file ../../../Engine/Plugins/2D/Paper2D/Binaries/Win64/UE4Editor-Paper2D.dll (API version 3944462).
LogModuleManager: Display: Found up-to-date module file ../../../Engine/Plugins/2D/Paper2D/Binaries/Win64/UE4Editor-Paper2DEditor.dll (API version 3944462).
LogModuleManager: Display: Found up-to-date module file ../../../Engine/Plugins/2D/Paper2D/Binaries/Win64/UE4Editor-PaperSpriteSheetImporter.dll (API version 3944462).
LogModuleManager: Display: Found up-to-date module file ../../../Engine/Plugins/2D/Paper2D/Binaries/Win64/UE4Editor-PaperTiledImporter.dll (API version 3944462).
LogModuleManager: Display: Found up-to-date module file ../../../Engine/Plugins/2D/Paper2D/Binaries/Win64/UE4Editor-SmartSnapping.dll (API version 3944462).
LogModuleManager: Display: Found up-to-date module file ../../../Engine/Plugins/Animation/LiveLink/Binaries/Win64/UE4Editor-LiveLink.dll (API version 3944462).
LogModuleManager: Display: Found up-to-date module file ../../../Engine/Plugins/Animation/LiveLink/Binaries/Win64/UE4Editor-LiveLinkEditor.dll (API version 3944462).
LogModuleManager: Display: Found up-to-date module file ../../../Engine/Plugins/Blendables/LightPropagationVolume/Binaries/Win64/UE4Editor-LightPropagationVolumeRuntime.dll (API version 3944462).
LogModuleManager: Display: Found up-to-date module file ../../../Engine/Plugins/Blendables/LightPropagationVolume/Binaries/Win64/UE4Editor-LightPropagationVolumeEditor.dll (API version 3944462).
LogModuleManager: Display: Found up-to-date module file ../../../Engine/Plugins/Developer/CLionSourceCodeAccess/Binaries/Win64/UE4Editor-CLionSourceCodeAccess.dll (API version 3944462).
LogModuleManager: Display: Found up-to-date module file ../../../Engine/Plugins/Developer/GitSourceControl/Binaries/Win64/UE4Editor-GitSourceControl.dll (API version 3944462).
LogModuleManager: Display: Found up-to-date module file ../../../Engine/Plugins/Developer/PerforceSourceControl/Binaries/Win64/UE4Editor-PerforceSourceControl.dll (API version 3944462).
LogModuleManager: Display: Found up-to-date module file ../../../Engine/Plugins/Developer/SubversionSourceControl/Binaries/Win64/UE4Editor-SubversionSourceControl.dll (API version 3944462).
LogModuleManager: Display: Found up-to-date module file ../../../Engine/Plugins/Developer/UObjectPlugin/Binaries/Win64/UE4Editor-UObjectPlugin.dll (API version 3944462).
LogModuleManager: Display: Found up-to-date module file ../../../Engine/Plugins/Developer/VisualStudioCodeSourceCodeAccess/Binaries/Win64/UE4Editor-VisualStudioCodeSourceCodeAccess.dll (API version 3944462).
LogModuleManager: Display: Found up-to-date module file ../../../Engine/Plugins/Developer/VisualStudioSourceCodeAccess/Binaries/Win64/UE4Editor-VisualStudioSourceCodeAccess.dll (API version 3944462).
LogModuleManager: Display: Found up-to-date module file ../../../Engine/Plugins/Editor/AssetManagerEditor/Binaries/Win64/UE4Editor-AssetManagerEditor.dll (API version 3944462).
LogModuleManager: Display: Found up-to-date module file ../../../Engine/Plugins/Editor/CryptoKeys/Binaries/Win64/UE4Editor-CryptoKeys.dll (API version 3944462).
LogModuleManager: Display: Found up-to-date module file ../../../Engine/Plugins/Editor/CryptoKeys/Binaries/Win64/UE4Editor-CryptoKeysOpenSSL.dll (API version 3944462).
LogModuleManager: Display: Found up-to-date module file ../../../Engine/Plugins/Editor/DataValidation/Binaries/Win64/UE4Editor-DataValidation.dll (API version 3944462).
LogModuleManager: Display: Found up-to-date module file ../../../Engine/Plugins/Editor/FacialAnimation/Binaries/Win64/UE4Editor-FacialAnimation.dll (API version 3944462).
LogModuleManager: Display: Found up-to-date module file ../../../Engine/Plugins/Editor/FacialAnimation/Binaries/Win64/UE4Editor-FacialAnimationEditor.dll (API version 3944462).
LogModuleManager: Display: Found up-to-date module file ../../../Engine/Plugins/Editor/GameplayTagsEditor/Binaries/Win64/UE4Editor-GameplayTagsEditor.dll (API version 3944462).
LogModuleManager: Display: Found up-to-date module file ../../../Engine/Plugins/Editor/MobileLauncherProfileWizard/Binaries/Win64/UE4Editor-MobileLauncherProfileWizard.dll (API version 3944462).
LogModuleManager: Display: Found up-to-date module file ../../../Engine/Plugins/Editor/PluginBrowser/Binaries/Win64/UE4Editor-PluginBrowser.dll (API version 3944462).
LogModuleManager: Display: Found up-to-date module file ../../../Engine/Plugins/Editor/SpeedTreeImporter/Binaries/Win64/UE4Editor-SpeedTreeImporter.dll (API version 3944462).
LogModuleManager: Display: Found up-to-date module file ../../../Engine/Plugins/Enterprise/DatasmithContent/Binaries/Win64/UE4Editor-DatasmithContent.dll (API version 3944462).
LogModuleManager: Display: Found up-to-date module file ../../../Engine/Plugins/Experimental/AlembicImporter/Binaries/Win64/UE4Editor-AlembicImporter.dll (API version 3944462).
LogModuleManager: Display: Found up-to-date module file ../../../Engine/Plugins/Experimental/AlembicImporter/Binaries/Win64/UE4Editor-AlembicLibrary.dll (API version 3944462).
LogModuleManager: Display: Found up-to-date module file ../../../Engine/Plugins/Experimental/CharacterAI/Binaries/Win64/UE4Editor-CharacterAI.dll (API version 3944462).
LogModuleManager: Display: Found up-to-date module file ../../../Engine/Plugins/Experimental/HTML5Networking/Binaries/Win64/UE4Editor-HTML5Networking.dll (API version 3944462).
LogModuleManager: Display: Found up-to-date module file ../../../Engine/Plugins/Media/AndroidMedia/Binaries/Win64/UE4Editor-AndroidMediaEditor.dll (API version 3944462).
LogModuleManager: Display: Found up-to-date module file ../../../Engine/Plugins/Media/AndroidMedia/Binaries/Win64/UE4Editor-AndroidMediaFactory.dll (API version 3944462).
LogModuleManager: Display: Found up-to-date module file ../../../Engine/Plugins/Media/AvfMedia/Binaries/Win64/UE4Editor-AvfMediaEditor.dll (API version 3944462).
LogModuleManager: Display: Found up-to-date module file ../../../Engine/Plugins/Media/AvfMedia/Binaries/Win64/UE4Editor-AvfMediaFactory.dll (API version 3944462).
LogModuleManager: Display: Found up-to-date module file ../../../Engine/Plugins/Media/AvfMedia/Binaries/Win64/UE4Editor-AvfMediaFactory.dll (API version 3944462).
LogModuleManager: Display: Found up-to-date module file ../../../Engine/Plugins/Media/ImgMedia/Binaries/Win64/UE4Editor-ImgMedia.dll (API version 3944462).
LogModuleManager: Display: Found up-to-date module file ../../../Engine/Plugins/Media/ImgMedia/Binaries/Win64/UE4Editor-ImgMediaEditor.dll (API version 3944462).
LogModuleManager: Display: Found up-to-date module file ../../../Engine/Plugins/Media/ImgMedia/Binaries/Win64/UE4Editor-ImgMediaFactory.dll (API version 3944462).
LogModuleManager: Display: Found up-to-date module file ../../../Engine/Plugins/Media/ImgMedia/Binaries/Win64/UE4Editor-ImgMediaFactory.dll (API version 3944462).
LogModuleManager: Display: Found up-to-date module file ../../../Engine/Plugins/Media/ImgMedia/Binaries/Win64/UE4Editor-OpenExrWrapper.dll (API version 3944462).
LogModuleManager: Display: Found up-to-date module file ../../../Engine/Plugins/Media/LinearTimecode/Binaries/Win64/UE4Editor-LinearTimecode.dll (API version 3944462).
LogModuleManager: Display: Found up-to-date module file ../../../Engine/Plugins/Media/MediaCompositing/Binaries/Win64/UE4Editor-MediaCompositing.dll (API version 3944462).
LogModuleManager: Display: Found up-to-date module file ../../../Engine/Plugins/Media/MediaCompositing/Binaries/Win64/UE4Editor-MediaCompositingEditor.dll (API version 3944462).
LogModuleManager: Display: Found up-to-date module file ../../../Engine/Plugins/Media/MediaPlayerEditor/Binaries/Win64/UE4Editor-MediaPlayerEditor.dll (API version 3944462).
LogModuleManager: Display: Found up-to-date module file ../../../Engine/Plugins/Media/WmfMedia/Binaries/Win64/UE4Editor-WmfMedia.dll (API version 3944462).
LogModuleManager: Display: Found up-to-date module file ../../../Engine/Plugins/Media/WmfMedia/Binaries/Win64/UE4Editor-WmfMediaEditor.dll (API version 3944462).
LogModuleManager: Display: Found up-to-date module file ../../../Engine/Plugins/Media/WmfMedia/Binaries/Win64/UE4Editor-WmfMediaFactory.dll (API version 3944462).
LogModuleManager: Display: Found up-to-date module file ../../../Engine/Plugins/Media/WmfMedia/Binaries/Win64/UE4Editor-WmfMediaFactory.dll (API version 3944462).
LogModuleManager: Display: Found up-to-date module file ../../../Engine/Plugins/Messaging/TcpMessaging/Binaries/Win64/UE4Editor-TcpMessaging.dll (API version 3944462).
LogModuleManager: Display: Found up-to-date module file ../../../Engine/Plugins/Messaging/UdpMessaging/Binaries/Win64/UE4Editor-UdpMessaging.dll (API version 3944462).
LogModuleManager: Display: Found up-to-date module file ../../../Engine/Plugins/MovieScene/ActorSequence/Binaries/Win64/UE4Editor-ActorSequence.dll (API version 3944462).
LogModuleManager: Display: Found up-to-date module file ../../../Engine/Plugins/MovieScene/LevelSequenceEditor/Binaries/Win64/UE4Editor-LevelSequenceEditor.dll (API version 3944462).
LogModuleManager: Display: Found up-to-date module file ../../../Engine/Plugins/MovieScene/MatineeToLevelSequence/Binaries/Win64/UE4Editor-MatineeToLevelSequence.dll (API version 3944462).
LogModuleManager: Display: Found up-to-date module file ../../../Engine/Plugins/NetcodeUnitTest/NetcodeUnitTest/Binaries/Win64/UE4Editor-NetcodeUnitTest.dll (API version 3944462).
LogModuleManager: Display: Found up-to-date module file ../../../Engine/Plugins/NetcodeUnitTest/NUTUnrealEngine4/Binaries/Win64/UE4Editor-NUTUnrealEngine4.dll (API version 3944462).
LogModuleManager: Display: Found up-to-date module file ../../../Engine/Plugins/Online/OnlineSubsystem/Binaries/Win64/UE4Editor-OnlineSubsystem.dll (API version 3944462).
LogModuleManager: Display: Found up-to-date module file ../../../Engine/Plugins/Online/OnlineSubsystemNull/Binaries/Win64/UE4Editor-OnlineSubsystemNull.dll (API version 3944462).
LogModuleManager: Display: Found up-to-date module file ../../../Engine/Plugins/Online/OnlineSubsystemUtils/Binaries/Win64/UE4Editor-OnlineSubsystemUtils.dll (API version 3944462).
LogModuleManager: Display: Found up-to-date module file ../../../Engine/Plugins/Online/OnlineSubsystemUtils/Binaries/Win64/UE4Editor-OnlineBlueprintSupport.dll (API version 3944462).
LogModuleManager: Display: Found up-to-date module file ../../../Engine/Plugins/Runtime/AndroidDeviceProfileSelector/Binaries/Win64/UE4Editor-AndroidDeviceProfileSelector.dll (API version 3944462).
LogModuleManager: Display: Found up-to-date module file ../../../Engine/Plugins/Runtime/AndroidPermission/Binaries/Win64/UE4Editor-AndroidPermission.dll (API version 3944462).
LogModuleManager: Display: Found up-to-date module file ../../../Engine/Plugins/Runtime/AppleARKit/Binaries/Win64/UE4Editor-AppleARKit.dll (API version 3944462).
LogModuleManager: Display: Found up-to-date module file ../../../Engine/Plugins/Runtime/ArchVisCharacter/Binaries/Win64/UE4Editor-ArchVisCharacter.dll (API version 3944462).
LogModuleManager: Display: Found up-to-date module file ../../../Engine/Plugins/Runtime/AudioCapture/Binaries/Win64/UE4Editor-AudioCapture.dll (API version 3944462).
LogModuleManager: Display: Found up-to-date module file ../../../Engine/Plugins/Runtime/AudioCapture/Binaries/Win64/UE4Editor-AudioCaptureEditor.dll (API version 3944462).
LogModuleManager: Display: Found up-to-date module file ../../../Engine/Plugins/Runtime/CableComponent/Binaries/Win64/UE4Editor-CableComponent.dll (API version 3944462).
LogModuleManager: Display: Found up-to-date module file ../../../Engine/Plugins/Runtime/CustomMeshComponent/Binaries/Win64/UE4Editor-CustomMeshComponent.dll (API version 3944462).
LogModuleManager: Display: Found up-to-date module file ../../../Engine/Plugins/Runtime/ExampleDeviceProfileSelector/Binaries/Win64/UE4Editor-ExampleDeviceProfileSelector.dll (API version 3944462).
LogModuleManager: Display: Found up-to-date module file ../../../Engine/Plugins/Runtime/ImmediatePhysics/Binaries/Win64/UE4Editor-ImmediatePhysics.dll (API version 3944462).
LogModuleManager: Display: Found up-to-date module file ../../../Engine/Plugins/Runtime/ImmediatePhysics/Binaries/Win64/UE4Editor-ImmediatePhysicsEditor.dll (API version 3944462).
LogModuleManager: Display: Found up-to-date module file ../../../Engine/Plugins/Runtime/LocationServicesBPLibrary/Binaries/Win64/UE4Editor-LocationServicesBPLibrary.dll (API version 3944462).
LogModuleManager: Display: Found up-to-date module file ../../../Engine/Plugins/Runtime/MobilePatchingUtils/Binaries/Win64/UE4Editor-MobilePatchingUtils.dll (API version 3944462).
LogModuleManager: Display: Found up-to-date module file ../../../Engine/Plugins/Runtime/Oculus/OculusVR/Binaries/Win64/UE4Editor-OculusHMD.dll (API version 3944462).
LogModuleManager: Display: Found up-to-date module file ../../../Engine/Plugins/Runtime/Oculus/OculusVR/Binaries/Win64/UE4Editor-OculusInput.dll (API version 3944462).
LogModuleManager: Display: Found up-to-date module file ../../../Engine/Plugins/Runtime/Oculus/OculusVR/Binaries/Win64/UE4Editor-OculusEditor.dll (API version 3944462).
LogModuleManager: Display: Found up-to-date module file ../../../Engine/Plugins/Runtime/PhysXVehicles/Binaries/Win64/UE4Editor-PhysXVehicles.dll (API version 3944462).
LogModuleManager: Display: Found up-to-date module file ../../../Engine/Plugins/Runtime/PhysXVehicles/Binaries/Win64/UE4Editor-PhysXVehiclesEditor.dll (API version 3944462).
LogModuleManager: Display: Found up-to-date module file ../../../Engine/Plugins/Runtime/ProceduralMeshComponent/Binaries/Win64/UE4Editor-ProceduralMeshComponent.dll (API version 3944462).
LogModuleManager: Display: Found up-to-date module file ../../../Engine/Plugins/Runtime/ProceduralMeshComponent/Binaries/Win64/UE4Editor-ProceduralMeshComponentEditor.dll (API version 3944462).
LogModuleManager: Display: Found up-to-date module file ../../../Engine/Plugins/Runtime/RuntimePhysXCooking/Binaries/Win64/UE4Editor-RuntimePhysXCooking.dll (API version 3944462).
LogModuleManager: Display: Found up-to-date module file ../../../Engine/Plugins/Runtime/Steam/SteamVR/Binaries/Win64/UE4Editor-SteamVR.dll (API version 3944462).
LogModuleManager: Display: Found up-to-date module file ../../../Engine/Plugins/Runtime/Steam/SteamVR/Binaries/Win64/UE4Editor-SteamVRController.dll (API version 3944462).
LogModuleManager: Display: Found up-to-date module file ../../../Engine/Plugins/Runtime/WindowsMoviePlayer/Binaries/Win64/UE4Editor-WindowsMoviePlayer.dll (API version 3944462).
LogModuleManager: Display: Found up-to-date module file ../../../../../../../Projects/FPS/FPS/Plugins/CoverPointGenerator/Binaries/Win64/UE4Editor-CoverPointGenerator.dll (API version 3944462).
LogInit: Using libcurl 7.47.1
LogInit:  - built for x86_64-pc-win32
LogInit:  - supports SSL with OpenSSL/1.0.2g
LogInit:  - supports HTTP deflate (compression) using libz 1.2.8
LogInit:  - other features:
LogInit:      CURL_VERSION_SSL
LogInit:      CURL_VERSION_LIBZ
LogInit:      CURL_VERSION_IPV6
LogInit:      CURL_VERSION_ASYNCHDNS
LogInit:      CURL_VERSION_LARGEFILE
LogInit:      CURL_VERSION_IDN
LogInit:  CurlRequestOptions (configurable via config and command line):
LogInit:  - bVerifyPeer = false  - Libcurl will NOT verify peer certificate
LogInit:  - bUseHttpProxy = false  - Libcurl will NOT use HTTP proxy
LogInit:  - bDontReuseConnections = false  - Libcurl will reuse connections
LogInit:  - CertBundlePath = nullptr  - Libcurl will use whatever was configured at build time.
LogInit:  - MaxHostConnections = 16  - Libcurl will limit the number of connections to a host
LogInit:  - LocalHostAddr = Default
LogInit: WinSock: version 1.1 (2.2), MaxSocks=32767, MaxUdp=65467
LogInit: WinSock: I am DESKTOP-27ERO04 (192.168.178.101:0)
LogInit: Build: ++UE4+Release-4.19-CL-4033788
LogInit: Engine Version: 4.19.2-4033788+++UE4+Release-4.19
LogInit: Compatible Engine Version: 4.19.0-3944462+++UE4+Release-4.19
LogInit: Net CL: 3944462
LogDevObjectVersion: Number of dev versions registered: 18
LogDevObjectVersion:   Dev-Blueprints (B0D832E4-1F89-4F0D-ACCF-7EB736FD4AA2): 10
LogDevObjectVersion:   Dev-Build (E1C64328-A22C-4D53-A36C-8E866417BD8C): 0
LogDevObjectVersion:   Dev-Core (375EC13C-06E4-48FB-B500-84F0262A717E): 2
LogDevObjectVersion:   Dev-Editor (E4B068ED-F494-42E9-A231-DA0B2E46BB41): 23
LogDevObjectVersion:   Dev-Framework (CFFC743F-43B0-4480-9391-14DF171D2073): 33
LogDevObjectVersion:   Dev-Mobile (B02B49B5-BB20-44E9-A304-32B752E40360): 2
LogDevObjectVersion:   Dev-Networking (A4E4105C-59A1-49B5-A7C5-40C4547EDFEE): 0
LogDevObjectVersion:   Dev-Online (39C831C9-5AE6-47DC-9A44-9C173E1C8E7C): 0
LogDevObjectVersion:   Dev-Physics (78F01B33-EBEA-4F98-B9B4-84EACCB95AA2): 0
LogDevObjectVersion:   Dev-Platform (6631380F-2D4D-43E0-8009-CF276956A95A): 0
LogDevObjectVersion:   Dev-Rendering (12F88B9F-8875-4AFC-A67C-D90C383ABD29): 25
LogDevObjectVersion:   Dev-Sequencer (7B5AE74C-D270-4C10-A958-57980B212A5A): 6
LogDevObjectVersion:   Dev-VR (D7296918-1DD6-4BDD-9DE2-64A83CC13884): 1
LogDevObjectVersion:   Dev-LoadTimes (C2A15278-BFE7-4AFE-6C17-90FF531DF755): 1
LogDevObjectVersion:   Private-Geometry (6EACA3D4-40EC-4CC1-B786-8BED09428FC5): 2
LogDevObjectVersion:   Dev-AnimPhys (29E575DD-E0A3-4627-9D10-D276232CDCEA): 16
LogDevObjectVersion:   Dev-ReflectionCapture (6B266CEC-1EC7-4B8F-A30B-E4D90942FC07): 1
LogDevObjectVersion:   Dev-Automation (0DF73D61-A23F-47EA-B727-89E90C41499A): 1
LogInit: Compiled (64-bit): Apr 27 2018 02:06:57
LogInit: Compiled with Visual C++: 19.00.24215.01
LogInit: Build Configuration: Development
LogInit: Branch Name: ++UE4+Release-4.19
LogInit: Command Line:  -skipcompile
LogInit: Base Directory: E:/Game Engines/Epic Games/4.19/UE_4.19/Engine/Binaries/Win64/
LogInit: Installed Engine Build: 1
LogStreaming: Display: Took  0.001s to delete old logs.
LogInit: Presizing for max 8388607 objects, including 0 objects not considered by GC, pre-allocating 0 bytes for permanent pool.
LogInit: Object subsystem initialized
[2018.06.11-19.17.03:199][  0]LogInit: Selected Device Profile: [Windows]
[2018.06.11-19.17.03:199][  0]LogInit: Applying CVar settings loaded from the selected device profile: [Windows]
[2018.06.11-19.17.03:212][  0]LogInit: Computer: DESKTOP-27ERO04
[2018.06.11-19.17.03:212][  0]LogInit: User: TomColdenhoff
[2018.06.11-19.17.03:212][  0]LogInit: CPU Page size=4096, Cores=4
[2018.06.11-19.17.03:212][  0]LogInit: High frequency timer resolution =3.319352 MHz
[2018.06.11-19.17.03:213][  0]LogMemory: Memory total: Physical=11.9GB (12GB approx)
[2018.06.11-19.17.03:213][  0]LogMemory: Platform Memory Stats for Windows
[2018.06.11-19.17.03:213][  0]LogMemory: Process Physical Memory: 275.30 MB used, 275.30 MB peak
[2018.06.11-19.17.03:213][  0]LogMemory: Process Virtual Memory: 264.55 MB used, 264.55 MB peak
[2018.06.11-19.17.03:213][  0]LogMemory: Physical Memory: 6974.77 MB used,  5232.68 MB free, 12207.44 MB total
[2018.06.11-19.17.03:213][  0]LogMemory: Virtual Memory: 4789.33 MB used,  5232.68 MB free, 134217728.00 MB total
[2018.06.11-19.17.03:258][  0]LogInit: Using OS detected language (en-US).
[2018.06.11-19.17.03:258][  0]LogInit: Using OS detected locale (en-US).
[2018.06.11-19.17.03:260][  0]LogTextLocalizationManager: No specific localization for 'en-US' exists, so the 'en' localization will be used.
[2018.06.11-19.17.03:672][  0]LogStreaming: Display: Took  0.414s to EndInitTextLocalization.
[2018.06.11-19.17.03:672][  0]LogInit: Setting process to per monitor DPI aware
[2018.06.11-19.17.03:712][  0]LogSlate: New Slate User Created.  User Index 0, Is Virtual User: 0
[2018.06.11-19.17.03:712][  0]LogSlate: Slate User Registered.  User Index 0, Is Virtual User: 0
[2018.06.11-19.17.03:897][  0]LogD3D11RHI: D3D11 adapters:
[2018.06.11-19.17.03:966][  0]LogD3D11RHI:    0. 'NVIDIA GeForce GTX 970' (Feature Level 11_0)
[2018.06.11-19.17.03:966][  0]LogD3D11RHI:       4043/0/6103 MB DedicatedVideo/DedicatedSystem/SharedSystem, Outputs:2, VendorId:0x10de
[2018.06.11-19.17.03:970][  0]LogD3D11RHI:    1. 'Microsoft Basic Render Driver' (Feature Level 11_0)
[2018.06.11-19.17.03:970][  0]LogD3D11RHI:       0/0/6103 MB DedicatedVideo/DedicatedSystem/SharedSystem, Outputs:0, VendorId:0x1414
[2018.06.11-19.17.03:970][  0]LogD3D11RHI: Chosen D3D11 Adapter: 0
[2018.06.11-19.17.03:977][  0]LogD3D11RHI: Creating new Direct3DDevice
[2018.06.11-19.17.03:977][  0]LogD3D11RHI:     GPU DeviceId: 0x13c2 (for the marketing name, search the web for "GPU Device Id")
[2018.06.11-19.17.03:977][  0]LogWindows: EnumDisplayDevices:
[2018.06.11-19.17.03:977][  0]LogWindows:    0. 'NVIDIA GeForce GTX 970' (P:1 D:1)
[2018.06.11-19.17.03:978][  0]LogWindows:    1. 'NVIDIA GeForce GTX 970' (P:0 D:1)
[2018.06.11-19.17.03:978][  0]LogWindows:    2. 'NVIDIA GeForce GTX 970' (P:0 D:0)
[2018.06.11-19.17.03:978][  0]LogWindows:    3. 'NVIDIA GeForce GTX 970' (P:0 D:0)
[2018.06.11-19.17.03:978][  0]LogWindows: DebugString: GetVideoDriverDetailsInvalid PrimaryIsNotTheChoosenAdapter GetVideoDriverDetailsInvalid PrimaryIsNotTheChoosenAdapter GetVideoDriverDetailsInvalid PrimaryIsNotTheChoosenAdapter GetVideoDriverDetailsInvalid PrimaryIsNotTheChoosenAdapter FoundDriverCount:0 
[2018.06.11-19.17.03:978][  0]LogD3D11RHI:     Adapter Name: NVIDIA GeForce GTX 970
[2018.06.11-19.17.03:978][  0]LogD3D11RHI:   Driver Version: Unknown (internal:Unknown, unified:Unknown)
[2018.06.11-19.17.03:978][  0]LogD3D11RHI:      Driver Date: Unknown
[2018.06.11-19.17.03:978][  0]LogRHI: Texture pool is 2830 MB (70% of 4043 MB)
[2018.06.11-19.17.04:017][  0]LogD3D11RHI: [Aftermath] Aftermath enabled and primed
[2018.06.11-19.17.04:017][  0]LogD3D11RHI: [Aftermath] Aftermath enabled and primed
[2018.06.11-19.17.04:017][  0]LogD3D11RHI: Async texture creation enabled
[2018.06.11-19.17.04:089][  0]LogD3D11RHI: GPU Timing Frequency: 1000.000000 (Debug: 2 2)
[2018.06.11-19.17.04:137][  0]LogShaderCompilers: Guid format shader working directory is 16 characters bigger than the processId version (../../../../../../../Projects/FPS/FPS/Intermediate/Shaders/WorkingDirectory/13292/).
[2018.06.11-19.17.04:137][  0]LogShaderCompilers: Cleaned the shader compiler working directory 'C:/Users/TomColdenhoff/AppData/Local/Temp/UnrealShaderWorkingDir/A88B52AC4A3A55FF4974AF8A7631699C/'.
[2018.06.11-19.17.04:342][  0]LogTemp: Display: Loaded TP AllDesktopTargetPlatform
[2018.06.11-19.17.04:360][  0]LogTemp: Display: Loaded TP MacClientTargetPlatform
[2018.06.11-19.17.04:375][  0]LogTemp: Display: Loaded TP MacNoEditorTargetPlatform
[2018.06.11-19.17.04:391][  0]LogTemp: Display: Loaded TP MacServerTargetPlatform
[2018.06.11-19.17.04:406][  0]LogTemp: Display: Loaded TP MacTargetPlatform
[2018.06.11-19.17.04:422][  0]LogTemp: Display: Loaded TP WindowsClientTargetPlatform
[2018.06.11-19.17.04:436][  0]LogTemp: Display: Loaded TP WindowsNoEditorTargetPlatform
[2018.06.11-19.17.04:453][  0]LogTemp: Display: Loaded TP WindowsServerTargetPlatform
[2018.06.11-19.17.04:459][  0]LogTemp: Display: Loaded TP WindowsTargetPlatform
[2018.06.11-19.17.04:472][  0]LogTemp: Display: Loaded TP Android_ASTCTargetPlatform
[2018.06.11-19.17.04:485][  0]LogTemp: Display: Loaded TP Android_ATCTargetPlatform
[2018.06.11-19.17.04:497][  0]LogTemp: Display: Loaded TP Android_DXTTargetPlatform
[2018.06.11-19.17.04:512][  0]LogTemp: Display: Loaded TP Android_ETC1aTargetPlatform
[2018.06.11-19.17.04:532][  0]LogTemp: Display: Loaded TP Android_ETC1TargetPlatform
[2018.06.11-19.17.04:547][  0]LogTemp: Display: Loaded TP Android_ETC2TargetPlatform
[2018.06.11-19.17.04:573][  0]LogTemp: Display: Loaded TP Android_MultiTargetPlatform
[2018.06.11-19.17.04:573][  0]LogTemp: Display: Loaded TP Android_PVRTCTargetPlatform
[2018.06.11-19.17.04:587][  0]LogTemp: Display: Loaded TP AndroidTargetPlatform
[2018.06.11-19.17.04:589][  0]LogTemp: Display: Loaded TP HTML5TargetPlatform
[2018.06.11-19.17.04:632][  0]LogTemp: Display: Loaded TP IOSTargetPlatform
[2018.06.11-19.17.04:648][  0]LogTemp: Display: Loaded TP TVOSTargetPlatform
[2018.06.11-19.17.04:663][  0]LogTemp: Display: Loaded TP LinuxClientTargetPlatform
[2018.06.11-19.17.04:678][  0]LogTemp: Display: Loaded TP LinuxNoEditorTargetPlatform
[2018.06.11-19.17.04:696][  0]LogTemp: Display: Loaded TP LinuxServerTargetPlatform
[2018.06.11-19.17.04:711][  0]LogTemp: Display: Loaded TP LinuxTargetPlatform
[2018.06.11-19.17.04:711][  0]LogTargetPlatformManager: Display: Building Assets For Windows
[2018.06.11-19.17.04:835][  0]LogXGEController: Cleaning working directory: C:/Users/TomColdenhoff/AppData/Local/Temp/UnrealXGEWorkingDir/
[2018.06.11-19.17.04:835][  0]LogXGEController: Cannot use XGE Controller as Incredibuild is not installed on this machine.
[2018.06.11-19.17.04:835][  0]LogShaderCompilers: Cannot use XGE Shader Compiler as Incredibuild is not installed on this machine.
[2018.06.11-19.17.04:835][  0]LogShaderCompilers: Display: Using Local Shader Compiler.
[2018.06.11-19.17.05:532][  0]LogDerivedDataCache: Display: Max Cache Size: 512 MB
[2018.06.11-19.17.05:603][  0]LogDerivedDataCache: Loaded boot cache 0.07s 80MB C:/Users/TomColdenhoff/AppData/Local/UnrealEngine/4.19/DerivedDataCache/Boot.ddc.
[2018.06.11-19.17.05:603][  0]LogDerivedDataCache: Display: Loaded Boot cache: C:/Users/TomColdenhoff/AppData/Local/UnrealEngine/4.19/DerivedDataCache/Boot.ddc
[2018.06.11-19.17.05:603][  0]LogDerivedDataCache: FDerivedDataBackendGraph:  Pak pak cache file ../../../../../../../Projects/FPS/FPS/DerivedDataCache/DDC.ddp not found, will not use a pak cache.
[2018.06.11-19.17.05:603][  0]LogDerivedDataCache: Unable to find inner node Pak for hierarchical cache Hierarchy.
[2018.06.11-19.17.05:603][  0]LogDerivedDataCache: FDerivedDataBackendGraph:  CompressedPak pak cache file ../../../../../../../Projects/FPS/FPS/DerivedDataCache/Compressed.ddp not found, will not use a pak cache.
[2018.06.11-19.17.05:603][  0]LogDerivedDataCache: Unable to find inner node CompressedPak for hierarchical cache Hierarchy.
[2018.06.11-19.17.05:620][  0]LogDerivedDataCache: Display: Pak cache opened for reading ../../../Engine/DerivedDataCache/Compressed.ddp.
[2018.06.11-19.17.05:633][  0]LogDerivedDataCache: Using Local data cache path C:/Users/TomColdenhoff/AppData/Local/UnrealEngine/Common/DerivedDataCache: Writable
[2018.06.11-19.17.05:633][  0]LogDerivedDataCache: Shared data cache path not found in *engine.ini, will not use an Shared cache.
[2018.06.11-19.17.05:633][  0]LogDerivedDataCache: Unable to find inner node Shared for hierarchical cache Hierarchy.
[2018.06.11-19.17.05:646][  0]LogMaterial: Verifying Global Shaders for PCD3D_SM5
[2018.06.11-19.17.05:647][  0]LogSlate: Using Freetype 2.6.0
[2018.06.11-19.17.05:647][  0]LogSlate: SlateFontCache - WITH_FREETYPE: 1, WITH_HARFBUZZ: 1
[2018.06.11-19.17.05:647][  0]LogSlate: SlateFontCache - WITH_FREETYPE: 1, WITH_HARFBUZZ: 1
[2018.06.11-19.17.05:757][  0]LogAssetRegistry: FAssetRegistry took 0.0301 seconds to start up
[2018.06.11-19.17.06:063][  0]LogInit: Selected Device Profile: [Windows]
[2018.06.11-19.17.06:216][  0]LogSimplygon: Simplygon DLL not present - disabling.
[2018.06.11-19.17.06:237][  0]LogMeshReduction: Using SimplygonSwarm for distributed automatic mesh merging
[2018.06.11-19.17.06:237][  0]LogMeshReduction: Using QuadricMeshReduction for automatic static mesh reduction
[2018.06.11-19.17.06:237][  0]LogMeshReduction: No automatic skeletal mesh reduction module available
[2018.06.11-19.17.06:237][  0]LogMeshReduction: No automatic mesh merging module available
[2018.06.11-19.17.06:237][  0]LogMeshMerging: No automatic mesh merging module available
[2018.06.11-19.17.06:262][  0]LogNetVersion: FPS , NetCL: 3944462, EngineNetVer: 2, GameNetVer: 0 (Checksum: 2326512385)
[2018.06.11-19.17.06:661][  0]LogPackageLocalizationCache: Processed 9 localized package path(s) for 2 prioritized culture(s) in 0.071513 seconds
[2018.06.11-19.17.06:667][  0]LogUObjectArray: 36728 objects as part of root set at end of initial load.
[2018.06.11-19.17.06:667][  0]LogUObjectAllocator: 7314312 out of 0 bytes used by permanent object pool.
[2018.06.11-19.17.06:667][  0]LogUObjectArray: CloseDisregardForGC: 0/0 objects in disregard for GC pool
[2018.06.11-19.17.08:228][  0]LogTcpMessaging: Initializing TcpMessaging bridge
[2018.06.11-19.17.08:256][  0]LogUdpMessaging: Initializing bridge on interface 0.0.0.0:0 to multicast group 230.0.0.1:6666.
[2018.06.11-19.17.08:544][  0]LogSkeletalMesh: Skeletal Mesh found in DDC [1.334899ms] /Game/Models/Player/Arms/Arms_SMG.Arms_SMG
[2018.06.11-19.17.08:568][  0]LogUObjectGlobals: Created PersistentFrame Addr=0x000002b9e055d990, Size=80, Default__BP_SMGAnim_C Function /Game/Animations/SMG/BP_SMGAnim.BP_SMGAnim_C:ExecuteUbergraph_BP_SMGAnim
[2018.06.11-19.17.08:577][  0]LogUObjectGlobals: Destroyed PersistentFrame Addr=0x000002b9e055d990, Size=80
[2018.06.11-19.17.08:577][  0]LogUObjectGlobals: Created PersistentFrame Addr=0x000002b9e12a7060, Size=80, Default__BP_SMGAnim_C Function /Engine/Transient.REINST_BP_SMGAnim_C_0:ExecuteUbergraph_BP_SMGAnim
[2018.06.11-19.17.08:587][  0]LogUObjectGlobals: Created PersistentFrame Addr=0x000002b9e3156de0, Size=80, Default__BP_SMGAnim_C Function /Game/Animations/SMG/BP_SMGAnim.BP_SMGAnim_C:ExecuteUbergraph_BP_SMGAnim
[2018.06.11-19.17.08:703][  0]SourceControl: Source control is disabled
[2018.06.11-19.17.08:703][  0]SourceControl: Source control is disabled
[2018.06.11-19.17.08:721][  0]SourceControl: Source control is disabled
[2018.06.11-19.17.08:736][  0]SourceControl: Source control is disabled
[2018.06.11-19.17.09:223][  0]LogAndroidPermission: UAndroidPermissionCallbackProxy::GetInstance
[2018.06.11-19.17.09:379][  0]LogOcInput: OculusInput pre-init called
[2018.06.11-19.17.10:391][  0]LogEngine: Initializing Engine...
[2018.06.11-19.17.10:392][  0]LogHMD: Failed to initialize OpenVR with code 110
[2018.06.11-19.17.10:394][  0]LogStats: UGameplayTagsManager::ConstructGameplayTagTree: Construct from data asset -  0.000 s
[2018.06.11-19.17.10:394][  0]LogStats: UGameplayTagsManager::ConstructGameplayTagTree: GameplayTagTreeChangedEvent.Broadcast -  0.000 s
[2018.06.11-19.17.10:620][  0]LogAIModule: Creating AISystem for world Untitled
[2018.06.11-19.17.10:642][  0]LogInit: XAudio2 using 'Speakers (Logitech G35 Headset)' : 2 channels at 44.1 kHz using 16 bits per sample (channel mask 0x3)
[2018.06.11-19.17.10:657][  0]LogInit: FAudioDevice initialized.
[2018.06.11-19.17.10:814][  0]LogDerivedDataCache: Saved boot cache 0.16s 80MB C:/Users/TomColdenhoff/AppData/Local/UnrealEngine/4.19/DerivedDataCache/Boot.ddc.
[2018.06.11-19.17.10:827][  0]LogInit: Texture streaming: Enabled
[2018.06.11-19.17.10:848][  0]LogEngineSessionManager: EngineSessionManager initialized
[2018.06.11-19.17.10:856][  0]LogInit: Transaction tracking system initialized
[2018.06.11-19.17.10:897][  0]BlueprintLog: New page: Editor Load
[2018.06.11-19.17.11:002][  0]LocalizationService: Localization service is disabled
[2018.06.11-19.17.11:115][  0]LogConsoleResponse: Display: 
[2018.06.11-19.17.11:247][  0]LogCook: Display: Max memory allowance for cook 16384mb min free memory 0mb
[2018.06.11-19.17.11:247][  0]LogCook: Display: Mobile HDR setting 1
[2018.06.11-19.17.11:247][  0]LogGameplayTags: Display: UGameplayTagsManager::DoneAddingNativeTags. DelegateIsBound: 0
[2018.06.11-19.17.11:248][  0]LogStats: UGameplayTagsManager::ConstructGameplayTagTree: Construct from data asset -  0.000 s
[2018.06.11-19.17.11:248][  0]LogStats: UGameplayTagsManager::ConstructGameplayTagTree: GameplayTagTreeChangedEvent.Broadcast -  0.000 s
[2018.06.11-19.17.11:497][  0]LogFileCache: Scanning file cache for directory 'E:/Projects/FPS/FPS/Content/' took 0.02s
[2018.06.11-19.17.11:574][  0]SourceControl: Source control is disabled
[2018.06.11-19.17.11:574][  0]Cmd: MAP LOAD FILE="../../../../../../../Projects/FPS/FPS/Content/Maps/AITestMap.umap" TEMPLATE=0 SHOWPROGRESS=1 FEATURELEVEL=3
[2018.06.11-19.17.11:575][  0]LightingResults: New page: Lighting Build
[2018.06.11-19.17.11:577][  0]MapCheck: New page: Map Check
[2018.06.11-19.17.11:578][  0]LightingResults: New page: Lighting Build
[2018.06.11-19.17.11:588][  0]LogUObjectGlobals: Destroyed PersistentFrame Addr=0x000002b9e12a7060, Size=80
[2018.06.11-19.17.11:630][  0]LogUObjectGlobals: Created PersistentFrame Addr=0x000002b9c4306900, Size=128, Default__BP_AssaultAIAnim_C Function /Game/Animations/AI/BP_AssaultAIAnim.BP_AssaultAIAnim_C:ExecuteUbergraph_BP_AssaultAIAnim
[2018.06.11-19.17.11:653][  0]LogUObjectGlobals: Destroyed PersistentFrame Addr=0x000002b9c4306900, Size=128
[2018.06.11-19.17.11:653][  0]LogUObjectGlobals: Created PersistentFrame Addr=0x000002b9e0536000, Size=128, Default__BP_AssaultAIAnim_C Function /Engine/Transient.REINST_BP_AssaultAIAnim_C_1:ExecuteUbergraph_BP_AssaultAIAnim
[2018.06.11-19.17.11:680][  0]LogUObjectGlobals: Created PersistentFrame Addr=0x000002b9c49aa480, Size=128, Default__BP_AssaultAIAnim_C Function /Game/Animations/AI/BP_AssaultAIAnim.BP_AssaultAIAnim_C:ExecuteUbergraph_BP_AssaultAIAnim
[2018.06.11-19.17.11:926][  0]LogSkeletalMesh: Skeletal Mesh found in DDC [4.096583ms] /Game/Animations/AnimStarterPack/UE4_Mannequin/Mesh/SK_Mannequin.SK_Mannequin
[2018.06.11-19.17.11:973][  0]LogAIModule: Creating AISystem for world AITestMap
[2018.06.11-19.17.11:985][  0]LogEditorServer: Finished looking for orphan Actors (0.000 secs)
[2018.06.11-19.17.11:997][  0]LogUObjectGlobals: Destroyed PersistentFrame Addr=0x000002b9e0536000, Size=128
[2018.06.11-19.17.11:998][  0]Cmd: MAP CHECKDEP NOCLEARLOG
[2018.06.11-19.17.12:049][  0]MapCheck: Map check complete: 0 Error(s), 0 Warning(s), took 50.497ms to complete.
[2018.06.11-19.17.12:049][  0]LogFileHelpers: Loading map 'AITestMap' took 0.475
[2018.06.11-19.17.12:218][  0]LogCollectionManager: Loaded 0 collections in 0.001491 seconds
[2018.06.11-19.17.12:267][  0]LogFileCache: Scanning file cache for directory 'E:/Projects/FPS/FPS/Saved/Collections/' took 0.01s
[2018.06.11-19.17.12:267][  0]LogFileCache: Scanning file cache for directory 'E:/Projects/FPS/FPS/Content/Developers/TomColdenhoff/Collections/' took 0.01s
[2018.06.11-19.17.12:267][  0]LogFileCache: Scanning file cache for directory 'E:/Projects/FPS/FPS/Content/Collections/' took 0.01s
[2018.06.11-19.17.12:267][  0]LogCollectionManager: Rebuilt the GUID cache for 0 collections in 0.000000 seconds
[2018.06.11-19.17.12:277][  0]LogContentBrowser: Native class hierarchy populated in 0.0100 seconds. Added 2474 classes and 563 folders.
[2018.06.11-19.17.12:283][  0]LogContentBrowser: Native class hierarchy updated for 'WidgetCarousel' in 0.0008 seconds. Added 0 classes and 0 folders.
[2018.06.11-19.17.12:318][  0]LogContentBrowser: Native class hierarchy updated for 'AddContentDialog' in 0.0013 seconds. Added 0 classes and 0 folders.
[2018.06.11-19.17.12:326][  0]LogContentBrowser: Native class hierarchy updated for 'SceneOutliner' in 0.0010 seconds. Added 1 classes and 2 folders.
[2018.06.11-19.17.13:426][  0]LogSlate: Only BGRA pngs, bmps or icos are supported in by External Image Picker
[2018.06.11-19.17.13:454][  0]LogSlate: Took 0.000214 seconds to synchronously load lazily loaded font '../../../Engine/Content/Slate/Fonts/Roboto-Regular.ttf' (155K)
[2018.06.11-19.17.13:457][  0]LogSlate: Took 0.000249 seconds to synchronously load lazily loaded font '../../../Engine/Content/Slate/Fonts/Roboto-Bold.ttf' (160K)
[2018.06.11-19.17.13:465][  0]LogSlate: Took 0.000233 seconds to synchronously load lazily loaded font '../../../Engine/Content/Editor/Slate/Fonts/FontAwesome.ttf' (139K)
[2018.06.11-19.17.13:578][  0]LogTemp: Executing iPhonePackager certificates Engine -bundlename com.YourCompany.FPS
[2018.06.11-19.17.13:578][  0]LogTemp: CWD: E:\Game Engines\Epic Games\4.19\UE_4.19\Engine\Binaries\DotNET\IOS
[2018.06.11-19.17.13:578][  0]LogTemp: Initial Dir: E:\Game Engines\Epic Games\4.19\UE_4.19
[2018.06.11-19.17.13:578][  0]LogTemp: Env CWD: E:\Game Engines\Epic Games\4.19\UE_4.19\Engine\Binaries\DotNET\IOS
[2018.06.11-19.17.13:578][  0]LogTemp: BranchPath = DESKTOP-27ERO04/E/Game Engines/Epic Games/4.19/UE_4.19/Engine/Binaries --- GameBranchPath = DESKTOP-27ERO04/E/Game Engines/Epic Games/4.19/UE_4.19/Engine/Binaries
[2018.06.11-19.17.13:578][  0]LogTemp: IPP ERROR: Could not find provision directory 'C:\Users\TomColdenhoff\AppData\Local/Apple Computer/MobileDevice/Provisioning Profiles/'.
[2018.06.11-19.17.13:578][  0]LogRenderer: Reallocating scene render targets to support 1136x532 Format 10 NumSamples 1 (Frame:1).
[2018.06.11-19.17.13:733][  0]LogContentBrowser: Native class hierarchy updated for 'HierarchicalLODOutliner' in 0.0010 seconds. Added 0 classes and 0 folders.
[2018.06.11-19.17.13:734][  0]LogLoad: (Engine Initialization) Total time: 12.91 seconds
[2018.06.11-19.17.13:734][  0]LogLoad: (Engine Initialization) Total Blueprint compile time: 0.00 seconds
[2018.06.11-19.17.13:744][  0]LogWindowsTextInputMethodSystem: Display: IME system now deactivated.
[2018.06.11-19.17.13:769][  0]LogContentStreaming: Texture pool size now 1000 MB
[2018.06.11-19.17.13:809][  0]LogSlate: Took 0.000195 seconds to synchronously load lazily loaded font '../../../Engine/Content/Slate/Fonts/Roboto-Light.ttf' (167K)
[2018.06.11-19.17.13:850][  2]LogAssetRegistry: Asset discovery search completed in 8.1171 seconds
[2018.06.11-19.17.13:853][  2]LogCollectionManager: Rebuilt the object cache for 0 collections in 0.000000 seconds (found 0 objects)
[2018.06.11-19.17.13:853][  2]LogCollectionManager: Fixed up redirectors for 0 collections in 0.000187 seconds (updated 0 objects)
[2018.06.11-19.17.16:580][321]LogEditorViewport: Clicking on Actor (LMB): BP_AssaultEnemy_C (BP_AssaultEnemy)
[2018.06.11-19.17.17:469][403]LogSlate: Took 0.000321 seconds to synchronously load lazily loaded font '../../../Engine/Content/Slate/Fonts/Roboto-Italic.ttf' (157K)
[2018.06.11-19.17.23:691][ 63]LogSlate: FSceneViewport::OnFocusLost() reason 0
[2018.06.11-19.17.25:812][270]LogSlate: Took 0.000179 seconds to synchronously load lazily loaded font '../../../Engine/Content/Slate/Fonts/Roboto-Light.ttf' (167K)
[2018.06.11-19.17.26:552][270]LogContentBrowser: Native class hierarchy updated for 'BlueprintGraph' in 0.0027 seconds. Added 116 classes and 0 folders.
[2018.06.11-19.17.27:040][270]LogUObjectGlobals: Created PersistentFrame Addr=0x000002b98b7b67d0, Size=4, Default__SKEL_PROTO_BP_AnimBlueprint_0_C Function /Engine/Transient.SKEL_PROTO_BP_AnimBlueprint_0_C:ExecuteUbergraph_PROTO_BP_AnimBlueprint_0
[2018.06.11-19.17.27:051][270]LogUObjectGlobals: Created PersistentFrame Addr=0x000002b98b7b67c8, Size=4, Default__PROTO_BP_AnimBlueprint_0_C Function /Engine/Transient.PROTO_BP_AnimBlueprint_0_C:ExecuteUbergraph_PROTO_BP_AnimBlueprint_0
[2018.06.11-19.17.28:255][270]LogSlate: Took 0.023644 seconds to synchronously load lazily loaded font '../../../Engine/Content/Slate/Fonts/Roboto-BoldCondensed.ttf' (158K)
[2018.06.11-19.17.43:326][938]BlueprintLog: New page: Compile BP_AssaultEnemy
[2018.06.11-19.17.44:312][940]Cmd: OBJ SAVEPACKAGE PACKAGE="/Game/Blueprints/AI/BP_AssaultEnemy" FILE="../../../../../../../Projects/FPS/FPS/Content/Blueprints/AI/BP_AssaultEnemy.uasset" SILENT=true
[2018.06.11-19.17.44:399][940]LogSavePackage: Save=69.08ms
[2018.06.11-19.17.44:399][940]LogSavePackage: Moving '../../../../../../../Projects/FPS/FPS/Saved/BP_AssaultEnemyFAC61A5F4E0D18335C68B4B82BED0D9E.tmp' to '../../../../../../../Projects/FPS/FPS/Content/Blueprints/AI/BP_AssaultEnemy.uasset'
[2018.06.11-19.17.44:408][940]LogSavePackage: Display: Finished SavePackage ../../../../../../../Projects/FPS/FPS/Content/Blueprints/AI/BP_AssaultEnemy.uasset
[2018.06.11-19.18.08:860][574]LogTemp: Repeating last play command: Selected Viewport
[2018.06.11-19.18.08:885][574]LogPlayLevel: PlayLevel: No blueprints needed recompiling
[2018.06.11-19.18.08:886][574]PIE: New page: PIE session: AITestMap (Jun 11, 2018, 11:18:08 PM)
[2018.06.11-19.18.08:886][574]LogPlayLevel: Creating play world package: /Game/Maps/UEDPIE_0_AITestMap
[2018.06.11-19.18.08:889][574]LogPlayLevel: PIE: StaticDuplicateObject took: (0.003028s)
[2018.06.11-19.18.08:890][574]LogAIModule: Creating AISystem for world AITestMap
[2018.06.11-19.18.08:890][574]LogPlayLevel: PIE: World Init took: (0.000902s)
[2018.06.11-19.18.08:891][574]LogPlayLevel: PIE: Created PIE world by copying editor world from /Game/Maps/AITestMap.AITestMap to /Game/Maps/UEDPIE_0_AITestMap.AITestMap (0.004354s)
[2018.06.11-19.18.08:914][574]LogInit: XAudio2 using 'Speakers (Logitech G35 Headset)' : 2 channels at 44.1 kHz using 16 bits per sample (channel mask 0x3)
[2018.06.11-19.18.08:924][574]LogInit: FAudioDevice initialized.
[2018.06.11-19.18.08:985][574]LogUObjectGlobals: Created PersistentFrame Addr=0x000002b987f694b0, Size=104, Default__BP_InGameGUI_C Function /Game/UI/Widgets/BP_InGameGUI.BP_InGameGUI_C:ExecuteUbergraph_BP_InGameGUI
[2018.06.11-19.18.08:989][574]LogUObjectGlobals: Destroyed PersistentFrame Addr=0x000002b987f694b0, Size=104
[2018.06.11-19.18.08:989][574]LogUObjectGlobals: Created PersistentFrame Addr=0x000002b987f694b0, Size=104, Default__BP_InGameGUI_C Function /Engine/Transient.REINST_BP_InGameGUI_C_0:ExecuteUbergraph_BP_InGameGUI
[2018.06.11-19.18.08:991][574]LogUObjectGlobals: Created PersistentFrame Addr=0x000002ba10712710, Size=104, Default__BP_InGameGUI_C Function /Game/UI/Widgets/BP_InGameGUI.BP_InGameGUI_C:ExecuteUbergraph_BP_InGameGUI
[2018.06.11-19.18.09:006][574]LogLoad: Game class is 'BP_FPSGameModeBase_C'
[2018.06.11-19.18.09:009][574]LogWorld: Bringing World /Game/Maps/UEDPIE_0_AITestMap.AITestMap up for play (max tick rate 0) at 2018.06.11-21.18.09
[2018.06.11-19.18.09:096][574]LogWorld: Bringing up level for play took: 0.088402
[2018.06.11-19.18.09:102][574]LogContentBrowser: Native class hierarchy updated for 'MovieSceneCapture' in 0.0017 seconds. Added 11 classes and 0 folders.
[2018.06.11-19.18.09:104][574]LogOutputDevice: Error: Ensure condition failed: Component->HasBegunPlay() [File:D:\Build\++UE4+Release-4.19+Compile\Sync\Engine\Source\Runtime\Engine\Private\Actor.cpp] [Line: 3129] 
Failed to route BeginPlay (SMG /Game/Maps/UEDPIE_0_AITestMap.AITestMap:PersistentLevel.BP_FPSPlayer_C_0.CurrentWeaponMesh)

[2018.06.11-19.18.09:105][574]LogStats:             FDebug::EnsureFailed -  0.000 s
[2018.06.11-19.18.10:991][574]PIE: Play in editor start time for /Game/Maps/UEDPIE_0_AITestMap 2.547
[2018.06.11-19.18.20:030][504]LogUObjectGlobals: Destroyed PersistentFrame Addr=0x000002b987f694b0, Size=104
[2018.06.11-19.18.21:663][692]LogSlate: FSceneViewport::OnFocusLost() reason 2
[2018.06.11-19.18.21:718][692]Cmd: OBJ SAVEPACKAGE PACKAGE="/Game/Maps/AITestMap" FILE="../../../../../../../Projects/FPS/FPS/Content/Maps/AITestMap.umap" SILENT=true AUTOSAVING=false KEEPDIRTY=false
[2018.06.11-19.18.21:789][692]LogSavePackage: Save=41.16ms
[2018.06.11-19.18.21:790][692]LogSavePackage: Moving '../../../../../../../Projects/FPS/FPS/Saved/AITestMap43C6BD174920E524F65B5DADBAA9C83B.tmp' to '../../../../../../../Projects/FPS/FPS/Content/Maps/AITestMap.umap'
[2018.06.11-19.18.21:792][692]LogSavePackage: Display: Finished SavePackage ../../../../../../../Projects/FPS/FPS/Content/Maps/AITestMap.umap
[2018.06.11-19.18.21:825][692]LogFileHelpers: Saving map 'AITestMap' took 0.158
[2018.06.11-19.18.38:544][237]LogSlate: Took 0.029529 seconds to synchronously load lazily loaded font '../../../Engine/Content/Slate/Fonts/DroidSansMono.ttf' (77K)
[2018.06.11-19.18.58:849][ 20]LogTemp: Repeating last play command: Selected Viewport
[2018.06.11-19.18.58:870][ 20]LogPlayLevel: PlayLevel: No blueprints needed recompiling
[2018.06.11-19.18.58:870][ 20]PIE: New page: PIE session: AITestMap (Jun 11, 2018, 11:18:58 PM)
[2018.06.11-19.18.58:871][ 20]LogPlayLevel: Creating play world package: /Game/Maps/UEDPIE_0_AITestMap
[2018.06.11-19.18.58:874][ 20]LogPlayLevel: PIE: StaticDuplicateObject took: (0.002711s)
[2018.06.11-19.18.58:874][ 20]LogAIModule: Creating AISystem for world AITestMap
[2018.06.11-19.18.58:875][ 20]LogPlayLevel: PIE: World Init took: (0.000935s)
[2018.06.11-19.18.58:875][ 20]LogPlayLevel: PIE: Created PIE world by copying editor world from /Game/Maps/AITestMap.AITestMap to /Game/Maps/UEDPIE_0_AITestMap.AITestMap (0.004417s)
[2018.06.11-19.18.58:900][ 20]LogInit: XAudio2 using 'Speakers (Logitech G35 Headset)' : 2 channels at 44.1 kHz using 16 bits per sample (channel mask 0x3)
[2018.06.11-19.18.58:911][ 20]LogInit: FAudioDevice initialized.
[2018.06.11-19.18.58:948][ 20]LogLoad: Game class is 'BP_FPSGameModeBase_C'
[2018.06.11-19.18.58:950][ 20]LogWorld: Bringing World /Game/Maps/UEDPIE_0_AITestMap.AITestMap up for play (max tick rate 0) at 2018.06.11-21.18.58
[2018.06.11-19.18.58:952][ 20]LogWorld: Bringing up level for play took: 0.002804
[2018.06.11-19.18.58:955][ 20]PIE: Play in editor start time for /Game/Maps/UEDPIE_0_AITestMap 0.511
[2018.06.11-19.19.11:913][588]LogSlate: FSceneViewport::OnFocusLost() reason 2
[2018.06.11-19.19.19:598][264]LogSlate: FSceneViewport::OnFocusLost() reason 2
[2018.06.11-19.19.20:945][412]LogEditorViewport: Clicking on Actor (LMB): BP_AssaultEnemy_C (BP_AssaultEnemy)
[2018.06.11-19.19.31:598][533]LogSlate: FSceneViewport::OnFocusLost() reason 0
[2018.06.11-19.19.35:354][938]Cmd: OBJ SAVEPACKAGE PACKAGE="/Game/Maps/AITestMap" FILE="../../../../../../../Projects/FPS/FPS/Content/Maps/AITestMap.umap" SILENT=true AUTOSAVING=false KEEPDIRTY=false
[2018.06.11-19.19.35:423][938]LogSavePackage: Save=42.19ms
[2018.06.11-19.19.35:424][938]LogSavePackage: Moving '../../../../../../../Projects/FPS/FPS/Saved/AITestMap8399174641F5F66C9A829FAC29703F6E.tmp' to '../../../../../../../Projects/FPS/FPS/Content/Maps/AITestMap.umap'
[2018.06.11-19.19.35:426][938]LogSavePackage: Display: Finished SavePackage ../../../../../../../Projects/FPS/FPS/Content/Maps/AITestMap.umap
[2018.06.11-19.19.36:781][ 71]LogTemp: Repeating last play command: Selected Viewport
[2018.06.11-19.19.36:801][ 71]LogPlayLevel: PlayLevel: No blueprints needed recompiling
[2018.06.11-19.19.36:801][ 71]PIE: New page: PIE session: AITestMap (Jun 11, 2018, 11:19:36 PM)
[2018.06.11-19.19.36:802][ 71]LogPlayLevel: Creating play world package: /Game/Maps/UEDPIE_0_AITestMap
[2018.06.11-19.19.36:805][ 71]LogPlayLevel: PIE: StaticDuplicateObject took: (0.003234s)
[2018.06.11-19.19.36:806][ 71]LogAIModule: Creating AISystem for world AITestMap
[2018.06.11-19.19.36:806][ 71]LogPlayLevel: PIE: World Init took: (0.000814s)
[2018.06.11-19.19.36:807][ 71]LogPlayLevel: PIE: Created PIE world by copying editor world from /Game/Maps/AITestMap.AITestMap to /Game/Maps/UEDPIE_0_AITestMap.AITestMap (0.004948s)
[2018.06.11-19.19.36:829][ 71]LogInit: XAudio2 using 'Speakers (Logitech G35 Headset)' : 2 channels at 44.1 kHz using 16 bits per sample (channel mask 0x3)
[2018.06.11-19.19.36:837][ 71]LogInit: FAudioDevice initialized.
[2018.06.11-19.19.36:873][ 71]LogLoad: Game class is 'BP_FPSGameModeBase_C'
[2018.06.11-19.19.36:875][ 71]LogWorld: Bringing World /Game/Maps/UEDPIE_0_AITestMap.AITestMap up for play (max tick rate 0) at 2018.06.11-21.19.36
[2018.06.11-19.19.36:876][ 71]LogWorld: Bringing up level for play took: 0.002470
[2018.06.11-19.19.36:878][ 71]PIE: Play in editor start time for /Game/Maps/UEDPIE_0_AITestMap 0.435
