Log file open, 06/11/18 20:30:48
LogWindows: Failed to load 'aqProf.dll' (GetLastError=126)
LogWindows: File 'aqProf.dll' does not exist
LogWindows: Failed to load 'VtuneApi.dll' (GetLastError=126)
LogWindows: File 'VtuneApi.dll' does not exist
LogWindows: Failed to load 'VtuneApi32e.dll' (GetLastError=126)
LogWindows: File 'VtuneApi32e.dll' does not exist
LogInit: Display: Running engine for game: FPS
LogPlatformFile: Not using cached read wrapper
LogInit: Display: RandInit(-706887323) SRandInit(-706887323).
LogInit: Read version file with build ID '3944462'
LogInit: Overriding engine version to CL 4033788, compatible CL 3944462
LogInit: Registered custom module enumerator with build ID '3944462'
LogTaskGraph: Started task graph with 5 named threads and 23 total threads with 3 sets of task threads.
LogStats: Stats thread started at 0.408630
LogD3D11RHI: Aftermath initialized
LogICUInternationalization: Display: ICU TimeZone Detection - Raw Offset: +1:00, Platform Override: ''
LogPluginManager: Mounting plugin Paper2D
LogPluginManager: Mounting plugin LiveLink
LogPluginManager: Mounting plugin LightPropagationVolume
LogPluginManager: Mounting plugin CLionSourceCodeAccess
LogPluginManager: Mounting plugin CodeLiteSourceCodeAccess
LogPluginManager: Mounting plugin GitSourceControl
LogPluginManager: Mounting plugin KDevelopSourceCodeAccess
LogPluginManager: Mounting plugin NullSourceCodeAccess
LogPluginManager: Mounting plugin PerforceSourceControl
LogPluginManager: Mounting plugin SubversionSourceControl
LogPluginManager: Mounting plugin UObjectPlugin
LogPluginManager: Mounting plugin VisualStudioCodeSourceCodeAccess
LogPluginManager: Mounting plugin VisualStudioSourceCodeAccess
LogPluginManager: Mounting plugin XCodeSourceCodeAccess
LogPluginManager: Mounting plugin AssetManagerEditor
LogPluginManager: Mounting plugin CryptoKeys
LogPluginManager: Mounting plugin DataValidation
LogPluginManager: Mounting plugin FacialAnimation
LogPluginManager: Mounting plugin GameplayTagsEditor
LogPluginManager: Mounting plugin MobileLauncherProfileWizard
LogPluginManager: Mounting plugin PluginBrowser
LogPluginManager: Mounting plugin SpeedTreeImporter
LogPluginManager: Mounting plugin DatasmithContent
LogPluginManager: Mounting plugin AlembicImporter
LogPluginManager: Mounting plugin CharacterAI
LogPluginManager: Mounting plugin HTML5Networking
LogPluginManager: Mounting plugin AndroidMedia
LogPluginManager: Mounting plugin AvfMedia
LogPluginManager: Mounting plugin ImgMedia
LogPluginManager: Mounting plugin LinearTimecode
LogPluginManager: Mounting plugin MediaCompositing
LogPluginManager: Mounting plugin MediaPlayerEditor
LogPluginManager: Mounting plugin WmfMedia
LogPluginManager: Mounting plugin TcpMessaging
LogPluginManager: Mounting plugin UdpMessaging
LogPluginManager: Mounting plugin ActorSequence
LogPluginManager: Mounting plugin LevelSequenceEditor
LogPluginManager: Mounting plugin MatineeToLevelSequence
LogPluginManager: Mounting plugin NetcodeUnitTest
LogPluginManager: Mounting plugin NUTUnrealEngine4
LogPluginManager: Mounting plugin OnlineSubsystemGooglePlay
LogPluginManager: Mounting plugin OnlineSubsystemIOS
LogPluginManager: Mounting plugin OnlineSubsystem
LogPluginManager: Mounting plugin OnlineSubsystemNull
LogPluginManager: Mounting plugin OnlineSubsystemUtils
LogPluginManager: Mounting plugin AndroidDeviceProfileSelector
LogPluginManager: Mounting plugin AndroidMoviePlayer
LogPluginManager: Mounting plugin AndroidPermission
LogPluginManager: Mounting plugin AppleARKit
LogPluginManager: Mounting plugin AppleMoviePlayer
LogPluginManager: Mounting plugin ArchVisCharacter
LogPluginManager: Mounting plugin AudioCapture
LogPluginManager: Mounting plugin CableComponent
LogPluginManager: Mounting plugin CustomMeshComponent
LogPluginManager: Mounting plugin ExampleDeviceProfileSelector
LogPluginManager: Mounting plugin GoogleCloudMessaging
LogPluginManager: Mounting plugin ImmediatePhysics
LogPluginManager: Mounting plugin IOSDeviceProfileSelector
LogPluginManager: Mounting plugin LinuxDeviceProfileSelector
LogPluginManager: Mounting plugin LocationServicesBPLibrary
LogPluginManager: Mounting plugin MobilePatchingUtils
LogPluginManager: Mounting plugin OculusVR
LogPluginManager: Plugin shader directory ../../../Engine/Plugins/Runtime/Oculus/OculusVR/Shaders found
LogPluginManager: Mapping shader source directory ../../../Engine/Plugins/Runtime/Oculus/OculusVR/Shaders to virtual directory /Plugin/OculusVR
LogPluginManager: Mounting plugin PhysXVehicles
LogPluginManager: Mounting plugin ProceduralMeshComponent
LogPluginManager: Mounting plugin RuntimePhysXCooking
LogPluginManager: Mounting plugin SteamVR
LogPluginManager: Mounting plugin WindowsMoviePlayer
LogPluginManager: Mounting plugin CoverPointGenerator
LogStreaming: Display: Took  0.075s to configure plugins.
LogModuleManager: Display: Found up-to-date module file ../../../../../../../Projects/FPS/FPS/Binaries/Win64/UE4Editor-FPS.dll (API version 3944462).
LogModuleManager: Display: Found up-to-date module file ../../../Engine/Plugins/2D/Paper2D/Binaries/Win64/UE4Editor-Paper2D.dll (API version 3944462).
LogModuleManager: Display: Found up-to-date module file ../../../Engine/Plugins/2D/Paper2D/Binaries/Win64/UE4Editor-Paper2DEditor.dll (API version 3944462).
LogModuleManager: Display: Found up-to-date module file ../../../Engine/Plugins/2D/Paper2D/Binaries/Win64/UE4Editor-PaperSpriteSheetImporter.dll (API version 3944462).
LogModuleManager: Display: Found up-to-date module file ../../../Engine/Plugins/2D/Paper2D/Binaries/Win64/UE4Editor-PaperTiledImporter.dll (API version 3944462).
LogModuleManager: Display: Found up-to-date module file ../../../Engine/Plugins/2D/Paper2D/Binaries/Win64/UE4Editor-SmartSnapping.dll (API version 3944462).
LogModuleManager: Display: Found up-to-date module file ../../../Engine/Plugins/Animation/LiveLink/Binaries/Win64/UE4Editor-LiveLink.dll (API version 3944462).
LogModuleManager: Display: Found up-to-date module file ../../../Engine/Plugins/Animation/LiveLink/Binaries/Win64/UE4Editor-LiveLinkEditor.dll (API version 3944462).
LogModuleManager: Display: Found up-to-date module file ../../../Engine/Plugins/Blendables/LightPropagationVolume/Binaries/Win64/UE4Editor-LightPropagationVolumeRuntime.dll (API version 3944462).
LogModuleManager: Display: Found up-to-date module file ../../../Engine/Plugins/Blendables/LightPropagationVolume/Binaries/Win64/UE4Editor-LightPropagationVolumeEditor.dll (API version 3944462).
LogModuleManager: Display: Found up-to-date module file ../../../Engine/Plugins/Developer/CLionSourceCodeAccess/Binaries/Win64/UE4Editor-CLionSourceCodeAccess.dll (API version 3944462).
LogModuleManager: Display: Found up-to-date module file ../../../Engine/Plugins/Developer/GitSourceControl/Binaries/Win64/UE4Editor-GitSourceControl.dll (API version 3944462).
LogModuleManager: Display: Found up-to-date module file ../../../Engine/Plugins/Developer/PerforceSourceControl/Binaries/Win64/UE4Editor-PerforceSourceControl.dll (API version 3944462).
LogModuleManager: Display: Found up-to-date module file ../../../Engine/Plugins/Developer/SubversionSourceControl/Binaries/Win64/UE4Editor-SubversionSourceControl.dll (API version 3944462).
LogModuleManager: Display: Found up-to-date module file ../../../Engine/Plugins/Developer/UObjectPlugin/Binaries/Win64/UE4Editor-UObjectPlugin.dll (API version 3944462).
LogModuleManager: Display: Found up-to-date module file ../../../Engine/Plugins/Developer/VisualStudioCodeSourceCodeAccess/Binaries/Win64/UE4Editor-VisualStudioCodeSourceCodeAccess.dll (API version 3944462).
LogModuleManager: Display: Found up-to-date module file ../../../Engine/Plugins/Developer/VisualStudioSourceCodeAccess/Binaries/Win64/UE4Editor-VisualStudioSourceCodeAccess.dll (API version 3944462).
LogModuleManager: Display: Found up-to-date module file ../../../Engine/Plugins/Editor/AssetManagerEditor/Binaries/Win64/UE4Editor-AssetManagerEditor.dll (API version 3944462).
LogModuleManager: Display: Found up-to-date module file ../../../Engine/Plugins/Editor/CryptoKeys/Binaries/Win64/UE4Editor-CryptoKeys.dll (API version 3944462).
LogModuleManager: Display: Found up-to-date module file ../../../Engine/Plugins/Editor/CryptoKeys/Binaries/Win64/UE4Editor-CryptoKeysOpenSSL.dll (API version 3944462).
LogModuleManager: Display: Found up-to-date module file ../../../Engine/Plugins/Editor/DataValidation/Binaries/Win64/UE4Editor-DataValidation.dll (API version 3944462).
LogModuleManager: Display: Found up-to-date module file ../../../Engine/Plugins/Editor/FacialAnimation/Binaries/Win64/UE4Editor-FacialAnimation.dll (API version 3944462).
LogModuleManager: Display: Found up-to-date module file ../../../Engine/Plugins/Editor/FacialAnimation/Binaries/Win64/UE4Editor-FacialAnimationEditor.dll (API version 3944462).
LogModuleManager: Display: Found up-to-date module file ../../../Engine/Plugins/Editor/GameplayTagsEditor/Binaries/Win64/UE4Editor-GameplayTagsEditor.dll (API version 3944462).
LogModuleManager: Display: Found up-to-date module file ../../../Engine/Plugins/Editor/MobileLauncherProfileWizard/Binaries/Win64/UE4Editor-MobileLauncherProfileWizard.dll (API version 3944462).
LogModuleManager: Display: Found up-to-date module file ../../../Engine/Plugins/Editor/PluginBrowser/Binaries/Win64/UE4Editor-PluginBrowser.dll (API version 3944462).
LogModuleManager: Display: Found up-to-date module file ../../../Engine/Plugins/Editor/SpeedTreeImporter/Binaries/Win64/UE4Editor-SpeedTreeImporter.dll (API version 3944462).
LogModuleManager: Display: Found up-to-date module file ../../../Engine/Plugins/Enterprise/DatasmithContent/Binaries/Win64/UE4Editor-DatasmithContent.dll (API version 3944462).
LogModuleManager: Display: Found up-to-date module file ../../../Engine/Plugins/Experimental/AlembicImporter/Binaries/Win64/UE4Editor-AlembicImporter.dll (API version 3944462).
LogModuleManager: Display: Found up-to-date module file ../../../Engine/Plugins/Experimental/AlembicImporter/Binaries/Win64/UE4Editor-AlembicLibrary.dll (API version 3944462).
LogModuleManager: Display: Found up-to-date module file ../../../Engine/Plugins/Experimental/CharacterAI/Binaries/Win64/UE4Editor-CharacterAI.dll (API version 3944462).
LogModuleManager: Display: Found up-to-date module file ../../../Engine/Plugins/Experimental/HTML5Networking/Binaries/Win64/UE4Editor-HTML5Networking.dll (API version 3944462).
LogModuleManager: Display: Found up-to-date module file ../../../Engine/Plugins/Media/AndroidMedia/Binaries/Win64/UE4Editor-AndroidMediaEditor.dll (API version 3944462).
LogModuleManager: Display: Found up-to-date module file ../../../Engine/Plugins/Media/AndroidMedia/Binaries/Win64/UE4Editor-AndroidMediaFactory.dll (API version 3944462).
LogModuleManager: Display: Found up-to-date module file ../../../Engine/Plugins/Media/AvfMedia/Binaries/Win64/UE4Editor-AvfMediaEditor.dll (API version 3944462).
LogModuleManager: Display: Found up-to-date module file ../../../Engine/Plugins/Media/AvfMedia/Binaries/Win64/UE4Editor-AvfMediaFactory.dll (API version 3944462).
LogModuleManager: Display: Found up-to-date module file ../../../Engine/Plugins/Media/AvfMedia/Binaries/Win64/UE4Editor-AvfMediaFactory.dll (API version 3944462).
LogModuleManager: Display: Found up-to-date module file ../../../Engine/Plugins/Media/ImgMedia/Binaries/Win64/UE4Editor-ImgMedia.dll (API version 3944462).
LogModuleManager: Display: Found up-to-date module file ../../../Engine/Plugins/Media/ImgMedia/Binaries/Win64/UE4Editor-ImgMediaEditor.dll (API version 3944462).
LogModuleManager: Display: Found up-to-date module file ../../../Engine/Plugins/Media/ImgMedia/Binaries/Win64/UE4Editor-ImgMediaFactory.dll (API version 3944462).
LogModuleManager: Display: Found up-to-date module file ../../../Engine/Plugins/Media/ImgMedia/Binaries/Win64/UE4Editor-ImgMediaFactory.dll (API version 3944462).
LogModuleManager: Display: Found up-to-date module file ../../../Engine/Plugins/Media/ImgMedia/Binaries/Win64/UE4Editor-OpenExrWrapper.dll (API version 3944462).
LogModuleManager: Display: Found up-to-date module file ../../../Engine/Plugins/Media/LinearTimecode/Binaries/Win64/UE4Editor-LinearTimecode.dll (API version 3944462).
LogModuleManager: Display: Found up-to-date module file ../../../Engine/Plugins/Media/MediaCompositing/Binaries/Win64/UE4Editor-MediaCompositing.dll (API version 3944462).
LogModuleManager: Display: Found up-to-date module file ../../../Engine/Plugins/Media/MediaCompositing/Binaries/Win64/UE4Editor-MediaCompositingEditor.dll (API version 3944462).
LogModuleManager: Display: Found up-to-date module file ../../../Engine/Plugins/Media/MediaPlayerEditor/Binaries/Win64/UE4Editor-MediaPlayerEditor.dll (API version 3944462).
LogModuleManager: Display: Found up-to-date module file ../../../Engine/Plugins/Media/WmfMedia/Binaries/Win64/UE4Editor-WmfMedia.dll (API version 3944462).
LogModuleManager: Display: Found up-to-date module file ../../../Engine/Plugins/Media/WmfMedia/Binaries/Win64/UE4Editor-WmfMediaEditor.dll (API version 3944462).
LogModuleManager: Display: Found up-to-date module file ../../../Engine/Plugins/Media/WmfMedia/Binaries/Win64/UE4Editor-WmfMediaFactory.dll (API version 3944462).
LogModuleManager: Display: Found up-to-date module file ../../../Engine/Plugins/Media/WmfMedia/Binaries/Win64/UE4Editor-WmfMediaFactory.dll (API version 3944462).
LogModuleManager: Display: Found up-to-date module file ../../../Engine/Plugins/Messaging/TcpMessaging/Binaries/Win64/UE4Editor-TcpMessaging.dll (API version 3944462).
LogModuleManager: Display: Found up-to-date module file ../../../Engine/Plugins/Messaging/UdpMessaging/Binaries/Win64/UE4Editor-UdpMessaging.dll (API version 3944462).
LogModuleManager: Display: Found up-to-date module file ../../../Engine/Plugins/MovieScene/ActorSequence/Binaries/Win64/UE4Editor-ActorSequence.dll (API version 3944462).
LogModuleManager: Display: Found up-to-date module file ../../../Engine/Plugins/MovieScene/LevelSequenceEditor/Binaries/Win64/UE4Editor-LevelSequenceEditor.dll (API version 3944462).
LogModuleManager: Display: Found up-to-date module file ../../../Engine/Plugins/MovieScene/MatineeToLevelSequence/Binaries/Win64/UE4Editor-MatineeToLevelSequence.dll (API version 3944462).
LogModuleManager: Display: Found up-to-date module file ../../../Engine/Plugins/NetcodeUnitTest/NetcodeUnitTest/Binaries/Win64/UE4Editor-NetcodeUnitTest.dll (API version 3944462).
LogModuleManager: Display: Found up-to-date module file ../../../Engine/Plugins/NetcodeUnitTest/NUTUnrealEngine4/Binaries/Win64/UE4Editor-NUTUnrealEngine4.dll (API version 3944462).
LogModuleManager: Display: Found up-to-date module file ../../../Engine/Plugins/Online/OnlineSubsystem/Binaries/Win64/UE4Editor-OnlineSubsystem.dll (API version 3944462).
LogModuleManager: Display: Found up-to-date module file ../../../Engine/Plugins/Online/OnlineSubsystemNull/Binaries/Win64/UE4Editor-OnlineSubsystemNull.dll (API version 3944462).
LogModuleManager: Display: Found up-to-date module file ../../../Engine/Plugins/Online/OnlineSubsystemUtils/Binaries/Win64/UE4Editor-OnlineSubsystemUtils.dll (API version 3944462).
LogModuleManager: Display: Found up-to-date module file ../../../Engine/Plugins/Online/OnlineSubsystemUtils/Binaries/Win64/UE4Editor-OnlineBlueprintSupport.dll (API version 3944462).
LogModuleManager: Display: Found up-to-date module file ../../../Engine/Plugins/Runtime/AndroidDeviceProfileSelector/Binaries/Win64/UE4Editor-AndroidDeviceProfileSelector.dll (API version 3944462).
LogModuleManager: Display: Found up-to-date module file ../../../Engine/Plugins/Runtime/AndroidPermission/Binaries/Win64/UE4Editor-AndroidPermission.dll (API version 3944462).
LogModuleManager: Display: Found up-to-date module file ../../../Engine/Plugins/Runtime/AppleARKit/Binaries/Win64/UE4Editor-AppleARKit.dll (API version 3944462).
LogModuleManager: Display: Found up-to-date module file ../../../Engine/Plugins/Runtime/ArchVisCharacter/Binaries/Win64/UE4Editor-ArchVisCharacter.dll (API version 3944462).
LogModuleManager: Display: Found up-to-date module file ../../../Engine/Plugins/Runtime/AudioCapture/Binaries/Win64/UE4Editor-AudioCapture.dll (API version 3944462).
LogModuleManager: Display: Found up-to-date module file ../../../Engine/Plugins/Runtime/AudioCapture/Binaries/Win64/UE4Editor-AudioCaptureEditor.dll (API version 3944462).
LogModuleManager: Display: Found up-to-date module file ../../../Engine/Plugins/Runtime/CableComponent/Binaries/Win64/UE4Editor-CableComponent.dll (API version 3944462).
LogModuleManager: Display: Found up-to-date module file ../../../Engine/Plugins/Runtime/CustomMeshComponent/Binaries/Win64/UE4Editor-CustomMeshComponent.dll (API version 3944462).
LogModuleManager: Display: Found up-to-date module file ../../../Engine/Plugins/Runtime/ExampleDeviceProfileSelector/Binaries/Win64/UE4Editor-ExampleDeviceProfileSelector.dll (API version 3944462).
LogModuleManager: Display: Found up-to-date module file ../../../Engine/Plugins/Runtime/ImmediatePhysics/Binaries/Win64/UE4Editor-ImmediatePhysics.dll (API version 3944462).
LogModuleManager: Display: Found up-to-date module file ../../../Engine/Plugins/Runtime/ImmediatePhysics/Binaries/Win64/UE4Editor-ImmediatePhysicsEditor.dll (API version 3944462).
LogModuleManager: Display: Found up-to-date module file ../../../Engine/Plugins/Runtime/LocationServicesBPLibrary/Binaries/Win64/UE4Editor-LocationServicesBPLibrary.dll (API version 3944462).
LogModuleManager: Display: Found up-to-date module file ../../../Engine/Plugins/Runtime/MobilePatchingUtils/Binaries/Win64/UE4Editor-MobilePatchingUtils.dll (API version 3944462).
LogModuleManager: Display: Found up-to-date module file ../../../Engine/Plugins/Runtime/Oculus/OculusVR/Binaries/Win64/UE4Editor-OculusHMD.dll (API version 3944462).
LogModuleManager: Display: Found up-to-date module file ../../../Engine/Plugins/Runtime/Oculus/OculusVR/Binaries/Win64/UE4Editor-OculusInput.dll (API version 3944462).
LogModuleManager: Display: Found up-to-date module file ../../../Engine/Plugins/Runtime/Oculus/OculusVR/Binaries/Win64/UE4Editor-OculusEditor.dll (API version 3944462).
LogModuleManager: Display: Found up-to-date module file ../../../Engine/Plugins/Runtime/PhysXVehicles/Binaries/Win64/UE4Editor-PhysXVehicles.dll (API version 3944462).
LogModuleManager: Display: Found up-to-date module file ../../../Engine/Plugins/Runtime/PhysXVehicles/Binaries/Win64/UE4Editor-PhysXVehiclesEditor.dll (API version 3944462).
LogModuleManager: Display: Found up-to-date module file ../../../Engine/Plugins/Runtime/ProceduralMeshComponent/Binaries/Win64/UE4Editor-ProceduralMeshComponent.dll (API version 3944462).
LogModuleManager: Display: Found up-to-date module file ../../../Engine/Plugins/Runtime/ProceduralMeshComponent/Binaries/Win64/UE4Editor-ProceduralMeshComponentEditor.dll (API version 3944462).
LogModuleManager: Display: Found up-to-date module file ../../../Engine/Plugins/Runtime/RuntimePhysXCooking/Binaries/Win64/UE4Editor-RuntimePhysXCooking.dll (API version 3944462).
LogModuleManager: Display: Found up-to-date module file ../../../Engine/Plugins/Runtime/Steam/SteamVR/Binaries/Win64/UE4Editor-SteamVR.dll (API version 3944462).
LogModuleManager: Display: Found up-to-date module file ../../../Engine/Plugins/Runtime/Steam/SteamVR/Binaries/Win64/UE4Editor-SteamVRController.dll (API version 3944462).
LogModuleManager: Display: Found up-to-date module file ../../../Engine/Plugins/Runtime/WindowsMoviePlayer/Binaries/Win64/UE4Editor-WindowsMoviePlayer.dll (API version 3944462).
LogModuleManager: Display: Found up-to-date module file ../../../../../../../Projects/FPS/FPS/Plugins/CoverPointGenerator/Binaries/Win64/UE4Editor-CoverPointGenerator.dll (API version 3944462).
LogInit: Using libcurl 7.47.1
LogInit:  - built for x86_64-pc-win32
LogInit:  - supports SSL with OpenSSL/1.0.2g
LogInit:  - supports HTTP deflate (compression) using libz 1.2.8
LogInit:  - other features:
LogInit:      CURL_VERSION_SSL
LogInit:      CURL_VERSION_LIBZ
LogInit:      CURL_VERSION_IPV6
LogInit:      CURL_VERSION_ASYNCHDNS
LogInit:      CURL_VERSION_LARGEFILE
LogInit:      CURL_VERSION_IDN
LogInit:  CurlRequestOptions (configurable via config and command line):
LogInit:  - bVerifyPeer = false  - Libcurl will NOT verify peer certificate
LogInit:  - bUseHttpProxy = false  - Libcurl will NOT use HTTP proxy
LogInit:  - bDontReuseConnections = false  - Libcurl will reuse connections
LogInit:  - CertBundlePath = nullptr  - Libcurl will use whatever was configured at build time.
LogInit:  - MaxHostConnections = 16  - Libcurl will limit the number of connections to a host
LogInit:  - LocalHostAddr = Default
LogInit: WinSock: version 1.1 (2.2), MaxSocks=32767, MaxUdp=65467
LogInit: WinSock: I am DESKTOP-27ERO04 (192.168.178.101:0)
LogInit: Build: ++UE4+Release-4.19-CL-4033788
LogInit: Engine Version: 4.19.2-4033788+++UE4+Release-4.19
LogInit: Compatible Engine Version: 4.19.0-3944462+++UE4+Release-4.19
LogInit: Net CL: 3944462
LogDevObjectVersion: Number of dev versions registered: 18
LogDevObjectVersion:   Dev-Blueprints (B0D832E4-1F89-4F0D-ACCF-7EB736FD4AA2): 10
LogDevObjectVersion:   Dev-Build (E1C64328-A22C-4D53-A36C-8E866417BD8C): 0
LogDevObjectVersion:   Dev-Core (375EC13C-06E4-48FB-B500-84F0262A717E): 2
LogDevObjectVersion:   Dev-Editor (E4B068ED-F494-42E9-A231-DA0B2E46BB41): 23
LogDevObjectVersion:   Dev-Framework (CFFC743F-43B0-4480-9391-14DF171D2073): 33
LogDevObjectVersion:   Dev-Mobile (B02B49B5-BB20-44E9-A304-32B752E40360): 2
LogDevObjectVersion:   Dev-Networking (A4E4105C-59A1-49B5-A7C5-40C4547EDFEE): 0
LogDevObjectVersion:   Dev-Online (39C831C9-5AE6-47DC-9A44-9C173E1C8E7C): 0
LogDevObjectVersion:   Dev-Physics (78F01B33-EBEA-4F98-B9B4-84EACCB95AA2): 0
LogDevObjectVersion:   Dev-Platform (6631380F-2D4D-43E0-8009-CF276956A95A): 0
LogDevObjectVersion:   Dev-Rendering (12F88B9F-8875-4AFC-A67C-D90C383ABD29): 25
LogDevObjectVersion:   Dev-Sequencer (7B5AE74C-D270-4C10-A958-57980B212A5A): 6
LogDevObjectVersion:   Dev-VR (D7296918-1DD6-4BDD-9DE2-64A83CC13884): 1
LogDevObjectVersion:   Dev-LoadTimes (C2A15278-BFE7-4AFE-6C17-90FF531DF755): 1
LogDevObjectVersion:   Private-Geometry (6EACA3D4-40EC-4CC1-B786-8BED09428FC5): 2
LogDevObjectVersion:   Dev-AnimPhys (29E575DD-E0A3-4627-9D10-D276232CDCEA): 16
LogDevObjectVersion:   Dev-ReflectionCapture (6B266CEC-1EC7-4B8F-A30B-E4D90942FC07): 1
LogDevObjectVersion:   Dev-Automation (0DF73D61-A23F-47EA-B727-89E90C41499A): 1
LogInit: Compiled (64-bit): Apr 27 2018 02:06:57
LogInit: Compiled with Visual C++: 19.00.24215.01
LogInit: Build Configuration: Development
LogInit: Branch Name: ++UE4+Release-4.19
LogInit: Command Line:  -skipcompile
LogInit: Base Directory: E:/Game Engines/Epic Games/4.19/UE_4.19/Engine/Binaries/Win64/
LogInit: Installed Engine Build: 1
LogStreaming: Display: Took  0.001s to delete old logs.
LogInit: Presizing for max 8388607 objects, including 0 objects not considered by GC, pre-allocating 0 bytes for permanent pool.
LogInit: Object subsystem initialized
[2018.06.11-18.30.49:489][  0]LogInit: Selected Device Profile: [Windows]
[2018.06.11-18.30.49:489][  0]LogInit: Applying CVar settings loaded from the selected device profile: [Windows]
[2018.06.11-18.30.49:500][  0]LogInit: Computer: DESKTOP-27ERO04
[2018.06.11-18.30.49:500][  0]LogInit: User: TomColdenhoff
[2018.06.11-18.30.49:500][  0]LogInit: CPU Page size=4096, Cores=4
[2018.06.11-18.30.49:501][  0]LogInit: High frequency timer resolution =3.319352 MHz
[2018.06.11-18.30.49:501][  0]LogMemory: Memory total: Physical=11.9GB (12GB approx)
[2018.06.11-18.30.49:501][  0]LogMemory: Platform Memory Stats for Windows
[2018.06.11-18.30.49:501][  0]LogMemory: Process Physical Memory: 275.23 MB used, 275.23 MB peak
[2018.06.11-18.30.49:501][  0]LogMemory: Process Virtual Memory: 264.67 MB used, 264.67 MB peak
[2018.06.11-18.30.49:501][  0]LogMemory: Physical Memory: 5133.43 MB used,  7074.01 MB free, 12207.44 MB total
[2018.06.11-18.30.49:501][  0]LogMemory: Virtual Memory: 4789.33 MB used,  7074.01 MB free, 134217728.00 MB total
[2018.06.11-18.30.49:535][  0]LogInit: Using OS detected language (en-US).
[2018.06.11-18.30.49:535][  0]LogInit: Using OS detected locale (en-US).
[2018.06.11-18.30.49:538][  0]LogTextLocalizationManager: No specific localization for 'en-US' exists, so the 'en' localization will be used.
[2018.06.11-18.30.49:944][  0]LogStreaming: Display: Took  0.409s to EndInitTextLocalization.
[2018.06.11-18.30.49:944][  0]LogInit: Setting process to per monitor DPI aware
[2018.06.11-18.30.49:970][  0]LogSlate: New Slate User Created.  User Index 0, Is Virtual User: 0
[2018.06.11-18.30.49:970][  0]LogSlate: Slate User Registered.  User Index 0, Is Virtual User: 0
[2018.06.11-18.30.50:147][  0]LogD3D11RHI: D3D11 adapters:
[2018.06.11-18.30.50:213][  0]LogD3D11RHI:    0. 'NVIDIA GeForce GTX 970' (Feature Level 11_0)
[2018.06.11-18.30.50:213][  0]LogD3D11RHI:       4043/0/6103 MB DedicatedVideo/DedicatedSystem/SharedSystem, Outputs:2, VendorId:0x10de
[2018.06.11-18.30.50:217][  0]LogD3D11RHI:    1. 'Microsoft Basic Render Driver' (Feature Level 11_0)
[2018.06.11-18.30.50:217][  0]LogD3D11RHI:       0/0/6103 MB DedicatedVideo/DedicatedSystem/SharedSystem, Outputs:0, VendorId:0x1414
[2018.06.11-18.30.50:217][  0]LogD3D11RHI: Chosen D3D11 Adapter: 0
[2018.06.11-18.30.50:222][  0]LogD3D11RHI: Creating new Direct3DDevice
[2018.06.11-18.30.50:222][  0]LogD3D11RHI:     GPU DeviceId: 0x13c2 (for the marketing name, search the web for "GPU Device Id")
[2018.06.11-18.30.50:222][  0]LogWindows: EnumDisplayDevices:
[2018.06.11-18.30.50:223][  0]LogWindows:    0. 'NVIDIA GeForce GTX 970' (P:1 D:1)
[2018.06.11-18.30.50:223][  0]LogWindows:    1. 'NVIDIA GeForce GTX 970' (P:0 D:1)
[2018.06.11-18.30.50:223][  0]LogWindows:    2. 'NVIDIA GeForce GTX 970' (P:0 D:0)
[2018.06.11-18.30.50:223][  0]LogWindows:    3. 'NVIDIA GeForce GTX 970' (P:0 D:0)
[2018.06.11-18.30.50:223][  0]LogWindows: DebugString: GetVideoDriverDetailsInvalid PrimaryIsNotTheChoosenAdapter GetVideoDriverDetailsInvalid PrimaryIsNotTheChoosenAdapter GetVideoDriverDetailsInvalid PrimaryIsNotTheChoosenAdapter GetVideoDriverDetailsInvalid PrimaryIsNotTheChoosenAdapter FoundDriverCount:0 
[2018.06.11-18.30.50:223][  0]LogD3D11RHI:     Adapter Name: NVIDIA GeForce GTX 970
[2018.06.11-18.30.50:223][  0]LogD3D11RHI:   Driver Version: Unknown (internal:Unknown, unified:Unknown)
[2018.06.11-18.30.50:223][  0]LogD3D11RHI:      Driver Date: Unknown
[2018.06.11-18.30.50:223][  0]LogRHI: Texture pool is 2830 MB (70% of 4043 MB)
[2018.06.11-18.30.50:265][  0]LogD3D11RHI: [Aftermath] Aftermath enabled and primed
[2018.06.11-18.30.50:265][  0]LogD3D11RHI: [Aftermath] Aftermath enabled and primed
[2018.06.11-18.30.50:265][  0]LogD3D11RHI: Async texture creation enabled
[2018.06.11-18.30.50:328][  0]LogD3D11RHI: GPU Timing Frequency: 1000.000000 (Debug: 2 2)
[2018.06.11-18.30.50:375][  0]LogShaderCompilers: Guid format shader working directory is 17 characters bigger than the processId version (../../../../../../../Projects/FPS/FPS/Intermediate/Shaders/WorkingDirectory/8156/).
[2018.06.11-18.30.50:376][  0]LogShaderCompilers: Cleaned the shader compiler working directory 'C:/Users/TomColdenhoff/AppData/Local/Temp/UnrealShaderWorkingDir/9ABD61F54146CF5F766BD59B0C6F9F5B/'.
[2018.06.11-18.30.50:573][  0]LogTemp: Display: Loaded TP AllDesktopTargetPlatform
[2018.06.11-18.30.50:593][  0]LogTemp: Display: Loaded TP MacClientTargetPlatform
[2018.06.11-18.30.50:608][  0]LogTemp: Display: Loaded TP MacNoEditorTargetPlatform
[2018.06.11-18.30.50:622][  0]LogTemp: Display: Loaded TP MacServerTargetPlatform
[2018.06.11-18.30.50:644][  0]LogTemp: Display: Loaded TP MacTargetPlatform
[2018.06.11-18.30.50:660][  0]LogTemp: Display: Loaded TP WindowsClientTargetPlatform
[2018.06.11-18.30.50:683][  0]LogTemp: Display: Loaded TP WindowsNoEditorTargetPlatform
[2018.06.11-18.30.50:698][  0]LogTemp: Display: Loaded TP WindowsServerTargetPlatform
[2018.06.11-18.30.50:705][  0]LogTemp: Display: Loaded TP WindowsTargetPlatform
[2018.06.11-18.30.50:718][  0]LogTemp: Display: Loaded TP Android_ASTCTargetPlatform
[2018.06.11-18.30.50:730][  0]LogTemp: Display: Loaded TP Android_ATCTargetPlatform
[2018.06.11-18.30.50:745][  0]LogTemp: Display: Loaded TP Android_DXTTargetPlatform
[2018.06.11-18.30.50:757][  0]LogTemp: Display: Loaded TP Android_ETC1aTargetPlatform
[2018.06.11-18.30.50:771][  0]LogTemp: Display: Loaded TP Android_ETC1TargetPlatform
[2018.06.11-18.30.50:788][  0]LogTemp: Display: Loaded TP Android_ETC2TargetPlatform
[2018.06.11-18.30.50:819][  0]LogTemp: Display: Loaded TP Android_MultiTargetPlatform
[2018.06.11-18.30.50:819][  0]LogTemp: Display: Loaded TP Android_PVRTCTargetPlatform
[2018.06.11-18.30.50:832][  0]LogTemp: Display: Loaded TP AndroidTargetPlatform
[2018.06.11-18.30.50:835][  0]LogTemp: Display: Loaded TP HTML5TargetPlatform
[2018.06.11-18.30.50:877][  0]LogTemp: Display: Loaded TP IOSTargetPlatform
[2018.06.11-18.30.50:890][  0]LogTemp: Display: Loaded TP TVOSTargetPlatform
[2018.06.11-18.30.50:907][  0]LogTemp: Display: Loaded TP LinuxClientTargetPlatform
[2018.06.11-18.30.50:919][  0]LogTemp: Display: Loaded TP LinuxNoEditorTargetPlatform
[2018.06.11-18.30.50:932][  0]LogTemp: Display: Loaded TP LinuxServerTargetPlatform
[2018.06.11-18.30.50:946][  0]LogTemp: Display: Loaded TP LinuxTargetPlatform
[2018.06.11-18.30.50:946][  0]LogTargetPlatformManager: Display: Building Assets For Windows
[2018.06.11-18.30.51:065][  0]LogXGEController: Cleaning working directory: C:/Users/TomColdenhoff/AppData/Local/Temp/UnrealXGEWorkingDir/
[2018.06.11-18.30.51:065][  0]LogXGEController: Cannot use XGE Controller as Incredibuild is not installed on this machine.
[2018.06.11-18.30.51:065][  0]LogShaderCompilers: Cannot use XGE Shader Compiler as Incredibuild is not installed on this machine.
[2018.06.11-18.30.51:065][  0]LogShaderCompilers: Display: Using Local Shader Compiler.
[2018.06.11-18.30.51:762][  0]LogDerivedDataCache: Display: Max Cache Size: 512 MB
[2018.06.11-18.30.51:837][  0]LogDerivedDataCache: Loaded boot cache 0.08s 80MB C:/Users/TomColdenhoff/AppData/Local/UnrealEngine/4.19/DerivedDataCache/Boot.ddc.
[2018.06.11-18.30.51:837][  0]LogDerivedDataCache: Display: Loaded Boot cache: C:/Users/TomColdenhoff/AppData/Local/UnrealEngine/4.19/DerivedDataCache/Boot.ddc
[2018.06.11-18.30.51:838][  0]LogDerivedDataCache: FDerivedDataBackendGraph:  Pak pak cache file ../../../../../../../Projects/FPS/FPS/DerivedDataCache/DDC.ddp not found, will not use a pak cache.
[2018.06.11-18.30.51:838][  0]LogDerivedDataCache: Unable to find inner node Pak for hierarchical cache Hierarchy.
[2018.06.11-18.30.51:838][  0]LogDerivedDataCache: FDerivedDataBackendGraph:  CompressedPak pak cache file ../../../../../../../Projects/FPS/FPS/DerivedDataCache/Compressed.ddp not found, will not use a pak cache.
[2018.06.11-18.30.51:838][  0]LogDerivedDataCache: Unable to find inner node CompressedPak for hierarchical cache Hierarchy.
[2018.06.11-18.30.51:853][  0]LogDerivedDataCache: Display: Pak cache opened for reading ../../../Engine/DerivedDataCache/Compressed.ddp.
[2018.06.11-18.30.51:865][  0]LogDerivedDataCache: Using Local data cache path C:/Users/TomColdenhoff/AppData/Local/UnrealEngine/Common/DerivedDataCache: Writable
[2018.06.11-18.30.51:865][  0]LogDerivedDataCache: Shared data cache path not found in *engine.ini, will not use an Shared cache.
[2018.06.11-18.30.51:865][  0]LogDerivedDataCache: Unable to find inner node Shared for hierarchical cache Hierarchy.
[2018.06.11-18.30.51:877][  0]LogMaterial: Verifying Global Shaders for PCD3D_SM5
[2018.06.11-18.30.51:878][  0]LogSlate: Using Freetype 2.6.0
[2018.06.11-18.30.51:878][  0]LogSlate: SlateFontCache - WITH_FREETYPE: 1, WITH_HARFBUZZ: 1
[2018.06.11-18.30.51:878][  0]LogSlate: SlateFontCache - WITH_FREETYPE: 1, WITH_HARFBUZZ: 1
[2018.06.11-18.30.51:987][  0]LogAssetRegistry: FAssetRegistry took 0.0289 seconds to start up
[2018.06.11-18.30.52:299][  0]LogInit: Selected Device Profile: [Windows]
[2018.06.11-18.30.52:448][  0]LogSimplygon: Simplygon DLL not present - disabling.
[2018.06.11-18.30.52:451][  0]LogMeshReduction: Using SimplygonSwarm for distributed automatic mesh merging
[2018.06.11-18.30.52:451][  0]LogMeshReduction: Using QuadricMeshReduction for automatic static mesh reduction
[2018.06.11-18.30.52:451][  0]LogMeshReduction: No automatic skeletal mesh reduction module available
[2018.06.11-18.30.52:451][  0]LogMeshReduction: No automatic mesh merging module available
[2018.06.11-18.30.52:451][  0]LogMeshMerging: No automatic mesh merging module available
[2018.06.11-18.30.52:476][  0]LogNetVersion: FPS , NetCL: 3944462, EngineNetVer: 2, GameNetVer: 0 (Checksum: 2326512385)
[2018.06.11-18.30.52:889][  0]LogPackageLocalizationCache: Processed 9 localized package path(s) for 2 prioritized culture(s) in 0.082936 seconds
[2018.06.11-18.30.52:896][  0]LogUObjectArray: 36728 objects as part of root set at end of initial load.
[2018.06.11-18.30.52:896][  0]LogUObjectAllocator: 7314312 out of 0 bytes used by permanent object pool.
[2018.06.11-18.30.52:896][  0]LogUObjectArray: CloseDisregardForGC: 0/0 objects in disregard for GC pool
[2018.06.11-18.30.54:439][  0]LogTcpMessaging: Initializing TcpMessaging bridge
[2018.06.11-18.30.54:469][  0]LogUdpMessaging: Initializing bridge on interface 0.0.0.0:0 to multicast group 230.0.0.1:6666.
[2018.06.11-18.30.54:763][  0]LogSkeletalMesh: Skeletal Mesh found in DDC [1.489749ms] /Game/Models/Player/Arms/Arms_SMG.Arms_SMG
[2018.06.11-18.30.54:781][  0]LogUObjectGlobals: Created PersistentFrame Addr=0x0000025024d69a80, Size=80, Default__BP_SMGAnim_C Function /Game/Animations/SMG/BP_SMGAnim.BP_SMGAnim_C:ExecuteUbergraph_BP_SMGAnim
[2018.06.11-18.30.54:792][  0]LogUObjectGlobals: Destroyed PersistentFrame Addr=0x0000025024d69a80, Size=80
[2018.06.11-18.30.54:792][  0]LogUObjectGlobals: Created PersistentFrame Addr=0x00000250272771a0, Size=80, Default__BP_SMGAnim_C Function /Engine/Transient.REINST_BP_SMGAnim_C_0:ExecuteUbergraph_BP_SMGAnim
[2018.06.11-18.30.54:801][  0]LogUObjectGlobals: Created PersistentFrame Addr=0x0000025026edade0, Size=80, Default__BP_SMGAnim_C Function /Game/Animations/SMG/BP_SMGAnim.BP_SMGAnim_C:ExecuteUbergraph_BP_SMGAnim
[2018.06.11-18.30.54:918][  0]SourceControl: Source control is disabled
[2018.06.11-18.30.54:919][  0]SourceControl: Source control is disabled
[2018.06.11-18.30.54:933][  0]SourceControl: Source control is disabled
[2018.06.11-18.30.54:947][  0]SourceControl: Source control is disabled
[2018.06.11-18.30.55:378][  0]LogAndroidPermission: UAndroidPermissionCallbackProxy::GetInstance
[2018.06.11-18.30.55:545][  0]LogOcInput: OculusInput pre-init called
[2018.06.11-18.30.56:536][  0]LogEngine: Initializing Engine...
[2018.06.11-18.30.56:537][  0]LogHMD: Failed to initialize OpenVR with code 110
[2018.06.11-18.30.56:539][  0]LogStats: UGameplayTagsManager::ConstructGameplayTagTree: Construct from data asset -  0.000 s
[2018.06.11-18.30.56:539][  0]LogStats: UGameplayTagsManager::ConstructGameplayTagTree: GameplayTagTreeChangedEvent.Broadcast -  0.000 s
[2018.06.11-18.30.56:740][  0]LogAIModule: Creating AISystem for world Untitled
[2018.06.11-18.30.56:764][  0]LogInit: XAudio2 using 'Speakers (Logitech G35 Headset)' : 2 channels at 44.1 kHz using 16 bits per sample (channel mask 0x3)
[2018.06.11-18.30.56:789][  0]LogInit: FAudioDevice initialized.
[2018.06.11-18.30.56:943][  0]LogDerivedDataCache: Saved boot cache 0.15s 80MB C:/Users/TomColdenhoff/AppData/Local/UnrealEngine/4.19/DerivedDataCache/Boot.ddc.
[2018.06.11-18.30.56:961][  0]LogInit: Texture streaming: Enabled
[2018.06.11-18.30.56:984][  0]LogEngineSessionManager: EngineSessionManager initialized
[2018.06.11-18.30.56:994][  0]LogInit: Transaction tracking system initialized
[2018.06.11-18.30.57:022][  0]BlueprintLog: New page: Editor Load
[2018.06.11-18.30.57:117][  0]LocalizationService: Localization service is disabled
[2018.06.11-18.30.57:224][  0]LogConsoleResponse: Display: 
[2018.06.11-18.30.57:360][  0]LogCook: Display: Max memory allowance for cook 16384mb min free memory 0mb
[2018.06.11-18.30.57:360][  0]LogCook: Display: Mobile HDR setting 1
[2018.06.11-18.30.57:361][  0]LogGameplayTags: Display: UGameplayTagsManager::DoneAddingNativeTags. DelegateIsBound: 0
[2018.06.11-18.30.57:361][  0]LogStats: UGameplayTagsManager::ConstructGameplayTagTree: Construct from data asset -  0.000 s
[2018.06.11-18.30.57:361][  0]LogStats: UGameplayTagsManager::ConstructGameplayTagTree: GameplayTagTreeChangedEvent.Broadcast -  0.000 s
[2018.06.11-18.30.57:606][  0]LogFileCache: Scanning file cache for directory 'E:/Projects/FPS/FPS/Content/' took 0.02s
[2018.06.11-18.30.57:658][  0]SourceControl: Source control is disabled
[2018.06.11-18.30.57:658][  0]Cmd: MAP LOAD FILE="../../../../../../../Projects/FPS/FPS/Content/Maps/AITestMap.umap" TEMPLATE=0 SHOWPROGRESS=1 FEATURELEVEL=3
[2018.06.11-18.30.57:658][  0]LightingResults: New page: Lighting Build
[2018.06.11-18.30.57:660][  0]MapCheck: New page: Map Check
[2018.06.11-18.30.57:660][  0]LightingResults: New page: Lighting Build
[2018.06.11-18.30.57:669][  0]LogUObjectGlobals: Destroyed PersistentFrame Addr=0x00000250272771a0, Size=80
[2018.06.11-18.30.57:710][  0]LogUObjectGlobals: Created PersistentFrame Addr=0x0000025026026900, Size=128, Default__BP_AssaultAIAnim_C Function /Game/Animations/AI/BP_AssaultAIAnim.BP_AssaultAIAnim_C:ExecuteUbergraph_BP_AssaultAIAnim
[2018.06.11-18.30.57:732][  0]LogUObjectGlobals: Destroyed PersistentFrame Addr=0x0000025026026900, Size=128
[2018.06.11-18.30.57:733][  0]LogUObjectGlobals: Created PersistentFrame Addr=0x0000025024d4e000, Size=128, Default__BP_AssaultAIAnim_C Function /Engine/Transient.REINST_BP_AssaultAIAnim_C_1:ExecuteUbergraph_BP_AssaultAIAnim
[2018.06.11-18.30.57:756][  0]LogUObjectGlobals: Created PersistentFrame Addr=0x0000025037886480, Size=128, Default__BP_AssaultAIAnim_C Function /Game/Animations/AI/BP_AssaultAIAnim.BP_AssaultAIAnim_C:ExecuteUbergraph_BP_AssaultAIAnim
[2018.06.11-18.30.58:032][  0]LogSkeletalMesh: Skeletal Mesh found in DDC [5.288080ms] /Game/Animations/AnimStarterPack/UE4_Mannequin/Mesh/SK_Mannequin.SK_Mannequin
[2018.06.11-18.30.58:036][  0]LogAIModule: Creating AISystem for world AITestMap
[2018.06.11-18.30.58:049][  0]LogEditorServer: Finished looking for orphan Actors (0.000 secs)
[2018.06.11-18.30.58:061][  0]LogUObjectGlobals: Destroyed PersistentFrame Addr=0x0000025024d4e000, Size=128
[2018.06.11-18.30.58:062][  0]Cmd: MAP CHECKDEP NOCLEARLOG
[2018.06.11-18.30.58:106][  0]MapCheck: Map check complete: 0 Error(s), 0 Warning(s), took 43.65ms to complete.
[2018.06.11-18.30.58:106][  0]LogFileHelpers: Loading map 'AITestMap' took 0.448
[2018.06.11-18.30.58:242][  0]LogCollectionManager: Loaded 0 collections in 0.001082 seconds
[2018.06.11-18.30.58:289][  0]LogFileCache: Scanning file cache for directory 'E:/Projects/FPS/FPS/Saved/Collections/' took 0.01s
[2018.06.11-18.30.58:289][  0]LogFileCache: Scanning file cache for directory 'E:/Projects/FPS/FPS/Content/Developers/TomColdenhoff/Collections/' took 0.01s
[2018.06.11-18.30.58:289][  0]LogFileCache: Scanning file cache for directory 'E:/Projects/FPS/FPS/Content/Collections/' took 0.01s
[2018.06.11-18.30.58:289][  0]LogCollectionManager: Rebuilt the GUID cache for 0 collections in 0.000000 seconds
[2018.06.11-18.30.58:299][  0]LogContentBrowser: Native class hierarchy populated in 0.0096 seconds. Added 2474 classes and 563 folders.
[2018.06.11-18.30.58:305][  0]LogContentBrowser: Native class hierarchy updated for 'WidgetCarousel' in 0.0008 seconds. Added 0 classes and 0 folders.
[2018.06.11-18.30.58:341][  0]LogContentBrowser: Native class hierarchy updated for 'AddContentDialog' in 0.0010 seconds. Added 0 classes and 0 folders.
[2018.06.11-18.30.58:350][  0]LogContentBrowser: Native class hierarchy updated for 'SceneOutliner' in 0.0009 seconds. Added 1 classes and 2 folders.
[2018.06.11-18.30.59:411][  0]LogSlate: Only BGRA pngs, bmps or icos are supported in by External Image Picker
[2018.06.11-18.30.59:437][  0]LogSlate: Took 0.000274 seconds to synchronously load lazily loaded font '../../../Engine/Content/Slate/Fonts/Roboto-Regular.ttf' (155K)
[2018.06.11-18.30.59:441][  0]LogSlate: Took 0.000304 seconds to synchronously load lazily loaded font '../../../Engine/Content/Slate/Fonts/Roboto-Bold.ttf' (160K)
[2018.06.11-18.30.59:451][  0]LogSlate: Took 0.000345 seconds to synchronously load lazily loaded font '../../../Engine/Content/Editor/Slate/Fonts/FontAwesome.ttf' (139K)
[2018.06.11-18.30.59:547][  0]LogTemp: Executing iPhonePackager certificates Engine -bundlename com.YourCompany.FPS
[2018.06.11-18.30.59:547][  0]LogTemp: CWD: E:\Game Engines\Epic Games\4.19\UE_4.19\Engine\Binaries\DotNET\IOS
[2018.06.11-18.30.59:547][  0]LogTemp: Initial Dir: E:\Game Engines\Epic Games\4.19\UE_4.19
[2018.06.11-18.30.59:547][  0]LogTemp: Env CWD: E:\Game Engines\Epic Games\4.19\UE_4.19\Engine\Binaries\DotNET\IOS
[2018.06.11-18.30.59:547][  0]LogTemp: BranchPath = DESKTOP-27ERO04/E/Game Engines/Epic Games/4.19/UE_4.19/Engine/Binaries --- GameBranchPath = DESKTOP-27ERO04/E/Game Engines/Epic Games/4.19/UE_4.19/Engine/Binaries
[2018.06.11-18.30.59:547][  0]LogTemp: IPP ERROR: Could not find provision directory 'C:\Users\TomColdenhoff\AppData\Local/Apple Computer/MobileDevice/Provisioning Profiles/'.
[2018.06.11-18.30.59:547][  0]LogRenderer: Reallocating scene render targets to support 1136x532 Format 10 NumSamples 1 (Frame:1).
[2018.06.11-18.30.59:675][  0]LogContentBrowser: Native class hierarchy updated for 'HierarchicalLODOutliner' in 0.0009 seconds. Added 0 classes and 0 folders.
[2018.06.11-18.30.59:675][  0]LogLoad: (Engine Initialization) Total time: 12.62 seconds
[2018.06.11-18.30.59:675][  0]LogLoad: (Engine Initialization) Total Blueprint compile time: 0.00 seconds
[2018.06.11-18.31.00:043][  0]LogContentStreaming: Texture pool size now 1000 MB
[2018.06.11-18.31.00:115][  0]LogSlate: Took 0.000205 seconds to synchronously load lazily loaded font '../../../Engine/Content/Slate/Fonts/Roboto-Light.ttf' (167K)
[2018.06.11-18.31.00:697][  2]LogAssetRegistry: Asset discovery search completed in 8.7347 seconds
[2018.06.11-18.31.00:702][  2]LogCollectionManager: Rebuilt the object cache for 0 collections in 0.000001 seconds (found 0 objects)
[2018.06.11-18.31.00:702][  2]LogCollectionManager: Fixed up redirectors for 0 collections in 0.000272 seconds (updated 0 objects)
[2018.06.11-18.32.15:842][506]LogSlate: FSceneViewport::OnFocusLost() reason 0
[2018.06.11-18.32.20:489][ 39]LogSlate: Took 0.000166 seconds to synchronously load lazily loaded font '../../../Engine/Content/Slate/Fonts/Roboto-Light.ttf' (167K)
[2018.06.11-18.32.20:563][ 39]LogSlate: Took 0.016505 seconds to synchronously load lazily loaded font '../../../Engine/Content/Slate/Fonts/Roboto-BoldCondensed.ttf' (158K)
[2018.06.11-18.32.39:386][248]Candidate modules for hot reload:
[2018.06.11-18.32.39:386][248]  FPS
[2018.06.11-18.32.39:387][248]Launching UnrealBuildTool... [E:/Game Engines/Epic Games/4.19/UE_4.19/Engine/Binaries/DotNET/UnrealBuildTool.exe FPS -ModuleWithSuffix=FPS,2394 Win64 Development -editorrecompile -canskiplink "E:/Projects/FPS/FPS/FPS.uproject" ]
[2018.06.11-18.32.39:389][248]Warning: Starting HotReload took  0.2s.
[2018.06.11-18.32.44:034][783]CompilerResultsLog: New page: Compilation - Jun 11, 2018, 10:32:44 PM
[2018.06.11-18.32.44:035][783]CompilerResultsLog: Using 'git status' to determine working set for adaptive non-unity build.
[2018.06.11-18.32.44:035][783]CompilerResultsLog: Creating makefile for hot reloading FPS (no existing makefile)
[2018.06.11-18.32.44:035][783]CompilerResultsLog: Compiling game modules for hot reload
[2018.06.11-18.32.44:035][783]CompilerResultsLog: Target is up to date
[2018.06.11-18.32.44:035][783]CompilerResultsLog: Total build time: 4.41 seconds (NoActionsToExecute executor: 0.00 seconds)
[2018.06.11-18.32.44:035][783]LogMainFrame: MainFrame: Module compiling took 4.655 seconds
[2018.06.11-18.32.44:060][783]LogContentBrowser: Native class hierarchy populated in 0.0093 seconds. Added 2475 classes and 565 folders.
[2018.06.11-18.32.44:068][783]Display: HotReload took  4.9s.
[2018.06.11-18.32.46:089][ 23]LogSlate: FSceneViewport::OnFocusLost() reason 0
[2018.06.11-18.32.47:213][131]Cmd: MAP LOAD FILE="../../../../../../../Projects/FPS/FPS/Content/Maps/AITestMap.umap" TEMPLATE=0 SHOWPROGRESS=1 FEATURELEVEL=3
[2018.06.11-18.32.47:213][131]LightingResults: New page: Lighting Build
[2018.06.11-18.32.47:214][131]LoadErrors: New page: Loading map: AITestMap.umap
[2018.06.11-18.32.47:261][131]MapCheck: New page: Map Check
[2018.06.11-18.32.47:261][131]LightingResults: New page: Lighting Build
[2018.06.11-18.32.47:333][131]LogAIModule: Creating AISystem for world AITestMap
[2018.06.11-18.32.47:430][131]LogEditorServer: Finished looking for orphan Actors (0.000 secs)
[2018.06.11-18.32.47:480][131]Cmd: MAP CHECKDEP NOCLEARLOG
[2018.06.11-18.32.47:530][131]MapCheck: Map check complete: 0 Error(s), 0 Warning(s), took 49.956ms to complete.
[2018.06.11-18.32.47:532][131]LogFileHelpers: Loading map 'AITestMap' took 0.346
[2018.06.11-18.32.56:026][309]LogAIModule: Creating AISystem for world Level1
[2018.06.11-18.32.56:082][309]Cmd: MAP LOAD FILE="../../../../../../../Projects/FPS/FPS/Content/Maps/Level1.umap" TEMPLATE=0 SHOWPROGRESS=1 FEATURELEVEL=3
[2018.06.11-18.32.56:083][309]LightingResults: New page: Lighting Build
[2018.06.11-18.32.56:083][309]LoadErrors: New page: Loading map: Level1.umap
[2018.06.11-18.32.56:084][309]MapCheck: New page: Map Check
[2018.06.11-18.32.56:084][309]LightingResults: New page: Lighting Build
[2018.06.11-18.32.56:244][309]LogEditorServer: Finished looking for orphan Actors (0.000 secs)
[2018.06.11-18.32.56:313][309]Cmd: MAP CHECKDEP NOCLEARLOG
[2018.06.11-18.32.56:386][309]MapCheck: Map check complete: 0 Error(s), 0 Warning(s), took 72.092ms to complete.
[2018.06.11-18.32.56:386][309]LogFileHelpers: Loading map 'Level1' took 0.304
[2018.06.11-18.32.58:563][513]LogAIModule: Creating AISystem for world AITestMap
[2018.06.11-18.32.58:577][513]Cmd: MAP LOAD FILE="../../../../../../../Projects/FPS/FPS/Content/Maps/AITestMap.umap" TEMPLATE=0 SHOWPROGRESS=1 FEATURELEVEL=3
[2018.06.11-18.32.58:577][513]LightingResults: New page: Lighting Build
[2018.06.11-18.32.58:578][513]LoadErrors: New page: Loading map: AITestMap.umap
[2018.06.11-18.32.58:581][513]MapCheck: New page: Map Check
[2018.06.11-18.32.58:581][513]LightingResults: New page: Lighting Build
[2018.06.11-18.32.58:704][513]LogEditorServer: Finished looking for orphan Actors (0.000 secs)
[2018.06.11-18.32.58:747][513]Cmd: MAP CHECKDEP NOCLEARLOG
[2018.06.11-18.32.58:823][513]MapCheck: Map check complete: 0 Error(s), 0 Warning(s), took 75.464ms to complete.
[2018.06.11-18.32.58:824][513]LogFileHelpers: Loading map 'AITestMap' took 0.249
[2018.06.11-18.33.00:627][718]LogEditorViewport: Clicking on Actor (LMB): BP_Sky_Sphere_C (BP_Sky_Sphere)
[2018.06.11-18.33.02:967][943]LogSlate: FSceneViewport::OnFocusLost() reason 0
[2018.06.11-18.33.03:059][954]LogTemp: Repeating last play command: Selected Viewport
[2018.06.11-18.33.03:107][954]LogPlayLevel: PlayLevel: No blueprints needed recompiling
[2018.06.11-18.33.03:108][954]PIE: New page: PIE session: AITestMap (Jun 11, 2018, 10:33:03 PM)
[2018.06.11-18.33.03:108][954]LogPlayLevel: Creating play world package: /Game/Maps/UEDPIE_0_AITestMap
[2018.06.11-18.33.03:112][954]LogPlayLevel: PIE: StaticDuplicateObject took: (0.003331s)
[2018.06.11-18.33.03:112][954]LogAIModule: Creating AISystem for world AITestMap
[2018.06.11-18.33.03:113][954]LogPlayLevel: PIE: World Init took: (0.001042s)
[2018.06.11-18.33.03:113][954]LogPlayLevel: PIE: Created PIE world by copying editor world from /Game/Maps/AITestMap.AITestMap to /Game/Maps/UEDPIE_0_AITestMap.AITestMap (0.005096s)
[2018.06.11-18.33.03:136][954]LogInit: XAudio2 using 'Speakers (Logitech G35 Headset)' : 2 channels at 44.1 kHz using 16 bits per sample (channel mask 0x3)
[2018.06.11-18.33.03:146][954]LogInit: FAudioDevice initialized.
