Log file open, 07/02/18 18:11:21
LogWindows: Failed to load 'aqProf.dll' (GetLastError=126)
LogWindows: File 'aqProf.dll' does not exist
LogWindows: Failed to load 'VtuneApi.dll' (GetLastError=126)
LogWindows: File 'VtuneApi.dll' does not exist
LogWindows: Failed to load 'VtuneApi32e.dll' (GetLastError=126)
LogWindows: File 'VtuneApi32e.dll' does not exist
LogInit: Display: Running engine for game: FPS
LogPlatformFile: Not using cached read wrapper
LogInit: Display: RandInit(-1742852013) SRandInit(-1742852013).
LogInit: Read version file with build ID '3944462'
LogInit: Overriding engine version to CL 4033788, compatible CL 3944462
LogInit: Registered custom module enumerator with build ID '3944462'
LogTaskGraph: Started task graph with 5 named threads and 23 total threads with 3 sets of task threads.
LogStats: Stats thread started at 0.566767
LogD3D11RHI: Aftermath initialized
LogICUInternationalization: Display: ICU TimeZone Detection - Raw Offset: +1:00, Platform Override: ''
LogPluginManager: Mounting plugin Paper2D
LogPluginManager: Mounting plugin LiveLink
LogPluginManager: Mounting plugin LightPropagationVolume
LogPluginManager: Mounting plugin CLionSourceCodeAccess
LogPluginManager: Mounting plugin CodeLiteSourceCodeAccess
LogPluginManager: Mounting plugin GitSourceControl
LogPluginManager: Mounting plugin KDevelopSourceCodeAccess
LogPluginManager: Mounting plugin NullSourceCodeAccess
LogPluginManager: Mounting plugin PerforceSourceControl
LogPluginManager: Mounting plugin SubversionSourceControl
LogPluginManager: Mounting plugin UObjectPlugin
LogPluginManager: Mounting plugin VisualStudioCodeSourceCodeAccess
LogPluginManager: Mounting plugin VisualStudioSourceCodeAccess
LogPluginManager: Mounting plugin XCodeSourceCodeAccess
LogPluginManager: Mounting plugin AssetManagerEditor
LogPluginManager: Mounting plugin CryptoKeys
LogPluginManager: Mounting plugin DataValidation
LogPluginManager: Mounting plugin FacialAnimation
LogPluginManager: Mounting plugin GameplayTagsEditor
LogPluginManager: Mounting plugin MobileLauncherProfileWizard
LogPluginManager: Mounting plugin PluginBrowser
LogPluginManager: Mounting plugin SpeedTreeImporter
LogPluginManager: Mounting plugin DatasmithContent
LogPluginManager: Mounting plugin AlembicImporter
LogPluginManager: Mounting plugin CharacterAI
LogPluginManager: Mounting plugin HTML5Networking
LogPluginManager: Mounting plugin AndroidMedia
LogPluginManager: Mounting plugin AvfMedia
LogPluginManager: Mounting plugin ImgMedia
LogPluginManager: Mounting plugin LinearTimecode
LogPluginManager: Mounting plugin MediaCompositing
LogPluginManager: Mounting plugin MediaPlayerEditor
LogPluginManager: Mounting plugin WmfMedia
LogPluginManager: Mounting plugin TcpMessaging
LogPluginManager: Mounting plugin UdpMessaging
LogPluginManager: Mounting plugin ActorSequence
LogPluginManager: Mounting plugin LevelSequenceEditor
LogPluginManager: Mounting plugin MatineeToLevelSequence
LogPluginManager: Mounting plugin NetcodeUnitTest
LogPluginManager: Mounting plugin NUTUnrealEngine4
LogPluginManager: Mounting plugin OnlineSubsystemGooglePlay
LogPluginManager: Mounting plugin OnlineSubsystemIOS
LogPluginManager: Mounting plugin OnlineSubsystem
LogPluginManager: Mounting plugin OnlineSubsystemNull
LogPluginManager: Mounting plugin OnlineSubsystemUtils
LogPluginManager: Mounting plugin AndroidDeviceProfileSelector
LogPluginManager: Mounting plugin AndroidMoviePlayer
LogPluginManager: Mounting plugin AndroidPermission
LogPluginManager: Mounting plugin AppleARKit
LogPluginManager: Mounting plugin AppleMoviePlayer
LogPluginManager: Mounting plugin ArchVisCharacter
LogPluginManager: Mounting plugin AudioCapture
LogPluginManager: Mounting plugin CableComponent
LogPluginManager: Mounting plugin CustomMeshComponent
LogPluginManager: Mounting plugin ExampleDeviceProfileSelector
LogPluginManager: Mounting plugin GoogleCloudMessaging
LogPluginManager: Mounting plugin ImmediatePhysics
LogPluginManager: Mounting plugin IOSDeviceProfileSelector
LogPluginManager: Mounting plugin LinuxDeviceProfileSelector
LogPluginManager: Mounting plugin LocationServicesBPLibrary
LogPluginManager: Mounting plugin MobilePatchingUtils
LogPluginManager: Mounting plugin OculusVR
LogPluginManager: Plugin shader directory ../../../Engine/Plugins/Runtime/Oculus/OculusVR/Shaders found
LogPluginManager: Mapping shader source directory ../../../Engine/Plugins/Runtime/Oculus/OculusVR/Shaders to virtual directory /Plugin/OculusVR
LogPluginManager: Mounting plugin PhysXVehicles
LogPluginManager: Mounting plugin ProceduralMeshComponent
LogPluginManager: Mounting plugin RuntimePhysXCooking
LogPluginManager: Mounting plugin SteamVR
LogPluginManager: Mounting plugin WindowsMoviePlayer
LogPluginManager: Mounting plugin CoverPointGenerator
LogStreaming: Display: Took  0.327s to configure plugins.
LogModuleManager: Display: Found up-to-date module file ../../../../../../../Projects/FPS/FPS/Binaries/Win64/UE4Editor-FPS.dll (API version 3944462).
LogModuleManager: Display: Found up-to-date module file ../../../Engine/Plugins/2D/Paper2D/Binaries/Win64/UE4Editor-Paper2D.dll (API version 3944462).
LogModuleManager: Display: Found up-to-date module file ../../../Engine/Plugins/2D/Paper2D/Binaries/Win64/UE4Editor-Paper2DEditor.dll (API version 3944462).
LogModuleManager: Display: Found up-to-date module file ../../../Engine/Plugins/2D/Paper2D/Binaries/Win64/UE4Editor-PaperSpriteSheetImporter.dll (API version 3944462).
LogModuleManager: Display: Found up-to-date module file ../../../Engine/Plugins/2D/Paper2D/Binaries/Win64/UE4Editor-PaperTiledImporter.dll (API version 3944462).
LogModuleManager: Display: Found up-to-date module file ../../../Engine/Plugins/2D/Paper2D/Binaries/Win64/UE4Editor-SmartSnapping.dll (API version 3944462).
LogModuleManager: Display: Found up-to-date module file ../../../Engine/Plugins/Animation/LiveLink/Binaries/Win64/UE4Editor-LiveLink.dll (API version 3944462).
LogModuleManager: Display: Found up-to-date module file ../../../Engine/Plugins/Animation/LiveLink/Binaries/Win64/UE4Editor-LiveLinkEditor.dll (API version 3944462).
LogModuleManager: Display: Found up-to-date module file ../../../Engine/Plugins/Blendables/LightPropagationVolume/Binaries/Win64/UE4Editor-LightPropagationVolumeRuntime.dll (API version 3944462).
LogModuleManager: Display: Found up-to-date module file ../../../Engine/Plugins/Blendables/LightPropagationVolume/Binaries/Win64/UE4Editor-LightPropagationVolumeEditor.dll (API version 3944462).
LogModuleManager: Display: Found up-to-date module file ../../../Engine/Plugins/Developer/CLionSourceCodeAccess/Binaries/Win64/UE4Editor-CLionSourceCodeAccess.dll (API version 3944462).
LogModuleManager: Display: Found up-to-date module file ../../../Engine/Plugins/Developer/GitSourceControl/Binaries/Win64/UE4Editor-GitSourceControl.dll (API version 3944462).
LogModuleManager: Display: Found up-to-date module file ../../../Engine/Plugins/Developer/PerforceSourceControl/Binaries/Win64/UE4Editor-PerforceSourceControl.dll (API version 3944462).
LogModuleManager: Display: Found up-to-date module file ../../../Engine/Plugins/Developer/SubversionSourceControl/Binaries/Win64/UE4Editor-SubversionSourceControl.dll (API version 3944462).
LogModuleManager: Display: Found up-to-date module file ../../../Engine/Plugins/Developer/UObjectPlugin/Binaries/Win64/UE4Editor-UObjectPlugin.dll (API version 3944462).
LogModuleManager: Display: Found up-to-date module file ../../../Engine/Plugins/Developer/VisualStudioCodeSourceCodeAccess/Binaries/Win64/UE4Editor-VisualStudioCodeSourceCodeAccess.dll (API version 3944462).
LogModuleManager: Display: Found up-to-date module file ../../../Engine/Plugins/Developer/VisualStudioSourceCodeAccess/Binaries/Win64/UE4Editor-VisualStudioSourceCodeAccess.dll (API version 3944462).
LogModuleManager: Display: Found up-to-date module file ../../../Engine/Plugins/Editor/AssetManagerEditor/Binaries/Win64/UE4Editor-AssetManagerEditor.dll (API version 3944462).
LogModuleManager: Display: Found up-to-date module file ../../../Engine/Plugins/Editor/CryptoKeys/Binaries/Win64/UE4Editor-CryptoKeys.dll (API version 3944462).
LogModuleManager: Display: Found up-to-date module file ../../../Engine/Plugins/Editor/CryptoKeys/Binaries/Win64/UE4Editor-CryptoKeysOpenSSL.dll (API version 3944462).
LogModuleManager: Display: Found up-to-date module file ../../../Engine/Plugins/Editor/DataValidation/Binaries/Win64/UE4Editor-DataValidation.dll (API version 3944462).
LogModuleManager: Display: Found up-to-date module file ../../../Engine/Plugins/Editor/FacialAnimation/Binaries/Win64/UE4Editor-FacialAnimation.dll (API version 3944462).
LogModuleManager: Display: Found up-to-date module file ../../../Engine/Plugins/Editor/FacialAnimation/Binaries/Win64/UE4Editor-FacialAnimationEditor.dll (API version 3944462).
LogModuleManager: Display: Found up-to-date module file ../../../Engine/Plugins/Editor/GameplayTagsEditor/Binaries/Win64/UE4Editor-GameplayTagsEditor.dll (API version 3944462).
LogModuleManager: Display: Found up-to-date module file ../../../Engine/Plugins/Editor/MobileLauncherProfileWizard/Binaries/Win64/UE4Editor-MobileLauncherProfileWizard.dll (API version 3944462).
LogModuleManager: Display: Found up-to-date module file ../../../Engine/Plugins/Editor/PluginBrowser/Binaries/Win64/UE4Editor-PluginBrowser.dll (API version 3944462).
LogModuleManager: Display: Found up-to-date module file ../../../Engine/Plugins/Editor/SpeedTreeImporter/Binaries/Win64/UE4Editor-SpeedTreeImporter.dll (API version 3944462).
LogModuleManager: Display: Found up-to-date module file ../../../Engine/Plugins/Enterprise/DatasmithContent/Binaries/Win64/UE4Editor-DatasmithContent.dll (API version 3944462).
LogModuleManager: Display: Found up-to-date module file ../../../Engine/Plugins/Experimental/AlembicImporter/Binaries/Win64/UE4Editor-AlembicImporter.dll (API version 3944462).
LogModuleManager: Display: Found up-to-date module file ../../../Engine/Plugins/Experimental/AlembicImporter/Binaries/Win64/UE4Editor-AlembicLibrary.dll (API version 3944462).
LogModuleManager: Display: Found up-to-date module file ../../../Engine/Plugins/Experimental/CharacterAI/Binaries/Win64/UE4Editor-CharacterAI.dll (API version 3944462).
LogModuleManager: Display: Found up-to-date module file ../../../Engine/Plugins/Experimental/HTML5Networking/Binaries/Win64/UE4Editor-HTML5Networking.dll (API version 3944462).
LogModuleManager: Display: Found up-to-date module file ../../../Engine/Plugins/Media/AndroidMedia/Binaries/Win64/UE4Editor-AndroidMediaEditor.dll (API version 3944462).
LogModuleManager: Display: Found up-to-date module file ../../../Engine/Plugins/Media/AndroidMedia/Binaries/Win64/UE4Editor-AndroidMediaFactory.dll (API version 3944462).
LogModuleManager: Display: Found up-to-date module file ../../../Engine/Plugins/Media/AvfMedia/Binaries/Win64/UE4Editor-AvfMediaEditor.dll (API version 3944462).
LogModuleManager: Display: Found up-to-date module file ../../../Engine/Plugins/Media/AvfMedia/Binaries/Win64/UE4Editor-AvfMediaFactory.dll (API version 3944462).
LogModuleManager: Display: Found up-to-date module file ../../../Engine/Plugins/Media/AvfMedia/Binaries/Win64/UE4Editor-AvfMediaFactory.dll (API version 3944462).
LogModuleManager: Display: Found up-to-date module file ../../../Engine/Plugins/Media/ImgMedia/Binaries/Win64/UE4Editor-ImgMedia.dll (API version 3944462).
LogModuleManager: Display: Found up-to-date module file ../../../Engine/Plugins/Media/ImgMedia/Binaries/Win64/UE4Editor-ImgMediaEditor.dll (API version 3944462).
LogModuleManager: Display: Found up-to-date module file ../../../Engine/Plugins/Media/ImgMedia/Binaries/Win64/UE4Editor-ImgMediaFactory.dll (API version 3944462).
LogModuleManager: Display: Found up-to-date module file ../../../Engine/Plugins/Media/ImgMedia/Binaries/Win64/UE4Editor-ImgMediaFactory.dll (API version 3944462).
LogModuleManager: Display: Found up-to-date module file ../../../Engine/Plugins/Media/ImgMedia/Binaries/Win64/UE4Editor-OpenExrWrapper.dll (API version 3944462).
LogModuleManager: Display: Found up-to-date module file ../../../Engine/Plugins/Media/LinearTimecode/Binaries/Win64/UE4Editor-LinearTimecode.dll (API version 3944462).
LogModuleManager: Display: Found up-to-date module file ../../../Engine/Plugins/Media/MediaCompositing/Binaries/Win64/UE4Editor-MediaCompositing.dll (API version 3944462).
LogModuleManager: Display: Found up-to-date module file ../../../Engine/Plugins/Media/MediaCompositing/Binaries/Win64/UE4Editor-MediaCompositingEditor.dll (API version 3944462).
LogModuleManager: Display: Found up-to-date module file ../../../Engine/Plugins/Media/MediaPlayerEditor/Binaries/Win64/UE4Editor-MediaPlayerEditor.dll (API version 3944462).
LogModuleManager: Display: Found up-to-date module file ../../../Engine/Plugins/Media/WmfMedia/Binaries/Win64/UE4Editor-WmfMedia.dll (API version 3944462).
LogModuleManager: Display: Found up-to-date module file ../../../Engine/Plugins/Media/WmfMedia/Binaries/Win64/UE4Editor-WmfMediaEditor.dll (API version 3944462).
LogModuleManager: Display: Found up-to-date module file ../../../Engine/Plugins/Media/WmfMedia/Binaries/Win64/UE4Editor-WmfMediaFactory.dll (API version 3944462).
LogModuleManager: Display: Found up-to-date module file ../../../Engine/Plugins/Media/WmfMedia/Binaries/Win64/UE4Editor-WmfMediaFactory.dll (API version 3944462).
LogModuleManager: Display: Found up-to-date module file ../../../Engine/Plugins/Messaging/TcpMessaging/Binaries/Win64/UE4Editor-TcpMessaging.dll (API version 3944462).
LogModuleManager: Display: Found up-to-date module file ../../../Engine/Plugins/Messaging/UdpMessaging/Binaries/Win64/UE4Editor-UdpMessaging.dll (API version 3944462).
LogModuleManager: Display: Found up-to-date module file ../../../Engine/Plugins/MovieScene/ActorSequence/Binaries/Win64/UE4Editor-ActorSequence.dll (API version 3944462).
LogModuleManager: Display: Found up-to-date module file ../../../Engine/Plugins/MovieScene/LevelSequenceEditor/Binaries/Win64/UE4Editor-LevelSequenceEditor.dll (API version 3944462).
LogModuleManager: Display: Found up-to-date module file ../../../Engine/Plugins/MovieScene/MatineeToLevelSequence/Binaries/Win64/UE4Editor-MatineeToLevelSequence.dll (API version 3944462).
LogModuleManager: Display: Found up-to-date module file ../../../Engine/Plugins/NetcodeUnitTest/NetcodeUnitTest/Binaries/Win64/UE4Editor-NetcodeUnitTest.dll (API version 3944462).
LogModuleManager: Display: Found up-to-date module file ../../../Engine/Plugins/NetcodeUnitTest/NUTUnrealEngine4/Binaries/Win64/UE4Editor-NUTUnrealEngine4.dll (API version 3944462).
LogModuleManager: Display: Found up-to-date module file ../../../Engine/Plugins/Online/OnlineSubsystem/Binaries/Win64/UE4Editor-OnlineSubsystem.dll (API version 3944462).
LogModuleManager: Display: Found up-to-date module file ../../../Engine/Plugins/Online/OnlineSubsystemNull/Binaries/Win64/UE4Editor-OnlineSubsystemNull.dll (API version 3944462).
LogModuleManager: Display: Found up-to-date module file ../../../Engine/Plugins/Online/OnlineSubsystemUtils/Binaries/Win64/UE4Editor-OnlineSubsystemUtils.dll (API version 3944462).
LogModuleManager: Display: Found up-to-date module file ../../../Engine/Plugins/Online/OnlineSubsystemUtils/Binaries/Win64/UE4Editor-OnlineBlueprintSupport.dll (API version 3944462).
LogModuleManager: Display: Found up-to-date module file ../../../Engine/Plugins/Runtime/AndroidDeviceProfileSelector/Binaries/Win64/UE4Editor-AndroidDeviceProfileSelector.dll (API version 3944462).
LogModuleManager: Display: Found up-to-date module file ../../../Engine/Plugins/Runtime/AndroidPermission/Binaries/Win64/UE4Editor-AndroidPermission.dll (API version 3944462).
LogModuleManager: Display: Found up-to-date module file ../../../Engine/Plugins/Runtime/AppleARKit/Binaries/Win64/UE4Editor-AppleARKit.dll (API version 3944462).
LogModuleManager: Display: Found up-to-date module file ../../../Engine/Plugins/Runtime/ArchVisCharacter/Binaries/Win64/UE4Editor-ArchVisCharacter.dll (API version 3944462).
LogModuleManager: Display: Found up-to-date module file ../../../Engine/Plugins/Runtime/AudioCapture/Binaries/Win64/UE4Editor-AudioCapture.dll (API version 3944462).
LogModuleManager: Display: Found up-to-date module file ../../../Engine/Plugins/Runtime/AudioCapture/Binaries/Win64/UE4Editor-AudioCaptureEditor.dll (API version 3944462).
LogModuleManager: Display: Found up-to-date module file ../../../Engine/Plugins/Runtime/CableComponent/Binaries/Win64/UE4Editor-CableComponent.dll (API version 3944462).
LogModuleManager: Display: Found up-to-date module file ../../../Engine/Plugins/Runtime/CustomMeshComponent/Binaries/Win64/UE4Editor-CustomMeshComponent.dll (API version 3944462).
LogModuleManager: Display: Found up-to-date module file ../../../Engine/Plugins/Runtime/ExampleDeviceProfileSelector/Binaries/Win64/UE4Editor-ExampleDeviceProfileSelector.dll (API version 3944462).
LogModuleManager: Display: Found up-to-date module file ../../../Engine/Plugins/Runtime/ImmediatePhysics/Binaries/Win64/UE4Editor-ImmediatePhysics.dll (API version 3944462).
LogModuleManager: Display: Found up-to-date module file ../../../Engine/Plugins/Runtime/ImmediatePhysics/Binaries/Win64/UE4Editor-ImmediatePhysicsEditor.dll (API version 3944462).
LogModuleManager: Display: Found up-to-date module file ../../../Engine/Plugins/Runtime/LocationServicesBPLibrary/Binaries/Win64/UE4Editor-LocationServicesBPLibrary.dll (API version 3944462).
LogModuleManager: Display: Found up-to-date module file ../../../Engine/Plugins/Runtime/MobilePatchingUtils/Binaries/Win64/UE4Editor-MobilePatchingUtils.dll (API version 3944462).
LogModuleManager: Display: Found up-to-date module file ../../../Engine/Plugins/Runtime/Oculus/OculusVR/Binaries/Win64/UE4Editor-OculusHMD.dll (API version 3944462).
LogModuleManager: Display: Found up-to-date module file ../../../Engine/Plugins/Runtime/Oculus/OculusVR/Binaries/Win64/UE4Editor-OculusInput.dll (API version 3944462).
LogModuleManager: Display: Found up-to-date module file ../../../Engine/Plugins/Runtime/Oculus/OculusVR/Binaries/Win64/UE4Editor-OculusEditor.dll (API version 3944462).
LogModuleManager: Display: Found up-to-date module file ../../../Engine/Plugins/Runtime/PhysXVehicles/Binaries/Win64/UE4Editor-PhysXVehicles.dll (API version 3944462).
LogModuleManager: Display: Found up-to-date module file ../../../Engine/Plugins/Runtime/PhysXVehicles/Binaries/Win64/UE4Editor-PhysXVehiclesEditor.dll (API version 3944462).
LogModuleManager: Display: Found up-to-date module file ../../../Engine/Plugins/Runtime/ProceduralMeshComponent/Binaries/Win64/UE4Editor-ProceduralMeshComponent.dll (API version 3944462).
LogModuleManager: Display: Found up-to-date module file ../../../Engine/Plugins/Runtime/ProceduralMeshComponent/Binaries/Win64/UE4Editor-ProceduralMeshComponentEditor.dll (API version 3944462).
LogModuleManager: Display: Found up-to-date module file ../../../Engine/Plugins/Runtime/RuntimePhysXCooking/Binaries/Win64/UE4Editor-RuntimePhysXCooking.dll (API version 3944462).
LogModuleManager: Display: Found up-to-date module file ../../../Engine/Plugins/Runtime/Steam/SteamVR/Binaries/Win64/UE4Editor-SteamVR.dll (API version 3944462).
LogModuleManager: Display: Found up-to-date module file ../../../Engine/Plugins/Runtime/Steam/SteamVR/Binaries/Win64/UE4Editor-SteamVRController.dll (API version 3944462).
LogModuleManager: Display: Found up-to-date module file ../../../Engine/Plugins/Runtime/WindowsMoviePlayer/Binaries/Win64/UE4Editor-WindowsMoviePlayer.dll (API version 3944462).
LogModuleManager: Display: Found up-to-date module file ../../../../../../../Projects/FPS/FPS/Plugins/CoverPointGenerator/Binaries/Win64/UE4Editor-CoverPointGenerator.dll (API version 3944462).
LogInit: Using libcurl 7.47.1
LogInit:  - built for x86_64-pc-win32
LogInit:  - supports SSL with OpenSSL/1.0.2g
LogInit:  - supports HTTP deflate (compression) using libz 1.2.8
LogInit:  - other features:
LogInit:      CURL_VERSION_SSL
LogInit:      CURL_VERSION_LIBZ
LogInit:      CURL_VERSION_IPV6
LogInit:      CURL_VERSION_ASYNCHDNS
LogInit:      CURL_VERSION_LARGEFILE
LogInit:      CURL_VERSION_IDN
LogInit:  CurlRequestOptions (configurable via config and command line):
LogInit:  - bVerifyPeer = false  - Libcurl will NOT verify peer certificate
LogInit:  - bUseHttpProxy = false  - Libcurl will NOT use HTTP proxy
LogInit:  - bDontReuseConnections = false  - Libcurl will reuse connections
LogInit:  - CertBundlePath = nullptr  - Libcurl will use whatever was configured at build time.
LogInit:  - MaxHostConnections = 16  - Libcurl will limit the number of connections to a host
LogInit:  - LocalHostAddr = Default
LogInit: WinSock: version 1.1 (2.2), MaxSocks=32767, MaxUdp=65467
LogInit: WinSock: I am DESKTOP-27ERO04 (192.168.178.101:0)
LogInit: Build: ++UE4+Release-4.19-CL-4033788
LogInit: Engine Version: 4.19.2-4033788+++UE4+Release-4.19
LogInit: Compatible Engine Version: 4.19.0-3944462+++UE4+Release-4.19
LogInit: Net CL: 3944462
LogDevObjectVersion: Number of dev versions registered: 18
LogDevObjectVersion:   Dev-Blueprints (B0D832E4-1F89-4F0D-ACCF-7EB736FD4AA2): 10
LogDevObjectVersion:   Dev-Build (E1C64328-A22C-4D53-A36C-8E866417BD8C): 0
LogDevObjectVersion:   Dev-Core (375EC13C-06E4-48FB-B500-84F0262A717E): 2
LogDevObjectVersion:   Dev-Editor (E4B068ED-F494-42E9-A231-DA0B2E46BB41): 23
LogDevObjectVersion:   Dev-Framework (CFFC743F-43B0-4480-9391-14DF171D2073): 33
LogDevObjectVersion:   Dev-Mobile (B02B49B5-BB20-44E9-A304-32B752E40360): 2
LogDevObjectVersion:   Dev-Networking (A4E4105C-59A1-49B5-A7C5-40C4547EDFEE): 0
LogDevObjectVersion:   Dev-Online (39C831C9-5AE6-47DC-9A44-9C173E1C8E7C): 0
LogDevObjectVersion:   Dev-Physics (78F01B33-EBEA-4F98-B9B4-84EACCB95AA2): 0
LogDevObjectVersion:   Dev-Platform (6631380F-2D4D-43E0-8009-CF276956A95A): 0
LogDevObjectVersion:   Dev-Rendering (12F88B9F-8875-4AFC-A67C-D90C383ABD29): 25
LogDevObjectVersion:   Dev-Sequencer (7B5AE74C-D270-4C10-A958-57980B212A5A): 6
LogDevObjectVersion:   Dev-VR (D7296918-1DD6-4BDD-9DE2-64A83CC13884): 1
LogDevObjectVersion:   Dev-LoadTimes (C2A15278-BFE7-4AFE-6C17-90FF531DF755): 1
LogDevObjectVersion:   Private-Geometry (6EACA3D4-40EC-4CC1-B786-8BED09428FC5): 2
LogDevObjectVersion:   Dev-AnimPhys (29E575DD-E0A3-4627-9D10-D276232CDCEA): 16
LogDevObjectVersion:   Dev-ReflectionCapture (6B266CEC-1EC7-4B8F-A30B-E4D90942FC07): 1
LogDevObjectVersion:   Dev-Automation (0DF73D61-A23F-47EA-B727-89E90C41499A): 1
LogInit: Compiled (64-bit): Apr 27 2018 02:06:57
LogInit: Compiled with Visual C++: 19.00.24215.01
LogInit: Build Configuration: Development
LogInit: Branch Name: ++UE4+Release-4.19
LogInit: Command Line:  -skipcompile
LogInit: Base Directory: E:/Game Engines/Epic Games/4.19/UE_4.19/Engine/Binaries/Win64/
LogInit: Installed Engine Build: 1
LogStreaming: Display: Took  0.010s to delete old logs.
LogInit: Presizing for max 8388607 objects, including 0 objects not considered by GC, pre-allocating 0 bytes for permanent pool.
LogInit: Object subsystem initialized
[2018.07.02-16.11.26:497][  0]LogInit: Selected Device Profile: [Windows]
[2018.07.02-16.11.26:497][  0]LogInit: Applying CVar settings loaded from the selected device profile: [Windows]
[2018.07.02-16.11.26:607][  0]LogInit: Computer: DESKTOP-27ERO04
[2018.07.02-16.11.26:607][  0]LogInit: User: TomColdenhoff
[2018.07.02-16.11.26:608][  0]LogInit: CPU Page size=4096, Cores=4
[2018.07.02-16.11.26:608][  0]LogInit: High frequency timer resolution =3.319352 MHz
[2018.07.02-16.11.26:608][  0]LogMemory: Memory total: Physical=11.9GB (12GB approx)
[2018.07.02-16.11.26:608][  0]LogMemory: Platform Memory Stats for Windows
[2018.07.02-16.11.26:608][  0]LogMemory: Process Physical Memory: 278.87 MB used, 279.29 MB peak
[2018.07.02-16.11.26:608][  0]LogMemory: Process Virtual Memory: 269.68 MB used, 269.68 MB peak
[2018.07.02-16.11.26:608][  0]LogMemory: Physical Memory: 5683.31 MB used,  6524.13 MB free, 12207.44 MB total
[2018.07.02-16.11.26:608][  0]LogMemory: Virtual Memory: 4794.46 MB used,  6524.13 MB free, 134217728.00 MB total
[2018.07.02-16.11.27:350][  0]LogInit: Using OS detected language (en-US).
[2018.07.02-16.11.27:350][  0]LogInit: Using OS detected locale (en-US).
[2018.07.02-16.11.27:571][  0]LogTextLocalizationManager: No specific localization for 'en-US' exists, so the 'en' localization will be used.
[2018.07.02-16.11.28:406][  0]LogStreaming: Display: Took  1.056s to EndInitTextLocalization.
[2018.07.02-16.11.28:406][  0]LogInit: Setting process to per monitor DPI aware
[2018.07.02-16.11.28:733][  0]LogSlate: New Slate User Created.  User Index 0, Is Virtual User: 0
[2018.07.02-16.11.28:733][  0]LogSlate: Slate User Registered.  User Index 0, Is Virtual User: 0
[2018.07.02-16.11.30:476][  0]LogD3D11RHI: D3D11 adapters:
[2018.07.02-16.11.30:556][  0]LogD3D11RHI:    0. 'NVIDIA GeForce GTX 970' (Feature Level 11_0)
[2018.07.02-16.11.30:556][  0]LogD3D11RHI:       4043/0/6103 MB DedicatedVideo/DedicatedSystem/SharedSystem, Outputs:2, VendorId:0x10de
[2018.07.02-16.11.30:562][  0]LogD3D11RHI:    1. 'Microsoft Basic Render Driver' (Feature Level 11_0)
[2018.07.02-16.11.30:562][  0]LogD3D11RHI:       0/0/6103 MB DedicatedVideo/DedicatedSystem/SharedSystem, Outputs:0, VendorId:0x1414
[2018.07.02-16.11.30:562][  0]LogD3D11RHI: Chosen D3D11 Adapter: 0
[2018.07.02-16.11.30:568][  0]LogD3D11RHI: Creating new Direct3DDevice
[2018.07.02-16.11.30:568][  0]LogD3D11RHI:     GPU DeviceId: 0x13c2 (for the marketing name, search the web for "GPU Device Id")
[2018.07.02-16.11.30:568][  0]LogWindows: EnumDisplayDevices:
[2018.07.02-16.11.30:569][  0]LogWindows:    0. 'NVIDIA GeForce GTX 970' (P:1 D:1)
[2018.07.02-16.11.30:569][  0]LogWindows:    1. 'NVIDIA GeForce GTX 970' (P:0 D:1)
[2018.07.02-16.11.30:569][  0]LogWindows:    2. 'NVIDIA GeForce GTX 970' (P:0 D:0)
[2018.07.02-16.11.30:569][  0]LogWindows:    3. 'NVIDIA GeForce GTX 970' (P:0 D:0)
[2018.07.02-16.11.30:570][  0]LogWindows: DebugString: GetVideoDriverDetailsInvalid PrimaryIsNotTheChoosenAdapter GetVideoDriverDetailsInvalid PrimaryIsNotTheChoosenAdapter GetVideoDriverDetailsInvalid PrimaryIsNotTheChoosenAdapter GetVideoDriverDetailsInvalid PrimaryIsNotTheChoosenAdapter FoundDriverCount:0 
[2018.07.02-16.11.30:570][  0]LogD3D11RHI:     Adapter Name: NVIDIA GeForce GTX 970
[2018.07.02-16.11.30:570][  0]LogD3D11RHI:   Driver Version: Unknown (internal:Unknown, unified:Unknown)
[2018.07.02-16.11.30:570][  0]LogD3D11RHI:      Driver Date: Unknown
[2018.07.02-16.11.30:570][  0]LogRHI: Texture pool is 2830 MB (70% of 4043 MB)
[2018.07.02-16.11.30:610][  0]LogD3D11RHI: [Aftermath] Aftermath enabled and primed
[2018.07.02-16.11.30:610][  0]LogD3D11RHI: [Aftermath] Aftermath enabled and primed
[2018.07.02-16.11.30:611][  0]LogD3D11RHI: Async texture creation enabled
[2018.07.02-16.11.30:692][  0]LogD3D11RHI: GPU Timing Frequency: 1000.000000 (Debug: 2 2)
[2018.07.02-16.11.30:743][  0]LogShaderCompilers: Guid format shader working directory is 16 characters bigger than the processId version (../../../../../../../Projects/FPS/FPS/Intermediate/Shaders/WorkingDirectory/14616/).
[2018.07.02-16.11.30:743][  0]LogShaderCompilers: Cleaned the shader compiler working directory 'C:/Users/TomColdenhoff/AppData/Local/Temp/UnrealShaderWorkingDir/AFB4829C44502353363B0BBDB391AF17/'.
[2018.07.02-16.11.31:401][  0]LogTemp: Display: Loaded TP AllDesktopTargetPlatform
[2018.07.02-16.11.31:415][  0]LogTemp: Display: Loaded TP MacClientTargetPlatform
[2018.07.02-16.11.31:428][  0]LogTemp: Display: Loaded TP MacNoEditorTargetPlatform
[2018.07.02-16.11.31:443][  0]LogTemp: Display: Loaded TP MacServerTargetPlatform
[2018.07.02-16.11.31:472][  0]LogTemp: Display: Loaded TP MacTargetPlatform
[2018.07.02-16.11.31:486][  0]LogTemp: Display: Loaded TP WindowsClientTargetPlatform
[2018.07.02-16.11.31:500][  0]LogTemp: Display: Loaded TP WindowsNoEditorTargetPlatform
[2018.07.02-16.11.31:514][  0]LogTemp: Display: Loaded TP WindowsServerTargetPlatform
[2018.07.02-16.11.31:521][  0]LogTemp: Display: Loaded TP WindowsTargetPlatform
[2018.07.02-16.11.31:534][  0]LogTemp: Display: Loaded TP Android_ASTCTargetPlatform
[2018.07.02-16.11.31:546][  0]LogTemp: Display: Loaded TP Android_ATCTargetPlatform
[2018.07.02-16.11.31:560][  0]LogTemp: Display: Loaded TP Android_DXTTargetPlatform
[2018.07.02-16.11.31:573][  0]LogTemp: Display: Loaded TP Android_ETC1aTargetPlatform
[2018.07.02-16.11.31:585][  0]LogTemp: Display: Loaded TP Android_ETC1TargetPlatform
[2018.07.02-16.11.31:597][  0]LogTemp: Display: Loaded TP Android_ETC2TargetPlatform
[2018.07.02-16.11.31:623][  0]LogTemp: Display: Loaded TP Android_MultiTargetPlatform
[2018.07.02-16.11.31:623][  0]LogTemp: Display: Loaded TP Android_PVRTCTargetPlatform
[2018.07.02-16.11.31:651][  0]LogTemp: Display: Loaded TP AndroidTargetPlatform
[2018.07.02-16.11.31:654][  0]LogTemp: Display: Loaded TP HTML5TargetPlatform
[2018.07.02-16.11.31:776][  0]LogTemp: Display: Loaded TP IOSTargetPlatform
[2018.07.02-16.11.31:798][  0]LogTemp: Display: Loaded TP TVOSTargetPlatform
[2018.07.02-16.11.31:811][  0]LogTemp: Display: Loaded TP LinuxClientTargetPlatform
[2018.07.02-16.11.31:824][  0]LogTemp: Display: Loaded TP LinuxNoEditorTargetPlatform
[2018.07.02-16.11.31:836][  0]LogTemp: Display: Loaded TP LinuxServerTargetPlatform
[2018.07.02-16.11.31:857][  0]LogTemp: Display: Loaded TP LinuxTargetPlatform
[2018.07.02-16.11.31:857][  0]LogTargetPlatformManager: Display: Building Assets For Windows
[2018.07.02-16.11.32:606][  0]LogXGEController: Cleaning working directory: C:/Users/TomColdenhoff/AppData/Local/Temp/UnrealXGEWorkingDir/
[2018.07.02-16.11.32:607][  0]LogXGEController: Cannot use XGE Controller as Incredibuild is not installed on this machine.
[2018.07.02-16.11.32:607][  0]LogShaderCompilers: Cannot use XGE Shader Compiler as Incredibuild is not installed on this machine.
[2018.07.02-16.11.32:607][  0]LogShaderCompilers: Display: Using Local Shader Compiler.
[2018.07.02-16.11.34:822][  0]LogDerivedDataCache: Display: Max Cache Size: 512 MB
[2018.07.02-16.11.35:325][  0]LogDerivedDataCache: Loaded boot cache 0.50s 80MB C:/Users/TomColdenhoff/AppData/Local/UnrealEngine/4.19/DerivedDataCache/Boot.ddc.
[2018.07.02-16.11.35:325][  0]LogDerivedDataCache: Display: Loaded Boot cache: C:/Users/TomColdenhoff/AppData/Local/UnrealEngine/4.19/DerivedDataCache/Boot.ddc
[2018.07.02-16.11.35:326][  0]LogDerivedDataCache: FDerivedDataBackendGraph:  Pak pak cache file ../../../../../../../Projects/FPS/FPS/DerivedDataCache/DDC.ddp not found, will not use a pak cache.
[2018.07.02-16.11.35:326][  0]LogDerivedDataCache: Unable to find inner node Pak for hierarchical cache Hierarchy.
[2018.07.02-16.11.35:326][  0]LogDerivedDataCache: FDerivedDataBackendGraph:  CompressedPak pak cache file ../../../../../../../Projects/FPS/FPS/DerivedDataCache/Compressed.ddp not found, will not use a pak cache.
[2018.07.02-16.11.35:326][  0]LogDerivedDataCache: Unable to find inner node CompressedPak for hierarchical cache Hierarchy.
[2018.07.02-16.11.35:433][  0]LogDerivedDataCache: Display: Pak cache opened for reading ../../../Engine/DerivedDataCache/Compressed.ddp.
[2018.07.02-16.11.35:451][  0]LogDerivedDataCache: Using Local data cache path C:/Users/TomColdenhoff/AppData/Local/UnrealEngine/Common/DerivedDataCache: Writable
[2018.07.02-16.11.35:451][  0]LogDerivedDataCache: Shared data cache path not found in *engine.ini, will not use an Shared cache.
[2018.07.02-16.11.35:451][  0]LogDerivedDataCache: Unable to find inner node Shared for hierarchical cache Hierarchy.
[2018.07.02-16.11.35:462][  0]LogMaterial: Verifying Global Shaders for PCD3D_SM5
[2018.07.02-16.11.35:463][  0]LogSlate: Using Freetype 2.6.0
[2018.07.02-16.11.35:515][  0]LogSlate: SlateFontCache - WITH_FREETYPE: 1, WITH_HARFBUZZ: 1
[2018.07.02-16.11.35:516][  0]LogSlate: SlateFontCache - WITH_FREETYPE: 1, WITH_HARFBUZZ: 1
[2018.07.02-16.11.38:993][  0]LogAssetRegistry: FAssetRegistry took 0.0290 seconds to start up
[2018.07.02-16.11.40:148][  0]LogInit: Selected Device Profile: [Windows]
[2018.07.02-16.11.40:835][  0]LogSimplygon: Simplygon DLL not present - disabling.
[2018.07.02-16.11.40:902][  0]LogMeshReduction: Using SimplygonSwarm for distributed automatic mesh merging
[2018.07.02-16.11.40:921][  0]LogMeshReduction: Using QuadricMeshReduction for automatic static mesh reduction
[2018.07.02-16.11.40:921][  0]LogMeshReduction: No automatic skeletal mesh reduction module available
[2018.07.02-16.11.40:921][  0]LogMeshReduction: No automatic mesh merging module available
[2018.07.02-16.11.40:922][  0]LogMeshMerging: No automatic mesh merging module available
[2018.07.02-16.11.41:051][  0]LogNetVersion: FPS , NetCL: 3944462, EngineNetVer: 2, GameNetVer: 0 (Checksum: 2326512385)
[2018.07.02-16.11.42:891][  0]LogPackageLocalizationCache: Processed 9 localized package path(s) for 2 prioritized culture(s) in 0.240053 seconds
[2018.07.02-16.11.42:904][  0]LogUObjectArray: 36728 objects as part of root set at end of initial load.
[2018.07.02-16.11.42:905][  0]LogUObjectAllocator: 7314304 out of 0 bytes used by permanent object pool.
[2018.07.02-16.11.42:905][  0]LogUObjectArray: CloseDisregardForGC: 0/0 objects in disregard for GC pool
[2018.07.02-16.11.52:502][  0]LogTcpMessaging: Initializing TcpMessaging bridge
[2018.07.02-16.11.52:528][  0]LogUdpMessaging: Initializing bridge on interface 0.0.0.0:0 to multicast group 230.0.0.1:6666.
[2018.07.02-16.11.53:862][  0]LogSkeletalMesh: Skeletal Mesh found in DDC [1.320137ms] /Game/Models/Player/Arms/Arms_SMG.Arms_SMG
[2018.07.02-16.11.53:994][  0]LogUObjectGlobals: Created PersistentFrame Addr=0x000002e9a44c1fd0, Size=80, Default__BP_SMGAnim_C Function /Game/Animations/SMG/BP_SMGAnim.BP_SMGAnim_C:ExecuteUbergraph_BP_SMGAnim
[2018.07.02-16.11.54:004][  0]LogUObjectGlobals: Destroyed PersistentFrame Addr=0x000002e9a44c1fd0, Size=80
[2018.07.02-16.11.54:004][  0]LogUObjectGlobals: Created PersistentFrame Addr=0x000002e9a5ceb830, Size=80, Default__BP_SMGAnim_C Function /Engine/Transient.REINST_BP_SMGAnim_C_0:ExecuteUbergraph_BP_SMGAnim
[2018.07.02-16.11.54:013][  0]LogUObjectGlobals: Created PersistentFrame Addr=0x000002e9a5d62110, Size=80, Default__BP_SMGAnim_C Function /Game/Animations/SMG/BP_SMGAnim.BP_SMGAnim_C:ExecuteUbergraph_BP_SMGAnim
[2018.07.02-16.11.54:235][  0]SourceControl: Source control is disabled
[2018.07.02-16.11.54:235][  0]SourceControl: Source control is disabled
[2018.07.02-16.11.54:260][  0]SourceControl: Source control is disabled
[2018.07.02-16.11.54:279][  0]SourceControl: Source control is disabled
[2018.07.02-16.11.54:848][  0]LogAndroidPermission: UAndroidPermissionCallbackProxy::GetInstance
[2018.07.02-16.11.55:000][  0]LogOcInput: OculusInput pre-init called
[2018.07.02-16.11.56:311][  0]LogEngine: Initializing Engine...
[2018.07.02-16.11.56:313][  0]LogHMD: Failed to initialize OpenVR with code 110
[2018.07.02-16.11.56:315][  0]LogStats: UGameplayTagsManager::ConstructGameplayTagTree: Construct from data asset -  0.000 s
[2018.07.02-16.11.56:315][  0]LogStats: UGameplayTagsManager::ConstructGameplayTagTree: GameplayTagTreeChangedEvent.Broadcast -  0.000 s
[2018.07.02-16.11.56:915][  0]LogAIModule: Creating AISystem for world Untitled
[2018.07.02-16.11.56:930][  0]LogInit: XAudio2 using 'Speakers (Logitech G35 Headset)' : 2 channels at 44.1 kHz using 16 bits per sample (channel mask 0x3)
[2018.07.02-16.11.56:953][  0]LogInit: FAudioDevice initialized.
[2018.07.02-16.11.57:110][  0]LogDerivedDataCache: Saved boot cache 0.16s 80MB C:/Users/TomColdenhoff/AppData/Local/UnrealEngine/4.19/DerivedDataCache/Boot.ddc.
[2018.07.02-16.11.57:126][  0]LogInit: Texture streaming: Enabled
[2018.07.02-16.11.57:144][  0]LogEngineSessionManager: EngineSessionManager initialized
[2018.07.02-16.11.57:154][  0]LogInit: Transaction tracking system initialized
[2018.07.02-16.11.57:207][  0]BlueprintLog: New page: Editor Load
[2018.07.02-16.11.57:675][  0]LocalizationService: Localization service is disabled
[2018.07.02-16.11.57:992][  0]LogConsoleResponse: Display: 
[2018.07.02-16.11.59:091][  0]LogCook: Display: Max memory allowance for cook 16384mb min free memory 0mb
[2018.07.02-16.11.59:092][  0]LogCook: Display: Mobile HDR setting 1
[2018.07.02-16.11.59:092][  0]LogGameplayTags: Display: UGameplayTagsManager::DoneAddingNativeTags. DelegateIsBound: 0
[2018.07.02-16.11.59:092][  0]LogStats: UGameplayTagsManager::ConstructGameplayTagTree: Construct from data asset -  0.000 s
[2018.07.02-16.11.59:092][  0]LogStats: UGameplayTagsManager::ConstructGameplayTagTree: GameplayTagTreeChangedEvent.Broadcast -  0.000 s
[2018.07.02-16.11.59:337][  0]LogFileCache: Scanning file cache for directory 'E:/Projects/FPS/FPS/Content/' took 0.04s
[2018.07.02-16.12.00:077][  0]SourceControl: Source control is disabled
[2018.07.02-16.12.00:077][  0]Cmd: MAP LOAD FILE="../../../../../../../Projects/FPS/FPS/Content/Maps/Level1.umap" TEMPLATE=0 SHOWPROGRESS=1 FEATURELEVEL=3
[2018.07.02-16.12.00:078][  0]LightingResults: New page: Lighting Build
[2018.07.02-16.12.00:082][  0]MapCheck: New page: Map Check
[2018.07.02-16.12.00:082][  0]LightingResults: New page: Lighting Build
[2018.07.02-16.12.00:099][  0]LogUObjectGlobals: Destroyed PersistentFrame Addr=0x000002e9a5ceb830, Size=80
[2018.07.02-16.12.05:777][  0]LogAIModule: Creating AISystem for world Level1
[2018.07.02-16.12.05:833][  0]LogEditorServer: Finished looking for orphan Actors (0.000 secs)
[2018.07.02-16.12.05:851][  0]Cmd: MAP CHECKDEP NOCLEARLOG
[2018.07.02-16.12.05:916][  0]MapCheck: Map check complete: 0 Error(s), 0 Warning(s), took 63.958ms to complete.
[2018.07.02-16.12.05:916][  0]LogFileHelpers: Loading map 'Level1' took 5.839
[2018.07.02-16.12.06:146][  0]LogCollectionManager: Loaded 0 collections in 0.000944 seconds
[2018.07.02-16.12.06:194][  0]LogFileCache: Scanning file cache for directory 'E:/Projects/FPS/FPS/Saved/Collections/' took 0.01s
[2018.07.02-16.12.06:194][  0]LogFileCache: Scanning file cache for directory 'E:/Projects/FPS/FPS/Content/Developers/TomColdenhoff/Collections/' took 0.01s
[2018.07.02-16.12.06:194][  0]LogFileCache: Scanning file cache for directory 'E:/Projects/FPS/FPS/Content/Collections/' took 0.01s
[2018.07.02-16.12.06:194][  0]LogCollectionManager: Rebuilt the GUID cache for 0 collections in 0.000000 seconds
[2018.07.02-16.12.06:204][  0]LogContentBrowser: Native class hierarchy populated in 0.0092 seconds. Added 2481 classes and 565 folders.
[2018.07.02-16.12.06:209][  0]LogContentBrowser: Native class hierarchy updated for 'WidgetCarousel' in 0.0009 seconds. Added 0 classes and 0 folders.
[2018.07.02-16.12.06:801][  0]LogContentBrowser: Native class hierarchy updated for 'AddContentDialog' in 0.0010 seconds. Added 0 classes and 0 folders.
[2018.07.02-16.12.06:825][  0]LogContentBrowser: Native class hierarchy updated for 'SceneOutliner' in 0.0010 seconds. Added 1 classes and 2 folders.
[2018.07.02-16.12.08:588][  0]LogSlate: Only BGRA pngs, bmps or icos are supported in by External Image Picker
[2018.07.02-16.12.08:639][  0]LogTemp: Executing iPhonePackager certificates Engine -bundlename com.YourCompany.FPS
[2018.07.02-16.12.08:639][  0]LogTemp: CWD: E:\Game Engines\Epic Games\4.19\UE_4.19\Engine\Binaries\DotNET\IOS
[2018.07.02-16.12.08:639][  0]LogTemp: Initial Dir: E:\Game Engines\Epic Games\4.19\UE_4.19
[2018.07.02-16.12.08:639][  0]LogTemp: Env CWD: E:\Game Engines\Epic Games\4.19\UE_4.19\Engine\Binaries\DotNET\IOS
[2018.07.02-16.12.08:640][  0]LogTemp: BranchPath = DESKTOP-27ERO04/E/Game Engines/Epic Games/4.19/UE_4.19/Engine/Binaries --- GameBranchPath = DESKTOP-27ERO04/E/Game Engines/Epic Games/4.19/UE_4.19/Engine/Binaries
[2018.07.02-16.12.08:640][  0]LogTemp: IPP ERROR: Could not find provision directory 'C:\Users\TomColdenhoff\AppData\Local/Apple Computer/MobileDevice/Provisioning Profiles/'.
[2018.07.02-16.12.08:640][  0]LogSlate: Took 0.011440 seconds to synchronously load lazily loaded font '../../../Engine/Content/Slate/Fonts/Roboto-Regular.ttf' (155K)
[2018.07.02-16.12.08:656][  0]LogSlate: Took 0.014195 seconds to synchronously load lazily loaded font '../../../Engine/Content/Slate/Fonts/Roboto-Bold.ttf' (160K)
[2018.07.02-16.12.08:674][  0]LogSlate: Took 0.013227 seconds to synchronously load lazily loaded font '../../../Engine/Content/Editor/Slate/Fonts/FontAwesome.ttf' (139K)
[2018.07.02-16.12.08:871][  0]LogRenderer: Reallocating scene render targets to support 1136x532 Format 10 NumSamples 1 (Frame:1).
[2018.07.02-16.12.09:112][  0]LogContentBrowser: Native class hierarchy updated for 'HierarchicalLODOutliner' in 0.0009 seconds. Added 0 classes and 0 folders.
[2018.07.02-16.12.09:112][  0]LogLoad: (Engine Initialization) Total time: 53.84 seconds
[2018.07.02-16.12.09:112][  0]LogLoad: (Engine Initialization) Total Blueprint compile time: 0.00 seconds
[2018.07.02-16.12.09:493][  0]LogContentStreaming: Texture pool size now 1000 MB
[2018.07.02-16.12.09:846][  1]LogSlate: Took 0.019375 seconds to synchronously load lazily loaded font '../../../Engine/Content/Slate/Fonts/Roboto-Light.ttf' (167K)
[2018.07.02-16.12.10:135][  2]LogAssetRegistry: Asset discovery search completed in 31.1663 seconds
[2018.07.02-16.12.10:139][  2]LogCollectionManager: Rebuilt the object cache for 0 collections in 0.000001 seconds (found 0 objects)
[2018.07.02-16.12.10:139][  2]LogCollectionManager: Fixed up redirectors for 0 collections in 0.000210 seconds (updated 0 objects)
[2018.07.02-16.12.27:123][ 53]LogSlate: FSceneViewport::OnFocusLost() reason 0
[2018.07.02-16.12.33:608][677]LogSlate: Took 0.000196 seconds to synchronously load lazily loaded font '../../../Engine/Content/Slate/Fonts/Roboto-Light.ttf' (167K)
[2018.07.02-16.12.33:749][677]LogSlate: Took 0.101953 seconds to synchronously load lazily loaded font '../../../Engine/Content/Slate/Fonts/Roboto-BoldCondensed.ttf' (158K)
[2018.07.02-16.12.35:027][783]LogSlate: Window 'Add C++ Class' being destroyed
[2018.07.02-16.13.03:732][350]Running E:/Game Engines/Epic Games/4.19/UE_4.19/Engine/Binaries/DotNET/UnrealBuildTool.exe FPS Win64 Development -editorrecompile "E:/Projects/FPS/FPS/FPS.uproject" -invalidatemakefilesonly
[2018.07.02-16.13.03:935][350]Invalidating makefiles only in this run.
[2018.07.02-16.13.04:123][350]Candidate modules for hot reload:
[2018.07.02-16.13.04:124][350]  FPS
[2018.07.02-16.13.04:124][350]Launching UnrealBuildTool... [E:/Game Engines/Epic Games/4.19/UE_4.19/Engine/Binaries/DotNET/UnrealBuildTool.exe FPS -ModuleWithSuffix=FPS,5545 Win64 Development -editorrecompile -canskiplink "E:/Projects/FPS/FPS/FPS.uproject" ]
[2018.07.02-16.14.25:878][350]CompilerResultsLog: New page: Compilation - Jul 2, 2018, 8:14:25 PM
[2018.07.02-16.14.25:879][350]CompilerResultsLog: Using 'git status' to determine working set for adaptive non-unity build.
[2018.07.02-16.14.25:879][350]CompilerResultsLog: Creating makefile for hot reloading FPS (no existing makefile)
[2018.07.02-16.14.25:879][350]CompilerResultsLog: Compiling game modules for hot reload
[2018.07.02-16.14.25:879][350]CompilerResultsLog: Parsing headers for FPSEditor
[2018.07.02-16.14.25:879][350]CompilerResultsLog:   Running UnrealHeaderTool "E:\Projects\FPS\FPS\FPS.uproject" "E:\Projects\FPS\FPS\Intermediate\Build\Win64\FPSEditor\Development\FPSEditor.uhtmanifest" -LogCmds="loginit warning, logexit warning, logdatabase error" -Unattended -WarningsAsErrors -installed
[2018.07.02-16.14.25:879][350]CompilerResultsLog: Reflection code generated for FPSEditor in 9.8259069 seconds
[2018.07.02-16.14.25:879][350]CompilerResultsLog: Performing 5 actions (4 in parallel)
[2018.07.02-16.14.25:879][350]CompilerResultsLog: Task.cpp
[2018.07.02-16.14.25:879][350]CompilerResultsLog: Task.gen.cpp
[2018.07.02-16.14.25:880][350]CompilerResultsLog: FPS.init.gen.cpp
[2018.07.02-16.14.25:880][350]CompilerResultsLog: [4/5] Link UE4Editor-FPS-5545.dll
[2018.07.02-16.14.25:880][350]CompilerResultsLog: [5/5] Link UE4Editor-FPS-5545.lib
[2018.07.02-16.14.25:880][350]CompilerResultsLog:    Creating library E:\Projects\FPS\FPS\Intermediate\Build\Win64\UE4Editor\Development\UE4Editor-FPS-5545.lib and object E:\Projects\FPS\FPS\Intermediate\Build\Win64\UE4Editor\Development\UE4Editor-FPS-5545.exp
[2018.07.02-16.14.25:880][350]CompilerResultsLog:    Creating library E:\Projects\FPS\FPS\Intermediate\Build\Win64\UE4Editor\Development\UE4Editor-FPS-5545.suppressed.lib and object E:\Projects\FPS\FPS\Intermediate\Build\Win64\UE4Editor\Development\UE4Editor-FPS-5545.suppressed.exp
[2018.07.02-16.14.25:880][350]CompilerResultsLog: Total build time: 81.59 seconds (Local executor: 67.62 seconds)
[2018.07.02-16.14.25:880][350]LogMainFrame: MainFrame: Module compiling took 81.762 seconds
[2018.07.02-16.14.25:961][350]LogClass: Could not find existing class Task in package /Script/FPS for HotReload, assuming new class
[2018.07.02-16.14.25:966][350]LogClass: Collum HotReload.
[2018.07.02-16.14.25:966][350]LogClass: SlotImage HotReload.
[2018.07.02-16.14.25:972][350]LogHotReload: Re-instancing CoverPoint after hot-reload.
[2018.07.02-16.14.27:400][350]LogContentBrowser: Native class hierarchy updated for 'FPS' in 0.0016 seconds. Added 30 classes and 8 folders.
[2018.07.02-16.14.27:403][350]Display: HotReload successful (20 functions remapped  2 scriptstructs remapped)
[2018.07.02-16.14.27:515][350]LogContentBrowser: Native class hierarchy populated in 0.0095 seconds. Added 2483 classes and 568 folders.
[2018.07.02-16.14.27:515][350]Display: HotReload took 83.5s.
[2018.07.02-16.14.27:516][350]Warning: HotReload operation took 83.5s.
[2018.07.02-16.14.27:721][350]LogSlate: Window 'Add C++ Class' being destroyed
[2018.07.02-16.14.27:730][350]LogHotReload: New module detected: UE4Editor-FPS-5545.dll
[2018.07.02-16.14.27:762][351]LogHotReload: Starting Hot-Reload from IDE
[2018.07.02-16.14.27:813][351]LogContentBrowser: Native class hierarchy updated for 'FPS' in 0.0014 seconds. Added 30 classes and 8 folders.
[2018.07.02-16.14.27:816][351]Display: HotReload successful (0 functions remapped  2 scriptstructs remapped)
[2018.07.02-16.14.27:844][351]LogContentBrowser: Native class hierarchy populated in 0.0108 seconds. Added 2483 classes and 568 folders.
[2018.07.02-16.14.27:850][351]Display: HotReload took  0.1s.
[2018.07.02-16.17.27:524][ 75]LogRenderer: Reallocating scene render targets to support 1208x576 Format 10 NumSamples 1 (Frame:1936).
[2018.07.02-16.36.03:273][521]Candidate modules for hot reload:
[2018.07.02-16.36.03:273][521]  FPS
[2018.07.02-16.36.03:273][521]Launching UnrealBuildTool... [E:/Game Engines/Epic Games/4.19/UE_4.19/Engine/Binaries/DotNET/UnrealBuildTool.exe FPS -ModuleWithSuffix=FPS,7170 Win64 Development -editorrecompile -canskiplink "E:/Projects/FPS/FPS/FPS.uproject" ]
[2018.07.02-16.36.03:373][521]Warning: Starting HotReload took  0.1s.
[2018.07.02-16.37.36:560][ 20]CompilerResultsLog: New page: Compilation - Jul 2, 2018, 8:37:36 PM
[2018.07.02-16.37.36:561][ 20]CompilerResultsLog: Using 'git status' to determine working set for adaptive non-unity build.
[2018.07.02-16.37.36:561][ 20]CompilerResultsLog: Compiling game modules for hot reload
[2018.07.02-16.37.36:561][ 20]CompilerResultsLog: Parsing headers for FPSEditor
[2018.07.02-16.37.36:561][ 20]CompilerResultsLog:   Running UnrealHeaderTool "E:\Projects\FPS\FPS\FPS.uproject" "E:\Projects\FPS\FPS\Intermediate\Build\Win64\FPSEditor\Development\FPSEditor.uhtmanifest" -LogCmds="loginit warning, logexit warning, logdatabase error" -Unattended -WarningsAsErrors -installed
[2018.07.02-16.37.36:561][ 20]CompilerResultsLog: Reflection code generated for FPSEditor in 25.0189187 seconds
[2018.07.02-16.37.36:561][ 20]CompilerResultsLog: Performing 4 actions (4 in parallel)
[2018.07.02-16.37.36:561][ 20]CompilerResultsLog: Task.cpp
[2018.07.02-16.37.36:561][ 20]CompilerResultsLog: Task.gen.cpp
[2018.07.02-16.37.36:561][ 20]CompilerResultsLog: [3/4] Link UE4Editor-FPS-7170.dll
[2018.07.02-16.37.36:561][ 20]CompilerResultsLog: [4/4] Link UE4Editor-FPS-7170.lib
[2018.07.02-16.37.36:561][ 20]CompilerResultsLog:    Creating library E:\Projects\FPS\FPS\Intermediate\Build\Win64\UE4Editor\Development\UE4Editor-FPS-7170.lib and object E:\Projects\FPS\FPS\Intermediate\Build\Win64\UE4Editor\Development\UE4Editor-FPS-7170.exp
[2018.07.02-16.37.36:562][ 20]CompilerResultsLog:    Creating library E:\Projects\FPS\FPS\Intermediate\Build\Win64\UE4Editor\Development\UE4Editor-FPS-7170.suppressed.lib and object E:\Projects\FPS\FPS\Intermediate\Build\Win64\UE4Editor\Development\UE4Editor-FPS-7170.suppressed.exp
[2018.07.02-16.37.36:562][ 20]CompilerResultsLog: Total build time: 92.85 seconds (Local executor: 65.00 seconds)
[2018.07.02-16.37.36:562][ 20]LogMainFrame: MainFrame: Module compiling took 93.294 seconds
[2018.07.02-16.37.36:624][ 20]LogClass: Collum HotReload.
[2018.07.02-16.37.36:624][ 20]LogClass: SlotImage HotReload.
[2018.07.02-16.37.36:630][ 20]LogHotReload: Re-instancing CoverPoint after hot-reload.
[2018.07.02-16.37.37:957][ 20]LogContentBrowser: Native class hierarchy updated for 'FPS' in 0.0010 seconds. Added 30 classes and 8 folders.
[2018.07.02-16.37.37:960][ 20]Display: HotReload successful (20 functions remapped  2 scriptstructs remapped)
[2018.07.02-16.37.37:999][ 20]LogContentBrowser: Native class hierarchy populated in 0.0098 seconds. Added 2483 classes and 568 folders.
[2018.07.02-16.37.37:999][ 20]Display: HotReload took 94.8s.
