Log file open, 06/08/18 10:36:13
LogWindows: Failed to load 'aqProf.dll' (GetLastError=126)
LogWindows: File 'aqProf.dll' does not exist
LogWindows: Failed to load 'VtuneApi.dll' (GetLastError=126)
LogWindows: File 'VtuneApi.dll' does not exist
LogWindows: Failed to load 'VtuneApi32e.dll' (GetLastError=126)
LogWindows: File 'VtuneApi32e.dll' does not exist
LogInit: Display: Running engine for game: FPS
LogPlatformFile: Not using cached read wrapper
LogInit: Display: RandInit(-1291070580) SRandInit(-1291070580).
LogInit: Read version file with build ID '3944462'
LogInit: Overriding engine version to CL 4033788, compatible CL 3944462
LogInit: Registered custom module enumerator with build ID '3944462'
LogTaskGraph: Started task graph with 5 named threads and 23 total threads with 3 sets of task threads.
LogStats: Stats thread started at 0.407074
LogD3D11RHI: Aftermath initialized
LogICUInternationalization: Display: ICU TimeZone Detection - Raw Offset: +1:00, Platform Override: ''
LogPluginManager: Mounting plugin Paper2D
LogPluginManager: Mounting plugin LiveLink
LogPluginManager: Mounting plugin LightPropagationVolume
LogPluginManager: Mounting plugin CLionSourceCodeAccess
LogPluginManager: Mounting plugin CodeLiteSourceCodeAccess
LogPluginManager: Mounting plugin GitSourceControl
LogPluginManager: Mounting plugin KDevelopSourceCodeAccess
LogPluginManager: Mounting plugin NullSourceCodeAccess
LogPluginManager: Mounting plugin PerforceSourceControl
LogPluginManager: Mounting plugin SubversionSourceControl
LogPluginManager: Mounting plugin UObjectPlugin
LogPluginManager: Mounting plugin VisualStudioCodeSourceCodeAccess
LogPluginManager: Mounting plugin VisualStudioSourceCodeAccess
LogPluginManager: Mounting plugin XCodeSourceCodeAccess
LogPluginManager: Mounting plugin AssetManagerEditor
LogPluginManager: Mounting plugin CryptoKeys
LogPluginManager: Mounting plugin DataValidation
LogPluginManager: Mounting plugin FacialAnimation
LogPluginManager: Mounting plugin GameplayTagsEditor
LogPluginManager: Mounting plugin MobileLauncherProfileWizard
LogPluginManager: Mounting plugin PluginBrowser
LogPluginManager: Mounting plugin SpeedTreeImporter
LogPluginManager: Mounting plugin DatasmithContent
LogPluginManager: Mounting plugin AlembicImporter
LogPluginManager: Mounting plugin CharacterAI
LogPluginManager: Mounting plugin HTML5Networking
LogPluginManager: Mounting plugin AndroidMedia
LogPluginManager: Mounting plugin AvfMedia
LogPluginManager: Mounting plugin ImgMedia
LogPluginManager: Mounting plugin LinearTimecode
LogPluginManager: Mounting plugin MediaCompositing
LogPluginManager: Mounting plugin MediaPlayerEditor
LogPluginManager: Mounting plugin WmfMedia
LogPluginManager: Mounting plugin TcpMessaging
LogPluginManager: Mounting plugin UdpMessaging
LogPluginManager: Mounting plugin ActorSequence
LogPluginManager: Mounting plugin LevelSequenceEditor
LogPluginManager: Mounting plugin MatineeToLevelSequence
LogPluginManager: Mounting plugin NetcodeUnitTest
LogPluginManager: Mounting plugin NUTUnrealEngine4
LogPluginManager: Mounting plugin OnlineSubsystemGooglePlay
LogPluginManager: Mounting plugin OnlineSubsystemIOS
LogPluginManager: Mounting plugin OnlineSubsystem
LogPluginManager: Mounting plugin OnlineSubsystemNull
LogPluginManager: Mounting plugin OnlineSubsystemUtils
LogPluginManager: Mounting plugin AndroidDeviceProfileSelector
LogPluginManager: Mounting plugin AndroidMoviePlayer
LogPluginManager: Mounting plugin AndroidPermission
LogPluginManager: Mounting plugin AppleARKit
LogPluginManager: Mounting plugin AppleMoviePlayer
LogPluginManager: Mounting plugin ArchVisCharacter
LogPluginManager: Mounting plugin AudioCapture
LogPluginManager: Mounting plugin CableComponent
LogPluginManager: Mounting plugin CustomMeshComponent
LogPluginManager: Mounting plugin ExampleDeviceProfileSelector
LogPluginManager: Mounting plugin GoogleCloudMessaging
LogPluginManager: Mounting plugin ImmediatePhysics
LogPluginManager: Mounting plugin IOSDeviceProfileSelector
LogPluginManager: Mounting plugin LinuxDeviceProfileSelector
LogPluginManager: Mounting plugin LocationServicesBPLibrary
LogPluginManager: Mounting plugin MobilePatchingUtils
LogPluginManager: Mounting plugin OculusVR
LogPluginManager: Plugin shader directory ../../../Engine/Plugins/Runtime/Oculus/OculusVR/Shaders found
LogPluginManager: Mapping shader source directory ../../../Engine/Plugins/Runtime/Oculus/OculusVR/Shaders to virtual directory /Plugin/OculusVR
LogPluginManager: Mounting plugin PhysXVehicles
LogPluginManager: Mounting plugin ProceduralMeshComponent
LogPluginManager: Mounting plugin RuntimePhysXCooking
LogPluginManager: Mounting plugin SteamVR
LogPluginManager: Mounting plugin WindowsMoviePlayer
LogPluginManager: Mounting plugin CoverPointGenerator
LogStreaming: Display: Took  0.109s to configure plugins.
LogModuleManager: Display: Found up-to-date module file ../../../../../SpareTime/Unreal/FPS/FPS/Binaries/Win64/UE4Editor-FPS.dll (API version 3944462).
LogModuleManager: Display: Found up-to-date module file ../../../Engine/Plugins/2D/Paper2D/Binaries/Win64/UE4Editor-Paper2D.dll (API version 3944462).
LogModuleManager: Display: Found up-to-date module file ../../../Engine/Plugins/2D/Paper2D/Binaries/Win64/UE4Editor-Paper2DEditor.dll (API version 3944462).
LogModuleManager: Display: Found up-to-date module file ../../../Engine/Plugins/2D/Paper2D/Binaries/Win64/UE4Editor-PaperSpriteSheetImporter.dll (API version 3944462).
LogModuleManager: Display: Found up-to-date module file ../../../Engine/Plugins/2D/Paper2D/Binaries/Win64/UE4Editor-PaperTiledImporter.dll (API version 3944462).
LogModuleManager: Display: Found up-to-date module file ../../../Engine/Plugins/2D/Paper2D/Binaries/Win64/UE4Editor-SmartSnapping.dll (API version 3944462).
LogModuleManager: Display: Found up-to-date module file ../../../Engine/Plugins/Animation/LiveLink/Binaries/Win64/UE4Editor-LiveLink.dll (API version 3944462).
LogModuleManager: Display: Found up-to-date module file ../../../Engine/Plugins/Animation/LiveLink/Binaries/Win64/UE4Editor-LiveLinkEditor.dll (API version 3944462).
LogModuleManager: Display: Found up-to-date module file ../../../Engine/Plugins/Blendables/LightPropagationVolume/Binaries/Win64/UE4Editor-LightPropagationVolumeRuntime.dll (API version 3944462).
LogModuleManager: Display: Found up-to-date module file ../../../Engine/Plugins/Blendables/LightPropagationVolume/Binaries/Win64/UE4Editor-LightPropagationVolumeEditor.dll (API version 3944462).
LogModuleManager: Display: Found up-to-date module file ../../../Engine/Plugins/Developer/CLionSourceCodeAccess/Binaries/Win64/UE4Editor-CLionSourceCodeAccess.dll (API version 3944462).
LogModuleManager: Display: Found up-to-date module file ../../../Engine/Plugins/Developer/GitSourceControl/Binaries/Win64/UE4Editor-GitSourceControl.dll (API version 3944462).
LogModuleManager: Display: Found up-to-date module file ../../../Engine/Plugins/Developer/PerforceSourceControl/Binaries/Win64/UE4Editor-PerforceSourceControl.dll (API version 3944462).
LogModuleManager: Display: Found up-to-date module file ../../../Engine/Plugins/Developer/SubversionSourceControl/Binaries/Win64/UE4Editor-SubversionSourceControl.dll (API version 3944462).
LogModuleManager: Display: Found up-to-date module file ../../../Engine/Plugins/Developer/UObjectPlugin/Binaries/Win64/UE4Editor-UObjectPlugin.dll (API version 3944462).
LogModuleManager: Display: Found up-to-date module file ../../../Engine/Plugins/Developer/VisualStudioCodeSourceCodeAccess/Binaries/Win64/UE4Editor-VisualStudioCodeSourceCodeAccess.dll (API version 3944462).
LogModuleManager: Display: Found up-to-date module file ../../../Engine/Plugins/Developer/VisualStudioSourceCodeAccess/Binaries/Win64/UE4Editor-VisualStudioSourceCodeAccess.dll (API version 3944462).
LogModuleManager: Display: Found up-to-date module file ../../../Engine/Plugins/Editor/AssetManagerEditor/Binaries/Win64/UE4Editor-AssetManagerEditor.dll (API version 3944462).
LogModuleManager: Display: Found up-to-date module file ../../../Engine/Plugins/Editor/CryptoKeys/Binaries/Win64/UE4Editor-CryptoKeys.dll (API version 3944462).
LogModuleManager: Display: Found up-to-date module file ../../../Engine/Plugins/Editor/CryptoKeys/Binaries/Win64/UE4Editor-CryptoKeysOpenSSL.dll (API version 3944462).
LogModuleManager: Display: Found up-to-date module file ../../../Engine/Plugins/Editor/DataValidation/Binaries/Win64/UE4Editor-DataValidation.dll (API version 3944462).
LogModuleManager: Display: Found up-to-date module file ../../../Engine/Plugins/Editor/FacialAnimation/Binaries/Win64/UE4Editor-FacialAnimation.dll (API version 3944462).
LogModuleManager: Display: Found up-to-date module file ../../../Engine/Plugins/Editor/FacialAnimation/Binaries/Win64/UE4Editor-FacialAnimationEditor.dll (API version 3944462).
LogModuleManager: Display: Found up-to-date module file ../../../Engine/Plugins/Editor/GameplayTagsEditor/Binaries/Win64/UE4Editor-GameplayTagsEditor.dll (API version 3944462).
LogModuleManager: Display: Found up-to-date module file ../../../Engine/Plugins/Editor/MobileLauncherProfileWizard/Binaries/Win64/UE4Editor-MobileLauncherProfileWizard.dll (API version 3944462).
LogModuleManager: Display: Found up-to-date module file ../../../Engine/Plugins/Editor/PluginBrowser/Binaries/Win64/UE4Editor-PluginBrowser.dll (API version 3944462).
LogModuleManager: Display: Found up-to-date module file ../../../Engine/Plugins/Editor/SpeedTreeImporter/Binaries/Win64/UE4Editor-SpeedTreeImporter.dll (API version 3944462).
LogModuleManager: Display: Found up-to-date module file ../../../Engine/Plugins/Enterprise/DatasmithContent/Binaries/Win64/UE4Editor-DatasmithContent.dll (API version 3944462).
LogModuleManager: Display: Found up-to-date module file ../../../Engine/Plugins/Experimental/AlembicImporter/Binaries/Win64/UE4Editor-AlembicImporter.dll (API version 3944462).
LogModuleManager: Display: Found up-to-date module file ../../../Engine/Plugins/Experimental/AlembicImporter/Binaries/Win64/UE4Editor-AlembicLibrary.dll (API version 3944462).
LogModuleManager: Display: Found up-to-date module file ../../../Engine/Plugins/Experimental/CharacterAI/Binaries/Win64/UE4Editor-CharacterAI.dll (API version 3944462).
LogModuleManager: Display: Found up-to-date module file ../../../Engine/Plugins/Experimental/HTML5Networking/Binaries/Win64/UE4Editor-HTML5Networking.dll (API version 3944462).
LogModuleManager: Display: Found up-to-date module file ../../../Engine/Plugins/Media/AndroidMedia/Binaries/Win64/UE4Editor-AndroidMediaEditor.dll (API version 3944462).
LogModuleManager: Display: Found up-to-date module file ../../../Engine/Plugins/Media/AndroidMedia/Binaries/Win64/UE4Editor-AndroidMediaFactory.dll (API version 3944462).
LogModuleManager: Display: Found up-to-date module file ../../../Engine/Plugins/Media/AvfMedia/Binaries/Win64/UE4Editor-AvfMediaEditor.dll (API version 3944462).
LogModuleManager: Display: Found up-to-date module file ../../../Engine/Plugins/Media/AvfMedia/Binaries/Win64/UE4Editor-AvfMediaFactory.dll (API version 3944462).
LogModuleManager: Display: Found up-to-date module file ../../../Engine/Plugins/Media/AvfMedia/Binaries/Win64/UE4Editor-AvfMediaFactory.dll (API version 3944462).
LogModuleManager: Display: Found up-to-date module file ../../../Engine/Plugins/Media/ImgMedia/Binaries/Win64/UE4Editor-ImgMedia.dll (API version 3944462).
LogModuleManager: Display: Found up-to-date module file ../../../Engine/Plugins/Media/ImgMedia/Binaries/Win64/UE4Editor-ImgMediaEditor.dll (API version 3944462).
LogModuleManager: Display: Found up-to-date module file ../../../Engine/Plugins/Media/ImgMedia/Binaries/Win64/UE4Editor-ImgMediaFactory.dll (API version 3944462).
LogModuleManager: Display: Found up-to-date module file ../../../Engine/Plugins/Media/ImgMedia/Binaries/Win64/UE4Editor-ImgMediaFactory.dll (API version 3944462).
LogModuleManager: Display: Found up-to-date module file ../../../Engine/Plugins/Media/ImgMedia/Binaries/Win64/UE4Editor-OpenExrWrapper.dll (API version 3944462).
LogModuleManager: Display: Found up-to-date module file ../../../Engine/Plugins/Media/LinearTimecode/Binaries/Win64/UE4Editor-LinearTimecode.dll (API version 3944462).
LogModuleManager: Display: Found up-to-date module file ../../../Engine/Plugins/Media/MediaCompositing/Binaries/Win64/UE4Editor-MediaCompositing.dll (API version 3944462).
LogModuleManager: Display: Found up-to-date module file ../../../Engine/Plugins/Media/MediaCompositing/Binaries/Win64/UE4Editor-MediaCompositingEditor.dll (API version 3944462).
LogModuleManager: Display: Found up-to-date module file ../../../Engine/Plugins/Media/MediaPlayerEditor/Binaries/Win64/UE4Editor-MediaPlayerEditor.dll (API version 3944462).
LogModuleManager: Display: Found up-to-date module file ../../../Engine/Plugins/Media/WmfMedia/Binaries/Win64/UE4Editor-WmfMedia.dll (API version 3944462).
LogModuleManager: Display: Found up-to-date module file ../../../Engine/Plugins/Media/WmfMedia/Binaries/Win64/UE4Editor-WmfMediaEditor.dll (API version 3944462).
LogModuleManager: Display: Found up-to-date module file ../../../Engine/Plugins/Media/WmfMedia/Binaries/Win64/UE4Editor-WmfMediaFactory.dll (API version 3944462).
LogModuleManager: Display: Found up-to-date module file ../../../Engine/Plugins/Media/WmfMedia/Binaries/Win64/UE4Editor-WmfMediaFactory.dll (API version 3944462).
LogModuleManager: Display: Found up-to-date module file ../../../Engine/Plugins/Messaging/TcpMessaging/Binaries/Win64/UE4Editor-TcpMessaging.dll (API version 3944462).
LogModuleManager: Display: Found up-to-date module file ../../../Engine/Plugins/Messaging/UdpMessaging/Binaries/Win64/UE4Editor-UdpMessaging.dll (API version 3944462).
LogModuleManager: Display: Found up-to-date module file ../../../Engine/Plugins/MovieScene/ActorSequence/Binaries/Win64/UE4Editor-ActorSequence.dll (API version 3944462).
LogModuleManager: Display: Found up-to-date module file ../../../Engine/Plugins/MovieScene/LevelSequenceEditor/Binaries/Win64/UE4Editor-LevelSequenceEditor.dll (API version 3944462).
LogModuleManager: Display: Found up-to-date module file ../../../Engine/Plugins/MovieScene/MatineeToLevelSequence/Binaries/Win64/UE4Editor-MatineeToLevelSequence.dll (API version 3944462).
LogModuleManager: Display: Found up-to-date module file ../../../Engine/Plugins/NetcodeUnitTest/NetcodeUnitTest/Binaries/Win64/UE4Editor-NetcodeUnitTest.dll (API version 3944462).
LogModuleManager: Display: Found up-to-date module file ../../../Engine/Plugins/NetcodeUnitTest/NUTUnrealEngine4/Binaries/Win64/UE4Editor-NUTUnrealEngine4.dll (API version 3944462).
LogModuleManager: Display: Found up-to-date module file ../../../Engine/Plugins/Online/OnlineSubsystem/Binaries/Win64/UE4Editor-OnlineSubsystem.dll (API version 3944462).
LogModuleManager: Display: Found up-to-date module file ../../../Engine/Plugins/Online/OnlineSubsystemNull/Binaries/Win64/UE4Editor-OnlineSubsystemNull.dll (API version 3944462).
LogModuleManager: Display: Found up-to-date module file ../../../Engine/Plugins/Online/OnlineSubsystemUtils/Binaries/Win64/UE4Editor-OnlineSubsystemUtils.dll (API version 3944462).
LogModuleManager: Display: Found up-to-date module file ../../../Engine/Plugins/Online/OnlineSubsystemUtils/Binaries/Win64/UE4Editor-OnlineBlueprintSupport.dll (API version 3944462).
LogModuleManager: Display: Found up-to-date module file ../../../Engine/Plugins/Runtime/AndroidDeviceProfileSelector/Binaries/Win64/UE4Editor-AndroidDeviceProfileSelector.dll (API version 3944462).
LogModuleManager: Display: Found up-to-date module file ../../../Engine/Plugins/Runtime/AndroidPermission/Binaries/Win64/UE4Editor-AndroidPermission.dll (API version 3944462).
LogModuleManager: Display: Found up-to-date module file ../../../Engine/Plugins/Runtime/AppleARKit/Binaries/Win64/UE4Editor-AppleARKit.dll (API version 3944462).
LogModuleManager: Display: Found up-to-date module file ../../../Engine/Plugins/Runtime/ArchVisCharacter/Binaries/Win64/UE4Editor-ArchVisCharacter.dll (API version 3944462).
LogModuleManager: Display: Found up-to-date module file ../../../Engine/Plugins/Runtime/AudioCapture/Binaries/Win64/UE4Editor-AudioCapture.dll (API version 3944462).
LogModuleManager: Display: Found up-to-date module file ../../../Engine/Plugins/Runtime/AudioCapture/Binaries/Win64/UE4Editor-AudioCaptureEditor.dll (API version 3944462).
LogModuleManager: Display: Found up-to-date module file ../../../Engine/Plugins/Runtime/CableComponent/Binaries/Win64/UE4Editor-CableComponent.dll (API version 3944462).
LogModuleManager: Display: Found up-to-date module file ../../../Engine/Plugins/Runtime/CustomMeshComponent/Binaries/Win64/UE4Editor-CustomMeshComponent.dll (API version 3944462).
LogModuleManager: Display: Found up-to-date module file ../../../Engine/Plugins/Runtime/ExampleDeviceProfileSelector/Binaries/Win64/UE4Editor-ExampleDeviceProfileSelector.dll (API version 3944462).
LogModuleManager: Display: Found up-to-date module file ../../../Engine/Plugins/Runtime/ImmediatePhysics/Binaries/Win64/UE4Editor-ImmediatePhysics.dll (API version 3944462).
LogModuleManager: Display: Found up-to-date module file ../../../Engine/Plugins/Runtime/ImmediatePhysics/Binaries/Win64/UE4Editor-ImmediatePhysicsEditor.dll (API version 3944462).
LogModuleManager: Display: Found up-to-date module file ../../../Engine/Plugins/Runtime/LocationServicesBPLibrary/Binaries/Win64/UE4Editor-LocationServicesBPLibrary.dll (API version 3944462).
LogModuleManager: Display: Found up-to-date module file ../../../Engine/Plugins/Runtime/MobilePatchingUtils/Binaries/Win64/UE4Editor-MobilePatchingUtils.dll (API version 3944462).
LogModuleManager: Display: Found up-to-date module file ../../../Engine/Plugins/Runtime/Oculus/OculusVR/Binaries/Win64/UE4Editor-OculusHMD.dll (API version 3944462).
LogModuleManager: Display: Found up-to-date module file ../../../Engine/Plugins/Runtime/Oculus/OculusVR/Binaries/Win64/UE4Editor-OculusInput.dll (API version 3944462).
LogModuleManager: Display: Found up-to-date module file ../../../Engine/Plugins/Runtime/Oculus/OculusVR/Binaries/Win64/UE4Editor-OculusEditor.dll (API version 3944462).
LogModuleManager: Display: Found up-to-date module file ../../../Engine/Plugins/Runtime/PhysXVehicles/Binaries/Win64/UE4Editor-PhysXVehicles.dll (API version 3944462).
LogModuleManager: Display: Found up-to-date module file ../../../Engine/Plugins/Runtime/PhysXVehicles/Binaries/Win64/UE4Editor-PhysXVehiclesEditor.dll (API version 3944462).
LogModuleManager: Display: Found up-to-date module file ../../../Engine/Plugins/Runtime/ProceduralMeshComponent/Binaries/Win64/UE4Editor-ProceduralMeshComponent.dll (API version 3944462).
LogModuleManager: Display: Found up-to-date module file ../../../Engine/Plugins/Runtime/ProceduralMeshComponent/Binaries/Win64/UE4Editor-ProceduralMeshComponentEditor.dll (API version 3944462).
LogModuleManager: Display: Found up-to-date module file ../../../Engine/Plugins/Runtime/RuntimePhysXCooking/Binaries/Win64/UE4Editor-RuntimePhysXCooking.dll (API version 3944462).
LogModuleManager: Display: Found up-to-date module file ../../../Engine/Plugins/Runtime/Steam/SteamVR/Binaries/Win64/UE4Editor-SteamVR.dll (API version 3944462).
LogModuleManager: Display: Found up-to-date module file ../../../Engine/Plugins/Runtime/Steam/SteamVR/Binaries/Win64/UE4Editor-SteamVRController.dll (API version 3944462).
LogModuleManager: Display: Found up-to-date module file ../../../Engine/Plugins/Runtime/WindowsMoviePlayer/Binaries/Win64/UE4Editor-WindowsMoviePlayer.dll (API version 3944462).
LogModuleManager: Display: Found up-to-date module file ../../../../../SpareTime/Unreal/FPS/FPS/Plugins/CoverPointGenerator/Binaries/Win64/UE4Editor-CoverPointGenerator.dll (API version 3944462).
LogInit: Using libcurl 7.47.1
LogInit:  - built for x86_64-pc-win32
LogInit:  - supports SSL with OpenSSL/1.0.2g
LogInit:  - supports HTTP deflate (compression) using libz 1.2.8
LogInit:  - other features:
LogInit:      CURL_VERSION_SSL
LogInit:      CURL_VERSION_LIBZ
LogInit:      CURL_VERSION_IPV6
LogInit:      CURL_VERSION_ASYNCHDNS
LogInit:      CURL_VERSION_LARGEFILE
LogInit:      CURL_VERSION_IDN
LogInit:  CurlRequestOptions (configurable via config and command line):
LogInit:  - bVerifyPeer = false  - Libcurl will NOT verify peer certificate
LogInit:  - bUseHttpProxy = false  - Libcurl will NOT use HTTP proxy
LogInit:  - bDontReuseConnections = false  - Libcurl will reuse connections
LogInit:  - CertBundlePath = nullptr  - Libcurl will use whatever was configured at build time.
LogInit:  - MaxHostConnections = 16  - Libcurl will limit the number of connections to a host
LogInit:  - LocalHostAddr = Default
LogInit: WinSock: version 1.1 (2.2), MaxSocks=32767, MaxUdp=65467
LogInit: WinSock: I am Tom-Laptop (10.52.88.121:0)
LogInit: Build: ++UE4+Release-4.19-CL-4033788
LogInit: Engine Version: 4.19.2-4033788+++UE4+Release-4.19
LogInit: Compatible Engine Version: 4.19.0-3944462+++UE4+Release-4.19
LogInit: Net CL: 3944462
LogDevObjectVersion: Number of dev versions registered: 18
LogDevObjectVersion:   Dev-Blueprints (B0D832E4-1F89-4F0D-ACCF-7EB736FD4AA2): 10
LogDevObjectVersion:   Dev-Build (E1C64328-A22C-4D53-A36C-8E866417BD8C): 0
LogDevObjectVersion:   Dev-Core (375EC13C-06E4-48FB-B500-84F0262A717E): 2
LogDevObjectVersion:   Dev-Editor (E4B068ED-F494-42E9-A231-DA0B2E46BB41): 23
LogDevObjectVersion:   Dev-Framework (CFFC743F-43B0-4480-9391-14DF171D2073): 33
LogDevObjectVersion:   Dev-Mobile (B02B49B5-BB20-44E9-A304-32B752E40360): 2
LogDevObjectVersion:   Dev-Networking (A4E4105C-59A1-49B5-A7C5-40C4547EDFEE): 0
LogDevObjectVersion:   Dev-Online (39C831C9-5AE6-47DC-9A44-9C173E1C8E7C): 0
LogDevObjectVersion:   Dev-Physics (78F01B33-EBEA-4F98-B9B4-84EACCB95AA2): 0
LogDevObjectVersion:   Dev-Platform (6631380F-2D4D-43E0-8009-CF276956A95A): 0
LogDevObjectVersion:   Dev-Rendering (12F88B9F-8875-4AFC-A67C-D90C383ABD29): 25
LogDevObjectVersion:   Dev-Sequencer (7B5AE74C-D270-4C10-A958-57980B212A5A): 6
LogDevObjectVersion:   Dev-VR (D7296918-1DD6-4BDD-9DE2-64A83CC13884): 1
LogDevObjectVersion:   Dev-LoadTimes (C2A15278-BFE7-4AFE-6C17-90FF531DF755): 1
LogDevObjectVersion:   Private-Geometry (6EACA3D4-40EC-4CC1-B786-8BED09428FC5): 2
LogDevObjectVersion:   Dev-AnimPhys (29E575DD-E0A3-4627-9D10-D276232CDCEA): 16
LogDevObjectVersion:   Dev-ReflectionCapture (6B266CEC-1EC7-4B8F-A30B-E4D90942FC07): 1
LogDevObjectVersion:   Dev-Automation (0DF73D61-A23F-47EA-B727-89E90C41499A): 1
LogInit: Compiled (64-bit): Apr 27 2018 02:06:57
LogInit: Compiled with Visual C++: 19.00.24215.01
LogInit: Build Configuration: Development
LogInit: Branch Name: ++UE4+Release-4.19
LogInit: Command Line:  -skipcompile
LogInit: Base Directory: D:/Epic Games/UE_4.19/Engine/Binaries/Win64/
LogInit: Installed Engine Build: 1
LogStreaming: Display: Took  0.002s to delete old logs.
LogInit: Presizing for max 8388607 objects, including 0 objects not considered by GC, pre-allocating 0 bytes for permanent pool.
LogInit: Object subsystem initialized
[2018.06.08-08.36.15:256][  0]LogInit: Selected Device Profile: [Windows]
[2018.06.08-08.36.15:257][  0]LogInit: Applying CVar settings loaded from the selected device profile: [Windows]
[2018.06.08-08.36.15:269][  0]LogInit: Computer: TOM-LAPTOP
[2018.06.08-08.36.15:269][  0]LogInit: User: tomco
[2018.06.08-08.36.15:269][  0]LogInit: CPU Page size=4096, Cores=4
[2018.06.08-08.36.15:269][  0]LogInit: High frequency timer resolution =2.531251 MHz
[2018.06.08-08.36.15:270][  0]LogMemory: Memory total: Physical=7.9GB (8GB approx)
[2018.06.08-08.36.15:270][  0]LogMemory: Platform Memory Stats for Windows
[2018.06.08-08.36.15:270][  0]LogMemory: Process Physical Memory: 275.36 MB used, 275.36 MB peak
[2018.06.08-08.36.15:270][  0]LogMemory: Process Virtual Memory: 264.88 MB used, 264.88 MB peak
[2018.06.08-08.36.15:270][  0]LogMemory: Physical Memory: 5567.71 MB used,  2522.81 MB free, 8090.52 MB total
[2018.06.08-08.36.15:270][  0]LogMemory: Virtual Memory: 4794.24 MB used,  2522.81 MB free, 134217728.00 MB total
[2018.06.08-08.36.15:334][  0]LogInit: Using OS detected language (en-US).
[2018.06.08-08.36.15:335][  0]LogInit: Using OS detected locale (en-US).
[2018.06.08-08.36.15:338][  0]LogTextLocalizationManager: No specific localization for 'en-US' exists, so the 'en' localization will be used.
[2018.06.08-08.36.15:822][  0]LogStreaming: Display: Took  0.487s to EndInitTextLocalization.
[2018.06.08-08.36.15:822][  0]LogInit: Setting process to per monitor DPI aware
[2018.06.08-08.36.15:872][  0]LogSlate: New Slate User Created.  User Index 0, Is Virtual User: 0
[2018.06.08-08.36.15:872][  0]LogSlate: Slate User Registered.  User Index 0, Is Virtual User: 0
[2018.06.08-08.36.16:129][  0]LogD3D11RHI: D3D11 adapters:
[2018.06.08-08.36.16:199][  0]LogD3D11RHI:    0. 'NVIDIA GeForce GTX 960M' (Feature Level 11_0)
[2018.06.08-08.36.16:199][  0]LogD3D11RHI:       2019/0/4045 MB DedicatedVideo/DedicatedSystem/SharedSystem, Outputs:1, VendorId:0x10de
[2018.06.08-08.36.16:217][  0]LogD3D11RHI:    1. 'Intel(R) HD Graphics 530' (Feature Level 11_0)
[2018.06.08-08.36.16:217][  0]LogD3D11RHI:       128/0/4045 MB DedicatedVideo/DedicatedSystem/SharedSystem, Outputs:0, VendorId:0x8086
[2018.06.08-08.36.16:223][  0]LogD3D11RHI:    2. 'Microsoft Basic Render Driver' (Feature Level 11_0)
[2018.06.08-08.36.16:223][  0]LogD3D11RHI:       0/0/4045 MB DedicatedVideo/DedicatedSystem/SharedSystem, Outputs:0, VendorId:0x1414
[2018.06.08-08.36.16:223][  0]LogD3D11RHI: Chosen D3D11 Adapter: 0
[2018.06.08-08.36.16:245][  0]LogD3D11RHI: Creating new Direct3DDevice
[2018.06.08-08.36.16:245][  0]LogD3D11RHI:     GPU DeviceId: 0x139b (for the marketing name, search the web for "GPU Device Id")
[2018.06.08-08.36.16:245][  0]LogWindows: EnumDisplayDevices:
[2018.06.08-08.36.16:246][  0]LogWindows:    0. 'Intel(R) HD Graphics 530' (P:1 D:1)
[2018.06.08-08.36.16:246][  0]LogWindows:    1. 'Intel(R) HD Graphics 530' (P:0 D:0)
[2018.06.08-08.36.16:246][  0]LogWindows:    2. 'Intel(R) HD Graphics 530' (P:0 D:0)
[2018.06.08-08.36.16:247][  0]LogWindows: DebugString: GetVideoDriverDetailsInvalid PrimaryIsNotTheChoosenAdapter GetVideoDriverDetailsInvalid PrimaryIsNotTheChoosenAdapter GetVideoDriverDetailsInvalid PrimaryIsNotTheChoosenAdapter FoundDriverCount:0 
[2018.06.08-08.36.16:247][  0]LogD3D11RHI:     Adapter Name: NVIDIA GeForce GTX 960M
[2018.06.08-08.36.16:247][  0]LogD3D11RHI:   Driver Version: Unknown (internal:Unknown, unified:Unknown)
[2018.06.08-08.36.16:247][  0]LogD3D11RHI:      Driver Date: Unknown
[2018.06.08-08.36.16:247][  0]LogRHI: Texture pool is 1413 MB (70% of 2019 MB)
[2018.06.08-08.36.16:281][  0]LogD3D11RHI: [Aftermath] Aftermath enabled but failed to initialize
[2018.06.08-08.36.16:281][  0]LogD3D11RHI: [Aftermath] Aftermath enabled and primed
[2018.06.08-08.36.16:282][  0]LogD3D11RHI: Async texture creation enabled
[2018.06.08-08.36.16:293][  0]LogD3D11RHI: GPU Timing Frequency: 1000.000000 (Debug: 2 1)
[2018.06.08-08.36.16:295][  0]LogShaderCompilers: Guid format shader working directory is 7 characters bigger than the processId version (../../../../../SpareTime/Unreal/FPS/FPS/Intermediate/Shaders/WorkingDirectory/1300/).
[2018.06.08-08.36.16:295][  0]LogShaderCompilers: Cleaned the shader compiler working directory 'C:/Users/tomco/AppData/Local/Temp/UnrealShaderWorkingDir/444416D24D2C801E8A9456A9E858C9BA/'.
[2018.06.08-08.36.16:544][  0]LogTemp: Display: Loaded TP AllDesktopTargetPlatform
[2018.06.08-08.36.16:563][  0]LogTemp: Display: Loaded TP MacClientTargetPlatform
[2018.06.08-08.36.16:582][  0]LogTemp: Display: Loaded TP MacNoEditorTargetPlatform
[2018.06.08-08.36.16:602][  0]LogTemp: Display: Loaded TP MacServerTargetPlatform
[2018.06.08-08.36.16:619][  0]LogTemp: Display: Loaded TP MacTargetPlatform
[2018.06.08-08.36.16:635][  0]LogTemp: Display: Loaded TP WindowsClientTargetPlatform
[2018.06.08-08.36.16:654][  0]LogTemp: Display: Loaded TP WindowsNoEditorTargetPlatform
[2018.06.08-08.36.16:671][  0]LogTemp: Display: Loaded TP WindowsServerTargetPlatform
[2018.06.08-08.36.16:680][  0]LogTemp: Display: Loaded TP WindowsTargetPlatform
[2018.06.08-08.36.16:696][  0]LogTemp: Display: Loaded TP Android_ASTCTargetPlatform
[2018.06.08-08.36.16:714][  0]LogTemp: Display: Loaded TP Android_ATCTargetPlatform
[2018.06.08-08.36.16:729][  0]LogTemp: Display: Loaded TP Android_DXTTargetPlatform
[2018.06.08-08.36.16:749][  0]LogTemp: Display: Loaded TP Android_ETC1aTargetPlatform
[2018.06.08-08.36.16:768][  0]LogTemp: Display: Loaded TP Android_ETC1TargetPlatform
[2018.06.08-08.36.16:788][  0]LogTemp: Display: Loaded TP Android_ETC2TargetPlatform
[2018.06.08-08.36.16:818][  0]LogTemp: Display: Loaded TP Android_MultiTargetPlatform
[2018.06.08-08.36.16:819][  0]LogTemp: Display: Loaded TP Android_PVRTCTargetPlatform
[2018.06.08-08.36.16:835][  0]LogTemp: Display: Loaded TP AndroidTargetPlatform
[2018.06.08-08.36.16:840][  0]LogTemp: Display: Loaded TP HTML5TargetPlatform
[2018.06.08-08.36.16:889][  0]LogTemp: Display: Loaded TP IOSTargetPlatform
[2018.06.08-08.36.16:905][  0]LogTemp: Display: Loaded TP TVOSTargetPlatform
[2018.06.08-08.36.16:920][  0]LogTemp: Display: Loaded TP LinuxClientTargetPlatform
[2018.06.08-08.36.16:936][  0]LogTemp: Display: Loaded TP LinuxNoEditorTargetPlatform
[2018.06.08-08.36.16:956][  0]LogTemp: Display: Loaded TP LinuxServerTargetPlatform
[2018.06.08-08.36.16:975][  0]LogTemp: Display: Loaded TP LinuxTargetPlatform
[2018.06.08-08.36.16:975][  0]LogTargetPlatformManager: Display: Building Assets For Windows
[2018.06.08-08.36.17:141][  0]LogXGEController: Cleaning working directory: C:/Users/tomco/AppData/Local/Temp/UnrealXGEWorkingDir/
[2018.06.08-08.36.17:141][  0]LogXGEController: Cannot use XGE Controller as Incredibuild is not installed on this machine.
[2018.06.08-08.36.17:141][  0]LogShaderCompilers: Cannot use XGE Shader Compiler as Incredibuild is not installed on this machine.
[2018.06.08-08.36.17:141][  0]LogShaderCompilers: Display: Using Local Shader Compiler.
[2018.06.08-08.36.17:854][  0]LogDerivedDataCache: Display: Max Cache Size: 512 MB
[2018.06.08-08.36.17:942][  0]LogDerivedDataCache: Loaded boot cache 0.09s 76MB C:/Users/tomco/AppData/Local/UnrealEngine/4.19/DerivedDataCache/Boot.ddc.
[2018.06.08-08.36.17:942][  0]LogDerivedDataCache: Display: Loaded Boot cache: C:/Users/tomco/AppData/Local/UnrealEngine/4.19/DerivedDataCache/Boot.ddc
[2018.06.08-08.36.17:943][  0]LogDerivedDataCache: FDerivedDataBackendGraph:  Pak pak cache file ../../../../../SpareTime/Unreal/FPS/FPS/DerivedDataCache/DDC.ddp not found, will not use a pak cache.
[2018.06.08-08.36.17:943][  0]LogDerivedDataCache: Unable to find inner node Pak for hierarchical cache Hierarchy.
[2018.06.08-08.36.17:943][  0]LogDerivedDataCache: FDerivedDataBackendGraph:  CompressedPak pak cache file ../../../../../SpareTime/Unreal/FPS/FPS/DerivedDataCache/Compressed.ddp not found, will not use a pak cache.
[2018.06.08-08.36.17:943][  0]LogDerivedDataCache: Unable to find inner node CompressedPak for hierarchical cache Hierarchy.
[2018.06.08-08.36.17:961][  0]LogDerivedDataCache: Display: Pak cache opened for reading ../../../Engine/DerivedDataCache/Compressed.ddp.
[2018.06.08-08.36.17:974][  0]LogDerivedDataCache: Using Local data cache path C:/Users/tomco/AppData/Local/UnrealEngine/Common/DerivedDataCache: Writable
[2018.06.08-08.36.17:974][  0]LogDerivedDataCache: Shared data cache path not found in *engine.ini, will not use an Shared cache.
[2018.06.08-08.36.17:974][  0]LogDerivedDataCache: Unable to find inner node Shared for hierarchical cache Hierarchy.
[2018.06.08-08.36.17:989][  0]LogMaterial: Verifying Global Shaders for PCD3D_SM5
[2018.06.08-08.36.17:990][  0]LogSlate: Using Freetype 2.6.0
[2018.06.08-08.36.17:991][  0]LogSlate: SlateFontCache - WITH_FREETYPE: 1, WITH_HARFBUZZ: 1
[2018.06.08-08.36.17:991][  0]LogSlate: SlateFontCache - WITH_FREETYPE: 1, WITH_HARFBUZZ: 1
[2018.06.08-08.36.18:112][  0]LogAssetRegistry: FAssetRegistry took 0.0310 seconds to start up
[2018.06.08-08.36.18:472][  0]LogInit: Selected Device Profile: [Windows]
[2018.06.08-08.36.18:647][  0]LogSimplygon: Simplygon DLL not present - disabling.
[2018.06.08-08.36.18:652][  0]LogMeshReduction: Using SimplygonSwarm for distributed automatic mesh merging
[2018.06.08-08.36.18:652][  0]LogMeshReduction: Using QuadricMeshReduction for automatic static mesh reduction
[2018.06.08-08.36.18:652][  0]LogMeshReduction: No automatic skeletal mesh reduction module available
[2018.06.08-08.36.18:652][  0]LogMeshReduction: No automatic mesh merging module available
[2018.06.08-08.36.18:653][  0]LogMeshMerging: No automatic mesh merging module available
[2018.06.08-08.36.18:688][  0]LogNetVersion: FPS , NetCL: 3944462, EngineNetVer: 2, GameNetVer: 0 (Checksum: 2326512385)
[2018.06.08-08.36.19:225][  0]LogPackageLocalizationCache: Processed 9 localized package path(s) for 2 prioritized culture(s) in 0.088075 seconds
[2018.06.08-08.36.19:231][  0]LogUObjectArray: 36728 objects as part of root set at end of initial load.
[2018.06.08-08.36.19:232][  0]LogUObjectAllocator: 7314312 out of 0 bytes used by permanent object pool.
[2018.06.08-08.36.19:232][  0]LogUObjectArray: CloseDisregardForGC: 0/0 objects in disregard for GC pool
[2018.06.08-08.36.21:239][  0]LogTcpMessaging: Initializing TcpMessaging bridge
[2018.06.08-08.36.21:274][  0]LogUdpMessaging: Initializing bridge on interface 0.0.0.0:0 to multicast group 230.0.0.1:6666.
[2018.06.08-08.36.21:635][  0]LogSkeletalMesh: Skeletal Mesh found in DDC [1.682567ms] /Game/Models/Player/Arms/Arms_SMG.Arms_SMG
[2018.06.08-08.36.21:661][  0]LogUObjectGlobals: Created PersistentFrame Addr=0x000001e5ab4c2520, Size=80, Default__BP_SMGAnim_C Function /Game/Animations/SMG/BP_SMGAnim.BP_SMGAnim_C:ExecuteUbergraph_BP_SMGAnim
[2018.06.08-08.36.21:674][  0]LogUObjectGlobals: Destroyed PersistentFrame Addr=0x000001e5ab4c2520, Size=80
[2018.06.08-08.36.21:674][  0]LogUObjectGlobals: Created PersistentFrame Addr=0x000001e5abce61b0, Size=80, Default__BP_SMGAnim_C Function /Engine/Transient.REINST_BP_SMGAnim_C_0:ExecuteUbergraph_BP_SMGAnim
[2018.06.08-08.36.21:687][  0]LogUObjectGlobals: Created PersistentFrame Addr=0x000001e5ac59a3e0, Size=80, Default__BP_SMGAnim_C Function /Game/Animations/SMG/BP_SMGAnim.BP_SMGAnim_C:ExecuteUbergraph_BP_SMGAnim
[2018.06.08-08.36.21:842][  0]SourceControl: Source control is disabled
[2018.06.08-08.36.21:843][  0]SourceControl: Source control is disabled
[2018.06.08-08.36.21:861][  0]SourceControl: Source control is disabled
[2018.06.08-08.36.21:881][  0]SourceControl: Source control is disabled
[2018.06.08-08.36.22:412][  0]LogAndroidPermission: UAndroidPermissionCallbackProxy::GetInstance
[2018.06.08-08.36.22:602][  0]LogOcInput: OculusInput pre-init called
[2018.06.08-08.36.23:800][  0]LogEngine: Initializing Engine...
[2018.06.08-08.36.23:837][  0]LogHMD: Failed to initialize OpenVR with code 126
[2018.06.08-08.36.23:838][  0]LogStats: UGameplayTagsManager::ConstructGameplayTagTree: Construct from data asset -  0.000 s
[2018.06.08-08.36.23:839][  0]LogStats: UGameplayTagsManager::ConstructGameplayTagTree: GameplayTagTreeChangedEvent.Broadcast -  0.000 s
[2018.06.08-08.36.24:094][  0]LogAIModule: Creating AISystem for world Untitled
[2018.06.08-08.36.24:130][  0]LogInit: XAudio2 using 'Luidsprekers (Conexant SmartAudio HD)' : 2 channels at 48 kHz using 32 bits per sample (channel mask 0x3)
[2018.06.08-08.36.24:179][  0]LogInit: FAudioDevice initialized.
[2018.06.08-08.36.24:314][  0]LogDerivedDataCache: Saved boot cache 0.14s 76MB C:/Users/tomco/AppData/Local/UnrealEngine/4.19/DerivedDataCache/Boot.ddc.
[2018.06.08-08.36.24:333][  0]LogInit: Texture streaming: Enabled
[2018.06.08-08.36.24:362][  0]LogEngineSessionManager: EngineSessionManager initialized
[2018.06.08-08.36.24:375][  0]LogInit: Transaction tracking system initialized
[2018.06.08-08.36.24:408][  0]BlueprintLog: New page: Editor Load
[2018.06.08-08.36.24:534][  0]LocalizationService: Localization service is disabled
[2018.06.08-08.36.24:683][  0]LogConsoleResponse: Display: 
[2018.06.08-08.36.24:855][  0]LogCook: Display: Max memory allowance for cook 16384mb min free memory 0mb
[2018.06.08-08.36.24:856][  0]LogCook: Display: Mobile HDR setting 1
[2018.06.08-08.36.24:856][  0]LogGameplayTags: Display: UGameplayTagsManager::DoneAddingNativeTags. DelegateIsBound: 0
[2018.06.08-08.36.24:856][  0]LogStats: UGameplayTagsManager::ConstructGameplayTagTree: Construct from data asset -  0.000 s
[2018.06.08-08.36.24:856][  0]LogStats: UGameplayTagsManager::ConstructGameplayTagTree: GameplayTagTreeChangedEvent.Broadcast -  0.000 s
[2018.06.08-08.36.24:864][  0]LogFileCache: Scanning file cache for directory 'D:/SpareTime/Unreal/FPS/FPS/Content/' took 0.02s
[2018.06.08-08.36.25:251][  0]SourceControl: Source control is disabled
[2018.06.08-08.36.25:252][  0]Cmd: MAP LOAD FILE="../../../../../SpareTime/Unreal/FPS/FPS/Content/Maps/AITestMap.umap" TEMPLATE=0 SHOWPROGRESS=1 FEATURELEVEL=3
[2018.06.08-08.36.25:252][  0]LightingResults: New page: Lighting Build
[2018.06.08-08.36.25:255][  0]MapCheck: New page: Map Check
[2018.06.08-08.36.25:255][  0]LightingResults: New page: Lighting Build
[2018.06.08-08.36.25:267][  0]LogUObjectGlobals: Destroyed PersistentFrame Addr=0x000001e5abce61b0, Size=80
[2018.06.08-08.36.25:316][  0]LogUObjectGlobals: Created PersistentFrame Addr=0x000001e592164448, Size=56, Default__BP_AssaultAIAnim_C Function /Game/Animations/AI/BP_AssaultAIAnim.BP_AssaultAIAnim_C:ExecuteUbergraph_BP_AssaultAIAnim
[2018.06.08-08.36.25:336][  0]LogUObjectGlobals: Destroyed PersistentFrame Addr=0x000001e592164448, Size=56
[2018.06.08-08.36.25:336][  0]LogUObjectGlobals: Created PersistentFrame Addr=0x000001e591bf5d00, Size=56, Default__BP_AssaultAIAnim_C Function /Engine/Transient.REINST_BP_AssaultAIAnim_C_1:ExecuteUbergraph_BP_AssaultAIAnim
[2018.06.08-08.36.25:357][  0]LogUObjectGlobals: Created PersistentFrame Addr=0x000001e591ad5948, Size=56, Default__BP_AssaultAIAnim_C Function /Game/Animations/AI/BP_AssaultAIAnim.BP_AssaultAIAnim_C:ExecuteUbergraph_BP_AssaultAIAnim
[2018.06.08-08.36.25:670][  0]LogSkeletalMesh: Skeletal Mesh found in DDC [5.402862ms] /Game/Animations/AnimStarterPack/UE4_Mannequin/Mesh/SK_Mannequin.SK_Mannequin
[2018.06.08-08.36.25:726][  0]LogAIModule: Creating AISystem for world AITestMap
[2018.06.08-08.36.25:746][  0]LogEditorServer: Finished looking for orphan Actors (0.000 secs)
[2018.06.08-08.36.25:759][  0]LogUObjectGlobals: Destroyed PersistentFrame Addr=0x000001e591bf5d00, Size=56
[2018.06.08-08.36.25:761][  0]Cmd: MAP CHECKDEP NOCLEARLOG
[2018.06.08-08.36.25:822][  0]MapCheck: Map check complete: 0 Error(s), 0 Warning(s), took 60.68ms to complete.
[2018.06.08-08.36.25:823][  0]LogFileHelpers: Loading map 'AITestMap' took 0.571
[2018.06.08-08.36.25:996][  0]LogCollectionManager: Loaded 0 collections in 0.001036 seconds
[2018.06.08-08.36.26:044][  0]LogFileCache: Scanning file cache for directory 'D:/SpareTime/Unreal/FPS/FPS/Saved/Collections/' took 0.01s
[2018.06.08-08.36.26:045][  0]LogFileCache: Scanning file cache for directory 'D:/SpareTime/Unreal/FPS/FPS/Content/Developers/tomco/Collections/' took 0.01s
[2018.06.08-08.36.26:045][  0]LogFileCache: Scanning file cache for directory 'D:/SpareTime/Unreal/FPS/FPS/Content/Collections/' took 0.01s
[2018.06.08-08.36.26:045][  0]LogCollectionManager: Rebuilt the GUID cache for 0 collections in 0.000000 seconds
[2018.06.08-08.36.26:057][  0]LogContentBrowser: Native class hierarchy populated in 0.0110 seconds. Added 2470 classes and 565 folders.
[2018.06.08-08.36.26:063][  0]LogContentBrowser: Native class hierarchy updated for 'WidgetCarousel' in 0.0010 seconds. Added 0 classes and 0 folders.
[2018.06.08-08.36.26:108][  0]LogContentBrowser: Native class hierarchy updated for 'AddContentDialog' in 0.0010 seconds. Added 0 classes and 0 folders.
[2018.06.08-08.36.27:367][  0]LogSlate: Only BGRA pngs, bmps or icos are supported in by External Image Picker
[2018.06.08-08.36.27:401][  0]LogSlate: Took 0.002208 seconds to synchronously load lazily loaded font '../../../Engine/Content/Slate/Fonts/Roboto-Regular.ttf' (155K)
[2018.06.08-08.36.27:406][  0]LogSlate: Took 0.001890 seconds to synchronously load lazily loaded font '../../../Engine/Content/Slate/Fonts/Roboto-Bold.ttf' (160K)
[2018.06.08-08.36.27:422][  0]LogSlate: Took 0.005733 seconds to synchronously load lazily loaded font '../../../Engine/Content/Editor/Slate/Fonts/FontAwesome.ttf' (139K)
[2018.06.08-08.36.27:587][  0]LogTemp: Executing iPhonePackager certificates Engine -bundlename com.YourCompany.FPS
[2018.06.08-08.36.27:587][  0]LogTemp: CWD: D:\Epic Games\UE_4.19\Engine\Binaries\DotNET\IOS
[2018.06.08-08.36.27:588][  0]LogTemp: Initial Dir: D:\Epic Games\UE_4.19
[2018.06.08-08.36.27:588][  0]LogTemp: Env CWD: D:\Epic Games\UE_4.19\Engine\Binaries\DotNET\IOS
[2018.06.08-08.36.27:588][  0]LogTemp: BranchPath = TOM-LAPTOP/D/Epic Games/UE_4.19/Engine/Binaries --- GameBranchPath = TOM-LAPTOP/D/Epic Games/UE_4.19/Engine/Binaries
[2018.06.08-08.36.27:588][  0]LogTemp: IPP ERROR: Could not find provision directory 'C:\Users\tomco\AppData\Local/Apple Computer/MobileDevice/Provisioning Profiles/'.
[2018.06.08-08.36.27:588][  0]LogRenderer: Reallocating scene render targets to support 908x600 Format 10 NumSamples 1 (Frame:1).
[2018.06.08-08.36.27:808][  0]LogContentBrowser: Native class hierarchy updated for 'HierarchicalLODOutliner' in 0.0011 seconds. Added 0 classes and 0 folders.
[2018.06.08-08.36.27:809][  0]LogLoad: (Engine Initialization) Total time: 15.65 seconds
[2018.06.08-08.36.27:809][  0]LogLoad: (Engine Initialization) Total Blueprint compile time: 0.00 seconds
[2018.06.08-08.36.27:839][  0]LogWindowsTextInputMethodSystem: Display: IME system now deactivated.
[2018.06.08-08.36.27:863][  0]LogContentStreaming: Texture pool size now 1000 MB
[2018.06.08-08.36.27:923][  0]LogSlate: Took 0.002134 seconds to synchronously load lazily loaded font '../../../Engine/Content/Slate/Fonts/Roboto-Light.ttf' (167K)
[2018.06.08-08.36.28:094][  2]LogAssetRegistry: Asset discovery search completed in 10.0077 seconds
[2018.06.08-08.36.28:097][  2]LogCollectionManager: Rebuilt the object cache for 0 collections in 0.000002 seconds (found 0 objects)
[2018.06.08-08.36.28:098][  2]LogCollectionManager: Fixed up redirectors for 0 collections in 0.001218 seconds (updated 0 objects)
[2018.06.08-08.36.29:387][ 74]LogSlate: FSceneViewport::OnFocusLost() reason 0
[2018.06.08-08.36.29:436][ 77]LogTemp: Repeating last play command: Selected Viewport
[2018.06.08-08.36.29:456][ 77]LogPlayLevel: PlayLevel: No blueprints needed recompiling
[2018.06.08-08.36.29:465][ 77]PIE: New page: PIE session: AITestMap (Jun 8, 2018, 12:36:29 PM)
[2018.06.08-08.36.29:466][ 77]LogPlayLevel: Creating play world package: /Game/Maps/UEDPIE_0_AITestMap
[2018.06.08-08.36.29:474][ 77]LogPlayLevel: PIE: StaticDuplicateObject took: (0.007428s)
[2018.06.08-08.36.29:475][ 77]LogAIModule: Creating AISystem for world AITestMap
[2018.06.08-08.36.29:475][ 77]LogPlayLevel: PIE: World Init took: (0.001160s)
[2018.06.08-08.36.29:475][ 77]LogPlayLevel: PIE: Created PIE world by copying editor world from /Game/Maps/AITestMap.AITestMap to /Game/Maps/UEDPIE_0_AITestMap.AITestMap (0.009271s)
[2018.06.08-08.36.29:497][ 77]LogInit: XAudio2 using 'Luidsprekers (Conexant SmartAudio HD)' : 2 channels at 48 kHz using 32 bits per sample (channel mask 0x3)
[2018.06.08-08.36.29:531][ 77]LogInit: FAudioDevice initialized.
[2018.06.08-08.36.29:609][ 77]LogUObjectGlobals: Created PersistentFrame Addr=0x000001e5cefa9b40, Size=104, Default__BP_InGameGUI_C Function /Game/UI/Widgets/BP_InGameGUI.BP_InGameGUI_C:ExecuteUbergraph_BP_InGameGUI
[2018.06.08-08.36.29:613][ 77]LogUObjectGlobals: Destroyed PersistentFrame Addr=0x000001e5cefa9b40, Size=104
[2018.06.08-08.36.29:614][ 77]LogUObjectGlobals: Created PersistentFrame Addr=0x000001e5cefa9b40, Size=104, Default__BP_InGameGUI_C Function /Engine/Transient.REINST_BP_InGameGUI_C_0:ExecuteUbergraph_BP_InGameGUI
[2018.06.08-08.36.29:617][ 77]LogUObjectGlobals: Created PersistentFrame Addr=0x000001e5c7fae6a0, Size=104, Default__BP_InGameGUI_C Function /Game/UI/Widgets/BP_InGameGUI.BP_InGameGUI_C:ExecuteUbergraph_BP_InGameGUI
[2018.06.08-08.36.29:632][ 77]LogLoad: Game class is 'BP_FPSGameModeBase_C'
[2018.06.08-08.36.29:646][ 77]LogWorld: Bringing World /Game/Maps/UEDPIE_0_AITestMap.AITestMap up for play (max tick rate 60) at 2018.06.08-10.36.29
[2018.06.08-08.36.29:669][ 77]LogTemp: Warning: Run possess
[2018.06.08-08.36.29:670][ 77]LogWorld: Bringing up level for play took: 0.028279
[2018.06.08-08.36.29:688][ 77]LogContentBrowser: Native class hierarchy updated for 'MovieSceneCapture' in 0.0011 seconds. Added 11 classes and 0 folders.
[2018.06.08-08.36.29:694][ 77]LogOutputDevice: Error: Ensure condition failed: Component->HasBegunPlay() [File:D:\Build\++UE4+Release-4.19+Compile\Sync\Engine\Source\Runtime\Engine\Private\Actor.cpp] [Line: 3129] 
Failed to route BeginPlay (SMG /Game/Maps/UEDPIE_0_AITestMap.AITestMap:PersistentLevel.BP_FPSPlayer_C_0.CurrentWeaponMesh)

[2018.06.08-08.36.29:694][ 77]LogStats:             FDebug::EnsureFailed -  0.000 s
[2018.06.08-08.36.33:329][ 77]PIE: Play in editor start time for /Game/Maps/UEDPIE_0_AITestMap 4.478
[2018.06.08-08.36.53:103][189]LogUObjectGlobals: Destroyed PersistentFrame Addr=0x000001e5cefa9b40, Size=104
[2018.06.08-08.40.29:907][932]LogSlate: FSceneViewport::OnFocusLost() reason 0
[2018.06.08-08.40.30:013][936]Candidate modules for hot reload:
[2018.06.08-08.40.30:013][936]  FPS
[2018.06.08-08.40.30:013][936]Launching UnrealBuildTool... [D:/Epic Games/UE_4.19/Engine/Binaries/DotNET/UnrealBuildTool.exe FPS -ModuleWithSuffix=FPS,4347 Win64 Development -editorrecompile -canskiplink "D:/SpareTime/Unreal/FPS/FPS/FPS.uproject" ]
[2018.06.08-08.40.30:017][936]Warning: Starting HotReload took  0.0s.
[2018.06.08-08.41.17:633][791]CompilerResultsLog: New page: Compilation - Jun 8, 2018, 12:41:17 PM
[2018.06.08-08.41.17:636][791]CompilerResultsLog: Using 'git status' to determine working set for adaptive non-unity build.
[2018.06.08-08.41.17:636][791]CompilerResultsLog: Creating makefile for hot reloading FPS (ini files are newer than UBTMakefile)
[2018.06.08-08.41.17:637][791]CompilerResultsLog: Compiling game modules for hot reload
[2018.06.08-08.41.17:637][791]CompilerResultsLog: Performing 3 actions (4 in parallel)
[2018.06.08-08.41.17:637][791]CompilerResultsLog: AssualtCharacter.cpp
[2018.06.08-08.41.17:637][791]CompilerResultsLog: Error: D:\SpareTime\Unreal\FPS\FPS\Source\FPS\AssualtCharacter.cpp(94) : warning C4996: 'USceneComponent::AttachTo': This function is deprecated, please use AttachToComponent instead. Please update your code to the new API before upgrading to the next release, otherwise your project will no longer compile.
[2018.06.08-08.41.17:637][791]CompilerResultsLog: Error: D:\Epic Games\UE_4.19\Engine\Source\Runtime\Engine\Classes\Components/SceneComponent.h(641) : note: see declaration of 'USceneComponent::AttachTo'
[2018.06.08-08.41.17:637][791]CompilerResultsLog: Error: D:\SpareTime\Unreal\FPS\FPS\Source\FPS\AssualtCharacter.cpp(122) : warning C4996: 'USceneComponent::AttachTo': This function is deprecated, please use AttachToComponent instead. Please update your code to the new API before upgrading to the next release, otherwise your project will no longer compile.
[2018.06.08-08.41.17:637][791]CompilerResultsLog: Error: D:\Epic Games\UE_4.19\Engine\Source\Runtime\Engine\Classes\Components/SceneComponent.h(641) : note: see declaration of 'USceneComponent::AttachTo'
[2018.06.08-08.41.17:638][791]CompilerResultsLog: [2/3] Link UE4Editor-FPS-4347.dll
[2018.06.08-08.41.17:638][791]CompilerResultsLog: [3/3] Link UE4Editor-FPS-4347.lib
[2018.06.08-08.41.17:638][791]CompilerResultsLog:    Creating library D:\SpareTime\Unreal\FPS\FPS\Intermediate\Build\Win64\UE4Editor\Development\UE4Editor-FPS-4347.lib and object D:\SpareTime\Unreal\FPS\FPS\Intermediate\Build\Win64\UE4Editor\Development\UE4Editor-FPS-4347.exp
[2018.06.08-08.41.17:638][791]CompilerResultsLog:    Creating library D:\SpareTime\Unreal\FPS\FPS\Intermediate\Build\Win64\UE4Editor\Development\UE4Editor-FPS-4347.suppressed.lib and object D:\SpareTime\Unreal\FPS\FPS\Intermediate\Build\Win64\UE4Editor\Development\UE4Editor-FPS-4347.suppressed.exp
[2018.06.08-08.41.17:638][791]CompilerResultsLog: Total build time: 47.26 seconds (Local executor: 35.36 seconds)
[2018.06.08-08.41.17:639][791]LogMainFrame: MainFrame: Module compiling took 47.632 seconds
[2018.06.08-08.41.17:704][791]LogHotReload: Re-instancing CoverPoint after hot-reload.
[2018.06.08-08.41.18:619][791]LogContentBrowser: Native class hierarchy updated for 'FPS' in 0.0012 seconds. Added 17 classes and 5 folders.
[2018.06.08-08.41.18:622][791]Display: HotReload successful (4 functions remapped  0 scriptstructs remapped)
[2018.06.08-08.41.18:745][791]LogContentBrowser: Native class hierarchy populated in 0.0106 seconds. Added 2470 classes and 565 folders.
[2018.06.08-08.41.18:746][791]Display: HotReload took 48.8s.
[2018.06.08-08.41.20:605][893]LogTemp: Repeating last play command: Selected Viewport
[2018.06.08-08.41.20:625][893]LogPlayLevel: PlayLevel: No blueprints needed recompiling
[2018.06.08-08.41.20:626][893]PIE: New page: PIE session: AITestMap (Jun 8, 2018, 12:41:20 PM)
[2018.06.08-08.41.20:626][893]LogPlayLevel: Creating play world package: /Game/Maps/UEDPIE_0_AITestMap
[2018.06.08-08.41.20:643][893]LogPlayLevel: PIE: StaticDuplicateObject took: (0.016854s)
[2018.06.08-08.41.20:644][893]LogAIModule: Creating AISystem for world AITestMap
[2018.06.08-08.41.20:645][893]LogPlayLevel: PIE: World Init took: (0.001348s)
[2018.06.08-08.41.20:645][893]LogPlayLevel: PIE: Created PIE world by copying editor world from /Game/Maps/AITestMap.AITestMap to /Game/Maps/UEDPIE_0_AITestMap.AITestMap (0.018995s)
[2018.06.08-08.41.20:662][893]LogInit: XAudio2 using 'Luidsprekers (Conexant SmartAudio HD)' : 2 channels at 48 kHz using 32 bits per sample (channel mask 0x3)
[2018.06.08-08.41.20:699][893]LogInit: FAudioDevice initialized.
[2018.06.08-08.41.20:738][893]LogLoad: Game class is 'BP_FPSGameModeBase_C'
[2018.06.08-08.41.20:742][893]LogWorld: Bringing World /Game/Maps/UEDPIE_0_AITestMap.AITestMap up for play (max tick rate 60) at 2018.06.08-10.41.20
[2018.06.08-08.41.20:743][893]LogTemp: Warning: Run possess
[2018.06.08-08.41.20:744][893]LogWorld: Bringing up level for play took: 0.003608
[2018.06.08-08.41.20:747][893]PIE: Play in editor start time for /Game/Maps/UEDPIE_0_AITestMap -0.104
[2018.06.08-08.42.42:129][721]LogSlate: FSceneViewport::OnFocusLost() reason 0
[2018.06.08-08.42.42:524][744]Candidate modules for hot reload:
[2018.06.08-08.42.42:525][744]  FPS
[2018.06.08-08.42.42:525][744]Launching UnrealBuildTool... [D:/Epic Games/UE_4.19/Engine/Binaries/DotNET/UnrealBuildTool.exe FPS -ModuleWithSuffix=FPS,3894 Win64 Development -editorrecompile -canskiplink "D:/SpareTime/Unreal/FPS/FPS/FPS.uproject" ]
[2018.06.08-08.42.42:530][744]Warning: Starting HotReload took  0.0s.
[2018.06.08-08.42.50:900][245]CompilerResultsLog: New page: Compilation - Jun 8, 2018, 12:42:50 PM
[2018.06.08-08.42.50:901][245]CompilerResultsLog: Using 'git status' to determine working set for adaptive non-unity build.
[2018.06.08-08.42.50:901][245]CompilerResultsLog: Compiling game modules for hot reload
[2018.06.08-08.42.50:901][245]CompilerResultsLog: Performing 3 actions (4 in parallel)
[2018.06.08-08.42.50:901][245]CompilerResultsLog: AssualtCharacter.cpp
[2018.06.08-08.42.50:901][245]CompilerResultsLog: Error: D:\SpareTime\Unreal\FPS\FPS\Source\FPS\AssualtCharacter.cpp(94) : warning C4996: 'USceneComponent::AttachTo': This function is deprecated, please use AttachToComponent instead. Please update your code to the new API before upgrading to the next release, otherwise your project will no longer compile.
[2018.06.08-08.42.50:901][245]CompilerResultsLog: Error: D:\Epic Games\UE_4.19\Engine\Source\Runtime\Engine\Classes\Components/SceneComponent.h(641) : note: see declaration of 'USceneComponent::AttachTo'
[2018.06.08-08.42.50:901][245]CompilerResultsLog: Error: D:\SpareTime\Unreal\FPS\FPS\Source\FPS\AssualtCharacter.cpp(122) : warning C4996: 'USceneComponent::AttachTo': This function is deprecated, please use AttachToComponent instead. Please update your code to the new API before upgrading to the next release, otherwise your project will no longer compile.
[2018.06.08-08.42.50:902][245]CompilerResultsLog: Error: D:\Epic Games\UE_4.19\Engine\Source\Runtime\Engine\Classes\Components/SceneComponent.h(641) : note: see declaration of 'USceneComponent::AttachTo'
[2018.06.08-08.42.50:902][245]CompilerResultsLog: [2/3] Link UE4Editor-FPS-3894.dll
[2018.06.08-08.42.50:902][245]CompilerResultsLog: [3/3] Link UE4Editor-FPS-3894.lib
[2018.06.08-08.42.50:902][245]CompilerResultsLog:    Creating library D:\SpareTime\Unreal\FPS\FPS\Intermediate\Build\Win64\UE4Editor\Development\UE4Editor-FPS-3894.lib and object D:\SpareTime\Unreal\FPS\FPS\Intermediate\Build\Win64\UE4Editor\Development\UE4Editor-FPS-3894.exp
[2018.06.08-08.42.50:902][245]CompilerResultsLog:    Creating library D:\SpareTime\Unreal\FPS\FPS\Intermediate\Build\Win64\UE4Editor\Development\UE4Editor-FPS-3894.suppressed.lib and object D:\SpareTime\Unreal\FPS\FPS\Intermediate\Build\Win64\UE4Editor\Development\UE4Editor-FPS-3894.suppressed.exp
[2018.06.08-08.42.50:902][245]CompilerResultsLog: Total build time: 8.04 seconds (Local executor: 7.17 seconds)
[2018.06.08-08.42.50:902][245]LogMainFrame: MainFrame: Module compiling took 8.381 seconds
[2018.06.08-08.42.50:961][245]LogHotReload: Re-instancing CoverPoint after hot-reload.
[2018.06.08-08.42.51:793][245]LogContentBrowser: Native class hierarchy updated for 'FPS' in 0.0011 seconds. Added 17 classes and 5 folders.
[2018.06.08-08.42.51:795][245]Display: HotReload successful (4 functions remapped  0 scriptstructs remapped)
[2018.06.08-08.42.51:846][245]LogContentBrowser: Native class hierarchy populated in 0.0107 seconds. Added 2470 classes and 565 folders.
[2018.06.08-08.42.51:846][245]Display: HotReload took  9.3s.
[2018.06.08-08.42.53:961][364]LogTemp: Repeating last play command: Selected Viewport
[2018.06.08-08.42.53:979][364]LogPlayLevel: PlayLevel: No blueprints needed recompiling
[2018.06.08-08.42.53:979][364]PIE: New page: PIE session: AITestMap (Jun 8, 2018, 12:42:53 PM)
[2018.06.08-08.42.53:980][364]LogPlayLevel: Creating play world package: /Game/Maps/UEDPIE_0_AITestMap
[2018.06.08-08.42.53:983][364]LogPlayLevel: PIE: StaticDuplicateObject took: (0.003554s)
[2018.06.08-08.42.53:985][364]LogAIModule: Creating AISystem for world AITestMap
[2018.06.08-08.42.53:985][364]LogPlayLevel: PIE: World Init took: (0.001560s)
[2018.06.08-08.42.53:986][364]LogPlayLevel: PIE: Created PIE world by copying editor world from /Game/Maps/AITestMap.AITestMap to /Game/Maps/UEDPIE_0_AITestMap.AITestMap (0.005976s)
[2018.06.08-08.42.54:003][364]LogInit: XAudio2 using 'Luidsprekers (Conexant SmartAudio HD)' : 2 channels at 48 kHz using 32 bits per sample (channel mask 0x3)
[2018.06.08-08.42.54:037][364]LogInit: FAudioDevice initialized.
[2018.06.08-08.42.54:078][364]LogLoad: Game class is 'BP_FPSGameModeBase_C'
[2018.06.08-08.42.54:081][364]LogWorld: Bringing World /Game/Maps/UEDPIE_0_AITestMap.AITestMap up for play (max tick rate 60) at 2018.06.08-10.42.54
[2018.06.08-08.42.54:082][364]LogTemp: Warning: Run possess
[2018.06.08-08.42.54:083][364]LogWorld: Bringing up level for play took: 0.003094
[2018.06.08-08.42.54:086][364]PIE: Play in editor start time for /Game/Maps/UEDPIE_0_AITestMap -0.766
[2018.06.08-08.43.35:628][493]LogSlate: FSceneViewport::OnFocusLost() reason 0
[2018.06.08-08.43.46:857][139]LogSlate: Took 0.002282 seconds to synchronously load lazily loaded font '../../../Engine/Content/Slate/Fonts/Roboto-Light.ttf' (167K)
[2018.06.08-08.43.47:295][139]LogContentBrowser: Native class hierarchy updated for 'BlueprintGraph' in 0.0013 seconds. Added 116 classes and 0 folders.
[2018.06.08-08.43.47:621][139]LogUObjectGlobals: Created PersistentFrame Addr=0x000001e61b814238, Size=4, Default__SKEL_PROTO_BP_AnimBlueprint_0_C Function /Engine/Transient.SKEL_PROTO_BP_AnimBlueprint_0_C:ExecuteUbergraph_PROTO_BP_AnimBlueprint_0
[2018.06.08-08.43.47:622][139]LogUObjectGlobals: Created PersistentFrame Addr=0x000001e61b814230, Size=4, Default__PROTO_BP_AnimBlueprint_0_C Function /Engine/Transient.PROTO_BP_AnimBlueprint_0_C:ExecuteUbergraph_PROTO_BP_AnimBlueprint_0
[2018.06.08-08.43.48:170][139]LogSlate: Took 0.002196 seconds to synchronously load lazily loaded font '../../../Engine/Content/Slate/Fonts/Roboto-BoldCondensed.ttf' (158K)
[2018.06.08-08.43.49:432][207]LogSlate: Took 0.002969 seconds to synchronously load lazily loaded font '../../../Engine/Content/Slate/Fonts/Roboto-Italic.ttf' (157K)
[2018.06.08-08.44.26:403][450]Candidate modules for hot reload:
[2018.06.08-08.44.26:403][450]  FPS
[2018.06.08-08.44.26:403][450]Launching UnrealBuildTool... [D:/Epic Games/UE_4.19/Engine/Binaries/DotNET/UnrealBuildTool.exe FPS -ModuleWithSuffix=FPS,9317 Win64 Development -editorrecompile -canskiplink "D:/SpareTime/Unreal/FPS/FPS/FPS.uproject" ]
[2018.06.08-08.44.26:407][450]Warning: Starting HotReload took  0.0s.
[2018.06.08-08.45.08:032][901]CompilerResultsLog: New page: Compilation - Jun 8, 2018, 12:45:08 PM
[2018.06.08-08.45.08:033][901]CompilerResultsLog: Using 'git status' to determine working set for adaptive non-unity build.
[2018.06.08-08.45.08:033][901]CompilerResultsLog: Compiling game modules for hot reload
[2018.06.08-08.45.08:034][901]CompilerResultsLog: Parsing headers for FPSEditor
[2018.06.08-08.45.08:034][901]CompilerResultsLog:   Running UnrealHeaderTool "D:\SpareTime\Unreal\FPS\FPS\FPS.uproject" "D:\SpareTime\Unreal\FPS\FPS\Intermediate\Build\Win64\FPSEditor\Development\FPSEditor.uhtmanifest" -LogCmds="loginit warning, logexit warning, logdatabase error" -Unattended -WarningsAsErrors -installed
[2018.06.08-08.45.08:034][901]CompilerResultsLog: Reflection code generated for FPSEditor in 20.5236351 seconds
[2018.06.08-08.45.08:034][901]CompilerResultsLog: Performing 9 actions (4 in parallel)
[2018.06.08-08.45.08:034][901]CompilerResultsLog: FireAtTarget.cpp
[2018.06.08-08.45.08:034][901]CompilerResultsLog: AssualtCharacter.cpp
[2018.06.08-08.45.08:034][901]CompilerResultsLog: FPS.init.gen.cpp
[2018.06.08-08.45.08:034][901]CompilerResultsLog: AssualtCharacter.gen.cpp
[2018.06.08-08.45.08:035][901]CompilerResultsLog: ChangeSpeed.cpp
[2018.06.08-08.45.08:035][901]CompilerResultsLog: ChooseNextWaypoint.cpp
[2018.06.08-08.45.08:035][901]CompilerResultsLog: UnitAIController.cpp
[2018.06.08-08.45.08:035][901]CompilerResultsLog: Error: D:\SpareTime\Unreal\FPS\FPS\Source\FPS\AssualtCharacter.cpp(94) : warning C4996: 'USceneComponent::AttachTo': This function is deprecated, please use AttachToComponent instead. Please update your code to the new API before upgrading to the next release, otherwise your project will no longer compile.
[2018.06.08-08.45.08:035][901]CompilerResultsLog: Error: D:\Epic Games\UE_4.19\Engine\Source\Runtime\Engine\Classes\Components/SceneComponent.h(641) : note: see declaration of 'USceneComponent::AttachTo'
[2018.06.08-08.45.08:035][901]CompilerResultsLog: Error: D:\SpareTime\Unreal\FPS\FPS\Source\FPS\AssualtCharacter.cpp(122) : warning C4996: 'USceneComponent::AttachTo': This function is deprecated, please use AttachToComponent instead. Please update your code to the new API before upgrading to the next release, otherwise your project will no longer compile.
[2018.06.08-08.45.08:035][901]CompilerResultsLog: Error: D:\Epic Games\UE_4.19\Engine\Source\Runtime\Engine\Classes\Components/SceneComponent.h(641) : note: see declaration of 'USceneComponent::AttachTo'
[2018.06.08-08.45.08:036][901]CompilerResultsLog: [8/9] Link UE4Editor-FPS-9317.dll
[2018.06.08-08.45.08:036][901]CompilerResultsLog: [9/9] Link UE4Editor-FPS-9317.lib
[2018.06.08-08.45.08:036][901]CompilerResultsLog:    Creating library D:\SpareTime\Unreal\FPS\FPS\Intermediate\Build\Win64\UE4Editor\Development\UE4Editor-FPS-9317.lib and object D:\SpareTime\Unreal\FPS\FPS\Intermediate\Build\Win64\UE4Editor\Development\UE4Editor-FPS-9317.exp
[2018.06.08-08.45.08:036][901]CompilerResultsLog:    Creating library D:\SpareTime\Unreal\FPS\FPS\Intermediate\Build\Win64\UE4Editor\Development\UE4Editor-FPS-9317.suppressed.lib and object D:\SpareTime\Unreal\FPS\FPS\Intermediate\Build\Win64\UE4Editor\Development\UE4Editor-FPS-9317.suppressed.exp
[2018.06.08-08.45.08:036][901]CompilerResultsLog: Total build time: 41.27 seconds (Local executor: 19.05 seconds)
[2018.06.08-08.45.08:036][901]LogMainFrame: MainFrame: Module compiling took 41.638 seconds
[2018.06.08-08.45.08:100][901]LogClass: Could not find existing class AssualtCharacter in package /Script/FPS for HotReload, assuming new class
[2018.06.08-08.45.08:100][901]LogClass: Function GetIsAiming is new.
[2018.06.08-08.45.08:100][901]LogClass: Function OnHearNoise is new.
[2018.06.08-08.45.08:100][901]LogClass: Function OnSeePlayer is new.
[2018.06.08-08.45.08:131][901]LogHotReload: Re-instancing AssualtCharacter after hot-reload.
[2018.06.08-08.45.08:557][901]LogHotReload: Re-instancing CoverPoint after hot-reload.
[2018.06.08-08.45.09:837][901]LogContentBrowser: Native class hierarchy updated for 'FPS' in 0.0015 seconds. Added 17 classes and 5 folders.
[2018.06.08-08.45.09:841][901]Display: HotReload successful (1 functions remapped  0 scriptstructs remapped)
[2018.06.08-08.45.10:169][901]LogContentBrowser: Native class hierarchy populated in 0.0123 seconds. Added 2470 classes and 565 folders.
[2018.06.08-08.45.10:169][901]Display: HotReload took 43.8s.
[2018.06.08-08.45.10:174][901]LogScript: Warning: Attempted to access missing property 'OnFire'. If this is a packaged/cooked build, are you attempting to use an editor-only property?
	BP_AssaultAIAnim_C /Engine/Transient.World_7:PersistentLevel.BP_AssualtCharacter_C_1.CharacterMesh0.BP_AssaultAIAnim_C_6
	Function /Game/Animations/AI/BP_AssaultAIAnim.BP_AssaultAIAnim_C:OnFire1:008D
[2018.06.08-08.45.10:212][902]LogScript: Warning: Attempted to access missing property 'OnFire'. If this is a packaged/cooked build, are you attempting to use an editor-only property?
	BP_AssaultAIAnim_C /Engine/Transient.World_7:PersistentLevel.BP_AssualtCharacter_C_1.CharacterMesh0.BP_AssaultAIAnim_C_6
	Function /Game/Animations/AI/BP_AssaultAIAnim.BP_AssaultAIAnim_C:OnFire1:008D
[2018.06.08-08.45.10:229][903]LogScript: Warning: Attempted to access missing property 'OnFire'. If this is a packaged/cooked build, are you attempting to use an editor-only property?
	BP_AssaultAIAnim_C /Engine/Transient.World_7:PersistentLevel.BP_AssualtCharacter_C_1.CharacterMesh0.BP_AssaultAIAnim_C_6
	Function /Game/Animations/AI/BP_AssaultAIAnim.BP_AssaultAIAnim_C:OnFire1:008D
[2018.06.08-08.45.10:288][904]LogScript: Warning: Attempted to access missing property 'OnFire'. If this is a packaged/cooked build, are you attempting to use an editor-only property?
	BP_AssaultAIAnim_C /Engine/Transient.World_7:PersistentLevel.BP_AssualtCharacter_C_1.CharacterMesh0.BP_AssaultAIAnim_C_6
	Function /Game/Animations/AI/BP_AssaultAIAnim.BP_AssaultAIAnim_C:OnFire1:008D
[2018.06.08-08.45.10:334][905]LogScript: Warning: Attempted to access missing property 'OnFire'. If this is a packaged/cooked build, are you attempting to use an editor-only property?
	BP_AssaultAIAnim_C /Engine/Transient.World_7:PersistentLevel.BP_AssualtCharacter_C_1.CharacterMesh0.BP_AssaultAIAnim_C_6
	Function /Game/Animations/AI/BP_AssaultAIAnim.BP_AssaultAIAnim_C:OnFire1:008D
[2018.06.08-08.45.10:358][906]LogScript: Warning: Attempted to access missing property 'OnFire'. If this is a packaged/cooked build, are you attempting to use an editor-only property?
	BP_AssaultAIAnim_C /Engine/Transient.World_7:PersistentLevel.BP_AssualtCharacter_C_1.CharacterMesh0.BP_AssaultAIAnim_C_6
	Function /Game/Animations/AI/BP_AssaultAIAnim.BP_AssaultAIAnim_C:OnFire1:008D
[2018.06.08-08.45.10:377][907]LogScript: Warning: Attempted to access missing property 'OnFire'. If this is a packaged/cooked build, are you attempting to use an editor-only property?
	BP_AssaultAIAnim_C /Engine/Transient.World_7:PersistentLevel.BP_AssualtCharacter_C_1.CharacterMesh0.BP_AssaultAIAnim_C_6
	Function /Game/Animations/AI/BP_AssaultAIAnim.BP_AssaultAIAnim_C:OnFire1:008D
[2018.06.08-08.45.10:391][908]LogScript: Warning: Attempted to access missing property 'OnFire'. If this is a packaged/cooked build, are you attempting to use an editor-only property?
	BP_AssaultAIAnim_C /Engine/Transient.World_7:PersistentLevel.BP_AssualtCharacter_C_1.CharacterMesh0.BP_AssaultAIAnim_C_6
	Function /Game/Animations/AI/BP_AssaultAIAnim.BP_AssaultAIAnim_C:OnFire1:008D
[2018.06.08-08.45.10:408][909]LogScript: Warning: Attempted to access missing property 'OnFire'. If this is a packaged/cooked build, are you attempting to use an editor-only property?
	BP_AssaultAIAnim_C /Engine/Transient.World_7:PersistentLevel.BP_AssualtCharacter_C_1.CharacterMesh0.BP_AssaultAIAnim_C_6
	Function /Game/Animations/AI/BP_AssaultAIAnim.BP_AssaultAIAnim_C:OnFire1:008D
[2018.06.08-08.45.10:424][910]LogScript: Warning: Attempted to access missing property 'OnFire'. If this is a packaged/cooked build, are you attempting to use an editor-only property?
	BP_AssaultAIAnim_C /Engine/Transient.World_7:PersistentLevel.BP_AssualtCharacter_C_1.CharacterMesh0.BP_AssaultAIAnim_C_6
	Function /Game/Animations/AI/BP_AssaultAIAnim.BP_AssaultAIAnim_C:OnFire1:008D
[2018.06.08-08.45.10:441][911]LogScript: Warning: Attempted to access missing property 'OnFire'. If this is a packaged/cooked build, are you attempting to use an editor-only property?
	BP_AssaultAIAnim_C /Engine/Transient.World_7:PersistentLevel.BP_AssualtCharacter_C_1.CharacterMesh0.BP_AssaultAIAnim_C_6
	Function /Game/Animations/AI/BP_AssaultAIAnim.BP_AssaultAIAnim_C:OnFire1:008D
[2018.06.08-08.45.10:458][912]LogScript: Warning: Attempted to access missing property 'OnFire'. If this is a packaged/cooked build, are you attempting to use an editor-only property?
	BP_AssaultAIAnim_C /Engine/Transient.World_7:PersistentLevel.BP_AssualtCharacter_C_1.CharacterMesh0.BP_AssaultAIAnim_C_6
	Function /Game/Animations/AI/BP_AssaultAIAnim.BP_AssaultAIAnim_C:OnFire1:008D
[2018.06.08-08.45.10:474][913]LogScript: Warning: Attempted to access missing property 'OnFire'. If this is a packaged/cooked build, are you attempting to use an editor-only property?
	BP_AssaultAIAnim_C /Engine/Transient.World_7:PersistentLevel.BP_AssualtCharacter_C_1.CharacterMesh0.BP_AssaultAIAnim_C_6
	Function /Game/Animations/AI/BP_AssaultAIAnim.BP_AssaultAIAnim_C:OnFire1:008D
[2018.06.08-08.45.10:491][914]LogScript: Warning: Attempted to access missing property 'OnFire'. If this is a packaged/cooked build, are you attempting to use an editor-only property?
	BP_AssaultAIAnim_C /Engine/Transient.World_7:PersistentLevel.BP_AssualtCharacter_C_1.CharacterMesh0.BP_AssaultAIAnim_C_6
	Function /Game/Animations/AI/BP_AssaultAIAnim.BP_AssaultAIAnim_C:OnFire1:008D
[2018.06.08-08.45.10:508][915]LogScript: Warning: Attempted to access missing property 'OnFire'. If this is a packaged/cooked build, are you attempting to use an editor-only property?
	BP_AssaultAIAnim_C /Engine/Transient.World_7:PersistentLevel.BP_AssualtCharacter_C_1.CharacterMesh0.BP_AssaultAIAnim_C_6
	Function /Game/Animations/AI/BP_AssaultAIAnim.BP_AssaultAIAnim_C:OnFire1:008D
[2018.06.08-08.45.10:525][916]LogScript: Warning: Attempted to access missing property 'OnFire'. If this is a packaged/cooked build, are you attempting to use an editor-only property?
	BP_AssaultAIAnim_C /Engine/Transient.World_7:PersistentLevel.BP_AssualtCharacter_C_1.CharacterMesh0.BP_AssaultAIAnim_C_6
	Function /Game/Animations/AI/BP_AssaultAIAnim.BP_AssaultAIAnim_C:OnFire1:008D
[2018.06.08-08.45.10:541][917]LogScript: Warning: Attempted to access missing property 'OnFire'. If this is a packaged/cooked build, are you attempting to use an editor-only property?
	BP_AssaultAIAnim_C /Engine/Transient.World_7:PersistentLevel.BP_AssualtCharacter_C_1.CharacterMesh0.BP_AssaultAIAnim_C_6
	Function /Game/Animations/AI/BP_AssaultAIAnim.BP_AssaultAIAnim_C:OnFire1:008D
[2018.06.08-08.45.19:431][450]LogTemp: Repeating last play command: Selected Viewport
[2018.06.08-08.45.19:457][450]LogPlayLevel: PlayLevel: No blueprints needed recompiling
[2018.06.08-08.45.19:457][450]PIE: New page: PIE session: AITestMap (Jun 8, 2018, 12:45:19 PM)
[2018.06.08-08.45.19:458][450]LogPlayLevel: Creating play world package: /Game/Maps/UEDPIE_0_AITestMap
[2018.06.08-08.45.19:463][450]LogPlayLevel: PIE: StaticDuplicateObject took: (0.005311s)
[2018.06.08-08.45.19:464][450]LogAIModule: Creating AISystem for world AITestMap
[2018.06.08-08.45.19:465][450]LogPlayLevel: PIE: World Init took: (0.001591s)
[2018.06.08-08.45.19:465][450]LogPlayLevel: PIE: Created PIE world by copying editor world from /Game/Maps/AITestMap.AITestMap to /Game/Maps/UEDPIE_0_AITestMap.AITestMap (0.007553s)
