Log file open, 06/30/18 14:56:11
LogWindows: Failed to load 'aqProf.dll' (GetLastError=126)
LogWindows: File 'aqProf.dll' does not exist
LogWindows: Failed to load 'VtuneApi.dll' (GetLastError=126)
LogWindows: File 'VtuneApi.dll' does not exist
LogWindows: Failed to load 'VtuneApi32e.dll' (GetLastError=126)
LogWindows: File 'VtuneApi32e.dll' does not exist
LogInit: Display: Running engine for game: FPS
LogPlatformFile: Not using cached read wrapper
LogInit: Display: RandInit(-1642116884) SRandInit(-1642116884).
LogInit: Read version file with build ID '3944462'
LogInit: Overriding engine version to CL 4033788, compatible CL 3944462
LogInit: Registered custom module enumerator with build ID '3944462'
LogTaskGraph: Started task graph with 5 named threads and 23 total threads with 3 sets of task threads.
LogStats: Stats thread started at 0.394695
LogD3D11RHI: Aftermath initialized
LogICUInternationalization: Display: ICU TimeZone Detection - Raw Offset: +1:00, Platform Override: ''
LogPluginManager: Mounting plugin Paper2D
LogPluginManager: Mounting plugin LiveLink
LogPluginManager: Mounting plugin LightPropagationVolume
LogPluginManager: Mounting plugin CLionSourceCodeAccess
LogPluginManager: Mounting plugin CodeLiteSourceCodeAccess
LogPluginManager: Mounting plugin GitSourceControl
LogPluginManager: Mounting plugin KDevelopSourceCodeAccess
LogPluginManager: Mounting plugin NullSourceCodeAccess
LogPluginManager: Mounting plugin PerforceSourceControl
LogPluginManager: Mounting plugin SubversionSourceControl
LogPluginManager: Mounting plugin UObjectPlugin
LogPluginManager: Mounting plugin VisualStudioCodeSourceCodeAccess
LogPluginManager: Mounting plugin VisualStudioSourceCodeAccess
LogPluginManager: Mounting plugin XCodeSourceCodeAccess
LogPluginManager: Mounting plugin AssetManagerEditor
LogPluginManager: Mounting plugin CryptoKeys
LogPluginManager: Mounting plugin DataValidation
LogPluginManager: Mounting plugin FacialAnimation
LogPluginManager: Mounting plugin GameplayTagsEditor
LogPluginManager: Mounting plugin MobileLauncherProfileWizard
LogPluginManager: Mounting plugin PluginBrowser
LogPluginManager: Mounting plugin SpeedTreeImporter
LogPluginManager: Mounting plugin DatasmithContent
LogPluginManager: Mounting plugin AlembicImporter
LogPluginManager: Mounting plugin CharacterAI
LogPluginManager: Mounting plugin HTML5Networking
LogPluginManager: Mounting plugin AndroidMedia
LogPluginManager: Mounting plugin AvfMedia
LogPluginManager: Mounting plugin ImgMedia
LogPluginManager: Mounting plugin LinearTimecode
LogPluginManager: Mounting plugin MediaCompositing
LogPluginManager: Mounting plugin MediaPlayerEditor
LogPluginManager: Mounting plugin WmfMedia
LogPluginManager: Mounting plugin TcpMessaging
LogPluginManager: Mounting plugin UdpMessaging
LogPluginManager: Mounting plugin ActorSequence
LogPluginManager: Mounting plugin LevelSequenceEditor
LogPluginManager: Mounting plugin MatineeToLevelSequence
LogPluginManager: Mounting plugin NetcodeUnitTest
LogPluginManager: Mounting plugin NUTUnrealEngine4
LogPluginManager: Mounting plugin OnlineSubsystemGooglePlay
LogPluginManager: Mounting plugin OnlineSubsystemIOS
LogPluginManager: Mounting plugin OnlineSubsystem
LogPluginManager: Mounting plugin OnlineSubsystemNull
LogPluginManager: Mounting plugin OnlineSubsystemUtils
LogPluginManager: Mounting plugin AndroidDeviceProfileSelector
LogPluginManager: Mounting plugin AndroidMoviePlayer
LogPluginManager: Mounting plugin AndroidPermission
LogPluginManager: Mounting plugin AppleARKit
LogPluginManager: Mounting plugin AppleMoviePlayer
LogPluginManager: Mounting plugin ArchVisCharacter
LogPluginManager: Mounting plugin AudioCapture
LogPluginManager: Mounting plugin CableComponent
LogPluginManager: Mounting plugin CustomMeshComponent
LogPluginManager: Mounting plugin ExampleDeviceProfileSelector
LogPluginManager: Mounting plugin GoogleCloudMessaging
LogPluginManager: Mounting plugin ImmediatePhysics
LogPluginManager: Mounting plugin IOSDeviceProfileSelector
LogPluginManager: Mounting plugin LinuxDeviceProfileSelector
LogPluginManager: Mounting plugin LocationServicesBPLibrary
LogPluginManager: Mounting plugin MobilePatchingUtils
LogPluginManager: Mounting plugin OculusVR
LogPluginManager: Plugin shader directory ../../../Engine/Plugins/Runtime/Oculus/OculusVR/Shaders found
LogPluginManager: Mapping shader source directory ../../../Engine/Plugins/Runtime/Oculus/OculusVR/Shaders to virtual directory /Plugin/OculusVR
LogPluginManager: Mounting plugin PhysXVehicles
LogPluginManager: Mounting plugin ProceduralMeshComponent
LogPluginManager: Mounting plugin RuntimePhysXCooking
LogPluginManager: Mounting plugin SteamVR
LogPluginManager: Mounting plugin WindowsMoviePlayer
LogPluginManager: Mounting plugin CoverPointGenerator
LogStreaming: Display: Took  0.074s to configure plugins.
LogModuleManager: Display: Found up-to-date module file ../../../../../../../Projects/FPS/FPS/Binaries/Win64/UE4Editor-FPS.dll (API version 3944462).
LogModuleManager: Display: Found up-to-date module file ../../../Engine/Plugins/2D/Paper2D/Binaries/Win64/UE4Editor-Paper2D.dll (API version 3944462).
LogModuleManager: Display: Found up-to-date module file ../../../Engine/Plugins/2D/Paper2D/Binaries/Win64/UE4Editor-Paper2DEditor.dll (API version 3944462).
LogModuleManager: Display: Found up-to-date module file ../../../Engine/Plugins/2D/Paper2D/Binaries/Win64/UE4Editor-PaperSpriteSheetImporter.dll (API version 3944462).
LogModuleManager: Display: Found up-to-date module file ../../../Engine/Plugins/2D/Paper2D/Binaries/Win64/UE4Editor-PaperTiledImporter.dll (API version 3944462).
LogModuleManager: Display: Found up-to-date module file ../../../Engine/Plugins/2D/Paper2D/Binaries/Win64/UE4Editor-SmartSnapping.dll (API version 3944462).
LogModuleManager: Display: Found up-to-date module file ../../../Engine/Plugins/Animation/LiveLink/Binaries/Win64/UE4Editor-LiveLink.dll (API version 3944462).
LogModuleManager: Display: Found up-to-date module file ../../../Engine/Plugins/Animation/LiveLink/Binaries/Win64/UE4Editor-LiveLinkEditor.dll (API version 3944462).
LogModuleManager: Display: Found up-to-date module file ../../../Engine/Plugins/Blendables/LightPropagationVolume/Binaries/Win64/UE4Editor-LightPropagationVolumeRuntime.dll (API version 3944462).
LogModuleManager: Display: Found up-to-date module file ../../../Engine/Plugins/Blendables/LightPropagationVolume/Binaries/Win64/UE4Editor-LightPropagationVolumeEditor.dll (API version 3944462).
LogModuleManager: Display: Found up-to-date module file ../../../Engine/Plugins/Developer/CLionSourceCodeAccess/Binaries/Win64/UE4Editor-CLionSourceCodeAccess.dll (API version 3944462).
LogModuleManager: Display: Found up-to-date module file ../../../Engine/Plugins/Developer/GitSourceControl/Binaries/Win64/UE4Editor-GitSourceControl.dll (API version 3944462).
LogModuleManager: Display: Found up-to-date module file ../../../Engine/Plugins/Developer/PerforceSourceControl/Binaries/Win64/UE4Editor-PerforceSourceControl.dll (API version 3944462).
LogModuleManager: Display: Found up-to-date module file ../../../Engine/Plugins/Developer/SubversionSourceControl/Binaries/Win64/UE4Editor-SubversionSourceControl.dll (API version 3944462).
LogModuleManager: Display: Found up-to-date module file ../../../Engine/Plugins/Developer/UObjectPlugin/Binaries/Win64/UE4Editor-UObjectPlugin.dll (API version 3944462).
LogModuleManager: Display: Found up-to-date module file ../../../Engine/Plugins/Developer/VisualStudioCodeSourceCodeAccess/Binaries/Win64/UE4Editor-VisualStudioCodeSourceCodeAccess.dll (API version 3944462).
LogModuleManager: Display: Found up-to-date module file ../../../Engine/Plugins/Developer/VisualStudioSourceCodeAccess/Binaries/Win64/UE4Editor-VisualStudioSourceCodeAccess.dll (API version 3944462).
LogModuleManager: Display: Found up-to-date module file ../../../Engine/Plugins/Editor/AssetManagerEditor/Binaries/Win64/UE4Editor-AssetManagerEditor.dll (API version 3944462).
LogModuleManager: Display: Found up-to-date module file ../../../Engine/Plugins/Editor/CryptoKeys/Binaries/Win64/UE4Editor-CryptoKeys.dll (API version 3944462).
LogModuleManager: Display: Found up-to-date module file ../../../Engine/Plugins/Editor/CryptoKeys/Binaries/Win64/UE4Editor-CryptoKeysOpenSSL.dll (API version 3944462).
LogModuleManager: Display: Found up-to-date module file ../../../Engine/Plugins/Editor/DataValidation/Binaries/Win64/UE4Editor-DataValidation.dll (API version 3944462).
LogModuleManager: Display: Found up-to-date module file ../../../Engine/Plugins/Editor/FacialAnimation/Binaries/Win64/UE4Editor-FacialAnimation.dll (API version 3944462).
LogModuleManager: Display: Found up-to-date module file ../../../Engine/Plugins/Editor/FacialAnimation/Binaries/Win64/UE4Editor-FacialAnimationEditor.dll (API version 3944462).
LogModuleManager: Display: Found up-to-date module file ../../../Engine/Plugins/Editor/GameplayTagsEditor/Binaries/Win64/UE4Editor-GameplayTagsEditor.dll (API version 3944462).
LogModuleManager: Display: Found up-to-date module file ../../../Engine/Plugins/Editor/MobileLauncherProfileWizard/Binaries/Win64/UE4Editor-MobileLauncherProfileWizard.dll (API version 3944462).
LogModuleManager: Display: Found up-to-date module file ../../../Engine/Plugins/Editor/PluginBrowser/Binaries/Win64/UE4Editor-PluginBrowser.dll (API version 3944462).
LogModuleManager: Display: Found up-to-date module file ../../../Engine/Plugins/Editor/SpeedTreeImporter/Binaries/Win64/UE4Editor-SpeedTreeImporter.dll (API version 3944462).
LogModuleManager: Display: Found up-to-date module file ../../../Engine/Plugins/Enterprise/DatasmithContent/Binaries/Win64/UE4Editor-DatasmithContent.dll (API version 3944462).
LogModuleManager: Display: Found up-to-date module file ../../../Engine/Plugins/Experimental/AlembicImporter/Binaries/Win64/UE4Editor-AlembicImporter.dll (API version 3944462).
LogModuleManager: Display: Found up-to-date module file ../../../Engine/Plugins/Experimental/AlembicImporter/Binaries/Win64/UE4Editor-AlembicLibrary.dll (API version 3944462).
LogModuleManager: Display: Found up-to-date module file ../../../Engine/Plugins/Experimental/CharacterAI/Binaries/Win64/UE4Editor-CharacterAI.dll (API version 3944462).
LogModuleManager: Display: Found up-to-date module file ../../../Engine/Plugins/Experimental/HTML5Networking/Binaries/Win64/UE4Editor-HTML5Networking.dll (API version 3944462).
LogModuleManager: Display: Found up-to-date module file ../../../Engine/Plugins/Media/AndroidMedia/Binaries/Win64/UE4Editor-AndroidMediaEditor.dll (API version 3944462).
LogModuleManager: Display: Found up-to-date module file ../../../Engine/Plugins/Media/AndroidMedia/Binaries/Win64/UE4Editor-AndroidMediaFactory.dll (API version 3944462).
LogModuleManager: Display: Found up-to-date module file ../../../Engine/Plugins/Media/AvfMedia/Binaries/Win64/UE4Editor-AvfMediaEditor.dll (API version 3944462).
LogModuleManager: Display: Found up-to-date module file ../../../Engine/Plugins/Media/AvfMedia/Binaries/Win64/UE4Editor-AvfMediaFactory.dll (API version 3944462).
LogModuleManager: Display: Found up-to-date module file ../../../Engine/Plugins/Media/AvfMedia/Binaries/Win64/UE4Editor-AvfMediaFactory.dll (API version 3944462).
LogModuleManager: Display: Found up-to-date module file ../../../Engine/Plugins/Media/ImgMedia/Binaries/Win64/UE4Editor-ImgMedia.dll (API version 3944462).
LogModuleManager: Display: Found up-to-date module file ../../../Engine/Plugins/Media/ImgMedia/Binaries/Win64/UE4Editor-ImgMediaEditor.dll (API version 3944462).
LogModuleManager: Display: Found up-to-date module file ../../../Engine/Plugins/Media/ImgMedia/Binaries/Win64/UE4Editor-ImgMediaFactory.dll (API version 3944462).
LogModuleManager: Display: Found up-to-date module file ../../../Engine/Plugins/Media/ImgMedia/Binaries/Win64/UE4Editor-ImgMediaFactory.dll (API version 3944462).
LogModuleManager: Display: Found up-to-date module file ../../../Engine/Plugins/Media/ImgMedia/Binaries/Win64/UE4Editor-OpenExrWrapper.dll (API version 3944462).
LogModuleManager: Display: Found up-to-date module file ../../../Engine/Plugins/Media/LinearTimecode/Binaries/Win64/UE4Editor-LinearTimecode.dll (API version 3944462).
LogModuleManager: Display: Found up-to-date module file ../../../Engine/Plugins/Media/MediaCompositing/Binaries/Win64/UE4Editor-MediaCompositing.dll (API version 3944462).
LogModuleManager: Display: Found up-to-date module file ../../../Engine/Plugins/Media/MediaCompositing/Binaries/Win64/UE4Editor-MediaCompositingEditor.dll (API version 3944462).
LogModuleManager: Display: Found up-to-date module file ../../../Engine/Plugins/Media/MediaPlayerEditor/Binaries/Win64/UE4Editor-MediaPlayerEditor.dll (API version 3944462).
LogModuleManager: Display: Found up-to-date module file ../../../Engine/Plugins/Media/WmfMedia/Binaries/Win64/UE4Editor-WmfMedia.dll (API version 3944462).
LogModuleManager: Display: Found up-to-date module file ../../../Engine/Plugins/Media/WmfMedia/Binaries/Win64/UE4Editor-WmfMediaEditor.dll (API version 3944462).
LogModuleManager: Display: Found up-to-date module file ../../../Engine/Plugins/Media/WmfMedia/Binaries/Win64/UE4Editor-WmfMediaFactory.dll (API version 3944462).
LogModuleManager: Display: Found up-to-date module file ../../../Engine/Plugins/Media/WmfMedia/Binaries/Win64/UE4Editor-WmfMediaFactory.dll (API version 3944462).
LogModuleManager: Display: Found up-to-date module file ../../../Engine/Plugins/Messaging/TcpMessaging/Binaries/Win64/UE4Editor-TcpMessaging.dll (API version 3944462).
LogModuleManager: Display: Found up-to-date module file ../../../Engine/Plugins/Messaging/UdpMessaging/Binaries/Win64/UE4Editor-UdpMessaging.dll (API version 3944462).
LogModuleManager: Display: Found up-to-date module file ../../../Engine/Plugins/MovieScene/ActorSequence/Binaries/Win64/UE4Editor-ActorSequence.dll (API version 3944462).
LogModuleManager: Display: Found up-to-date module file ../../../Engine/Plugins/MovieScene/LevelSequenceEditor/Binaries/Win64/UE4Editor-LevelSequenceEditor.dll (API version 3944462).
LogModuleManager: Display: Found up-to-date module file ../../../Engine/Plugins/MovieScene/MatineeToLevelSequence/Binaries/Win64/UE4Editor-MatineeToLevelSequence.dll (API version 3944462).
LogModuleManager: Display: Found up-to-date module file ../../../Engine/Plugins/NetcodeUnitTest/NetcodeUnitTest/Binaries/Win64/UE4Editor-NetcodeUnitTest.dll (API version 3944462).
LogModuleManager: Display: Found up-to-date module file ../../../Engine/Plugins/NetcodeUnitTest/NUTUnrealEngine4/Binaries/Win64/UE4Editor-NUTUnrealEngine4.dll (API version 3944462).
LogModuleManager: Display: Found up-to-date module file ../../../Engine/Plugins/Online/OnlineSubsystem/Binaries/Win64/UE4Editor-OnlineSubsystem.dll (API version 3944462).
LogModuleManager: Display: Found up-to-date module file ../../../Engine/Plugins/Online/OnlineSubsystemNull/Binaries/Win64/UE4Editor-OnlineSubsystemNull.dll (API version 3944462).
LogModuleManager: Display: Found up-to-date module file ../../../Engine/Plugins/Online/OnlineSubsystemUtils/Binaries/Win64/UE4Editor-OnlineSubsystemUtils.dll (API version 3944462).
LogModuleManager: Display: Found up-to-date module file ../../../Engine/Plugins/Online/OnlineSubsystemUtils/Binaries/Win64/UE4Editor-OnlineBlueprintSupport.dll (API version 3944462).
LogModuleManager: Display: Found up-to-date module file ../../../Engine/Plugins/Runtime/AndroidDeviceProfileSelector/Binaries/Win64/UE4Editor-AndroidDeviceProfileSelector.dll (API version 3944462).
LogModuleManager: Display: Found up-to-date module file ../../../Engine/Plugins/Runtime/AndroidPermission/Binaries/Win64/UE4Editor-AndroidPermission.dll (API version 3944462).
LogModuleManager: Display: Found up-to-date module file ../../../Engine/Plugins/Runtime/AppleARKit/Binaries/Win64/UE4Editor-AppleARKit.dll (API version 3944462).
LogModuleManager: Display: Found up-to-date module file ../../../Engine/Plugins/Runtime/ArchVisCharacter/Binaries/Win64/UE4Editor-ArchVisCharacter.dll (API version 3944462).
LogModuleManager: Display: Found up-to-date module file ../../../Engine/Plugins/Runtime/AudioCapture/Binaries/Win64/UE4Editor-AudioCapture.dll (API version 3944462).
LogModuleManager: Display: Found up-to-date module file ../../../Engine/Plugins/Runtime/AudioCapture/Binaries/Win64/UE4Editor-AudioCaptureEditor.dll (API version 3944462).
LogModuleManager: Display: Found up-to-date module file ../../../Engine/Plugins/Runtime/CableComponent/Binaries/Win64/UE4Editor-CableComponent.dll (API version 3944462).
LogModuleManager: Display: Found up-to-date module file ../../../Engine/Plugins/Runtime/CustomMeshComponent/Binaries/Win64/UE4Editor-CustomMeshComponent.dll (API version 3944462).
LogModuleManager: Display: Found up-to-date module file ../../../Engine/Plugins/Runtime/ExampleDeviceProfileSelector/Binaries/Win64/UE4Editor-ExampleDeviceProfileSelector.dll (API version 3944462).
LogModuleManager: Display: Found up-to-date module file ../../../Engine/Plugins/Runtime/ImmediatePhysics/Binaries/Win64/UE4Editor-ImmediatePhysics.dll (API version 3944462).
LogModuleManager: Display: Found up-to-date module file ../../../Engine/Plugins/Runtime/ImmediatePhysics/Binaries/Win64/UE4Editor-ImmediatePhysicsEditor.dll (API version 3944462).
LogModuleManager: Display: Found up-to-date module file ../../../Engine/Plugins/Runtime/LocationServicesBPLibrary/Binaries/Win64/UE4Editor-LocationServicesBPLibrary.dll (API version 3944462).
LogModuleManager: Display: Found up-to-date module file ../../../Engine/Plugins/Runtime/MobilePatchingUtils/Binaries/Win64/UE4Editor-MobilePatchingUtils.dll (API version 3944462).
LogModuleManager: Display: Found up-to-date module file ../../../Engine/Plugins/Runtime/Oculus/OculusVR/Binaries/Win64/UE4Editor-OculusHMD.dll (API version 3944462).
LogModuleManager: Display: Found up-to-date module file ../../../Engine/Plugins/Runtime/Oculus/OculusVR/Binaries/Win64/UE4Editor-OculusInput.dll (API version 3944462).
LogModuleManager: Display: Found up-to-date module file ../../../Engine/Plugins/Runtime/Oculus/OculusVR/Binaries/Win64/UE4Editor-OculusEditor.dll (API version 3944462).
LogModuleManager: Display: Found up-to-date module file ../../../Engine/Plugins/Runtime/PhysXVehicles/Binaries/Win64/UE4Editor-PhysXVehicles.dll (API version 3944462).
LogModuleManager: Display: Found up-to-date module file ../../../Engine/Plugins/Runtime/PhysXVehicles/Binaries/Win64/UE4Editor-PhysXVehiclesEditor.dll (API version 3944462).
LogModuleManager: Display: Found up-to-date module file ../../../Engine/Plugins/Runtime/ProceduralMeshComponent/Binaries/Win64/UE4Editor-ProceduralMeshComponent.dll (API version 3944462).
LogModuleManager: Display: Found up-to-date module file ../../../Engine/Plugins/Runtime/ProceduralMeshComponent/Binaries/Win64/UE4Editor-ProceduralMeshComponentEditor.dll (API version 3944462).
LogModuleManager: Display: Found up-to-date module file ../../../Engine/Plugins/Runtime/RuntimePhysXCooking/Binaries/Win64/UE4Editor-RuntimePhysXCooking.dll (API version 3944462).
LogModuleManager: Display: Found up-to-date module file ../../../Engine/Plugins/Runtime/Steam/SteamVR/Binaries/Win64/UE4Editor-SteamVR.dll (API version 3944462).
LogModuleManager: Display: Found up-to-date module file ../../../Engine/Plugins/Runtime/Steam/SteamVR/Binaries/Win64/UE4Editor-SteamVRController.dll (API version 3944462).
LogModuleManager: Display: Found up-to-date module file ../../../Engine/Plugins/Runtime/WindowsMoviePlayer/Binaries/Win64/UE4Editor-WindowsMoviePlayer.dll (API version 3944462).
LogModuleManager: Display: Found up-to-date module file ../../../../../../../Projects/FPS/FPS/Plugins/CoverPointGenerator/Binaries/Win64/UE4Editor-CoverPointGenerator.dll (API version 3944462).
LogInit: Using libcurl 7.47.1
LogInit:  - built for x86_64-pc-win32
LogInit:  - supports SSL with OpenSSL/1.0.2g
LogInit:  - supports HTTP deflate (compression) using libz 1.2.8
LogInit:  - other features:
LogInit:      CURL_VERSION_SSL
LogInit:      CURL_VERSION_LIBZ
LogInit:      CURL_VERSION_IPV6
LogInit:      CURL_VERSION_ASYNCHDNS
LogInit:      CURL_VERSION_LARGEFILE
LogInit:      CURL_VERSION_IDN
LogInit:  CurlRequestOptions (configurable via config and command line):
LogInit:  - bVerifyPeer = false  - Libcurl will NOT verify peer certificate
LogInit:  - bUseHttpProxy = false  - Libcurl will NOT use HTTP proxy
LogInit:  - bDontReuseConnections = false  - Libcurl will reuse connections
LogInit:  - CertBundlePath = nullptr  - Libcurl will use whatever was configured at build time.
LogInit:  - MaxHostConnections = 16  - Libcurl will limit the number of connections to a host
LogInit:  - LocalHostAddr = Default
LogInit: WinSock: version 1.1 (2.2), MaxSocks=32767, MaxUdp=65467
LogInit: WinSock: I am DESKTOP-27ERO04 (192.168.178.101:0)
LogInit: Build: ++UE4+Release-4.19-CL-4033788
LogInit: Engine Version: 4.19.2-4033788+++UE4+Release-4.19
LogInit: Compatible Engine Version: 4.19.0-3944462+++UE4+Release-4.19
LogInit: Net CL: 3944462
LogDevObjectVersion: Number of dev versions registered: 18
LogDevObjectVersion:   Dev-Blueprints (B0D832E4-1F89-4F0D-ACCF-7EB736FD4AA2): 10
LogDevObjectVersion:   Dev-Build (E1C64328-A22C-4D53-A36C-8E866417BD8C): 0
LogDevObjectVersion:   Dev-Core (375EC13C-06E4-48FB-B500-84F0262A717E): 2
LogDevObjectVersion:   Dev-Editor (E4B068ED-F494-42E9-A231-DA0B2E46BB41): 23
LogDevObjectVersion:   Dev-Framework (CFFC743F-43B0-4480-9391-14DF171D2073): 33
LogDevObjectVersion:   Dev-Mobile (B02B49B5-BB20-44E9-A304-32B752E40360): 2
LogDevObjectVersion:   Dev-Networking (A4E4105C-59A1-49B5-A7C5-40C4547EDFEE): 0
LogDevObjectVersion:   Dev-Online (39C831C9-5AE6-47DC-9A44-9C173E1C8E7C): 0
LogDevObjectVersion:   Dev-Physics (78F01B33-EBEA-4F98-B9B4-84EACCB95AA2): 0
LogDevObjectVersion:   Dev-Platform (6631380F-2D4D-43E0-8009-CF276956A95A): 0
LogDevObjectVersion:   Dev-Rendering (12F88B9F-8875-4AFC-A67C-D90C383ABD29): 25
LogDevObjectVersion:   Dev-Sequencer (7B5AE74C-D270-4C10-A958-57980B212A5A): 6
LogDevObjectVersion:   Dev-VR (D7296918-1DD6-4BDD-9DE2-64A83CC13884): 1
LogDevObjectVersion:   Dev-LoadTimes (C2A15278-BFE7-4AFE-6C17-90FF531DF755): 1
LogDevObjectVersion:   Private-Geometry (6EACA3D4-40EC-4CC1-B786-8BED09428FC5): 2
LogDevObjectVersion:   Dev-AnimPhys (29E575DD-E0A3-4627-9D10-D276232CDCEA): 16
LogDevObjectVersion:   Dev-ReflectionCapture (6B266CEC-1EC7-4B8F-A30B-E4D90942FC07): 1
LogDevObjectVersion:   Dev-Automation (0DF73D61-A23F-47EA-B727-89E90C41499A): 1
LogInit: Compiled (64-bit): Apr 27 2018 02:06:57
LogInit: Compiled with Visual C++: 19.00.24215.01
LogInit: Build Configuration: Development
LogInit: Branch Name: ++UE4+Release-4.19
LogInit: Command Line:  -skipcompile
LogInit: Base Directory: E:/Game Engines/Epic Games/4.19/UE_4.19/Engine/Binaries/Win64/
LogInit: Installed Engine Build: 1
LogStreaming: Display: Took  0.002s to delete old logs.
LogInit: Presizing for max 8388607 objects, including 0 objects not considered by GC, pre-allocating 0 bytes for permanent pool.
LogInit: Object subsystem initialized
[2018.06.30-12.56.12:725][  0]LogInit: Selected Device Profile: [Windows]
[2018.06.30-12.56.12:726][  0]LogInit: Applying CVar settings loaded from the selected device profile: [Windows]
[2018.06.30-12.56.12:756][  0]LogInit: Computer: DESKTOP-27ERO04
[2018.06.30-12.56.12:756][  0]LogInit: User: TomColdenhoff
[2018.06.30-12.56.12:756][  0]LogInit: CPU Page size=4096, Cores=4
[2018.06.30-12.56.12:756][  0]LogInit: High frequency timer resolution =3.319355 MHz
[2018.06.30-12.56.12:757][  0]LogMemory: Memory total: Physical=11.9GB (12GB approx)
[2018.06.30-12.56.12:757][  0]LogMemory: Platform Memory Stats for Windows
[2018.06.30-12.56.12:757][  0]LogMemory: Process Physical Memory: 278.87 MB used, 279.29 MB peak
[2018.06.30-12.56.12:757][  0]LogMemory: Process Virtual Memory: 269.75 MB used, 269.75 MB peak
[2018.06.30-12.56.12:757][  0]LogMemory: Physical Memory: 5965.18 MB used,  6242.26 MB free, 12207.44 MB total
[2018.06.30-12.56.12:757][  0]LogMemory: Virtual Memory: 4794.46 MB used,  6242.26 MB free, 134217728.00 MB total
[2018.06.30-12.56.12:798][  0]LogInit: Using OS detected language (en-US).
[2018.06.30-12.56.12:799][  0]LogInit: Using OS detected locale (en-US).
[2018.06.30-12.56.12:802][  0]LogTextLocalizationManager: No specific localization for 'en-US' exists, so the 'en' localization will be used.
[2018.06.30-12.56.13:208][  0]LogStreaming: Display: Took  0.410s to EndInitTextLocalization.
[2018.06.30-12.56.13:208][  0]LogInit: Setting process to per monitor DPI aware
[2018.06.30-12.56.13:253][  0]LogSlate: New Slate User Created.  User Index 0, Is Virtual User: 0
[2018.06.30-12.56.13:253][  0]LogSlate: Slate User Registered.  User Index 0, Is Virtual User: 0
[2018.06.30-12.56.13:426][  0]LogD3D11RHI: D3D11 adapters:
[2018.06.30-12.56.13:492][  0]LogD3D11RHI:    0. 'NVIDIA GeForce GTX 970' (Feature Level 11_0)
[2018.06.30-12.56.13:492][  0]LogD3D11RHI:       4043/0/6103 MB DedicatedVideo/DedicatedSystem/SharedSystem, Outputs:2, VendorId:0x10de
[2018.06.30-12.56.13:496][  0]LogD3D11RHI:    1. 'Microsoft Basic Render Driver' (Feature Level 11_0)
[2018.06.30-12.56.13:496][  0]LogD3D11RHI:       0/0/6103 MB DedicatedVideo/DedicatedSystem/SharedSystem, Outputs:0, VendorId:0x1414
[2018.06.30-12.56.13:496][  0]LogD3D11RHI: Chosen D3D11 Adapter: 0
[2018.06.30-12.56.13:504][  0]LogD3D11RHI: Creating new Direct3DDevice
[2018.06.30-12.56.13:504][  0]LogD3D11RHI:     GPU DeviceId: 0x13c2 (for the marketing name, search the web for "GPU Device Id")
[2018.06.30-12.56.13:504][  0]LogWindows: EnumDisplayDevices:
[2018.06.30-12.56.13:505][  0]LogWindows:    0. 'NVIDIA GeForce GTX 970' (P:1 D:1)
[2018.06.30-12.56.13:505][  0]LogWindows:    1. 'NVIDIA GeForce GTX 970' (P:0 D:1)
[2018.06.30-12.56.13:505][  0]LogWindows:    2. 'NVIDIA GeForce GTX 970' (P:0 D:0)
[2018.06.30-12.56.13:505][  0]LogWindows:    3. 'NVIDIA GeForce GTX 970' (P:0 D:0)
[2018.06.30-12.56.13:505][  0]LogWindows: DebugString: GetVideoDriverDetailsInvalid PrimaryIsNotTheChoosenAdapter GetVideoDriverDetailsInvalid PrimaryIsNotTheChoosenAdapter GetVideoDriverDetailsInvalid PrimaryIsNotTheChoosenAdapter GetVideoDriverDetailsInvalid PrimaryIsNotTheChoosenAdapter FoundDriverCount:0 
[2018.06.30-12.56.13:505][  0]LogD3D11RHI:     Adapter Name: NVIDIA GeForce GTX 970
[2018.06.30-12.56.13:505][  0]LogD3D11RHI:   Driver Version: Unknown (internal:Unknown, unified:Unknown)
[2018.06.30-12.56.13:505][  0]LogD3D11RHI:      Driver Date: Unknown
[2018.06.30-12.56.13:505][  0]LogRHI: Texture pool is 2830 MB (70% of 4043 MB)
[2018.06.30-12.56.13:543][  0]LogD3D11RHI: [Aftermath] Aftermath enabled and primed
[2018.06.30-12.56.13:543][  0]LogD3D11RHI: [Aftermath] Aftermath enabled and primed
[2018.06.30-12.56.13:543][  0]LogD3D11RHI: Async texture creation enabled
[2018.06.30-12.56.13:614][  0]LogD3D11RHI: GPU Timing Frequency: 1000.000000 (Debug: 2 2)
[2018.06.30-12.56.13:662][  0]LogShaderCompilers: Guid format shader working directory is 16 characters bigger than the processId version (../../../../../../../Projects/FPS/FPS/Intermediate/Shaders/WorkingDirectory/11692/).
[2018.06.30-12.56.13:662][  0]LogShaderCompilers: Cleaned the shader compiler working directory 'C:/Users/TomColdenhoff/AppData/Local/Temp/UnrealShaderWorkingDir/7C0264414213DB1C5E1EE488BFAD6B86/'.
[2018.06.30-12.56.13:861][  0]LogTemp: Display: Loaded TP AllDesktopTargetPlatform
[2018.06.30-12.56.13:877][  0]LogTemp: Display: Loaded TP MacClientTargetPlatform
[2018.06.30-12.56.13:893][  0]LogTemp: Display: Loaded TP MacNoEditorTargetPlatform
[2018.06.30-12.56.13:906][  0]LogTemp: Display: Loaded TP MacServerTargetPlatform
[2018.06.30-12.56.13:921][  0]LogTemp: Display: Loaded TP MacTargetPlatform
[2018.06.30-12.56.13:938][  0]LogTemp: Display: Loaded TP WindowsClientTargetPlatform
[2018.06.30-12.56.13:954][  0]LogTemp: Display: Loaded TP WindowsNoEditorTargetPlatform
[2018.06.30-12.56.13:968][  0]LogTemp: Display: Loaded TP WindowsServerTargetPlatform
[2018.06.30-12.56.13:975][  0]LogTemp: Display: Loaded TP WindowsTargetPlatform
[2018.06.30-12.56.13:989][  0]LogTemp: Display: Loaded TP Android_ASTCTargetPlatform
[2018.06.30-12.56.14:007][  0]LogTemp: Display: Loaded TP Android_ATCTargetPlatform
[2018.06.30-12.56.14:020][  0]LogTemp: Display: Loaded TP Android_DXTTargetPlatform
[2018.06.30-12.56.14:033][  0]LogTemp: Display: Loaded TP Android_ETC1aTargetPlatform
[2018.06.30-12.56.14:045][  0]LogTemp: Display: Loaded TP Android_ETC1TargetPlatform
[2018.06.30-12.56.14:059][  0]LogTemp: Display: Loaded TP Android_ETC2TargetPlatform
[2018.06.30-12.56.14:088][  0]LogTemp: Display: Loaded TP Android_MultiTargetPlatform
[2018.06.30-12.56.14:088][  0]LogTemp: Display: Loaded TP Android_PVRTCTargetPlatform
[2018.06.30-12.56.14:101][  0]LogTemp: Display: Loaded TP AndroidTargetPlatform
[2018.06.30-12.56.14:104][  0]LogTemp: Display: Loaded TP HTML5TargetPlatform
[2018.06.30-12.56.14:148][  0]LogTemp: Display: Loaded TP IOSTargetPlatform
[2018.06.30-12.56.14:161][  0]LogTemp: Display: Loaded TP TVOSTargetPlatform
[2018.06.30-12.56.14:175][  0]LogTemp: Display: Loaded TP LinuxClientTargetPlatform
[2018.06.30-12.56.14:192][  0]LogTemp: Display: Loaded TP LinuxNoEditorTargetPlatform
[2018.06.30-12.56.14:211][  0]LogTemp: Display: Loaded TP LinuxServerTargetPlatform
[2018.06.30-12.56.14:225][  0]LogTemp: Display: Loaded TP LinuxTargetPlatform
[2018.06.30-12.56.14:225][  0]LogTargetPlatformManager: Display: Building Assets For Windows
[2018.06.30-12.56.14:346][  0]LogXGEController: Cleaning working directory: C:/Users/TomColdenhoff/AppData/Local/Temp/UnrealXGEWorkingDir/
[2018.06.30-12.56.14:346][  0]LogXGEController: Cannot use XGE Controller as Incredibuild is not installed on this machine.
[2018.06.30-12.56.14:346][  0]LogShaderCompilers: Cannot use XGE Shader Compiler as Incredibuild is not installed on this machine.
[2018.06.30-12.56.14:346][  0]LogShaderCompilers: Display: Using Local Shader Compiler.
[2018.06.30-12.56.15:033][  0]LogDerivedDataCache: Display: Max Cache Size: 512 MB
[2018.06.30-12.56.15:105][  0]LogDerivedDataCache: Loaded boot cache 0.07s 80MB C:/Users/TomColdenhoff/AppData/Local/UnrealEngine/4.19/DerivedDataCache/Boot.ddc.
[2018.06.30-12.56.15:105][  0]LogDerivedDataCache: Display: Loaded Boot cache: C:/Users/TomColdenhoff/AppData/Local/UnrealEngine/4.19/DerivedDataCache/Boot.ddc
[2018.06.30-12.56.15:105][  0]LogDerivedDataCache: FDerivedDataBackendGraph:  Pak pak cache file ../../../../../../../Projects/FPS/FPS/DerivedDataCache/DDC.ddp not found, will not use a pak cache.
[2018.06.30-12.56.15:105][  0]LogDerivedDataCache: Unable to find inner node Pak for hierarchical cache Hierarchy.
[2018.06.30-12.56.15:105][  0]LogDerivedDataCache: FDerivedDataBackendGraph:  CompressedPak pak cache file ../../../../../../../Projects/FPS/FPS/DerivedDataCache/Compressed.ddp not found, will not use a pak cache.
[2018.06.30-12.56.15:105][  0]LogDerivedDataCache: Unable to find inner node CompressedPak for hierarchical cache Hierarchy.
[2018.06.30-12.56.15:122][  0]LogDerivedDataCache: Display: Pak cache opened for reading ../../../Engine/DerivedDataCache/Compressed.ddp.
[2018.06.30-12.56.15:135][  0]LogDerivedDataCache: Using Local data cache path C:/Users/TomColdenhoff/AppData/Local/UnrealEngine/Common/DerivedDataCache: Writable
[2018.06.30-12.56.15:135][  0]LogDerivedDataCache: Shared data cache path not found in *engine.ini, will not use an Shared cache.
[2018.06.30-12.56.15:135][  0]LogDerivedDataCache: Unable to find inner node Shared for hierarchical cache Hierarchy.
[2018.06.30-12.56.15:146][  0]LogMaterial: Verifying Global Shaders for PCD3D_SM5
[2018.06.30-12.56.15:146][  0]LogSlate: Using Freetype 2.6.0
[2018.06.30-12.56.15:147][  0]LogSlate: SlateFontCache - WITH_FREETYPE: 1, WITH_HARFBUZZ: 1
[2018.06.30-12.56.15:147][  0]LogSlate: SlateFontCache - WITH_FREETYPE: 1, WITH_HARFBUZZ: 1
[2018.06.30-12.56.15:262][  0]LogAssetRegistry: FAssetRegistry took 0.0279 seconds to start up
[2018.06.30-12.56.16:331][  0]LogInit: Selected Device Profile: [Windows]
[2018.06.30-12.56.16:481][  0]LogSimplygon: Simplygon DLL not present - disabling.
[2018.06.30-12.56.16:486][  0]LogMeshReduction: Using SimplygonSwarm for distributed automatic mesh merging
[2018.06.30-12.56.16:486][  0]LogMeshReduction: Using QuadricMeshReduction for automatic static mesh reduction
[2018.06.30-12.56.16:486][  0]LogMeshReduction: No automatic skeletal mesh reduction module available
[2018.06.30-12.56.16:486][  0]LogMeshReduction: No automatic mesh merging module available
[2018.06.30-12.56.16:486][  0]LogMeshMerging: No automatic mesh merging module available
[2018.06.30-12.56.16:514][  0]LogNetVersion: FPS , NetCL: 3944462, EngineNetVer: 2, GameNetVer: 0 (Checksum: 2326512385)
[2018.06.30-12.56.16:912][  0]LogPackageLocalizationCache: Processed 9 localized package path(s) for 2 prioritized culture(s) in 0.060841 seconds
[2018.06.30-12.56.16:919][  0]LogUObjectArray: 36728 objects as part of root set at end of initial load.
[2018.06.30-12.56.16:919][  0]LogUObjectAllocator: 7314312 out of 0 bytes used by permanent object pool.
[2018.06.30-12.56.16:919][  0]LogUObjectArray: CloseDisregardForGC: 0/0 objects in disregard for GC pool
[2018.06.30-12.56.18:449][  0]LogTcpMessaging: Initializing TcpMessaging bridge
[2018.06.30-12.56.18:475][  0]LogUdpMessaging: Initializing bridge on interface 0.0.0.0:0 to multicast group 230.0.0.1:6666.
[2018.06.30-12.56.18:812][  0]LogSkeletalMesh: Skeletal Mesh found in DDC [1.036346ms] /Game/Models/Player/Arms/Arms_SMG.Arms_SMG
[2018.06.30-12.56.18:825][  0]LogUObjectGlobals: Created PersistentFrame Addr=0x00000223a9fb0130, Size=80, Default__BP_SMGAnim_C Function /Game/Animations/SMG/BP_SMGAnim.BP_SMGAnim_C:ExecuteUbergraph_BP_SMGAnim
[2018.06.30-12.56.18:834][  0]LogUObjectGlobals: Destroyed PersistentFrame Addr=0x00000223a9fb0130, Size=80
[2018.06.30-12.56.18:834][  0]LogUObjectGlobals: Created PersistentFrame Addr=0x00000223acf73bf0, Size=80, Default__BP_SMGAnim_C Function /Engine/Transient.REINST_BP_SMGAnim_C_0:ExecuteUbergraph_BP_SMGAnim
[2018.06.30-12.56.18:842][  0]LogUObjectGlobals: Created PersistentFrame Addr=0x00000223acec9a80, Size=80, Default__BP_SMGAnim_C Function /Game/Animations/SMG/BP_SMGAnim.BP_SMGAnim_C:ExecuteUbergraph_BP_SMGAnim
[2018.06.30-12.56.18:958][  0]SourceControl: Source control is disabled
[2018.06.30-12.56.18:958][  0]SourceControl: Source control is disabled
[2018.06.30-12.56.18:973][  0]SourceControl: Source control is disabled
[2018.06.30-12.56.18:987][  0]SourceControl: Source control is disabled
[2018.06.30-12.56.19:418][  0]LogAndroidPermission: UAndroidPermissionCallbackProxy::GetInstance
[2018.06.30-12.56.19:566][  0]LogOcInput: OculusInput pre-init called
[2018.06.30-12.56.20:553][  0]LogEngine: Initializing Engine...
[2018.06.30-12.56.20:554][  0]LogHMD: Failed to initialize OpenVR with code 110
[2018.06.30-12.56.20:556][  0]LogStats: UGameplayTagsManager::ConstructGameplayTagTree: Construct from data asset -  0.000 s
[2018.06.30-12.56.20:556][  0]LogStats: UGameplayTagsManager::ConstructGameplayTagTree: GameplayTagTreeChangedEvent.Broadcast -  0.000 s
[2018.06.30-12.56.20:763][  0]LogAIModule: Creating AISystem for world Untitled
[2018.06.30-12.56.20:790][  0]LogInit: XAudio2 using 'Speakers (Logitech G35 Headset)' : 2 channels at 44.1 kHz using 16 bits per sample (channel mask 0x3)
[2018.06.30-12.56.20:806][  0]LogInit: FAudioDevice initialized.
[2018.06.30-12.56.20:973][  0]LogDerivedDataCache: Saved boot cache 0.17s 80MB C:/Users/TomColdenhoff/AppData/Local/UnrealEngine/4.19/DerivedDataCache/Boot.ddc.
[2018.06.30-12.56.20:992][  0]LogInit: Texture streaming: Enabled
[2018.06.30-12.56.21:022][  0]LogEngineSessionManager: EngineSessionManager initialized
[2018.06.30-12.56.21:031][  0]LogInit: Transaction tracking system initialized
[2018.06.30-12.56.21:061][  0]BlueprintLog: New page: Editor Load
[2018.06.30-12.56.21:162][  0]LocalizationService: Localization service is disabled
[2018.06.30-12.56.21:276][  0]LogConsoleResponse: Display: 
[2018.06.30-12.56.21:417][  0]LogCook: Display: Max memory allowance for cook 16384mb min free memory 0mb
[2018.06.30-12.56.21:417][  0]LogCook: Display: Mobile HDR setting 1
[2018.06.30-12.56.21:417][  0]LogGameplayTags: Display: UGameplayTagsManager::DoneAddingNativeTags. DelegateIsBound: 0
[2018.06.30-12.56.21:418][  0]LogStats: UGameplayTagsManager::ConstructGameplayTagTree: Construct from data asset -  0.000 s
[2018.06.30-12.56.21:418][  0]LogStats: UGameplayTagsManager::ConstructGameplayTagTree: GameplayTagTreeChangedEvent.Broadcast -  0.000 s
[2018.06.30-12.56.21:674][  0]LogFileCache: Scanning file cache for directory 'E:/Projects/FPS/FPS/Content/' took 0.02s
[2018.06.30-12.56.21:736][  0]SourceControl: Source control is disabled
[2018.06.30-12.56.21:736][  0]Cmd: MAP LOAD FILE="../../../../../../../Projects/FPS/FPS/Content/Maps/Level1.umap" TEMPLATE=0 SHOWPROGRESS=1 FEATURELEVEL=3
[2018.06.30-12.56.21:737][  0]LightingResults: New page: Lighting Build
[2018.06.30-12.56.21:738][  0]MapCheck: New page: Map Check
[2018.06.30-12.56.21:739][  0]LightingResults: New page: Lighting Build
[2018.06.30-12.56.21:749][  0]LogUObjectGlobals: Destroyed PersistentFrame Addr=0x00000223acf73bf0, Size=80
[2018.06.30-12.56.22:534][  0]LogAIModule: Creating AISystem for world Level1
[2018.06.30-12.56.22:559][  0]LogEditorServer: Finished looking for orphan Actors (0.000 secs)
[2018.06.30-12.56.22:575][  0]Cmd: MAP CHECKDEP NOCLEARLOG
[2018.06.30-12.56.22:633][  0]MapCheck: Map check complete: 0 Error(s), 0 Warning(s), took 57.813ms to complete.
[2018.06.30-12.56.22:633][  0]LogFileHelpers: Loading map 'Level1' took 0.897
[2018.06.30-12.56.22:776][  0]LogCollectionManager: Loaded 0 collections in 0.001436 seconds
[2018.06.30-12.56.22:822][  0]LogFileCache: Scanning file cache for directory 'E:/Projects/FPS/FPS/Saved/Collections/' took 0.01s
[2018.06.30-12.56.22:822][  0]LogFileCache: Scanning file cache for directory 'E:/Projects/FPS/FPS/Content/Developers/TomColdenhoff/Collections/' took 0.01s
[2018.06.30-12.56.22:823][  0]LogFileCache: Scanning file cache for directory 'E:/Projects/FPS/FPS/Content/Collections/' took 0.01s
[2018.06.30-12.56.22:823][  0]LogCollectionManager: Rebuilt the GUID cache for 0 collections in 0.000000 seconds
[2018.06.30-12.56.22:832][  0]LogContentBrowser: Native class hierarchy populated in 0.0092 seconds. Added 2481 classes and 565 folders.
[2018.06.30-12.56.22:837][  0]LogContentBrowser: Native class hierarchy updated for 'WidgetCarousel' in 0.0008 seconds. Added 0 classes and 0 folders.
[2018.06.30-12.56.22:872][  0]LogContentBrowser: Native class hierarchy updated for 'AddContentDialog' in 0.0009 seconds. Added 0 classes and 0 folders.
[2018.06.30-12.56.22:879][  0]LogContentBrowser: Native class hierarchy updated for 'SceneOutliner' in 0.0010 seconds. Added 1 classes and 2 folders.
[2018.06.30-12.56.23:935][  0]LogSlate: Only BGRA pngs, bmps or icos are supported in by External Image Picker
[2018.06.30-12.56.23:954][  0]LogSlate: Took 0.000195 seconds to synchronously load lazily loaded font '../../../Engine/Content/Slate/Fonts/Roboto-Regular.ttf' (155K)
[2018.06.30-12.56.23:966][  0]LogSlate: Took 0.000243 seconds to synchronously load lazily loaded font '../../../Engine/Content/Slate/Fonts/Roboto-Bold.ttf' (160K)
[2018.06.30-12.56.23:973][  0]LogTemp: Executing iPhonePackager certificates Engine -bundlename com.YourCompany.FPS
[2018.06.30-12.56.23:973][  0]LogTemp: CWD: E:\Game Engines\Epic Games\4.19\UE_4.19\Engine\Binaries\DotNET\IOS
[2018.06.30-12.56.23:973][  0]LogTemp: Initial Dir: E:\Game Engines\Epic Games\4.19\UE_4.19
[2018.06.30-12.56.23:973][  0]LogTemp: Env CWD: E:\Game Engines\Epic Games\4.19\UE_4.19\Engine\Binaries\DotNET\IOS
[2018.06.30-12.56.23:973][  0]LogSlate: Took 0.000237 seconds to synchronously load lazily loaded font '../../../Engine/Content/Editor/Slate/Fonts/FontAwesome.ttf' (139K)
[2018.06.30-12.56.24:068][  0]LogTemp: BranchPath = DESKTOP-27ERO04/E/Game Engines/Epic Games/4.19/UE_4.19/Engine/Binaries --- GameBranchPath = DESKTOP-27ERO04/E/Game Engines/Epic Games/4.19/UE_4.19/Engine/Binaries
[2018.06.30-12.56.24:069][  0]LogTemp: IPP ERROR: Could not find provision directory 'C:\Users\TomColdenhoff\AppData\Local/Apple Computer/MobileDevice/Provisioning Profiles/'.
[2018.06.30-12.56.24:069][  0]LogRenderer: Reallocating scene render targets to support 1136x532 Format 10 NumSamples 1 (Frame:1).
[2018.06.30-12.56.24:298][  0]LogContentBrowser: Native class hierarchy updated for 'HierarchicalLODOutliner' in 0.0010 seconds. Added 0 classes and 0 folders.
[2018.06.30-12.56.24:298][  0]LogLoad: (Engine Initialization) Total time: 14.03 seconds
[2018.06.30-12.56.24:298][  0]LogLoad: (Engine Initialization) Total Blueprint compile time: 0.00 seconds
[2018.06.30-12.56.24:307][  0]LogWindowsTextInputMethodSystem: Display: IME system now deactivated.
[2018.06.30-12.56.24:333][  0]LogContentStreaming: Texture pool size now 1000 MB
[2018.06.30-12.56.24:376][  0]LogSlate: Took 0.000167 seconds to synchronously load lazily loaded font '../../../Engine/Content/Slate/Fonts/Roboto-Light.ttf' (167K)
[2018.06.30-12.56.24:397][  1]LogAssetRegistry: Asset discovery search completed in 9.1594 seconds
[2018.06.30-12.56.24:402][  1]LogCollectionManager: Rebuilt the object cache for 0 collections in 0.000001 seconds (found 0 objects)
[2018.06.30-12.56.24:402][  1]LogCollectionManager: Fixed up redirectors for 0 collections in 0.000206 seconds (updated 0 objects)
[2018.06.30-12.56.29:737][460]LogSlate: FSceneViewport::OnFocusLost() reason 0
[2018.06.30-12.56.29:801][467]LogTemp: Repeating last play command: Selected Viewport
[2018.06.30-12.56.29:823][467]LogPlayLevel: PlayLevel: No blueprints needed recompiling
[2018.06.30-12.56.29:824][467]PIE: New page: PIE session: Level1 (Jun 30, 2018, 4:56:29 PM)
[2018.06.30-12.56.29:824][467]LogPlayLevel: Creating play world package: /Game/Maps/UEDPIE_0_Level1
[2018.06.30-12.56.29:840][467]LogPlayLevel: PIE: StaticDuplicateObject took: (0.016456s)
[2018.06.30-12.56.29:841][467]LogAIModule: Creating AISystem for world Level1
[2018.06.30-12.56.29:842][467]LogPlayLevel: PIE: World Init took: (0.000998s)
[2018.06.30-12.56.29:842][467]LogPlayLevel: PIE: Created PIE world by copying editor world from /Game/Maps/Level1.Level1 to /Game/Maps/UEDPIE_0_Level1.Level1 (0.018103s)
[2018.06.30-12.56.29:857][467]LogInit: XAudio2 using 'Speakers (Logitech G35 Headset)' : 2 channels at 44.1 kHz using 16 bits per sample (channel mask 0x3)
[2018.06.30-12.56.29:872][467]LogInit: FAudioDevice initialized.
[2018.06.30-12.56.29:934][467]LogUObjectGlobals: Created PersistentFrame Addr=0x00000223f8686f00, Size=128, Default__BP_InGameGUI_C Function /Game/UI/Widgets/BP_InGameGUI.BP_InGameGUI_C:ExecuteUbergraph_BP_InGameGUI
[2018.06.30-12.56.29:938][467]LogUObjectGlobals: Destroyed PersistentFrame Addr=0x00000223f8686f00, Size=128
[2018.06.30-12.56.29:938][467]LogUObjectGlobals: Created PersistentFrame Addr=0x00000223f8686f00, Size=128, Default__BP_InGameGUI_C Function /Engine/Transient.REINST_BP_InGameGUI_C_0:ExecuteUbergraph_BP_InGameGUI
[2018.06.30-12.56.29:940][467]LogUObjectGlobals: Created PersistentFrame Addr=0x00000223f8686680, Size=128, Default__BP_InGameGUI_C Function /Game/UI/Widgets/BP_InGameGUI.BP_InGameGUI_C:ExecuteUbergraph_BP_InGameGUI
[2018.06.30-12.56.29:952][467]LogUObjectGlobals: Created PersistentFrame Addr=0x00000223f78bfb58, Size=4, Default__OnGroundSlot_C Function /Game/UI/Widgets/Inventory/Ground/OnGroundSlot.OnGroundSlot_C:ExecuteUbergraph_OnGroundSlot
[2018.06.30-12.56.29:955][467]LogUObjectGlobals: Destroyed PersistentFrame Addr=0x00000223f78bfb58, Size=4
[2018.06.30-12.56.29:955][467]LogUObjectGlobals: Created PersistentFrame Addr=0x00000223f9d1c5f8, Size=4, Default__OnGroundSlot_C Function /Engine/Transient.REINST_OnGroundSlot_C_2:ExecuteUbergraph_OnGroundSlot
[2018.06.30-12.56.29:957][467]LogUObjectGlobals: Created PersistentFrame Addr=0x00000223f9d1c688, Size=4, Default__OnGroundSlot_C Function /Game/UI/Widgets/Inventory/Ground/OnGroundSlot.OnGroundSlot_C:ExecuteUbergraph_OnGroundSlot
[2018.06.30-12.56.29:959][467]LogUObjectGlobals: Created PersistentFrame Addr=0x0000022391be11c0, Size=160, Default__OnGroundUI_C Function /Game/UI/Widgets/Inventory/Ground/OnGroundUI.OnGroundUI_C:ExecuteUbergraph_OnGroundUI
[2018.06.30-12.56.29:963][467]LogUObjectGlobals: Destroyed PersistentFrame Addr=0x0000022391be11c0, Size=160
[2018.06.30-12.56.29:963][467]LogUObjectGlobals: Created PersistentFrame Addr=0x0000022391b97560, Size=160, Default__OnGroundUI_C Function /Engine/Transient.REINST_OnGroundUI_C_3:ExecuteUbergraph_OnGroundUI
[2018.06.30-12.56.29:967][467]LogUObjectGlobals: Created PersistentFrame Addr=0x0000022391b96020, Size=160, Default__OnGroundUI_C Function /Game/UI/Widgets/Inventory/Ground/OnGroundUI.OnGroundUI_C:ExecuteUbergraph_OnGroundUI
[2018.06.30-12.56.29:972][467]LogUObjectGlobals: Created PersistentFrame Addr=0x00000223f88282c0, Size=56, Default__HandSlot_C Function /Game/UI/Widgets/Inventory/HandSlot.HandSlot_C:ExecuteUbergraph_HandSlot
[2018.06.30-12.56.29:976][467]LogUObjectGlobals: Destroyed PersistentFrame Addr=0x00000223f88282c0, Size=56
[2018.06.30-12.56.29:976][467]LogUObjectGlobals: Created PersistentFrame Addr=0x00000223f88282c0, Size=56, Default__HandSlot_C Function /Engine/Transient.REINST_HandSlot_C_4:ExecuteUbergraph_HandSlot
[2018.06.30-12.56.29:979][467]LogUObjectGlobals: Created PersistentFrame Addr=0x00000223f882bd28, Size=56, Default__HandSlot_C Function /Game/UI/Widgets/Inventory/HandSlot.HandSlot_C:ExecuteUbergraph_HandSlot
[2018.06.30-12.56.29:988][467]LogUObjectGlobals: Created PersistentFrame Addr=0x00000223d648be40, Size=424, Default__Slot_C Function /Game/UI/Widgets/Inventory/Slot.Slot_C:ExecuteUbergraph_Slot
[2018.06.30-12.56.29:994][467]LogUObjectGlobals: Destroyed PersistentFrame Addr=0x00000223d648be40, Size=424
[2018.06.30-12.56.29:994][467]LogUObjectGlobals: Created PersistentFrame Addr=0x00000223d648be40, Size=424, Default__Slot_C Function /Engine/Transient.REINST_Slot_C_5:ExecuteUbergraph_Slot
[2018.06.30-12.56.29:999][467]LogUObjectGlobals: Created PersistentFrame Addr=0x00000223d648a780, Size=424, Default__Slot_C Function /Game/UI/Widgets/Inventory/Slot.Slot_C:ExecuteUbergraph_Slot
[2018.06.30-12.56.30:002][467]LogUObjectGlobals: Created PersistentFrame Addr=0x000002238f74ea98, Size=40, Default__InventorySlots_C Function /Game/UI/Widgets/Inventory/InventorySlots.InventorySlots_C:ExecuteUbergraph_InventorySlots
[2018.06.30-12.56.30:017][467]LogUObjectGlobals: Destroyed PersistentFrame Addr=0x000002238f74ea98, Size=40
[2018.06.30-12.56.30:017][467]LogUObjectGlobals: Created PersistentFrame Addr=0x000002238f74ea98, Size=40, Default__InventorySlots_C Function /Engine/Transient.REINST_InventorySlots_C_6:ExecuteUbergraph_InventorySlots
[2018.06.30-12.56.30:025][467]LogUObjectGlobals: Created PersistentFrame Addr=0x000002238f74e7f0, Size=40, Default__InventorySlots_C Function /Game/UI/Widgets/Inventory/InventorySlots.InventorySlots_C:ExecuteUbergraph_InventorySlots
[2018.06.30-12.56.30:027][467]LogUObjectGlobals: Created PersistentFrame Addr=0x000002238f74e520, Size=40, Default__UIHUD_C Function /Game/UI/Widgets/UIHUD.UIHUD_C:ExecuteUbergraph_UIHUD
[2018.06.30-12.56.30:031][467]LogUObjectGlobals: Destroyed PersistentFrame Addr=0x000002238f74e520, Size=40
[2018.06.30-12.56.30:031][467]LogUObjectGlobals: Created PersistentFrame Addr=0x000002238f74e520, Size=40, Default__UIHUD_C Function /Engine/Transient.REINST_UIHUD_C_7:ExecuteUbergraph_UIHUD
[2018.06.30-12.56.30:033][467]LogUObjectGlobals: Created PersistentFrame Addr=0x000002238f74e548, Size=40, Default__UIHUD_C Function /Game/UI/Widgets/UIHUD.UIHUD_C:ExecuteUbergraph_UIHUD
[2018.06.30-12.56.30:106][467]LogLoad: Game class is 'BP_FPSGameModeBase_C'
[2018.06.30-12.56.30:116][467]LogWorld: Bringing World /Game/Maps/UEDPIE_0_Level1.Level1 up for play (max tick rate 0) at 2018.06.30-14.56.30
[2018.06.30-12.56.30:117][467]LogWorld: Bringing up level for play took: 0.009247
[2018.06.30-12.56.30:121][467]LogContentBrowser: Native class hierarchy updated for 'MovieSceneCapture' in 0.0011 seconds. Added 11 classes and 0 folders.
[2018.06.30-12.56.30:128][467]PIE: Play in editor start time for /Game/Maps/UEDPIE_0_Level1 -0.315
[2018.06.30-12.56.34:181][830]LogTemp: Warning: SMG: Added to inventory
[2018.06.30-12.56.34:601][870]LogSlate: FSceneViewport::OnFocusLost() reason 0
[2018.06.30-12.56.34:990][907]LogOutputDevice: Warning: 

Script Stack:
HandSlot_C.OnDrop

[2018.06.30-12.56.34:990][907]LogOutputDevice: Error: Ensure condition failed: bHasBegunPlay [File:D:\Build\++UE4+Release-4.19+Compile\Sync\Engine\Source\Runtime\Engine\Private\Components\ActorComponent.cpp] [Line: 1004] 
Failed to route BeginPlay (SMG /Game/Maps/UEDPIE_0_Level1.Level1:PersistentLevel.BP_FPSPlayer_C_0.CurrentWeaponMesh)

[2018.06.30-12.56.34:990][907]LogStats:             FDebug::EnsureFailed -  0.000 s
[2018.06.30-12.56.39:357][ 42]LogTemp: Warning: SMG: Added to inventory
[2018.06.30-12.56.41:266][224]LogTemp: Warning: SMG: Added to inventory
[2018.06.30-12.56.42:209][314]LogTemp: Warning: SMG: Added to inventory
[2018.06.30-12.56.43:614][448]LogTemp: Warning: SMG: Added to inventory
[2018.06.30-12.56.44:802][561]LogTemp: Warning: SMG: Added to inventory
[2018.06.30-12.56.47:248][794]LogTemp: Warning: SMG: Added to inventory
[2018.06.30-12.56.47:890][855]LogTemp: Warning: SMG: Added to inventory
[2018.06.30-12.56.48:878][949]LogTemp: Warning: SMG: Added to inventory
[2018.06.30-12.56.50:117][ 67]LogTemp: Warning: SMG: Added to inventory
[2018.06.30-12.56.51:410][190]LogTemp: Warning: SMG: Added to inventory
[2018.06.30-12.56.53:879][425]LogTemp: Warning: SMG: Added to inventory
[2018.06.30-12.56.54:656][499]LogTemp: Warning: SMG: Added to inventory
[2018.06.30-12.56.55:834][611]LogTemp: Warning: SMG: Added to inventory
[2018.06.30-12.56.57:559][775]LogTemp: Warning: SMG: Added to inventory
[2018.06.30-12.56.58:294][845]LogTemp: Warning: SMG: Added to inventory
[2018.06.30-12.57.00:565][ 61]LogTemp: Warning: SMG: Added to inventory
[2018.06.30-12.57.01:358][136]LogTemp: Warning: SMG: Added to inventory
[2018.06.30-12.57.02:507][244]LogTemp: Warning: SMG: Added to inventory
[2018.06.30-12.57.05:206][490]LogUObjectGlobals: Destroyed PersistentFrame Addr=0x00000223f8686f00, Size=128
[2018.06.30-12.57.05:207][490]LogUObjectGlobals: Destroyed PersistentFrame Addr=0x00000223f9d1c5f8, Size=4
[2018.06.30-12.57.05:208][490]LogUObjectGlobals: Destroyed PersistentFrame Addr=0x0000022391b97560, Size=160
[2018.06.30-12.57.05:208][490]LogUObjectGlobals: Destroyed PersistentFrame Addr=0x00000223f88282c0, Size=56
[2018.06.30-12.57.05:208][490]LogUObjectGlobals: Destroyed PersistentFrame Addr=0x00000223d648be40, Size=424
[2018.06.30-12.57.05:208][490]LogUObjectGlobals: Destroyed PersistentFrame Addr=0x000002238f74ea98, Size=40
[2018.06.30-12.57.05:208][490]LogUObjectGlobals: Destroyed PersistentFrame Addr=0x000002238f74e520, Size=40
[2018.06.30-14.53.24:358][674]LogHttp: Warning: 00000223BF92CA00: request failed, libcurl error: 6 (Couldn't resolve host name)
[2018.06.30-14.53.24:358][674]LogHttp: Warning: 00000223BF92CA00: libcurl info message cache 0 (Connection 42 seems to be dead!)
[2018.06.30-14.53.24:358][674]LogHttp: Warning: 00000223BF92CA00: libcurl info message cache 1 (Closing connection 42)
[2018.06.30-14.53.24:358][674]LogHttp: Warning: 00000223BF92CA00: libcurl info message cache 2 (TLSv1.2 (OUT), TLS alert, Client hello (1):)
[2018.06.30-14.53.24:358][674]LogHttp: Warning: 00000223BF92CA00: libcurl info message cache 3 (Could not resolve host: datarouter.ol.epicgames.com)
[2018.06.30-14.53.24:358][674]LogHttp: Warning: 00000223BF92CA00: libcurl info message cache 4 (Closing connection 43)
[2018.06.30-15.00.35:403][955]LogHttp: Warning: 00000223BF92CD00: request failed, libcurl error: 6 (Couldn't resolve host name)
[2018.06.30-15.00.35:404][955]LogHttp: Warning: 00000223BF92CD00: libcurl info message cache 0 (Connection 45 seems to be dead!)
[2018.06.30-15.00.35:404][955]LogHttp: Warning: 00000223BF92CD00: libcurl info message cache 1 (Closing connection 45)
[2018.06.30-15.00.35:404][955]LogHttp: Warning: 00000223BF92CD00: libcurl info message cache 2 (TLSv1.2 (OUT), TLS alert, Client hello (1):)
[2018.06.30-15.00.35:404][955]LogHttp: Warning: 00000223BF92CD00: libcurl info message cache 3 (Could not resolve host: datarouter.ol.epicgames.com)
[2018.06.30-15.00.35:404][955]LogHttp: Warning: 00000223BF92CD00: libcurl info message cache 4 (Closing connection 46)
[2018.06.30-15.43.35:395][135]LogHttp: Warning: 00000223BF92D000: request failed, libcurl error: 6 (Couldn't resolve host name)
[2018.06.30-15.43.35:395][135]LogHttp: Warning: 00000223BF92D000: libcurl info message cache 0 (Connection 63 seems to be dead!)
[2018.06.30-15.43.35:395][135]LogHttp: Warning: 00000223BF92D000: libcurl info message cache 1 (Closing connection 63)
[2018.06.30-15.43.35:395][135]LogHttp: Warning: 00000223BF92D000: libcurl info message cache 2 (TLSv1.2 (OUT), TLS alert, Client hello (1):)
[2018.06.30-15.43.35:396][135]LogHttp: Warning: 00000223BF92D000: libcurl info message cache 3 (Could not resolve host: datarouter.ol.epicgames.com)
[2018.06.30-15.43.35:396][135]LogHttp: Warning: 00000223BF92D000: libcurl info message cache 4 (Closing connection 64)
[2018.06.30-15.45.35:426][404]LogHttp: Warning: 00000223BF92CA00: request failed, libcurl error: 6 (Couldn't resolve host name)
[2018.06.30-15.45.35:426][404]LogHttp: Warning: 00000223BF92CA00: libcurl info message cache 0 (Could not resolve host: datarouter.ol.epicgames.com)
[2018.06.30-15.45.35:426][404]LogHttp: Warning: 00000223BF92CA00: libcurl info message cache 1 (Closing connection 65)
[2018.06.30-17.07.24:884][839]Candidate modules for hot reload:
[2018.06.30-17.07.24:884][839]  FPS
[2018.06.30-17.07.24:884][839]Launching UnrealBuildTool... [E:/Game Engines/Epic Games/4.19/UE_4.19/Engine/Binaries/DotNET/UnrealBuildTool.exe FPS -ModuleWithSuffix=FPS,2643 Win64 Development -editorrecompile -canskiplink "E:/Projects/FPS/FPS/FPS.uproject" ]
[2018.06.30-17.07.24:886][839]Warning: Starting HotReload took  0.0s.
[2018.06.30-17.07.46:741][288]CompilerResultsLog: New page: Compilation - Jun 30, 2018, 9:07:46 PM
[2018.06.30-17.07.46:741][288]CompilerResultsLog: Using 'git status' to determine working set for adaptive non-unity build.
[2018.06.30-17.07.46:742][288]CompilerResultsLog: Creating makefile for hot reloading FPS (ini files are newer than UBTMakefile)
[2018.06.30-17.07.46:742][288]CompilerResultsLog: Compiling game modules for hot reload
[2018.06.30-17.07.46:742][288]CompilerResultsLog: Parsing headers for FPSEditor
[2018.06.30-17.07.46:742][288]CompilerResultsLog:   Running UnrealHeaderTool "E:\Projects\FPS\FPS\FPS.uproject" "E:\Projects\FPS\FPS\Intermediate\Build\Win64\FPSEditor\Development\FPSEditor.uhtmanifest" -LogCmds="loginit warning, logexit warning, logdatabase error" -Unattended -WarningsAsErrors -installed
[2018.06.30-17.07.46:742][288]CompilerResultsLog: Reflection code generated for FPSEditor in 10.9799467 seconds
[2018.06.30-17.07.46:743][288]CompilerResultsLog: Performing 8 actions (4 in parallel)
[2018.06.30-17.07.46:743][288]CompilerResultsLog: FPSPlayer.cpp
[2018.06.30-17.07.46:743][288]CompilerResultsLog: FPSPlayer.gen.cpp
[2018.06.30-17.07.46:743][288]CompilerResultsLog: SMGPickUp.cpp
[2018.06.30-17.07.46:743][288]CompilerResultsLog: DoorOpenComponent.cpp
[2018.06.30-17.07.46:743][288]CompilerResultsLog: Interaction.cpp
[2018.06.30-17.07.46:743][288]CompilerResultsLog: UIComponent.cpp
[2018.06.30-17.07.46:743][288]CompilerResultsLog: [7/8] Link UE4Editor-FPS-2643.dll
[2018.06.30-17.07.46:743][288]CompilerResultsLog: [8/8] Link UE4Editor-FPS-2643.lib
[2018.06.30-17.07.46:744][288]CompilerResultsLog:    Creating library E:\Projects\FPS\FPS\Intermediate\Build\Win64\UE4Editor\Development\UE4Editor-FPS-2643.lib and object E:\Projects\FPS\FPS\Intermediate\Build\Win64\UE4Editor\Development\UE4Editor-FPS-2643.exp
[2018.06.30-17.07.46:744][288]CompilerResultsLog:    Creating library E:\Projects\FPS\FPS\Intermediate\Build\Win64\UE4Editor\Development\UE4Editor-FPS-2643.suppressed.lib and object E:\Projects\FPS\FPS\Intermediate\Build\Win64\UE4Editor\Development\UE4Editor-FPS-2643.suppressed.exp
[2018.06.30-17.07.46:744][288]CompilerResultsLog: Total build time: 21.63 seconds (Local executor: 5.18 seconds)
[2018.06.30-17.07.46:744][288]LogMainFrame: MainFrame: Module compiling took 21.867 seconds
[2018.06.30-17.07.46:840][288]LogClass: Collum HotReload.
[2018.06.30-17.07.46:840][288]LogClass: SlotImage HotReload.
[2018.06.30-17.07.46:846][288]LogHotReload: Re-instancing CoverPoint after hot-reload.
[2018.06.30-17.07.48:540][288]LogContentBrowser: Native class hierarchy updated for 'FPS' in 0.0043 seconds. Added 29 classes and 7 folders.
[2018.06.30-17.07.48:546][288]Display: HotReload successful (18 functions remapped  2 scriptstructs remapped)
[2018.06.30-17.07.48:707][288]LogContentBrowser: Native class hierarchy populated in 0.0139 seconds. Added 2482 classes and 567 folders.
[2018.06.30-17.07.48:707][288]Display: HotReload took 23.8s.
[2018.06.30-17.08.34:392][426]LogTemp: Repeating last play command: Selected Viewport
[2018.06.30-17.08.34:419][426]LogPlayLevel: PlayLevel: No blueprints needed recompiling
[2018.06.30-17.08.34:419][426]PIE: New page: PIE session: Level1 (Jun 30, 2018, 9:08:34 PM)
[2018.06.30-17.08.34:419][426]LogPlayLevel: Creating play world package: /Game/Maps/UEDPIE_0_Level1
[2018.06.30-17.08.34:438][426]LogPlayLevel: PIE: StaticDuplicateObject took: (0.018824s)
[2018.06.30-17.08.34:439][426]LogAIModule: Creating AISystem for world Level1
[2018.06.30-17.08.34:439][426]LogPlayLevel: PIE: World Init took: (0.001049s)
[2018.06.30-17.08.34:440][426]LogPlayLevel: PIE: Created PIE world by copying editor world from /Game/Maps/Level1.Level1 to /Game/Maps/UEDPIE_0_Level1.Level1 (0.020474s)
