Log file open, 05/28/18 17:32:03
LogWindows: Failed to load 'aqProf.dll' (GetLastError=126)
LogWindows: File 'aqProf.dll' does not exist
LogWindows: Failed to load 'VtuneApi.dll' (GetLastError=126)
LogWindows: File 'VtuneApi.dll' does not exist
LogWindows: Failed to load 'VtuneApi32e.dll' (GetLastError=126)
LogWindows: File 'VtuneApi32e.dll' does not exist
LogInit: Display: Running engine for game: FPS
LogPlatformFile: Not using cached read wrapper
LogInit: Display: RandInit(-777656673) SRandInit(-777656673).
LogInit: Read version file with build ID '3944462'
LogInit: Overriding engine version to CL 4033788, compatible CL 3944462
LogInit: Registered custom module enumerator with build ID '3944462'
LogTaskGraph: Started task graph with 5 named threads and 23 total threads with 3 sets of task threads.
LogStats: Stats thread started at 0.386534
LogD3D11RHI: Aftermath initialized
LogICUInternationalization: Display: ICU TimeZone Detection - Raw Offset: +1:00, Platform Override: ''
LogPluginManager: Mounting plugin Paper2D
LogPluginManager: Mounting plugin LiveLink
LogPluginManager: Mounting plugin LightPropagationVolume
LogPluginManager: Mounting plugin CLionSourceCodeAccess
LogPluginManager: Mounting plugin CodeLiteSourceCodeAccess
LogPluginManager: Mounting plugin GitSourceControl
LogPluginManager: Mounting plugin KDevelopSourceCodeAccess
LogPluginManager: Mounting plugin NullSourceCodeAccess
LogPluginManager: Mounting plugin PerforceSourceControl
LogPluginManager: Mounting plugin SubversionSourceControl
LogPluginManager: Mounting plugin UObjectPlugin
LogPluginManager: Mounting plugin VisualStudioCodeSourceCodeAccess
LogPluginManager: Mounting plugin VisualStudioSourceCodeAccess
LogPluginManager: Mounting plugin XCodeSourceCodeAccess
LogPluginManager: Mounting plugin AssetManagerEditor
LogPluginManager: Mounting plugin CryptoKeys
LogPluginManager: Mounting plugin DataValidation
LogPluginManager: Mounting plugin FacialAnimation
LogPluginManager: Mounting plugin GameplayTagsEditor
LogPluginManager: Mounting plugin MobileLauncherProfileWizard
LogPluginManager: Mounting plugin PluginBrowser
LogPluginManager: Mounting plugin SpeedTreeImporter
LogPluginManager: Mounting plugin DatasmithContent
LogPluginManager: Mounting plugin AlembicImporter
LogPluginManager: Mounting plugin CharacterAI
LogPluginManager: Mounting plugin HTML5Networking
LogPluginManager: Mounting plugin AndroidMedia
LogPluginManager: Mounting plugin AvfMedia
LogPluginManager: Mounting plugin ImgMedia
LogPluginManager: Mounting plugin LinearTimecode
LogPluginManager: Mounting plugin MediaCompositing
LogPluginManager: Mounting plugin MediaPlayerEditor
LogPluginManager: Mounting plugin WmfMedia
LogPluginManager: Mounting plugin TcpMessaging
LogPluginManager: Mounting plugin UdpMessaging
LogPluginManager: Mounting plugin ActorSequence
LogPluginManager: Mounting plugin LevelSequenceEditor
LogPluginManager: Mounting plugin MatineeToLevelSequence
LogPluginManager: Mounting plugin NetcodeUnitTest
LogPluginManager: Mounting plugin NUTUnrealEngine4
LogPluginManager: Mounting plugin OnlineSubsystemGooglePlay
LogPluginManager: Mounting plugin OnlineSubsystemIOS
LogPluginManager: Mounting plugin OnlineSubsystem
LogPluginManager: Mounting plugin OnlineSubsystemNull
LogPluginManager: Mounting plugin OnlineSubsystemUtils
LogPluginManager: Mounting plugin AndroidDeviceProfileSelector
LogPluginManager: Mounting plugin AndroidMoviePlayer
LogPluginManager: Mounting plugin AndroidPermission
LogPluginManager: Mounting plugin AppleARKit
LogPluginManager: Mounting plugin AppleMoviePlayer
LogPluginManager: Mounting plugin ArchVisCharacter
LogPluginManager: Mounting plugin AudioCapture
LogPluginManager: Mounting plugin CableComponent
LogPluginManager: Mounting plugin CustomMeshComponent
LogPluginManager: Mounting plugin ExampleDeviceProfileSelector
LogPluginManager: Mounting plugin GoogleCloudMessaging
LogPluginManager: Mounting plugin ImmediatePhysics
LogPluginManager: Mounting plugin IOSDeviceProfileSelector
LogPluginManager: Mounting plugin LinuxDeviceProfileSelector
LogPluginManager: Mounting plugin LocationServicesBPLibrary
LogPluginManager: Mounting plugin MobilePatchingUtils
LogPluginManager: Mounting plugin OculusVR
LogPluginManager: Plugin shader directory ../../../Engine/Plugins/Runtime/Oculus/OculusVR/Shaders found
LogPluginManager: Mapping shader source directory ../../../Engine/Plugins/Runtime/Oculus/OculusVR/Shaders to virtual directory /Plugin/OculusVR
LogPluginManager: Mounting plugin PhysXVehicles
LogPluginManager: Mounting plugin ProceduralMeshComponent
LogPluginManager: Mounting plugin RuntimePhysXCooking
LogPluginManager: Mounting plugin SteamVR
LogPluginManager: Mounting plugin WindowsMoviePlayer
LogStreaming: Display: Took  0.105s to configure plugins.
LogModuleManager: Display: Found up-to-date module file ../../../../../SpareTime/Unreal/FPS/FPS/Binaries/Win64/UE4Editor-FPS.dll (API version 3944462).
LogModuleManager: Display: Found up-to-date module file ../../../Engine/Plugins/2D/Paper2D/Binaries/Win64/UE4Editor-Paper2D.dll (API version 3944462).
LogModuleManager: Display: Found up-to-date module file ../../../Engine/Plugins/2D/Paper2D/Binaries/Win64/UE4Editor-Paper2DEditor.dll (API version 3944462).
LogModuleManager: Display: Found up-to-date module file ../../../Engine/Plugins/2D/Paper2D/Binaries/Win64/UE4Editor-PaperSpriteSheetImporter.dll (API version 3944462).
LogModuleManager: Display: Found up-to-date module file ../../../Engine/Plugins/2D/Paper2D/Binaries/Win64/UE4Editor-PaperTiledImporter.dll (API version 3944462).
LogModuleManager: Display: Found up-to-date module file ../../../Engine/Plugins/2D/Paper2D/Binaries/Win64/UE4Editor-SmartSnapping.dll (API version 3944462).
LogModuleManager: Display: Found up-to-date module file ../../../Engine/Plugins/Animation/LiveLink/Binaries/Win64/UE4Editor-LiveLink.dll (API version 3944462).
LogModuleManager: Display: Found up-to-date module file ../../../Engine/Plugins/Animation/LiveLink/Binaries/Win64/UE4Editor-LiveLinkEditor.dll (API version 3944462).
LogModuleManager: Display: Found up-to-date module file ../../../Engine/Plugins/Blendables/LightPropagationVolume/Binaries/Win64/UE4Editor-LightPropagationVolumeRuntime.dll (API version 3944462).
LogModuleManager: Display: Found up-to-date module file ../../../Engine/Plugins/Blendables/LightPropagationVolume/Binaries/Win64/UE4Editor-LightPropagationVolumeEditor.dll (API version 3944462).
LogModuleManager: Display: Found up-to-date module file ../../../Engine/Plugins/Developer/CLionSourceCodeAccess/Binaries/Win64/UE4Editor-CLionSourceCodeAccess.dll (API version 3944462).
LogModuleManager: Display: Found up-to-date module file ../../../Engine/Plugins/Developer/GitSourceControl/Binaries/Win64/UE4Editor-GitSourceControl.dll (API version 3944462).
LogModuleManager: Display: Found up-to-date module file ../../../Engine/Plugins/Developer/PerforceSourceControl/Binaries/Win64/UE4Editor-PerforceSourceControl.dll (API version 3944462).
LogModuleManager: Display: Found up-to-date module file ../../../Engine/Plugins/Developer/SubversionSourceControl/Binaries/Win64/UE4Editor-SubversionSourceControl.dll (API version 3944462).
LogModuleManager: Display: Found up-to-date module file ../../../Engine/Plugins/Developer/UObjectPlugin/Binaries/Win64/UE4Editor-UObjectPlugin.dll (API version 3944462).
LogModuleManager: Display: Found up-to-date module file ../../../Engine/Plugins/Developer/VisualStudioCodeSourceCodeAccess/Binaries/Win64/UE4Editor-VisualStudioCodeSourceCodeAccess.dll (API version 3944462).
LogModuleManager: Display: Found up-to-date module file ../../../Engine/Plugins/Developer/VisualStudioSourceCodeAccess/Binaries/Win64/UE4Editor-VisualStudioSourceCodeAccess.dll (API version 3944462).
LogModuleManager: Display: Found up-to-date module file ../../../Engine/Plugins/Editor/AssetManagerEditor/Binaries/Win64/UE4Editor-AssetManagerEditor.dll (API version 3944462).
LogModuleManager: Display: Found up-to-date module file ../../../Engine/Plugins/Editor/CryptoKeys/Binaries/Win64/UE4Editor-CryptoKeys.dll (API version 3944462).
LogModuleManager: Display: Found up-to-date module file ../../../Engine/Plugins/Editor/CryptoKeys/Binaries/Win64/UE4Editor-CryptoKeysOpenSSL.dll (API version 3944462).
LogModuleManager: Display: Found up-to-date module file ../../../Engine/Plugins/Editor/DataValidation/Binaries/Win64/UE4Editor-DataValidation.dll (API version 3944462).
LogModuleManager: Display: Found up-to-date module file ../../../Engine/Plugins/Editor/FacialAnimation/Binaries/Win64/UE4Editor-FacialAnimation.dll (API version 3944462).
LogModuleManager: Display: Found up-to-date module file ../../../Engine/Plugins/Editor/FacialAnimation/Binaries/Win64/UE4Editor-FacialAnimationEditor.dll (API version 3944462).
LogModuleManager: Display: Found up-to-date module file ../../../Engine/Plugins/Editor/GameplayTagsEditor/Binaries/Win64/UE4Editor-GameplayTagsEditor.dll (API version 3944462).
LogModuleManager: Display: Found up-to-date module file ../../../Engine/Plugins/Editor/MobileLauncherProfileWizard/Binaries/Win64/UE4Editor-MobileLauncherProfileWizard.dll (API version 3944462).
LogModuleManager: Display: Found up-to-date module file ../../../Engine/Plugins/Editor/PluginBrowser/Binaries/Win64/UE4Editor-PluginBrowser.dll (API version 3944462).
LogModuleManager: Display: Found up-to-date module file ../../../Engine/Plugins/Editor/SpeedTreeImporter/Binaries/Win64/UE4Editor-SpeedTreeImporter.dll (API version 3944462).
LogModuleManager: Display: Found up-to-date module file ../../../Engine/Plugins/Enterprise/DatasmithContent/Binaries/Win64/UE4Editor-DatasmithContent.dll (API version 3944462).
LogModuleManager: Display: Found up-to-date module file ../../../Engine/Plugins/Experimental/AlembicImporter/Binaries/Win64/UE4Editor-AlembicImporter.dll (API version 3944462).
LogModuleManager: Display: Found up-to-date module file ../../../Engine/Plugins/Experimental/AlembicImporter/Binaries/Win64/UE4Editor-AlembicLibrary.dll (API version 3944462).
LogModuleManager: Display: Found up-to-date module file ../../../Engine/Plugins/Experimental/CharacterAI/Binaries/Win64/UE4Editor-CharacterAI.dll (API version 3944462).
LogModuleManager: Display: Found up-to-date module file ../../../Engine/Plugins/Experimental/HTML5Networking/Binaries/Win64/UE4Editor-HTML5Networking.dll (API version 3944462).
LogModuleManager: Display: Found up-to-date module file ../../../Engine/Plugins/Media/AndroidMedia/Binaries/Win64/UE4Editor-AndroidMediaEditor.dll (API version 3944462).
LogModuleManager: Display: Found up-to-date module file ../../../Engine/Plugins/Media/AndroidMedia/Binaries/Win64/UE4Editor-AndroidMediaFactory.dll (API version 3944462).
LogModuleManager: Display: Found up-to-date module file ../../../Engine/Plugins/Media/AvfMedia/Binaries/Win64/UE4Editor-AvfMediaEditor.dll (API version 3944462).
LogModuleManager: Display: Found up-to-date module file ../../../Engine/Plugins/Media/AvfMedia/Binaries/Win64/UE4Editor-AvfMediaFactory.dll (API version 3944462).
LogModuleManager: Display: Found up-to-date module file ../../../Engine/Plugins/Media/AvfMedia/Binaries/Win64/UE4Editor-AvfMediaFactory.dll (API version 3944462).
LogModuleManager: Display: Found up-to-date module file ../../../Engine/Plugins/Media/ImgMedia/Binaries/Win64/UE4Editor-ImgMedia.dll (API version 3944462).
LogModuleManager: Display: Found up-to-date module file ../../../Engine/Plugins/Media/ImgMedia/Binaries/Win64/UE4Editor-ImgMediaEditor.dll (API version 3944462).
LogModuleManager: Display: Found up-to-date module file ../../../Engine/Plugins/Media/ImgMedia/Binaries/Win64/UE4Editor-ImgMediaFactory.dll (API version 3944462).
LogModuleManager: Display: Found up-to-date module file ../../../Engine/Plugins/Media/ImgMedia/Binaries/Win64/UE4Editor-ImgMediaFactory.dll (API version 3944462).
LogModuleManager: Display: Found up-to-date module file ../../../Engine/Plugins/Media/ImgMedia/Binaries/Win64/UE4Editor-OpenExrWrapper.dll (API version 3944462).
LogModuleManager: Display: Found up-to-date module file ../../../Engine/Plugins/Media/LinearTimecode/Binaries/Win64/UE4Editor-LinearTimecode.dll (API version 3944462).
LogModuleManager: Display: Found up-to-date module file ../../../Engine/Plugins/Media/MediaCompositing/Binaries/Win64/UE4Editor-MediaCompositing.dll (API version 3944462).
LogModuleManager: Display: Found up-to-date module file ../../../Engine/Plugins/Media/MediaCompositing/Binaries/Win64/UE4Editor-MediaCompositingEditor.dll (API version 3944462).
LogModuleManager: Display: Found up-to-date module file ../../../Engine/Plugins/Media/MediaPlayerEditor/Binaries/Win64/UE4Editor-MediaPlayerEditor.dll (API version 3944462).
LogModuleManager: Display: Found up-to-date module file ../../../Engine/Plugins/Media/WmfMedia/Binaries/Win64/UE4Editor-WmfMedia.dll (API version 3944462).
LogModuleManager: Display: Found up-to-date module file ../../../Engine/Plugins/Media/WmfMedia/Binaries/Win64/UE4Editor-WmfMediaEditor.dll (API version 3944462).
LogModuleManager: Display: Found up-to-date module file ../../../Engine/Plugins/Media/WmfMedia/Binaries/Win64/UE4Editor-WmfMediaFactory.dll (API version 3944462).
LogModuleManager: Display: Found up-to-date module file ../../../Engine/Plugins/Media/WmfMedia/Binaries/Win64/UE4Editor-WmfMediaFactory.dll (API version 3944462).
LogModuleManager: Display: Found up-to-date module file ../../../Engine/Plugins/Messaging/TcpMessaging/Binaries/Win64/UE4Editor-TcpMessaging.dll (API version 3944462).
LogModuleManager: Display: Found up-to-date module file ../../../Engine/Plugins/Messaging/UdpMessaging/Binaries/Win64/UE4Editor-UdpMessaging.dll (API version 3944462).
LogModuleManager: Display: Found up-to-date module file ../../../Engine/Plugins/MovieScene/ActorSequence/Binaries/Win64/UE4Editor-ActorSequence.dll (API version 3944462).
LogModuleManager: Display: Found up-to-date module file ../../../Engine/Plugins/MovieScene/LevelSequenceEditor/Binaries/Win64/UE4Editor-LevelSequenceEditor.dll (API version 3944462).
LogModuleManager: Display: Found up-to-date module file ../../../Engine/Plugins/MovieScene/MatineeToLevelSequence/Binaries/Win64/UE4Editor-MatineeToLevelSequence.dll (API version 3944462).
LogModuleManager: Display: Found up-to-date module file ../../../Engine/Plugins/NetcodeUnitTest/NetcodeUnitTest/Binaries/Win64/UE4Editor-NetcodeUnitTest.dll (API version 3944462).
LogModuleManager: Display: Found up-to-date module file ../../../Engine/Plugins/NetcodeUnitTest/NUTUnrealEngine4/Binaries/Win64/UE4Editor-NUTUnrealEngine4.dll (API version 3944462).
LogModuleManager: Display: Found up-to-date module file ../../../Engine/Plugins/Online/OnlineSubsystem/Binaries/Win64/UE4Editor-OnlineSubsystem.dll (API version 3944462).
LogModuleManager: Display: Found up-to-date module file ../../../Engine/Plugins/Online/OnlineSubsystemNull/Binaries/Win64/UE4Editor-OnlineSubsystemNull.dll (API version 3944462).
LogModuleManager: Display: Found up-to-date module file ../../../Engine/Plugins/Online/OnlineSubsystemUtils/Binaries/Win64/UE4Editor-OnlineSubsystemUtils.dll (API version 3944462).
LogModuleManager: Display: Found up-to-date module file ../../../Engine/Plugins/Online/OnlineSubsystemUtils/Binaries/Win64/UE4Editor-OnlineBlueprintSupport.dll (API version 3944462).
LogModuleManager: Display: Found up-to-date module file ../../../Engine/Plugins/Runtime/AndroidDeviceProfileSelector/Binaries/Win64/UE4Editor-AndroidDeviceProfileSelector.dll (API version 3944462).
LogModuleManager: Display: Found up-to-date module file ../../../Engine/Plugins/Runtime/AndroidPermission/Binaries/Win64/UE4Editor-AndroidPermission.dll (API version 3944462).
LogModuleManager: Display: Found up-to-date module file ../../../Engine/Plugins/Runtime/AppleARKit/Binaries/Win64/UE4Editor-AppleARKit.dll (API version 3944462).
LogModuleManager: Display: Found up-to-date module file ../../../Engine/Plugins/Runtime/ArchVisCharacter/Binaries/Win64/UE4Editor-ArchVisCharacter.dll (API version 3944462).
LogModuleManager: Display: Found up-to-date module file ../../../Engine/Plugins/Runtime/AudioCapture/Binaries/Win64/UE4Editor-AudioCapture.dll (API version 3944462).
LogModuleManager: Display: Found up-to-date module file ../../../Engine/Plugins/Runtime/AudioCapture/Binaries/Win64/UE4Editor-AudioCaptureEditor.dll (API version 3944462).
LogModuleManager: Display: Found up-to-date module file ../../../Engine/Plugins/Runtime/CableComponent/Binaries/Win64/UE4Editor-CableComponent.dll (API version 3944462).
LogModuleManager: Display: Found up-to-date module file ../../../Engine/Plugins/Runtime/CustomMeshComponent/Binaries/Win64/UE4Editor-CustomMeshComponent.dll (API version 3944462).
LogModuleManager: Display: Found up-to-date module file ../../../Engine/Plugins/Runtime/ExampleDeviceProfileSelector/Binaries/Win64/UE4Editor-ExampleDeviceProfileSelector.dll (API version 3944462).
LogModuleManager: Display: Found up-to-date module file ../../../Engine/Plugins/Runtime/ImmediatePhysics/Binaries/Win64/UE4Editor-ImmediatePhysics.dll (API version 3944462).
LogModuleManager: Display: Found up-to-date module file ../../../Engine/Plugins/Runtime/ImmediatePhysics/Binaries/Win64/UE4Editor-ImmediatePhysicsEditor.dll (API version 3944462).
LogModuleManager: Display: Found up-to-date module file ../../../Engine/Plugins/Runtime/LocationServicesBPLibrary/Binaries/Win64/UE4Editor-LocationServicesBPLibrary.dll (API version 3944462).
LogModuleManager: Display: Found up-to-date module file ../../../Engine/Plugins/Runtime/MobilePatchingUtils/Binaries/Win64/UE4Editor-MobilePatchingUtils.dll (API version 3944462).
LogModuleManager: Display: Found up-to-date module file ../../../Engine/Plugins/Runtime/Oculus/OculusVR/Binaries/Win64/UE4Editor-OculusHMD.dll (API version 3944462).
LogModuleManager: Display: Found up-to-date module file ../../../Engine/Plugins/Runtime/Oculus/OculusVR/Binaries/Win64/UE4Editor-OculusInput.dll (API version 3944462).
LogModuleManager: Display: Found up-to-date module file ../../../Engine/Plugins/Runtime/Oculus/OculusVR/Binaries/Win64/UE4Editor-OculusEditor.dll (API version 3944462).
LogModuleManager: Display: Found up-to-date module file ../../../Engine/Plugins/Runtime/PhysXVehicles/Binaries/Win64/UE4Editor-PhysXVehicles.dll (API version 3944462).
LogModuleManager: Display: Found up-to-date module file ../../../Engine/Plugins/Runtime/PhysXVehicles/Binaries/Win64/UE4Editor-PhysXVehiclesEditor.dll (API version 3944462).
LogModuleManager: Display: Found up-to-date module file ../../../Engine/Plugins/Runtime/ProceduralMeshComponent/Binaries/Win64/UE4Editor-ProceduralMeshComponent.dll (API version 3944462).
LogModuleManager: Display: Found up-to-date module file ../../../Engine/Plugins/Runtime/ProceduralMeshComponent/Binaries/Win64/UE4Editor-ProceduralMeshComponentEditor.dll (API version 3944462).
LogModuleManager: Display: Found up-to-date module file ../../../Engine/Plugins/Runtime/RuntimePhysXCooking/Binaries/Win64/UE4Editor-RuntimePhysXCooking.dll (API version 3944462).
LogModuleManager: Display: Found up-to-date module file ../../../Engine/Plugins/Runtime/Steam/SteamVR/Binaries/Win64/UE4Editor-SteamVR.dll (API version 3944462).
LogModuleManager: Display: Found up-to-date module file ../../../Engine/Plugins/Runtime/Steam/SteamVR/Binaries/Win64/UE4Editor-SteamVRController.dll (API version 3944462).
LogModuleManager: Display: Found up-to-date module file ../../../Engine/Plugins/Runtime/WindowsMoviePlayer/Binaries/Win64/UE4Editor-WindowsMoviePlayer.dll (API version 3944462).
LogInit: Using libcurl 7.47.1
LogInit:  - built for x86_64-pc-win32
LogInit:  - supports SSL with OpenSSL/1.0.2g
LogInit:  - supports HTTP deflate (compression) using libz 1.2.8
LogInit:  - other features:
LogInit:      CURL_VERSION_SSL
LogInit:      CURL_VERSION_LIBZ
LogInit:      CURL_VERSION_IPV6
LogInit:      CURL_VERSION_ASYNCHDNS
LogInit:      CURL_VERSION_LARGEFILE
LogInit:      CURL_VERSION_IDN
LogInit:  CurlRequestOptions (configurable via config and command line):
LogInit:  - bVerifyPeer = false  - Libcurl will NOT verify peer certificate
LogInit:  - bUseHttpProxy = false  - Libcurl will NOT use HTTP proxy
LogInit:  - bDontReuseConnections = false  - Libcurl will reuse connections
LogInit:  - CertBundlePath = nullptr  - Libcurl will use whatever was configured at build time.
LogInit:  - MaxHostConnections = 16  - Libcurl will limit the number of connections to a host
LogInit:  - LocalHostAddr = Default
LogInit: WinSock: version 1.1 (2.2), MaxSocks=32767, MaxUdp=65467
LogInit: WinSock: I am Tom-Laptop (192.168.1.87:0)
LogInit: Build: ++UE4+Release-4.19-CL-4033788
LogInit: Engine Version: 4.19.2-4033788+++UE4+Release-4.19
LogInit: Compatible Engine Version: 4.19.0-3944462+++UE4+Release-4.19
LogInit: Net CL: 3944462
LogDevObjectVersion: Number of dev versions registered: 18
LogDevObjectVersion:   Dev-Blueprints (B0D832E4-1F89-4F0D-ACCF-7EB736FD4AA2): 10
LogDevObjectVersion:   Dev-Build (E1C64328-A22C-4D53-A36C-8E866417BD8C): 0
LogDevObjectVersion:   Dev-Core (375EC13C-06E4-48FB-B500-84F0262A717E): 2
LogDevObjectVersion:   Dev-Editor (E4B068ED-F494-42E9-A231-DA0B2E46BB41): 23
LogDevObjectVersion:   Dev-Framework (CFFC743F-43B0-4480-9391-14DF171D2073): 33
LogDevObjectVersion:   Dev-Mobile (B02B49B5-BB20-44E9-A304-32B752E40360): 2
LogDevObjectVersion:   Dev-Networking (A4E4105C-59A1-49B5-A7C5-40C4547EDFEE): 0
LogDevObjectVersion:   Dev-Online (39C831C9-5AE6-47DC-9A44-9C173E1C8E7C): 0
LogDevObjectVersion:   Dev-Physics (78F01B33-EBEA-4F98-B9B4-84EACCB95AA2): 0
LogDevObjectVersion:   Dev-Platform (6631380F-2D4D-43E0-8009-CF276956A95A): 0
LogDevObjectVersion:   Dev-Rendering (12F88B9F-8875-4AFC-A67C-D90C383ABD29): 25
LogDevObjectVersion:   Dev-Sequencer (7B5AE74C-D270-4C10-A958-57980B212A5A): 6
LogDevObjectVersion:   Dev-VR (D7296918-1DD6-4BDD-9DE2-64A83CC13884): 1
LogDevObjectVersion:   Dev-LoadTimes (C2A15278-BFE7-4AFE-6C17-90FF531DF755): 1
LogDevObjectVersion:   Private-Geometry (6EACA3D4-40EC-4CC1-B786-8BED09428FC5): 2
LogDevObjectVersion:   Dev-AnimPhys (29E575DD-E0A3-4627-9D10-D276232CDCEA): 16
LogDevObjectVersion:   Dev-ReflectionCapture (6B266CEC-1EC7-4B8F-A30B-E4D90942FC07): 1
LogDevObjectVersion:   Dev-Automation (0DF73D61-A23F-47EA-B727-89E90C41499A): 1
LogInit: Compiled (64-bit): Apr 27 2018 02:06:57
LogInit: Compiled with Visual C++: 19.00.24215.01
LogInit: Build Configuration: Development
LogInit: Branch Name: ++UE4+Release-4.19
LogInit: Command Line:  -skipcompile
LogInit: Base Directory: D:/Epic Games/UE_4.19/Engine/Binaries/Win64/
LogInit: Installed Engine Build: 1
LogStreaming: Display: Took  0.002s to delete old logs.
LogInit: Presizing for max 8388607 objects, including 0 objects not considered by GC, pre-allocating 0 bytes for permanent pool.
LogInit: Object subsystem initialized
[2018.05.28-15.32.05:082][  0]LogInit: Selected Device Profile: [Windows]
[2018.05.28-15.32.05:082][  0]LogInit: Applying CVar settings loaded from the selected device profile: [Windows]
[2018.05.28-15.32.05:092][  0]LogInit: Computer: TOM-LAPTOP
[2018.05.28-15.32.05:092][  0]LogInit: User: tomco
[2018.05.28-15.32.05:092][  0]LogInit: CPU Page size=4096, Cores=4
[2018.05.28-15.32.05:092][  0]LogInit: High frequency timer resolution =2.531252 MHz
[2018.05.28-15.32.05:093][  0]LogMemory: Memory total: Physical=7.9GB (8GB approx)
[2018.05.28-15.32.05:093][  0]LogMemory: Platform Memory Stats for Windows
[2018.05.28-15.32.05:093][  0]LogMemory: Process Physical Memory: 275.18 MB used, 275.18 MB peak
[2018.05.28-15.32.05:093][  0]LogMemory: Process Virtual Memory: 264.68 MB used, 264.68 MB peak
[2018.05.28-15.32.05:093][  0]LogMemory: Physical Memory: 5234.70 MB used,  2855.82 MB free, 8090.52 MB total
[2018.05.28-15.32.05:094][  0]LogMemory: Virtual Memory: 4794.24 MB used,  2855.82 MB free, 134217728.00 MB total
[2018.05.28-15.32.05:157][  0]LogInit: Using OS detected language (en-US).
[2018.05.28-15.32.05:157][  0]LogInit: Using OS detected locale (en-US).
[2018.05.28-15.32.05:161][  0]LogTextLocalizationManager: No specific localization for 'en-US' exists, so the 'en' localization will be used.
[2018.05.28-15.32.05:628][  0]LogStreaming: Display: Took  0.472s to EndInitTextLocalization.
[2018.05.28-15.32.05:629][  0]LogInit: Setting process to per monitor DPI aware
[2018.05.28-15.32.05:679][  0]LogSlate: New Slate User Created.  User Index 0, Is Virtual User: 0
[2018.05.28-15.32.05:679][  0]LogSlate: Slate User Registered.  User Index 0, Is Virtual User: 0
[2018.05.28-15.32.05:912][  0]LogD3D11RHI: D3D11 adapters:
[2018.05.28-15.32.05:992][  0]LogD3D11RHI:    0. 'NVIDIA GeForce GTX 960M' (Feature Level 11_0)
[2018.05.28-15.32.05:992][  0]LogD3D11RHI:       2019/0/4045 MB DedicatedVideo/DedicatedSystem/SharedSystem, Outputs:1, VendorId:0x10de
[2018.05.28-15.32.06:017][  0]LogD3D11RHI:    1. 'Intel(R) HD Graphics 530' (Feature Level 11_0)
[2018.05.28-15.32.06:018][  0]LogD3D11RHI:       128/0/4045 MB DedicatedVideo/DedicatedSystem/SharedSystem, Outputs:0, VendorId:0x8086
[2018.05.28-15.32.06:024][  0]LogD3D11RHI:    2. 'Microsoft Basic Render Driver' (Feature Level 11_0)
[2018.05.28-15.32.06:024][  0]LogD3D11RHI:       0/0/4045 MB DedicatedVideo/DedicatedSystem/SharedSystem, Outputs:0, VendorId:0x1414
[2018.05.28-15.32.06:024][  0]LogD3D11RHI: Chosen D3D11 Adapter: 0
[2018.05.28-15.32.06:047][  0]LogD3D11RHI: Creating new Direct3DDevice
[2018.05.28-15.32.06:047][  0]LogD3D11RHI:     GPU DeviceId: 0x139b (for the marketing name, search the web for "GPU Device Id")
[2018.05.28-15.32.06:048][  0]LogWindows: EnumDisplayDevices:
[2018.05.28-15.32.06:048][  0]LogWindows:    0. 'Intel(R) HD Graphics 530' (P:1 D:1)
[2018.05.28-15.32.06:048][  0]LogWindows:    1. 'Intel(R) HD Graphics 530' (P:0 D:0)
[2018.05.28-15.32.06:049][  0]LogWindows:    2. 'Intel(R) HD Graphics 530' (P:0 D:0)
[2018.05.28-15.32.06:049][  0]LogWindows: DebugString: GetVideoDriverDetailsInvalid PrimaryIsNotTheChoosenAdapter GetVideoDriverDetailsInvalid PrimaryIsNotTheChoosenAdapter GetVideoDriverDetailsInvalid PrimaryIsNotTheChoosenAdapter FoundDriverCount:0 
[2018.05.28-15.32.06:049][  0]LogD3D11RHI:     Adapter Name: NVIDIA GeForce GTX 960M
[2018.05.28-15.32.06:049][  0]LogD3D11RHI:   Driver Version: Unknown (internal:Unknown, unified:Unknown)
[2018.05.28-15.32.06:049][  0]LogD3D11RHI:      Driver Date: Unknown
[2018.05.28-15.32.06:050][  0]LogRHI: Texture pool is 1413 MB (70% of 2019 MB)
[2018.05.28-15.32.06:079][  0]LogD3D11RHI: [Aftermath] Aftermath enabled but failed to initialize
[2018.05.28-15.32.06:080][  0]LogD3D11RHI: [Aftermath] Aftermath enabled and primed
[2018.05.28-15.32.06:080][  0]LogD3D11RHI: Async texture creation enabled
[2018.05.28-15.32.06:091][  0]LogD3D11RHI: GPU Timing Frequency: 1000.000000 (Debug: 2 1)
[2018.05.28-15.32.06:092][  0]LogShaderCompilers: Guid format shader working directory is 6 characters bigger than the processId version (../../../../../SpareTime/Unreal/FPS/FPS/Intermediate/Shaders/WorkingDirectory/15480/).
[2018.05.28-15.32.06:093][  0]LogShaderCompilers: Cleaned the shader compiler working directory 'C:/Users/tomco/AppData/Local/Temp/UnrealShaderWorkingDir/BE7D642847173AEEA677E18E35767908/'.
[2018.05.28-15.32.06:329][  0]LogTemp: Display: Loaded TP AllDesktopTargetPlatform
[2018.05.28-15.32.06:346][  0]LogTemp: Display: Loaded TP MacClientTargetPlatform
[2018.05.28-15.32.06:362][  0]LogTemp: Display: Loaded TP MacNoEditorTargetPlatform
[2018.05.28-15.32.06:379][  0]LogTemp: Display: Loaded TP MacServerTargetPlatform
[2018.05.28-15.32.06:396][  0]LogTemp: Display: Loaded TP MacTargetPlatform
[2018.05.28-15.32.06:414][  0]LogTemp: Display: Loaded TP WindowsClientTargetPlatform
[2018.05.28-15.32.06:431][  0]LogTemp: Display: Loaded TP WindowsNoEditorTargetPlatform
[2018.05.28-15.32.06:449][  0]LogTemp: Display: Loaded TP WindowsServerTargetPlatform
[2018.05.28-15.32.06:459][  0]LogTemp: Display: Loaded TP WindowsTargetPlatform
[2018.05.28-15.32.06:475][  0]LogTemp: Display: Loaded TP Android_ASTCTargetPlatform
[2018.05.28-15.32.06:492][  0]LogTemp: Display: Loaded TP Android_ATCTargetPlatform
[2018.05.28-15.32.06:507][  0]LogTemp: Display: Loaded TP Android_DXTTargetPlatform
[2018.05.28-15.32.06:523][  0]LogTemp: Display: Loaded TP Android_ETC1aTargetPlatform
[2018.05.28-15.32.06:538][  0]LogTemp: Display: Loaded TP Android_ETC1TargetPlatform
[2018.05.28-15.32.06:555][  0]LogTemp: Display: Loaded TP Android_ETC2TargetPlatform
[2018.05.28-15.32.06:586][  0]LogTemp: Display: Loaded TP Android_MultiTargetPlatform
[2018.05.28-15.32.06:587][  0]LogTemp: Display: Loaded TP Android_PVRTCTargetPlatform
[2018.05.28-15.32.06:605][  0]LogTemp: Display: Loaded TP AndroidTargetPlatform
[2018.05.28-15.32.06:610][  0]LogTemp: Display: Loaded TP HTML5TargetPlatform
[2018.05.28-15.32.06:661][  0]LogTemp: Display: Loaded TP IOSTargetPlatform
[2018.05.28-15.32.06:678][  0]LogTemp: Display: Loaded TP TVOSTargetPlatform
[2018.05.28-15.32.06:693][  0]LogTemp: Display: Loaded TP LinuxClientTargetPlatform
[2018.05.28-15.32.06:709][  0]LogTemp: Display: Loaded TP LinuxNoEditorTargetPlatform
[2018.05.28-15.32.06:728][  0]LogTemp: Display: Loaded TP LinuxServerTargetPlatform
[2018.05.28-15.32.06:745][  0]LogTemp: Display: Loaded TP LinuxTargetPlatform
[2018.05.28-15.32.06:745][  0]LogTargetPlatformManager: Display: Building Assets For Windows
[2018.05.28-15.32.06:911][  0]LogXGEController: Cleaning working directory: C:/Users/tomco/AppData/Local/Temp/UnrealXGEWorkingDir/
[2018.05.28-15.32.06:911][  0]LogXGEController: Cannot use XGE Controller as Incredibuild is not installed on this machine.
[2018.05.28-15.32.06:912][  0]LogShaderCompilers: Cannot use XGE Shader Compiler as Incredibuild is not installed on this machine.
[2018.05.28-15.32.06:912][  0]LogShaderCompilers: Display: Using Local Shader Compiler.
[2018.05.28-15.32.07:604][  0]LogDerivedDataCache: Display: Max Cache Size: 512 MB
[2018.05.28-15.32.07:694][  0]LogDerivedDataCache: Loaded boot cache 0.09s 76MB C:/Users/tomco/AppData/Local/UnrealEngine/4.19/DerivedDataCache/Boot.ddc.
[2018.05.28-15.32.07:694][  0]LogDerivedDataCache: Display: Loaded Boot cache: C:/Users/tomco/AppData/Local/UnrealEngine/4.19/DerivedDataCache/Boot.ddc
[2018.05.28-15.32.07:694][  0]LogDerivedDataCache: FDerivedDataBackendGraph:  Pak pak cache file ../../../../../SpareTime/Unreal/FPS/FPS/DerivedDataCache/DDC.ddp not found, will not use a pak cache.
[2018.05.28-15.32.07:694][  0]LogDerivedDataCache: Unable to find inner node Pak for hierarchical cache Hierarchy.
[2018.05.28-15.32.07:695][  0]LogDerivedDataCache: FDerivedDataBackendGraph:  CompressedPak pak cache file ../../../../../SpareTime/Unreal/FPS/FPS/DerivedDataCache/Compressed.ddp not found, will not use a pak cache.
[2018.05.28-15.32.07:695][  0]LogDerivedDataCache: Unable to find inner node CompressedPak for hierarchical cache Hierarchy.
[2018.05.28-15.32.07:712][  0]LogDerivedDataCache: Display: Pak cache opened for reading ../../../Engine/DerivedDataCache/Compressed.ddp.
[2018.05.28-15.32.07:726][  0]LogDerivedDataCache: Using Local data cache path C:/Users/tomco/AppData/Local/UnrealEngine/Common/DerivedDataCache: Writable
[2018.05.28-15.32.07:727][  0]LogDerivedDataCache: Shared data cache path not found in *engine.ini, will not use an Shared cache.
[2018.05.28-15.32.07:727][  0]LogDerivedDataCache: Unable to find inner node Shared for hierarchical cache Hierarchy.
[2018.05.28-15.32.07:739][  0]LogMaterial: Verifying Global Shaders for PCD3D_SM5
[2018.05.28-15.32.07:740][  0]LogSlate: Using Freetype 2.6.0
[2018.05.28-15.32.07:741][  0]LogSlate: SlateFontCache - WITH_FREETYPE: 1, WITH_HARFBUZZ: 1
[2018.05.28-15.32.07:741][  0]LogSlate: SlateFontCache - WITH_FREETYPE: 1, WITH_HARFBUZZ: 1
[2018.05.28-15.32.07:863][  0]LogAssetRegistry: FAssetRegistry took 0.0306 seconds to start up
[2018.05.28-15.32.08:210][  0]LogInit: Selected Device Profile: [Windows]
[2018.05.28-15.32.08:387][  0]LogSimplygon: Simplygon DLL not present - disabling.
[2018.05.28-15.32.08:392][  0]LogMeshReduction: Using SimplygonSwarm for distributed automatic mesh merging
[2018.05.28-15.32.08:392][  0]LogMeshReduction: Using QuadricMeshReduction for automatic static mesh reduction
[2018.05.28-15.32.08:392][  0]LogMeshReduction: No automatic skeletal mesh reduction module available
[2018.05.28-15.32.08:393][  0]LogMeshReduction: No automatic mesh merging module available
[2018.05.28-15.32.08:393][  0]LogMeshMerging: No automatic mesh merging module available
[2018.05.28-15.32.08:424][  0]LogNetVersion: FPS , NetCL: 3944462, EngineNetVer: 2, GameNetVer: 0 (Checksum: 2326512385)
[2018.05.28-15.32.08:925][  0]LogPackageLocalizationCache: Processed 9 localized package path(s) for 2 prioritized culture(s) in 0.074526 seconds
[2018.05.28-15.32.08:931][  0]LogUObjectArray: 36728 objects as part of root set at end of initial load.
[2018.05.28-15.32.08:931][  0]LogUObjectAllocator: 7314312 out of 0 bytes used by permanent object pool.
[2018.05.28-15.32.08:931][  0]LogUObjectArray: CloseDisregardForGC: 0/0 objects in disregard for GC pool
[2018.05.28-15.32.10:909][  0]LogTcpMessaging: Initializing TcpMessaging bridge
[2018.05.28-15.32.10:942][  0]LogUdpMessaging: Initializing bridge on interface 0.0.0.0:0 to multicast group 230.0.0.1:6666.
[2018.05.28-15.32.11:270][  0]LogSkeletalMesh: Skeletal Mesh found in DDC [1.137382ms] /Game/Models/Player/Arms/Arms_SMG.Arms_SMG
[2018.05.28-15.32.11:293][  0]LogUObjectGlobals: Created PersistentFrame Addr=0x00000189e41a4ae0, Size=80, Default__BP_SMGAnim_C Function /Game/Animations/SMG/BP_SMGAnim.BP_SMGAnim_C:ExecuteUbergraph_BP_SMGAnim
[2018.05.28-15.32.11:305][  0]LogUObjectGlobals: Destroyed PersistentFrame Addr=0x00000189e41a4ae0, Size=80
[2018.05.28-15.32.11:305][  0]LogUObjectGlobals: Created PersistentFrame Addr=0x00000189e4e81df0, Size=80, Default__BP_SMGAnim_C Function /Engine/Transient.REINST_BP_SMGAnim_C_0:ExecuteUbergraph_BP_SMGAnim
[2018.05.28-15.32.11:316][  0]LogUObjectGlobals: Created PersistentFrame Addr=0x00000189e4dc61b0, Size=80, Default__BP_SMGAnim_C Function /Game/Animations/SMG/BP_SMGAnim.BP_SMGAnim_C:ExecuteUbergraph_BP_SMGAnim
[2018.05.28-15.32.11:514][  0]SourceControl: Source control is disabled
[2018.05.28-15.32.11:515][  0]SourceControl: Source control is disabled
[2018.05.28-15.32.11:533][  0]SourceControl: Source control is disabled
[2018.05.28-15.32.11:552][  0]SourceControl: Source control is disabled
[2018.05.28-15.32.12:100][  0]LogAndroidPermission: UAndroidPermissionCallbackProxy::GetInstance
[2018.05.28-15.32.12:300][  0]LogOcInput: OculusInput pre-init called
[2018.05.28-15.32.12:422][  0]LogEngine: Initializing Engine...
[2018.05.28-15.32.12:464][  0]LogHMD: Failed to initialize OpenVR with code 126
[2018.05.28-15.32.12:466][  0]LogStats: UGameplayTagsManager::ConstructGameplayTagTree: Construct from data asset -  0.000 s
[2018.05.28-15.32.12:466][  0]LogStats: UGameplayTagsManager::ConstructGameplayTagTree: GameplayTagTreeChangedEvent.Broadcast -  0.000 s
[2018.05.28-15.32.12:736][  0]LogAIModule: Creating AISystem for world Untitled
[2018.05.28-15.32.12:767][  0]LogInit: XAudio2 using 'Luidsprekers (Conexant SmartAudio HD)' : 2 channels at 48 kHz using 32 bits per sample (channel mask 0x3)
[2018.05.28-15.32.12:812][  0]LogInit: FAudioDevice initialized.
[2018.05.28-15.32.12:913][  0]LogDerivedDataCache: Saved boot cache 0.10s 76MB C:/Users/tomco/AppData/Local/UnrealEngine/4.19/DerivedDataCache/Boot.ddc.
[2018.05.28-15.32.12:930][  0]LogInit: Texture streaming: Enabled
[2018.05.28-15.32.12:957][  0]LogEngineSessionManager: EngineSessionManager initialized
[2018.05.28-15.32.12:957][  0]LogEngineSessionManager: EngineSessionManager sent abnormal shutdown report. Type=Debugger, SessionId={36E786D5-420D-6A58-A6DB-9AA1FA6FAED5}
[2018.05.28-15.32.12:970][  0]LogInit: Transaction tracking system initialized
[2018.05.28-15.32.13:008][  0]BlueprintLog: New page: Editor Load
[2018.05.28-15.32.13:152][  0]LocalizationService: Localization service is disabled
[2018.05.28-15.32.13:288][  0]LogConsoleResponse: Display: 
[2018.05.28-15.32.13:460][  0]LogCook: Display: Max memory allowance for cook 16384mb min free memory 0mb
[2018.05.28-15.32.13:461][  0]LogCook: Display: Mobile HDR setting 1
[2018.05.28-15.32.13:461][  0]LogGameplayTags: Display: UGameplayTagsManager::DoneAddingNativeTags. DelegateIsBound: 0
[2018.05.28-15.32.13:461][  0]LogStats: UGameplayTagsManager::ConstructGameplayTagTree: Construct from data asset -  0.000 s
[2018.05.28-15.32.13:461][  0]LogStats: UGameplayTagsManager::ConstructGameplayTagTree: GameplayTagTreeChangedEvent.Broadcast -  0.000 s
[2018.05.28-15.32.13:869][  0]LogFileCache: Scanning file cache for directory 'D:/SpareTime/Unreal/FPS/FPS/Content/' took 0.02s
[2018.05.28-15.32.13:870][  0]SourceControl: Source control is disabled
[2018.05.28-15.32.13:870][  0]Cmd: MAP LOAD FILE="../../../../../SpareTime/Unreal/FPS/FPS/Content/Maps/AITestMap.umap" TEMPLATE=0 SHOWPROGRESS=1 FEATURELEVEL=3
[2018.05.28-15.32.13:870][  0]LightingResults: New page: Lighting Build
[2018.05.28-15.32.13:873][  0]MapCheck: New page: Map Check
[2018.05.28-15.32.13:874][  0]LightingResults: New page: Lighting Build
[2018.05.28-15.32.13:885][  0]LogUObjectGlobals: Destroyed PersistentFrame Addr=0x00000189e4e81df0, Size=80
[2018.05.28-15.32.14:046][  0]LogSkeletalMesh: Skeletal Mesh found in DDC [2.317035ms] /Game/Models/Enemy/Soldier.Soldier
[2018.05.28-15.32.14:127][  0]LogAIModule: Creating AISystem for world AITestMap
[2018.05.28-15.32.14:142][  0]LogEditorServer: Finished looking for orphan Actors (0.000 secs)
[2018.05.28-15.32.14:158][  0]Cmd: MAP CHECKDEP NOCLEARLOG
[2018.05.28-15.32.14:214][  0]MapCheck: Map check complete: 0 Error(s), 0 Warning(s), took 55.306ms to complete.
[2018.05.28-15.32.14:215][  0]LogFileHelpers: Loading map 'AITestMap' took 0.344
[2018.05.28-15.32.14:392][  0]LogCollectionManager: Loaded 0 collections in 0.001927 seconds
[2018.05.28-15.32.14:444][  0]LogFileCache: Scanning file cache for directory 'D:/SpareTime/Unreal/FPS/FPS/Saved/Collections/' took 0.01s
[2018.05.28-15.32.14:444][  0]LogFileCache: Scanning file cache for directory 'D:/SpareTime/Unreal/FPS/FPS/Content/Developers/tomco/Collections/' took 0.02s
[2018.05.28-15.32.14:445][  0]LogFileCache: Scanning file cache for directory 'D:/SpareTime/Unreal/FPS/FPS/Content/Collections/' took 0.02s
[2018.05.28-15.32.14:445][  0]LogCollectionManager: Rebuilt the GUID cache for 0 collections in 0.000001 seconds
[2018.05.28-15.32.14:459][  0]LogContentBrowser: Native class hierarchy populated in 0.0135 seconds. Added 2466 classes and 563 folders.
[2018.05.28-15.32.14:466][  0]LogContentBrowser: Native class hierarchy updated for 'WidgetCarousel' in 0.0011 seconds. Added 0 classes and 0 folders.
[2018.05.28-15.32.14:518][  0]LogContentBrowser: Native class hierarchy updated for 'AddContentDialog' in 0.0008 seconds. Added 0 classes and 0 folders.
[2018.05.28-15.32.15:797][  0]LogSlate: Only BGRA pngs, bmps or icos are supported in by External Image Picker
[2018.05.28-15.32.15:825][  0]LogSlate: Took 0.000288 seconds to synchronously load lazily loaded font '../../../Engine/Content/Slate/Fonts/Roboto-Regular.ttf' (155K)
[2018.05.28-15.32.15:828][  0]LogSlate: Took 0.000555 seconds to synchronously load lazily loaded font '../../../Engine/Content/Slate/Fonts/Roboto-Bold.ttf' (160K)
[2018.05.28-15.32.15:841][  0]LogSlate: Took 0.001024 seconds to synchronously load lazily loaded font '../../../Engine/Content/Editor/Slate/Fonts/FontAwesome.ttf' (139K)
[2018.05.28-15.32.16:015][  0]LogTemp: Executing iPhonePackager certificates Engine -bundlename com.YourCompany.FPS
[2018.05.28-15.32.16:015][  0]LogTemp: CWD: D:\Epic Games\UE_4.19\Engine\Binaries\DotNET\IOS
[2018.05.28-15.32.16:015][  0]LogTemp: Initial Dir: D:\Epic Games\UE_4.19
[2018.05.28-15.32.16:016][  0]LogTemp: Env CWD: D:\Epic Games\UE_4.19\Engine\Binaries\DotNET\IOS
[2018.05.28-15.32.16:016][  0]LogTemp: BranchPath = TOM-LAPTOP/D/Epic Games/UE_4.19/Engine/Binaries --- GameBranchPath = TOM-LAPTOP/D/Epic Games/UE_4.19/Engine/Binaries
[2018.05.28-15.32.16:016][  0]LogTemp: IPP ERROR: Could not find provision directory 'C:\Users\tomco\AppData\Local/Apple Computer/MobileDevice/Provisioning Profiles/'.
[2018.05.28-15.32.16:016][  0]LogRenderer: Reallocating scene render targets to support 908x600 Format 10 NumSamples 1 (Frame:1).
[2018.05.28-15.32.16:223][  0]LogContentBrowser: Native class hierarchy updated for 'HierarchicalLODOutliner' in 0.0012 seconds. Added 0 classes and 0 folders.
[2018.05.28-15.32.16:223][  0]LogLoad: (Engine Initialization) Total time: 14.18 seconds
[2018.05.28-15.32.16:223][  0]LogLoad: (Engine Initialization) Total Blueprint compile time: 0.00 seconds
[2018.05.28-15.32.16:233][  0]LogWindowsTextInputMethodSystem: Display: IME system now deactivated.
[2018.05.28-15.32.16:260][  0]LogContentStreaming: Texture pool size now 1000 MB
[2018.05.28-15.32.16:307][  0]LogSlate: Took 0.000151 seconds to synchronously load lazily loaded font '../../../Engine/Content/Slate/Fonts/Roboto-Light.ttf' (167K)
[2018.05.28-15.32.16:333][  1]LogAssetRegistry: Asset discovery search completed in 8.4954 seconds
[2018.05.28-15.32.16:336][  1]LogCollectionManager: Rebuilt the object cache for 0 collections in 0.000000 seconds (found 0 objects)
[2018.05.28-15.32.16:336][  1]LogCollectionManager: Fixed up redirectors for 0 collections in 0.000219 seconds (updated 0 objects)
[2018.05.28-15.32.26:374][901]LogSlate: FSceneViewport::OnFocusLost() reason 0
[2018.05.28-15.32.26:442][908]LogTemp: Repeating last play command: Selected Viewport
[2018.05.28-15.32.26:464][908]LogPlayLevel: PlayLevel: No blueprints needed recompiling
[2018.05.28-15.32.26:465][908]PIE: New page: PIE session: AITestMap (May 28, 2018, 7:32:26 PM)
[2018.05.28-15.32.26:465][908]LogPlayLevel: Creating play world package: /Game/Maps/UEDPIE_0_AITestMap
[2018.05.28-15.32.26:470][908]LogPlayLevel: PIE: StaticDuplicateObject took: (0.004452s)
[2018.05.28-15.32.26:471][908]LogAIModule: Creating AISystem for world AITestMap
[2018.05.28-15.32.26:472][908]LogPlayLevel: PIE: World Init took: (0.001596s)
[2018.05.28-15.32.26:472][908]LogPlayLevel: PIE: Created PIE world by copying editor world from /Game/Maps/AITestMap.AITestMap to /Game/Maps/UEDPIE_0_AITestMap.AITestMap (0.006931s)
[2018.05.28-15.32.26:491][908]LogInit: XAudio2 using 'Luidsprekers (Conexant SmartAudio HD)' : 2 channels at 48 kHz using 32 bits per sample (channel mask 0x3)
[2018.05.28-15.32.26:530][908]LogInit: FAudioDevice initialized.
[2018.05.28-15.32.26:595][908]LogUObjectGlobals: Created PersistentFrame Addr=0x00000189cb135de0, Size=104, Default__BP_InGameGUI_C Function /Game/UI/Widgets/BP_InGameGUI.BP_InGameGUI_C:ExecuteUbergraph_BP_InGameGUI
[2018.05.28-15.32.26:600][908]LogUObjectGlobals: Destroyed PersistentFrame Addr=0x00000189cb135de0, Size=104
[2018.05.28-15.32.26:600][908]LogUObjectGlobals: Created PersistentFrame Addr=0x00000189cb135de0, Size=104, Default__BP_InGameGUI_C Function /Engine/Transient.REINST_BP_InGameGUI_C_0:ExecuteUbergraph_BP_InGameGUI
[2018.05.28-15.32.26:604][908]LogUObjectGlobals: Created PersistentFrame Addr=0x00000189e726a940, Size=104, Default__BP_InGameGUI_C Function /Game/UI/Widgets/BP_InGameGUI.BP_InGameGUI_C:ExecuteUbergraph_BP_InGameGUI
[2018.05.28-15.32.26:619][908]LogLoad: Game class is 'BP_FPSGameModeBase_C'
[2018.05.28-15.32.26:622][908]LogWorld: Bringing World /Game/Maps/UEDPIE_0_AITestMap.AITestMap up for play (max tick rate 0) at 2018.05.28-17.32.26
[2018.05.28-15.32.26:624][908]LogTemp: Warning: Run possess
[2018.05.28-15.32.26:625][908]LogWorld: Bringing up level for play took: 0.003336
[2018.05.28-15.32.26:629][908]LogContentBrowser: Native class hierarchy updated for 'MovieSceneCapture' in 0.0007 seconds. Added 11 classes and 0 folders.
[2018.05.28-15.32.26:631][908]LogOutputDevice: Error: Ensure condition failed: Component->HasBegunPlay() [File:D:\Build\++UE4+Release-4.19+Compile\Sync\Engine\Source\Runtime\Engine\Private\Actor.cpp] [Line: 3129] 
Failed to route BeginPlay (SMG /Game/Maps/UEDPIE_0_AITestMap.AITestMap:PersistentLevel.BP_FPSPlayer_C_0.CurrentWeaponMesh)

[2018.05.28-15.32.26:631][908]LogStats:             FDebug::EnsureFailed -  0.000 s
[2018.05.28-15.32.28:671][908]PIE: Play in editor start time for /Game/Maps/UEDPIE_0_AITestMap 1.579
[2018.05.28-15.32.55:869][394]LogSlate: FSceneViewport::OnFocusLost() reason 0
[2018.05.28-15.32.57:267][506]LogSlate: Took 0.000307 seconds to synchronously load lazily loaded font '../../../Engine/Content/Slate/Fonts/Roboto-Light.ttf' (167K)
[2018.05.28-15.32.57:268][506]LogSlate: Took 0.000258 seconds to synchronously load lazily loaded font '../../../Engine/Content/Slate/Fonts/Roboto-BoldCondensed.ttf' (158K)
[2018.05.28-15.33.01:290][912]LogUObjectGlobals: Destroyed PersistentFrame Addr=0x00000189cb135de0, Size=104
[2018.05.28-15.33.04:755][163]LogTemp: Repeating last play command: Selected Viewport
[2018.05.28-15.33.04:786][163]LogPlayLevel: PlayLevel: No blueprints needed recompiling
[2018.05.28-15.33.04:786][163]PIE: New page: PIE session: AITestMap (May 28, 2018, 7:33:04 PM)
[2018.05.28-15.33.04:786][163]LogPlayLevel: Creating play world package: /Game/Maps/UEDPIE_0_AITestMap
[2018.05.28-15.33.04:790][163]LogPlayLevel: PIE: StaticDuplicateObject took: (0.003309s)
[2018.05.28-15.33.04:791][163]LogAIModule: Creating AISystem for world AITestMap
[2018.05.28-15.33.04:791][163]LogPlayLevel: PIE: World Init took: (0.001254s)
[2018.05.28-15.33.04:792][163]LogPlayLevel: PIE: Created PIE world by copying editor world from /Game/Maps/AITestMap.AITestMap to /Game/Maps/UEDPIE_0_AITestMap.AITestMap (0.005312s)
[2018.05.28-15.33.04:810][163]LogInit: XAudio2 using 'Luidsprekers (Conexant SmartAudio HD)' : 2 channels at 48 kHz using 32 bits per sample (channel mask 0x3)
[2018.05.28-15.33.04:846][163]LogInit: FAudioDevice initialized.
[2018.05.28-15.33.04:887][163]LogLoad: Game class is 'BP_FPSGameModeBase_C'
[2018.05.28-15.33.04:889][163]LogWorld: Bringing World /Game/Maps/UEDPIE_0_AITestMap.AITestMap up for play (max tick rate 0) at 2018.05.28-17.33.04
[2018.05.28-15.33.04:891][163]LogTemp: Warning: Run possess
[2018.05.28-15.33.04:891][163]LogWorld: Bringing up level for play took: 0.002804
[2018.05.28-15.33.04:894][163]PIE: Play in editor start time for /Game/Maps/UEDPIE_0_AITestMap -0.198
[2018.05.28-15.33.55:883][302]LogTemp: Repeating last play command: Selected Viewport
[2018.05.28-15.33.55:909][302]LogPlayLevel: PlayLevel: No blueprints needed recompiling
[2018.05.28-15.33.55:910][302]PIE: New page: PIE session: AITestMap (May 28, 2018, 7:33:55 PM)
[2018.05.28-15.33.55:910][302]LogPlayLevel: Creating play world package: /Game/Maps/UEDPIE_0_AITestMap
[2018.05.28-15.33.55:912][302]LogPlayLevel: PIE: StaticDuplicateObject took: (0.003050s)
[2018.05.28-15.33.55:913][302]LogAIModule: Creating AISystem for world AITestMap
[2018.05.28-15.33.55:914][302]LogPlayLevel: PIE: World Init took: (0.001261s)
[2018.05.28-15.33.55:914][302]LogPlayLevel: PIE: Created PIE world by copying editor world from /Game/Maps/AITestMap.AITestMap to /Game/Maps/UEDPIE_0_AITestMap.AITestMap (0.004939s)
[2018.05.28-15.33.55:934][302]LogInit: XAudio2 using 'Luidsprekers (Conexant SmartAudio HD)' : 2 channels at 48 kHz using 32 bits per sample (channel mask 0x3)
[2018.05.28-15.33.55:969][302]LogInit: FAudioDevice initialized.
[2018.05.28-15.33.56:010][302]LogLoad: Game class is 'BP_FPSGameModeBase_C'
[2018.05.28-15.33.56:013][302]LogWorld: Bringing World /Game/Maps/UEDPIE_0_AITestMap.AITestMap up for play (max tick rate 0) at 2018.05.28-17.33.56
[2018.05.28-15.33.56:015][302]LogTemp: Warning: Run possess
[2018.05.28-15.33.56:015][302]LogWorld: Bringing up level for play took: 0.003483
[2018.05.28-15.33.56:020][302]PIE: Play in editor start time for /Game/Maps/UEDPIE_0_AITestMap 0.928
[2018.05.28-15.34.35:285][529]LogTemp: Repeating last play command: Selected Viewport
[2018.05.28-15.34.35:310][529]LogPlayLevel: PlayLevel: No blueprints needed recompiling
[2018.05.28-15.34.35:311][529]PIE: New page: PIE session: AITestMap (May 28, 2018, 7:34:35 PM)
[2018.05.28-15.34.35:311][529]LogPlayLevel: Creating play world package: /Game/Maps/UEDPIE_0_AITestMap
[2018.05.28-15.34.35:314][529]LogPlayLevel: PIE: StaticDuplicateObject took: (0.002931s)
[2018.05.28-15.34.35:315][529]LogAIModule: Creating AISystem for world AITestMap
[2018.05.28-15.34.35:316][529]LogPlayLevel: PIE: World Init took: (0.001248s)
[2018.05.28-15.34.35:316][529]LogPlayLevel: PIE: Created PIE world by copying editor world from /Game/Maps/AITestMap.AITestMap to /Game/Maps/UEDPIE_0_AITestMap.AITestMap (0.004867s)
[2018.05.28-15.34.35:334][529]LogInit: XAudio2 using 'Luidsprekers (Conexant SmartAudio HD)' : 2 channels at 48 kHz using 32 bits per sample (channel mask 0x3)
[2018.05.28-15.34.35:366][529]LogInit: FAudioDevice initialized.
[2018.05.28-15.34.35:404][529]LogLoad: Game class is 'BP_FPSGameModeBase_C'
[2018.05.28-15.34.35:407][529]LogWorld: Bringing World /Game/Maps/UEDPIE_0_AITestMap.AITestMap up for play (max tick rate 0) at 2018.05.28-17.34.35
[2018.05.28-15.34.35:408][529]LogTemp: Warning: Run possess
[2018.05.28-15.34.35:409][529]LogWorld: Bringing up level for play took: 0.002897
[2018.05.28-15.34.35:411][529]PIE: Play in editor start time for /Game/Maps/UEDPIE_0_AITestMap 0.32
[2018.05.28-15.34.49:389][ 43]LogSlate: FSceneViewport::OnFocusLost() reason 2
[2018.05.28-15.34.50:977][144]LogTemp: Repeating last play command: Selected Viewport
[2018.05.28-15.34.51:005][144]LogPlayLevel: PlayLevel: No blueprints needed recompiling
[2018.05.28-15.34.51:005][144]PIE: New page: PIE session: AITestMap (May 28, 2018, 7:34:51 PM)
[2018.05.28-15.34.51:006][144]LogPlayLevel: Creating play world package: /Game/Maps/UEDPIE_0_AITestMap
[2018.05.28-15.34.51:009][144]LogPlayLevel: PIE: StaticDuplicateObject took: (0.002993s)
[2018.05.28-15.34.51:010][144]LogAIModule: Creating AISystem for world AITestMap
[2018.05.28-15.34.51:010][144]LogPlayLevel: PIE: World Init took: (0.001329s)
[2018.05.28-15.34.51:011][144]LogPlayLevel: PIE: Created PIE world by copying editor world from /Game/Maps/AITestMap.AITestMap to /Game/Maps/UEDPIE_0_AITestMap.AITestMap (0.005111s)
[2018.05.28-15.34.51:028][144]LogInit: XAudio2 using 'Luidsprekers (Conexant SmartAudio HD)' : 2 channels at 48 kHz using 32 bits per sample (channel mask 0x3)
[2018.05.28-15.34.51:062][144]LogInit: FAudioDevice initialized.
[2018.05.28-15.34.51:107][144]LogLoad: Game class is 'BP_FPSGameModeBase_C'
[2018.05.28-15.34.51:109][144]LogWorld: Bringing World /Game/Maps/UEDPIE_0_AITestMap.AITestMap up for play (max tick rate 0) at 2018.05.28-17.34.51
[2018.05.28-15.34.51:110][144]LogTemp: Warning: Run possess
[2018.05.28-15.34.51:111][144]LogWorld: Bringing up level for play took: 0.002764
[2018.05.28-15.34.51:114][144]PIE: Play in editor start time for /Game/Maps/UEDPIE_0_AITestMap 0.022
[2018.05.28-15.35.15:988][709]LogSlate: FSceneViewport::OnFocusLost() reason 0
[2018.05.28-15.35.16:076][715]LogTemp: Repeating last play command: Selected Viewport
[2018.05.28-15.35.16:103][715]LogPlayLevel: PlayLevel: No blueprints needed recompiling
[2018.05.28-15.35.16:104][715]PIE: New page: PIE session: AITestMap (May 28, 2018, 7:35:16 PM)
[2018.05.28-15.35.16:104][715]LogPlayLevel: Creating play world package: /Game/Maps/UEDPIE_0_AITestMap
[2018.05.28-15.35.16:107][715]LogPlayLevel: PIE: StaticDuplicateObject took: (0.003014s)
[2018.05.28-15.35.16:108][715]LogAIModule: Creating AISystem for world AITestMap
[2018.05.28-15.35.16:109][715]LogPlayLevel: PIE: World Init took: (0.001414s)
[2018.05.28-15.35.16:109][715]LogPlayLevel: PIE: Created PIE world by copying editor world from /Game/Maps/AITestMap.AITestMap to /Game/Maps/UEDPIE_0_AITestMap.AITestMap (0.005017s)
[2018.05.28-15.35.16:127][715]LogInit: XAudio2 using 'Luidsprekers (Conexant SmartAudio HD)' : 2 channels at 48 kHz using 32 bits per sample (channel mask 0x3)
[2018.05.28-15.35.16:161][715]LogInit: FAudioDevice initialized.
[2018.05.28-15.35.16:201][715]LogLoad: Game class is 'BP_FPSGameModeBase_C'
[2018.05.28-15.35.16:204][715]LogWorld: Bringing World /Game/Maps/UEDPIE_0_AITestMap.AITestMap up for play (max tick rate 0) at 2018.05.28-17.35.16
[2018.05.28-15.35.16:205][715]LogTemp: Warning: Run possess
[2018.05.28-15.35.16:206][715]LogWorld: Bringing up level for play took: 0.002866
[2018.05.28-15.35.16:209][715]PIE: Play in editor start time for /Game/Maps/UEDPIE_0_AITestMap -0.883
[2018.05.28-15.35.33:099][848]LogTemp: Repeating last play command: Selected Viewport
[2018.05.28-15.35.33:128][848]LogPlayLevel: PlayLevel: No blueprints needed recompiling
[2018.05.28-15.35.33:128][848]PIE: New page: PIE session: AITestMap (May 28, 2018, 7:35:33 PM)
[2018.05.28-15.35.33:128][848]LogPlayLevel: Creating play world package: /Game/Maps/UEDPIE_0_AITestMap
[2018.05.28-15.35.33:131][848]LogPlayLevel: PIE: StaticDuplicateObject took: (0.002802s)
[2018.05.28-15.35.33:132][848]LogAIModule: Creating AISystem for world AITestMap
[2018.05.28-15.35.33:133][848]LogPlayLevel: PIE: World Init took: (0.001212s)
[2018.05.28-15.35.33:133][848]LogPlayLevel: PIE: Created PIE world by copying editor world from /Game/Maps/AITestMap.AITestMap to /Game/Maps/UEDPIE_0_AITestMap.AITestMap (0.004705s)
[2018.05.28-15.35.33:151][848]LogInit: XAudio2 using 'Luidsprekers (Conexant SmartAudio HD)' : 2 channels at 48 kHz using 32 bits per sample (channel mask 0x3)
[2018.05.28-15.35.33:189][848]LogInit: FAudioDevice initialized.
[2018.05.28-15.35.33:228][848]LogLoad: Game class is 'BP_FPSGameModeBase_C'
[2018.05.28-15.35.33:230][848]LogWorld: Bringing World /Game/Maps/UEDPIE_0_AITestMap.AITestMap up for play (max tick rate 0) at 2018.05.28-17.35.33
[2018.05.28-15.35.33:231][848]LogTemp: Warning: Run possess
[2018.05.28-15.35.33:232][848]LogWorld: Bringing up level for play took: 0.002496
[2018.05.28-15.35.33:235][848]PIE: Play in editor start time for /Game/Maps/UEDPIE_0_AITestMap 0.143
[2018.05.28-15.35.49:036][891]LogSlate: FSceneViewport::OnFocusLost() reason 0
[2018.05.28-15.35.49:092][895]LogTemp: Repeating last play command: Selected Viewport
[2018.05.28-15.35.49:121][895]LogPlayLevel: PlayLevel: No blueprints needed recompiling
[2018.05.28-15.35.49:121][895]PIE: New page: PIE session: AITestMap (May 28, 2018, 7:35:49 PM)
[2018.05.28-15.35.49:121][895]LogPlayLevel: Creating play world package: /Game/Maps/UEDPIE_0_AITestMap
[2018.05.28-15.35.49:124][895]LogPlayLevel: PIE: StaticDuplicateObject took: (0.002668s)
[2018.05.28-15.35.49:125][895]LogAIModule: Creating AISystem for world AITestMap
[2018.05.28-15.35.49:126][895]LogPlayLevel: PIE: World Init took: (0.001262s)
[2018.05.28-15.35.49:126][895]LogPlayLevel: PIE: Created PIE world by copying editor world from /Game/Maps/AITestMap.AITestMap to /Game/Maps/UEDPIE_0_AITestMap.AITestMap (0.004597s)
[2018.05.28-15.35.49:143][895]LogInit: XAudio2 using 'Luidsprekers (Conexant SmartAudio HD)' : 2 channels at 48 kHz using 32 bits per sample (channel mask 0x3)
[2018.05.28-15.35.49:181][895]LogInit: FAudioDevice initialized.
[2018.05.28-15.35.49:220][895]LogLoad: Game class is 'BP_FPSGameModeBase_C'
[2018.05.28-15.35.49:223][895]LogWorld: Bringing World /Game/Maps/UEDPIE_0_AITestMap.AITestMap up for play (max tick rate 0) at 2018.05.28-17.35.49
[2018.05.28-15.35.49:224][895]LogTemp: Warning: Run possess
[2018.05.28-15.35.49:224][895]LogWorld: Bringing up level for play took: 0.002615
[2018.05.28-15.35.49:227][895]PIE: Play in editor start time for /Game/Maps/UEDPIE_0_AITestMap 0.135
[2018.05.28-15.42.25:825][309]LogSlate: FSceneViewport::OnFocusLost() reason 0
[2018.05.28-15.42.25:905][314]LogTemp: Repeating last play command: Selected Viewport
[2018.05.28-15.42.25:935][314]LogPlayLevel: PlayLevel: No blueprints needed recompiling
[2018.05.28-15.42.25:936][314]PIE: New page: PIE session: AITestMap (May 28, 2018, 7:42:25 PM)
[2018.05.28-15.42.25:936][314]LogPlayLevel: Creating play world package: /Game/Maps/UEDPIE_0_AITestMap
[2018.05.28-15.42.25:939][314]LogPlayLevel: PIE: StaticDuplicateObject took: (0.003292s)
[2018.05.28-15.42.25:941][314]LogAIModule: Creating AISystem for world AITestMap
[2018.05.28-15.42.25:941][314]LogPlayLevel: PIE: World Init took: (0.001659s)
[2018.05.28-15.42.25:942][314]LogPlayLevel: PIE: Created PIE world by copying editor world from /Game/Maps/AITestMap.AITestMap to /Game/Maps/UEDPIE_0_AITestMap.AITestMap (0.005604s)
[2018.05.28-15.42.25:961][314]LogInit: XAudio2 using 'Luidsprekers (Conexant SmartAudio HD)' : 2 channels at 48 kHz using 32 bits per sample (channel mask 0x3)
[2018.05.28-15.42.25:998][314]LogInit: FAudioDevice initialized.
[2018.05.28-15.42.26:048][314]LogLoad: Game class is 'BP_FPSGameModeBase_C'
[2018.05.28-15.42.26:051][314]LogWorld: Bringing World /Game/Maps/UEDPIE_0_AITestMap.AITestMap up for play (max tick rate 0) at 2018.05.28-17.42.26
[2018.05.28-15.42.26:052][314]LogTemp: Warning: Run possess
[2018.05.28-15.42.26:052][314]LogWorld: Bringing up level for play took: 0.002841
[2018.05.28-15.42.26:055][314]PIE: Play in editor start time for /Game/Maps/UEDPIE_0_AITestMap 0.963
[2018.05.28-15.42.33:773][721]Cmd: CAMERA ALIGN ACTIVEVIEWPORTONLY
[2018.05.28-15.42.33:957][728]Cmd: CAMERA ALIGN ACTIVEVIEWPORTONLY
[2018.05.28-15.42.37:641][942]LogSlate: FSceneViewport::OnFocusLost() reason 0
[2018.05.28-15.42.40:860][128]LogSlate: FSceneViewport::OnFocusLost() reason 0
[2018.05.28-15.42.46:287][422]LogSlate: FSceneViewport::OnFocusLost() reason 0
[2018.05.28-15.42.50:578][643]LogSlate: FSceneViewport::OnFocusLost() reason 0
[2018.05.28-15.42.50:641][647]LogTemp: Repeating last play command: Selected Viewport
[2018.05.28-15.42.50:675][647]LogPlayLevel: PlayLevel: No blueprints needed recompiling
[2018.05.28-15.42.50:675][647]PIE: New page: PIE session: AITestMap (May 28, 2018, 7:42:50 PM)
[2018.05.28-15.42.50:676][647]LogPlayLevel: Creating play world package: /Game/Maps/UEDPIE_0_AITestMap
[2018.05.28-15.42.50:680][647]LogPlayLevel: PIE: StaticDuplicateObject took: (0.004378s)
[2018.05.28-15.42.50:681][647]LogAIModule: Creating AISystem for world AITestMap
[2018.05.28-15.42.50:682][647]LogPlayLevel: PIE: World Init took: (0.001528s)
[2018.05.28-15.42.50:682][647]LogPlayLevel: PIE: Created PIE world by copying editor world from /Game/Maps/AITestMap.AITestMap to /Game/Maps/UEDPIE_0_AITestMap.AITestMap (0.006636s)
[2018.05.28-15.42.50:705][647]LogInit: XAudio2 using 'Luidsprekers (Conexant SmartAudio HD)' : 2 channels at 48 kHz using 32 bits per sample (channel mask 0x3)
[2018.05.28-15.42.50:748][647]LogInit: FAudioDevice initialized.
[2018.05.28-15.42.50:791][647]LogLoad: Game class is 'BP_FPSGameModeBase_C'
[2018.05.28-15.42.50:794][647]LogWorld: Bringing World /Game/Maps/UEDPIE_0_AITestMap.AITestMap up for play (max tick rate 0) at 2018.05.28-17.42.50
[2018.05.28-15.42.50:795][647]LogTemp: Warning: Run possess
[2018.05.28-15.42.50:796][647]LogWorld: Bringing up level for play took: 0.002861
[2018.05.28-15.42.50:799][647]PIE: Play in editor start time for /Game/Maps/UEDPIE_0_AITestMap -0.293
[2018.05.28-15.43.53:833][820]LogSlate: FSceneViewport::OnFocusLost() reason 0
[2018.05.28-15.43.56:949][102]LogSlate: FSceneViewport::OnFocusLost() reason 0
[2018.05.28-15.43.58:980][235]LogContentBrowser: Native class hierarchy updated for 'BlueprintGraph' in 0.0013 seconds. Added 116 classes and 0 folders.
[2018.05.28-15.43.59:315][235]LogUObjectGlobals: Created PersistentFrame Addr=0x0000018a13257ba8, Size=4, Default__SKEL_PROTO_BP_AnimBlueprint_0_C Function /Engine/Transient.SKEL_PROTO_BP_AnimBlueprint_0_C:ExecuteUbergraph_PROTO_BP_AnimBlueprint_0
[2018.05.28-15.43.59:318][235]LogUObjectGlobals: Created PersistentFrame Addr=0x0000018a13257ba0, Size=4, Default__PROTO_BP_AnimBlueprint_0_C Function /Engine/Transient.PROTO_BP_AnimBlueprint_0_C:ExecuteUbergraph_PROTO_BP_AnimBlueprint_0
[2018.05.28-15.44.13:452][287]Candidate modules for hot reload:
[2018.05.28-15.44.13:452][287]  FPS
[2018.05.28-15.44.13:452][287]Launching UnrealBuildTool... [D:/Epic Games/UE_4.19/Engine/Binaries/DotNET/UnrealBuildTool.exe FPS -ModuleWithSuffix=FPS,7513 Win64 Development -editorrecompile -canskiplink "D:/SpareTime/Unreal/FPS/FPS/FPS.uproject" ]
[2018.05.28-15.44.13:456][287]Warning: Starting HotReload took  0.1s.
[2018.05.28-15.44.16:896][549]Cmd: OBJ SAVEPACKAGE PACKAGE="/Game/Maps/AITestMap" FILE="../../../../../SpareTime/Unreal/FPS/FPS/Content/Maps/AITestMap.umap" SILENT=true AUTOSAVING=false KEEPDIRTY=false
[2018.05.28-15.44.16:989][549]LogSavePackage: Save=30.56ms
[2018.05.28-15.44.16:989][549]LogSavePackage: Moving '../../../../../SpareTime/Unreal/FPS/FPS/Saved/AITestMap1D9089294D2D2AFCD19960993318F87D.tmp' to '../../../../../SpareTime/Unreal/FPS/FPS/Content/Maps/AITestMap.umap'
[2018.05.28-15.44.16:992][549]LogSavePackage: Display: Finished SavePackage ../../../../../SpareTime/Unreal/FPS/FPS/Content/Maps/AITestMap.umap
[2018.05.28-15.44.17:035][549]LogFileHelpers: Saving map 'AITestMap' took 0.205
[2018.05.28-15.44.17:043][549]Cmd: OBJ SAVEPACKAGE PACKAGE="/Game/AI/AssaultCharacter/AssualtBT" FILE="../../../../../SpareTime/Unreal/FPS/FPS/Content/AI/AssaultCharacter/AssualtBT.uasset" SILENT=true
[2018.05.28-15.44.17:069][549]LogSavePackage: Save=9.77ms
[2018.05.28-15.44.17:069][549]LogSavePackage: Moving '../../../../../SpareTime/Unreal/FPS/FPS/Saved/AssualtBT7CCEFFFB4C3BB139F04C46B595F43A8B.tmp' to '../../../../../SpareTime/Unreal/FPS/FPS/Content/AI/AssaultCharacter/AssualtBT.uasset'
[2018.05.28-15.44.17:073][549]LogSavePackage: Display: Finished SavePackage ../../../../../SpareTime/Unreal/FPS/FPS/Content/AI/AssaultCharacter/AssualtBT.uasset
[2018.05.28-15.44.21:258][888]CompilerResultsLog: New page: Compilation - May 28, 2018, 7:44:21 PM
[2018.05.28-15.44.21:259][888]CompilerResultsLog: Using 'git status' to determine working set for adaptive non-unity build.
[2018.05.28-15.44.21:259][888]CompilerResultsLog: Creating makefile for hot reloading FPS (ini files are newer than UBTMakefile)
[2018.05.28-15.44.21:259][888]CompilerResultsLog: Compiling game modules for hot reload
[2018.05.28-15.44.21:259][888]CompilerResultsLog: Target is up to date
[2018.05.28-15.44.21:259][888]CompilerResultsLog: Total build time: 7.46 seconds (NoActionsToExecute executor: 0.00 seconds)
[2018.05.28-15.44.21:260][888]LogMainFrame: MainFrame: Module compiling took 7.813 seconds
[2018.05.28-15.44.21:575][888]LogContentBrowser: Native class hierarchy populated in 0.0105 seconds. Added 2466 classes and 563 folders.
[2018.05.28-15.44.21:576][888]Display: HotReload took  8.2s.
[2018.05.28-15.44.22:122][923]LogTemp: Repeating last play command: Selected Viewport
[2018.05.28-15.44.22:157][923]LogPlayLevel: PlayLevel: No blueprints needed recompiling
[2018.05.28-15.44.22:157][923]PIE: New page: PIE session: AITestMap (May 28, 2018, 7:44:22 PM)
[2018.05.28-15.44.22:158][923]LogPlayLevel: Creating play world package: /Game/Maps/UEDPIE_0_AITestMap
[2018.05.28-15.44.22:161][923]LogPlayLevel: PIE: StaticDuplicateObject took: (0.003413s)
[2018.05.28-15.44.22:162][923]LogAIModule: Creating AISystem for world AITestMap
[2018.05.28-15.44.22:163][923]LogPlayLevel: PIE: World Init took: (0.001342s)
[2018.05.28-15.44.22:163][923]LogPlayLevel: PIE: Created PIE world by copying editor world from /Game/Maps/AITestMap.AITestMap to /Game/Maps/UEDPIE_0_AITestMap.AITestMap (0.005525s)
[2018.05.28-15.44.22:214][923]LogInit: XAudio2 using 'Luidsprekers (Conexant SmartAudio HD)' : 2 channels at 48 kHz using 32 bits per sample (channel mask 0x3)
[2018.05.28-15.44.22:248][923]LogInit: FAudioDevice initialized.
[2018.05.28-15.44.22:288][923]LogLoad: Game class is 'BP_FPSGameModeBase_C'
[2018.05.28-15.44.22:290][923]LogWorld: Bringing World /Game/Maps/UEDPIE_0_AITestMap.AITestMap up for play (max tick rate 0) at 2018.05.28-17.44.22
[2018.05.28-15.44.22:292][923]LogTemp: Warning: Run possess
[2018.05.28-15.44.22:292][923]LogWorld: Bringing up level for play took: 0.002753
[2018.05.28-15.44.22:295][923]PIE: Play in editor start time for /Game/Maps/UEDPIE_0_AITestMap -0.797
[2018.05.28-15.45.08:946][ 84]LogSlate: FSceneViewport::OnFocusLost() reason 0
[2018.05.28-15.45.09:035][ 92]LogTemp: Repeating last play command: Selected Viewport
[2018.05.28-15.45.09:063][ 92]LogPlayLevel: PlayLevel: No blueprints needed recompiling
[2018.05.28-15.45.09:064][ 92]PIE: New page: PIE session: AITestMap (May 28, 2018, 7:45:09 PM)
[2018.05.28-15.45.09:064][ 92]LogPlayLevel: Creating play world package: /Game/Maps/UEDPIE_0_AITestMap
[2018.05.28-15.45.09:067][ 92]LogPlayLevel: PIE: StaticDuplicateObject took: (0.002767s)
[2018.05.28-15.45.09:068][ 92]LogAIModule: Creating AISystem for world AITestMap
[2018.05.28-15.45.09:068][ 92]LogPlayLevel: PIE: World Init took: (0.001366s)
[2018.05.28-15.45.09:069][ 92]LogPlayLevel: PIE: Created PIE world by copying editor world from /Game/Maps/AITestMap.AITestMap to /Game/Maps/UEDPIE_0_AITestMap.AITestMap (0.004710s)
[2018.05.28-15.45.09:100][ 92]LogInit: XAudio2 using 'Luidsprekers (Conexant SmartAudio HD)' : 2 channels at 48 kHz using 32 bits per sample (channel mask 0x3)
[2018.05.28-15.45.09:138][ 92]LogInit: FAudioDevice initialized.
[2018.05.28-15.45.09:179][ 92]LogLoad: Game class is 'BP_FPSGameModeBase_C'
[2018.05.28-15.45.09:181][ 92]LogWorld: Bringing World /Game/Maps/UEDPIE_0_AITestMap.AITestMap up for play (max tick rate 0) at 2018.05.28-17.45.09
[2018.05.28-15.45.09:183][ 92]LogTemp: Warning: Run possess
[2018.05.28-15.45.09:183][ 92]LogWorld: Bringing up level for play took: 0.003530
[2018.05.28-15.45.09:186][ 92]PIE: Play in editor start time for /Game/Maps/UEDPIE_0_AITestMap 0.094
[2018.05.28-15.45.13:388][407]LogSlate: FSceneViewport::OnFocusLost() reason 2
[2018.05.28-15.45.58:237][598]Candidate modules for hot reload:
[2018.05.28-15.45.58:237][598]  FPS
[2018.05.28-15.45.58:238][598]Launching UnrealBuildTool... [D:/Epic Games/UE_4.19/Engine/Binaries/DotNET/UnrealBuildTool.exe FPS -ModuleWithSuffix=FPS,2365 Win64 Development -editorrecompile -canskiplink "D:/SpareTime/Unreal/FPS/FPS/FPS.uproject" ]
[2018.05.28-15.45.58:241][598]Warning: Starting HotReload took  0.0s.
[2018.05.28-15.46.28:708][442]CompilerResultsLog: New page: Compilation - May 28, 2018, 7:46:28 PM
[2018.05.28-15.46.28:708][442]CompilerResultsLog: Using 'git status' to determine working set for adaptive non-unity build.
[2018.05.28-15.46.28:708][442]CompilerResultsLog: Compiling game modules for hot reload
[2018.05.28-15.46.28:709][442]CompilerResultsLog: Performing 3 actions (4 in parallel)
[2018.05.28-15.46.28:709][442]CompilerResultsLog: AssaultIdleUpdate.cpp
[2018.05.28-15.46.28:709][442]CompilerResultsLog: [2/3] Link UE4Editor-FPS-2365.dll
[2018.05.28-15.46.28:709][442]CompilerResultsLog: [3/3] Link UE4Editor-FPS-2365.lib
[2018.05.28-15.46.28:709][442]CompilerResultsLog:    Creating library D:\SpareTime\Unreal\FPS\FPS\Intermediate\Build\Win64\UE4Editor\Development\UE4Editor-FPS-2365.lib and object D:\SpareTime\Unreal\FPS\FPS\Intermediate\Build\Win64\UE4Editor\Development\UE4Editor-FPS-2365.exp
[2018.05.28-15.46.28:709][442]CompilerResultsLog:    Creating library D:\SpareTime\Unreal\FPS\FPS\Intermediate\Build\Win64\UE4Editor\Development\UE4Editor-FPS-2365.suppressed.lib and object D:\SpareTime\Unreal\FPS\FPS\Intermediate\Build\Win64\UE4Editor\Development\UE4Editor-FPS-2365.suppressed.exp
[2018.05.28-15.46.28:709][442]CompilerResultsLog: Total build time: 30.15 seconds (Local executor: 29.22 seconds)
[2018.05.28-15.46.28:709][442]LogMainFrame: MainFrame: Module compiling took 30.480 seconds
[2018.05.28-15.46.28:808][442]LogContentBrowser: Native class hierarchy updated for 'FPS' in 0.0009 seconds. Added 13 classes and 3 folders.
[2018.05.28-15.46.28:812][442]Display: HotReload successful (3 functions remapped  0 scriptstructs remapped)
[2018.05.28-15.46.29:225][442]LogContentBrowser: Native class hierarchy populated in 0.0099 seconds. Added 2466 classes and 563 folders.
[2018.05.28-15.46.29:225][442]Display: HotReload took 31.0s.
[2018.05.28-15.46.37:282][964]LogTemp: Repeating last play command: Selected Viewport
[2018.05.28-15.46.37:316][964]LogPlayLevel: PlayLevel: No blueprints needed recompiling
[2018.05.28-15.46.37:317][964]PIE: New page: PIE session: AITestMap (May 28, 2018, 7:46:37 PM)
[2018.05.28-15.46.37:317][964]LogPlayLevel: Creating play world package: /Game/Maps/UEDPIE_0_AITestMap
[2018.05.28-15.46.37:320][964]LogPlayLevel: PIE: StaticDuplicateObject took: (0.002882s)
[2018.05.28-15.46.37:321][964]LogAIModule: Creating AISystem for world AITestMap
[2018.05.28-15.46.37:322][964]LogPlayLevel: PIE: World Init took: (0.001458s)
[2018.05.28-15.46.37:322][964]LogPlayLevel: PIE: Created PIE world by copying editor world from /Game/Maps/AITestMap.AITestMap to /Game/Maps/UEDPIE_0_AITestMap.AITestMap (0.005042s)
[2018.05.28-15.46.37:389][964]LogInit: XAudio2 using 'Luidsprekers (Conexant SmartAudio HD)' : 2 channels at 48 kHz using 32 bits per sample (channel mask 0x3)
[2018.05.28-15.46.37:423][964]LogInit: FAudioDevice initialized.
[2018.05.28-15.46.37:465][964]LogLoad: Game class is 'BP_FPSGameModeBase_C'
[2018.05.28-15.46.37:468][964]LogWorld: Bringing World /Game/Maps/UEDPIE_0_AITestMap.AITestMap up for play (max tick rate 0) at 2018.05.28-17.46.37
[2018.05.28-15.46.37:469][964]LogTemp: Warning: Run possess
[2018.05.28-15.46.37:470][964]LogWorld: Bringing up level for play took: 0.002925
[2018.05.28-15.46.37:473][964]PIE: Play in editor start time for /Game/Maps/UEDPIE_0_AITestMap 0.381
[2018.05.28-15.47.20:475][792]LogSlate: FSceneViewport::OnFocusLost() reason 0
[2018.05.28-15.47.20:548][798]LogTemp: Repeating last play command: Selected Viewport
[2018.05.28-15.47.20:574][798]LogPlayLevel: PlayLevel: No blueprints needed recompiling
[2018.05.28-15.47.20:575][798]PIE: New page: PIE session: AITestMap (May 28, 2018, 7:47:20 PM)
[2018.05.28-15.47.20:575][798]LogPlayLevel: Creating play world package: /Game/Maps/UEDPIE_0_AITestMap
[2018.05.28-15.47.20:578][798]LogPlayLevel: PIE: StaticDuplicateObject took: (0.002790s)
[2018.05.28-15.47.20:579][798]LogAIModule: Creating AISystem for world AITestMap
[2018.05.28-15.47.20:580][798]LogPlayLevel: PIE: World Init took: (0.001496s)
[2018.05.28-15.47.20:580][798]LogPlayLevel: PIE: Created PIE world by copying editor world from /Game/Maps/AITestMap.AITestMap to /Game/Maps/UEDPIE_0_AITestMap.AITestMap (0.005123s)
[2018.05.28-15.47.20:611][798]LogInit: XAudio2 using 'Luidsprekers (Conexant SmartAudio HD)' : 2 channels at 48 kHz using 32 bits per sample (channel mask 0x3)
[2018.05.28-15.47.20:645][798]LogInit: FAudioDevice initialized.
[2018.05.28-15.47.20:685][798]LogLoad: Game class is 'BP_FPSGameModeBase_C'
[2018.05.28-15.47.20:688][798]LogWorld: Bringing World /Game/Maps/UEDPIE_0_AITestMap.AITestMap up for play (max tick rate 0) at 2018.05.28-17.47.20
[2018.05.28-15.47.20:689][798]LogTemp: Warning: Run possess
[2018.05.28-15.47.20:690][798]LogWorld: Bringing up level for play took: 0.003030
[2018.05.28-15.47.20:692][798]PIE: Play in editor start time for /Game/Maps/UEDPIE_0_AITestMap -0.399
[2018.05.28-15.47.42:880][691]LogSlate: FSceneViewport::OnFocusLost() reason 0
[2018.05.28-16.15.49:806][ 87]LogTemp: Repeating last play command: Selected Viewport
[2018.05.28-16.15.49:836][ 87]LogPlayLevel: PlayLevel: No blueprints needed recompiling
[2018.05.28-16.15.49:837][ 87]PIE: New page: PIE session: AITestMap (May 28, 2018, 8:15:49 PM)
[2018.05.28-16.15.49:837][ 87]LogPlayLevel: Creating play world package: /Game/Maps/UEDPIE_0_AITestMap
[2018.05.28-16.15.49:842][ 87]LogPlayLevel: PIE: StaticDuplicateObject took: (0.004678s)
[2018.05.28-16.15.49:843][ 87]LogAIModule: Creating AISystem for world AITestMap
[2018.05.28-16.15.49:844][ 87]LogPlayLevel: PIE: World Init took: (0.001548s)
[2018.05.28-16.15.49:844][ 87]LogPlayLevel: PIE: Created PIE world by copying editor world from /Game/Maps/AITestMap.AITestMap to /Game/Maps/UEDPIE_0_AITestMap.AITestMap (0.006867s)
[2018.05.28-16.15.49:879][ 87]LogInit: XAudio2 using 'Luidsprekers (Conexant SmartAudio HD)' : 2 channels at 48 kHz using 32 bits per sample (channel mask 0x3)
[2018.05.28-16.15.49:918][ 87]LogInit: FAudioDevice initialized.
[2018.05.28-16.15.49:962][ 87]LogLoad: Game class is 'BP_FPSGameModeBase_C'
[2018.05.28-16.15.49:965][ 87]LogWorld: Bringing World /Game/Maps/UEDPIE_0_AITestMap.AITestMap up for play (max tick rate 0) at 2018.05.28-18.15.49
[2018.05.28-16.15.49:966][ 87]LogTemp: Warning: Run possess
[2018.05.28-16.15.49:967][ 87]LogWorld: Bringing up level for play took: 0.003020
[2018.05.28-16.15.49:970][ 87]PIE: Play in editor start time for /Game/Maps/UEDPIE_0_AITestMap 0.887
[2018.05.28-16.16.02:254][857]LogSlate: FSceneViewport::OnFocusLost() reason 0
[2018.05.28-16.16.03:369][944]LogSlate: FSceneViewport::OnFocusLost() reason 0
[2018.05.28-16.16.27:753][503]LogSlate: FSceneViewport::OnFocusLost() reason 0
[2018.05.28-16.16.36:152][ 20]Cmd: CAMERA ALIGN ACTIVEVIEWPORTONLY
[2018.05.28-16.16.36:346][ 34]Cmd: CAMERA ALIGN ACTIVEVIEWPORTONLY
[2018.05.28-18.50.45:117][882]LogHttp: Warning: 000001899ED90400: request failed, libcurl error: 6 (Couldn't resolve host name)
[2018.05.28-18.50.45:137][882]LogHttp: Warning: 000001899ED90400: libcurl info message cache 0 (Connection 11 seems to be dead!)
[2018.05.28-18.50.45:152][882]LogHttp: Warning: 000001899ED90400: libcurl info message cache 1 (Closing connection 11)
[2018.05.28-18.50.45:152][882]LogHttp: Warning: 000001899ED90400: libcurl info message cache 2 (TLSv1.2 (OUT), TLS alert, Client hello (1):)
[2018.05.28-18.50.45:153][882]LogHttp: Warning: 000001899ED90400: libcurl info message cache 3 (Could not resolve host: datarouter.ol.epicgames.com)
[2018.05.28-18.50.45:154][882]LogHttp: Warning: 000001899ED90400: libcurl info message cache 4 (Closing connection 12)
[2018.05.28-18.55.40:237][800]LogSlate: FSceneViewport::OnFocusLost() reason 0
[2018.05.28-18.55.40:287][803]LogTemp: Repeating last play command: Selected Viewport
