Log file open, 06/24/18 13:19:34
LogWindows: Failed to load 'aqProf.dll' (GetLastError=126)
LogWindows: File 'aqProf.dll' does not exist
LogWindows: Failed to load 'VtuneApi.dll' (GetLastError=126)
LogWindows: File 'VtuneApi.dll' does not exist
LogWindows: Failed to load 'VtuneApi32e.dll' (GetLastError=126)
LogWindows: File 'VtuneApi32e.dll' does not exist
LogInit: Display: Running engine for game: FPS
LogPlatformFile: Not using cached read wrapper
LogInit: Display: RandInit(166178742) SRandInit(166178742).
LogInit: Read version file with build ID '3944462'
LogInit: Overriding engine version to CL 4033788, compatible CL 3944462
LogInit: Registered custom module enumerator with build ID '3944462'
LogTaskGraph: Started task graph with 5 named threads and 23 total threads with 3 sets of task threads.
LogStats: Stats thread started at 0.371865
LogD3D11RHI: Aftermath initialized
LogICUInternationalization: Display: ICU TimeZone Detection - Raw Offset: +1:00, Platform Override: ''
LogPluginManager: Mounting plugin Paper2D
LogPluginManager: Mounting plugin LiveLink
LogPluginManager: Mounting plugin LightPropagationVolume
LogPluginManager: Mounting plugin CLionSourceCodeAccess
LogPluginManager: Mounting plugin CodeLiteSourceCodeAccess
LogPluginManager: Mounting plugin GitSourceControl
LogPluginManager: Mounting plugin KDevelopSourceCodeAccess
LogPluginManager: Mounting plugin NullSourceCodeAccess
LogPluginManager: Mounting plugin PerforceSourceControl
LogPluginManager: Mounting plugin SubversionSourceControl
LogPluginManager: Mounting plugin UObjectPlugin
LogPluginManager: Mounting plugin VisualStudioCodeSourceCodeAccess
LogPluginManager: Mounting plugin VisualStudioSourceCodeAccess
LogPluginManager: Mounting plugin XCodeSourceCodeAccess
LogPluginManager: Mounting plugin AssetManagerEditor
LogPluginManager: Mounting plugin CryptoKeys
LogPluginManager: Mounting plugin DataValidation
LogPluginManager: Mounting plugin FacialAnimation
LogPluginManager: Mounting plugin GameplayTagsEditor
LogPluginManager: Mounting plugin MobileLauncherProfileWizard
LogPluginManager: Mounting plugin PluginBrowser
LogPluginManager: Mounting plugin SpeedTreeImporter
LogPluginManager: Mounting plugin DatasmithContent
LogPluginManager: Mounting plugin AlembicImporter
LogPluginManager: Mounting plugin CharacterAI
LogPluginManager: Mounting plugin HTML5Networking
LogPluginManager: Mounting plugin AndroidMedia
LogPluginManager: Mounting plugin AvfMedia
LogPluginManager: Mounting plugin ImgMedia
LogPluginManager: Mounting plugin LinearTimecode
LogPluginManager: Mounting plugin MediaCompositing
LogPluginManager: Mounting plugin MediaPlayerEditor
LogPluginManager: Mounting plugin WmfMedia
LogPluginManager: Mounting plugin TcpMessaging
LogPluginManager: Mounting plugin UdpMessaging
LogPluginManager: Mounting plugin ActorSequence
LogPluginManager: Mounting plugin LevelSequenceEditor
LogPluginManager: Mounting plugin MatineeToLevelSequence
LogPluginManager: Mounting plugin NetcodeUnitTest
LogPluginManager: Mounting plugin NUTUnrealEngine4
LogPluginManager: Mounting plugin OnlineSubsystemGooglePlay
LogPluginManager: Mounting plugin OnlineSubsystemIOS
LogPluginManager: Mounting plugin OnlineSubsystem
LogPluginManager: Mounting plugin OnlineSubsystemNull
LogPluginManager: Mounting plugin OnlineSubsystemUtils
LogPluginManager: Mounting plugin AndroidDeviceProfileSelector
LogPluginManager: Mounting plugin AndroidMoviePlayer
LogPluginManager: Mounting plugin AndroidPermission
LogPluginManager: Mounting plugin AppleARKit
LogPluginManager: Mounting plugin AppleMoviePlayer
LogPluginManager: Mounting plugin ArchVisCharacter
LogPluginManager: Mounting plugin AudioCapture
LogPluginManager: Mounting plugin CableComponent
LogPluginManager: Mounting plugin CustomMeshComponent
LogPluginManager: Mounting plugin ExampleDeviceProfileSelector
LogPluginManager: Mounting plugin GoogleCloudMessaging
LogPluginManager: Mounting plugin ImmediatePhysics
LogPluginManager: Mounting plugin IOSDeviceProfileSelector
LogPluginManager: Mounting plugin LinuxDeviceProfileSelector
LogPluginManager: Mounting plugin LocationServicesBPLibrary
LogPluginManager: Mounting plugin MobilePatchingUtils
LogPluginManager: Mounting plugin OculusVR
LogPluginManager: Plugin shader directory ../../../Engine/Plugins/Runtime/Oculus/OculusVR/Shaders found
LogPluginManager: Mapping shader source directory ../../../Engine/Plugins/Runtime/Oculus/OculusVR/Shaders to virtual directory /Plugin/OculusVR
LogPluginManager: Mounting plugin PhysXVehicles
LogPluginManager: Mounting plugin ProceduralMeshComponent
LogPluginManager: Mounting plugin RuntimePhysXCooking
LogPluginManager: Mounting plugin SteamVR
LogPluginManager: Mounting plugin WindowsMoviePlayer
LogPluginManager: Mounting plugin CoverPointGenerator
LogStreaming: Display: Took  0.094s to configure plugins.
LogModuleManager: Display: Found up-to-date module file ../../../../../SpareTime/Unreal/FPS/FPS/Binaries/Win64/UE4Editor-FPS.dll (API version 3944462).
LogModuleManager: Display: Found up-to-date module file ../../../Engine/Plugins/2D/Paper2D/Binaries/Win64/UE4Editor-Paper2D.dll (API version 3944462).
LogModuleManager: Display: Found up-to-date module file ../../../Engine/Plugins/2D/Paper2D/Binaries/Win64/UE4Editor-Paper2DEditor.dll (API version 3944462).
LogModuleManager: Display: Found up-to-date module file ../../../Engine/Plugins/2D/Paper2D/Binaries/Win64/UE4Editor-PaperSpriteSheetImporter.dll (API version 3944462).
LogModuleManager: Display: Found up-to-date module file ../../../Engine/Plugins/2D/Paper2D/Binaries/Win64/UE4Editor-PaperTiledImporter.dll (API version 3944462).
LogModuleManager: Display: Found up-to-date module file ../../../Engine/Plugins/2D/Paper2D/Binaries/Win64/UE4Editor-SmartSnapping.dll (API version 3944462).
LogModuleManager: Display: Found up-to-date module file ../../../Engine/Plugins/Animation/LiveLink/Binaries/Win64/UE4Editor-LiveLink.dll (API version 3944462).
LogModuleManager: Display: Found up-to-date module file ../../../Engine/Plugins/Animation/LiveLink/Binaries/Win64/UE4Editor-LiveLinkEditor.dll (API version 3944462).
LogModuleManager: Display: Found up-to-date module file ../../../Engine/Plugins/Blendables/LightPropagationVolume/Binaries/Win64/UE4Editor-LightPropagationVolumeRuntime.dll (API version 3944462).
LogModuleManager: Display: Found up-to-date module file ../../../Engine/Plugins/Blendables/LightPropagationVolume/Binaries/Win64/UE4Editor-LightPropagationVolumeEditor.dll (API version 3944462).
LogModuleManager: Display: Found up-to-date module file ../../../Engine/Plugins/Developer/CLionSourceCodeAccess/Binaries/Win64/UE4Editor-CLionSourceCodeAccess.dll (API version 3944462).
LogModuleManager: Display: Found up-to-date module file ../../../Engine/Plugins/Developer/GitSourceControl/Binaries/Win64/UE4Editor-GitSourceControl.dll (API version 3944462).
LogModuleManager: Display: Found up-to-date module file ../../../Engine/Plugins/Developer/PerforceSourceControl/Binaries/Win64/UE4Editor-PerforceSourceControl.dll (API version 3944462).
LogModuleManager: Display: Found up-to-date module file ../../../Engine/Plugins/Developer/SubversionSourceControl/Binaries/Win64/UE4Editor-SubversionSourceControl.dll (API version 3944462).
LogModuleManager: Display: Found up-to-date module file ../../../Engine/Plugins/Developer/UObjectPlugin/Binaries/Win64/UE4Editor-UObjectPlugin.dll (API version 3944462).
LogModuleManager: Display: Found up-to-date module file ../../../Engine/Plugins/Developer/VisualStudioCodeSourceCodeAccess/Binaries/Win64/UE4Editor-VisualStudioCodeSourceCodeAccess.dll (API version 3944462).
LogModuleManager: Display: Found up-to-date module file ../../../Engine/Plugins/Developer/VisualStudioSourceCodeAccess/Binaries/Win64/UE4Editor-VisualStudioSourceCodeAccess.dll (API version 3944462).
LogModuleManager: Display: Found up-to-date module file ../../../Engine/Plugins/Editor/AssetManagerEditor/Binaries/Win64/UE4Editor-AssetManagerEditor.dll (API version 3944462).
LogModuleManager: Display: Found up-to-date module file ../../../Engine/Plugins/Editor/CryptoKeys/Binaries/Win64/UE4Editor-CryptoKeys.dll (API version 3944462).
LogModuleManager: Display: Found up-to-date module file ../../../Engine/Plugins/Editor/CryptoKeys/Binaries/Win64/UE4Editor-CryptoKeysOpenSSL.dll (API version 3944462).
LogModuleManager: Display: Found up-to-date module file ../../../Engine/Plugins/Editor/DataValidation/Binaries/Win64/UE4Editor-DataValidation.dll (API version 3944462).
LogModuleManager: Display: Found up-to-date module file ../../../Engine/Plugins/Editor/FacialAnimation/Binaries/Win64/UE4Editor-FacialAnimation.dll (API version 3944462).
LogModuleManager: Display: Found up-to-date module file ../../../Engine/Plugins/Editor/FacialAnimation/Binaries/Win64/UE4Editor-FacialAnimationEditor.dll (API version 3944462).
LogModuleManager: Display: Found up-to-date module file ../../../Engine/Plugins/Editor/GameplayTagsEditor/Binaries/Win64/UE4Editor-GameplayTagsEditor.dll (API version 3944462).
LogModuleManager: Display: Found up-to-date module file ../../../Engine/Plugins/Editor/MobileLauncherProfileWizard/Binaries/Win64/UE4Editor-MobileLauncherProfileWizard.dll (API version 3944462).
LogModuleManager: Display: Found up-to-date module file ../../../Engine/Plugins/Editor/PluginBrowser/Binaries/Win64/UE4Editor-PluginBrowser.dll (API version 3944462).
LogModuleManager: Display: Found up-to-date module file ../../../Engine/Plugins/Editor/SpeedTreeImporter/Binaries/Win64/UE4Editor-SpeedTreeImporter.dll (API version 3944462).
LogModuleManager: Display: Found up-to-date module file ../../../Engine/Plugins/Enterprise/DatasmithContent/Binaries/Win64/UE4Editor-DatasmithContent.dll (API version 3944462).
LogModuleManager: Display: Found up-to-date module file ../../../Engine/Plugins/Experimental/AlembicImporter/Binaries/Win64/UE4Editor-AlembicImporter.dll (API version 3944462).
LogModuleManager: Display: Found up-to-date module file ../../../Engine/Plugins/Experimental/AlembicImporter/Binaries/Win64/UE4Editor-AlembicLibrary.dll (API version 3944462).
LogModuleManager: Display: Found up-to-date module file ../../../Engine/Plugins/Experimental/CharacterAI/Binaries/Win64/UE4Editor-CharacterAI.dll (API version 3944462).
LogModuleManager: Display: Found up-to-date module file ../../../Engine/Plugins/Experimental/HTML5Networking/Binaries/Win64/UE4Editor-HTML5Networking.dll (API version 3944462).
LogModuleManager: Display: Found up-to-date module file ../../../Engine/Plugins/Media/AndroidMedia/Binaries/Win64/UE4Editor-AndroidMediaEditor.dll (API version 3944462).
LogModuleManager: Display: Found up-to-date module file ../../../Engine/Plugins/Media/AndroidMedia/Binaries/Win64/UE4Editor-AndroidMediaFactory.dll (API version 3944462).
LogModuleManager: Display: Found up-to-date module file ../../../Engine/Plugins/Media/AvfMedia/Binaries/Win64/UE4Editor-AvfMediaEditor.dll (API version 3944462).
LogModuleManager: Display: Found up-to-date module file ../../../Engine/Plugins/Media/AvfMedia/Binaries/Win64/UE4Editor-AvfMediaFactory.dll (API version 3944462).
LogModuleManager: Display: Found up-to-date module file ../../../Engine/Plugins/Media/AvfMedia/Binaries/Win64/UE4Editor-AvfMediaFactory.dll (API version 3944462).
LogModuleManager: Display: Found up-to-date module file ../../../Engine/Plugins/Media/ImgMedia/Binaries/Win64/UE4Editor-ImgMedia.dll (API version 3944462).
LogModuleManager: Display: Found up-to-date module file ../../../Engine/Plugins/Media/ImgMedia/Binaries/Win64/UE4Editor-ImgMediaEditor.dll (API version 3944462).
LogModuleManager: Display: Found up-to-date module file ../../../Engine/Plugins/Media/ImgMedia/Binaries/Win64/UE4Editor-ImgMediaFactory.dll (API version 3944462).
LogModuleManager: Display: Found up-to-date module file ../../../Engine/Plugins/Media/ImgMedia/Binaries/Win64/UE4Editor-ImgMediaFactory.dll (API version 3944462).
LogModuleManager: Display: Found up-to-date module file ../../../Engine/Plugins/Media/ImgMedia/Binaries/Win64/UE4Editor-OpenExrWrapper.dll (API version 3944462).
LogModuleManager: Display: Found up-to-date module file ../../../Engine/Plugins/Media/LinearTimecode/Binaries/Win64/UE4Editor-LinearTimecode.dll (API version 3944462).
LogModuleManager: Display: Found up-to-date module file ../../../Engine/Plugins/Media/MediaCompositing/Binaries/Win64/UE4Editor-MediaCompositing.dll (API version 3944462).
LogModuleManager: Display: Found up-to-date module file ../../../Engine/Plugins/Media/MediaCompositing/Binaries/Win64/UE4Editor-MediaCompositingEditor.dll (API version 3944462).
LogModuleManager: Display: Found up-to-date module file ../../../Engine/Plugins/Media/MediaPlayerEditor/Binaries/Win64/UE4Editor-MediaPlayerEditor.dll (API version 3944462).
LogModuleManager: Display: Found up-to-date module file ../../../Engine/Plugins/Media/WmfMedia/Binaries/Win64/UE4Editor-WmfMedia.dll (API version 3944462).
LogModuleManager: Display: Found up-to-date module file ../../../Engine/Plugins/Media/WmfMedia/Binaries/Win64/UE4Editor-WmfMediaEditor.dll (API version 3944462).
LogModuleManager: Display: Found up-to-date module file ../../../Engine/Plugins/Media/WmfMedia/Binaries/Win64/UE4Editor-WmfMediaFactory.dll (API version 3944462).
LogModuleManager: Display: Found up-to-date module file ../../../Engine/Plugins/Media/WmfMedia/Binaries/Win64/UE4Editor-WmfMediaFactory.dll (API version 3944462).
LogModuleManager: Display: Found up-to-date module file ../../../Engine/Plugins/Messaging/TcpMessaging/Binaries/Win64/UE4Editor-TcpMessaging.dll (API version 3944462).
LogModuleManager: Display: Found up-to-date module file ../../../Engine/Plugins/Messaging/UdpMessaging/Binaries/Win64/UE4Editor-UdpMessaging.dll (API version 3944462).
LogModuleManager: Display: Found up-to-date module file ../../../Engine/Plugins/MovieScene/ActorSequence/Binaries/Win64/UE4Editor-ActorSequence.dll (API version 3944462).
LogModuleManager: Display: Found up-to-date module file ../../../Engine/Plugins/MovieScene/LevelSequenceEditor/Binaries/Win64/UE4Editor-LevelSequenceEditor.dll (API version 3944462).
LogModuleManager: Display: Found up-to-date module file ../../../Engine/Plugins/MovieScene/MatineeToLevelSequence/Binaries/Win64/UE4Editor-MatineeToLevelSequence.dll (API version 3944462).
LogModuleManager: Display: Found up-to-date module file ../../../Engine/Plugins/NetcodeUnitTest/NetcodeUnitTest/Binaries/Win64/UE4Editor-NetcodeUnitTest.dll (API version 3944462).
LogModuleManager: Display: Found up-to-date module file ../../../Engine/Plugins/NetcodeUnitTest/NUTUnrealEngine4/Binaries/Win64/UE4Editor-NUTUnrealEngine4.dll (API version 3944462).
LogModuleManager: Display: Found up-to-date module file ../../../Engine/Plugins/Online/OnlineSubsystem/Binaries/Win64/UE4Editor-OnlineSubsystem.dll (API version 3944462).
LogModuleManager: Display: Found up-to-date module file ../../../Engine/Plugins/Online/OnlineSubsystemNull/Binaries/Win64/UE4Editor-OnlineSubsystemNull.dll (API version 3944462).
LogModuleManager: Display: Found up-to-date module file ../../../Engine/Plugins/Online/OnlineSubsystemUtils/Binaries/Win64/UE4Editor-OnlineSubsystemUtils.dll (API version 3944462).
LogModuleManager: Display: Found up-to-date module file ../../../Engine/Plugins/Online/OnlineSubsystemUtils/Binaries/Win64/UE4Editor-OnlineBlueprintSupport.dll (API version 3944462).
LogModuleManager: Display: Found up-to-date module file ../../../Engine/Plugins/Runtime/AndroidDeviceProfileSelector/Binaries/Win64/UE4Editor-AndroidDeviceProfileSelector.dll (API version 3944462).
LogModuleManager: Display: Found up-to-date module file ../../../Engine/Plugins/Runtime/AndroidPermission/Binaries/Win64/UE4Editor-AndroidPermission.dll (API version 3944462).
LogModuleManager: Display: Found up-to-date module file ../../../Engine/Plugins/Runtime/AppleARKit/Binaries/Win64/UE4Editor-AppleARKit.dll (API version 3944462).
LogModuleManager: Display: Found up-to-date module file ../../../Engine/Plugins/Runtime/ArchVisCharacter/Binaries/Win64/UE4Editor-ArchVisCharacter.dll (API version 3944462).
LogModuleManager: Display: Found up-to-date module file ../../../Engine/Plugins/Runtime/AudioCapture/Binaries/Win64/UE4Editor-AudioCapture.dll (API version 3944462).
LogModuleManager: Display: Found up-to-date module file ../../../Engine/Plugins/Runtime/AudioCapture/Binaries/Win64/UE4Editor-AudioCaptureEditor.dll (API version 3944462).
LogModuleManager: Display: Found up-to-date module file ../../../Engine/Plugins/Runtime/CableComponent/Binaries/Win64/UE4Editor-CableComponent.dll (API version 3944462).
LogModuleManager: Display: Found up-to-date module file ../../../Engine/Plugins/Runtime/CustomMeshComponent/Binaries/Win64/UE4Editor-CustomMeshComponent.dll (API version 3944462).
LogModuleManager: Display: Found up-to-date module file ../../../Engine/Plugins/Runtime/ExampleDeviceProfileSelector/Binaries/Win64/UE4Editor-ExampleDeviceProfileSelector.dll (API version 3944462).
LogModuleManager: Display: Found up-to-date module file ../../../Engine/Plugins/Runtime/ImmediatePhysics/Binaries/Win64/UE4Editor-ImmediatePhysics.dll (API version 3944462).
LogModuleManager: Display: Found up-to-date module file ../../../Engine/Plugins/Runtime/ImmediatePhysics/Binaries/Win64/UE4Editor-ImmediatePhysicsEditor.dll (API version 3944462).
LogModuleManager: Display: Found up-to-date module file ../../../Engine/Plugins/Runtime/LocationServicesBPLibrary/Binaries/Win64/UE4Editor-LocationServicesBPLibrary.dll (API version 3944462).
LogModuleManager: Display: Found up-to-date module file ../../../Engine/Plugins/Runtime/MobilePatchingUtils/Binaries/Win64/UE4Editor-MobilePatchingUtils.dll (API version 3944462).
LogModuleManager: Display: Found up-to-date module file ../../../Engine/Plugins/Runtime/Oculus/OculusVR/Binaries/Win64/UE4Editor-OculusHMD.dll (API version 3944462).
LogModuleManager: Display: Found up-to-date module file ../../../Engine/Plugins/Runtime/Oculus/OculusVR/Binaries/Win64/UE4Editor-OculusInput.dll (API version 3944462).
LogModuleManager: Display: Found up-to-date module file ../../../Engine/Plugins/Runtime/Oculus/OculusVR/Binaries/Win64/UE4Editor-OculusEditor.dll (API version 3944462).
LogModuleManager: Display: Found up-to-date module file ../../../Engine/Plugins/Runtime/PhysXVehicles/Binaries/Win64/UE4Editor-PhysXVehicles.dll (API version 3944462).
LogModuleManager: Display: Found up-to-date module file ../../../Engine/Plugins/Runtime/PhysXVehicles/Binaries/Win64/UE4Editor-PhysXVehiclesEditor.dll (API version 3944462).
LogModuleManager: Display: Found up-to-date module file ../../../Engine/Plugins/Runtime/ProceduralMeshComponent/Binaries/Win64/UE4Editor-ProceduralMeshComponent.dll (API version 3944462).
LogModuleManager: Display: Found up-to-date module file ../../../Engine/Plugins/Runtime/ProceduralMeshComponent/Binaries/Win64/UE4Editor-ProceduralMeshComponentEditor.dll (API version 3944462).
LogModuleManager: Display: Found up-to-date module file ../../../Engine/Plugins/Runtime/RuntimePhysXCooking/Binaries/Win64/UE4Editor-RuntimePhysXCooking.dll (API version 3944462).
LogModuleManager: Display: Found up-to-date module file ../../../Engine/Plugins/Runtime/Steam/SteamVR/Binaries/Win64/UE4Editor-SteamVR.dll (API version 3944462).
LogModuleManager: Display: Found up-to-date module file ../../../Engine/Plugins/Runtime/Steam/SteamVR/Binaries/Win64/UE4Editor-SteamVRController.dll (API version 3944462).
LogModuleManager: Display: Found up-to-date module file ../../../Engine/Plugins/Runtime/WindowsMoviePlayer/Binaries/Win64/UE4Editor-WindowsMoviePlayer.dll (API version 3944462).
LogModuleManager: Display: Found up-to-date module file ../../../../../SpareTime/Unreal/FPS/FPS/Plugins/CoverPointGenerator/Binaries/Win64/UE4Editor-CoverPointGenerator.dll (API version 3944462).
LogInit: Using libcurl 7.47.1
LogInit:  - built for x86_64-pc-win32
LogInit:  - supports SSL with OpenSSL/1.0.2g
LogInit:  - supports HTTP deflate (compression) using libz 1.2.8
LogInit:  - other features:
LogInit:      CURL_VERSION_SSL
LogInit:      CURL_VERSION_LIBZ
LogInit:      CURL_VERSION_IPV6
LogInit:      CURL_VERSION_ASYNCHDNS
LogInit:      CURL_VERSION_LARGEFILE
LogInit:      CURL_VERSION_IDN
LogInit:  CurlRequestOptions (configurable via config and command line):
LogInit:  - bVerifyPeer = false  - Libcurl will NOT verify peer certificate
LogInit:  - bUseHttpProxy = false  - Libcurl will NOT use HTTP proxy
LogInit:  - bDontReuseConnections = false  - Libcurl will reuse connections
LogInit:  - CertBundlePath = nullptr  - Libcurl will use whatever was configured at build time.
LogInit:  - MaxHostConnections = 16  - Libcurl will limit the number of connections to a host
LogInit:  - LocalHostAddr = Default
LogInit: WinSock: version 1.1 (2.2), MaxSocks=32767, MaxUdp=65467
LogInit: WinSock: I am Tom-Laptop (192.168.1.92:0)
LogInit: Build: ++UE4+Release-4.19-CL-4033788
LogInit: Engine Version: 4.19.2-4033788+++UE4+Release-4.19
LogInit: Compatible Engine Version: 4.19.0-3944462+++UE4+Release-4.19
LogInit: Net CL: 3944462
LogDevObjectVersion: Number of dev versions registered: 18
LogDevObjectVersion:   Dev-Blueprints (B0D832E4-1F89-4F0D-ACCF-7EB736FD4AA2): 10
LogDevObjectVersion:   Dev-Build (E1C64328-A22C-4D53-A36C-8E866417BD8C): 0
LogDevObjectVersion:   Dev-Core (375EC13C-06E4-48FB-B500-84F0262A717E): 2
LogDevObjectVersion:   Dev-Editor (E4B068ED-F494-42E9-A231-DA0B2E46BB41): 23
LogDevObjectVersion:   Dev-Framework (CFFC743F-43B0-4480-9391-14DF171D2073): 33
LogDevObjectVersion:   Dev-Mobile (B02B49B5-BB20-44E9-A304-32B752E40360): 2
LogDevObjectVersion:   Dev-Networking (A4E4105C-59A1-49B5-A7C5-40C4547EDFEE): 0
LogDevObjectVersion:   Dev-Online (39C831C9-5AE6-47DC-9A44-9C173E1C8E7C): 0
LogDevObjectVersion:   Dev-Physics (78F01B33-EBEA-4F98-B9B4-84EACCB95AA2): 0
LogDevObjectVersion:   Dev-Platform (6631380F-2D4D-43E0-8009-CF276956A95A): 0
LogDevObjectVersion:   Dev-Rendering (12F88B9F-8875-4AFC-A67C-D90C383ABD29): 25
LogDevObjectVersion:   Dev-Sequencer (7B5AE74C-D270-4C10-A958-57980B212A5A): 6
LogDevObjectVersion:   Dev-VR (D7296918-1DD6-4BDD-9DE2-64A83CC13884): 1
LogDevObjectVersion:   Dev-LoadTimes (C2A15278-BFE7-4AFE-6C17-90FF531DF755): 1
LogDevObjectVersion:   Private-Geometry (6EACA3D4-40EC-4CC1-B786-8BED09428FC5): 2
LogDevObjectVersion:   Dev-AnimPhys (29E575DD-E0A3-4627-9D10-D276232CDCEA): 16
LogDevObjectVersion:   Dev-ReflectionCapture (6B266CEC-1EC7-4B8F-A30B-E4D90942FC07): 1
LogDevObjectVersion:   Dev-Automation (0DF73D61-A23F-47EA-B727-89E90C41499A): 1
LogInit: Compiled (64-bit): Apr 27 2018 02:06:57
LogInit: Compiled with Visual C++: 19.00.24215.01
LogInit: Build Configuration: Development
LogInit: Branch Name: ++UE4+Release-4.19
LogInit: Command Line:  -skipcompile
LogInit: Base Directory: D:/Epic Games/UE_4.19/Engine/Binaries/Win64/
LogInit: Installed Engine Build: 1
LogStreaming: Display: Took  0.002s to delete old logs.
LogInit: Presizing for max 8388607 objects, including 0 objects not considered by GC, pre-allocating 0 bytes for permanent pool.
LogInit: Object subsystem initialized
[2018.06.24-11.19.36:099][  0]LogInit: Selected Device Profile: [Windows]
[2018.06.24-11.19.36:099][  0]LogInit: Applying CVar settings loaded from the selected device profile: [Windows]
[2018.06.24-11.19.36:129][  0]LogInit: Computer: TOM-LAPTOP
[2018.06.24-11.19.36:129][  0]LogInit: User: tomco
[2018.06.24-11.19.36:129][  0]LogInit: CPU Page size=4096, Cores=4
[2018.06.24-11.19.36:129][  0]LogInit: High frequency timer resolution =2.531254 MHz
[2018.06.24-11.19.36:130][  0]LogMemory: Memory total: Physical=7.9GB (8GB approx)
[2018.06.24-11.19.36:130][  0]LogMemory: Platform Memory Stats for Windows
[2018.06.24-11.19.36:130][  0]LogMemory: Process Physical Memory: 279.26 MB used, 279.62 MB peak
[2018.06.24-11.19.36:130][  0]LogMemory: Process Virtual Memory: 269.90 MB used, 269.90 MB peak
[2018.06.24-11.19.36:130][  0]LogMemory: Physical Memory: 5053.60 MB used,  3036.92 MB free, 8090.52 MB total
[2018.06.24-11.19.36:130][  0]LogMemory: Virtual Memory: 4799.37 MB used,  3036.92 MB free, 134217728.00 MB total
[2018.06.24-11.19.36:191][  0]LogInit: Using OS detected language (en-US).
[2018.06.24-11.19.36:191][  0]LogInit: Using OS detected locale (en-US).
[2018.06.24-11.19.36:195][  0]LogTextLocalizationManager: No specific localization for 'en-US' exists, so the 'en' localization will be used.
[2018.06.24-11.19.36:648][  0]LogStreaming: Display: Took  0.457s to EndInitTextLocalization.
[2018.06.24-11.19.36:649][  0]LogInit: Setting process to per monitor DPI aware
[2018.06.24-11.19.36:695][  0]LogSlate: New Slate User Created.  User Index 0, Is Virtual User: 0
[2018.06.24-11.19.36:695][  0]LogSlate: Slate User Registered.  User Index 0, Is Virtual User: 0
[2018.06.24-11.19.36:932][  0]LogD3D11RHI: D3D11 adapters:
[2018.06.24-11.19.37:012][  0]LogD3D11RHI:    0. 'NVIDIA GeForce GTX 960M' (Feature Level 11_0)
[2018.06.24-11.19.37:012][  0]LogD3D11RHI:       2019/0/4045 MB DedicatedVideo/DedicatedSystem/SharedSystem, Outputs:1, VendorId:0x10de
[2018.06.24-11.19.37:036][  0]LogD3D11RHI:    1. 'Intel(R) HD Graphics 530' (Feature Level 11_0)
[2018.06.24-11.19.37:036][  0]LogD3D11RHI:       128/0/4045 MB DedicatedVideo/DedicatedSystem/SharedSystem, Outputs:0, VendorId:0x8086
[2018.06.24-11.19.37:043][  0]LogD3D11RHI:    2. 'Microsoft Basic Render Driver' (Feature Level 11_0)
[2018.06.24-11.19.37:043][  0]LogD3D11RHI:       0/0/4045 MB DedicatedVideo/DedicatedSystem/SharedSystem, Outputs:0, VendorId:0x1414
[2018.06.24-11.19.37:044][  0]LogD3D11RHI: Chosen D3D11 Adapter: 0
[2018.06.24-11.19.37:066][  0]LogD3D11RHI: Creating new Direct3DDevice
[2018.06.24-11.19.37:067][  0]LogD3D11RHI:     GPU DeviceId: 0x139b (for the marketing name, search the web for "GPU Device Id")
[2018.06.24-11.19.37:067][  0]LogWindows: EnumDisplayDevices:
[2018.06.24-11.19.37:067][  0]LogWindows:    0. 'Intel(R) HD Graphics 530' (P:1 D:1)
[2018.06.24-11.19.37:068][  0]LogWindows:    1. 'Intel(R) HD Graphics 530' (P:0 D:0)
[2018.06.24-11.19.37:068][  0]LogWindows:    2. 'Intel(R) HD Graphics 530' (P:0 D:0)
[2018.06.24-11.19.37:068][  0]LogWindows: DebugString: GetVideoDriverDetailsInvalid PrimaryIsNotTheChoosenAdapter GetVideoDriverDetailsInvalid PrimaryIsNotTheChoosenAdapter GetVideoDriverDetailsInvalid PrimaryIsNotTheChoosenAdapter FoundDriverCount:0 
[2018.06.24-11.19.37:068][  0]LogD3D11RHI:     Adapter Name: NVIDIA GeForce GTX 960M
[2018.06.24-11.19.37:068][  0]LogD3D11RHI:   Driver Version: Unknown (internal:Unknown, unified:Unknown)
[2018.06.24-11.19.37:068][  0]LogD3D11RHI:      Driver Date: Unknown
[2018.06.24-11.19.37:068][  0]LogRHI: Texture pool is 1413 MB (70% of 2019 MB)
[2018.06.24-11.19.37:102][  0]LogD3D11RHI: [Aftermath] Aftermath enabled but failed to initialize
[2018.06.24-11.19.37:102][  0]LogD3D11RHI: [Aftermath] Aftermath enabled and primed
[2018.06.24-11.19.37:102][  0]LogD3D11RHI: Async texture creation enabled
[2018.06.24-11.19.37:115][  0]LogD3D11RHI: GPU Timing Frequency: 1000.000000 (Debug: 2 1)
[2018.06.24-11.19.37:116][  0]LogShaderCompilers: Guid format shader working directory is 8 characters bigger than the processId version (../../../../../SpareTime/Unreal/FPS/FPS/Intermediate/Shaders/WorkingDirectory/224/).
[2018.06.24-11.19.37:117][  0]LogShaderCompilers: Cleaned the shader compiler working directory 'C:/Users/tomco/AppData/Local/Temp/UnrealShaderWorkingDir/BFD9655A418E555CB18B2F8EF98F6B20/'.
[2018.06.24-11.19.37:365][  0]LogTemp: Display: Loaded TP AllDesktopTargetPlatform
[2018.06.24-11.19.37:384][  0]LogTemp: Display: Loaded TP MacClientTargetPlatform
[2018.06.24-11.19.37:403][  0]LogTemp: Display: Loaded TP MacNoEditorTargetPlatform
[2018.06.24-11.19.37:421][  0]LogTemp: Display: Loaded TP MacServerTargetPlatform
[2018.06.24-11.19.37:438][  0]LogTemp: Display: Loaded TP MacTargetPlatform
[2018.06.24-11.19.37:454][  0]LogTemp: Display: Loaded TP WindowsClientTargetPlatform
[2018.06.24-11.19.37:470][  0]LogTemp: Display: Loaded TP WindowsNoEditorTargetPlatform
[2018.06.24-11.19.37:485][  0]LogTemp: Display: Loaded TP WindowsServerTargetPlatform
[2018.06.24-11.19.37:494][  0]LogTemp: Display: Loaded TP WindowsTargetPlatform
[2018.06.24-11.19.37:510][  0]LogTemp: Display: Loaded TP Android_ASTCTargetPlatform
[2018.06.24-11.19.37:526][  0]LogTemp: Display: Loaded TP Android_ATCTargetPlatform
[2018.06.24-11.19.37:541][  0]LogTemp: Display: Loaded TP Android_DXTTargetPlatform
[2018.06.24-11.19.37:557][  0]LogTemp: Display: Loaded TP Android_ETC1aTargetPlatform
[2018.06.24-11.19.37:576][  0]LogTemp: Display: Loaded TP Android_ETC1TargetPlatform
[2018.06.24-11.19.37:593][  0]LogTemp: Display: Loaded TP Android_ETC2TargetPlatform
[2018.06.24-11.19.37:624][  0]LogTemp: Display: Loaded TP Android_MultiTargetPlatform
[2018.06.24-11.19.37:625][  0]LogTemp: Display: Loaded TP Android_PVRTCTargetPlatform
[2018.06.24-11.19.37:640][  0]LogTemp: Display: Loaded TP AndroidTargetPlatform
[2018.06.24-11.19.37:643][  0]LogTemp: Display: Loaded TP HTML5TargetPlatform
[2018.06.24-11.19.37:693][  0]LogTemp: Display: Loaded TP IOSTargetPlatform
[2018.06.24-11.19.37:708][  0]LogTemp: Display: Loaded TP TVOSTargetPlatform
[2018.06.24-11.19.37:724][  0]LogTemp: Display: Loaded TP LinuxClientTargetPlatform
[2018.06.24-11.19.37:741][  0]LogTemp: Display: Loaded TP LinuxNoEditorTargetPlatform
[2018.06.24-11.19.37:756][  0]LogTemp: Display: Loaded TP LinuxServerTargetPlatform
[2018.06.24-11.19.37:772][  0]LogTemp: Display: Loaded TP LinuxTargetPlatform
[2018.06.24-11.19.37:772][  0]LogTargetPlatformManager: Display: Building Assets For Windows
[2018.06.24-11.19.37:923][  0]LogXGEController: Cleaning working directory: C:/Users/tomco/AppData/Local/Temp/UnrealXGEWorkingDir/
[2018.06.24-11.19.37:923][  0]LogXGEController: Cannot use XGE Controller as Incredibuild is not installed on this machine.
[2018.06.24-11.19.37:923][  0]LogShaderCompilers: Cannot use XGE Shader Compiler as Incredibuild is not installed on this machine.
[2018.06.24-11.19.37:924][  0]LogShaderCompilers: Display: Using Local Shader Compiler.
[2018.06.24-11.19.38:599][  0]LogDerivedDataCache: Display: Max Cache Size: 512 MB
[2018.06.24-11.19.38:688][  0]LogDerivedDataCache: Loaded boot cache 0.09s 80MB C:/Users/tomco/AppData/Local/UnrealEngine/4.19/DerivedDataCache/Boot.ddc.
[2018.06.24-11.19.38:688][  0]LogDerivedDataCache: Display: Loaded Boot cache: C:/Users/tomco/AppData/Local/UnrealEngine/4.19/DerivedDataCache/Boot.ddc
[2018.06.24-11.19.38:689][  0]LogDerivedDataCache: FDerivedDataBackendGraph:  Pak pak cache file ../../../../../SpareTime/Unreal/FPS/FPS/DerivedDataCache/DDC.ddp not found, will not use a pak cache.
[2018.06.24-11.19.38:689][  0]LogDerivedDataCache: Unable to find inner node Pak for hierarchical cache Hierarchy.
[2018.06.24-11.19.38:689][  0]LogDerivedDataCache: FDerivedDataBackendGraph:  CompressedPak pak cache file ../../../../../SpareTime/Unreal/FPS/FPS/DerivedDataCache/Compressed.ddp not found, will not use a pak cache.
[2018.06.24-11.19.38:689][  0]LogDerivedDataCache: Unable to find inner node CompressedPak for hierarchical cache Hierarchy.
[2018.06.24-11.19.38:707][  0]LogDerivedDataCache: Display: Pak cache opened for reading ../../../Engine/DerivedDataCache/Compressed.ddp.
[2018.06.24-11.19.38:722][  0]LogDerivedDataCache: Using Local data cache path C:/Users/tomco/AppData/Local/UnrealEngine/Common/DerivedDataCache: Writable
[2018.06.24-11.19.38:722][  0]LogDerivedDataCache: Shared data cache path not found in *engine.ini, will not use an Shared cache.
[2018.06.24-11.19.38:722][  0]LogDerivedDataCache: Unable to find inner node Shared for hierarchical cache Hierarchy.
[2018.06.24-11.19.38:734][  0]LogMaterial: Verifying Global Shaders for PCD3D_SM5
[2018.06.24-11.19.38:735][  0]LogSlate: Using Freetype 2.6.0
[2018.06.24-11.19.38:736][  0]LogSlate: SlateFontCache - WITH_FREETYPE: 1, WITH_HARFBUZZ: 1
[2018.06.24-11.19.38:737][  0]LogSlate: SlateFontCache - WITH_FREETYPE: 1, WITH_HARFBUZZ: 1
[2018.06.24-11.19.38:856][  0]LogAssetRegistry: FAssetRegistry took 0.0296 seconds to start up
[2018.06.24-11.19.40:026][  0]LogInit: Selected Device Profile: [Windows]
[2018.06.24-11.19.40:213][  0]LogSimplygon: Simplygon DLL not present - disabling.
[2018.06.24-11.19.40:219][  0]LogMeshReduction: Using SimplygonSwarm for distributed automatic mesh merging
[2018.06.24-11.19.40:219][  0]LogMeshReduction: Using QuadricMeshReduction for automatic static mesh reduction
[2018.06.24-11.19.40:219][  0]LogMeshReduction: No automatic skeletal mesh reduction module available
[2018.06.24-11.19.40:219][  0]LogMeshReduction: No automatic mesh merging module available
[2018.06.24-11.19.40:220][  0]LogMeshMerging: No automatic mesh merging module available
[2018.06.24-11.19.40:253][  0]LogNetVersion: FPS , NetCL: 3944462, EngineNetVer: 2, GameNetVer: 0 (Checksum: 2326512385)
[2018.06.24-11.19.40:759][  0]LogPackageLocalizationCache: Processed 9 localized package path(s) for 2 prioritized culture(s) in 0.074470 seconds
[2018.06.24-11.19.40:765][  0]LogUObjectArray: 36728 objects as part of root set at end of initial load.
[2018.06.24-11.19.40:766][  0]LogUObjectAllocator: 7314312 out of 0 bytes used by permanent object pool.
[2018.06.24-11.19.40:766][  0]LogUObjectArray: CloseDisregardForGC: 0/0 objects in disregard for GC pool
[2018.06.24-11.19.42:698][  0]LogTcpMessaging: Initializing TcpMessaging bridge
[2018.06.24-11.19.42:732][  0]LogUdpMessaging: Initializing bridge on interface 0.0.0.0:0 to multicast group 230.0.0.1:6666.
[2018.06.24-11.19.43:121][  0]LogSkeletalMesh: Skeletal Mesh found in DDC [0.999110ms] /Game/Models/Player/Arms/Arms_SMG.Arms_SMG
[2018.06.24-11.19.43:147][  0]LogUObjectGlobals: Created PersistentFrame Addr=0x000001839e37ff10, Size=80, Default__BP_SMGAnim_C Function /Game/Animations/SMG/BP_SMGAnim.BP_SMGAnim_C:ExecuteUbergraph_BP_SMGAnim
[2018.06.24-11.19.43:159][  0]LogUObjectGlobals: Destroyed PersistentFrame Addr=0x000001839e37ff10, Size=80
[2018.06.24-11.19.43:159][  0]LogUObjectGlobals: Created PersistentFrame Addr=0x000001839e35b600, Size=80, Default__BP_SMGAnim_C Function /Engine/Transient.REINST_BP_SMGAnim_C_0:ExecuteUbergraph_BP_SMGAnim
[2018.06.24-11.19.43:170][  0]LogUObjectGlobals: Created PersistentFrame Addr=0x000001839e2ad530, Size=80, Default__BP_SMGAnim_C Function /Game/Animations/SMG/BP_SMGAnim.BP_SMGAnim_C:ExecuteUbergraph_BP_SMGAnim
[2018.06.24-11.19.43:325][  0]SourceControl: Source control is disabled
[2018.06.24-11.19.43:325][  0]SourceControl: Source control is disabled
[2018.06.24-11.19.43:344][  0]SourceControl: Source control is disabled
[2018.06.24-11.19.43:363][  0]SourceControl: Source control is disabled
[2018.06.24-11.19.43:892][  0]LogAndroidPermission: UAndroidPermissionCallbackProxy::GetInstance
[2018.06.24-11.19.44:087][  0]LogOcInput: OculusInput pre-init called
[2018.06.24-11.19.45:281][  0]LogEngine: Initializing Engine...
[2018.06.24-11.19.45:319][  0]LogHMD: Failed to initialize OpenVR with code 126
[2018.06.24-11.19.45:321][  0]LogStats: UGameplayTagsManager::ConstructGameplayTagTree: Construct from data asset -  0.000 s
[2018.06.24-11.19.45:322][  0]LogStats: UGameplayTagsManager::ConstructGameplayTagTree: GameplayTagTreeChangedEvent.Broadcast -  0.000 s
[2018.06.24-11.19.45:573][  0]LogAIModule: Creating AISystem for world Untitled
[2018.06.24-11.19.45:607][  0]LogInit: XAudio2 using 'Luidsprekers (Conexant SmartAudio HD)' : 2 channels at 48 kHz using 32 bits per sample (channel mask 0x3)
[2018.06.24-11.19.45:653][  0]LogInit: FAudioDevice initialized.
[2018.06.24-11.19.45:756][  0]LogDerivedDataCache: Saved boot cache 0.10s 80MB C:/Users/tomco/AppData/Local/UnrealEngine/4.19/DerivedDataCache/Boot.ddc.
[2018.06.24-11.19.45:772][  0]LogInit: Texture streaming: Enabled
[2018.06.24-11.19.45:803][  0]LogEngineSessionManager: EngineSessionManager initialized
[2018.06.24-11.19.45:803][  0]LogEngineSessionManager: EngineSessionManager sent abnormal shutdown report. Type=Debugger, SessionId={40D48CCD-43CB-C34A-3978-40B6605096CF}
[2018.06.24-11.19.45:817][  0]LogInit: Transaction tracking system initialized
[2018.06.24-11.19.45:852][  0]BlueprintLog: New page: Editor Load
[2018.06.24-11.19.45:977][  0]LocalizationService: Localization service is disabled
[2018.06.24-11.19.46:121][  0]LogConsoleResponse: Display: 
[2018.06.24-11.19.46:299][  0]LogCook: Display: Max memory allowance for cook 16384mb min free memory 0mb
[2018.06.24-11.19.46:300][  0]LogCook: Display: Mobile HDR setting 1
[2018.06.24-11.19.46:300][  0]LogGameplayTags: Display: UGameplayTagsManager::DoneAddingNativeTags. DelegateIsBound: 0
[2018.06.24-11.19.46:300][  0]LogStats: UGameplayTagsManager::ConstructGameplayTagTree: Construct from data asset -  0.000 s
[2018.06.24-11.19.46:300][  0]LogStats: UGameplayTagsManager::ConstructGameplayTagTree: GameplayTagTreeChangedEvent.Broadcast -  0.000 s
[2018.06.24-11.19.46:308][  0]LogFileCache: Scanning file cache for directory 'D:/SpareTime/Unreal/FPS/FPS/Content/' took 0.02s
[2018.06.24-11.19.46:688][  0]SourceControl: Source control is disabled
[2018.06.24-11.19.46:689][  0]Cmd: MAP LOAD FILE="../../../../../SpareTime/Unreal/FPS/FPS/Content/Maps/Level1.umap" TEMPLATE=0 SHOWPROGRESS=1 FEATURELEVEL=3
[2018.06.24-11.19.46:690][  0]LightingResults: New page: Lighting Build
[2018.06.24-11.19.46:692][  0]MapCheck: New page: Map Check
[2018.06.24-11.19.46:692][  0]LightingResults: New page: Lighting Build
[2018.06.24-11.19.46:707][  0]LogUObjectGlobals: Destroyed PersistentFrame Addr=0x000001839e35b600, Size=80
[2018.06.24-11.19.47:724][  0]LogAIModule: Creating AISystem for world Level1
[2018.06.24-11.19.47:752][  0]LogEditorServer: Finished looking for orphan Actors (0.000 secs)
[2018.06.24-11.19.47:769][  0]Cmd: MAP CHECKDEP NOCLEARLOG
[2018.06.24-11.19.47:839][  0]MapCheck: Map check complete: 0 Error(s), 0 Warning(s), took 70.218ms to complete.
[2018.06.24-11.19.47:839][  0]LogFileHelpers: Loading map 'Level1' took 1.151
[2018.06.24-11.19.48:032][  0]LogCollectionManager: Loaded 0 collections in 0.002064 seconds
[2018.06.24-11.19.48:084][  0]LogFileCache: Scanning file cache for directory 'D:/SpareTime/Unreal/FPS/FPS/Saved/Collections/' took 0.01s
[2018.06.24-11.19.48:084][  0]LogFileCache: Scanning file cache for directory 'D:/SpareTime/Unreal/FPS/FPS/Content/Developers/tomco/Collections/' took 0.01s
[2018.06.24-11.19.48:085][  0]LogFileCache: Scanning file cache for directory 'D:/SpareTime/Unreal/FPS/FPS/Content/Collections/' took 0.02s
[2018.06.24-11.19.48:085][  0]LogCollectionManager: Rebuilt the GUID cache for 0 collections in 0.000000 seconds
[2018.06.24-11.19.48:097][  0]LogContentBrowser: Native class hierarchy populated in 0.0116 seconds. Added 2481 classes and 567 folders.
[2018.06.24-11.19.48:105][  0]LogContentBrowser: Native class hierarchy updated for 'WidgetCarousel' in 0.0017 seconds. Added 0 classes and 0 folders.
[2018.06.24-11.19.48:150][  0]LogContentBrowser: Native class hierarchy updated for 'AddContentDialog' in 0.0021 seconds. Added 0 classes and 0 folders.
[2018.06.24-11.19.49:434][  0]LogSlate: Only BGRA pngs, bmps or icos are supported in by External Image Picker
[2018.06.24-11.19.49:460][  0]LogSlate: Took 0.002087 seconds to synchronously load lazily loaded font '../../../Engine/Content/Slate/Fonts/Roboto-Regular.ttf' (155K)
[2018.06.24-11.19.49:467][  0]LogSlate: Took 0.002486 seconds to synchronously load lazily loaded font '../../../Engine/Content/Slate/Fonts/Roboto-Bold.ttf' (160K)
[2018.06.24-11.19.49:478][  0]LogSlate: Took 0.002172 seconds to synchronously load lazily loaded font '../../../Engine/Content/Editor/Slate/Fonts/FontAwesome.ttf' (139K)
[2018.06.24-11.19.49:632][  0]LogTemp: Executing iPhonePackager certificates Engine -bundlename com.YourCompany.FPS
[2018.06.24-11.19.49:632][  0]LogTemp: CWD: D:\Epic Games\UE_4.19\Engine\Binaries\DotNET\IOS
[2018.06.24-11.19.49:632][  0]LogTemp: Initial Dir: D:\Epic Games\UE_4.19
[2018.06.24-11.19.49:632][  0]LogTemp: Env CWD: D:\Epic Games\UE_4.19\Engine\Binaries\DotNET\IOS
[2018.06.24-11.19.49:633][  0]LogTemp: BranchPath = TOM-LAPTOP/D/Epic Games/UE_4.19/Engine/Binaries --- GameBranchPath = TOM-LAPTOP/D/Epic Games/UE_4.19/Engine/Binaries
[2018.06.24-11.19.49:633][  0]LogTemp: IPP ERROR: Could not find provision directory 'C:\Users\tomco\AppData\Local/Apple Computer/MobileDevice/Provisioning Profiles/'.
[2018.06.24-11.19.49:633][  0]LogRenderer: Reallocating scene render targets to support 908x600 Format 10 NumSamples 1 (Frame:1).
[2018.06.24-11.19.49:923][  0]LogContentBrowser: Native class hierarchy updated for 'HierarchicalLODOutliner' in 0.0017 seconds. Added 0 classes and 0 folders.
[2018.06.24-11.19.49:924][  0]LogLoad: (Engine Initialization) Total time: 16.77 seconds
[2018.06.24-11.19.49:924][  0]LogLoad: (Engine Initialization) Total Blueprint compile time: 0.00 seconds
[2018.06.24-11.19.49:937][  0]LogWindowsTextInputMethodSystem: Display: IME system now deactivated.
[2018.06.24-11.19.49:967][  0]LogContentStreaming: Texture pool size now 1000 MB
[2018.06.24-11.19.50:010][  0]LogSlate: Took 0.000192 seconds to synchronously load lazily loaded font '../../../Engine/Content/Slate/Fonts/Roboto-Light.ttf' (167K)
[2018.06.24-11.19.50:035][  1]LogAssetRegistry: Asset discovery search completed in 11.2052 seconds
[2018.06.24-11.19.50:038][  1]LogCollectionManager: Rebuilt the object cache for 0 collections in 0.000000 seconds (found 0 objects)
[2018.06.24-11.19.50:039][  1]LogCollectionManager: Fixed up redirectors for 0 collections in 0.000324 seconds (updated 0 objects)
[2018.06.24-11.19.58:638][271]LogSlate: FSceneViewport::OnFocusLost() reason 0
[2018.06.24-11.19.59:855][311]LogUObjectGlobals: Created PersistentFrame Addr=0x00000183c2d3cb80, Size=104, Default__BP_InGameGUI_C Function /Game/UI/Widgets/BP_InGameGUI.BP_InGameGUI_C:ExecuteUbergraph_BP_InGameGUI
[2018.06.24-11.19.59:860][311]LogUObjectGlobals: Destroyed PersistentFrame Addr=0x00000183c2d3cb80, Size=104
[2018.06.24-11.19.59:860][311]LogUObjectGlobals: Created PersistentFrame Addr=0x00000183c2d3cb80, Size=104, Default__BP_InGameGUI_C Function /Engine/Transient.REINST_BP_InGameGUI_C_0:ExecuteUbergraph_BP_InGameGUI
[2018.06.24-11.19.59:863][311]LogUObjectGlobals: Created PersistentFrame Addr=0x00000183950fe080, Size=104, Default__BP_InGameGUI_C Function /Game/UI/Widgets/BP_InGameGUI.BP_InGameGUI_C:ExecuteUbergraph_BP_InGameGUI
[2018.06.24-11.19.59:879][311]LogUObjectGlobals: Created PersistentFrame Addr=0x00000183e8f11420, Size=4, Default__OnGroundSlot_C Function /Game/UI/Widgets/Inventory/Ground/OnGroundSlot.OnGroundSlot_C:ExecuteUbergraph_OnGroundSlot
[2018.06.24-11.19.59:885][311]LogUObjectGlobals: Destroyed PersistentFrame Addr=0x00000183e8f11420, Size=4
[2018.06.24-11.19.59:886][311]LogUObjectGlobals: Created PersistentFrame Addr=0x00000183e8f11420, Size=4, Default__OnGroundSlot_C Function /Engine/Transient.REINST_OnGroundSlot_C_2:ExecuteUbergraph_OnGroundSlot
[2018.06.24-11.19.59:889][311]LogUObjectGlobals: Created PersistentFrame Addr=0x00000183e8f119d8, Size=4, Default__OnGroundSlot_C Function /Game/UI/Widgets/Inventory/Ground/OnGroundSlot.OnGroundSlot_C:ExecuteUbergraph_OnGroundSlot
[2018.06.24-11.19.59:894][311]LogUObjectGlobals: Created PersistentFrame Addr=0x00000183950c5a80, Size=160, Default__OnGroundUI_C Function /Game/UI/Widgets/Inventory/Ground/OnGroundUI.OnGroundUI_C:ExecuteUbergraph_OnGroundUI
[2018.06.24-11.19.59:898][311]LogUObjectGlobals: Destroyed PersistentFrame Addr=0x00000183950c5a80, Size=160
[2018.06.24-11.19.59:899][311]LogUObjectGlobals: Created PersistentFrame Addr=0x0000018395120680, Size=160, Default__OnGroundUI_C Function /Engine/Transient.REINST_OnGroundUI_C_3:ExecuteUbergraph_OnGroundUI
[2018.06.24-11.19.59:903][311]LogUObjectGlobals: Created PersistentFrame Addr=0x0000018395096fc0, Size=160, Default__OnGroundUI_C Function /Game/UI/Widgets/Inventory/Ground/OnGroundUI.OnGroundUI_C:ExecuteUbergraph_OnGroundUI
[2018.06.24-11.19.59:915][311]LogUObjectGlobals: Created PersistentFrame Addr=0x000001839508a5c0, Size=408, Default__Slot_C Function /Game/UI/Widgets/Inventory/Slot.Slot_C:ExecuteUbergraph_Slot
[2018.06.24-11.19.59:923][311]LogUObjectGlobals: Destroyed PersistentFrame Addr=0x000001839508a5c0, Size=408
[2018.06.24-11.19.59:923][311]LogUObjectGlobals: Created PersistentFrame Addr=0x000001839508a5c0, Size=408, Default__Slot_C Function /Engine/Transient.REINST_Slot_C_4:ExecuteUbergraph_Slot
[2018.06.24-11.19.59:930][311]LogUObjectGlobals: Created PersistentFrame Addr=0x0000018395089980, Size=408, Default__Slot_C Function /Game/UI/Widgets/Inventory/Slot.Slot_C:ExecuteUbergraph_Slot
[2018.06.24-11.19.59:933][311]LogUObjectGlobals: Created PersistentFrame Addr=0x00000183fb7f0f68, Size=40, Default__InventorySlots_C Function /Game/UI/Widgets/Inventory/InventorySlots.InventorySlots_C:ExecuteUbergraph_InventorySlots
[2018.06.24-11.19.59:951][311]LogUObjectGlobals: Destroyed PersistentFrame Addr=0x00000183fb7f0f68, Size=40
[2018.06.24-11.19.59:951][311]LogUObjectGlobals: Created PersistentFrame Addr=0x00000183fb7f0f68, Size=40, Default__InventorySlots_C Function /Engine/Transient.REINST_InventorySlots_C_5:ExecuteUbergraph_InventorySlots
[2018.06.24-11.19.59:960][311]LogUObjectGlobals: Created PersistentFrame Addr=0x00000183fb7f25c0, Size=40, Default__InventorySlots_C Function /Game/UI/Widgets/Inventory/InventorySlots.InventorySlots_C:ExecuteUbergraph_InventorySlots
[2018.06.24-11.19.59:964][311]LogUObjectGlobals: Created PersistentFrame Addr=0x00000183fb7f21b0, Size=40, Default__UIHUD_C Function /Game/UI/Widgets/UIHUD.UIHUD_C:ExecuteUbergraph_UIHUD
[2018.06.24-11.19.59:969][311]LogUObjectGlobals: Destroyed PersistentFrame Addr=0x00000183fb7f21b0, Size=40
[2018.06.24-11.19.59:969][311]LogUObjectGlobals: Created PersistentFrame Addr=0x00000183fb7f21b0, Size=40, Default__UIHUD_C Function /Engine/Transient.REINST_UIHUD_C_6:ExecuteUbergraph_UIHUD
[2018.06.24-11.19.59:972][311]LogUObjectGlobals: Created PersistentFrame Addr=0x00000183fb7f27c8, Size=40, Default__UIHUD_C Function /Game/UI/Widgets/UIHUD.UIHUD_C:ExecuteUbergraph_UIHUD
[2018.06.24-11.20.00:052][311]LogSlate: Took 0.000356 seconds to synchronously load lazily loaded font '../../../Engine/Content/Slate/Fonts/Roboto-Light.ttf' (167K)
[2018.06.24-11.20.00:346][311]LogContentBrowser: Native class hierarchy updated for 'BlueprintGraph' in 0.0016 seconds. Added 116 classes and 0 folders.
[2018.06.24-11.20.00:655][311]LogUObjectGlobals: Created PersistentFrame Addr=0x00000183d1e28c50, Size=4, Default__SKEL_PROTO_BP_AnimBlueprint_0_C Function /Engine/Transient.SKEL_PROTO_BP_AnimBlueprint_0_C:ExecuteUbergraph_PROTO_BP_AnimBlueprint_0
[2018.06.24-11.20.00:656][311]LogUObjectGlobals: Created PersistentFrame Addr=0x00000183d1e28c48, Size=4, Default__PROTO_BP_AnimBlueprint_0_C Function /Engine/Transient.PROTO_BP_AnimBlueprint_0_C:ExecuteUbergraph_PROTO_BP_AnimBlueprint_0
[2018.06.24-11.20.03:813][455]LogSlate: Took 0.001988 seconds to synchronously load lazily loaded font '../../../Engine/Content/Slate/Fonts/Roboto-BoldCondensed.ttf' (158K)
[2018.06.24-11.20.05:378][582]LogSlate: Took 0.002121 seconds to synchronously load lazily loaded font '../../../Engine/Content/Slate/Fonts/Roboto-Italic.ttf' (157K)
[2018.06.24-11.20.14:538][433]BlueprintLog: New page: Compile BP_FPSPlayer
[2018.06.24-11.20.14:863][433]LogUObjectGlobals: Destroyed PersistentFrame Addr=0x000001839508a5c0, Size=408
[2018.06.24-11.20.14:863][433]LogUObjectGlobals: Destroyed PersistentFrame Addr=0x0000018395120680, Size=160
[2018.06.24-11.20.14:864][433]LogUObjectGlobals: Destroyed PersistentFrame Addr=0x00000183e8f11420, Size=4
[2018.06.24-11.20.14:864][433]LogUObjectGlobals: Destroyed PersistentFrame Addr=0x00000183c2d3cb80, Size=104
[2018.06.24-11.20.14:864][433]LogUObjectGlobals: Destroyed PersistentFrame Addr=0x00000183fb7f0f68, Size=40
[2018.06.24-11.20.14:864][433]LogUObjectGlobals: Destroyed PersistentFrame Addr=0x00000183fb7f21b0, Size=40
[2018.06.24-11.20.15:393][474]Cmd: OBJ SAVEPACKAGE PACKAGE="/Game/Blueprints/BP_FPSPlayer" FILE="../../../../../SpareTime/Unreal/FPS/FPS/Content/Blueprints/BP_FPSPlayer.uasset" SILENT=true
[2018.06.24-11.20.15:481][474]LogSavePackage: Save=30.69ms
[2018.06.24-11.20.15:481][474]LogSavePackage: Moving '../../../../../SpareTime/Unreal/FPS/FPS/Saved/BP_FPSPlayerD38A8315422AED7A9DB8BA812E01BD03.tmp' to '../../../../../SpareTime/Unreal/FPS/FPS/Content/Blueprints/BP_FPSPlayer.uasset'
[2018.06.24-11.20.15:488][474]LogSavePackage: Display: Finished SavePackage ../../../../../SpareTime/Unreal/FPS/FPS/Content/Blueprints/BP_FPSPlayer.uasset
[2018.06.24-11.20.17:622][610]LogTemp: Repeating last play command: Selected Viewport
[2018.06.24-11.20.17:663][610]LogPlayLevel: PlayLevel: No blueprints needed recompiling
[2018.06.24-11.20.17:665][610]PIE: New page: PIE session: Level1 (Jun 24, 2018, 3:20:17 PM)
[2018.06.24-11.20.17:665][610]LogPlayLevel: Creating play world package: /Game/Maps/UEDPIE_0_Level1
[2018.06.24-11.20.17:681][610]LogPlayLevel: PIE: StaticDuplicateObject took: (0.016561s)
[2018.06.24-11.20.17:682][610]LogAIModule: Creating AISystem for world Level1
[2018.06.24-11.20.17:683][610]LogPlayLevel: PIE: World Init took: (0.001469s)
[2018.06.24-11.20.17:683][610]LogPlayLevel: PIE: Created PIE world by copying editor world from /Game/Maps/Level1.Level1 to /Game/Maps/UEDPIE_0_Level1.Level1 (0.019123s)
[2018.06.24-11.20.17:713][610]LogInit: XAudio2 using 'Luidsprekers (Conexant SmartAudio HD)' : 2 channels at 48 kHz using 32 bits per sample (channel mask 0x3)
[2018.06.24-11.20.17:749][610]LogInit: FAudioDevice initialized.
[2018.06.24-11.20.17:820][610]LogLoad: Game class is 'BP_FPSGameModeBase_C'
[2018.06.24-11.20.17:832][610]LogWorld: Bringing World /Game/Maps/UEDPIE_0_Level1.Level1 up for play (max tick rate 0) at 2018.06.24-13.20.17
[2018.06.24-11.20.17:834][610]LogWorld: Bringing up level for play took: 0.010968
[2018.06.24-11.20.17:840][610]LogContentBrowser: Native class hierarchy updated for 'MovieSceneCapture' in 0.0013 seconds. Added 11 classes and 0 folders.
[2018.06.24-11.20.17:843][610]LogOutputDevice: Error: Ensure condition failed: Component->HasBegunPlay() [File:D:\Build\++UE4+Release-4.19+Compile\Sync\Engine\Source\Runtime\Engine\Private\Actor.cpp] [Line: 3129] 
Failed to route BeginPlay (SMG /Game/Maps/UEDPIE_0_Level1.Level1:PersistentLevel.BP_FPSPlayer_C_0.CurrentWeaponMesh)

[2018.06.24-11.20.17:843][610]LogStats:             FDebug::EnsureFailed -  0.000 s
[2018.06.24-11.20.22:275][610]PIE: Play in editor start time for /Game/Maps/UEDPIE_0_Level1 4.183
[2018.06.24-11.20.32:226][914]LogTemp: Warning: SMG: Added to inventory
[2018.06.24-11.20.32:466][922]LogSlate: FSceneViewport::OnFocusLost() reason 0
[2018.06.24-11.20.36:334][941]LogTemp: Warning: SMG: Added to inventory
[2018.06.24-11.20.42:238][ 81]LogTemp: Repeating last play command: Selected Viewport
[2018.06.24-11.20.42:263][ 81]LogPlayLevel: PlayLevel: No blueprints needed recompiling
[2018.06.24-11.20.42:264][ 81]PIE: New page: PIE session: Level1 (Jun 24, 2018, 3:20:42 PM)
[2018.06.24-11.20.42:264][ 81]LogPlayLevel: Creating play world package: /Game/Maps/UEDPIE_0_Level1
[2018.06.24-11.20.42:294][ 81]LogPlayLevel: PIE: StaticDuplicateObject took: (0.030560s)
[2018.06.24-11.20.42:295][ 81]LogAIModule: Creating AISystem for world Level1
[2018.06.24-11.20.42:296][ 81]LogPlayLevel: PIE: World Init took: (0.001248s)
[2018.06.24-11.20.42:296][ 81]LogPlayLevel: PIE: Created PIE world by copying editor world from /Game/Maps/Level1.Level1 to /Game/Maps/UEDPIE_0_Level1.Level1 (0.032552s)
[2018.06.24-11.20.42:327][ 81]LogInit: XAudio2 using 'Luidsprekers (Conexant SmartAudio HD)' : 2 channels at 48 kHz using 32 bits per sample (channel mask 0x3)
[2018.06.24-11.20.42:368][ 81]LogInit: FAudioDevice initialized.
[2018.06.24-11.20.42:408][ 81]LogLoad: Game class is 'BP_FPSGameModeBase_C'
[2018.06.24-11.20.42:419][ 81]LogWorld: Bringing World /Game/Maps/UEDPIE_0_Level1.Level1 up for play (max tick rate 0) at 2018.06.24-13.20.42
[2018.06.24-11.20.42:420][ 81]LogWorld: Bringing up level for play took: 0.010748
[2018.06.24-11.20.42:428][ 81]PIE: Play in editor start time for /Game/Maps/UEDPIE_0_Level1 0.336
[2018.06.24-11.20.54:031][468]LogTemp: Warning: SMG: Added to inventory
[2018.06.24-11.20.54:274][476]LogSlate: FSceneViewport::OnFocusLost() reason 0
[2018.06.24-11.20.54:975][499]LogTemp: Warning: SMG: Added to inventory
[2018.06.24-11.23.24:801][651]LogTemp: Repeating last play command: Selected Viewport
[2018.06.24-11.23.24:833][651]LogPlayLevel: PlayLevel: No blueprints needed recompiling
[2018.06.24-11.23.24:834][651]PIE: New page: PIE session: Level1 (Jun 24, 2018, 3:23:24 PM)
[2018.06.24-11.23.24:834][651]LogPlayLevel: Creating play world package: /Game/Maps/UEDPIE_0_Level1
[2018.06.24-11.23.24:851][651]LogPlayLevel: PIE: StaticDuplicateObject took: (0.017451s)
[2018.06.24-11.23.24:852][651]LogAIModule: Creating AISystem for world Level1
[2018.06.24-11.23.24:853][651]LogPlayLevel: PIE: World Init took: (0.001641s)
[2018.06.24-11.23.24:853][651]LogPlayLevel: PIE: Created PIE world by copying editor world from /Game/Maps/Level1.Level1 to /Game/Maps/UEDPIE_0_Level1.Level1 (0.019854s)
[2018.06.24-11.23.24:889][651]LogInit: XAudio2 using 'Luidsprekers (Conexant SmartAudio HD)' : 2 channels at 48 kHz using 32 bits per sample (channel mask 0x3)
[2018.06.24-11.23.24:929][651]LogInit: FAudioDevice initialized.
[2018.06.24-11.23.24:969][651]LogLoad: Game class is 'BP_FPSGameModeBase_C'
[2018.06.24-11.23.24:980][651]LogWorld: Bringing World /Game/Maps/UEDPIE_0_Level1.Level1 up for play (max tick rate 0) at 2018.06.24-13.23.24
[2018.06.24-11.23.24:981][651]LogWorld: Bringing up level for play took: 0.010704
[2018.06.24-11.23.24:989][651]PIE: Play in editor start time for /Game/Maps/UEDPIE_0_Level1 0.898
