Log file open, 06/14/18 19:12:56
LogWindows: Failed to load 'aqProf.dll' (GetLastError=126)
LogWindows: File 'aqProf.dll' does not exist
LogWindows: Failed to load 'VtuneApi.dll' (GetLastError=126)
LogWindows: File 'VtuneApi.dll' does not exist
LogWindows: Failed to load 'VtuneApi32e.dll' (GetLastError=126)
LogWindows: File 'VtuneApi32e.dll' does not exist
LogInit: Display: Running engine for game: FPS
LogPlatformFile: Not using cached read wrapper
LogInit: Display: RandInit(432248489) SRandInit(432248490).
LogInit: Read version file with build ID '3944462'
LogInit: Overriding engine version to CL 4033788, compatible CL 3944462
LogInit: Registered custom module enumerator with build ID '3944462'
LogTaskGraph: Started task graph with 5 named threads and 23 total threads with 3 sets of task threads.
LogStats: Stats thread started at 2.785110
LogD3D11RHI: Aftermath initialized
LogICUInternationalization: Display: ICU TimeZone Detection - Raw Offset: +1:00, Platform Override: ''
LogPluginManager: Mounting plugin Paper2D
LogPluginManager: Mounting plugin LiveLink
LogPluginManager: Mounting plugin LightPropagationVolume
LogPluginManager: Mounting plugin CLionSourceCodeAccess
LogPluginManager: Mounting plugin CodeLiteSourceCodeAccess
LogPluginManager: Mounting plugin GitSourceControl
LogPluginManager: Mounting plugin KDevelopSourceCodeAccess
LogPluginManager: Mounting plugin NullSourceCodeAccess
LogPluginManager: Mounting plugin PerforceSourceControl
LogPluginManager: Mounting plugin SubversionSourceControl
LogPluginManager: Mounting plugin UObjectPlugin
LogPluginManager: Mounting plugin VisualStudioCodeSourceCodeAccess
LogPluginManager: Mounting plugin VisualStudioSourceCodeAccess
LogPluginManager: Mounting plugin XCodeSourceCodeAccess
LogPluginManager: Mounting plugin AssetManagerEditor
LogPluginManager: Mounting plugin CryptoKeys
LogPluginManager: Mounting plugin DataValidation
LogPluginManager: Mounting plugin FacialAnimation
LogPluginManager: Mounting plugin GameplayTagsEditor
LogPluginManager: Mounting plugin MobileLauncherProfileWizard
LogPluginManager: Mounting plugin PluginBrowser
LogPluginManager: Mounting plugin SpeedTreeImporter
LogPluginManager: Mounting plugin DatasmithContent
LogPluginManager: Mounting plugin AlembicImporter
LogPluginManager: Mounting plugin CharacterAI
LogPluginManager: Mounting plugin HTML5Networking
LogPluginManager: Mounting plugin AndroidMedia
LogPluginManager: Mounting plugin AvfMedia
LogPluginManager: Mounting plugin ImgMedia
LogPluginManager: Mounting plugin LinearTimecode
LogPluginManager: Mounting plugin MediaCompositing
LogPluginManager: Mounting plugin MediaPlayerEditor
LogPluginManager: Mounting plugin WmfMedia
LogPluginManager: Mounting plugin TcpMessaging
LogPluginManager: Mounting plugin UdpMessaging
LogPluginManager: Mounting plugin ActorSequence
LogPluginManager: Mounting plugin LevelSequenceEditor
LogPluginManager: Mounting plugin MatineeToLevelSequence
LogPluginManager: Mounting plugin NetcodeUnitTest
LogPluginManager: Mounting plugin NUTUnrealEngine4
LogPluginManager: Mounting plugin OnlineSubsystemGooglePlay
LogPluginManager: Mounting plugin OnlineSubsystemIOS
LogPluginManager: Mounting plugin OnlineSubsystem
LogPluginManager: Mounting plugin OnlineSubsystemNull
LogPluginManager: Mounting plugin OnlineSubsystemUtils
LogPluginManager: Mounting plugin AndroidDeviceProfileSelector
LogPluginManager: Mounting plugin AndroidMoviePlayer
LogPluginManager: Mounting plugin AndroidPermission
LogPluginManager: Mounting plugin AppleARKit
LogPluginManager: Mounting plugin AppleMoviePlayer
LogPluginManager: Mounting plugin ArchVisCharacter
LogPluginManager: Mounting plugin AudioCapture
LogPluginManager: Mounting plugin CableComponent
LogPluginManager: Mounting plugin CustomMeshComponent
LogPluginManager: Mounting plugin ExampleDeviceProfileSelector
LogPluginManager: Mounting plugin GoogleCloudMessaging
LogPluginManager: Mounting plugin ImmediatePhysics
LogPluginManager: Mounting plugin IOSDeviceProfileSelector
LogPluginManager: Mounting plugin LinuxDeviceProfileSelector
LogPluginManager: Mounting plugin LocationServicesBPLibrary
LogPluginManager: Mounting plugin MobilePatchingUtils
LogPluginManager: Mounting plugin OculusVR
LogPluginManager: Plugin shader directory ../../../Engine/Plugins/Runtime/Oculus/OculusVR/Shaders found
LogPluginManager: Mapping shader source directory ../../../Engine/Plugins/Runtime/Oculus/OculusVR/Shaders to virtual directory /Plugin/OculusVR
LogPluginManager: Mounting plugin PhysXVehicles
LogPluginManager: Mounting plugin ProceduralMeshComponent
LogPluginManager: Mounting plugin RuntimePhysXCooking
LogPluginManager: Mounting plugin SteamVR
LogPluginManager: Mounting plugin WindowsMoviePlayer
LogPluginManager: Mounting plugin CoverPointGenerator
LogStreaming: Display: Took  0.268s to configure plugins.
LogModuleManager: Display: Found up-to-date module file ../../../../../../../Projects/FPS/FPS/Binaries/Win64/UE4Editor-FPS.dll (API version 3944462).
LogModuleManager: Display: Found up-to-date module file ../../../Engine/Plugins/2D/Paper2D/Binaries/Win64/UE4Editor-Paper2D.dll (API version 3944462).
LogModuleManager: Display: Found up-to-date module file ../../../Engine/Plugins/2D/Paper2D/Binaries/Win64/UE4Editor-Paper2DEditor.dll (API version 3944462).
LogModuleManager: Display: Found up-to-date module file ../../../Engine/Plugins/2D/Paper2D/Binaries/Win64/UE4Editor-PaperSpriteSheetImporter.dll (API version 3944462).
LogModuleManager: Display: Found up-to-date module file ../../../Engine/Plugins/2D/Paper2D/Binaries/Win64/UE4Editor-PaperTiledImporter.dll (API version 3944462).
LogModuleManager: Display: Found up-to-date module file ../../../Engine/Plugins/2D/Paper2D/Binaries/Win64/UE4Editor-SmartSnapping.dll (API version 3944462).
LogModuleManager: Display: Found up-to-date module file ../../../Engine/Plugins/Animation/LiveLink/Binaries/Win64/UE4Editor-LiveLink.dll (API version 3944462).
LogModuleManager: Display: Found up-to-date module file ../../../Engine/Plugins/Animation/LiveLink/Binaries/Win64/UE4Editor-LiveLinkEditor.dll (API version 3944462).
LogModuleManager: Display: Found up-to-date module file ../../../Engine/Plugins/Blendables/LightPropagationVolume/Binaries/Win64/UE4Editor-LightPropagationVolumeRuntime.dll (API version 3944462).
LogModuleManager: Display: Found up-to-date module file ../../../Engine/Plugins/Blendables/LightPropagationVolume/Binaries/Win64/UE4Editor-LightPropagationVolumeEditor.dll (API version 3944462).
LogModuleManager: Display: Found up-to-date module file ../../../Engine/Plugins/Developer/CLionSourceCodeAccess/Binaries/Win64/UE4Editor-CLionSourceCodeAccess.dll (API version 3944462).
LogModuleManager: Display: Found up-to-date module file ../../../Engine/Plugins/Developer/GitSourceControl/Binaries/Win64/UE4Editor-GitSourceControl.dll (API version 3944462).
LogModuleManager: Display: Found up-to-date module file ../../../Engine/Plugins/Developer/PerforceSourceControl/Binaries/Win64/UE4Editor-PerforceSourceControl.dll (API version 3944462).
LogModuleManager: Display: Found up-to-date module file ../../../Engine/Plugins/Developer/SubversionSourceControl/Binaries/Win64/UE4Editor-SubversionSourceControl.dll (API version 3944462).
LogModuleManager: Display: Found up-to-date module file ../../../Engine/Plugins/Developer/UObjectPlugin/Binaries/Win64/UE4Editor-UObjectPlugin.dll (API version 3944462).
LogModuleManager: Display: Found up-to-date module file ../../../Engine/Plugins/Developer/VisualStudioCodeSourceCodeAccess/Binaries/Win64/UE4Editor-VisualStudioCodeSourceCodeAccess.dll (API version 3944462).
LogModuleManager: Display: Found up-to-date module file ../../../Engine/Plugins/Developer/VisualStudioSourceCodeAccess/Binaries/Win64/UE4Editor-VisualStudioSourceCodeAccess.dll (API version 3944462).
LogModuleManager: Display: Found up-to-date module file ../../../Engine/Plugins/Editor/AssetManagerEditor/Binaries/Win64/UE4Editor-AssetManagerEditor.dll (API version 3944462).
LogModuleManager: Display: Found up-to-date module file ../../../Engine/Plugins/Editor/CryptoKeys/Binaries/Win64/UE4Editor-CryptoKeys.dll (API version 3944462).
LogModuleManager: Display: Found up-to-date module file ../../../Engine/Plugins/Editor/CryptoKeys/Binaries/Win64/UE4Editor-CryptoKeysOpenSSL.dll (API version 3944462).
LogModuleManager: Display: Found up-to-date module file ../../../Engine/Plugins/Editor/DataValidation/Binaries/Win64/UE4Editor-DataValidation.dll (API version 3944462).
LogModuleManager: Display: Found up-to-date module file ../../../Engine/Plugins/Editor/FacialAnimation/Binaries/Win64/UE4Editor-FacialAnimation.dll (API version 3944462).
LogModuleManager: Display: Found up-to-date module file ../../../Engine/Plugins/Editor/FacialAnimation/Binaries/Win64/UE4Editor-FacialAnimationEditor.dll (API version 3944462).
LogModuleManager: Display: Found up-to-date module file ../../../Engine/Plugins/Editor/GameplayTagsEditor/Binaries/Win64/UE4Editor-GameplayTagsEditor.dll (API version 3944462).
LogModuleManager: Display: Found up-to-date module file ../../../Engine/Plugins/Editor/MobileLauncherProfileWizard/Binaries/Win64/UE4Editor-MobileLauncherProfileWizard.dll (API version 3944462).
LogModuleManager: Display: Found up-to-date module file ../../../Engine/Plugins/Editor/PluginBrowser/Binaries/Win64/UE4Editor-PluginBrowser.dll (API version 3944462).
LogModuleManager: Display: Found up-to-date module file ../../../Engine/Plugins/Editor/SpeedTreeImporter/Binaries/Win64/UE4Editor-SpeedTreeImporter.dll (API version 3944462).
LogModuleManager: Display: Found up-to-date module file ../../../Engine/Plugins/Enterprise/DatasmithContent/Binaries/Win64/UE4Editor-DatasmithContent.dll (API version 3944462).
LogModuleManager: Display: Found up-to-date module file ../../../Engine/Plugins/Experimental/AlembicImporter/Binaries/Win64/UE4Editor-AlembicImporter.dll (API version 3944462).
LogModuleManager: Display: Found up-to-date module file ../../../Engine/Plugins/Experimental/AlembicImporter/Binaries/Win64/UE4Editor-AlembicLibrary.dll (API version 3944462).
LogModuleManager: Display: Found up-to-date module file ../../../Engine/Plugins/Experimental/CharacterAI/Binaries/Win64/UE4Editor-CharacterAI.dll (API version 3944462).
LogModuleManager: Display: Found up-to-date module file ../../../Engine/Plugins/Experimental/HTML5Networking/Binaries/Win64/UE4Editor-HTML5Networking.dll (API version 3944462).
LogModuleManager: Display: Found up-to-date module file ../../../Engine/Plugins/Media/AndroidMedia/Binaries/Win64/UE4Editor-AndroidMediaEditor.dll (API version 3944462).
LogModuleManager: Display: Found up-to-date module file ../../../Engine/Plugins/Media/AndroidMedia/Binaries/Win64/UE4Editor-AndroidMediaFactory.dll (API version 3944462).
LogModuleManager: Display: Found up-to-date module file ../../../Engine/Plugins/Media/AvfMedia/Binaries/Win64/UE4Editor-AvfMediaEditor.dll (API version 3944462).
LogModuleManager: Display: Found up-to-date module file ../../../Engine/Plugins/Media/AvfMedia/Binaries/Win64/UE4Editor-AvfMediaFactory.dll (API version 3944462).
LogModuleManager: Display: Found up-to-date module file ../../../Engine/Plugins/Media/AvfMedia/Binaries/Win64/UE4Editor-AvfMediaFactory.dll (API version 3944462).
LogModuleManager: Display: Found up-to-date module file ../../../Engine/Plugins/Media/ImgMedia/Binaries/Win64/UE4Editor-ImgMedia.dll (API version 3944462).
LogModuleManager: Display: Found up-to-date module file ../../../Engine/Plugins/Media/ImgMedia/Binaries/Win64/UE4Editor-ImgMediaEditor.dll (API version 3944462).
LogModuleManager: Display: Found up-to-date module file ../../../Engine/Plugins/Media/ImgMedia/Binaries/Win64/UE4Editor-ImgMediaFactory.dll (API version 3944462).
LogModuleManager: Display: Found up-to-date module file ../../../Engine/Plugins/Media/ImgMedia/Binaries/Win64/UE4Editor-ImgMediaFactory.dll (API version 3944462).
LogModuleManager: Display: Found up-to-date module file ../../../Engine/Plugins/Media/ImgMedia/Binaries/Win64/UE4Editor-OpenExrWrapper.dll (API version 3944462).
LogModuleManager: Display: Found up-to-date module file ../../../Engine/Plugins/Media/LinearTimecode/Binaries/Win64/UE4Editor-LinearTimecode.dll (API version 3944462).
LogModuleManager: Display: Found up-to-date module file ../../../Engine/Plugins/Media/MediaCompositing/Binaries/Win64/UE4Editor-MediaCompositing.dll (API version 3944462).
LogModuleManager: Display: Found up-to-date module file ../../../Engine/Plugins/Media/MediaCompositing/Binaries/Win64/UE4Editor-MediaCompositingEditor.dll (API version 3944462).
LogModuleManager: Display: Found up-to-date module file ../../../Engine/Plugins/Media/MediaPlayerEditor/Binaries/Win64/UE4Editor-MediaPlayerEditor.dll (API version 3944462).
LogModuleManager: Display: Found up-to-date module file ../../../Engine/Plugins/Media/WmfMedia/Binaries/Win64/UE4Editor-WmfMedia.dll (API version 3944462).
LogModuleManager: Display: Found up-to-date module file ../../../Engine/Plugins/Media/WmfMedia/Binaries/Win64/UE4Editor-WmfMediaEditor.dll (API version 3944462).
LogModuleManager: Display: Found up-to-date module file ../../../Engine/Plugins/Media/WmfMedia/Binaries/Win64/UE4Editor-WmfMediaFactory.dll (API version 3944462).
LogModuleManager: Display: Found up-to-date module file ../../../Engine/Plugins/Media/WmfMedia/Binaries/Win64/UE4Editor-WmfMediaFactory.dll (API version 3944462).
LogModuleManager: Display: Found up-to-date module file ../../../Engine/Plugins/Messaging/TcpMessaging/Binaries/Win64/UE4Editor-TcpMessaging.dll (API version 3944462).
LogModuleManager: Display: Found up-to-date module file ../../../Engine/Plugins/Messaging/UdpMessaging/Binaries/Win64/UE4Editor-UdpMessaging.dll (API version 3944462).
LogModuleManager: Display: Found up-to-date module file ../../../Engine/Plugins/MovieScene/ActorSequence/Binaries/Win64/UE4Editor-ActorSequence.dll (API version 3944462).
LogModuleManager: Display: Found up-to-date module file ../../../Engine/Plugins/MovieScene/LevelSequenceEditor/Binaries/Win64/UE4Editor-LevelSequenceEditor.dll (API version 3944462).
LogModuleManager: Display: Found up-to-date module file ../../../Engine/Plugins/MovieScene/MatineeToLevelSequence/Binaries/Win64/UE4Editor-MatineeToLevelSequence.dll (API version 3944462).
LogModuleManager: Display: Found up-to-date module file ../../../Engine/Plugins/NetcodeUnitTest/NetcodeUnitTest/Binaries/Win64/UE4Editor-NetcodeUnitTest.dll (API version 3944462).
LogModuleManager: Display: Found up-to-date module file ../../../Engine/Plugins/NetcodeUnitTest/NUTUnrealEngine4/Binaries/Win64/UE4Editor-NUTUnrealEngine4.dll (API version 3944462).
LogModuleManager: Display: Found up-to-date module file ../../../Engine/Plugins/Online/OnlineSubsystem/Binaries/Win64/UE4Editor-OnlineSubsystem.dll (API version 3944462).
LogModuleManager: Display: Found up-to-date module file ../../../Engine/Plugins/Online/OnlineSubsystemNull/Binaries/Win64/UE4Editor-OnlineSubsystemNull.dll (API version 3944462).
LogModuleManager: Display: Found up-to-date module file ../../../Engine/Plugins/Online/OnlineSubsystemUtils/Binaries/Win64/UE4Editor-OnlineSubsystemUtils.dll (API version 3944462).
LogModuleManager: Display: Found up-to-date module file ../../../Engine/Plugins/Online/OnlineSubsystemUtils/Binaries/Win64/UE4Editor-OnlineBlueprintSupport.dll (API version 3944462).
LogModuleManager: Display: Found up-to-date module file ../../../Engine/Plugins/Runtime/AndroidDeviceProfileSelector/Binaries/Win64/UE4Editor-AndroidDeviceProfileSelector.dll (API version 3944462).
LogModuleManager: Display: Found up-to-date module file ../../../Engine/Plugins/Runtime/AndroidPermission/Binaries/Win64/UE4Editor-AndroidPermission.dll (API version 3944462).
LogModuleManager: Display: Found up-to-date module file ../../../Engine/Plugins/Runtime/AppleARKit/Binaries/Win64/UE4Editor-AppleARKit.dll (API version 3944462).
LogModuleManager: Display: Found up-to-date module file ../../../Engine/Plugins/Runtime/ArchVisCharacter/Binaries/Win64/UE4Editor-ArchVisCharacter.dll (API version 3944462).
LogModuleManager: Display: Found up-to-date module file ../../../Engine/Plugins/Runtime/AudioCapture/Binaries/Win64/UE4Editor-AudioCapture.dll (API version 3944462).
LogModuleManager: Display: Found up-to-date module file ../../../Engine/Plugins/Runtime/AudioCapture/Binaries/Win64/UE4Editor-AudioCaptureEditor.dll (API version 3944462).
LogModuleManager: Display: Found up-to-date module file ../../../Engine/Plugins/Runtime/CableComponent/Binaries/Win64/UE4Editor-CableComponent.dll (API version 3944462).
LogModuleManager: Display: Found up-to-date module file ../../../Engine/Plugins/Runtime/CustomMeshComponent/Binaries/Win64/UE4Editor-CustomMeshComponent.dll (API version 3944462).
LogModuleManager: Display: Found up-to-date module file ../../../Engine/Plugins/Runtime/ExampleDeviceProfileSelector/Binaries/Win64/UE4Editor-ExampleDeviceProfileSelector.dll (API version 3944462).
LogModuleManager: Display: Found up-to-date module file ../../../Engine/Plugins/Runtime/ImmediatePhysics/Binaries/Win64/UE4Editor-ImmediatePhysics.dll (API version 3944462).
LogModuleManager: Display: Found up-to-date module file ../../../Engine/Plugins/Runtime/ImmediatePhysics/Binaries/Win64/UE4Editor-ImmediatePhysicsEditor.dll (API version 3944462).
LogModuleManager: Display: Found up-to-date module file ../../../Engine/Plugins/Runtime/LocationServicesBPLibrary/Binaries/Win64/UE4Editor-LocationServicesBPLibrary.dll (API version 3944462).
LogModuleManager: Display: Found up-to-date module file ../../../Engine/Plugins/Runtime/MobilePatchingUtils/Binaries/Win64/UE4Editor-MobilePatchingUtils.dll (API version 3944462).
LogModuleManager: Display: Found up-to-date module file ../../../Engine/Plugins/Runtime/Oculus/OculusVR/Binaries/Win64/UE4Editor-OculusHMD.dll (API version 3944462).
LogModuleManager: Display: Found up-to-date module file ../../../Engine/Plugins/Runtime/Oculus/OculusVR/Binaries/Win64/UE4Editor-OculusInput.dll (API version 3944462).
LogModuleManager: Display: Found up-to-date module file ../../../Engine/Plugins/Runtime/Oculus/OculusVR/Binaries/Win64/UE4Editor-OculusEditor.dll (API version 3944462).
LogModuleManager: Display: Found up-to-date module file ../../../Engine/Plugins/Runtime/PhysXVehicles/Binaries/Win64/UE4Editor-PhysXVehicles.dll (API version 3944462).
LogModuleManager: Display: Found up-to-date module file ../../../Engine/Plugins/Runtime/PhysXVehicles/Binaries/Win64/UE4Editor-PhysXVehiclesEditor.dll (API version 3944462).
LogModuleManager: Display: Found up-to-date module file ../../../Engine/Plugins/Runtime/ProceduralMeshComponent/Binaries/Win64/UE4Editor-ProceduralMeshComponent.dll (API version 3944462).
LogModuleManager: Display: Found up-to-date module file ../../../Engine/Plugins/Runtime/ProceduralMeshComponent/Binaries/Win64/UE4Editor-ProceduralMeshComponentEditor.dll (API version 3944462).
LogModuleManager: Display: Found up-to-date module file ../../../Engine/Plugins/Runtime/RuntimePhysXCooking/Binaries/Win64/UE4Editor-RuntimePhysXCooking.dll (API version 3944462).
LogModuleManager: Display: Found up-to-date module file ../../../Engine/Plugins/Runtime/Steam/SteamVR/Binaries/Win64/UE4Editor-SteamVR.dll (API version 3944462).
LogModuleManager: Display: Found up-to-date module file ../../../Engine/Plugins/Runtime/Steam/SteamVR/Binaries/Win64/UE4Editor-SteamVRController.dll (API version 3944462).
LogModuleManager: Display: Found up-to-date module file ../../../Engine/Plugins/Runtime/WindowsMoviePlayer/Binaries/Win64/UE4Editor-WindowsMoviePlayer.dll (API version 3944462).
LogModuleManager: Display: Found up-to-date module file ../../../../../../../Projects/FPS/FPS/Plugins/CoverPointGenerator/Binaries/Win64/UE4Editor-CoverPointGenerator.dll (API version 3944462).
LogInit: Using libcurl 7.47.1
LogInit:  - built for x86_64-pc-win32
LogInit:  - supports SSL with OpenSSL/1.0.2g
LogInit:  - supports HTTP deflate (compression) using libz 1.2.8
LogInit:  - other features:
LogInit:      CURL_VERSION_SSL
LogInit:      CURL_VERSION_LIBZ
LogInit:      CURL_VERSION_IPV6
LogInit:      CURL_VERSION_ASYNCHDNS
LogInit:      CURL_VERSION_LARGEFILE
LogInit:      CURL_VERSION_IDN
LogInit:  CurlRequestOptions (configurable via config and command line):
LogInit:  - bVerifyPeer = false  - Libcurl will NOT verify peer certificate
LogInit:  - bUseHttpProxy = false  - Libcurl will NOT use HTTP proxy
LogInit:  - bDontReuseConnections = false  - Libcurl will reuse connections
LogInit:  - CertBundlePath = nullptr  - Libcurl will use whatever was configured at build time.
LogInit:  - MaxHostConnections = 16  - Libcurl will limit the number of connections to a host
LogInit:  - LocalHostAddr = Default
LogInit: WinSock: version 1.1 (2.2), MaxSocks=32767, MaxUdp=65467
LogInit: WinSock: I am DESKTOP-27ERO04 (192.168.178.101:0)
LogInit: Build: ++UE4+Release-4.19-CL-4033788
LogInit: Engine Version: 4.19.2-4033788+++UE4+Release-4.19
LogInit: Compatible Engine Version: 4.19.0-3944462+++UE4+Release-4.19
LogInit: Net CL: 3944462
LogDevObjectVersion: Number of dev versions registered: 18
LogDevObjectVersion:   Dev-Blueprints (B0D832E4-1F89-4F0D-ACCF-7EB736FD4AA2): 10
LogDevObjectVersion:   Dev-Build (E1C64328-A22C-4D53-A36C-8E866417BD8C): 0
LogDevObjectVersion:   Dev-Core (375EC13C-06E4-48FB-B500-84F0262A717E): 2
LogDevObjectVersion:   Dev-Editor (E4B068ED-F494-42E9-A231-DA0B2E46BB41): 23
LogDevObjectVersion:   Dev-Framework (CFFC743F-43B0-4480-9391-14DF171D2073): 33
LogDevObjectVersion:   Dev-Mobile (B02B49B5-BB20-44E9-A304-32B752E40360): 2
LogDevObjectVersion:   Dev-Networking (A4E4105C-59A1-49B5-A7C5-40C4547EDFEE): 0
LogDevObjectVersion:   Dev-Online (39C831C9-5AE6-47DC-9A44-9C173E1C8E7C): 0
LogDevObjectVersion:   Dev-Physics (78F01B33-EBEA-4F98-B9B4-84EACCB95AA2): 0
LogDevObjectVersion:   Dev-Platform (6631380F-2D4D-43E0-8009-CF276956A95A): 0
LogDevObjectVersion:   Dev-Rendering (12F88B9F-8875-4AFC-A67C-D90C383ABD29): 25
LogDevObjectVersion:   Dev-Sequencer (7B5AE74C-D270-4C10-A958-57980B212A5A): 6
LogDevObjectVersion:   Dev-VR (D7296918-1DD6-4BDD-9DE2-64A83CC13884): 1
LogDevObjectVersion:   Dev-LoadTimes (C2A15278-BFE7-4AFE-6C17-90FF531DF755): 1
LogDevObjectVersion:   Private-Geometry (6EACA3D4-40EC-4CC1-B786-8BED09428FC5): 2
LogDevObjectVersion:   Dev-AnimPhys (29E575DD-E0A3-4627-9D10-D276232CDCEA): 16
LogDevObjectVersion:   Dev-ReflectionCapture (6B266CEC-1EC7-4B8F-A30B-E4D90942FC07): 1
LogDevObjectVersion:   Dev-Automation (0DF73D61-A23F-47EA-B727-89E90C41499A): 1
LogInit: Compiled (64-bit): Apr 27 2018 02:06:57
LogInit: Compiled with Visual C++: 19.00.24215.01
LogInit: Build Configuration: Development
LogInit: Branch Name: ++UE4+Release-4.19
LogInit: Command Line:  -skipcompile
LogInit: Base Directory: E:/Game Engines/Epic Games/4.19/UE_4.19/Engine/Binaries/Win64/
LogInit: Installed Engine Build: 1
LogStreaming: Display: Took  0.011s to delete old logs.
LogInit: Presizing for max 8388607 objects, including 0 objects not considered by GC, pre-allocating 0 bytes for permanent pool.
LogInit: Object subsystem initialized
[2018.06.14-17.13.01:719][  0]LogInit: Selected Device Profile: [Windows]
[2018.06.14-17.13.01:719][  0]LogInit: Applying CVar settings loaded from the selected device profile: [Windows]
[2018.06.14-17.13.01:847][  0]LogInit: Computer: DESKTOP-27ERO04
[2018.06.14-17.13.01:847][  0]LogInit: User: TomColdenhoff
[2018.06.14-17.13.01:847][  0]LogInit: CPU Page size=4096, Cores=4
[2018.06.14-17.13.01:847][  0]LogInit: High frequency timer resolution =3.319355 MHz
[2018.06.14-17.13.01:851][  0]LogMemory: Memory total: Physical=11.9GB (12GB approx)
[2018.06.14-17.13.01:851][  0]LogMemory: Platform Memory Stats for Windows
[2018.06.14-17.13.01:851][  0]LogMemory: Process Physical Memory: 275.33 MB used, 275.33 MB peak
[2018.06.14-17.13.01:851][  0]LogMemory: Process Virtual Memory: 264.52 MB used, 264.52 MB peak
[2018.06.14-17.13.01:852][  0]LogMemory: Physical Memory: 6292.34 MB used,  5915.11 MB free, 12207.44 MB total
[2018.06.14-17.13.01:852][  0]LogMemory: Virtual Memory: 4789.34 MB used,  5915.11 MB free, 134217728.00 MB total
[2018.06.14-17.13.02:460][  0]LogInit: Using OS detected language (en-US).
[2018.06.14-17.13.02:460][  0]LogInit: Using OS detected locale (en-US).
[2018.06.14-17.13.02:616][  0]LogTextLocalizationManager: No specific localization for 'en-US' exists, so the 'en' localization will be used.
[2018.06.14-17.13.03:392][  0]LogStreaming: Display: Took  0.927s to EndInitTextLocalization.
[2018.06.14-17.13.03:411][  0]LogInit: Setting process to per monitor DPI aware
[2018.06.14-17.13.03:995][  0]LogSlate: New Slate User Created.  User Index 0, Is Virtual User: 0
[2018.06.14-17.13.03:995][  0]LogSlate: Slate User Registered.  User Index 0, Is Virtual User: 0
[2018.06.14-17.13.06:634][  0]LogD3D11RHI: D3D11 adapters:
[2018.06.14-17.13.06:732][  0]LogD3D11RHI:    0. 'NVIDIA GeForce GTX 970' (Feature Level 11_0)
[2018.06.14-17.13.06:732][  0]LogD3D11RHI:       4043/0/6103 MB DedicatedVideo/DedicatedSystem/SharedSystem, Outputs:2, VendorId:0x10de
[2018.06.14-17.13.06:795][  0]LogD3D11RHI:    1. 'Microsoft Basic Render Driver' (Feature Level 11_0)
[2018.06.14-17.13.06:795][  0]LogD3D11RHI:       0/0/6103 MB DedicatedVideo/DedicatedSystem/SharedSystem, Outputs:0, VendorId:0x1414
[2018.06.14-17.13.06:795][  0]LogD3D11RHI: Chosen D3D11 Adapter: 0
[2018.06.14-17.13.06:824][  0]LogD3D11RHI: Creating new Direct3DDevice
[2018.06.14-17.13.06:824][  0]LogD3D11RHI:     GPU DeviceId: 0x13c2 (for the marketing name, search the web for "GPU Device Id")
[2018.06.14-17.13.06:824][  0]LogWindows: EnumDisplayDevices:
[2018.06.14-17.13.06:825][  0]LogWindows:    0. 'NVIDIA GeForce GTX 970' (P:1 D:1)
[2018.06.14-17.13.06:825][  0]LogWindows:    1. 'NVIDIA GeForce GTX 970' (P:0 D:1)
[2018.06.14-17.13.06:825][  0]LogWindows:    2. 'NVIDIA GeForce GTX 970' (P:0 D:0)
[2018.06.14-17.13.06:825][  0]LogWindows:    3. 'NVIDIA GeForce GTX 970' (P:0 D:0)
[2018.06.14-17.13.06:825][  0]LogWindows: DebugString: GetVideoDriverDetailsInvalid PrimaryIsNotTheChoosenAdapter GetVideoDriverDetailsInvalid PrimaryIsNotTheChoosenAdapter GetVideoDriverDetailsInvalid PrimaryIsNotTheChoosenAdapter GetVideoDriverDetailsInvalid PrimaryIsNotTheChoosenAdapter FoundDriverCount:0 
[2018.06.14-17.13.06:825][  0]LogD3D11RHI:     Adapter Name: NVIDIA GeForce GTX 970
[2018.06.14-17.13.06:825][  0]LogD3D11RHI:   Driver Version: Unknown (internal:Unknown, unified:Unknown)
[2018.06.14-17.13.06:825][  0]LogD3D11RHI:      Driver Date: Unknown
[2018.06.14-17.13.06:826][  0]LogRHI: Texture pool is 2830 MB (70% of 4043 MB)
[2018.06.14-17.13.06:880][  0]LogD3D11RHI: [Aftermath] Aftermath enabled and primed
[2018.06.14-17.13.06:880][  0]LogD3D11RHI: [Aftermath] Aftermath enabled and primed
[2018.06.14-17.13.06:880][  0]LogD3D11RHI: Async texture creation enabled
[2018.06.14-17.13.07:145][  0]LogD3D11RHI: GPU Timing Frequency: 1000.000000 (Debug: 2 2)
[2018.06.14-17.13.07:309][  0]LogShaderCompilers: Guid format shader working directory is 17 characters bigger than the processId version (../../../../../../../Projects/FPS/FPS/Intermediate/Shaders/WorkingDirectory/8132/).
[2018.06.14-17.13.07:314][  0]LogShaderCompilers: Cleaned the shader compiler working directory 'C:/Users/TomColdenhoff/AppData/Local/Temp/UnrealShaderWorkingDir/323CDBF6454AD084885103A749C53FB7/'.
[2018.06.14-17.13.08:058][  0]LogTemp: Display: Loaded TP AllDesktopTargetPlatform
[2018.06.14-17.13.08:075][  0]LogTemp: Display: Loaded TP MacClientTargetPlatform
[2018.06.14-17.13.08:089][  0]LogTemp: Display: Loaded TP MacNoEditorTargetPlatform
[2018.06.14-17.13.08:105][  0]LogTemp: Display: Loaded TP MacServerTargetPlatform
[2018.06.14-17.13.08:132][  0]LogTemp: Display: Loaded TP MacTargetPlatform
[2018.06.14-17.13.08:152][  0]LogTemp: Display: Loaded TP WindowsClientTargetPlatform
[2018.06.14-17.13.08:166][  0]LogTemp: Display: Loaded TP WindowsNoEditorTargetPlatform
[2018.06.14-17.13.08:183][  0]LogTemp: Display: Loaded TP WindowsServerTargetPlatform
[2018.06.14-17.13.08:205][  0]LogTemp: Display: Loaded TP WindowsTargetPlatform
[2018.06.14-17.13.08:219][  0]LogTemp: Display: Loaded TP Android_ASTCTargetPlatform
[2018.06.14-17.13.08:232][  0]LogTemp: Display: Loaded TP Android_ATCTargetPlatform
[2018.06.14-17.13.08:249][  0]LogTemp: Display: Loaded TP Android_DXTTargetPlatform
[2018.06.14-17.13.08:265][  0]LogTemp: Display: Loaded TP Android_ETC1aTargetPlatform
[2018.06.14-17.13.08:282][  0]LogTemp: Display: Loaded TP Android_ETC1TargetPlatform
[2018.06.14-17.13.08:300][  0]LogTemp: Display: Loaded TP Android_ETC2TargetPlatform
[2018.06.14-17.13.08:335][  0]LogTemp: Display: Loaded TP Android_MultiTargetPlatform
[2018.06.14-17.13.08:335][  0]LogTemp: Display: Loaded TP Android_PVRTCTargetPlatform
[2018.06.14-17.13.08:366][  0]LogTemp: Display: Loaded TP AndroidTargetPlatform
[2018.06.14-17.13.08:370][  0]LogTemp: Display: Loaded TP HTML5TargetPlatform
[2018.06.14-17.13.08:499][  0]LogTemp: Display: Loaded TP IOSTargetPlatform
[2018.06.14-17.13.08:524][  0]LogTemp: Display: Loaded TP TVOSTargetPlatform
[2018.06.14-17.13.08:541][  0]LogTemp: Display: Loaded TP LinuxClientTargetPlatform
[2018.06.14-17.13.08:554][  0]LogTemp: Display: Loaded TP LinuxNoEditorTargetPlatform
[2018.06.14-17.13.08:573][  0]LogTemp: Display: Loaded TP LinuxServerTargetPlatform
[2018.06.14-17.13.08:594][  0]LogTemp: Display: Loaded TP LinuxTargetPlatform
[2018.06.14-17.13.08:594][  0]LogTargetPlatformManager: Display: Building Assets For Windows
[2018.06.14-17.13.09:341][  0]LogXGEController: Cleaning working directory: C:/Users/TomColdenhoff/AppData/Local/Temp/UnrealXGEWorkingDir/
[2018.06.14-17.13.09:341][  0]LogXGEController: Cannot use XGE Controller as Incredibuild is not installed on this machine.
[2018.06.14-17.13.09:350][  0]LogShaderCompilers: Cannot use XGE Shader Compiler as Incredibuild is not installed on this machine.
[2018.06.14-17.13.09:350][  0]LogShaderCompilers: Display: Using Local Shader Compiler.
[2018.06.14-17.13.12:522][  0]LogDerivedDataCache: Display: Max Cache Size: 512 MB
[2018.06.14-17.13.13:021][  0]LogDerivedDataCache: Loaded boot cache 0.50s 80MB C:/Users/TomColdenhoff/AppData/Local/UnrealEngine/4.19/DerivedDataCache/Boot.ddc.
[2018.06.14-17.13.13:021][  0]LogDerivedDataCache: Display: Loaded Boot cache: C:/Users/TomColdenhoff/AppData/Local/UnrealEngine/4.19/DerivedDataCache/Boot.ddc
[2018.06.14-17.13.13:021][  0]LogDerivedDataCache: FDerivedDataBackendGraph:  Pak pak cache file ../../../../../../../Projects/FPS/FPS/DerivedDataCache/DDC.ddp not found, will not use a pak cache.
[2018.06.14-17.13.13:021][  0]LogDerivedDataCache: Unable to find inner node Pak for hierarchical cache Hierarchy.
[2018.06.14-17.13.13:021][  0]LogDerivedDataCache: FDerivedDataBackendGraph:  CompressedPak pak cache file ../../../../../../../Projects/FPS/FPS/DerivedDataCache/Compressed.ddp not found, will not use a pak cache.
[2018.06.14-17.13.13:021][  0]LogDerivedDataCache: Unable to find inner node CompressedPak for hierarchical cache Hierarchy.
[2018.06.14-17.13.13:201][  0]LogDerivedDataCache: Display: Pak cache opened for reading ../../../Engine/DerivedDataCache/Compressed.ddp.
[2018.06.14-17.13.13:216][  0]LogDerivedDataCache: Using Local data cache path C:/Users/TomColdenhoff/AppData/Local/UnrealEngine/Common/DerivedDataCache: Writable
[2018.06.14-17.13.13:216][  0]LogDerivedDataCache: Shared data cache path not found in *engine.ini, will not use an Shared cache.
[2018.06.14-17.13.13:216][  0]LogDerivedDataCache: Unable to find inner node Shared for hierarchical cache Hierarchy.
[2018.06.14-17.13.13:274][  0]LogMaterial: Verifying Global Shaders for PCD3D_SM5
[2018.06.14-17.13.13:319][  0]LogSlate: Using Freetype 2.6.0
[2018.06.14-17.13.13:417][  0]LogSlate: SlateFontCache - WITH_FREETYPE: 1, WITH_HARFBUZZ: 1
[2018.06.14-17.13.13:418][  0]LogSlate: SlateFontCache - WITH_FREETYPE: 1, WITH_HARFBUZZ: 1
[2018.06.14-17.13.17:356][  0]LogAssetRegistry: FAssetRegistry took 0.0305 seconds to start up
[2018.06.14-17.13.20:775][  0]LogInit: Selected Device Profile: [Windows]
[2018.06.14-17.13.22:254][  0]LogSimplygon: Simplygon DLL not present - disabling.
[2018.06.14-17.13.22:285][  0]LogMeshReduction: Using SimplygonSwarm for distributed automatic mesh merging
[2018.06.14-17.13.22:301][  0]LogMeshReduction: Using QuadricMeshReduction for automatic static mesh reduction
[2018.06.14-17.13.22:302][  0]LogMeshReduction: No automatic skeletal mesh reduction module available
[2018.06.14-17.13.22:302][  0]LogMeshReduction: No automatic mesh merging module available
[2018.06.14-17.13.22:302][  0]LogMeshMerging: No automatic mesh merging module available
[2018.06.14-17.13.22:812][  0]LogNetVersion: FPS , NetCL: 3944462, EngineNetVer: 2, GameNetVer: 0 (Checksum: 2326512385)
[2018.06.14-17.13.26:845][  0]LogPackageLocalizationCache: Processed 9 localized package path(s) for 2 prioritized culture(s) in 0.119950 seconds
[2018.06.14-17.13.26:866][  0]LogUObjectArray: 36728 objects as part of root set at end of initial load.
[2018.06.14-17.13.26:867][  0]LogUObjectAllocator: 7314312 out of 0 bytes used by permanent object pool.
[2018.06.14-17.13.26:867][  0]LogUObjectArray: CloseDisregardForGC: 0/0 objects in disregard for GC pool
[2018.06.14-17.13.38:452][  0]LogTcpMessaging: Initializing TcpMessaging bridge
[2018.06.14-17.13.38:556][  0]LogUdpMessaging: Initializing bridge on interface 0.0.0.0:0 to multicast group 230.0.0.1:6666.
[2018.06.14-17.13.40:429][  0]LogSkeletalMesh: Skeletal Mesh found in DDC [9.146356ms] /Game/Models/Player/Arms/Arms_SMG.Arms_SMG
[2018.06.14-17.13.40:605][  0]LogUObjectGlobals: Created PersistentFrame Addr=0x000001e2a27a5a80, Size=80, Default__BP_SMGAnim_C Function /Game/Animations/SMG/BP_SMGAnim.BP_SMGAnim_C:ExecuteUbergraph_BP_SMGAnim
[2018.06.14-17.13.40:817][  0]LogUObjectGlobals: Destroyed PersistentFrame Addr=0x000001e2a27a5a80, Size=80
[2018.06.14-17.13.40:818][  0]LogUObjectGlobals: Created PersistentFrame Addr=0x000001e2a4cdf1a0, Size=80, Default__BP_SMGAnim_C Function /Engine/Transient.REINST_BP_SMGAnim_C_0:ExecuteUbergraph_BP_SMGAnim
[2018.06.14-17.13.40:945][  0]LogUObjectGlobals: Created PersistentFrame Addr=0x000001e2a2a5ede0, Size=80, Default__BP_SMGAnim_C Function /Game/Animations/SMG/BP_SMGAnim.BP_SMGAnim_C:ExecuteUbergraph_BP_SMGAnim
[2018.06.14-17.13.41:547][  0]SourceControl: Source control is disabled
[2018.06.14-17.13.41:548][  0]SourceControl: Source control is disabled
[2018.06.14-17.13.41:659][  0]SourceControl: Source control is disabled
[2018.06.14-17.13.41:690][  0]SourceControl: Source control is disabled
[2018.06.14-17.13.42:621][  0]LogAndroidPermission: UAndroidPermissionCallbackProxy::GetInstance
[2018.06.14-17.13.42:848][  0]LogOcInput: OculusInput pre-init called
[2018.06.14-17.13.44:331][  0]LogEngine: Initializing Engine...
[2018.06.14-17.13.44:357][  0]LogHMD: Failed to initialize OpenVR with code 110
[2018.06.14-17.13.44:374][  0]LogStats: UGameplayTagsManager::ConstructGameplayTagTree: Construct from data asset -  0.000 s
[2018.06.14-17.13.44:375][  0]LogStats: UGameplayTagsManager::ConstructGameplayTagTree: GameplayTagTreeChangedEvent.Broadcast -  0.000 s
[2018.06.14-17.13.45:319][  0]LogAIModule: Creating AISystem for world Untitled
[2018.06.14-17.13.45:428][  0]LogInit: XAudio2 using 'Speakers (Logitech G35 Headset)' : 2 channels at 44.1 kHz using 16 bits per sample (channel mask 0x3)
[2018.06.14-17.13.45:452][  0]LogInit: FAudioDevice initialized.
[2018.06.14-17.13.45:630][  0]LogDerivedDataCache: Saved boot cache 0.16s 80MB C:/Users/TomColdenhoff/AppData/Local/UnrealEngine/4.19/DerivedDataCache/Boot.ddc.
[2018.06.14-17.13.45:642][  0]LogInit: Texture streaming: Enabled
[2018.06.14-17.13.45:728][  0]LogEngineSessionManager: EngineSessionManager initialized
[2018.06.14-17.13.45:728][  0]LogEngineSessionManager: EngineSessionManager sent abnormal shutdown report. Type=Debugger, SessionId={BA731697-42EC-3523-F43F-CCADA9E9D5FB}
[2018.06.14-17.13.45:841][  0]LogInit: Transaction tracking system initialized
[2018.06.14-17.13.46:125][  0]BlueprintLog: New page: Editor Load
[2018.06.14-17.13.47:277][  0]LocalizationService: Localization service is disabled
[2018.06.14-17.13.48:094][  0]LogConsoleResponse: Display: 
[2018.06.14-17.13.49:630][  0]LogCook: Display: Max memory allowance for cook 16384mb min free memory 0mb
[2018.06.14-17.13.49:630][  0]LogCook: Display: Mobile HDR setting 1
[2018.06.14-17.13.49:630][  0]LogGameplayTags: Display: UGameplayTagsManager::DoneAddingNativeTags. DelegateIsBound: 0
[2018.06.14-17.13.49:630][  0]LogStats: UGameplayTagsManager::ConstructGameplayTagTree: Construct from data asset -  0.000 s
[2018.06.14-17.13.49:630][  0]LogStats: UGameplayTagsManager::ConstructGameplayTagTree: GameplayTagTreeChangedEvent.Broadcast -  0.000 s
[2018.06.14-17.13.50:561][  0]LogFileCache: Scanning file cache for directory 'E:/Projects/FPS/FPS/Content/' took 0.03s
[2018.06.14-17.13.51:104][  0]SourceControl: Source control is disabled
[2018.06.14-17.13.51:141][  0]Cmd: MAP LOAD FILE="../../../../../../../Projects/FPS/FPS/Content/Maps/AITestMap.umap" TEMPLATE=0 SHOWPROGRESS=1 FEATURELEVEL=3
[2018.06.14-17.13.51:167][  0]LightingResults: New page: Lighting Build
[2018.06.14-17.13.51:286][  0]MapCheck: New page: Map Check
[2018.06.14-17.13.51:286][  0]LightingResults: New page: Lighting Build
[2018.06.14-17.13.51:439][  0]LogUObjectGlobals: Destroyed PersistentFrame Addr=0x000001e2a4cdf1a0, Size=80
[2018.06.14-17.13.52:029][  0]LogUObjectGlobals: Created PersistentFrame Addr=0x000001e2b18c1f00, Size=128, Default__BP_AssaultAIAnim_C Function /Game/Animations/AI/BP_AssaultAIAnim.BP_AssaultAIAnim_C:ExecuteUbergraph_BP_AssaultAIAnim
[2018.06.14-17.13.52:112][  0]LogUObjectGlobals: Destroyed PersistentFrame Addr=0x000001e2b18c1f00, Size=128
[2018.06.14-17.13.52:112][  0]LogUObjectGlobals: Created PersistentFrame Addr=0x000001e2b1183680, Size=128, Default__BP_AssaultAIAnim_C Function /Engine/Transient.REINST_BP_AssaultAIAnim_C_1:ExecuteUbergraph_BP_AssaultAIAnim
[2018.06.14-17.13.52:142][  0]LogUObjectGlobals: Created PersistentFrame Addr=0x000001e2b10b1600, Size=128, Default__BP_AssaultAIAnim_C Function /Game/Animations/AI/BP_AssaultAIAnim.BP_AssaultAIAnim_C:ExecuteUbergraph_BP_AssaultAIAnim
[2018.06.14-17.13.53:544][  0]LogSkeletalMesh: Skeletal Mesh found in DDC [14.308503ms] /Game/Animations/AnimStarterPack/UE4_Mannequin/Mesh/SK_Mannequin.SK_Mannequin
[2018.06.14-17.13.53:699][  0]LogAIModule: Creating AISystem for world AITestMap
[2018.06.14-17.13.54:144][  0]LogEditorServer: Finished looking for orphan Actors (0.000 secs)
[2018.06.14-17.13.54:247][  0]LogUObjectGlobals: Destroyed PersistentFrame Addr=0x000001e2b1183680, Size=128
[2018.06.14-17.13.54:278][  0]Cmd: MAP CHECKDEP NOCLEARLOG
[2018.06.14-17.13.54:329][  0]MapCheck: Map check complete: 0 Error(s), 0 Warning(s), took 51.008ms to complete.
[2018.06.14-17.13.54:329][  0]LogFileHelpers: Loading map 'AITestMap' took 3.196
[2018.06.14-17.13.55:481][  0]LogCollectionManager: Loaded 0 collections in 0.002165 seconds
[2018.06.14-17.13.55:608][  0]LogFileCache: Scanning file cache for directory 'E:/Projects/FPS/FPS/Saved/Collections/' took 0.01s
[2018.06.14-17.13.55:608][  0]LogFileCache: Scanning file cache for directory 'E:/Projects/FPS/FPS/Content/Developers/TomColdenhoff/Collections/' took 0.01s
[2018.06.14-17.13.55:609][  0]LogFileCache: Scanning file cache for directory 'E:/Projects/FPS/FPS/Content/Collections/' took 0.01s
[2018.06.14-17.13.55:609][  0]LogCollectionManager: Rebuilt the GUID cache for 0 collections in 0.000000 seconds
[2018.06.14-17.13.55:644][  0]LogContentBrowser: Native class hierarchy populated in 0.0341 seconds. Added 2474 classes and 563 folders.
[2018.06.14-17.13.55:704][  0]LogContentBrowser: Native class hierarchy updated for 'WidgetCarousel' in 0.0011 seconds. Added 0 classes and 0 folders.
[2018.06.14-17.13.56:391][  0]LogContentBrowser: Native class hierarchy updated for 'AddContentDialog' in 0.0009 seconds. Added 0 classes and 0 folders.
[2018.06.14-17.13.56:440][  0]LogContentBrowser: Native class hierarchy updated for 'SceneOutliner' in 0.0013 seconds. Added 1 classes and 2 folders.
[2018.06.14-17.14.00:047][  0]LogTemp: Executing iPhonePackager certificates Engine -bundlename com.YourCompany.FPS
[2018.06.14-17.14.00:048][  0]LogTemp: CWD: E:\Game Engines\Epic Games\4.19\UE_4.19\Engine\Binaries\DotNET\IOS
[2018.06.14-17.14.00:048][  0]LogTemp: Initial Dir: E:\Game Engines\Epic Games\4.19\UE_4.19
[2018.06.14-17.14.00:048][  0]LogTemp: Env CWD: E:\Game Engines\Epic Games\4.19\UE_4.19\Engine\Binaries\DotNET\IOS
[2018.06.14-17.14.00:048][  0]LogTemp: BranchPath = DESKTOP-27ERO04/E/Game Engines/Epic Games/4.19/UE_4.19/Engine/Binaries --- GameBranchPath = DESKTOP-27ERO04/E/Game Engines/Epic Games/4.19/UE_4.19/Engine/Binaries
[2018.06.14-17.14.00:048][  0]LogSlate: Only BGRA pngs, bmps or icos are supported in by External Image Picker
[2018.06.14-17.14.00:131][  0]LogTemp: IPP ERROR: Could not find provision directory 'C:\Users\TomColdenhoff\AppData\Local/Apple Computer/MobileDevice/Provisioning Profiles/'.
[2018.06.14-17.14.00:131][  0]LogSlate: Took 0.011201 seconds to synchronously load lazily loaded font '../../../Engine/Content/Slate/Fonts/Roboto-Regular.ttf' (155K)
[2018.06.14-17.14.00:152][  0]LogSlate: Took 0.016003 seconds to synchronously load lazily loaded font '../../../Engine/Content/Slate/Fonts/Roboto-Bold.ttf' (160K)
[2018.06.14-17.14.00:213][  0]LogSlate: Took 0.024645 seconds to synchronously load lazily loaded font '../../../Engine/Content/Editor/Slate/Fonts/FontAwesome.ttf' (139K)
[2018.06.14-17.14.00:247][  0]LogSlate: Took 0.029105 seconds to synchronously load lazily loaded font '../../../Engine/Content/Slate/Fonts/DroidSansMono.ttf' (77K)
[2018.06.14-17.14.00:648][  0]LogRenderer: Reallocating scene render targets to support 1136x532 Format 10 NumSamples 1 (Frame:1).
[2018.06.14-17.14.01:044][  0]LogContentBrowser: Native class hierarchy updated for 'HierarchicalLODOutliner' in 0.0013 seconds. Added 0 classes and 0 folders.
[2018.06.14-17.14.01:045][  0]LogLoad: (Engine Initialization) Total time: 72.96 seconds
[2018.06.14-17.14.01:046][  0]LogLoad: (Engine Initialization) Total Blueprint compile time: 0.00 seconds
[2018.06.14-17.14.01:554][  0]LogContentStreaming: Texture pool size now 1000 MB
[2018.06.14-17.14.02:079][  2]LogAssetRegistry: Asset discovery search completed in 44.7482 seconds
[2018.06.14-17.14.02:087][  2]LogCollectionManager: Rebuilt the object cache for 0 collections in 0.000001 seconds (found 0 objects)
[2018.06.14-17.14.02:087][  2]LogCollectionManager: Fixed up redirectors for 0 collections in 0.000464 seconds (updated 0 objects)
[2018.06.14-17.14.10:390][ 27]LogSlate: FSceneViewport::OnFocusLost() reason 0
[2018.06.14-17.14.11:196][116]LogTemp: Repeating last play command: Selected Viewport
[2018.06.14-17.14.11:218][116]LogPlayLevel: PlayLevel: No blueprints needed recompiling
[2018.06.14-17.14.11:278][116]PIE: New page: PIE session: AITestMap (Jun 14, 2018, 9:14:11 PM)
[2018.06.14-17.14.11:278][116]LogPlayLevel: Creating play world package: /Game/Maps/UEDPIE_0_AITestMap
[2018.06.14-17.14.11:292][116]LogPlayLevel: PIE: StaticDuplicateObject took: (0.013751s)
[2018.06.14-17.14.11:293][116]LogAIModule: Creating AISystem for world AITestMap
[2018.06.14-17.14.11:294][116]LogPlayLevel: PIE: World Init took: (0.001057s)
[2018.06.14-17.14.11:294][116]LogPlayLevel: PIE: Created PIE world by copying editor world from /Game/Maps/AITestMap.AITestMap to /Game/Maps/UEDPIE_0_AITestMap.AITestMap (0.015871s)
[2018.06.14-17.14.11:311][116]LogInit: XAudio2 using 'Speakers (Logitech G35 Headset)' : 2 channels at 44.1 kHz using 16 bits per sample (channel mask 0x3)
[2018.06.14-17.14.11:320][116]LogInit: FAudioDevice initialized.
[2018.06.14-17.14.11:483][116]LogUObjectGlobals: Created PersistentFrame Addr=0x000001e2c3d06e80, Size=104, Default__BP_InGameGUI_C Function /Game/UI/Widgets/BP_InGameGUI.BP_InGameGUI_C:ExecuteUbergraph_BP_InGameGUI
[2018.06.14-17.14.11:541][116]LogUObjectGlobals: Destroyed PersistentFrame Addr=0x000001e2c3d06e80, Size=104
[2018.06.14-17.14.11:541][116]LogUObjectGlobals: Created PersistentFrame Addr=0x000001e2c3d06e80, Size=104, Default__BP_InGameGUI_C Function /Engine/Transient.REINST_BP_InGameGUI_C_0:ExecuteUbergraph_BP_InGameGUI
[2018.06.14-17.14.11:545][116]LogUObjectGlobals: Created PersistentFrame Addr=0x000001e28d5eb9e0, Size=104, Default__BP_InGameGUI_C Function /Game/UI/Widgets/BP_InGameGUI.BP_InGameGUI_C:ExecuteUbergraph_BP_InGameGUI
[2018.06.14-17.14.11:581][116]LogLoad: Game class is 'BP_FPSGameModeBase_C'
[2018.06.14-17.14.11:634][116]LogWorld: Bringing World /Game/Maps/UEDPIE_0_AITestMap.AITestMap up for play (max tick rate 0) at 2018.06.14-19.14.11
[2018.06.14-17.14.11:696][116]LogWorld: Bringing up level for play took: 0.078101
[2018.06.14-17.14.11:766][116]LogContentBrowser: Native class hierarchy updated for 'MovieSceneCapture' in 0.0017 seconds. Added 11 classes and 0 folders.
[2018.06.14-17.14.11:789][116]LogOutputDevice: Error: Ensure condition failed: Component->HasBegunPlay() [File:D:\Build\++UE4+Release-4.19+Compile\Sync\Engine\Source\Runtime\Engine\Private\Actor.cpp] [Line: 3129] 
Failed to route BeginPlay (SMG /Game/Maps/UEDPIE_0_AITestMap.AITestMap:PersistentLevel.BP_FPSPlayer_C_0.CurrentWeaponMesh)

[2018.06.14-17.14.11:791][116]LogStats:             FDebug::EnsureFailed -  0.001 s
[2018.06.14-17.14.15:283][116]PIE: Play in editor start time for /Game/Maps/UEDPIE_0_AITestMap 4.112
[2018.06.14-17.14.17:810][289]LogTemp: Warning: Hit by AI
[2018.06.14-17.14.20:145][569]LogTemp: Warning: Hit by AI
[2018.06.14-17.14.29:985][749]LogTemp: Warning: Hit by AI
[2018.06.14-17.14.35:169][371]LogTemp: Warning: Hit by AI
[2018.06.14-17.14.35:480][408]LogTemp: Warning: Hit by AI
[2018.06.14-17.14.37:021][593]LogTemp: Warning: Hit by AI
[2018.06.14-17.14.37:638][667]LogTemp: Warning: Hit by AI
[2018.06.14-17.14.53:657][589]LogTemp: Warning: Hit by AI
[2018.06.14-17.15.03:030][705]LogTemp: Warning: Hit by AI
[2018.06.14-17.15.04:448][875]LogTemp: Warning: Hit by AI
[2018.06.14-17.15.06:915][171]LogTemp: Warning: Hit by AI
[2018.06.14-17.15.08:902][387]LogUObjectGlobals: Destroyed PersistentFrame Addr=0x000001e2c3d06e80, Size=104
[2018.06.14-17.15.10:138][528]LogSlate: FSceneViewport::OnFocusLost() reason 0
[2018.06.14-17.15.12:812][813]LogSlate: Took 0.012355 seconds to synchronously load lazily loaded font '../../../Engine/Content/Slate/Fonts/Roboto-Light.ttf' (167K)
[2018.06.14-17.15.15:666][127]LogSlate: Took 0.000194 seconds to synchronously load lazily loaded font '../../../Engine/Content/Slate/Fonts/Roboto-Light.ttf' (167K)
[2018.06.14-17.15.16:204][127]LogContentBrowser: Native class hierarchy updated for 'BlueprintGraph' in 0.0028 seconds. Added 116 classes and 0 folders.
[2018.06.14-17.15.16:632][127]LogUObjectGlobals: Created PersistentFrame Addr=0x000001e2c6823288, Size=4, Default__SKEL_PROTO_BP_AnimBlueprint_0_C Function /Engine/Transient.SKEL_PROTO_BP_AnimBlueprint_0_C:ExecuteUbergraph_PROTO_BP_AnimBlueprint_0
[2018.06.14-17.15.16:633][127]LogUObjectGlobals: Created PersistentFrame Addr=0x000001e2c6823280, Size=4, Default__PROTO_BP_AnimBlueprint_0_C Function /Engine/Transient.PROTO_BP_AnimBlueprint_0_C:ExecuteUbergraph_PROTO_BP_AnimBlueprint_0
[2018.06.14-17.15.17:549][127]LogSlate: Took 0.016374 seconds to synchronously load lazily loaded font '../../../Engine/Content/Slate/Fonts/Roboto-BoldCondensed.ttf' (158K)
[2018.06.14-17.15.26:340][119]BlueprintLog: New page: Compile BP_AssaultEnemy
[2018.06.14-17.15.27:270][156]Cmd: OBJ SAVEPACKAGE PACKAGE="/Game/Blueprints/AI/BP_AssaultEnemy" FILE="../../../../../../../Projects/FPS/FPS/Content/Blueprints/AI/BP_AssaultEnemy.uasset" SILENT=true
[2018.06.14-17.15.27:397][156]LogSavePackage: Save=51.45ms
[2018.06.14-17.15.27:397][156]LogSavePackage: Moving '../../../../../../../Projects/FPS/FPS/Saved/BP_AssaultEnemy15F80D2843C85784558171BBC84F3A10.tmp' to '../../../../../../../Projects/FPS/FPS/Content/Blueprints/AI/BP_AssaultEnemy.uasset'
[2018.06.14-17.15.27:419][156]LogSavePackage: Display: Finished SavePackage ../../../../../../../Projects/FPS/FPS/Content/Blueprints/AI/BP_AssaultEnemy.uasset
[2018.06.14-17.15.28:877][310]Cmd: OBJ SAVEPACKAGE PACKAGE="/Game/Maps/AITestMap" FILE="../../../../../../../Projects/FPS/FPS/Content/Maps/AITestMap.umap" SILENT=true AUTOSAVING=false KEEPDIRTY=false
[2018.06.14-17.15.28:942][310]LogSavePackage: Save=36.34ms
[2018.06.14-17.15.28:943][310]LogSavePackage: Moving '../../../../../../../Projects/FPS/FPS/Saved/AITestMap6BA57BF84C3FE9812B2E99A91FCD5C2C.tmp' to '../../../../../../../Projects/FPS/FPS/Content/Maps/AITestMap.umap'
[2018.06.14-17.15.28:946][310]LogSavePackage: Display: Finished SavePackage ../../../../../../../Projects/FPS/FPS/Content/Maps/AITestMap.umap
[2018.06.14-17.15.28:983][310]LogFileHelpers: Saving map 'AITestMap' took 0.166
[2018.06.14-17.15.29:642][387]LogTemp: Repeating last play command: Selected Viewport
[2018.06.14-17.15.29:667][387]LogPlayLevel: PlayLevel: No blueprints needed recompiling
[2018.06.14-17.15.29:668][387]PIE: New page: PIE session: AITestMap (Jun 14, 2018, 9:15:29 PM)
[2018.06.14-17.15.29:668][387]LogPlayLevel: Creating play world package: /Game/Maps/UEDPIE_0_AITestMap
[2018.06.14-17.15.29:671][387]LogPlayLevel: PIE: StaticDuplicateObject took: (0.002937s)
[2018.06.14-17.15.29:672][387]LogAIModule: Creating AISystem for world AITestMap
[2018.06.14-17.15.29:672][387]LogPlayLevel: PIE: World Init took: (0.000899s)
[2018.06.14-17.15.29:673][387]LogPlayLevel: PIE: Created PIE world by copying editor world from /Game/Maps/AITestMap.AITestMap to /Game/Maps/UEDPIE_0_AITestMap.AITestMap (0.004667s)
[2018.06.14-17.15.29:697][387]LogInit: XAudio2 using 'Speakers (Logitech G35 Headset)' : 2 channels at 44.1 kHz using 16 bits per sample (channel mask 0x3)
[2018.06.14-17.15.29:706][387]LogInit: FAudioDevice initialized.
[2018.06.14-17.15.29:746][387]LogLoad: Game class is 'BP_FPSGameModeBase_C'
[2018.06.14-17.15.29:749][387]LogWorld: Bringing World /Game/Maps/UEDPIE_0_AITestMap.AITestMap up for play (max tick rate 0) at 2018.06.14-19.15.29
[2018.06.14-17.15.29:750][387]LogWorld: Bringing up level for play took: 0.002550
[2018.06.14-17.15.29:752][387]PIE: Play in editor start time for /Game/Maps/UEDPIE_0_AITestMap 0.582
[2018.06.14-17.15.32:158][671]LogTemp: Warning: Hit by AI
[2018.06.14-17.16.09:416][128]LogTemp: Warning: Hit by AI
[2018.06.14-17.16.09:724][165]LogTemp: Warning: Hit by AI
[2018.06.14-17.16.10:650][276]LogTemp: Warning: Hit by AI
[2018.06.14-17.16.10:959][313]LogTemp: Warning: Hit by AI
[2018.06.14-17.16.19:126][275]LogSlate: FSceneViewport::OnFocusLost() reason 0
[2018.06.14-17.16.30:576][429]LogTemp: Repeating last play command: Selected Viewport
[2018.06.14-17.16.30:602][429]LogPlayLevel: PlayLevel: No blueprints needed recompiling
[2018.06.14-17.16.30:603][429]PIE: New page: PIE session: AITestMap (Jun 14, 2018, 9:16:30 PM)
[2018.06.14-17.16.30:603][429]LogPlayLevel: Creating play world package: /Game/Maps/UEDPIE_0_AITestMap
[2018.06.14-17.16.30:608][429]LogPlayLevel: PIE: StaticDuplicateObject took: (0.004320s)
[2018.06.14-17.16.30:609][429]LogAIModule: Creating AISystem for world AITestMap
[2018.06.14-17.16.30:609][429]LogPlayLevel: PIE: World Init took: (0.001178s)
[2018.06.14-17.16.30:610][429]LogPlayLevel: PIE: Created PIE world by copying editor world from /Game/Maps/AITestMap.AITestMap to /Game/Maps/UEDPIE_0_AITestMap.AITestMap (0.006602s)
[2018.06.14-17.16.30:638][429]LogInit: XAudio2 using 'Speakers (Logitech G35 Headset)' : 2 channels at 44.1 kHz using 16 bits per sample (channel mask 0x3)
[2018.06.14-17.16.30:649][429]LogInit: FAudioDevice initialized.
[2018.06.14-17.16.30:687][429]LogLoad: Game class is 'BP_FPSGameModeBase_C'
[2018.06.14-17.16.30:690][429]LogWorld: Bringing World /Game/Maps/UEDPIE_0_AITestMap.AITestMap up for play (max tick rate 0) at 2018.06.14-19.16.30
[2018.06.14-17.16.30:692][429]LogWorld: Bringing up level for play took: 0.003155
[2018.06.14-17.16.30:695][429]PIE: Play in editor start time for /Game/Maps/UEDPIE_0_AITestMap -0.476
[2018.06.14-17.16.37:839][986]LogSlate: FSceneViewport::OnFocusLost() reason 0
[2018.06.14-17.16.45:156][692]LogSlate: Window 'AssaultBlackboard' being destroyed
[2018.06.14-17.16.48:956][ 57]LogEditorViewport: Clicking on Actor (LMB): BP_FPSPlayer_C (BP_FPSPlayer)
[2018.06.14-17.16.50:364][121]LogTemp: Warning: Hit by AI
[2018.06.14-17.16.52:320][276]Cmd: CAMERA ALIGN ACTIVEVIEWPORTONLY
[2018.06.14-17.16.52:517][289]Cmd: CAMERA ALIGN ACTIVEVIEWPORTONLY
[2018.06.14-17.16.52:912][314]LogTemp: Warning: Hit by AI
[2018.06.14-17.17.10:088][751]LogSlate: FSceneViewport::OnFocusLost() reason 0
[2018.06.14-17.17.16:412][494]BlueprintLog: New page: Compile BP_AssaultEnemy
[2018.06.14-17.17.17:339][538]Cmd: OBJ SAVEPACKAGE PACKAGE="/Game/Blueprints/AI/BP_AssaultEnemy" FILE="../../../../../../../Projects/FPS/FPS/Content/Blueprints/AI/BP_AssaultEnemy.uasset" SILENT=true
[2018.06.14-17.17.17:371][538]LogSavePackage: Save=25.37ms
[2018.06.14-17.17.17:372][538]LogSavePackage: Moving '../../../../../../../Projects/FPS/FPS/Saved/BP_AssaultEnemyA79F8B4E4089F86E6975EA9BE47528D3.tmp' to '../../../../../../../Projects/FPS/FPS/Content/Blueprints/AI/BP_AssaultEnemy.uasset'
[2018.06.14-17.17.17:375][538]LogSavePackage: Display: Finished SavePackage ../../../../../../../Projects/FPS/FPS/Content/Blueprints/AI/BP_AssaultEnemy.uasset
[2018.06.14-17.17.18:107][624]LogTemp: Repeating last play command: Selected Viewport
[2018.06.14-17.17.18:132][624]LogPlayLevel: PlayLevel: No blueprints needed recompiling
[2018.06.14-17.17.18:132][624]PIE: New page: PIE session: AITestMap (Jun 14, 2018, 9:17:18 PM)
[2018.06.14-17.17.18:133][624]LogPlayLevel: Creating play world package: /Game/Maps/UEDPIE_0_AITestMap
[2018.06.14-17.17.18:136][624]LogPlayLevel: PIE: StaticDuplicateObject took: (0.002831s)
[2018.06.14-17.17.18:137][624]LogAIModule: Creating AISystem for world AITestMap
[2018.06.14-17.17.18:137][624]LogPlayLevel: PIE: World Init took: (0.000888s)
[2018.06.14-17.17.18:137][624]LogPlayLevel: PIE: Created PIE world by copying editor world from /Game/Maps/AITestMap.AITestMap to /Game/Maps/UEDPIE_0_AITestMap.AITestMap (0.004580s)
[2018.06.14-17.17.18:161][624]LogInit: XAudio2 using 'Speakers (Logitech G35 Headset)' : 2 channels at 44.1 kHz using 16 bits per sample (channel mask 0x3)
[2018.06.14-17.17.18:170][624]LogInit: FAudioDevice initialized.
[2018.06.14-17.17.18:251][624]LogLoad: Game class is 'BP_FPSGameModeBase_C'
[2018.06.14-17.17.18:254][624]LogWorld: Bringing World /Game/Maps/UEDPIE_0_AITestMap.AITestMap up for play (max tick rate 0) at 2018.06.14-19.17.18
[2018.06.14-17.17.18:256][624]LogWorld: Bringing up level for play took: 0.003431
[2018.06.14-17.17.18:262][624]PIE: Play in editor start time for /Game/Maps/UEDPIE_0_AITestMap 1.091
[2018.06.14-17.17.18:325][624]LogRenderer: Reallocating scene render targets to support 1292x756 Format 10 NumSamples 1 (Frame:1).
[2018.06.14-17.17.31:331][130]LogSlate: Window 'FPS Game Preview Standalone (64-bit/PCD3D_SM5)' being destroyed
[2018.06.14-17.17.33:246][330]Cmd: OBJ SAVEPACKAGE PACKAGE="/Game/Maps/AITestMap" FILE="../../../../../../../Projects/FPS/FPS/Content/Maps/AITestMap.umap" SILENT=true AUTOSAVING=false KEEPDIRTY=false
[2018.06.14-17.17.33:309][330]LogSavePackage: Save=39.96ms
[2018.06.14-17.17.33:310][330]LogSavePackage: Moving '../../../../../../../Projects/FPS/FPS/Saved/AITestMap525B71EB49C9843118D1F9A4258FA8FF.tmp' to '../../../../../../../Projects/FPS/FPS/Content/Maps/AITestMap.umap'
[2018.06.14-17.17.33:312][330]LogSavePackage: Display: Finished SavePackage ../../../../../../../Projects/FPS/FPS/Content/Maps/AITestMap.umap
[2018.06.14-17.17.33:347][330]LogFileHelpers: Saving map 'AITestMap' took 0.152
[2018.06.14-17.17.35:057][533]LogTemp: Repeating last play command: Selected Viewport
[2018.06.14-17.17.35:078][533]LogPlayLevel: PlayLevel: No blueprints needed recompiling
[2018.06.14-17.17.35:079][533]PIE: New page: PIE session: AITestMap (Jun 14, 2018, 9:17:35 PM)
[2018.06.14-17.17.35:079][533]LogPlayLevel: Creating play world package: /Game/Maps/UEDPIE_0_AITestMap
[2018.06.14-17.17.35:082][533]LogPlayLevel: PIE: StaticDuplicateObject took: (0.002576s)
[2018.06.14-17.17.35:082][533]LogAIModule: Creating AISystem for world AITestMap
[2018.06.14-17.17.35:083][533]LogPlayLevel: PIE: World Init took: (0.000868s)
[2018.06.14-17.17.35:083][533]LogPlayLevel: PIE: Created PIE world by copying editor world from /Game/Maps/AITestMap.AITestMap to /Game/Maps/UEDPIE_0_AITestMap.AITestMap (0.004215s)
[2018.06.14-17.17.35:105][533]LogInit: XAudio2 using 'Speakers (Logitech G35 Headset)' : 2 channels at 44.1 kHz using 16 bits per sample (channel mask 0x3)
[2018.06.14-17.17.35:114][533]LogInit: FAudioDevice initialized.
[2018.06.14-17.17.35:149][533]LogLoad: Game class is 'BP_FPSGameModeBase_C'
[2018.06.14-17.17.35:152][533]LogWorld: Bringing World /Game/Maps/UEDPIE_0_AITestMap.AITestMap up for play (max tick rate 0) at 2018.06.14-19.17.35
[2018.06.14-17.17.35:153][533]LogWorld: Bringing up level for play took: 0.002603
[2018.06.14-17.17.35:156][533]PIE: Play in editor start time for /Game/Maps/UEDPIE_0_AITestMap -0.014
[2018.06.14-17.17.51:637][464]LogEditorViewport: Clicking on Actor (LMB): StaticMeshActor (Plane)
[2018.06.14-17.17.52:114][490]LogEditorViewport: Clicking on Actor (LMB): BP_FPSPlayer_C (BP_FPSPlayer)
[2018.06.14-17.17.54:147][616]LogSlate: FSceneViewport::OnFocusLost() reason 0
[2018.06.14-17.19.30:789][705]LogSlate: FSceneViewport::OnFocusLost() reason 0
[2018.06.14-17.19.32:045][830]Candidate modules for hot reload:
[2018.06.14-17.19.32:045][830]  FPS
[2018.06.14-17.19.32:046][830]Launching UnrealBuildTool... [E:/Game Engines/Epic Games/4.19/UE_4.19/Engine/Binaries/DotNET/UnrealBuildTool.exe FPS -ModuleWithSuffix=FPS,8262 Win64 Development -editorrecompile -canskiplink "E:/Projects/FPS/FPS/FPS.uproject" ]
[2018.06.14-17.19.32:047][830]Warning: Starting HotReload took  0.1s.
[2018.06.14-17.19.43:649][ 79]CompilerResultsLog: New page: Compilation - Jun 14, 2018, 9:19:43 PM
[2018.06.14-17.19.43:660][ 79]CompilerResultsLog: Using 'git status' to determine working set for adaptive non-unity build.
[2018.06.14-17.19.43:660][ 79]CompilerResultsLog: Creating makefile for hot reloading FPS (ini files are newer than UBTMakefile)
[2018.06.14-17.19.43:661][ 79]CompilerResultsLog: Compiling game modules for hot reload
[2018.06.14-17.19.43:661][ 79]CompilerResultsLog: Performing 3 actions (4 in parallel)
[2018.06.14-17.19.43:662][ 79]CompilerResultsLog: AssaultEnemy.cpp
[2018.06.14-17.19.43:662][ 79]CompilerResultsLog: [2/3] Link UE4Editor-FPS-8262.dll
[2018.06.14-17.19.43:662][ 79]CompilerResultsLog: [3/3] Link UE4Editor-FPS-8262.lib
[2018.06.14-17.19.43:663][ 79]CompilerResultsLog:    Creating library E:\Projects\FPS\FPS\Intermediate\Build\Win64\UE4Editor\Development\UE4Editor-FPS-8262.lib and object E:\Projects\FPS\FPS\Intermediate\Build\Win64\UE4Editor\Development\UE4Editor-FPS-8262.exp
[2018.06.14-17.19.43:663][ 79]CompilerResultsLog:    Creating library E:\Projects\FPS\FPS\Intermediate\Build\Win64\UE4Editor\Development\UE4Editor-FPS-8262.suppressed.lib and object E:\Projects\FPS\FPS\Intermediate\Build\Win64\UE4Editor\Development\UE4Editor-FPS-8262.suppressed.exp
[2018.06.14-17.19.43:664][ 79]CompilerResultsLog: Total build time: 11.11 seconds (Local executor: 6.37 seconds)
[2018.06.14-17.19.43:674][ 79]LogMainFrame: MainFrame: Module compiling took 11.652 seconds
[2018.06.14-17.19.43:839][ 79]LogHotReload: Re-instancing CoverPoint after hot-reload.
[2018.06.14-17.19.45:069][ 79]LogContentBrowser: Native class hierarchy updated for 'FPS' in 0.0009 seconds. Added 22 classes and 5 folders.
[2018.06.14-17.19.45:073][ 79]Display: HotReload successful (7 functions remapped  0 scriptstructs remapped)
[2018.06.14-17.19.45:463][ 79]LogContentBrowser: Native class hierarchy populated in 0.0100 seconds. Added 2475 classes and 565 folders.
[2018.06.14-17.19.45:468][ 79]Display: HotReload took 13.5s.
[2018.06.14-17.20.03:742][243]LogTemp: Repeating last play command: Selected Viewport
[2018.06.14-17.20.03:763][243]LogPlayLevel: PlayLevel: No blueprints needed recompiling
[2018.06.14-17.20.03:763][243]PIE: New page: PIE session: AITestMap (Jun 14, 2018, 9:20:03 PM)
[2018.06.14-17.20.03:764][243]LogPlayLevel: Creating play world package: /Game/Maps/UEDPIE_0_AITestMap
[2018.06.14-17.20.03:768][243]LogPlayLevel: PIE: StaticDuplicateObject took: (0.003435s)
[2018.06.14-17.20.03:768][243]LogAIModule: Creating AISystem for world AITestMap
[2018.06.14-17.20.03:769][243]LogPlayLevel: PIE: World Init took: (0.001101s)
[2018.06.14-17.20.03:769][243]LogPlayLevel: PIE: Created PIE world by copying editor world from /Game/Maps/AITestMap.AITestMap to /Game/Maps/UEDPIE_0_AITestMap.AITestMap (0.005355s)
[2018.06.14-17.20.03:820][243]LogInit: XAudio2 using 'Speakers (Logitech G35 Headset)' : 2 channels at 44.1 kHz using 16 bits per sample (channel mask 0x3)
[2018.06.14-17.20.03:829][243]LogInit: FAudioDevice initialized.
[2018.06.14-17.20.03:870][243]LogLoad: Game class is 'BP_FPSGameModeBase_C'
[2018.06.14-17.20.03:872][243]LogWorld: Bringing World /Game/Maps/UEDPIE_0_AITestMap.AITestMap up for play (max tick rate 0) at 2018.06.14-19.20.03
[2018.06.14-17.20.03:873][243]LogWorld: Bringing up level for play took: 0.002751
[2018.06.14-17.20.03:876][243]PIE: Play in editor start time for /Game/Maps/UEDPIE_0_AITestMap 0.705
[2018.06.14-17.20.04:772][347]LogTemp: Warning: Target pos: X=-457.000 Y=-395.000 Z=90.150
[2018.06.14-17.20.05:083][384]LogTemp: Warning: Target pos: X=-457.000 Y=-395.000 Z=90.150
[2018.06.14-17.20.05:391][421]LogTemp: Warning: Target pos: X=-457.000 Y=-395.000 Z=90.150
[2018.06.14-17.20.05:700][458]LogTemp: Warning: Target pos: X=-457.000 Y=-395.000 Z=90.150
[2018.06.14-17.20.06:008][495]LogTemp: Warning: Target pos: X=-457.000 Y=-395.000 Z=90.150
[2018.06.14-17.20.06:592][565]LogTemp: Warning: Target pos: X=-457.000 Y=-395.000 Z=90.150
[2018.06.14-17.20.06:901][602]LogTemp: Warning: Target pos: X=-457.000 Y=-395.000 Z=90.150
[2018.06.14-17.20.07:217][639]LogTemp: Warning: Target pos: X=-457.000 Y=-395.000 Z=90.150
[2018.06.14-17.20.07:531][668]LogTemp: Warning: Target pos: X=-457.000 Y=-395.000 Z=90.150
[2018.06.14-17.20.07:850][703]LogTemp: Warning: Target pos: X=-457.000 Y=-395.000 Z=90.150
[2018.06.14-17.20.08:165][737]LogTemp: Warning: Target pos: X=-457.000 Y=-395.000 Z=90.150
[2018.06.14-17.20.08:223][744]LogSlate: FSceneViewport::OnFocusLost() reason 0
[2018.06.14-17.20.14:665][396]LogSlate: Took 0.029790 seconds to synchronously load lazily loaded font '../../../Engine/Content/Slate/Fonts/Roboto-Italic.ttf' (157K)
[2018.06.14-17.20.15:470][486]LogSlate: FSceneViewport::OnFocusLost() reason 0
[2018.06.14-17.21.38:487][701]LogSlate: FSceneViewport::OnFocusLost() reason 0
[2018.06.14-17.21.39:888][855]Candidate modules for hot reload:
[2018.06.14-17.21.39:889][855]  FPS
[2018.06.14-17.21.39:889][855]Launching UnrealBuildTool... [E:/Game Engines/Epic Games/4.19/UE_4.19/Engine/Binaries/DotNET/UnrealBuildTool.exe FPS -ModuleWithSuffix=FPS,5024 Win64 Development -editorrecompile -canskiplink "E:/Projects/FPS/FPS/FPS.uproject" ]
[2018.06.14-17.21.39:890][855]Warning: Starting HotReload took  0.0s.
[2018.06.14-17.21.46:759][670]CompilerResultsLog: New page: Compilation - Jun 14, 2018, 9:21:46 PM
[2018.06.14-17.21.46:760][670]CompilerResultsLog: Using 'git status' to determine working set for adaptive non-unity build.
[2018.06.14-17.21.46:760][670]CompilerResultsLog: Compiling game modules for hot reload
[2018.06.14-17.21.46:761][670]CompilerResultsLog: Performing 3 actions (4 in parallel)
[2018.06.14-17.21.46:761][670]CompilerResultsLog: AssaultEnemy.cpp
[2018.06.14-17.21.46:761][670]CompilerResultsLog: [2/3] Link UE4Editor-FPS-5024.dll
[2018.06.14-17.21.46:761][670]CompilerResultsLog: [3/3] Link UE4Editor-FPS-5024.lib
[2018.06.14-17.21.46:761][670]CompilerResultsLog:    Creating library E:\Projects\FPS\FPS\Intermediate\Build\Win64\UE4Editor\Development\UE4Editor-FPS-5024.lib and object E:\Projects\FPS\FPS\Intermediate\Build\Win64\UE4Editor\Development\UE4Editor-FPS-5024.exp
[2018.06.14-17.21.46:762][670]CompilerResultsLog:    Creating library E:\Projects\FPS\FPS\Intermediate\Build\Win64\UE4Editor\Development\UE4Editor-FPS-5024.suppressed.lib and object E:\Projects\FPS\FPS\Intermediate\Build\Win64\UE4Editor\Development\UE4Editor-FPS-5024.suppressed.exp
[2018.06.14-17.21.46:762][670]CompilerResultsLog: Total build time: 6.67 seconds (Local executor: 6.07 seconds)
[2018.06.14-17.21.46:763][670]LogMainFrame: MainFrame: Module compiling took 6.881 seconds
[2018.06.14-17.21.46:872][670]LogHotReload: Re-instancing CoverPoint after hot-reload.
[2018.06.14-17.21.48:388][670]LogContentBrowser: Native class hierarchy updated for 'FPS' in 0.0010 seconds. Added 22 classes and 5 folders.
[2018.06.14-17.21.48:394][670]Display: HotReload successful (7 functions remapped  0 scriptstructs remapped)
[2018.06.14-17.21.48:730][670]LogContentBrowser: Native class hierarchy populated in 0.0102 seconds. Added 2475 classes and 565 folders.
[2018.06.14-17.21.48:730][670]Display: HotReload took  8.9s.
[2018.06.14-17.22.12:718][546]LogTemp: Repeating last play command: Selected Viewport
[2018.06.14-17.22.12:738][546]LogPlayLevel: PlayLevel: No blueprints needed recompiling
[2018.06.14-17.22.12:738][546]PIE: New page: PIE session: AITestMap (Jun 14, 2018, 9:22:12 PM)
[2018.06.14-17.22.12:739][546]LogPlayLevel: Creating play world package: /Game/Maps/UEDPIE_0_AITestMap
[2018.06.14-17.22.12:743][546]LogPlayLevel: PIE: StaticDuplicateObject took: (0.003502s)
[2018.06.14-17.22.12:744][546]LogAIModule: Creating AISystem for world AITestMap
[2018.06.14-17.22.12:744][546]LogPlayLevel: PIE: World Init took: (0.001256s)
[2018.06.14-17.22.12:745][546]LogPlayLevel: PIE: Created PIE world by copying editor world from /Game/Maps/AITestMap.AITestMap to /Game/Maps/UEDPIE_0_AITestMap.AITestMap (0.005855s)
[2018.06.14-17.22.12:818][546]LogInit: XAudio2 using 'Speakers (Logitech G35 Headset)' : 2 channels at 44.1 kHz using 16 bits per sample (channel mask 0x3)
[2018.06.14-17.22.12:827][546]LogInit: FAudioDevice initialized.
[2018.06.14-17.22.12:863][546]LogLoad: Game class is 'BP_FPSGameModeBase_C'
[2018.06.14-17.22.12:866][546]LogWorld: Bringing World /Game/Maps/UEDPIE_0_AITestMap.AITestMap up for play (max tick rate 0) at 2018.06.14-19.22.12
[2018.06.14-17.22.12:867][546]LogWorld: Bringing up level for play took: 0.002461
[2018.06.14-17.22.12:869][546]PIE: Play in editor start time for /Game/Maps/UEDPIE_0_AITestMap -0.301
[2018.06.14-17.22.14:805][775]LogTemp: Warning: Hit by AI
[2018.06.14-17.22.15:213][824]LogTemp: Warning: Hit by AI
[2018.06.14-17.24.18:619][ 45]LogSlate: FSceneViewport::OnFocusLost() reason 0
[2018.06.14-17.24.18:705][ 54]Candidate modules for hot reload:
[2018.06.14-17.24.18:706][ 54]  FPS
[2018.06.14-17.24.18:706][ 54]Launching UnrealBuildTool... [E:/Game Engines/Epic Games/4.19/UE_4.19/Engine/Binaries/DotNET/UnrealBuildTool.exe FPS -ModuleWithSuffix=FPS,2743 Win64 Development -editorrecompile -canskiplink "E:/Projects/FPS/FPS/FPS.uproject" ]
[2018.06.14-17.24.18:708][ 54]Warning: Starting HotReload took  0.0s.
[2018.06.14-17.24.25:281][840]CompilerResultsLog: New page: Compilation - Jun 14, 2018, 9:24:25 PM
[2018.06.14-17.24.25:281][840]CompilerResultsLog: Using 'git status' to determine working set for adaptive non-unity build.
[2018.06.14-17.24.25:281][840]CompilerResultsLog: Compiling game modules for hot reload
[2018.06.14-17.24.25:282][840]CompilerResultsLog: Performing 3 actions (4 in parallel)
[2018.06.14-17.24.25:282][840]CompilerResultsLog: AssaultEnemy.cpp
[2018.06.14-17.24.25:282][840]CompilerResultsLog: [2/3] Link UE4Editor-FPS-2743.dll
[2018.06.14-17.24.25:282][840]CompilerResultsLog: [3/3] Link UE4Editor-FPS-2743.lib
[2018.06.14-17.24.25:283][840]CompilerResultsLog:    Creating library E:\Projects\FPS\FPS\Intermediate\Build\Win64\UE4Editor\Development\UE4Editor-FPS-2743.lib and object E:\Projects\FPS\FPS\Intermediate\Build\Win64\UE4Editor\Development\UE4Editor-FPS-2743.exp
[2018.06.14-17.24.25:283][840]CompilerResultsLog:    Creating library E:\Projects\FPS\FPS\Intermediate\Build\Win64\UE4Editor\Development\UE4Editor-FPS-2743.suppressed.lib and object E:\Projects\FPS\FPS\Intermediate\Build\Win64\UE4Editor\Development\UE4Editor-FPS-2743.suppressed.exp
[2018.06.14-17.24.25:284][840]CompilerResultsLog: Total build time: 6.37 seconds (Local executor: 5.76 seconds)
[2018.06.14-17.24.25:284][840]LogMainFrame: MainFrame: Module compiling took 6.584 seconds
[2018.06.14-17.24.25:376][840]LogHotReload: Re-instancing CoverPoint after hot-reload.
[2018.06.14-17.24.26:862][840]LogContentBrowser: Native class hierarchy updated for 'FPS' in 0.0009 seconds. Added 22 classes and 5 folders.
[2018.06.14-17.24.26:866][840]Display: HotReload successful (7 functions remapped  0 scriptstructs remapped)
[2018.06.14-17.24.27:182][840]LogContentBrowser: Native class hierarchy populated in 0.0111 seconds. Added 2475 classes and 565 folders.
[2018.06.14-17.24.27:182][840]Display: HotReload took  8.5s.
[2018.06.14-17.24.43:736][824]LogTemp: Repeating last play command: Selected Viewport
[2018.06.14-17.24.43:756][824]LogPlayLevel: PlayLevel: No blueprints needed recompiling
[2018.06.14-17.24.43:757][824]PIE: New page: PIE session: AITestMap (Jun 14, 2018, 9:24:43 PM)
[2018.06.14-17.24.43:758][824]LogPlayLevel: Creating play world package: /Game/Maps/UEDPIE_0_AITestMap
[2018.06.14-17.24.43:763][824]LogPlayLevel: PIE: StaticDuplicateObject took: (0.004743s)
[2018.06.14-17.24.43:764][824]LogAIModule: Creating AISystem for world AITestMap
[2018.06.14-17.24.43:764][824]LogPlayLevel: PIE: World Init took: (0.001138s)
[2018.06.14-17.24.43:764][824]LogPlayLevel: PIE: Created PIE world by copying editor world from /Game/Maps/AITestMap.AITestMap to /Game/Maps/UEDPIE_0_AITestMap.AITestMap (0.006889s)
[2018.06.14-17.24.43:838][824]LogInit: XAudio2 using 'Speakers (Logitech G35 Headset)' : 2 channels at 44.1 kHz using 16 bits per sample (channel mask 0x3)
[2018.06.14-17.24.43:847][824]LogInit: FAudioDevice initialized.
[2018.06.14-17.24.43:885][824]LogLoad: Game class is 'BP_FPSGameModeBase_C'
[2018.06.14-17.24.43:887][824]LogWorld: Bringing World /Game/Maps/UEDPIE_0_AITestMap.AITestMap up for play (max tick rate 0) at 2018.06.14-19.24.43
[2018.06.14-17.24.43:888][824]LogWorld: Bringing up level for play took: 0.002465
[2018.06.14-17.24.43:891][824]PIE: Play in editor start time for /Game/Maps/UEDPIE_0_AITestMap 0.72
[2018.06.14-17.24.45:392][  1]LogTemp: Warning: Hit by AI
[2018.06.14-17.24.46:559][141]LogTemp: Warning: Hit by AI
[2018.06.14-17.24.47:168][214]LogTemp: Warning: Hit by AI
[2018.06.14-17.24.47:760][285]LogTemp: Warning: Hit by AI
[2018.06.14-17.24.48:093][325]LogTemp: Warning: Hit by AI
[2018.06.14-17.24.48:776][407]LogTemp: Warning: Hit by AI
[2018.06.14-17.24.49:185][456]LogTemp: Warning: Hit by AI
[2018.06.14-17.24.49:560][501]LogTemp: Warning: Hit by AI
[2018.06.14-17.24.49:960][549]LogTemp: Warning: Hit by AI
[2018.06.14-17.24.50:460][609]LogTemp: Warning: Target pos: X=49.189 Y=-718.930 Z=109.010
[2018.06.14-17.24.50:768][646]LogTemp: Warning: Target pos: X=109.017 Y=-688.050 Z=106.677
[2018.06.14-17.24.51:077][683]LogTemp: Warning: Target pos: X=174.656 Y=-645.945 Z=102.306
[2018.06.14-17.24.51:386][720]LogTemp: Warning: Target pos: X=236.553 Y=-617.380 Z=104.333
[2018.06.14-17.24.51:694][757]LogTemp: Warning: Target pos: X=301.159 Y=-574.812 Z=106.140
[2018.06.14-17.24.52:002][794]LogTemp: Warning: Target pos: X=365.608 Y=-542.717 Z=110.611
[2018.06.14-17.24.52:311][831]LogTemp: Warning: Target pos: X=415.951 Y=-504.185 Z=112.515
[2018.06.14-17.24.52:619][868]LogTemp: Warning: Target pos: X=386.678 Y=-472.202 Z=146.970
[2018.06.14-17.24.53:244][943]LogTemp: Warning: Target pos: X=386.395 Y=-473.247 Z=149.056
[2018.06.14-17.24.53:552][980]LogTemp: Warning: Target pos: X=386.845 Y=-473.542 Z=151.248
[2018.06.14-17.24.53:861][ 17]LogTemp: Warning: Target pos: X=387.295 Y=-471.406 Z=150.370
[2018.06.14-17.24.54:169][ 54]LogTemp: Warning: Target pos: X=387.418 Y=-467.144 Z=146.933
[2018.06.14-17.24.54:477][ 91]LogTemp: Warning: Target pos: X=387.143 Y=-466.722 Z=145.496
[2018.06.14-17.24.54:786][128]LogTemp: Warning: Target pos: X=387.276 Y=-467.659 Z=145.892
[2018.06.14-17.24.55:094][165]LogTemp: Warning: Target pos: X=387.326 Y=-467.595 Z=147.018
[2018.06.14-17.24.55:402][202]LogTemp: Warning: Target pos: X=386.953 Y=-468.454 Z=146.448
[2018.06.14-17.24.58:202][538]LogTemp: Warning: Target pos: X=422.478 Y=-466.170 Z=70.140
[2018.06.14-17.24.58:695][597]LogTemp: Warning: Target pos: X=422.478 Y=-466.170 Z=70.140
[2018.06.14-17.24.59:003][634]LogTemp: Warning: Target pos: X=422.478 Y=-466.170 Z=70.140
[2018.06.14-17.25.02:754][ 84]LogTemp: Warning: Target pos: X=422.478 Y=-466.170 Z=70.140
[2018.06.14-17.25.03:247][143]LogTemp: Warning: Target pos: X=422.478 Y=-466.170 Z=70.140
[2018.06.14-17.25.03:554][180]LogTemp: Warning: Target pos: X=422.478 Y=-466.170 Z=70.140
[2018.06.14-17.25.03:863][217]LogTemp: Warning: Target pos: X=422.478 Y=-466.170 Z=70.140
[2018.06.14-17.25.04:171][254]LogTemp: Warning: Target pos: X=422.478 Y=-466.170 Z=70.140
[2018.06.14-17.25.04:480][291]LogTemp: Warning: Target pos: X=422.478 Y=-466.170 Z=70.140
[2018.06.14-17.25.08:037][718]LogTemp: Warning: Target pos: X=422.478 Y=-466.170 Z=70.140
[2018.06.14-17.25.08:529][777]LogTemp: Warning: Target pos: X=422.478 Y=-466.170 Z=70.140
[2018.06.14-17.25.08:838][814]LogTemp: Warning: Target pos: X=422.478 Y=-466.170 Z=70.140
[2018.06.14-17.25.09:638][910]LogTemp: Warning: Hit by AI
[2018.06.14-17.25.10:472][ 10]LogTemp: Warning: Hit by AI
[2018.06.14-17.25.10:955][ 68]LogTemp: Warning: Hit by AI
[2018.06.14-17.25.11:522][136]LogTemp: Warning: Hit by AI
[2018.06.14-17.25.12:339][234]LogTemp: Warning: Hit by AI
[2018.06.14-17.25.12:472][250]LogTemp: Warning: Hit by AI
[2018.06.14-17.25.12:639][270]LogTemp: Warning: Hit by AI
[2018.06.14-17.25.12:790][288]LogTemp: Warning: Hit by AI
[2018.06.14-17.25.12:981][311]LogTemp: Warning: Hit by AI
[2018.06.14-17.25.16:172][694]LogTemp: Warning: Target pos: X=386.159 Y=-472.140 Z=147.562
[2018.06.14-17.25.16:664][753]LogTemp: Warning: Target pos: X=386.446 Y=-473.500 Z=149.465
[2018.06.14-17.25.16:973][790]LogTemp: Warning: Target pos: X=386.937 Y=-473.379 Z=151.424
[2018.06.14-17.25.17:282][827]LogTemp: Warning: Target pos: X=387.278 Y=-469.657 Z=150.033
[2018.06.14-17.25.17:590][864]LogTemp: Warning: Target pos: X=387.313 Y=-457.574 Z=146.442
[2018.06.14-17.25.24:981][269]LogSlate: FSceneViewport::OnFocusLost() reason 0
[2018.06.14-17.25.25:064][279]LogTemp: Repeating last play command: Selected Viewport
[2018.06.14-17.25.25:085][279]LogPlayLevel: PlayLevel: No blueprints needed recompiling
[2018.06.14-17.25.25:085][279]PIE: New page: PIE session: AITestMap (Jun 14, 2018, 9:25:25 PM)
[2018.06.14-17.25.25:086][279]LogPlayLevel: Creating play world package: /Game/Maps/UEDPIE_0_AITestMap
[2018.06.14-17.25.25:089][279]LogPlayLevel: PIE: StaticDuplicateObject took: (0.003542s)
[2018.06.14-17.25.25:090][279]LogAIModule: Creating AISystem for world AITestMap
[2018.06.14-17.25.25:091][279]LogPlayLevel: PIE: World Init took: (0.001336s)
[2018.06.14-17.25.25:091][279]LogPlayLevel: PIE: Created PIE world by copying editor world from /Game/Maps/AITestMap.AITestMap to /Game/Maps/UEDPIE_0_AITestMap.AITestMap (0.005824s)
[2018.06.14-17.25.25:121][279]LogInit: XAudio2 using 'Speakers (Logitech G35 Headset)' : 2 channels at 44.1 kHz using 16 bits per sample (channel mask 0x3)
[2018.06.14-17.25.25:131][279]LogInit: FAudioDevice initialized.
[2018.06.14-17.25.25:173][279]LogLoad: Game class is 'BP_FPSGameModeBase_C'
[2018.06.14-17.25.25:176][279]LogWorld: Bringing World /Game/Maps/UEDPIE_0_AITestMap.AITestMap up for play (max tick rate 0) at 2018.06.14-19.25.25
[2018.06.14-17.25.25:177][279]LogWorld: Bringing up level for play took: 0.002937
[2018.06.14-17.25.25:180][279]PIE: Play in editor start time for /Game/Maps/UEDPIE_0_AITestMap 0.009
[2018.06.14-17.25.26:072][383]LogTemp: Warning: Target pos: X=-133.660 Y=-263.969 Z=100.509
[2018.06.14-17.25.47:290][836]LogSlate: FSceneViewport::OnFocusLost() reason 0
[2018.06.14-17.25.49:220][ 50]LogSlate: FSceneViewport::OnFocusLost() reason 0
[2018.06.14-17.26.08:857][301]LogSlate: FSceneViewport::OnFocusLost() reason 0
[2018.06.14-17.26.11:455][609]LogTemp: Warning: Target pos: X=-71.474 Y=-221.168 Z=101.864
[2018.06.14-17.26.44:367][414]LogSlate: FSceneViewport::OnFocusLost() reason 0
[2018.06.14-17.26.45:112][493]Cmd: ACTOR SELECT ALL
[2018.06.14-17.26.45:379][493]Cmd: OBJ SAVEPACKAGE PACKAGE="/Game/Maps/AITestMap" FILE="../../../../../../../Projects/FPS/FPS/Content/Maps/AITestMap.umap" SILENT=true AUTOSAVING=false KEEPDIRTY=false
[2018.06.14-17.26.45:464][493]LogSavePackage: Save=44.28ms
[2018.06.14-17.26.45:464][493]LogSavePackage: Moving '../../../../../../../Projects/FPS/FPS/Saved/AITestMap269AA4034C514C9FC13B1A82C9012D14.tmp' to '../../../../../../../Projects/FPS/FPS/Content/Maps/AITestMap.umap'
[2018.06.14-17.26.45:465][493]LogSavePackage: Display: Finished SavePackage ../../../../../../../Projects/FPS/FPS/Content/Maps/AITestMap.umap
[2018.06.14-17.26.46:648][593]LogSlate: Window 'FPS - Unreal Editor' being destroyed
[2018.06.14-17.26.46:649][593]LogWindowsTextInputMethodSystem: Display: IME system now deactivated.
[2018.06.14-17.26.47:031][594]Cmd: QUIT_EDITOR
[2018.06.14-17.26.48:254][594]LogSlate: Slate User Destroyed.  User Index 0, Is Virtual User: 0
[2018.06.14-17.26.48:262][594]LogExit: Preparing to exit.
[2018.06.14-17.26.49:538][594]LogDirectoryWatcher: A directory notification for 'E:/Projects/FPS/FPS/Content/' was aborted.
[2018.06.14-17.26.49:668][594]LogUObjectGlobals: Destroyed PersistentFrame Addr=0x000001e2a2a5ede0, Size=80
[2018.06.14-17.26.49:685][594]LogExit: Editor shut down
[2018.06.14-17.26.49:693][594]LogExit: Transaction tracking system shut down
[2018.06.14-17.26.49:694][594]LogUObjectGlobals: Destroyed PersistentFrame Addr=0x000001e2b10b1600, Size=128
[2018.06.14-17.26.49:695][594]LogUObjectGlobals: Destroyed PersistentFrame Addr=0x000001e28d5eb9e0, Size=104
[2018.06.14-17.26.49:701][594]LogUObjectGlobals: Destroyed PersistentFrame Addr=0x000001e2c6823288, Size=4
[2018.06.14-17.26.49:701][594]LogUObjectGlobals: Destroyed PersistentFrame Addr=0x000001e2c6823280, Size=4
[2018.06.14-17.26.49:876][594]LogDirectoryWatcher: A directory notification for '../../../Engine/Content/' was aborted.
[2018.06.14-17.26.49:876][594]LogDirectoryWatcher: A directory notification for '../../../../../../../Projects/FPS/FPS/Content/' was aborted.
[2018.06.14-17.26.49:876][594]LogDirectoryWatcher: A directory notification for '../../Plugins/2D/Paper2D/Content/' was aborted.
[2018.06.14-17.26.49:876][594]LogDirectoryWatcher: A directory notification for '../../Plugins/Enterprise/DatasmithContent/Content/' was aborted.
[2018.06.14-17.26.49:877][594]LogDirectoryWatcher: A directory notification for '../../Plugins/Media/MediaCompositing/Content/' was aborted.
[2018.06.14-17.26.49:877][594]LogDirectoryWatcher: A directory notification for '../../Plugins/Runtime/AppleARKit/Content/' was aborted.
[2018.06.14-17.26.49:877][594]LogDirectoryWatcher: A directory notification for '../../Plugins/Runtime/Oculus/OculusVR/Content/' was aborted.
[2018.06.14-17.26.49:877][594]LogDirectoryWatcher: A directory notification for '../../Plugins/Runtime/Steam/SteamVR/Content/' was aborted.
[2018.06.14-17.26.50:917][594]LogExit: Object subsystem successfully closed.
