Log file open, 06/18/18 20:29:41
LogWindows: Failed to load 'aqProf.dll' (GetLastError=126)
LogWindows: File 'aqProf.dll' does not exist
LogWindows: Failed to load 'VtuneApi.dll' (GetLastError=126)
LogWindows: File 'VtuneApi.dll' does not exist
LogWindows: Failed to load 'VtuneApi32e.dll' (GetLastError=126)
LogWindows: File 'VtuneApi32e.dll' does not exist
LogInit: Display: Running engine for game: FPS
LogPlatformFile: Not using cached read wrapper
LogInit: Display: RandInit(-962772970) SRandInit(-962772970).
LogInit: Read version file with build ID '3944462'
LogInit: Overriding engine version to CL 4033788, compatible CL 3944462
LogInit: Registered custom module enumerator with build ID '3944462'
LogTaskGraph: Started task graph with 5 named threads and 23 total threads with 3 sets of task threads.
LogStats: Stats thread started at 0.371172
LogD3D11RHI: Aftermath initialized
LogICUInternationalization: Display: ICU TimeZone Detection - Raw Offset: +1:00, Platform Override: ''
LogPluginManager: Mounting plugin Paper2D
LogPluginManager: Mounting plugin LiveLink
LogPluginManager: Mounting plugin LightPropagationVolume
LogPluginManager: Mounting plugin CLionSourceCodeAccess
LogPluginManager: Mounting plugin CodeLiteSourceCodeAccess
LogPluginManager: Mounting plugin GitSourceControl
LogPluginManager: Mounting plugin KDevelopSourceCodeAccess
LogPluginManager: Mounting plugin NullSourceCodeAccess
LogPluginManager: Mounting plugin PerforceSourceControl
LogPluginManager: Mounting plugin SubversionSourceControl
LogPluginManager: Mounting plugin UObjectPlugin
LogPluginManager: Mounting plugin VisualStudioCodeSourceCodeAccess
LogPluginManager: Mounting plugin VisualStudioSourceCodeAccess
LogPluginManager: Mounting plugin XCodeSourceCodeAccess
LogPluginManager: Mounting plugin AssetManagerEditor
LogPluginManager: Mounting plugin CryptoKeys
LogPluginManager: Mounting plugin DataValidation
LogPluginManager: Mounting plugin FacialAnimation
LogPluginManager: Mounting plugin GameplayTagsEditor
LogPluginManager: Mounting plugin MobileLauncherProfileWizard
LogPluginManager: Mounting plugin PluginBrowser
LogPluginManager: Mounting plugin SpeedTreeImporter
LogPluginManager: Mounting plugin DatasmithContent
LogPluginManager: Mounting plugin AlembicImporter
LogPluginManager: Mounting plugin CharacterAI
LogPluginManager: Mounting plugin HTML5Networking
LogPluginManager: Mounting plugin AndroidMedia
LogPluginManager: Mounting plugin AvfMedia
LogPluginManager: Mounting plugin ImgMedia
LogPluginManager: Mounting plugin LinearTimecode
LogPluginManager: Mounting plugin MediaCompositing
LogPluginManager: Mounting plugin MediaPlayerEditor
LogPluginManager: Mounting plugin WmfMedia
LogPluginManager: Mounting plugin TcpMessaging
LogPluginManager: Mounting plugin UdpMessaging
LogPluginManager: Mounting plugin ActorSequence
LogPluginManager: Mounting plugin LevelSequenceEditor
LogPluginManager: Mounting plugin MatineeToLevelSequence
LogPluginManager: Mounting plugin NetcodeUnitTest
LogPluginManager: Mounting plugin NUTUnrealEngine4
LogPluginManager: Mounting plugin OnlineSubsystemGooglePlay
LogPluginManager: Mounting plugin OnlineSubsystemIOS
LogPluginManager: Mounting plugin OnlineSubsystem
LogPluginManager: Mounting plugin OnlineSubsystemNull
LogPluginManager: Mounting plugin OnlineSubsystemUtils
LogPluginManager: Mounting plugin AndroidDeviceProfileSelector
LogPluginManager: Mounting plugin AndroidMoviePlayer
LogPluginManager: Mounting plugin AndroidPermission
LogPluginManager: Mounting plugin AppleARKit
LogPluginManager: Mounting plugin AppleMoviePlayer
LogPluginManager: Mounting plugin ArchVisCharacter
LogPluginManager: Mounting plugin AudioCapture
LogPluginManager: Mounting plugin CableComponent
LogPluginManager: Mounting plugin CustomMeshComponent
LogPluginManager: Mounting plugin ExampleDeviceProfileSelector
LogPluginManager: Mounting plugin GoogleCloudMessaging
LogPluginManager: Mounting plugin ImmediatePhysics
LogPluginManager: Mounting plugin IOSDeviceProfileSelector
LogPluginManager: Mounting plugin LinuxDeviceProfileSelector
LogPluginManager: Mounting plugin LocationServicesBPLibrary
LogPluginManager: Mounting plugin MobilePatchingUtils
LogPluginManager: Mounting plugin OculusVR
LogPluginManager: Plugin shader directory ../../../Engine/Plugins/Runtime/Oculus/OculusVR/Shaders found
LogPluginManager: Mapping shader source directory ../../../Engine/Plugins/Runtime/Oculus/OculusVR/Shaders to virtual directory /Plugin/OculusVR
LogPluginManager: Mounting plugin PhysXVehicles
LogPluginManager: Mounting plugin ProceduralMeshComponent
LogPluginManager: Mounting plugin RuntimePhysXCooking
LogPluginManager: Mounting plugin SteamVR
LogPluginManager: Mounting plugin WindowsMoviePlayer
LogPluginManager: Mounting plugin CoverPointGenerator
LogStreaming: Display: Took  0.076s to configure plugins.
LogModuleManager: Display: Found up-to-date module file ../../../../../../../Projects/FPS/FPS/Binaries/Win64/UE4Editor-FPS.dll (API version 3944462).
LogModuleManager: Display: Found up-to-date module file ../../../Engine/Plugins/2D/Paper2D/Binaries/Win64/UE4Editor-Paper2D.dll (API version 3944462).
LogModuleManager: Display: Found up-to-date module file ../../../Engine/Plugins/2D/Paper2D/Binaries/Win64/UE4Editor-Paper2DEditor.dll (API version 3944462).
LogModuleManager: Display: Found up-to-date module file ../../../Engine/Plugins/2D/Paper2D/Binaries/Win64/UE4Editor-PaperSpriteSheetImporter.dll (API version 3944462).
LogModuleManager: Display: Found up-to-date module file ../../../Engine/Plugins/2D/Paper2D/Binaries/Win64/UE4Editor-PaperTiledImporter.dll (API version 3944462).
LogModuleManager: Display: Found up-to-date module file ../../../Engine/Plugins/2D/Paper2D/Binaries/Win64/UE4Editor-SmartSnapping.dll (API version 3944462).
LogModuleManager: Display: Found up-to-date module file ../../../Engine/Plugins/Animation/LiveLink/Binaries/Win64/UE4Editor-LiveLink.dll (API version 3944462).
LogModuleManager: Display: Found up-to-date module file ../../../Engine/Plugins/Animation/LiveLink/Binaries/Win64/UE4Editor-LiveLinkEditor.dll (API version 3944462).
LogModuleManager: Display: Found up-to-date module file ../../../Engine/Plugins/Blendables/LightPropagationVolume/Binaries/Win64/UE4Editor-LightPropagationVolumeRuntime.dll (API version 3944462).
LogModuleManager: Display: Found up-to-date module file ../../../Engine/Plugins/Blendables/LightPropagationVolume/Binaries/Win64/UE4Editor-LightPropagationVolumeEditor.dll (API version 3944462).
LogModuleManager: Display: Found up-to-date module file ../../../Engine/Plugins/Developer/CLionSourceCodeAccess/Binaries/Win64/UE4Editor-CLionSourceCodeAccess.dll (API version 3944462).
LogModuleManager: Display: Found up-to-date module file ../../../Engine/Plugins/Developer/GitSourceControl/Binaries/Win64/UE4Editor-GitSourceControl.dll (API version 3944462).
LogModuleManager: Display: Found up-to-date module file ../../../Engine/Plugins/Developer/PerforceSourceControl/Binaries/Win64/UE4Editor-PerforceSourceControl.dll (API version 3944462).
LogModuleManager: Display: Found up-to-date module file ../../../Engine/Plugins/Developer/SubversionSourceControl/Binaries/Win64/UE4Editor-SubversionSourceControl.dll (API version 3944462).
LogModuleManager: Display: Found up-to-date module file ../../../Engine/Plugins/Developer/UObjectPlugin/Binaries/Win64/UE4Editor-UObjectPlugin.dll (API version 3944462).
LogModuleManager: Display: Found up-to-date module file ../../../Engine/Plugins/Developer/VisualStudioCodeSourceCodeAccess/Binaries/Win64/UE4Editor-VisualStudioCodeSourceCodeAccess.dll (API version 3944462).
LogModuleManager: Display: Found up-to-date module file ../../../Engine/Plugins/Developer/VisualStudioSourceCodeAccess/Binaries/Win64/UE4Editor-VisualStudioSourceCodeAccess.dll (API version 3944462).
LogModuleManager: Display: Found up-to-date module file ../../../Engine/Plugins/Editor/AssetManagerEditor/Binaries/Win64/UE4Editor-AssetManagerEditor.dll (API version 3944462).
LogModuleManager: Display: Found up-to-date module file ../../../Engine/Plugins/Editor/CryptoKeys/Binaries/Win64/UE4Editor-CryptoKeys.dll (API version 3944462).
LogModuleManager: Display: Found up-to-date module file ../../../Engine/Plugins/Editor/CryptoKeys/Binaries/Win64/UE4Editor-CryptoKeysOpenSSL.dll (API version 3944462).
LogModuleManager: Display: Found up-to-date module file ../../../Engine/Plugins/Editor/DataValidation/Binaries/Win64/UE4Editor-DataValidation.dll (API version 3944462).
LogModuleManager: Display: Found up-to-date module file ../../../Engine/Plugins/Editor/FacialAnimation/Binaries/Win64/UE4Editor-FacialAnimation.dll (API version 3944462).
LogModuleManager: Display: Found up-to-date module file ../../../Engine/Plugins/Editor/FacialAnimation/Binaries/Win64/UE4Editor-FacialAnimationEditor.dll (API version 3944462).
LogModuleManager: Display: Found up-to-date module file ../../../Engine/Plugins/Editor/GameplayTagsEditor/Binaries/Win64/UE4Editor-GameplayTagsEditor.dll (API version 3944462).
LogModuleManager: Display: Found up-to-date module file ../../../Engine/Plugins/Editor/MobileLauncherProfileWizard/Binaries/Win64/UE4Editor-MobileLauncherProfileWizard.dll (API version 3944462).
LogModuleManager: Display: Found up-to-date module file ../../../Engine/Plugins/Editor/PluginBrowser/Binaries/Win64/UE4Editor-PluginBrowser.dll (API version 3944462).
LogModuleManager: Display: Found up-to-date module file ../../../Engine/Plugins/Editor/SpeedTreeImporter/Binaries/Win64/UE4Editor-SpeedTreeImporter.dll (API version 3944462).
LogModuleManager: Display: Found up-to-date module file ../../../Engine/Plugins/Enterprise/DatasmithContent/Binaries/Win64/UE4Editor-DatasmithContent.dll (API version 3944462).
LogModuleManager: Display: Found up-to-date module file ../../../Engine/Plugins/Experimental/AlembicImporter/Binaries/Win64/UE4Editor-AlembicImporter.dll (API version 3944462).
LogModuleManager: Display: Found up-to-date module file ../../../Engine/Plugins/Experimental/AlembicImporter/Binaries/Win64/UE4Editor-AlembicLibrary.dll (API version 3944462).
LogModuleManager: Display: Found up-to-date module file ../../../Engine/Plugins/Experimental/CharacterAI/Binaries/Win64/UE4Editor-CharacterAI.dll (API version 3944462).
LogModuleManager: Display: Found up-to-date module file ../../../Engine/Plugins/Experimental/HTML5Networking/Binaries/Win64/UE4Editor-HTML5Networking.dll (API version 3944462).
LogModuleManager: Display: Found up-to-date module file ../../../Engine/Plugins/Media/AndroidMedia/Binaries/Win64/UE4Editor-AndroidMediaEditor.dll (API version 3944462).
LogModuleManager: Display: Found up-to-date module file ../../../Engine/Plugins/Media/AndroidMedia/Binaries/Win64/UE4Editor-AndroidMediaFactory.dll (API version 3944462).
LogModuleManager: Display: Found up-to-date module file ../../../Engine/Plugins/Media/AvfMedia/Binaries/Win64/UE4Editor-AvfMediaEditor.dll (API version 3944462).
LogModuleManager: Display: Found up-to-date module file ../../../Engine/Plugins/Media/AvfMedia/Binaries/Win64/UE4Editor-AvfMediaFactory.dll (API version 3944462).
LogModuleManager: Display: Found up-to-date module file ../../../Engine/Plugins/Media/AvfMedia/Binaries/Win64/UE4Editor-AvfMediaFactory.dll (API version 3944462).
LogModuleManager: Display: Found up-to-date module file ../../../Engine/Plugins/Media/ImgMedia/Binaries/Win64/UE4Editor-ImgMedia.dll (API version 3944462).
LogModuleManager: Display: Found up-to-date module file ../../../Engine/Plugins/Media/ImgMedia/Binaries/Win64/UE4Editor-ImgMediaEditor.dll (API version 3944462).
LogModuleManager: Display: Found up-to-date module file ../../../Engine/Plugins/Media/ImgMedia/Binaries/Win64/UE4Editor-ImgMediaFactory.dll (API version 3944462).
LogModuleManager: Display: Found up-to-date module file ../../../Engine/Plugins/Media/ImgMedia/Binaries/Win64/UE4Editor-ImgMediaFactory.dll (API version 3944462).
LogModuleManager: Display: Found up-to-date module file ../../../Engine/Plugins/Media/ImgMedia/Binaries/Win64/UE4Editor-OpenExrWrapper.dll (API version 3944462).
LogModuleManager: Display: Found up-to-date module file ../../../Engine/Plugins/Media/LinearTimecode/Binaries/Win64/UE4Editor-LinearTimecode.dll (API version 3944462).
LogModuleManager: Display: Found up-to-date module file ../../../Engine/Plugins/Media/MediaCompositing/Binaries/Win64/UE4Editor-MediaCompositing.dll (API version 3944462).
LogModuleManager: Display: Found up-to-date module file ../../../Engine/Plugins/Media/MediaCompositing/Binaries/Win64/UE4Editor-MediaCompositingEditor.dll (API version 3944462).
LogModuleManager: Display: Found up-to-date module file ../../../Engine/Plugins/Media/MediaPlayerEditor/Binaries/Win64/UE4Editor-MediaPlayerEditor.dll (API version 3944462).
LogModuleManager: Display: Found up-to-date module file ../../../Engine/Plugins/Media/WmfMedia/Binaries/Win64/UE4Editor-WmfMedia.dll (API version 3944462).
LogModuleManager: Display: Found up-to-date module file ../../../Engine/Plugins/Media/WmfMedia/Binaries/Win64/UE4Editor-WmfMediaEditor.dll (API version 3944462).
LogModuleManager: Display: Found up-to-date module file ../../../Engine/Plugins/Media/WmfMedia/Binaries/Win64/UE4Editor-WmfMediaFactory.dll (API version 3944462).
LogModuleManager: Display: Found up-to-date module file ../../../Engine/Plugins/Media/WmfMedia/Binaries/Win64/UE4Editor-WmfMediaFactory.dll (API version 3944462).
LogModuleManager: Display: Found up-to-date module file ../../../Engine/Plugins/Messaging/TcpMessaging/Binaries/Win64/UE4Editor-TcpMessaging.dll (API version 3944462).
LogModuleManager: Display: Found up-to-date module file ../../../Engine/Plugins/Messaging/UdpMessaging/Binaries/Win64/UE4Editor-UdpMessaging.dll (API version 3944462).
LogModuleManager: Display: Found up-to-date module file ../../../Engine/Plugins/MovieScene/ActorSequence/Binaries/Win64/UE4Editor-ActorSequence.dll (API version 3944462).
LogModuleManager: Display: Found up-to-date module file ../../../Engine/Plugins/MovieScene/LevelSequenceEditor/Binaries/Win64/UE4Editor-LevelSequenceEditor.dll (API version 3944462).
LogModuleManager: Display: Found up-to-date module file ../../../Engine/Plugins/MovieScene/MatineeToLevelSequence/Binaries/Win64/UE4Editor-MatineeToLevelSequence.dll (API version 3944462).
LogModuleManager: Display: Found up-to-date module file ../../../Engine/Plugins/NetcodeUnitTest/NetcodeUnitTest/Binaries/Win64/UE4Editor-NetcodeUnitTest.dll (API version 3944462).
LogModuleManager: Display: Found up-to-date module file ../../../Engine/Plugins/NetcodeUnitTest/NUTUnrealEngine4/Binaries/Win64/UE4Editor-NUTUnrealEngine4.dll (API version 3944462).
LogModuleManager: Display: Found up-to-date module file ../../../Engine/Plugins/Online/OnlineSubsystem/Binaries/Win64/UE4Editor-OnlineSubsystem.dll (API version 3944462).
LogModuleManager: Display: Found up-to-date module file ../../../Engine/Plugins/Online/OnlineSubsystemNull/Binaries/Win64/UE4Editor-OnlineSubsystemNull.dll (API version 3944462).
LogModuleManager: Display: Found up-to-date module file ../../../Engine/Plugins/Online/OnlineSubsystemUtils/Binaries/Win64/UE4Editor-OnlineSubsystemUtils.dll (API version 3944462).
LogModuleManager: Display: Found up-to-date module file ../../../Engine/Plugins/Online/OnlineSubsystemUtils/Binaries/Win64/UE4Editor-OnlineBlueprintSupport.dll (API version 3944462).
LogModuleManager: Display: Found up-to-date module file ../../../Engine/Plugins/Runtime/AndroidDeviceProfileSelector/Binaries/Win64/UE4Editor-AndroidDeviceProfileSelector.dll (API version 3944462).
LogModuleManager: Display: Found up-to-date module file ../../../Engine/Plugins/Runtime/AndroidPermission/Binaries/Win64/UE4Editor-AndroidPermission.dll (API version 3944462).
LogModuleManager: Display: Found up-to-date module file ../../../Engine/Plugins/Runtime/AppleARKit/Binaries/Win64/UE4Editor-AppleARKit.dll (API version 3944462).
LogModuleManager: Display: Found up-to-date module file ../../../Engine/Plugins/Runtime/ArchVisCharacter/Binaries/Win64/UE4Editor-ArchVisCharacter.dll (API version 3944462).
LogModuleManager: Display: Found up-to-date module file ../../../Engine/Plugins/Runtime/AudioCapture/Binaries/Win64/UE4Editor-AudioCapture.dll (API version 3944462).
LogModuleManager: Display: Found up-to-date module file ../../../Engine/Plugins/Runtime/AudioCapture/Binaries/Win64/UE4Editor-AudioCaptureEditor.dll (API version 3944462).
LogModuleManager: Display: Found up-to-date module file ../../../Engine/Plugins/Runtime/CableComponent/Binaries/Win64/UE4Editor-CableComponent.dll (API version 3944462).
LogModuleManager: Display: Found up-to-date module file ../../../Engine/Plugins/Runtime/CustomMeshComponent/Binaries/Win64/UE4Editor-CustomMeshComponent.dll (API version 3944462).
LogModuleManager: Display: Found up-to-date module file ../../../Engine/Plugins/Runtime/ExampleDeviceProfileSelector/Binaries/Win64/UE4Editor-ExampleDeviceProfileSelector.dll (API version 3944462).
LogModuleManager: Display: Found up-to-date module file ../../../Engine/Plugins/Runtime/ImmediatePhysics/Binaries/Win64/UE4Editor-ImmediatePhysics.dll (API version 3944462).
LogModuleManager: Display: Found up-to-date module file ../../../Engine/Plugins/Runtime/ImmediatePhysics/Binaries/Win64/UE4Editor-ImmediatePhysicsEditor.dll (API version 3944462).
LogModuleManager: Display: Found up-to-date module file ../../../Engine/Plugins/Runtime/LocationServicesBPLibrary/Binaries/Win64/UE4Editor-LocationServicesBPLibrary.dll (API version 3944462).
LogModuleManager: Display: Found up-to-date module file ../../../Engine/Plugins/Runtime/MobilePatchingUtils/Binaries/Win64/UE4Editor-MobilePatchingUtils.dll (API version 3944462).
LogModuleManager: Display: Found up-to-date module file ../../../Engine/Plugins/Runtime/Oculus/OculusVR/Binaries/Win64/UE4Editor-OculusHMD.dll (API version 3944462).
LogModuleManager: Display: Found up-to-date module file ../../../Engine/Plugins/Runtime/Oculus/OculusVR/Binaries/Win64/UE4Editor-OculusInput.dll (API version 3944462).
LogModuleManager: Display: Found up-to-date module file ../../../Engine/Plugins/Runtime/Oculus/OculusVR/Binaries/Win64/UE4Editor-OculusEditor.dll (API version 3944462).
LogModuleManager: Display: Found up-to-date module file ../../../Engine/Plugins/Runtime/PhysXVehicles/Binaries/Win64/UE4Editor-PhysXVehicles.dll (API version 3944462).
LogModuleManager: Display: Found up-to-date module file ../../../Engine/Plugins/Runtime/PhysXVehicles/Binaries/Win64/UE4Editor-PhysXVehiclesEditor.dll (API version 3944462).
LogModuleManager: Display: Found up-to-date module file ../../../Engine/Plugins/Runtime/ProceduralMeshComponent/Binaries/Win64/UE4Editor-ProceduralMeshComponent.dll (API version 3944462).
LogModuleManager: Display: Found up-to-date module file ../../../Engine/Plugins/Runtime/ProceduralMeshComponent/Binaries/Win64/UE4Editor-ProceduralMeshComponentEditor.dll (API version 3944462).
LogModuleManager: Display: Found up-to-date module file ../../../Engine/Plugins/Runtime/RuntimePhysXCooking/Binaries/Win64/UE4Editor-RuntimePhysXCooking.dll (API version 3944462).
LogModuleManager: Display: Found up-to-date module file ../../../Engine/Plugins/Runtime/Steam/SteamVR/Binaries/Win64/UE4Editor-SteamVR.dll (API version 3944462).
LogModuleManager: Display: Found up-to-date module file ../../../Engine/Plugins/Runtime/Steam/SteamVR/Binaries/Win64/UE4Editor-SteamVRController.dll (API version 3944462).
LogModuleManager: Display: Found up-to-date module file ../../../Engine/Plugins/Runtime/WindowsMoviePlayer/Binaries/Win64/UE4Editor-WindowsMoviePlayer.dll (API version 3944462).
LogModuleManager: Display: Found up-to-date module file ../../../../../../../Projects/FPS/FPS/Plugins/CoverPointGenerator/Binaries/Win64/UE4Editor-CoverPointGenerator.dll (API version 3944462).
LogInit: Using libcurl 7.47.1
LogInit:  - built for x86_64-pc-win32
LogInit:  - supports SSL with OpenSSL/1.0.2g
LogInit:  - supports HTTP deflate (compression) using libz 1.2.8
LogInit:  - other features:
LogInit:      CURL_VERSION_SSL
LogInit:      CURL_VERSION_LIBZ
LogInit:      CURL_VERSION_IPV6
LogInit:      CURL_VERSION_ASYNCHDNS
LogInit:      CURL_VERSION_LARGEFILE
LogInit:      CURL_VERSION_IDN
LogInit:  CurlRequestOptions (configurable via config and command line):
LogInit:  - bVerifyPeer = false  - Libcurl will NOT verify peer certificate
LogInit:  - bUseHttpProxy = false  - Libcurl will NOT use HTTP proxy
LogInit:  - bDontReuseConnections = false  - Libcurl will reuse connections
LogInit:  - CertBundlePath = nullptr  - Libcurl will use whatever was configured at build time.
LogInit:  - MaxHostConnections = 16  - Libcurl will limit the number of connections to a host
LogInit:  - LocalHostAddr = Default
LogInit: WinSock: version 1.1 (2.2), MaxSocks=32767, MaxUdp=65467
LogInit: WinSock: I am DESKTOP-27ERO04 (192.168.178.101:0)
LogInit: Build: ++UE4+Release-4.19-CL-4033788
LogInit: Engine Version: 4.19.2-4033788+++UE4+Release-4.19
LogInit: Compatible Engine Version: 4.19.0-3944462+++UE4+Release-4.19
LogInit: Net CL: 3944462
LogDevObjectVersion: Number of dev versions registered: 18
LogDevObjectVersion:   Dev-Blueprints (B0D832E4-1F89-4F0D-ACCF-7EB736FD4AA2): 10
LogDevObjectVersion:   Dev-Build (E1C64328-A22C-4D53-A36C-8E866417BD8C): 0
LogDevObjectVersion:   Dev-Core (375EC13C-06E4-48FB-B500-84F0262A717E): 2
LogDevObjectVersion:   Dev-Editor (E4B068ED-F494-42E9-A231-DA0B2E46BB41): 23
LogDevObjectVersion:   Dev-Framework (CFFC743F-43B0-4480-9391-14DF171D2073): 33
LogDevObjectVersion:   Dev-Mobile (B02B49B5-BB20-44E9-A304-32B752E40360): 2
LogDevObjectVersion:   Dev-Networking (A4E4105C-59A1-49B5-A7C5-40C4547EDFEE): 0
LogDevObjectVersion:   Dev-Online (39C831C9-5AE6-47DC-9A44-9C173E1C8E7C): 0
LogDevObjectVersion:   Dev-Physics (78F01B33-EBEA-4F98-B9B4-84EACCB95AA2): 0
LogDevObjectVersion:   Dev-Platform (6631380F-2D4D-43E0-8009-CF276956A95A): 0
LogDevObjectVersion:   Dev-Rendering (12F88B9F-8875-4AFC-A67C-D90C383ABD29): 25
LogDevObjectVersion:   Dev-Sequencer (7B5AE74C-D270-4C10-A958-57980B212A5A): 6
LogDevObjectVersion:   Dev-VR (D7296918-1DD6-4BDD-9DE2-64A83CC13884): 1
LogDevObjectVersion:   Dev-LoadTimes (C2A15278-BFE7-4AFE-6C17-90FF531DF755): 1
LogDevObjectVersion:   Private-Geometry (6EACA3D4-40EC-4CC1-B786-8BED09428FC5): 2
LogDevObjectVersion:   Dev-AnimPhys (29E575DD-E0A3-4627-9D10-D276232CDCEA): 16
LogDevObjectVersion:   Dev-ReflectionCapture (6B266CEC-1EC7-4B8F-A30B-E4D90942FC07): 1
LogDevObjectVersion:   Dev-Automation (0DF73D61-A23F-47EA-B727-89E90C41499A): 1
LogInit: Compiled (64-bit): Apr 27 2018 02:06:57
LogInit: Compiled with Visual C++: 19.00.24215.01
LogInit: Build Configuration: Development
LogInit: Branch Name: ++UE4+Release-4.19
LogInit: Command Line:  -skipcompile
LogInit: Base Directory: E:/Game Engines/Epic Games/4.19/UE_4.19/Engine/Binaries/Win64/
LogInit: Installed Engine Build: 1
LogStreaming: Display: Took  0.001s to delete old logs.
LogInit: Presizing for max 8388607 objects, including 0 objects not considered by GC, pre-allocating 0 bytes for permanent pool.
LogInit: Object subsystem initialized
[2018.06.18-18.29.43:137][  0]LogInit: Selected Device Profile: [Windows]
[2018.06.18-18.29.43:137][  0]LogInit: Applying CVar settings loaded from the selected device profile: [Windows]
[2018.06.18-18.29.43:173][  0]LogInit: Computer: DESKTOP-27ERO04
[2018.06.18-18.29.43:173][  0]LogInit: User: TomColdenhoff
[2018.06.18-18.29.43:173][  0]LogInit: CPU Page size=4096, Cores=4
[2018.06.18-18.29.43:173][  0]LogInit: High frequency timer resolution =3.319355 MHz
[2018.06.18-18.29.43:173][  0]LogMemory: Memory total: Physical=11.9GB (12GB approx)
[2018.06.18-18.29.43:173][  0]LogMemory: Platform Memory Stats for Windows
[2018.06.18-18.29.43:173][  0]LogMemory: Process Physical Memory: 278.90 MB used, 279.32 MB peak
[2018.06.18-18.29.43:173][  0]LogMemory: Process Virtual Memory: 269.80 MB used, 269.80 MB peak
[2018.06.18-18.29.43:174][  0]LogMemory: Physical Memory: 6385.33 MB used,  5822.11 MB free, 12207.44 MB total
[2018.06.18-18.29.43:174][  0]LogMemory: Virtual Memory: 4794.46 MB used,  5822.11 MB free, 134217728.00 MB total
[2018.06.18-18.29.43:217][  0]LogInit: Using OS detected language (en-US).
[2018.06.18-18.29.43:217][  0]LogInit: Using OS detected locale (en-US).
[2018.06.18-18.29.43:220][  0]LogTextLocalizationManager: No specific localization for 'en-US' exists, so the 'en' localization will be used.
[2018.06.18-18.29.43:644][  0]LogStreaming: Display: Took  0.427s to EndInitTextLocalization.
[2018.06.18-18.29.43:645][  0]LogInit: Setting process to per monitor DPI aware
[2018.06.18-18.29.43:701][  0]LogSlate: New Slate User Created.  User Index 0, Is Virtual User: 0
[2018.06.18-18.29.43:701][  0]LogSlate: Slate User Registered.  User Index 0, Is Virtual User: 0
[2018.06.18-18.29.43:888][  0]LogD3D11RHI: D3D11 adapters:
[2018.06.18-18.29.43:967][  0]LogD3D11RHI:    0. 'NVIDIA GeForce GTX 970' (Feature Level 11_0)
[2018.06.18-18.29.43:967][  0]LogD3D11RHI:       4043/0/6103 MB DedicatedVideo/DedicatedSystem/SharedSystem, Outputs:2, VendorId:0x10de
[2018.06.18-18.29.43:972][  0]LogD3D11RHI:    1. 'Microsoft Basic Render Driver' (Feature Level 11_0)
[2018.06.18-18.29.43:973][  0]LogD3D11RHI:       0/0/6103 MB DedicatedVideo/DedicatedSystem/SharedSystem, Outputs:0, VendorId:0x1414
[2018.06.18-18.29.43:973][  0]LogD3D11RHI: Chosen D3D11 Adapter: 0
[2018.06.18-18.29.43:982][  0]LogD3D11RHI: Creating new Direct3DDevice
[2018.06.18-18.29.43:983][  0]LogD3D11RHI:     GPU DeviceId: 0x13c2 (for the marketing name, search the web for "GPU Device Id")
[2018.06.18-18.29.43:983][  0]LogWindows: EnumDisplayDevices:
[2018.06.18-18.29.43:983][  0]LogWindows:    0. 'NVIDIA GeForce GTX 970' (P:1 D:1)
[2018.06.18-18.29.43:983][  0]LogWindows:    1. 'NVIDIA GeForce GTX 970' (P:0 D:1)
[2018.06.18-18.29.43:983][  0]LogWindows:    2. 'NVIDIA GeForce GTX 970' (P:0 D:0)
[2018.06.18-18.29.43:984][  0]LogWindows:    3. 'NVIDIA GeForce GTX 970' (P:0 D:0)
[2018.06.18-18.29.43:984][  0]LogWindows: DebugString: GetVideoDriverDetailsInvalid PrimaryIsNotTheChoosenAdapter GetVideoDriverDetailsInvalid PrimaryIsNotTheChoosenAdapter GetVideoDriverDetailsInvalid PrimaryIsNotTheChoosenAdapter GetVideoDriverDetailsInvalid PrimaryIsNotTheChoosenAdapter FoundDriverCount:0 
[2018.06.18-18.29.43:984][  0]LogD3D11RHI:     Adapter Name: NVIDIA GeForce GTX 970
[2018.06.18-18.29.43:984][  0]LogD3D11RHI:   Driver Version: Unknown (internal:Unknown, unified:Unknown)
[2018.06.18-18.29.43:984][  0]LogD3D11RHI:      Driver Date: Unknown
[2018.06.18-18.29.43:984][  0]LogRHI: Texture pool is 2830 MB (70% of 4043 MB)
[2018.06.18-18.29.44:026][  0]LogD3D11RHI: [Aftermath] Aftermath enabled and primed
[2018.06.18-18.29.44:026][  0]LogD3D11RHI: [Aftermath] Aftermath enabled and primed
[2018.06.18-18.29.44:026][  0]LogD3D11RHI: Async texture creation enabled
[2018.06.18-18.29.44:096][  0]LogD3D11RHI: GPU Timing Frequency: 1000.000000 (Debug: 2 2)
[2018.06.18-18.29.44:144][  0]LogShaderCompilers: Guid format shader working directory is 16 characters bigger than the processId version (../../../../../../../Projects/FPS/FPS/Intermediate/Shaders/WorkingDirectory/16280/).
[2018.06.18-18.29.44:144][  0]LogShaderCompilers: Cleaned the shader compiler working directory 'C:/Users/TomColdenhoff/AppData/Local/Temp/UnrealShaderWorkingDir/0B2DF64D4ABA48329AD6D59EB1EB003B/'.
[2018.06.18-18.29.44:342][  0]LogTemp: Display: Loaded TP AllDesktopTargetPlatform
[2018.06.18-18.29.44:356][  0]LogTemp: Display: Loaded TP MacClientTargetPlatform
[2018.06.18-18.29.44:371][  0]LogTemp: Display: Loaded TP MacNoEditorTargetPlatform
[2018.06.18-18.29.44:388][  0]LogTemp: Display: Loaded TP MacServerTargetPlatform
[2018.06.18-18.29.44:405][  0]LogTemp: Display: Loaded TP MacTargetPlatform
[2018.06.18-18.29.44:421][  0]LogTemp: Display: Loaded TP WindowsClientTargetPlatform
[2018.06.18-18.29.44:436][  0]LogTemp: Display: Loaded TP WindowsNoEditorTargetPlatform
[2018.06.18-18.29.44:450][  0]LogTemp: Display: Loaded TP WindowsServerTargetPlatform
[2018.06.18-18.29.44:457][  0]LogTemp: Display: Loaded TP WindowsTargetPlatform
[2018.06.18-18.29.44:472][  0]LogTemp: Display: Loaded TP Android_ASTCTargetPlatform
[2018.06.18-18.29.44:487][  0]LogTemp: Display: Loaded TP Android_ATCTargetPlatform
[2018.06.18-18.29.44:503][  0]LogTemp: Display: Loaded TP Android_DXTTargetPlatform
[2018.06.18-18.29.44:518][  0]LogTemp: Display: Loaded TP Android_ETC1aTargetPlatform
[2018.06.18-18.29.44:535][  0]LogTemp: Display: Loaded TP Android_ETC1TargetPlatform
[2018.06.18-18.29.44:549][  0]LogTemp: Display: Loaded TP Android_ETC2TargetPlatform
[2018.06.18-18.29.44:580][  0]LogTemp: Display: Loaded TP Android_MultiTargetPlatform
[2018.06.18-18.29.44:581][  0]LogTemp: Display: Loaded TP Android_PVRTCTargetPlatform
[2018.06.18-18.29.44:604][  0]LogTemp: Display: Loaded TP AndroidTargetPlatform
[2018.06.18-18.29.44:607][  0]LogTemp: Display: Loaded TP HTML5TargetPlatform
[2018.06.18-18.29.44:657][  0]LogTemp: Display: Loaded TP IOSTargetPlatform
[2018.06.18-18.29.44:672][  0]LogTemp: Display: Loaded TP TVOSTargetPlatform
[2018.06.18-18.29.44:689][  0]LogTemp: Display: Loaded TP LinuxClientTargetPlatform
[2018.06.18-18.29.44:709][  0]LogTemp: Display: Loaded TP LinuxNoEditorTargetPlatform
[2018.06.18-18.29.44:724][  0]LogTemp: Display: Loaded TP LinuxServerTargetPlatform
[2018.06.18-18.29.44:738][  0]LogTemp: Display: Loaded TP LinuxTargetPlatform
[2018.06.18-18.29.44:738][  0]LogTargetPlatformManager: Display: Building Assets For Windows
[2018.06.18-18.29.44:862][  0]LogXGEController: Cleaning working directory: C:/Users/TomColdenhoff/AppData/Local/Temp/UnrealXGEWorkingDir/
[2018.06.18-18.29.44:863][  0]LogXGEController: Cannot use XGE Controller as Incredibuild is not installed on this machine.
[2018.06.18-18.29.44:863][  0]LogShaderCompilers: Cannot use XGE Shader Compiler as Incredibuild is not installed on this machine.
[2018.06.18-18.29.44:863][  0]LogShaderCompilers: Display: Using Local Shader Compiler.
[2018.06.18-18.29.45:595][  0]LogDerivedDataCache: Display: Max Cache Size: 512 MB
[2018.06.18-18.29.45:675][  0]LogDerivedDataCache: Loaded boot cache 0.08s 80MB C:/Users/TomColdenhoff/AppData/Local/UnrealEngine/4.19/DerivedDataCache/Boot.ddc.
[2018.06.18-18.29.45:675][  0]LogDerivedDataCache: Display: Loaded Boot cache: C:/Users/TomColdenhoff/AppData/Local/UnrealEngine/4.19/DerivedDataCache/Boot.ddc
[2018.06.18-18.29.45:675][  0]LogDerivedDataCache: FDerivedDataBackendGraph:  Pak pak cache file ../../../../../../../Projects/FPS/FPS/DerivedDataCache/DDC.ddp not found, will not use a pak cache.
[2018.06.18-18.29.45:676][  0]LogDerivedDataCache: Unable to find inner node Pak for hierarchical cache Hierarchy.
[2018.06.18-18.29.45:676][  0]LogDerivedDataCache: FDerivedDataBackendGraph:  CompressedPak pak cache file ../../../../../../../Projects/FPS/FPS/DerivedDataCache/Compressed.ddp not found, will not use a pak cache.
[2018.06.18-18.29.45:676][  0]LogDerivedDataCache: Unable to find inner node CompressedPak for hierarchical cache Hierarchy.
[2018.06.18-18.29.45:693][  0]LogDerivedDataCache: Display: Pak cache opened for reading ../../../Engine/DerivedDataCache/Compressed.ddp.
[2018.06.18-18.29.45:706][  0]LogDerivedDataCache: Using Local data cache path C:/Users/TomColdenhoff/AppData/Local/UnrealEngine/Common/DerivedDataCache: Writable
[2018.06.18-18.29.45:706][  0]LogDerivedDataCache: Shared data cache path not found in *engine.ini, will not use an Shared cache.
[2018.06.18-18.29.45:706][  0]LogDerivedDataCache: Unable to find inner node Shared for hierarchical cache Hierarchy.
[2018.06.18-18.29.45:719][  0]LogMaterial: Verifying Global Shaders for PCD3D_SM5
[2018.06.18-18.29.45:719][  0]LogSlate: Using Freetype 2.6.0
[2018.06.18-18.29.45:720][  0]LogSlate: SlateFontCache - WITH_FREETYPE: 1, WITH_HARFBUZZ: 1
[2018.06.18-18.29.45:720][  0]LogSlate: SlateFontCache - WITH_FREETYPE: 1, WITH_HARFBUZZ: 1
[2018.06.18-18.29.45:828][  0]LogAssetRegistry: FAssetRegistry took 0.0285 seconds to start up
[2018.06.18-18.29.46:934][  0]LogInit: Selected Device Profile: [Windows]
[2018.06.18-18.29.47:090][  0]LogSimplygon: Simplygon DLL not present - disabling.
[2018.06.18-18.29.47:094][  0]LogMeshReduction: Using SimplygonSwarm for distributed automatic mesh merging
[2018.06.18-18.29.47:094][  0]LogMeshReduction: Using QuadricMeshReduction for automatic static mesh reduction
[2018.06.18-18.29.47:094][  0]LogMeshReduction: No automatic skeletal mesh reduction module available
[2018.06.18-18.29.47:094][  0]LogMeshReduction: No automatic mesh merging module available
[2018.06.18-18.29.47:094][  0]LogMeshMerging: No automatic mesh merging module available
[2018.06.18-18.29.47:123][  0]LogNetVersion: FPS , NetCL: 3944462, EngineNetVer: 2, GameNetVer: 0 (Checksum: 2326512385)
[2018.06.18-18.29.47:534][  0]LogPackageLocalizationCache: Processed 9 localized package path(s) for 2 prioritized culture(s) in 0.068715 seconds
[2018.06.18-18.29.47:540][  0]LogUObjectArray: 36728 objects as part of root set at end of initial load.
[2018.06.18-18.29.47:540][  0]LogUObjectAllocator: 7314304 out of 0 bytes used by permanent object pool.
[2018.06.18-18.29.47:540][  0]LogUObjectArray: CloseDisregardForGC: 0/0 objects in disregard for GC pool
[2018.06.18-18.29.49:110][  0]LogTcpMessaging: Initializing TcpMessaging bridge
[2018.06.18-18.29.49:139][  0]LogUdpMessaging: Initializing bridge on interface 0.0.0.0:0 to multicast group 230.0.0.1:6666.
[2018.06.18-18.29.49:476][  0]LogSkeletalMesh: Skeletal Mesh found in DDC [1.321642ms] /Game/Models/Player/Arms/Arms_SMG.Arms_SMG
[2018.06.18-18.29.49:489][  0]LogUObjectGlobals: Created PersistentFrame Addr=0x000001a4b9737f10, Size=80, Default__BP_SMGAnim_C Function /Game/Animations/SMG/BP_SMGAnim.BP_SMGAnim_C:ExecuteUbergraph_BP_SMGAnim
[2018.06.18-18.29.49:499][  0]LogUObjectGlobals: Destroyed PersistentFrame Addr=0x000001a4b9737f10, Size=80
[2018.06.18-18.29.49:499][  0]LogUObjectGlobals: Created PersistentFrame Addr=0x000001a4ba3f7600, Size=80, Default__BP_SMGAnim_C Function /Engine/Transient.REINST_BP_SMGAnim_C_0:ExecuteUbergraph_BP_SMGAnim
[2018.06.18-18.29.49:507][  0]LogUObjectGlobals: Created PersistentFrame Addr=0x000001a4ba35d530, Size=80, Default__BP_SMGAnim_C Function /Game/Animations/SMG/BP_SMGAnim.BP_SMGAnim_C:ExecuteUbergraph_BP_SMGAnim
[2018.06.18-18.29.49:624][  0]SourceControl: Source control is disabled
[2018.06.18-18.29.49:624][  0]SourceControl: Source control is disabled
[2018.06.18-18.29.49:639][  0]SourceControl: Source control is disabled
[2018.06.18-18.29.49:652][  0]SourceControl: Source control is disabled
[2018.06.18-18.29.50:088][  0]LogAndroidPermission: UAndroidPermissionCallbackProxy::GetInstance
[2018.06.18-18.29.50:244][  0]LogOcInput: OculusInput pre-init called
[2018.06.18-18.29.51:276][  0]LogEngine: Initializing Engine...
[2018.06.18-18.29.51:277][  0]LogHMD: Failed to initialize OpenVR with code 110
[2018.06.18-18.29.51:279][  0]LogStats: UGameplayTagsManager::ConstructGameplayTagTree: Construct from data asset -  0.000 s
[2018.06.18-18.29.51:279][  0]LogStats: UGameplayTagsManager::ConstructGameplayTagTree: GameplayTagTreeChangedEvent.Broadcast -  0.000 s
[2018.06.18-18.29.51:501][  0]LogAIModule: Creating AISystem for world Untitled
[2018.06.18-18.29.51:523][  0]LogInit: XAudio2 using 'Speakers (Logitech G35 Headset)' : 2 channels at 44.1 kHz using 16 bits per sample (channel mask 0x3)
[2018.06.18-18.29.51:540][  0]LogInit: FAudioDevice initialized.
[2018.06.18-18.29.51:694][  0]LogDerivedDataCache: Saved boot cache 0.15s 80MB C:/Users/TomColdenhoff/AppData/Local/UnrealEngine/4.19/DerivedDataCache/Boot.ddc.
[2018.06.18-18.29.51:717][  0]LogInit: Texture streaming: Enabled
[2018.06.18-18.29.51:739][  0]LogEngineSessionManager: EngineSessionManager initialized
[2018.06.18-18.29.51:739][  0]LogEngineSessionManager: EngineSessionManager sent abnormal shutdown report. Type=Debugger, SessionId={5BCE39DE-4763-EA6F-3059-889E50498F58}
[2018.06.18-18.29.51:747][  0]LogInit: Transaction tracking system initialized
[2018.06.18-18.29.51:771][  0]BlueprintLog: New page: Editor Load
[2018.06.18-18.29.51:876][  0]LocalizationService: Localization service is disabled
[2018.06.18-18.29.51:987][  0]LogConsoleResponse: Display: 
[2018.06.18-18.29.52:122][  0]LogCook: Display: Max memory allowance for cook 16384mb min free memory 0mb
[2018.06.18-18.29.52:122][  0]LogCook: Display: Mobile HDR setting 1
[2018.06.18-18.29.52:122][  0]LogGameplayTags: Display: UGameplayTagsManager::DoneAddingNativeTags. DelegateIsBound: 0
[2018.06.18-18.29.52:123][  0]LogStats: UGameplayTagsManager::ConstructGameplayTagTree: Construct from data asset -  0.000 s
[2018.06.18-18.29.52:123][  0]LogStats: UGameplayTagsManager::ConstructGameplayTagTree: GameplayTagTreeChangedEvent.Broadcast -  0.000 s
[2018.06.18-18.29.52:370][  0]LogFileCache: Scanning file cache for directory 'E:/Projects/FPS/FPS/Content/' took 0.02s
[2018.06.18-18.29.52:427][  0]SourceControl: Source control is disabled
[2018.06.18-18.29.52:428][  0]Cmd: MAP LOAD FILE="../../../../../../../Projects/FPS/FPS/Content/Maps/Level1.umap" TEMPLATE=0 SHOWPROGRESS=1 FEATURELEVEL=3
[2018.06.18-18.29.52:428][  0]LightingResults: New page: Lighting Build
[2018.06.18-18.29.52:430][  0]MapCheck: New page: Map Check
[2018.06.18-18.29.52:430][  0]LightingResults: New page: Lighting Build
[2018.06.18-18.29.52:440][  0]LogUObjectGlobals: Destroyed PersistentFrame Addr=0x000001a4ba3f7600, Size=80
[2018.06.18-18.29.53:228][  0]LogAIModule: Creating AISystem for world Level1
[2018.06.18-18.29.53:255][  0]LogEditorServer: Finished looking for orphan Actors (0.000 secs)
[2018.06.18-18.29.53:271][  0]Cmd: MAP CHECKDEP NOCLEARLOG
[2018.06.18-18.29.53:336][  0]MapCheck: Map check complete: 0 Error(s), 0 Warning(s), took 64.265ms to complete.
[2018.06.18-18.29.53:336][  0]LogFileHelpers: Loading map 'Level1' took 0.908
[2018.06.18-18.29.53:485][  0]LogCollectionManager: Loaded 0 collections in 0.000826 seconds
[2018.06.18-18.29.53:535][  0]LogFileCache: Scanning file cache for directory 'E:/Projects/FPS/FPS/Saved/Collections/' took 0.01s
[2018.06.18-18.29.53:536][  0]LogFileCache: Scanning file cache for directory 'E:/Projects/FPS/FPS/Content/Developers/TomColdenhoff/Collections/' took 0.01s
[2018.06.18-18.29.53:536][  0]LogFileCache: Scanning file cache for directory 'E:/Projects/FPS/FPS/Content/Collections/' took 0.01s
[2018.06.18-18.29.53:536][  0]LogCollectionManager: Rebuilt the GUID cache for 0 collections in 0.000000 seconds
[2018.06.18-18.29.53:546][  0]LogContentBrowser: Native class hierarchy populated in 0.0095 seconds. Added 2480 classes and 565 folders.
[2018.06.18-18.29.53:552][  0]LogContentBrowser: Native class hierarchy updated for 'WidgetCarousel' in 0.0009 seconds. Added 0 classes and 0 folders.
[2018.06.18-18.29.53:588][  0]LogContentBrowser: Native class hierarchy updated for 'AddContentDialog' in 0.0009 seconds. Added 0 classes and 0 folders.
[2018.06.18-18.29.53:597][  0]LogContentBrowser: Native class hierarchy updated for 'SceneOutliner' in 0.0016 seconds. Added 1 classes and 2 folders.
[2018.06.18-18.29.54:644][  0]LogSlate: Only BGRA pngs, bmps or icos are supported in by External Image Picker
[2018.06.18-18.29.54:690][  0]LogSlate: Took 0.000325 seconds to synchronously load lazily loaded font '../../../Engine/Content/Slate/Fonts/Roboto-Regular.ttf' (155K)
[2018.06.18-18.29.54:693][  0]LogSlate: Took 0.000317 seconds to synchronously load lazily loaded font '../../../Engine/Content/Slate/Fonts/Roboto-Bold.ttf' (160K)
[2018.06.18-18.29.54:701][  0]LogTemp: Executing iPhonePackager certificates Engine -bundlename com.YourCompany.FPS
[2018.06.18-18.29.54:702][  0]LogTemp: CWD: E:\Game Engines\Epic Games\4.19\UE_4.19\Engine\Binaries\DotNET\IOS
[2018.06.18-18.29.54:702][  0]LogTemp: Initial Dir: E:\Game Engines\Epic Games\4.19\UE_4.19
[2018.06.18-18.29.54:702][  0]LogTemp: Env CWD: E:\Game Engines\Epic Games\4.19\UE_4.19\Engine\Binaries\DotNET\IOS
[2018.06.18-18.29.54:702][  0]LogSlate: Took 0.000219 seconds to synchronously load lazily loaded font '../../../Engine/Content/Editor/Slate/Fonts/FontAwesome.ttf' (139K)
[2018.06.18-18.29.54:807][  0]LogTemp: BranchPath = DESKTOP-27ERO04/E/Game Engines/Epic Games/4.19/UE_4.19/Engine/Binaries --- GameBranchPath = DESKTOP-27ERO04/E/Game Engines/Epic Games/4.19/UE_4.19/Engine/Binaries
[2018.06.18-18.29.54:808][  0]LogTemp: IPP ERROR: Could not find provision directory 'C:\Users\TomColdenhoff\AppData\Local/Apple Computer/MobileDevice/Provisioning Profiles/'.
[2018.06.18-18.29.54:808][  0]LogRenderer: Reallocating scene render targets to support 1136x532 Format 10 NumSamples 1 (Frame:1).
[2018.06.18-18.29.55:005][  0]LogContentBrowser: Native class hierarchy updated for 'HierarchicalLODOutliner' in 0.0017 seconds. Added 0 classes and 0 folders.
[2018.06.18-18.29.55:005][  0]LogLoad: (Engine Initialization) Total time: 14.42 seconds
[2018.06.18-18.29.55:005][  0]LogLoad: (Engine Initialization) Total Blueprint compile time: 0.00 seconds
[2018.06.18-18.29.55:024][  0]LogWindowsTextInputMethodSystem: Display: IME system now deactivated.
[2018.06.18-18.29.55:049][  0]LogContentStreaming: Texture pool size now 1000 MB
[2018.06.18-18.29.55:094][  0]LogSlate: Took 0.000202 seconds to synchronously load lazily loaded font '../../../Engine/Content/Slate/Fonts/Roboto-Light.ttf' (167K)
[2018.06.18-18.29.55:127][  1]LogAssetRegistry: Asset discovery search completed in 9.3244 seconds
[2018.06.18-18.29.55:129][  1]LogCollectionManager: Rebuilt the object cache for 0 collections in 0.000001 seconds (found 0 objects)
[2018.06.18-18.29.55:131][  1]LogCollectionManager: Fixed up redirectors for 0 collections in 0.000244 seconds (updated 0 objects)
[2018.06.18-18.29.59:654][435]LogSlate: FSceneViewport::OnFocusLost() reason 0
[2018.06.18-18.29.59:748][446]LogSlate: Window 'Message Log' being destroyed
[2018.06.18-18.29.59:753][446]LogSlate: Window 'Message Log' being destroyed
[2018.06.18-18.30.01:692][647]LogSlate: FSceneViewport::OnFocusLost() reason 0
[2018.06.18-18.30.01:836][663]LogUObjectGlobals: Created PersistentFrame Addr=0x000001a531abfec0, Size=320, Default__Slot_C Function /Game/UI/Widgets/Inventory/Slot.Slot_C:ExecuteUbergraph_Slot
[2018.06.18-18.30.01:838][663]LogUObjectGlobals: Destroyed PersistentFrame Addr=0x000001a531abfec0, Size=320
[2018.06.18-18.30.01:838][663]LogUObjectGlobals: Created PersistentFrame Addr=0x000001a531abfec0, Size=320, Default__Slot_C Function /Engine/Transient.REINST_Slot_C_0:ExecuteUbergraph_Slot
[2018.06.18-18.30.01:840][663]LogUObjectGlobals: Created PersistentFrame Addr=0x000001a531abfc40, Size=320, Default__Slot_C Function /Game/UI/Widgets/Inventory/Slot.Slot_C:ExecuteUbergraph_Slot
[2018.06.18-18.30.01:841][663]LogLinker: Error: HOTRELOADED_SlotImage_2 has an inappropriate outermost, it was probably saved with a deprecated outer (file: ../../../../../../../Projects/FPS/FPS/Content/UI/Widgets/Inventory/InventorySlots.uasset)
[2018.06.18-18.30.01:842][663]LogLinker: Error: HOTRELOADED_SlotImage_2 has an inappropriate outermost, it was probably saved with a deprecated outer (file: ../../../../../../../Projects/FPS/FPS/Content/UI/Widgets/Inventory/InventorySlots.uasset)
[2018.06.18-18.30.01:842][663]LogProperty: Error: UStructProperty::Serialize Loading: Property 'StructProperty /Game/UI/Widgets/Inventory/InventorySlots.InventorySlots_C:FImage'. Unknown structure.
[2018.06.18-18.30.01:842][663]LogUObjectGlobals: Created PersistentFrame Addr=0x000001a4e590a368, Size=40, Default__InventorySlots_C Function /Game/UI/Widgets/Inventory/InventorySlots.InventorySlots_C:ExecuteUbergraph_InventorySlots
[2018.06.18-18.30.01:842][663]LogLinker: Error: HOTRELOADED_SlotImage_2 has an inappropriate outermost, it was probably saved with a deprecated outer (file: ../../../../../../../Projects/FPS/FPS/Content/UI/Widgets/Inventory/InventorySlots.uasset)
[2018.06.18-18.30.01:843][663]LogClass: Warning: Property FImage of FImage has a struct type mismatch (tag HOTRELOADED_SlotImage_2 != prop FallbackStruct) in package:  ../../../../../../../Projects/FPS/FPS/Content/UI/Widgets/Inventory/InventorySlots.uasset. If that struct got renamed, add an entry to ActiveStructRedirects.
[2018.06.18-18.30.01:843][663]LogLinker: Error: HOTRELOADED_SlotImage_2 has an inappropriate outermost, it was probably saved with a deprecated outer (file: ../../../../../../../Projects/FPS/FPS/Content/UI/Widgets/Inventory/InventorySlots.uasset)
[2018.06.18-18.30.01:854][663]LogBlueprint: Error: [Compiler InventorySlots] The variable FImage declared in  InventorySlots  has an invalid type Structure
[2018.06.18-18.30.01:861][663]LogUObjectGlobals: Destroyed PersistentFrame Addr=0x000001a4e590a368, Size=40
[2018.06.18-18.30.01:861][663]LogUObjectGlobals: Created PersistentFrame Addr=0x000001a4e590a368, Size=40, Default__InventorySlots_C Function /Engine/Transient.REINST_InventorySlots_C_1:ExecuteUbergraph_InventorySlots
[2018.06.18-18.30.01:862][663]LogBlueprint: Error: [Compiler InventorySlots] The variable FImage declared in  InventorySlots  has an invalid type Structure
[2018.06.18-18.30.01:869][663]LogUObjectGlobals: Created PersistentFrame Addr=0x000001a4e5909e40, Size=40, Default__InventorySlots_C Function /Game/UI/Widgets/Inventory/InventorySlots.InventorySlots_C:ExecuteUbergraph_InventorySlots
[2018.06.18-18.30.01:870][663]LogBlueprint: Warning: [Compiler InventorySlots] [0021.28] Compile of InventorySlots failed. 2 Fatal Issue(s) 0 Warning(s) [in 15 ms] (/Game/UI/Widgets/Inventory/InventorySlots.InventorySlots)
[2018.06.18-18.30.08:208][663]LogSlate: Window 'Message' being destroyed
[2018.06.18-18.30.08:247][663]LogSlate: Took 0.000229 seconds to synchronously load lazily loaded font '../../../Engine/Content/Slate/Fonts/Roboto-Light.ttf' (167K)
[2018.06.18-18.30.08:497][663]LogContentBrowser: Native class hierarchy updated for 'BlueprintGraph' in 0.0017 seconds. Added 116 classes and 0 folders.
[2018.06.18-18.30.08:767][663]LogUObjectGlobals: Created PersistentFrame Addr=0x000001a4aed1d7b0, Size=4, Default__SKEL_PROTO_BP_AnimBlueprint_0_C Function /Engine/Transient.SKEL_PROTO_BP_AnimBlueprint_0_C:ExecuteUbergraph_PROTO_BP_AnimBlueprint_0
[2018.06.18-18.30.08:768][663]LogUObjectGlobals: Created PersistentFrame Addr=0x000001a4aed1d7a8, Size=4, Default__PROTO_BP_AnimBlueprint_0_C Function /Engine/Transient.PROTO_BP_AnimBlueprint_0_C:ExecuteUbergraph_PROTO_BP_AnimBlueprint_0
[2018.06.18-18.30.09:208][663]LogSlate: Took 0.000178 seconds to synchronously load lazily loaded font '../../../Engine/Content/Slate/Fonts/Roboto-BoldCondensed.ttf' (158K)
[2018.06.18-18.30.11:743][954]LogSlate: Took 0.000215 seconds to synchronously load lazily loaded font '../../../Engine/Content/Slate/Fonts/Roboto-Italic.ttf' (157K)
[2018.06.18-18.30.41:499][424]BlueprintLog: New page: Compile InventorySlots
[2018.06.18-18.30.41:526][424]LogBlueprint: Error: [Compiler InventorySlots] The variable FImage declared in  InventorySlots  has an invalid type Structure
[2018.06.18-18.30.41:552][424]LogUObjectGlobals: Destroyed PersistentFrame Addr=0x000001a4e5909e40, Size=40
[2018.06.18-18.30.41:552][424]LogUObjectGlobals: Created PersistentFrame Addr=0x000001a5365d36a0, Size=40, InventorySlots_C_2 Function /Engine/Transient.REINST_InventorySlots_C_3:ExecuteUbergraph_InventorySlots
[2018.06.18-18.30.41:553][424]LogBlueprint: Error: [Compiler InventorySlots] The variable FImage declared in  InventorySlots  has an invalid type Structure
[2018.06.18-18.30.41:557][424]LogBlueprint: Error: [Compiler InventorySlots] This blueprint (self) is not a UIComponent, therefore ' Target ' must have a connection.
[2018.06.18-18.30.41:561][424]LogUObjectGlobals: Created PersistentFrame Addr=0x000001a5365d38f8, Size=40, Default__InventorySlots_C Function /Game/UI/Widgets/Inventory/InventorySlots.InventorySlots_C:ExecuteUbergraph_InventorySlots
[2018.06.18-18.30.41:582][424]LogUObjectGlobals: Destroyed PersistentFrame Addr=0x000001a4e590a368, Size=40
[2018.06.18-18.30.41:582][424]LogUObjectGlobals: Destroyed PersistentFrame Addr=0x000001a531abfec0, Size=320
[2018.06.18-18.30.41:611][424]LogBlueprint: Warning: [Compiler InventorySlots] [0061.02] Compile of InventorySlots failed. 3 Fatal Issue(s) 0 Warning(s) [in 111 ms] (/Game/UI/Widgets/Inventory/InventorySlots.InventorySlots)
[2018.06.18-18.30.42:066][473]Cmd: OBJ SAVEPACKAGE PACKAGE="/Game/UI/Widgets/Inventory/InventorySlots" FILE="../../../../../../../Projects/FPS/FPS/Content/UI/Widgets/Inventory/InventorySlots.uasset" SILENT=true
[2018.06.18-18.30.42:184][473]LogSavePackage: Save=102.07ms
[2018.06.18-18.30.42:184][473]LogSavePackage: Moving '../../../../../../../Projects/FPS/FPS/Saved/InventorySlotsC7D14D3547674D0880657FA79E823385.tmp' to '../../../../../../../Projects/FPS/FPS/Content/UI/Widgets/Inventory/InventorySlots.uasset'
[2018.06.18-18.30.42:186][473]LogSavePackage: Display: Finished SavePackage ../../../../../../../Projects/FPS/FPS/Content/UI/Widgets/Inventory/InventorySlots.uasset
[2018.06.18-18.30.45:242][836]BlueprintLog: New page: Compile InventorySlots
[2018.06.18-18.30.45:266][836]LogBlueprint: Error: [Compiler InventorySlots] The variable FImage declared in  InventorySlots  has an invalid type Structure
[2018.06.18-18.30.45:293][836]LogUObjectGlobals: Destroyed PersistentFrame Addr=0x000001a5365d38f8, Size=40
[2018.06.18-18.30.45:294][836]LogUObjectGlobals: Created PersistentFrame Addr=0x000001a5337c04a0, Size=40, Default__InventorySlots_C Function /Engine/Transient.REINST_InventorySlots_C_5:ExecuteUbergraph_InventorySlots
[2018.06.18-18.30.45:295][836]LogBlueprint: Error: [Compiler InventorySlots] The variable FImage declared in  InventorySlots  has an invalid type Structure
[2018.06.18-18.30.45:301][836]LogUObjectGlobals: Created PersistentFrame Addr=0x000001a5337c0748, Size=40, Default__InventorySlots_C Function /Game/UI/Widgets/Inventory/InventorySlots.InventorySlots_C:ExecuteUbergraph_InventorySlots
[2018.06.18-18.30.45:323][836]LogUObjectGlobals: Destroyed PersistentFrame Addr=0x000001a5365d36a0, Size=40
[2018.06.18-18.30.45:344][836]LogBlueprint: Warning: [Compiler InventorySlots] [0064.76] Compile of InventorySlots failed. 2 Fatal Issue(s) 0 Warning(s) [in 102 ms] (/Game/UI/Widgets/Inventory/InventorySlots.InventorySlots)
[2018.06.18-18.30.45:721][876]Cmd: OBJ SAVEPACKAGE PACKAGE="/Game/UI/Widgets/Inventory/InventorySlots" FILE="../../../../../../../Projects/FPS/FPS/Content/UI/Widgets/Inventory/InventorySlots.uasset" SILENT=true
[2018.06.18-18.30.45:827][876]LogSavePackage: Save=96.50ms
[2018.06.18-18.30.45:827][876]LogSavePackage: Moving '../../../../../../../Projects/FPS/FPS/Saved/InventorySlotsC52B66004C7674DC29C00487CBB79BE5.tmp' to '../../../../../../../Projects/FPS/FPS/Content/UI/Widgets/Inventory/InventorySlots.uasset'
[2018.06.18-18.30.45:829][876]LogSavePackage: Display: Finished SavePackage ../../../../../../../Projects/FPS/FPS/Content/UI/Widgets/Inventory/InventorySlots.uasset
[2018.06.18-18.30.49:793][349]BlueprintLog: New page: Compile InventorySlots
[2018.06.18-18.30.49:817][349]LogBlueprint: Error: [Compiler InventorySlots] The variable FImage declared in  InventorySlots  has an invalid type Structure
[2018.06.18-18.30.49:845][349]LogUObjectGlobals: Destroyed PersistentFrame Addr=0x000001a5337c0748, Size=40
[2018.06.18-18.30.49:845][349]LogUObjectGlobals: Created PersistentFrame Addr=0x000001a534452fe8, Size=40, InventorySlots_C_9 Function /Engine/Transient.REINST_InventorySlots_C_7:ExecuteUbergraph_InventorySlots
[2018.06.18-18.30.49:846][349]LogBlueprint: Error: [Compiler InventorySlots] The variable FImage declared in  InventorySlots  has an invalid type Structure
[2018.06.18-18.30.49:853][349]LogUObjectGlobals: Created PersistentFrame Addr=0x000001a534453218, Size=40, Default__InventorySlots_C Function /Game/UI/Widgets/Inventory/InventorySlots.InventorySlots_C:ExecuteUbergraph_InventorySlots
[2018.06.18-18.30.49:873][349]LogUObjectGlobals: Destroyed PersistentFrame Addr=0x000001a5337c04a0, Size=40
[2018.06.18-18.30.49:893][349]LogBlueprint: Warning: [Compiler InventorySlots] [0069.30] Compile of InventorySlots failed. 2 Fatal Issue(s) 0 Warning(s) [in 99 ms] (/Game/UI/Widgets/Inventory/InventorySlots.InventorySlots)
[2018.06.18-18.30.49:955][354]BlueprintLog: New page: Compile InventorySlots
[2018.06.18-18.30.49:978][354]LogBlueprint: Error: [Compiler InventorySlots] The variable FImage declared in  InventorySlots  has an invalid type Structure
[2018.06.18-18.30.50:004][354]LogUObjectGlobals: Destroyed PersistentFrame Addr=0x000001a534453218, Size=40
[2018.06.18-18.30.50:004][354]LogUObjectGlobals: Created PersistentFrame Addr=0x000001a5365d3740, Size=40, Default__InventorySlots_C Function /Engine/Transient.REINST_InventorySlots_C_9:ExecuteUbergraph_InventorySlots
[2018.06.18-18.30.50:005][354]LogBlueprint: Error: [Compiler InventorySlots] The variable FImage declared in  InventorySlots  has an invalid type Structure
[2018.06.18-18.30.50:012][354]LogUObjectGlobals: Created PersistentFrame Addr=0x000001a5365d3c90, Size=40, Default__InventorySlots_C Function /Game/UI/Widgets/Inventory/InventorySlots.InventorySlots_C:ExecuteUbergraph_InventorySlots
[2018.06.18-18.30.50:034][354]LogUObjectGlobals: Destroyed PersistentFrame Addr=0x000001a534452fe8, Size=40
[2018.06.18-18.30.50:059][354]LogBlueprint: Warning: [Compiler InventorySlots] [0069.47] Compile of InventorySlots failed. 2 Fatal Issue(s) 0 Warning(s) [in 103 ms] (/Game/UI/Widgets/Inventory/InventorySlots.InventorySlots)
[2018.06.18-18.30.58:116][304]Cmd: OBJ SAVEPACKAGE PACKAGE="/Game/UI/Widgets/Inventory/InventorySlots" FILE="../../../../../../../Projects/FPS/FPS/Content/UI/Widgets/Inventory/InventorySlots.uasset" SILENT=true
[2018.06.18-18.30.58:230][304]LogSavePackage: Save=104.77ms
[2018.06.18-18.30.58:230][304]LogSavePackage: Moving '../../../../../../../Projects/FPS/FPS/Saved/InventorySlots7178CCC7458664448CF337A5D6D02293.tmp' to '../../../../../../../Projects/FPS/FPS/Content/UI/Widgets/Inventory/InventorySlots.uasset'
[2018.06.18-18.30.58:233][304]LogSavePackage: Display: Finished SavePackage ../../../../../../../Projects/FPS/FPS/Content/UI/Widgets/Inventory/InventorySlots.uasset
[2018.06.18-18.31.28:382][911]BlueprintLog: New page: Compile InventorySlots
[2018.06.18-18.31.28:403][911]LogBlueprint: Error: [Compiler InventorySlots] The variable FImage declared in  InventorySlots  has an invalid type Structure
[2018.06.18-18.31.28:426][911]LogUObjectGlobals: Destroyed PersistentFrame Addr=0x000001a5365d3c90, Size=40
[2018.06.18-18.31.28:426][911]LogUObjectGlobals: Created PersistentFrame Addr=0x000001a534451120, Size=40, InventorySlots_C_16 Function /Engine/Transient.REINST_InventorySlots_C_11:ExecuteUbergraph_InventorySlots
[2018.06.18-18.31.28:427][911]LogBlueprint: Error: [Compiler InventorySlots] The variable FImage declared in  InventorySlots  has an invalid type Structure
[2018.06.18-18.31.28:433][911]LogUObjectGlobals: Created PersistentFrame Addr=0x000001a534452d40, Size=40, Default__InventorySlots_C Function /Game/UI/Widgets/Inventory/InventorySlots.InventorySlots_C:ExecuteUbergraph_InventorySlots
[2018.06.18-18.31.28:453][911]LogUObjectGlobals: Destroyed PersistentFrame Addr=0x000001a5365d3740, Size=40
[2018.06.18-18.31.28:484][911]LogBlueprint: Warning: [Compiler InventorySlots] [0107.90] Compile of InventorySlots failed. 2 Fatal Issue(s) 0 Warning(s) [in 102 ms] (/Game/UI/Widgets/Inventory/InventorySlots.InventorySlots)
[2018.06.18-18.31.29:128][985]Cmd: OBJ SAVEPACKAGE PACKAGE="/Game/UI/Widgets/Inventory/InventorySlots" FILE="../../../../../../../Projects/FPS/FPS/Content/UI/Widgets/Inventory/InventorySlots.uasset" SILENT=true
[2018.06.18-18.31.29:241][985]LogSavePackage: Save=104.00ms
[2018.06.18-18.31.29:242][985]LogSavePackage: Moving '../../../../../../../Projects/FPS/FPS/Saved/InventorySlots636EB6E445B6986629A2C9AC78D12D61.tmp' to '../../../../../../../Projects/FPS/FPS/Content/UI/Widgets/Inventory/InventorySlots.uasset'
[2018.06.18-18.31.29:243][985]LogSavePackage: Display: Finished SavePackage ../../../../../../../Projects/FPS/FPS/Content/UI/Widgets/Inventory/InventorySlots.uasset
[2018.06.18-18.31.33:111][448]LogTemp: Repeating last play command: Selected Viewport
[2018.06.18-18.31.33:134][448]LogPlayLevel: PlayLevel: No blueprints needed recompiling
[2018.06.18-18.31.35:444][448]LogSlate: Window 'Message' being destroyed
[2018.06.18-18.31.37:334][645]LogEditorViewport: Clicking on Actor (LMB): StaticMeshActor (Wall_400x324)
[2018.06.18-18.31.38:194][719]LogUObjectGlobals: Destroyed PersistentFrame Addr=0x000001a534451120, Size=40
[2018.06.18-18.31.39:357][843]LogSlate: FSceneViewport::OnFocusLost() reason 0
[2018.06.18-18.31.39:598][853]LogSlate: Window 'FPS - Unreal Editor' being destroyed
[2018.06.18-18.31.39:600][853]LogWindowsTextInputMethodSystem: Display: IME system now deactivated.
[2018.06.18-18.31.39:850][854]Cmd: QUIT_EDITOR
[2018.06.18-18.31.39:894][854]LogSlate: Slate User Destroyed.  User Index 0, Is Virtual User: 0
[2018.06.18-18.31.39:894][854]LogExit: Preparing to exit.
[2018.06.18-18.31.40:594][854]LogDirectoryWatcher: A directory notification for 'E:/Projects/FPS/FPS/Content/' was aborted.
[2018.06.18-18.31.40:634][854]LogUObjectGlobals: Destroyed PersistentFrame Addr=0x000001a4ba35d530, Size=80
[2018.06.18-18.31.40:636][854]LogExit: Editor shut down
[2018.06.18-18.31.40:638][854]LogExit: Transaction tracking system shut down
[2018.06.18-18.31.40:639][854]LogUObjectGlobals: Destroyed PersistentFrame Addr=0x000001a531abfc40, Size=320
[2018.06.18-18.31.40:650][854]LogUObjectGlobals: Destroyed PersistentFrame Addr=0x000001a534452d40, Size=40
[2018.06.18-18.31.40:652][854]LogUObjectGlobals: Destroyed PersistentFrame Addr=0x000001a4aed1d7b0, Size=4
[2018.06.18-18.31.40:652][854]LogUObjectGlobals: Destroyed PersistentFrame Addr=0x000001a4aed1d7a8, Size=4
