Log file open, 06/14/18 19:42:20
LogWindows: Failed to load 'aqProf.dll' (GetLastError=126)
LogWindows: File 'aqProf.dll' does not exist
LogWindows: Failed to load 'VtuneApi.dll' (GetLastError=126)
LogWindows: File 'VtuneApi.dll' does not exist
LogWindows: Failed to load 'VtuneApi32e.dll' (GetLastError=126)
LogWindows: File 'VtuneApi32e.dll' does not exist
LogInit: Display: Running engine for game: FPS
LogPlatformFile: Not using cached read wrapper
LogInit: Display: RandInit(2008052978) SRandInit(2008052978).
LogInit: Read version file with build ID '3944462'
LogInit: Overriding engine version to CL 4033788, compatible CL 3944462
LogInit: Registered custom module enumerator with build ID '3944462'
LogTaskGraph: Started task graph with 5 named threads and 23 total threads with 3 sets of task threads.
LogStats: Stats thread started at 0.572031
LogD3D11RHI: Aftermath initialized
LogICUInternationalization: Display: ICU TimeZone Detection - Raw Offset: +1:00, Platform Override: ''
LogPluginManager: Mounting plugin Paper2D
LogPluginManager: Mounting plugin LiveLink
LogPluginManager: Mounting plugin LightPropagationVolume
LogPluginManager: Mounting plugin CLionSourceCodeAccess
LogPluginManager: Mounting plugin CodeLiteSourceCodeAccess
LogPluginManager: Mounting plugin GitSourceControl
LogPluginManager: Mounting plugin KDevelopSourceCodeAccess
LogPluginManager: Mounting plugin NullSourceCodeAccess
LogPluginManager: Mounting plugin PerforceSourceControl
LogPluginManager: Mounting plugin SubversionSourceControl
LogPluginManager: Mounting plugin UObjectPlugin
LogPluginManager: Mounting plugin VisualStudioCodeSourceCodeAccess
LogPluginManager: Mounting plugin VisualStudioSourceCodeAccess
LogPluginManager: Mounting plugin XCodeSourceCodeAccess
LogPluginManager: Mounting plugin AssetManagerEditor
LogPluginManager: Mounting plugin CryptoKeys
LogPluginManager: Mounting plugin DataValidation
LogPluginManager: Mounting plugin FacialAnimation
LogPluginManager: Mounting plugin GameplayTagsEditor
LogPluginManager: Mounting plugin MobileLauncherProfileWizard
LogPluginManager: Mounting plugin PluginBrowser
LogPluginManager: Mounting plugin SpeedTreeImporter
LogPluginManager: Mounting plugin DatasmithContent
LogPluginManager: Mounting plugin AlembicImporter
LogPluginManager: Mounting plugin CharacterAI
LogPluginManager: Mounting plugin HTML5Networking
LogPluginManager: Mounting plugin AndroidMedia
LogPluginManager: Mounting plugin AvfMedia
LogPluginManager: Mounting plugin ImgMedia
LogPluginManager: Mounting plugin LinearTimecode
LogPluginManager: Mounting plugin MediaCompositing
LogPluginManager: Mounting plugin MediaPlayerEditor
LogPluginManager: Mounting plugin WmfMedia
LogPluginManager: Mounting plugin TcpMessaging
LogPluginManager: Mounting plugin UdpMessaging
LogPluginManager: Mounting plugin ActorSequence
LogPluginManager: Mounting plugin LevelSequenceEditor
LogPluginManager: Mounting plugin MatineeToLevelSequence
LogPluginManager: Mounting plugin NetcodeUnitTest
LogPluginManager: Mounting plugin NUTUnrealEngine4
LogPluginManager: Mounting plugin OnlineSubsystemGooglePlay
LogPluginManager: Mounting plugin OnlineSubsystemIOS
LogPluginManager: Mounting plugin OnlineSubsystem
LogPluginManager: Mounting plugin OnlineSubsystemNull
LogPluginManager: Mounting plugin OnlineSubsystemUtils
LogPluginManager: Mounting plugin AndroidDeviceProfileSelector
LogPluginManager: Mounting plugin AndroidMoviePlayer
LogPluginManager: Mounting plugin AndroidPermission
LogPluginManager: Mounting plugin AppleARKit
LogPluginManager: Mounting plugin AppleMoviePlayer
LogPluginManager: Mounting plugin ArchVisCharacter
LogPluginManager: Mounting plugin AudioCapture
LogPluginManager: Mounting plugin CableComponent
LogPluginManager: Mounting plugin CustomMeshComponent
LogPluginManager: Mounting plugin ExampleDeviceProfileSelector
LogPluginManager: Mounting plugin GoogleCloudMessaging
LogPluginManager: Mounting plugin ImmediatePhysics
LogPluginManager: Mounting plugin IOSDeviceProfileSelector
LogPluginManager: Mounting plugin LinuxDeviceProfileSelector
LogPluginManager: Mounting plugin LocationServicesBPLibrary
LogPluginManager: Mounting plugin MobilePatchingUtils
LogPluginManager: Mounting plugin OculusVR
LogPluginManager: Plugin shader directory ../../../Engine/Plugins/Runtime/Oculus/OculusVR/Shaders found
LogPluginManager: Mapping shader source directory ../../../Engine/Plugins/Runtime/Oculus/OculusVR/Shaders to virtual directory /Plugin/OculusVR
LogPluginManager: Mounting plugin PhysXVehicles
LogPluginManager: Mounting plugin ProceduralMeshComponent
LogPluginManager: Mounting plugin RuntimePhysXCooking
LogPluginManager: Mounting plugin SteamVR
LogPluginManager: Mounting plugin WindowsMoviePlayer
LogPluginManager: Mounting plugin CoverPointGenerator
LogStreaming: Display: Took  0.089s to configure plugins.
LogModuleManager: Display: Found up-to-date module file ../../../../../../../Projects/FPS/FPS/Binaries/Win64/UE4Editor-FPS.dll (API version 3944462).
LogModuleManager: Display: Found up-to-date module file ../../../Engine/Plugins/2D/Paper2D/Binaries/Win64/UE4Editor-Paper2D.dll (API version 3944462).
LogModuleManager: Display: Found up-to-date module file ../../../Engine/Plugins/2D/Paper2D/Binaries/Win64/UE4Editor-Paper2DEditor.dll (API version 3944462).
LogModuleManager: Display: Found up-to-date module file ../../../Engine/Plugins/2D/Paper2D/Binaries/Win64/UE4Editor-PaperSpriteSheetImporter.dll (API version 3944462).
LogModuleManager: Display: Found up-to-date module file ../../../Engine/Plugins/2D/Paper2D/Binaries/Win64/UE4Editor-PaperTiledImporter.dll (API version 3944462).
LogModuleManager: Display: Found up-to-date module file ../../../Engine/Plugins/2D/Paper2D/Binaries/Win64/UE4Editor-SmartSnapping.dll (API version 3944462).
LogModuleManager: Display: Found up-to-date module file ../../../Engine/Plugins/Animation/LiveLink/Binaries/Win64/UE4Editor-LiveLink.dll (API version 3944462).
LogModuleManager: Display: Found up-to-date module file ../../../Engine/Plugins/Animation/LiveLink/Binaries/Win64/UE4Editor-LiveLinkEditor.dll (API version 3944462).
LogModuleManager: Display: Found up-to-date module file ../../../Engine/Plugins/Blendables/LightPropagationVolume/Binaries/Win64/UE4Editor-LightPropagationVolumeRuntime.dll (API version 3944462).
LogModuleManager: Display: Found up-to-date module file ../../../Engine/Plugins/Blendables/LightPropagationVolume/Binaries/Win64/UE4Editor-LightPropagationVolumeEditor.dll (API version 3944462).
LogModuleManager: Display: Found up-to-date module file ../../../Engine/Plugins/Developer/CLionSourceCodeAccess/Binaries/Win64/UE4Editor-CLionSourceCodeAccess.dll (API version 3944462).
LogModuleManager: Display: Found up-to-date module file ../../../Engine/Plugins/Developer/GitSourceControl/Binaries/Win64/UE4Editor-GitSourceControl.dll (API version 3944462).
LogModuleManager: Display: Found up-to-date module file ../../../Engine/Plugins/Developer/PerforceSourceControl/Binaries/Win64/UE4Editor-PerforceSourceControl.dll (API version 3944462).
LogModuleManager: Display: Found up-to-date module file ../../../Engine/Plugins/Developer/SubversionSourceControl/Binaries/Win64/UE4Editor-SubversionSourceControl.dll (API version 3944462).
LogModuleManager: Display: Found up-to-date module file ../../../Engine/Plugins/Developer/UObjectPlugin/Binaries/Win64/UE4Editor-UObjectPlugin.dll (API version 3944462).
LogModuleManager: Display: Found up-to-date module file ../../../Engine/Plugins/Developer/VisualStudioCodeSourceCodeAccess/Binaries/Win64/UE4Editor-VisualStudioCodeSourceCodeAccess.dll (API version 3944462).
LogModuleManager: Display: Found up-to-date module file ../../../Engine/Plugins/Developer/VisualStudioSourceCodeAccess/Binaries/Win64/UE4Editor-VisualStudioSourceCodeAccess.dll (API version 3944462).
LogModuleManager: Display: Found up-to-date module file ../../../Engine/Plugins/Editor/AssetManagerEditor/Binaries/Win64/UE4Editor-AssetManagerEditor.dll (API version 3944462).
LogModuleManager: Display: Found up-to-date module file ../../../Engine/Plugins/Editor/CryptoKeys/Binaries/Win64/UE4Editor-CryptoKeys.dll (API version 3944462).
LogModuleManager: Display: Found up-to-date module file ../../../Engine/Plugins/Editor/CryptoKeys/Binaries/Win64/UE4Editor-CryptoKeysOpenSSL.dll (API version 3944462).
LogModuleManager: Display: Found up-to-date module file ../../../Engine/Plugins/Editor/DataValidation/Binaries/Win64/UE4Editor-DataValidation.dll (API version 3944462).
LogModuleManager: Display: Found up-to-date module file ../../../Engine/Plugins/Editor/FacialAnimation/Binaries/Win64/UE4Editor-FacialAnimation.dll (API version 3944462).
LogModuleManager: Display: Found up-to-date module file ../../../Engine/Plugins/Editor/FacialAnimation/Binaries/Win64/UE4Editor-FacialAnimationEditor.dll (API version 3944462).
LogModuleManager: Display: Found up-to-date module file ../../../Engine/Plugins/Editor/GameplayTagsEditor/Binaries/Win64/UE4Editor-GameplayTagsEditor.dll (API version 3944462).
LogModuleManager: Display: Found up-to-date module file ../../../Engine/Plugins/Editor/MobileLauncherProfileWizard/Binaries/Win64/UE4Editor-MobileLauncherProfileWizard.dll (API version 3944462).
LogModuleManager: Display: Found up-to-date module file ../../../Engine/Plugins/Editor/PluginBrowser/Binaries/Win64/UE4Editor-PluginBrowser.dll (API version 3944462).
LogModuleManager: Display: Found up-to-date module file ../../../Engine/Plugins/Editor/SpeedTreeImporter/Binaries/Win64/UE4Editor-SpeedTreeImporter.dll (API version 3944462).
LogModuleManager: Display: Found up-to-date module file ../../../Engine/Plugins/Enterprise/DatasmithContent/Binaries/Win64/UE4Editor-DatasmithContent.dll (API version 3944462).
LogModuleManager: Display: Found up-to-date module file ../../../Engine/Plugins/Experimental/AlembicImporter/Binaries/Win64/UE4Editor-AlembicImporter.dll (API version 3944462).
LogModuleManager: Display: Found up-to-date module file ../../../Engine/Plugins/Experimental/AlembicImporter/Binaries/Win64/UE4Editor-AlembicLibrary.dll (API version 3944462).
LogModuleManager: Display: Found up-to-date module file ../../../Engine/Plugins/Experimental/CharacterAI/Binaries/Win64/UE4Editor-CharacterAI.dll (API version 3944462).
LogModuleManager: Display: Found up-to-date module file ../../../Engine/Plugins/Experimental/HTML5Networking/Binaries/Win64/UE4Editor-HTML5Networking.dll (API version 3944462).
LogModuleManager: Display: Found up-to-date module file ../../../Engine/Plugins/Media/AndroidMedia/Binaries/Win64/UE4Editor-AndroidMediaEditor.dll (API version 3944462).
LogModuleManager: Display: Found up-to-date module file ../../../Engine/Plugins/Media/AndroidMedia/Binaries/Win64/UE4Editor-AndroidMediaFactory.dll (API version 3944462).
LogModuleManager: Display: Found up-to-date module file ../../../Engine/Plugins/Media/AvfMedia/Binaries/Win64/UE4Editor-AvfMediaEditor.dll (API version 3944462).
LogModuleManager: Display: Found up-to-date module file ../../../Engine/Plugins/Media/AvfMedia/Binaries/Win64/UE4Editor-AvfMediaFactory.dll (API version 3944462).
LogModuleManager: Display: Found up-to-date module file ../../../Engine/Plugins/Media/AvfMedia/Binaries/Win64/UE4Editor-AvfMediaFactory.dll (API version 3944462).
LogModuleManager: Display: Found up-to-date module file ../../../Engine/Plugins/Media/ImgMedia/Binaries/Win64/UE4Editor-ImgMedia.dll (API version 3944462).
LogModuleManager: Display: Found up-to-date module file ../../../Engine/Plugins/Media/ImgMedia/Binaries/Win64/UE4Editor-ImgMediaEditor.dll (API version 3944462).
LogModuleManager: Display: Found up-to-date module file ../../../Engine/Plugins/Media/ImgMedia/Binaries/Win64/UE4Editor-ImgMediaFactory.dll (API version 3944462).
LogModuleManager: Display: Found up-to-date module file ../../../Engine/Plugins/Media/ImgMedia/Binaries/Win64/UE4Editor-ImgMediaFactory.dll (API version 3944462).
LogModuleManager: Display: Found up-to-date module file ../../../Engine/Plugins/Media/ImgMedia/Binaries/Win64/UE4Editor-OpenExrWrapper.dll (API version 3944462).
LogModuleManager: Display: Found up-to-date module file ../../../Engine/Plugins/Media/LinearTimecode/Binaries/Win64/UE4Editor-LinearTimecode.dll (API version 3944462).
LogModuleManager: Display: Found up-to-date module file ../../../Engine/Plugins/Media/MediaCompositing/Binaries/Win64/UE4Editor-MediaCompositing.dll (API version 3944462).
LogModuleManager: Display: Found up-to-date module file ../../../Engine/Plugins/Media/MediaCompositing/Binaries/Win64/UE4Editor-MediaCompositingEditor.dll (API version 3944462).
LogModuleManager: Display: Found up-to-date module file ../../../Engine/Plugins/Media/MediaPlayerEditor/Binaries/Win64/UE4Editor-MediaPlayerEditor.dll (API version 3944462).
LogModuleManager: Display: Found up-to-date module file ../../../Engine/Plugins/Media/WmfMedia/Binaries/Win64/UE4Editor-WmfMedia.dll (API version 3944462).
LogModuleManager: Display: Found up-to-date module file ../../../Engine/Plugins/Media/WmfMedia/Binaries/Win64/UE4Editor-WmfMediaEditor.dll (API version 3944462).
LogModuleManager: Display: Found up-to-date module file ../../../Engine/Plugins/Media/WmfMedia/Binaries/Win64/UE4Editor-WmfMediaFactory.dll (API version 3944462).
LogModuleManager: Display: Found up-to-date module file ../../../Engine/Plugins/Media/WmfMedia/Binaries/Win64/UE4Editor-WmfMediaFactory.dll (API version 3944462).
LogModuleManager: Display: Found up-to-date module file ../../../Engine/Plugins/Messaging/TcpMessaging/Binaries/Win64/UE4Editor-TcpMessaging.dll (API version 3944462).
LogModuleManager: Display: Found up-to-date module file ../../../Engine/Plugins/Messaging/UdpMessaging/Binaries/Win64/UE4Editor-UdpMessaging.dll (API version 3944462).
LogModuleManager: Display: Found up-to-date module file ../../../Engine/Plugins/MovieScene/ActorSequence/Binaries/Win64/UE4Editor-ActorSequence.dll (API version 3944462).
LogModuleManager: Display: Found up-to-date module file ../../../Engine/Plugins/MovieScene/LevelSequenceEditor/Binaries/Win64/UE4Editor-LevelSequenceEditor.dll (API version 3944462).
LogModuleManager: Display: Found up-to-date module file ../../../Engine/Plugins/MovieScene/MatineeToLevelSequence/Binaries/Win64/UE4Editor-MatineeToLevelSequence.dll (API version 3944462).
LogModuleManager: Display: Found up-to-date module file ../../../Engine/Plugins/NetcodeUnitTest/NetcodeUnitTest/Binaries/Win64/UE4Editor-NetcodeUnitTest.dll (API version 3944462).
LogModuleManager: Display: Found up-to-date module file ../../../Engine/Plugins/NetcodeUnitTest/NUTUnrealEngine4/Binaries/Win64/UE4Editor-NUTUnrealEngine4.dll (API version 3944462).
LogModuleManager: Display: Found up-to-date module file ../../../Engine/Plugins/Online/OnlineSubsystem/Binaries/Win64/UE4Editor-OnlineSubsystem.dll (API version 3944462).
LogModuleManager: Display: Found up-to-date module file ../../../Engine/Plugins/Online/OnlineSubsystemNull/Binaries/Win64/UE4Editor-OnlineSubsystemNull.dll (API version 3944462).
LogModuleManager: Display: Found up-to-date module file ../../../Engine/Plugins/Online/OnlineSubsystemUtils/Binaries/Win64/UE4Editor-OnlineSubsystemUtils.dll (API version 3944462).
LogModuleManager: Display: Found up-to-date module file ../../../Engine/Plugins/Online/OnlineSubsystemUtils/Binaries/Win64/UE4Editor-OnlineBlueprintSupport.dll (API version 3944462).
LogModuleManager: Display: Found up-to-date module file ../../../Engine/Plugins/Runtime/AndroidDeviceProfileSelector/Binaries/Win64/UE4Editor-AndroidDeviceProfileSelector.dll (API version 3944462).
LogModuleManager: Display: Found up-to-date module file ../../../Engine/Plugins/Runtime/AndroidPermission/Binaries/Win64/UE4Editor-AndroidPermission.dll (API version 3944462).
LogModuleManager: Display: Found up-to-date module file ../../../Engine/Plugins/Runtime/AppleARKit/Binaries/Win64/UE4Editor-AppleARKit.dll (API version 3944462).
LogModuleManager: Display: Found up-to-date module file ../../../Engine/Plugins/Runtime/ArchVisCharacter/Binaries/Win64/UE4Editor-ArchVisCharacter.dll (API version 3944462).
LogModuleManager: Display: Found up-to-date module file ../../../Engine/Plugins/Runtime/AudioCapture/Binaries/Win64/UE4Editor-AudioCapture.dll (API version 3944462).
LogModuleManager: Display: Found up-to-date module file ../../../Engine/Plugins/Runtime/AudioCapture/Binaries/Win64/UE4Editor-AudioCaptureEditor.dll (API version 3944462).
LogModuleManager: Display: Found up-to-date module file ../../../Engine/Plugins/Runtime/CableComponent/Binaries/Win64/UE4Editor-CableComponent.dll (API version 3944462).
LogModuleManager: Display: Found up-to-date module file ../../../Engine/Plugins/Runtime/CustomMeshComponent/Binaries/Win64/UE4Editor-CustomMeshComponent.dll (API version 3944462).
LogModuleManager: Display: Found up-to-date module file ../../../Engine/Plugins/Runtime/ExampleDeviceProfileSelector/Binaries/Win64/UE4Editor-ExampleDeviceProfileSelector.dll (API version 3944462).
LogModuleManager: Display: Found up-to-date module file ../../../Engine/Plugins/Runtime/ImmediatePhysics/Binaries/Win64/UE4Editor-ImmediatePhysics.dll (API version 3944462).
LogModuleManager: Display: Found up-to-date module file ../../../Engine/Plugins/Runtime/ImmediatePhysics/Binaries/Win64/UE4Editor-ImmediatePhysicsEditor.dll (API version 3944462).
LogModuleManager: Display: Found up-to-date module file ../../../Engine/Plugins/Runtime/LocationServicesBPLibrary/Binaries/Win64/UE4Editor-LocationServicesBPLibrary.dll (API version 3944462).
LogModuleManager: Display: Found up-to-date module file ../../../Engine/Plugins/Runtime/MobilePatchingUtils/Binaries/Win64/UE4Editor-MobilePatchingUtils.dll (API version 3944462).
LogModuleManager: Display: Found up-to-date module file ../../../Engine/Plugins/Runtime/Oculus/OculusVR/Binaries/Win64/UE4Editor-OculusHMD.dll (API version 3944462).
LogModuleManager: Display: Found up-to-date module file ../../../Engine/Plugins/Runtime/Oculus/OculusVR/Binaries/Win64/UE4Editor-OculusInput.dll (API version 3944462).
LogModuleManager: Display: Found up-to-date module file ../../../Engine/Plugins/Runtime/Oculus/OculusVR/Binaries/Win64/UE4Editor-OculusEditor.dll (API version 3944462).
LogModuleManager: Display: Found up-to-date module file ../../../Engine/Plugins/Runtime/PhysXVehicles/Binaries/Win64/UE4Editor-PhysXVehicles.dll (API version 3944462).
LogModuleManager: Display: Found up-to-date module file ../../../Engine/Plugins/Runtime/PhysXVehicles/Binaries/Win64/UE4Editor-PhysXVehiclesEditor.dll (API version 3944462).
LogModuleManager: Display: Found up-to-date module file ../../../Engine/Plugins/Runtime/ProceduralMeshComponent/Binaries/Win64/UE4Editor-ProceduralMeshComponent.dll (API version 3944462).
LogModuleManager: Display: Found up-to-date module file ../../../Engine/Plugins/Runtime/ProceduralMeshComponent/Binaries/Win64/UE4Editor-ProceduralMeshComponentEditor.dll (API version 3944462).
LogModuleManager: Display: Found up-to-date module file ../../../Engine/Plugins/Runtime/RuntimePhysXCooking/Binaries/Win64/UE4Editor-RuntimePhysXCooking.dll (API version 3944462).
LogModuleManager: Display: Found up-to-date module file ../../../Engine/Plugins/Runtime/Steam/SteamVR/Binaries/Win64/UE4Editor-SteamVR.dll (API version 3944462).
LogModuleManager: Display: Found up-to-date module file ../../../Engine/Plugins/Runtime/Steam/SteamVR/Binaries/Win64/UE4Editor-SteamVRController.dll (API version 3944462).
LogModuleManager: Display: Found up-to-date module file ../../../Engine/Plugins/Runtime/WindowsMoviePlayer/Binaries/Win64/UE4Editor-WindowsMoviePlayer.dll (API version 3944462).
LogModuleManager: Display: Found up-to-date module file ../../../../../../../Projects/FPS/FPS/Plugins/CoverPointGenerator/Binaries/Win64/UE4Editor-CoverPointGenerator.dll (API version 3944462).
LogInit: Using libcurl 7.47.1
LogInit:  - built for x86_64-pc-win32
LogInit:  - supports SSL with OpenSSL/1.0.2g
LogInit:  - supports HTTP deflate (compression) using libz 1.2.8
LogInit:  - other features:
LogInit:      CURL_VERSION_SSL
LogInit:      CURL_VERSION_LIBZ
LogInit:      CURL_VERSION_IPV6
LogInit:      CURL_VERSION_ASYNCHDNS
LogInit:      CURL_VERSION_LARGEFILE
LogInit:      CURL_VERSION_IDN
LogInit:  CurlRequestOptions (configurable via config and command line):
LogInit:  - bVerifyPeer = false  - Libcurl will NOT verify peer certificate
LogInit:  - bUseHttpProxy = false  - Libcurl will NOT use HTTP proxy
LogInit:  - bDontReuseConnections = false  - Libcurl will reuse connections
LogInit:  - CertBundlePath = nullptr  - Libcurl will use whatever was configured at build time.
LogInit:  - MaxHostConnections = 16  - Libcurl will limit the number of connections to a host
LogInit:  - LocalHostAddr = Default
LogInit: WinSock: version 1.1 (2.2), MaxSocks=32767, MaxUdp=65467
LogInit: WinSock: I am DESKTOP-27ERO04 (192.168.178.101:0)
LogInit: Build: ++UE4+Release-4.19-CL-4033788
LogInit: Engine Version: 4.19.2-4033788+++UE4+Release-4.19
LogInit: Compatible Engine Version: 4.19.0-3944462+++UE4+Release-4.19
LogInit: Net CL: 3944462
LogDevObjectVersion: Number of dev versions registered: 18
LogDevObjectVersion:   Dev-Blueprints (B0D832E4-1F89-4F0D-ACCF-7EB736FD4AA2): 10
LogDevObjectVersion:   Dev-Build (E1C64328-A22C-4D53-A36C-8E866417BD8C): 0
LogDevObjectVersion:   Dev-Core (375EC13C-06E4-48FB-B500-84F0262A717E): 2
LogDevObjectVersion:   Dev-Editor (E4B068ED-F494-42E9-A231-DA0B2E46BB41): 23
LogDevObjectVersion:   Dev-Framework (CFFC743F-43B0-4480-9391-14DF171D2073): 33
LogDevObjectVersion:   Dev-Mobile (B02B49B5-BB20-44E9-A304-32B752E40360): 2
LogDevObjectVersion:   Dev-Networking (A4E4105C-59A1-49B5-A7C5-40C4547EDFEE): 0
LogDevObjectVersion:   Dev-Online (39C831C9-5AE6-47DC-9A44-9C173E1C8E7C): 0
LogDevObjectVersion:   Dev-Physics (78F01B33-EBEA-4F98-B9B4-84EACCB95AA2): 0
LogDevObjectVersion:   Dev-Platform (6631380F-2D4D-43E0-8009-CF276956A95A): 0
LogDevObjectVersion:   Dev-Rendering (12F88B9F-8875-4AFC-A67C-D90C383ABD29): 25
LogDevObjectVersion:   Dev-Sequencer (7B5AE74C-D270-4C10-A958-57980B212A5A): 6
LogDevObjectVersion:   Dev-VR (D7296918-1DD6-4BDD-9DE2-64A83CC13884): 1
LogDevObjectVersion:   Dev-LoadTimes (C2A15278-BFE7-4AFE-6C17-90FF531DF755): 1
LogDevObjectVersion:   Private-Geometry (6EACA3D4-40EC-4CC1-B786-8BED09428FC5): 2
LogDevObjectVersion:   Dev-AnimPhys (29E575DD-E0A3-4627-9D10-D276232CDCEA): 16
LogDevObjectVersion:   Dev-ReflectionCapture (6B266CEC-1EC7-4B8F-A30B-E4D90942FC07): 1
LogDevObjectVersion:   Dev-Automation (0DF73D61-A23F-47EA-B727-89E90C41499A): 1
LogInit: Compiled (64-bit): Apr 27 2018 02:06:57
LogInit: Compiled with Visual C++: 19.00.24215.01
LogInit: Build Configuration: Development
LogInit: Branch Name: ++UE4+Release-4.19
LogInit: Command Line:  -skipcompile
LogInit: Base Directory: E:/Game Engines/Epic Games/4.19/UE_4.19/Engine/Binaries/Win64/
LogInit: Installed Engine Build: 1
LogStreaming: Display: Took  0.002s to delete old logs.
LogInit: Presizing for max 8388607 objects, including 0 objects not considered by GC, pre-allocating 0 bytes for permanent pool.
LogInit: Object subsystem initialized
[2018.06.14-17.42.21:786][  0]LogInit: Selected Device Profile: [Windows]
[2018.06.14-17.42.21:786][  0]LogInit: Applying CVar settings loaded from the selected device profile: [Windows]
[2018.06.14-17.42.21:799][  0]LogInit: Computer: DESKTOP-27ERO04
[2018.06.14-17.42.21:799][  0]LogInit: User: TomColdenhoff
[2018.06.14-17.42.21:799][  0]LogInit: CPU Page size=4096, Cores=4
[2018.06.14-17.42.21:799][  0]LogInit: High frequency timer resolution =3.319355 MHz
[2018.06.14-17.42.21:799][  0]LogMemory: Memory total: Physical=11.9GB (12GB approx)
[2018.06.14-17.42.21:799][  0]LogMemory: Platform Memory Stats for Windows
[2018.06.14-17.42.21:799][  0]LogMemory: Process Physical Memory: 275.29 MB used, 275.29 MB peak
[2018.06.14-17.42.21:800][  0]LogMemory: Process Virtual Memory: 264.53 MB used, 264.53 MB peak
[2018.06.14-17.42.21:800][  0]LogMemory: Physical Memory: 6135.25 MB used,  6072.19 MB free, 12207.44 MB total
[2018.06.14-17.42.21:800][  0]LogMemory: Virtual Memory: 4789.34 MB used,  6072.19 MB free, 134217728.00 MB total
[2018.06.14-17.42.21:837][  0]LogInit: Using OS detected language (en-US).
[2018.06.14-17.42.21:837][  0]LogInit: Using OS detected locale (en-US).
[2018.06.14-17.42.21:840][  0]LogTextLocalizationManager: No specific localization for 'en-US' exists, so the 'en' localization will be used.
[2018.06.14-17.42.22:279][  0]LogStreaming: Display: Took  0.441s to EndInitTextLocalization.
[2018.06.14-17.42.22:279][  0]LogInit: Setting process to per monitor DPI aware
[2018.06.14-17.42.22:331][  0]LogSlate: New Slate User Created.  User Index 0, Is Virtual User: 0
[2018.06.14-17.42.22:332][  0]LogSlate: Slate User Registered.  User Index 0, Is Virtual User: 0
[2018.06.14-17.42.22:514][  0]LogD3D11RHI: D3D11 adapters:
[2018.06.14-17.42.22:579][  0]LogD3D11RHI:    0. 'NVIDIA GeForce GTX 970' (Feature Level 11_0)
[2018.06.14-17.42.22:579][  0]LogD3D11RHI:       4043/0/6103 MB DedicatedVideo/DedicatedSystem/SharedSystem, Outputs:2, VendorId:0x10de
[2018.06.14-17.42.22:584][  0]LogD3D11RHI:    1. 'Microsoft Basic Render Driver' (Feature Level 11_0)
[2018.06.14-17.42.22:584][  0]LogD3D11RHI:       0/0/6103 MB DedicatedVideo/DedicatedSystem/SharedSystem, Outputs:0, VendorId:0x1414
[2018.06.14-17.42.22:584][  0]LogD3D11RHI: Chosen D3D11 Adapter: 0
[2018.06.14-17.42.22:592][  0]LogD3D11RHI: Creating new Direct3DDevice
[2018.06.14-17.42.22:592][  0]LogD3D11RHI:     GPU DeviceId: 0x13c2 (for the marketing name, search the web for "GPU Device Id")
[2018.06.14-17.42.22:592][  0]LogWindows: EnumDisplayDevices:
[2018.06.14-17.42.22:592][  0]LogWindows:    0. 'NVIDIA GeForce GTX 970' (P:1 D:1)
[2018.06.14-17.42.22:592][  0]LogWindows:    1. 'NVIDIA GeForce GTX 970' (P:0 D:1)
[2018.06.14-17.42.22:593][  0]LogWindows:    2. 'NVIDIA GeForce GTX 970' (P:0 D:0)
[2018.06.14-17.42.22:593][  0]LogWindows:    3. 'NVIDIA GeForce GTX 970' (P:0 D:0)
[2018.06.14-17.42.22:593][  0]LogWindows: DebugString: GetVideoDriverDetailsInvalid PrimaryIsNotTheChoosenAdapter GetVideoDriverDetailsInvalid PrimaryIsNotTheChoosenAdapter GetVideoDriverDetailsInvalid PrimaryIsNotTheChoosenAdapter GetVideoDriverDetailsInvalid PrimaryIsNotTheChoosenAdapter FoundDriverCount:0 
[2018.06.14-17.42.22:593][  0]LogD3D11RHI:     Adapter Name: NVIDIA GeForce GTX 970
[2018.06.14-17.42.22:593][  0]LogD3D11RHI:   Driver Version: Unknown (internal:Unknown, unified:Unknown)
[2018.06.14-17.42.22:593][  0]LogD3D11RHI:      Driver Date: Unknown
[2018.06.14-17.42.22:593][  0]LogRHI: Texture pool is 2830 MB (70% of 4043 MB)
[2018.06.14-17.42.22:630][  0]LogD3D11RHI: [Aftermath] Aftermath enabled and primed
[2018.06.14-17.42.22:630][  0]LogD3D11RHI: [Aftermath] Aftermath enabled and primed
[2018.06.14-17.42.22:630][  0]LogD3D11RHI: Async texture creation enabled
[2018.06.14-17.42.22:728][  0]LogD3D11RHI: GPU Timing Frequency: 1000.000000 (Debug: 2 2)
[2018.06.14-17.42.22:776][  0]LogShaderCompilers: Guid format shader working directory is 16 characters bigger than the processId version (../../../../../../../Projects/FPS/FPS/Intermediate/Shaders/WorkingDirectory/10252/).
[2018.06.14-17.42.22:776][  0]LogShaderCompilers: Cleaned the shader compiler working directory 'C:/Users/TomColdenhoff/AppData/Local/Temp/UnrealShaderWorkingDir/1741474547B48A64EB2FC2B9DF640F1B/'.
[2018.06.14-17.42.23:013][  0]LogTemp: Display: Loaded TP AllDesktopTargetPlatform
[2018.06.14-17.42.23:032][  0]LogTemp: Display: Loaded TP MacClientTargetPlatform
[2018.06.14-17.42.23:047][  0]LogTemp: Display: Loaded TP MacNoEditorTargetPlatform
[2018.06.14-17.42.23:062][  0]LogTemp: Display: Loaded TP MacServerTargetPlatform
[2018.06.14-17.42.23:080][  0]LogTemp: Display: Loaded TP MacTargetPlatform
[2018.06.14-17.42.23:097][  0]LogTemp: Display: Loaded TP WindowsClientTargetPlatform
[2018.06.14-17.42.23:118][  0]LogTemp: Display: Loaded TP WindowsNoEditorTargetPlatform
[2018.06.14-17.42.23:135][  0]LogTemp: Display: Loaded TP WindowsServerTargetPlatform
[2018.06.14-17.42.23:144][  0]LogTemp: Display: Loaded TP WindowsTargetPlatform
[2018.06.14-17.42.23:162][  0]LogTemp: Display: Loaded TP Android_ASTCTargetPlatform
[2018.06.14-17.42.23:175][  0]LogTemp: Display: Loaded TP Android_ATCTargetPlatform
[2018.06.14-17.42.23:191][  0]LogTemp: Display: Loaded TP Android_DXTTargetPlatform
[2018.06.14-17.42.23:211][  0]LogTemp: Display: Loaded TP Android_ETC1aTargetPlatform
[2018.06.14-17.42.23:226][  0]LogTemp: Display: Loaded TP Android_ETC1TargetPlatform
[2018.06.14-17.42.23:239][  0]LogTemp: Display: Loaded TP Android_ETC2TargetPlatform
[2018.06.14-17.42.23:268][  0]LogTemp: Display: Loaded TP Android_MultiTargetPlatform
[2018.06.14-17.42.23:268][  0]LogTemp: Display: Loaded TP Android_PVRTCTargetPlatform
[2018.06.14-17.42.23:282][  0]LogTemp: Display: Loaded TP AndroidTargetPlatform
[2018.06.14-17.42.23:284][  0]LogTemp: Display: Loaded TP HTML5TargetPlatform
[2018.06.14-17.42.23:333][  0]LogTemp: Display: Loaded TP IOSTargetPlatform
[2018.06.14-17.42.23:346][  0]LogTemp: Display: Loaded TP TVOSTargetPlatform
[2018.06.14-17.42.23:359][  0]LogTemp: Display: Loaded TP LinuxClientTargetPlatform
[2018.06.14-17.42.23:375][  0]LogTemp: Display: Loaded TP LinuxNoEditorTargetPlatform
[2018.06.14-17.42.23:388][  0]LogTemp: Display: Loaded TP LinuxServerTargetPlatform
[2018.06.14-17.42.23:402][  0]LogTemp: Display: Loaded TP LinuxTargetPlatform
[2018.06.14-17.42.23:402][  0]LogTargetPlatformManager: Display: Building Assets For Windows
[2018.06.14-17.42.23:516][  0]LogXGEController: Cleaning working directory: C:/Users/TomColdenhoff/AppData/Local/Temp/UnrealXGEWorkingDir/
[2018.06.14-17.42.23:517][  0]LogXGEController: Cannot use XGE Controller as Incredibuild is not installed on this machine.
[2018.06.14-17.42.23:517][  0]LogShaderCompilers: Cannot use XGE Shader Compiler as Incredibuild is not installed on this machine.
[2018.06.14-17.42.23:517][  0]LogShaderCompilers: Display: Using Local Shader Compiler.
[2018.06.14-17.42.24:177][  0]LogDerivedDataCache: Display: Max Cache Size: 512 MB
[2018.06.14-17.42.24:270][  0]LogDerivedDataCache: Loaded boot cache 0.09s 80MB C:/Users/TomColdenhoff/AppData/Local/UnrealEngine/4.19/DerivedDataCache/Boot.ddc.
[2018.06.14-17.42.24:270][  0]LogDerivedDataCache: Display: Loaded Boot cache: C:/Users/TomColdenhoff/AppData/Local/UnrealEngine/4.19/DerivedDataCache/Boot.ddc
[2018.06.14-17.42.24:270][  0]LogDerivedDataCache: FDerivedDataBackendGraph:  Pak pak cache file ../../../../../../../Projects/FPS/FPS/DerivedDataCache/DDC.ddp not found, will not use a pak cache.
[2018.06.14-17.42.24:270][  0]LogDerivedDataCache: Unable to find inner node Pak for hierarchical cache Hierarchy.
[2018.06.14-17.42.24:270][  0]LogDerivedDataCache: FDerivedDataBackendGraph:  CompressedPak pak cache file ../../../../../../../Projects/FPS/FPS/DerivedDataCache/Compressed.ddp not found, will not use a pak cache.
[2018.06.14-17.42.24:270][  0]LogDerivedDataCache: Unable to find inner node CompressedPak for hierarchical cache Hierarchy.
[2018.06.14-17.42.24:286][  0]LogDerivedDataCache: Display: Pak cache opened for reading ../../../Engine/DerivedDataCache/Compressed.ddp.
[2018.06.14-17.42.24:299][  0]LogDerivedDataCache: Using Local data cache path C:/Users/TomColdenhoff/AppData/Local/UnrealEngine/Common/DerivedDataCache: Writable
[2018.06.14-17.42.24:299][  0]LogDerivedDataCache: Shared data cache path not found in *engine.ini, will not use an Shared cache.
[2018.06.14-17.42.24:299][  0]LogDerivedDataCache: Unable to find inner node Shared for hierarchical cache Hierarchy.
[2018.06.14-17.42.24:312][  0]LogMaterial: Verifying Global Shaders for PCD3D_SM5
[2018.06.14-17.42.24:313][  0]LogSlate: Using Freetype 2.6.0
[2018.06.14-17.42.24:313][  0]LogSlate: SlateFontCache - WITH_FREETYPE: 1, WITH_HARFBUZZ: 1
[2018.06.14-17.42.24:313][  0]LogSlate: SlateFontCache - WITH_FREETYPE: 1, WITH_HARFBUZZ: 1
[2018.06.14-17.42.24:457][  0]LogAssetRegistry: FAssetRegistry took 0.0317 seconds to start up
[2018.06.14-17.42.24:803][  0]LogInit: Selected Device Profile: [Windows]
[2018.06.14-17.42.24:996][  0]LogSimplygon: Simplygon DLL not present - disabling.
[2018.06.14-17.42.25:000][  0]LogMeshReduction: Using SimplygonSwarm for distributed automatic mesh merging
[2018.06.14-17.42.25:000][  0]LogMeshReduction: Using QuadricMeshReduction for automatic static mesh reduction
[2018.06.14-17.42.25:000][  0]LogMeshReduction: No automatic skeletal mesh reduction module available
[2018.06.14-17.42.25:000][  0]LogMeshReduction: No automatic mesh merging module available
[2018.06.14-17.42.25:000][  0]LogMeshMerging: No automatic mesh merging module available
[2018.06.14-17.42.25:032][  0]LogNetVersion: FPS , NetCL: 3944462, EngineNetVer: 2, GameNetVer: 0 (Checksum: 2326512385)
[2018.06.14-17.42.25:512][  0]LogPackageLocalizationCache: Processed 9 localized package path(s) for 2 prioritized culture(s) in 0.083081 seconds
[2018.06.14-17.42.25:521][  0]LogUObjectArray: 36728 objects as part of root set at end of initial load.
[2018.06.14-17.42.25:521][  0]LogUObjectAllocator: 7314312 out of 0 bytes used by permanent object pool.
[2018.06.14-17.42.25:521][  0]LogUObjectArray: CloseDisregardForGC: 0/0 objects in disregard for GC pool
[2018.06.14-17.42.27:138][  0]LogTcpMessaging: Initializing TcpMessaging bridge
[2018.06.14-17.42.27:165][  0]LogUdpMessaging: Initializing bridge on interface 0.0.0.0:0 to multicast group 230.0.0.1:6666.
[2018.06.14-17.42.27:481][  0]LogSkeletalMesh: Skeletal Mesh found in DDC [1.836200ms] /Game/Models/Player/Arms/Arms_SMG.Arms_SMG
[2018.06.14-17.42.27:501][  0]LogUObjectGlobals: Created PersistentFrame Addr=0x00000229e8035a80, Size=80, Default__BP_SMGAnim_C Function /Game/Animations/SMG/BP_SMGAnim.BP_SMGAnim_C:ExecuteUbergraph_BP_SMGAnim
[2018.06.14-17.42.27:511][  0]LogUObjectGlobals: Destroyed PersistentFrame Addr=0x00000229e8035a80, Size=80
[2018.06.14-17.42.27:512][  0]LogUObjectGlobals: Created PersistentFrame Addr=0x00000229ea8ef1a0, Size=80, Default__BP_SMGAnim_C Function /Engine/Transient.REINST_BP_SMGAnim_C_0:ExecuteUbergraph_BP_SMGAnim
[2018.06.14-17.42.27:521][  0]LogUObjectGlobals: Created PersistentFrame Addr=0x00000229ea85ede0, Size=80, Default__BP_SMGAnim_C Function /Game/Animations/SMG/BP_SMGAnim.BP_SMGAnim_C:ExecuteUbergraph_BP_SMGAnim
[2018.06.14-17.42.27:652][  0]SourceControl: Source control is disabled
[2018.06.14-17.42.27:652][  0]SourceControl: Source control is disabled
[2018.06.14-17.42.27:667][  0]SourceControl: Source control is disabled
[2018.06.14-17.42.27:682][  0]SourceControl: Source control is disabled
[2018.06.14-17.42.28:154][  0]LogAndroidPermission: UAndroidPermissionCallbackProxy::GetInstance
[2018.06.14-17.42.28:320][  0]LogOcInput: OculusInput pre-init called
[2018.06.14-17.42.29:392][  0]LogEngine: Initializing Engine...
[2018.06.14-17.42.29:394][  0]LogHMD: Failed to initialize OpenVR with code 110
[2018.06.14-17.42.29:396][  0]LogStats: UGameplayTagsManager::ConstructGameplayTagTree: Construct from data asset -  0.000 s
[2018.06.14-17.42.29:396][  0]LogStats: UGameplayTagsManager::ConstructGameplayTagTree: GameplayTagTreeChangedEvent.Broadcast -  0.000 s
[2018.06.14-17.42.29:648][  0]LogAIModule: Creating AISystem for world Untitled
[2018.06.14-17.42.29:679][  0]LogInit: XAudio2 using 'Speakers (Logitech G35 Headset)' : 2 channels at 44.1 kHz using 16 bits per sample (channel mask 0x3)
[2018.06.14-17.42.29:695][  0]LogInit: FAudioDevice initialized.
[2018.06.14-17.42.29:854][  0]LogDerivedDataCache: Saved boot cache 0.16s 80MB C:/Users/TomColdenhoff/AppData/Local/UnrealEngine/4.19/DerivedDataCache/Boot.ddc.
[2018.06.14-17.42.29:871][  0]LogInit: Texture streaming: Enabled
[2018.06.14-17.42.29:894][  0]LogEngineSessionManager: EngineSessionManager initialized
[2018.06.14-17.42.29:904][  0]LogInit: Transaction tracking system initialized
[2018.06.14-17.42.29:931][  0]BlueprintLog: New page: Editor Load
[2018.06.14-17.42.30:033][  0]LocalizationService: Localization service is disabled
[2018.06.14-17.42.30:148][  0]LogConsoleResponse: Display: 
[2018.06.14-17.42.30:298][  0]LogCook: Display: Max memory allowance for cook 16384mb min free memory 0mb
[2018.06.14-17.42.30:299][  0]LogCook: Display: Mobile HDR setting 1
[2018.06.14-17.42.30:299][  0]LogGameplayTags: Display: UGameplayTagsManager::DoneAddingNativeTags. DelegateIsBound: 0
[2018.06.14-17.42.30:299][  0]LogStats: UGameplayTagsManager::ConstructGameplayTagTree: Construct from data asset -  0.000 s
[2018.06.14-17.42.30:299][  0]LogStats: UGameplayTagsManager::ConstructGameplayTagTree: GameplayTagTreeChangedEvent.Broadcast -  0.000 s
[2018.06.14-17.42.30:530][  0]LogFileCache: Scanning file cache for directory 'E:/Projects/FPS/FPS/Content/' took 0.02s
[2018.06.14-17.42.30:623][  0]SourceControl: Source control is disabled
[2018.06.14-17.42.30:624][  0]Cmd: MAP LOAD FILE="../../../../../../../Projects/FPS/FPS/Content/Maps/AITestMap.umap" TEMPLATE=0 SHOWPROGRESS=1 FEATURELEVEL=3
[2018.06.14-17.42.30:624][  0]LightingResults: New page: Lighting Build
[2018.06.14-17.42.30:627][  0]MapCheck: New page: Map Check
[2018.06.14-17.42.30:627][  0]LightingResults: New page: Lighting Build
[2018.06.14-17.42.30:637][  0]LogUObjectGlobals: Destroyed PersistentFrame Addr=0x00000229ea8ef1a0, Size=80
[2018.06.14-17.42.30:679][  0]LogUObjectGlobals: Created PersistentFrame Addr=0x00000229cbc02900, Size=128, Default__BP_AssaultAIAnim_C Function /Game/Animations/AI/BP_AssaultAIAnim.BP_AssaultAIAnim_C:ExecuteUbergraph_BP_AssaultAIAnim
[2018.06.14-17.42.30:705][  0]LogUObjectGlobals: Destroyed PersistentFrame Addr=0x00000229cbc02900, Size=128
[2018.06.14-17.42.30:705][  0]LogUObjectGlobals: Created PersistentFrame Addr=0x00000229e803a080, Size=128, Default__BP_AssaultAIAnim_C Function /Engine/Transient.REINST_BP_AssaultAIAnim_C_1:ExecuteUbergraph_BP_AssaultAIAnim
[2018.06.14-17.42.30:733][  0]LogUObjectGlobals: Created PersistentFrame Addr=0x00000229cc27a400, Size=128, Default__BP_AssaultAIAnim_C Function /Game/Animations/AI/BP_AssaultAIAnim.BP_AssaultAIAnim_C:ExecuteUbergraph_BP_AssaultAIAnim
[2018.06.14-17.42.30:938][  0]LogSkeletalMesh: Skeletal Mesh found in DDC [3.838095ms] /Game/Animations/AnimStarterPack/UE4_Mannequin/Mesh/SK_Mannequin.SK_Mannequin
[2018.06.14-17.42.31:059][  0]LogAIModule: Creating AISystem for world AITestMap
[2018.06.14-17.42.31:071][  0]LogEditorServer: Finished looking for orphan Actors (0.000 secs)
[2018.06.14-17.42.31:083][  0]LogUObjectGlobals: Destroyed PersistentFrame Addr=0x00000229e803a080, Size=128
[2018.06.14-17.42.31:084][  0]Cmd: MAP CHECKDEP NOCLEARLOG
[2018.06.14-17.42.31:130][  0]MapCheck: Map check complete: 0 Error(s), 0 Warning(s), took 45.274ms to complete.
[2018.06.14-17.42.31:130][  0]LogFileHelpers: Loading map 'AITestMap' took 0.506
[2018.06.14-17.42.31:314][  0]LogCollectionManager: Loaded 0 collections in 0.000838 seconds
[2018.06.14-17.42.31:363][  0]LogFileCache: Scanning file cache for directory 'E:/Projects/FPS/FPS/Saved/Collections/' took 0.01s
[2018.06.14-17.42.31:363][  0]LogFileCache: Scanning file cache for directory 'E:/Projects/FPS/FPS/Content/Developers/TomColdenhoff/Collections/' took 0.01s
[2018.06.14-17.42.31:363][  0]LogFileCache: Scanning file cache for directory 'E:/Projects/FPS/FPS/Content/Collections/' took 0.01s
[2018.06.14-17.42.31:364][  0]LogCollectionManager: Rebuilt the GUID cache for 0 collections in 0.000000 seconds
[2018.06.14-17.42.31:378][  0]LogContentBrowser: Native class hierarchy populated in 0.0145 seconds. Added 2474 classes and 563 folders.
[2018.06.14-17.42.31:384][  0]LogContentBrowser: Native class hierarchy updated for 'WidgetCarousel' in 0.0008 seconds. Added 0 classes and 0 folders.
[2018.06.14-17.42.31:418][  0]LogContentBrowser: Native class hierarchy updated for 'AddContentDialog' in 0.0011 seconds. Added 0 classes and 0 folders.
[2018.06.14-17.42.31:427][  0]LogContentBrowser: Native class hierarchy updated for 'SceneOutliner' in 0.0011 seconds. Added 1 classes and 2 folders.
[2018.06.14-17.42.32:527][  0]LogSlate: Only BGRA pngs, bmps or icos are supported in by External Image Picker
[2018.06.14-17.42.32:547][  0]LogSlate: Took 0.000195 seconds to synchronously load lazily loaded font '../../../Engine/Content/Slate/Fonts/Roboto-Regular.ttf' (155K)
[2018.06.14-17.42.32:549][  0]LogSlate: Took 0.000226 seconds to synchronously load lazily loaded font '../../../Engine/Content/Slate/Fonts/Roboto-Bold.ttf' (160K)
[2018.06.14-17.42.32:557][  0]LogSlate: Took 0.000189 seconds to synchronously load lazily loaded font '../../../Engine/Content/Editor/Slate/Fonts/FontAwesome.ttf' (139K)
[2018.06.14-17.42.32:557][  0]LogSlate: Took 0.000264 seconds to synchronously load lazily loaded font '../../../Engine/Content/Slate/Fonts/DroidSansMono.ttf' (77K)
[2018.06.14-17.42.32:701][  0]LogTemp: Executing iPhonePackager certificates Engine -bundlename com.YourCompany.FPS
[2018.06.14-17.42.32:701][  0]LogTemp: CWD: E:\Game Engines\Epic Games\4.19\UE_4.19\Engine\Binaries\DotNET\IOS
[2018.06.14-17.42.32:701][  0]LogTemp: Initial Dir: E:\Game Engines\Epic Games\4.19\UE_4.19
[2018.06.14-17.42.32:702][  0]LogTemp: Env CWD: E:\Game Engines\Epic Games\4.19\UE_4.19\Engine\Binaries\DotNET\IOS
[2018.06.14-17.42.32:702][  0]LogTemp: BranchPath = DESKTOP-27ERO04/E/Game Engines/Epic Games/4.19/UE_4.19/Engine/Binaries --- GameBranchPath = DESKTOP-27ERO04/E/Game Engines/Epic Games/4.19/UE_4.19/Engine/Binaries
[2018.06.14-17.42.32:702][  0]LogTemp: IPP ERROR: Could not find provision directory 'C:\Users\TomColdenhoff\AppData\Local/Apple Computer/MobileDevice/Provisioning Profiles/'.
[2018.06.14-17.42.32:703][  0]LogRenderer: Reallocating scene render targets to support 1136x532 Format 10 NumSamples 1 (Frame:1).
[2018.06.14-17.42.32:826][  0]LogContentBrowser: Native class hierarchy updated for 'HierarchicalLODOutliner' in 0.0011 seconds. Added 0 classes and 0 folders.
[2018.06.14-17.42.32:827][  0]LogLoad: (Engine Initialization) Total time: 13.88 seconds
[2018.06.14-17.42.32:827][  0]LogLoad: (Engine Initialization) Total Blueprint compile time: 0.00 seconds
[2018.06.14-17.42.32:837][  0]LogWindowsTextInputMethodSystem: Display: IME system now deactivated.
[2018.06.14-17.42.32:864][  0]LogContentStreaming: Texture pool size now 1000 MB
[2018.06.14-17.42.32:914][  1]LogAssetRegistry: Asset discovery search completed in 8.4808 seconds
[2018.06.14-17.42.32:917][  1]LogCollectionManager: Rebuilt the object cache for 0 collections in 0.000001 seconds (found 0 objects)
[2018.06.14-17.42.32:918][  1]LogCollectionManager: Fixed up redirectors for 0 collections in 0.000494 seconds (updated 0 objects)
[2018.06.14-17.43.03:021][602]LogEditorViewport: Clicking on Actor (LMB): BP_AssaultEnemy_C (BP_AssaultEnemy)
[2018.06.14-17.43.07:717][117]LogSlate: FSceneViewport::OnFocusLost() reason 0
[2018.06.14-17.43.07:795][126]LogTemp: Repeating last play command: Selected Viewport
[2018.06.14-17.43.07:815][126]LogPlayLevel: PlayLevel: No blueprints needed recompiling
[2018.06.14-17.43.07:816][126]PIE: New page: PIE session: AITestMap (Jun 14, 2018, 9:43:07 PM)
[2018.06.14-17.43.07:816][126]LogPlayLevel: Creating play world package: /Game/Maps/UEDPIE_0_AITestMap
[2018.06.14-17.43.07:820][126]LogPlayLevel: PIE: StaticDuplicateObject took: (0.003074s)
[2018.06.14-17.43.07:821][126]LogAIModule: Creating AISystem for world AITestMap
[2018.06.14-17.43.07:821][126]LogPlayLevel: PIE: World Init took: (0.001037s)
[2018.06.14-17.43.07:821][126]LogPlayLevel: PIE: Created PIE world by copying editor world from /Game/Maps/AITestMap.AITestMap to /Game/Maps/UEDPIE_0_AITestMap.AITestMap (0.004946s)
[2018.06.14-17.43.07:854][126]LogInit: XAudio2 using 'Speakers (Logitech G35 Headset)' : 2 channels at 44.1 kHz using 16 bits per sample (channel mask 0x3)
[2018.06.14-17.43.07:863][126]LogInit: FAudioDevice initialized.
[2018.06.14-17.43.07:918][126]LogUObjectGlobals: Created PersistentFrame Addr=0x00000229ce4bd4b0, Size=104, Default__BP_InGameGUI_C Function /Game/UI/Widgets/BP_InGameGUI.BP_InGameGUI_C:ExecuteUbergraph_BP_InGameGUI
[2018.06.14-17.43.07:922][126]LogUObjectGlobals: Destroyed PersistentFrame Addr=0x00000229ce4bd4b0, Size=104
[2018.06.14-17.43.07:922][126]LogUObjectGlobals: Created PersistentFrame Addr=0x00000229ce4bd4b0, Size=104, Default__BP_InGameGUI_C Function /Engine/Transient.REINST_BP_InGameGUI_C_0:ExecuteUbergraph_BP_InGameGUI
[2018.06.14-17.43.07:926][126]LogUObjectGlobals: Created PersistentFrame Addr=0x000002298b4d7c80, Size=104, Default__BP_InGameGUI_C Function /Game/UI/Widgets/BP_InGameGUI.BP_InGameGUI_C:ExecuteUbergraph_BP_InGameGUI
[2018.06.14-17.43.07:940][126]LogLoad: Game class is 'BP_FPSGameModeBase_C'
[2018.06.14-17.43.07:943][126]LogWorld: Bringing World /Game/Maps/UEDPIE_0_AITestMap.AITestMap up for play (max tick rate 0) at 2018.06.14-19.43.07
[2018.06.14-17.43.07:945][126]LogWorld: Bringing up level for play took: 0.003403
[2018.06.14-17.43.07:949][126]LogContentBrowser: Native class hierarchy updated for 'MovieSceneCapture' in 0.0009 seconds. Added 11 classes and 0 folders.
[2018.06.14-17.43.07:951][126]LogOutputDevice: Error: Ensure condition failed: Component->HasBegunPlay() [File:D:\Build\++UE4+Release-4.19+Compile\Sync\Engine\Source\Runtime\Engine\Private\Actor.cpp] [Line: 3129] 
Failed to route BeginPlay (SMG /Game/Maps/UEDPIE_0_AITestMap.AITestMap:PersistentLevel.BP_FPSPlayer_C_0.CurrentWeaponMesh)

[2018.06.14-17.43.07:952][126]LogStats:             FDebug::EnsureFailed -  0.001 s
[2018.06.14-17.43.09:943][126]PIE: Play in editor start time for /Game/Maps/UEDPIE_0_AITestMap 2.772
[2018.06.14-17.43.11:510][191]LogTemp: Warning: Hit by AI
[2018.06.14-17.43.12:441][302]LogTemp: Warning: Hit by AI
[2018.06.14-17.43.12:749][339]LogTemp: Warning: Hit by AI
[2018.06.14-17.43.13:649][447]LogTemp: Warning: Hit by AI
[2018.06.14-17.43.13:958][484]LogTemp: Warning: Hit by AI
[2018.06.14-17.43.14:574][558]LogTemp: Warning: Hit by AI
[2018.06.14-17.43.16:538][787]LogUObjectGlobals: Destroyed PersistentFrame Addr=0x00000229ce4bd4b0, Size=104
[2018.06.14-17.43.17:222][866]LogSlate: Took 0.000207 seconds to synchronously load lazily loaded font '../../../Engine/Content/Slate/Fonts/Roboto-Light.ttf' (167K)
[2018.06.14-17.43.17:225][866]LogSlate: FSceneViewport::OnFocusLost() reason 2
[2018.06.14-17.43.17:233][866]Cmd: OBJ SAVEPACKAGE PACKAGE="/Game/Maps/AITestMap" FILE="../../../../../../../Projects/FPS/FPS/Content/Maps/AITestMap.umap" SILENT=true AUTOSAVING=false KEEPDIRTY=false
[2018.06.14-17.43.17:292][866]LogSavePackage: Save=40.94ms
[2018.06.14-17.43.17:292][866]LogSavePackage: Moving '../../../../../../../Projects/FPS/FPS/Saved/AITestMap84278474427ECDABB8E238AD3BE48E7C.tmp' to '../../../../../../../Projects/FPS/FPS/Content/Maps/AITestMap.umap'
[2018.06.14-17.43.17:294][866]LogSavePackage: Display: Finished SavePackage ../../../../../../../Projects/FPS/FPS/Content/Maps/AITestMap.umap
[2018.06.14-17.43.18:699][ 28]LogSlate: FSceneViewport::OnFocusLost() reason 0
[2018.06.14-17.43.20:683][238]LogSlate: Took 0.000188 seconds to synchronously load lazily loaded font '../../../Engine/Content/Slate/Fonts/Roboto-Light.ttf' (167K)
[2018.06.14-17.43.31:416][735]LogAIModule: Creating AISystem for world Level1
[2018.06.14-17.43.31:481][735]Cmd: MAP LOAD FILE="../../../../../../../Projects/FPS/FPS/Content/Maps/Level1.umap" TEMPLATE=0 SHOWPROGRESS=1 FEATURELEVEL=3
[2018.06.14-17.43.31:482][735]LightingResults: New page: Lighting Build
[2018.06.14-17.43.31:483][735]LoadErrors: New page: Loading map: Level1.umap
[2018.06.14-17.43.31:484][735]MapCheck: New page: Map Check
[2018.06.14-17.43.31:484][735]LightingResults: New page: Lighting Build
[2018.06.14-17.43.31:582][735]LogEditorServer: Finished looking for orphan Actors (0.000 secs)
[2018.06.14-17.43.31:643][735]Cmd: MAP CHECKDEP NOCLEARLOG
[2018.06.14-17.43.31:724][735]MapCheck: Map check complete: 0 Error(s), 0 Warning(s), took 80.067ms to complete.
[2018.06.14-17.43.31:724][735]LogFileHelpers: Loading map 'Level1' took 0.251
[2018.06.14-17.43.36:700][216]MapCheck: New page: Map Check
[2018.06.14-17.43.37:014][216]LightingResults: New page: Lighting Build - Jun 14, 2018, 9:43:37 PM
[2018.06.14-17.43.37:395][216]LogSwarmInterface: [OpenConnection] Registering TCP channel ...
[2018.06.14-17.43.37:561][216]LogSwarmInterface: [OpenConnection] Connecting to agent ...
[2018.06.14-17.43.37:583][216]LogSwarmInterface: [TryOpenConnection] Testing the Agent
[2018.06.14-17.43.38:624][216]LogSwarmInterface: [TryOpenConnection] Opening Connection to Agent
[2018.06.14-17.43.38:624][216]LogSwarmInterface: [TryOpenConnection] Local Process ID is 10252
[2018.06.14-17.43.43:172][216]LogStaticLightingSystem: Warning: No importance volume found, so the scene bounding box was used.  You can optimize your scene's quality and lighting build times by adding importance volumes.
[2018.06.14-17.43.43:191][216]LogStaticLightingSystem: Running Lightmass w/ ImmediateImport mode ENABLED
[2018.06.14-17.43.43:192][216]LogStaticLightingSystem: Running Lightmass w/ ImmediateProcess mode ENABLED
[2018.06.14-17.43.43:192][216]LogStaticLightingSystem: Running Lightmass w/ Sorting mode ENABLED
[2018.06.14-17.43.43:193][216]LogStaticLightingSystem: Running Lightmass w/ Mapping paddings ENABLED
[2018.06.14-17.43.43:193][216]LogStaticLightingSystem: Running Lightmass w/ Mapping debug paddings DISABLED
[2018.06.14-17.43.43:757][216]LogEditorBuildUtils: Build time 0:06
[2018.06.14-17.43.43:867][217]LogMaterial: Missing cached shader map for material FLightmassMaterialRenderer M_WallTV, compiling. 
[2018.06.14-17.43.43:957][217]LogShaderCompilers: Display: Shaders left to compile 2
[2018.06.14-17.43.43:958][217]LogMaterial: Missing cached shader map for material FLightmassMaterialRenderer M_WallTV, compiling. 
[2018.06.14-17.43.43:991][218]LogMaterial: Missing cached shader map for material FLightmassMaterialRenderer M_FileCabinet, compiling. 
[2018.06.14-17.43.43:999][218]LogMaterial: Missing cached shader map for material FLightmassMaterialRenderer M_FileCabinet, compiling. 
[2018.06.14-17.43.44:017][219]LogMaterial: Missing cached shader map for material FLightmassMaterialRenderer M_PhotoCopier, compiling. 
[2018.06.14-17.43.44:022][219]LogMaterial: Missing cached shader map for material FLightmassMaterialRenderer M_PhotoCopier, compiling. 
[2018.06.14-17.43.44:038][220]LogMaterial: Missing cached shader map for material FLightmassMaterialRenderer M_DoorGlass, compiling. 
[2018.06.14-17.43.44:045][220]LogMaterial: Missing cached shader map for material FLightmassMaterialRenderer M_DoorGlass, compiling. 
[2018.06.14-17.43.44:079][221]LogMaterial: Missing cached shader map for material FLightmassMaterialRenderer M_RetroVending, compiling. 
[2018.06.14-17.43.44:086][221]LogMaterial: Missing cached shader map for material FLightmassMaterialRenderer M_RetroVending, compiling. 
[2018.06.14-17.43.44:098][221]LogShaderCompilers: Display: Shaders left to compile 18
[2018.06.14-17.43.44:099][221]LogShaderCompilers: Display: Shaders left to compile 8
[2018.06.14-17.43.44:107][222]LogMaterial: Missing cached shader map for material FLightmassMaterialRenderer M_VendingMachines, compiling. 
[2018.06.14-17.43.44:115][222]LogMaterial: Missing cached shader map for material FLightmassMaterialRenderer M_VendingMachines, compiling. 
[2018.06.14-17.43.44:127][222]LogShaderCompilers: Display: Shaders left to compile 2
[2018.06.14-17.43.44:137][223]LogMaterial: Missing cached shader map for material FLightmassMaterialRenderer M_ThinChair, compiling. 
[2018.06.14-17.43.44:144][223]LogMaterial: Missing cached shader map for material FLightmassMaterialRenderer M_ThinChair, compiling. 
[2018.06.14-17.43.44:163][224]LogMaterial: Missing cached shader map for material FLightmassMaterialRenderer M_RadioNew, compiling. 
[2018.06.14-17.43.44:175][224]LogMaterial: Missing cached shader map for material FLightmassMaterialRenderer M_RadioNew, compiling. 
[2018.06.14-17.43.44:194][225]LogMaterial: Missing cached shader map for material FLightmassMaterialRenderer M_RadioNewLCD, compiling. 
[2018.06.14-17.43.44:202][225]LogMaterial: Missing cached shader map for material FLightmassMaterialRenderer M_RadioNewLCD, compiling. 
[2018.06.14-17.43.44:220][226]LogMaterial: Missing cached shader map for material FLightmassMaterialRenderer M_Box, compiling. 
[2018.06.14-17.43.44:227][226]LogMaterial: Missing cached shader map for material FLightmassMaterialRenderer M_Box, compiling. 
[2018.06.14-17.43.44:240][227]LogMaterial: Missing cached shader map for material FLightmassMaterialRenderer M_MetalBins, compiling. 
[2018.06.14-17.43.44:246][227]LogMaterial: Missing cached shader map for material FLightmassMaterialRenderer M_MetalBins, compiling. 
[2018.06.14-17.43.44:260][228]LogMaterial: Missing cached shader map for material FLightmassMaterialRenderer M_CircularTable, compiling. 
[2018.06.14-17.43.44:268][228]LogMaterial: Missing cached shader map for material FLightmassMaterialRenderer M_CircularTable, compiling. 
[2018.06.14-17.43.48:466][230]LogShaderCompilers: Display: Shaders left to compile 26
[2018.06.14-17.43.48:467][230]LogShaderCompilers: Display: Shaders left to compile 16
[2018.06.14-17.43.48:467][230]LogShaderCompilers: Display: Shaders left to compile 6
[2018.06.14-17.43.53:395][438]LightingResults: Warning: office_free_unity_5 Object has overlapping UVs.
[2018.06.14-17.43.53:395][438]LightingResults: office_free_unity_5 Lightmap UV are overlapping by 18.5%. Please adjust content - Enable Error Coloring to visualize.
[2018.06.14-17.43.56:926][757]LightingResults: Warning: trolley Object has overlapping UVs.
[2018.06.14-17.43.56:926][757]LightingResults: trolley Lightmap UV are overlapping by 5.8%. Please adjust content - Enable Error Coloring to visualize.
[2018.06.14-17.43.56:937][758]LightingResults: Warning: office_free_unity_5 Object has overlapping UVs.
[2018.06.14-17.43.56:937][758]LightingResults: office_free_unity_5 Lightmap UV are overlapping by 18.5%. Please adjust content - Enable Error Coloring to visualize.
[2018.06.14-17.43.57:521][808]LightingResults: Warning: office_free_unity_5 Object has overlapping UVs.
[2018.06.14-17.43.57:521][808]LightingResults: office_free_unity_5 Lightmap UV are overlapping by 18.5%. Please adjust content - Enable Error Coloring to visualize.
[2018.06.14-17.43.58:169][865]LightingResults: Warning: office_free_unity_5 Object has overlapping UVs.
[2018.06.14-17.43.58:169][865]LightingResults: office_free_unity_5 Lightmap UV are overlapping by 18.5%. Please adjust content - Enable Error Coloring to visualize.
[2018.06.14-17.43.59:236][962]LightingResults: Warning: office_free_unity_5 Object has overlapping UVs.
[2018.06.14-17.43.59:236][962]LightingResults: office_free_unity_5 Lightmap UV are overlapping by 18.5%. Please adjust content - Enable Error Coloring to visualize.
[2018.06.14-17.43.59:764][  6]LightingResults: Warning: office_free_unity_5 Object has overlapping UVs.
[2018.06.14-17.43.59:764][  6]LightingResults: office_free_unity_5 Lightmap UV are overlapping by 18.5%. Please adjust content - Enable Error Coloring to visualize.
[2018.06.14-17.44.00:655][ 78]LightingResults: Warning: office_free_unity_5 Object has overlapping UVs.
[2018.06.14-17.44.00:655][ 78]LightingResults: office_free_unity_5 Lightmap UV are overlapping by 18.5%. Please adjust content - Enable Error Coloring to visualize.
[2018.06.14-17.44.00:864][ 97]LightingResults: Warning: trolley Object has overlapping UVs.
[2018.06.14-17.44.00:864][ 97]LightingResults: trolley Lightmap UV are overlapping by 5.8%. Please adjust content - Enable Error Coloring to visualize.
[2018.06.14-17.44.01:990][140]Job is a success!
[2018.06.14-17.44.01:997][140]LightingResults: Warning: office_free_unity_5 Object has overlapping UVs.
[2018.06.14-17.44.01:997][140]LightingResults: office_free_unity_5 Lightmap UV are overlapping by 18.5%. Please adjust content - Enable Error Coloring to visualize.
[2018.06.14-17.44.02:572][141]LogVolumetricLightmapImport: Imported Volumetric Lightmap in 0.068s
[2018.06.14-17.44.02:572][141]LogVolumetricLightmapImport:      Indirection Texture 16x16x16 = 0.0Mb
[2018.06.14-17.44.02:573][141]LogVolumetricLightmapImport:      BrickData 165x5x5 = 0.2Mb (trimmed 0.0Mb due to 0.010000 MinBrickError)
[2018.06.14-17.44.02:573][141]LogVolumetricLightmapImport:      Bricks at Level
[2018.06.14-17.44.02:574][141]LogVolumetricLightmapImport:          0: 3.0% covering 100.0% of volume
[2018.06.14-17.44.02:575][141]LogVolumetricLightmapImport:          1: 12.1% covering 6.3% of volume
[2018.06.14-17.44.02:575][141]LogVolumetricLightmapImport:          2: 84.8% covering 0.7% of volume
[2018.06.14-17.44.03:511][141]LogTexture: Display: Building textures: SkyOcclusion0_1 (AutoDXT, 1024X512)
[2018.06.14-17.44.03:511][141]LogTexture: Display: Building textures: HQ_Lightmap0_1 (AutoDXT, 1024X1024)
[2018.06.14-17.44.03:511][141]LogTexture: Display: Building textures: LQ_Lightmap_0_1 (DXT1, 1024X1024)
[2018.06.14-17.44.03:512][141]LogTexture: Display: Building textures: SkyOcclusion0_2 (AutoDXT, 1024X512)
[2018.06.14-17.44.03:512][141]LogTexture: Display: Building textures: HQ_Lightmap0_2 (AutoDXT, 1024X1024)
[2018.06.14-17.44.03:513][141]LogTexture: Display: Building textures: LQ_Lightmap_0_2 (DXT1, 1024X1024)
[2018.06.14-17.44.03:513][141]LogTexture: Display: Building textures: SkyOcclusion0_3 (AutoDXT, 1024X512)
[2018.06.14-17.44.03:513][141]LogTexture: Display: Building textures: HQ_Lightmap0_3 (AutoDXT, 1024X1024)
[2018.06.14-17.44.03:514][141]LogTexture: Display: Building textures: LQ_Lightmap_0_3 (DXT1, 1024X1024)
[2018.06.14-17.44.03:514][141]LogTexture: Display: Building textures: SkyOcclusion0_4 (AutoDXT, 1024X512)
[2018.06.14-17.44.03:514][141]LogTexture: Display: Building textures: HQ_Lightmap0_4 (AutoDXT, 1024X1024)
[2018.06.14-17.44.03:515][141]LogTexture: Display: Building textures: LQ_Lightmap_0_4 (DXT1, 1024X1024)
[2018.06.14-17.44.03:515][141]LogTexture: Display: Building textures: SkyOcclusion0_5 (AutoDXT, 1024X512)
[2018.06.14-17.44.03:516][141]LogTexture: Display: Building textures: HQ_Lightmap0_5 (AutoDXT, 1024X1024)
[2018.06.14-17.44.03:516][141]LogTexture: Display: Building textures: LQ_Lightmap_0_5 (DXT1, 1024X1024)
[2018.06.14-17.44.03:516][141]LogTexture: Display: Building textures: SkyOcclusion0_6 (AutoDXT, 64X32)
[2018.06.14-17.44.03:517][141]LogTexture: Display: Building textures: HQ_Lightmap0_6 (AutoDXT, 64X64)
[2018.06.14-17.44.03:517][141]LogTexture: Display: Building textures: LQ_Lightmap_0_6 (DXT1, 64X64)
[2018.06.14-17.44.03:711][141]LogTexture: Display: Building textures: ShadowMapTexture2D_2 (G8, 32X32)
[2018.06.14-17.44.03:778][141]LogTexture: Display: Building textures: ShadowMapTexture2D_0 (G8, 1024X1024)
[2018.06.14-17.44.03:779][141]LogTexture: Display: Building textures: ShadowMapTexture2D_1 (G8, 1024X1024)
[2018.06.14-17.44.03:830][141]Lightmass on DESKTOP-27ERO04: 13.5 sec total, 437 ms importing, 77 ms setup, 1.92 sec photons, 11.0 sec processing, 0 ms extra exporting [281/281 mappings]. Threads: 1:17 min total, 53.3 sec processing.
[2018.06.14-17.44.03:873][141]LogStaticLightingSystem: Illumination: 26.3 sec (768 ms encoding lightmaps, 258 ms encoding shadowmaps)
[2018.06.14-17.44.03:873][141]LogStaticLightingSystem: Lightmap texture memory:  13.3 MB (13.3 MB streaming, 0.0 MB non-streaming), 12 textures
[2018.06.14-17.44.03:874][141]LogStaticLightingSystem: Shadowmap texture memory: 2.7 MB (2.7 MB streaming, 0.0 MB non-streaming), 3 textures
[2018.06.14-17.44.04:121][141]DumpUnbuiltLightIteractions
[2018.06.14-17.44.04:122][141]Lights with unbuilt interactions: 0
[2018.06.14-17.44.04:122][141]
[2018.06.14-17.44.04:122][141]Primitives with unbuilt interactions: 0
[2018.06.14-17.44.04:194][142]Cmd: MAP CHECK NOTIFYRESULTS
[2018.06.14-17.44.04:195][142]MapCheck: New page: Level1 - Jun 14, 2018, 9:44:04 PM
[2018.06.14-17.44.04:289][142]MapCheck: Map check complete: 0 Error(s), 0 Warning(s), took 93.562ms to complete.
[2018.06.14-17.44.17:659][186]LogSlate: Window 'Message Log' being destroyed
[2018.06.14-17.44.17:662][186]LogSlate: Window 'Message Log' being destroyed
[2018.06.14-17.44.43:525][ 67]LogEditorViewport: Clicking on Actor (LMB): StaticMeshActor (SM_DoorVent)
[2018.06.14-17.44.45:775][313]LogSlate: Took 0.031482 seconds to synchronously load lazily loaded font '../../../Engine/Content/Slate/Fonts/Roboto-Italic.ttf' (157K)
[2018.06.14-17.44.46:433][388]LogSlate: FSceneViewport::OnFocusLost() reason 0
[2018.06.14-17.45.06:389][608]LogSlate: FSceneViewport::OnFocusLost() reason 2
[2018.06.14-17.45.06:464][608]Cmd: OBJ SAVEPACKAGE PACKAGE="/Game/Maps/Level1" FILE="../../../../../../../Projects/FPS/FPS/Content/Maps/Level1.umap" SILENT=true AUTOSAVING=false KEEPDIRTY=false
[2018.06.14-17.45.06:742][608]LogSavePackage: Save=261.91ms
[2018.06.14-17.45.06:742][608]LogSavePackage: Moving '../../../../../../../Projects/FPS/FPS/Saved/Level1DAAFA7BF4826A4CDA9F7E99910583594.tmp' to '../../../../../../../Projects/FPS/FPS/Content/Maps/Level1.umap'
[2018.06.14-17.45.06:748][608]LogSavePackage: Display: Finished SavePackage ../../../../../../../Projects/FPS/FPS/Content/Maps/Level1.umap
[2018.06.14-17.45.06:784][608]LogFileHelpers: Saving map 'Level1' took 0.386
[2018.06.14-17.45.06:908][608]Cmd: OBJ SAVEPACKAGE PACKAGE="/Game/Maps/Level1_BuiltData" FILE="../../../../../../../Projects/FPS/FPS/Content/Maps/Level1_BuiltData.uasset" SILENT=true
[2018.06.14-17.45.07:298][608]LogSavePackage: Save=370.95ms
[2018.06.14-17.45.07:298][608]LogSavePackage: Moving '../../../../../../../Projects/FPS/FPS/Saved/Level1_BuiltDataC72015BD40174731C6B631B6107DCE6E.tmp' to '../../../../../../../Projects/FPS/FPS/Content/Maps/Level1_BuiltData.uasset'
[2018.06.14-17.45.07:301][608]LogSavePackage: Display: Finished SavePackage ../../../../../../../Projects/FPS/FPS/Content/Maps/Level1_BuiltData.uasset
[2018.06.14-17.45.07:820][663]LogSlate: FSceneViewport::OnFocusLost() reason 2
[2018.06.14-17.45.08:856][777]LogSlate: FSceneViewport::OnFocusLost() reason 2
[2018.06.14-17.45.26:643][512]LogSlate: Window 'Editor Preferences' being destroyed
[2018.06.14-17.45.26:647][512]LogSlate: Window 'Editor Preferences' being destroyed
[2018.06.14-17.45.38:454][812]LogSlate: FSceneViewport::OnFocusLost() reason 0
[2018.06.14-17.45.41:809][179]LogSlate: Took 0.000201 seconds to synchronously load lazily loaded font '../../../Engine/Content/Slate/Fonts/Roboto-BoldCondensed.ttf' (158K)
[2018.06.14-17.45.43:287][337]LogSlate: Window 'Add C++ Class' being destroyed
[2018.06.14-17.46.28:070][751]LogRenderer: Reallocating scene render targets to support 1208x576 Format 10 NumSamples 1 (Frame:8852).
[2018.06.14-17.47.13:444][694]LogSlate: Window 'Save Content' being destroyed
[2018.06.14-17.47.13:531][694]Cmd: OBJ SAVEPACKAGE PACKAGE="/Game/Maps/Level1" FILE="../../../../../../../Projects/FPS/FPS/Content/Maps/Level1.umap" SILENT=true AUTOSAVING=false KEEPDIRTY=false
[2018.06.14-17.47.13:815][694]LogSavePackage: Save=262.70ms
[2018.06.14-17.47.13:815][694]LogSavePackage: Moving '../../../../../../../Projects/FPS/FPS/Saved/Level1689314CE40BA4066AC300196BA5363DC.tmp' to '../../../../../../../Projects/FPS/FPS/Content/Maps/Level1.umap'
[2018.06.14-17.47.13:821][694]LogSavePackage: Display: Finished SavePackage ../../../../../../../Projects/FPS/FPS/Content/Maps/Level1.umap
[2018.06.14-17.47.13:858][694]LogFileHelpers: Saving map 'Level1' took 0.397
[2018.06.14-17.47.13:953][694]LogSlate: Window 'FPS - Unreal Editor' being destroyed
[2018.06.14-17.47.13:954][694]LogWindowsTextInputMethodSystem: Display: IME system now deactivated.
[2018.06.14-17.47.14:198][695]Cmd: QUIT_EDITOR
[2018.06.14-17.47.14:664][695]LogSlate: Slate User Destroyed.  User Index 0, Is Virtual User: 0
[2018.06.14-17.47.14:665][695]LogExit: Preparing to exit.
[2018.06.14-17.47.15:096][695]LogDirectoryWatcher: A directory notification for 'E:/Projects/FPS/FPS/Content/' was aborted.
[2018.06.14-17.47.15:118][695]LogUObjectGlobals: Destroyed PersistentFrame Addr=0x00000229ea85ede0, Size=80
[2018.06.14-17.47.15:121][695]LogExit: Editor shut down
[2018.06.14-17.47.15:125][695]LogExit: Transaction tracking system shut down
[2018.06.14-17.47.15:132][695]LogUObjectGlobals: Destroyed PersistentFrame Addr=0x00000229cc27a400, Size=128
[2018.06.14-17.47.15:140][695]LogUObjectGlobals: Destroyed PersistentFrame Addr=0x000002298b4d7c80, Size=104
[2018.06.14-17.47.15:326][695]LogDirectoryWatcher: A directory notification for '../../../Engine/Content/' was aborted.
[2018.06.14-17.47.15:326][695]LogDirectoryWatcher: A directory notification for '../../../../../../../Projects/FPS/FPS/Content/' was aborted.
[2018.06.14-17.47.15:327][695]LogDirectoryWatcher: A directory notification for '../../Plugins/2D/Paper2D/Content/' was aborted.
[2018.06.14-17.47.15:327][695]LogDirectoryWatcher: A directory notification for '../../Plugins/Enterprise/DatasmithContent/Content/' was aborted.
[2018.06.14-17.47.15:327][695]LogDirectoryWatcher: A directory notification for '../../Plugins/Media/MediaCompositing/Content/' was aborted.
[2018.06.14-17.47.15:327][695]LogDirectoryWatcher: A directory notification for '../../Plugins/Runtime/AppleARKit/Content/' was aborted.
[2018.06.14-17.47.15:327][695]LogDirectoryWatcher: A directory notification for '../../Plugins/Runtime/Oculus/OculusVR/Content/' was aborted.
[2018.06.14-17.47.15:327][695]LogDirectoryWatcher: A directory notification for '../../Plugins/Runtime/Steam/SteamVR/Content/' was aborted.
[2018.06.14-17.47.15:402][695]LogExit: Object subsystem successfully closed.
[2018.06.14-17.47.15:440][695]LogShaderCompilers: Display: Shaders left to compile 0
[2018.06.14-17.47.15:447][695]LogD3D11RHI: Shutdown
[2018.06.14-17.47.15:447][695]LogD3D11RHI: CleanupD3DDevice
[2018.06.14-17.47.15:451][695]LogD3D11RHI: ~FD3D11DynamicRHI
[2018.06.14-17.47.16:021][695]LogModuleManager: Shutting down and abandoning module MovieSceneCapture (582)
[2018.06.14-17.47.16:027][695]LogModuleManager: Shutting down and abandoning module HierarchicalLODOutliner (580)
[2018.06.14-17.47.16:029][695]LogModuleManager: Shutting down and abandoning module ExternalImagePicker (578)
[2018.06.14-17.47.16:030][695]LogModuleManager: Shutting down and abandoning module DesktopPlatform (576)
[2018.06.14-17.47.16:037][695]LogModuleManager: Shutting down and abandoning module SceneOutliner (574)
[2018.06.14-17.47.16:037][695]LogModuleManager: Shutting down and abandoning module AddContentDialog (572)
[2018.06.14-17.47.16:042][695]LogDirectoryWatcher: A directory notification for 'E:/Game Engines/Epic Games/4.19/UE_4.19/FeaturePacks/' was aborted.
[2018.06.14-17.47.16:043][695]LogModuleManager: Shutting down and abandoning module WidgetCarousel (571)
[2018.06.14-17.47.16:043][695]LogModuleManager: Shutting down and abandoning module EditorWidgets (568)
[2018.06.14-17.47.16:043][695]LogModuleManager: Shutting down and abandoning module CollectionManager (566)
[2018.06.14-17.47.16:046][695]LogDirectoryWatcher: A directory notification for 'E:/Projects/FPS/FPS/Content/Collections/' was aborted.
[2018.06.14-17.47.16:046][695]LogDirectoryWatcher: A directory notification for 'E:/Projects/FPS/FPS/Content/Developers/TomColdenhoff/Collections/' was aborted.
[2018.06.14-17.47.16:047][695]LogDirectoryWatcher: A directory notification for 'E:/Projects/FPS/FPS/Saved/Collections/' was aborted.
[2018.06.14-17.47.16:047][695]LogModuleManager: Shutting down and abandoning module StatsViewer (564)
[2018.06.14-17.47.16:060][695]LogModuleManager: Shutting down and abandoning module FoliageEdit (562)
[2018.06.14-17.47.16:068][695]LogModuleManager: Shutting down and abandoning module LandscapeEditor (560)
[2018.06.14-17.47.16:076][695]LogModuleManager: Shutting down and abandoning module MeshPaintMode (558)
[2018.06.14-17.47.16:084][695]LogModuleManager: Shutting down and abandoning module SceneDepthPickerMode (556)
[2018.06.14-17.47.16:084][695]LogModuleManager: Shutting down and abandoning module ActorPickerMode (554)
[2018.06.14-17.47.16:084][695]LogModuleManager: Shutting down and abandoning module GeometryMode (552)
[2018.06.14-17.47.16:093][695]LogModuleManager: Shutting down and abandoning module TextureAlignMode (550)
[2018.06.14-17.47.16:093][695]LogModuleManager: Shutting down and abandoning module BspMode (548)
[2018.06.14-17.47.16:094][695]LogModuleManager: Shutting down and abandoning module PIEPreviewDeviceProfileSelector (546)
[2018.06.14-17.47.16:099][695]LogModuleManager: Shutting down and abandoning module HardwareSurvey (544)
[2018.06.14-17.47.16:099][695]LogModuleManager: Shutting down and abandoning module SequenceRecorderSections (542)
[2018.06.14-17.47.16:102][695]LogModuleManager: Shutting down and abandoning module AutomationWorker (540)
[2018.06.14-17.47.16:102][695]LogModuleManager: Shutting down and abandoning module AudioCaptureEditor (538)
[2018.06.14-17.47.16:102][695]LogModuleManager: Shutting down and abandoning module SequenceRecorder (537)
[2018.06.14-17.47.16:117][695]LogModuleManager: Shutting down and abandoning module MatineeToLevelSequence (534)
[2018.06.14-17.47.16:117][695]LogModuleManager: Shutting down and abandoning module LevelSequenceEditor (532)
[2018.06.14-17.47.16:140][695]LogModuleManager: Shutting down and abandoning module PlacementMode (531)
[2018.06.14-17.47.16:141][695]LogModuleManager: Shutting down and abandoning module MaterialEditor (530)
[2018.06.14-17.47.16:174][695]LogModuleManager: Shutting down and abandoning module WmfMediaFactory (526)
[2018.06.14-17.47.16:174][695]LogModuleManager: Shutting down and abandoning module WmfMediaEditor (524)
[2018.06.14-17.47.16:174][695]LogModuleManager: Shutting down and abandoning module MediaPlayerEditor (522)
[2018.06.14-17.47.16:189][695]LogModuleManager: Shutting down and abandoning module OpenExrWrapper (520)
[2018.06.14-17.47.16:189][695]LogModuleManager: Shutting down and abandoning module ImgMediaFactory (518)
[2018.06.14-17.47.16:189][695]LogModuleManager: Shutting down and abandoning module ImgMediaEditor (516)
[2018.06.14-17.47.16:189][695]LogModuleManager: Shutting down and abandoning module AvfMediaFactory (514)
[2018.06.14-17.47.16:189][695]LogModuleManager: Shutting down and abandoning module AvfMediaEditor (512)
[2018.06.14-17.47.16:189][695]LogModuleManager: Shutting down and abandoning module AndroidMediaFactory (510)
[2018.06.14-17.47.16:190][695]LogModuleManager: Shutting down and abandoning module AndroidMediaEditor (508)
[2018.06.14-17.47.16:190][695]LogModuleManager: Shutting down and abandoning module CharacterAI (506)
[2018.06.14-17.47.16:190][695]LogModuleManager: Shutting down and abandoning module SmartSnapping (504)
[2018.06.14-17.47.16:190][695]LogModuleManager: Shutting down and abandoning module SessionServices (502)
[2018.06.14-17.47.16:190][695]LogModuleManager: Shutting down and abandoning module ViewportSnapping (500)
[2018.06.14-17.47.16:190][695]LogModuleManager: Shutting down and abandoning module ViewportInteraction (498)
[2018.06.14-17.47.16:190][695]LogModuleManager: Shutting down and abandoning module ClothPainter (496)
[2018.06.14-17.47.16:213][695]LogModuleManager: Shutting down and abandoning module SkeletalMeshEditor (495)
[2018.06.14-17.47.16:224][695]LogModuleManager: Shutting down and abandoning module LogVisualizer (492)
[2018.06.14-17.47.16:234][695]LogModuleManager: Shutting down and abandoning module IntroTutorials (490)
[2018.06.14-17.47.16:253][695]LogModuleManager: Shutting down and abandoning module GameProjectGeneration (489)
[2018.06.14-17.47.16:254][695]LogModuleManager: Shutting down and abandoning module IOSPlatformEditor (486)
[2018.06.14-17.47.16:254][695]LogModuleManager: Shutting down and abandoning module HTML5PlatformEditor (484)
[2018.06.14-17.47.16:254][695]LogModuleManager: Shutting down and abandoning module AndroidPlatformEditor (482)
[2018.06.14-17.47.16:254][695]LogModuleManager: Shutting down and abandoning module AndroidDeviceDetection (481)
