Log file open, 07/16/18 13:39:53
LogWindows: Failed to load 'aqProf.dll' (GetLastError=126)
LogWindows: File 'aqProf.dll' does not exist
LogWindows: Failed to load 'VtuneApi.dll' (GetLastError=126)
LogWindows: File 'VtuneApi.dll' does not exist
LogWindows: Failed to load 'VtuneApi32e.dll' (GetLastError=126)
LogWindows: File 'VtuneApi32e.dll' does not exist
LogInit: Display: Running engine for game: FPS
LogPlatformFile: Not using cached read wrapper
LogInit: Display: RandInit(781161438) SRandInit(781161438).
LogInit: Read version file with build ID '3944462'
LogInit: Overriding engine version to CL 4033788, compatible CL 3944462
LogInit: Registered custom module enumerator with build ID '3944462'
LogTaskGraph: Started task graph with 5 named threads and 23 total threads with 3 sets of task threads.
LogStats: Stats thread started at 0.420257
LogD3D11RHI: Aftermath initialized
LogICUInternationalization: Display: ICU TimeZone Detection - Raw Offset: +1:00, Platform Override: ''
LogPluginManager: Mounting plugin Paper2D
LogPluginManager: Mounting plugin LiveLink
LogPluginManager: Mounting plugin LightPropagationVolume
LogPluginManager: Mounting plugin CLionSourceCodeAccess
LogPluginManager: Mounting plugin CodeLiteSourceCodeAccess
LogPluginManager: Mounting plugin GitSourceControl
LogPluginManager: Mounting plugin KDevelopSourceCodeAccess
LogPluginManager: Mounting plugin NullSourceCodeAccess
LogPluginManager: Mounting plugin PerforceSourceControl
LogPluginManager: Mounting plugin SubversionSourceControl
LogPluginManager: Mounting plugin UObjectPlugin
LogPluginManager: Mounting plugin VisualStudioCodeSourceCodeAccess
LogPluginManager: Mounting plugin VisualStudioSourceCodeAccess
LogPluginManager: Mounting plugin XCodeSourceCodeAccess
LogPluginManager: Mounting plugin AssetManagerEditor
LogPluginManager: Mounting plugin CryptoKeys
LogPluginManager: Mounting plugin DataValidation
LogPluginManager: Mounting plugin FacialAnimation
LogPluginManager: Mounting plugin GameplayTagsEditor
LogPluginManager: Mounting plugin MobileLauncherProfileWizard
LogPluginManager: Mounting plugin PluginBrowser
LogPluginManager: Mounting plugin SpeedTreeImporter
LogPluginManager: Mounting plugin DatasmithContent
LogPluginManager: Mounting plugin AlembicImporter
LogPluginManager: Mounting plugin CharacterAI
LogPluginManager: Mounting plugin HTML5Networking
LogPluginManager: Mounting plugin AndroidMedia
LogPluginManager: Mounting plugin AvfMedia
LogPluginManager: Mounting plugin ImgMedia
LogPluginManager: Mounting plugin LinearTimecode
LogPluginManager: Mounting plugin MediaCompositing
LogPluginManager: Mounting plugin MediaPlayerEditor
LogPluginManager: Mounting plugin WmfMedia
LogPluginManager: Mounting plugin TcpMessaging
LogPluginManager: Mounting plugin UdpMessaging
LogPluginManager: Mounting plugin ActorSequence
LogPluginManager: Mounting plugin LevelSequenceEditor
LogPluginManager: Mounting plugin MatineeToLevelSequence
LogPluginManager: Mounting plugin NetcodeUnitTest
LogPluginManager: Mounting plugin NUTUnrealEngine4
LogPluginManager: Mounting plugin OnlineSubsystemGooglePlay
LogPluginManager: Mounting plugin OnlineSubsystemIOS
LogPluginManager: Mounting plugin OnlineSubsystem
LogPluginManager: Mounting plugin OnlineSubsystemNull
LogPluginManager: Mounting plugin OnlineSubsystemUtils
LogPluginManager: Mounting plugin AndroidDeviceProfileSelector
LogPluginManager: Mounting plugin AndroidMoviePlayer
LogPluginManager: Mounting plugin AndroidPermission
LogPluginManager: Mounting plugin AppleARKit
LogPluginManager: Mounting plugin AppleMoviePlayer
LogPluginManager: Mounting plugin ArchVisCharacter
LogPluginManager: Mounting plugin AudioCapture
LogPluginManager: Mounting plugin CableComponent
LogPluginManager: Mounting plugin CustomMeshComponent
LogPluginManager: Mounting plugin ExampleDeviceProfileSelector
LogPluginManager: Mounting plugin GoogleCloudMessaging
LogPluginManager: Mounting plugin ImmediatePhysics
LogPluginManager: Mounting plugin IOSDeviceProfileSelector
LogPluginManager: Mounting plugin LinuxDeviceProfileSelector
LogPluginManager: Mounting plugin LocationServicesBPLibrary
LogPluginManager: Mounting plugin MobilePatchingUtils
LogPluginManager: Mounting plugin OculusVR
LogPluginManager: Plugin shader directory ../../../Engine/Plugins/Runtime/Oculus/OculusVR/Shaders found
LogPluginManager: Mapping shader source directory ../../../Engine/Plugins/Runtime/Oculus/OculusVR/Shaders to virtual directory /Plugin/OculusVR
LogPluginManager: Mounting plugin PhysXVehicles
LogPluginManager: Mounting plugin ProceduralMeshComponent
LogPluginManager: Mounting plugin RuntimePhysXCooking
LogPluginManager: Mounting plugin SteamVR
LogPluginManager: Mounting plugin WindowsMoviePlayer
LogPluginManager: Mounting plugin CoverPointGenerator
LogStreaming: Display: Took  0.131s to configure plugins.
LogModuleManager: Display: Found up-to-date module file ../../../../../SpareTime/Unreal/FPS/FPS/Binaries/Win64/UE4Editor-FPS.dll (API version 3944462).
LogModuleManager: Display: Found up-to-date module file ../../../Engine/Plugins/2D/Paper2D/Binaries/Win64/UE4Editor-Paper2D.dll (API version 3944462).
LogModuleManager: Display: Found up-to-date module file ../../../Engine/Plugins/2D/Paper2D/Binaries/Win64/UE4Editor-Paper2DEditor.dll (API version 3944462).
LogModuleManager: Display: Found up-to-date module file ../../../Engine/Plugins/2D/Paper2D/Binaries/Win64/UE4Editor-PaperSpriteSheetImporter.dll (API version 3944462).
LogModuleManager: Display: Found up-to-date module file ../../../Engine/Plugins/2D/Paper2D/Binaries/Win64/UE4Editor-PaperTiledImporter.dll (API version 3944462).
LogModuleManager: Display: Found up-to-date module file ../../../Engine/Plugins/2D/Paper2D/Binaries/Win64/UE4Editor-SmartSnapping.dll (API version 3944462).
LogModuleManager: Display: Found up-to-date module file ../../../Engine/Plugins/Animation/LiveLink/Binaries/Win64/UE4Editor-LiveLink.dll (API version 3944462).
LogModuleManager: Display: Found up-to-date module file ../../../Engine/Plugins/Animation/LiveLink/Binaries/Win64/UE4Editor-LiveLinkEditor.dll (API version 3944462).
LogModuleManager: Display: Found up-to-date module file ../../../Engine/Plugins/Blendables/LightPropagationVolume/Binaries/Win64/UE4Editor-LightPropagationVolumeRuntime.dll (API version 3944462).
LogModuleManager: Display: Found up-to-date module file ../../../Engine/Plugins/Blendables/LightPropagationVolume/Binaries/Win64/UE4Editor-LightPropagationVolumeEditor.dll (API version 3944462).
LogModuleManager: Display: Found up-to-date module file ../../../Engine/Plugins/Developer/CLionSourceCodeAccess/Binaries/Win64/UE4Editor-CLionSourceCodeAccess.dll (API version 3944462).
LogModuleManager: Display: Found up-to-date module file ../../../Engine/Plugins/Developer/GitSourceControl/Binaries/Win64/UE4Editor-GitSourceControl.dll (API version 3944462).
LogModuleManager: Display: Found up-to-date module file ../../../Engine/Plugins/Developer/PerforceSourceControl/Binaries/Win64/UE4Editor-PerforceSourceControl.dll (API version 3944462).
LogModuleManager: Display: Found up-to-date module file ../../../Engine/Plugins/Developer/SubversionSourceControl/Binaries/Win64/UE4Editor-SubversionSourceControl.dll (API version 3944462).
LogModuleManager: Display: Found up-to-date module file ../../../Engine/Plugins/Developer/UObjectPlugin/Binaries/Win64/UE4Editor-UObjectPlugin.dll (API version 3944462).
LogModuleManager: Display: Found up-to-date module file ../../../Engine/Plugins/Developer/VisualStudioCodeSourceCodeAccess/Binaries/Win64/UE4Editor-VisualStudioCodeSourceCodeAccess.dll (API version 3944462).
LogModuleManager: Display: Found up-to-date module file ../../../Engine/Plugins/Developer/VisualStudioSourceCodeAccess/Binaries/Win64/UE4Editor-VisualStudioSourceCodeAccess.dll (API version 3944462).
LogModuleManager: Display: Found up-to-date module file ../../../Engine/Plugins/Editor/AssetManagerEditor/Binaries/Win64/UE4Editor-AssetManagerEditor.dll (API version 3944462).
LogModuleManager: Display: Found up-to-date module file ../../../Engine/Plugins/Editor/CryptoKeys/Binaries/Win64/UE4Editor-CryptoKeys.dll (API version 3944462).
LogModuleManager: Display: Found up-to-date module file ../../../Engine/Plugins/Editor/CryptoKeys/Binaries/Win64/UE4Editor-CryptoKeysOpenSSL.dll (API version 3944462).
LogModuleManager: Display: Found up-to-date module file ../../../Engine/Plugins/Editor/DataValidation/Binaries/Win64/UE4Editor-DataValidation.dll (API version 3944462).
LogModuleManager: Display: Found up-to-date module file ../../../Engine/Plugins/Editor/FacialAnimation/Binaries/Win64/UE4Editor-FacialAnimation.dll (API version 3944462).
LogModuleManager: Display: Found up-to-date module file ../../../Engine/Plugins/Editor/FacialAnimation/Binaries/Win64/UE4Editor-FacialAnimationEditor.dll (API version 3944462).
LogModuleManager: Display: Found up-to-date module file ../../../Engine/Plugins/Editor/GameplayTagsEditor/Binaries/Win64/UE4Editor-GameplayTagsEditor.dll (API version 3944462).
LogModuleManager: Display: Found up-to-date module file ../../../Engine/Plugins/Editor/MobileLauncherProfileWizard/Binaries/Win64/UE4Editor-MobileLauncherProfileWizard.dll (API version 3944462).
LogModuleManager: Display: Found up-to-date module file ../../../Engine/Plugins/Editor/PluginBrowser/Binaries/Win64/UE4Editor-PluginBrowser.dll (API version 3944462).
LogModuleManager: Display: Found up-to-date module file ../../../Engine/Plugins/Editor/SpeedTreeImporter/Binaries/Win64/UE4Editor-SpeedTreeImporter.dll (API version 3944462).
LogModuleManager: Display: Found up-to-date module file ../../../Engine/Plugins/Enterprise/DatasmithContent/Binaries/Win64/UE4Editor-DatasmithContent.dll (API version 3944462).
LogModuleManager: Display: Found up-to-date module file ../../../Engine/Plugins/Experimental/AlembicImporter/Binaries/Win64/UE4Editor-AlembicImporter.dll (API version 3944462).
LogModuleManager: Display: Found up-to-date module file ../../../Engine/Plugins/Experimental/AlembicImporter/Binaries/Win64/UE4Editor-AlembicLibrary.dll (API version 3944462).
LogModuleManager: Display: Found up-to-date module file ../../../Engine/Plugins/Experimental/CharacterAI/Binaries/Win64/UE4Editor-CharacterAI.dll (API version 3944462).
LogModuleManager: Display: Found up-to-date module file ../../../Engine/Plugins/Experimental/HTML5Networking/Binaries/Win64/UE4Editor-HTML5Networking.dll (API version 3944462).
LogModuleManager: Display: Found up-to-date module file ../../../Engine/Plugins/Media/AndroidMedia/Binaries/Win64/UE4Editor-AndroidMediaEditor.dll (API version 3944462).
LogModuleManager: Display: Found up-to-date module file ../../../Engine/Plugins/Media/AndroidMedia/Binaries/Win64/UE4Editor-AndroidMediaFactory.dll (API version 3944462).
LogModuleManager: Display: Found up-to-date module file ../../../Engine/Plugins/Media/AvfMedia/Binaries/Win64/UE4Editor-AvfMediaEditor.dll (API version 3944462).
LogModuleManager: Display: Found up-to-date module file ../../../Engine/Plugins/Media/AvfMedia/Binaries/Win64/UE4Editor-AvfMediaFactory.dll (API version 3944462).
LogModuleManager: Display: Found up-to-date module file ../../../Engine/Plugins/Media/AvfMedia/Binaries/Win64/UE4Editor-AvfMediaFactory.dll (API version 3944462).
LogModuleManager: Display: Found up-to-date module file ../../../Engine/Plugins/Media/ImgMedia/Binaries/Win64/UE4Editor-ImgMedia.dll (API version 3944462).
LogModuleManager: Display: Found up-to-date module file ../../../Engine/Plugins/Media/ImgMedia/Binaries/Win64/UE4Editor-ImgMediaEditor.dll (API version 3944462).
LogModuleManager: Display: Found up-to-date module file ../../../Engine/Plugins/Media/ImgMedia/Binaries/Win64/UE4Editor-ImgMediaFactory.dll (API version 3944462).
LogModuleManager: Display: Found up-to-date module file ../../../Engine/Plugins/Media/ImgMedia/Binaries/Win64/UE4Editor-ImgMediaFactory.dll (API version 3944462).
LogModuleManager: Display: Found up-to-date module file ../../../Engine/Plugins/Media/ImgMedia/Binaries/Win64/UE4Editor-OpenExrWrapper.dll (API version 3944462).
LogModuleManager: Display: Found up-to-date module file ../../../Engine/Plugins/Media/LinearTimecode/Binaries/Win64/UE4Editor-LinearTimecode.dll (API version 3944462).
LogModuleManager: Display: Found up-to-date module file ../../../Engine/Plugins/Media/MediaCompositing/Binaries/Win64/UE4Editor-MediaCompositing.dll (API version 3944462).
LogModuleManager: Display: Found up-to-date module file ../../../Engine/Plugins/Media/MediaCompositing/Binaries/Win64/UE4Editor-MediaCompositingEditor.dll (API version 3944462).
LogModuleManager: Display: Found up-to-date module file ../../../Engine/Plugins/Media/MediaPlayerEditor/Binaries/Win64/UE4Editor-MediaPlayerEditor.dll (API version 3944462).
LogModuleManager: Display: Found up-to-date module file ../../../Engine/Plugins/Media/WmfMedia/Binaries/Win64/UE4Editor-WmfMedia.dll (API version 3944462).
LogModuleManager: Display: Found up-to-date module file ../../../Engine/Plugins/Media/WmfMedia/Binaries/Win64/UE4Editor-WmfMediaEditor.dll (API version 3944462).
LogModuleManager: Display: Found up-to-date module file ../../../Engine/Plugins/Media/WmfMedia/Binaries/Win64/UE4Editor-WmfMediaFactory.dll (API version 3944462).
LogModuleManager: Display: Found up-to-date module file ../../../Engine/Plugins/Media/WmfMedia/Binaries/Win64/UE4Editor-WmfMediaFactory.dll (API version 3944462).
LogModuleManager: Display: Found up-to-date module file ../../../Engine/Plugins/Messaging/TcpMessaging/Binaries/Win64/UE4Editor-TcpMessaging.dll (API version 3944462).
LogModuleManager: Display: Found up-to-date module file ../../../Engine/Plugins/Messaging/UdpMessaging/Binaries/Win64/UE4Editor-UdpMessaging.dll (API version 3944462).
LogModuleManager: Display: Found up-to-date module file ../../../Engine/Plugins/MovieScene/ActorSequence/Binaries/Win64/UE4Editor-ActorSequence.dll (API version 3944462).
LogModuleManager: Display: Found up-to-date module file ../../../Engine/Plugins/MovieScene/LevelSequenceEditor/Binaries/Win64/UE4Editor-LevelSequenceEditor.dll (API version 3944462).
LogModuleManager: Display: Found up-to-date module file ../../../Engine/Plugins/MovieScene/MatineeToLevelSequence/Binaries/Win64/UE4Editor-MatineeToLevelSequence.dll (API version 3944462).
LogModuleManager: Display: Found up-to-date module file ../../../Engine/Plugins/NetcodeUnitTest/NetcodeUnitTest/Binaries/Win64/UE4Editor-NetcodeUnitTest.dll (API version 3944462).
LogModuleManager: Display: Found up-to-date module file ../../../Engine/Plugins/NetcodeUnitTest/NUTUnrealEngine4/Binaries/Win64/UE4Editor-NUTUnrealEngine4.dll (API version 3944462).
LogModuleManager: Display: Found up-to-date module file ../../../Engine/Plugins/Online/OnlineSubsystem/Binaries/Win64/UE4Editor-OnlineSubsystem.dll (API version 3944462).
LogModuleManager: Display: Found up-to-date module file ../../../Engine/Plugins/Online/OnlineSubsystemNull/Binaries/Win64/UE4Editor-OnlineSubsystemNull.dll (API version 3944462).
LogModuleManager: Display: Found up-to-date module file ../../../Engine/Plugins/Online/OnlineSubsystemUtils/Binaries/Win64/UE4Editor-OnlineSubsystemUtils.dll (API version 3944462).
LogModuleManager: Display: Found up-to-date module file ../../../Engine/Plugins/Online/OnlineSubsystemUtils/Binaries/Win64/UE4Editor-OnlineBlueprintSupport.dll (API version 3944462).
LogModuleManager: Display: Found up-to-date module file ../../../Engine/Plugins/Runtime/AndroidDeviceProfileSelector/Binaries/Win64/UE4Editor-AndroidDeviceProfileSelector.dll (API version 3944462).
LogModuleManager: Display: Found up-to-date module file ../../../Engine/Plugins/Runtime/AndroidPermission/Binaries/Win64/UE4Editor-AndroidPermission.dll (API version 3944462).
LogModuleManager: Display: Found up-to-date module file ../../../Engine/Plugins/Runtime/AppleARKit/Binaries/Win64/UE4Editor-AppleARKit.dll (API version 3944462).
LogModuleManager: Display: Found up-to-date module file ../../../Engine/Plugins/Runtime/ArchVisCharacter/Binaries/Win64/UE4Editor-ArchVisCharacter.dll (API version 3944462).
LogModuleManager: Display: Found up-to-date module file ../../../Engine/Plugins/Runtime/AudioCapture/Binaries/Win64/UE4Editor-AudioCapture.dll (API version 3944462).
LogModuleManager: Display: Found up-to-date module file ../../../Engine/Plugins/Runtime/AudioCapture/Binaries/Win64/UE4Editor-AudioCaptureEditor.dll (API version 3944462).
LogModuleManager: Display: Found up-to-date module file ../../../Engine/Plugins/Runtime/CableComponent/Binaries/Win64/UE4Editor-CableComponent.dll (API version 3944462).
LogModuleManager: Display: Found up-to-date module file ../../../Engine/Plugins/Runtime/CustomMeshComponent/Binaries/Win64/UE4Editor-CustomMeshComponent.dll (API version 3944462).
LogModuleManager: Display: Found up-to-date module file ../../../Engine/Plugins/Runtime/ExampleDeviceProfileSelector/Binaries/Win64/UE4Editor-ExampleDeviceProfileSelector.dll (API version 3944462).
LogModuleManager: Display: Found up-to-date module file ../../../Engine/Plugins/Runtime/ImmediatePhysics/Binaries/Win64/UE4Editor-ImmediatePhysics.dll (API version 3944462).
LogModuleManager: Display: Found up-to-date module file ../../../Engine/Plugins/Runtime/ImmediatePhysics/Binaries/Win64/UE4Editor-ImmediatePhysicsEditor.dll (API version 3944462).
LogModuleManager: Display: Found up-to-date module file ../../../Engine/Plugins/Runtime/LocationServicesBPLibrary/Binaries/Win64/UE4Editor-LocationServicesBPLibrary.dll (API version 3944462).
LogModuleManager: Display: Found up-to-date module file ../../../Engine/Plugins/Runtime/MobilePatchingUtils/Binaries/Win64/UE4Editor-MobilePatchingUtils.dll (API version 3944462).
LogModuleManager: Display: Found up-to-date module file ../../../Engine/Plugins/Runtime/Oculus/OculusVR/Binaries/Win64/UE4Editor-OculusHMD.dll (API version 3944462).
LogModuleManager: Display: Found up-to-date module file ../../../Engine/Plugins/Runtime/Oculus/OculusVR/Binaries/Win64/UE4Editor-OculusInput.dll (API version 3944462).
LogModuleManager: Display: Found up-to-date module file ../../../Engine/Plugins/Runtime/Oculus/OculusVR/Binaries/Win64/UE4Editor-OculusEditor.dll (API version 3944462).
LogModuleManager: Display: Found up-to-date module file ../../../Engine/Plugins/Runtime/PhysXVehicles/Binaries/Win64/UE4Editor-PhysXVehicles.dll (API version 3944462).
LogModuleManager: Display: Found up-to-date module file ../../../Engine/Plugins/Runtime/PhysXVehicles/Binaries/Win64/UE4Editor-PhysXVehiclesEditor.dll (API version 3944462).
LogModuleManager: Display: Found up-to-date module file ../../../Engine/Plugins/Runtime/ProceduralMeshComponent/Binaries/Win64/UE4Editor-ProceduralMeshComponent.dll (API version 3944462).
LogModuleManager: Display: Found up-to-date module file ../../../Engine/Plugins/Runtime/ProceduralMeshComponent/Binaries/Win64/UE4Editor-ProceduralMeshComponentEditor.dll (API version 3944462).
LogModuleManager: Display: Found up-to-date module file ../../../Engine/Plugins/Runtime/RuntimePhysXCooking/Binaries/Win64/UE4Editor-RuntimePhysXCooking.dll (API version 3944462).
LogModuleManager: Display: Found up-to-date module file ../../../Engine/Plugins/Runtime/Steam/SteamVR/Binaries/Win64/UE4Editor-SteamVR.dll (API version 3944462).
LogModuleManager: Display: Found up-to-date module file ../../../Engine/Plugins/Runtime/Steam/SteamVR/Binaries/Win64/UE4Editor-SteamVRController.dll (API version 3944462).
LogModuleManager: Display: Found up-to-date module file ../../../Engine/Plugins/Runtime/WindowsMoviePlayer/Binaries/Win64/UE4Editor-WindowsMoviePlayer.dll (API version 3944462).
LogModuleManager: Display: Found up-to-date module file ../../../../../SpareTime/Unreal/FPS/FPS/Plugins/CoverPointGenerator/Binaries/Win64/UE4Editor-CoverPointGenerator.dll (API version 3944462).
LogInit: Using libcurl 7.47.1
LogInit:  - built for x86_64-pc-win32
LogInit:  - supports SSL with OpenSSL/1.0.2g
LogInit:  - supports HTTP deflate (compression) using libz 1.2.8
LogInit:  - other features:
LogInit:      CURL_VERSION_SSL
LogInit:      CURL_VERSION_LIBZ
LogInit:      CURL_VERSION_IPV6
LogInit:      CURL_VERSION_ASYNCHDNS
LogInit:      CURL_VERSION_LARGEFILE
LogInit:      CURL_VERSION_IDN
LogInit:  CurlRequestOptions (configurable via config and command line):
LogInit:  - bVerifyPeer = false  - Libcurl will NOT verify peer certificate
LogInit:  - bUseHttpProxy = false  - Libcurl will NOT use HTTP proxy
LogInit:  - bDontReuseConnections = false  - Libcurl will reuse connections
LogInit:  - CertBundlePath = nullptr  - Libcurl will use whatever was configured at build time.
LogInit:  - MaxHostConnections = 16  - Libcurl will limit the number of connections to a host
LogInit:  - LocalHostAddr = Default
LogInit: WinSock: version 1.1 (2.2), MaxSocks=32767, MaxUdp=65467
LogInit: WinSock: I am Tom-Laptop (192.168.1.142:0)
LogInit: Build: ++UE4+Release-4.19-CL-4033788
LogInit: Engine Version: 4.19.2-4033788+++UE4+Release-4.19
LogInit: Compatible Engine Version: 4.19.0-3944462+++UE4+Release-4.19
LogInit: Net CL: 3944462
LogDevObjectVersion: Number of dev versions registered: 18
LogDevObjectVersion:   Dev-Blueprints (B0D832E4-1F89-4F0D-ACCF-7EB736FD4AA2): 10
LogDevObjectVersion:   Dev-Build (E1C64328-A22C-4D53-A36C-8E866417BD8C): 0
LogDevObjectVersion:   Dev-Core (375EC13C-06E4-48FB-B500-84F0262A717E): 2
LogDevObjectVersion:   Dev-Editor (E4B068ED-F494-42E9-A231-DA0B2E46BB41): 23
LogDevObjectVersion:   Dev-Framework (CFFC743F-43B0-4480-9391-14DF171D2073): 33
LogDevObjectVersion:   Dev-Mobile (B02B49B5-BB20-44E9-A304-32B752E40360): 2
LogDevObjectVersion:   Dev-Networking (A4E4105C-59A1-49B5-A7C5-40C4547EDFEE): 0
LogDevObjectVersion:   Dev-Online (39C831C9-5AE6-47DC-9A44-9C173E1C8E7C): 0
LogDevObjectVersion:   Dev-Physics (78F01B33-EBEA-4F98-B9B4-84EACCB95AA2): 0
LogDevObjectVersion:   Dev-Platform (6631380F-2D4D-43E0-8009-CF276956A95A): 0
LogDevObjectVersion:   Dev-Rendering (12F88B9F-8875-4AFC-A67C-D90C383ABD29): 25
LogDevObjectVersion:   Dev-Sequencer (7B5AE74C-D270-4C10-A958-57980B212A5A): 6
LogDevObjectVersion:   Dev-VR (D7296918-1DD6-4BDD-9DE2-64A83CC13884): 1
LogDevObjectVersion:   Dev-LoadTimes (C2A15278-BFE7-4AFE-6C17-90FF531DF755): 1
LogDevObjectVersion:   Private-Geometry (6EACA3D4-40EC-4CC1-B786-8BED09428FC5): 2
LogDevObjectVersion:   Dev-AnimPhys (29E575DD-E0A3-4627-9D10-D276232CDCEA): 16
LogDevObjectVersion:   Dev-ReflectionCapture (6B266CEC-1EC7-4B8F-A30B-E4D90942FC07): 1
LogDevObjectVersion:   Dev-Automation (0DF73D61-A23F-47EA-B727-89E90C41499A): 1
LogInit: Compiled (64-bit): Apr 27 2018 02:06:57
LogInit: Compiled with Visual C++: 19.00.24215.01
LogInit: Build Configuration: Development
LogInit: Branch Name: ++UE4+Release-4.19
LogInit: Command Line:  -skipcompile
LogInit: Base Directory: D:/Epic Games/UE_4.19/Engine/Binaries/Win64/
LogInit: Installed Engine Build: 1
LogStreaming: Display: Took  0.002s to delete old logs.
LogInit: Presizing for max 8388607 objects, including 0 objects not considered by GC, pre-allocating 0 bytes for permanent pool.
LogInit: Object subsystem initialized
[2018.07.16-11.39.55:807][  0]LogInit: Selected Device Profile: [Windows]
[2018.07.16-11.39.55:808][  0]LogInit: Applying CVar settings loaded from the selected device profile: [Windows]
[2018.07.16-11.39.55:842][  0]LogInit: Computer: TOM-LAPTOP
[2018.07.16-11.39.55:842][  0]LogInit: User: tomco
[2018.07.16-11.39.55:842][  0]LogInit: CPU Page size=4096, Cores=4
[2018.07.16-11.39.55:843][  0]LogInit: High frequency timer resolution =2.531251 MHz
[2018.07.16-11.39.55:843][  0]LogMemory: Memory total: Physical=7.9GB (8GB approx)
[2018.07.16-11.39.55:843][  0]LogMemory: Platform Memory Stats for Windows
[2018.07.16-11.39.55:843][  0]LogMemory: Process Physical Memory: 280.59 MB used, 280.59 MB peak
[2018.07.16-11.39.55:843][  0]LogMemory: Process Virtual Memory: 272.88 MB used, 272.88 MB peak
[2018.07.16-11.39.55:844][  0]LogMemory: Physical Memory: 5450.55 MB used,  2639.98 MB free, 8090.52 MB total
[2018.07.16-11.39.55:844][  0]LogMemory: Virtual Memory: 4802.24 MB used,  2639.98 MB free, 134217728.00 MB total
[2018.07.16-11.39.55:927][  0]LogInit: Using OS detected language (en-US).
[2018.07.16-11.39.55:927][  0]LogInit: Using OS detected locale (en-US).
[2018.07.16-11.39.55:939][  0]LogTextLocalizationManager: No specific localization for 'en-US' exists, so the 'en' localization will be used.
[2018.07.16-11.39.56:436][  0]LogStreaming: Display: Took  0.510s to EndInitTextLocalization.
[2018.07.16-11.39.56:436][  0]LogInit: Setting process to per monitor DPI aware
[2018.07.16-11.39.56:493][  0]LogSlate: New Slate User Created.  User Index 0, Is Virtual User: 0
[2018.07.16-11.39.56:494][  0]LogSlate: Slate User Registered.  User Index 0, Is Virtual User: 0
[2018.07.16-11.39.57:059][  0]LogD3D11RHI: D3D11 adapters:
[2018.07.16-11.39.57:161][  0]LogD3D11RHI:    0. 'NVIDIA GeForce GTX 960M' (Feature Level 11_0)
[2018.07.16-11.39.57:162][  0]LogD3D11RHI:       2019/0/4045 MB DedicatedVideo/DedicatedSystem/SharedSystem, Outputs:1, VendorId:0x10de
[2018.07.16-11.39.57:184][  0]LogD3D11RHI:    1. 'Intel(R) HD Graphics 530' (Feature Level 11_0)
[2018.07.16-11.39.57:184][  0]LogD3D11RHI:       128/0/4045 MB DedicatedVideo/DedicatedSystem/SharedSystem, Outputs:0, VendorId:0x8086
[2018.07.16-11.39.57:191][  0]LogD3D11RHI:    2. 'Microsoft Basic Render Driver' (Feature Level 11_0)
[2018.07.16-11.39.57:191][  0]LogD3D11RHI:       0/0/4045 MB DedicatedVideo/DedicatedSystem/SharedSystem, Outputs:0, VendorId:0x1414
[2018.07.16-11.39.57:192][  0]LogD3D11RHI: Chosen D3D11 Adapter: 0
[2018.07.16-11.39.57:211][  0]LogD3D11RHI: Creating new Direct3DDevice
[2018.07.16-11.39.57:211][  0]LogD3D11RHI:     GPU DeviceId: 0x139b (for the marketing name, search the web for "GPU Device Id")
[2018.07.16-11.39.57:211][  0]LogWindows: EnumDisplayDevices:
[2018.07.16-11.39.57:212][  0]LogWindows:    0. 'Intel(R) HD Graphics 530' (P:1 D:1)
[2018.07.16-11.39.57:212][  0]LogWindows:    1. 'Intel(R) HD Graphics 530' (P:0 D:0)
[2018.07.16-11.39.57:213][  0]LogWindows:    2. 'Intel(R) HD Graphics 530' (P:0 D:0)
[2018.07.16-11.39.57:213][  0]LogWindows: DebugString: GetVideoDriverDetailsInvalid PrimaryIsNotTheChoosenAdapter GetVideoDriverDetailsInvalid PrimaryIsNotTheChoosenAdapter GetVideoDriverDetailsInvalid PrimaryIsNotTheChoosenAdapter FoundDriverCount:0 
[2018.07.16-11.39.57:213][  0]LogD3D11RHI:     Adapter Name: NVIDIA GeForce GTX 960M
[2018.07.16-11.39.57:213][  0]LogD3D11RHI:   Driver Version: Unknown (internal:Unknown, unified:Unknown)
[2018.07.16-11.39.57:213][  0]LogD3D11RHI:      Driver Date: Unknown
[2018.07.16-11.39.57:214][  0]LogRHI: Texture pool is 1413 MB (70% of 2019 MB)
[2018.07.16-11.39.57:247][  0]LogD3D11RHI: [Aftermath] Aftermath enabled but failed to initialize
[2018.07.16-11.39.57:247][  0]LogD3D11RHI: [Aftermath] Aftermath enabled and primed
[2018.07.16-11.39.57:248][  0]LogD3D11RHI: Async texture creation enabled
[2018.07.16-11.39.57:258][  0]LogD3D11RHI: GPU Timing Frequency: 1000.000000 (Debug: 2 1)
[2018.07.16-11.39.57:259][  0]LogShaderCompilers: Guid format shader working directory is 6 characters bigger than the processId version (../../../../../SpareTime/Unreal/FPS/FPS/Intermediate/Shaders/WorkingDirectory/10776/).
[2018.07.16-11.39.57:260][  0]LogShaderCompilers: Cleaned the shader compiler working directory 'C:/Users/tomco/AppData/Local/Temp/UnrealShaderWorkingDir/55333CE34CEA878C9124B3AC0AF259E8/'.
[2018.07.16-11.39.57:529][  0]LogTemp: Display: Loaded TP AllDesktopTargetPlatform
[2018.07.16-11.39.57:547][  0]LogTemp: Display: Loaded TP MacClientTargetPlatform
[2018.07.16-11.39.57:565][  0]LogTemp: Display: Loaded TP MacNoEditorTargetPlatform
[2018.07.16-11.39.57:583][  0]LogTemp: Display: Loaded TP MacServerTargetPlatform
[2018.07.16-11.39.57:602][  0]LogTemp: Display: Loaded TP MacTargetPlatform
[2018.07.16-11.39.57:621][  0]LogTemp: Display: Loaded TP WindowsClientTargetPlatform
[2018.07.16-11.39.57:641][  0]LogTemp: Display: Loaded TP WindowsNoEditorTargetPlatform
[2018.07.16-11.39.57:658][  0]LogTemp: Display: Loaded TP WindowsServerTargetPlatform
[2018.07.16-11.39.57:670][  0]LogTemp: Display: Loaded TP WindowsTargetPlatform
[2018.07.16-11.39.57:687][  0]LogTemp: Display: Loaded TP Android_ASTCTargetPlatform
[2018.07.16-11.39.57:703][  0]LogTemp: Display: Loaded TP Android_ATCTargetPlatform
[2018.07.16-11.39.57:721][  0]LogTemp: Display: Loaded TP Android_DXTTargetPlatform
[2018.07.16-11.39.57:737][  0]LogTemp: Display: Loaded TP Android_ETC1aTargetPlatform
[2018.07.16-11.39.57:754][  0]LogTemp: Display: Loaded TP Android_ETC1TargetPlatform
[2018.07.16-11.39.57:771][  0]LogTemp: Display: Loaded TP Android_ETC2TargetPlatform
[2018.07.16-11.39.57:804][  0]LogTemp: Display: Loaded TP Android_MultiTargetPlatform
[2018.07.16-11.39.57:804][  0]LogTemp: Display: Loaded TP Android_PVRTCTargetPlatform
[2018.07.16-11.39.57:821][  0]LogTemp: Display: Loaded TP AndroidTargetPlatform
[2018.07.16-11.39.57:826][  0]LogTemp: Display: Loaded TP HTML5TargetPlatform
[2018.07.16-11.39.57:879][  0]LogTemp: Display: Loaded TP IOSTargetPlatform
[2018.07.16-11.39.57:896][  0]LogTemp: Display: Loaded TP TVOSTargetPlatform
[2018.07.16-11.39.57:913][  0]LogTemp: Display: Loaded TP LinuxClientTargetPlatform
[2018.07.16-11.39.57:930][  0]LogTemp: Display: Loaded TP LinuxNoEditorTargetPlatform
[2018.07.16-11.39.57:947][  0]LogTemp: Display: Loaded TP LinuxServerTargetPlatform
[2018.07.16-11.39.57:964][  0]LogTemp: Display: Loaded TP LinuxTargetPlatform
[2018.07.16-11.39.57:965][  0]LogTargetPlatformManager: Display: Building Assets For Windows
[2018.07.16-11.39.58:158][  0]LogXGEController: Cleaning working directory: C:/Users/tomco/AppData/Local/Temp/UnrealXGEWorkingDir/
[2018.07.16-11.39.58:158][  0]LogXGEController: Cannot use XGE Controller as Incredibuild is not installed on this machine.
[2018.07.16-11.39.58:158][  0]LogShaderCompilers: Cannot use XGE Shader Compiler as Incredibuild is not installed on this machine.
[2018.07.16-11.39.58:158][  0]LogShaderCompilers: Display: Using Local Shader Compiler.
[2018.07.16-11.39.58:955][  0]LogDerivedDataCache: Display: Max Cache Size: 512 MB
[2018.07.16-11.39.59:249][  0]LogDerivedDataCache: Loaded boot cache 0.29s 80MB C:/Users/tomco/AppData/Local/UnrealEngine/4.19/DerivedDataCache/Boot.ddc.
[2018.07.16-11.39.59:249][  0]LogDerivedDataCache: Display: Loaded Boot cache: C:/Users/tomco/AppData/Local/UnrealEngine/4.19/DerivedDataCache/Boot.ddc
[2018.07.16-11.39.59:249][  0]LogDerivedDataCache: FDerivedDataBackendGraph:  Pak pak cache file ../../../../../SpareTime/Unreal/FPS/FPS/DerivedDataCache/DDC.ddp not found, will not use a pak cache.
[2018.07.16-11.39.59:249][  0]LogDerivedDataCache: Unable to find inner node Pak for hierarchical cache Hierarchy.
[2018.07.16-11.39.59:250][  0]LogDerivedDataCache: FDerivedDataBackendGraph:  CompressedPak pak cache file ../../../../../SpareTime/Unreal/FPS/FPS/DerivedDataCache/Compressed.ddp not found, will not use a pak cache.
[2018.07.16-11.39.59:250][  0]LogDerivedDataCache: Unable to find inner node CompressedPak for hierarchical cache Hierarchy.
[2018.07.16-11.39.59:267][  0]LogDerivedDataCache: Display: Pak cache opened for reading ../../../Engine/DerivedDataCache/Compressed.ddp.
[2018.07.16-11.39.59:282][  0]LogDerivedDataCache: Using Local data cache path C:/Users/tomco/AppData/Local/UnrealEngine/Common/DerivedDataCache: Writable
[2018.07.16-11.39.59:282][  0]LogDerivedDataCache: Shared data cache path not found in *engine.ini, will not use an Shared cache.
[2018.07.16-11.39.59:282][  0]LogDerivedDataCache: Unable to find inner node Shared for hierarchical cache Hierarchy.
[2018.07.16-11.39.59:294][  0]LogMaterial: Verifying Global Shaders for PCD3D_SM5
[2018.07.16-11.39.59:295][  0]LogSlate: Using Freetype 2.6.0
[2018.07.16-11.39.59:298][  0]LogSlate: SlateFontCache - WITH_FREETYPE: 1, WITH_HARFBUZZ: 1
[2018.07.16-11.39.59:298][  0]LogSlate: SlateFontCache - WITH_FREETYPE: 1, WITH_HARFBUZZ: 1
[2018.07.16-11.39.59:906][  0]LogAssetRegistry: FAssetRegistry took 0.0298 seconds to start up
[2018.07.16-11.40.01:104][  0]LogInit: Selected Device Profile: [Windows]
[2018.07.16-11.40.01:302][  0]LogSimplygon: Simplygon DLL not present - disabling.
[2018.07.16-11.40.01:308][  0]LogMeshReduction: Using SimplygonSwarm for distributed automatic mesh merging
[2018.07.16-11.40.01:308][  0]LogMeshReduction: Using QuadricMeshReduction for automatic static mesh reduction
[2018.07.16-11.40.01:308][  0]LogMeshReduction: No automatic skeletal mesh reduction module available
[2018.07.16-11.40.01:308][  0]LogMeshReduction: No automatic mesh merging module available
[2018.07.16-11.40.01:308][  0]LogMeshMerging: No automatic mesh merging module available
[2018.07.16-11.40.01:343][  0]LogNetVersion: FPS , NetCL: 3944462, EngineNetVer: 2, GameNetVer: 0 (Checksum: 2326512385)
[2018.07.16-11.40.01:876][  0]LogPackageLocalizationCache: Processed 9 localized package path(s) for 2 prioritized culture(s) in 0.097338 seconds
[2018.07.16-11.40.01:882][  0]LogUObjectArray: 36728 objects as part of root set at end of initial load.
[2018.07.16-11.40.01:882][  0]LogUObjectAllocator: 7314312 out of 0 bytes used by permanent object pool.
[2018.07.16-11.40.01:882][  0]LogUObjectArray: CloseDisregardForGC: 0/0 objects in disregard for GC pool
[2018.07.16-11.40.05:292][  0]LogTcpMessaging: Initializing TcpMessaging bridge
[2018.07.16-11.40.05:326][  0]LogUdpMessaging: Initializing bridge on interface 0.0.0.0:0 to multicast group 230.0.0.1:6666.
[2018.07.16-11.40.05:731][  0]LogSkeletalMesh: Skeletal Mesh found in DDC [1.070222ms] /Game/Models/Player/Arms/Arms_SMG.Arms_SMG
[2018.07.16-11.40.05:758][  0]LogUObjectGlobals: Created PersistentFrame Addr=0x000001bd60e53c90, Size=80, Default__BP_SMGAnim_C Function /Game/Animations/SMG/BP_SMGAnim.BP_SMGAnim_C:ExecuteUbergraph_BP_SMGAnim
[2018.07.16-11.40.05:769][  0]LogUObjectGlobals: Destroyed PersistentFrame Addr=0x000001bd60e53c90, Size=80
[2018.07.16-11.40.05:769][  0]LogUObjectGlobals: Created PersistentFrame Addr=0x000001bd60e27790, Size=80, Default__BP_SMGAnim_C Function /Engine/Transient.REINST_BP_SMGAnim_C_0:ExecuteUbergraph_BP_SMGAnim
[2018.07.16-11.40.05:780][  0]LogUObjectGlobals: Created PersistentFrame Addr=0x000001bd60a556c0, Size=80, Default__BP_SMGAnim_C Function /Game/Animations/SMG/BP_SMGAnim.BP_SMGAnim_C:ExecuteUbergraph_BP_SMGAnim
[2018.07.16-11.40.05:977][  0]SourceControl: Source control is disabled
[2018.07.16-11.40.05:977][  0]SourceControl: Source control is disabled
[2018.07.16-11.40.05:998][  0]SourceControl: Source control is disabled
[2018.07.16-11.40.06:019][  0]SourceControl: Source control is disabled
[2018.07.16-11.40.06:604][  0]LogAndroidPermission: UAndroidPermissionCallbackProxy::GetInstance
[2018.07.16-11.40.06:797][  0]LogOcInput: OculusInput pre-init called
[2018.07.16-11.40.07:967][  0]LogEngine: Initializing Engine...
[2018.07.16-11.40.08:018][  0]LogHMD: Failed to initialize OpenVR with code 126
[2018.07.16-11.40.08:020][  0]LogStats: UGameplayTagsManager::ConstructGameplayTagTree: Construct from data asset -  0.000 s
[2018.07.16-11.40.08:020][  0]LogStats: UGameplayTagsManager::ConstructGameplayTagTree: GameplayTagTreeChangedEvent.Broadcast -  0.000 s
[2018.07.16-11.40.08:308][  0]LogAIModule: Creating AISystem for world Untitled
[2018.07.16-11.40.08:321][  0]LogInit: XAudio2 using 'Luidsprekers (Conexant SmartAudio HD)' : 2 channels at 48 kHz using 32 bits per sample (channel mask 0x3)
[2018.07.16-11.40.08:370][  0]LogInit: FAudioDevice initialized.
[2018.07.16-11.40.08:476][  0]LogDerivedDataCache: Saved boot cache 0.11s 80MB C:/Users/tomco/AppData/Local/UnrealEngine/4.19/DerivedDataCache/Boot.ddc.
[2018.07.16-11.40.08:492][  0]LogInit: Texture streaming: Enabled
[2018.07.16-11.40.08:525][  0]LogEngineSessionManager: EngineSessionManager initialized
[2018.07.16-11.40.08:541][  0]LogInit: Transaction tracking system initialized
[2018.07.16-11.40.08:596][  0]BlueprintLog: New page: Editor Load
[2018.07.16-11.40.08:760][  0]LocalizationService: Localization service is disabled
[2018.07.16-11.40.08:928][  0]LogConsoleResponse: Display: 
[2018.07.16-11.40.09:122][  0]LogCook: Display: Max memory allowance for cook 16384mb min free memory 0mb
[2018.07.16-11.40.09:122][  0]LogCook: Display: Mobile HDR setting 1
[2018.07.16-11.40.09:122][  0]LogGameplayTags: Display: UGameplayTagsManager::DoneAddingNativeTags. DelegateIsBound: 0
[2018.07.16-11.40.09:122][  0]LogStats: UGameplayTagsManager::ConstructGameplayTagTree: Construct from data asset -  0.000 s
[2018.07.16-11.40.09:123][  0]LogStats: UGameplayTagsManager::ConstructGameplayTagTree: GameplayTagTreeChangedEvent.Broadcast -  0.000 s
[2018.07.16-11.40.09:604][  0]LogFileCache: Scanning file cache for directory 'D:/SpareTime/Unreal/FPS/FPS/Content/' took 0.02s
[2018.07.16-11.40.09:604][  0]SourceControl: Source control is disabled
[2018.07.16-11.40.09:605][  0]Cmd: MAP LOAD FILE="../../../../../SpareTime/Unreal/FPS/FPS/Content/Maps/Level1.umap" TEMPLATE=0 SHOWPROGRESS=1 FEATURELEVEL=3
[2018.07.16-11.40.09:605][  0]LightingResults: New page: Lighting Build
[2018.07.16-11.40.09:610][  0]MapCheck: New page: Map Check
[2018.07.16-11.40.09:610][  0]LightingResults: New page: Lighting Build
[2018.07.16-11.40.09:622][  0]LogUObjectGlobals: Destroyed PersistentFrame Addr=0x000001bd60e27790, Size=80
[2018.07.16-11.40.09:691][  0]LogUObjectGlobals: Created PersistentFrame Addr=0x000001bd43f03380, Size=128, Default__BP_AssaultAIAnim_C Function /Game/Animations/AI/BP_AssaultAIAnim.BP_AssaultAIAnim_C:ExecuteUbergraph_BP_AssaultAIAnim
[2018.07.16-11.40.09:721][  0]LogUObjectGlobals: Destroyed PersistentFrame Addr=0x000001bd43f03380, Size=128
[2018.07.16-11.40.09:721][  0]LogUObjectGlobals: Created PersistentFrame Addr=0x000001bd43f03380, Size=128, Default__BP_AssaultAIAnim_C Function /Engine/Transient.REINST_BP_AssaultAIAnim_C_1:ExecuteUbergraph_BP_AssaultAIAnim
[2018.07.16-11.40.09:748][  0]LogUObjectGlobals: Created PersistentFrame Addr=0x000001bd47e92e80, Size=128, Default__BP_AssaultAIAnim_C Function /Game/Animations/AI/BP_AssaultAIAnim.BP_AssaultAIAnim_C:ExecuteUbergraph_BP_AssaultAIAnim
[2018.07.16-11.40.10:819][  0]LogSkeletalMesh: Skeletal Mesh found in DDC [19.090956ms] /Game/Animations/AnimStarterPack/UE4_Mannequin/Mesh/SK_Mannequin.SK_Mannequin
[2018.07.16-11.40.11:260][  0]LogAIModule: Creating AISystem for world Level1
[2018.07.16-11.40.11:294][  0]LogEditorServer: Finished looking for orphan Actors (0.000 secs)
[2018.07.16-11.40.11:312][  0]LogUObjectGlobals: Destroyed PersistentFrame Addr=0x000001bd43f03380, Size=128
[2018.07.16-11.40.11:314][  0]Cmd: MAP CHECKDEP NOCLEARLOG
[2018.07.16-11.40.11:398][  0]MapCheck: Map check complete: 0 Error(s), 0 Warning(s), took 84.07ms to complete.
[2018.07.16-11.40.11:399][  0]LogFileHelpers: Loading map 'Level1' took 1.794
[2018.07.16-11.40.11:603][  0]LogCollectionManager: Loaded 0 collections in 0.002007 seconds
[2018.07.16-11.40.11:655][  0]LogFileCache: Scanning file cache for directory 'D:/SpareTime/Unreal/FPS/FPS/Saved/Collections/' took 0.01s
[2018.07.16-11.40.11:655][  0]LogFileCache: Scanning file cache for directory 'D:/SpareTime/Unreal/FPS/FPS/Content/Developers/tomco/Collections/' took 0.01s
[2018.07.16-11.40.11:655][  0]LogFileCache: Scanning file cache for directory 'D:/SpareTime/Unreal/FPS/FPS/Content/Collections/' took 0.01s
[2018.07.16-11.40.11:655][  0]LogCollectionManager: Rebuilt the GUID cache for 0 collections in 0.000003 seconds
[2018.07.16-11.40.11:667][  0]LogContentBrowser: Native class hierarchy populated in 0.0109 seconds. Added 2490 classes and 568 folders.
[2018.07.16-11.40.11:677][  0]LogContentBrowser: Native class hierarchy updated for 'WidgetCarousel' in 0.0014 seconds. Added 0 classes and 0 folders.
[2018.07.16-11.40.11:844][  0]LogContentBrowser: Native class hierarchy updated for 'AddContentDialog' in 0.0013 seconds. Added 0 classes and 0 folders.
[2018.07.16-11.40.13:233][  0]LogSlate: Only BGRA pngs, bmps or icos are supported in by External Image Picker
[2018.07.16-11.40.13:267][  0]LogSlate: Took 0.001980 seconds to synchronously load lazily loaded font '../../../Engine/Content/Slate/Fonts/Roboto-Regular.ttf' (155K)
[2018.07.16-11.40.13:279][  0]LogSlate: Took 0.003450 seconds to synchronously load lazily loaded font '../../../Engine/Content/Slate/Fonts/Roboto-Bold.ttf' (160K)
[2018.07.16-11.40.13:302][  0]LogSlate: Took 0.003124 seconds to synchronously load lazily loaded font '../../../Engine/Content/Editor/Slate/Fonts/FontAwesome.ttf' (139K)
[2018.07.16-11.40.13:467][  0]LogTemp: Executing iPhonePackager certificates Engine -bundlename com.YourCompany.FPS
[2018.07.16-11.40.13:467][  0]LogTemp: CWD: D:\Epic Games\UE_4.19\Engine\Binaries\DotNET\IOS
[2018.07.16-11.40.13:468][  0]LogTemp: Initial Dir: D:\Epic Games\UE_4.19
[2018.07.16-11.40.13:468][  0]LogTemp: Env CWD: D:\Epic Games\UE_4.19\Engine\Binaries\DotNET\IOS
[2018.07.16-11.40.13:468][  0]LogTemp: BranchPath = TOM-LAPTOP/D/Epic Games/UE_4.19/Engine/Binaries --- GameBranchPath = TOM-LAPTOP/D/Epic Games/UE_4.19/Engine/Binaries
[2018.07.16-11.40.13:468][  0]LogTemp: IPP ERROR: Could not find provision directory 'C:\Users\tomco\AppData\Local/Apple Computer/MobileDevice/Provisioning Profiles/'.
[2018.07.16-11.40.13:468][  0]LogRenderer: Reallocating scene render targets to support 908x600 Format 10 NumSamples 1 (Frame:1).
[2018.07.16-11.40.13:746][  0]LogSlate: Took 0.002935 seconds to synchronously load lazily loaded font '../../../Engine/Content/Slate/Fonts/Roboto-Light.ttf' (167K)
[2018.07.16-11.40.13:903][  0]LogContentBrowser: Native class hierarchy updated for 'HierarchicalLODOutliner' in 0.0016 seconds. Added 0 classes and 0 folders.
[2018.07.16-11.40.13:904][  0]LogLoad: (Engine Initialization) Total time: 21.79 seconds
[2018.07.16-11.40.13:904][  0]LogLoad: (Engine Initialization) Total Blueprint compile time: 0.00 seconds
[2018.07.16-11.40.13:942][  0]LogWindowsTextInputMethodSystem: Display: IME system now deactivated.
[2018.07.16-11.40.13:991][  0]LogContentStreaming: Texture pool size now 1000 MB
[2018.07.16-11.40.14:172][  2]LogAssetRegistry: Asset discovery search completed in 14.2925 seconds
[2018.07.16-11.40.14:183][  2]LogCollectionManager: Rebuilt the object cache for 0 collections in 0.000002 seconds (found 0 objects)
[2018.07.16-11.40.14:183][  2]LogCollectionManager: Fixed up redirectors for 0 collections in 0.000435 seconds (updated 0 objects)
[2018.07.16-11.40.27:650][794]LogSlate: FSceneViewport::OnFocusLost() reason 0
[2018.07.16-11.40.27:734][799]LogTemp: Repeating last play command: Selected Viewport
[2018.07.16-11.40.27:764][799]LogPlayLevel: PlayLevel: No blueprints needed recompiling
[2018.07.16-11.40.27:774][799]PIE: New page: PIE session: Level1 (Jul 16, 2018, 3:40:27 PM)
[2018.07.16-11.40.27:775][799]LogPlayLevel: Creating play world package: /Game/Maps/UEDPIE_0_Level1
[2018.07.16-11.40.27:797][799]LogPlayLevel: PIE: StaticDuplicateObject took: (0.022026s)
[2018.07.16-11.40.27:798][799]LogAIModule: Creating AISystem for world Level1
[2018.07.16-11.40.27:800][799]LogPlayLevel: PIE: World Init took: (0.001810s)
[2018.07.16-11.40.27:800][799]LogPlayLevel: PIE: Created PIE world by copying editor world from /Game/Maps/Level1.Level1 to /Game/Maps/UEDPIE_0_Level1.Level1 (0.024701s)
[2018.07.16-11.40.27:823][799]LogInit: XAudio2 using 'Luidsprekers (Conexant SmartAudio HD)' : 2 channels at 48 kHz using 32 bits per sample (channel mask 0x3)
[2018.07.16-11.40.27:861][799]LogInit: FAudioDevice initialized.
[2018.07.16-11.40.27:950][799]LogUObjectGlobals: Created PersistentFrame Addr=0x000001bd2fb95100, Size=128, Default__BP_InGameGUI_C Function /Game/UI/Widgets/BP_InGameGUI.BP_InGameGUI_C:ExecuteUbergraph_BP_InGameGUI
[2018.07.16-11.40.27:974][799]LogUObjectGlobals: Destroyed PersistentFrame Addr=0x000001bd2fb95100, Size=128
[2018.07.16-11.40.27:975][799]LogUObjectGlobals: Created PersistentFrame Addr=0x000001bd2fc28180, Size=128, Default__BP_InGameGUI_C Function /Engine/Transient.REINST_BP_InGameGUI_C_0:ExecuteUbergraph_BP_InGameGUI
[2018.07.16-11.40.27:984][799]LogUObjectGlobals: Created PersistentFrame Addr=0x000001bd2fc28400, Size=128, Default__BP_InGameGUI_C Function /Game/UI/Widgets/BP_InGameGUI.BP_InGameGUI_C:ExecuteUbergraph_BP_InGameGUI
[2018.07.16-11.40.28:014][799]LogUObjectGlobals: Created PersistentFrame Addr=0x000001bd3463ee50, Size=4, Default__OnGroundSlot_C Function /Game/UI/Widgets/Inventory/Ground/OnGroundSlot.OnGroundSlot_C:ExecuteUbergraph_OnGroundSlot
[2018.07.16-11.40.28:019][799]LogUObjectGlobals: Destroyed PersistentFrame Addr=0x000001bd3463ee50, Size=4
[2018.07.16-11.40.28:019][799]LogUObjectGlobals: Created PersistentFrame Addr=0x000001bd3463ee50, Size=4, Default__OnGroundSlot_C Function /Engine/Transient.REINST_OnGroundSlot_C_2:ExecuteUbergraph_OnGroundSlot
[2018.07.16-11.40.28:028][799]LogUObjectGlobals: Created PersistentFrame Addr=0x000001bd3463ef58, Size=4, Default__OnGroundSlot_C Function /Game/UI/Widgets/Inventory/Ground/OnGroundSlot.OnGroundSlot_C:ExecuteUbergraph_OnGroundSlot
[2018.07.16-11.40.28:033][799]LogUObjectGlobals: Created PersistentFrame Addr=0x000001bda8fc5bc0, Size=160, Default__OnGroundUI_C Function /Game/UI/Widgets/Inventory/Ground/OnGroundUI.OnGroundUI_C:ExecuteUbergraph_OnGroundUI
[2018.07.16-11.40.28:038][799]LogUObjectGlobals: Destroyed PersistentFrame Addr=0x000001bda8fc5bc0, Size=160
[2018.07.16-11.40.28:039][799]LogUObjectGlobals: Created PersistentFrame Addr=0x000001bda8f97a60, Size=160, Default__OnGroundUI_C Function /Engine/Transient.REINST_OnGroundUI_C_3:ExecuteUbergraph_OnGroundUI
[2018.07.16-11.40.28:045][799]LogUObjectGlobals: Created PersistentFrame Addr=0x000001bda8f96340, Size=160, Default__OnGroundUI_C Function /Game/UI/Widgets/Inventory/Ground/OnGroundUI.OnGroundUI_C:ExecuteUbergraph_OnGroundUI
[2018.07.16-11.40.28:054][799]LogUObjectGlobals: Created PersistentFrame Addr=0x000001bd310ed050, Size=56, Default__HandSlot_C Function /Game/UI/Widgets/Inventory/HandSlot.HandSlot_C:ExecuteUbergraph_HandSlot
[2018.07.16-11.40.28:061][799]LogUObjectGlobals: Destroyed PersistentFrame Addr=0x000001bd310ed050, Size=56
[2018.07.16-11.40.28:061][799]LogUObjectGlobals: Created PersistentFrame Addr=0x000001bd310ed050, Size=56, Default__HandSlot_C Function /Engine/Transient.REINST_HandSlot_C_4:ExecuteUbergraph_HandSlot
[2018.07.16-11.40.28:065][799]LogUObjectGlobals: Created PersistentFrame Addr=0x000001bd310ee240, Size=56, Default__HandSlot_C Function /Game/UI/Widgets/Inventory/HandSlot.HandSlot_C:ExecuteUbergraph_HandSlot
[2018.07.16-11.40.28:085][799]LogUObjectGlobals: Created PersistentFrame Addr=0x000001bda8fc09c0, Size=424, Default__Slot_C Function /Game/UI/Widgets/Inventory/Slot.Slot_C:ExecuteUbergraph_Slot
[2018.07.16-11.40.28:092][799]LogUObjectGlobals: Destroyed PersistentFrame Addr=0x000001bda8fc09c0, Size=424
[2018.07.16-11.40.28:093][799]LogUObjectGlobals: Created PersistentFrame Addr=0x000001bda8edf900, Size=424, Default__Slot_C Function /Engine/Transient.REINST_Slot_C_5:ExecuteUbergraph_Slot
[2018.07.16-11.40.28:099][799]LogUObjectGlobals: Created PersistentFrame Addr=0x000001bda8edf3c0, Size=424, Default__Slot_C Function /Game/UI/Widgets/Inventory/Slot.Slot_C:ExecuteUbergraph_Slot
[2018.07.16-11.40.28:101][799]LogUObjectGlobals: Created PersistentFrame Addr=0x000001bdaf3e22c8, Size=40, Default__InventorySlots_C Function /Game/UI/Widgets/Inventory/InventorySlots.InventorySlots_C:ExecuteUbergraph_InventorySlots
[2018.07.16-11.40.28:124][799]LogUObjectGlobals: Destroyed PersistentFrame Addr=0x000001bdaf3e22c8, Size=40
[2018.07.16-11.40.28:124][799]LogUObjectGlobals: Created PersistentFrame Addr=0x000001bdaf3e22c8, Size=40, Default__InventorySlots_C Function /Engine/Transient.REINST_InventorySlots_C_6:ExecuteUbergraph_InventorySlots
[2018.07.16-11.40.28:135][799]LogUObjectGlobals: Created PersistentFrame Addr=0x000001bdaf3e2020, Size=40, Default__InventorySlots_C Function /Game/UI/Widgets/Inventory/InventorySlots.InventorySlots_C:ExecuteUbergraph_InventorySlots
[2018.07.16-11.40.28:153][799]LogUObjectGlobals: Created PersistentFrame Addr=0x000001bda9337830, Size=80, Default__TaskDisplay_C Function /Game/UI/Widgets/Task/TaskDisplay.TaskDisplay_C:ExecuteUbergraph_TaskDisplay
[2018.07.16-11.40.28:155][799]LogUObjectGlobals: Destroyed PersistentFrame Addr=0x000001bda9337830, Size=80
[2018.07.16-11.40.28:156][799]LogUObjectGlobals: Created PersistentFrame Addr=0x000001bda9337830, Size=80, Default__TaskDisplay_C Function /Engine/Transient.REINST_TaskDisplay_C_7:ExecuteUbergraph_TaskDisplay
[2018.07.16-11.40.28:158][799]LogUObjectGlobals: Created PersistentFrame Addr=0x000001bda9335800, Size=80, Default__TaskDisplay_C Function /Game/UI/Widgets/Task/TaskDisplay.TaskDisplay_C:ExecuteUbergraph_TaskDisplay
[2018.07.16-11.40.28:161][799]LogUObjectGlobals: Created PersistentFrame Addr=0x000001bdaf3e23b8, Size=40, Default__UIHUD_C Function /Game/UI/Widgets/UIHUD.UIHUD_C:ExecuteUbergraph_UIHUD
[2018.07.16-11.40.28:166][799]LogUObjectGlobals: Destroyed PersistentFrame Addr=0x000001bdaf3e23b8, Size=40
[2018.07.16-11.40.28:166][799]LogUObjectGlobals: Created PersistentFrame Addr=0x000001bdaf3e23b8, Size=40, Default__UIHUD_C Function /Engine/Transient.REINST_UIHUD_C_8:ExecuteUbergraph_UIHUD
[2018.07.16-11.40.28:169][799]LogUObjectGlobals: Created PersistentFrame Addr=0x000001bdaf3e1738, Size=40, Default__UIHUD_C Function /Game/UI/Widgets/UIHUD.UIHUD_C:ExecuteUbergraph_UIHUD
[2018.07.16-11.40.28:262][799]LogLoad: Game class is 'BP_FPSGameModeBase_C'
[2018.07.16-11.40.28:283][799]LogWorld: Bringing World /Game/Maps/UEDPIE_0_Level1.Level1 up for play (max tick rate 60) at 2018.07.16-13.40.28
[2018.07.16-11.40.28:305][799]LogWorld: Bringing up level for play took: 0.034149
[2018.07.16-11.40.28:331][799]LogContentBrowser: Native class hierarchy updated for 'MovieSceneCapture' in 0.0019 seconds. Added 11 classes and 0 folders.
[2018.07.16-11.40.28:360][799]PIE: Play in editor start time for /Game/Maps/UEDPIE_0_Level1 0.265
[2018.07.16-11.40.38:001][ 13]LogTemp: Warning: There is no current weapon
[2018.07.16-11.40.38:501][ 43]LogTemp: Warning: There is no current weapon
[2018.07.16-11.40.39:510][103]LogTemp: Warning: Keycard: Added to inventory
[2018.07.16-11.40.39:512][103]LogTemp: Warning: Task Ended
[2018.07.16-11.41.03:784][384]LogUObjectGlobals: Destroyed PersistentFrame Addr=0x000001bd310ed050, Size=56
[2018.07.16-11.41.03:785][384]LogUObjectGlobals: Destroyed PersistentFrame Addr=0x000001bda8f97a60, Size=160
[2018.07.16-11.41.03:785][384]LogUObjectGlobals: Destroyed PersistentFrame Addr=0x000001bd3463ee50, Size=4
[2018.07.16-11.41.03:785][384]LogUObjectGlobals: Destroyed PersistentFrame Addr=0x000001bd2fc28180, Size=128
[2018.07.16-11.41.03:787][384]LogUObjectGlobals: Destroyed PersistentFrame Addr=0x000001bda8edf900, Size=424
[2018.07.16-11.41.03:788][384]LogUObjectGlobals: Destroyed PersistentFrame Addr=0x000001bdaf3e22c8, Size=40
[2018.07.16-11.41.03:788][384]LogUObjectGlobals: Destroyed PersistentFrame Addr=0x000001bda9337830, Size=80
[2018.07.16-11.41.03:788][384]LogUObjectGlobals: Destroyed PersistentFrame Addr=0x000001bdaf3e23b8, Size=40
[2018.07.16-11.41.04:793][434]LogSlate: FSceneViewport::OnFocusLost() reason 0
[2018.07.16-11.41.04:893][440]LogTemp: Repeating last play command: Selected Viewport
[2018.07.16-11.41.04:915][440]LogPlayLevel: PlayLevel: No blueprints needed recompiling
[2018.07.16-11.41.04:916][440]PIE: New page: PIE session: Level1 (Jul 16, 2018, 3:41:04 PM)
[2018.07.16-11.41.04:916][440]LogPlayLevel: Creating play world package: /Game/Maps/UEDPIE_0_Level1
[2018.07.16-11.41.04:935][440]LogPlayLevel: PIE: StaticDuplicateObject took: (0.019005s)
[2018.07.16-11.41.04:937][440]LogAIModule: Creating AISystem for world Level1
[2018.07.16-11.41.04:937][440]LogPlayLevel: PIE: World Init took: (0.001460s)
[2018.07.16-11.41.04:938][440]LogPlayLevel: PIE: Created PIE world by copying editor world from /Game/Maps/Level1.Level1 to /Game/Maps/UEDPIE_0_Level1.Level1 (0.021218s)
[2018.07.16-11.41.04:957][440]LogInit: XAudio2 using 'Luidsprekers (Conexant SmartAudio HD)' : 2 channels at 48 kHz using 32 bits per sample (channel mask 0x3)
[2018.07.16-11.41.04:995][440]LogInit: FAudioDevice initialized.
[2018.07.16-11.41.05:037][440]LogLoad: Game class is 'BP_FPSGameModeBase_C'
[2018.07.16-11.41.05:050][440]LogWorld: Bringing World /Game/Maps/UEDPIE_0_Level1.Level1 up for play (max tick rate 60) at 2018.07.16-13.41.05
[2018.07.16-11.41.05:051][440]LogWorld: Bringing up level for play took: 0.012519
[2018.07.16-11.41.05:059][440]PIE: Play in editor start time for /Game/Maps/UEDPIE_0_Level1 0.964
[2018.07.16-11.41.07:844][551]LogTemp: Warning: Actor: SM_DoorVent_10
[2018.07.16-11.41.07:844][551]LogTemp: Warning: Actor: SM_DoorVent_10
[2018.07.16-11.41.08:547][591]LogTemp: Warning: Actor: SM_DoorVent_10
[2018.07.16-11.41.08:548][591]LogTemp: Warning: Actor: SM_DoorVent_10
[2018.07.16-11.41.08:797][606]LogTemp: Warning: Actor: SM_DoorVent_10
[2018.07.16-11.41.08:797][606]LogTemp: Warning: Actor: SM_DoorVent_10
[2018.07.16-11.41.08:997][618]LogTemp: Warning: Actor: SM_DoorVent_10
[2018.07.16-11.41.08:997][618]LogTemp: Warning: Actor: SM_DoorVent_10
[2018.07.16-11.41.09:198][630]LogTemp: Warning: Actor: SM_DoorVent_10
[2018.07.16-11.41.09:198][630]LogTemp: Warning: Actor: SM_DoorVent_10
[2018.07.16-11.41.12:531][830]LogTemp: Warning: Keycard: Added to inventory
[2018.07.16-11.41.12:532][830]LogTemp: Warning: Task Ended
