Log file open, 05/28/18 16:13:31
LogWindows: Failed to load 'aqProf.dll' (GetLastError=126)
LogWindows: File 'aqProf.dll' does not exist
LogWindows: Failed to load 'VtuneApi.dll' (GetLastError=126)
LogWindows: File 'VtuneApi.dll' does not exist
LogWindows: Failed to load 'VtuneApi32e.dll' (GetLastError=126)
LogWindows: File 'VtuneApi32e.dll' does not exist
LogInit: Display: Running engine for game: FPS
LogPlatformFile: Not using cached read wrapper
LogInit: Display: RandInit(174734716) SRandInit(174734716).
LogInit: Read version file with build ID '3944462'
LogInit: Overriding engine version to CL 4033788, compatible CL 3944462
LogInit: Registered custom module enumerator with build ID '3944462'
LogTaskGraph: Started task graph with 5 named threads and 23 total threads with 3 sets of task threads.
LogStats: Stats thread started at 1.036699
LogD3D11RHI: Aftermath initialized
LogICUInternationalization: Display: ICU TimeZone Detection - Raw Offset: +1:00, Platform Override: ''
LogPluginManager: Mounting plugin Paper2D
LogPluginManager: Mounting plugin LiveLink
LogPluginManager: Mounting plugin LightPropagationVolume
LogPluginManager: Mounting plugin CLionSourceCodeAccess
LogPluginManager: Mounting plugin CodeLiteSourceCodeAccess
LogPluginManager: Mounting plugin GitSourceControl
LogPluginManager: Mounting plugin KDevelopSourceCodeAccess
LogPluginManager: Mounting plugin NullSourceCodeAccess
LogPluginManager: Mounting plugin PerforceSourceControl
LogPluginManager: Mounting plugin SubversionSourceControl
LogPluginManager: Mounting plugin UObjectPlugin
LogPluginManager: Mounting plugin VisualStudioCodeSourceCodeAccess
LogPluginManager: Mounting plugin VisualStudioSourceCodeAccess
LogPluginManager: Mounting plugin XCodeSourceCodeAccess
LogPluginManager: Mounting plugin AssetManagerEditor
LogPluginManager: Mounting plugin CryptoKeys
LogPluginManager: Mounting plugin DataValidation
LogPluginManager: Mounting plugin FacialAnimation
LogPluginManager: Mounting plugin GameplayTagsEditor
LogPluginManager: Mounting plugin MobileLauncherProfileWizard
LogPluginManager: Mounting plugin PluginBrowser
LogPluginManager: Mounting plugin SpeedTreeImporter
LogPluginManager: Mounting plugin DatasmithContent
LogPluginManager: Mounting plugin AlembicImporter
LogPluginManager: Mounting plugin CharacterAI
LogPluginManager: Mounting plugin HTML5Networking
LogPluginManager: Mounting plugin AndroidMedia
LogPluginManager: Mounting plugin AvfMedia
LogPluginManager: Mounting plugin ImgMedia
LogPluginManager: Mounting plugin LinearTimecode
LogPluginManager: Mounting plugin MediaCompositing
LogPluginManager: Mounting plugin MediaPlayerEditor
LogPluginManager: Mounting plugin WmfMedia
LogPluginManager: Mounting plugin TcpMessaging
LogPluginManager: Mounting plugin UdpMessaging
LogPluginManager: Mounting plugin ActorSequence
LogPluginManager: Mounting plugin LevelSequenceEditor
LogPluginManager: Mounting plugin MatineeToLevelSequence
LogPluginManager: Mounting plugin NetcodeUnitTest
LogPluginManager: Mounting plugin NUTUnrealEngine4
LogPluginManager: Mounting plugin OnlineSubsystemGooglePlay
LogPluginManager: Mounting plugin OnlineSubsystemIOS
LogPluginManager: Mounting plugin OnlineSubsystem
LogPluginManager: Mounting plugin OnlineSubsystemNull
LogPluginManager: Mounting plugin OnlineSubsystemUtils
LogPluginManager: Mounting plugin AndroidDeviceProfileSelector
LogPluginManager: Mounting plugin AndroidMoviePlayer
LogPluginManager: Mounting plugin AndroidPermission
LogPluginManager: Mounting plugin AppleARKit
LogPluginManager: Mounting plugin AppleMoviePlayer
LogPluginManager: Mounting plugin ArchVisCharacter
LogPluginManager: Mounting plugin AudioCapture
LogPluginManager: Mounting plugin CableComponent
LogPluginManager: Mounting plugin CustomMeshComponent
LogPluginManager: Mounting plugin ExampleDeviceProfileSelector
LogPluginManager: Mounting plugin GoogleCloudMessaging
LogPluginManager: Mounting plugin ImmediatePhysics
LogPluginManager: Mounting plugin IOSDeviceProfileSelector
LogPluginManager: Mounting plugin LinuxDeviceProfileSelector
LogPluginManager: Mounting plugin LocationServicesBPLibrary
LogPluginManager: Mounting plugin MobilePatchingUtils
LogPluginManager: Mounting plugin OculusVR
LogPluginManager: Plugin shader directory ../../../Engine/Plugins/Runtime/Oculus/OculusVR/Shaders found
LogPluginManager: Mapping shader source directory ../../../Engine/Plugins/Runtime/Oculus/OculusVR/Shaders to virtual directory /Plugin/OculusVR
LogPluginManager: Mounting plugin PhysXVehicles
LogPluginManager: Mounting plugin ProceduralMeshComponent
LogPluginManager: Mounting plugin RuntimePhysXCooking
LogPluginManager: Mounting plugin SteamVR
LogPluginManager: Mounting plugin WindowsMoviePlayer
LogStreaming: Display: Took  0.151s to configure plugins.
LogModuleManager: Display: Found up-to-date module file ../../../../../SpareTime/Unreal/FPS/FPS/Binaries/Win64/UE4Editor-FPS-488.dll (API version 3944462).
LogModuleManager: Display: Found up-to-date module file ../../../Engine/Plugins/2D/Paper2D/Binaries/Win64/UE4Editor-Paper2D.dll (API version 3944462).
LogModuleManager: Display: Found up-to-date module file ../../../Engine/Plugins/2D/Paper2D/Binaries/Win64/UE4Editor-Paper2DEditor.dll (API version 3944462).
LogModuleManager: Display: Found up-to-date module file ../../../Engine/Plugins/2D/Paper2D/Binaries/Win64/UE4Editor-PaperSpriteSheetImporter.dll (API version 3944462).
LogModuleManager: Display: Found up-to-date module file ../../../Engine/Plugins/2D/Paper2D/Binaries/Win64/UE4Editor-PaperTiledImporter.dll (API version 3944462).
LogModuleManager: Display: Found up-to-date module file ../../../Engine/Plugins/2D/Paper2D/Binaries/Win64/UE4Editor-SmartSnapping.dll (API version 3944462).
LogModuleManager: Display: Found up-to-date module file ../../../Engine/Plugins/Animation/LiveLink/Binaries/Win64/UE4Editor-LiveLink.dll (API version 3944462).
LogModuleManager: Display: Found up-to-date module file ../../../Engine/Plugins/Animation/LiveLink/Binaries/Win64/UE4Editor-LiveLinkEditor.dll (API version 3944462).
LogModuleManager: Display: Found up-to-date module file ../../../Engine/Plugins/Blendables/LightPropagationVolume/Binaries/Win64/UE4Editor-LightPropagationVolumeRuntime.dll (API version 3944462).
LogModuleManager: Display: Found up-to-date module file ../../../Engine/Plugins/Blendables/LightPropagationVolume/Binaries/Win64/UE4Editor-LightPropagationVolumeEditor.dll (API version 3944462).
LogModuleManager: Display: Found up-to-date module file ../../../Engine/Plugins/Developer/CLionSourceCodeAccess/Binaries/Win64/UE4Editor-CLionSourceCodeAccess.dll (API version 3944462).
LogModuleManager: Display: Found up-to-date module file ../../../Engine/Plugins/Developer/GitSourceControl/Binaries/Win64/UE4Editor-GitSourceControl.dll (API version 3944462).
LogModuleManager: Display: Found up-to-date module file ../../../Engine/Plugins/Developer/PerforceSourceControl/Binaries/Win64/UE4Editor-PerforceSourceControl.dll (API version 3944462).
LogModuleManager: Display: Found up-to-date module file ../../../Engine/Plugins/Developer/SubversionSourceControl/Binaries/Win64/UE4Editor-SubversionSourceControl.dll (API version 3944462).
LogModuleManager: Display: Found up-to-date module file ../../../Engine/Plugins/Developer/UObjectPlugin/Binaries/Win64/UE4Editor-UObjectPlugin.dll (API version 3944462).
LogModuleManager: Display: Found up-to-date module file ../../../Engine/Plugins/Developer/VisualStudioCodeSourceCodeAccess/Binaries/Win64/UE4Editor-VisualStudioCodeSourceCodeAccess.dll (API version 3944462).
LogModuleManager: Display: Found up-to-date module file ../../../Engine/Plugins/Developer/VisualStudioSourceCodeAccess/Binaries/Win64/UE4Editor-VisualStudioSourceCodeAccess.dll (API version 3944462).
LogModuleManager: Display: Found up-to-date module file ../../../Engine/Plugins/Editor/AssetManagerEditor/Binaries/Win64/UE4Editor-AssetManagerEditor.dll (API version 3944462).
LogModuleManager: Display: Found up-to-date module file ../../../Engine/Plugins/Editor/CryptoKeys/Binaries/Win64/UE4Editor-CryptoKeys.dll (API version 3944462).
LogModuleManager: Display: Found up-to-date module file ../../../Engine/Plugins/Editor/CryptoKeys/Binaries/Win64/UE4Editor-CryptoKeysOpenSSL.dll (API version 3944462).
LogModuleManager: Display: Found up-to-date module file ../../../Engine/Plugins/Editor/DataValidation/Binaries/Win64/UE4Editor-DataValidation.dll (API version 3944462).
LogModuleManager: Display: Found up-to-date module file ../../../Engine/Plugins/Editor/FacialAnimation/Binaries/Win64/UE4Editor-FacialAnimation.dll (API version 3944462).
LogModuleManager: Display: Found up-to-date module file ../../../Engine/Plugins/Editor/FacialAnimation/Binaries/Win64/UE4Editor-FacialAnimationEditor.dll (API version 3944462).
LogModuleManager: Display: Found up-to-date module file ../../../Engine/Plugins/Editor/GameplayTagsEditor/Binaries/Win64/UE4Editor-GameplayTagsEditor.dll (API version 3944462).
LogModuleManager: Display: Found up-to-date module file ../../../Engine/Plugins/Editor/MobileLauncherProfileWizard/Binaries/Win64/UE4Editor-MobileLauncherProfileWizard.dll (API version 3944462).
LogModuleManager: Display: Found up-to-date module file ../../../Engine/Plugins/Editor/PluginBrowser/Binaries/Win64/UE4Editor-PluginBrowser.dll (API version 3944462).
LogModuleManager: Display: Found up-to-date module file ../../../Engine/Plugins/Editor/SpeedTreeImporter/Binaries/Win64/UE4Editor-SpeedTreeImporter.dll (API version 3944462).
LogModuleManager: Display: Found up-to-date module file ../../../Engine/Plugins/Enterprise/DatasmithContent/Binaries/Win64/UE4Editor-DatasmithContent.dll (API version 3944462).
LogModuleManager: Display: Found up-to-date module file ../../../Engine/Plugins/Experimental/AlembicImporter/Binaries/Win64/UE4Editor-AlembicImporter.dll (API version 3944462).
LogModuleManager: Display: Found up-to-date module file ../../../Engine/Plugins/Experimental/AlembicImporter/Binaries/Win64/UE4Editor-AlembicLibrary.dll (API version 3944462).
LogModuleManager: Display: Found up-to-date module file ../../../Engine/Plugins/Experimental/CharacterAI/Binaries/Win64/UE4Editor-CharacterAI.dll (API version 3944462).
LogModuleManager: Display: Found up-to-date module file ../../../Engine/Plugins/Experimental/HTML5Networking/Binaries/Win64/UE4Editor-HTML5Networking.dll (API version 3944462).
LogModuleManager: Display: Found up-to-date module file ../../../Engine/Plugins/Media/AndroidMedia/Binaries/Win64/UE4Editor-AndroidMediaEditor.dll (API version 3944462).
LogModuleManager: Display: Found up-to-date module file ../../../Engine/Plugins/Media/AndroidMedia/Binaries/Win64/UE4Editor-AndroidMediaFactory.dll (API version 3944462).
LogModuleManager: Display: Found up-to-date module file ../../../Engine/Plugins/Media/AvfMedia/Binaries/Win64/UE4Editor-AvfMediaEditor.dll (API version 3944462).
LogModuleManager: Display: Found up-to-date module file ../../../Engine/Plugins/Media/AvfMedia/Binaries/Win64/UE4Editor-AvfMediaFactory.dll (API version 3944462).
LogModuleManager: Display: Found up-to-date module file ../../../Engine/Plugins/Media/AvfMedia/Binaries/Win64/UE4Editor-AvfMediaFactory.dll (API version 3944462).
LogModuleManager: Display: Found up-to-date module file ../../../Engine/Plugins/Media/ImgMedia/Binaries/Win64/UE4Editor-ImgMedia.dll (API version 3944462).
LogModuleManager: Display: Found up-to-date module file ../../../Engine/Plugins/Media/ImgMedia/Binaries/Win64/UE4Editor-ImgMediaEditor.dll (API version 3944462).
LogModuleManager: Display: Found up-to-date module file ../../../Engine/Plugins/Media/ImgMedia/Binaries/Win64/UE4Editor-ImgMediaFactory.dll (API version 3944462).
LogModuleManager: Display: Found up-to-date module file ../../../Engine/Plugins/Media/ImgMedia/Binaries/Win64/UE4Editor-ImgMediaFactory.dll (API version 3944462).
LogModuleManager: Display: Found up-to-date module file ../../../Engine/Plugins/Media/ImgMedia/Binaries/Win64/UE4Editor-OpenExrWrapper.dll (API version 3944462).
LogModuleManager: Display: Found up-to-date module file ../../../Engine/Plugins/Media/LinearTimecode/Binaries/Win64/UE4Editor-LinearTimecode.dll (API version 3944462).
LogModuleManager: Display: Found up-to-date module file ../../../Engine/Plugins/Media/MediaCompositing/Binaries/Win64/UE4Editor-MediaCompositing.dll (API version 3944462).
LogModuleManager: Display: Found up-to-date module file ../../../Engine/Plugins/Media/MediaCompositing/Binaries/Win64/UE4Editor-MediaCompositingEditor.dll (API version 3944462).
LogModuleManager: Display: Found up-to-date module file ../../../Engine/Plugins/Media/MediaPlayerEditor/Binaries/Win64/UE4Editor-MediaPlayerEditor.dll (API version 3944462).
LogModuleManager: Display: Found up-to-date module file ../../../Engine/Plugins/Media/WmfMedia/Binaries/Win64/UE4Editor-WmfMedia.dll (API version 3944462).
LogModuleManager: Display: Found up-to-date module file ../../../Engine/Plugins/Media/WmfMedia/Binaries/Win64/UE4Editor-WmfMediaEditor.dll (API version 3944462).
LogModuleManager: Display: Found up-to-date module file ../../../Engine/Plugins/Media/WmfMedia/Binaries/Win64/UE4Editor-WmfMediaFactory.dll (API version 3944462).
LogModuleManager: Display: Found up-to-date module file ../../../Engine/Plugins/Media/WmfMedia/Binaries/Win64/UE4Editor-WmfMediaFactory.dll (API version 3944462).
LogModuleManager: Display: Found up-to-date module file ../../../Engine/Plugins/Messaging/TcpMessaging/Binaries/Win64/UE4Editor-TcpMessaging.dll (API version 3944462).
LogModuleManager: Display: Found up-to-date module file ../../../Engine/Plugins/Messaging/UdpMessaging/Binaries/Win64/UE4Editor-UdpMessaging.dll (API version 3944462).
LogModuleManager: Display: Found up-to-date module file ../../../Engine/Plugins/MovieScene/ActorSequence/Binaries/Win64/UE4Editor-ActorSequence.dll (API version 3944462).
LogModuleManager: Display: Found up-to-date module file ../../../Engine/Plugins/MovieScene/LevelSequenceEditor/Binaries/Win64/UE4Editor-LevelSequenceEditor.dll (API version 3944462).
LogModuleManager: Display: Found up-to-date module file ../../../Engine/Plugins/MovieScene/MatineeToLevelSequence/Binaries/Win64/UE4Editor-MatineeToLevelSequence.dll (API version 3944462).
LogModuleManager: Display: Found up-to-date module file ../../../Engine/Plugins/NetcodeUnitTest/NetcodeUnitTest/Binaries/Win64/UE4Editor-NetcodeUnitTest.dll (API version 3944462).
LogModuleManager: Display: Found up-to-date module file ../../../Engine/Plugins/NetcodeUnitTest/NUTUnrealEngine4/Binaries/Win64/UE4Editor-NUTUnrealEngine4.dll (API version 3944462).
LogModuleManager: Display: Found up-to-date module file ../../../Engine/Plugins/Online/OnlineSubsystem/Binaries/Win64/UE4Editor-OnlineSubsystem.dll (API version 3944462).
LogModuleManager: Display: Found up-to-date module file ../../../Engine/Plugins/Online/OnlineSubsystemNull/Binaries/Win64/UE4Editor-OnlineSubsystemNull.dll (API version 3944462).
LogModuleManager: Display: Found up-to-date module file ../../../Engine/Plugins/Online/OnlineSubsystemUtils/Binaries/Win64/UE4Editor-OnlineSubsystemUtils.dll (API version 3944462).
LogModuleManager: Display: Found up-to-date module file ../../../Engine/Plugins/Online/OnlineSubsystemUtils/Binaries/Win64/UE4Editor-OnlineBlueprintSupport.dll (API version 3944462).
LogModuleManager: Display: Found up-to-date module file ../../../Engine/Plugins/Runtime/AndroidDeviceProfileSelector/Binaries/Win64/UE4Editor-AndroidDeviceProfileSelector.dll (API version 3944462).
LogModuleManager: Display: Found up-to-date module file ../../../Engine/Plugins/Runtime/AndroidPermission/Binaries/Win64/UE4Editor-AndroidPermission.dll (API version 3944462).
LogModuleManager: Display: Found up-to-date module file ../../../Engine/Plugins/Runtime/AppleARKit/Binaries/Win64/UE4Editor-AppleARKit.dll (API version 3944462).
LogModuleManager: Display: Found up-to-date module file ../../../Engine/Plugins/Runtime/ArchVisCharacter/Binaries/Win64/UE4Editor-ArchVisCharacter.dll (API version 3944462).
LogModuleManager: Display: Found up-to-date module file ../../../Engine/Plugins/Runtime/AudioCapture/Binaries/Win64/UE4Editor-AudioCapture.dll (API version 3944462).
LogModuleManager: Display: Found up-to-date module file ../../../Engine/Plugins/Runtime/AudioCapture/Binaries/Win64/UE4Editor-AudioCaptureEditor.dll (API version 3944462).
LogModuleManager: Display: Found up-to-date module file ../../../Engine/Plugins/Runtime/CableComponent/Binaries/Win64/UE4Editor-CableComponent.dll (API version 3944462).
LogModuleManager: Display: Found up-to-date module file ../../../Engine/Plugins/Runtime/CustomMeshComponent/Binaries/Win64/UE4Editor-CustomMeshComponent.dll (API version 3944462).
LogModuleManager: Display: Found up-to-date module file ../../../Engine/Plugins/Runtime/ExampleDeviceProfileSelector/Binaries/Win64/UE4Editor-ExampleDeviceProfileSelector.dll (API version 3944462).
LogModuleManager: Display: Found up-to-date module file ../../../Engine/Plugins/Runtime/ImmediatePhysics/Binaries/Win64/UE4Editor-ImmediatePhysics.dll (API version 3944462).
LogModuleManager: Display: Found up-to-date module file ../../../Engine/Plugins/Runtime/ImmediatePhysics/Binaries/Win64/UE4Editor-ImmediatePhysicsEditor.dll (API version 3944462).
LogModuleManager: Display: Found up-to-date module file ../../../Engine/Plugins/Runtime/LocationServicesBPLibrary/Binaries/Win64/UE4Editor-LocationServicesBPLibrary.dll (API version 3944462).
LogModuleManager: Display: Found up-to-date module file ../../../Engine/Plugins/Runtime/MobilePatchingUtils/Binaries/Win64/UE4Editor-MobilePatchingUtils.dll (API version 3944462).
LogModuleManager: Display: Found up-to-date module file ../../../Engine/Plugins/Runtime/Oculus/OculusVR/Binaries/Win64/UE4Editor-OculusHMD.dll (API version 3944462).
LogModuleManager: Display: Found up-to-date module file ../../../Engine/Plugins/Runtime/Oculus/OculusVR/Binaries/Win64/UE4Editor-OculusInput.dll (API version 3944462).
LogModuleManager: Display: Found up-to-date module file ../../../Engine/Plugins/Runtime/Oculus/OculusVR/Binaries/Win64/UE4Editor-OculusEditor.dll (API version 3944462).
LogModuleManager: Display: Found up-to-date module file ../../../Engine/Plugins/Runtime/PhysXVehicles/Binaries/Win64/UE4Editor-PhysXVehicles.dll (API version 3944462).
LogModuleManager: Display: Found up-to-date module file ../../../Engine/Plugins/Runtime/PhysXVehicles/Binaries/Win64/UE4Editor-PhysXVehiclesEditor.dll (API version 3944462).
LogModuleManager: Display: Found up-to-date module file ../../../Engine/Plugins/Runtime/ProceduralMeshComponent/Binaries/Win64/UE4Editor-ProceduralMeshComponent.dll (API version 3944462).
LogModuleManager: Display: Found up-to-date module file ../../../Engine/Plugins/Runtime/ProceduralMeshComponent/Binaries/Win64/UE4Editor-ProceduralMeshComponentEditor.dll (API version 3944462).
LogModuleManager: Display: Found up-to-date module file ../../../Engine/Plugins/Runtime/RuntimePhysXCooking/Binaries/Win64/UE4Editor-RuntimePhysXCooking.dll (API version 3944462).
LogModuleManager: Display: Found up-to-date module file ../../../Engine/Plugins/Runtime/Steam/SteamVR/Binaries/Win64/UE4Editor-SteamVR.dll (API version 3944462).
LogModuleManager: Display: Found up-to-date module file ../../../Engine/Plugins/Runtime/Steam/SteamVR/Binaries/Win64/UE4Editor-SteamVRController.dll (API version 3944462).
LogModuleManager: Display: Found up-to-date module file ../../../Engine/Plugins/Runtime/WindowsMoviePlayer/Binaries/Win64/UE4Editor-WindowsMoviePlayer.dll (API version 3944462).
LogInit: Using libcurl 7.47.1
LogInit:  - built for x86_64-pc-win32
LogInit:  - supports SSL with OpenSSL/1.0.2g
LogInit:  - supports HTTP deflate (compression) using libz 1.2.8
LogInit:  - other features:
LogInit:      CURL_VERSION_SSL
LogInit:      CURL_VERSION_LIBZ
LogInit:      CURL_VERSION_IPV6
LogInit:      CURL_VERSION_ASYNCHDNS
LogInit:      CURL_VERSION_LARGEFILE
LogInit:      CURL_VERSION_IDN
LogInit:  CurlRequestOptions (configurable via config and command line):
LogInit:  - bVerifyPeer = false  - Libcurl will NOT verify peer certificate
LogInit:  - bUseHttpProxy = false  - Libcurl will NOT use HTTP proxy
LogInit:  - bDontReuseConnections = false  - Libcurl will reuse connections
LogInit:  - CertBundlePath = nullptr  - Libcurl will use whatever was configured at build time.
LogInit:  - MaxHostConnections = 16  - Libcurl will limit the number of connections to a host
LogInit:  - LocalHostAddr = Default
LogInit: WinSock: version 1.1 (2.2), MaxSocks=32767, MaxUdp=65467
LogInit: WinSock: I am Tom-Laptop (192.168.1.87:0)
LogInit: Build: ++UE4+Release-4.19-CL-4033788
LogInit: Engine Version: 4.19.2-4033788+++UE4+Release-4.19
LogInit: Compatible Engine Version: 4.19.0-3944462+++UE4+Release-4.19
LogInit: Net CL: 3944462
LogDevObjectVersion: Number of dev versions registered: 18
LogDevObjectVersion:   Dev-Blueprints (B0D832E4-1F89-4F0D-ACCF-7EB736FD4AA2): 10
LogDevObjectVersion:   Dev-Build (E1C64328-A22C-4D53-A36C-8E866417BD8C): 0
LogDevObjectVersion:   Dev-Core (375EC13C-06E4-48FB-B500-84F0262A717E): 2
LogDevObjectVersion:   Dev-Editor (E4B068ED-F494-42E9-A231-DA0B2E46BB41): 23
LogDevObjectVersion:   Dev-Framework (CFFC743F-43B0-4480-9391-14DF171D2073): 33
LogDevObjectVersion:   Dev-Mobile (B02B49B5-BB20-44E9-A304-32B752E40360): 2
LogDevObjectVersion:   Dev-Networking (A4E4105C-59A1-49B5-A7C5-40C4547EDFEE): 0
LogDevObjectVersion:   Dev-Online (39C831C9-5AE6-47DC-9A44-9C173E1C8E7C): 0
LogDevObjectVersion:   Dev-Physics (78F01B33-EBEA-4F98-B9B4-84EACCB95AA2): 0
LogDevObjectVersion:   Dev-Platform (6631380F-2D4D-43E0-8009-CF276956A95A): 0
LogDevObjectVersion:   Dev-Rendering (12F88B9F-8875-4AFC-A67C-D90C383ABD29): 25
LogDevObjectVersion:   Dev-Sequencer (7B5AE74C-D270-4C10-A958-57980B212A5A): 6
LogDevObjectVersion:   Dev-VR (D7296918-1DD6-4BDD-9DE2-64A83CC13884): 1
LogDevObjectVersion:   Dev-LoadTimes (C2A15278-BFE7-4AFE-6C17-90FF531DF755): 1
LogDevObjectVersion:   Private-Geometry (6EACA3D4-40EC-4CC1-B786-8BED09428FC5): 2
LogDevObjectVersion:   Dev-AnimPhys (29E575DD-E0A3-4627-9D10-D276232CDCEA): 16
LogDevObjectVersion:   Dev-ReflectionCapture (6B266CEC-1EC7-4B8F-A30B-E4D90942FC07): 1
LogDevObjectVersion:   Dev-Automation (0DF73D61-A23F-47EA-B727-89E90C41499A): 1
LogInit: Compiled (64-bit): Apr 27 2018 02:06:57
LogInit: Compiled with Visual C++: 19.00.24215.01
LogInit: Build Configuration: Development
LogInit: Branch Name: ++UE4+Release-4.19
LogInit: Command Line:  
LogInit: Base Directory: D:/Epic Games/UE_4.19/Engine/Binaries/Win64/
LogInit: Installed Engine Build: 1
LogStreaming: Display: Took  0.005s to delete old logs.
LogInit: Presizing for max 8388607 objects, including 0 objects not considered by GC, pre-allocating 0 bytes for permanent pool.
LogInit: Object subsystem initialized
[2018.05.28-14.13.34:326][  0]LogInit: Selected Device Profile: [Windows]
[2018.05.28-14.13.34:326][  0]LogInit: Applying CVar settings loaded from the selected device profile: [Windows]
[2018.05.28-14.13.34:345][  0]LogInit: Computer: TOM-LAPTOP
[2018.05.28-14.13.34:345][  0]LogInit: User: tomco
[2018.05.28-14.13.34:345][  0]LogInit: CPU Page size=4096, Cores=4
[2018.05.28-14.13.34:345][  0]LogInit: High frequency timer resolution =2.531252 MHz
[2018.05.28-14.13.34:345][  0]LogMemory: Memory total: Physical=7.9GB (8GB approx)
[2018.05.28-14.13.34:345][  0]LogMemory: Platform Memory Stats for Windows
[2018.05.28-14.13.34:345][  0]LogMemory: Process Physical Memory: 275.11 MB used, 275.11 MB peak
[2018.05.28-14.13.34:345][  0]LogMemory: Process Virtual Memory: 265.98 MB used, 265.98 MB peak
[2018.05.28-14.13.34:345][  0]LogMemory: Physical Memory: 3996.78 MB used,  4093.74 MB free, 8090.52 MB total
[2018.05.28-14.13.34:345][  0]LogMemory: Virtual Memory: 4786.08 MB used,  4093.74 MB free, 134217728.00 MB total
[2018.05.28-14.13.34:557][  0]LogInit: Using OS detected language (en-US).
[2018.05.28-14.13.34:557][  0]LogInit: Using OS detected locale (en-US).
[2018.05.28-14.13.34:592][  0]LogTextLocalizationManager: No specific localization for 'en-US' exists, so the 'en' localization will be used.
[2018.05.28-14.13.35:250][  0]LogStreaming: Display: Took  0.693s to EndInitTextLocalization.
[2018.05.28-14.13.35:252][  0]LogInit: Setting process to per monitor DPI aware
[2018.05.28-14.13.35:338][  0]LogSlate: New Slate User Created.  User Index 0, Is Virtual User: 0
[2018.05.28-14.13.35:338][  0]LogSlate: Slate User Registered.  User Index 0, Is Virtual User: 0
[2018.05.28-14.13.36:851][  0]LogD3D11RHI: D3D11 adapters:
[2018.05.28-14.13.37:019][  0]LogD3D11RHI:    0. 'NVIDIA GeForce GTX 960M' (Feature Level 11_0)
[2018.05.28-14.13.37:019][  0]LogD3D11RHI:       2019/0/4045 MB DedicatedVideo/DedicatedSystem/SharedSystem, Outputs:1, VendorId:0x10de
[2018.05.28-14.13.37:029][  0]LogD3D11RHI:    1. 'Intel(R) HD Graphics 530' (Feature Level 11_0)
[2018.05.28-14.13.37:029][  0]LogD3D11RHI:       128/0/4045 MB DedicatedVideo/DedicatedSystem/SharedSystem, Outputs:0, VendorId:0x8086
[2018.05.28-14.13.37:054][  0]LogD3D11RHI:    2. 'Microsoft Basic Render Driver' (Feature Level 11_0)
[2018.05.28-14.13.37:054][  0]LogD3D11RHI:       0/0/4045 MB DedicatedVideo/DedicatedSystem/SharedSystem, Outputs:0, VendorId:0x1414
[2018.05.28-14.13.37:054][  0]LogD3D11RHI: Chosen D3D11 Adapter: 0
[2018.05.28-14.13.37:072][  0]LogD3D11RHI: Creating new Direct3DDevice
[2018.05.28-14.13.37:072][  0]LogD3D11RHI:     GPU DeviceId: 0x139b (for the marketing name, search the web for "GPU Device Id")
[2018.05.28-14.13.37:072][  0]LogWindows: EnumDisplayDevices:
[2018.05.28-14.13.37:072][  0]LogWindows:    0. 'Intel(R) HD Graphics 530' (P:1 D:1)
[2018.05.28-14.13.37:072][  0]LogWindows:    1. 'Intel(R) HD Graphics 530' (P:0 D:0)
[2018.05.28-14.13.37:072][  0]LogWindows:    2. 'Intel(R) HD Graphics 530' (P:0 D:0)
[2018.05.28-14.13.37:072][  0]LogWindows: DebugString: GetVideoDriverDetailsInvalid PrimaryIsNotTheChoosenAdapter GetVideoDriverDetailsInvalid PrimaryIsNotTheChoosenAdapter GetVideoDriverDetailsInvalid PrimaryIsNotTheChoosenAdapter FoundDriverCount:0 
[2018.05.28-14.13.37:073][  0]LogD3D11RHI:     Adapter Name: NVIDIA GeForce GTX 960M
[2018.05.28-14.13.37:073][  0]LogD3D11RHI:   Driver Version: Unknown (internal:Unknown, unified:Unknown)
[2018.05.28-14.13.37:073][  0]LogD3D11RHI:      Driver Date: Unknown
[2018.05.28-14.13.37:073][  0]LogRHI: Texture pool is 1413 MB (70% of 2019 MB)
[2018.05.28-14.13.37:107][  0]LogD3D11RHI: [Aftermath] Aftermath enabled but failed to initialize
[2018.05.28-14.13.37:107][  0]LogD3D11RHI: [Aftermath] Aftermath enabled and primed
[2018.05.28-14.13.37:107][  0]LogD3D11RHI: Async texture creation enabled
[2018.05.28-14.13.37:146][  0]LogD3D11RHI: GPU Timing Frequency: 1000.000000 (Debug: 2 1)
[2018.05.28-14.13.37:155][  0]LogShaderCompilers: Guid format shader working directory is 7 characters bigger than the processId version (../../../../../SpareTime/Unreal/FPS/FPS/Intermediate/Shaders/WorkingDirectory/6700/).
[2018.05.28-14.13.37:155][  0]LogShaderCompilers: Cleaned the shader compiler working directory 'C:/Users/tomco/AppData/Local/Temp/UnrealShaderWorkingDir/C4DDE6474513FC1AFEB3519D0CD0BD40/'.
[2018.05.28-14.13.37:754][  0]LogTemp: Display: Loaded TP AllDesktopTargetPlatform
[2018.05.28-14.13.37:768][  0]LogTemp: Display: Loaded TP MacClientTargetPlatform
[2018.05.28-14.13.37:783][  0]LogTemp: Display: Loaded TP MacNoEditorTargetPlatform
[2018.05.28-14.13.37:797][  0]LogTemp: Display: Loaded TP MacServerTargetPlatform
[2018.05.28-14.13.37:813][  0]LogTemp: Display: Loaded TP MacTargetPlatform
[2018.05.28-14.13.37:828][  0]LogTemp: Display: Loaded TP WindowsClientTargetPlatform
[2018.05.28-14.13.37:842][  0]LogTemp: Display: Loaded TP WindowsNoEditorTargetPlatform
[2018.05.28-14.13.37:858][  0]LogTemp: Display: Loaded TP WindowsServerTargetPlatform
[2018.05.28-14.13.37:864][  0]LogTemp: Display: Loaded TP WindowsTargetPlatform
[2018.05.28-14.13.37:877][  0]LogTemp: Display: Loaded TP Android_ASTCTargetPlatform
[2018.05.28-14.13.37:891][  0]LogTemp: Display: Loaded TP Android_ATCTargetPlatform
[2018.05.28-14.13.37:905][  0]LogTemp: Display: Loaded TP Android_DXTTargetPlatform
[2018.05.28-14.13.37:919][  0]LogTemp: Display: Loaded TP Android_ETC1aTargetPlatform
[2018.05.28-14.13.37:932][  0]LogTemp: Display: Loaded TP Android_ETC1TargetPlatform
[2018.05.28-14.13.37:947][  0]LogTemp: Display: Loaded TP Android_ETC2TargetPlatform
[2018.05.28-14.13.37:974][  0]LogTemp: Display: Loaded TP Android_MultiTargetPlatform
[2018.05.28-14.13.37:974][  0]LogTemp: Display: Loaded TP Android_PVRTCTargetPlatform
[2018.05.28-14.13.37:989][  0]LogTemp: Display: Loaded TP AndroidTargetPlatform
[2018.05.28-14.13.37:991][  0]LogTemp: Display: Loaded TP HTML5TargetPlatform
[2018.05.28-14.13.38:050][  0]LogTemp: Display: Loaded TP IOSTargetPlatform
[2018.05.28-14.13.38:062][  0]LogTemp: Display: Loaded TP TVOSTargetPlatform
[2018.05.28-14.13.38:075][  0]LogTemp: Display: Loaded TP LinuxClientTargetPlatform
[2018.05.28-14.13.38:091][  0]LogTemp: Display: Loaded TP LinuxNoEditorTargetPlatform
[2018.05.28-14.13.38:103][  0]LogTemp: Display: Loaded TP LinuxServerTargetPlatform
[2018.05.28-14.13.38:118][  0]LogTemp: Display: Loaded TP LinuxTargetPlatform
[2018.05.28-14.13.38:118][  0]LogTargetPlatformManager: Display: Building Assets For Windows
[2018.05.28-14.13.38:459][  0]LogXGEController: Cleaning working directory: C:/Users/tomco/AppData/Local/Temp/UnrealXGEWorkingDir/
[2018.05.28-14.13.38:460][  0]LogXGEController: Cannot use XGE Controller as Incredibuild is not installed on this machine.
[2018.05.28-14.13.38:461][  0]LogShaderCompilers: Cannot use XGE Shader Compiler as Incredibuild is not installed on this machine.
[2018.05.28-14.13.38:461][  0]LogShaderCompilers: Display: Using Local Shader Compiler.
[2018.05.28-14.13.39:960][  0]LogDerivedDataCache: Display: Max Cache Size: 512 MB
[2018.05.28-14.13.40:338][  0]LogDerivedDataCache: Loaded boot cache 0.38s 76MB C:/Users/tomco/AppData/Local/UnrealEngine/4.19/DerivedDataCache/Boot.ddc.
[2018.05.28-14.13.40:338][  0]LogDerivedDataCache: Display: Loaded Boot cache: C:/Users/tomco/AppData/Local/UnrealEngine/4.19/DerivedDataCache/Boot.ddc
[2018.05.28-14.13.40:338][  0]LogDerivedDataCache: FDerivedDataBackendGraph:  Pak pak cache file ../../../../../SpareTime/Unreal/FPS/FPS/DerivedDataCache/DDC.ddp not found, will not use a pak cache.
[2018.05.28-14.13.40:338][  0]LogDerivedDataCache: Unable to find inner node Pak for hierarchical cache Hierarchy.
[2018.05.28-14.13.40:338][  0]LogDerivedDataCache: FDerivedDataBackendGraph:  CompressedPak pak cache file ../../../../../SpareTime/Unreal/FPS/FPS/DerivedDataCache/Compressed.ddp not found, will not use a pak cache.
[2018.05.28-14.13.40:338][  0]LogDerivedDataCache: Unable to find inner node CompressedPak for hierarchical cache Hierarchy.
[2018.05.28-14.13.40:364][  0]LogDerivedDataCache: Display: Pak cache opened for reading ../../../Engine/DerivedDataCache/Compressed.ddp.
[2018.05.28-14.13.40:377][  0]LogDerivedDataCache: Using Local data cache path C:/Users/tomco/AppData/Local/UnrealEngine/Common/DerivedDataCache: Writable
[2018.05.28-14.13.40:377][  0]LogDerivedDataCache: Shared data cache path not found in *engine.ini, will not use an Shared cache.
[2018.05.28-14.13.40:377][  0]LogDerivedDataCache: Unable to find inner node Shared for hierarchical cache Hierarchy.
[2018.05.28-14.13.40:392][  0]LogMaterial: Verifying Global Shaders for PCD3D_SM5
[2018.05.28-14.13.40:399][  0]LogSlate: Using Freetype 2.6.0
[2018.05.28-14.13.40:408][  0]LogSlate: SlateFontCache - WITH_FREETYPE: 1, WITH_HARFBUZZ: 1
[2018.05.28-14.13.40:408][  0]LogSlate: SlateFontCache - WITH_FREETYPE: 1, WITH_HARFBUZZ: 1
[2018.05.28-14.13.42:412][  0]LogAssetRegistry: FAssetRegistry took 0.0290 seconds to start up
[2018.05.28-14.13.42:892][  0]LogInit: Selected Device Profile: [Windows]
[2018.05.28-14.13.43:230][  0]LogSimplygon: Simplygon DLL not present - disabling.
[2018.05.28-14.13.43:237][  0]LogMeshReduction: Using SimplygonSwarm for distributed automatic mesh merging
[2018.05.28-14.13.43:237][  0]LogMeshReduction: Using QuadricMeshReduction for automatic static mesh reduction
[2018.05.28-14.13.43:237][  0]LogMeshReduction: No automatic skeletal mesh reduction module available
[2018.05.28-14.13.43:237][  0]LogMeshReduction: No automatic mesh merging module available
[2018.05.28-14.13.43:237][  0]LogMeshMerging: No automatic mesh merging module available
[2018.05.28-14.13.43:314][  0]LogNetVersion: FPS , NetCL: 3944462, EngineNetVer: 2, GameNetVer: 0 (Checksum: 2326512385)
[2018.05.28-14.13.44:407][  0]LogPackageLocalizationCache: Processed 9 localized package path(s) for 2 prioritized culture(s) in 0.085063 seconds
[2018.05.28-14.13.44:413][  0]LogUObjectArray: 36728 objects as part of root set at end of initial load.
[2018.05.28-14.13.44:413][  0]LogUObjectAllocator: 7314304 out of 0 bytes used by permanent object pool.
[2018.05.28-14.13.44:413][  0]LogUObjectArray: CloseDisregardForGC: 0/0 objects in disregard for GC pool
[2018.05.28-14.13.51:882][  0]LogTcpMessaging: Initializing TcpMessaging bridge
[2018.05.28-14.13.51:920][  0]LogUdpMessaging: Initializing bridge on interface 0.0.0.0:0 to multicast group 230.0.0.1:6666.
[2018.05.28-14.13.52:322][  0]LogSkeletalMesh: Skeletal Mesh found in DDC [2.710121ms] /Game/Models/Player/Arms/Arms_SMG.Arms_SMG
[2018.05.28-14.13.52:385][  0]LogUObjectGlobals: Created PersistentFrame Addr=0x000001daec258e50, Size=80, Default__BP_SMGAnim_C Function /Game/Animations/SMG/BP_SMGAnim.BP_SMGAnim_C:ExecuteUbergraph_BP_SMGAnim
[2018.05.28-14.13.52:424][  0]LogUObjectGlobals: Destroyed PersistentFrame Addr=0x000001daec258e50, Size=80
[2018.05.28-14.13.52:424][  0]LogUObjectGlobals: Created PersistentFrame Addr=0x000001daecafe250, Size=80, Default__BP_SMGAnim_C Function /Engine/Transient.REINST_BP_SMGAnim_C_0:ExecuteUbergraph_BP_SMGAnim
[2018.05.28-14.13.52:452][  0]LogUObjectGlobals: Created PersistentFrame Addr=0x000001daecea2480, Size=80, Default__BP_SMGAnim_C Function /Game/Animations/SMG/BP_SMGAnim.BP_SMGAnim_C:ExecuteUbergraph_BP_SMGAnim
[2018.05.28-14.13.53:177][  0]SourceControl: Source control is disabled
[2018.05.28-14.13.53:177][  0]SourceControl: Source control is disabled
[2018.05.28-14.13.53:275][  0]SourceControl: Source control is disabled
[2018.05.28-14.13.53:318][  0]SourceControl: Source control is disabled
[2018.05.28-14.13.54:489][  0]LogAndroidPermission: UAndroidPermissionCallbackProxy::GetInstance
[2018.05.28-14.13.54:714][  0]LogOcInput: OculusInput pre-init called
[2018.05.28-14.13.54:888][  0]LogEngine: Initializing Engine...
[2018.05.28-14.13.55:027][  0]LogHMD: Failed to initialize OpenVR with code 126
[2018.05.28-14.13.55:031][  0]LogStats: UGameplayTagsManager::ConstructGameplayTagTree: Construct from data asset -  0.000 s
[2018.05.28-14.13.55:031][  0]LogStats: UGameplayTagsManager::ConstructGameplayTagTree: GameplayTagTreeChangedEvent.Broadcast -  0.000 s
[2018.05.28-14.13.55:584][  0]LogAIModule: Creating AISystem for world Untitled
[2018.05.28-14.13.55:616][  0]LogInit: XAudio2 using 'Luidsprekers (Conexant SmartAudio HD)' : 2 channels at 48 kHz using 32 bits per sample (channel mask 0x3)
[2018.05.28-14.13.56:137][  0]LogInit: FAudioDevice initialized.
[2018.05.28-14.13.56:281][  0]LogDerivedDataCache: Saved boot cache 0.14s 76MB C:/Users/tomco/AppData/Local/UnrealEngine/4.19/DerivedDataCache/Boot.ddc.
[2018.05.28-14.13.56:306][  0]LogInit: Texture streaming: Enabled
[2018.05.28-14.13.56:335][  0]LogEngineSessionManager: EngineSessionManager initialized
[2018.05.28-14.13.56:335][  0]LogEngineSessionManager: EngineSessionManager sent abnormal shutdown report. Type=AbnormalShutdown, SessionId={E5C6D432-4906-A6C4-1281-6689D2B14761}
[2018.05.28-14.13.56:367][  0]LogWindowsTextInputMethodSystem: Display: IME system now deactivated.
[2018.05.28-14.13.56:478][  0]LogInit: Transaction tracking system initialized
[2018.05.28-14.13.56:589][  0]BlueprintLog: New page: Editor Load
[2018.05.28-14.13.56:857][  0]LocalizationService: Localization service is disabled
[2018.05.28-14.13.57:085][  0]LogConsoleResponse: Display: 
[2018.05.28-14.13.57:549][  0]LogCook: Display: Max memory allowance for cook 16384mb min free memory 0mb
[2018.05.28-14.13.57:549][  0]LogCook: Display: Mobile HDR setting 1
[2018.05.28-14.13.57:549][  0]LogGameplayTags: Display: UGameplayTagsManager::DoneAddingNativeTags. DelegateIsBound: 0
[2018.05.28-14.13.57:549][  0]LogStats: UGameplayTagsManager::ConstructGameplayTagTree: Construct from data asset -  0.000 s
[2018.05.28-14.13.57:549][  0]LogStats: UGameplayTagsManager::ConstructGameplayTagTree: GameplayTagTreeChangedEvent.Broadcast -  0.000 s
[2018.05.28-14.13.57:615][  0]LogFileCache: Scanning file cache for directory 'D:/SpareTime/Unreal/FPS/FPS/Content/' took 0.02s
[2018.05.28-14.13.58:194][  0]SourceControl: Source control is disabled
[2018.05.28-14.13.58:320][  0]LogSlate: Took 0.002627 seconds to synchronously load lazily loaded font '../../../Engine/Content/Slate/Fonts/Roboto-Regular.ttf' (155K)
[2018.05.28-14.14.01:314][  0]LogSlate: Window 'Restore Packages' being destroyed
[2018.05.28-14.14.01:315][  0]LogWindowsTextInputMethodSystem: Display: IME system now deactivated.
[2018.05.28-14.14.01:332][  0]LogWindowsTextInputMethodSystem: Display: IME system now deactivated.
[2018.05.28-14.14.01:336][  0]Cmd: MAP LOAD FILE="../../../../../SpareTime/Unreal/FPS/FPS/Content/Maps/Level1.umap" TEMPLATE=0 SHOWPROGRESS=1 FEATURELEVEL=3
[2018.05.28-14.14.01:360][  0]LightingResults: New page: Lighting Build
[2018.05.28-14.14.01:371][  0]MapCheck: New page: Map Check
[2018.05.28-14.14.01:371][  0]LightingResults: New page: Lighting Build
[2018.05.28-14.14.01:404][  0]LogUObjectGlobals: Destroyed PersistentFrame Addr=0x000001daecafe250, Size=80
[2018.05.28-14.14.04:778][  0]LogAIModule: Creating AISystem for world Level1
[2018.05.28-14.14.04:824][  0]LogEditorServer: Finished looking for orphan Actors (0.000 secs)
[2018.05.28-14.14.04:847][  0]Cmd: MAP CHECKDEP NOCLEARLOG
[2018.05.28-14.14.04:955][  0]MapCheck: Map check complete: 0 Error(s), 0 Warning(s), took 107.922ms to complete.
[2018.05.28-14.14.04:955][  0]LogFileHelpers: Loading map 'Level1' took 3.621
[2018.05.28-14.14.05:158][  0]LogStats: Warning: MetaData mismatch. Did you assign a stat to two groups? New //STATGROUP_Threads//SplashScreenThread///Thread_3eb0_0///####STATCAT_Advanced#### old //STATGROUP_Threads//SplashScreenThread///Thread_37f8_0///####STATCAT_Advanced####
[2018.05.28-14.14.05:158][  0]LogCollectionManager: Loaded 0 collections in 0.001475 seconds
[2018.05.28-14.14.05:232][  0]LogFileCache: Scanning file cache for directory 'D:/SpareTime/Unreal/FPS/FPS/Saved/Collections/' took 0.01s
[2018.05.28-14.14.05:232][  0]LogFileCache: Scanning file cache for directory 'D:/SpareTime/Unreal/FPS/FPS/Content/Developers/tomco/Collections/' took 0.01s
[2018.05.28-14.14.05:232][  0]LogFileCache: Scanning file cache for directory 'D:/SpareTime/Unreal/FPS/FPS/Content/Collections/' took 0.01s
[2018.05.28-14.14.05:232][  0]LogCollectionManager: Rebuilt the GUID cache for 0 collections in 0.000000 seconds
[2018.05.28-14.14.05:250][  0]LogContentBrowser: Native class hierarchy populated in 0.0160 seconds. Added 2465 classes and 563 folders.
[2018.05.28-14.14.05:263][  0]LogContentBrowser: Native class hierarchy updated for 'WidgetCarousel' in 0.0007 seconds. Added 0 classes and 0 folders.
[2018.05.28-14.14.05:545][  0]LogContentBrowser: Native class hierarchy updated for 'AddContentDialog' in 0.0008 seconds. Added 0 classes and 0 folders.
[2018.05.28-14.14.07:227][  0]LogSlate: Only BGRA pngs, bmps or icos are supported in by External Image Picker
[2018.05.28-14.14.07:276][  0]LogSlate: Took 0.009092 seconds to synchronously load lazily loaded font '../../../Engine/Content/Slate/Fonts/Roboto-Bold.ttf' (160K)
[2018.05.28-14.14.07:292][  0]LogSlate: Took 0.003235 seconds to synchronously load lazily loaded font '../../../Engine/Content/Editor/Slate/Fonts/FontAwesome.ttf' (139K)
[2018.05.28-14.14.07:494][  0]LogTemp: Executing iPhonePackager certificates Engine -bundlename com.YourCompany.FPS
[2018.05.28-14.14.07:494][  0]LogTemp: CWD: D:\Epic Games\UE_4.19\Engine\Binaries\DotNET\IOS
[2018.05.28-14.14.07:494][  0]LogTemp: Initial Dir: D:\Epic Games\UE_4.19
[2018.05.28-14.14.07:494][  0]LogTemp: Env CWD: D:\Epic Games\UE_4.19\Engine\Binaries\DotNET\IOS
[2018.05.28-14.14.07:494][  0]LogTemp: BranchPath = TOM-LAPTOP/D/Epic Games/UE_4.19/Engine/Binaries --- GameBranchPath = TOM-LAPTOP/D/Epic Games/UE_4.19/Engine/Binaries
[2018.05.28-14.14.07:494][  0]LogTemp: IPP ERROR: Could not find provision directory 'C:\Users\tomco\AppData\Local/Apple Computer/MobileDevice/Provisioning Profiles/'.
[2018.05.28-14.14.07:494][  0]LogRenderer: Reallocating scene render targets to support 908x600 Format 10 NumSamples 1 (Frame:1).
[2018.05.28-14.14.07:748][  0]LogContentBrowser: Native class hierarchy updated for 'HierarchicalLODOutliner' in 0.0008 seconds. Added 0 classes and 0 folders.
[2018.05.28-14.14.07:748][  0]LogLoad: (Engine Initialization) Total time: 40.44 seconds
[2018.05.28-14.14.07:748][  0]LogLoad: (Engine Initialization) Total Blueprint compile time: 0.00 seconds
[2018.05.28-14.14.07:794][  0]LogContentStreaming: Texture pool size now 1000 MB
[2018.05.28-14.14.07:846][  0]LogSlate: Took 0.003288 seconds to synchronously load lazily loaded font '../../../Engine/Content/Slate/Fonts/Roboto-Light.ttf' (167K)
[2018.05.28-14.14.07:905][  2]LogAssetRegistry: Asset discovery search completed in 25.5145 seconds
[2018.05.28-14.14.07:910][  2]LogCollectionManager: Rebuilt the object cache for 0 collections in 0.000001 seconds (found 0 objects)
[2018.05.28-14.14.07:910][  2]LogCollectionManager: Fixed up redirectors for 0 collections in 0.000119 seconds (updated 0 objects)
[2018.05.28-14.14.08:837][ 44]LogSlate: Took 0.000232 seconds to synchronously load lazily loaded font '../../../Engine/Content/Slate/Fonts/Roboto-Light.ttf' (167K)
[2018.05.28-14.14.13:192][256]LogSlate: FSceneViewport::OnFocusLost() reason 0
[2018.05.28-14.14.13:493][265]LogSkeletalMesh: Skeletal Mesh found in DDC [10.447004ms] /Game/Models/Enemy/Soldier.Soldier
[2018.05.28-14.14.13:509][265]LogAIModule: Creating AISystem for world AITestMap
[2018.05.28-14.14.13:552][265]Cmd: MAP LOAD FILE="../../../../../SpareTime/Unreal/FPS/FPS/Content/Maps/AITestMap.umap" TEMPLATE=0 SHOWPROGRESS=1 FEATURELEVEL=3
[2018.05.28-14.14.13:552][265]LightingResults: New page: Lighting Build
[2018.05.28-14.14.13:553][265]LoadErrors: New page: Loading map: AITestMap.umap
[2018.05.28-14.14.13:559][265]MapCheck: New page: Map Check
[2018.05.28-14.14.13:559][265]LightingResults: New page: Lighting Build
[2018.05.28-14.14.13:651][265]LogEditorServer: Finished looking for orphan Actors (0.000 secs)
[2018.05.28-14.14.13:708][265]Cmd: MAP CHECKDEP NOCLEARLOG
[2018.05.28-14.14.13:784][265]MapCheck: Map check complete: 0 Error(s), 0 Warning(s), took 77.201ms to complete.
[2018.05.28-14.14.13:786][265]LogFileHelpers: Loading map 'AITestMap' took 0.239
[2018.05.28-14.14.15:114][368]LogEditorViewport: Clicking on Actor (LMB): BP_AssualtCharacter_C (BP_AssualtCharacter)
[2018.05.28-14.14.18:651][545]LogSlate: FSceneViewport::OnFocusLost() reason 0
[2018.05.28-14.18.09:899][652]Candidate modules for hot reload:
[2018.05.28-14.18.09:899][652]  FPS
[2018.05.28-14.18.09:899][652]Launching UnrealBuildTool... [D:/Epic Games/UE_4.19/Engine/Binaries/DotNET/UnrealBuildTool.exe FPS -ModuleWithSuffix=FPS,3552 Win64 Development -editorrecompile -canskiplink "D:/SpareTime/Unreal/FPS/FPS/FPS.uproject" ]
[2018.05.28-14.18.09:904][652]Warning: Starting HotReload took  0.3s.
[2018.05.28-14.19.00:597][ 61]CompilerResultsLog: New page: Compilation - May 28, 2018, 6:19:00 PM
[2018.05.28-14.19.00:599][ 61]CompilerResultsLog: Using 'git status' to determine working set for adaptive non-unity build.
[2018.05.28-14.19.00:599][ 61]CompilerResultsLog: Creating makefile for hot reloading FPS (ini files are newer than UBTMakefile)
[2018.05.28-14.19.00:599][ 61]CompilerResultsLog: Compiling game modules for hot reload
[2018.05.28-14.19.00:599][ 61]CompilerResultsLog: Parsing headers for FPSEditor
[2018.05.28-14.19.00:599][ 61]CompilerResultsLog:   Running UnrealHeaderTool "D:\SpareTime\Unreal\FPS\FPS\FPS.uproject" "D:\SpareTime\Unreal\FPS\FPS\Intermediate\Build\Win64\FPSEditor\Development\FPSEditor.uhtmanifest" -LogCmds="loginit warning, logexit warning, logdatabase error" -Unattended -WarningsAsErrors -installed
[2018.05.28-14.19.00:599][ 61]CompilerResultsLog: LogFileManager: Error: DeleteFile was unable to delete 'D:/SpareTime/Unreal/FPS/FPS/Intermediate/Build/Win64/UE4Editor/Inc/FPS/FPS.init.gen.cpp', retrying in .5s...
[2018.05.28-14.19.00:599][ 61]CompilerResultsLog: LogFileManager: Error: DeleteFile recovered during retry!
[2018.05.28-14.19.00:599][ 61]CompilerResultsLog: Reflection code generated for FPSEditor in 11.3711258 seconds
[2018.05.28-14.19.00:599][ 61]CompilerResultsLog: Performing 9 actions (4 in parallel)
[2018.05.28-14.19.00:599][ 61]CompilerResultsLog: AssaultIdle.cpp
[2018.05.28-14.19.00:599][ 61]CompilerResultsLog: AssualtCharacter.gen.cpp
[2018.05.28-14.19.00:599][ 61]CompilerResultsLog: AssaultIdle.gen.cpp
[2018.05.28-14.19.00:599][ 61]CompilerResultsLog: FPS.init.gen.cpp
[2018.05.28-14.19.00:599][ 61]CompilerResultsLog: Error: D:\SpareTime\Unreal\FPS\FPS\Source\FPS\AI\AssaultIdle.cpp(13) : error C2059: syntax error: ')'
[2018.05.28-14.19.00:599][ 61]CompilerResultsLog: UnitAIController.cpp
[2018.05.28-14.19.00:599][ 61]CompilerResultsLog: AssualtCharacter.cpp
[2018.05.28-14.19.00:599][ 61]CompilerResultsLog: ArgoCheck.cpp
[2018.05.28-14.19.00:599][ 61]CompilerResultsLog: ERROR: UBT ERROR: Failed to produce item: D:\SpareTime\Unreal\FPS\FPS\Binaries\Win64\UE4Editor-FPS-3552.dll
[2018.05.28-14.19.00:599][ 61]CompilerResultsLog: Total build time: 50.12 seconds (Local executor: 0.00 seconds)
[2018.05.28-14.19.00:600][ 61]LogMainFrame: MainFrame: Module compiling took 50.708 seconds
[2018.05.28-14.19.00:600][ 61]Warning: HotReload failed, recompile failed
[2018.05.28-14.19.27:716][562]Candidate modules for hot reload:
[2018.05.28-14.19.27:716][562]  FPS
[2018.05.28-14.19.27:716][562]Launching UnrealBuildTool... [D:/Epic Games/UE_4.19/Engine/Binaries/DotNET/UnrealBuildTool.exe FPS -ModuleWithSuffix=FPS,3192 Win64 Development -editorrecompile -canskiplink "D:/SpareTime/Unreal/FPS/FPS/FPS.uproject" ]
[2018.05.28-14.19.27:720][562]Warning: Starting HotReload took  0.0s.
[2018.05.28-14.19.31:624][772]CompilerResultsLog: New page: Compilation - May 28, 2018, 6:19:31 PM
[2018.05.28-14.19.31:624][772]CompilerResultsLog: Using 'git status' to determine working set for adaptive non-unity build.
[2018.05.28-14.19.31:624][772]CompilerResultsLog: Compiling game modules for hot reload
[2018.05.28-14.19.31:624][772]CompilerResultsLog: Performing 3 actions (4 in parallel)
[2018.05.28-14.19.31:624][772]CompilerResultsLog: AssaultIdle.cpp
[2018.05.28-14.19.31:624][772]CompilerResultsLog: Error: D:\Epic Games\UE_4.19\Engine\Source\Runtime\CoreUObject\Public\UObject/UObjectBaseUtility.h(493) : error C2027: use of undefined type 'AUnitAIController'
[2018.05.28-14.19.31:624][772]CompilerResultsLog: Error: d:\sparetime\unreal\fps\fps\source\fps\ai\AssaultIdle.h(21) : note: see declaration of 'AUnitAIController'
[2018.05.28-14.19.31:624][772]CompilerResultsLog: Error: D:\Epic Games\UE_4.19\Engine\Source\Runtime\CoreUObject\Public\Templates/Casts.h(129) : note: see reference to function template instantiation 'bool UObjectBaseUtility::IsA<To>(void) const' being compiled
[2018.05.28-14.19.31:624][772]CompilerResultsLog:         with
[2018.05.28-14.19.31:624][772]CompilerResultsLog:         [
[2018.05.28-14.19.31:624][772]CompilerResultsLog:             To=AUnitAIController
[2018.05.28-14.19.31:624][772]CompilerResultsLog:         ]
[2018.05.28-14.19.31:624][772]CompilerResultsLog: Error: D:\Epic Games\UE_4.19\Engine\Source\Runtime\CoreUObject\Public\Templates/Casts.h(128) : note: while compiling class template member function 'AUnitAIController *TCastImpl<From,To,ECastType::UObjectToUObject>::DoCast(UObject *)'
[2018.05.28-14.19.31:624][772]CompilerResultsLog:         with
[2018.05.28-14.19.31:625][772]CompilerResultsLog:         [
[2018.05.28-14.19.31:625][772]CompilerResultsLog:             From=AActor,
[2018.05.28-14.19.31:625][772]CompilerResultsLog:             To=AUnitAIController
[2018.05.28-14.19.31:625][772]CompilerResultsLog:         ]
[2018.05.28-14.19.31:625][772]CompilerResultsLog: Error: D:\Epic Games\UE_4.19\Engine\Source\Runtime\CoreUObject\Public\Templates/Casts.h(193) : note: see reference to function template instantiation 'AUnitAIController *TCastImpl<From,To,ECastType::UObjectToUObject>::DoCast(UObject *)' being compiled
[2018.05.28-14.19.31:625][772]CompilerResultsLog:         with
[2018.05.28-14.19.31:625][772]CompilerResultsLog:         [
[2018.05.28-14.19.31:625][772]CompilerResultsLog:             From=AActor,
[2018.05.28-14.19.31:625][772]CompilerResultsLog:             To=AUnitAIController
[2018.05.28-14.19.31:625][772]CompilerResultsLog:         ]
[2018.05.28-14.19.31:625][772]CompilerResultsLog: Error: D:\Epic Games\UE_4.19\Engine\Source\Runtime\CoreUObject\Public\Templates/Casts.h(193) : note: see reference to class template instantiation 'TCastImpl<From,To,ECastType::UObjectToUObject>' being compiled
[2018.05.28-14.19.31:625][772]CompilerResultsLog:         with
[2018.05.28-14.19.31:625][772]CompilerResultsLog:         [
[2018.05.28-14.19.31:625][772]CompilerResultsLog:             From=AActor,
[2018.05.28-14.19.31:625][772]CompilerResultsLog:             To=AUnitAIController
[2018.05.28-14.19.31:625][772]CompilerResultsLog:         ]
[2018.05.28-14.19.31:625][772]CompilerResultsLog: Error: D:\SpareTime\Unreal\FPS\FPS\Source\FPS\AI\AssaultIdle.cpp(9) : note: see reference to function template instantiation 'To *Cast<AUnitAIController,AActor>(From *)' being compiled
[2018.05.28-14.19.31:625][772]CompilerResultsLog:         with
[2018.05.28-14.19.31:625][772]CompilerResultsLog:         [
[2018.05.28-14.19.31:625][772]CompilerResultsLog:             To=AUnitAIController,
[2018.05.28-14.19.31:625][772]CompilerResultsLog:             From=AActor
[2018.05.28-14.19.31:625][772]CompilerResultsLog:         ]
[2018.05.28-14.19.31:625][772]CompilerResultsLog: Error: D:\Epic Games\UE_4.19\Engine\Source\Runtime\CoreUObject\Public\UObject/UObjectBaseUtility.h(493) : error C3861: 'StaticClass': identifier not found
[2018.05.28-14.19.31:625][772]CompilerResultsLog: ERROR: UBT ERROR: Failed to produce item: D:\SpareTime\Unreal\FPS\FPS\Binaries\Win64\UE4Editor-FPS-3192.dll
[2018.05.28-14.19.31:625][772]CompilerResultsLog: Total build time: 3.55 seconds (Local executor: 0.00 seconds)
[2018.05.28-14.19.31:625][772]LogMainFrame: MainFrame: Module compiling took 3.914 seconds
[2018.05.28-14.19.31:626][772]Warning: HotReload failed, recompile failed
[2018.05.28-14.20.00:685][691]Candidate modules for hot reload:
[2018.05.28-14.20.00:685][691]  FPS
[2018.05.28-14.20.00:685][691]Launching UnrealBuildTool... [D:/Epic Games/UE_4.19/Engine/Binaries/DotNET/UnrealBuildTool.exe FPS -ModuleWithSuffix=FPS,4632 Win64 Development -editorrecompile -canskiplink "D:/SpareTime/Unreal/FPS/FPS/FPS.uproject" ]
[2018.05.28-14.20.00:719][691]Warning: Starting HotReload took  0.0s.
[2018.05.28-14.20.22:569][930]CompilerResultsLog: New page: Compilation - May 28, 2018, 6:20:22 PM
[2018.05.28-14.20.22:569][930]CompilerResultsLog: Using 'git status' to determine working set for adaptive non-unity build.
[2018.05.28-14.20.22:569][930]CompilerResultsLog: Compiling game modules for hot reload
[2018.05.28-14.20.22:570][930]CompilerResultsLog: Parsing headers for FPSEditor
[2018.05.28-14.20.22:570][930]CompilerResultsLog:   Running UnrealHeaderTool "D:\SpareTime\Unreal\FPS\FPS\FPS.uproject" "D:\SpareTime\Unreal\FPS\FPS\Intermediate\Build\Win64\FPSEditor\Development\FPSEditor.uhtmanifest" -LogCmds="loginit warning, logexit warning, logdatabase error" -Unattended -WarningsAsErrors -installed
[2018.05.28-14.20.22:570][930]CompilerResultsLog: Reflection code generated for FPSEditor in 17.6156629 seconds
[2018.05.28-14.20.22:570][930]CompilerResultsLog: Performing 4 actions (4 in parallel)
[2018.05.28-14.20.22:570][930]CompilerResultsLog: AssaultIdle.gen.cpp
[2018.05.28-14.20.22:570][930]CompilerResultsLog: AssaultIdle.cpp
[2018.05.28-14.20.22:570][930]CompilerResultsLog: Error: D:\SpareTime\Unreal\FPS\FPS\Source\FPS\AI\AssaultIdle.cpp(7) : error C2065: 'm_AIConPointer': undeclared identifier
[2018.05.28-14.20.22:570][930]CompilerResultsLog: Error: D:\SpareTime\Unreal\FPS\FPS\Source\FPS\AI\AssaultIdle.cpp(9) : error C2065: 'm_AIConPointer': undeclared identifier
[2018.05.28-14.20.22:570][930]CompilerResultsLog: Error: D:\SpareTime\Unreal\FPS\FPS\Source\FPS\AI\AssaultIdle.cpp(9) : error C2065: 'AUnitAIController': undeclared identifier
[2018.05.28-14.20.22:570][930]CompilerResultsLog: Error: D:\SpareTime\Unreal\FPS\FPS\Source\FPS\AI\AssaultIdle.cpp(9) : error C2672: 'Cast': no matching overloaded function found
[2018.05.28-14.20.22:570][930]CompilerResultsLog: Error: D:\SpareTime\Unreal\FPS\FPS\Source\FPS\AI\AssaultIdle.cpp(9) : error C2974: 'Cast': invalid template argument for 'T', type expected
[2018.05.28-14.20.22:570][930]CompilerResultsLog: Error: D:\Epic Games\UE_4.19\Engine\Source\Runtime\CoreUObject\Public\UObject/Linker.h(511) : note: see declaration of 'Cast'
[2018.05.28-14.20.22:570][930]CompilerResultsLog: Error: D:\SpareTime\Unreal\FPS\FPS\Source\FPS\AI\AssaultIdle.cpp(9) : error C2974: 'Cast': invalid template argument for 'To', type expected
[2018.05.28-14.20.22:570][930]CompilerResultsLog: Error: D:\Epic Games\UE_4.19\Engine\Source\Runtime\CoreUObject\Public\Templates/Casts.h(107) : note: see declaration of 'Cast'
[2018.05.28-14.20.22:570][930]CompilerResultsLog: ERROR: UBT ERROR: Failed to produce item: D:\SpareTime\Unreal\FPS\FPS\Binaries\Win64\UE4Editor-FPS-4632.dll
[2018.05.28-14.20.22:570][930]CompilerResultsLog: Total build time: 21.52 seconds (Local executor: 0.00 seconds)
[2018.05.28-14.20.22:570][930]LogMainFrame: MainFrame: Module compiling took 21.889 seconds
[2018.05.28-14.20.22:570][930]Warning: HotReload failed, recompile failed
[2018.05.28-14.20.35:055][221]Candidate modules for hot reload:
[2018.05.28-14.20.35:055][221]  FPS
[2018.05.28-14.20.35:055][221]Launching UnrealBuildTool... [D:/Epic Games/UE_4.19/Engine/Binaries/DotNET/UnrealBuildTool.exe FPS -ModuleWithSuffix=FPS,8002 Win64 Development -editorrecompile -canskiplink "D:/SpareTime/Unreal/FPS/FPS/FPS.uproject" ]
[2018.05.28-14.20.35:060][221]Warning: Starting HotReload took  0.0s.
[2018.05.28-14.20.38:986][433]CompilerResultsLog: New page: Compilation - May 28, 2018, 6:20:38 PM
[2018.05.28-14.20.38:986][433]CompilerResultsLog: Using 'git status' to determine working set for adaptive non-unity build.
[2018.05.28-14.20.38:986][433]CompilerResultsLog: Compiling game modules for hot reload
[2018.05.28-14.20.38:986][433]CompilerResultsLog: Performing 3 actions (4 in parallel)
[2018.05.28-14.20.38:986][433]CompilerResultsLog: AssaultIdle.cpp
[2018.05.28-14.20.38:986][433]CompilerResultsLog: Error: d:\sparetime\unreal\fps\fps\source\fps\ai\assaultidle.cpp(7)  : error C4716: 'UAssaultIdle::ExecuteTask': must return a value
[2018.05.28-14.20.38:986][433]CompilerResultsLog: ERROR: UBT ERROR: Failed to produce item: D:\SpareTime\Unreal\FPS\FPS\Binaries\Win64\UE4Editor-FPS-8002.dll
[2018.05.28-14.20.38:986][433]CompilerResultsLog: Total build time: 3.60 seconds (Local executor: 0.00 seconds)
[2018.05.28-14.20.38:987][433]LogMainFrame: MainFrame: Module compiling took 3.935 seconds
[2018.05.28-14.20.38:987][433]Warning: HotReload failed, recompile failed
[2018.05.28-14.20.54:425][708]Candidate modules for hot reload:
[2018.05.28-14.20.54:425][708]  FPS
[2018.05.28-14.20.54:425][708]Launching UnrealBuildTool... [D:/Epic Games/UE_4.19/Engine/Binaries/DotNET/UnrealBuildTool.exe FPS -ModuleWithSuffix=FPS,9985 Win64 Development -editorrecompile -canskiplink "D:/SpareTime/Unreal/FPS/FPS/FPS.uproject" ]
[2018.05.28-14.20.54:447][708]Warning: Starting HotReload took  0.0s.
[2018.05.28-14.21.00:025][  3]CompilerResultsLog: New page: Compilation - May 28, 2018, 6:21:00 PM
[2018.05.28-14.21.00:025][  3]CompilerResultsLog: Using 'git status' to determine working set for adaptive non-unity build.
[2018.05.28-14.21.00:025][  3]CompilerResultsLog: Compiling game modules for hot reload
[2018.05.28-14.21.00:025][  3]CompilerResultsLog: Performing 3 actions (4 in parallel)
[2018.05.28-14.21.00:025][  3]CompilerResultsLog: AssaultIdle.cpp
[2018.05.28-14.21.00:025][  3]CompilerResultsLog: [2/3] Link UE4Editor-FPS-9985.dll
[2018.05.28-14.21.00:025][  3]CompilerResultsLog: [3/3] Link UE4Editor-FPS-9985.lib
[2018.05.28-14.21.00:026][  3]CompilerResultsLog:    Creating library D:\SpareTime\Unreal\FPS\FPS\Intermediate\Build\Win64\UE4Editor\Development\UE4Editor-FPS-9985.lib and object D:\SpareTime\Unreal\FPS\FPS\Intermediate\Build\Win64\UE4Editor\Development\UE4Editor-FPS-9985.exp
[2018.05.28-14.21.00:026][  3]CompilerResultsLog:    Creating library D:\SpareTime\Unreal\FPS\FPS\Intermediate\Build\Win64\UE4Editor\Development\UE4Editor-FPS-9985.suppressed.lib and object D:\SpareTime\Unreal\FPS\FPS\Intermediate\Build\Win64\UE4Editor\Development\UE4Editor-FPS-9985.suppressed.exp
[2018.05.28-14.21.00:026][  3]CompilerResultsLog: Total build time: 5.24 seconds (Local executor: 4.35 seconds)
[2018.05.28-14.21.00:026][  3]LogMainFrame: MainFrame: Module compiling took 5.605 seconds
[2018.05.28-14.21.00:065][  3]LogClass: Could not find existing class AssualtCharacter in package /Script/FPS for HotReload, assuming new class
[2018.05.28-14.21.00:065][  3]LogClass: Function OnHearNoise is new.
[2018.05.28-14.21.00:065][  3]LogClass: Function OnSeePlayer is new.
[2018.05.28-14.21.00:077][  3]LogHotReload: Re-instancing AssualtCharacter after hot-reload.
[2018.05.28-14.21.00:371][  3]LogContentBrowser: Native class hierarchy updated for 'FPS' in 0.0011 seconds. Added 12 classes and 3 folders.
[2018.05.28-14.21.00:373][  3]Display: HotReload successful (1 functions remapped  0 scriptstructs remapped)
[2018.05.28-14.21.00:485][  3]LogContentBrowser: Native class hierarchy populated in 0.0095 seconds. Added 2465 classes and 563 folders.
[2018.05.28-14.21.00:486][  3]Display: HotReload took  6.1s.
[2018.05.28-14.21.08:045][505]LogEditorViewport: Clicking on Actor (LMB): BP_AssualtCharacter_C (BP_AssualtCharacter)
[2018.05.28-14.21.08:414][529]Cmd: CAMERA ALIGN ACTIVEVIEWPORTONLY
[2018.05.28-14.21.08:597][541]Cmd: CAMERA ALIGN ACTIVEVIEWPORTONLY
[2018.05.28-14.21.15:143][963]LogSlate: Took 0.004433 seconds to synchronously load lazily loaded font '../../../Engine/Content/Slate/Fonts/Roboto-Italic.ttf' (157K)
[2018.05.28-14.21.16:671][ 62]LogSlate: FSceneViewport::OnFocusLost() reason 0
[2018.05.28-14.22.19:830][440]Candidate modules for hot reload:
[2018.05.28-14.22.19:830][440]  FPS
[2018.05.28-14.22.19:830][440]Launching UnrealBuildTool... [D:/Epic Games/UE_4.19/Engine/Binaries/DotNET/UnrealBuildTool.exe FPS -ModuleWithSuffix=FPS,4130 Win64 Development -editorrecompile -canskiplink "D:/SpareTime/Unreal/FPS/FPS/FPS.uproject" ]
[2018.05.28-14.22.19:848][440]Warning: Starting HotReload took  0.0s.
[2018.05.28-14.22.40:615][ 48]CompilerResultsLog: New page: Compilation - May 28, 2018, 6:22:40 PM
[2018.05.28-14.22.40:615][ 48]CompilerResultsLog: Using 'git status' to determine working set for adaptive non-unity build.
[2018.05.28-14.22.40:615][ 48]CompilerResultsLog: Compiling game modules for hot reload
[2018.05.28-14.22.40:615][ 48]CompilerResultsLog: Parsing headers for FPSEditor
[2018.05.28-14.22.40:615][ 48]CompilerResultsLog:   Running UnrealHeaderTool "D:\SpareTime\Unreal\FPS\FPS\FPS.uproject" "D:\SpareTime\Unreal\FPS\FPS\Intermediate\Build\Win64\FPSEditor\Development\FPSEditor.uhtmanifest" -LogCmds="loginit warning, logexit warning, logdatabase error" -Unattended -WarningsAsErrors -installed
[2018.05.28-14.22.40:615][ 48]CompilerResultsLog: Reflection code generated for FPSEditor in 12.6045597 seconds
[2018.05.28-14.22.40:615][ 48]CompilerResultsLog: Performing 7 actions (4 in parallel)
[2018.05.28-14.22.40:615][ 48]CompilerResultsLog: AssualtCharacter.gen.cpp
[2018.05.28-14.22.40:615][ 48]CompilerResultsLog: FPS.init.gen.cpp
[2018.05.28-14.22.40:615][ 48]CompilerResultsLog: UnitAIController.cpp
[2018.05.28-14.22.40:615][ 48]CompilerResultsLog: AssualtCharacter.cpp
[2018.05.28-14.22.40:615][ 48]CompilerResultsLog: ArgoCheck.cpp
[2018.05.28-14.22.40:615][ 48]CompilerResultsLog: [6/7] Link UE4Editor-FPS-4130.dll
[2018.05.28-14.22.40:615][ 48]CompilerResultsLog: [7/7] Link UE4Editor-FPS-4130.lib
[2018.05.28-14.22.40:615][ 48]CompilerResultsLog:    Creating library D:\SpareTime\Unreal\FPS\FPS\Intermediate\Build\Win64\UE4Editor\Development\UE4Editor-FPS-4130.lib and object D:\SpareTime\Unreal\FPS\FPS\Intermediate\Build\Win64\UE4Editor\Development\UE4Editor-FPS-4130.exp
[2018.05.28-14.22.40:615][ 48]CompilerResultsLog:    Creating library D:\SpareTime\Unreal\FPS\FPS\Intermediate\Build\Win64\UE4Editor\Development\UE4Editor-FPS-4130.suppressed.lib and object D:\SpareTime\Unreal\FPS\FPS\Intermediate\Build\Win64\UE4Editor\Development\UE4Editor-FPS-4130.suppressed.exp
[2018.05.28-14.22.40:615][ 48]CompilerResultsLog: Total build time: 20.43 seconds (Local executor: 6.56 seconds)
[2018.05.28-14.22.40:615][ 48]LogMainFrame: MainFrame: Module compiling took 20.791 seconds
[2018.05.28-14.22.40:648][ 48]LogClass: Could not find existing class AssualtCharacter in package /Script/FPS for HotReload, assuming new class
[2018.05.28-14.22.40:648][ 48]LogClass: Function OnHearNoise is new.
[2018.05.28-14.22.40:648][ 48]LogClass: Function OnSeePlayer is new.
[2018.05.28-14.22.40:663][ 48]LogHotReload: Re-instancing AssualtCharacter after hot-reload.
[2018.05.28-14.22.40:908][ 48]LogContentBrowser: Native class hierarchy updated for 'FPS' in 0.0009 seconds. Added 12 classes and 3 folders.
[2018.05.28-14.22.40:910][ 48]Display: HotReload successful (1 functions remapped  0 scriptstructs remapped)
[2018.05.28-14.22.40:952][ 48]LogContentBrowser: Native class hierarchy populated in 0.0101 seconds. Added 2465 classes and 563 folders.
[2018.05.28-14.22.40:952][ 48]Display: HotReload took 21.1s.
[2018.05.28-14.23.02:286][541]LogSlate: FSceneViewport::OnFocusLost() reason 2
[2018.05.28-14.23.06:575][894]LogSlate: FSceneViewport::OnFocusLost() reason 2
[2018.05.28-14.23.31:458][947]LogSlate: FSceneViewport::OnFocusLost() reason 0
[2018.05.28-14.23.42:991][861]EditorErrors: New page: Actor attachment
[2018.05.28-14.23.44:791][  7]Cmd: TRANSACTION UNDO
[2018.05.28-14.23.44:791][  7]LogEditorTransaction: Undo Attach actors
[2018.05.28-14.24.04:948][304]Cmd: OBJ SAVEPACKAGE PACKAGE="/Game/Maps/AITestMap" FILE="../../../../../SpareTime/Unreal/FPS/FPS/Content/Maps/AITestMap.umap" SILENT=true AUTOSAVING=false KEEPDIRTY=false
[2018.05.28-14.24.05:044][304]LogSavePackage: Save=33.25ms
[2018.05.28-14.24.05:044][304]LogSavePackage: Moving '../../../../../SpareTime/Unreal/FPS/FPS/Saved/AITestMap2E53EFFD4729D26746A91DBE696C4911.tmp' to '../../../../../SpareTime/Unreal/FPS/FPS/Content/Maps/AITestMap.umap'
[2018.05.28-14.24.05:049][304]LogSavePackage: Display: Finished SavePackage ../../../../../SpareTime/Unreal/FPS/FPS/Content/Maps/AITestMap.umap
[2018.05.28-14.24.13:506][709]LogSlate: Took 0.003131 seconds to synchronously load lazily loaded font '../../../Engine/Content/Slate/Fonts/Roboto-BoldCondensed.ttf' (158K)
[2018.05.28-14.24.31:193][822]Running D:/Epic Games/UE_4.19/Engine/Binaries/DotNET/UnrealBuildTool.exe FPS Win64 Development -editorrecompile "D:/SpareTime/Unreal/FPS/FPS/FPS.uproject" -invalidatemakefilesonly
[2018.05.28-14.24.31:519][822]Invalidating makefiles only in this run.
[2018.05.28-14.24.31:641][822]Candidate modules for hot reload:
[2018.05.28-14.24.31:641][822]  FPS
[2018.05.28-14.24.31:641][822]Launching UnrealBuildTool... [D:/Epic Games/UE_4.19/Engine/Binaries/DotNET/UnrealBuildTool.exe FPS -ModuleWithSuffix=FPS,4939 Win64 Development -editorrecompile -canskiplink "D:/SpareTime/Unreal/FPS/FPS/FPS.uproject" ]
[2018.05.28-14.24.52:828][822]CompilerResultsLog: New page: Compilation - May 28, 2018, 6:24:52 PM
[2018.05.28-14.24.52:828][822]CompilerResultsLog: Using 'git status' to determine working set for adaptive non-unity build.
[2018.05.28-14.24.52:828][822]CompilerResultsLog: Creating makefile for hot reloading FPS (no existing makefile)
[2018.05.28-14.24.52:828][822]CompilerResultsLog: Compiling game modules for hot reload
[2018.05.28-14.24.52:828][822]CompilerResultsLog: Parsing headers for FPSEditor
[2018.05.28-14.24.52:828][822]CompilerResultsLog:   Running UnrealHeaderTool "D:\SpareTime\Unreal\FPS\FPS\FPS.uproject" "D:\SpareTime\Unreal\FPS\FPS\Intermediate\Build\Win64\FPSEditor\Development\FPSEditor.uhtmanifest" -LogCmds="loginit warning, logexit warning, logdatabase error" -Unattended -WarningsAsErrors -installed
[2018.05.28-14.24.52:828][822]CompilerResultsLog: Reflection code generated for FPSEditor in 9.8145032 seconds
[2018.05.28-14.24.52:828][822]CompilerResultsLog: Performing 5 actions (4 in parallel)
[2018.05.28-14.24.52:828][822]CompilerResultsLog: FPS.init.gen.cpp
[2018.05.28-14.24.52:828][822]CompilerResultsLog: AssaultIdleUpdate.gen.cpp
[2018.05.28-14.24.52:828][822]CompilerResultsLog: AssaultIdleUpdate.cpp
[2018.05.28-14.24.52:828][822]CompilerResultsLog: [4/5] Link UE4Editor-FPS-4939.dll
[2018.05.28-14.24.52:828][822]CompilerResultsLog: [5/5] Link UE4Editor-FPS-4939.lib
[2018.05.28-14.24.52:828][822]CompilerResultsLog:    Creating library D:\SpareTime\Unreal\FPS\FPS\Intermediate\Build\Win64\UE4Editor\Development\UE4Editor-FPS-4939.lib and object D:\SpareTime\Unreal\FPS\FPS\Intermediate\Build\Win64\UE4Editor\Development\UE4Editor-FPS-4939.exp
[2018.05.28-14.24.52:828][822]CompilerResultsLog:    Creating library D:\SpareTime\Unreal\FPS\FPS\Intermediate\Build\Win64\UE4Editor\Development\UE4Editor-FPS-4939.suppressed.lib and object D:\SpareTime\Unreal\FPS\FPS\Intermediate\Build\Win64\UE4Editor\Development\UE4Editor-FPS-4939.suppressed.exp
[2018.05.28-14.24.52:828][822]CompilerResultsLog: Total build time: 20.93 seconds (Local executor: 2.93 seconds)
[2018.05.28-14.24.52:828][822]LogMainFrame: MainFrame: Module compiling took 21.191 seconds
[2018.05.28-14.24.52:858][822]LogClass: Could not find existing class AssaultIdleUpdate in package /Script/FPS for HotReload, assuming new class
[2018.05.28-14.24.52:883][822]LogContentBrowser: Native class hierarchy updated for 'FPS' in 0.0010 seconds. Added 13 classes and 3 folders.
[2018.05.28-14.24.52:887][822]Display: HotReload successful (3 functions remapped  0 scriptstructs remapped)
[2018.05.28-14.24.52:941][822]LogContentBrowser: Native class hierarchy populated in 0.0121 seconds. Added 2466 classes and 563 folders.
[2018.05.28-14.24.52:941][822]Display: HotReload took 21.3s.
[2018.05.28-14.24.52:942][822]Warning: HotReload operation took 21.3s.
[2018.05.28-14.24.53:144][822]LogVSAccessor: Warning: Couldn't goto column number '1' of line '1' in 'D:/SpareTime/Unreal/FPS/FPS/Source/FPS/AI/AssaultIdleUpdate.h'
[2018.05.28-14.24.53:304][822]LogSlate: Window 'Add C++ Class' being destroyed
[2018.05.28-14.24.53:312][822]LogHotReload: New module detected: UE4Editor-FPS-4939.dll
[2018.05.28-14.24.53:384][823]LogHotReload: Starting Hot-Reload from IDE
[2018.05.28-14.24.53:457][823]LogContentBrowser: Native class hierarchy updated for 'FPS' in 0.0016 seconds. Added 13 classes and 3 folders.
[2018.05.28-14.24.53:463][823]Display: HotReload successful (0 functions remapped  0 scriptstructs remapped)
[2018.05.28-14.24.53:504][823]LogContentBrowser: Native class hierarchy populated in 0.0185 seconds. Added 2466 classes and 563 folders.
[2018.05.28-14.24.53:509][823]Display: HotReload took  0.1s.
[2018.05.28-14.42.44:227][837]Candidate modules for hot reload:
[2018.05.28-14.42.44:227][837]  FPS
[2018.05.28-14.42.44:227][837]Launching UnrealBuildTool... [D:/Epic Games/UE_4.19/Engine/Binaries/DotNET/UnrealBuildTool.exe FPS -ModuleWithSuffix=FPS,6631 Win64 Development -editorrecompile -canskiplink "D:/SpareTime/Unreal/FPS/FPS/FPS.uproject" ]
[2018.05.28-14.42.44:241][837]Warning: Starting HotReload took  0.0s.
[2018.05.28-14.43.16:665][794]CompilerResultsLog: New page: Compilation - May 28, 2018, 6:43:16 PM
[2018.05.28-14.43.16:665][794]CompilerResultsLog: Using 'git status' to determine working set for adaptive non-unity build.
[2018.05.28-14.43.16:665][794]CompilerResultsLog: Compiling game modules for hot reload
[2018.05.28-14.43.16:665][794]CompilerResultsLog: Parsing headers for FPSEditor
[2018.05.28-14.43.16:665][794]CompilerResultsLog:   Running UnrealHeaderTool "D:\SpareTime\Unreal\FPS\FPS\FPS.uproject" "D:\SpareTime\Unreal\FPS\FPS\Intermediate\Build\Win64\FPSEditor\Development\FPSEditor.uhtmanifest" -LogCmds="loginit warning, logexit warning, logdatabase error" -Unattended -WarningsAsErrors -installed
[2018.05.28-14.43.16:665][794]CompilerResultsLog: Reflection code generated for FPSEditor in 18.6794432 seconds
[2018.05.28-14.43.16:665][794]CompilerResultsLog: Performing 5 actions (4 in parallel)
[2018.05.28-14.43.16:665][794]CompilerResultsLog: AssaultIdleUpdate.gen.cpp
[2018.05.28-14.43.16:665][794]CompilerResultsLog: FPS.init.gen.cpp
[2018.05.28-14.43.16:665][794]CompilerResultsLog: AssaultIdleUpdate.cpp
[2018.05.28-14.43.16:665][794]CompilerResultsLog: [4/5] Link UE4Editor-FPS-6631.dll
[2018.05.28-14.43.16:665][794]CompilerResultsLog: [5/5] Link UE4Editor-FPS-6631.lib
[2018.05.28-14.43.16:665][794]CompilerResultsLog:    Creating library D:\SpareTime\Unreal\FPS\FPS\Intermediate\Build\Win64\UE4Editor\Development\UE4Editor-FPS-6631.lib and object D:\SpareTime\Unreal\FPS\FPS\Intermediate\Build\Win64\UE4Editor\Development\UE4Editor-FPS-6631.exp
[2018.05.28-14.43.16:665][794]CompilerResultsLog:    Creating library D:\SpareTime\Unreal\FPS\FPS\Intermediate\Build\Win64\UE4Editor\Development\UE4Editor-FPS-6631.suppressed.lib and object D:\SpareTime\Unreal\FPS\FPS\Intermediate\Build\Win64\UE4Editor\Development\UE4Editor-FPS-6631.suppressed.exp
[2018.05.28-14.43.16:665][794]CompilerResultsLog: Total build time: 32.08 seconds (Local executor: 11.81 seconds)
[2018.05.28-14.43.16:665][794]LogMainFrame: MainFrame: Module compiling took 32.445 seconds
[2018.05.28-14.43.16:700][794]LogClass: Could not find existing class AssaultIdleUpdate in package /Script/FPS for HotReload, assuming new class
[2018.05.28-14.43.16:710][794]LogHotReload: Re-instancing AssaultIdleUpdate after hot-reload.
[2018.05.28-14.43.16:765][794]LogContentBrowser: Native class hierarchy updated for 'FPS' in 0.0012 seconds. Added 13 classes and 3 folders.
[2018.05.28-14.43.16:767][794]Display: HotReload successful (3 functions remapped  0 scriptstructs remapped)
[2018.05.28-14.43.16:816][794]LogContentBrowser: Native class hierarchy populated in 0.0106 seconds. Added 2466 classes and 563 folders.
[2018.05.28-14.43.16:816][794]Display: HotReload took 32.6s.
[2018.05.28-14.44.25:782][864]LogSlate: Prevented a slow task dialog from being summoned while a context menu was open
[2018.05.28-14.45.19:378][341]LogFileHelpers: Editor autosave (incl. sublevels) for '/Game/Maps/AITestMap' took 0.014
[2018.05.28-14.45.19:383][341]OBJ SavePackage: Generating thumbnails for [0] asset(s) in package [/Game/AI/AssaultCharacter/AssualtBT] ([1] browsable assets)...
[2018.05.28-14.45.19:383][341]OBJ SavePackage: Finished generating thumbnails for package [/Game/AI/AssaultCharacter/AssualtBT]
[2018.05.28-14.45.19:431][341]LogSavePackage: Save=7.16ms
[2018.05.28-14.45.19:431][341]LogSavePackage: Moving '../../../../../SpareTime/Unreal/FPS/FPS/Saved/AssualtBT_Auto19BAC06FE4B227C7776B3EB95D5B6A8BC.tmp' to '../../../../../SpareTime/Unreal/FPS/FPS/Saved/Autosaves/Game/AI/AssaultCharacter/AssualtBT_Auto1.uasset'
[2018.05.28-14.45.19:432][341]LogSavePackage: Display: Finished SavePackage ../../../../../SpareTime/Unreal/FPS/FPS/Saved/Autosaves/Game/AI/AssaultCharacter/AssualtBT_Auto1.uasset
[2018.05.28-14.45.19:432][341]OBJ SavePackage: Generating thumbnails for [0] asset(s) in package [/Game/AI/AssaultCharacter/AssaultBlackboard] ([1] browsable assets)...
[2018.05.28-14.45.19:432][341]OBJ SavePackage: Finished generating thumbnails for package [/Game/AI/AssaultCharacter/AssaultBlackboard]
[2018.05.28-14.45.19:452][341]LogSavePackage: Save=3.10ms
[2018.05.28-14.45.19:452][341]LogSavePackage: Moving '../../../../../SpareTime/Unreal/FPS/FPS/Saved/AssaultBlackboard_Auto1D267E2744D11B839DE2AE486D2ED7854.tmp' to '../../../../../SpareTime/Unreal/FPS/FPS/Saved/Autosaves/Game/AI/AssaultCharacter/AssaultBlackboard_Auto1.uasset'
[2018.05.28-14.45.19:453][341]LogSavePackage: Display: Finished SavePackage ../../../../../SpareTime/Unreal/FPS/FPS/Saved/Autosaves/Game/AI/AssaultCharacter/AssaultBlackboard_Auto1.uasset
[2018.05.28-14.45.19:453][341]LogFileHelpers: Auto-saving content packages took 0.074
[2018.05.28-14.48.06:020][ 10]Candidate modules for hot reload:
[2018.05.28-14.48.06:020][ 10]  FPS
[2018.05.28-14.48.06:020][ 10]Launching UnrealBuildTool... [D:/Epic Games/UE_4.19/Engine/Binaries/DotNET/UnrealBuildTool.exe FPS -ModuleWithSuffix=FPS,9614 Win64 Development -editorrecompile -canskiplink "D:/SpareTime/Unreal/FPS/FPS/FPS.uproject" ]
[2018.05.28-14.48.06:025][ 10]Warning: Starting HotReload took  0.0s.
[2018.05.28-14.48.32:145][515]CompilerResultsLog: New page: Compilation - May 28, 2018, 6:48:32 PM
[2018.05.28-14.48.32:145][515]CompilerResultsLog: Using 'git status' to determine working set for adaptive non-unity build.
[2018.05.28-14.48.32:145][515]CompilerResultsLog: Compiling game modules for hot reload
[2018.05.28-14.48.32:145][515]CompilerResultsLog: Parsing headers for FPSEditor
[2018.05.28-14.48.32:145][515]CompilerResultsLog:   Running UnrealHeaderTool "D:\SpareTime\Unreal\FPS\FPS\FPS.uproject" "D:\SpareTime\Unreal\FPS\FPS\Intermediate\Build\Win64\FPSEditor\Development\FPSEditor.uhtmanifest" -LogCmds="loginit warning, logexit warning, logdatabase error" -Unattended -WarningsAsErrors -installed
[2018.05.28-14.48.32:145][515]CompilerResultsLog: Reflection code generated for FPSEditor in 16.3442648 seconds
[2018.05.28-14.48.32:145][515]CompilerResultsLog: Performing 7 actions (4 in parallel)
[2018.05.28-14.48.32:145][515]CompilerResultsLog: AssualtCharacter.gen.cpp
[2018.05.28-14.48.32:145][515]CompilerResultsLog: AssaultIdleUpdate.cpp
[2018.05.28-14.48.32:145][515]CompilerResultsLog: UnitAIController.cpp
[2018.05.28-14.48.32:145][515]CompilerResultsLog: AssualtCharacter.cpp
[2018.05.28-14.48.32:145][515]CompilerResultsLog: ArgoCheck.cpp
[2018.05.28-14.48.32:145][515]CompilerResultsLog: [6/7] Link UE4Editor-FPS-9614.dll
[2018.05.28-14.48.32:145][515]CompilerResultsLog: [7/7] Link UE4Editor-FPS-9614.lib
[2018.05.28-14.48.32:145][515]CompilerResultsLog:    Creating library D:\SpareTime\Unreal\FPS\FPS\Intermediate\Build\Win64\UE4Editor\Development\UE4Editor-FPS-9614.lib and object D:\SpareTime\Unreal\FPS\FPS\Intermediate\Build\Win64\UE4Editor\Development\UE4Editor-FPS-9614.exp
[2018.05.28-14.48.32:145][515]CompilerResultsLog:    Creating library D:\SpareTime\Unreal\FPS\FPS\Intermediate\Build\Win64\UE4Editor\Development\UE4Editor-FPS-9614.suppressed.lib and object D:\SpareTime\Unreal\FPS\FPS\Intermediate\Build\Win64\UE4Editor\Development\UE4Editor-FPS-9614.suppressed.exp
[2018.05.28-14.48.32:145][515]CompilerResultsLog: Total build time: 25.79 seconds (Local executor: 8.38 seconds)
[2018.05.28-14.48.32:145][515]LogMainFrame: MainFrame: Module compiling took 26.130 seconds
[2018.05.28-14.48.32:198][515]LogContentBrowser: Native class hierarchy updated for 'FPS' in 0.0010 seconds. Added 13 classes and 3 folders.
[2018.05.28-14.48.32:200][515]Display: HotReload successful (3 functions remapped  0 scriptstructs remapped)
[2018.05.28-14.48.32:255][515]LogContentBrowser: Native class hierarchy populated in 0.0104 seconds. Added 2466 classes and 563 folders.
[2018.05.28-14.48.32:255][515]Display: HotReload took 26.3s.
[2018.05.28-14.48.35:724][741]Cmd: OBJ SAVEPACKAGE PACKAGE="/Game/AI/AssaultCharacter/AssualtBT" FILE="../../../../../SpareTime/Unreal/FPS/FPS/Content/AI/AssaultCharacter/AssualtBT.uasset" SILENT=true
[2018.05.28-14.48.35:750][741]LogSavePackage: Save=8.05ms
[2018.05.28-14.48.35:750][741]LogSavePackage: Moving '../../../../../SpareTime/Unreal/FPS/FPS/Saved/AssualtBTF0D7BDC2414C2A2140468487E3C269BE.tmp' to '../../../../../SpareTime/Unreal/FPS/FPS/Content/AI/AssaultCharacter/AssualtBT.uasset'
[2018.05.28-14.48.35:753][741]LogSavePackage: Display: Finished SavePackage ../../../../../SpareTime/Unreal/FPS/FPS/Content/AI/AssaultCharacter/AssualtBT.uasset
[2018.05.28-14.48.35:760][741]Cmd: OBJ SAVEPACKAGE PACKAGE="/Game/AI/AssaultCharacter/AssaultBlackboard" FILE="../../../../../SpareTime/Unreal/FPS/FPS/Content/AI/AssaultCharacter/AssaultBlackboard.uasset" SILENT=true
[2018.05.28-14.48.35:779][741]LogSavePackage: Save=3.60ms
[2018.05.28-14.48.35:779][741]LogSavePackage: Moving '../../../../../SpareTime/Unreal/FPS/FPS/Saved/AssaultBlackboardD2CEDCC5468AFF885AEFDF9079E912FC.tmp' to '../../../../../SpareTime/Unreal/FPS/FPS/Content/AI/AssaultCharacter/AssaultBlackboard.uasset'
[2018.05.28-14.48.35:782][741]LogSavePackage: Display: Finished SavePackage ../../../../../SpareTime/Unreal/FPS/FPS/Content/AI/AssaultCharacter/AssaultBlackboard.uasset
[2018.05.28-14.50.22:785][413]Cmd: OBJ SAVEPACKAGE PACKAGE="/Game/AI/AssaultCharacter/AssualtBT" FILE="../../../../../SpareTime/Unreal/FPS/FPS/Content/AI/AssaultCharacter/AssualtBT.uasset" SILENT=true
[2018.05.28-14.50.22:819][413]LogSavePackage: Save=17.45ms
[2018.05.28-14.50.22:819][413]LogSavePackage: Moving '../../../../../SpareTime/Unreal/FPS/FPS/Saved/AssualtBT59825027444755164931B4A9698279B8.tmp' to '../../../../../SpareTime/Unreal/FPS/FPS/Content/AI/AssaultCharacter/AssualtBT.uasset'
[2018.05.28-14.50.22:821][413]LogSavePackage: Display: Finished SavePackage ../../../../../SpareTime/Unreal/FPS/FPS/Content/AI/AssaultCharacter/AssualtBT.uasset
[2018.05.28-15.10.11:365][739]Candidate modules for hot reload:
[2018.05.28-15.10.11:365][739]  FPS
[2018.05.28-15.10.11:365][739]Launching UnrealBuildTool... [D:/Epic Games/UE_4.19/Engine/Binaries/DotNET/UnrealBuildTool.exe FPS -ModuleWithSuffix=FPS,5461 Win64 Development -editorrecompile -canskiplink "D:/SpareTime/Unreal/FPS/FPS/FPS.uproject" ]
[2018.05.28-15.10.11:368][739]Warning: Starting HotReload took  0.0s.
[2018.05.28-15.10.34:590][146]CompilerResultsLog: New page: Compilation - May 28, 2018, 7:10:34 PM
[2018.05.28-15.10.34:590][146]CompilerResultsLog: Using 'git status' to determine working set for adaptive non-unity build.
[2018.05.28-15.10.34:590][146]CompilerResultsLog: Compiling game modules for hot reload
[2018.05.28-15.10.34:590][146]CompilerResultsLog: Parsing headers for FPSEditor
[2018.05.28-15.10.34:590][146]CompilerResultsLog:   Running UnrealHeaderTool "D:\SpareTime\Unreal\FPS\FPS\FPS.uproject" "D:\SpareTime\Unreal\FPS\FPS\Intermediate\Build\Win64\FPSEditor\Development\FPSEditor.uhtmanifest" -LogCmds="loginit warning, logexit warning, logdatabase error" -Unattended -WarningsAsErrors -installed
[2018.05.28-15.10.34:590][146]CompilerResultsLog: Reflection code generated for FPSEditor in 15.9966518 seconds
[2018.05.28-15.10.34:590][146]CompilerResultsLog: Performing 4 actions (4 in parallel)
[2018.05.28-15.10.34:590][146]CompilerResultsLog: AssaultIdleUpdate.cpp
[2018.05.28-15.10.34:590][146]CompilerResultsLog: AssaultIdleUpdate.gen.cpp
[2018.05.28-15.10.34:590][146]CompilerResultsLog: [3/4] Link UE4Editor-FPS-5461.dll
[2018.05.28-15.10.34:590][146]CompilerResultsLog: [4/4] Link UE4Editor-FPS-5461.lib
[2018.05.28-15.10.34:590][146]CompilerResultsLog:    Creating library D:\SpareTime\Unreal\FPS\FPS\Intermediate\Build\Win64\UE4Editor\Development\UE4Editor-FPS-5461.lib and object D:\SpareTime\Unreal\FPS\FPS\Intermediate\Build\Win64\UE4Editor\Development\UE4Editor-FPS-5461.exp
[2018.05.28-15.10.34:590][146]CompilerResultsLog:    Creating library D:\SpareTime\Unreal\FPS\FPS\Intermediate\Build\Win64\UE4Editor\Development\UE4Editor-FPS-5461.suppressed.lib and object D:\SpareTime\Unreal\FPS\FPS\Intermediate\Build\Win64\UE4Editor\Development\UE4Editor-FPS-5461.suppressed.exp
[2018.05.28-15.10.34:590][146]CompilerResultsLog: Total build time: 22.88 seconds (Local executor: 5.86 seconds)
[2018.05.28-15.10.34:590][146]LogMainFrame: MainFrame: Module compiling took 23.230 seconds
[2018.05.28-15.10.34:649][146]LogContentBrowser: Native class hierarchy updated for 'FPS' in 0.0014 seconds. Added 13 classes and 3 folders.
[2018.05.28-15.10.34:652][146]Display: HotReload successful (3 functions remapped  0 scriptstructs remapped)
[2018.05.28-15.10.34:704][146]LogContentBrowser: Native class hierarchy populated in 0.0130 seconds. Added 2466 classes and 563 folders.
[2018.05.28-15.10.34:704][146]Display: HotReload took 23.4s.
[2018.05.28-15.10.43:323][730]LogTemp: Repeating last play command: Selected Viewport
[2018.05.28-15.10.43:375][730]LogPlayLevel: PlayLevel: No blueprints needed recompiling
[2018.05.28-15.10.43:381][730]PIE: New page: PIE session: AITestMap (May 28, 2018, 7:10:43 PM)
[2018.05.28-15.10.43:382][730]LogPlayLevel: Creating play world package: /Game/Maps/UEDPIE_0_AITestMap
[2018.05.28-15.10.43:392][730]LogPlayLevel: PIE: StaticDuplicateObject took: (0.009605s)
[2018.05.28-15.10.43:394][730]LogAIModule: Creating AISystem for world AITestMap
[2018.05.28-15.10.43:395][730]LogPlayLevel: PIE: World Init took: (0.002808s)
[2018.05.28-15.10.43:395][730]LogPlayLevel: PIE: Created PIE world by copying editor world from /Game/Maps/AITestMap.AITestMap to /Game/Maps/UEDPIE_0_AITestMap.AITestMap (0.012928s)
[2018.05.28-15.10.43:424][730]LogInit: XAudio2 using 'Luidsprekers (Conexant SmartAudio HD)' : 2 channels at 48 kHz using 32 bits per sample (channel mask 0x3)
[2018.05.28-15.10.43:457][730]LogInit: FAudioDevice initialized.
[2018.05.28-15.10.43:551][730]LogUObjectGlobals: Created PersistentFrame Addr=0x000001da8f15d1a0, Size=104, Default__BP_InGameGUI_C Function /Game/UI/Widgets/BP_InGameGUI.BP_InGameGUI_C:ExecuteUbergraph_BP_InGameGUI
[2018.05.28-15.10.43:577][730]LogUObjectGlobals: Destroyed PersistentFrame Addr=0x000001da8f15d1a0, Size=104
[2018.05.28-15.10.43:577][730]LogUObjectGlobals: Created PersistentFrame Addr=0x000001da8f15d1a0, Size=104, Default__BP_InGameGUI_C Function /Engine/Transient.REINST_BP_InGameGUI_C_0:ExecuteUbergraph_BP_InGameGUI
[2018.05.28-15.10.43:586][730]LogUObjectGlobals: Created PersistentFrame Addr=0x000001da9a57cf70, Size=104, Default__BP_InGameGUI_C Function /Game/UI/Widgets/BP_InGameGUI.BP_InGameGUI_C:ExecuteUbergraph_BP_InGameGUI
[2018.05.28-15.10.43:624][730]LogLoad: Game class is 'BP_FPSGameModeBase_C'
[2018.05.28-15.10.43:644][730]LogWorld: Bringing World /Game/Maps/UEDPIE_0_AITestMap.AITestMap up for play (max tick rate 0) at 2018.05.28-17.10.43
[2018.05.28-15.10.45:587][730]LogWindows: Error: === Critical error: ===
[2018.05.28-15.10.45:587][730]LogWindows: Error: 
[2018.05.28-15.10.45:587][730]LogWindows: Error: Fatal error!
[2018.05.28-15.10.45:587][730]LogWindows: Error: 
[2018.05.28-15.10.45:587][730]LogWindows: Error: Unhandled Exception: EXCEPTION_ACCESS_VIOLATION reading address 0x00000058
[2018.05.28-15.10.45:587][730]LogWindows: Error: 
[2018.05.28-15.10.45:587][730]LogWindows: Error: [Callstack] 0x00000000107C7082 UE4Editor-AIModule.dll!UnknownFunction []
[2018.05.28-15.10.45:587][730]LogWindows: Error: [Callstack] 0x00000000107C6966 UE4Editor-AIModule.dll!UnknownFunction []
[2018.05.28-15.10.45:587][730]LogWindows: Error: [Callstack] 0x00000000107D9A10 UE4Editor-AIModule.dll!UnknownFunction []
[2018.05.28-15.10.45:587][730]LogWindows: Error: [Callstack] 0x00000000560BD185 UE4Editor-FPS-5461.dll!AUnitAIController::Possess() [d:\sparetime\unreal\fps\fps\source\fps\unitaicontroller.cpp:33]
[2018.05.28-15.10.45:587][730]LogWindows: Error: [Callstack] 0x0000000014D5C72A UE4Editor-Engine.dll!UnknownFunction []
[2018.05.28-15.10.45:587][730]LogWindows: Error: [Callstack] 0x0000000014D4FEA9 UE4Editor-Engine.dll!UnknownFunction []
[2018.05.28-15.10.45:587][730]LogWindows: Error: [Callstack] 0x000000001444BD87 UE4Editor-Engine.dll!UnknownFunction []
[2018.05.28-15.10.45:587][730]LogWindows: Error: [Callstack] 0x0000000014969D86 UE4Editor-Engine.dll!UnknownFunction []
[2018.05.28-15.10.45:587][730]LogWindows: Error: [Callstack] 0x00000000153173FB UE4Editor-Engine.dll!UnknownFunction []
[2018.05.28-15.10.45:587][730]LogWindows: Error: [Callstack] 0x00000000148042A2 UE4Editor-Engine.dll!UnknownFunction []
[2018.05.28-15.10.45:587][730]LogWindows: Error: [Callstack] 0x00000000123A27E0 UE4Editor-UnrealEd.dll!UnknownFunction []
[2018.05.28-15.10.45:587][730]LogWindows: Error: [Callstack] 0x00000000123C1246 UE4Editor-UnrealEd.dll!UnknownFunction []
[2018.05.28-15.10.45:587][730]LogWindows: Error: [Callstack] 0x00000000123DBBEF UE4Editor-UnrealEd.dll!UnknownFunction []
[2018.05.28-15.10.45:587][730]LogWindows: Error: [Callstack] 0x0000000011E4C961 UE4Editor-UnrealEd.dll!UnknownFunction []
[2018.05.28-15.10.45:587][730]LogWindows: Error: [Callstack] 0x00000000126E9626 UE4Editor-UnrealEd.dll!UnknownFunction []
[2018.05.28-15.10.45:587][730]LogWindows: Error: [Callstack] 0x00000000824A5EAC UE4Editor.exe!UnknownFunction []
[2018.05.28-15.10.45:587][730]LogWindows: Error: [Callstack] 0x00000000824B6BD0 UE4Editor.exe!UnknownFunction []
[2018.05.28-15.10.45:587][730]LogWindows: Error: [Callstack] 0x00000000824B6C4A UE4Editor.exe!UnknownFunction []
[2018.05.28-15.10.45:587][730]LogWindows: Error: [Callstack] 0x00000000824C4177 UE4Editor.exe!UnknownFunction []
[2018.05.28-15.10.45:587][730]LogWindows: Error: [Callstack] 0x00000000824C5B87 UE4Editor.exe!UnknownFunction []
[2018.05.28-15.10.45:587][730]LogWindows: Error: [Callstack] 0x000000005A8B3034 KERNEL32.DLL!UnknownFunction []
[2018.05.28-15.10.45:587][730]LogWindows: Error: [Callstack] 0x000000005CAE1551 ntdll.dll!UnknownFunction []
[2018.05.28-15.10.45:587][730]LogWindows: Error: [Callstack] 0x000000005CAE1551 ntdll.dll!UnknownFunction []
[2018.05.28-15.10.45:587][730]LogWindows: Error: 
[2018.05.28-15.10.45:604][730]LogExit: Executing StaticShutdownAfterError
[2018.05.28-15.10.45:657][730]LogWindows: FPlatformMisc::RequestExit(1)
[2018.05.28-15.10.45:658][730]Log file closed, 05/28/18 17:10:45
