Log file open, 06/02/18 21:19:24
LogWindows: Failed to load 'aqProf.dll' (GetLastError=126)
LogWindows: File 'aqProf.dll' does not exist
LogWindows: Failed to load 'VtuneApi.dll' (GetLastError=126)
LogWindows: File 'VtuneApi.dll' does not exist
LogWindows: Failed to load 'VtuneApi32e.dll' (GetLastError=126)
LogWindows: File 'VtuneApi32e.dll' does not exist
LogInit: Display: Running engine for game: FPS
LogPlatformFile: Not using cached read wrapper
LogInit: Display: RandInit(1364107825) SRandInit(1364107825).
LogInit: Read version file with build ID '3944462'
LogInit: Overriding engine version to CL 4033788, compatible CL 3944462
LogInit: Registered custom module enumerator with build ID '3944462'
LogTaskGraph: Started task graph with 5 named threads and 23 total threads with 3 sets of task threads.
LogStats: Stats thread started at 0.263903
LogD3D11RHI: Aftermath initialized
LogICUInternationalization: Display: ICU TimeZone Detection - Raw Offset: +1:00, Platform Override: ''
LogPluginManager: Mounting plugin Paper2D
LogPluginManager: Mounting plugin LiveLink
LogPluginManager: Mounting plugin LightPropagationVolume
LogPluginManager: Mounting plugin CLionSourceCodeAccess
LogPluginManager: Mounting plugin CodeLiteSourceCodeAccess
LogPluginManager: Mounting plugin GitSourceControl
LogPluginManager: Mounting plugin KDevelopSourceCodeAccess
LogPluginManager: Mounting plugin NullSourceCodeAccess
LogPluginManager: Mounting plugin PerforceSourceControl
LogPluginManager: Mounting plugin SubversionSourceControl
LogPluginManager: Mounting plugin UObjectPlugin
LogPluginManager: Mounting plugin VisualStudioCodeSourceCodeAccess
LogPluginManager: Mounting plugin VisualStudioSourceCodeAccess
LogPluginManager: Mounting plugin XCodeSourceCodeAccess
LogPluginManager: Mounting plugin AssetManagerEditor
LogPluginManager: Mounting plugin CryptoKeys
LogPluginManager: Mounting plugin DataValidation
LogPluginManager: Mounting plugin FacialAnimation
LogPluginManager: Mounting plugin GameplayTagsEditor
LogPluginManager: Mounting plugin MobileLauncherProfileWizard
LogPluginManager: Mounting plugin PluginBrowser
LogPluginManager: Mounting plugin SpeedTreeImporter
LogPluginManager: Mounting plugin DatasmithContent
LogPluginManager: Mounting plugin AlembicImporter
LogPluginManager: Mounting plugin CharacterAI
LogPluginManager: Mounting plugin HTML5Networking
LogPluginManager: Mounting plugin AndroidMedia
LogPluginManager: Mounting plugin AvfMedia
LogPluginManager: Mounting plugin ImgMedia
LogPluginManager: Mounting plugin LinearTimecode
LogPluginManager: Mounting plugin MediaCompositing
LogPluginManager: Mounting plugin MediaPlayerEditor
LogPluginManager: Mounting plugin WmfMedia
LogPluginManager: Mounting plugin TcpMessaging
LogPluginManager: Mounting plugin UdpMessaging
LogPluginManager: Mounting plugin ActorSequence
LogPluginManager: Mounting plugin LevelSequenceEditor
LogPluginManager: Mounting plugin MatineeToLevelSequence
LogPluginManager: Mounting plugin NetcodeUnitTest
LogPluginManager: Mounting plugin NUTUnrealEngine4
LogPluginManager: Mounting plugin OnlineSubsystemGooglePlay
LogPluginManager: Mounting plugin OnlineSubsystemIOS
LogPluginManager: Mounting plugin OnlineSubsystem
LogPluginManager: Mounting plugin OnlineSubsystemNull
LogPluginManager: Mounting plugin OnlineSubsystemUtils
LogPluginManager: Mounting plugin AndroidDeviceProfileSelector
LogPluginManager: Mounting plugin AndroidMoviePlayer
LogPluginManager: Mounting plugin AndroidPermission
LogPluginManager: Mounting plugin AppleARKit
LogPluginManager: Mounting plugin AppleMoviePlayer
LogPluginManager: Mounting plugin ArchVisCharacter
LogPluginManager: Mounting plugin AudioCapture
LogPluginManager: Mounting plugin CableComponent
LogPluginManager: Mounting plugin CustomMeshComponent
LogPluginManager: Mounting plugin ExampleDeviceProfileSelector
LogPluginManager: Mounting plugin GoogleCloudMessaging
LogPluginManager: Mounting plugin ImmediatePhysics
LogPluginManager: Mounting plugin IOSDeviceProfileSelector
LogPluginManager: Mounting plugin LinuxDeviceProfileSelector
LogPluginManager: Mounting plugin LocationServicesBPLibrary
LogPluginManager: Mounting plugin MobilePatchingUtils
LogPluginManager: Mounting plugin OculusVR
LogPluginManager: Plugin shader directory ../../../Engine/Plugins/Runtime/Oculus/OculusVR/Shaders found
LogPluginManager: Mapping shader source directory ../../../Engine/Plugins/Runtime/Oculus/OculusVR/Shaders to virtual directory /Plugin/OculusVR
LogPluginManager: Mounting plugin PhysXVehicles
LogPluginManager: Mounting plugin ProceduralMeshComponent
LogPluginManager: Mounting plugin RuntimePhysXCooking
LogPluginManager: Mounting plugin SteamVR
LogPluginManager: Mounting plugin WindowsMoviePlayer
LogPluginManager: Mounting plugin CoverPointGenerator
LogStreaming: Display: Took  0.084s to configure plugins.
LogModuleManager: Display: Found up-to-date module file ../../../../../../../Projects/FPS/FPS/Binaries/Win64/UE4Editor-FPS.dll (API version 3944462).
LogModuleManager: Display: Found up-to-date module file ../../../Engine/Plugins/2D/Paper2D/Binaries/Win64/UE4Editor-Paper2D.dll (API version 3944462).
LogModuleManager: Display: Found up-to-date module file ../../../Engine/Plugins/2D/Paper2D/Binaries/Win64/UE4Editor-Paper2DEditor.dll (API version 3944462).
LogModuleManager: Display: Found up-to-date module file ../../../Engine/Plugins/2D/Paper2D/Binaries/Win64/UE4Editor-PaperSpriteSheetImporter.dll (API version 3944462).
LogModuleManager: Display: Found up-to-date module file ../../../Engine/Plugins/2D/Paper2D/Binaries/Win64/UE4Editor-PaperTiledImporter.dll (API version 3944462).
LogModuleManager: Display: Found up-to-date module file ../../../Engine/Plugins/2D/Paper2D/Binaries/Win64/UE4Editor-SmartSnapping.dll (API version 3944462).
LogModuleManager: Display: Found up-to-date module file ../../../Engine/Plugins/Animation/LiveLink/Binaries/Win64/UE4Editor-LiveLink.dll (API version 3944462).
LogModuleManager: Display: Found up-to-date module file ../../../Engine/Plugins/Animation/LiveLink/Binaries/Win64/UE4Editor-LiveLinkEditor.dll (API version 3944462).
LogModuleManager: Display: Found up-to-date module file ../../../Engine/Plugins/Blendables/LightPropagationVolume/Binaries/Win64/UE4Editor-LightPropagationVolumeRuntime.dll (API version 3944462).
LogModuleManager: Display: Found up-to-date module file ../../../Engine/Plugins/Blendables/LightPropagationVolume/Binaries/Win64/UE4Editor-LightPropagationVolumeEditor.dll (API version 3944462).
LogModuleManager: Display: Found up-to-date module file ../../../Engine/Plugins/Developer/CLionSourceCodeAccess/Binaries/Win64/UE4Editor-CLionSourceCodeAccess.dll (API version 3944462).
LogModuleManager: Display: Found up-to-date module file ../../../Engine/Plugins/Developer/GitSourceControl/Binaries/Win64/UE4Editor-GitSourceControl.dll (API version 3944462).
LogModuleManager: Display: Found up-to-date module file ../../../Engine/Plugins/Developer/PerforceSourceControl/Binaries/Win64/UE4Editor-PerforceSourceControl.dll (API version 3944462).
LogModuleManager: Display: Found up-to-date module file ../../../Engine/Plugins/Developer/SubversionSourceControl/Binaries/Win64/UE4Editor-SubversionSourceControl.dll (API version 3944462).
LogModuleManager: Display: Found up-to-date module file ../../../Engine/Plugins/Developer/UObjectPlugin/Binaries/Win64/UE4Editor-UObjectPlugin.dll (API version 3944462).
LogModuleManager: Display: Found up-to-date module file ../../../Engine/Plugins/Developer/VisualStudioCodeSourceCodeAccess/Binaries/Win64/UE4Editor-VisualStudioCodeSourceCodeAccess.dll (API version 3944462).
LogModuleManager: Display: Found up-to-date module file ../../../Engine/Plugins/Developer/VisualStudioSourceCodeAccess/Binaries/Win64/UE4Editor-VisualStudioSourceCodeAccess.dll (API version 3944462).
LogModuleManager: Display: Found up-to-date module file ../../../Engine/Plugins/Editor/AssetManagerEditor/Binaries/Win64/UE4Editor-AssetManagerEditor.dll (API version 3944462).
LogModuleManager: Display: Found up-to-date module file ../../../Engine/Plugins/Editor/CryptoKeys/Binaries/Win64/UE4Editor-CryptoKeys.dll (API version 3944462).
LogModuleManager: Display: Found up-to-date module file ../../../Engine/Plugins/Editor/CryptoKeys/Binaries/Win64/UE4Editor-CryptoKeysOpenSSL.dll (API version 3944462).
LogModuleManager: Display: Found up-to-date module file ../../../Engine/Plugins/Editor/DataValidation/Binaries/Win64/UE4Editor-DataValidation.dll (API version 3944462).
LogModuleManager: Display: Found up-to-date module file ../../../Engine/Plugins/Editor/FacialAnimation/Binaries/Win64/UE4Editor-FacialAnimation.dll (API version 3944462).
LogModuleManager: Display: Found up-to-date module file ../../../Engine/Plugins/Editor/FacialAnimation/Binaries/Win64/UE4Editor-FacialAnimationEditor.dll (API version 3944462).
LogModuleManager: Display: Found up-to-date module file ../../../Engine/Plugins/Editor/GameplayTagsEditor/Binaries/Win64/UE4Editor-GameplayTagsEditor.dll (API version 3944462).
LogModuleManager: Display: Found up-to-date module file ../../../Engine/Plugins/Editor/MobileLauncherProfileWizard/Binaries/Win64/UE4Editor-MobileLauncherProfileWizard.dll (API version 3944462).
LogModuleManager: Display: Found up-to-date module file ../../../Engine/Plugins/Editor/PluginBrowser/Binaries/Win64/UE4Editor-PluginBrowser.dll (API version 3944462).
LogModuleManager: Display: Found up-to-date module file ../../../Engine/Plugins/Editor/SpeedTreeImporter/Binaries/Win64/UE4Editor-SpeedTreeImporter.dll (API version 3944462).
LogModuleManager: Display: Found up-to-date module file ../../../Engine/Plugins/Enterprise/DatasmithContent/Binaries/Win64/UE4Editor-DatasmithContent.dll (API version 3944462).
LogModuleManager: Display: Found up-to-date module file ../../../Engine/Plugins/Experimental/AlembicImporter/Binaries/Win64/UE4Editor-AlembicImporter.dll (API version 3944462).
LogModuleManager: Display: Found up-to-date module file ../../../Engine/Plugins/Experimental/AlembicImporter/Binaries/Win64/UE4Editor-AlembicLibrary.dll (API version 3944462).
LogModuleManager: Display: Found up-to-date module file ../../../Engine/Plugins/Experimental/CharacterAI/Binaries/Win64/UE4Editor-CharacterAI.dll (API version 3944462).
LogModuleManager: Display: Found up-to-date module file ../../../Engine/Plugins/Experimental/HTML5Networking/Binaries/Win64/UE4Editor-HTML5Networking.dll (API version 3944462).
LogModuleManager: Display: Found up-to-date module file ../../../Engine/Plugins/Media/AndroidMedia/Binaries/Win64/UE4Editor-AndroidMediaEditor.dll (API version 3944462).
LogModuleManager: Display: Found up-to-date module file ../../../Engine/Plugins/Media/AndroidMedia/Binaries/Win64/UE4Editor-AndroidMediaFactory.dll (API version 3944462).
LogModuleManager: Display: Found up-to-date module file ../../../Engine/Plugins/Media/AvfMedia/Binaries/Win64/UE4Editor-AvfMediaEditor.dll (API version 3944462).
LogModuleManager: Display: Found up-to-date module file ../../../Engine/Plugins/Media/AvfMedia/Binaries/Win64/UE4Editor-AvfMediaFactory.dll (API version 3944462).
LogModuleManager: Display: Found up-to-date module file ../../../Engine/Plugins/Media/AvfMedia/Binaries/Win64/UE4Editor-AvfMediaFactory.dll (API version 3944462).
LogModuleManager: Display: Found up-to-date module file ../../../Engine/Plugins/Media/ImgMedia/Binaries/Win64/UE4Editor-ImgMedia.dll (API version 3944462).
LogModuleManager: Display: Found up-to-date module file ../../../Engine/Plugins/Media/ImgMedia/Binaries/Win64/UE4Editor-ImgMediaEditor.dll (API version 3944462).
LogModuleManager: Display: Found up-to-date module file ../../../Engine/Plugins/Media/ImgMedia/Binaries/Win64/UE4Editor-ImgMediaFactory.dll (API version 3944462).
LogModuleManager: Display: Found up-to-date module file ../../../Engine/Plugins/Media/ImgMedia/Binaries/Win64/UE4Editor-ImgMediaFactory.dll (API version 3944462).
LogModuleManager: Display: Found up-to-date module file ../../../Engine/Plugins/Media/ImgMedia/Binaries/Win64/UE4Editor-OpenExrWrapper.dll (API version 3944462).
LogModuleManager: Display: Found up-to-date module file ../../../Engine/Plugins/Media/LinearTimecode/Binaries/Win64/UE4Editor-LinearTimecode.dll (API version 3944462).
LogModuleManager: Display: Found up-to-date module file ../../../Engine/Plugins/Media/MediaCompositing/Binaries/Win64/UE4Editor-MediaCompositing.dll (API version 3944462).
LogModuleManager: Display: Found up-to-date module file ../../../Engine/Plugins/Media/MediaCompositing/Binaries/Win64/UE4Editor-MediaCompositingEditor.dll (API version 3944462).
LogModuleManager: Display: Found up-to-date module file ../../../Engine/Plugins/Media/MediaPlayerEditor/Binaries/Win64/UE4Editor-MediaPlayerEditor.dll (API version 3944462).
LogModuleManager: Display: Found up-to-date module file ../../../Engine/Plugins/Media/WmfMedia/Binaries/Win64/UE4Editor-WmfMedia.dll (API version 3944462).
LogModuleManager: Display: Found up-to-date module file ../../../Engine/Plugins/Media/WmfMedia/Binaries/Win64/UE4Editor-WmfMediaEditor.dll (API version 3944462).
LogModuleManager: Display: Found up-to-date module file ../../../Engine/Plugins/Media/WmfMedia/Binaries/Win64/UE4Editor-WmfMediaFactory.dll (API version 3944462).
LogModuleManager: Display: Found up-to-date module file ../../../Engine/Plugins/Media/WmfMedia/Binaries/Win64/UE4Editor-WmfMediaFactory.dll (API version 3944462).
LogModuleManager: Display: Found up-to-date module file ../../../Engine/Plugins/Messaging/TcpMessaging/Binaries/Win64/UE4Editor-TcpMessaging.dll (API version 3944462).
LogModuleManager: Display: Found up-to-date module file ../../../Engine/Plugins/Messaging/UdpMessaging/Binaries/Win64/UE4Editor-UdpMessaging.dll (API version 3944462).
LogModuleManager: Display: Found up-to-date module file ../../../Engine/Plugins/MovieScene/ActorSequence/Binaries/Win64/UE4Editor-ActorSequence.dll (API version 3944462).
LogModuleManager: Display: Found up-to-date module file ../../../Engine/Plugins/MovieScene/LevelSequenceEditor/Binaries/Win64/UE4Editor-LevelSequenceEditor.dll (API version 3944462).
LogModuleManager: Display: Found up-to-date module file ../../../Engine/Plugins/MovieScene/MatineeToLevelSequence/Binaries/Win64/UE4Editor-MatineeToLevelSequence.dll (API version 3944462).
LogModuleManager: Display: Found up-to-date module file ../../../Engine/Plugins/NetcodeUnitTest/NetcodeUnitTest/Binaries/Win64/UE4Editor-NetcodeUnitTest.dll (API version 3944462).
LogModuleManager: Display: Found up-to-date module file ../../../Engine/Plugins/NetcodeUnitTest/NUTUnrealEngine4/Binaries/Win64/UE4Editor-NUTUnrealEngine4.dll (API version 3944462).
LogModuleManager: Display: Found up-to-date module file ../../../Engine/Plugins/Online/OnlineSubsystem/Binaries/Win64/UE4Editor-OnlineSubsystem.dll (API version 3944462).
LogModuleManager: Display: Found up-to-date module file ../../../Engine/Plugins/Online/OnlineSubsystemNull/Binaries/Win64/UE4Editor-OnlineSubsystemNull.dll (API version 3944462).
LogModuleManager: Display: Found up-to-date module file ../../../Engine/Plugins/Online/OnlineSubsystemUtils/Binaries/Win64/UE4Editor-OnlineSubsystemUtils.dll (API version 3944462).
LogModuleManager: Display: Found up-to-date module file ../../../Engine/Plugins/Online/OnlineSubsystemUtils/Binaries/Win64/UE4Editor-OnlineBlueprintSupport.dll (API version 3944462).
LogModuleManager: Display: Found up-to-date module file ../../../Engine/Plugins/Runtime/AndroidDeviceProfileSelector/Binaries/Win64/UE4Editor-AndroidDeviceProfileSelector.dll (API version 3944462).
LogModuleManager: Display: Found up-to-date module file ../../../Engine/Plugins/Runtime/AndroidPermission/Binaries/Win64/UE4Editor-AndroidPermission.dll (API version 3944462).
LogModuleManager: Display: Found up-to-date module file ../../../Engine/Plugins/Runtime/AppleARKit/Binaries/Win64/UE4Editor-AppleARKit.dll (API version 3944462).
LogModuleManager: Display: Found up-to-date module file ../../../Engine/Plugins/Runtime/ArchVisCharacter/Binaries/Win64/UE4Editor-ArchVisCharacter.dll (API version 3944462).
LogModuleManager: Display: Found up-to-date module file ../../../Engine/Plugins/Runtime/AudioCapture/Binaries/Win64/UE4Editor-AudioCapture.dll (API version 3944462).
LogModuleManager: Display: Found up-to-date module file ../../../Engine/Plugins/Runtime/AudioCapture/Binaries/Win64/UE4Editor-AudioCaptureEditor.dll (API version 3944462).
LogModuleManager: Display: Found up-to-date module file ../../../Engine/Plugins/Runtime/CableComponent/Binaries/Win64/UE4Editor-CableComponent.dll (API version 3944462).
LogModuleManager: Display: Found up-to-date module file ../../../Engine/Plugins/Runtime/CustomMeshComponent/Binaries/Win64/UE4Editor-CustomMeshComponent.dll (API version 3944462).
LogModuleManager: Display: Found up-to-date module file ../../../Engine/Plugins/Runtime/ExampleDeviceProfileSelector/Binaries/Win64/UE4Editor-ExampleDeviceProfileSelector.dll (API version 3944462).
LogModuleManager: Display: Found up-to-date module file ../../../Engine/Plugins/Runtime/ImmediatePhysics/Binaries/Win64/UE4Editor-ImmediatePhysics.dll (API version 3944462).
LogModuleManager: Display: Found up-to-date module file ../../../Engine/Plugins/Runtime/ImmediatePhysics/Binaries/Win64/UE4Editor-ImmediatePhysicsEditor.dll (API version 3944462).
LogModuleManager: Display: Found up-to-date module file ../../../Engine/Plugins/Runtime/LocationServicesBPLibrary/Binaries/Win64/UE4Editor-LocationServicesBPLibrary.dll (API version 3944462).
LogModuleManager: Display: Found up-to-date module file ../../../Engine/Plugins/Runtime/MobilePatchingUtils/Binaries/Win64/UE4Editor-MobilePatchingUtils.dll (API version 3944462).
LogModuleManager: Display: Found up-to-date module file ../../../Engine/Plugins/Runtime/Oculus/OculusVR/Binaries/Win64/UE4Editor-OculusHMD.dll (API version 3944462).
LogModuleManager: Display: Found up-to-date module file ../../../Engine/Plugins/Runtime/Oculus/OculusVR/Binaries/Win64/UE4Editor-OculusInput.dll (API version 3944462).
LogModuleManager: Display: Found up-to-date module file ../../../Engine/Plugins/Runtime/Oculus/OculusVR/Binaries/Win64/UE4Editor-OculusEditor.dll (API version 3944462).
LogModuleManager: Display: Found up-to-date module file ../../../Engine/Plugins/Runtime/PhysXVehicles/Binaries/Win64/UE4Editor-PhysXVehicles.dll (API version 3944462).
LogModuleManager: Display: Found up-to-date module file ../../../Engine/Plugins/Runtime/PhysXVehicles/Binaries/Win64/UE4Editor-PhysXVehiclesEditor.dll (API version 3944462).
LogModuleManager: Display: Found up-to-date module file ../../../Engine/Plugins/Runtime/ProceduralMeshComponent/Binaries/Win64/UE4Editor-ProceduralMeshComponent.dll (API version 3944462).
LogModuleManager: Display: Found up-to-date module file ../../../Engine/Plugins/Runtime/ProceduralMeshComponent/Binaries/Win64/UE4Editor-ProceduralMeshComponentEditor.dll (API version 3944462).
LogModuleManager: Display: Found up-to-date module file ../../../Engine/Plugins/Runtime/RuntimePhysXCooking/Binaries/Win64/UE4Editor-RuntimePhysXCooking.dll (API version 3944462).
LogModuleManager: Display: Found up-to-date module file ../../../Engine/Plugins/Runtime/Steam/SteamVR/Binaries/Win64/UE4Editor-SteamVR.dll (API version 3944462).
LogModuleManager: Display: Found up-to-date module file ../../../Engine/Plugins/Runtime/Steam/SteamVR/Binaries/Win64/UE4Editor-SteamVRController.dll (API version 3944462).
LogModuleManager: Display: Found up-to-date module file ../../../Engine/Plugins/Runtime/WindowsMoviePlayer/Binaries/Win64/UE4Editor-WindowsMoviePlayer.dll (API version 3944462).
LogModuleManager: Display: Found up-to-date module file ../../../../../../../Projects/FPS/FPS/Plugins/CoverPointGenerator/Binaries/Win64/UE4Editor-CoverPointGenerator.dll (API version 3944462).
LogInit: Using libcurl 7.47.1
LogInit:  - built for x86_64-pc-win32
LogInit:  - supports SSL with OpenSSL/1.0.2g
LogInit:  - supports HTTP deflate (compression) using libz 1.2.8
LogInit:  - other features:
LogInit:      CURL_VERSION_SSL
LogInit:      CURL_VERSION_LIBZ
LogInit:      CURL_VERSION_IPV6
LogInit:      CURL_VERSION_ASYNCHDNS
LogInit:      CURL_VERSION_LARGEFILE
LogInit:      CURL_VERSION_IDN
LogInit:  CurlRequestOptions (configurable via config and command line):
LogInit:  - bVerifyPeer = false  - Libcurl will NOT verify peer certificate
LogInit:  - bUseHttpProxy = false  - Libcurl will NOT use HTTP proxy
LogInit:  - bDontReuseConnections = false  - Libcurl will reuse connections
LogInit:  - CertBundlePath = nullptr  - Libcurl will use whatever was configured at build time.
LogInit:  - MaxHostConnections = 16  - Libcurl will limit the number of connections to a host
LogInit:  - LocalHostAddr = Default
LogInit: WinSock: version 1.1 (2.2), MaxSocks=32767, MaxUdp=65467
LogInit: WinSock: I am DESKTOP-27ERO04 (192.168.178.101:0)
LogInit: Build: ++UE4+Release-4.19-CL-4033788
LogInit: Engine Version: 4.19.2-4033788+++UE4+Release-4.19
LogInit: Compatible Engine Version: 4.19.0-3944462+++UE4+Release-4.19
LogInit: Net CL: 3944462
LogDevObjectVersion: Number of dev versions registered: 18
LogDevObjectVersion:   Dev-Blueprints (B0D832E4-1F89-4F0D-ACCF-7EB736FD4AA2): 10
LogDevObjectVersion:   Dev-Build (E1C64328-A22C-4D53-A36C-8E866417BD8C): 0
LogDevObjectVersion:   Dev-Core (375EC13C-06E4-48FB-B500-84F0262A717E): 2
LogDevObjectVersion:   Dev-Editor (E4B068ED-F494-42E9-A231-DA0B2E46BB41): 23
LogDevObjectVersion:   Dev-Framework (CFFC743F-43B0-4480-9391-14DF171D2073): 33
LogDevObjectVersion:   Dev-Mobile (B02B49B5-BB20-44E9-A304-32B752E40360): 2
LogDevObjectVersion:   Dev-Networking (A4E4105C-59A1-49B5-A7C5-40C4547EDFEE): 0
LogDevObjectVersion:   Dev-Online (39C831C9-5AE6-47DC-9A44-9C173E1C8E7C): 0
LogDevObjectVersion:   Dev-Physics (78F01B33-EBEA-4F98-B9B4-84EACCB95AA2): 0
LogDevObjectVersion:   Dev-Platform (6631380F-2D4D-43E0-8009-CF276956A95A): 0
LogDevObjectVersion:   Dev-Rendering (12F88B9F-8875-4AFC-A67C-D90C383ABD29): 25
LogDevObjectVersion:   Dev-Sequencer (7B5AE74C-D270-4C10-A958-57980B212A5A): 6
LogDevObjectVersion:   Dev-VR (D7296918-1DD6-4BDD-9DE2-64A83CC13884): 1
LogDevObjectVersion:   Dev-LoadTimes (C2A15278-BFE7-4AFE-6C17-90FF531DF755): 1
LogDevObjectVersion:   Private-Geometry (6EACA3D4-40EC-4CC1-B786-8BED09428FC5): 2
LogDevObjectVersion:   Dev-AnimPhys (29E575DD-E0A3-4627-9D10-D276232CDCEA): 16
LogDevObjectVersion:   Dev-ReflectionCapture (6B266CEC-1EC7-4B8F-A30B-E4D90942FC07): 1
LogDevObjectVersion:   Dev-Automation (0DF73D61-A23F-47EA-B727-89E90C41499A): 1
LogInit: Compiled (64-bit): Apr 27 2018 02:06:57
LogInit: Compiled with Visual C++: 19.00.24215.01
LogInit: Build Configuration: Development
LogInit: Branch Name: ++UE4+Release-4.19
LogInit: Command Line:  
LogInit: Base Directory: E:/Game Engines/Epic Games/4.19/UE_4.19/Engine/Binaries/Win64/
LogInit: Installed Engine Build: 1
LogStreaming: Display: Took  0.002s to delete old logs.
LogInit: Presizing for max 8388607 objects, including 0 objects not considered by GC, pre-allocating 0 bytes for permanent pool.
LogInit: Object subsystem initialized
[2018.06.02-19.19.26:006][  0]LogInit: Selected Device Profile: [Windows]
[2018.06.02-19.19.26:006][  0]LogInit: Applying CVar settings loaded from the selected device profile: [Windows]
[2018.06.02-19.19.26:028][  0]LogInit: Computer: DESKTOP-27ERO04
[2018.06.02-19.19.26:028][  0]LogInit: User: TomColdenhoff
[2018.06.02-19.19.26:028][  0]LogInit: CPU Page size=4096, Cores=4
[2018.06.02-19.19.26:028][  0]LogInit: High frequency timer resolution =3.319355 MHz
[2018.06.02-19.19.26:028][  0]LogMemory: Memory total: Physical=11.9GB (12GB approx)
[2018.06.02-19.19.26:028][  0]LogMemory: Platform Memory Stats for Windows
[2018.06.02-19.19.26:028][  0]LogMemory: Process Physical Memory: 274.52 MB used, 274.52 MB peak
[2018.06.02-19.19.26:028][  0]LogMemory: Process Virtual Memory: 264.51 MB used, 264.51 MB peak
[2018.06.02-19.19.26:028][  0]LogMemory: Physical Memory: 9275.09 MB used,  2932.36 MB free, 12207.44 MB total
[2018.06.02-19.19.26:028][  0]LogMemory: Virtual Memory: 659.34 MB used,  2932.36 MB free, 134217728.00 MB total
[2018.06.02-19.19.26:047][  0]LogInit: Using OS detected language (en-US).
[2018.06.02-19.19.26:047][  0]LogInit: Using OS detected locale (en-US).
[2018.06.02-19.19.26:050][  0]LogTextLocalizationManager: No specific localization for 'en-US' exists, so the 'en' localization will be used.
[2018.06.02-19.19.26:475][  0]LogStreaming: Display: Took  0.428s to EndInitTextLocalization.
[2018.06.02-19.19.26:475][  0]LogInit: Setting process to per monitor DPI aware
[2018.06.02-19.19.26:495][  0]LogSlate: New Slate User Created.  User Index 0, Is Virtual User: 0
[2018.06.02-19.19.26:495][  0]LogSlate: Slate User Registered.  User Index 0, Is Virtual User: 0
[2018.06.02-19.19.26:663][  0]LogD3D11RHI: D3D11 adapters:
[2018.06.02-19.19.26:721][  0]LogD3D11RHI:    0. 'NVIDIA GeForce GTX 970' (Feature Level 11_0)
[2018.06.02-19.19.26:721][  0]LogD3D11RHI:       4043/0/6103 MB DedicatedVideo/DedicatedSystem/SharedSystem, Outputs:2, VendorId:0x10de
[2018.06.02-19.19.26:722][  0]LogD3D11RHI:    1. 'Microsoft Basic Render Driver' (Feature Level 11_0)
[2018.06.02-19.19.26:722][  0]LogD3D11RHI:       0/0/6103 MB DedicatedVideo/DedicatedSystem/SharedSystem, Outputs:0, VendorId:0x1414
[2018.06.02-19.19.26:722][  0]LogD3D11RHI: Chosen D3D11 Adapter: 0
[2018.06.02-19.19.26:732][  0]LogD3D11RHI: Creating new Direct3DDevice
[2018.06.02-19.19.26:732][  0]LogD3D11RHI:     GPU DeviceId: 0x13c2 (for the marketing name, search the web for "GPU Device Id")
[2018.06.02-19.19.26:732][  0]LogWindows: EnumDisplayDevices:
[2018.06.02-19.19.26:732][  0]LogWindows:    0. 'NVIDIA GeForce GTX 970' (P:0 D:1)
[2018.06.02-19.19.26:732][  0]LogWindows:    1. 'NVIDIA GeForce GTX 970' (P:1 D:1)
[2018.06.02-19.19.26:732][  0]LogWindows:    2. 'NVIDIA GeForce GTX 970' (P:0 D:0)
[2018.06.02-19.19.26:732][  0]LogWindows:    3. 'NVIDIA GeForce GTX 970' (P:0 D:0)
[2018.06.02-19.19.26:733][  0]LogWindows: DebugString: FoundDriverCount:4 
[2018.06.02-19.19.26:733][  0]LogD3D11RHI:     Adapter Name: NVIDIA GeForce GTX 970
[2018.06.02-19.19.26:733][  0]LogD3D11RHI:   Driver Version: 397.31 (internal:24.21.13.9731, unified:397.31)
[2018.06.02-19.19.26:733][  0]LogD3D11RHI:      Driver Date: 4-22-2018
[2018.06.02-19.19.26:733][  0]LogRHI: Texture pool is 2830 MB (70% of 4043 MB)
[2018.06.02-19.19.26:772][  0]LogD3D11RHI: [Aftermath] Aftermath enabled and primed
[2018.06.02-19.19.26:772][  0]LogD3D11RHI: [Aftermath] Aftermath enabled and primed
[2018.06.02-19.19.26:772][  0]LogD3D11RHI: Async texture creation enabled
[2018.06.02-19.19.26:843][  0]LogD3D11RHI: GPU Timing Frequency: 1000.000000 (Debug: 2 2)
[2018.06.02-19.19.26:890][  0]LogShaderCompilers: Guid format shader working directory is 16 characters bigger than the processId version (../../../../../../../Projects/FPS/FPS/Intermediate/Shaders/WorkingDirectory/13660/).
[2018.06.02-19.19.26:890][  0]LogShaderCompilers: Cleaned the shader compiler working directory 'C:/Users/TomColdenhoff/AppData/Local/Temp/UnrealShaderWorkingDir/F47DA53541AF4800E604D6BECA0FBB52/'.
[2018.06.02-19.19.27:654][  0]LogTemp: Display: Loaded TP AllDesktopTargetPlatform
[2018.06.02-19.19.27:666][  0]LogTemp: Display: Loaded TP MacClientTargetPlatform
[2018.06.02-19.19.27:681][  0]LogTemp: Display: Loaded TP MacNoEditorTargetPlatform
[2018.06.02-19.19.27:693][  0]LogTemp: Display: Loaded TP MacServerTargetPlatform
[2018.06.02-19.19.27:708][  0]LogTemp: Display: Loaded TP MacTargetPlatform
[2018.06.02-19.19.27:723][  0]LogTemp: Display: Loaded TP WindowsClientTargetPlatform
[2018.06.02-19.19.27:736][  0]LogTemp: Display: Loaded TP WindowsNoEditorTargetPlatform
[2018.06.02-19.19.27:748][  0]LogTemp: Display: Loaded TP WindowsServerTargetPlatform
[2018.06.02-19.19.27:753][  0]LogTemp: Display: Loaded TP WindowsTargetPlatform
[2018.06.02-19.19.27:764][  0]LogTemp: Display: Loaded TP Android_ASTCTargetPlatform
[2018.06.02-19.19.27:782][  0]LogTemp: Display: Loaded TP Android_ATCTargetPlatform
[2018.06.02-19.19.27:793][  0]LogTemp: Display: Loaded TP Android_DXTTargetPlatform
[2018.06.02-19.19.27:804][  0]LogTemp: Display: Loaded TP Android_ETC1aTargetPlatform
[2018.06.02-19.19.27:816][  0]LogTemp: Display: Loaded TP Android_ETC1TargetPlatform
[2018.06.02-19.19.27:827][  0]LogTemp: Display: Loaded TP Android_ETC2TargetPlatform
[2018.06.02-19.19.27:849][  0]LogTemp: Display: Loaded TP Android_MultiTargetPlatform
[2018.06.02-19.19.27:849][  0]LogTemp: Display: Loaded TP Android_PVRTCTargetPlatform
[2018.06.02-19.19.27:860][  0]LogTemp: Display: Loaded TP AndroidTargetPlatform
[2018.06.02-19.19.27:861][  0]LogTemp: Display: Loaded TP HTML5TargetPlatform
[2018.06.02-19.19.27:896][  0]LogTemp: Display: Loaded TP IOSTargetPlatform
[2018.06.02-19.19.27:907][  0]LogTemp: Display: Loaded TP TVOSTargetPlatform
[2018.06.02-19.19.27:918][  0]LogTemp: Display: Loaded TP LinuxClientTargetPlatform
[2018.06.02-19.19.27:933][  0]LogTemp: Display: Loaded TP LinuxNoEditorTargetPlatform
[2018.06.02-19.19.27:946][  0]LogTemp: Display: Loaded TP LinuxServerTargetPlatform
[2018.06.02-19.19.27:957][  0]LogTemp: Display: Loaded TP LinuxTargetPlatform
[2018.06.02-19.19.27:957][  0]LogTargetPlatformManager: Display: Building Assets For Windows
[2018.06.02-19.19.28:029][  0]LogXGEController: Cleaning working directory: C:/Users/TomColdenhoff/AppData/Local/Temp/UnrealXGEWorkingDir/
[2018.06.02-19.19.28:029][  0]LogXGEController: Cannot use XGE Controller as Incredibuild is not installed on this machine.
[2018.06.02-19.19.28:029][  0]LogShaderCompilers: Cannot use XGE Shader Compiler as Incredibuild is not installed on this machine.
[2018.06.02-19.19.28:029][  0]LogShaderCompilers: Display: Using Local Shader Compiler.
[2018.06.02-19.19.28:681][  0]LogDerivedDataCache: Display: Max Cache Size: 512 MB
[2018.06.02-19.19.28:769][  0]LogDerivedDataCache: Loaded boot cache 0.09s 76MB C:/Users/TomColdenhoff/AppData/Local/UnrealEngine/4.19/DerivedDataCache/Boot.ddc.
[2018.06.02-19.19.28:770][  0]LogDerivedDataCache: Display: Loaded Boot cache: C:/Users/TomColdenhoff/AppData/Local/UnrealEngine/4.19/DerivedDataCache/Boot.ddc
[2018.06.02-19.19.28:770][  0]LogDerivedDataCache: FDerivedDataBackendGraph:  Pak pak cache file ../../../../../../../Projects/FPS/FPS/DerivedDataCache/DDC.ddp not found, will not use a pak cache.
[2018.06.02-19.19.28:770][  0]LogDerivedDataCache: Unable to find inner node Pak for hierarchical cache Hierarchy.
[2018.06.02-19.19.28:770][  0]LogDerivedDataCache: FDerivedDataBackendGraph:  CompressedPak pak cache file ../../../../../../../Projects/FPS/FPS/DerivedDataCache/Compressed.ddp not found, will not use a pak cache.
[2018.06.02-19.19.28:770][  0]LogDerivedDataCache: Unable to find inner node CompressedPak for hierarchical cache Hierarchy.
[2018.06.02-19.19.28:785][  0]LogDerivedDataCache: Display: Pak cache opened for reading ../../../Engine/DerivedDataCache/Compressed.ddp.
[2018.06.02-19.19.28:797][  0]LogDerivedDataCache: Using Local data cache path C:/Users/TomColdenhoff/AppData/Local/UnrealEngine/Common/DerivedDataCache: Writable
[2018.06.02-19.19.28:797][  0]LogDerivedDataCache: Shared data cache path not found in *engine.ini, will not use an Shared cache.
[2018.06.02-19.19.28:797][  0]LogDerivedDataCache: Unable to find inner node Shared for hierarchical cache Hierarchy.
[2018.06.02-19.19.28:809][  0]LogMaterial: Verifying Global Shaders for PCD3D_SM5
[2018.06.02-19.19.28:810][  0]LogSlate: Using Freetype 2.6.0
[2018.06.02-19.19.28:810][  0]LogSlate: SlateFontCache - WITH_FREETYPE: 1, WITH_HARFBUZZ: 1
[2018.06.02-19.19.28:810][  0]LogSlate: SlateFontCache - WITH_FREETYPE: 1, WITH_HARFBUZZ: 1
[2018.06.02-19.19.28:917][  0]LogAssetRegistry: FAssetRegistry took 0.0253 seconds to start up
[2018.06.02-19.19.29:236][  0]LogInit: Selected Device Profile: [Windows]
[2018.06.02-19.19.29:365][  0]LogSimplygon: Simplygon DLL not present - disabling.
[2018.06.02-19.19.29:367][  0]LogMeshReduction: Using SimplygonSwarm for distributed automatic mesh merging
[2018.06.02-19.19.29:367][  0]LogMeshReduction: Using QuadricMeshReduction for automatic static mesh reduction
[2018.06.02-19.19.29:367][  0]LogMeshReduction: No automatic skeletal mesh reduction module available
[2018.06.02-19.19.29:367][  0]LogMeshReduction: No automatic mesh merging module available
[2018.06.02-19.19.29:367][  0]LogMeshMerging: No automatic mesh merging module available
[2018.06.02-19.19.29:393][  0]LogNetVersion: FPS , NetCL: 3944462, EngineNetVer: 2, GameNetVer: 0 (Checksum: 2326512385)
[2018.06.02-19.19.29:788][  0]LogPackageLocalizationCache: Processed 9 localized package path(s) for 2 prioritized culture(s) in 0.068572 seconds
[2018.06.02-19.19.29:794][  0]LogUObjectArray: 36728 objects as part of root set at end of initial load.
[2018.06.02-19.19.29:794][  0]LogUObjectAllocator: 7314304 out of 0 bytes used by permanent object pool.
[2018.06.02-19.19.29:794][  0]LogUObjectArray: CloseDisregardForGC: 0/0 objects in disregard for GC pool
[2018.06.02-19.19.31:210][  0]LogTcpMessaging: Initializing TcpMessaging bridge
[2018.06.02-19.19.31:233][  0]LogUdpMessaging: Initializing bridge on interface 0.0.0.0:0 to multicast group 230.0.0.1:6666.
[2018.06.02-19.19.31:438][  0]LogSkeletalMesh: Skeletal Mesh found in DDC [1.740700ms] /Game/Models/Player/Arms/Arms_SMG.Arms_SMG
[2018.06.02-19.19.31:453][  0]LogUObjectGlobals: Created PersistentFrame Addr=0x0000019a449e2610, Size=80, Default__BP_SMGAnim_C Function /Game/Animations/SMG/BP_SMGAnim.BP_SMGAnim_C:ExecuteUbergraph_BP_SMGAnim
[2018.06.02-19.19.31:462][  0]LogUObjectGlobals: Destroyed PersistentFrame Addr=0x0000019a449e2610, Size=80
[2018.06.02-19.19.31:462][  0]LogUObjectGlobals: Created PersistentFrame Addr=0x0000019a44ee67a0, Size=80, Default__BP_SMGAnim_C Function /Engine/Transient.REINST_BP_SMGAnim_C_0:ExecuteUbergraph_BP_SMGAnim
[2018.06.02-19.19.31:471][  0]LogUObjectGlobals: Created PersistentFrame Addr=0x0000019a44e3a8e0, Size=80, Default__BP_SMGAnim_C Function /Game/Animations/SMG/BP_SMGAnim.BP_SMGAnim_C:ExecuteUbergraph_BP_SMGAnim
[2018.06.02-19.19.31:595][  0]SourceControl: Source control is disabled
[2018.06.02-19.19.31:595][  0]SourceControl: Source control is disabled
[2018.06.02-19.19.31:606][  0]SourceControl: Source control is disabled
[2018.06.02-19.19.31:617][  0]SourceControl: Source control is disabled
[2018.06.02-19.19.31:993][  0]LogAndroidPermission: UAndroidPermissionCallbackProxy::GetInstance
[2018.06.02-19.19.32:092][  0]LogOcInput: OculusInput pre-init called
[2018.06.02-19.19.33:078][  0]LogEngine: Initializing Engine...
[2018.06.02-19.19.33:079][  0]LogHMD: Failed to initialize OpenVR with code 110
[2018.06.02-19.19.33:080][  0]LogStats: UGameplayTagsManager::ConstructGameplayTagTree: Construct from data asset -  0.000 s
[2018.06.02-19.19.33:080][  0]LogStats: UGameplayTagsManager::ConstructGameplayTagTree: GameplayTagTreeChangedEvent.Broadcast -  0.000 s
[2018.06.02-19.19.33:303][  0]LogAIModule: Creating AISystem for world Untitled
[2018.06.02-19.19.33:326][  0]LogInit: XAudio2 using 'Speakers (Logitech G35 Headset)' : 2 channels at 44.1 kHz using 16 bits per sample (channel mask 0x3)
[2018.06.02-19.19.33:334][  0]LogInit: FAudioDevice initialized.
[2018.06.02-19.19.33:488][  0]LogDerivedDataCache: Saved boot cache 0.15s 76MB C:/Users/TomColdenhoff/AppData/Local/UnrealEngine/4.19/DerivedDataCache/Boot.ddc.
[2018.06.02-19.19.33:500][  0]LogInit: Texture streaming: Enabled
[2018.06.02-19.19.33:539][  0]LogEngineSessionManager: EngineSessionManager initialized
[2018.06.02-19.19.33:540][  0]LogEngineSessionManager: EngineSessionManager sent abnormal shutdown report. Type=Debugger, SessionId={4CD8AA20-46C5-A784-F8E0-94A34EFD742B}
[2018.06.02-19.19.33:558][  0]LogInit: Transaction tracking system initialized
[2018.06.02-19.19.33:697][  0]BlueprintLog: New page: Editor Load
[2018.06.02-19.19.34:089][  0]LocalizationService: Localization service is disabled
[2018.06.02-19.19.34:421][  0]LogConsoleResponse: Display: 
[2018.06.02-19.19.34:694][  0]LogCook: Display: Max memory allowance for cook 16384mb min free memory 0mb
[2018.06.02-19.19.34:694][  0]LogCook: Display: Mobile HDR setting 1
[2018.06.02-19.19.34:694][  0]LogGameplayTags: Display: UGameplayTagsManager::DoneAddingNativeTags. DelegateIsBound: 0
[2018.06.02-19.19.34:694][  0]LogStats: UGameplayTagsManager::ConstructGameplayTagTree: Construct from data asset -  0.000 s
[2018.06.02-19.19.34:694][  0]LogStats: UGameplayTagsManager::ConstructGameplayTagTree: GameplayTagTreeChangedEvent.Broadcast -  0.000 s
[2018.06.02-19.19.35:622][  0]LogFileCache: Scanning file cache for directory 'E:/Projects/FPS/FPS/Content/' took 0.01s
[2018.06.02-19.19.35:662][  0]SourceControl: Source control is disabled
[2018.06.02-19.19.35:662][  0]Cmd: MAP LOAD FILE="../../../../../../../Projects/FPS/FPS/Content/Maps/Level1.umap" TEMPLATE=0 SHOWPROGRESS=1 FEATURELEVEL=3
[2018.06.02-19.19.35:663][  0]LightingResults: New page: Lighting Build
[2018.06.02-19.19.35:665][  0]MapCheck: New page: Map Check
[2018.06.02-19.19.35:665][  0]LightingResults: New page: Lighting Build
[2018.06.02-19.19.35:679][  0]LogUObjectGlobals: Destroyed PersistentFrame Addr=0x0000019a44ee67a0, Size=80
[2018.06.02-19.19.37:429][  0]LogAIModule: Creating AISystem for world Level1
[2018.06.02-19.19.37:470][  0]LogEditorServer: Finished looking for orphan Actors (0.000 secs)
[2018.06.02-19.19.37:493][  0]Cmd: MAP CHECKDEP NOCLEARLOG
[2018.06.02-19.19.37:546][  0]MapCheck: Map check complete: 0 Error(s), 0 Warning(s), took 53.29ms to complete.
[2018.06.02-19.19.37:547][  0]LogFileHelpers: Loading map 'Level1' took 1.884
[2018.06.02-19.19.37:626][  0]LogWindowsTextInputMethodSystem: Display: IME system now deactivated.
[2018.06.02-19.19.37:798][  0]LogCollectionManager: Loaded 0 collections in 0.000721 seconds
[2018.06.02-19.19.37:851][  0]LogFileCache: Scanning file cache for directory 'E:/Projects/FPS/FPS/Saved/Collections/' took 0.01s
[2018.06.02-19.19.37:851][  0]LogFileCache: Scanning file cache for directory 'E:/Projects/FPS/FPS/Content/Developers/TomColdenhoff/Collections/' took 0.01s
[2018.06.02-19.19.37:851][  0]LogFileCache: Scanning file cache for directory 'E:/Projects/FPS/FPS/Content/Collections/' took 0.01s
[2018.06.02-19.19.37:851][  0]LogCollectionManager: Rebuilt the GUID cache for 0 collections in 0.000000 seconds
[2018.06.02-19.19.37:861][  0]LogContentBrowser: Native class hierarchy populated in 0.0090 seconds. Added 2458 classes and 560 folders.
[2018.06.02-19.19.37:866][  0]LogContentBrowser: Native class hierarchy updated for 'WidgetCarousel' in 0.0004 seconds. Added 0 classes and 0 folders.
[2018.06.02-19.19.38:694][  0]LogContentBrowser: Native class hierarchy updated for 'AddContentDialog' in 0.0005 seconds. Added 0 classes and 0 folders.
[2018.06.02-19.19.38:734][  0]LogContentBrowser: Native class hierarchy updated for 'SceneOutliner' in 0.0005 seconds. Added 1 classes and 2 folders.
[2018.06.02-19.19.38:871][  0]LogSlate: Took 0.021049 seconds to synchronously load lazily loaded font '../../../Engine/Content/Slate/Fonts/Roboto-Regular.ttf' (155K)
[2018.06.02-19.19.38:896][  0]LogSlate: Took 0.021716 seconds to synchronously load lazily loaded font '../../../Engine/Content/Slate/Fonts/Roboto-Bold.ttf' (160K)
[2018.06.02-19.19.38:932][  0]LogSlate: Took 0.023293 seconds to synchronously load lazily loaded font '../../../Engine/Content/Editor/Slate/Fonts/FontAwesome.ttf' (139K)
[2018.06.02-19.19.39:155][  0]LogRenderer: Reallocating scene render targets to support 1208x576 Format 10 NumSamples 1 (Frame:1).
[2018.06.02-19.19.39:380][  0]LogContentBrowser: Native class hierarchy updated for 'HierarchicalLODOutliner' in 0.0005 seconds. Added 0 classes and 0 folders.
[2018.06.02-19.19.39:380][  0]LogLoad: (Engine Initialization) Total time: 15.61 seconds
[2018.06.02-19.19.39:380][  0]LogLoad: (Engine Initialization) Total Blueprint compile time: 0.00 seconds
[2018.06.02-19.19.39:442][  0]LogContentStreaming: Texture pool size now 1000 MB
[2018.06.02-19.19.39:582][  0]LogSlate: Took 0.014596 seconds to synchronously load lazily loaded font '../../../Engine/Content/Slate/Fonts/Roboto-Light.ttf' (167K)
[2018.06.02-19.19.39:676][  2]LogAssetRegistry: Asset discovery search completed in 10.7801 seconds
[2018.06.02-19.19.39:678][  2]LogCollectionManager: Rebuilt the object cache for 0 collections in 0.000000 seconds (found 0 objects)
[2018.06.02-19.19.39:678][  2]LogCollectionManager: Fixed up redirectors for 0 collections in 0.000080 seconds (updated 0 objects)
[2018.06.02-19.20.10:517][527]LogSlate: FSceneViewport::OnFocusLost() reason 0
[2018.06.02-19.20.23:654][996]LogSlate: Took 0.000173 seconds to synchronously load lazily loaded font '../../../Engine/Content/Slate/Fonts/Roboto-Light.ttf' (167K)
[2018.06.02-19.20.23:798][996]LogSlate: Took 0.018289 seconds to synchronously load lazily loaded font '../../../Engine/Content/Slate/Fonts/Roboto-BoldCondensed.ttf' (158K)
[2018.06.02-19.20.55:523][642]Running E:/Game Engines/Epic Games/4.19/UE_4.19/Engine/Binaries/DotNET/UnrealBuildTool.exe FPS Win64 Development -editorrecompile "E:/Projects/FPS/FPS/FPS.uproject" -invalidatemakefilesonly
[2018.06.02-19.20.55:826][642]Invalidating makefiles only in this run.
[2018.06.02-19.20.56:068][642]Candidate modules for hot reload:
[2018.06.02-19.20.56:068][642]  FPS
[2018.06.02-19.20.56:068][642]Launching UnrealBuildTool... [E:/Game Engines/Epic Games/4.19/UE_4.19/Engine/Binaries/DotNET/UnrealBuildTool.exe FPS -ModuleWithSuffix=FPS,8306 Win64 Development -editorrecompile -canskiplink "E:/Projects/FPS/FPS/FPS.uproject" ]
[2018.06.02-19.23.43:942][642]CompilerResultsLog: New page: Compilation - Jun 2, 2018, 11:23:43 PM
[2018.06.02-19.23.43:958][642]CompilerResultsLog: Using 'git status' to determine working set for adaptive non-unity build.
[2018.06.02-19.23.43:958][642]CompilerResultsLog: Creating makefile for hot reloading FPS (no existing makefile)
[2018.06.02-19.23.43:958][642]CompilerResultsLog: Compiling game modules for hot reload
[2018.06.02-19.23.43:958][642]CompilerResultsLog: Parsing headers for FPSEditor
[2018.06.02-19.23.43:958][642]CompilerResultsLog:   Running UnrealHeaderTool "E:\Projects\FPS\FPS\FPS.uproject" "E:\Projects\FPS\FPS\Intermediate\Build\Win64\FPSEditor\Development\FPSEditor.uhtmanifest" -LogCmds="loginit warning, logexit warning, logdatabase error" -Unattended -WarningsAsErrors -installed
[2018.06.02-19.23.43:958][642]CompilerResultsLog: Reflection code generated for FPSEditor in 8.3267047 seconds
[2018.06.02-19.23.43:958][642]CompilerResultsLog: Performing 18 actions (4 in parallel)
[2018.06.02-19.23.43:958][642]CompilerResultsLog: FPSPlayer.gen.cpp
[2018.06.02-19.23.43:958][642]CompilerResultsLog: FPS.init.gen.cpp
[2018.06.02-19.23.43:958][642]CompilerResultsLog: FPSGameModeBase.gen.cpp
[2018.06.02-19.23.43:958][642]CompilerResultsLog: BaseWeapon.gen.cpp
[2018.06.02-19.23.43:958][642]CompilerResultsLog: Dummy.gen.cpp
[2018.06.02-19.23.43:958][642]CompilerResultsLog: CoverPoint.gen.cpp
[2018.06.02-19.23.43:958][642]CompilerResultsLog: CoverPoint.cpp
[2018.06.02-19.23.43:958][642]CompilerResultsLog: WeaponBase.cpp
[2018.06.02-19.23.43:958][642]CompilerResultsLog: FPSPlayer.cpp
[2018.06.02-19.23.43:958][642]CompilerResultsLog: SMG.cpp
[2018.06.02-19.23.43:958][642]CompilerResultsLog: FPSGameModeBase.cpp
[2018.06.02-19.23.43:958][642]CompilerResultsLog: FPS.cpp
[2018.06.02-19.23.43:958][642]CompilerResultsLog: Dummy.cpp
[2018.06.02-19.23.43:958][642]CompilerResultsLog: BaseWeapon.cpp
[2018.06.02-19.23.43:958][642]CompilerResultsLog: SMG.gen.cpp
[2018.06.02-19.23.43:958][642]CompilerResultsLog: WeaponBase.gen.cpp
[2018.06.02-19.23.43:958][642]CompilerResultsLog: Error: E:\Projects\FPS\FPS\Source\FPS\SMG.cpp(34) : warning C4996: 'USceneComponent::AttachTo': This function is deprecated, please use AttachToComponent instead. Please update your code to the new API before upgrading to the next release, otherwise your project will no longer compile.E:\Projects\FPS\FPS\Source\FPS\BaseWeapon.cpp(54): warning C4996: 'USceneComponent::AttachTo': This function is deprecated, please use AttachToComponent instead. Please update your code to the new API before upgrading to the next release, otherwise your project will no longer compile.
[2018.06.02-19.23.43:969][642]CompilerResultsLog: 
[2018.06.02-19.23.43:969][642]CompilerResultsLog: Error: E:\Game Engines\Epic Games\4.19\UE_4.19\Engine\Source\Runtime\Engine\Classes\Components/SceneComponent.h(641) : note: see declaration of 'USceneComponent::AttachTo'E:\Game Engines\Epic Games\4.19\UE_4.19\Engine\Source\Runtime\Engine\Classes\Components/SceneComponent.h(641): note: see declaration of 'USceneComponent::AttachTo'
[2018.06.02-19.23.43:969][642]CompilerResultsLog: 
[2018.06.02-19.23.43:969][642]CompilerResultsLog: [17/18] Link UE4Editor-FPS-8306.dll
[2018.06.02-19.23.43:969][642]CompilerResultsLog: [18/18] Link UE4Editor-FPS-8306.lib
[2018.06.02-19.23.43:969][642]CompilerResultsLog:    Creating library E:\Projects\FPS\FPS\Intermediate\Build\Win64\UE4Editor\Development\UE4Editor-FPS-8306.lib and object E:\Projects\FPS\FPS\Intermediate\Build\Win64\UE4Editor\Development\UE4Editor-FPS-8306.exp
[2018.06.02-19.23.43:969][642]CompilerResultsLog:    Creating library E:\Projects\FPS\FPS\Intermediate\Build\Win64\UE4Editor\Development\UE4Editor-FPS-8306.suppressed.lib and object E:\Projects\FPS\FPS\Intermediate\Build\Win64\UE4Editor\Development\UE4Editor-FPS-8306.suppressed.exp
[2018.06.02-19.23.43:969][642]CompilerResultsLog: Total build time: 167.60 seconds (Local executor: 123.06 seconds)
[2018.06.02-19.23.43:979][642]LogMainFrame: MainFrame: Module compiling took 168.006 seconds
[2018.06.02-19.23.44:084][642]LogClass: Could not find existing class CoverPoint in package /Script/FPS for HotReload, assuming new class
[2018.06.02-19.23.44:092][642]LogContentBrowser: Native class hierarchy updated for 'FPS' in 0.0006 seconds. Added 7 classes and 3 folders.
[2018.06.02-19.23.44:095][642]Display: HotReload successful (1 functions remapped  0 scriptstructs remapped)
[2018.06.02-19.23.44:473][642]LogContentBrowser: Native class hierarchy populated in 0.0090 seconds. Added 2460 classes and 563 folders.
[2018.06.02-19.23.44:515][642]Display: HotReload took 168.5s.
[2018.06.02-19.23.44:519][642]Warning: HotReload operation took 168.6s.
[2018.06.02-19.23.44:938][642]LogVSAccessor: Warning: Couldn't goto column number '1' of line '1' in 'E:/Projects/FPS/FPS/Source/FPS/Public/CoverPoint.h'
[2018.06.02-19.23.45:052][642]LogSlate: Window 'Add C++ Class' being destroyed
[2018.06.02-19.23.45:215][643]LogHotReload: New module detected: UE4Editor-FPS-8306.dll
[2018.06.02-19.23.45:241][644]LogHotReload: Starting Hot-Reload from IDE
[2018.06.02-19.23.45:333][644]LogContentBrowser: Native class hierarchy updated for 'FPS' in 0.0007 seconds. Added 7 classes and 3 folders.
[2018.06.02-19.23.45:334][644]Display: HotReload successful (0 functions remapped  0 scriptstructs remapped)
[2018.06.02-19.23.45:358][644]LogContentBrowser: Native class hierarchy populated in 0.0099 seconds. Added 2460 classes and 563 folders.
[2018.06.02-19.23.45:364][644]Display: HotReload took  0.1s.
[2018.06.02-20.06.33:100][710]LogSlate: Window 'FPS - Unreal Editor' being destroyed
[2018.06.02-20.06.33:694][711]Cmd: QUIT_EDITOR
[2018.06.02-20.06.33:925][711]LogWindowsTextInputMethodSystem: Display: IME system now deactivated.
[2018.06.02-20.06.33:966][711]LogSlate: Slate User Destroyed.  User Index 0, Is Virtual User: 0
[2018.06.02-20.06.33:979][711]LogExit: Preparing to exit.
[2018.06.02-20.06.34:871][711]LogDirectoryWatcher: A directory notification for 'E:/Projects/FPS/FPS/Content/' was aborted.
[2018.06.02-20.06.35:397][711]LogUObjectGlobals: Destroyed PersistentFrame Addr=0x0000019a44e3a8e0, Size=80
[2018.06.02-20.06.35:447][711]LogExit: Editor shut down
[2018.06.02-20.06.35:474][711]LogExit: Transaction tracking system shut down
[2018.06.02-20.06.35:685][711]LogDirectoryWatcher: A directory notification for '../../../Engine/Content/' was aborted.
[2018.06.02-20.06.35:685][711]LogDirectoryWatcher: A directory notification for '../../../../../../../Projects/FPS/FPS/Content/' was aborted.
[2018.06.02-20.06.35:685][711]LogDirectoryWatcher: A directory notification for '../../Plugins/2D/Paper2D/Content/' was aborted.
[2018.06.02-20.06.35:685][711]LogDirectoryWatcher: A directory notification for '../../Plugins/Enterprise/DatasmithContent/Content/' was aborted.
[2018.06.02-20.06.35:685][711]LogDirectoryWatcher: A directory notification for '../../Plugins/Media/MediaCompositing/Content/' was aborted.
[2018.06.02-20.06.35:685][711]LogDirectoryWatcher: A directory notification for '../../Plugins/Runtime/AppleARKit/Content/' was aborted.
[2018.06.02-20.06.35:685][711]LogDirectoryWatcher: A directory notification for '../../Plugins/Runtime/Oculus/OculusVR/Content/' was aborted.
[2018.06.02-20.06.35:685][711]LogDirectoryWatcher: A directory notification for '../../Plugins/Runtime/Steam/SteamVR/Content/' was aborted.
[2018.06.02-20.06.37:001][711]LogExit: Object subsystem successfully closed.
[2018.06.02-20.06.37:136][711]LogShaderCompilers: Display: Shaders left to compile 0
[2018.06.02-20.06.37:154][711]LogD3D11RHI: Shutdown
[2018.06.02-20.06.37:154][711]LogD3D11RHI: CleanupD3DDevice
[2018.06.02-20.06.37:188][711]LogD3D11RHI: ~FD3D11DynamicRHI
[2018.06.02-20.06.37:902][711]LogModuleManager: Shutting down and abandoning module FPS (580)
[2018.06.02-20.06.37:902][711]LogModuleManager: Shutting down and abandoning module HierarchicalLODOutliner (578)
[2018.06.02-20.06.37:902][711]LogModuleManager: Shutting down and abandoning module DesktopPlatform (576)
[2018.06.02-20.06.37:902][711]LogModuleManager: Shutting down and abandoning module SceneOutliner (574)
[2018.06.02-20.06.37:909][711]LogModuleManager: Shutting down and abandoning module AddContentDialog (572)
[2018.06.02-20.06.37:922][711]LogDirectoryWatcher: A directory notification for 'E:/Game Engines/Epic Games/4.19/UE_4.19/FeaturePacks/' was aborted.
[2018.06.02-20.06.37:928][711]LogModuleManager: Shutting down and abandoning module WidgetCarousel (571)
[2018.06.02-20.06.37:928][711]LogModuleManager: Shutting down and abandoning module EditorWidgets (568)
[2018.06.02-20.06.37:928][711]LogModuleManager: Shutting down and abandoning module CollectionManager (566)
[2018.06.02-20.06.37:935][711]LogDirectoryWatcher: A directory notification for 'E:/Projects/FPS/FPS/Content/Collections/' was aborted.
[2018.06.02-20.06.37:935][711]LogDirectoryWatcher: A directory notification for 'E:/Projects/FPS/FPS/Content/Developers/TomColdenhoff/Collections/' was aborted.
[2018.06.02-20.06.37:935][711]LogDirectoryWatcher: A directory notification for 'E:/Projects/FPS/FPS/Saved/Collections/' was aborted.
[2018.06.02-20.06.37:935][711]LogModuleManager: Shutting down and abandoning module StatsViewer (564)
[2018.06.02-20.06.37:940][711]LogModuleManager: Shutting down and abandoning module FoliageEdit (562)
[2018.06.02-20.06.37:940][711]LogModuleManager: Shutting down and abandoning module LandscapeEditor (560)
[2018.06.02-20.06.37:954][711]LogModuleManager: Shutting down and abandoning module MeshPaintMode (558)
[2018.06.02-20.06.37:964][711]LogModuleManager: Shutting down and abandoning module SceneDepthPickerMode (556)
[2018.06.02-20.06.37:965][711]LogModuleManager: Shutting down and abandoning module ActorPickerMode (554)
[2018.06.02-20.06.37:965][711]LogModuleManager: Shutting down and abandoning module GeometryMode (552)
[2018.06.02-20.06.37:974][711]LogModuleManager: Shutting down and abandoning module TextureAlignMode (550)
[2018.06.02-20.06.37:974][711]LogModuleManager: Shutting down and abandoning module BspMode (548)
[2018.06.02-20.06.37:974][711]LogModuleManager: Shutting down and abandoning module PIEPreviewDeviceProfileSelector (546)
[2018.06.02-20.06.37:974][711]LogModuleManager: Shutting down and abandoning module HardwareSurvey (544)
[2018.06.02-20.06.37:974][711]LogModuleManager: Shutting down and abandoning module SequenceRecorderSections (542)
[2018.06.02-20.06.37:982][711]LogModuleManager: Shutting down and abandoning module AutomationWorker (540)
[2018.06.02-20.06.37:982][711]LogModuleManager: Shutting down and abandoning module AudioCaptureEditor (538)
[2018.06.02-20.06.37:982][711]LogModuleManager: Shutting down and abandoning module SequenceRecorder (537)
[2018.06.02-20.06.37:997][711]LogModuleManager: Shutting down and abandoning module MatineeToLevelSequence (534)
[2018.06.02-20.06.38:010][711]LogModuleManager: Shutting down and abandoning module LevelSequenceEditor (532)
[2018.06.02-20.06.38:033][711]LogModuleManager: Shutting down and abandoning module PlacementMode (531)
[2018.06.02-20.06.38:033][711]LogModuleManager: Shutting down and abandoning module MaterialEditor (530)
[2018.06.02-20.06.38:071][711]LogModuleManager: Shutting down and abandoning module WmfMediaFactory (526)
[2018.06.02-20.06.38:071][711]LogModuleManager: Shutting down and abandoning module WmfMediaEditor (524)
[2018.06.02-20.06.38:071][711]LogModuleManager: Shutting down and abandoning module MediaPlayerEditor (522)
[2018.06.02-20.06.38:086][711]LogModuleManager: Shutting down and abandoning module OpenExrWrapper (520)
[2018.06.02-20.06.38:086][711]LogModuleManager: Shutting down and abandoning module ImgMediaFactory (518)
[2018.06.02-20.06.38:086][711]LogModuleManager: Shutting down and abandoning module ImgMediaEditor (516)
[2018.06.02-20.06.38:086][711]LogModuleManager: Shutting down and abandoning module AvfMediaFactory (514)
[2018.06.02-20.06.38:086][711]LogModuleManager: Shutting down and abandoning module AvfMediaEditor (512)
[2018.06.02-20.06.38:086][711]LogModuleManager: Shutting down and abandoning module AndroidMediaFactory (510)
[2018.06.02-20.06.38:087][711]LogModuleManager: Shutting down and abandoning module AndroidMediaEditor (508)
[2018.06.02-20.06.38:087][711]LogModuleManager: Shutting down and abandoning module CharacterAI (506)
[2018.06.02-20.06.38:087][711]LogModuleManager: Shutting down and abandoning module SmartSnapping (504)
[2018.06.02-20.06.38:087][711]LogModuleManager: Shutting down and abandoning module SessionServices (502)
[2018.06.02-20.06.38:087][711]LogModuleManager: Shutting down and abandoning module ViewportSnapping (500)
[2018.06.02-20.06.38:087][711]LogModuleManager: Shutting down and abandoning module ViewportInteraction (498)
[2018.06.02-20.06.38:087][711]LogModuleManager: Shutting down and abandoning module ClothPainter (496)
[2018.06.02-20.06.38:099][711]LogModuleManager: Shutting down and abandoning module SkeletalMeshEditor (495)
[2018.06.02-20.06.38:110][711]LogModuleManager: Shutting down and abandoning module LogVisualizer (492)
[2018.06.02-20.06.38:123][711]LogModuleManager: Shutting down and abandoning module IntroTutorials (490)
[2018.06.02-20.06.38:142][711]LogModuleManager: Shutting down and abandoning module GameProjectGeneration (489)
[2018.06.02-20.06.38:142][711]LogModuleManager: Shutting down and abandoning module IOSPlatformEditor (486)
[2018.06.02-20.06.38:153][711]LogModuleManager: Shutting down and abandoning module HTML5PlatformEditor (484)
[2018.06.02-20.06.38:153][711]LogModuleManager: Shutting down and abandoning module AndroidPlatformEditor (482)
[2018.06.02-20.06.38:153][711]LogModuleManager: Shutting down and abandoning module AndroidDeviceDetection (481)
[2018.06.02-20.06.38:212][711]LogModuleManager: Shutting down and abandoning module WindowsPlatformEditor (478)
[2018.06.02-20.06.38:212][711]LogModuleManager: Shutting down and abandoning module IOSRuntimeSettings (476)
[2018.06.02-20.06.38:212][711]LogModuleManager: Shutting down and abandoning module AndroidRuntimeSettings (474)
[2018.06.02-20.06.38:212][711]LogModuleManager: Shutting down and abandoning module InputBindingEditor (472)
[2018.06.02-20.06.38:223][711]LogModuleManager: Shutting down and abandoning module MergeActors (470)
[2018.06.02-20.06.38:233][711]LogModuleManager: Shutting down and abandoning module LocalizationDashboard (468)
[2018.06.02-20.06.38:239][711]LogModuleManager: Shutting down and abandoning module LocalizationService (467)
[2018.06.02-20.06.38:242][711]LogModuleManager: Shutting down and abandoning module HardwareTargeting (464)
[2018.06.02-20.06.38:243][711]LogModuleManager: Shutting down and abandoning module DeviceProfileEditor (462)
[2018.06.02-20.06.38:246][711]LogModuleManager: Shutting down and abandoning module UndoHistory (460)
[2018.06.02-20.06.38:246][711]LogModuleManager: Shutting down and abandoning module XmlParser (458)
[2018.06.02-20.06.38:257][711]LogModuleManager: Shutting down and abandoning module Blutility (456)
[2018.06.02-20.06.38:257][711]LogModuleManager: Shutting down and abandoning module ProjectSettingsViewer (454)
[2018.06.02-20.06.38:257][711]LogModuleManager: Shutting down and abandoning module ProjectTargetPlatformEditor (453)
[2018.06.02-20.06.38:257][711]LogModuleManager: Shutting down and abandoning module EditorSettingsViewer (450)
[2018.06.02-20.06.38:257][711]LogModuleManager: Shutting down and abandoning module SettingsEditor (448)
[2018.06.02-20.06.38:276][711]LogModuleManager: Shutting down and abandoning module ProjectLauncher (446)
[2018.06.02-20.06.38:279][711]LogModuleManager: Shutting down and abandoning module SessionFrontend (444)
[2018.06.02-20.06.38:283][711]LogModuleManager: Shutting down and abandoning module ProfilerClient (442)
[2018.06.02-20.06.38:290][711]LogModuleManager: Shutting down and abandoning module DeviceManager (440)
[2018.06.02-20.06.38:297][711]LogModuleManager: Shutting down and abandoning module TargetDeviceServices (439)
[2018.06.02-20.06.38:348][711]LogModuleManager: Shutting down and abandoning module AutomationController (436)
[2018.06.02-20.06.38:351][711]LogModuleManager: Shutting down and abandoning module AutomationWindow (434)
[2018.06.02-20.06.38:364][711]LogModuleManager: Shutting down and abandoning module Layers (432)
[2018.06.02-20.06.38:374][711]LogModuleManager: Shutting down and abandoning module ComponentVisualizers (430)
[2018.06.02-20.06.38:374][711]LogModuleManager: Shutting down and abandoning module DetailCustomizations (428)
[2018.06.02-20.06.38:394][711]LogModuleManager: Shutting down and abandoning module PackagesDialog (426)
[2018.06.02-20.06.38:395][711]LogModuleManager: Shutting down and abandoning module Persona (424)
[2018.06.02-20.06.38:413][711]LogModuleManager: Shutting down and abandoning module AdvancedPreviewScene (423)
[2018.06.02-20.06.38:413][711]LogModuleManager: Shutting down and abandoning module AnimGraph (421)
[2018.06.02-20.06.38:413][711]LogModuleManager: Shutting down and abandoning module Kismet (418)
[2018.06.02-20.06.38:427][711]LogModuleManager: Shutting down and abandoning module GraphEditor (416)
[2018.06.02-20.06.38:463][711]LogModuleManager: Shutting down and abandoning module ClassViewer (414)
[2018.06.02-20.06.38:465][711]LogModuleManager: Shutting down and abandoning module Toolbox (412)
[2018.06.02-20.06.38:465][711]LogModuleManager: Shutting down and abandoning module ModuleUI (410)
[2018.06.02-20.06.38:473][711]LogModuleManager: Shutting down and abandoning module MovieSceneTools (408)
[2018.06.02-20.06.38:489][711]LogModuleManager: Shutting down and abandoning module OutputLog (406)
[2018.06.02-20.06.38:489][711]LogModuleManager: Shutting down and abandoning module GammaUI (404)
[2018.06.02-20.06.38:495][711]LogModuleManager: Shutting down and abandoning module Documentation (402)
[2018.06.02-20.06.38:495][711]LogModuleManager: Shutting down and abandoning module MovieSceneTracks (400)
[2018.06.02-20.06.38:495][711]LogModuleManager: Shutting down and abandoning module MovieScene (398)
[2018.06.02-20.06.38:495][711]LogModuleManager: Shutting down and abandoning module StreamingPauseRendering (396)
[2018.06.02-20.06.38:495][711]LogModuleManager: Shutting down and abandoning module LauncherPlatform (394)
[2018.06.02-20.06.38:495][711]LogModuleManager: Shutting down and abandoning module AnalyticsET (392)
[2018.06.02-20.06.38:496][711]LogModuleManager: Shutting down and abandoning module PortalServices (390)
[2018.06.02-20.06.38:496][711]LogModuleManager: Shutting down and abandoning module PortalRpc (388)
[2018.06.02-20.06.38:496][711]LogModuleManager: Shutting down and abandoning module MessagingRpc (386)
[2018.06.02-20.06.38:496][711]LogModuleManager: Shutting down and abandoning module AIModule (384)
[2018.06.02-20.06.38:496][711]LogModuleManager: Shutting down and abandoning module GameplayDebugger (383)
[2018.06.02-20.06.38:504][711]LogModuleManager: Shutting down and abandoning module AITestSuite (381)
[2018.06.02-20.06.38:510][711]LogModuleManager: Shutting down and abandoning module ProfilerService (378)
[2018.06.02-20.06.38:688][711]LogModuleManager: Shutting down and abandoning module TaskGraph (376)
[2018.06.02-20.06.38:697][711]LogModuleManager: Shutting down and abandoning module CoverPointGenerator (374)
[2018.06.02-20.06.38:697][711]LogModuleManager: Shutting down and abandoning module SteamVRController (372)
[2018.06.02-20.06.38:697][711]LogModuleManager: Shutting down and abandoning module ProceduralMeshComponentEditor (370)
[2018.06.02-20.06.38:697][711]LogModuleManager: Shutting down and abandoning module ProceduralMeshComponent (368)
[2018.06.02-20.06.38:706][711]LogModuleManager: Shutting down and abandoning module OculusInput (366)
[2018.06.02-20.06.38:715][711]LogModuleManager: Shutting down and abandoning module MobilePatchingUtils (364)
[2018.06.02-20.06.38:715][711]LogModuleManager: Shutting down and abandoning module CustomMeshComponent (362)
[2018.06.02-20.06.38:715][711]LogModuleManager: Shutting down and abandoning module CableComponent (360)
[2018.06.02-20.06.38:724][711]LogModuleManager: Shutting down and abandoning module AudioCapture (358)
[2018.06.02-20.06.38:724][711]LogModuleManager: Shutting down and abandoning module ArchVisCharacter (356)
[2018.06.02-20.06.38:724][711]LogModuleManager: Shutting down and abandoning module AndroidPermission (354)
[2018.06.02-20.06.38:724][711]LogModuleManager: Shutting down and abandoning module NUTUnrealEngine4 (350)
[2018.06.02-20.06.38:724][711]LogModuleManager: Shutting down and abandoning module NetcodeUnitTest (348)
[2018.06.02-20.06.38:750][711]LogModuleManager: Shutting down and abandoning module MediaCompositingEditor (346)
[2018.06.02-20.06.38:750][711]LogModuleManager: Shutting down and abandoning module MediaCompositing (344)
[2018.06.02-20.06.38:750][711]LogModuleManager: Shutting down and abandoning module LinearTimecode (342)
[2018.06.02-20.06.38:750][711]LogModuleManager: Shutting down and abandoning module ImgMedia (340)
[2018.06.02-20.06.38:770][711]LogModuleManager: Shutting down and abandoning module HTML5Networking (338)
[2018.06.02-20.06.38:770][711]LogModuleManager: Shutting down and abandoning module AlembicImporter (336)
[2018.06.02-20.06.38:776][711]LogModuleManager: Shutting down and abandoning module AlembicLibrary (335)
[2018.06.02-20.06.38:776][711]LogModuleManager: Shutting down and abandoning module GeometryCache (334)
[2018.06.02-20.06.38:776][711]LogModuleManager: Shutting down and abandoning module GeometryCacheEd (333)
[2018.06.02-20.06.38:776][711]LogModuleManager: Shutting down and abandoning module DatasmithContent (328)
[2018.06.02-20.06.38:776][711]LogModuleManager: Shutting down and abandoning module SpeedTreeImporter (326)
[2018.06.02-20.06.38:777][711]LogModuleManager: Shutting down and abandoning module PluginBrowser (324)
[2018.06.02-20.06.38:786][711]LogModuleManager: Shutting down and abandoning module MobileLauncherProfileWizard (322)
[2018.06.02-20.06.38:792][711]LogModuleManager: Shutting down and abandoning module CryptoKeysOpenSSL (320)
[2018.06.02-20.06.38:801][711]LogModuleManager: Shutting down and abandoning module CryptoKeys (318)
[2018.06.02-20.06.38:801][711]LogModuleManager: Shutting down and abandoning module VisualStudioSourceCodeAccess (316)
[2018.06.02-20.06.38:801][711]LogModuleManager: Shutting down and abandoning module VisualStudioCodeSourceCodeAccess (314)
[2018.06.02-20.06.38:801][711]LogModuleManager: Shutting down and abandoning module UObjectPlugin (312)
[2018.06.02-20.06.38:801][711]LogModuleManager: Shutting down and abandoning module SubversionSourceControl (310)
[2018.06.02-20.06.38:809][711]LogModuleManager: Shutting down and abandoning module PerforceSourceControl (308)
[2018.06.02-20.06.38:818][711]LogModuleManager: Shutting down and abandoning module GitSourceControl (306)
[2018.06.02-20.06.38:831][711]LogModuleManager: Shutting down and abandoning module SourceControl (305)
[2018.06.02-20.06.38:840][711]LogModuleManager: Shutting down and abandoning module CLionSourceCodeAccess (302)
[2018.06.02-20.06.38:850][711]LogModuleManager: Shutting down and abandoning module LightPropagationVolumeEditor (300)
[2018.06.02-20.06.38:850][711]LogModuleManager: Shutting down and abandoning module PaperTiledImporter (298)
[2018.06.02-20.06.38:850][711]LogModuleManager: Shutting down and abandoning module PaperSpriteSheetImporter (296)
[2018.06.02-20.06.38:851][711]LogModuleManager: Shutting down and abandoning module Paper2DEditor (294)
[2018.06.02-20.06.38:872][711]LogModuleManager: Shutting down and abandoning module MeshPaint (293)
[2018.06.02-20.06.38:884][711]LogModuleManager: Shutting down and abandoning module RuntimePhysXCooking (288)
[2018.06.02-20.06.38:884][711]LogModuleManager: Shutting down and abandoning module PhysXVehiclesEditor (286)
[2018.06.02-20.06.38:885][711]LogModuleManager: Shutting down and abandoning module PhysXVehicles (284)
[2018.06.02-20.06.38:885][711]LogModuleManager: Shutting down and abandoning module OculusEditor (282)
[2018.06.02-20.06.38:885][711]LogModuleManager: Shutting down and abandoning module LocationServicesBPLibrary (280)
[2018.06.02-20.06.38:885][711]LogModuleManager: Shutting down and abandoning module ImmediatePhysicsEditor (278)
[2018.06.02-20.06.38:885][711]LogModuleManager: Shutting down and abandoning module ImmediatePhysics (276)
[2018.06.02-20.06.38:894][711]LogModuleManager: Shutting down and abandoning module ActorSequence (274)
[2018.06.02-20.06.38:895][711]LogModuleManager: Shutting down and abandoning module UdpMessaging (272)
[2018.06.02-20.06.39:003][711]LogModuleManager: Shutting down and abandoning module TcpMessaging (270)
[2018.06.02-20.06.39:109][711]LogModuleManager: Shutting down and abandoning module GameplayTagsEditor (268)
[2018.06.02-20.06.39:122][711]LogModuleManager: Shutting down and abandoning module FacialAnimationEditor (266)
[2018.06.02-20.06.39:123][711]LogModuleManager: Shutting down and abandoning module FacialAnimation (264)
[2018.06.02-20.06.39:123][711]LogModuleManager: Shutting down and abandoning module DataValidation (262)
[2018.06.02-20.06.39:134][711]LogModuleManager: Shutting down and abandoning module AssetManagerEditor (260)
[2018.06.02-20.06.39:146][711]LogModuleManager: Shutting down and abandoning module LevelEditor (259)
[2018.06.02-20.06.39:170][711]LogModuleManager: Shutting down and abandoning module PixelInspectorModule (258)
[2018.06.02-20.06.39:176][711]LogModuleManager: Shutting down and abandoning module CommonMenuExtensions (256)
[2018.06.02-20.06.39:176][711]LogModuleManager: Shutting down and abandoning module MainFrame (254)
[2018.06.02-20.06.39:177][711]LogModuleManager: Shutting down and abandoning module HotReload (253)
[2018.06.02-20.06.39:177][711]LogDirectoryWatcher: A directory notification for 'E:/Projects/FPS/FPS/Binaries/Win64' was aborted.
[2018.06.02-20.06.39:177][711]LogDirectoryWatcher: A directory notification for 'E:/Projects/FPS/FPS/Plugins/CoverPointGenerator/Binaries/Win64' was aborted.
[2018.06.02-20.06.39:178][711]LogModuleManager: Shutting down and abandoning module ContentBrowser (249)
[2018.06.02-20.06.39:182][711]LogModuleManager: Shutting down and abandoning module TreeMap (247)
[2018.06.02-20.06.39:190][711]LogModuleManager: Shutting down and abandoning module LightPropagationVolumeRuntime (244)
[2018.06.02-20.06.39:190][711]LogModuleManager: Shutting down and abandoning module LiveLinkEditor (242)
[2018.06.02-20.06.39:204][711]LogModuleManager: Shutting down and abandoning module LiveLink (240)
[2018.06.02-20.06.39:981][711]LogModuleManager: Shutting down and abandoning module Paper2D (238)
[2018.06.02-20.06.40:074][711]LogModuleManager: Shutting down and abandoning module WindowsMoviePlayer (236)
[2018.06.02-20.06.40:080][711]LogModuleManager: Shutting down and abandoning module WmfMedia (234)
[2018.06.02-20.06.40:085][711]LogModuleManager: Shutting down and abandoning module Media (233)
[2018.06.02-20.06.40:093][711]LogModuleManager: Shutting down and abandoning module PacketHandler (230)
[2018.06.02-20.06.40:093][711]LogModuleManager: Shutting down and abandoning module ClothingSystemEditor (228)
[2018.06.02-20.06.40:093][711]LogModuleManager: Shutting down and abandoning module ClothingSystemRuntime (226)
[2018.06.02-20.06.40:102][711]LogModuleManager: Shutting down and abandoning module MediaAssets (224)
[2018.06.02-20.06.40:102][711]LogModuleManager: Shutting down and abandoning module Overlay (222)
[2018.06.02-20.06.40:102][711]LogModuleManager: Shutting down and abandoning module OverlayEditor (221)
[2018.06.02-20.06.40:102][711]LogModuleManager: Shutting down and abandoning module VREditor (218)
[2018.06.02-20.06.40:114][711]LogModuleManager: Shutting down and abandoning module StringTableEditor (216)
[2018.06.02-20.06.40:114][711]LogModuleManager: Shutting down and abandoning module GameplayTasksEditor (214)
[2018.06.02-20.06.40:114][711]LogModuleManager: Shutting down and abandoning module BehaviorTreeEditor (212)
[2018.06.02-20.06.40:134][711]LogModuleManager: Shutting down and abandoning module FunctionalTesting (210)
[2018.06.02-20.06.40:138][711]LogModuleManager: Shutting down and abandoning module CollisionAnalyzer (208)
[2018.06.02-20.06.40:146][711]LogModuleManager: Shutting down and abandoning module WorkspaceMenuStructure (207)
[2018.06.02-20.06.40:146][711]LogModuleManager: Shutting down and abandoning module UMG (204)
[2018.06.02-20.06.40:159][711]LogModuleManager: Shutting down and abandoning module UMGEditor (203)
[2018.06.02-20.06.40:194][711]LogModuleManager: Shutting down and abandoning module Sequencer (202)
[2018.06.02-20.06.40:204][711]LogModuleManager: Shutting down and abandoning module MessageLog (199)
[2018.06.02-20.06.40:204][711]LogModuleManager: Shutting down and abandoning module SlateReflector (194)
[2018.06.02-20.06.40:228][711]LogModuleManager: Shutting down and abandoning module Slate (192)
[2018.06.02-20.06.40:228][711]LogModuleManager: Shutting down and abandoning module EditorStyle (190)
[2018.06.02-20.06.40:231][711]LogModuleManager: Shutting down and abandoning module MRMesh (188)
[2018.06.02-20.06.40:231][711]LogModuleManager: Shutting down and abandoning module SourceCodeAccess (186)
[2018.06.02-20.06.40:231][711]LogModuleManager: Shutting down and abandoning module HeadMountedDisplay (184)
[2018.06.02-20.06.40:231][711]LogModuleManager: Shutting down and abandoning module XAudio2 (182)
[2018.06.02-20.06.40:231][711]LogModuleManager: Shutting down and abandoning module Networking (180)
[2018.06.02-20.06.40:231][711]LogModuleManager: Shutting down and abandoning module Core (178)
[2018.06.02-20.06.40:231][711]LogModuleManager: Shutting down and abandoning module LevelSequence (176)
[2018.06.02-20.06.40:236][711]LogModuleManager: Shutting down and abandoning module KismetCompiler (174)
[2018.06.02-20.06.40:236][711]LogModuleManager: Shutting down and abandoning module MeshUtilities (172)
[2018.06.02-20.06.40:248][711]LogModuleManager: Shutting down and abandoning module MeshMergeUtilities (171)
[2018.06.02-20.06.40:248][711]LogModuleManager: Shutting down and abandoning module MeshReductionInterface (170)
[2018.06.02-20.06.40:248][711]LogModuleManager: Shutting down and abandoning module SimplygonSwarm (169)
[2018.06.02-20.06.40:255][711]LogModuleManager: Shutting down and abandoning module SimplygonMeshReduction (167)
[2018.06.02-20.06.40:262][711]LogModuleManager: Shutting down and abandoning module QuadricMeshReduction (165)
[2018.06.02-20.06.40:268][711]LogModuleManager: Shutting down and abandoning module MaterialBaking (161)
[2018.06.02-20.06.40:275][711]LogModuleManager: Shutting down and abandoning module DirectoryWatcher (157)
[2018.06.02-20.06.40:283][711]LogModuleManager: Shutting down and abandoning module DerivedDataCache (154)
[2018.06.02-20.06.40:355][711]LogDerivedDataCache: Shutdown
[2018.06.02-20.06.40:355][711]LogModuleManager: Shutting down and abandoning module XGEController (152)
[2018.06.02-20.06.40:355][711]LogXGEController: Cleaning working directory: C:/Users/TomColdenhoff/AppData/Local/Temp/UnrealXGEWorkingDir/
[2018.06.02-20.06.40:356][711]LogModuleManager: Shutting down and abandoning module TargetPlatform (150)
[2018.06.02-20.06.40:356][711]LogModuleManager: Shutting down and abandoning module VulkanShaderFormat (149)
[2018.06.02-20.06.40:362][711]LogModuleManager: Shutting down and abandoning module ShaderFormatVectorVM (147)
[2018.06.02-20.06.40:366][711]LogModuleManager: Shutting down and abandoning module ShaderFormatOpenGL (145)
[2018.06.02-20.06.40:373][711]LogModuleManager: Shutting down and abandoning module ShaderFormatD3D (143)
[2018.06.02-20.06.40:373][711]LogModuleManager: Shutting down and abandoning module MetalShaderFormat (141)
[2018.06.02-20.06.40:381][711]LogModuleManager: Shutting down and abandoning module TextureFormatUncompressed (139)
[2018.06.02-20.06.40:382][711]LogModuleManager: Shutting down and abandoning module TextureFormatPVR (137)
[2018.06.02-20.06.40:382][711]LogModuleManager: Shutting down and abandoning module TextureFormatDXT (135)
[2018.06.02-20.06.40:392][711]LogModuleManager: Shutting down and abandoning module TextureFormatIntelISPCTexComp (133)
[2018.06.02-20.06.40:394][711]LogModuleManager: Shutting down and abandoning module TextureFormatASTC (131)
[2018.06.02-20.06.40:394][711]LogModuleManager: Shutting down and abandoning module ImageWrapper (130)
[2018.06.02-20.06.40:394][711]LogModuleManager: Shutting down and abandoning module TextureFormatAndroid (127)
[2018.06.02-20.06.40:394][711]LogModuleManager: Shutting down and abandoning module AudioFormatOpus (125)
[2018.06.02-20.06.40:394][711]LogModuleManager: Shutting down and abandoning module AudioFormatOgg (123)
[2018.06.02-20.06.40:394][711]LogModuleManager: Shutting down and abandoning module AudioFormatADPCM (121)
[2018.06.02-20.06.40:394][711]LogModuleManager: Shutting down and abandoning module LinuxTargetPlatform (119)
[2018.06.02-20.06.40:395][711]LogModuleManager: Shutting down and abandoning module LinuxServerTargetPlatform (117)
[2018.06.02-20.06.40:395][711]LogModuleManager: Shutting down and abandoning module LinuxNoEditorTargetPlatform (115)
[2018.06.02-20.06.40:395][711]LogModuleManager: Shutting down and abandoning module LinuxClientTargetPlatform (113)
[2018.06.02-20.06.40:395][711]LogModuleManager: Shutting down and abandoning module TVOSTargetPlatform (111)
[2018.06.02-20.06.40:395][711]LogModuleManager: Shutting down and abandoning module Messaging (109)
[2018.06.02-20.06.40:395][711]LogModuleManager: Shutting down and abandoning module IOSTargetPlatform (107)
[2018.06.02-20.06.40:395][711]LogModuleManager: Shutting down and abandoning module HTML5TargetPlatform (105)
[2018.06.02-20.06.40:395][711]LogModuleManager: Shutting down and abandoning module AndroidTargetPlatform (103)
[2018.06.02-20.06.40:395][711]LogModuleManager: Shutting down and abandoning module Android_PVRTCTargetPlatform (101)
[2018.06.02-20.06.40:395][711]LogModuleManager: Shutting down and abandoning module Android_MultiTargetPlatform (99)
[2018.06.02-20.06.40:395][711]LogModuleManager: Shutting down and abandoning module Android_ETC2TargetPlatform (97)
[2018.06.02-20.06.40:395][711]LogModuleManager: Shutting down and abandoning module Android_ETC1TargetPlatform (95)
[2018.06.02-20.06.40:395][711]LogModuleManager: Shutting down and abandoning module Android_ETC1aTargetPlatform (93)
[2018.06.02-20.06.40:395][711]LogModuleManager: Shutting down and abandoning module Android_DXTTargetPlatform (91)
[2018.06.02-20.06.40:395][711]LogModuleManager: Shutting down and abandoning module Android_ATCTargetPlatform (89)
[2018.06.02-20.06.40:395][711]LogModuleManager: Shutting down and abandoning module Android_ASTCTargetPlatform (87)
[2018.06.02-20.06.40:395][711]LogModuleManager: Shutting down and abandoning module WindowsTargetPlatform (85)
[2018.06.02-20.06.40:396][711]LogModuleManager: Shutting down and abandoning module WindowsServerTargetPlatform (83)
[2018.06.02-20.06.40:396][711]LogModuleManager: Shutting down and abandoning module WindowsNoEditorTargetPlatform (81)
[2018.06.02-20.06.40:396][711]LogModuleManager: Shutting down and abandoning module WindowsClientTargetPlatform (79)
[2018.06.02-20.06.40:396][711]LogModuleManager: Shutting down and abandoning module MacTargetPlatform (77)
[2018.06.02-20.06.40:396][711]LogModuleManager: Shutting down and abandoning module MacServerTargetPlatform (75)
[2018.06.02-20.06.40:396][711]LogModuleManager: Shutting down and abandoning module MacNoEditorTargetPlatform (73)
[2018.06.02-20.06.40:396][711]LogModuleManager: Shutting down and abandoning module MacClientTargetPlatform (71)
[2018.06.02-20.06.40:396][711]LogModuleManager: Shutting down and abandoning module AllDesktopTargetPlatform (69)
[2018.06.02-20.06.40:396][711]LogModuleManager: Shutting down and abandoning module InputCore (66)
[2018.06.02-20.06.40:396][711]LogModuleManager: Shutting down and abandoning module Settings (64)
[2018.06.02-20.06.40:396][711]LogModuleManager: Shutting down and abandoning module PhysXCooking (62)
[2018.06.02-20.06.40:396][711]LogModuleManager: Shutting down and abandoning module SteamVR (60)
[2018.06.02-20.06.40:396][711]LogModuleManager: Shutting down and abandoning module OculusHMD (58)
[2018.06.02-20.06.40:408][711]LogModuleManager: Shutting down and abandoning module ExampleDeviceProfileSelector (56)
[2018.06.02-20.06.40:408][711]LogModuleManager: Shutting down and abandoning module AppleARKit (54)
[2018.06.02-20.06.40:408][711]LogModuleManager: Shutting down and abandoning module AugmentedReality (51)
[2018.06.02-20.06.40:408][711]LogModuleManager: Shutting down and abandoning module OnlineBlueprintSupport (48)
[2018.06.02-20.06.40:408][711]LogModuleManager: Shutting down and abandoning module OnlineSubsystem (44)
[2018.06.02-20.06.40:432][711]LogModuleManager: Shutting down and abandoning module XMPP (43)
[2018.06.02-20.06.40:444][711]LogModuleManager: Shutting down and abandoning module HTTP (41)
[2018.06.02-20.06.40:458][711]LogHttp: Display: Http module shutting down, but needs to wait on 1 outstanding Http requests:
[2018.06.02-20.06.40:458][711]LogHttp: Display: 	verb=[POST] url=[https://datarouter.ol.epicgames.com/datarouter/api/v1/public/data?SessionID=%7B6641CC5A-47DF-9D47-F70F-C997D34C2D08%7D&AppID=UEEditor.Rocket.Release&AppVersion=4.19.2-4033788%2B%2B%2BUE4%2BRelease-4.19&UserID=531ab3bb46dc6d570e8919a9b159b127%7C5ab92ee991c446c5b0f18c9a8a0db87d%7C75b9ec88-24f5-49ea-b159-dfbc7c28fd38&AppEnvironment=datacollector-binary&UploadType=eteventstream] status=Processing
[2018.06.02-20.06.40:486][711]LogModuleManager: Shutting down and abandoning module SSL (40)
[2018.06.02-20.06.40:502][711]LogModuleManager: Shutting down and abandoning module AnimationModifiers (36)
[2018.06.02-20.06.40:517][711]LogModuleManager: Shutting down and abandoning module PropertyEditor (35)
[2018.06.02-20.06.40:537][711]LogModuleManager: Shutting down and abandoning module AudioEditor (32)
[2018.06.02-20.06.40:549][711]LogModuleManager: Shutting down and abandoning module TextureCompressor (30)
[2018.06.02-20.06.40:561][711]LogModuleManager: Shutting down and abandoning module ShaderCore (28)
[2018.06.02-20.06.40:561][711]LogModuleManager: Shutting down and abandoning module Landscape (26)
[2018.06.02-20.06.40:561][711]LogModuleManager: Shutting down and abandoning module SlateRHIRenderer (24)
[2018.06.02-20.06.40:602][711]LogModuleManager: Shutting down and abandoning module OpenGLDrv (22)
[2018.06.02-20.06.40:615][711]LogModuleManager: Shutting down and abandoning module D3D11RHI (20)
[2018.06.02-20.06.40:615][711]LogModuleManager: Shutting down and abandoning module AnimGraphRuntime (18)
[2018.06.02-20.06.40:625][711]LogModuleManager: Shutting down and abandoning module Renderer (16)
[2018.06.02-20.06.40:625][711]LogModuleManager: Shutting down and abandoning module Engine (14)
[2018.06.02-20.06.40:625][711]LogModuleManager: Shutting down and abandoning module CoreUObject (12)
[2018.06.02-20.06.40:625][711]LogModuleManager: Shutting down and abandoning module NetworkFile (10)
[2018.06.02-20.06.40:629][711]LogModuleManager: Shutting down and abandoning module CookedIterativeFile (8)
[2018.06.02-20.06.40:629][711]LogModuleManager: Shutting down and abandoning module StreamingFile (6)
[2018.06.02-20.06.40:635][711]LogModuleManager: Shutting down and abandoning module SandboxFile (4)
[2018.06.02-20.06.40:643][711]LogModuleManager: Shutting down and abandoning module PakFile (2)
[2018.06.02-20.06.40:678][711]LogExit: Exiting.
[2018.06.02-20.06.40:758][711]Log file closed, 06/02/18 22:06:40
