Log file open, 07/14/18 22:12:52
LogWindows: Failed to load 'aqProf.dll' (GetLastError=126)
LogWindows: File 'aqProf.dll' does not exist
LogWindows: Failed to load 'VtuneApi.dll' (GetLastError=126)
LogWindows: File 'VtuneApi.dll' does not exist
LogWindows: Failed to load 'VtuneApi32e.dll' (GetLastError=126)
LogWindows: File 'VtuneApi32e.dll' does not exist
LogInit: Display: Running engine for game: FPS
LogPlatformFile: Not using cached read wrapper
LogInit: Display: RandInit(2046898537) SRandInit(2046898537).
LogInit: Read version file with build ID '3944462'
LogInit: Overriding engine version to CL 4033788, compatible CL 3944462
LogInit: Registered custom module enumerator with build ID '3944462'
LogTaskGraph: Started task graph with 5 named threads and 23 total threads with 3 sets of task threads.
LogStats: Stats thread started at 0.989349
LogD3D11RHI: Aftermath initialized
LogICUInternationalization: Display: ICU TimeZone Detection - Raw Offset: +1:00, Platform Override: ''
LogPluginManager: Mounting plugin Paper2D
LogPluginManager: Mounting plugin LiveLink
LogPluginManager: Mounting plugin LightPropagationVolume
LogPluginManager: Mounting plugin CLionSourceCodeAccess
LogPluginManager: Mounting plugin CodeLiteSourceCodeAccess
LogPluginManager: Mounting plugin GitSourceControl
LogPluginManager: Mounting plugin KDevelopSourceCodeAccess
LogPluginManager: Mounting plugin NullSourceCodeAccess
LogPluginManager: Mounting plugin PerforceSourceControl
LogPluginManager: Mounting plugin SubversionSourceControl
LogPluginManager: Mounting plugin UObjectPlugin
LogPluginManager: Mounting plugin VisualStudioCodeSourceCodeAccess
LogPluginManager: Mounting plugin VisualStudioSourceCodeAccess
LogPluginManager: Mounting plugin XCodeSourceCodeAccess
LogPluginManager: Mounting plugin AssetManagerEditor
LogPluginManager: Mounting plugin CryptoKeys
LogPluginManager: Mounting plugin DataValidation
LogPluginManager: Mounting plugin FacialAnimation
LogPluginManager: Mounting plugin GameplayTagsEditor
LogPluginManager: Mounting plugin MobileLauncherProfileWizard
LogPluginManager: Mounting plugin PluginBrowser
LogPluginManager: Mounting plugin SpeedTreeImporter
LogPluginManager: Mounting plugin DatasmithContent
LogPluginManager: Mounting plugin AlembicImporter
LogPluginManager: Mounting plugin CharacterAI
LogPluginManager: Mounting plugin HTML5Networking
LogPluginManager: Mounting plugin AndroidMedia
LogPluginManager: Mounting plugin AvfMedia
LogPluginManager: Mounting plugin ImgMedia
LogPluginManager: Mounting plugin LinearTimecode
LogPluginManager: Mounting plugin MediaCompositing
LogPluginManager: Mounting plugin MediaPlayerEditor
LogPluginManager: Mounting plugin WmfMedia
LogPluginManager: Mounting plugin TcpMessaging
LogPluginManager: Mounting plugin UdpMessaging
LogPluginManager: Mounting plugin ActorSequence
LogPluginManager: Mounting plugin LevelSequenceEditor
LogPluginManager: Mounting plugin MatineeToLevelSequence
LogPluginManager: Mounting plugin NetcodeUnitTest
LogPluginManager: Mounting plugin NUTUnrealEngine4
LogPluginManager: Mounting plugin OnlineSubsystemGooglePlay
LogPluginManager: Mounting plugin OnlineSubsystemIOS
LogPluginManager: Mounting plugin OnlineSubsystem
LogPluginManager: Mounting plugin OnlineSubsystemNull
LogPluginManager: Mounting plugin OnlineSubsystemUtils
LogPluginManager: Mounting plugin AndroidDeviceProfileSelector
LogPluginManager: Mounting plugin AndroidMoviePlayer
LogPluginManager: Mounting plugin AndroidPermission
LogPluginManager: Mounting plugin AppleARKit
LogPluginManager: Mounting plugin AppleMoviePlayer
LogPluginManager: Mounting plugin ArchVisCharacter
LogPluginManager: Mounting plugin AudioCapture
LogPluginManager: Mounting plugin CableComponent
LogPluginManager: Mounting plugin CustomMeshComponent
LogPluginManager: Mounting plugin ExampleDeviceProfileSelector
LogPluginManager: Mounting plugin GoogleCloudMessaging
LogPluginManager: Mounting plugin ImmediatePhysics
LogPluginManager: Mounting plugin IOSDeviceProfileSelector
LogPluginManager: Mounting plugin LinuxDeviceProfileSelector
LogPluginManager: Mounting plugin LocationServicesBPLibrary
LogPluginManager: Mounting plugin MobilePatchingUtils
LogPluginManager: Mounting plugin OculusVR
LogPluginManager: Plugin shader directory ../../../Engine/Plugins/Runtime/Oculus/OculusVR/Shaders found
LogPluginManager: Mapping shader source directory ../../../Engine/Plugins/Runtime/Oculus/OculusVR/Shaders to virtual directory /Plugin/OculusVR
LogPluginManager: Mounting plugin PhysXVehicles
LogPluginManager: Mounting plugin ProceduralMeshComponent
LogPluginManager: Mounting plugin RuntimePhysXCooking
LogPluginManager: Mounting plugin SteamVR
LogPluginManager: Mounting plugin WindowsMoviePlayer
LogPluginManager: Mounting plugin CoverPointGenerator
LogStreaming: Display: Took  0.139s to configure plugins.
LogModuleManager: Display: Found up-to-date module file ../../../../../SpareTime/Unreal/FPS/FPS/Binaries/Win64/UE4Editor-FPS.dll (API version 3944462).
LogModuleManager: Display: Found up-to-date module file ../../../Engine/Plugins/2D/Paper2D/Binaries/Win64/UE4Editor-Paper2D.dll (API version 3944462).
LogModuleManager: Display: Found up-to-date module file ../../../Engine/Plugins/2D/Paper2D/Binaries/Win64/UE4Editor-Paper2DEditor.dll (API version 3944462).
LogModuleManager: Display: Found up-to-date module file ../../../Engine/Plugins/2D/Paper2D/Binaries/Win64/UE4Editor-PaperSpriteSheetImporter.dll (API version 3944462).
LogModuleManager: Display: Found up-to-date module file ../../../Engine/Plugins/2D/Paper2D/Binaries/Win64/UE4Editor-PaperTiledImporter.dll (API version 3944462).
LogModuleManager: Display: Found up-to-date module file ../../../Engine/Plugins/2D/Paper2D/Binaries/Win64/UE4Editor-SmartSnapping.dll (API version 3944462).
LogModuleManager: Display: Found up-to-date module file ../../../Engine/Plugins/Animation/LiveLink/Binaries/Win64/UE4Editor-LiveLink.dll (API version 3944462).
LogModuleManager: Display: Found up-to-date module file ../../../Engine/Plugins/Animation/LiveLink/Binaries/Win64/UE4Editor-LiveLinkEditor.dll (API version 3944462).
LogModuleManager: Display: Found up-to-date module file ../../../Engine/Plugins/Blendables/LightPropagationVolume/Binaries/Win64/UE4Editor-LightPropagationVolumeRuntime.dll (API version 3944462).
LogModuleManager: Display: Found up-to-date module file ../../../Engine/Plugins/Blendables/LightPropagationVolume/Binaries/Win64/UE4Editor-LightPropagationVolumeEditor.dll (API version 3944462).
LogModuleManager: Display: Found up-to-date module file ../../../Engine/Plugins/Developer/CLionSourceCodeAccess/Binaries/Win64/UE4Editor-CLionSourceCodeAccess.dll (API version 3944462).
LogModuleManager: Display: Found up-to-date module file ../../../Engine/Plugins/Developer/GitSourceControl/Binaries/Win64/UE4Editor-GitSourceControl.dll (API version 3944462).
LogModuleManager: Display: Found up-to-date module file ../../../Engine/Plugins/Developer/PerforceSourceControl/Binaries/Win64/UE4Editor-PerforceSourceControl.dll (API version 3944462).
LogModuleManager: Display: Found up-to-date module file ../../../Engine/Plugins/Developer/SubversionSourceControl/Binaries/Win64/UE4Editor-SubversionSourceControl.dll (API version 3944462).
LogModuleManager: Display: Found up-to-date module file ../../../Engine/Plugins/Developer/UObjectPlugin/Binaries/Win64/UE4Editor-UObjectPlugin.dll (API version 3944462).
LogModuleManager: Display: Found up-to-date module file ../../../Engine/Plugins/Developer/VisualStudioCodeSourceCodeAccess/Binaries/Win64/UE4Editor-VisualStudioCodeSourceCodeAccess.dll (API version 3944462).
LogModuleManager: Display: Found up-to-date module file ../../../Engine/Plugins/Developer/VisualStudioSourceCodeAccess/Binaries/Win64/UE4Editor-VisualStudioSourceCodeAccess.dll (API version 3944462).
LogModuleManager: Display: Found up-to-date module file ../../../Engine/Plugins/Editor/AssetManagerEditor/Binaries/Win64/UE4Editor-AssetManagerEditor.dll (API version 3944462).
LogModuleManager: Display: Found up-to-date module file ../../../Engine/Plugins/Editor/CryptoKeys/Binaries/Win64/UE4Editor-CryptoKeys.dll (API version 3944462).
LogModuleManager: Display: Found up-to-date module file ../../../Engine/Plugins/Editor/CryptoKeys/Binaries/Win64/UE4Editor-CryptoKeysOpenSSL.dll (API version 3944462).
LogModuleManager: Display: Found up-to-date module file ../../../Engine/Plugins/Editor/DataValidation/Binaries/Win64/UE4Editor-DataValidation.dll (API version 3944462).
LogModuleManager: Display: Found up-to-date module file ../../../Engine/Plugins/Editor/FacialAnimation/Binaries/Win64/UE4Editor-FacialAnimation.dll (API version 3944462).
LogModuleManager: Display: Found up-to-date module file ../../../Engine/Plugins/Editor/FacialAnimation/Binaries/Win64/UE4Editor-FacialAnimationEditor.dll (API version 3944462).
LogModuleManager: Display: Found up-to-date module file ../../../Engine/Plugins/Editor/GameplayTagsEditor/Binaries/Win64/UE4Editor-GameplayTagsEditor.dll (API version 3944462).
LogModuleManager: Display: Found up-to-date module file ../../../Engine/Plugins/Editor/MobileLauncherProfileWizard/Binaries/Win64/UE4Editor-MobileLauncherProfileWizard.dll (API version 3944462).
LogModuleManager: Display: Found up-to-date module file ../../../Engine/Plugins/Editor/PluginBrowser/Binaries/Win64/UE4Editor-PluginBrowser.dll (API version 3944462).
LogModuleManager: Display: Found up-to-date module file ../../../Engine/Plugins/Editor/SpeedTreeImporter/Binaries/Win64/UE4Editor-SpeedTreeImporter.dll (API version 3944462).
LogModuleManager: Display: Found up-to-date module file ../../../Engine/Plugins/Enterprise/DatasmithContent/Binaries/Win64/UE4Editor-DatasmithContent.dll (API version 3944462).
LogModuleManager: Display: Found up-to-date module file ../../../Engine/Plugins/Experimental/AlembicImporter/Binaries/Win64/UE4Editor-AlembicImporter.dll (API version 3944462).
LogModuleManager: Display: Found up-to-date module file ../../../Engine/Plugins/Experimental/AlembicImporter/Binaries/Win64/UE4Editor-AlembicLibrary.dll (API version 3944462).
LogModuleManager: Display: Found up-to-date module file ../../../Engine/Plugins/Experimental/CharacterAI/Binaries/Win64/UE4Editor-CharacterAI.dll (API version 3944462).
LogModuleManager: Display: Found up-to-date module file ../../../Engine/Plugins/Experimental/HTML5Networking/Binaries/Win64/UE4Editor-HTML5Networking.dll (API version 3944462).
LogModuleManager: Display: Found up-to-date module file ../../../Engine/Plugins/Media/AndroidMedia/Binaries/Win64/UE4Editor-AndroidMediaEditor.dll (API version 3944462).
LogModuleManager: Display: Found up-to-date module file ../../../Engine/Plugins/Media/AndroidMedia/Binaries/Win64/UE4Editor-AndroidMediaFactory.dll (API version 3944462).
LogModuleManager: Display: Found up-to-date module file ../../../Engine/Plugins/Media/AvfMedia/Binaries/Win64/UE4Editor-AvfMediaEditor.dll (API version 3944462).
LogModuleManager: Display: Found up-to-date module file ../../../Engine/Plugins/Media/AvfMedia/Binaries/Win64/UE4Editor-AvfMediaFactory.dll (API version 3944462).
LogModuleManager: Display: Found up-to-date module file ../../../Engine/Plugins/Media/AvfMedia/Binaries/Win64/UE4Editor-AvfMediaFactory.dll (API version 3944462).
LogModuleManager: Display: Found up-to-date module file ../../../Engine/Plugins/Media/ImgMedia/Binaries/Win64/UE4Editor-ImgMedia.dll (API version 3944462).
LogModuleManager: Display: Found up-to-date module file ../../../Engine/Plugins/Media/ImgMedia/Binaries/Win64/UE4Editor-ImgMediaEditor.dll (API version 3944462).
LogModuleManager: Display: Found up-to-date module file ../../../Engine/Plugins/Media/ImgMedia/Binaries/Win64/UE4Editor-ImgMediaFactory.dll (API version 3944462).
LogModuleManager: Display: Found up-to-date module file ../../../Engine/Plugins/Media/ImgMedia/Binaries/Win64/UE4Editor-ImgMediaFactory.dll (API version 3944462).
LogModuleManager: Display: Found up-to-date module file ../../../Engine/Plugins/Media/ImgMedia/Binaries/Win64/UE4Editor-OpenExrWrapper.dll (API version 3944462).
LogModuleManager: Display: Found up-to-date module file ../../../Engine/Plugins/Media/LinearTimecode/Binaries/Win64/UE4Editor-LinearTimecode.dll (API version 3944462).
LogModuleManager: Display: Found up-to-date module file ../../../Engine/Plugins/Media/MediaCompositing/Binaries/Win64/UE4Editor-MediaCompositing.dll (API version 3944462).
LogModuleManager: Display: Found up-to-date module file ../../../Engine/Plugins/Media/MediaCompositing/Binaries/Win64/UE4Editor-MediaCompositingEditor.dll (API version 3944462).
LogModuleManager: Display: Found up-to-date module file ../../../Engine/Plugins/Media/MediaPlayerEditor/Binaries/Win64/UE4Editor-MediaPlayerEditor.dll (API version 3944462).
LogModuleManager: Display: Found up-to-date module file ../../../Engine/Plugins/Media/WmfMedia/Binaries/Win64/UE4Editor-WmfMedia.dll (API version 3944462).
LogModuleManager: Display: Found up-to-date module file ../../../Engine/Plugins/Media/WmfMedia/Binaries/Win64/UE4Editor-WmfMediaEditor.dll (API version 3944462).
LogModuleManager: Display: Found up-to-date module file ../../../Engine/Plugins/Media/WmfMedia/Binaries/Win64/UE4Editor-WmfMediaFactory.dll (API version 3944462).
LogModuleManager: Display: Found up-to-date module file ../../../Engine/Plugins/Media/WmfMedia/Binaries/Win64/UE4Editor-WmfMediaFactory.dll (API version 3944462).
LogModuleManager: Display: Found up-to-date module file ../../../Engine/Plugins/Messaging/TcpMessaging/Binaries/Win64/UE4Editor-TcpMessaging.dll (API version 3944462).
LogModuleManager: Display: Found up-to-date module file ../../../Engine/Plugins/Messaging/UdpMessaging/Binaries/Win64/UE4Editor-UdpMessaging.dll (API version 3944462).
LogModuleManager: Display: Found up-to-date module file ../../../Engine/Plugins/MovieScene/ActorSequence/Binaries/Win64/UE4Editor-ActorSequence.dll (API version 3944462).
LogModuleManager: Display: Found up-to-date module file ../../../Engine/Plugins/MovieScene/LevelSequenceEditor/Binaries/Win64/UE4Editor-LevelSequenceEditor.dll (API version 3944462).
LogModuleManager: Display: Found up-to-date module file ../../../Engine/Plugins/MovieScene/MatineeToLevelSequence/Binaries/Win64/UE4Editor-MatineeToLevelSequence.dll (API version 3944462).
LogModuleManager: Display: Found up-to-date module file ../../../Engine/Plugins/NetcodeUnitTest/NetcodeUnitTest/Binaries/Win64/UE4Editor-NetcodeUnitTest.dll (API version 3944462).
LogModuleManager: Display: Found up-to-date module file ../../../Engine/Plugins/NetcodeUnitTest/NUTUnrealEngine4/Binaries/Win64/UE4Editor-NUTUnrealEngine4.dll (API version 3944462).
LogModuleManager: Display: Found up-to-date module file ../../../Engine/Plugins/Online/OnlineSubsystem/Binaries/Win64/UE4Editor-OnlineSubsystem.dll (API version 3944462).
LogModuleManager: Display: Found up-to-date module file ../../../Engine/Plugins/Online/OnlineSubsystemNull/Binaries/Win64/UE4Editor-OnlineSubsystemNull.dll (API version 3944462).
LogModuleManager: Display: Found up-to-date module file ../../../Engine/Plugins/Online/OnlineSubsystemUtils/Binaries/Win64/UE4Editor-OnlineSubsystemUtils.dll (API version 3944462).
LogModuleManager: Display: Found up-to-date module file ../../../Engine/Plugins/Online/OnlineSubsystemUtils/Binaries/Win64/UE4Editor-OnlineBlueprintSupport.dll (API version 3944462).
LogModuleManager: Display: Found up-to-date module file ../../../Engine/Plugins/Runtime/AndroidDeviceProfileSelector/Binaries/Win64/UE4Editor-AndroidDeviceProfileSelector.dll (API version 3944462).
LogModuleManager: Display: Found up-to-date module file ../../../Engine/Plugins/Runtime/AndroidPermission/Binaries/Win64/UE4Editor-AndroidPermission.dll (API version 3944462).
LogModuleManager: Display: Found up-to-date module file ../../../Engine/Plugins/Runtime/AppleARKit/Binaries/Win64/UE4Editor-AppleARKit.dll (API version 3944462).
LogModuleManager: Display: Found up-to-date module file ../../../Engine/Plugins/Runtime/ArchVisCharacter/Binaries/Win64/UE4Editor-ArchVisCharacter.dll (API version 3944462).
LogModuleManager: Display: Found up-to-date module file ../../../Engine/Plugins/Runtime/AudioCapture/Binaries/Win64/UE4Editor-AudioCapture.dll (API version 3944462).
LogModuleManager: Display: Found up-to-date module file ../../../Engine/Plugins/Runtime/AudioCapture/Binaries/Win64/UE4Editor-AudioCaptureEditor.dll (API version 3944462).
LogModuleManager: Display: Found up-to-date module file ../../../Engine/Plugins/Runtime/CableComponent/Binaries/Win64/UE4Editor-CableComponent.dll (API version 3944462).
LogModuleManager: Display: Found up-to-date module file ../../../Engine/Plugins/Runtime/CustomMeshComponent/Binaries/Win64/UE4Editor-CustomMeshComponent.dll (API version 3944462).
LogModuleManager: Display: Found up-to-date module file ../../../Engine/Plugins/Runtime/ExampleDeviceProfileSelector/Binaries/Win64/UE4Editor-ExampleDeviceProfileSelector.dll (API version 3944462).
LogModuleManager: Display: Found up-to-date module file ../../../Engine/Plugins/Runtime/ImmediatePhysics/Binaries/Win64/UE4Editor-ImmediatePhysics.dll (API version 3944462).
LogModuleManager: Display: Found up-to-date module file ../../../Engine/Plugins/Runtime/ImmediatePhysics/Binaries/Win64/UE4Editor-ImmediatePhysicsEditor.dll (API version 3944462).
LogModuleManager: Display: Found up-to-date module file ../../../Engine/Plugins/Runtime/LocationServicesBPLibrary/Binaries/Win64/UE4Editor-LocationServicesBPLibrary.dll (API version 3944462).
LogModuleManager: Display: Found up-to-date module file ../../../Engine/Plugins/Runtime/MobilePatchingUtils/Binaries/Win64/UE4Editor-MobilePatchingUtils.dll (API version 3944462).
LogModuleManager: Display: Found up-to-date module file ../../../Engine/Plugins/Runtime/Oculus/OculusVR/Binaries/Win64/UE4Editor-OculusHMD.dll (API version 3944462).
LogModuleManager: Display: Found up-to-date module file ../../../Engine/Plugins/Runtime/Oculus/OculusVR/Binaries/Win64/UE4Editor-OculusInput.dll (API version 3944462).
LogModuleManager: Display: Found up-to-date module file ../../../Engine/Plugins/Runtime/Oculus/OculusVR/Binaries/Win64/UE4Editor-OculusEditor.dll (API version 3944462).
LogModuleManager: Display: Found up-to-date module file ../../../Engine/Plugins/Runtime/PhysXVehicles/Binaries/Win64/UE4Editor-PhysXVehicles.dll (API version 3944462).
LogModuleManager: Display: Found up-to-date module file ../../../Engine/Plugins/Runtime/PhysXVehicles/Binaries/Win64/UE4Editor-PhysXVehiclesEditor.dll (API version 3944462).
LogModuleManager: Display: Found up-to-date module file ../../../Engine/Plugins/Runtime/ProceduralMeshComponent/Binaries/Win64/UE4Editor-ProceduralMeshComponent.dll (API version 3944462).
LogModuleManager: Display: Found up-to-date module file ../../../Engine/Plugins/Runtime/ProceduralMeshComponent/Binaries/Win64/UE4Editor-ProceduralMeshComponentEditor.dll (API version 3944462).
LogModuleManager: Display: Found up-to-date module file ../../../Engine/Plugins/Runtime/RuntimePhysXCooking/Binaries/Win64/UE4Editor-RuntimePhysXCooking.dll (API version 3944462).
LogModuleManager: Display: Found up-to-date module file ../../../Engine/Plugins/Runtime/Steam/SteamVR/Binaries/Win64/UE4Editor-SteamVR.dll (API version 3944462).
LogModuleManager: Display: Found up-to-date module file ../../../Engine/Plugins/Runtime/Steam/SteamVR/Binaries/Win64/UE4Editor-SteamVRController.dll (API version 3944462).
LogModuleManager: Display: Found up-to-date module file ../../../Engine/Plugins/Runtime/WindowsMoviePlayer/Binaries/Win64/UE4Editor-WindowsMoviePlayer.dll (API version 3944462).
LogModuleManager: Display: Found up-to-date module file ../../../../../SpareTime/Unreal/FPS/FPS/Plugins/CoverPointGenerator/Binaries/Win64/UE4Editor-CoverPointGenerator.dll (API version 3944462).
LogInit: Using libcurl 7.47.1
LogInit:  - built for x86_64-pc-win32
LogInit:  - supports SSL with OpenSSL/1.0.2g
LogInit:  - supports HTTP deflate (compression) using libz 1.2.8
LogInit:  - other features:
LogInit:      CURL_VERSION_SSL
LogInit:      CURL_VERSION_LIBZ
LogInit:      CURL_VERSION_IPV6
LogInit:      CURL_VERSION_ASYNCHDNS
LogInit:      CURL_VERSION_LARGEFILE
LogInit:      CURL_VERSION_IDN
LogInit:  CurlRequestOptions (configurable via config and command line):
LogInit:  - bVerifyPeer = false  - Libcurl will NOT verify peer certificate
LogInit:  - bUseHttpProxy = false  - Libcurl will NOT use HTTP proxy
LogInit:  - bDontReuseConnections = false  - Libcurl will reuse connections
LogInit:  - CertBundlePath = nullptr  - Libcurl will use whatever was configured at build time.
LogInit:  - MaxHostConnections = 16  - Libcurl will limit the number of connections to a host
LogInit:  - LocalHostAddr = Default
LogInit: WinSock: version 1.1 (2.2), MaxSocks=32767, MaxUdp=65467
LogInit: WinSock: I am Tom-Laptop (192.168.1.142:0)
LogInit: Build: ++UE4+Release-4.19-CL-4033788
LogInit: Engine Version: 4.19.2-4033788+++UE4+Release-4.19
LogInit: Compatible Engine Version: 4.19.0-3944462+++UE4+Release-4.19
LogInit: Net CL: 3944462
LogDevObjectVersion: Number of dev versions registered: 18
LogDevObjectVersion:   Dev-Blueprints (B0D832E4-1F89-4F0D-ACCF-7EB736FD4AA2): 10
LogDevObjectVersion:   Dev-Build (E1C64328-A22C-4D53-A36C-8E866417BD8C): 0
LogDevObjectVersion:   Dev-Core (375EC13C-06E4-48FB-B500-84F0262A717E): 2
LogDevObjectVersion:   Dev-Editor (E4B068ED-F494-42E9-A231-DA0B2E46BB41): 23
LogDevObjectVersion:   Dev-Framework (CFFC743F-43B0-4480-9391-14DF171D2073): 33
LogDevObjectVersion:   Dev-Mobile (B02B49B5-BB20-44E9-A304-32B752E40360): 2
LogDevObjectVersion:   Dev-Networking (A4E4105C-59A1-49B5-A7C5-40C4547EDFEE): 0
LogDevObjectVersion:   Dev-Online (39C831C9-5AE6-47DC-9A44-9C173E1C8E7C): 0
LogDevObjectVersion:   Dev-Physics (78F01B33-EBEA-4F98-B9B4-84EACCB95AA2): 0
LogDevObjectVersion:   Dev-Platform (6631380F-2D4D-43E0-8009-CF276956A95A): 0
LogDevObjectVersion:   Dev-Rendering (12F88B9F-8875-4AFC-A67C-D90C383ABD29): 25
LogDevObjectVersion:   Dev-Sequencer (7B5AE74C-D270-4C10-A958-57980B212A5A): 6
LogDevObjectVersion:   Dev-VR (D7296918-1DD6-4BDD-9DE2-64A83CC13884): 1
LogDevObjectVersion:   Dev-LoadTimes (C2A15278-BFE7-4AFE-6C17-90FF531DF755): 1
LogDevObjectVersion:   Private-Geometry (6EACA3D4-40EC-4CC1-B786-8BED09428FC5): 2
LogDevObjectVersion:   Dev-AnimPhys (29E575DD-E0A3-4627-9D10-D276232CDCEA): 16
LogDevObjectVersion:   Dev-ReflectionCapture (6B266CEC-1EC7-4B8F-A30B-E4D90942FC07): 1
LogDevObjectVersion:   Dev-Automation (0DF73D61-A23F-47EA-B727-89E90C41499A): 1
LogInit: Compiled (64-bit): Apr 27 2018 02:06:57
LogInit: Compiled with Visual C++: 19.00.24215.01
LogInit: Build Configuration: Development
LogInit: Branch Name: ++UE4+Release-4.19
LogInit: Command Line:  -skipcompile
LogInit: Base Directory: D:/Epic Games/UE_4.19/Engine/Binaries/Win64/
LogInit: Installed Engine Build: 1
LogStreaming: Display: Took  0.002s to delete old logs.
LogInit: Presizing for max 8388607 objects, including 0 objects not considered by GC, pre-allocating 0 bytes for permanent pool.
LogInit: Object subsystem initialized
[2018.07.14-20.12.58:138][  0]LogInit: Selected Device Profile: [Windows]
[2018.07.14-20.12.58:138][  0]LogInit: Applying CVar settings loaded from the selected device profile: [Windows]
[2018.07.14-20.12.58:234][  0]LogInit: Computer: TOM-LAPTOP
[2018.07.14-20.12.58:234][  0]LogInit: User: tomco
[2018.07.14-20.12.58:234][  0]LogInit: CPU Page size=4096, Cores=4
[2018.07.14-20.12.58:234][  0]LogInit: High frequency timer resolution =2.531251 MHz
[2018.07.14-20.12.58:234][  0]LogMemory: Memory total: Physical=7.9GB (8GB approx)
[2018.07.14-20.12.58:235][  0]LogMemory: Platform Memory Stats for Windows
[2018.07.14-20.12.58:235][  0]LogMemory: Process Physical Memory: 280.77 MB used, 280.77 MB peak
[2018.07.14-20.12.58:235][  0]LogMemory: Process Virtual Memory: 273.24 MB used, 273.24 MB peak
[2018.07.14-20.12.58:235][  0]LogMemory: Physical Memory: 6707.18 MB used,  1383.34 MB free, 8090.52 MB total
[2018.07.14-20.12.58:235][  0]LogMemory: Virtual Memory: 4802.24 MB used,  1383.34 MB free, 134217728.00 MB total
[2018.07.14-20.12.59:741][  0]LogInit: Using OS detected language (en-US).
[2018.07.14-20.12.59:741][  0]LogInit: Using OS detected locale (en-US).
[2018.07.14-20.12.59:759][  0]LogTextLocalizationManager: No specific localization for 'en-US' exists, so the 'en' localization will be used.
[2018.07.14-20.13.12:784][  0]LogStreaming: Display: Took 13.037s to EndInitTextLocalization.
[2018.07.14-20.13.12:798][  0]LogInit: Setting process to per monitor DPI aware
[2018.07.14-20.13.12:936][  0]LogSlate: New Slate User Created.  User Index 0, Is Virtual User: 0
[2018.07.14-20.13.12:936][  0]LogSlate: Slate User Registered.  User Index 0, Is Virtual User: 0
[2018.07.14-20.13.13:519][  0]LogD3D11RHI: D3D11 adapters:
[2018.07.14-20.13.13:631][  0]LogD3D11RHI:    0. 'NVIDIA GeForce GTX 960M' (Feature Level 11_0)
[2018.07.14-20.13.13:631][  0]LogD3D11RHI:       2019/0/4045 MB DedicatedVideo/DedicatedSystem/SharedSystem, Outputs:1, VendorId:0x10de
[2018.07.14-20.13.13:659][  0]LogD3D11RHI:    1. 'Intel(R) HD Graphics 530' (Feature Level 11_0)
[2018.07.14-20.13.13:659][  0]LogD3D11RHI:       128/0/4045 MB DedicatedVideo/DedicatedSystem/SharedSystem, Outputs:0, VendorId:0x8086
[2018.07.14-20.13.13:675][  0]LogD3D11RHI:    2. 'Microsoft Basic Render Driver' (Feature Level 11_0)
[2018.07.14-20.13.13:676][  0]LogD3D11RHI:       0/0/4045 MB DedicatedVideo/DedicatedSystem/SharedSystem, Outputs:0, VendorId:0x1414
[2018.07.14-20.13.13:676][  0]LogD3D11RHI: Chosen D3D11 Adapter: 0
[2018.07.14-20.13.13:698][  0]LogD3D11RHI: Creating new Direct3DDevice
[2018.07.14-20.13.13:698][  0]LogD3D11RHI:     GPU DeviceId: 0x139b (for the marketing name, search the web for "GPU Device Id")
[2018.07.14-20.13.13:698][  0]LogWindows: EnumDisplayDevices:
[2018.07.14-20.13.13:699][  0]LogWindows:    0. 'Intel(R) HD Graphics 530' (P:1 D:1)
[2018.07.14-20.13.13:699][  0]LogWindows:    1. 'Intel(R) HD Graphics 530' (P:0 D:0)
[2018.07.14-20.13.13:699][  0]LogWindows:    2. 'Intel(R) HD Graphics 530' (P:0 D:0)
[2018.07.14-20.13.13:700][  0]LogWindows: DebugString: GetVideoDriverDetailsInvalid PrimaryIsNotTheChoosenAdapter GetVideoDriverDetailsInvalid PrimaryIsNotTheChoosenAdapter GetVideoDriverDetailsInvalid PrimaryIsNotTheChoosenAdapter FoundDriverCount:0 
[2018.07.14-20.13.13:700][  0]LogD3D11RHI:     Adapter Name: NVIDIA GeForce GTX 960M
[2018.07.14-20.13.13:700][  0]LogD3D11RHI:   Driver Version: Unknown (internal:Unknown, unified:Unknown)
[2018.07.14-20.13.13:700][  0]LogD3D11RHI:      Driver Date: Unknown
[2018.07.14-20.13.13:700][  0]LogRHI: Texture pool is 1413 MB (70% of 2019 MB)
[2018.07.14-20.13.13:745][  0]LogD3D11RHI: [Aftermath] Aftermath enabled but failed to initialize
[2018.07.14-20.13.13:745][  0]LogD3D11RHI: [Aftermath] Aftermath enabled and primed
[2018.07.14-20.13.13:745][  0]LogD3D11RHI: Async texture creation enabled
[2018.07.14-20.13.13:782][  0]LogD3D11RHI: GPU Timing Frequency: 1000.000000 (Debug: 2 1)
[2018.07.14-20.13.13:796][  0]LogShaderCompilers: Guid format shader working directory is 6 characters bigger than the processId version (../../../../../SpareTime/Unreal/FPS/FPS/Intermediate/Shaders/WorkingDirectory/10500/).
[2018.07.14-20.13.13:797][  0]LogShaderCompilers: Cleaned the shader compiler working directory 'C:/Users/tomco/AppData/Local/Temp/UnrealShaderWorkingDir/F5FA7F584B81EB82609B029AFB43D250/'.
[2018.07.14-20.13.14:111][  0]LogTemp: Display: Loaded TP AllDesktopTargetPlatform
[2018.07.14-20.13.14:130][  0]LogTemp: Display: Loaded TP MacClientTargetPlatform
[2018.07.14-20.13.14:150][  0]LogTemp: Display: Loaded TP MacNoEditorTargetPlatform
[2018.07.14-20.13.14:170][  0]LogTemp: Display: Loaded TP MacServerTargetPlatform
[2018.07.14-20.13.14:189][  0]LogTemp: Display: Loaded TP MacTargetPlatform
[2018.07.14-20.13.14:208][  0]LogTemp: Display: Loaded TP WindowsClientTargetPlatform
[2018.07.14-20.13.14:225][  0]LogTemp: Display: Loaded TP WindowsNoEditorTargetPlatform
[2018.07.14-20.13.14:244][  0]LogTemp: Display: Loaded TP WindowsServerTargetPlatform
[2018.07.14-20.13.14:254][  0]LogTemp: Display: Loaded TP WindowsTargetPlatform
[2018.07.14-20.13.14:271][  0]LogTemp: Display: Loaded TP Android_ASTCTargetPlatform
[2018.07.14-20.13.14:289][  0]LogTemp: Display: Loaded TP Android_ATCTargetPlatform
[2018.07.14-20.13.14:309][  0]LogTemp: Display: Loaded TP Android_DXTTargetPlatform
[2018.07.14-20.13.14:326][  0]LogTemp: Display: Loaded TP Android_ETC1aTargetPlatform
[2018.07.14-20.13.14:345][  0]LogTemp: Display: Loaded TP Android_ETC1TargetPlatform
[2018.07.14-20.13.14:366][  0]LogTemp: Display: Loaded TP Android_ETC2TargetPlatform
[2018.07.14-20.13.14:407][  0]LogTemp: Display: Loaded TP Android_MultiTargetPlatform
[2018.07.14-20.13.14:408][  0]LogTemp: Display: Loaded TP Android_PVRTCTargetPlatform
[2018.07.14-20.13.14:428][  0]LogTemp: Display: Loaded TP AndroidTargetPlatform
[2018.07.14-20.13.14:433][  0]LogTemp: Display: Loaded TP HTML5TargetPlatform
[2018.07.14-20.13.14:490][  0]LogTemp: Display: Loaded TP IOSTargetPlatform
[2018.07.14-20.13.14:506][  0]LogTemp: Display: Loaded TP TVOSTargetPlatform
[2018.07.14-20.13.14:524][  0]LogTemp: Display: Loaded TP LinuxClientTargetPlatform
[2018.07.14-20.13.14:542][  0]LogTemp: Display: Loaded TP LinuxNoEditorTargetPlatform
[2018.07.14-20.13.14:562][  0]LogTemp: Display: Loaded TP LinuxServerTargetPlatform
[2018.07.14-20.13.14:580][  0]LogTemp: Display: Loaded TP LinuxTargetPlatform
[2018.07.14-20.13.14:581][  0]LogTargetPlatformManager: Display: Building Assets For Windows
[2018.07.14-20.13.14:887][  0]LogXGEController: Cleaning working directory: C:/Users/tomco/AppData/Local/Temp/UnrealXGEWorkingDir/
[2018.07.14-20.13.14:888][  0]LogXGEController: Cannot use XGE Controller as Incredibuild is not installed on this machine.
[2018.07.14-20.13.14:890][  0]LogShaderCompilers: Cannot use XGE Shader Compiler as Incredibuild is not installed on this machine.
[2018.07.14-20.13.14:890][  0]LogShaderCompilers: Display: Using Local Shader Compiler.
[2018.07.14-20.13.15:838][  0]LogDerivedDataCache: Display: Max Cache Size: 512 MB
[2018.07.14-20.13.16:247][  0]LogDerivedDataCache: Loaded boot cache 0.41s 80MB C:/Users/tomco/AppData/Local/UnrealEngine/4.19/DerivedDataCache/Boot.ddc.
[2018.07.14-20.13.16:247][  0]LogDerivedDataCache: Display: Loaded Boot cache: C:/Users/tomco/AppData/Local/UnrealEngine/4.19/DerivedDataCache/Boot.ddc
[2018.07.14-20.13.16:248][  0]LogDerivedDataCache: FDerivedDataBackendGraph:  Pak pak cache file ../../../../../SpareTime/Unreal/FPS/FPS/DerivedDataCache/DDC.ddp not found, will not use a pak cache.
[2018.07.14-20.13.16:248][  0]LogDerivedDataCache: Unable to find inner node Pak for hierarchical cache Hierarchy.
[2018.07.14-20.13.16:248][  0]LogDerivedDataCache: FDerivedDataBackendGraph:  CompressedPak pak cache file ../../../../../SpareTime/Unreal/FPS/FPS/DerivedDataCache/Compressed.ddp not found, will not use a pak cache.
[2018.07.14-20.13.16:248][  0]LogDerivedDataCache: Unable to find inner node CompressedPak for hierarchical cache Hierarchy.
[2018.07.14-20.13.16:273][  0]LogDerivedDataCache: Display: Pak cache opened for reading ../../../Engine/DerivedDataCache/Compressed.ddp.
[2018.07.14-20.13.16:290][  0]LogDerivedDataCache: Using Local data cache path C:/Users/tomco/AppData/Local/UnrealEngine/Common/DerivedDataCache: Writable
[2018.07.14-20.13.16:290][  0]LogDerivedDataCache: Shared data cache path not found in *engine.ini, will not use an Shared cache.
[2018.07.14-20.13.16:290][  0]LogDerivedDataCache: Unable to find inner node Shared for hierarchical cache Hierarchy.
[2018.07.14-20.13.16:316][  0]LogMaterial: Verifying Global Shaders for PCD3D_SM5
[2018.07.14-20.13.16:333][  0]LogSlate: Using Freetype 2.6.0
[2018.07.14-20.13.16:346][  0]LogSlate: SlateFontCache - WITH_FREETYPE: 1, WITH_HARFBUZZ: 1
[2018.07.14-20.13.16:346][  0]LogSlate: SlateFontCache - WITH_FREETYPE: 1, WITH_HARFBUZZ: 1
[2018.07.14-20.13.17:092][  0]LogAssetRegistry: FAssetRegistry took 0.0416 seconds to start up
[2018.07.14-20.13.18:652][  0]LogInit: Selected Device Profile: [Windows]
[2018.07.14-20.13.19:081][  0]LogSimplygon: Simplygon DLL not present - disabling.
[2018.07.14-20.13.19:094][  0]LogMeshReduction: Using SimplygonSwarm for distributed automatic mesh merging
[2018.07.14-20.13.19:096][  0]LogMeshReduction: Using QuadricMeshReduction for automatic static mesh reduction
[2018.07.14-20.13.19:096][  0]LogMeshReduction: No automatic skeletal mesh reduction module available
[2018.07.14-20.13.19:096][  0]LogMeshReduction: No automatic mesh merging module available
[2018.07.14-20.13.19:096][  0]LogMeshMerging: No automatic mesh merging module available
[2018.07.14-20.13.19:207][  0]LogNetVersion: FPS , NetCL: 3944462, EngineNetVer: 2, GameNetVer: 0 (Checksum: 2326512385)
[2018.07.14-20.13.22:812][  0]LogPackageLocalizationCache: Processed 9 localized package path(s) for 2 prioritized culture(s) in 2.445590 seconds
[2018.07.14-20.13.22:821][  0]LogUObjectArray: 36728 objects as part of root set at end of initial load.
[2018.07.14-20.13.22:821][  0]LogUObjectAllocator: 7314312 out of 0 bytes used by permanent object pool.
[2018.07.14-20.13.22:821][  0]LogUObjectArray: CloseDisregardForGC: 0/0 objects in disregard for GC pool
[2018.07.14-20.13.27:623][  0]LogTcpMessaging: Initializing TcpMessaging bridge
[2018.07.14-20.13.27:660][  0]LogUdpMessaging: Initializing bridge on interface 0.0.0.0:0 to multicast group 230.0.0.1:6666.
[2018.07.14-20.13.28:325][  0]LogSkeletalMesh: Skeletal Mesh found in DDC [3.067258ms] /Game/Models/Player/Arms/Arms_SMG.Arms_SMG
[2018.07.14-20.13.28:371][  0]LogUObjectGlobals: Created PersistentFrame Addr=0x000001d22756fc90, Size=80, Default__BP_SMGAnim_C Function /Game/Animations/SMG/BP_SMGAnim.BP_SMGAnim_C:ExecuteUbergraph_BP_SMGAnim
[2018.07.14-20.13.28:472][  0]LogUObjectGlobals: Destroyed PersistentFrame Addr=0x000001d22756fc90, Size=80
[2018.07.14-20.13.28:472][  0]LogUObjectGlobals: Created PersistentFrame Addr=0x000001d2274df790, Size=80, Default__BP_SMGAnim_C Function /Engine/Transient.REINST_BP_SMGAnim_C_0:ExecuteUbergraph_BP_SMGAnim
[2018.07.14-20.13.28:534][  0]LogUObjectGlobals: Created PersistentFrame Addr=0x000001d22893d6c0, Size=80, Default__BP_SMGAnim_C Function /Game/Animations/SMG/BP_SMGAnim.BP_SMGAnim_C:ExecuteUbergraph_BP_SMGAnim
[2018.07.14-20.13.28:905][  0]SourceControl: Source control is disabled
[2018.07.14-20.13.28:905][  0]SourceControl: Source control is disabled
[2018.07.14-20.13.28:950][  0]SourceControl: Source control is disabled
[2018.07.14-20.13.28:976][  0]SourceControl: Source control is disabled
[2018.07.14-20.13.29:743][  0]LogAndroidPermission: UAndroidPermissionCallbackProxy::GetInstance
[2018.07.14-20.13.29:985][  0]LogOcInput: OculusInput pre-init called
[2018.07.14-20.13.31:281][  0]LogEngine: Initializing Engine...
[2018.07.14-20.13.31:399][  0]LogHMD: Failed to initialize OpenVR with code 126
[2018.07.14-20.13.31:405][  0]LogStats: UGameplayTagsManager::ConstructGameplayTagTree: Construct from data asset -  0.000 s
[2018.07.14-20.13.31:408][  0]LogStats: UGameplayTagsManager::ConstructGameplayTagTree: GameplayTagTreeChangedEvent.Broadcast -  0.001 s
[2018.07.14-20.13.31:903][  0]LogAIModule: Creating AISystem for world Untitled
[2018.07.14-20.13.31:960][  0]LogInit: XAudio2 using 'Luidsprekers (Conexant SmartAudio HD)' : 2 channels at 48 kHz using 32 bits per sample (channel mask 0x3)
[2018.07.14-20.13.32:016][  0]LogInit: FAudioDevice initialized.
[2018.07.14-20.13.32:128][  0]LogDerivedDataCache: Saved boot cache 0.11s 80MB C:/Users/tomco/AppData/Local/UnrealEngine/4.19/DerivedDataCache/Boot.ddc.
[2018.07.14-20.13.32:146][  0]LogInit: Texture streaming: Enabled
[2018.07.14-20.13.32:200][  0]LogEngineSessionManager: EngineSessionManager initialized
[2018.07.14-20.13.32:229][  0]LogInit: Transaction tracking system initialized
[2018.07.14-20.13.32:334][  0]BlueprintLog: New page: Editor Load
[2018.07.14-20.13.32:664][  0]LocalizationService: Localization service is disabled
[2018.07.14-20.13.33:009][  0]LogConsoleResponse: Display: 
[2018.07.14-20.13.33:315][  0]LogCook: Display: Max memory allowance for cook 16384mb min free memory 0mb
[2018.07.14-20.13.33:315][  0]LogCook: Display: Mobile HDR setting 1
[2018.07.14-20.13.33:316][  0]LogGameplayTags: Display: UGameplayTagsManager::DoneAddingNativeTags. DelegateIsBound: 0
[2018.07.14-20.13.33:316][  0]LogStats: UGameplayTagsManager::ConstructGameplayTagTree: Construct from data asset -  0.000 s
[2018.07.14-20.13.33:316][  0]LogStats: UGameplayTagsManager::ConstructGameplayTagTree: GameplayTagTreeChangedEvent.Broadcast -  0.000 s
[2018.07.14-20.13.33:326][  0]LogFileCache: Scanning file cache for directory 'D:/SpareTime/Unreal/FPS/FPS/Content/' took 0.02s
[2018.07.14-20.13.33:998][  0]SourceControl: Source control is disabled
[2018.07.14-20.13.34:002][  0]Cmd: MAP LOAD FILE="../../../../../SpareTime/Unreal/FPS/FPS/Content/Maps/Level1.umap" TEMPLATE=0 SHOWPROGRESS=1 FEATURELEVEL=3
[2018.07.14-20.13.34:004][  0]LightingResults: New page: Lighting Build
[2018.07.14-20.13.34:027][  0]MapCheck: New page: Map Check
[2018.07.14-20.13.34:027][  0]LightingResults: New page: Lighting Build
[2018.07.14-20.13.34:058][  0]LogUObjectGlobals: Destroyed PersistentFrame Addr=0x000001d2274df790, Size=80
[2018.07.14-20.13.34:209][  0]LogUObjectGlobals: Created PersistentFrame Addr=0x000001d211d23380, Size=128, Default__BP_AssaultAIAnim_C Function /Game/Animations/AI/BP_AssaultAIAnim.BP_AssaultAIAnim_C:ExecuteUbergraph_BP_AssaultAIAnim
[2018.07.14-20.13.34:242][  0]LogUObjectGlobals: Destroyed PersistentFrame Addr=0x000001d211d23380, Size=128
[2018.07.14-20.13.34:243][  0]LogUObjectGlobals: Created PersistentFrame Addr=0x000001d211d23380, Size=128, Default__BP_AssaultAIAnim_C Function /Engine/Transient.REINST_BP_AssaultAIAnim_C_1:ExecuteUbergraph_BP_AssaultAIAnim
[2018.07.14-20.13.34:274][  0]LogUObjectGlobals: Created PersistentFrame Addr=0x000001d20f92ae80, Size=128, Default__BP_AssaultAIAnim_C Function /Game/Animations/AI/BP_AssaultAIAnim.BP_AssaultAIAnim_C:ExecuteUbergraph_BP_AssaultAIAnim
[2018.07.14-20.13.36:201][  0]LogSkeletalMesh: Skeletal Mesh found in DDC [27.898458ms] /Game/Animations/AnimStarterPack/UE4_Mannequin/Mesh/SK_Mannequin.SK_Mannequin
[2018.07.14-20.13.36:967][  0]LogAIModule: Creating AISystem for world Level1
[2018.07.14-20.13.37:127][  0]LogEditorServer: Finished looking for orphan Actors (0.000 secs)
[2018.07.14-20.13.37:173][  0]LogUObjectGlobals: Destroyed PersistentFrame Addr=0x000001d211d23380, Size=128
[2018.07.14-20.13.37:181][  0]Cmd: MAP CHECKDEP NOCLEARLOG
[2018.07.14-20.13.37:289][  0]MapCheck: Map check complete: 0 Error(s), 0 Warning(s), took 107.37ms to complete.
[2018.07.14-20.13.37:290][  0]LogFileHelpers: Loading map 'Level1' took 3.289
[2018.07.14-20.13.37:699][  0]LogCollectionManager: Loaded 0 collections in 0.001084 seconds
[2018.07.14-20.13.37:794][  0]LogFileCache: Scanning file cache for directory 'D:/SpareTime/Unreal/FPS/FPS/Saved/Collections/' took 0.01s
[2018.07.14-20.13.37:794][  0]LogFileCache: Scanning file cache for directory 'D:/SpareTime/Unreal/FPS/FPS/Content/Developers/tomco/Collections/' took 0.01s
[2018.07.14-20.13.37:794][  0]LogFileCache: Scanning file cache for directory 'D:/SpareTime/Unreal/FPS/FPS/Content/Collections/' took 0.01s
[2018.07.14-20.13.37:794][  0]LogCollectionManager: Rebuilt the GUID cache for 0 collections in 0.000000 seconds
[2018.07.14-20.13.37:814][  0]LogContentBrowser: Native class hierarchy populated in 0.0163 seconds. Added 2487 classes and 568 folders.
[2018.07.14-20.13.37:835][  0]LogContentBrowser: Native class hierarchy updated for 'WidgetCarousel' in 0.0016 seconds. Added 0 classes and 0 folders.
[2018.07.14-20.13.38:078][  0]LogContentBrowser: Native class hierarchy updated for 'AddContentDialog' in 0.0016 seconds. Added 0 classes and 0 folders.
[2018.07.14-20.13.40:058][  0]LogSlate: Only BGRA pngs, bmps or icos are supported in by External Image Picker
[2018.07.14-20.13.40:117][  0]LogSlate: Took 0.002361 seconds to synchronously load lazily loaded font '../../../Engine/Content/Slate/Fonts/Roboto-Regular.ttf' (155K)
[2018.07.14-20.13.40:126][  0]LogSlate: Took 0.002504 seconds to synchronously load lazily loaded font '../../../Engine/Content/Slate/Fonts/Roboto-Bold.ttf' (160K)
[2018.07.14-20.13.40:147][  0]LogTemp: Executing iPhonePackager certificates Engine -bundlename com.YourCompany.FPS
[2018.07.14-20.13.40:147][  0]LogTemp: CWD: D:\Epic Games\UE_4.19\Engine\Binaries\DotNET\IOS
[2018.07.14-20.13.40:147][  0]LogTemp: Initial Dir: D:\Epic Games\UE_4.19
[2018.07.14-20.13.40:147][  0]LogTemp: Env CWD: D:\Epic Games\UE_4.19\Engine\Binaries\DotNET\IOS
[2018.07.14-20.13.40:148][  0]LogTemp: BranchPath = TOM-LAPTOP/D/Epic Games/UE_4.19/Engine/Binaries --- GameBranchPath = TOM-LAPTOP/D/Epic Games/UE_4.19/Engine/Binaries
[2018.07.14-20.13.40:148][  0]LogSlate: Took 0.003087 seconds to synchronously load lazily loaded font '../../../Engine/Content/Editor/Slate/Fonts/FontAwesome.ttf' (139K)
[2018.07.14-20.13.40:361][  0]LogTemp: IPP ERROR: Could not find provision directory 'C:\Users\tomco\AppData\Local/Apple Computer/MobileDevice/Provisioning Profiles/'.
[2018.07.14-20.13.40:362][  0]LogRenderer: Reallocating scene render targets to support 908x600 Format 10 NumSamples 1 (Frame:1).
[2018.07.14-20.13.40:866][  0]LogContentBrowser: Native class hierarchy updated for 'HierarchicalLODOutliner' in 0.0017 seconds. Added 0 classes and 0 folders.
[2018.07.14-20.13.40:866][  0]LogLoad: (Engine Initialization) Total time: 50.72 seconds
[2018.07.14-20.13.40:866][  0]LogLoad: (Engine Initialization) Total Blueprint compile time: 0.00 seconds
[2018.07.14-20.13.40:887][  0]LogWindowsTextInputMethodSystem: Display: IME system now deactivated.
[2018.07.14-20.13.40:972][  0]LogContentStreaming: Texture pool size now 1000 MB
[2018.07.14-20.13.41:043][  0]LogSlate: Took 0.002261 seconds to synchronously load lazily loaded font '../../../Engine/Content/Slate/Fonts/Roboto-Light.ttf' (167K)
[2018.07.14-20.13.41:139][  2]LogAssetRegistry: Asset discovery search completed in 24.0766 seconds
[2018.07.14-20.13.41:146][  2]LogCollectionManager: Rebuilt the object cache for 0 collections in 0.000001 seconds (found 0 objects)
[2018.07.14-20.13.41:146][  2]LogCollectionManager: Fixed up redirectors for 0 collections in 0.001377 seconds (updated 0 objects)
[2018.07.14-20.13.41:958][ 30]LogSlate: Took 0.000158 seconds to synchronously load lazily loaded font '../../../Engine/Content/Slate/Fonts/Roboto-Light.ttf' (167K)
[2018.07.14-20.13.50:185][377]LogSlate: FSceneViewport::OnFocusLost() reason 0
[2018.07.14-20.13.50:245][380]LogTemp: Repeating last play command: Selected Viewport
[2018.07.14-20.13.50:282][380]LogPlayLevel: PlayLevel: No blueprints needed recompiling
[2018.07.14-20.13.50:309][380]PIE: New page: PIE session: Level1 (Jul 15, 2018, 12:13:50 AM)
[2018.07.14-20.13.50:310][380]LogPlayLevel: Creating play world package: /Game/Maps/UEDPIE_0_Level1
[2018.07.14-20.13.50:336][380]LogPlayLevel: PIE: StaticDuplicateObject took: (0.026264s)
[2018.07.14-20.13.50:337][380]LogAIModule: Creating AISystem for world Level1
[2018.07.14-20.13.50:340][380]LogPlayLevel: PIE: World Init took: (0.003584s)
[2018.07.14-20.13.50:340][380]LogPlayLevel: PIE: Created PIE world by copying editor world from /Game/Maps/Level1.Level1 to /Game/Maps/UEDPIE_0_Level1.Level1 (0.030858s)
[2018.07.14-20.13.50:367][380]LogInit: XAudio2 using 'Luidsprekers (Conexant SmartAudio HD)' : 2 channels at 48 kHz using 32 bits per sample (channel mask 0x3)
[2018.07.14-20.13.50:415][380]LogInit: FAudioDevice initialized.
[2018.07.14-20.13.50:520][380]LogUObjectGlobals: Created PersistentFrame Addr=0x000001d210106580, Size=128, Default__BP_InGameGUI_C Function /Game/UI/Widgets/BP_InGameGUI.BP_InGameGUI_C:ExecuteUbergraph_BP_InGameGUI
[2018.07.14-20.13.50:556][380]LogUObjectGlobals: Destroyed PersistentFrame Addr=0x000001d210106580, Size=128
[2018.07.14-20.13.50:556][380]LogUObjectGlobals: Created PersistentFrame Addr=0x000001d210106580, Size=128, Default__BP_InGameGUI_C Function /Engine/Transient.REINST_BP_InGameGUI_C_0:ExecuteUbergraph_BP_InGameGUI
[2018.07.14-20.13.50:566][380]LogUObjectGlobals: Created PersistentFrame Addr=0x000001d210104500, Size=128, Default__BP_InGameGUI_C Function /Game/UI/Widgets/BP_InGameGUI.BP_InGameGUI_C:ExecuteUbergraph_BP_InGameGUI
[2018.07.14-20.13.50:600][380]LogUObjectGlobals: Created PersistentFrame Addr=0x000001d27a3ab418, Size=4, Default__OnGroundSlot_C Function /Game/UI/Widgets/Inventory/Ground/OnGroundSlot.OnGroundSlot_C:ExecuteUbergraph_OnGroundSlot
[2018.07.14-20.13.50:608][380]LogUObjectGlobals: Destroyed PersistentFrame Addr=0x000001d27a3ab418, Size=4
[2018.07.14-20.13.50:608][380]LogUObjectGlobals: Created PersistentFrame Addr=0x000001d27a3ab418, Size=4, Default__OnGroundSlot_C Function /Engine/Transient.REINST_OnGroundSlot_C_2:ExecuteUbergraph_OnGroundSlot
[2018.07.14-20.13.50:620][380]LogUObjectGlobals: Created PersistentFrame Addr=0x000001d27a3ab520, Size=4, Default__OnGroundSlot_C Function /Game/UI/Widgets/Inventory/Ground/OnGroundSlot.OnGroundSlot_C:ExecuteUbergraph_OnGroundSlot
[2018.07.14-20.13.50:625][380]LogUObjectGlobals: Created PersistentFrame Addr=0x000001d2bbc4d9e0, Size=160, Default__OnGroundUI_C Function /Game/UI/Widgets/Inventory/Ground/OnGroundUI.OnGroundUI_C:ExecuteUbergraph_OnGroundUI
[2018.07.14-20.13.50:633][380]LogUObjectGlobals: Destroyed PersistentFrame Addr=0x000001d2bbc4d9e0, Size=160
[2018.07.14-20.13.50:633][380]LogUObjectGlobals: Created PersistentFrame Addr=0x000001d2bbc2b880, Size=160, Default__OnGroundUI_C Function /Engine/Transient.REINST_OnGroundUI_C_3:ExecuteUbergraph_OnGroundUI
[2018.07.14-20.13.50:639][380]LogUObjectGlobals: Created PersistentFrame Addr=0x000001d2bbc2a160, Size=160, Default__OnGroundUI_C Function /Game/UI/Widgets/Inventory/Ground/OnGroundUI.OnGroundUI_C:ExecuteUbergraph_OnGroundUI
[2018.07.14-20.13.50:648][380]LogUObjectGlobals: Created PersistentFrame Addr=0x000001d27b8b4368, Size=56, Default__HandSlot_C Function /Game/UI/Widgets/Inventory/HandSlot.HandSlot_C:ExecuteUbergraph_HandSlot
[2018.07.14-20.13.50:654][380]LogUObjectGlobals: Destroyed PersistentFrame Addr=0x000001d27b8b4368, Size=56
[2018.07.14-20.13.50:654][380]LogUObjectGlobals: Created PersistentFrame Addr=0x000001d27b8b4368, Size=56, Default__HandSlot_C Function /Engine/Transient.REINST_HandSlot_C_4:ExecuteUbergraph_HandSlot
[2018.07.14-20.13.50:658][380]LogUObjectGlobals: Created PersistentFrame Addr=0x000001d27b8b7cf0, Size=56, Default__HandSlot_C Function /Game/UI/Widgets/Inventory/HandSlot.HandSlot_C:ExecuteUbergraph_HandSlot
[2018.07.14-20.13.50:679][380]LogUObjectGlobals: Created PersistentFrame Addr=0x000001d2511ebc80, Size=424, Default__Slot_C Function /Game/UI/Widgets/Inventory/Slot.Slot_C:ExecuteUbergraph_Slot
[2018.07.14-20.13.50:686][380]LogUObjectGlobals: Destroyed PersistentFrame Addr=0x000001d2511ebc80, Size=424
[2018.07.14-20.13.50:686][380]LogUObjectGlobals: Created PersistentFrame Addr=0x000001d2511ebc80, Size=424, Default__Slot_C Function /Engine/Transient.REINST_Slot_C_5:ExecuteUbergraph_Slot
[2018.07.14-20.13.50:691][380]LogUObjectGlobals: Created PersistentFrame Addr=0x000001d2511eab00, Size=424, Default__Slot_C Function /Game/UI/Widgets/Inventory/Slot.Slot_C:ExecuteUbergraph_Slot
[2018.07.14-20.13.50:697][380]LogUObjectGlobals: Created PersistentFrame Addr=0x000001d2bbc7f588, Size=40, Default__InventorySlots_C Function /Game/UI/Widgets/Inventory/InventorySlots.InventorySlots_C:ExecuteUbergraph_InventorySlots
[2018.07.14-20.13.50:716][380]LogUObjectGlobals: Destroyed PersistentFrame Addr=0x000001d2bbc7f588, Size=40
[2018.07.14-20.13.50:716][380]LogUObjectGlobals: Created PersistentFrame Addr=0x000001d2bbc7f588, Size=40, Default__InventorySlots_C Function /Engine/Transient.REINST_InventorySlots_C_6:ExecuteUbergraph_InventorySlots
[2018.07.14-20.13.50:726][380]LogUObjectGlobals: Created PersistentFrame Addr=0x000001d2bbc7f2e0, Size=40, Default__InventorySlots_C Function /Game/UI/Widgets/Inventory/InventorySlots.InventorySlots_C:ExecuteUbergraph_InventorySlots
[2018.07.14-20.13.50:745][380]LogUObjectGlobals: Created PersistentFrame Addr=0x000001d2bbfca8e0, Size=80, Default__TaskDisplay_C Function /Game/UI/Widgets/Task/TaskDisplay.TaskDisplay_C:ExecuteUbergraph_TaskDisplay
[2018.07.14-20.13.50:747][380]LogUObjectGlobals: Destroyed PersistentFrame Addr=0x000001d2bbfca8e0, Size=80
[2018.07.14-20.13.50:748][380]LogUObjectGlobals: Created PersistentFrame Addr=0x000001d2bbfca8e0, Size=80, Default__TaskDisplay_C Function /Engine/Transient.REINST_TaskDisplay_C_7:ExecuteUbergraph_TaskDisplay
[2018.07.14-20.13.50:750][380]LogUObjectGlobals: Created PersistentFrame Addr=0x000001d2bc088e00, Size=80, Default__TaskDisplay_C Function /Game/UI/Widgets/Task/TaskDisplay.TaskDisplay_C:ExecuteUbergraph_TaskDisplay
[2018.07.14-20.13.50:753][380]LogUObjectGlobals: Created PersistentFrame Addr=0x000001d2bbc7f678, Size=40, Default__UIHUD_C Function /Game/UI/Widgets/UIHUD.UIHUD_C:ExecuteUbergraph_UIHUD
[2018.07.14-20.13.50:758][380]LogUObjectGlobals: Destroyed PersistentFrame Addr=0x000001d2bbc7f678, Size=40
[2018.07.14-20.13.50:759][380]LogUObjectGlobals: Created PersistentFrame Addr=0x000001d2bbc7f678, Size=40, Default__UIHUD_C Function /Engine/Transient.REINST_UIHUD_C_8:ExecuteUbergraph_UIHUD
[2018.07.14-20.13.50:762][380]LogUObjectGlobals: Created PersistentFrame Addr=0x000001d2bbc7e9d0, Size=40, Default__UIHUD_C Function /Game/UI/Widgets/UIHUD.UIHUD_C:ExecuteUbergraph_UIHUD
[2018.07.14-20.13.50:867][380]LogLoad: Game class is 'BP_FPSGameModeBase_C'
[2018.07.14-20.13.50:912][380]LogWorld: Bringing World /Game/Maps/UEDPIE_0_Level1.Level1 up for play (max tick rate 0) at 2018.07.14-22.13.50
[2018.07.14-20.13.50:973][380]LogWorld: Bringing up level for play took: 0.075948
[2018.07.14-20.13.50:999][380]LogContentBrowser: Native class hierarchy updated for 'MovieSceneCapture' in 0.0017 seconds. Added 11 classes and 0 folders.
[2018.07.14-20.13.51:053][380]PIE: Play in editor start time for /Game/Maps/UEDPIE_0_Level1 1.173
[2018.07.14-20.13.59:505][714]LogUObjectGlobals: Destroyed PersistentFrame Addr=0x000001d27b8b4368, Size=56
[2018.07.14-20.13.59:505][714]LogUObjectGlobals: Destroyed PersistentFrame Addr=0x000001d2bbc2b880, Size=160
[2018.07.14-20.13.59:505][714]LogUObjectGlobals: Destroyed PersistentFrame Addr=0x000001d27a3ab418, Size=4
[2018.07.14-20.13.59:505][714]LogUObjectGlobals: Destroyed PersistentFrame Addr=0x000001d210106580, Size=128
[2018.07.14-20.13.59:509][714]LogUObjectGlobals: Destroyed PersistentFrame Addr=0x000001d2511ebc80, Size=424
[2018.07.14-20.13.59:510][714]LogUObjectGlobals: Destroyed PersistentFrame Addr=0x000001d2bbc7f588, Size=40
[2018.07.14-20.13.59:510][714]LogUObjectGlobals: Destroyed PersistentFrame Addr=0x000001d2bbfca8e0, Size=80
[2018.07.14-20.13.59:510][714]LogUObjectGlobals: Destroyed PersistentFrame Addr=0x000001d2bbc7f678, Size=40
[2018.07.14-20.14.01:147][778]LogSlate: FSceneViewport::OnFocusLost() reason 0
[2018.07.14-20.14.01:153][778]LogSlate: Took 0.001997 seconds to synchronously load lazily loaded font '../../../Engine/Content/Slate/Fonts/DroidSansMono.ttf' (77K)
[2018.07.14-20.14.31:561][ 39]Candidate modules for hot reload:
[2018.07.14-20.14.31:562][ 39]  FPS
[2018.07.14-20.14.31:564][ 39]Launching UnrealBuildTool... [D:/Epic Games/UE_4.19/Engine/Binaries/DotNET/UnrealBuildTool.exe FPS -ModuleWithSuffix=FPS,142 Win64 Development -editorrecompile -canskiplink "D:/SpareTime/Unreal/FPS/FPS/FPS.uproject" ]
[2018.07.14-20.14.31:571][ 39]Warning: Starting HotReload took  0.1s.
[2018.07.14-20.15.34:634][569]CompilerResultsLog: New page: Compilation - Jul 15, 2018, 12:15:34 AM
[2018.07.14-20.15.34:637][569]CompilerResultsLog: Using 'git status' to determine working set for adaptive non-unity build.
[2018.07.14-20.15.34:638][569]CompilerResultsLog: Creating makefile for hot reloading FPS (ini files are newer than UBTMakefile)
[2018.07.14-20.15.34:638][569]CompilerResultsLog: Compiling game modules for hot reload
[2018.07.14-20.15.34:638][569]CompilerResultsLog: Performing 3 actions (4 in parallel)
[2018.07.14-20.15.34:639][569]CompilerResultsLog: Module.FPS.cpp
[2018.07.14-20.15.34:639][569]CompilerResultsLog: Error: D:\SpareTime\Unreal\FPS\FPS\Source\FPS\AssualtCharacter.cpp(94) : warning C4996: 'USceneComponent::AttachTo': This function is deprecated, please use AttachToComponent instead. Please update your code to the new API before upgrading to the next release, otherwise your project will no longer compile.
[2018.07.14-20.15.34:640][569]CompilerResultsLog: Error: D:\Epic Games\UE_4.19\Engine\Source\Runtime\Engine\Classes\Components/SceneComponent.h(641) : note: see declaration of 'USceneComponent::AttachTo'
[2018.07.14-20.15.34:640][569]CompilerResultsLog: Error: D:\SpareTime\Unreal\FPS\FPS\Source\FPS\AssualtCharacter.cpp(122) : warning C4996: 'USceneComponent::AttachTo': This function is deprecated, please use AttachToComponent instead. Please update your code to the new API before upgrading to the next release, otherwise your project will no longer compile.
[2018.07.14-20.15.34:641][569]CompilerResultsLog: Error: D:\Epic Games\UE_4.19\Engine\Source\Runtime\Engine\Classes\Components/SceneComponent.h(641) : note: see declaration of 'USceneComponent::AttachTo'
[2018.07.14-20.15.34:642][569]CompilerResultsLog: Error: D:\SpareTime\Unreal\FPS\FPS\Source\FPS\BaseWeapon.cpp(55) : warning C4996: 'USceneComponent::AttachTo': This function is deprecated, please use AttachToComponent instead. Please update your code to the new API before upgrading to the next release, otherwise your project will no longer compile.
[2018.07.14-20.15.34:643][569]CompilerResultsLog: Error: D:\Epic Games\UE_4.19\Engine\Source\Runtime\Engine\Classes\Components/SceneComponent.h(641) : note: see declaration of 'USceneComponent::AttachTo'
[2018.07.14-20.15.34:643][569]CompilerResultsLog: Error: D:\SpareTime\Unreal\FPS\FPS\Source\FPS\SMG.cpp(35) : warning C4996: 'USceneComponent::AttachTo': This function is deprecated, please use AttachToComponent instead. Please update your code to the new API before upgrading to the next release, otherwise your project will no longer compile.
[2018.07.14-20.15.34:644][569]CompilerResultsLog: Error: D:\Epic Games\UE_4.19\Engine\Source\Runtime\Engine\Classes\Components/SceneComponent.h(641) : note: see declaration of 'USceneComponent::AttachTo'
[2018.07.14-20.15.34:645][569]CompilerResultsLog: [2/3] Link UE4Editor-FPS-142.dll
[2018.07.14-20.15.34:646][569]CompilerResultsLog: [3/3] Link UE4Editor-FPS-142.lib
[2018.07.14-20.15.34:646][569]CompilerResultsLog:    Creating library D:\SpareTime\Unreal\FPS\FPS\Intermediate\Build\Win64\UE4Editor\Development\UE4Editor-FPS-142.lib and object D:\SpareTime\Unreal\FPS\FPS\Intermediate\Build\Win64\UE4Editor\Development\UE4Editor-FPS-142.exp
[2018.07.14-20.15.34:646][569]CompilerResultsLog:    Creating library D:\SpareTime\Unreal\FPS\FPS\Intermediate\Build\Win64\UE4Editor\Development\UE4Editor-FPS-142.suppressed.lib and object D:\SpareTime\Unreal\FPS\FPS\Intermediate\Build\Win64\UE4Editor\Development\UE4Editor-FPS-142.suppressed.exp
[2018.07.14-20.15.34:647][569]CompilerResultsLog: Total build time: 62.72 seconds (Local executor: 51.06 seconds)
[2018.07.14-20.15.34:648][569]LogMainFrame: MainFrame: Module compiling took 63.099 seconds
[2018.07.14-20.15.34:741][569]LogClass: Collum HotReload.
[2018.07.14-20.15.34:741][569]LogClass: SlotImage HotReload.
[2018.07.14-20.15.34:747][569]LogHotReload: Re-instancing CoverPoint after hot-reload.
[2018.07.14-20.15.36:442][569]LogContentBrowser: Native class hierarchy updated for 'FPS' in 0.0015 seconds. Added 34 classes and 8 folders.
[2018.07.14-20.15.36:447][569]Display: HotReload successful (21 functions remapped  2 scriptstructs remapped)
[2018.07.14-20.15.36:578][569]LogContentBrowser: Native class hierarchy populated in 0.0109 seconds. Added 2487 classes and 568 folders.
[2018.07.14-20.15.36:580][569]Display: HotReload took 65.1s.
[2018.07.14-20.15.46:671][967]LogTemp: Repeating last play command: Selected Viewport
[2018.07.14-20.15.46:701][967]LogPlayLevel: PlayLevel: No blueprints needed recompiling
[2018.07.14-20.15.46:702][967]PIE: New page: PIE session: Level1 (Jul 15, 2018, 12:15:46 AM)
[2018.07.14-20.15.46:703][967]LogPlayLevel: Creating play world package: /Game/Maps/UEDPIE_0_Level1
[2018.07.14-20.15.46:729][967]LogPlayLevel: PIE: StaticDuplicateObject took: (0.026160s)
[2018.07.14-20.15.46:731][967]LogAIModule: Creating AISystem for world Level1
[2018.07.14-20.15.46:731][967]LogPlayLevel: PIE: World Init took: (0.001654s)
[2018.07.14-20.15.46:732][967]LogPlayLevel: PIE: Created PIE world by copying editor world from /Game/Maps/Level1.Level1 to /Game/Maps/UEDPIE_0_Level1.Level1 (0.029133s)
[2018.07.14-20.15.46:753][967]LogInit: XAudio2 using 'Luidsprekers (Conexant SmartAudio HD)' : 2 channels at 48 kHz using 32 bits per sample (channel mask 0x3)
[2018.07.14-20.15.46:791][967]LogInit: FAudioDevice initialized.
[2018.07.14-20.15.46:830][967]LogLoad: Game class is 'BP_FPSGameModeBase_C'
[2018.07.14-20.15.46:841][967]LogWorld: Bringing World /Game/Maps/UEDPIE_0_Level1.Level1 up for play (max tick rate 0) at 2018.07.14-22.15.46
[2018.07.14-20.15.46:843][967]LogWorld: Bringing up level for play took: 0.011345
[2018.07.14-20.15.46:851][967]PIE: Play in editor start time for /Game/Maps/UEDPIE_0_Level1 0.971
[2018.07.14-20.17.06:815][969]LogSlate: FSceneViewport::OnFocusLost() reason 0
[2018.07.14-20.17.06:865][971]LogTemp: Repeating last play command: Selected Viewport
[2018.07.14-20.17.06:892][971]LogPlayLevel: PlayLevel: No blueprints needed recompiling
[2018.07.14-20.17.06:893][971]PIE: New page: PIE session: Level1 (Jul 15, 2018, 12:17:06 AM)
[2018.07.14-20.17.06:894][971]LogPlayLevel: Creating play world package: /Game/Maps/UEDPIE_0_Level1
[2018.07.14-20.17.06:914][971]LogPlayLevel: PIE: StaticDuplicateObject took: (0.019834s)
[2018.07.14-20.17.06:915][971]LogAIModule: Creating AISystem for world Level1
[2018.07.14-20.17.06:916][971]LogPlayLevel: PIE: World Init took: (0.001956s)
[2018.07.14-20.17.06:917][971]LogPlayLevel: PIE: Created PIE world by copying editor world from /Game/Maps/Level1.Level1 to /Game/Maps/UEDPIE_0_Level1.Level1 (0.023257s)
[2018.07.14-20.17.06:939][971]LogInit: XAudio2 using 'Luidsprekers (Conexant SmartAudio HD)' : 2 channels at 48 kHz using 32 bits per sample (channel mask 0x3)
