Log file open, 07/16/18 14:06:43
LogWindows: Failed to load 'aqProf.dll' (GetLastError=126)
LogWindows: File 'aqProf.dll' does not exist
LogWindows: Failed to load 'VtuneApi.dll' (GetLastError=126)
LogWindows: File 'VtuneApi.dll' does not exist
LogWindows: Failed to load 'VtuneApi32e.dll' (GetLastError=126)
LogWindows: File 'VtuneApi32e.dll' does not exist
LogInit: Display: Running engine for game: FPS
LogPlatformFile: Not using cached read wrapper
LogInit: Display: RandInit(560641254) SRandInit(560641254).
LogInit: Read version file with build ID '3944462'
LogInit: Overriding engine version to CL 4033788, compatible CL 3944462
LogInit: Registered custom module enumerator with build ID '3944462'
LogTaskGraph: Started task graph with 5 named threads and 23 total threads with 3 sets of task threads.
LogStats: Stats thread started at 0.408116
LogD3D11RHI: Aftermath initialized
LogICUInternationalization: Display: ICU TimeZone Detection - Raw Offset: +1:00, Platform Override: ''
LogPluginManager: Mounting plugin Paper2D
LogPluginManager: Mounting plugin LiveLink
LogPluginManager: Mounting plugin LightPropagationVolume
LogPluginManager: Mounting plugin CLionSourceCodeAccess
LogPluginManager: Mounting plugin CodeLiteSourceCodeAccess
LogPluginManager: Mounting plugin GitSourceControl
LogPluginManager: Mounting plugin KDevelopSourceCodeAccess
LogPluginManager: Mounting plugin NullSourceCodeAccess
LogPluginManager: Mounting plugin PerforceSourceControl
LogPluginManager: Mounting plugin SubversionSourceControl
LogPluginManager: Mounting plugin UObjectPlugin
LogPluginManager: Mounting plugin VisualStudioCodeSourceCodeAccess
LogPluginManager: Mounting plugin VisualStudioSourceCodeAccess
LogPluginManager: Mounting plugin XCodeSourceCodeAccess
LogPluginManager: Mounting plugin AssetManagerEditor
LogPluginManager: Mounting plugin CryptoKeys
LogPluginManager: Mounting plugin DataValidation
LogPluginManager: Mounting plugin FacialAnimation
LogPluginManager: Mounting plugin GameplayTagsEditor
LogPluginManager: Mounting plugin MobileLauncherProfileWizard
LogPluginManager: Mounting plugin PluginBrowser
LogPluginManager: Mounting plugin SpeedTreeImporter
LogPluginManager: Mounting plugin DatasmithContent
LogPluginManager: Mounting plugin AlembicImporter
LogPluginManager: Mounting plugin CharacterAI
LogPluginManager: Mounting plugin HTML5Networking
LogPluginManager: Mounting plugin AndroidMedia
LogPluginManager: Mounting plugin AvfMedia
LogPluginManager: Mounting plugin ImgMedia
LogPluginManager: Mounting plugin LinearTimecode
LogPluginManager: Mounting plugin MediaCompositing
LogPluginManager: Mounting plugin MediaPlayerEditor
LogPluginManager: Mounting plugin WmfMedia
LogPluginManager: Mounting plugin TcpMessaging
LogPluginManager: Mounting plugin UdpMessaging
LogPluginManager: Mounting plugin ActorSequence
LogPluginManager: Mounting plugin LevelSequenceEditor
LogPluginManager: Mounting plugin MatineeToLevelSequence
LogPluginManager: Mounting plugin NetcodeUnitTest
LogPluginManager: Mounting plugin NUTUnrealEngine4
LogPluginManager: Mounting plugin OnlineSubsystemGooglePlay
LogPluginManager: Mounting plugin OnlineSubsystemIOS
LogPluginManager: Mounting plugin OnlineSubsystem
LogPluginManager: Mounting plugin OnlineSubsystemNull
LogPluginManager: Mounting plugin OnlineSubsystemUtils
LogPluginManager: Mounting plugin AndroidDeviceProfileSelector
LogPluginManager: Mounting plugin AndroidMoviePlayer
LogPluginManager: Mounting plugin AndroidPermission
LogPluginManager: Mounting plugin AppleARKit
LogPluginManager: Mounting plugin AppleMoviePlayer
LogPluginManager: Mounting plugin ArchVisCharacter
LogPluginManager: Mounting plugin AudioCapture
LogPluginManager: Mounting plugin CableComponent
LogPluginManager: Mounting plugin CustomMeshComponent
LogPluginManager: Mounting plugin ExampleDeviceProfileSelector
LogPluginManager: Mounting plugin GoogleCloudMessaging
LogPluginManager: Mounting plugin ImmediatePhysics
LogPluginManager: Mounting plugin IOSDeviceProfileSelector
LogPluginManager: Mounting plugin LinuxDeviceProfileSelector
LogPluginManager: Mounting plugin LocationServicesBPLibrary
LogPluginManager: Mounting plugin MobilePatchingUtils
LogPluginManager: Mounting plugin OculusVR
LogPluginManager: Plugin shader directory ../../../Engine/Plugins/Runtime/Oculus/OculusVR/Shaders found
LogPluginManager: Mapping shader source directory ../../../Engine/Plugins/Runtime/Oculus/OculusVR/Shaders to virtual directory /Plugin/OculusVR
LogPluginManager: Mounting plugin PhysXVehicles
LogPluginManager: Mounting plugin ProceduralMeshComponent
LogPluginManager: Mounting plugin RuntimePhysXCooking
LogPluginManager: Mounting plugin SteamVR
LogPluginManager: Mounting plugin WindowsMoviePlayer
LogPluginManager: Mounting plugin CoverPointGenerator
LogStreaming: Display: Took  0.150s to configure plugins.
LogModuleManager: Display: Found up-to-date module file ../../../../../SpareTime/Unreal/FPS/FPS/Binaries/Win64/UE4Editor-FPS.dll (API version 3944462).
LogModuleManager: Display: Found up-to-date module file ../../../Engine/Plugins/2D/Paper2D/Binaries/Win64/UE4Editor-Paper2D.dll (API version 3944462).
LogModuleManager: Display: Found up-to-date module file ../../../Engine/Plugins/2D/Paper2D/Binaries/Win64/UE4Editor-Paper2DEditor.dll (API version 3944462).
LogModuleManager: Display: Found up-to-date module file ../../../Engine/Plugins/2D/Paper2D/Binaries/Win64/UE4Editor-PaperSpriteSheetImporter.dll (API version 3944462).
LogModuleManager: Display: Found up-to-date module file ../../../Engine/Plugins/2D/Paper2D/Binaries/Win64/UE4Editor-PaperTiledImporter.dll (API version 3944462).
LogModuleManager: Display: Found up-to-date module file ../../../Engine/Plugins/2D/Paper2D/Binaries/Win64/UE4Editor-SmartSnapping.dll (API version 3944462).
LogModuleManager: Display: Found up-to-date module file ../../../Engine/Plugins/Animation/LiveLink/Binaries/Win64/UE4Editor-LiveLink.dll (API version 3944462).
LogModuleManager: Display: Found up-to-date module file ../../../Engine/Plugins/Animation/LiveLink/Binaries/Win64/UE4Editor-LiveLinkEditor.dll (API version 3944462).
LogModuleManager: Display: Found up-to-date module file ../../../Engine/Plugins/Blendables/LightPropagationVolume/Binaries/Win64/UE4Editor-LightPropagationVolumeRuntime.dll (API version 3944462).
LogModuleManager: Display: Found up-to-date module file ../../../Engine/Plugins/Blendables/LightPropagationVolume/Binaries/Win64/UE4Editor-LightPropagationVolumeEditor.dll (API version 3944462).
LogModuleManager: Display: Found up-to-date module file ../../../Engine/Plugins/Developer/CLionSourceCodeAccess/Binaries/Win64/UE4Editor-CLionSourceCodeAccess.dll (API version 3944462).
LogModuleManager: Display: Found up-to-date module file ../../../Engine/Plugins/Developer/GitSourceControl/Binaries/Win64/UE4Editor-GitSourceControl.dll (API version 3944462).
LogModuleManager: Display: Found up-to-date module file ../../../Engine/Plugins/Developer/PerforceSourceControl/Binaries/Win64/UE4Editor-PerforceSourceControl.dll (API version 3944462).
LogModuleManager: Display: Found up-to-date module file ../../../Engine/Plugins/Developer/SubversionSourceControl/Binaries/Win64/UE4Editor-SubversionSourceControl.dll (API version 3944462).
LogModuleManager: Display: Found up-to-date module file ../../../Engine/Plugins/Developer/UObjectPlugin/Binaries/Win64/UE4Editor-UObjectPlugin.dll (API version 3944462).
LogModuleManager: Display: Found up-to-date module file ../../../Engine/Plugins/Developer/VisualStudioCodeSourceCodeAccess/Binaries/Win64/UE4Editor-VisualStudioCodeSourceCodeAccess.dll (API version 3944462).
LogModuleManager: Display: Found up-to-date module file ../../../Engine/Plugins/Developer/VisualStudioSourceCodeAccess/Binaries/Win64/UE4Editor-VisualStudioSourceCodeAccess.dll (API version 3944462).
LogModuleManager: Display: Found up-to-date module file ../../../Engine/Plugins/Editor/AssetManagerEditor/Binaries/Win64/UE4Editor-AssetManagerEditor.dll (API version 3944462).
LogModuleManager: Display: Found up-to-date module file ../../../Engine/Plugins/Editor/CryptoKeys/Binaries/Win64/UE4Editor-CryptoKeys.dll (API version 3944462).
LogModuleManager: Display: Found up-to-date module file ../../../Engine/Plugins/Editor/CryptoKeys/Binaries/Win64/UE4Editor-CryptoKeysOpenSSL.dll (API version 3944462).
LogModuleManager: Display: Found up-to-date module file ../../../Engine/Plugins/Editor/DataValidation/Binaries/Win64/UE4Editor-DataValidation.dll (API version 3944462).
LogModuleManager: Display: Found up-to-date module file ../../../Engine/Plugins/Editor/FacialAnimation/Binaries/Win64/UE4Editor-FacialAnimation.dll (API version 3944462).
LogModuleManager: Display: Found up-to-date module file ../../../Engine/Plugins/Editor/FacialAnimation/Binaries/Win64/UE4Editor-FacialAnimationEditor.dll (API version 3944462).
LogModuleManager: Display: Found up-to-date module file ../../../Engine/Plugins/Editor/GameplayTagsEditor/Binaries/Win64/UE4Editor-GameplayTagsEditor.dll (API version 3944462).
LogModuleManager: Display: Found up-to-date module file ../../../Engine/Plugins/Editor/MobileLauncherProfileWizard/Binaries/Win64/UE4Editor-MobileLauncherProfileWizard.dll (API version 3944462).
LogModuleManager: Display: Found up-to-date module file ../../../Engine/Plugins/Editor/PluginBrowser/Binaries/Win64/UE4Editor-PluginBrowser.dll (API version 3944462).
LogModuleManager: Display: Found up-to-date module file ../../../Engine/Plugins/Editor/SpeedTreeImporter/Binaries/Win64/UE4Editor-SpeedTreeImporter.dll (API version 3944462).
LogModuleManager: Display: Found up-to-date module file ../../../Engine/Plugins/Enterprise/DatasmithContent/Binaries/Win64/UE4Editor-DatasmithContent.dll (API version 3944462).
LogModuleManager: Display: Found up-to-date module file ../../../Engine/Plugins/Experimental/AlembicImporter/Binaries/Win64/UE4Editor-AlembicImporter.dll (API version 3944462).
LogModuleManager: Display: Found up-to-date module file ../../../Engine/Plugins/Experimental/AlembicImporter/Binaries/Win64/UE4Editor-AlembicLibrary.dll (API version 3944462).
LogModuleManager: Display: Found up-to-date module file ../../../Engine/Plugins/Experimental/CharacterAI/Binaries/Win64/UE4Editor-CharacterAI.dll (API version 3944462).
LogModuleManager: Display: Found up-to-date module file ../../../Engine/Plugins/Experimental/HTML5Networking/Binaries/Win64/UE4Editor-HTML5Networking.dll (API version 3944462).
LogModuleManager: Display: Found up-to-date module file ../../../Engine/Plugins/Media/AndroidMedia/Binaries/Win64/UE4Editor-AndroidMediaEditor.dll (API version 3944462).
LogModuleManager: Display: Found up-to-date module file ../../../Engine/Plugins/Media/AndroidMedia/Binaries/Win64/UE4Editor-AndroidMediaFactory.dll (API version 3944462).
LogModuleManager: Display: Found up-to-date module file ../../../Engine/Plugins/Media/AvfMedia/Binaries/Win64/UE4Editor-AvfMediaEditor.dll (API version 3944462).
LogModuleManager: Display: Found up-to-date module file ../../../Engine/Plugins/Media/AvfMedia/Binaries/Win64/UE4Editor-AvfMediaFactory.dll (API version 3944462).
LogModuleManager: Display: Found up-to-date module file ../../../Engine/Plugins/Media/AvfMedia/Binaries/Win64/UE4Editor-AvfMediaFactory.dll (API version 3944462).
LogModuleManager: Display: Found up-to-date module file ../../../Engine/Plugins/Media/ImgMedia/Binaries/Win64/UE4Editor-ImgMedia.dll (API version 3944462).
LogModuleManager: Display: Found up-to-date module file ../../../Engine/Plugins/Media/ImgMedia/Binaries/Win64/UE4Editor-ImgMediaEditor.dll (API version 3944462).
LogModuleManager: Display: Found up-to-date module file ../../../Engine/Plugins/Media/ImgMedia/Binaries/Win64/UE4Editor-ImgMediaFactory.dll (API version 3944462).
LogModuleManager: Display: Found up-to-date module file ../../../Engine/Plugins/Media/ImgMedia/Binaries/Win64/UE4Editor-ImgMediaFactory.dll (API version 3944462).
LogModuleManager: Display: Found up-to-date module file ../../../Engine/Plugins/Media/ImgMedia/Binaries/Win64/UE4Editor-OpenExrWrapper.dll (API version 3944462).
LogModuleManager: Display: Found up-to-date module file ../../../Engine/Plugins/Media/LinearTimecode/Binaries/Win64/UE4Editor-LinearTimecode.dll (API version 3944462).
LogModuleManager: Display: Found up-to-date module file ../../../Engine/Plugins/Media/MediaCompositing/Binaries/Win64/UE4Editor-MediaCompositing.dll (API version 3944462).
LogModuleManager: Display: Found up-to-date module file ../../../Engine/Plugins/Media/MediaCompositing/Binaries/Win64/UE4Editor-MediaCompositingEditor.dll (API version 3944462).
LogModuleManager: Display: Found up-to-date module file ../../../Engine/Plugins/Media/MediaPlayerEditor/Binaries/Win64/UE4Editor-MediaPlayerEditor.dll (API version 3944462).
LogModuleManager: Display: Found up-to-date module file ../../../Engine/Plugins/Media/WmfMedia/Binaries/Win64/UE4Editor-WmfMedia.dll (API version 3944462).
LogModuleManager: Display: Found up-to-date module file ../../../Engine/Plugins/Media/WmfMedia/Binaries/Win64/UE4Editor-WmfMediaEditor.dll (API version 3944462).
LogModuleManager: Display: Found up-to-date module file ../../../Engine/Plugins/Media/WmfMedia/Binaries/Win64/UE4Editor-WmfMediaFactory.dll (API version 3944462).
LogModuleManager: Display: Found up-to-date module file ../../../Engine/Plugins/Media/WmfMedia/Binaries/Win64/UE4Editor-WmfMediaFactory.dll (API version 3944462).
LogModuleManager: Display: Found up-to-date module file ../../../Engine/Plugins/Messaging/TcpMessaging/Binaries/Win64/UE4Editor-TcpMessaging.dll (API version 3944462).
LogModuleManager: Display: Found up-to-date module file ../../../Engine/Plugins/Messaging/UdpMessaging/Binaries/Win64/UE4Editor-UdpMessaging.dll (API version 3944462).
LogModuleManager: Display: Found up-to-date module file ../../../Engine/Plugins/MovieScene/ActorSequence/Binaries/Win64/UE4Editor-ActorSequence.dll (API version 3944462).
LogModuleManager: Display: Found up-to-date module file ../../../Engine/Plugins/MovieScene/LevelSequenceEditor/Binaries/Win64/UE4Editor-LevelSequenceEditor.dll (API version 3944462).
LogModuleManager: Display: Found up-to-date module file ../../../Engine/Plugins/MovieScene/MatineeToLevelSequence/Binaries/Win64/UE4Editor-MatineeToLevelSequence.dll (API version 3944462).
LogModuleManager: Display: Found up-to-date module file ../../../Engine/Plugins/NetcodeUnitTest/NetcodeUnitTest/Binaries/Win64/UE4Editor-NetcodeUnitTest.dll (API version 3944462).
LogModuleManager: Display: Found up-to-date module file ../../../Engine/Plugins/NetcodeUnitTest/NUTUnrealEngine4/Binaries/Win64/UE4Editor-NUTUnrealEngine4.dll (API version 3944462).
LogModuleManager: Display: Found up-to-date module file ../../../Engine/Plugins/Online/OnlineSubsystem/Binaries/Win64/UE4Editor-OnlineSubsystem.dll (API version 3944462).
LogModuleManager: Display: Found up-to-date module file ../../../Engine/Plugins/Online/OnlineSubsystemNull/Binaries/Win64/UE4Editor-OnlineSubsystemNull.dll (API version 3944462).
LogModuleManager: Display: Found up-to-date module file ../../../Engine/Plugins/Online/OnlineSubsystemUtils/Binaries/Win64/UE4Editor-OnlineSubsystemUtils.dll (API version 3944462).
LogModuleManager: Display: Found up-to-date module file ../../../Engine/Plugins/Online/OnlineSubsystemUtils/Binaries/Win64/UE4Editor-OnlineBlueprintSupport.dll (API version 3944462).
LogModuleManager: Display: Found up-to-date module file ../../../Engine/Plugins/Runtime/AndroidDeviceProfileSelector/Binaries/Win64/UE4Editor-AndroidDeviceProfileSelector.dll (API version 3944462).
LogModuleManager: Display: Found up-to-date module file ../../../Engine/Plugins/Runtime/AndroidPermission/Binaries/Win64/UE4Editor-AndroidPermission.dll (API version 3944462).
LogModuleManager: Display: Found up-to-date module file ../../../Engine/Plugins/Runtime/AppleARKit/Binaries/Win64/UE4Editor-AppleARKit.dll (API version 3944462).
LogModuleManager: Display: Found up-to-date module file ../../../Engine/Plugins/Runtime/ArchVisCharacter/Binaries/Win64/UE4Editor-ArchVisCharacter.dll (API version 3944462).
LogModuleManager: Display: Found up-to-date module file ../../../Engine/Plugins/Runtime/AudioCapture/Binaries/Win64/UE4Editor-AudioCapture.dll (API version 3944462).
LogModuleManager: Display: Found up-to-date module file ../../../Engine/Plugins/Runtime/AudioCapture/Binaries/Win64/UE4Editor-AudioCaptureEditor.dll (API version 3944462).
LogModuleManager: Display: Found up-to-date module file ../../../Engine/Plugins/Runtime/CableComponent/Binaries/Win64/UE4Editor-CableComponent.dll (API version 3944462).
LogModuleManager: Display: Found up-to-date module file ../../../Engine/Plugins/Runtime/CustomMeshComponent/Binaries/Win64/UE4Editor-CustomMeshComponent.dll (API version 3944462).
LogModuleManager: Display: Found up-to-date module file ../../../Engine/Plugins/Runtime/ExampleDeviceProfileSelector/Binaries/Win64/UE4Editor-ExampleDeviceProfileSelector.dll (API version 3944462).
LogModuleManager: Display: Found up-to-date module file ../../../Engine/Plugins/Runtime/ImmediatePhysics/Binaries/Win64/UE4Editor-ImmediatePhysics.dll (API version 3944462).
LogModuleManager: Display: Found up-to-date module file ../../../Engine/Plugins/Runtime/ImmediatePhysics/Binaries/Win64/UE4Editor-ImmediatePhysicsEditor.dll (API version 3944462).
LogModuleManager: Display: Found up-to-date module file ../../../Engine/Plugins/Runtime/LocationServicesBPLibrary/Binaries/Win64/UE4Editor-LocationServicesBPLibrary.dll (API version 3944462).
LogModuleManager: Display: Found up-to-date module file ../../../Engine/Plugins/Runtime/MobilePatchingUtils/Binaries/Win64/UE4Editor-MobilePatchingUtils.dll (API version 3944462).
LogModuleManager: Display: Found up-to-date module file ../../../Engine/Plugins/Runtime/Oculus/OculusVR/Binaries/Win64/UE4Editor-OculusHMD.dll (API version 3944462).
LogModuleManager: Display: Found up-to-date module file ../../../Engine/Plugins/Runtime/Oculus/OculusVR/Binaries/Win64/UE4Editor-OculusInput.dll (API version 3944462).
LogModuleManager: Display: Found up-to-date module file ../../../Engine/Plugins/Runtime/Oculus/OculusVR/Binaries/Win64/UE4Editor-OculusEditor.dll (API version 3944462).
LogModuleManager: Display: Found up-to-date module file ../../../Engine/Plugins/Runtime/PhysXVehicles/Binaries/Win64/UE4Editor-PhysXVehicles.dll (API version 3944462).
LogModuleManager: Display: Found up-to-date module file ../../../Engine/Plugins/Runtime/PhysXVehicles/Binaries/Win64/UE4Editor-PhysXVehiclesEditor.dll (API version 3944462).
LogModuleManager: Display: Found up-to-date module file ../../../Engine/Plugins/Runtime/ProceduralMeshComponent/Binaries/Win64/UE4Editor-ProceduralMeshComponent.dll (API version 3944462).
LogModuleManager: Display: Found up-to-date module file ../../../Engine/Plugins/Runtime/ProceduralMeshComponent/Binaries/Win64/UE4Editor-ProceduralMeshComponentEditor.dll (API version 3944462).
LogModuleManager: Display: Found up-to-date module file ../../../Engine/Plugins/Runtime/RuntimePhysXCooking/Binaries/Win64/UE4Editor-RuntimePhysXCooking.dll (API version 3944462).
LogModuleManager: Display: Found up-to-date module file ../../../Engine/Plugins/Runtime/Steam/SteamVR/Binaries/Win64/UE4Editor-SteamVR.dll (API version 3944462).
LogModuleManager: Display: Found up-to-date module file ../../../Engine/Plugins/Runtime/Steam/SteamVR/Binaries/Win64/UE4Editor-SteamVRController.dll (API version 3944462).
LogModuleManager: Display: Found up-to-date module file ../../../Engine/Plugins/Runtime/WindowsMoviePlayer/Binaries/Win64/UE4Editor-WindowsMoviePlayer.dll (API version 3944462).
LogModuleManager: Display: Found up-to-date module file ../../../../../SpareTime/Unreal/FPS/FPS/Plugins/CoverPointGenerator/Binaries/Win64/UE4Editor-CoverPointGenerator.dll (API version 3944462).
LogInit: Using libcurl 7.47.1
LogInit:  - built for x86_64-pc-win32
LogInit:  - supports SSL with OpenSSL/1.0.2g
LogInit:  - supports HTTP deflate (compression) using libz 1.2.8
LogInit:  - other features:
LogInit:      CURL_VERSION_SSL
LogInit:      CURL_VERSION_LIBZ
LogInit:      CURL_VERSION_IPV6
LogInit:      CURL_VERSION_ASYNCHDNS
LogInit:      CURL_VERSION_LARGEFILE
LogInit:      CURL_VERSION_IDN
LogInit:  CurlRequestOptions (configurable via config and command line):
LogInit:  - bVerifyPeer = false  - Libcurl will NOT verify peer certificate
LogInit:  - bUseHttpProxy = false  - Libcurl will NOT use HTTP proxy
LogInit:  - bDontReuseConnections = false  - Libcurl will reuse connections
LogInit:  - CertBundlePath = nullptr  - Libcurl will use whatever was configured at build time.
LogInit:  - MaxHostConnections = 16  - Libcurl will limit the number of connections to a host
LogInit:  - LocalHostAddr = Default
LogInit: WinSock: version 1.1 (2.2), MaxSocks=32767, MaxUdp=65467
LogInit: WinSock: I am Tom-Laptop (192.168.1.142:0)
LogInit: Build: ++UE4+Release-4.19-CL-4033788
LogInit: Engine Version: 4.19.2-4033788+++UE4+Release-4.19
LogInit: Compatible Engine Version: 4.19.0-3944462+++UE4+Release-4.19
LogInit: Net CL: 3944462
LogDevObjectVersion: Number of dev versions registered: 18
LogDevObjectVersion:   Dev-Blueprints (B0D832E4-1F89-4F0D-ACCF-7EB736FD4AA2): 10
LogDevObjectVersion:   Dev-Build (E1C64328-A22C-4D53-A36C-8E866417BD8C): 0
LogDevObjectVersion:   Dev-Core (375EC13C-06E4-48FB-B500-84F0262A717E): 2
LogDevObjectVersion:   Dev-Editor (E4B068ED-F494-42E9-A231-DA0B2E46BB41): 23
LogDevObjectVersion:   Dev-Framework (CFFC743F-43B0-4480-9391-14DF171D2073): 33
LogDevObjectVersion:   Dev-Mobile (B02B49B5-BB20-44E9-A304-32B752E40360): 2
LogDevObjectVersion:   Dev-Networking (A4E4105C-59A1-49B5-A7C5-40C4547EDFEE): 0
LogDevObjectVersion:   Dev-Online (39C831C9-5AE6-47DC-9A44-9C173E1C8E7C): 0
LogDevObjectVersion:   Dev-Physics (78F01B33-EBEA-4F98-B9B4-84EACCB95AA2): 0
LogDevObjectVersion:   Dev-Platform (6631380F-2D4D-43E0-8009-CF276956A95A): 0
LogDevObjectVersion:   Dev-Rendering (12F88B9F-8875-4AFC-A67C-D90C383ABD29): 25
LogDevObjectVersion:   Dev-Sequencer (7B5AE74C-D270-4C10-A958-57980B212A5A): 6
LogDevObjectVersion:   Dev-VR (D7296918-1DD6-4BDD-9DE2-64A83CC13884): 1
LogDevObjectVersion:   Dev-LoadTimes (C2A15278-BFE7-4AFE-6C17-90FF531DF755): 1
LogDevObjectVersion:   Private-Geometry (6EACA3D4-40EC-4CC1-B786-8BED09428FC5): 2
LogDevObjectVersion:   Dev-AnimPhys (29E575DD-E0A3-4627-9D10-D276232CDCEA): 16
LogDevObjectVersion:   Dev-ReflectionCapture (6B266CEC-1EC7-4B8F-A30B-E4D90942FC07): 1
LogDevObjectVersion:   Dev-Automation (0DF73D61-A23F-47EA-B727-89E90C41499A): 1
LogInit: Compiled (64-bit): Apr 27 2018 02:06:57
LogInit: Compiled with Visual C++: 19.00.24215.01
LogInit: Build Configuration: Development
LogInit: Branch Name: ++UE4+Release-4.19
LogInit: Command Line:  -skipcompile
LogInit: Base Directory: D:/Epic Games/UE_4.19/Engine/Binaries/Win64/
LogInit: Installed Engine Build: 1
LogStreaming: Display: Took  0.002s to delete old logs.
LogInit: Presizing for max 8388607 objects, including 0 objects not considered by GC, pre-allocating 0 bytes for permanent pool.
LogInit: Object subsystem initialized
[2018.07.16-12.06.44:935][  0]LogInit: Selected Device Profile: [Windows]
[2018.07.16-12.06.44:935][  0]LogInit: Applying CVar settings loaded from the selected device profile: [Windows]
[2018.07.16-12.06.44:967][  0]LogInit: Computer: TOM-LAPTOP
[2018.07.16-12.06.44:967][  0]LogInit: User: tomco
[2018.07.16-12.06.44:967][  0]LogInit: CPU Page size=4096, Cores=4
[2018.07.16-12.06.44:967][  0]LogInit: High frequency timer resolution =2.531251 MHz
[2018.07.16-12.06.44:968][  0]LogMemory: Memory total: Physical=7.9GB (8GB approx)
[2018.07.16-12.06.44:968][  0]LogMemory: Platform Memory Stats for Windows
[2018.07.16-12.06.44:968][  0]LogMemory: Process Physical Memory: 280.61 MB used, 280.61 MB peak
[2018.07.16-12.06.44:968][  0]LogMemory: Process Virtual Memory: 272.98 MB used, 272.98 MB peak
[2018.07.16-12.06.44:969][  0]LogMemory: Physical Memory: 4751.09 MB used,  3339.43 MB free, 8090.52 MB total
[2018.07.16-12.06.44:969][  0]LogMemory: Virtual Memory: 4802.24 MB used,  3339.43 MB free, 134217728.00 MB total
[2018.07.16-12.06.45:042][  0]LogInit: Using OS detected language (en-US).
[2018.07.16-12.06.45:042][  0]LogInit: Using OS detected locale (en-US).
[2018.07.16-12.06.45:046][  0]LogTextLocalizationManager: No specific localization for 'en-US' exists, so the 'en' localization will be used.
[2018.07.16-12.06.45:490][  0]LogStreaming: Display: Took  0.448s to EndInitTextLocalization.
[2018.07.16-12.06.45:490][  0]LogInit: Setting process to per monitor DPI aware
[2018.07.16-12.06.45:556][  0]LogSlate: New Slate User Created.  User Index 0, Is Virtual User: 0
[2018.07.16-12.06.45:557][  0]LogSlate: Slate User Registered.  User Index 0, Is Virtual User: 0
[2018.07.16-12.06.45:799][  0]LogD3D11RHI: D3D11 adapters:
[2018.07.16-12.06.45:877][  0]LogD3D11RHI:    0. 'NVIDIA GeForce GTX 960M' (Feature Level 11_0)
[2018.07.16-12.06.45:877][  0]LogD3D11RHI:       2019/0/4045 MB DedicatedVideo/DedicatedSystem/SharedSystem, Outputs:1, VendorId:0x10de
[2018.07.16-12.06.45:896][  0]LogD3D11RHI:    1. 'Intel(R) HD Graphics 530' (Feature Level 11_0)
[2018.07.16-12.06.45:896][  0]LogD3D11RHI:       128/0/4045 MB DedicatedVideo/DedicatedSystem/SharedSystem, Outputs:0, VendorId:0x8086
[2018.07.16-12.06.45:901][  0]LogD3D11RHI:    2. 'Microsoft Basic Render Driver' (Feature Level 11_0)
[2018.07.16-12.06.45:901][  0]LogD3D11RHI:       0/0/4045 MB DedicatedVideo/DedicatedSystem/SharedSystem, Outputs:0, VendorId:0x1414
[2018.07.16-12.06.45:901][  0]LogD3D11RHI: Chosen D3D11 Adapter: 0
[2018.07.16-12.06.45:920][  0]LogD3D11RHI: Creating new Direct3DDevice
[2018.07.16-12.06.45:920][  0]LogD3D11RHI:     GPU DeviceId: 0x139b (for the marketing name, search the web for "GPU Device Id")
[2018.07.16-12.06.45:921][  0]LogWindows: EnumDisplayDevices:
[2018.07.16-12.06.45:921][  0]LogWindows:    0. 'Intel(R) HD Graphics 530' (P:1 D:1)
[2018.07.16-12.06.45:921][  0]LogWindows:    1. 'Intel(R) HD Graphics 530' (P:0 D:0)
[2018.07.16-12.06.45:922][  0]LogWindows:    2. 'Intel(R) HD Graphics 530' (P:0 D:0)
[2018.07.16-12.06.45:922][  0]LogWindows: DebugString: GetVideoDriverDetailsInvalid PrimaryIsNotTheChoosenAdapter GetVideoDriverDetailsInvalid PrimaryIsNotTheChoosenAdapter GetVideoDriverDetailsInvalid PrimaryIsNotTheChoosenAdapter FoundDriverCount:0 
[2018.07.16-12.06.45:923][  0]LogD3D11RHI:     Adapter Name: NVIDIA GeForce GTX 960M
[2018.07.16-12.06.45:923][  0]LogD3D11RHI:   Driver Version: Unknown (internal:Unknown, unified:Unknown)
[2018.07.16-12.06.45:923][  0]LogD3D11RHI:      Driver Date: Unknown
[2018.07.16-12.06.45:923][  0]LogRHI: Texture pool is 1413 MB (70% of 2019 MB)
[2018.07.16-12.06.45:959][  0]LogD3D11RHI: [Aftermath] Aftermath enabled but failed to initialize
[2018.07.16-12.06.45:959][  0]LogD3D11RHI: [Aftermath] Aftermath enabled and primed
[2018.07.16-12.06.45:959][  0]LogD3D11RHI: Async texture creation enabled
[2018.07.16-12.06.45:972][  0]LogD3D11RHI: GPU Timing Frequency: 1000.000000 (Debug: 2 1)
[2018.07.16-12.06.45:974][  0]LogShaderCompilers: Guid format shader working directory is 7 characters bigger than the processId version (../../../../../SpareTime/Unreal/FPS/FPS/Intermediate/Shaders/WorkingDirectory/2740/).
[2018.07.16-12.06.45:974][  0]LogShaderCompilers: Cleaned the shader compiler working directory 'C:/Users/tomco/AppData/Local/Temp/UnrealShaderWorkingDir/86BA0D8E41CA743920687BAC471628F3/'.
[2018.07.16-12.06.46:213][  0]LogTemp: Display: Loaded TP AllDesktopTargetPlatform
[2018.07.16-12.06.46:229][  0]LogTemp: Display: Loaded TP MacClientTargetPlatform
[2018.07.16-12.06.46:246][  0]LogTemp: Display: Loaded TP MacNoEditorTargetPlatform
[2018.07.16-12.06.46:263][  0]LogTemp: Display: Loaded TP MacServerTargetPlatform
[2018.07.16-12.06.46:281][  0]LogTemp: Display: Loaded TP MacTargetPlatform
[2018.07.16-12.06.46:298][  0]LogTemp: Display: Loaded TP WindowsClientTargetPlatform
[2018.07.16-12.06.46:315][  0]LogTemp: Display: Loaded TP WindowsNoEditorTargetPlatform
[2018.07.16-12.06.46:334][  0]LogTemp: Display: Loaded TP WindowsServerTargetPlatform
[2018.07.16-12.06.46:342][  0]LogTemp: Display: Loaded TP WindowsTargetPlatform
[2018.07.16-12.06.46:359][  0]LogTemp: Display: Loaded TP Android_ASTCTargetPlatform
[2018.07.16-12.06.46:375][  0]LogTemp: Display: Loaded TP Android_ATCTargetPlatform
[2018.07.16-12.06.46:391][  0]LogTemp: Display: Loaded TP Android_DXTTargetPlatform
[2018.07.16-12.06.46:408][  0]LogTemp: Display: Loaded TP Android_ETC1aTargetPlatform
[2018.07.16-12.06.46:425][  0]LogTemp: Display: Loaded TP Android_ETC1TargetPlatform
[2018.07.16-12.06.46:440][  0]LogTemp: Display: Loaded TP Android_ETC2TargetPlatform
[2018.07.16-12.06.46:470][  0]LogTemp: Display: Loaded TP Android_MultiTargetPlatform
[2018.07.16-12.06.46:471][  0]LogTemp: Display: Loaded TP Android_PVRTCTargetPlatform
[2018.07.16-12.06.46:486][  0]LogTemp: Display: Loaded TP AndroidTargetPlatform
[2018.07.16-12.06.46:491][  0]LogTemp: Display: Loaded TP HTML5TargetPlatform
[2018.07.16-12.06.46:542][  0]LogTemp: Display: Loaded TP IOSTargetPlatform
[2018.07.16-12.06.46:560][  0]LogTemp: Display: Loaded TP TVOSTargetPlatform
[2018.07.16-12.06.46:577][  0]LogTemp: Display: Loaded TP LinuxClientTargetPlatform
[2018.07.16-12.06.46:593][  0]LogTemp: Display: Loaded TP LinuxNoEditorTargetPlatform
[2018.07.16-12.06.46:610][  0]LogTemp: Display: Loaded TP LinuxServerTargetPlatform
[2018.07.16-12.06.46:627][  0]LogTemp: Display: Loaded TP LinuxTargetPlatform
[2018.07.16-12.06.46:627][  0]LogTargetPlatformManager: Display: Building Assets For Windows
[2018.07.16-12.06.46:785][  0]LogXGEController: Cleaning working directory: C:/Users/tomco/AppData/Local/Temp/UnrealXGEWorkingDir/
[2018.07.16-12.06.46:786][  0]LogXGEController: Cannot use XGE Controller as Incredibuild is not installed on this machine.
[2018.07.16-12.06.46:786][  0]LogShaderCompilers: Cannot use XGE Shader Compiler as Incredibuild is not installed on this machine.
[2018.07.16-12.06.46:786][  0]LogShaderCompilers: Display: Using Local Shader Compiler.
[2018.07.16-12.06.47:461][  0]LogDerivedDataCache: Display: Max Cache Size: 512 MB
[2018.07.16-12.06.47:553][  0]LogDerivedDataCache: Loaded boot cache 0.09s 80MB C:/Users/tomco/AppData/Local/UnrealEngine/4.19/DerivedDataCache/Boot.ddc.
[2018.07.16-12.06.47:554][  0]LogDerivedDataCache: Display: Loaded Boot cache: C:/Users/tomco/AppData/Local/UnrealEngine/4.19/DerivedDataCache/Boot.ddc
[2018.07.16-12.06.47:554][  0]LogDerivedDataCache: FDerivedDataBackendGraph:  Pak pak cache file ../../../../../SpareTime/Unreal/FPS/FPS/DerivedDataCache/DDC.ddp not found, will not use a pak cache.
[2018.07.16-12.06.47:554][  0]LogDerivedDataCache: Unable to find inner node Pak for hierarchical cache Hierarchy.
[2018.07.16-12.06.47:555][  0]LogDerivedDataCache: FDerivedDataBackendGraph:  CompressedPak pak cache file ../../../../../SpareTime/Unreal/FPS/FPS/DerivedDataCache/Compressed.ddp not found, will not use a pak cache.
[2018.07.16-12.06.47:555][  0]LogDerivedDataCache: Unable to find inner node CompressedPak for hierarchical cache Hierarchy.
[2018.07.16-12.06.47:571][  0]LogDerivedDataCache: Display: Pak cache opened for reading ../../../Engine/DerivedDataCache/Compressed.ddp.
[2018.07.16-12.06.47:586][  0]LogDerivedDataCache: Using Local data cache path C:/Users/tomco/AppData/Local/UnrealEngine/Common/DerivedDataCache: Writable
[2018.07.16-12.06.47:586][  0]LogDerivedDataCache: Shared data cache path not found in *engine.ini, will not use an Shared cache.
[2018.07.16-12.06.47:587][  0]LogDerivedDataCache: Unable to find inner node Shared for hierarchical cache Hierarchy.
[2018.07.16-12.06.47:601][  0]LogMaterial: Verifying Global Shaders for PCD3D_SM5
[2018.07.16-12.06.47:602][  0]LogSlate: Using Freetype 2.6.0
[2018.07.16-12.06.47:603][  0]LogSlate: SlateFontCache - WITH_FREETYPE: 1, WITH_HARFBUZZ: 1
[2018.07.16-12.06.47:603][  0]LogSlate: SlateFontCache - WITH_FREETYPE: 1, WITH_HARFBUZZ: 1
[2018.07.16-12.06.47:724][  0]LogAssetRegistry: FAssetRegistry took 0.0301 seconds to start up
[2018.07.16-12.06.48:898][  0]LogInit: Selected Device Profile: [Windows]
[2018.07.16-12.06.49:074][  0]LogSimplygon: Simplygon DLL not present - disabling.
[2018.07.16-12.06.49:078][  0]LogMeshReduction: Using SimplygonSwarm for distributed automatic mesh merging
[2018.07.16-12.06.49:078][  0]LogMeshReduction: Using QuadricMeshReduction for automatic static mesh reduction
[2018.07.16-12.06.49:079][  0]LogMeshReduction: No automatic skeletal mesh reduction module available
[2018.07.16-12.06.49:079][  0]LogMeshReduction: No automatic mesh merging module available
[2018.07.16-12.06.49:079][  0]LogMeshMerging: No automatic mesh merging module available
[2018.07.16-12.06.49:108][  0]LogNetVersion: FPS , NetCL: 3944462, EngineNetVer: 2, GameNetVer: 0 (Checksum: 2326512385)
[2018.07.16-12.06.49:636][  0]LogPackageLocalizationCache: Processed 9 localized package path(s) for 2 prioritized culture(s) in 0.091558 seconds
[2018.07.16-12.06.49:642][  0]LogUObjectArray: 36728 objects as part of root set at end of initial load.
[2018.07.16-12.06.49:642][  0]LogUObjectAllocator: 7314312 out of 0 bytes used by permanent object pool.
[2018.07.16-12.06.49:642][  0]LogUObjectArray: CloseDisregardForGC: 0/0 objects in disregard for GC pool
[2018.07.16-12.06.52:617][  0]LogTcpMessaging: Initializing TcpMessaging bridge
[2018.07.16-12.06.52:651][  0]LogUdpMessaging: Initializing bridge on interface 0.0.0.0:0 to multicast group 230.0.0.1:6666.
[2018.07.16-12.06.53:040][  0]LogSkeletalMesh: Skeletal Mesh found in DDC [1.355061ms] /Game/Models/Player/Arms/Arms_SMG.Arms_SMG
[2018.07.16-12.06.53:064][  0]LogUObjectGlobals: Created PersistentFrame Addr=0x00000207801efa60, Size=80, Default__BP_SMGAnim_C Function /Game/Animations/SMG/BP_SMGAnim.BP_SMGAnim_C:ExecuteUbergraph_BP_SMGAnim
[2018.07.16-12.06.53:077][  0]LogUObjectGlobals: Destroyed PersistentFrame Addr=0x00000207801efa60, Size=80
[2018.07.16-12.06.53:077][  0]LogUObjectGlobals: Created PersistentFrame Addr=0x00000207801c7560, Size=80, Default__BP_SMGAnim_C Function /Engine/Transient.REINST_BP_SMGAnim_C_0:ExecuteUbergraph_BP_SMGAnim
[2018.07.16-12.06.53:088][  0]LogUObjectGlobals: Created PersistentFrame Addr=0x00000207801194e0, Size=80, Default__BP_SMGAnim_C Function /Game/Animations/SMG/BP_SMGAnim.BP_SMGAnim_C:ExecuteUbergraph_BP_SMGAnim
[2018.07.16-12.06.53:269][  0]SourceControl: Source control is disabled
[2018.07.16-12.06.53:269][  0]SourceControl: Source control is disabled
[2018.07.16-12.06.53:290][  0]SourceControl: Source control is disabled
[2018.07.16-12.06.53:308][  0]SourceControl: Source control is disabled
[2018.07.16-12.06.53:885][  0]LogAndroidPermission: UAndroidPermissionCallbackProxy::GetInstance
[2018.07.16-12.06.54:090][  0]LogOcInput: OculusInput pre-init called
[2018.07.16-12.06.55:289][  0]LogEngine: Initializing Engine...
[2018.07.16-12.06.55:336][  0]LogHMD: Failed to initialize OpenVR with code 126
[2018.07.16-12.06.55:337][  0]LogStats: UGameplayTagsManager::ConstructGameplayTagTree: Construct from data asset -  0.000 s
[2018.07.16-12.06.55:338][  0]LogStats: UGameplayTagsManager::ConstructGameplayTagTree: GameplayTagTreeChangedEvent.Broadcast -  0.000 s
[2018.07.16-12.06.55:626][  0]LogAIModule: Creating AISystem for world Untitled
[2018.07.16-12.06.55:645][  0]LogInit: XAudio2 using 'Luidsprekers (Conexant SmartAudio HD)' : 2 channels at 48 kHz using 32 bits per sample (channel mask 0x3)
[2018.07.16-12.06.55:694][  0]LogInit: FAudioDevice initialized.
[2018.07.16-12.06.55:792][  0]LogDerivedDataCache: Saved boot cache 0.10s 80MB C:/Users/tomco/AppData/Local/UnrealEngine/4.19/DerivedDataCache/Boot.ddc.
[2018.07.16-12.06.55:811][  0]LogInit: Texture streaming: Enabled
[2018.07.16-12.06.55:851][  0]LogEngineSessionManager: EngineSessionManager initialized
[2018.07.16-12.06.55:870][  0]LogInit: Transaction tracking system initialized
[2018.07.16-12.06.55:939][  0]BlueprintLog: New page: Editor Load
[2018.07.16-12.06.56:230][  0]LocalizationService: Localization service is disabled
[2018.07.16-12.06.56:486][  0]LogConsoleResponse: Display: 
[2018.07.16-12.06.56:724][  0]LogCook: Display: Max memory allowance for cook 16384mb min free memory 0mb
[2018.07.16-12.06.56:724][  0]LogCook: Display: Mobile HDR setting 1
[2018.07.16-12.06.56:724][  0]LogGameplayTags: Display: UGameplayTagsManager::DoneAddingNativeTags. DelegateIsBound: 0
[2018.07.16-12.06.56:724][  0]LogStats: UGameplayTagsManager::ConstructGameplayTagTree: Construct from data asset -  0.000 s
[2018.07.16-12.06.56:725][  0]LogStats: UGameplayTagsManager::ConstructGameplayTagTree: GameplayTagTreeChangedEvent.Broadcast -  0.000 s
[2018.07.16-12.06.57:374][  0]LogFileCache: Scanning file cache for directory 'D:/SpareTime/Unreal/FPS/FPS/Content/' took 0.02s
[2018.07.16-12.06.57:374][  0]SourceControl: Source control is disabled
[2018.07.16-12.06.57:374][  0]Cmd: MAP LOAD FILE="../../../../../SpareTime/Unreal/FPS/FPS/Content/Maps/Level1.umap" TEMPLATE=0 SHOWPROGRESS=1 FEATURELEVEL=3
[2018.07.16-12.06.57:375][  0]LightingResults: New page: Lighting Build
[2018.07.16-12.06.57:380][  0]MapCheck: New page: Map Check
[2018.07.16-12.06.57:380][  0]LightingResults: New page: Lighting Build
[2018.07.16-12.06.57:392][  0]LogUObjectGlobals: Destroyed PersistentFrame Addr=0x00000207801c7560, Size=80
[2018.07.16-12.06.57:498][  0]LogUObjectGlobals: Created PersistentFrame Addr=0x00000207853cb380, Size=128, Default__BP_AssaultAIAnim_C Function /Game/Animations/AI/BP_AssaultAIAnim.BP_AssaultAIAnim_C:ExecuteUbergraph_BP_AssaultAIAnim
[2018.07.16-12.06.57:528][  0]LogUObjectGlobals: Destroyed PersistentFrame Addr=0x00000207853cb380, Size=128
[2018.07.16-12.06.57:529][  0]LogUObjectGlobals: Created PersistentFrame Addr=0x00000207853cb380, Size=128, Default__BP_AssaultAIAnim_C Function /Engine/Transient.REINST_BP_AssaultAIAnim_C_1:ExecuteUbergraph_BP_AssaultAIAnim
[2018.07.16-12.06.57:561][  0]LogUObjectGlobals: Created PersistentFrame Addr=0x000002078f042e80, Size=128, Default__BP_AssaultAIAnim_C Function /Game/Animations/AI/BP_AssaultAIAnim.BP_AssaultAIAnim_C:ExecuteUbergraph_BP_AssaultAIAnim
[2018.07.16-12.06.58:845][  0]LogSkeletalMesh: Skeletal Mesh found in DDC [13.507155ms] /Game/Animations/AnimStarterPack/UE4_Mannequin/Mesh/SK_Mannequin.SK_Mannequin
[2018.07.16-12.06.59:315][  0]LogAIModule: Creating AISystem for world Level1
[2018.07.16-12.06.59:354][  0]LogEditorServer: Finished looking for orphan Actors (0.000 secs)
[2018.07.16-12.06.59:376][  0]LogUObjectGlobals: Destroyed PersistentFrame Addr=0x00000207853cb380, Size=128
[2018.07.16-12.06.59:378][  0]Cmd: MAP CHECKDEP NOCLEARLOG
[2018.07.16-12.06.59:456][  0]MapCheck: Map check complete: 0 Error(s), 0 Warning(s), took 78.5ms to complete.
[2018.07.16-12.06.59:456][  0]LogFileHelpers: Loading map 'Level1' took 2.083
[2018.07.16-12.06.59:682][  0]LogCollectionManager: Loaded 0 collections in 0.001121 seconds
[2018.07.16-12.06.59:735][  0]LogFileCache: Scanning file cache for directory 'D:/SpareTime/Unreal/FPS/FPS/Saved/Collections/' took 0.01s
[2018.07.16-12.06.59:735][  0]LogFileCache: Scanning file cache for directory 'D:/SpareTime/Unreal/FPS/FPS/Content/Developers/tomco/Collections/' took 0.01s
[2018.07.16-12.06.59:736][  0]LogFileCache: Scanning file cache for directory 'D:/SpareTime/Unreal/FPS/FPS/Content/Collections/' took 0.01s
[2018.07.16-12.06.59:736][  0]LogCollectionManager: Rebuilt the GUID cache for 0 collections in 0.000000 seconds
[2018.07.16-12.06.59:748][  0]LogContentBrowser: Native class hierarchy populated in 0.0115 seconds. Added 2490 classes and 568 folders.
[2018.07.16-12.06.59:759][  0]LogContentBrowser: Native class hierarchy updated for 'WidgetCarousel' in 0.0017 seconds. Added 0 classes and 0 folders.
[2018.07.16-12.06.59:952][  0]LogContentBrowser: Native class hierarchy updated for 'AddContentDialog' in 0.0013 seconds. Added 0 classes and 0 folders.
[2018.07.16-12.07.01:339][  0]LogSlate: Only BGRA pngs, bmps or icos are supported in by External Image Picker
[2018.07.16-12.07.01:380][  0]LogSlate: Took 0.004198 seconds to synchronously load lazily loaded font '../../../Engine/Content/Slate/Fonts/Roboto-Regular.ttf' (155K)
[2018.07.16-12.07.01:385][  0]LogSlate: Took 0.001960 seconds to synchronously load lazily loaded font '../../../Engine/Content/Slate/Fonts/Roboto-Bold.ttf' (160K)
[2018.07.16-12.07.01:404][  0]LogSlate: Took 0.007128 seconds to synchronously load lazily loaded font '../../../Engine/Content/Editor/Slate/Fonts/FontAwesome.ttf' (139K)
[2018.07.16-12.07.01:412][  0]LogSlate: Took 0.006831 seconds to synchronously load lazily loaded font '../../../Engine/Content/Slate/Fonts/DroidSansMono.ttf' (77K)
[2018.07.16-12.07.01:630][  0]LogTemp: Executing iPhonePackager certificates Engine -bundlename com.YourCompany.FPS
[2018.07.16-12.07.01:631][  0]LogTemp: CWD: D:\Epic Games\UE_4.19\Engine\Binaries\DotNET\IOS
[2018.07.16-12.07.01:631][  0]LogTemp: Initial Dir: D:\Epic Games\UE_4.19
[2018.07.16-12.07.01:631][  0]LogTemp: Env CWD: D:\Epic Games\UE_4.19\Engine\Binaries\DotNET\IOS
[2018.07.16-12.07.01:631][  0]LogTemp: BranchPath = TOM-LAPTOP/D/Epic Games/UE_4.19/Engine/Binaries --- GameBranchPath = TOM-LAPTOP/D/Epic Games/UE_4.19/Engine/Binaries
[2018.07.16-12.07.01:632][  0]LogTemp: IPP ERROR: Could not find provision directory 'C:\Users\tomco\AppData\Local/Apple Computer/MobileDevice/Provisioning Profiles/'.
[2018.07.16-12.07.01:632][  0]LogRenderer: Reallocating scene render targets to support 908x600 Format 10 NumSamples 1 (Frame:1).
[2018.07.16-12.07.01:950][  0]LogContentBrowser: Native class hierarchy updated for 'HierarchicalLODOutliner' in 0.0014 seconds. Added 0 classes and 0 folders.
[2018.07.16-12.07.01:951][  0]LogLoad: (Engine Initialization) Total time: 20.14 seconds
[2018.07.16-12.07.01:952][  0]LogLoad: (Engine Initialization) Total Blueprint compile time: 0.00 seconds
[2018.07.16-12.07.01:971][  0]LogWindowsTextInputMethodSystem: Display: IME system now deactivated.
[2018.07.16-12.07.01:997][  0]LogContentStreaming: Texture pool size now 1000 MB
[2018.07.16-12.07.02:169][  2]LogAssetRegistry: Asset discovery search completed in 14.4700 seconds
[2018.07.16-12.07.02:172][  2]LogCollectionManager: Rebuilt the object cache for 0 collections in 0.000000 seconds (found 0 objects)
[2018.07.16-12.07.02:172][  2]LogCollectionManager: Fixed up redirectors for 0 collections in 0.000618 seconds (updated 0 objects)
[2018.07.16-12.07.28:564][584]LogSlate: FSceneViewport::OnFocusLost() reason 0
[2018.07.16-12.07.28:584][584]LogSlate: Took 0.002057 seconds to synchronously load lazily loaded font '../../../Engine/Content/Slate/Fonts/Roboto-Light.ttf' (167K)
[2018.07.16-12.07.35:086][970]LogSlate: Took 0.000281 seconds to synchronously load lazily loaded font '../../../Engine/Content/Slate/Fonts/Roboto-Light.ttf' (167K)
[2018.07.16-12.07.35:180][970]LogSlate: Took 0.002253 seconds to synchronously load lazily loaded font '../../../Engine/Content/Slate/Fonts/Roboto-BoldCondensed.ttf' (158K)
[2018.07.16-12.07.52:089][951]Running D:/Epic Games/UE_4.19/Engine/Binaries/DotNET/UnrealBuildTool.exe FPS Win64 Development -editorrecompile "D:/SpareTime/Unreal/FPS/FPS/FPS.uproject" -invalidatemakefilesonly
[2018.07.16-12.07.52:397][951]Invalidating makefiles only in this run.
[2018.07.16-12.07.52:589][951]Candidate modules for hot reload:
[2018.07.16-12.07.52:590][951]  FPS
[2018.07.16-12.07.52:590][951]Launching UnrealBuildTool... [D:/Epic Games/UE_4.19/Engine/Binaries/DotNET/UnrealBuildTool.exe FPS -ModuleWithSuffix=FPS,7079 Win64 Development -editorrecompile -canskiplink "D:/SpareTime/Unreal/FPS/FPS/FPS.uproject" ]
[2018.07.16-12.08.42:630][951]CompilerResultsLog: New page: Compilation - Jul 16, 2018, 4:08:42 PM
[2018.07.16-12.08.42:633][951]CompilerResultsLog: Using 'git status' to determine working set for adaptive non-unity build.
[2018.07.16-12.08.42:633][951]CompilerResultsLog: Creating makefile for hot reloading FPS (no existing makefile)
[2018.07.16-12.08.42:633][951]CompilerResultsLog: Compiling game modules for hot reload
[2018.07.16-12.08.42:634][951]CompilerResultsLog: Parsing headers for FPSEditor
[2018.07.16-12.08.42:634][951]CompilerResultsLog:   Running UnrealHeaderTool "D:\SpareTime\Unreal\FPS\FPS\FPS.uproject" "D:\SpareTime\Unreal\FPS\FPS\Intermediate\Build\Win64\FPSEditor\Development\FPSEditor.uhtmanifest" -LogCmds="loginit warning, logexit warning, logdatabase error" -Unattended -WarningsAsErrors -installed
[2018.07.16-12.08.42:635][951]CompilerResultsLog: Reflection code generated for FPSEditor in 11.4261157 seconds
[2018.07.16-12.08.42:635][951]CompilerResultsLog: Performing 4 actions (4 in parallel)
[2018.07.16-12.08.42:635][951]CompilerResultsLog: Module.FPS.cpp
[2018.07.16-12.08.42:636][951]CompilerResultsLog: Module.FPS.gen.cpp
[2018.07.16-12.08.42:636][951]CompilerResultsLog: Error: D:\SpareTime\Unreal\FPS\FPS\Source\FPS\AssualtCharacter.cpp(94) : warning C4996: 'USceneComponent::AttachTo': This function is deprecated, please use AttachToComponent instead. Please update your code to the new API before upgrading to the next release, otherwise your project will no longer compile.
[2018.07.16-12.08.42:637][951]CompilerResultsLog: Error: D:\Epic Games\UE_4.19\Engine\Source\Runtime\Engine\Classes\Components/SceneComponent.h(641) : note: see declaration of 'USceneComponent::AttachTo'
[2018.07.16-12.08.42:638][951]CompilerResultsLog: Error: D:\SpareTime\Unreal\FPS\FPS\Source\FPS\AssualtCharacter.cpp(122) : warning C4996: 'USceneComponent::AttachTo': This function is deprecated, please use AttachToComponent instead. Please update your code to the new API before upgrading to the next release, otherwise your project will no longer compile.
[2018.07.16-12.08.42:639][951]CompilerResultsLog: Error: D:\Epic Games\UE_4.19\Engine\Source\Runtime\Engine\Classes\Components/SceneComponent.h(641) : note: see declaration of 'USceneComponent::AttachTo'
[2018.07.16-12.08.42:640][951]CompilerResultsLog: Error: D:\SpareTime\Unreal\FPS\FPS\Source\FPS\BaseWeapon.cpp(55) : warning C4996: 'USceneComponent::AttachTo': This function is deprecated, please use AttachToComponent instead. Please update your code to the new API before upgrading to the next release, otherwise your project will no longer compile.
[2018.07.16-12.08.42:641][951]CompilerResultsLog: Error: D:\Epic Games\UE_4.19\Engine\Source\Runtime\Engine\Classes\Components/SceneComponent.h(641) : note: see declaration of 'USceneComponent::AttachTo'
[2018.07.16-12.08.42:642][951]CompilerResultsLog: Error: D:\SpareTime\Unreal\FPS\FPS\Source\FPS\SMG.cpp(35) : warning C4996: 'USceneComponent::AttachTo': This function is deprecated, please use AttachToComponent instead. Please update your code to the new API before upgrading to the next release, otherwise your project will no longer compile.
[2018.07.16-12.08.42:643][951]CompilerResultsLog: Error: D:\Epic Games\UE_4.19\Engine\Source\Runtime\Engine\Classes\Components/SceneComponent.h(641) : note: see declaration of 'USceneComponent::AttachTo'
[2018.07.16-12.08.42:643][951]CompilerResultsLog: [3/4] Link UE4Editor-FPS-7079.dll
[2018.07.16-12.08.42:644][951]CompilerResultsLog: [4/4] Link UE4Editor-FPS-7079.lib
[2018.07.16-12.08.42:644][951]CompilerResultsLog:    Creating library D:\SpareTime\Unreal\FPS\FPS\Intermediate\Build\Win64\UE4Editor\Development\UE4Editor-FPS-7079.lib and object D:\SpareTime\Unreal\FPS\FPS\Intermediate\Build\Win64\UE4Editor\Development\UE4Editor-FPS-7079.exp
[2018.07.16-12.08.42:645][951]CompilerResultsLog:    Creating library D:\SpareTime\Unreal\FPS\FPS\Intermediate\Build\Win64\UE4Editor\Development\UE4Editor-FPS-7079.suppressed.lib and object D:\SpareTime\Unreal\FPS\FPS\Intermediate\Build\Win64\UE4Editor\Development\UE4Editor-FPS-7079.suppressed.exp
[2018.07.16-12.08.42:645][951]CompilerResultsLog: Total build time: 49.81 seconds (Local executor: 33.64 seconds)
[2018.07.16-12.08.42:646][951]LogMainFrame: MainFrame: Module compiling took 50.063 seconds
[2018.07.16-12.08.42:695][951]LogClass: Could not find existing class ActivateActor in package /Script/FPS for HotReload, assuming new class
[2018.07.16-12.08.42:732][951]LogClass: Collum HotReload.
[2018.07.16-12.08.42:732][951]LogClass: SlotImage HotReload.
[2018.07.16-12.08.42:740][951]LogHotReload: Re-instancing CoverPoint after hot-reload.
[2018.07.16-12.08.44:426][951]LogContentBrowser: Native class hierarchy updated for 'FPS' in 0.0023 seconds. Added 38 classes and 8 folders.
[2018.07.16-12.08.44:431][951]Display: HotReload successful (21 functions remapped  2 scriptstructs remapped)
[2018.07.16-12.08.44:561][951]LogContentBrowser: Native class hierarchy populated in 0.0112 seconds. Added 2491 classes and 568 folders.
[2018.07.16-12.08.44:562][951]Display: HotReload took 52.1s.
[2018.07.16-12.08.44:564][951]Warning: HotReload operation took 52.1s.
[2018.07.16-12.08.44:942][951]LogSlate: Window 'Add C++ Class' being destroyed
[2018.07.16-12.08.44:962][951]LogHotReload: New module detected: UE4Editor-FPS-7079.dll
[2018.07.16-12.08.45:044][952]LogHotReload: Starting Hot-Reload from IDE
[2018.07.16-12.08.45:094][952]LogContentBrowser: Native class hierarchy updated for 'FPS' in 0.0016 seconds. Added 38 classes and 8 folders.
[2018.07.16-12.08.45:098][952]Display: HotReload successful (0 functions remapped  2 scriptstructs remapped)
[2018.07.16-12.08.45:151][952]LogContentBrowser: Native class hierarchy populated in 0.0249 seconds. Added 2491 classes and 568 folders.
[2018.07.16-12.08.45:159][952]Display: HotReload took  0.1s.
[2018.07.16-12.17.30:488][823]Candidate modules for hot reload:
[2018.07.16-12.17.30:488][823]  FPS
[2018.07.16-12.17.30:488][823]Launching UnrealBuildTool... [D:/Epic Games/UE_4.19/Engine/Binaries/DotNET/UnrealBuildTool.exe FPS -ModuleWithSuffix=FPS,4085 Win64 Development -editorrecompile -canskiplink "D:/SpareTime/Unreal/FPS/FPS/FPS.uproject" ]
[2018.07.16-12.17.30:496][823]Warning: Starting HotReload took  0.0s.
[2018.07.16-12.18.18:371][369]CompilerResultsLog: New page: Compilation - Jul 16, 2018, 4:18:18 PM
[2018.07.16-12.18.18:373][369]CompilerResultsLog: Using 'git status' to determine working set for adaptive non-unity build.
[2018.07.16-12.18.18:373][369]CompilerResultsLog: Compiling game modules for hot reload
[2018.07.16-12.18.18:374][369]CompilerResultsLog: Parsing headers for FPSEditor
[2018.07.16-12.18.18:374][369]CompilerResultsLog:   Running UnrealHeaderTool "D:\SpareTime\Unreal\FPS\FPS\FPS.uproject" "D:\SpareTime\Unreal\FPS\FPS\Intermediate\Build\Win64\FPSEditor\Development\FPSEditor.uhtmanifest" -LogCmds="loginit warning, logexit warning, logdatabase error" -Unattended -WarningsAsErrors -installed
[2018.07.16-12.18.18:375][369]CompilerResultsLog: Reflection code generated for FPSEditor in 16.5646899 seconds
[2018.07.16-12.18.18:376][369]CompilerResultsLog: Performing 4 actions (4 in parallel)
[2018.07.16-12.18.18:376][369]CompilerResultsLog: Module.FPS.cpp
[2018.07.16-12.18.18:376][369]CompilerResultsLog: Module.FPS.gen.cpp
[2018.07.16-12.18.18:377][369]CompilerResultsLog: Error: D:\SpareTime\Unreal\FPS\FPS\Source\FPS\AssualtCharacter.cpp(94) : warning C4996: 'USceneComponent::AttachTo': This function is deprecated, please use AttachToComponent instead. Please update your code to the new API before upgrading to the next release, otherwise your project will no longer compile.
[2018.07.16-12.18.18:378][369]CompilerResultsLog: Error: D:\Epic Games\UE_4.19\Engine\Source\Runtime\Engine\Classes\Components/SceneComponent.h(641) : note: see declaration of 'USceneComponent::AttachTo'
[2018.07.16-12.18.18:379][369]CompilerResultsLog: Error: D:\SpareTime\Unreal\FPS\FPS\Source\FPS\AssualtCharacter.cpp(122) : warning C4996: 'USceneComponent::AttachTo': This function is deprecated, please use AttachToComponent instead. Please update your code to the new API before upgrading to the next release, otherwise your project will no longer compile.
[2018.07.16-12.18.18:380][369]CompilerResultsLog: Error: D:\Epic Games\UE_4.19\Engine\Source\Runtime\Engine\Classes\Components/SceneComponent.h(641) : note: see declaration of 'USceneComponent::AttachTo'
[2018.07.16-12.18.18:381][369]CompilerResultsLog: Error: D:\SpareTime\Unreal\FPS\FPS\Source\FPS\BaseWeapon.cpp(55) : warning C4996: 'USceneComponent::AttachTo': This function is deprecated, please use AttachToComponent instead. Please update your code to the new API before upgrading to the next release, otherwise your project will no longer compile.
[2018.07.16-12.18.18:383][369]CompilerResultsLog: Error: D:\Epic Games\UE_4.19\Engine\Source\Runtime\Engine\Classes\Components/SceneComponent.h(641) : note: see declaration of 'USceneComponent::AttachTo'
[2018.07.16-12.18.18:385][369]CompilerResultsLog: Error: D:\SpareTime\Unreal\FPS\FPS\Source\FPS\SMG.cpp(35) : warning C4996: 'USceneComponent::AttachTo': This function is deprecated, please use AttachToComponent instead. Please update your code to the new API before upgrading to the next release, otherwise your project will no longer compile.
[2018.07.16-12.18.18:386][369]CompilerResultsLog: Error: D:\Epic Games\UE_4.19\Engine\Source\Runtime\Engine\Classes\Components/SceneComponent.h(641) : note: see declaration of 'USceneComponent::AttachTo'
[2018.07.16-12.18.18:387][369]CompilerResultsLog: [3/4] Link UE4Editor-FPS-4085.dll
[2018.07.16-12.18.18:387][369]CompilerResultsLog: [4/4] Link UE4Editor-FPS-4085.lib
[2018.07.16-12.18.18:387][369]CompilerResultsLog:    Creating library D:\SpareTime\Unreal\FPS\FPS\Intermediate\Build\Win64\UE4Editor\Development\UE4Editor-FPS-4085.lib and object D:\SpareTime\Unreal\FPS\FPS\Intermediate\Build\Win64\UE4Editor\Development\UE4Editor-FPS-4085.exp
[2018.07.16-12.18.18:388][369]CompilerResultsLog:    Creating library D:\SpareTime\Unreal\FPS\FPS\Intermediate\Build\Win64\UE4Editor\Development\UE4Editor-FPS-4085.suppressed.lib and object D:\SpareTime\Unreal\FPS\FPS\Intermediate\Build\Win64\UE4Editor\Development\UE4Editor-FPS-4085.suppressed.exp
[2018.07.16-12.18.18:389][369]CompilerResultsLog: Total build time: 47.55 seconds (Local executor: 29.52 seconds)
[2018.07.16-12.18.18:389][369]LogMainFrame: MainFrame: Module compiling took 47.908 seconds
[2018.07.16-12.18.18:437][369]LogClass: Could not find existing class ActivateActor in package /Script/FPS for HotReload, assuming new class
[2018.07.16-12.18.18:474][369]LogClass: Collum HotReload.
[2018.07.16-12.18.18:474][369]LogClass: SlotImage HotReload.
[2018.07.16-12.18.18:478][369]LogHotReload: Re-instancing ActivateActor after hot-reload.
[2018.07.16-12.18.18:538][369]LogHotReload: Re-instancing CoverPoint after hot-reload.
[2018.07.16-12.18.20:156][369]LogContentBrowser: Native class hierarchy updated for 'FPS' in 0.0015 seconds. Added 38 classes and 8 folders.
[2018.07.16-12.18.20:159][369]Display: HotReload successful (21 functions remapped  2 scriptstructs remapped)
[2018.07.16-12.18.20:208][369]LogContentBrowser: Native class hierarchy populated in 0.0140 seconds. Added 2491 classes and 568 folders.
[2018.07.16-12.18.20:209][369]Display: HotReload took 49.7s.
[2018.07.16-12.18.27:361][693]LogEditorViewport: Clicking on Actor (LMB): StaticMeshActor (FUSEBOX)
[2018.07.16-12.18.28:734][736]LogSlate: Took 0.003227 seconds to synchronously load lazily loaded font '../../../Engine/Content/Slate/Fonts/Roboto-Italic.ttf' (157K)
[2018.07.16-12.18.29:358][773]LogSlate: FSceneViewport::OnFocusLost() reason 2
[2018.07.16-12.18.32:899][980]LogSlate: FSceneViewport::OnFocusLost() reason 2
[2018.07.16-12.18.48:984][941]LogSlate: FSceneViewport::OnFocusLost() reason 0
[2018.07.16-12.18.54:121][224]Cmd: EDIT COPY
[2018.07.16-12.18.55:699][317]Cmd: EDIT PASTE
[2018.07.16-12.19.46:127][313]Cmd: OBJ SAVEPACKAGE PACKAGE="/Game/Maps/Level1" FILE="../../../../../SpareTime/Unreal/FPS/FPS/Saved/Autosaves/Game/Maps/Level1_Auto1.umap" SILENT=true AUTOSAVING=true KEEPDIRTY=false
[2018.07.16-12.19.46:522][313]LogSavePackage: Save=316.91ms
[2018.07.16-12.19.46:523][313]LogSavePackage: Moving '../../../../../SpareTime/Unreal/FPS/FPS/Saved/Level1_Auto17B7217194554FAE771EB969C48FE58A4.tmp' to '../../../../../SpareTime/Unreal/FPS/FPS/Saved/Autosaves/Game/Maps/Level1_Auto1.umap'
[2018.07.16-12.19.46:526][313]LogSavePackage: Display: Finished SavePackage ../../../../../SpareTime/Unreal/FPS/FPS/Saved/Autosaves/Game/Maps/Level1_Auto1.umap
[2018.07.16-12.19.46:532][313]LogFileHelpers: Editor autosave (incl. sublevels) for '/Game/Maps/Level1' took 0.425
[2018.07.16-12.19.46:533][313]LogFileHelpers: Editor autosave (incl. sublevels) for all levels took 0.425
[2018.07.16-12.19.53:938][757]LogSlate: FSceneViewport::OnFocusLost() reason 0
[2018.07.16-12.19.59:788][108]LogEditorViewport: Clicking on Actor (LMB): StaticMeshActor (FUSEBOX)
[2018.07.16-12.20.01:686][210]LogSlate: FSceneViewport::OnFocusLost() reason 0
[2018.07.16-12.21.01:291][606]LogEditorViewport: Clicking on Actor (LMB): PointLight (PointLight3)
[2018.07.16-12.21.07:744][987]LogSlate: FSceneViewport::OnFocusLost() reason 0
[2018.07.16-12.21.16:387][434]LogEditorViewport: Clicking on Actor (LMB): PointLight (PointLight2)
[2018.07.16-12.21.17:667][505]LogSlate: FSceneViewport::OnFocusLost() reason 0
[2018.07.16-12.21.22:802][759]LogSlate: FSceneViewport::OnFocusLost() reason 0
[2018.07.16-12.23.18:011][161]Cmd: OBJ SAVEPACKAGE PACKAGE="/Game/Maps/Level1" FILE="../../../../../SpareTime/Unreal/FPS/FPS/Content/Maps/Level1.umap" SILENT=true AUTOSAVING=false KEEPDIRTY=false
[2018.07.16-12.23.18:368][161]LogSavePackage: Save=327.10ms
[2018.07.16-12.23.18:369][161]LogSavePackage: Moving '../../../../../SpareTime/Unreal/FPS/FPS/Saved/Level18BA8551E4EF00753E85778B80280C633.tmp' to '../../../../../SpareTime/Unreal/FPS/FPS/Content/Maps/Level1.umap'
[2018.07.16-12.23.18:374][161]LogSavePackage: Display: Finished SavePackage ../../../../../SpareTime/Unreal/FPS/FPS/Content/Maps/Level1.umap
[2018.07.16-12.23.18:410][161]LogFileHelpers: Saving map 'Level1' took 0.482
[2018.07.16-12.23.20:391][273]LogTemp: Repeating last play command: Selected Viewport
[2018.07.16-12.23.20:422][273]LogPlayLevel: PlayLevel: No blueprints needed recompiling
[2018.07.16-12.23.20:428][273]PIE: New page: PIE session: Level1 (Jul 16, 2018, 4:23:20 PM)
[2018.07.16-12.23.20:430][273]LogPlayLevel: Creating play world package: /Game/Maps/UEDPIE_0_Level1
[2018.07.16-12.23.20:450][273]LogPlayLevel: PIE: StaticDuplicateObject took: (0.019875s)
[2018.07.16-12.23.20:451][273]LogAIModule: Creating AISystem for world Level1
[2018.07.16-12.23.20:453][273]LogPlayLevel: PIE: World Init took: (0.002852s)
[2018.07.16-12.23.20:454][273]LogPlayLevel: PIE: Created PIE world by copying editor world from /Game/Maps/Level1.Level1 to /Game/Maps/UEDPIE_0_Level1.Level1 (0.024667s)
[2018.07.16-12.23.20:490][273]LogInit: XAudio2 using 'Luidsprekers (Conexant SmartAudio HD)' : 2 channels at 48 kHz using 32 bits per sample (channel mask 0x3)
[2018.07.16-12.23.20:528][273]LogInit: FAudioDevice initialized.
[2018.07.16-12.23.20:612][273]LogUObjectGlobals: Created PersistentFrame Addr=0x0000020790d56000, Size=128, Default__BP_InGameGUI_C Function /Game/UI/Widgets/BP_InGameGUI.BP_InGameGUI_C:ExecuteUbergraph_BP_InGameGUI
[2018.07.16-12.23.20:633][273]LogUObjectGlobals: Destroyed PersistentFrame Addr=0x0000020790d56000, Size=128
[2018.07.16-12.23.20:634][273]LogUObjectGlobals: Created PersistentFrame Addr=0x0000020790d56000, Size=128, Default__BP_InGameGUI_C Function /Engine/Transient.REINST_BP_InGameGUI_C_0:ExecuteUbergraph_BP_InGameGUI
[2018.07.16-12.23.20:642][273]LogUObjectGlobals: Created PersistentFrame Addr=0x0000020790d54680, Size=128, Default__BP_InGameGUI_C Function /Game/UI/Widgets/BP_InGameGUI.BP_InGameGUI_C:ExecuteUbergraph_BP_InGameGUI
[2018.07.16-12.23.20:669][273]LogUObjectGlobals: Created PersistentFrame Addr=0x00000207cad6ce30, Size=4, Default__OnGroundSlot_C Function /Game/UI/Widgets/Inventory/Ground/OnGroundSlot.OnGroundSlot_C:ExecuteUbergraph_OnGroundSlot
[2018.07.16-12.23.20:674][273]LogUObjectGlobals: Destroyed PersistentFrame Addr=0x00000207cad6ce30, Size=4
[2018.07.16-12.23.20:675][273]LogUObjectGlobals: Created PersistentFrame Addr=0x00000207cad6ce30, Size=4, Default__OnGroundSlot_C Function /Engine/Transient.REINST_OnGroundSlot_C_2:ExecuteUbergraph_OnGroundSlot
[2018.07.16-12.23.20:682][273]LogUObjectGlobals: Created PersistentFrame Addr=0x00000207cad6dd58, Size=4, Default__OnGroundSlot_C Function /Game/UI/Widgets/Inventory/Ground/OnGroundSlot.OnGroundSlot_C:ExecuteUbergraph_OnGroundSlot
[2018.07.16-12.23.20:687][273]LogUObjectGlobals: Created PersistentFrame Addr=0x00000207d465f1a0, Size=160, Default__OnGroundUI_C Function /Game/UI/Widgets/Inventory/Ground/OnGroundUI.OnGroundUI_C:ExecuteUbergraph_OnGroundUI
[2018.07.16-12.23.20:697][273]LogUObjectGlobals: Destroyed PersistentFrame Addr=0x00000207d465f1a0, Size=160
[2018.07.16-12.23.20:697][273]LogUObjectGlobals: Created PersistentFrame Addr=0x00000207d44f7ce0, Size=160, Default__OnGroundUI_C Function /Engine/Transient.REINST_OnGroundUI_C_3:ExecuteUbergraph_OnGroundUI
[2018.07.16-12.23.20:702][273]LogBlueprint: Error: [Compiler OnGroundUI] In use pin  <Unnamed>  no longer exists on node  Get UIComponent . Please refresh node or break links to remove pin.
[2018.07.16-12.23.20:703][273]LogBlueprint: Error: [Compiler OnGroundUI] In use pin  <Unnamed>  no longer exists on node  Get UIComponent . Please refresh node or break links to remove pin.
[2018.07.16-12.23.20:703][273]LogBlueprint: Error: [Compiler OnGroundUI] In use pin  Target  no longer exists on node  Get UIComponent . Please refresh node or break links to remove pin.
[2018.07.16-12.23.20:704][273]LogBlueprint: Error: [Compiler OnGroundUI] In use pin  Return Value  no longer exists on node  Get UIComponent . Please refresh node or break links to remove pin.
[2018.07.16-12.23.20:704][273]LogBlueprint: Error: [Compiler OnGroundUI] Could not find a function named "GetUIComponent" in 'FPSPlayer'.
Make sure 'FPSPlayer' has been compiled for  Get UIComponent
[2018.07.16-12.23.20:706][273]LogBlueprint: Error: [Compiler OnGroundUI] In use pin  <Unnamed>  no longer exists on node  Get UIComponent . Please refresh node or break links to remove pin.
[2018.07.16-12.23.20:707][273]LogBlueprint: Error: [Compiler OnGroundUI] In use pin  <Unnamed>  no longer exists on node  Get UIComponent . Please refresh node or break links to remove pin.
[2018.07.16-12.23.20:708][273]LogBlueprint: Error: [Compiler OnGroundUI] In use pin  Target  no longer exists on node  Get UIComponent . Please refresh node or break links to remove pin.
[2018.07.16-12.23.20:708][273]LogBlueprint: Error: [Compiler OnGroundUI] In use pin  Return Value  no longer exists on node  Get UIComponent . Please refresh node or break links to remove pin.
[2018.07.16-12.23.20:709][273]LogBlueprint: Error: [Compiler OnGroundUI] Could not find a function named "GetUIComponent" in 'FPSPlayer'.
Make sure 'FPSPlayer' has been compiled for  Get UIComponent
[2018.07.16-12.23.20:711][273]LogBlueprint: Error: [Compiler OnGroundUI] Couldn't find target for dynamically bound delegate node  Bind Event to OnUpdateInventory
[2018.07.16-12.23.20:713][273]LogUObjectGlobals: Created PersistentFrame Addr=0x00000207f550b9c0, Size=152, Default__OnGroundUI_C Function /Game/UI/Widgets/Inventory/Ground/OnGroundUI.OnGroundUI_C:ExecuteUbergraph_OnGroundUI
[2018.07.16-12.23.20:714][273]LogBlueprint: Warning: [Compiler OnGroundUI] [0998.91] Compile of OnGroundUI failed. 11 Fatal Issue(s) 0 Warning(s) [in 23 ms] (/Game/UI/Widgets/Inventory/Ground/OnGroundUI.OnGroundUI)
[2018.07.16-12.23.20:722][273]LogUObjectGlobals: Created PersistentFrame Addr=0x00000207cdeb8c98, Size=56, Default__HandSlot_C Function /Game/UI/Widgets/Inventory/HandSlot.HandSlot_C:ExecuteUbergraph_HandSlot
[2018.07.16-12.23.20:729][273]LogUObjectGlobals: Destroyed PersistentFrame Addr=0x00000207cdeb8c98, Size=56
[2018.07.16-12.23.20:729][273]LogUObjectGlobals: Created PersistentFrame Addr=0x00000207cdeb8c98, Size=56, Default__HandSlot_C Function /Engine/Transient.REINST_HandSlot_C_4:ExecuteUbergraph_HandSlot
[2018.07.16-12.23.20:732][273]LogBlueprint: Error: [Compiler HandSlot] In use pin  <Unnamed>  no longer exists on node  Get UIComponent . Please refresh node or break links to remove pin.
[2018.07.16-12.23.20:732][273]LogBlueprint: Error: [Compiler HandSlot] In use pin  <Unnamed>  no longer exists on node  Get UIComponent . Please refresh node or break links to remove pin.
[2018.07.16-12.23.20:733][273]LogBlueprint: Error: [Compiler HandSlot] In use pin  Target  no longer exists on node  Get UIComponent . Please refresh node or break links to remove pin.
[2018.07.16-12.23.20:734][273]LogBlueprint: Error: [Compiler HandSlot] In use pin  Return Value  no longer exists on node  Get UIComponent . Please refresh node or break links to remove pin.
[2018.07.16-12.23.20:734][273]LogBlueprint: Error: [Compiler HandSlot] Could not find a function named "GetUIComponent" in 'FPSPlayer'.
Make sure 'FPSPlayer' has been compiled for  Get UIComponent
[2018.07.16-12.23.20:736][273]LogBlueprint: Error: [Compiler HandSlot] In use pin  <Unnamed>  no longer exists on node  Get UIComponent . Please refresh node or break links to remove pin.
[2018.07.16-12.23.20:737][273]LogBlueprint: Error: [Compiler HandSlot] In use pin  <Unnamed>  no longer exists on node  Get UIComponent . Please refresh node or break links to remove pin.
[2018.07.16-12.23.20:738][273]LogBlueprint: Error: [Compiler HandSlot] In use pin  Target  no longer exists on node  Get UIComponent . Please refresh node or break links to remove pin.
[2018.07.16-12.23.20:739][273]LogBlueprint: Error: [Compiler HandSlot] In use pin  Return Value  no longer exists on node  Get UIComponent . Please refresh node or break links to remove pin.
[2018.07.16-12.23.20:740][273]LogBlueprint: Error: [Compiler HandSlot] Could not find a function named "GetUIComponent" in 'FPSPlayer'.
Make sure 'FPSPlayer' has been compiled for  Get UIComponent
[2018.07.16-12.23.20:741][273]LogBlueprint: Error: [Compiler HandSlot] In use pin  <Unnamed>  no longer exists on node  Get UIComponent . Please refresh node or break links to remove pin.
[2018.07.16-12.23.20:742][273]LogBlueprint: Error: [Compiler HandSlot] In use pin  <Unnamed>  no longer exists on node  Get UIComponent . Please refresh node or break links to remove pin.
[2018.07.16-12.23.20:743][273]LogBlueprint: Error: [Compiler HandSlot] In use pin  Target  no longer exists on node  Get UIComponent . Please refresh node or break links to remove pin.
[2018.07.16-12.23.20:743][273]LogBlueprint: Error: [Compiler HandSlot] Could not find a function named "GetUIComponent" in 'FPSPlayer'.
Make sure 'FPSPlayer' has been compiled for  Get UIComponent
[2018.07.16-12.23.20:744][273]LogBlueprint: Error: [Compiler HandSlot] Couldn't find target for dynamically bound delegate node  Bind Event to OnHandClear
[2018.07.16-12.23.20:745][273]LogUObjectGlobals: Created PersistentFrame Addr=0x00000207b1fa7b20, Size=48, Default__HandSlot_C Function /Game/UI/Widgets/Inventory/HandSlot.HandSlot_C:ExecuteUbergraph_HandSlot
[2018.07.16-12.23.20:747][273]LogBlueprint: Warning: [Compiler HandSlot] [0998.94] Compile of HandSlot failed. 15 Fatal Issue(s) 0 Warning(s) [in 20 ms] (/Game/UI/Widgets/Inventory/HandSlot.HandSlot)
[2018.07.16-12.23.20:762][273]LogUObjectGlobals: Created PersistentFrame Addr=0x00000207d4739280, Size=424, Default__Slot_C Function /Game/UI/Widgets/Inventory/Slot.Slot_C:ExecuteUbergraph_Slot
[2018.07.16-12.23.20:772][273]LogUObjectGlobals: Destroyed PersistentFrame Addr=0x00000207d4739280, Size=424
[2018.07.16-12.23.20:773][273]LogUObjectGlobals: Created PersistentFrame Addr=0x00000207d4739280, Size=424, Default__Slot_C Function /Engine/Transient.REINST_Slot_C_5:ExecuteUbergraph_Slot
[2018.07.16-12.23.20:775][273]LogBlueprint: Error: [Compiler Slot] In use pin  <Unnamed>  no longer exists on node  Get UIComponent . Please refresh node or break links to remove pin.
[2018.07.16-12.23.20:776][273]LogBlueprint: Error: [Compiler Slot] In use pin  <Unnamed>  no longer exists on node  Get UIComponent . Please refresh node or break links to remove pin.
[2018.07.16-12.23.20:776][273]LogBlueprint: Error: [Compiler Slot] In use pin  Target  no longer exists on node  Get UIComponent . Please refresh node or break links to remove pin.
[2018.07.16-12.23.20:777][273]LogBlueprint: Error: [Compiler Slot] In use pin  Return Value  no longer exists on node  Get UIComponent . Please refresh node or break links to remove pin.
[2018.07.16-12.23.20:778][273]LogBlueprint: Error: [Compiler Slot] Could not find a function named "GetUIComponent" in 'FPSPlayer'.
Make sure 'FPSPlayer' has been compiled for  Get UIComponent
[2018.07.16-12.23.20:778][273]LogBlueprint: Error: [Compiler Slot] In use pin  <Unnamed>  no longer exists on node  Get UIComponent . Please refresh node or break links to remove pin.
[2018.07.16-12.23.20:779][273]LogBlueprint: Error: [Compiler Slot] In use pin  <Unnamed>  no longer exists on node  Get UIComponent . Please refresh node or break links to remove pin.
[2018.07.16-12.23.20:780][273]LogBlueprint: Error: [Compiler Slot] In use pin  Target  no longer exists on node  Get UIComponent . Please refresh node or break links to remove pin.
[2018.07.16-12.23.20:780][273]LogBlueprint: Error: [Compiler Slot] In use pin  Return Value  no longer exists on node  Get UIComponent . Please refresh node or break links to remove pin.
[2018.07.16-12.23.20:781][273]LogBlueprint: Error: [Compiler Slot] Could not find a function named "GetUIComponent" in 'FPSPlayer'.
Make sure 'FPSPlayer' has been compiled for  Get UIComponent
[2018.07.16-12.23.20:782][273]LogBlueprint: Error: [Compiler Slot] In use pin  <Unnamed>  no longer exists on node  Get UIComponent . Please refresh node or break links to remove pin.
[2018.07.16-12.23.20:783][273]LogBlueprint: Error: [Compiler Slot] In use pin  <Unnamed>  no longer exists on node  Get UIComponent . Please refresh node or break links to remove pin.
[2018.07.16-12.23.20:784][273]LogBlueprint: Error: [Compiler Slot] In use pin  Target  no longer exists on node  Get UIComponent . Please refresh node or break links to remove pin.
[2018.07.16-12.23.20:784][273]LogBlueprint: Error: [Compiler Slot] In use pin  Return Value  no longer exists on node  Get UIComponent . Please refresh node or break links to remove pin.
[2018.07.16-12.23.20:785][273]LogBlueprint: Error: [Compiler Slot] Could not find a function named "GetUIComponent" in 'FPSPlayer'.
Make sure 'FPSPlayer' has been compiled for  Get UIComponent
[2018.07.16-12.23.20:786][273]LogBlueprint: Error: [Compiler Slot] In use pin  <Unnamed>  no longer exists on node  Get UIComponent . Please refresh node or break links to remove pin.
[2018.07.16-12.23.20:787][273]LogBlueprint: Error: [Compiler Slot] In use pin  <Unnamed>  no longer exists on node  Get UIComponent . Please refresh node or break links to remove pin.
[2018.07.16-12.23.20:787][273]LogBlueprint: Error: [Compiler Slot] In use pin  Target  no longer exists on node  Get UIComponent . Please refresh node or break links to remove pin.
[2018.07.16-12.23.20:788][273]LogBlueprint: Error: [Compiler Slot] In use pin  Return Value  no longer exists on node  Get UIComponent . Please refresh node or break links to remove pin.
[2018.07.16-12.23.20:788][273]LogBlueprint: Error: [Compiler Slot] Could not find a function named "GetUIComponent" in 'FPSPlayer'.
Make sure 'FPSPlayer' has been compiled for  Get UIComponent
[2018.07.16-12.23.20:790][273]LogUObjectGlobals: Created PersistentFrame Addr=0x00000207d4738640, Size=400, Default__Slot_C Function /Game/UI/Widgets/Inventory/Slot.Slot_C:ExecuteUbergraph_Slot
[2018.07.16-12.23.20:791][273]LogBlueprint: Warning: [Compiler Slot] [0998.98] Compile of Slot failed. 20 Fatal Issue(s) 0 Warning(s) [in 23 ms] (/Game/UI/Widgets/Inventory/Slot.Slot)
[2018.07.16-12.23.20:794][273]LogUObjectGlobals: Created PersistentFrame Addr=0x000002079d270270, Size=40, Default__InventorySlots_C Function /Game/UI/Widgets/Inventory/InventorySlots.InventorySlots_C:ExecuteUbergraph_InventorySlots
[2018.07.16-12.23.20:819][273]LogUObjectGlobals: Destroyed PersistentFrame Addr=0x000002079d270270, Size=40
[2018.07.16-12.23.20:820][273]LogUObjectGlobals: Created PersistentFrame Addr=0x000002079d270270, Size=40, Default__InventorySlots_C Function /Engine/Transient.REINST_InventorySlots_C_6:ExecuteUbergraph_InventorySlots
[2018.07.16-12.23.20:823][273]LogBlueprint: Error: [Compiler InventorySlots] In use pin  <Unnamed>  no longer exists on node  Get UIComponent . Please refresh node or break links to remove pin.
[2018.07.16-12.23.20:823][273]LogBlueprint: Error: [Compiler InventorySlots] In use pin  <Unnamed>  no longer exists on node  Get UIComponent . Please refresh node or break links to remove pin.
[2018.07.16-12.23.20:824][273]LogBlueprint: Error: [Compiler InventorySlots] In use pin  Target  no longer exists on node  Get UIComponent . Please refresh node or break links to remove pin.
[2018.07.16-12.23.20:824][273]LogBlueprint: Error: [Compiler InventorySlots] In use pin  Return Value  no longer exists on node  Get UIComponent . Please refresh node or break links to remove pin.
[2018.07.16-12.23.20:825][273]LogBlueprint: Error: [Compiler InventorySlots] Could not find a function named "GetUIComponent" in 'FPSPlayer'.
Make sure 'FPSPlayer' has been compiled for  Get UIComponent
[2018.07.16-12.23.20:833][273]LogUObjectGlobals: Created PersistentFrame Addr=0x000002080209dc60, Size=32, Default__InventorySlots_C Function /Game/UI/Widgets/Inventory/InventorySlots.InventorySlots_C:ExecuteUbergraph_InventorySlots
[2018.07.16-12.23.20:835][273]LogBlueprint: Warning: [Compiler InventorySlots] [0999.03] Compile of InventorySlots failed. 5 Fatal Issue(s) 0 Warning(s) [in 23 ms] (/Game/UI/Widgets/Inventory/InventorySlots.InventorySlots)
[2018.07.16-12.23.20:848][273]LogUObjectGlobals: Created PersistentFrame Addr=0x00000207a3dfba60, Size=80, Default__TaskDisplay_C Function /Game/UI/Widgets/Task/TaskDisplay.TaskDisplay_C:ExecuteUbergraph_TaskDisplay
[2018.07.16-12.23.20:851][273]LogUObjectGlobals: Destroyed PersistentFrame Addr=0x00000207a3dfba60, Size=80
[2018.07.16-12.23.20:852][273]LogUObjectGlobals: Created PersistentFrame Addr=0x00000207a3dfba60, Size=80, Default__TaskDisplay_C Function /Engine/Transient.REINST_TaskDisplay_C_7:ExecuteUbergraph_TaskDisplay
[2018.07.16-12.23.20:854][273]LogUObjectGlobals: Created PersistentFrame Addr=0x00000207a3df8950, Size=80, Default__TaskDisplay_C Function /Game/UI/Widgets/Task/TaskDisplay.TaskDisplay_C:ExecuteUbergraph_TaskDisplay
[2018.07.16-12.23.20:857][273]LogUObjectGlobals: Created PersistentFrame Addr=0x000002079d272868, Size=40, Default__UIHUD_C Function /Game/UI/Widgets/UIHUD.UIHUD_C:ExecuteUbergraph_UIHUD
[2018.07.16-12.23.20:863][273]LogUObjectGlobals: Destroyed PersistentFrame Addr=0x000002079d272868, Size=40
[2018.07.16-12.23.20:864][273]LogUObjectGlobals: Created PersistentFrame Addr=0x000002079d272868, Size=40, Default__UIHUD_C Function /Engine/Transient.REINST_UIHUD_C_8:ExecuteUbergraph_UIHUD
[2018.07.16-12.23.20:866][273]LogBlueprint: Error: [Compiler UIHUD] In use pin  <Unnamed>  no longer exists on node  Get UIComponent . Please refresh node or break links to remove pin.
[2018.07.16-12.23.20:867][273]LogBlueprint: Error: [Compiler UIHUD] In use pin  <Unnamed>  no longer exists on node  Get UIComponent . Please refresh node or break links to remove pin.
[2018.07.16-12.23.20:867][273]LogBlueprint: Error: [Compiler UIHUD] In use pin  Target  no longer exists on node  Get UIComponent . Please refresh node or break links to remove pin.
[2018.07.16-12.23.20:868][273]LogBlueprint: Error: [Compiler UIHUD] In use pin  Return Value  no longer exists on node  Get UIComponent . Please refresh node or break links to remove pin.
[2018.07.16-12.23.20:869][273]LogBlueprint: Error: [Compiler UIHUD] Could not find a function named "GetUIComponent" in 'FPSPlayer'.
Make sure 'FPSPlayer' has been compiled for  Get UIComponent
[2018.07.16-12.23.20:871][273]LogBlueprint: Error: [Compiler UIHUD] This blueprint (self) is not a FPSPlayer, therefore ' Target ' must have a connection.
[2018.07.16-12.23.20:872][273]LogUObjectGlobals: Created PersistentFrame Addr=0x00000207f5156a20, Size=32, Default__UIHUD_C Function /Game/UI/Widgets/UIHUD.UIHUD_C:ExecuteUbergraph_UIHUD
[2018.07.16-12.23.20:874][273]LogBlueprint: Warning: [Compiler UIHUD] [0999.07] Compile of UIHUD failed. 6 Fatal Issue(s) 0 Warning(s) [in 12 ms] (/Game/UI/Widgets/UIHUD.UIHUD)
[2018.07.16-12.23.20:974][273]LogLoad: Game class is 'BP_FPSGameModeBase_C'
[2018.07.16-12.23.21:004][273]LogWorld: Bringing World /Game/Maps/UEDPIE_0_Level1.Level1 up for play (max tick rate 60) at 2018.07.16-14.23.21
[2018.07.16-12.23.21:035][273]LogWorld: Bringing up level for play took: 0.044456
[2018.07.16-12.23.21:093][273]LogContentBrowser: Native class hierarchy updated for 'MovieSceneCapture' in 0.0013 seconds. Added 11 classes and 0 folders.
[2018.07.16-12.23.21:124][273]PIE: Play in editor start time for /Game/Maps/UEDPIE_0_Level1 1.029
[2018.07.16-12.23.23:249][347]LogUObjectGlobals: Destroyed PersistentFrame Addr=0x00000207cdeb8c98, Size=56
[2018.07.16-12.23.23:250][347]LogUObjectGlobals: Destroyed PersistentFrame Addr=0x00000207d44f7ce0, Size=160
[2018.07.16-12.23.23:250][347]LogUObjectGlobals: Destroyed PersistentFrame Addr=0x00000207cad6ce30, Size=4
[2018.07.16-12.23.23:251][347]LogUObjectGlobals: Destroyed PersistentFrame Addr=0x0000020790d56000, Size=128
[2018.07.16-12.23.23:252][347]LogUObjectGlobals: Destroyed PersistentFrame Addr=0x00000207d4739280, Size=424
[2018.07.16-12.23.23:253][347]LogUObjectGlobals: Destroyed PersistentFrame Addr=0x000002079d270270, Size=40
[2018.07.16-12.23.23:254][347]LogUObjectGlobals: Destroyed PersistentFrame Addr=0x00000207a3dfba60, Size=80
[2018.07.16-12.23.23:254][347]LogUObjectGlobals: Destroyed PersistentFrame Addr=0x000002079d272868, Size=40
