Log file open, 05/28/18 17:25:28
LogWindows: Failed to load 'aqProf.dll' (GetLastError=126)
LogWindows: File 'aqProf.dll' does not exist
LogWindows: Failed to load 'VtuneApi.dll' (GetLastError=126)
LogWindows: File 'VtuneApi.dll' does not exist
LogWindows: Failed to load 'VtuneApi32e.dll' (GetLastError=126)
LogWindows: File 'VtuneApi32e.dll' does not exist
LogInit: Display: Running engine for game: FPS
LogPlatformFile: Not using cached read wrapper
LogInit: Display: RandInit(-1777151314) SRandInit(-1777151314).
LogInit: Read version file with build ID '3944462'
LogInit: Overriding engine version to CL 4033788, compatible CL 3944462
LogInit: Registered custom module enumerator with build ID '3944462'
LogTaskGraph: Started task graph with 5 named threads and 23 total threads with 3 sets of task threads.
LogStats: Stats thread started at 0.275204
LogD3D11RHI: Aftermath initialized
LogICUInternationalization: Display: ICU TimeZone Detection - Raw Offset: +1:00, Platform Override: ''
LogPluginManager: Mounting plugin Paper2D
LogPluginManager: Mounting plugin LiveLink
LogPluginManager: Mounting plugin LightPropagationVolume
LogPluginManager: Mounting plugin CLionSourceCodeAccess
LogPluginManager: Mounting plugin CodeLiteSourceCodeAccess
LogPluginManager: Mounting plugin GitSourceControl
LogPluginManager: Mounting plugin KDevelopSourceCodeAccess
LogPluginManager: Mounting plugin NullSourceCodeAccess
LogPluginManager: Mounting plugin PerforceSourceControl
LogPluginManager: Mounting plugin SubversionSourceControl
LogPluginManager: Mounting plugin UObjectPlugin
LogPluginManager: Mounting plugin VisualStudioCodeSourceCodeAccess
LogPluginManager: Mounting plugin VisualStudioSourceCodeAccess
LogPluginManager: Mounting plugin XCodeSourceCodeAccess
LogPluginManager: Mounting plugin AssetManagerEditor
LogPluginManager: Mounting plugin CryptoKeys
LogPluginManager: Mounting plugin DataValidation
LogPluginManager: Mounting plugin FacialAnimation
LogPluginManager: Mounting plugin GameplayTagsEditor
LogPluginManager: Mounting plugin MobileLauncherProfileWizard
LogPluginManager: Mounting plugin PluginBrowser
LogPluginManager: Mounting plugin SpeedTreeImporter
LogPluginManager: Mounting plugin DatasmithContent
LogPluginManager: Mounting plugin AlembicImporter
LogPluginManager: Mounting plugin CharacterAI
LogPluginManager: Mounting plugin HTML5Networking
LogPluginManager: Mounting plugin AndroidMedia
LogPluginManager: Mounting plugin AvfMedia
LogPluginManager: Mounting plugin ImgMedia
LogPluginManager: Mounting plugin LinearTimecode
LogPluginManager: Mounting plugin MediaCompositing
LogPluginManager: Mounting plugin MediaPlayerEditor
LogPluginManager: Mounting plugin WmfMedia
LogPluginManager: Mounting plugin TcpMessaging
LogPluginManager: Mounting plugin UdpMessaging
LogPluginManager: Mounting plugin ActorSequence
LogPluginManager: Mounting plugin LevelSequenceEditor
LogPluginManager: Mounting plugin MatineeToLevelSequence
LogPluginManager: Mounting plugin NetcodeUnitTest
LogPluginManager: Mounting plugin NUTUnrealEngine4
LogPluginManager: Mounting plugin OnlineSubsystemGooglePlay
LogPluginManager: Mounting plugin OnlineSubsystemIOS
LogPluginManager: Mounting plugin OnlineSubsystem
LogPluginManager: Mounting plugin OnlineSubsystemNull
LogPluginManager: Mounting plugin OnlineSubsystemUtils
LogPluginManager: Mounting plugin AndroidDeviceProfileSelector
LogPluginManager: Mounting plugin AndroidMoviePlayer
LogPluginManager: Mounting plugin AndroidPermission
LogPluginManager: Mounting plugin AppleARKit
LogPluginManager: Mounting plugin AppleMoviePlayer
LogPluginManager: Mounting plugin ArchVisCharacter
LogPluginManager: Mounting plugin AudioCapture
LogPluginManager: Mounting plugin CableComponent
LogPluginManager: Mounting plugin CustomMeshComponent
LogPluginManager: Mounting plugin ExampleDeviceProfileSelector
LogPluginManager: Mounting plugin GoogleCloudMessaging
LogPluginManager: Mounting plugin ImmediatePhysics
LogPluginManager: Mounting plugin IOSDeviceProfileSelector
LogPluginManager: Mounting plugin LinuxDeviceProfileSelector
LogPluginManager: Mounting plugin LocationServicesBPLibrary
LogPluginManager: Mounting plugin MobilePatchingUtils
LogPluginManager: Mounting plugin OculusVR
LogPluginManager: Plugin shader directory ../../../Engine/Plugins/Runtime/Oculus/OculusVR/Shaders found
LogPluginManager: Mapping shader source directory ../../../Engine/Plugins/Runtime/Oculus/OculusVR/Shaders to virtual directory /Plugin/OculusVR
LogPluginManager: Mounting plugin PhysXVehicles
LogPluginManager: Mounting plugin ProceduralMeshComponent
LogPluginManager: Mounting plugin RuntimePhysXCooking
LogPluginManager: Mounting plugin SteamVR
LogPluginManager: Mounting plugin WindowsMoviePlayer
LogStreaming: Display: Took  0.077s to configure plugins.
LogModuleManager: Display: Found up-to-date module file ../../../../../SpareTime/Unreal/FPS/FPS/Binaries/Win64/UE4Editor-FPS.dll (API version 3944462).
LogModuleManager: Display: Found up-to-date module file ../../../Engine/Plugins/2D/Paper2D/Binaries/Win64/UE4Editor-Paper2D.dll (API version 3944462).
LogModuleManager: Display: Found up-to-date module file ../../../Engine/Plugins/2D/Paper2D/Binaries/Win64/UE4Editor-Paper2DEditor.dll (API version 3944462).
LogModuleManager: Display: Found up-to-date module file ../../../Engine/Plugins/2D/Paper2D/Binaries/Win64/UE4Editor-PaperSpriteSheetImporter.dll (API version 3944462).
LogModuleManager: Display: Found up-to-date module file ../../../Engine/Plugins/2D/Paper2D/Binaries/Win64/UE4Editor-PaperTiledImporter.dll (API version 3944462).
LogModuleManager: Display: Found up-to-date module file ../../../Engine/Plugins/2D/Paper2D/Binaries/Win64/UE4Editor-SmartSnapping.dll (API version 3944462).
LogModuleManager: Display: Found up-to-date module file ../../../Engine/Plugins/Animation/LiveLink/Binaries/Win64/UE4Editor-LiveLink.dll (API version 3944462).
LogModuleManager: Display: Found up-to-date module file ../../../Engine/Plugins/Animation/LiveLink/Binaries/Win64/UE4Editor-LiveLinkEditor.dll (API version 3944462).
LogModuleManager: Display: Found up-to-date module file ../../../Engine/Plugins/Blendables/LightPropagationVolume/Binaries/Win64/UE4Editor-LightPropagationVolumeRuntime.dll (API version 3944462).
LogModuleManager: Display: Found up-to-date module file ../../../Engine/Plugins/Blendables/LightPropagationVolume/Binaries/Win64/UE4Editor-LightPropagationVolumeEditor.dll (API version 3944462).
LogModuleManager: Display: Found up-to-date module file ../../../Engine/Plugins/Developer/CLionSourceCodeAccess/Binaries/Win64/UE4Editor-CLionSourceCodeAccess.dll (API version 3944462).
LogModuleManager: Display: Found up-to-date module file ../../../Engine/Plugins/Developer/GitSourceControl/Binaries/Win64/UE4Editor-GitSourceControl.dll (API version 3944462).
LogModuleManager: Display: Found up-to-date module file ../../../Engine/Plugins/Developer/PerforceSourceControl/Binaries/Win64/UE4Editor-PerforceSourceControl.dll (API version 3944462).
LogModuleManager: Display: Found up-to-date module file ../../../Engine/Plugins/Developer/SubversionSourceControl/Binaries/Win64/UE4Editor-SubversionSourceControl.dll (API version 3944462).
LogModuleManager: Display: Found up-to-date module file ../../../Engine/Plugins/Developer/UObjectPlugin/Binaries/Win64/UE4Editor-UObjectPlugin.dll (API version 3944462).
LogModuleManager: Display: Found up-to-date module file ../../../Engine/Plugins/Developer/VisualStudioCodeSourceCodeAccess/Binaries/Win64/UE4Editor-VisualStudioCodeSourceCodeAccess.dll (API version 3944462).
LogModuleManager: Display: Found up-to-date module file ../../../Engine/Plugins/Developer/VisualStudioSourceCodeAccess/Binaries/Win64/UE4Editor-VisualStudioSourceCodeAccess.dll (API version 3944462).
LogModuleManager: Display: Found up-to-date module file ../../../Engine/Plugins/Editor/AssetManagerEditor/Binaries/Win64/UE4Editor-AssetManagerEditor.dll (API version 3944462).
LogModuleManager: Display: Found up-to-date module file ../../../Engine/Plugins/Editor/CryptoKeys/Binaries/Win64/UE4Editor-CryptoKeys.dll (API version 3944462).
LogModuleManager: Display: Found up-to-date module file ../../../Engine/Plugins/Editor/CryptoKeys/Binaries/Win64/UE4Editor-CryptoKeysOpenSSL.dll (API version 3944462).
LogModuleManager: Display: Found up-to-date module file ../../../Engine/Plugins/Editor/DataValidation/Binaries/Win64/UE4Editor-DataValidation.dll (API version 3944462).
LogModuleManager: Display: Found up-to-date module file ../../../Engine/Plugins/Editor/FacialAnimation/Binaries/Win64/UE4Editor-FacialAnimation.dll (API version 3944462).
LogModuleManager: Display: Found up-to-date module file ../../../Engine/Plugins/Editor/FacialAnimation/Binaries/Win64/UE4Editor-FacialAnimationEditor.dll (API version 3944462).
LogModuleManager: Display: Found up-to-date module file ../../../Engine/Plugins/Editor/GameplayTagsEditor/Binaries/Win64/UE4Editor-GameplayTagsEditor.dll (API version 3944462).
LogModuleManager: Display: Found up-to-date module file ../../../Engine/Plugins/Editor/MobileLauncherProfileWizard/Binaries/Win64/UE4Editor-MobileLauncherProfileWizard.dll (API version 3944462).
LogModuleManager: Display: Found up-to-date module file ../../../Engine/Plugins/Editor/PluginBrowser/Binaries/Win64/UE4Editor-PluginBrowser.dll (API version 3944462).
LogModuleManager: Display: Found up-to-date module file ../../../Engine/Plugins/Editor/SpeedTreeImporter/Binaries/Win64/UE4Editor-SpeedTreeImporter.dll (API version 3944462).
LogModuleManager: Display: Found up-to-date module file ../../../Engine/Plugins/Enterprise/DatasmithContent/Binaries/Win64/UE4Editor-DatasmithContent.dll (API version 3944462).
LogModuleManager: Display: Found up-to-date module file ../../../Engine/Plugins/Experimental/AlembicImporter/Binaries/Win64/UE4Editor-AlembicImporter.dll (API version 3944462).
LogModuleManager: Display: Found up-to-date module file ../../../Engine/Plugins/Experimental/AlembicImporter/Binaries/Win64/UE4Editor-AlembicLibrary.dll (API version 3944462).
LogModuleManager: Display: Found up-to-date module file ../../../Engine/Plugins/Experimental/CharacterAI/Binaries/Win64/UE4Editor-CharacterAI.dll (API version 3944462).
LogModuleManager: Display: Found up-to-date module file ../../../Engine/Plugins/Experimental/HTML5Networking/Binaries/Win64/UE4Editor-HTML5Networking.dll (API version 3944462).
LogModuleManager: Display: Found up-to-date module file ../../../Engine/Plugins/Media/AndroidMedia/Binaries/Win64/UE4Editor-AndroidMediaEditor.dll (API version 3944462).
LogModuleManager: Display: Found up-to-date module file ../../../Engine/Plugins/Media/AndroidMedia/Binaries/Win64/UE4Editor-AndroidMediaFactory.dll (API version 3944462).
LogModuleManager: Display: Found up-to-date module file ../../../Engine/Plugins/Media/AvfMedia/Binaries/Win64/UE4Editor-AvfMediaEditor.dll (API version 3944462).
LogModuleManager: Display: Found up-to-date module file ../../../Engine/Plugins/Media/AvfMedia/Binaries/Win64/UE4Editor-AvfMediaFactory.dll (API version 3944462).
LogModuleManager: Display: Found up-to-date module file ../../../Engine/Plugins/Media/AvfMedia/Binaries/Win64/UE4Editor-AvfMediaFactory.dll (API version 3944462).
LogModuleManager: Display: Found up-to-date module file ../../../Engine/Plugins/Media/ImgMedia/Binaries/Win64/UE4Editor-ImgMedia.dll (API version 3944462).
LogModuleManager: Display: Found up-to-date module file ../../../Engine/Plugins/Media/ImgMedia/Binaries/Win64/UE4Editor-ImgMediaEditor.dll (API version 3944462).
LogModuleManager: Display: Found up-to-date module file ../../../Engine/Plugins/Media/ImgMedia/Binaries/Win64/UE4Editor-ImgMediaFactory.dll (API version 3944462).
LogModuleManager: Display: Found up-to-date module file ../../../Engine/Plugins/Media/ImgMedia/Binaries/Win64/UE4Editor-ImgMediaFactory.dll (API version 3944462).
LogModuleManager: Display: Found up-to-date module file ../../../Engine/Plugins/Media/ImgMedia/Binaries/Win64/UE4Editor-OpenExrWrapper.dll (API version 3944462).
LogModuleManager: Display: Found up-to-date module file ../../../Engine/Plugins/Media/LinearTimecode/Binaries/Win64/UE4Editor-LinearTimecode.dll (API version 3944462).
LogModuleManager: Display: Found up-to-date module file ../../../Engine/Plugins/Media/MediaCompositing/Binaries/Win64/UE4Editor-MediaCompositing.dll (API version 3944462).
LogModuleManager: Display: Found up-to-date module file ../../../Engine/Plugins/Media/MediaCompositing/Binaries/Win64/UE4Editor-MediaCompositingEditor.dll (API version 3944462).
LogModuleManager: Display: Found up-to-date module file ../../../Engine/Plugins/Media/MediaPlayerEditor/Binaries/Win64/UE4Editor-MediaPlayerEditor.dll (API version 3944462).
LogModuleManager: Display: Found up-to-date module file ../../../Engine/Plugins/Media/WmfMedia/Binaries/Win64/UE4Editor-WmfMedia.dll (API version 3944462).
LogModuleManager: Display: Found up-to-date module file ../../../Engine/Plugins/Media/WmfMedia/Binaries/Win64/UE4Editor-WmfMediaEditor.dll (API version 3944462).
LogModuleManager: Display: Found up-to-date module file ../../../Engine/Plugins/Media/WmfMedia/Binaries/Win64/UE4Editor-WmfMediaFactory.dll (API version 3944462).
LogModuleManager: Display: Found up-to-date module file ../../../Engine/Plugins/Media/WmfMedia/Binaries/Win64/UE4Editor-WmfMediaFactory.dll (API version 3944462).
LogModuleManager: Display: Found up-to-date module file ../../../Engine/Plugins/Messaging/TcpMessaging/Binaries/Win64/UE4Editor-TcpMessaging.dll (API version 3944462).
LogModuleManager: Display: Found up-to-date module file ../../../Engine/Plugins/Messaging/UdpMessaging/Binaries/Win64/UE4Editor-UdpMessaging.dll (API version 3944462).
LogModuleManager: Display: Found up-to-date module file ../../../Engine/Plugins/MovieScene/ActorSequence/Binaries/Win64/UE4Editor-ActorSequence.dll (API version 3944462).
LogModuleManager: Display: Found up-to-date module file ../../../Engine/Plugins/MovieScene/LevelSequenceEditor/Binaries/Win64/UE4Editor-LevelSequenceEditor.dll (API version 3944462).
LogModuleManager: Display: Found up-to-date module file ../../../Engine/Plugins/MovieScene/MatineeToLevelSequence/Binaries/Win64/UE4Editor-MatineeToLevelSequence.dll (API version 3944462).
LogModuleManager: Display: Found up-to-date module file ../../../Engine/Plugins/NetcodeUnitTest/NetcodeUnitTest/Binaries/Win64/UE4Editor-NetcodeUnitTest.dll (API version 3944462).
LogModuleManager: Display: Found up-to-date module file ../../../Engine/Plugins/NetcodeUnitTest/NUTUnrealEngine4/Binaries/Win64/UE4Editor-NUTUnrealEngine4.dll (API version 3944462).
LogModuleManager: Display: Found up-to-date module file ../../../Engine/Plugins/Online/OnlineSubsystem/Binaries/Win64/UE4Editor-OnlineSubsystem.dll (API version 3944462).
LogModuleManager: Display: Found up-to-date module file ../../../Engine/Plugins/Online/OnlineSubsystemNull/Binaries/Win64/UE4Editor-OnlineSubsystemNull.dll (API version 3944462).
LogModuleManager: Display: Found up-to-date module file ../../../Engine/Plugins/Online/OnlineSubsystemUtils/Binaries/Win64/UE4Editor-OnlineSubsystemUtils.dll (API version 3944462).
LogModuleManager: Display: Found up-to-date module file ../../../Engine/Plugins/Online/OnlineSubsystemUtils/Binaries/Win64/UE4Editor-OnlineBlueprintSupport.dll (API version 3944462).
LogModuleManager: Display: Found up-to-date module file ../../../Engine/Plugins/Runtime/AndroidDeviceProfileSelector/Binaries/Win64/UE4Editor-AndroidDeviceProfileSelector.dll (API version 3944462).
LogModuleManager: Display: Found up-to-date module file ../../../Engine/Plugins/Runtime/AndroidPermission/Binaries/Win64/UE4Editor-AndroidPermission.dll (API version 3944462).
LogModuleManager: Display: Found up-to-date module file ../../../Engine/Plugins/Runtime/AppleARKit/Binaries/Win64/UE4Editor-AppleARKit.dll (API version 3944462).
LogModuleManager: Display: Found up-to-date module file ../../../Engine/Plugins/Runtime/ArchVisCharacter/Binaries/Win64/UE4Editor-ArchVisCharacter.dll (API version 3944462).
LogModuleManager: Display: Found up-to-date module file ../../../Engine/Plugins/Runtime/AudioCapture/Binaries/Win64/UE4Editor-AudioCapture.dll (API version 3944462).
LogModuleManager: Display: Found up-to-date module file ../../../Engine/Plugins/Runtime/AudioCapture/Binaries/Win64/UE4Editor-AudioCaptureEditor.dll (API version 3944462).
LogModuleManager: Display: Found up-to-date module file ../../../Engine/Plugins/Runtime/CableComponent/Binaries/Win64/UE4Editor-CableComponent.dll (API version 3944462).
LogModuleManager: Display: Found up-to-date module file ../../../Engine/Plugins/Runtime/CustomMeshComponent/Binaries/Win64/UE4Editor-CustomMeshComponent.dll (API version 3944462).
LogModuleManager: Display: Found up-to-date module file ../../../Engine/Plugins/Runtime/ExampleDeviceProfileSelector/Binaries/Win64/UE4Editor-ExampleDeviceProfileSelector.dll (API version 3944462).
LogModuleManager: Display: Found up-to-date module file ../../../Engine/Plugins/Runtime/ImmediatePhysics/Binaries/Win64/UE4Editor-ImmediatePhysics.dll (API version 3944462).
LogModuleManager: Display: Found up-to-date module file ../../../Engine/Plugins/Runtime/ImmediatePhysics/Binaries/Win64/UE4Editor-ImmediatePhysicsEditor.dll (API version 3944462).
LogModuleManager: Display: Found up-to-date module file ../../../Engine/Plugins/Runtime/LocationServicesBPLibrary/Binaries/Win64/UE4Editor-LocationServicesBPLibrary.dll (API version 3944462).
LogModuleManager: Display: Found up-to-date module file ../../../Engine/Plugins/Runtime/MobilePatchingUtils/Binaries/Win64/UE4Editor-MobilePatchingUtils.dll (API version 3944462).
LogModuleManager: Display: Found up-to-date module file ../../../Engine/Plugins/Runtime/Oculus/OculusVR/Binaries/Win64/UE4Editor-OculusHMD.dll (API version 3944462).
LogModuleManager: Display: Found up-to-date module file ../../../Engine/Plugins/Runtime/Oculus/OculusVR/Binaries/Win64/UE4Editor-OculusInput.dll (API version 3944462).
LogModuleManager: Display: Found up-to-date module file ../../../Engine/Plugins/Runtime/Oculus/OculusVR/Binaries/Win64/UE4Editor-OculusEditor.dll (API version 3944462).
LogModuleManager: Display: Found up-to-date module file ../../../Engine/Plugins/Runtime/PhysXVehicles/Binaries/Win64/UE4Editor-PhysXVehicles.dll (API version 3944462).
LogModuleManager: Display: Found up-to-date module file ../../../Engine/Plugins/Runtime/PhysXVehicles/Binaries/Win64/UE4Editor-PhysXVehiclesEditor.dll (API version 3944462).
LogModuleManager: Display: Found up-to-date module file ../../../Engine/Plugins/Runtime/ProceduralMeshComponent/Binaries/Win64/UE4Editor-ProceduralMeshComponent.dll (API version 3944462).
LogModuleManager: Display: Found up-to-date module file ../../../Engine/Plugins/Runtime/ProceduralMeshComponent/Binaries/Win64/UE4Editor-ProceduralMeshComponentEditor.dll (API version 3944462).
LogModuleManager: Display: Found up-to-date module file ../../../Engine/Plugins/Runtime/RuntimePhysXCooking/Binaries/Win64/UE4Editor-RuntimePhysXCooking.dll (API version 3944462).
LogModuleManager: Display: Found up-to-date module file ../../../Engine/Plugins/Runtime/Steam/SteamVR/Binaries/Win64/UE4Editor-SteamVR.dll (API version 3944462).
LogModuleManager: Display: Found up-to-date module file ../../../Engine/Plugins/Runtime/Steam/SteamVR/Binaries/Win64/UE4Editor-SteamVRController.dll (API version 3944462).
LogModuleManager: Display: Found up-to-date module file ../../../Engine/Plugins/Runtime/WindowsMoviePlayer/Binaries/Win64/UE4Editor-WindowsMoviePlayer.dll (API version 3944462).
LogInit: Using libcurl 7.47.1
LogInit:  - built for x86_64-pc-win32
LogInit:  - supports SSL with OpenSSL/1.0.2g
LogInit:  - supports HTTP deflate (compression) using libz 1.2.8
LogInit:  - other features:
LogInit:      CURL_VERSION_SSL
LogInit:      CURL_VERSION_LIBZ
LogInit:      CURL_VERSION_IPV6
LogInit:      CURL_VERSION_ASYNCHDNS
LogInit:      CURL_VERSION_LARGEFILE
LogInit:      CURL_VERSION_IDN
LogInit:  CurlRequestOptions (configurable via config and command line):
LogInit:  - bVerifyPeer = false  - Libcurl will NOT verify peer certificate
LogInit:  - bUseHttpProxy = false  - Libcurl will NOT use HTTP proxy
LogInit:  - bDontReuseConnections = false  - Libcurl will reuse connections
LogInit:  - CertBundlePath = nullptr  - Libcurl will use whatever was configured at build time.
LogInit:  - MaxHostConnections = 16  - Libcurl will limit the number of connections to a host
LogInit:  - LocalHostAddr = Default
LogInit: WinSock: version 1.1 (2.2), MaxSocks=32767, MaxUdp=65467
LogInit: WinSock: I am Tom-Laptop (192.168.1.87:0)
LogInit: Build: ++UE4+Release-4.19-CL-4033788
LogInit: Engine Version: 4.19.2-4033788+++UE4+Release-4.19
LogInit: Compatible Engine Version: 4.19.0-3944462+++UE4+Release-4.19
LogInit: Net CL: 3944462
LogDevObjectVersion: Number of dev versions registered: 18
LogDevObjectVersion:   Dev-Blueprints (B0D832E4-1F89-4F0D-ACCF-7EB736FD4AA2): 10
LogDevObjectVersion:   Dev-Build (E1C64328-A22C-4D53-A36C-8E866417BD8C): 0
LogDevObjectVersion:   Dev-Core (375EC13C-06E4-48FB-B500-84F0262A717E): 2
LogDevObjectVersion:   Dev-Editor (E4B068ED-F494-42E9-A231-DA0B2E46BB41): 23
LogDevObjectVersion:   Dev-Framework (CFFC743F-43B0-4480-9391-14DF171D2073): 33
LogDevObjectVersion:   Dev-Mobile (B02B49B5-BB20-44E9-A304-32B752E40360): 2
LogDevObjectVersion:   Dev-Networking (A4E4105C-59A1-49B5-A7C5-40C4547EDFEE): 0
LogDevObjectVersion:   Dev-Online (39C831C9-5AE6-47DC-9A44-9C173E1C8E7C): 0
LogDevObjectVersion:   Dev-Physics (78F01B33-EBEA-4F98-B9B4-84EACCB95AA2): 0
LogDevObjectVersion:   Dev-Platform (6631380F-2D4D-43E0-8009-CF276956A95A): 0
LogDevObjectVersion:   Dev-Rendering (12F88B9F-8875-4AFC-A67C-D90C383ABD29): 25
LogDevObjectVersion:   Dev-Sequencer (7B5AE74C-D270-4C10-A958-57980B212A5A): 6
LogDevObjectVersion:   Dev-VR (D7296918-1DD6-4BDD-9DE2-64A83CC13884): 1
LogDevObjectVersion:   Dev-LoadTimes (C2A15278-BFE7-4AFE-6C17-90FF531DF755): 1
LogDevObjectVersion:   Private-Geometry (6EACA3D4-40EC-4CC1-B786-8BED09428FC5): 2
LogDevObjectVersion:   Dev-AnimPhys (29E575DD-E0A3-4627-9D10-D276232CDCEA): 16
LogDevObjectVersion:   Dev-ReflectionCapture (6B266CEC-1EC7-4B8F-A30B-E4D90942FC07): 1
LogDevObjectVersion:   Dev-Automation (0DF73D61-A23F-47EA-B727-89E90C41499A): 1
LogInit: Compiled (64-bit): Apr 27 2018 02:06:57
LogInit: Compiled with Visual C++: 19.00.24215.01
LogInit: Build Configuration: Development
LogInit: Branch Name: ++UE4+Release-4.19
LogInit: Command Line:  
LogInit: Base Directory: D:/Epic Games/UE_4.19/Engine/Binaries/Win64/
LogInit: Installed Engine Build: 1
LogStreaming: Display: Took  0.002s to delete old logs.
LogInit: Presizing for max 8388607 objects, including 0 objects not considered by GC, pre-allocating 0 bytes for permanent pool.
LogInit: Object subsystem initialized
[2018.05.28-15.25.30:052][  0]LogInit: Selected Device Profile: [Windows]
[2018.05.28-15.25.30:052][  0]LogInit: Applying CVar settings loaded from the selected device profile: [Windows]
[2018.05.28-15.25.30:062][  0]LogInit: Computer: TOM-LAPTOP
[2018.05.28-15.25.30:063][  0]LogInit: User: tomco
[2018.05.28-15.25.30:063][  0]LogInit: CPU Page size=4096, Cores=4
[2018.05.28-15.25.30:063][  0]LogInit: High frequency timer resolution =2.531252 MHz
[2018.05.28-15.25.30:063][  0]LogMemory: Memory total: Physical=7.9GB (8GB approx)
[2018.05.28-15.25.30:063][  0]LogMemory: Platform Memory Stats for Windows
[2018.05.28-15.25.30:063][  0]LogMemory: Process Physical Memory: 275.25 MB used, 275.25 MB peak
[2018.05.28-15.25.30:063][  0]LogMemory: Process Virtual Memory: 266.10 MB used, 266.10 MB peak
[2018.05.28-15.25.30:063][  0]LogMemory: Physical Memory: 5516.44 MB used,  2574.08 MB free, 8090.52 MB total
[2018.05.28-15.25.30:063][  0]LogMemory: Virtual Memory: 4786.08 MB used,  2574.08 MB free, 134217728.00 MB total
[2018.05.28-15.25.30:086][  0]LogInit: Using OS detected language (en-US).
[2018.05.28-15.25.30:086][  0]LogInit: Using OS detected locale (en-US).
[2018.05.28-15.25.30:090][  0]LogTextLocalizationManager: No specific localization for 'en-US' exists, so the 'en' localization will be used.
[2018.05.28-15.25.30:559][  0]LogStreaming: Display: Took  0.474s to EndInitTextLocalization.
[2018.05.28-15.25.30:560][  0]LogInit: Setting process to per monitor DPI aware
[2018.05.28-15.25.30:601][  0]LogSlate: New Slate User Created.  User Index 0, Is Virtual User: 0
[2018.05.28-15.25.30:601][  0]LogSlate: Slate User Registered.  User Index 0, Is Virtual User: 0
[2018.05.28-15.25.30:848][  0]LogD3D11RHI: D3D11 adapters:
[2018.05.28-15.25.30:901][  0]LogD3D11RHI:    0. 'NVIDIA GeForce GTX 960M' (Feature Level 11_0)
[2018.05.28-15.25.30:901][  0]LogD3D11RHI:       2019/0/4045 MB DedicatedVideo/DedicatedSystem/SharedSystem, Outputs:1, VendorId:0x10de
[2018.05.28-15.25.30:909][  0]LogD3D11RHI:    1. 'Intel(R) HD Graphics 530' (Feature Level 11_0)
[2018.05.28-15.25.30:909][  0]LogD3D11RHI:       128/0/4045 MB DedicatedVideo/DedicatedSystem/SharedSystem, Outputs:0, VendorId:0x8086
[2018.05.28-15.25.30:911][  0]LogD3D11RHI:    2. 'Microsoft Basic Render Driver' (Feature Level 11_0)
[2018.05.28-15.25.30:911][  0]LogD3D11RHI:       0/0/4045 MB DedicatedVideo/DedicatedSystem/SharedSystem, Outputs:0, VendorId:0x1414
[2018.05.28-15.25.30:911][  0]LogD3D11RHI: Chosen D3D11 Adapter: 0
[2018.05.28-15.25.30:927][  0]LogD3D11RHI: Creating new Direct3DDevice
[2018.05.28-15.25.30:928][  0]LogD3D11RHI:     GPU DeviceId: 0x139b (for the marketing name, search the web for "GPU Device Id")
[2018.05.28-15.25.30:928][  0]LogWindows: EnumDisplayDevices:
[2018.05.28-15.25.30:928][  0]LogWindows:    0. 'Intel(R) HD Graphics 530' (P:1 D:1)
[2018.05.28-15.25.30:928][  0]LogWindows:    1. 'Intel(R) HD Graphics 530' (P:0 D:0)
[2018.05.28-15.25.30:928][  0]LogWindows:    2. 'Intel(R) HD Graphics 530' (P:0 D:0)
[2018.05.28-15.25.30:928][  0]LogWindows: DebugString: GetVideoDriverDetailsInvalid PrimaryIsNotTheChoosenAdapter GetVideoDriverDetailsInvalid PrimaryIsNotTheChoosenAdapter GetVideoDriverDetailsInvalid PrimaryIsNotTheChoosenAdapter FoundDriverCount:0 
[2018.05.28-15.25.30:928][  0]LogD3D11RHI:     Adapter Name: NVIDIA GeForce GTX 960M
[2018.05.28-15.25.30:928][  0]LogD3D11RHI:   Driver Version: Unknown (internal:Unknown, unified:Unknown)
[2018.05.28-15.25.30:928][  0]LogD3D11RHI:      Driver Date: Unknown
[2018.05.28-15.25.30:928][  0]LogRHI: Texture pool is 1413 MB (70% of 2019 MB)
[2018.05.28-15.25.30:954][  0]LogD3D11RHI: [Aftermath] Aftermath enabled but failed to initialize
[2018.05.28-15.25.30:954][  0]LogD3D11RHI: [Aftermath] Aftermath enabled and primed
[2018.05.28-15.25.30:954][  0]LogD3D11RHI: Async texture creation enabled
[2018.05.28-15.25.30:967][  0]LogD3D11RHI: GPU Timing Frequency: 1000.000000 (Debug: 2 1)
[2018.05.28-15.25.30:968][  0]LogShaderCompilers: Guid format shader working directory is 7 characters bigger than the processId version (../../../../../SpareTime/Unreal/FPS/FPS/Intermediate/Shaders/WorkingDirectory/8448/).
[2018.05.28-15.25.30:968][  0]LogShaderCompilers: Cleaned the shader compiler working directory 'C:/Users/tomco/AppData/Local/Temp/UnrealShaderWorkingDir/EDE2712D4F52AC6F32D36C926F75CA43/'.
[2018.05.28-15.25.31:261][  0]LogTemp: Display: Loaded TP AllDesktopTargetPlatform
[2018.05.28-15.25.31:279][  0]LogTemp: Display: Loaded TP MacClientTargetPlatform
[2018.05.28-15.25.31:292][  0]LogTemp: Display: Loaded TP MacNoEditorTargetPlatform
[2018.05.28-15.25.31:304][  0]LogTemp: Display: Loaded TP MacServerTargetPlatform
[2018.05.28-15.25.31:318][  0]LogTemp: Display: Loaded TP MacTargetPlatform
[2018.05.28-15.25.31:331][  0]LogTemp: Display: Loaded TP WindowsClientTargetPlatform
[2018.05.28-15.25.31:345][  0]LogTemp: Display: Loaded TP WindowsNoEditorTargetPlatform
[2018.05.28-15.25.31:359][  0]LogTemp: Display: Loaded TP WindowsServerTargetPlatform
[2018.05.28-15.25.31:368][  0]LogTemp: Display: Loaded TP WindowsTargetPlatform
[2018.05.28-15.25.31:388][  0]LogTemp: Display: Loaded TP Android_ASTCTargetPlatform
[2018.05.28-15.25.31:401][  0]LogTemp: Display: Loaded TP Android_ATCTargetPlatform
[2018.05.28-15.25.31:413][  0]LogTemp: Display: Loaded TP Android_DXTTargetPlatform
[2018.05.28-15.25.31:425][  0]LogTemp: Display: Loaded TP Android_ETC1aTargetPlatform
[2018.05.28-15.25.31:440][  0]LogTemp: Display: Loaded TP Android_ETC1TargetPlatform
[2018.05.28-15.25.31:454][  0]LogTemp: Display: Loaded TP Android_ETC2TargetPlatform
[2018.05.28-15.25.31:483][  0]LogTemp: Display: Loaded TP Android_MultiTargetPlatform
[2018.05.28-15.25.31:483][  0]LogTemp: Display: Loaded TP Android_PVRTCTargetPlatform
[2018.05.28-15.25.31:504][  0]LogTemp: Display: Loaded TP AndroidTargetPlatform
[2018.05.28-15.25.31:505][  0]LogTemp: Display: Loaded TP HTML5TargetPlatform
[2018.05.28-15.25.31:547][  0]LogTemp: Display: Loaded TP IOSTargetPlatform
[2018.05.28-15.25.31:559][  0]LogTemp: Display: Loaded TP TVOSTargetPlatform
[2018.05.28-15.25.31:573][  0]LogTemp: Display: Loaded TP LinuxClientTargetPlatform
[2018.05.28-15.25.31:586][  0]LogTemp: Display: Loaded TP LinuxNoEditorTargetPlatform
[2018.05.28-15.25.31:599][  0]LogTemp: Display: Loaded TP LinuxServerTargetPlatform
[2018.05.28-15.25.31:612][  0]LogTemp: Display: Loaded TP LinuxTargetPlatform
[2018.05.28-15.25.31:612][  0]LogTargetPlatformManager: Display: Building Assets For Windows
[2018.05.28-15.25.31:719][  0]LogXGEController: Cleaning working directory: C:/Users/tomco/AppData/Local/Temp/UnrealXGEWorkingDir/
[2018.05.28-15.25.31:719][  0]LogXGEController: Cannot use XGE Controller as Incredibuild is not installed on this machine.
[2018.05.28-15.25.31:720][  0]LogShaderCompilers: Cannot use XGE Shader Compiler as Incredibuild is not installed on this machine.
[2018.05.28-15.25.31:720][  0]LogShaderCompilers: Display: Using Local Shader Compiler.
[2018.05.28-15.25.32:459][  0]LogDerivedDataCache: Display: Max Cache Size: 512 MB
[2018.05.28-15.25.32:544][  0]LogDerivedDataCache: Loaded boot cache 0.08s 76MB C:/Users/tomco/AppData/Local/UnrealEngine/4.19/DerivedDataCache/Boot.ddc.
[2018.05.28-15.25.32:544][  0]LogDerivedDataCache: Display: Loaded Boot cache: C:/Users/tomco/AppData/Local/UnrealEngine/4.19/DerivedDataCache/Boot.ddc
[2018.05.28-15.25.32:544][  0]LogDerivedDataCache: FDerivedDataBackendGraph:  Pak pak cache file ../../../../../SpareTime/Unreal/FPS/FPS/DerivedDataCache/DDC.ddp not found, will not use a pak cache.
[2018.05.28-15.25.32:544][  0]LogDerivedDataCache: Unable to find inner node Pak for hierarchical cache Hierarchy.
[2018.05.28-15.25.32:544][  0]LogDerivedDataCache: FDerivedDataBackendGraph:  CompressedPak pak cache file ../../../../../SpareTime/Unreal/FPS/FPS/DerivedDataCache/Compressed.ddp not found, will not use a pak cache.
[2018.05.28-15.25.32:544][  0]LogDerivedDataCache: Unable to find inner node CompressedPak for hierarchical cache Hierarchy.
[2018.05.28-15.25.32:563][  0]LogDerivedDataCache: Display: Pak cache opened for reading ../../../Engine/DerivedDataCache/Compressed.ddp.
[2018.05.28-15.25.32:576][  0]LogDerivedDataCache: Using Local data cache path C:/Users/tomco/AppData/Local/UnrealEngine/Common/DerivedDataCache: Writable
[2018.05.28-15.25.32:576][  0]LogDerivedDataCache: Shared data cache path not found in *engine.ini, will not use an Shared cache.
[2018.05.28-15.25.32:576][  0]LogDerivedDataCache: Unable to find inner node Shared for hierarchical cache Hierarchy.
[2018.05.28-15.25.32:592][  0]LogMaterial: Verifying Global Shaders for PCD3D_SM5
[2018.05.28-15.25.32:593][  0]LogSlate: Using Freetype 2.6.0
[2018.05.28-15.25.32:593][  0]LogSlate: SlateFontCache - WITH_FREETYPE: 1, WITH_HARFBUZZ: 1
[2018.05.28-15.25.32:593][  0]LogSlate: SlateFontCache - WITH_FREETYPE: 1, WITH_HARFBUZZ: 1
[2018.05.28-15.25.32:723][  0]LogAssetRegistry: FAssetRegistry took 0.0277 seconds to start up
[2018.05.28-15.25.33:079][  0]LogInit: Selected Device Profile: [Windows]
[2018.05.28-15.25.33:234][  0]LogSimplygon: Simplygon DLL not present - disabling.
[2018.05.28-15.25.33:237][  0]LogMeshReduction: Using SimplygonSwarm for distributed automatic mesh merging
[2018.05.28-15.25.33:237][  0]LogMeshReduction: Using QuadricMeshReduction for automatic static mesh reduction
[2018.05.28-15.25.33:237][  0]LogMeshReduction: No automatic skeletal mesh reduction module available
[2018.05.28-15.25.33:237][  0]LogMeshReduction: No automatic mesh merging module available
[2018.05.28-15.25.33:237][  0]LogMeshMerging: No automatic mesh merging module available
[2018.05.28-15.25.33:270][  0]LogNetVersion: FPS , NetCL: 3944462, EngineNetVer: 2, GameNetVer: 0 (Checksum: 2326512385)
[2018.05.28-15.25.33:749][  0]LogPackageLocalizationCache: Processed 9 localized package path(s) for 2 prioritized culture(s) in 0.077668 seconds
[2018.05.28-15.25.33:755][  0]LogUObjectArray: 36728 objects as part of root set at end of initial load.
[2018.05.28-15.25.33:755][  0]LogUObjectAllocator: 7314312 out of 0 bytes used by permanent object pool.
[2018.05.28-15.25.33:755][  0]LogUObjectArray: CloseDisregardForGC: 0/0 objects in disregard for GC pool
[2018.05.28-15.25.35:654][  0]LogTcpMessaging: Initializing TcpMessaging bridge
[2018.05.28-15.25.35:683][  0]LogUdpMessaging: Initializing bridge on interface 0.0.0.0:0 to multicast group 230.0.0.1:6666.
[2018.05.28-15.25.35:951][  0]LogSkeletalMesh: Skeletal Mesh found in DDC [0.978567ms] /Game/Models/Player/Arms/Arms_SMG.Arms_SMG
[2018.05.28-15.25.35:974][  0]LogUObjectGlobals: Created PersistentFrame Addr=0x0000023f72321440, Size=80, Default__BP_SMGAnim_C Function /Game/Animations/SMG/BP_SMGAnim.BP_SMGAnim_C:ExecuteUbergraph_BP_SMGAnim
[2018.05.28-15.25.35:986][  0]LogUObjectGlobals: Destroyed PersistentFrame Addr=0x0000023f72321440, Size=80
[2018.05.28-15.25.35:986][  0]LogUObjectGlobals: Created PersistentFrame Addr=0x0000023f71dc2750, Size=80, Default__BP_SMGAnim_C Function /Engine/Transient.REINST_BP_SMGAnim_C_0:ExecuteUbergraph_BP_SMGAnim
[2018.05.28-15.25.35:996][  0]LogUObjectGlobals: Created PersistentFrame Addr=0x0000023f72fa28e0, Size=80, Default__BP_SMGAnim_C Function /Game/Animations/SMG/BP_SMGAnim.BP_SMGAnim_C:ExecuteUbergraph_BP_SMGAnim
[2018.05.28-15.25.36:168][  0]SourceControl: Source control is disabled
[2018.05.28-15.25.36:169][  0]SourceControl: Source control is disabled
[2018.05.28-15.25.36:185][  0]SourceControl: Source control is disabled
[2018.05.28-15.25.36:201][  0]SourceControl: Source control is disabled
[2018.05.28-15.25.36:660][  0]LogAndroidPermission: UAndroidPermissionCallbackProxy::GetInstance
[2018.05.28-15.25.36:803][  0]LogOcInput: OculusInput pre-init called
[2018.05.28-15.25.36:907][  0]LogEngine: Initializing Engine...
[2018.05.28-15.25.36:932][  0]LogHMD: Failed to initialize OpenVR with code 126
[2018.05.28-15.25.36:934][  0]LogStats: UGameplayTagsManager::ConstructGameplayTagTree: Construct from data asset -  0.000 s
[2018.05.28-15.25.36:934][  0]LogStats: UGameplayTagsManager::ConstructGameplayTagTree: GameplayTagTreeChangedEvent.Broadcast -  0.000 s
[2018.05.28-15.25.37:185][  0]LogAIModule: Creating AISystem for world Untitled
[2018.05.28-15.25.37:214][  0]LogInit: XAudio2 using 'Luidsprekers (Conexant SmartAudio HD)' : 2 channels at 48 kHz using 32 bits per sample (channel mask 0x3)
[2018.05.28-15.25.37:248][  0]LogInit: FAudioDevice initialized.
[2018.05.28-15.25.37:338][  0]LogDerivedDataCache: Saved boot cache 0.09s 76MB C:/Users/tomco/AppData/Local/UnrealEngine/4.19/DerivedDataCache/Boot.ddc.
[2018.05.28-15.25.37:351][  0]LogInit: Texture streaming: Enabled
[2018.05.28-15.25.37:366][  0]LogEngineSessionManager: EngineSessionManager initialized
[2018.05.28-15.25.37:366][  0]LogEngineSessionManager: EngineSessionManager sent abnormal shutdown report. Type=Crashed, SessionId={BCE01977-41CC-046A-CA8F-77BD6603A6D7}
[2018.05.28-15.25.37:379][  0]LogInit: Transaction tracking system initialized
[2018.05.28-15.25.37:397][  0]BlueprintLog: New page: Editor Load
[2018.05.28-15.25.37:472][  0]LocalizationService: Localization service is disabled
[2018.05.28-15.25.37:563][  0]LogConsoleResponse: Display: 
[2018.05.28-15.25.37:732][  0]LogCook: Display: Max memory allowance for cook 16384mb min free memory 0mb
[2018.05.28-15.25.37:732][  0]LogCook: Display: Mobile HDR setting 1
[2018.05.28-15.25.37:732][  0]LogGameplayTags: Display: UGameplayTagsManager::DoneAddingNativeTags. DelegateIsBound: 0
[2018.05.28-15.25.37:732][  0]LogStats: UGameplayTagsManager::ConstructGameplayTagTree: Construct from data asset -  0.000 s
[2018.05.28-15.25.37:732][  0]LogStats: UGameplayTagsManager::ConstructGameplayTagTree: GameplayTagTreeChangedEvent.Broadcast -  0.000 s
[2018.05.28-15.25.38:075][  0]LogFileCache: Scanning file cache for directory 'D:/SpareTime/Unreal/FPS/FPS/Content/' took 0.02s
[2018.05.28-15.25.38:075][  0]SourceControl: Source control is disabled
[2018.05.28-15.25.38:075][  0]Cmd: MAP LOAD FILE="../../../../../SpareTime/Unreal/FPS/FPS/Content/Maps/Level1.umap" TEMPLATE=0 SHOWPROGRESS=1 FEATURELEVEL=3
[2018.05.28-15.25.38:076][  0]LightingResults: New page: Lighting Build
[2018.05.28-15.25.38:078][  0]MapCheck: New page: Map Check
[2018.05.28-15.25.38:078][  0]LightingResults: New page: Lighting Build
[2018.05.28-15.25.38:090][  0]LogUObjectGlobals: Destroyed PersistentFrame Addr=0x0000023f71dc2750, Size=80
[2018.05.28-15.25.38:984][  0]LogAIModule: Creating AISystem for world Level1
[2018.05.28-15.25.39:009][  0]LogEditorServer: Finished looking for orphan Actors (0.000 secs)
[2018.05.28-15.25.39:024][  0]Cmd: MAP CHECKDEP NOCLEARLOG
[2018.05.28-15.25.39:099][  0]MapCheck: Map check complete: 0 Error(s), 0 Warning(s), took 74.927ms to complete.
[2018.05.28-15.25.39:099][  0]LogFileHelpers: Loading map 'Level1' took 1.024
[2018.05.28-15.25.39:251][  0]LogCollectionManager: Loaded 0 collections in 0.001000 seconds
[2018.05.28-15.25.39:292][  0]LogFileCache: Scanning file cache for directory 'D:/SpareTime/Unreal/FPS/FPS/Saved/Collections/' took 0.01s
[2018.05.28-15.25.39:292][  0]LogFileCache: Scanning file cache for directory 'D:/SpareTime/Unreal/FPS/FPS/Content/Developers/tomco/Collections/' took 0.01s
[2018.05.28-15.25.39:292][  0]LogFileCache: Scanning file cache for directory 'D:/SpareTime/Unreal/FPS/FPS/Content/Collections/' took 0.01s
[2018.05.28-15.25.39:292][  0]LogCollectionManager: Rebuilt the GUID cache for 0 collections in 0.000000 seconds
[2018.05.28-15.25.39:303][  0]LogContentBrowser: Native class hierarchy populated in 0.0104 seconds. Added 2466 classes and 563 folders.
[2018.05.28-15.25.39:308][  0]LogContentBrowser: Native class hierarchy updated for 'WidgetCarousel' in 0.0007 seconds. Added 0 classes and 0 folders.
[2018.05.28-15.25.39:354][  0]LogContentBrowser: Native class hierarchy updated for 'AddContentDialog' in 0.0007 seconds. Added 0 classes and 0 folders.
[2018.05.28-15.25.40:603][  0]LogSlate: Only BGRA pngs, bmps or icos are supported in by External Image Picker
[2018.05.28-15.25.40:630][  0]LogSlate: Took 0.000271 seconds to synchronously load lazily loaded font '../../../Engine/Content/Slate/Fonts/Roboto-Regular.ttf' (155K)
[2018.05.28-15.25.40:633][  0]LogSlate: Took 0.000287 seconds to synchronously load lazily loaded font '../../../Engine/Content/Slate/Fonts/Roboto-Bold.ttf' (160K)
[2018.05.28-15.25.40:644][  0]LogSlate: Took 0.000304 seconds to synchronously load lazily loaded font '../../../Engine/Content/Editor/Slate/Fonts/FontAwesome.ttf' (139K)
[2018.05.28-15.25.40:795][  0]LogTemp: Executing iPhonePackager certificates Engine -bundlename com.YourCompany.FPS
[2018.05.28-15.25.40:795][  0]LogTemp: CWD: D:\Epic Games\UE_4.19\Engine\Binaries\DotNET\IOS
[2018.05.28-15.25.40:795][  0]LogTemp: Initial Dir: D:\Epic Games\UE_4.19
[2018.05.28-15.25.40:795][  0]LogTemp: Env CWD: D:\Epic Games\UE_4.19\Engine\Binaries\DotNET\IOS
[2018.05.28-15.25.40:795][  0]LogTemp: BranchPath = TOM-LAPTOP/D/Epic Games/UE_4.19/Engine/Binaries --- GameBranchPath = TOM-LAPTOP/D/Epic Games/UE_4.19/Engine/Binaries
[2018.05.28-15.25.40:795][  0]LogTemp: IPP ERROR: Could not find provision directory 'C:\Users\tomco\AppData\Local/Apple Computer/MobileDevice/Provisioning Profiles/'.
[2018.05.28-15.25.40:795][  0]LogRenderer: Reallocating scene render targets to support 908x600 Format 10 NumSamples 1 (Frame:1).
[2018.05.28-15.25.41:059][  0]LogContentBrowser: Native class hierarchy updated for 'HierarchicalLODOutliner' in 0.0009 seconds. Added 0 classes and 0 folders.
[2018.05.28-15.25.41:059][  0]LogLoad: (Engine Initialization) Total time: 13.79 seconds
[2018.05.28-15.25.41:059][  0]LogLoad: (Engine Initialization) Total Blueprint compile time: 0.00 seconds
[2018.05.28-15.25.41:069][  0]LogWindowsTextInputMethodSystem: Display: IME system now deactivated.
[2018.05.28-15.25.41:096][  0]LogContentStreaming: Texture pool size now 1000 MB
[2018.05.28-15.25.41:163][  1]LogAssetRegistry: Asset discovery search completed in 8.4623 seconds
[2018.05.28-15.25.41:165][  1]LogCollectionManager: Rebuilt the object cache for 0 collections in 0.000000 seconds (found 0 objects)
[2018.05.28-15.25.41:165][  1]LogCollectionManager: Fixed up redirectors for 0 collections in 0.000070 seconds (updated 0 objects)
[2018.05.28-15.25.45:148][230]LogSlate: Took 0.003419 seconds to synchronously load lazily loaded font '../../../Engine/Content/Slate/Fonts/Roboto-Light.ttf' (167K)
[2018.05.28-15.25.50:773][564]LogSlate: FSceneViewport::OnFocusLost() reason 0
[2018.05.28-15.25.52:115][643]LogSlate: Took 0.000907 seconds to synchronously load lazily loaded font '../../../Engine/Content/Slate/Fonts/Roboto-Light.ttf' (167K)
[2018.05.28-15.25.52:201][643]LogSkeletalMesh: Skeletal Mesh found in DDC [13.284730ms] /Game/Models/Enemy/Soldier.Soldier
[2018.05.28-15.25.52:224][643]LogAIModule: Creating AISystem for world AITestMap
[2018.05.28-15.25.52:246][643]Cmd: MAP LOAD FILE="../../../../../SpareTime/Unreal/FPS/FPS/Content/Maps/AITestMap.umap" TEMPLATE=0 SHOWPROGRESS=1 FEATURELEVEL=3
[2018.05.28-15.25.52:246][643]LightingResults: New page: Lighting Build
[2018.05.28-15.25.52:247][643]LoadErrors: New page: Loading map: AITestMap.umap
[2018.05.28-15.25.52:250][643]MapCheck: New page: Map Check
[2018.05.28-15.25.52:250][643]LightingResults: New page: Lighting Build
[2018.05.28-15.25.52:320][643]LogEditorServer: Finished looking for orphan Actors (0.000 secs)
[2018.05.28-15.25.52:365][643]Cmd: MAP CHECKDEP NOCLEARLOG
[2018.05.28-15.25.52:448][643]MapCheck: Map check complete: 0 Error(s), 0 Warning(s), took 83.233ms to complete.
[2018.05.28-15.25.52:454][643]LogFileHelpers: Loading map 'AITestMap' took 0.210
[2018.05.28-15.25.55:561][920]LogEditorViewport: Clicking on Actor (LMB): BP_AssualtCharacter_C (BP_AssualtCharacter)
[2018.05.28-15.26.06:804][556]LogSlate: FSceneViewport::OnFocusLost() reason 0
[2018.05.28-15.26.08:551][675]LogSlate: Took 0.000277 seconds to synchronously load lazily loaded font '../../../Engine/Content/Slate/Fonts/Roboto-BoldCondensed.ttf' (158K)
[2018.05.28-15.26.27:670][940]Cmd: OBJ SAVEPACKAGE PACKAGE="/Game/AI/AssaultCharacter/AssualtBT" FILE="../../../../../SpareTime/Unreal/FPS/FPS/Content/AI/AssaultCharacter/AssualtBT.uasset" SILENT=true
[2018.05.28-15.26.27:730][940]LogSavePackage: Save=11.16ms
[2018.05.28-15.26.27:730][940]LogSavePackage: Moving '../../../../../SpareTime/Unreal/FPS/FPS/Saved/AssualtBT37FEAA404A4517EEE988F8803A7F16EF.tmp' to '../../../../../SpareTime/Unreal/FPS/FPS/Content/AI/AssaultCharacter/AssualtBT.uasset'
[2018.05.28-15.26.27:733][940]LogSavePackage: Display: Finished SavePackage ../../../../../SpareTime/Unreal/FPS/FPS/Content/AI/AssaultCharacter/AssualtBT.uasset
[2018.05.28-15.26.30:052][134]LogTemp: Repeating last play command: Selected Viewport
[2018.05.28-15.26.30:088][134]LogPlayLevel: PlayLevel: No blueprints needed recompiling
[2018.05.28-15.26.30:088][134]PIE: New page: PIE session: AITestMap (May 28, 2018, 7:26:30 PM)
[2018.05.28-15.26.30:088][134]LogPlayLevel: Creating play world package: /Game/Maps/UEDPIE_0_AITestMap
[2018.05.28-15.26.30:092][134]LogPlayLevel: PIE: StaticDuplicateObject took: (0.003641s)
[2018.05.28-15.26.30:093][134]LogAIModule: Creating AISystem for world AITestMap
[2018.05.28-15.26.30:094][134]LogPlayLevel: PIE: World Init took: (0.001331s)
[2018.05.28-15.26.30:094][134]LogPlayLevel: PIE: Created PIE world by copying editor world from /Game/Maps/AITestMap.AITestMap to /Game/Maps/UEDPIE_0_AITestMap.AITestMap (0.005300s)
[2018.05.28-15.26.30:116][134]LogInit: XAudio2 using 'Luidsprekers (Conexant SmartAudio HD)' : 2 channels at 48 kHz using 32 bits per sample (channel mask 0x3)
[2018.05.28-15.26.30:155][134]LogInit: FAudioDevice initialized.
[2018.05.28-15.26.30:207][134]LogUObjectGlobals: Created PersistentFrame Addr=0x0000023f0d6e4f00, Size=104, Default__BP_InGameGUI_C Function /Game/UI/Widgets/BP_InGameGUI.BP_InGameGUI_C:ExecuteUbergraph_BP_InGameGUI
[2018.05.28-15.26.30:210][134]LogUObjectGlobals: Destroyed PersistentFrame Addr=0x0000023f0d6e4f00, Size=104
[2018.05.28-15.26.30:210][134]LogUObjectGlobals: Created PersistentFrame Addr=0x0000023f0d6e4f00, Size=104, Default__BP_InGameGUI_C Function /Engine/Transient.REINST_BP_InGameGUI_C_0:ExecuteUbergraph_BP_InGameGUI
[2018.05.28-15.26.30:212][134]LogUObjectGlobals: Created PersistentFrame Addr=0x0000023fabf799f0, Size=104, Default__BP_InGameGUI_C Function /Game/UI/Widgets/BP_InGameGUI.BP_InGameGUI_C:ExecuteUbergraph_BP_InGameGUI
[2018.05.28-15.26.30:240][134]LogLoad: Game class is 'BP_FPSGameModeBase_C'
[2018.05.28-15.26.30:244][134]LogWorld: Bringing World /Game/Maps/UEDPIE_0_AITestMap.AITestMap up for play (max tick rate 0) at 2018.05.28-17.26.30
[2018.05.28-15.26.30:246][134]LogTemp: Warning: Run possess
[2018.05.28-15.26.30:246][134]LogWorld: Bringing up level for play took: 0.003522
[2018.05.28-15.26.30:251][134]LogContentBrowser: Native class hierarchy updated for 'MovieSceneCapture' in 0.0009 seconds. Added 11 classes and 0 folders.
[2018.05.28-15.26.30:642][134]LogStats: FPlatformStackWalk::StackWalkAndDump -  0.389 s
[2018.05.28-15.26.30:642][134]LogOutputDevice: Error: === Handled ensure: ===
[2018.05.28-15.26.30:642][134]LogOutputDevice: Error: 
[2018.05.28-15.26.30:642][134]LogOutputDevice: Error: Ensure condition failed: Component->HasBegunPlay() [File:D:\Build\++UE4+Release-4.19+Compile\Sync\Engine\Source\Runtime\Engine\Private\Actor.cpp] [Line: 3129]
[2018.05.28-15.26.30:642][134]LogOutputDevice: Error: Failed to route BeginPlay (SMG /Game/Maps/UEDPIE_0_AITestMap.AITestMap:PersistentLevel.BP_FPSPlayer_C_0.CurrentWeaponMesh)
[2018.05.28-15.26.30:642][134]LogOutputDevice: Error: Stack: 
[2018.05.28-15.26.30:642][134]LogOutputDevice: Error: [Callstack] 0x000000001D2BB706 UE4Editor-Core.dll!UnknownFunction []
[2018.05.28-15.26.30:642][134]LogOutputDevice: Error: [Callstack] 0x000000001D01AE3A UE4Editor-Core.dll!UnknownFunction []
[2018.05.28-15.26.30:642][134]LogOutputDevice: Error: [Callstack] 0x000000001D02ECD6 UE4Editor-Core.dll!UnknownFunction []
[2018.05.28-15.26.30:642][134]LogOutputDevice: Error: [Callstack] 0x00000000150BA2D5 UE4Editor-Engine.dll!UnknownFunction []
[2018.05.28-15.26.30:642][134]LogOutputDevice: Error: [Callstack] 0x00000000F11EA02F UE4Editor-FPS.dll!AFPSPlayer::BeginPlay() [d:\sparetime\unreal\fps\fps\source\fps\fpsplayer.cpp:39]
[2018.05.28-15.26.30:642][134]LogOutputDevice: Error: [Callstack] 0x00000000150C72FB UE4Editor-Engine.dll!UnknownFunction []
[2018.05.28-15.26.30:642][134]LogOutputDevice: Error: [Callstack] 0x000000001637AE33 UE4Editor-Engine.dll!UnknownFunction []
[2018.05.28-15.26.30:642][134]LogOutputDevice: Error: [Callstack] 0x000000001583F731 UE4Editor-Engine.dll!UnknownFunction []
[2018.05.28-15.26.30:642][134]LogOutputDevice: Error: [Callstack] 0x000000001636414E UE4Editor-Engine.dll!UnknownFunction []
[2018.05.28-15.26.30:642][134]LogOutputDevice: Error: [Callstack] 0x000000001586443E UE4Editor-Engine.dll!UnknownFunction []
[2018.05.28-15.26.30:643][134]LogOutputDevice: Error: [Callstack] 0x00000000141627E0 UE4Editor-UnrealEd.dll!UnknownFunction []
[2018.05.28-15.26.30:643][134]LogOutputDevice: Error: [Callstack] 0x0000000014181246 UE4Editor-UnrealEd.dll!UnknownFunction []
[2018.05.28-15.26.30:643][134]LogOutputDevice: Error: [Callstack] 0x000000001419BBEF UE4Editor-UnrealEd.dll!UnknownFunction []
[2018.05.28-15.26.30:643][134]LogOutputDevice: Error: [Callstack] 0x0000000013C0C961 UE4Editor-UnrealEd.dll!UnknownFunction []
[2018.05.28-15.26.30:643][134]LogOutputDevice: Error: [Callstack] 0x00000000144A9626 UE4Editor-UnrealEd.dll!UnknownFunction []
[2018.05.28-15.26.30:643][134]LogOutputDevice: Error: [Callstack] 0x00000000824A5EAC UE4Editor.exe!UnknownFunction []
[2018.05.28-15.26.30:643][134]LogOutputDevice: Error: [Callstack] 0x00000000824B6BD0 UE4Editor.exe!UnknownFunction []
[2018.05.28-15.26.30:643][134]LogOutputDevice: Error: [Callstack] 0x00000000824B6C4A UE4Editor.exe!UnknownFunction []
[2018.05.28-15.26.30:643][134]LogOutputDevice: Error: [Callstack] 0x00000000824C4177 UE4Editor.exe!UnknownFunction []
[2018.05.28-15.26.30:643][134]LogOutputDevice: Error: [Callstack] 0x00000000824C5B87 UE4Editor.exe!UnknownFunction []
[2018.05.28-15.26.30:643][134]LogOutputDevice: Error: [Callstack] 0x000000005A8B3034 KERNEL32.DLL!UnknownFunction []
[2018.05.28-15.26.30:643][134]LogOutputDevice: Error: [Callstack] 0x000000005CAE1551 ntdll.dll!UnknownFunction []
[2018.05.28-15.26.30:643][134]LogOutputDevice: Error: 
[2018.05.28-15.26.30:651][134]LogStats:                SubmitErrorReport -  0.000 s
[2018.05.28-15.26.31:484][134]LogStats:                    SendNewReport -  0.833 s
[2018.05.28-15.26.31:484][134]LogStats:             FDebug::EnsureFailed -  1.230 s
[2018.05.28-15.26.31:485][134]PIE: Play in editor start time for /Game/Maps/UEDPIE_0_AITestMap 2.393
[2018.05.28-15.26.32:738][220]LogWindows: Windows GetLastError: The operation completed successfully. (0)
[2018.05.28-15.26.33:134][220]LogWindows: Error: === Critical error: ===
[2018.05.28-15.26.33:134][220]LogWindows: Error: 
[2018.05.28-15.26.33:134][220]LogWindows: Error: Assertion failed: (Index >= 0) & (Index < ArrayNum) [File:D:\Epic Games\UE_4.19\Engine\Source\Runtime\Core\Public\Containers/Array.h] [Line: 610] 
[2018.05.28-15.26.33:134][220]LogWindows: Error: Array index out of bounds: 4 from an array of size 4
[2018.05.28-15.26.33:134][220]LogWindows: Error: 
[2018.05.28-15.26.33:134][220]LogWindows: Error: 
[2018.05.28-15.26.33:134][220]LogWindows: Error: [Callstack] 0x0000000058E7F218 KERNELBASE.dll!UnknownFunction []
[2018.05.28-15.26.33:134][220]LogWindows: Error: [Callstack] 0x00000000360B7884 UE4Editor-ApplicationCore.dll!UnknownFunction []
[2018.05.28-15.26.33:134][220]LogWindows: Error: [Callstack] 0x000000001D0D6D9B UE4Editor-Core.dll!UnknownFunction []
[2018.05.28-15.26.33:134][220]LogWindows: Error: [Callstack] 0x000000001D011949 UE4Editor-Core.dll!UnknownFunction []
[2018.05.28-15.26.33:134][220]LogWindows: Error: [Callstack] 0x00000000F11EDABB UE4Editor-FPS.dll!UAssaultIdleUpdate::MoveUpWaypoint() [d:\sparetime\unreal\fps\fps\source\fps\ai\assaultidleupdate.cpp:41]
[2018.05.28-15.26.33:134][220]LogWindows: Error: [Callstack] 0x00000000F11EDE05 UE4Editor-FPS.dll!UAssaultIdleUpdate::TickNode() [d:\sparetime\unreal\fps\fps\source\fps\ai\assaultidleupdate.cpp:28]
[2018.05.28-15.26.33:134][220]LogWindows: Error: [Callstack] 0x0000000012D2559A UE4Editor-AIModule.dll!UnknownFunction []
[2018.05.28-15.26.33:134][220]LogWindows: Error: [Callstack] 0x0000000012CD71D9 UE4Editor-AIModule.dll!UnknownFunction []
[2018.05.28-15.26.33:134][220]LogWindows: Error: [Callstack] 0x0000000012D0675A UE4Editor-AIModule.dll!UnknownFunction []
[2018.05.28-15.26.33:134][220]LogWindows: Error: [Callstack] 0x0000000012D0668F UE4Editor-AIModule.dll!UnknownFunction []
[2018.05.28-15.26.33:134][220]LogWindows: Error: [Callstack] 0x0000000012D1F600 UE4Editor-AIModule.dll!UnknownFunction []
[2018.05.28-15.26.33:134][220]LogWindows: Error: [Callstack] 0x00000000154CD828 UE4Editor-Engine.dll!UnknownFunction []
[2018.05.28-15.26.33:134][220]LogWindows: Error: [Callstack] 0x0000000015500394 UE4Editor-Engine.dll!UnknownFunction []
[2018.05.28-15.26.33:134][220]LogWindows: Error: [Callstack] 0x00000000161D70BB UE4Editor-Engine.dll!UnknownFunction []
[2018.05.28-15.26.33:134][220]LogWindows: Error: [Callstack] 0x00000000161DC793 UE4Editor-Engine.dll!UnknownFunction []
[2018.05.28-15.26.33:134][220]LogWindows: Error: [Callstack] 0x000000001CEEB713 UE4Editor-Core.dll!UnknownFunction []
[2018.05.28-15.26.33:134][220]LogWindows: Error: [Callstack] 0x000000001CEEBA50 UE4Editor-Core.dll!UnknownFunction []
[2018.05.28-15.26.33:134][220]LogWindows: Error: [Callstack] 0x00000000161FD4E5 UE4Editor-Engine.dll!UnknownFunction []
[2018.05.28-15.26.33:134][220]LogWindows: Error: [Callstack] 0x0000000016203292 UE4Editor-Engine.dll!UnknownFunction []
[2018.05.28-15.26.33:134][220]LogWindows: Error: [Callstack] 0x0000000015A5C304 UE4Editor-Engine.dll!UnknownFunction []
[2018.05.28-15.26.33:134][220]LogWindows: Error: [Callstack] 0x0000000015A67829 UE4Editor-Engine.dll!UnknownFunction []
[2018.05.28-15.26.33:135][220]LogWindows: Error: [Callstack] 0x0000000013C0D781 UE4Editor-UnrealEd.dll!UnknownFunction []
[2018.05.28-15.26.33:135][220]LogWindows: Error: [Callstack] 0x00000000144A9626 UE4Editor-UnrealEd.dll!UnknownFunction []
[2018.05.28-15.26.33:135][220]LogWindows: Error: [Callstack] 0x00000000824A5EAC UE4Editor.exe!UnknownFunction []
[2018.05.28-15.26.33:135][220]LogWindows: Error: [Callstack] 0x00000000824B6BD0 UE4Editor.exe!UnknownFunction []
[2018.05.28-15.26.33:135][220]LogWindows: Error: [Callstack] 0x00000000824B6C4A UE4Editor.exe!UnknownFunction []
[2018.05.28-15.26.33:135][220]LogWindows: Error: [Callstack] 0x00000000824C4177 UE4Editor.exe!UnknownFunction []
[2018.05.28-15.26.33:135][220]LogWindows: Error: [Callstack] 0x00000000824C5B87 UE4Editor.exe!UnknownFunction []
[2018.05.28-15.26.33:135][220]LogWindows: Error: [Callstack] 0x000000005A8B3034 KERNEL32.DLL!UnknownFunction []
[2018.05.28-15.26.33:135][220]LogWindows: Error: [Callstack] 0x000000005CAE1551 ntdll.dll!UnknownFunction []
[2018.05.28-15.26.33:135][220]LogWindows: Error: [Callstack] 0x000000005CAE1551 ntdll.dll!UnknownFunction []
[2018.05.28-15.26.33:135][220]LogWindows: Error: 
[2018.05.28-15.26.33:149][220]LogExit: Executing StaticShutdownAfterError
[2018.05.28-15.26.33:152][220]LogWindows: FPlatformMisc::RequestExit(1)
[2018.05.28-15.26.33:152][220]Log file closed, 05/28/18 17:26:33
