Log file open, 07/02/18 18:38:17
LogWindows: Failed to load 'aqProf.dll' (GetLastError=126)
LogWindows: File 'aqProf.dll' does not exist
LogWindows: Failed to load 'VtuneApi.dll' (GetLastError=126)
LogWindows: File 'VtuneApi.dll' does not exist
LogWindows: Failed to load 'VtuneApi32e.dll' (GetLastError=126)
LogWindows: File 'VtuneApi32e.dll' does not exist
LogInit: Display: Running engine for game: FPS
LogPlatformFile: Not using cached read wrapper
LogInit: Display: RandInit(-659244684) SRandInit(-659244683).
LogInit: Read version file with build ID '3944462'
LogInit: Overriding engine version to CL 4033788, compatible CL 3944462
LogInit: Registered custom module enumerator with build ID '3944462'
LogTaskGraph: Started task graph with 5 named threads and 23 total threads with 3 sets of task threads.
LogStats: Stats thread started at 0.351110
LogD3D11RHI: Aftermath initialized
LogICUInternationalization: Display: ICU TimeZone Detection - Raw Offset: +1:00, Platform Override: ''
LogPluginManager: Mounting plugin Paper2D
LogPluginManager: Mounting plugin LiveLink
LogPluginManager: Mounting plugin LightPropagationVolume
LogPluginManager: Mounting plugin CLionSourceCodeAccess
LogPluginManager: Mounting plugin CodeLiteSourceCodeAccess
LogPluginManager: Mounting plugin GitSourceControl
LogPluginManager: Mounting plugin KDevelopSourceCodeAccess
LogPluginManager: Mounting plugin NullSourceCodeAccess
LogPluginManager: Mounting plugin PerforceSourceControl
LogPluginManager: Mounting plugin SubversionSourceControl
LogPluginManager: Mounting plugin UObjectPlugin
LogPluginManager: Mounting plugin VisualStudioCodeSourceCodeAccess
LogPluginManager: Mounting plugin VisualStudioSourceCodeAccess
LogPluginManager: Mounting plugin XCodeSourceCodeAccess
LogPluginManager: Mounting plugin AssetManagerEditor
LogPluginManager: Mounting plugin CryptoKeys
LogPluginManager: Mounting plugin DataValidation
LogPluginManager: Mounting plugin FacialAnimation
LogPluginManager: Mounting plugin GameplayTagsEditor
LogPluginManager: Mounting plugin MobileLauncherProfileWizard
LogPluginManager: Mounting plugin PluginBrowser
LogPluginManager: Mounting plugin SpeedTreeImporter
LogPluginManager: Mounting plugin DatasmithContent
LogPluginManager: Mounting plugin AlembicImporter
LogPluginManager: Mounting plugin CharacterAI
LogPluginManager: Mounting plugin HTML5Networking
LogPluginManager: Mounting plugin AndroidMedia
LogPluginManager: Mounting plugin AvfMedia
LogPluginManager: Mounting plugin ImgMedia
LogPluginManager: Mounting plugin LinearTimecode
LogPluginManager: Mounting plugin MediaCompositing
LogPluginManager: Mounting plugin MediaPlayerEditor
LogPluginManager: Mounting plugin WmfMedia
LogPluginManager: Mounting plugin TcpMessaging
LogPluginManager: Mounting plugin UdpMessaging
LogPluginManager: Mounting plugin ActorSequence
LogPluginManager: Mounting plugin LevelSequenceEditor
LogPluginManager: Mounting plugin MatineeToLevelSequence
LogPluginManager: Mounting plugin NetcodeUnitTest
LogPluginManager: Mounting plugin NUTUnrealEngine4
LogPluginManager: Mounting plugin OnlineSubsystemGooglePlay
LogPluginManager: Mounting plugin OnlineSubsystemIOS
LogPluginManager: Mounting plugin OnlineSubsystem
LogPluginManager: Mounting plugin OnlineSubsystemNull
LogPluginManager: Mounting plugin OnlineSubsystemUtils
LogPluginManager: Mounting plugin AndroidDeviceProfileSelector
LogPluginManager: Mounting plugin AndroidMoviePlayer
LogPluginManager: Mounting plugin AndroidPermission
LogPluginManager: Mounting plugin AppleARKit
LogPluginManager: Mounting plugin AppleMoviePlayer
LogPluginManager: Mounting plugin ArchVisCharacter
LogPluginManager: Mounting plugin AudioCapture
LogPluginManager: Mounting plugin CableComponent
LogPluginManager: Mounting plugin CustomMeshComponent
LogPluginManager: Mounting plugin ExampleDeviceProfileSelector
LogPluginManager: Mounting plugin GoogleCloudMessaging
LogPluginManager: Mounting plugin ImmediatePhysics
LogPluginManager: Mounting plugin IOSDeviceProfileSelector
LogPluginManager: Mounting plugin LinuxDeviceProfileSelector
LogPluginManager: Mounting plugin LocationServicesBPLibrary
LogPluginManager: Mounting plugin MobilePatchingUtils
LogPluginManager: Mounting plugin OculusVR
LogPluginManager: Plugin shader directory ../../../Engine/Plugins/Runtime/Oculus/OculusVR/Shaders found
LogPluginManager: Mapping shader source directory ../../../Engine/Plugins/Runtime/Oculus/OculusVR/Shaders to virtual directory /Plugin/OculusVR
LogPluginManager: Mounting plugin PhysXVehicles
LogPluginManager: Mounting plugin ProceduralMeshComponent
LogPluginManager: Mounting plugin RuntimePhysXCooking
LogPluginManager: Mounting plugin SteamVR
LogPluginManager: Mounting plugin WindowsMoviePlayer
LogPluginManager: Mounting plugin CoverPointGenerator
LogStreaming: Display: Took  0.079s to configure plugins.
LogModuleManager: Display: Found up-to-date module file ../../../../../../../Projects/FPS/FPS/Binaries/Win64/UE4Editor-FPS.dll (API version 3944462).
LogModuleManager: Display: Found up-to-date module file ../../../Engine/Plugins/2D/Paper2D/Binaries/Win64/UE4Editor-Paper2D.dll (API version 3944462).
LogModuleManager: Display: Found up-to-date module file ../../../Engine/Plugins/2D/Paper2D/Binaries/Win64/UE4Editor-Paper2DEditor.dll (API version 3944462).
LogModuleManager: Display: Found up-to-date module file ../../../Engine/Plugins/2D/Paper2D/Binaries/Win64/UE4Editor-PaperSpriteSheetImporter.dll (API version 3944462).
LogModuleManager: Display: Found up-to-date module file ../../../Engine/Plugins/2D/Paper2D/Binaries/Win64/UE4Editor-PaperTiledImporter.dll (API version 3944462).
LogModuleManager: Display: Found up-to-date module file ../../../Engine/Plugins/2D/Paper2D/Binaries/Win64/UE4Editor-SmartSnapping.dll (API version 3944462).
LogModuleManager: Display: Found up-to-date module file ../../../Engine/Plugins/Animation/LiveLink/Binaries/Win64/UE4Editor-LiveLink.dll (API version 3944462).
LogModuleManager: Display: Found up-to-date module file ../../../Engine/Plugins/Animation/LiveLink/Binaries/Win64/UE4Editor-LiveLinkEditor.dll (API version 3944462).
LogModuleManager: Display: Found up-to-date module file ../../../Engine/Plugins/Blendables/LightPropagationVolume/Binaries/Win64/UE4Editor-LightPropagationVolumeRuntime.dll (API version 3944462).
LogModuleManager: Display: Found up-to-date module file ../../../Engine/Plugins/Blendables/LightPropagationVolume/Binaries/Win64/UE4Editor-LightPropagationVolumeEditor.dll (API version 3944462).
LogModuleManager: Display: Found up-to-date module file ../../../Engine/Plugins/Developer/CLionSourceCodeAccess/Binaries/Win64/UE4Editor-CLionSourceCodeAccess.dll (API version 3944462).
LogModuleManager: Display: Found up-to-date module file ../../../Engine/Plugins/Developer/GitSourceControl/Binaries/Win64/UE4Editor-GitSourceControl.dll (API version 3944462).
LogModuleManager: Display: Found up-to-date module file ../../../Engine/Plugins/Developer/PerforceSourceControl/Binaries/Win64/UE4Editor-PerforceSourceControl.dll (API version 3944462).
LogModuleManager: Display: Found up-to-date module file ../../../Engine/Plugins/Developer/SubversionSourceControl/Binaries/Win64/UE4Editor-SubversionSourceControl.dll (API version 3944462).
LogModuleManager: Display: Found up-to-date module file ../../../Engine/Plugins/Developer/UObjectPlugin/Binaries/Win64/UE4Editor-UObjectPlugin.dll (API version 3944462).
LogModuleManager: Display: Found up-to-date module file ../../../Engine/Plugins/Developer/VisualStudioCodeSourceCodeAccess/Binaries/Win64/UE4Editor-VisualStudioCodeSourceCodeAccess.dll (API version 3944462).
LogModuleManager: Display: Found up-to-date module file ../../../Engine/Plugins/Developer/VisualStudioSourceCodeAccess/Binaries/Win64/UE4Editor-VisualStudioSourceCodeAccess.dll (API version 3944462).
LogModuleManager: Display: Found up-to-date module file ../../../Engine/Plugins/Editor/AssetManagerEditor/Binaries/Win64/UE4Editor-AssetManagerEditor.dll (API version 3944462).
LogModuleManager: Display: Found up-to-date module file ../../../Engine/Plugins/Editor/CryptoKeys/Binaries/Win64/UE4Editor-CryptoKeys.dll (API version 3944462).
LogModuleManager: Display: Found up-to-date module file ../../../Engine/Plugins/Editor/CryptoKeys/Binaries/Win64/UE4Editor-CryptoKeysOpenSSL.dll (API version 3944462).
LogModuleManager: Display: Found up-to-date module file ../../../Engine/Plugins/Editor/DataValidation/Binaries/Win64/UE4Editor-DataValidation.dll (API version 3944462).
LogModuleManager: Display: Found up-to-date module file ../../../Engine/Plugins/Editor/FacialAnimation/Binaries/Win64/UE4Editor-FacialAnimation.dll (API version 3944462).
LogModuleManager: Display: Found up-to-date module file ../../../Engine/Plugins/Editor/FacialAnimation/Binaries/Win64/UE4Editor-FacialAnimationEditor.dll (API version 3944462).
LogModuleManager: Display: Found up-to-date module file ../../../Engine/Plugins/Editor/GameplayTagsEditor/Binaries/Win64/UE4Editor-GameplayTagsEditor.dll (API version 3944462).
LogModuleManager: Display: Found up-to-date module file ../../../Engine/Plugins/Editor/MobileLauncherProfileWizard/Binaries/Win64/UE4Editor-MobileLauncherProfileWizard.dll (API version 3944462).
LogModuleManager: Display: Found up-to-date module file ../../../Engine/Plugins/Editor/PluginBrowser/Binaries/Win64/UE4Editor-PluginBrowser.dll (API version 3944462).
LogModuleManager: Display: Found up-to-date module file ../../../Engine/Plugins/Editor/SpeedTreeImporter/Binaries/Win64/UE4Editor-SpeedTreeImporter.dll (API version 3944462).
LogModuleManager: Display: Found up-to-date module file ../../../Engine/Plugins/Enterprise/DatasmithContent/Binaries/Win64/UE4Editor-DatasmithContent.dll (API version 3944462).
LogModuleManager: Display: Found up-to-date module file ../../../Engine/Plugins/Experimental/AlembicImporter/Binaries/Win64/UE4Editor-AlembicImporter.dll (API version 3944462).
LogModuleManager: Display: Found up-to-date module file ../../../Engine/Plugins/Experimental/AlembicImporter/Binaries/Win64/UE4Editor-AlembicLibrary.dll (API version 3944462).
LogModuleManager: Display: Found up-to-date module file ../../../Engine/Plugins/Experimental/CharacterAI/Binaries/Win64/UE4Editor-CharacterAI.dll (API version 3944462).
LogModuleManager: Display: Found up-to-date module file ../../../Engine/Plugins/Experimental/HTML5Networking/Binaries/Win64/UE4Editor-HTML5Networking.dll (API version 3944462).
LogModuleManager: Display: Found up-to-date module file ../../../Engine/Plugins/Media/AndroidMedia/Binaries/Win64/UE4Editor-AndroidMediaEditor.dll (API version 3944462).
LogModuleManager: Display: Found up-to-date module file ../../../Engine/Plugins/Media/AndroidMedia/Binaries/Win64/UE4Editor-AndroidMediaFactory.dll (API version 3944462).
LogModuleManager: Display: Found up-to-date module file ../../../Engine/Plugins/Media/AvfMedia/Binaries/Win64/UE4Editor-AvfMediaEditor.dll (API version 3944462).
LogModuleManager: Display: Found up-to-date module file ../../../Engine/Plugins/Media/AvfMedia/Binaries/Win64/UE4Editor-AvfMediaFactory.dll (API version 3944462).
LogModuleManager: Display: Found up-to-date module file ../../../Engine/Plugins/Media/AvfMedia/Binaries/Win64/UE4Editor-AvfMediaFactory.dll (API version 3944462).
LogModuleManager: Display: Found up-to-date module file ../../../Engine/Plugins/Media/ImgMedia/Binaries/Win64/UE4Editor-ImgMedia.dll (API version 3944462).
LogModuleManager: Display: Found up-to-date module file ../../../Engine/Plugins/Media/ImgMedia/Binaries/Win64/UE4Editor-ImgMediaEditor.dll (API version 3944462).
LogModuleManager: Display: Found up-to-date module file ../../../Engine/Plugins/Media/ImgMedia/Binaries/Win64/UE4Editor-ImgMediaFactory.dll (API version 3944462).
LogModuleManager: Display: Found up-to-date module file ../../../Engine/Plugins/Media/ImgMedia/Binaries/Win64/UE4Editor-ImgMediaFactory.dll (API version 3944462).
LogModuleManager: Display: Found up-to-date module file ../../../Engine/Plugins/Media/ImgMedia/Binaries/Win64/UE4Editor-OpenExrWrapper.dll (API version 3944462).
LogModuleManager: Display: Found up-to-date module file ../../../Engine/Plugins/Media/LinearTimecode/Binaries/Win64/UE4Editor-LinearTimecode.dll (API version 3944462).
LogModuleManager: Display: Found up-to-date module file ../../../Engine/Plugins/Media/MediaCompositing/Binaries/Win64/UE4Editor-MediaCompositing.dll (API version 3944462).
LogModuleManager: Display: Found up-to-date module file ../../../Engine/Plugins/Media/MediaCompositing/Binaries/Win64/UE4Editor-MediaCompositingEditor.dll (API version 3944462).
LogModuleManager: Display: Found up-to-date module file ../../../Engine/Plugins/Media/MediaPlayerEditor/Binaries/Win64/UE4Editor-MediaPlayerEditor.dll (API version 3944462).
LogModuleManager: Display: Found up-to-date module file ../../../Engine/Plugins/Media/WmfMedia/Binaries/Win64/UE4Editor-WmfMedia.dll (API version 3944462).
LogModuleManager: Display: Found up-to-date module file ../../../Engine/Plugins/Media/WmfMedia/Binaries/Win64/UE4Editor-WmfMediaEditor.dll (API version 3944462).
LogModuleManager: Display: Found up-to-date module file ../../../Engine/Plugins/Media/WmfMedia/Binaries/Win64/UE4Editor-WmfMediaFactory.dll (API version 3944462).
LogModuleManager: Display: Found up-to-date module file ../../../Engine/Plugins/Media/WmfMedia/Binaries/Win64/UE4Editor-WmfMediaFactory.dll (API version 3944462).
LogModuleManager: Display: Found up-to-date module file ../../../Engine/Plugins/Messaging/TcpMessaging/Binaries/Win64/UE4Editor-TcpMessaging.dll (API version 3944462).
LogModuleManager: Display: Found up-to-date module file ../../../Engine/Plugins/Messaging/UdpMessaging/Binaries/Win64/UE4Editor-UdpMessaging.dll (API version 3944462).
LogModuleManager: Display: Found up-to-date module file ../../../Engine/Plugins/MovieScene/ActorSequence/Binaries/Win64/UE4Editor-ActorSequence.dll (API version 3944462).
LogModuleManager: Display: Found up-to-date module file ../../../Engine/Plugins/MovieScene/LevelSequenceEditor/Binaries/Win64/UE4Editor-LevelSequenceEditor.dll (API version 3944462).
LogModuleManager: Display: Found up-to-date module file ../../../Engine/Plugins/MovieScene/MatineeToLevelSequence/Binaries/Win64/UE4Editor-MatineeToLevelSequence.dll (API version 3944462).
LogModuleManager: Display: Found up-to-date module file ../../../Engine/Plugins/NetcodeUnitTest/NetcodeUnitTest/Binaries/Win64/UE4Editor-NetcodeUnitTest.dll (API version 3944462).
LogModuleManager: Display: Found up-to-date module file ../../../Engine/Plugins/NetcodeUnitTest/NUTUnrealEngine4/Binaries/Win64/UE4Editor-NUTUnrealEngine4.dll (API version 3944462).
LogModuleManager: Display: Found up-to-date module file ../../../Engine/Plugins/Online/OnlineSubsystem/Binaries/Win64/UE4Editor-OnlineSubsystem.dll (API version 3944462).
LogModuleManager: Display: Found up-to-date module file ../../../Engine/Plugins/Online/OnlineSubsystemNull/Binaries/Win64/UE4Editor-OnlineSubsystemNull.dll (API version 3944462).
LogModuleManager: Display: Found up-to-date module file ../../../Engine/Plugins/Online/OnlineSubsystemUtils/Binaries/Win64/UE4Editor-OnlineSubsystemUtils.dll (API version 3944462).
LogModuleManager: Display: Found up-to-date module file ../../../Engine/Plugins/Online/OnlineSubsystemUtils/Binaries/Win64/UE4Editor-OnlineBlueprintSupport.dll (API version 3944462).
LogModuleManager: Display: Found up-to-date module file ../../../Engine/Plugins/Runtime/AndroidDeviceProfileSelector/Binaries/Win64/UE4Editor-AndroidDeviceProfileSelector.dll (API version 3944462).
LogModuleManager: Display: Found up-to-date module file ../../../Engine/Plugins/Runtime/AndroidPermission/Binaries/Win64/UE4Editor-AndroidPermission.dll (API version 3944462).
LogModuleManager: Display: Found up-to-date module file ../../../Engine/Plugins/Runtime/AppleARKit/Binaries/Win64/UE4Editor-AppleARKit.dll (API version 3944462).
LogModuleManager: Display: Found up-to-date module file ../../../Engine/Plugins/Runtime/ArchVisCharacter/Binaries/Win64/UE4Editor-ArchVisCharacter.dll (API version 3944462).
LogModuleManager: Display: Found up-to-date module file ../../../Engine/Plugins/Runtime/AudioCapture/Binaries/Win64/UE4Editor-AudioCapture.dll (API version 3944462).
LogModuleManager: Display: Found up-to-date module file ../../../Engine/Plugins/Runtime/AudioCapture/Binaries/Win64/UE4Editor-AudioCaptureEditor.dll (API version 3944462).
LogModuleManager: Display: Found up-to-date module file ../../../Engine/Plugins/Runtime/CableComponent/Binaries/Win64/UE4Editor-CableComponent.dll (API version 3944462).
LogModuleManager: Display: Found up-to-date module file ../../../Engine/Plugins/Runtime/CustomMeshComponent/Binaries/Win64/UE4Editor-CustomMeshComponent.dll (API version 3944462).
LogModuleManager: Display: Found up-to-date module file ../../../Engine/Plugins/Runtime/ExampleDeviceProfileSelector/Binaries/Win64/UE4Editor-ExampleDeviceProfileSelector.dll (API version 3944462).
LogModuleManager: Display: Found up-to-date module file ../../../Engine/Plugins/Runtime/ImmediatePhysics/Binaries/Win64/UE4Editor-ImmediatePhysics.dll (API version 3944462).
LogModuleManager: Display: Found up-to-date module file ../../../Engine/Plugins/Runtime/ImmediatePhysics/Binaries/Win64/UE4Editor-ImmediatePhysicsEditor.dll (API version 3944462).
LogModuleManager: Display: Found up-to-date module file ../../../Engine/Plugins/Runtime/LocationServicesBPLibrary/Binaries/Win64/UE4Editor-LocationServicesBPLibrary.dll (API version 3944462).
LogModuleManager: Display: Found up-to-date module file ../../../Engine/Plugins/Runtime/MobilePatchingUtils/Binaries/Win64/UE4Editor-MobilePatchingUtils.dll (API version 3944462).
LogModuleManager: Display: Found up-to-date module file ../../../Engine/Plugins/Runtime/Oculus/OculusVR/Binaries/Win64/UE4Editor-OculusHMD.dll (API version 3944462).
LogModuleManager: Display: Found up-to-date module file ../../../Engine/Plugins/Runtime/Oculus/OculusVR/Binaries/Win64/UE4Editor-OculusInput.dll (API version 3944462).
LogModuleManager: Display: Found up-to-date module file ../../../Engine/Plugins/Runtime/Oculus/OculusVR/Binaries/Win64/UE4Editor-OculusEditor.dll (API version 3944462).
LogModuleManager: Display: Found up-to-date module file ../../../Engine/Plugins/Runtime/PhysXVehicles/Binaries/Win64/UE4Editor-PhysXVehicles.dll (API version 3944462).
LogModuleManager: Display: Found up-to-date module file ../../../Engine/Plugins/Runtime/PhysXVehicles/Binaries/Win64/UE4Editor-PhysXVehiclesEditor.dll (API version 3944462).
LogModuleManager: Display: Found up-to-date module file ../../../Engine/Plugins/Runtime/ProceduralMeshComponent/Binaries/Win64/UE4Editor-ProceduralMeshComponent.dll (API version 3944462).
LogModuleManager: Display: Found up-to-date module file ../../../Engine/Plugins/Runtime/ProceduralMeshComponent/Binaries/Win64/UE4Editor-ProceduralMeshComponentEditor.dll (API version 3944462).
LogModuleManager: Display: Found up-to-date module file ../../../Engine/Plugins/Runtime/RuntimePhysXCooking/Binaries/Win64/UE4Editor-RuntimePhysXCooking.dll (API version 3944462).
LogModuleManager: Display: Found up-to-date module file ../../../Engine/Plugins/Runtime/Steam/SteamVR/Binaries/Win64/UE4Editor-SteamVR.dll (API version 3944462).
LogModuleManager: Display: Found up-to-date module file ../../../Engine/Plugins/Runtime/Steam/SteamVR/Binaries/Win64/UE4Editor-SteamVRController.dll (API version 3944462).
LogModuleManager: Display: Found up-to-date module file ../../../Engine/Plugins/Runtime/WindowsMoviePlayer/Binaries/Win64/UE4Editor-WindowsMoviePlayer.dll (API version 3944462).
LogModuleManager: Display: Found up-to-date module file ../../../../../../../Projects/FPS/FPS/Plugins/CoverPointGenerator/Binaries/Win64/UE4Editor-CoverPointGenerator.dll (API version 3944462).
LogInit: Using libcurl 7.47.1
LogInit:  - built for x86_64-pc-win32
LogInit:  - supports SSL with OpenSSL/1.0.2g
LogInit:  - supports HTTP deflate (compression) using libz 1.2.8
LogInit:  - other features:
LogInit:      CURL_VERSION_SSL
LogInit:      CURL_VERSION_LIBZ
LogInit:      CURL_VERSION_IPV6
LogInit:      CURL_VERSION_ASYNCHDNS
LogInit:      CURL_VERSION_LARGEFILE
LogInit:      CURL_VERSION_IDN
LogInit:  CurlRequestOptions (configurable via config and command line):
LogInit:  - bVerifyPeer = false  - Libcurl will NOT verify peer certificate
LogInit:  - bUseHttpProxy = false  - Libcurl will NOT use HTTP proxy
LogInit:  - bDontReuseConnections = false  - Libcurl will reuse connections
LogInit:  - CertBundlePath = nullptr  - Libcurl will use whatever was configured at build time.
LogInit:  - MaxHostConnections = 16  - Libcurl will limit the number of connections to a host
LogInit:  - LocalHostAddr = Default
LogInit: WinSock: version 1.1 (2.2), MaxSocks=32767, MaxUdp=65467
LogInit: WinSock: I am DESKTOP-27ERO04 (192.168.178.101:0)
LogInit: Build: ++UE4+Release-4.19-CL-4033788
LogInit: Engine Version: 4.19.2-4033788+++UE4+Release-4.19
LogInit: Compatible Engine Version: 4.19.0-3944462+++UE4+Release-4.19
LogInit: Net CL: 3944462
LogDevObjectVersion: Number of dev versions registered: 18
LogDevObjectVersion:   Dev-Blueprints (B0D832E4-1F89-4F0D-ACCF-7EB736FD4AA2): 10
LogDevObjectVersion:   Dev-Build (E1C64328-A22C-4D53-A36C-8E866417BD8C): 0
LogDevObjectVersion:   Dev-Core (375EC13C-06E4-48FB-B500-84F0262A717E): 2
LogDevObjectVersion:   Dev-Editor (E4B068ED-F494-42E9-A231-DA0B2E46BB41): 23
LogDevObjectVersion:   Dev-Framework (CFFC743F-43B0-4480-9391-14DF171D2073): 33
LogDevObjectVersion:   Dev-Mobile (B02B49B5-BB20-44E9-A304-32B752E40360): 2
LogDevObjectVersion:   Dev-Networking (A4E4105C-59A1-49B5-A7C5-40C4547EDFEE): 0
LogDevObjectVersion:   Dev-Online (39C831C9-5AE6-47DC-9A44-9C173E1C8E7C): 0
LogDevObjectVersion:   Dev-Physics (78F01B33-EBEA-4F98-B9B4-84EACCB95AA2): 0
LogDevObjectVersion:   Dev-Platform (6631380F-2D4D-43E0-8009-CF276956A95A): 0
LogDevObjectVersion:   Dev-Rendering (12F88B9F-8875-4AFC-A67C-D90C383ABD29): 25
LogDevObjectVersion:   Dev-Sequencer (7B5AE74C-D270-4C10-A958-57980B212A5A): 6
LogDevObjectVersion:   Dev-VR (D7296918-1DD6-4BDD-9DE2-64A83CC13884): 1
LogDevObjectVersion:   Dev-LoadTimes (C2A15278-BFE7-4AFE-6C17-90FF531DF755): 1
LogDevObjectVersion:   Private-Geometry (6EACA3D4-40EC-4CC1-B786-8BED09428FC5): 2
LogDevObjectVersion:   Dev-AnimPhys (29E575DD-E0A3-4627-9D10-D276232CDCEA): 16
LogDevObjectVersion:   Dev-ReflectionCapture (6B266CEC-1EC7-4B8F-A30B-E4D90942FC07): 1
LogDevObjectVersion:   Dev-Automation (0DF73D61-A23F-47EA-B727-89E90C41499A): 1
LogInit: Compiled (64-bit): Apr 27 2018 02:06:57
LogInit: Compiled with Visual C++: 19.00.24215.01
LogInit: Build Configuration: Development
LogInit: Branch Name: ++UE4+Release-4.19
LogInit: Command Line:  -skipcompile
LogInit: Base Directory: E:/Game Engines/Epic Games/4.19/UE_4.19/Engine/Binaries/Win64/
LogInit: Installed Engine Build: 1
LogStreaming: Display: Took  0.003s to delete old logs.
LogInit: Presizing for max 8388607 objects, including 0 objects not considered by GC, pre-allocating 0 bytes for permanent pool.
LogInit: Object subsystem initialized
[2018.07.02-16.38.19:872][  0]LogInit: Selected Device Profile: [Windows]
[2018.07.02-16.38.19:872][  0]LogInit: Applying CVar settings loaded from the selected device profile: [Windows]
[2018.07.02-16.38.19:920][  0]LogInit: Computer: DESKTOP-27ERO04
[2018.07.02-16.38.19:920][  0]LogInit: User: TomColdenhoff
[2018.07.02-16.38.19:920][  0]LogInit: CPU Page size=4096, Cores=4
[2018.07.02-16.38.19:920][  0]LogInit: High frequency timer resolution =3.319352 MHz
[2018.07.02-16.38.19:920][  0]LogMemory: Memory total: Physical=11.9GB (12GB approx)
[2018.07.02-16.38.19:921][  0]LogMemory: Platform Memory Stats for Windows
[2018.07.02-16.38.19:921][  0]LogMemory: Process Physical Memory: 278.81 MB used, 279.23 MB peak
[2018.07.02-16.38.19:921][  0]LogMemory: Process Virtual Memory: 269.65 MB used, 269.65 MB peak
[2018.07.02-16.38.19:921][  0]LogMemory: Physical Memory: 4467.20 MB used,  7740.24 MB free, 12207.44 MB total
[2018.07.02-16.38.19:921][  0]LogMemory: Virtual Memory: 4794.46 MB used,  7740.24 MB free, 134217728.00 MB total
[2018.07.02-16.38.20:088][  0]LogInit: Using OS detected language (en-US).
[2018.07.02-16.38.20:088][  0]LogInit: Using OS detected locale (en-US).
[2018.07.02-16.38.20:145][  0]LogTextLocalizationManager: No specific localization for 'en-US' exists, so the 'en' localization will be used.
[2018.07.02-16.38.20:831][  0]LogStreaming: Display: Took  0.743s to EndInitTextLocalization.
[2018.07.02-16.38.20:831][  0]LogInit: Setting process to per monitor DPI aware
[2018.07.02-16.38.20:958][  0]LogSlate: New Slate User Created.  User Index 0, Is Virtual User: 0
[2018.07.02-16.38.20:958][  0]LogSlate: Slate User Registered.  User Index 0, Is Virtual User: 0
[2018.07.02-16.38.22:777][  0]LogD3D11RHI: D3D11 adapters:
[2018.07.02-16.38.22:849][  0]LogD3D11RHI:    0. 'NVIDIA GeForce GTX 970' (Feature Level 11_0)
[2018.07.02-16.38.22:849][  0]LogD3D11RHI:       4043/0/6103 MB DedicatedVideo/DedicatedSystem/SharedSystem, Outputs:2, VendorId:0x10de
[2018.07.02-16.38.22:854][  0]LogD3D11RHI:    1. 'Microsoft Basic Render Driver' (Feature Level 11_0)
[2018.07.02-16.38.22:854][  0]LogD3D11RHI:       0/0/6103 MB DedicatedVideo/DedicatedSystem/SharedSystem, Outputs:0, VendorId:0x1414
[2018.07.02-16.38.22:854][  0]LogD3D11RHI: Chosen D3D11 Adapter: 0
[2018.07.02-16.38.22:860][  0]LogD3D11RHI: Creating new Direct3DDevice
[2018.07.02-16.38.22:860][  0]LogD3D11RHI:     GPU DeviceId: 0x13c2 (for the marketing name, search the web for "GPU Device Id")
[2018.07.02-16.38.22:860][  0]LogWindows: EnumDisplayDevices:
[2018.07.02-16.38.22:860][  0]LogWindows:    0. 'NVIDIA GeForce GTX 970' (P:1 D:1)
[2018.07.02-16.38.22:860][  0]LogWindows:    1. 'NVIDIA GeForce GTX 970' (P:0 D:1)
[2018.07.02-16.38.22:861][  0]LogWindows:    2. 'NVIDIA GeForce GTX 970' (P:0 D:0)
[2018.07.02-16.38.22:861][  0]LogWindows:    3. 'NVIDIA GeForce GTX 970' (P:0 D:0)
[2018.07.02-16.38.22:861][  0]LogWindows: DebugString: GetVideoDriverDetailsInvalid PrimaryIsNotTheChoosenAdapter GetVideoDriverDetailsInvalid PrimaryIsNotTheChoosenAdapter GetVideoDriverDetailsInvalid PrimaryIsNotTheChoosenAdapter GetVideoDriverDetailsInvalid PrimaryIsNotTheChoosenAdapter FoundDriverCount:0 
[2018.07.02-16.38.22:861][  0]LogD3D11RHI:     Adapter Name: NVIDIA GeForce GTX 970
[2018.07.02-16.38.22:861][  0]LogD3D11RHI:   Driver Version: Unknown (internal:Unknown, unified:Unknown)
[2018.07.02-16.38.22:861][  0]LogD3D11RHI:      Driver Date: Unknown
[2018.07.02-16.38.22:861][  0]LogRHI: Texture pool is 2830 MB (70% of 4043 MB)
[2018.07.02-16.38.22:899][  0]LogD3D11RHI: [Aftermath] Aftermath enabled and primed
[2018.07.02-16.38.22:899][  0]LogD3D11RHI: [Aftermath] Aftermath enabled and primed
[2018.07.02-16.38.22:899][  0]LogD3D11RHI: Async texture creation enabled
[2018.07.02-16.38.22:958][  0]LogD3D11RHI: GPU Timing Frequency: 1000.000000 (Debug: 2 2)
[2018.07.02-16.38.23:006][  0]LogShaderCompilers: Guid format shader working directory is 16 characters bigger than the processId version (../../../../../../../Projects/FPS/FPS/Intermediate/Shaders/WorkingDirectory/16308/).
[2018.07.02-16.38.23:006][  0]LogShaderCompilers: Cleaned the shader compiler working directory 'C:/Users/TomColdenhoff/AppData/Local/Temp/UnrealShaderWorkingDir/C4CD0F064C39746F0A2154BB26D2571D/'.
[2018.07.02-16.38.23:382][  0]LogTemp: Display: Loaded TP AllDesktopTargetPlatform
[2018.07.02-16.38.23:397][  0]LogTemp: Display: Loaded TP MacClientTargetPlatform
[2018.07.02-16.38.23:413][  0]LogTemp: Display: Loaded TP MacNoEditorTargetPlatform
[2018.07.02-16.38.23:427][  0]LogTemp: Display: Loaded TP MacServerTargetPlatform
[2018.07.02-16.38.23:451][  0]LogTemp: Display: Loaded TP MacTargetPlatform
[2018.07.02-16.38.23:468][  0]LogTemp: Display: Loaded TP WindowsClientTargetPlatform
[2018.07.02-16.38.23:481][  0]LogTemp: Display: Loaded TP WindowsNoEditorTargetPlatform
[2018.07.02-16.38.23:500][  0]LogTemp: Display: Loaded TP WindowsServerTargetPlatform
[2018.07.02-16.38.23:507][  0]LogTemp: Display: Loaded TP WindowsTargetPlatform
[2018.07.02-16.38.23:524][  0]LogTemp: Display: Loaded TP Android_ASTCTargetPlatform
[2018.07.02-16.38.23:549][  0]LogTemp: Display: Loaded TP Android_ATCTargetPlatform
[2018.07.02-16.38.23:575][  0]LogTemp: Display: Loaded TP Android_DXTTargetPlatform
[2018.07.02-16.38.23:595][  0]LogTemp: Display: Loaded TP Android_ETC1aTargetPlatform
[2018.07.02-16.38.23:609][  0]LogTemp: Display: Loaded TP Android_ETC1TargetPlatform
[2018.07.02-16.38.23:623][  0]LogTemp: Display: Loaded TP Android_ETC2TargetPlatform
[2018.07.02-16.38.23:663][  0]LogTemp: Display: Loaded TP Android_MultiTargetPlatform
[2018.07.02-16.38.23:663][  0]LogTemp: Display: Loaded TP Android_PVRTCTargetPlatform
[2018.07.02-16.38.23:703][  0]LogTemp: Display: Loaded TP AndroidTargetPlatform
[2018.07.02-16.38.23:719][  0]LogTemp: Display: Loaded TP HTML5TargetPlatform
[2018.07.02-16.38.23:812][  0]LogTemp: Display: Loaded TP IOSTargetPlatform
[2018.07.02-16.38.23:824][  0]LogTemp: Display: Loaded TP TVOSTargetPlatform
[2018.07.02-16.38.23:842][  0]LogTemp: Display: Loaded TP LinuxClientTargetPlatform
[2018.07.02-16.38.23:861][  0]LogTemp: Display: Loaded TP LinuxNoEditorTargetPlatform
[2018.07.02-16.38.23:894][  0]LogTemp: Display: Loaded TP LinuxServerTargetPlatform
[2018.07.02-16.38.23:935][  0]LogTemp: Display: Loaded TP LinuxTargetPlatform
[2018.07.02-16.38.23:935][  0]LogTargetPlatformManager: Display: Building Assets For Windows
[2018.07.02-16.38.24:304][  0]LogXGEController: Cleaning working directory: C:/Users/TomColdenhoff/AppData/Local/Temp/UnrealXGEWorkingDir/
[2018.07.02-16.38.24:304][  0]LogXGEController: Cannot use XGE Controller as Incredibuild is not installed on this machine.
[2018.07.02-16.38.24:304][  0]LogShaderCompilers: Cannot use XGE Shader Compiler as Incredibuild is not installed on this machine.
[2018.07.02-16.38.24:305][  0]LogShaderCompilers: Display: Using Local Shader Compiler.
[2018.07.02-16.38.25:908][  0]LogDerivedDataCache: Display: Max Cache Size: 512 MB
[2018.07.02-16.38.26:482][  0]LogDerivedDataCache: Loaded boot cache 0.57s 80MB C:/Users/TomColdenhoff/AppData/Local/UnrealEngine/4.19/DerivedDataCache/Boot.ddc.
[2018.07.02-16.38.26:482][  0]LogDerivedDataCache: Display: Loaded Boot cache: C:/Users/TomColdenhoff/AppData/Local/UnrealEngine/4.19/DerivedDataCache/Boot.ddc
[2018.07.02-16.38.26:482][  0]LogDerivedDataCache: FDerivedDataBackendGraph:  Pak pak cache file ../../../../../../../Projects/FPS/FPS/DerivedDataCache/DDC.ddp not found, will not use a pak cache.
[2018.07.02-16.38.26:482][  0]LogDerivedDataCache: Unable to find inner node Pak for hierarchical cache Hierarchy.
[2018.07.02-16.38.26:483][  0]LogDerivedDataCache: FDerivedDataBackendGraph:  CompressedPak pak cache file ../../../../../../../Projects/FPS/FPS/DerivedDataCache/Compressed.ddp not found, will not use a pak cache.
[2018.07.02-16.38.26:483][  0]LogDerivedDataCache: Unable to find inner node CompressedPak for hierarchical cache Hierarchy.
[2018.07.02-16.38.26:594][  0]LogDerivedDataCache: Display: Pak cache opened for reading ../../../Engine/DerivedDataCache/Compressed.ddp.
[2018.07.02-16.38.26:609][  0]LogDerivedDataCache: Using Local data cache path C:/Users/TomColdenhoff/AppData/Local/UnrealEngine/Common/DerivedDataCache: Writable
[2018.07.02-16.38.26:609][  0]LogDerivedDataCache: Shared data cache path not found in *engine.ini, will not use an Shared cache.
[2018.07.02-16.38.26:610][  0]LogDerivedDataCache: Unable to find inner node Shared for hierarchical cache Hierarchy.
[2018.07.02-16.38.26:637][  0]LogMaterial: Verifying Global Shaders for PCD3D_SM5
[2018.07.02-16.38.26:638][  0]LogSlate: Using Freetype 2.6.0
[2018.07.02-16.38.26:669][  0]LogSlate: SlateFontCache - WITH_FREETYPE: 1, WITH_HARFBUZZ: 1
[2018.07.02-16.38.26:669][  0]LogSlate: SlateFontCache - WITH_FREETYPE: 1, WITH_HARFBUZZ: 1
[2018.07.02-16.38.29:108][  0]LogAssetRegistry: FAssetRegistry took 0.0286 seconds to start up
[2018.07.02-16.38.30:682][  0]LogInit: Selected Device Profile: [Windows]
[2018.07.02-16.38.30:922][  0]LogSimplygon: Simplygon DLL not present - disabling.
[2018.07.02-16.38.30:926][  0]LogMeshReduction: Using SimplygonSwarm for distributed automatic mesh merging
[2018.07.02-16.38.30:926][  0]LogMeshReduction: Using QuadricMeshReduction for automatic static mesh reduction
[2018.07.02-16.38.30:926][  0]LogMeshReduction: No automatic skeletal mesh reduction module available
[2018.07.02-16.38.30:926][  0]LogMeshReduction: No automatic mesh merging module available
[2018.07.02-16.38.30:926][  0]LogMeshMerging: No automatic mesh merging module available
[2018.07.02-16.38.30:952][  0]LogNetVersion: FPS , NetCL: 3944462, EngineNetVer: 2, GameNetVer: 0 (Checksum: 2326512385)
[2018.07.02-16.38.31:356][  0]LogPackageLocalizationCache: Processed 9 localized package path(s) for 2 prioritized culture(s) in 0.060473 seconds
[2018.07.02-16.38.31:364][  0]LogUObjectArray: 36728 objects as part of root set at end of initial load.
[2018.07.02-16.38.31:364][  0]LogUObjectAllocator: 7314304 out of 0 bytes used by permanent object pool.
[2018.07.02-16.38.31:364][  0]LogUObjectArray: CloseDisregardForGC: 0/0 objects in disregard for GC pool
[2018.07.02-16.38.37:158][  0]LogTcpMessaging: Initializing TcpMessaging bridge
[2018.07.02-16.38.37:190][  0]LogUdpMessaging: Initializing bridge on interface 0.0.0.0:0 to multicast group 230.0.0.1:6666.
[2018.07.02-16.38.37:552][  0]LogSkeletalMesh: Skeletal Mesh found in DDC [1.082440ms] /Game/Models/Player/Arms/Arms_SMG.Arms_SMG
[2018.07.02-16.38.37:572][  0]LogUObjectGlobals: Created PersistentFrame Addr=0x0000023a11c95fd0, Size=80, Default__BP_SMGAnim_C Function /Game/Animations/SMG/BP_SMGAnim.BP_SMGAnim_C:ExecuteUbergraph_BP_SMGAnim
[2018.07.02-16.38.37:581][  0]LogUObjectGlobals: Destroyed PersistentFrame Addr=0x0000023a11c95fd0, Size=80
[2018.07.02-16.38.37:581][  0]LogUObjectGlobals: Created PersistentFrame Addr=0x0000023a2837f830, Size=80, Default__BP_SMGAnim_C Function /Engine/Transient.REINST_BP_SMGAnim_C_0:ExecuteUbergraph_BP_SMGAnim
[2018.07.02-16.38.37:591][  0]LogUObjectGlobals: Created PersistentFrame Addr=0x0000023a28312110, Size=80, Default__BP_SMGAnim_C Function /Game/Animations/SMG/BP_SMGAnim.BP_SMGAnim_C:ExecuteUbergraph_BP_SMGAnim
[2018.07.02-16.38.37:823][  0]SourceControl: Source control is disabled
[2018.07.02-16.38.37:823][  0]SourceControl: Source control is disabled
[2018.07.02-16.38.37:865][  0]SourceControl: Source control is disabled
[2018.07.02-16.38.37:898][  0]SourceControl: Source control is disabled
[2018.07.02-16.38.38:545][  0]LogAndroidPermission: UAndroidPermissionCallbackProxy::GetInstance
[2018.07.02-16.38.38:731][  0]LogOcInput: OculusInput pre-init called
[2018.07.02-16.38.39:880][  0]LogEngine: Initializing Engine...
[2018.07.02-16.38.39:881][  0]LogHMD: Failed to initialize OpenVR with code 110
[2018.07.02-16.38.39:883][  0]LogStats: UGameplayTagsManager::ConstructGameplayTagTree: Construct from data asset -  0.000 s
[2018.07.02-16.38.39:884][  0]LogStats: UGameplayTagsManager::ConstructGameplayTagTree: GameplayTagTreeChangedEvent.Broadcast -  0.000 s
[2018.07.02-16.38.40:137][  0]LogAIModule: Creating AISystem for world Untitled
[2018.07.02-16.38.40:150][  0]LogInit: XAudio2 using 'Speakers (Logitech G35 Headset)' : 2 channels at 44.1 kHz using 16 bits per sample (channel mask 0x3)
[2018.07.02-16.38.40:179][  0]LogInit: FAudioDevice initialized.
[2018.07.02-16.38.40:332][  0]LogDerivedDataCache: Saved boot cache 0.15s 80MB C:/Users/TomColdenhoff/AppData/Local/UnrealEngine/4.19/DerivedDataCache/Boot.ddc.
[2018.07.02-16.38.40:357][  0]LogInit: Texture streaming: Enabled
[2018.07.02-16.38.40:404][  0]LogEngineSessionManager: EngineSessionManager initialized
[2018.07.02-16.38.40:452][  0]LogInit: Transaction tracking system initialized
[2018.07.02-16.38.40:574][  0]BlueprintLog: New page: Editor Load
[2018.07.02-16.38.40:927][  0]LocalizationService: Localization service is disabled
[2018.07.02-16.38.41:258][  0]LogConsoleResponse: Display: 
[2018.07.02-16.38.41:611][  0]LogCook: Display: Max memory allowance for cook 16384mb min free memory 0mb
[2018.07.02-16.38.41:611][  0]LogCook: Display: Mobile HDR setting 1
[2018.07.02-16.38.41:612][  0]LogGameplayTags: Display: UGameplayTagsManager::DoneAddingNativeTags. DelegateIsBound: 0
[2018.07.02-16.38.41:612][  0]LogStats: UGameplayTagsManager::ConstructGameplayTagTree: Construct from data asset -  0.000 s
[2018.07.02-16.38.41:612][  0]LogStats: UGameplayTagsManager::ConstructGameplayTagTree: GameplayTagTreeChangedEvent.Broadcast -  0.000 s
[2018.07.02-16.38.42:012][  0]LogFileCache: Scanning file cache for directory 'E:/Projects/FPS/FPS/Content/' took 0.02s
[2018.07.02-16.38.42:400][  0]SourceControl: Source control is disabled
[2018.07.02-16.38.42:401][  0]Cmd: MAP LOAD FILE="../../../../../../../Projects/FPS/FPS/Content/Maps/Level1.umap" TEMPLATE=0 SHOWPROGRESS=1 FEATURELEVEL=3
[2018.07.02-16.38.42:403][  0]LightingResults: New page: Lighting Build
[2018.07.02-16.38.42:426][  0]MapCheck: New page: Map Check
[2018.07.02-16.38.42:426][  0]LightingResults: New page: Lighting Build
[2018.07.02-16.38.42:458][  0]LogUObjectGlobals: Destroyed PersistentFrame Addr=0x0000023a2837f830, Size=80
[2018.07.02-16.38.44:046][  0]LogAIModule: Creating AISystem for world Level1
[2018.07.02-16.38.44:074][  0]LogEditorServer: Finished looking for orphan Actors (0.000 secs)
[2018.07.02-16.38.44:090][  0]Cmd: MAP CHECKDEP NOCLEARLOG
[2018.07.02-16.38.44:146][  0]MapCheck: Map check complete: 0 Error(s), 0 Warning(s), took 55.188ms to complete.
[2018.07.02-16.38.44:146][  0]LogFileHelpers: Loading map 'Level1' took 1.745
[2018.07.02-16.38.44:385][  0]LogCollectionManager: Loaded 0 collections in 0.001067 seconds
[2018.07.02-16.38.44:450][  0]LogFileCache: Scanning file cache for directory 'E:/Projects/FPS/FPS/Saved/Collections/' took 0.01s
[2018.07.02-16.38.44:450][  0]LogFileCache: Scanning file cache for directory 'E:/Projects/FPS/FPS/Content/Developers/TomColdenhoff/Collections/' took 0.01s
[2018.07.02-16.38.44:451][  0]LogFileCache: Scanning file cache for directory 'E:/Projects/FPS/FPS/Content/Collections/' took 0.01s
[2018.07.02-16.38.44:451][  0]LogCollectionManager: Rebuilt the GUID cache for 0 collections in 0.000001 seconds
[2018.07.02-16.38.44:477][  0]LogContentBrowser: Native class hierarchy populated in 0.0259 seconds. Added 2482 classes and 566 folders.
[2018.07.02-16.38.44:506][  0]LogContentBrowser: Native class hierarchy updated for 'WidgetCarousel' in 0.0024 seconds. Added 0 classes and 0 folders.
[2018.07.02-16.38.45:030][  0]LogContentBrowser: Native class hierarchy updated for 'AddContentDialog' in 0.0010 seconds. Added 0 classes and 0 folders.
[2018.07.02-16.38.45:051][  0]LogContentBrowser: Native class hierarchy updated for 'SceneOutliner' in 0.0010 seconds. Added 1 classes and 2 folders.
[2018.07.02-16.38.46:789][  0]LogSlate: Only BGRA pngs, bmps or icos are supported in by External Image Picker
[2018.07.02-16.38.46:835][  0]LogSlate: Took 0.017701 seconds to synchronously load lazily loaded font '../../../Engine/Content/Slate/Fonts/Roboto-Regular.ttf' (155K)
[2018.07.02-16.38.46:854][  0]LogTemp: Executing iPhonePackager certificates Engine -bundlename com.YourCompany.FPS
[2018.07.02-16.38.46:854][  0]LogTemp: CWD: E:\Game Engines\Epic Games\4.19\UE_4.19\Engine\Binaries\DotNET\IOS
[2018.07.02-16.38.46:854][  0]LogTemp: Initial Dir: E:\Game Engines\Epic Games\4.19\UE_4.19
[2018.07.02-16.38.46:854][  0]LogTemp: Env CWD: E:\Game Engines\Epic Games\4.19\UE_4.19\Engine\Binaries\DotNET\IOS
[2018.07.02-16.38.46:854][  0]LogSlate: Took 0.016744 seconds to synchronously load lazily loaded font '../../../Engine/Content/Slate/Fonts/Roboto-Bold.ttf' (160K)
[2018.07.02-16.38.46:879][  0]LogTemp: BranchPath = DESKTOP-27ERO04/E/Game Engines/Epic Games/4.19/UE_4.19/Engine/Binaries --- GameBranchPath = DESKTOP-27ERO04/E/Game Engines/Epic Games/4.19/UE_4.19/Engine/Binaries
[2018.07.02-16.38.46:879][  0]LogTemp: IPP ERROR: Could not find provision directory 'C:\Users\TomColdenhoff\AppData\Local/Apple Computer/MobileDevice/Provisioning Profiles/'.
[2018.07.02-16.38.46:879][  0]LogSlate: Took 0.017576 seconds to synchronously load lazily loaded font '../../../Engine/Content/Editor/Slate/Fonts/FontAwesome.ttf' (139K)
[2018.07.02-16.38.47:007][  0]LogRenderer: Reallocating scene render targets to support 1136x532 Format 10 NumSamples 1 (Frame:1).
[2018.07.02-16.38.47:262][  0]LogContentBrowser: Native class hierarchy updated for 'HierarchicalLODOutliner' in 0.0010 seconds. Added 0 classes and 0 folders.
[2018.07.02-16.38.47:263][  0]LogLoad: (Engine Initialization) Total time: 31.40 seconds
[2018.07.02-16.38.47:263][  0]LogLoad: (Engine Initialization) Total Blueprint compile time: 0.00 seconds
[2018.07.02-16.38.47:641][  0]LogContentStreaming: Texture pool size now 1000 MB
[2018.07.02-16.38.48:285][  2]LogAssetRegistry: Asset discovery search completed in 19.2013 seconds
[2018.07.02-16.38.48:288][  2]LogCollectionManager: Rebuilt the object cache for 0 collections in 0.000001 seconds (found 0 objects)
[2018.07.02-16.38.48:288][  2]LogCollectionManager: Fixed up redirectors for 0 collections in 0.000198 seconds (updated 0 objects)
[2018.07.02-16.38.48:417][  2]LogSlate: Took 0.018086 seconds to synchronously load lazily loaded font '../../../Engine/Content/Slate/Fonts/Roboto-Light.ttf' (167K)
[2018.07.02-16.39.07:649][271]LogSlate: FSceneViewport::OnFocusLost() reason 0
[2018.07.02-16.39.11:408][632]LogSlate: Took 0.000194 seconds to synchronously load lazily loaded font '../../../Engine/Content/Slate/Fonts/Roboto-Light.ttf' (167K)
[2018.07.02-16.39.11:468][632]LogSlate: Took 0.016872 seconds to synchronously load lazily loaded font '../../../Engine/Content/Slate/Fonts/Roboto-BoldCondensed.ttf' (158K)
[2018.07.02-16.39.16:526][ 52]LogSlate: Window 'Add C++ Class' being destroyed
[2018.07.02-16.39.58:847][285]LogHttp: Warning: 0000023A2841EE00: request failed, libcurl error: 6 (Couldn't resolve host name)
[2018.07.02-16.39.58:848][285]LogHttp: Warning: 0000023A2841EE00: libcurl info message cache 0 (Could not resolve host: datarouter.ol.epicgames.com)
[2018.07.02-16.39.58:848][285]LogHttp: Warning: 0000023A2841EE00: libcurl info message cache 1 (Closing connection 0)
[2018.07.02-16.41.27:259][749]Running E:/Game Engines/Epic Games/4.19/UE_4.19/Engine/Binaries/DotNET/UnrealBuildTool.exe FPS Win64 Development -editorrecompile "E:/Projects/FPS/FPS/FPS.uproject" -invalidatemakefilesonly
[2018.07.02-16.41.27:463][749]Invalidating makefiles only in this run.
[2018.07.02-16.41.27:587][749]Candidate modules for hot reload:
[2018.07.02-16.41.27:587][749]  FPS
[2018.07.02-16.41.27:587][749]Launching UnrealBuildTool... [E:/Game Engines/Epic Games/4.19/UE_4.19/Engine/Binaries/DotNET/UnrealBuildTool.exe FPS -ModuleWithSuffix=FPS,5646 Win64 Development -editorrecompile -canskiplink "E:/Projects/FPS/FPS/FPS.uproject" ]
[2018.07.02-16.42.20:294][749]CompilerResultsLog: New page: Compilation - Jul 2, 2018, 8:42:20 PM
[2018.07.02-16.42.20:337][749]CompilerResultsLog: Using 'git status' to determine working set for adaptive non-unity build.
[2018.07.02-16.42.20:338][749]CompilerResultsLog: Creating makefile for hot reloading FPS (no existing makefile)
[2018.07.02-16.42.20:338][749]CompilerResultsLog: Compiling game modules for hot reload
[2018.07.02-16.42.20:338][749]CompilerResultsLog: Parsing headers for FPSEditor
[2018.07.02-16.42.20:338][749]CompilerResultsLog:   Running UnrealHeaderTool "E:\Projects\FPS\FPS\FPS.uproject" "E:\Projects\FPS\FPS\Intermediate\Build\Win64\FPSEditor\Development\FPSEditor.uhtmanifest" -LogCmds="loginit warning, logexit warning, logdatabase error" -Unattended -WarningsAsErrors -installed
[2018.07.02-16.42.20:338][749]CompilerResultsLog: Reflection code generated for FPSEditor in 8.1454407 seconds
[2018.07.02-16.42.20:338][749]CompilerResultsLog: Performing 4 actions (4 in parallel)
[2018.07.02-16.42.20:338][749]CompilerResultsLog: Module.FPS.cpp
[2018.07.02-16.42.20:338][749]CompilerResultsLog: Module.FPS.gen.cpp
[2018.07.02-16.42.20:338][749]CompilerResultsLog: Error: E:\Projects\FPS\FPS\Source\FPS\AssualtCharacter.cpp(94) : warning C4996: 'USceneComponent::AttachTo': This function is deprecated, please use AttachToComponent instead. Please update your code to the new API before upgrading to the next release, otherwise your project will no longer compile.
[2018.07.02-16.42.20:338][749]CompilerResultsLog: Error: E:\Game Engines\Epic Games\4.19\UE_4.19\Engine\Source\Runtime\Engine\Classes\Components/SceneComponent.h(641) : note: see declaration of 'USceneComponent::AttachTo'
[2018.07.02-16.42.20:338][749]CompilerResultsLog: Error: E:\Projects\FPS\FPS\Source\FPS\AssualtCharacter.cpp(122) : warning C4996: 'USceneComponent::AttachTo': This function is deprecated, please use AttachToComponent instead. Please update your code to the new API before upgrading to the next release, otherwise your project will no longer compile.
[2018.07.02-16.42.20:339][749]CompilerResultsLog: Error: E:\Game Engines\Epic Games\4.19\UE_4.19\Engine\Source\Runtime\Engine\Classes\Components/SceneComponent.h(641) : note: see declaration of 'USceneComponent::AttachTo'
[2018.07.02-16.42.20:339][749]CompilerResultsLog: Error: E:\Projects\FPS\FPS\Source\FPS\BaseWeapon.cpp(55) : warning C4996: 'USceneComponent::AttachTo': This function is deprecated, please use AttachToComponent instead. Please update your code to the new API before upgrading to the next release, otherwise your project will no longer compile.
[2018.07.02-16.42.20:339][749]CompilerResultsLog: Error: E:\Game Engines\Epic Games\4.19\UE_4.19\Engine\Source\Runtime\Engine\Classes\Components/SceneComponent.h(641) : note: see declaration of 'USceneComponent::AttachTo'
[2018.07.02-16.42.20:339][749]CompilerResultsLog: Error: E:\Projects\FPS\FPS\Source\FPS\SMG.cpp(35) : warning C4996: 'USceneComponent::AttachTo': This function is deprecated, please use AttachToComponent instead. Please update your code to the new API before upgrading to the next release, otherwise your project will no longer compile.
[2018.07.02-16.42.20:339][749]CompilerResultsLog: Error: E:\Game Engines\Epic Games\4.19\UE_4.19\Engine\Source\Runtime\Engine\Classes\Components/SceneComponent.h(641) : note: see declaration of 'USceneComponent::AttachTo'
[2018.07.02-16.42.20:339][749]CompilerResultsLog: [3/4] Link UE4Editor-FPS-5646.dll
[2018.07.02-16.42.20:339][749]CompilerResultsLog: [4/4] Link UE4Editor-FPS-5646.lib
[2018.07.02-16.42.20:339][749]CompilerResultsLog:    Creating library E:\Projects\FPS\FPS\Intermediate\Build\Win64\UE4Editor\Development\UE4Editor-FPS-5646.lib and object E:\Projects\FPS\FPS\Intermediate\Build\Win64\UE4Editor\Development\UE4Editor-FPS-5646.exp
[2018.07.02-16.42.20:339][749]CompilerResultsLog:    Creating library E:\Projects\FPS\FPS\Intermediate\Build\Win64\UE4Editor\Development\UE4Editor-FPS-5646.suppressed.lib and object E:\Projects\FPS\FPS\Intermediate\Build\Win64\UE4Editor\Development\UE4Editor-FPS-5646.suppressed.exp
[2018.07.02-16.42.20:339][749]CompilerResultsLog: Total build time: 52.55 seconds (Local executor: 40.39 seconds)
[2018.07.02-16.42.20:339][749]LogMainFrame: MainFrame: Module compiling took 52.759 seconds
[2018.07.02-16.42.20:414][749]LogClass: Could not find existing class GameData in package /Script/FPS for HotReload, assuming new class
[2018.07.02-16.42.20:425][749]LogClass: Collum HotReload.
[2018.07.02-16.42.20:426][749]LogClass: SlotImage HotReload.
[2018.07.02-16.42.20:431][749]LogHotReload: Re-instancing CoverPoint after hot-reload.
[2018.07.02-16.42.21:839][749]LogContentBrowser: Native class hierarchy updated for 'FPS' in 0.0013 seconds. Added 31 classes and 8 folders.
[2018.07.02-16.42.21:843][749]Display: HotReload successful (20 functions remapped  2 scriptstructs remapped)
[2018.07.02-16.42.21:970][749]LogContentBrowser: Native class hierarchy populated in 0.0109 seconds. Added 2484 classes and 568 folders.
[2018.07.02-16.42.21:970][749]Display: HotReload took 54.4s.
[2018.07.02-16.42.21:971][749]Warning: HotReload operation took 54.4s.
[2018.07.02-16.42.22:614][749]LogSlate: Window 'Add C++ Class' being destroyed
[2018.07.02-16.42.22:807][750]LogHotReload: New module detected: UE4Editor-FPS-5646.dll
[2018.07.02-16.42.22:832][751]LogHotReload: Starting Hot-Reload from IDE
[2018.07.02-16.42.22:963][751]LogContentBrowser: Native class hierarchy updated for 'FPS' in 0.0011 seconds. Added 31 classes and 8 folders.
[2018.07.02-16.42.22:965][751]Display: HotReload successful (0 functions remapped  2 scriptstructs remapped)
[2018.07.02-16.42.22:989][751]LogContentBrowser: Native class hierarchy populated in 0.0101 seconds. Added 2484 classes and 568 folders.
[2018.07.02-16.42.22:994][751]Display: HotReload took  0.2s.
[2018.07.02-16.42.27:479][765]LogHttp: Warning: 0000023A52283580: request failed, libcurl error: 6 (Couldn't resolve host name)
[2018.07.02-16.42.27:480][765]LogHttp: Warning: 0000023A52283580: libcurl info message cache 0 (Found bundle for host datarouter.ol.epicgames.com: 0x23a27d17fe8 [serially])
[2018.07.02-16.42.27:480][765]LogHttp: Warning: 0000023A52283580: libcurl info message cache 1 (Could not resolve host: datarouter.ol.epicgames.com)
[2018.07.02-16.42.27:480][765]LogHttp: Warning: 0000023A52283580: libcurl info message cache 2 (Closing connection 2)
[2018.07.02-16.42.34:144][785]LogHttp: Warning: 0000023A347A1A80: request failed, libcurl error: 6 (Couldn't resolve host name)
[2018.07.02-16.42.34:145][785]LogHttp: Warning: 0000023A347A1A80: libcurl info message cache 0 (Could not resolve host: datarouter.ol.epicgames.com)
[2018.07.02-16.42.34:145][785]LogHttp: Warning: 0000023A347A1A80: libcurl info message cache 1 (Closing connection 1)
[2018.07.02-16.43.09:253][310]Running E:/Game Engines/Epic Games/4.19/UE_4.19/Engine/Binaries/DotNET/UnrealBuildTool.exe FPS Win64 Development -editorrecompile "E:/Projects/FPS/FPS/FPS.uproject" -invalidatemakefilesonly
[2018.07.02-16.43.09:457][310]Invalidating makefiles only in this run.
[2018.07.02-16.43.09:571][310]Candidate modules for hot reload:
[2018.07.02-16.43.09:571][310]  FPS
[2018.07.02-16.43.09:572][310]Launching UnrealBuildTool... [E:/Game Engines/Epic Games/4.19/UE_4.19/Engine/Binaries/DotNET/UnrealBuildTool.exe FPS -ModuleWithSuffix=FPS,3129 Win64 Development -editorrecompile -canskiplink "E:/Projects/FPS/FPS/FPS.uproject" ]
[2018.07.02-16.43.28:349][310]CompilerResultsLog: New page: Compilation - Jul 2, 2018, 8:43:28 PM
[2018.07.02-16.43.28:350][310]CompilerResultsLog: Using 'git status' to determine working set for adaptive non-unity build.
[2018.07.02-16.43.28:350][310]CompilerResultsLog: Creating makefile for hot reloading FPS (no existing makefile)
[2018.07.02-16.43.28:350][310]CompilerResultsLog: Compiling game modules for hot reload
[2018.07.02-16.43.28:350][310]CompilerResultsLog: Parsing headers for FPSEditor
[2018.07.02-16.43.28:350][310]CompilerResultsLog:   Running UnrealHeaderTool "E:\Projects\FPS\FPS\FPS.uproject" "E:\Projects\FPS\FPS\Intermediate\Build\Win64\FPSEditor\Development\FPSEditor.uhtmanifest" -LogCmds="loginit warning, logexit warning, logdatabase error" -Unattended -WarningsAsErrors -installed
[2018.07.02-16.43.28:350][310]CompilerResultsLog: Reflection code generated for FPSEditor in 8.3958802 seconds
[2018.07.02-16.43.28:350][310]CompilerResultsLog: Performing 4 actions (4 in parallel)
[2018.07.02-16.43.28:350][310]CompilerResultsLog: Module.FPS.gen.cpp
[2018.07.02-16.43.28:350][310]CompilerResultsLog: Module.FPS.cpp
[2018.07.02-16.43.28:350][310]CompilerResultsLog: Error: E:\Projects\FPS\FPS\Source\FPS\AssualtCharacter.cpp(94) : warning C4996: 'USceneComponent::AttachTo': This function is deprecated, please use AttachToComponent instead. Please update your code to the new API before upgrading to the next release, otherwise your project will no longer compile.
[2018.07.02-16.43.28:351][310]CompilerResultsLog: Error: E:\Game Engines\Epic Games\4.19\UE_4.19\Engine\Source\Runtime\Engine\Classes\Components/SceneComponent.h(641) : note: see declaration of 'USceneComponent::AttachTo'
[2018.07.02-16.43.28:351][310]CompilerResultsLog: Error: E:\Projects\FPS\FPS\Source\FPS\AssualtCharacter.cpp(122) : warning C4996: 'USceneComponent::AttachTo': This function is deprecated, please use AttachToComponent instead. Please update your code to the new API before upgrading to the next release, otherwise your project will no longer compile.
[2018.07.02-16.43.28:351][310]CompilerResultsLog: Error: E:\Game Engines\Epic Games\4.19\UE_4.19\Engine\Source\Runtime\Engine\Classes\Components/SceneComponent.h(641) : note: see declaration of 'USceneComponent::AttachTo'
[2018.07.02-16.43.28:351][310]CompilerResultsLog: Error: E:\Projects\FPS\FPS\Source\FPS\BaseWeapon.cpp(55) : warning C4996: 'USceneComponent::AttachTo': This function is deprecated, please use AttachToComponent instead. Please update your code to the new API before upgrading to the next release, otherwise your project will no longer compile.
[2018.07.02-16.43.28:351][310]CompilerResultsLog: Error: E:\Game Engines\Epic Games\4.19\UE_4.19\Engine\Source\Runtime\Engine\Classes\Components/SceneComponent.h(641) : note: see declaration of 'USceneComponent::AttachTo'
[2018.07.02-16.43.28:351][310]CompilerResultsLog: Error: E:\Projects\FPS\FPS\Source\FPS\SMG.cpp(35) : warning C4996: 'USceneComponent::AttachTo': This function is deprecated, please use AttachToComponent instead. Please update your code to the new API before upgrading to the next release, otherwise your project will no longer compile.
[2018.07.02-16.43.28:351][310]CompilerResultsLog: Error: E:\Game Engines\Epic Games\4.19\UE_4.19\Engine\Source\Runtime\Engine\Classes\Components/SceneComponent.h(641) : note: see declaration of 'USceneComponent::AttachTo'
[2018.07.02-16.43.28:351][310]CompilerResultsLog: [3/4] Link UE4Editor-FPS-3129.dll
[2018.07.02-16.43.28:351][310]CompilerResultsLog: [4/4] Link UE4Editor-FPS-3129.lib
[2018.07.02-16.43.28:351][310]CompilerResultsLog:    Creating library E:\Projects\FPS\FPS\Intermediate\Build\Win64\UE4Editor\Development\UE4Editor-FPS-3129.lib and object E:\Projects\FPS\FPS\Intermediate\Build\Win64\UE4Editor\Development\UE4Editor-FPS-3129.exp
[2018.07.02-16.43.28:352][310]CompilerResultsLog:    Creating library E:\Projects\FPS\FPS\Intermediate\Build\Win64\UE4Editor\Development\UE4Editor-FPS-3129.suppressed.lib and object E:\Projects\FPS\FPS\Intermediate\Build\Win64\UE4Editor\Development\UE4Editor-FPS-3129.suppressed.exp
[2018.07.02-16.43.28:352][310]CompilerResultsLog: Total build time: 18.61 seconds (Local executor: 6.28 seconds)
[2018.07.02-16.43.28:352][310]LogMainFrame: MainFrame: Module compiling took 18.786 seconds
[2018.07.02-16.43.28:419][310]LogClass: Could not find existing class TaskManager in package /Script/FPS for HotReload, assuming new class
[2018.07.02-16.43.28:422][310]LogClass: Collum HotReload.
[2018.07.02-16.43.28:422][310]LogClass: SlotImage HotReload.
[2018.07.02-16.43.28:427][310]LogHotReload: Re-instancing CoverPoint after hot-reload.
[2018.07.02-16.43.29:816][310]LogContentBrowser: Native class hierarchy updated for 'FPS' in 0.0011 seconds. Added 32 classes and 8 folders.
[2018.07.02-16.43.29:818][310]Display: HotReload successful (20 functions remapped  2 scriptstructs remapped)
[2018.07.02-16.43.29:858][310]LogContentBrowser: Native class hierarchy populated in 0.0100 seconds. Added 2485 classes and 568 folders.
[2018.07.02-16.43.29:858][310]Display: HotReload took 20.3s.
[2018.07.02-16.43.29:860][310]Warning: HotReload operation took 20.3s.
[2018.07.02-16.43.30:073][310]LogSlate: Window 'Add C++ Class' being destroyed
[2018.07.02-16.43.30:083][310]LogHotReload: New module detected: UE4Editor-FPS-3129.dll
[2018.07.02-16.43.30:115][311]LogHotReload: Starting Hot-Reload from IDE
[2018.07.02-16.43.30:170][311]LogContentBrowser: Native class hierarchy updated for 'FPS' in 0.0017 seconds. Added 32 classes and 8 folders.
[2018.07.02-16.43.30:173][311]Display: HotReload successful (0 functions remapped  2 scriptstructs remapped)
[2018.07.02-16.43.30:202][311]LogContentBrowser: Native class hierarchy populated in 0.0118 seconds. Added 2485 classes and 568 folders.
[2018.07.02-16.43.30:208][311]Display: HotReload took  0.1s.
[2018.07.02-16.44.51:251][646]Candidate modules for hot reload:
[2018.07.02-16.44.51:251][646]  FPS
[2018.07.02-16.44.51:251][646]Launching UnrealBuildTool... [E:/Game Engines/Epic Games/4.19/UE_4.19/Engine/Binaries/DotNET/UnrealBuildTool.exe FPS -ModuleWithSuffix=FPS,5156 Win64 Development -editorrecompile -canskiplink "E:/Projects/FPS/FPS/FPS.uproject" ]
[2018.07.02-16.44.51:252][646]Warning: Starting HotReload took  0.0s.
[2018.07.02-16.45.08:294][ 81]CompilerResultsLog: New page: Compilation - Jul 2, 2018, 8:45:08 PM
[2018.07.02-16.45.08:295][ 81]CompilerResultsLog: Using 'git status' to determine working set for adaptive non-unity build.
[2018.07.02-16.45.08:295][ 81]CompilerResultsLog: Compiling game modules for hot reload
[2018.07.02-16.45.08:295][ 81]CompilerResultsLog: Parsing headers for FPSEditor
[2018.07.02-16.45.08:295][ 81]CompilerResultsLog:   Running UnrealHeaderTool "E:\Projects\FPS\FPS\FPS.uproject" "E:\Projects\FPS\FPS\Intermediate\Build\Win64\FPSEditor\Development\FPSEditor.uhtmanifest" -LogCmds="loginit warning, logexit warning, logdatabase error" -Unattended -WarningsAsErrors -installed
[2018.07.02-16.45.08:295][ 81]CompilerResultsLog: Reflection code generated for FPSEditor in 9.117299 seconds
[2018.07.02-16.45.08:295][ 81]CompilerResultsLog: Performing 4 actions (4 in parallel)
[2018.07.02-16.45.08:295][ 81]CompilerResultsLog: Module.FPS.cpp
[2018.07.02-16.45.08:295][ 81]CompilerResultsLog: Module.FPS.gen.cpp
[2018.07.02-16.45.08:295][ 81]CompilerResultsLog: Error: E:\Projects\FPS\FPS\Source\FPS\AssualtCharacter.cpp(94) : warning C4996: 'USceneComponent::AttachTo': This function is deprecated, please use AttachToComponent instead. Please update your code to the new API before upgrading to the next release, otherwise your project will no longer compile.
[2018.07.02-16.45.08:295][ 81]CompilerResultsLog: Error: E:\Game Engines\Epic Games\4.19\UE_4.19\Engine\Source\Runtime\Engine\Classes\Components/SceneComponent.h(641) : note: see declaration of 'USceneComponent::AttachTo'
[2018.07.02-16.45.08:295][ 81]CompilerResultsLog: Error: E:\Projects\FPS\FPS\Source\FPS\AssualtCharacter.cpp(122) : warning C4996: 'USceneComponent::AttachTo': This function is deprecated, please use AttachToComponent instead. Please update your code to the new API before upgrading to the next release, otherwise your project will no longer compile.
[2018.07.02-16.45.08:295][ 81]CompilerResultsLog: Error: E:\Game Engines\Epic Games\4.19\UE_4.19\Engine\Source\Runtime\Engine\Classes\Components/SceneComponent.h(641) : note: see declaration of 'USceneComponent::AttachTo'
[2018.07.02-16.45.08:296][ 81]CompilerResultsLog: Error: E:\Projects\FPS\FPS\Source\FPS\BaseWeapon.cpp(55) : warning C4996: 'USceneComponent::AttachTo': This function is deprecated, please use AttachToComponent instead. Please update your code to the new API before upgrading to the next release, otherwise your project will no longer compile.
[2018.07.02-16.45.08:296][ 81]CompilerResultsLog: Error: E:\Game Engines\Epic Games\4.19\UE_4.19\Engine\Source\Runtime\Engine\Classes\Components/SceneComponent.h(641) : note: see declaration of 'USceneComponent::AttachTo'
[2018.07.02-16.45.08:296][ 81]CompilerResultsLog: Error: E:\Projects\FPS\FPS\Source\FPS\SMG.cpp(35) : warning C4996: 'USceneComponent::AttachTo': This function is deprecated, please use AttachToComponent instead. Please update your code to the new API before upgrading to the next release, otherwise your project will no longer compile.
[2018.07.02-16.45.08:296][ 81]CompilerResultsLog: Error: E:\Game Engines\Epic Games\4.19\UE_4.19\Engine\Source\Runtime\Engine\Classes\Components/SceneComponent.h(641) : note: see declaration of 'USceneComponent::AttachTo'
[2018.07.02-16.45.08:296][ 81]CompilerResultsLog: [3/4] Link UE4Editor-FPS-5156.dll
[2018.07.02-16.45.08:296][ 81]CompilerResultsLog: [4/4] Link UE4Editor-FPS-5156.lib
[2018.07.02-16.45.08:296][ 81]CompilerResultsLog:    Creating library E:\Projects\FPS\FPS\Intermediate\Build\Win64\UE4Editor\Development\UE4Editor-FPS-5156.lib and object E:\Projects\FPS\FPS\Intermediate\Build\Win64\UE4Editor\Development\UE4Editor-FPS-5156.exp
[2018.07.02-16.45.08:296][ 81]CompilerResultsLog:    Creating library E:\Projects\FPS\FPS\Intermediate\Build\Win64\UE4Editor\Development\UE4Editor-FPS-5156.suppressed.lib and object E:\Projects\FPS\FPS\Intermediate\Build\Win64\UE4Editor\Development\UE4Editor-FPS-5156.suppressed.exp
[2018.07.02-16.45.08:296][ 81]CompilerResultsLog: Total build time: 16.85 seconds (Local executor: 7.08 seconds)
[2018.07.02-16.45.08:296][ 81]LogMainFrame: MainFrame: Module compiling took 17.051 seconds
[2018.07.02-16.45.08:350][ 81]LogClass: Could not find existing class GameData in package /Script/FPS for HotReload, assuming new class
[2018.07.02-16.45.08:358][ 81]LogClass: Collum HotReload.
[2018.07.02-16.45.08:358][ 81]LogClass: SlotImage HotReload.
[2018.07.02-16.45.08:364][ 81]LogHotReload: Re-instancing CoverPoint after hot-reload.
[2018.07.02-16.45.09:707][ 81]LogHotReload: Re-instancing GameData after hot-reload.
[2018.07.02-16.45.09:749][ 81]LogContentBrowser: Native class hierarchy updated for 'FPS' in 0.0011 seconds. Added 32 classes and 8 folders.
[2018.07.02-16.45.09:752][ 81]Display: HotReload successful (20 functions remapped  2 scriptstructs remapped)
[2018.07.02-16.45.09:810][ 81]LogContentBrowser: Native class hierarchy populated in 0.0111 seconds. Added 2485 classes and 568 folders.
[2018.07.02-16.45.09:811][ 81]Display: HotReload took 18.6s.
[2018.07.02-16.46.17:862][287]LogEditorViewport: Clicking on Actor (context menu): StaticMeshActor (Wall_400x324)
[2018.07.02-16.46.18:513][287]LogSlate: FSceneViewport::OnFocusLost() reason 2
[2018.07.02-16.46.18:836][288]LogEditorViewport: Clicking on Actor (context menu): StaticMeshActor (SM_ComputerMonitor)
[2018.07.02-16.46.18:954][288]LogSlate: FSceneViewport::OnFocusLost() reason 2
[2018.07.02-16.46.57:803][587]LogSlate: Window 'Pick Parent Class' being destroyed
[2018.07.02-16.46.58:244][605]Candidate modules for hot reload:
[2018.07.02-16.46.58:245][605]  FPS
[2018.07.02-16.46.58:245][605]Launching UnrealBuildTool... [E:/Game Engines/Epic Games/4.19/UE_4.19/Engine/Binaries/DotNET/UnrealBuildTool.exe FPS -ModuleWithSuffix=FPS,1834 Win64 Development -editorrecompile -canskiplink "E:/Projects/FPS/FPS/FPS.uproject" ]
[2018.07.02-16.46.58:246][605]Warning: Starting HotReload took  0.0s.
[2018.07.02-16.47.15:279][ 59]CompilerResultsLog: New page: Compilation - Jul 2, 2018, 8:47:15 PM
[2018.07.02-16.47.15:280][ 59]CompilerResultsLog: Using 'git status' to determine working set for adaptive non-unity build.
[2018.07.02-16.47.15:280][ 59]CompilerResultsLog: Compiling game modules for hot reload
[2018.07.02-16.47.15:280][ 59]CompilerResultsLog: Parsing headers for FPSEditor
[2018.07.02-16.47.15:280][ 59]CompilerResultsLog:   Running UnrealHeaderTool "E:\Projects\FPS\FPS\FPS.uproject" "E:\Projects\FPS\FPS\Intermediate\Build\Win64\FPSEditor\Development\FPSEditor.uhtmanifest" -LogCmds="loginit warning, logexit warning, logdatabase error" -Unattended -WarningsAsErrors -installed
[2018.07.02-16.47.15:281][ 59]CompilerResultsLog: Reflection code generated for FPSEditor in 9.2638885 seconds
[2018.07.02-16.47.15:281][ 59]CompilerResultsLog: Performing 4 actions (4 in parallel)
[2018.07.02-16.47.15:281][ 59]CompilerResultsLog: Module.FPS.cpp
[2018.07.02-16.47.15:281][ 59]CompilerResultsLog: Module.FPS.gen.cpp
[2018.07.02-16.47.15:281][ 59]CompilerResultsLog: Error: E:\Projects\FPS\FPS\Source\FPS\AssualtCharacter.cpp(94) : warning C4996: 'USceneComponent::AttachTo': This function is deprecated, please use AttachToComponent instead. Please update your code to the new API before upgrading to the next release, otherwise your project will no longer compile.
[2018.07.02-16.47.15:281][ 59]CompilerResultsLog: Error: E:\Game Engines\Epic Games\4.19\UE_4.19\Engine\Source\Runtime\Engine\Classes\Components/SceneComponent.h(641) : note: see declaration of 'USceneComponent::AttachTo'
[2018.07.02-16.47.15:281][ 59]CompilerResultsLog: Error: E:\Projects\FPS\FPS\Source\FPS\AssualtCharacter.cpp(122) : warning C4996: 'USceneComponent::AttachTo': This function is deprecated, please use AttachToComponent instead. Please update your code to the new API before upgrading to the next release, otherwise your project will no longer compile.
[2018.07.02-16.47.15:281][ 59]CompilerResultsLog: Error: E:\Game Engines\Epic Games\4.19\UE_4.19\Engine\Source\Runtime\Engine\Classes\Components/SceneComponent.h(641) : note: see declaration of 'USceneComponent::AttachTo'
[2018.07.02-16.47.15:281][ 59]CompilerResultsLog: Error: E:\Projects\FPS\FPS\Source\FPS\BaseWeapon.cpp(55) : warning C4996: 'USceneComponent::AttachTo': This function is deprecated, please use AttachToComponent instead. Please update your code to the new API before upgrading to the next release, otherwise your project will no longer compile.
[2018.07.02-16.47.15:281][ 59]CompilerResultsLog: Error: E:\Game Engines\Epic Games\4.19\UE_4.19\Engine\Source\Runtime\Engine\Classes\Components/SceneComponent.h(641) : note: see declaration of 'USceneComponent::AttachTo'
[2018.07.02-16.47.15:282][ 59]CompilerResultsLog: Error: E:\Projects\FPS\FPS\Source\FPS\SMG.cpp(35) : warning C4996: 'USceneComponent::AttachTo': This function is deprecated, please use AttachToComponent instead. Please update your code to the new API before upgrading to the next release, otherwise your project will no longer compile.
[2018.07.02-16.47.15:282][ 59]CompilerResultsLog: Error: E:\Game Engines\Epic Games\4.19\UE_4.19\Engine\Source\Runtime\Engine\Classes\Components/SceneComponent.h(641) : note: see declaration of 'USceneComponent::AttachTo'
[2018.07.02-16.47.15:282][ 59]CompilerResultsLog: [3/4] Link UE4Editor-FPS-1834.dll
[2018.07.02-16.47.15:282][ 59]CompilerResultsLog: [4/4] Link UE4Editor-FPS-1834.lib
[2018.07.02-16.47.15:282][ 59]CompilerResultsLog:    Creating library E:\Projects\FPS\FPS\Intermediate\Build\Win64\UE4Editor\Development\UE4Editor-FPS-1834.lib and object E:\Projects\FPS\FPS\Intermediate\Build\Win64\UE4Editor\Development\UE4Editor-FPS-1834.exp
[2018.07.02-16.47.15:282][ 59]CompilerResultsLog:    Creating library E:\Projects\FPS\FPS\Intermediate\Build\Win64\UE4Editor\Development\UE4Editor-FPS-1834.suppressed.lib and object E:\Projects\FPS\FPS\Intermediate\Build\Win64\UE4Editor\Development\UE4Editor-FPS-1834.suppressed.exp
[2018.07.02-16.47.15:282][ 59]CompilerResultsLog: Total build time: 16.86 seconds (Local executor: 6.97 seconds)
[2018.07.02-16.47.15:282][ 59]LogMainFrame: MainFrame: Module compiling took 17.044 seconds
[2018.07.02-16.47.15:338][ 59]LogClass: Could not find existing class GameData in package /Script/FPS for HotReload, assuming new class
[2018.07.02-16.47.15:345][ 59]LogClass: Collum HotReload.
[2018.07.02-16.47.15:346][ 59]LogClass: SlotImage HotReload.
[2018.07.02-16.47.15:351][ 59]LogHotReload: Re-instancing CoverPoint after hot-reload.
[2018.07.02-16.47.16:776][ 59]LogHotReload: Re-instancing GameData after hot-reload.
[2018.07.02-16.47.16:887][ 59]LogContentBrowser: Native class hierarchy updated for 'FPS' in 0.0030 seconds. Added 32 classes and 8 folders.
[2018.07.02-16.47.16:890][ 59]Display: HotReload successful (20 functions remapped  2 scriptstructs remapped)
[2018.07.02-16.47.16:937][ 59]LogContentBrowser: Native class hierarchy populated in 0.0099 seconds. Added 2485 classes and 568 folders.
[2018.07.02-16.47.16:937][ 59]Display: HotReload took 18.7s.
[2018.07.02-16.47.32:813][344]LogContentBrowser: Native class hierarchy updated for 'BlueprintGraph' in 0.0024 seconds. Added 116 classes and 0 folders.
[2018.07.02-16.47.33:310][344]LogUObjectGlobals: Created PersistentFrame Addr=0x0000023a54215e80, Size=4, Default__SKEL_PROTO_BP_AnimBlueprint_0_C Function /Engine/Transient.SKEL_PROTO_BP_AnimBlueprint_0_C:ExecuteUbergraph_PROTO_BP_AnimBlueprint_0
[2018.07.02-16.47.33:320][344]LogUObjectGlobals: Created PersistentFrame Addr=0x0000023a54215e78, Size=4, Default__PROTO_BP_AnimBlueprint_0_C Function /Engine/Transient.PROTO_BP_AnimBlueprint_0_C:ExecuteUbergraph_PROTO_BP_AnimBlueprint_0
[2018.07.02-16.47.34:207][344]LogSlate: Window 'Add Blueprint Class' being destroyed
[2018.07.02-16.47.51:426][351]LogSlate: Took 0.014611 seconds to synchronously load lazily loaded font '../../../Engine/Content/Slate/Fonts/Roboto-Italic.ttf' (157K)
[2018.07.02-16.47.55:987][891]Cmd: OBJ SAVEPACKAGE PACKAGE="/Game/Blueprints/GameManagment/BP_GameData" FILE="../../../../../../../Projects/FPS/FPS/Content/Blueprints/GameManagment/BP_GameData.uasset" SILENT=true
[2018.07.02-16.47.56:065][891]LogSavePackage: Save=41.59ms
[2018.07.02-16.47.56:065][891]LogSavePackage: Moving '../../../../../../../Projects/FPS/FPS/Saved/BP_GameData2E5B6BC541972E35CA4BED8A8527AAC2.tmp' to '../../../../../../../Projects/FPS/FPS/Content/Blueprints/GameManagment/BP_GameData.uasset'
[2018.07.02-16.47.56:094][891]LogSavePackage: Display: Finished SavePackage ../../../../../../../Projects/FPS/FPS/Content/Blueprints/GameManagment/BP_GameData.uasset
[2018.07.02-16.48.34:727][113]LogEditor: Attempting to add actor of class 'TaskManager' to level at 450.00,140.00,0.00
[2018.07.02-16.48.35:491][184]LogEditor: Attempting to add actor of class 'TaskManager' to level at 533.00,141.00,0.00
[2018.07.02-16.48.38:946][517]LogSlate: FSceneViewport::OnFocusLost() reason 0
[2018.07.02-16.48.53:051][914]Cmd: OBJ SAVEPACKAGE PACKAGE="/Game/Maps/Level1" FILE="../../../../../../../Projects/FPS/FPS/Content/Maps/Level1.umap" SILENT=true AUTOSAVING=false KEEPDIRTY=false
[2018.07.02-16.48.53:387][914]LogSavePackage: Save=263.37ms
[2018.07.02-16.48.53:388][914]LogSavePackage: Moving '../../../../../../../Projects/FPS/FPS/Saved/Level13AC06E444CAB3C739D273F9F1BA65BA9.tmp' to '../../../../../../../Projects/FPS/FPS/Content/Maps/Level1.umap'
[2018.07.02-16.48.53:391][914]LogSavePackage: Display: Finished SavePackage ../../../../../../../Projects/FPS/FPS/Content/Maps/Level1.umap
[2018.07.02-16.48.53:460][914]Cmd: OBJ SAVEPACKAGE PACKAGE="/Game/Maps/Level1_BuiltData" FILE="../../../../../../../Projects/FPS/FPS/Content/Maps/Level1_BuiltData.uasset" SILENT=true
[2018.07.02-16.48.53:931][914]LogSavePackage: Save=408.99ms
[2018.07.02-16.48.53:931][914]LogSavePackage: Moving '../../../../../../../Projects/FPS/FPS/Saved/Level1_BuiltDataC521145748791BA70C4793AD542EBC56.tmp' to '../../../../../../../Projects/FPS/FPS/Content/Maps/Level1_BuiltData.uasset'
[2018.07.02-16.48.53:933][914]LogSavePackage: Display: Finished SavePackage ../../../../../../../Projects/FPS/FPS/Content/Maps/Level1_BuiltData.uasset
[2018.07.02-16.48.56:498][180]LogProperty: Warning: Illegal TEXT reference to a private object in external package (TaskManager /Game/Maps/Level1.Level1:PersistentLevel.TaskManager_1) from referencer (BP_GameData_C /Game/Blueprints/GameManagment/BP_GameData.Default__BP_GameData_C).  Import failed...
[2018.07.02-16.48.58:128][375]BlueprintLog: New page: Compile BP_GameData
[2018.07.02-16.48.58:751][441]Cmd: OBJ SAVEPACKAGE PACKAGE="/Game/Blueprints/GameManagment/BP_GameData" FILE="../../../../../../../Projects/FPS/FPS/Content/Blueprints/GameManagment/BP_GameData.uasset" SILENT=true
[2018.07.02-16.48.58:782][441]LogSavePackage: Save=19.09ms
[2018.07.02-16.48.58:783][441]LogSavePackage: Moving '../../../../../../../Projects/FPS/FPS/Saved/BP_GameDataABC89AF54E40E99757A5DDB8F458493A.tmp' to '../../../../../../../Projects/FPS/FPS/Content/Blueprints/GameManagment/BP_GameData.uasset'
[2018.07.02-16.48.58:785][441]LogSavePackage: Display: Finished SavePackage ../../../../../../../Projects/FPS/FPS/Content/Blueprints/GameManagment/BP_GameData.uasset
[2018.07.02-16.49.01:186][728]LogProperty: Warning: Illegal TEXT reference to a private object in external package (TaskManager /Game/Maps/Level1.Level1:PersistentLevel.TaskManager_1) from referencer (BP_GameData_C /Game/Blueprints/GameManagment/BP_GameData.Default__BP_GameData_C).  Import failed...
[2018.07.02-16.49.06:551][286]BlueprintLog: New page: Compile BP_GameData
[2018.07.02-16.49.07:034][340]Cmd: OBJ SAVEPACKAGE PACKAGE="/Game/Blueprints/GameManagment/BP_GameData" FILE="../../../../../../../Projects/FPS/FPS/Content/Blueprints/GameManagment/BP_GameData.uasset" SILENT=true
[2018.07.02-16.49.07:051][340]LogSavePackage: Save=6.85ms
[2018.07.02-16.49.07:052][340]LogSavePackage: Moving '../../../../../../../Projects/FPS/FPS/Saved/BP_GameDataE32A3871418852AF99AA95834C403AAC.tmp' to '../../../../../../../Projects/FPS/FPS/Content/Blueprints/GameManagment/BP_GameData.uasset'
[2018.07.02-16.49.07:054][340]LogSavePackage: Display: Finished SavePackage ../../../../../../../Projects/FPS/FPS/Content/Blueprints/GameManagment/BP_GameData.uasset
[2018.07.02-16.49.21:199][778]LogProperty: Warning: Illegal TEXT reference to a private object in external package (TaskManager /Game/Maps/Level1.Level1:PersistentLevel.TaskManager_1) from referencer (BP_GameData_C /Game/Blueprints/GameManagment/BP_GameData.Default__BP_GameData_C).  Import failed...
[2018.07.02-16.49.23:704][ 79]BlueprintLog: New page: Compile BP_GameData
[2018.07.02-16.49.24:277][142]Cmd: OBJ SAVEPACKAGE PACKAGE="/Game/Blueprints/GameManagment/BP_GameData" FILE="../../../../../../../Projects/FPS/FPS/Content/Blueprints/GameManagment/BP_GameData.uasset" SILENT=true
[2018.07.02-16.49.24:294][142]LogSavePackage: Save=6.12ms
[2018.07.02-16.49.24:295][142]LogSavePackage: Moving '../../../../../../../Projects/FPS/FPS/Saved/BP_GameDataAD4236FE42ECE35855A4E5B5CF32E6B7.tmp' to '../../../../../../../Projects/FPS/FPS/Content/Blueprints/GameManagment/BP_GameData.uasset'
[2018.07.02-16.49.24:297][142]LogSavePackage: Display: Finished SavePackage ../../../../../../../Projects/FPS/FPS/Content/Blueprints/GameManagment/BP_GameData.uasset
[2018.07.02-16.50.00:353][368]LogEditorActor: Deleted Actor: TaskManager
[2018.07.02-16.50.00:370][368]LogEditorActor: Deleted 1 Actors (0.050 secs)
[2018.07.02-16.50.25:767][798]LogSlate: Window 'Add Blueprint Class' being destroyed
[2018.07.02-16.50.25:909][799]LogRenderer: Reallocating scene render targets to support 1136x836 Format 10 NumSamples 1 (Frame:1).
[2018.07.02-16.50.32:190][524]Cmd: OBJ SAVEPACKAGE PACKAGE="/Game/Blueprints/BP_TaskManager" FILE="../../../../../../../Projects/FPS/FPS/Content/Blueprints/BP_TaskManager.uasset" SILENT=true
[2018.07.02-16.50.32:214][524]LogSavePackage: Save=20.48ms
[2018.07.02-16.50.32:214][524]LogSavePackage: Moving '../../../../../../../Projects/FPS/FPS/Saved/BP_TaskManager78686DA1401845233A7285A4F647B70E.tmp' to '../../../../../../../Projects/FPS/FPS/Content/Blueprints/BP_TaskManager.uasset'
[2018.07.02-16.50.32:217][524]LogSavePackage: Display: Finished SavePackage ../../../../../../../Projects/FPS/FPS/Content/Blueprints/BP_TaskManager.uasset
[2018.07.02-16.50.33:076][626]BlueprintLog: New page: Compile BP_TaskManager
[2018.07.02-16.50.33:763][682]Cmd: OBJ SAVEPACKAGE PACKAGE="/Game/Blueprints/BP_TaskManager" FILE="../../../../../../../Projects/FPS/FPS/Content/Blueprints/BP_TaskManager.uasset" SILENT=true
[2018.07.02-16.50.33:785][682]LogSavePackage: Save=7.73ms
[2018.07.02-16.50.33:785][682]LogSavePackage: Moving '../../../../../../../Projects/FPS/FPS/Saved/BP_TaskManagerBE3FE8C5431214CFE8369E97FC51EAF0.tmp' to '../../../../../../../Projects/FPS/FPS/Content/Blueprints/BP_TaskManager.uasset'
[2018.07.02-16.50.33:786][682]LogSavePackage: Display: Finished SavePackage ../../../../../../../Projects/FPS/FPS/Content/Blueprints/BP_TaskManager.uasset
[2018.07.02-16.50.40:158][316]Cmd: TRANSACTION UNDO
[2018.07.02-16.50.40:158][316]LogEditorTransaction: Undo Create Actors
[2018.07.02-16.50.50:190][427]LogSlate: FSceneViewport::OnFocusLost() reason 0
[2018.07.02-16.50.59:611][381]LogSlate: FSceneViewport::OnFocusLost() reason 0
[2018.07.02-16.51.08:127][286]LogMetaData: Removing '/Game/Blueprints/Tasks/BP_TaskManager.BP_TaskManager:UserConstructionScript.K2Node_FunctionEntry_0' ref from Metadata '/Game/Blueprints/BP_TaskManager.PackageMetaData'
[2018.07.02-16.51.08:127][286]LogMetaData: Removing '/Game/Blueprints/Tasks/BP_TaskManager.SKEL_BP_TaskManager_C' ref from Metadata '/Game/Blueprints/BP_TaskManager.PackageMetaData'
[2018.07.02-16.51.08:127][286]LogMetaData: Removing '/Game/Blueprints/Tasks/BP_TaskManager.BP_TaskManager_C' ref from Metadata '/Game/Blueprints/BP_TaskManager.PackageMetaData'
[2018.07.02-16.51.08:127][286]LogMetaData: Removing '/Game/Blueprints/Tasks/BP_TaskManager.BP_TaskManager:EventGraph.K2Node_Event_0' ref from Metadata '/Game/Blueprints/BP_TaskManager.PackageMetaData'
[2018.07.02-16.51.08:127][286]LogMetaData: Removing '/Game/Blueprints/Tasks/BP_TaskManager.BP_TaskManager:EventGraph.K2Node_Event_1' ref from Metadata '/Game/Blueprints/BP_TaskManager.PackageMetaData'
[2018.07.02-16.51.08:128][286]LogMetaData: Removing '/Game/Blueprints/Tasks/BP_TaskManager.BP_TaskManager:EventGraph.K2Node_Event_2' ref from Metadata '/Game/Blueprints/BP_TaskManager.PackageMetaData'
[2018.07.02-16.51.08:128][286]LogMetaData: Removing '/Game/Blueprints/Tasks/BP_TaskManager.SKEL_BP_TaskManager_C:ReceiveBeginPlay' ref from Metadata '/Game/Blueprints/BP_TaskManager.PackageMetaData'
[2018.07.02-16.51.08:128][286]LogMetaData: Removing '/Game/Blueprints/Tasks/BP_TaskManager.SKEL_BP_TaskManager_C:ReceiveActorBeginOverlap' ref from Metadata '/Game/Blueprints/BP_TaskManager.PackageMetaData'
[2018.07.02-16.51.08:128][286]LogMetaData: Removing '/Game/Blueprints/Tasks/BP_TaskManager.SKEL_BP_TaskManager_C:ReceiveTick' ref from Metadata '/Game/Blueprints/BP_TaskManager.PackageMetaData'
[2018.07.02-16.51.08:128][286]LogMetaData: Removing '/Game/Blueprints/Tasks/BP_TaskManager.SKEL_BP_TaskManager_C:DefaultSceneRoot' ref from Metadata '/Game/Blueprints/BP_TaskManager.PackageMetaData'
[2018.07.02-16.51.08:128][286]LogMetaData: Removing '/Game/Blueprints/Tasks/BP_TaskManager.SKEL_BP_TaskManager_C:UserConstructionScript' ref from Metadata '/Game/Blueprints/BP_TaskManager.PackageMetaData'
[2018.07.02-16.51.08:128][286]LogMetaData: Removing '/Game/Blueprints/Tasks/BP_TaskManager.BP_TaskManager_C:DefaultSceneRoot' ref from Metadata '/Game/Blueprints/BP_TaskManager.PackageMetaData'
[2018.07.02-16.51.08:169][286]Cmd: OBJ SAVEPACKAGE PACKAGE="/Game/Blueprints/Tasks/BP_TaskManager" FILE="../../../../../../../Projects/FPS/FPS/Content/Blueprints/Tasks/BP_TaskManager.uasset" SILENT=true
[2018.07.02-16.51.08:182][286]LogSavePackage: Save=9.64ms
[2018.07.02-16.51.08:182][286]LogSavePackage: Moving '../../../../../../../Projects/FPS/FPS/Saved/BP_TaskManagerDCB118F14BD70B7D859E1C841C7A12DA.tmp' to '../../../../../../../Projects/FPS/FPS/Content/Blueprints/Tasks/BP_TaskManager.uasset'
[2018.07.02-16.51.08:184][286]LogSavePackage: Display: Finished SavePackage ../../../../../../../Projects/FPS/FPS/Content/Blueprints/Tasks/BP_TaskManager.uasset
[2018.07.02-16.51.12:045][663]LogSlate: FSceneViewport::OnFocusLost() reason 0
[2018.07.02-16.51.17:235][160]LogSlate: FSceneViewport::OnFocusLost() reason 2
[2018.07.02-16.51.17:244][160]Cmd: OBJ SAVEPACKAGE PACKAGE="/Game/Maps/Level1" FILE="../../../../../../../Projects/FPS/FPS/Content/Maps/Level1.umap" SILENT=true AUTOSAVING=false KEEPDIRTY=false
[2018.07.02-16.51.17:532][160]LogSavePackage: Save=256.80ms
[2018.07.02-16.51.17:532][160]LogSavePackage: Moving '../../../../../../../Projects/FPS/FPS/Saved/Level10C84CBCA493291A2BD662880898877EE.tmp' to '../../../../../../../Projects/FPS/FPS/Content/Maps/Level1.umap'
[2018.07.02-16.51.17:534][160]LogSavePackage: Display: Finished SavePackage ../../../../../../../Projects/FPS/FPS/Content/Maps/Level1.umap
[2018.07.02-16.51.17:575][160]Cmd: OBJ SAVEPACKAGE PACKAGE="/Game/Maps/Level1_BuiltData" FILE="../../../../../../../Projects/FPS/FPS/Content/Maps/Level1_BuiltData.uasset" SILENT=true
[2018.07.02-16.51.17:856][160]LogSavePackage: Save=271.13ms
[2018.07.02-16.51.17:856][160]LogSavePackage: Moving '../../../../../../../Projects/FPS/FPS/Saved/Level1_BuiltData7293BDC24AF03AA3F7B3DBBE35C4F3FF.tmp' to '../../../../../../../Projects/FPS/FPS/Content/Maps/Level1_BuiltData.uasset'
[2018.07.02-16.51.17:858][160]LogSavePackage: Display: Finished SavePackage ../../../../../../../Projects/FPS/FPS/Content/Maps/Level1_BuiltData.uasset
[2018.07.02-16.51.20:860][490]LogProperty: Warning: Illegal TEXT reference to a private object in external package (BP_TaskManager_C /Game/Maps/Level1.Level1:PersistentLevel.BP_TaskManager_239) from referencer (BP_GameData_C /Game/Blueprints/GameManagment/BP_GameData.Default__BP_GameData_C).  Import failed...
[2018.07.02-16.51.22:192][650]BlueprintLog: New page: Compile BP_GameData
[2018.07.02-16.51.22:714][709]Cmd: OBJ SAVEPACKAGE PACKAGE="/Game/Blueprints/GameManagment/BP_GameData" FILE="../../../../../../../Projects/FPS/FPS/Content/Blueprints/GameManagment/BP_GameData.uasset" SILENT=true
[2018.07.02-16.51.22:730][709]LogSavePackage: Save=5.46ms
[2018.07.02-16.51.22:731][709]LogSavePackage: Moving '../../../../../../../Projects/FPS/FPS/Saved/BP_GameData48471E5E4CDE333FDDEAEC80A17883AA.tmp' to '../../../../../../../Projects/FPS/FPS/Content/Blueprints/GameManagment/BP_GameData.uasset'
[2018.07.02-16.51.22:733][709]LogSavePackage: Display: Finished SavePackage ../../../../../../../Projects/FPS/FPS/Content/Blueprints/GameManagment/BP_GameData.uasset
[2018.07.02-16.52.00:526][957]LogProperty: Warning: Illegal TEXT reference to a private object in external package (BP_TaskManager_C /Game/Maps/Level1.Level1:PersistentLevel.BP_TaskManager_239) from referencer (BP_GameData_C /Game/Blueprints/GameManagment/BP_GameData.Default__BP_GameData_C).  Import failed...
[2018.07.02-16.52.01:957][129]BlueprintLog: New page: Compile BP_GameData
[2018.07.02-16.52.02:662][210]Cmd: OBJ SAVEPACKAGE PACKAGE="/Game/Blueprints/GameManagment/BP_GameData" FILE="../../../../../../../Projects/FPS/FPS/Content/Blueprints/GameManagment/BP_GameData.uasset" SILENT=true
[2018.07.02-16.52.02:679][210]LogSavePackage: Save=5.41ms
[2018.07.02-16.52.02:679][210]LogSavePackage: Moving '../../../../../../../Projects/FPS/FPS/Saved/BP_GameData5E3F04EF428743ECC223B1813EC96538.tmp' to '../../../../../../../Projects/FPS/FPS/Content/Blueprints/GameManagment/BP_GameData.uasset'
[2018.07.02-16.52.02:681][210]LogSavePackage: Display: Finished SavePackage ../../../../../../../Projects/FPS/FPS/Content/Blueprints/GameManagment/BP_GameData.uasset
[2018.07.02-16.52.25:226][919]Candidate modules for hot reload:
[2018.07.02-16.52.25:226][919]  FPS
[2018.07.02-16.52.25:226][919]Launching UnrealBuildTool... [E:/Game Engines/Epic Games/4.19/UE_4.19/Engine/Binaries/DotNET/UnrealBuildTool.exe FPS -ModuleWithSuffix=FPS,4105 Win64 Development -editorrecompile -canskiplink "E:/Projects/FPS/FPS/FPS.uproject" ]
[2018.07.02-16.52.25:227][919]Warning: Starting HotReload took  0.0s.
[2018.07.02-16.52.42:952][777]CompilerResultsLog: New page: Compilation - Jul 2, 2018, 8:52:42 PM
[2018.07.02-16.52.42:953][777]CompilerResultsLog: Using 'git status' to determine working set for adaptive non-unity build.
[2018.07.02-16.52.42:953][777]CompilerResultsLog: Compiling game modules for hot reload
[2018.07.02-16.52.42:953][777]CompilerResultsLog: Parsing headers for FPSEditor
[2018.07.02-16.52.42:953][777]CompilerResultsLog:   Running UnrealHeaderTool "E:\Projects\FPS\FPS\FPS.uproject" "E:\Projects\FPS\FPS\Intermediate\Build\Win64\FPSEditor\Development\FPSEditor.uhtmanifest" -LogCmds="loginit warning, logexit warning, logdatabase error" -Unattended -WarningsAsErrors -installed
[2018.07.02-16.52.42:953][777]CompilerResultsLog: Reflection code generated for FPSEditor in 9.5141753 seconds
[2018.07.02-16.52.42:953][777]CompilerResultsLog: Performing 4 actions (4 in parallel)
[2018.07.02-16.52.42:953][777]CompilerResultsLog: Module.FPS.cpp
[2018.07.02-16.52.42:953][777]CompilerResultsLog: Module.FPS.gen.cpp
[2018.07.02-16.52.42:954][777]CompilerResultsLog: Error: E:\Projects\FPS\FPS\Source\FPS\AssualtCharacter.cpp(94) : warning C4996: 'USceneComponent::AttachTo': This function is deprecated, please use AttachToComponent instead. Please update your code to the new API before upgrading to the next release, otherwise your project will no longer compile.
[2018.07.02-16.52.42:954][777]CompilerResultsLog: Error: E:\Game Engines\Epic Games\4.19\UE_4.19\Engine\Source\Runtime\Engine\Classes\Components/SceneComponent.h(641) : note: see declaration of 'USceneComponent::AttachTo'
[2018.07.02-16.52.42:954][777]CompilerResultsLog: Error: E:\Projects\FPS\FPS\Source\FPS\AssualtCharacter.cpp(122) : warning C4996: 'USceneComponent::AttachTo': This function is deprecated, please use AttachToComponent instead. Please update your code to the new API before upgrading to the next release, otherwise your project will no longer compile.
[2018.07.02-16.52.42:954][777]CompilerResultsLog: Error: E:\Game Engines\Epic Games\4.19\UE_4.19\Engine\Source\Runtime\Engine\Classes\Components/SceneComponent.h(641) : note: see declaration of 'USceneComponent::AttachTo'
[2018.07.02-16.52.42:954][777]CompilerResultsLog: Error: E:\Projects\FPS\FPS\Source\FPS\BaseWeapon.cpp(55) : warning C4996: 'USceneComponent::AttachTo': This function is deprecated, please use AttachToComponent instead. Please update your code to the new API before upgrading to the next release, otherwise your project will no longer compile.
[2018.07.02-16.52.42:954][777]CompilerResultsLog: Error: E:\Game Engines\Epic Games\4.19\UE_4.19\Engine\Source\Runtime\Engine\Classes\Components/SceneComponent.h(641) : note: see declaration of 'USceneComponent::AttachTo'
[2018.07.02-16.52.42:954][777]CompilerResultsLog: Error: E:\Projects\FPS\FPS\Source\FPS\SMG.cpp(35) : warning C4996: 'USceneComponent::AttachTo': This function is deprecated, please use AttachToComponent instead. Please update your code to the new API before upgrading to the next release, otherwise your project will no longer compile.
[2018.07.02-16.52.42:954][777]CompilerResultsLog: Error: E:\Game Engines\Epic Games\4.19\UE_4.19\Engine\Source\Runtime\Engine\Classes\Components/SceneComponent.h(641) : note: see declaration of 'USceneComponent::AttachTo'
[2018.07.02-16.52.42:954][777]CompilerResultsLog: [3/4] Link UE4Editor-FPS-4105.dll
[2018.07.02-16.52.42:954][777]CompilerResultsLog: [4/4] Link UE4Editor-FPS-4105.lib
[2018.07.02-16.52.42:954][777]CompilerResultsLog:    Creating library E:\Projects\FPS\FPS\Intermediate\Build\Win64\UE4Editor\Development\UE4Editor-FPS-4105.lib and object E:\Projects\FPS\FPS\Intermediate\Build\Win64\UE4Editor\Development\UE4Editor-FPS-4105.exp
[2018.07.02-16.52.42:955][777]CompilerResultsLog:    Creating library E:\Projects\FPS\FPS\Intermediate\Build\Win64\UE4Editor\Development\UE4Editor-FPS-4105.suppressed.lib and object E:\Projects\FPS\FPS\Intermediate\Build\Win64\UE4Editor\Development\UE4Editor-FPS-4105.suppressed.exp
[2018.07.02-16.52.42:955][777]CompilerResultsLog: Total build time: 17.54 seconds (Local executor: 7.38 seconds)
[2018.07.02-16.52.42:955][777]LogMainFrame: MainFrame: Module compiling took 17.735 seconds
[2018.07.02-16.52.43:034][777]LogClass: Could not find existing class GameData in package /Script/FPS for HotReload, assuming new class
[2018.07.02-16.52.43:052][777]LogClass: Collum HotReload.
[2018.07.02-16.52.43:053][777]LogClass: SlotImage HotReload.
[2018.07.02-16.52.43:058][777]LogHotReload: Re-instancing CoverPoint after hot-reload.
[2018.07.02-16.52.45:174][777]LogHotReload: Re-instancing GameData after hot-reload.
[2018.07.02-16.52.45:247][777]LogContentBrowser: Native class hierarchy updated for 'FPS' in 0.0011 seconds. Added 32 classes and 8 folders.
[2018.07.02-16.52.45:250][777]Display: HotReload successful (20 functions remapped  2 scriptstructs remapped)
[2018.07.02-16.52.45:517][777]LogContentBrowser: Native class hierarchy populated in 0.0101 seconds. Added 2485 classes and 568 folders.
[2018.07.02-16.52.45:517][777]Display: HotReload took 20.3s.
[2018.07.02-16.53.00:364][337]LogProperty: Warning: Illegal TEXT reference to a private object in external package (BP_TaskManager_C /Game/Maps/Level1.Level1:PersistentLevel.BP_TaskManager_239) from referencer (BP_GameData_C /Game/Blueprints/GameManagment/BP_GameData.Default__BP_GameData_C).  Import failed...
[2018.07.02-16.53.01:862][517]BlueprintLog: New page: Compile BP_GameData
[2018.07.02-16.53.02:455][581]Cmd: OBJ SAVEPACKAGE PACKAGE="/Game/Blueprints/GameManagment/BP_GameData" FILE="../../../../../../../Projects/FPS/FPS/Content/Blueprints/GameManagment/BP_GameData.uasset" SILENT=true
[2018.07.02-16.53.02:472][581]LogSavePackage: Save=6.51ms
[2018.07.02-16.53.02:472][581]LogSavePackage: Moving '../../../../../../../Projects/FPS/FPS/Saved/BP_GameData35765D304B854663C08A2CB2CC35DBCC.tmp' to '../../../../../../../Projects/FPS/FPS/Content/Blueprints/GameManagment/BP_GameData.uasset'
[2018.07.02-16.53.02:477][581]LogSavePackage: Display: Finished SavePackage ../../../../../../../Projects/FPS/FPS/Content/Blueprints/GameManagment/BP_GameData.uasset
[2018.07.02-16.53.07:257][116]LogSlate: Window 'FPS - Unreal Editor' being destroyed
[2018.07.02-16.53.07:257][116]LogWindowsTextInputMethodSystem: Display: IME system now deactivated.
[2018.07.02-16.53.07:715][117]Cmd: QUIT_EDITOR
[2018.07.02-16.53.07:888][117]LogSlate: Slate User Destroyed.  User Index 0, Is Virtual User: 0
[2018.07.02-16.53.07:889][117]LogExit: Preparing to exit.
[2018.07.02-16.53.08:481][117]LogDirectoryWatcher: A directory notification for 'E:/Projects/FPS/FPS/Content/' was aborted.
