Log file open, 07/16/18 13:48:21
LogWindows: Failed to load 'aqProf.dll' (GetLastError=126)
LogWindows: File 'aqProf.dll' does not exist
LogWindows: Failed to load 'VtuneApi.dll' (GetLastError=126)
LogWindows: File 'VtuneApi.dll' does not exist
LogWindows: Failed to load 'VtuneApi32e.dll' (GetLastError=126)
LogWindows: File 'VtuneApi32e.dll' does not exist
LogInit: Display: Running engine for game: FPS
LogPlatformFile: Not using cached read wrapper
LogInit: Display: RandInit(2066676213) SRandInit(2066676213).
LogInit: Read version file with build ID '3944462'
LogInit: Overriding engine version to CL 4033788, compatible CL 3944462
LogInit: Registered custom module enumerator with build ID '3944462'
LogTaskGraph: Started task graph with 5 named threads and 23 total threads with 3 sets of task threads.
LogStats: Stats thread started at 0.373485
LogD3D11RHI: Aftermath initialized
LogICUInternationalization: Display: ICU TimeZone Detection - Raw Offset: +1:00, Platform Override: ''
LogPluginManager: Mounting plugin Paper2D
LogPluginManager: Mounting plugin LiveLink
LogPluginManager: Mounting plugin LightPropagationVolume
LogPluginManager: Mounting plugin CLionSourceCodeAccess
LogPluginManager: Mounting plugin CodeLiteSourceCodeAccess
LogPluginManager: Mounting plugin GitSourceControl
LogPluginManager: Mounting plugin KDevelopSourceCodeAccess
LogPluginManager: Mounting plugin NullSourceCodeAccess
LogPluginManager: Mounting plugin PerforceSourceControl
LogPluginManager: Mounting plugin SubversionSourceControl
LogPluginManager: Mounting plugin UObjectPlugin
LogPluginManager: Mounting plugin VisualStudioCodeSourceCodeAccess
LogPluginManager: Mounting plugin VisualStudioSourceCodeAccess
LogPluginManager: Mounting plugin XCodeSourceCodeAccess
LogPluginManager: Mounting plugin AssetManagerEditor
LogPluginManager: Mounting plugin CryptoKeys
LogPluginManager: Mounting plugin DataValidation
LogPluginManager: Mounting plugin FacialAnimation
LogPluginManager: Mounting plugin GameplayTagsEditor
LogPluginManager: Mounting plugin MobileLauncherProfileWizard
LogPluginManager: Mounting plugin PluginBrowser
LogPluginManager: Mounting plugin SpeedTreeImporter
LogPluginManager: Mounting plugin DatasmithContent
LogPluginManager: Mounting plugin AlembicImporter
LogPluginManager: Mounting plugin CharacterAI
LogPluginManager: Mounting plugin HTML5Networking
LogPluginManager: Mounting plugin AndroidMedia
LogPluginManager: Mounting plugin AvfMedia
LogPluginManager: Mounting plugin ImgMedia
LogPluginManager: Mounting plugin LinearTimecode
LogPluginManager: Mounting plugin MediaCompositing
LogPluginManager: Mounting plugin MediaPlayerEditor
LogPluginManager: Mounting plugin WmfMedia
LogPluginManager: Mounting plugin TcpMessaging
LogPluginManager: Mounting plugin UdpMessaging
LogPluginManager: Mounting plugin ActorSequence
LogPluginManager: Mounting plugin LevelSequenceEditor
LogPluginManager: Mounting plugin MatineeToLevelSequence
LogPluginManager: Mounting plugin NetcodeUnitTest
LogPluginManager: Mounting plugin NUTUnrealEngine4
LogPluginManager: Mounting plugin OnlineSubsystemGooglePlay
LogPluginManager: Mounting plugin OnlineSubsystemIOS
LogPluginManager: Mounting plugin OnlineSubsystem
LogPluginManager: Mounting plugin OnlineSubsystemNull
LogPluginManager: Mounting plugin OnlineSubsystemUtils
LogPluginManager: Mounting plugin AndroidDeviceProfileSelector
LogPluginManager: Mounting plugin AndroidMoviePlayer
LogPluginManager: Mounting plugin AndroidPermission
LogPluginManager: Mounting plugin AppleARKit
LogPluginManager: Mounting plugin AppleMoviePlayer
LogPluginManager: Mounting plugin ArchVisCharacter
LogPluginManager: Mounting plugin AudioCapture
LogPluginManager: Mounting plugin CableComponent
LogPluginManager: Mounting plugin CustomMeshComponent
LogPluginManager: Mounting plugin ExampleDeviceProfileSelector
LogPluginManager: Mounting plugin GoogleCloudMessaging
LogPluginManager: Mounting plugin ImmediatePhysics
LogPluginManager: Mounting plugin IOSDeviceProfileSelector
LogPluginManager: Mounting plugin LinuxDeviceProfileSelector
LogPluginManager: Mounting plugin LocationServicesBPLibrary
LogPluginManager: Mounting plugin MobilePatchingUtils
LogPluginManager: Mounting plugin OculusVR
LogPluginManager: Plugin shader directory ../../../Engine/Plugins/Runtime/Oculus/OculusVR/Shaders found
LogPluginManager: Mapping shader source directory ../../../Engine/Plugins/Runtime/Oculus/OculusVR/Shaders to virtual directory /Plugin/OculusVR
LogPluginManager: Mounting plugin PhysXVehicles
LogPluginManager: Mounting plugin ProceduralMeshComponent
LogPluginManager: Mounting plugin RuntimePhysXCooking
LogPluginManager: Mounting plugin SteamVR
LogPluginManager: Mounting plugin WindowsMoviePlayer
LogPluginManager: Mounting plugin CoverPointGenerator
LogStreaming: Display: Took  0.129s to configure plugins.
LogModuleManager: Display: Found up-to-date module file ../../../../../SpareTime/Unreal/FPS/FPS/Binaries/Win64/UE4Editor-FPS.dll (API version 3944462).
LogModuleManager: Display: Found up-to-date module file ../../../Engine/Plugins/2D/Paper2D/Binaries/Win64/UE4Editor-Paper2D.dll (API version 3944462).
LogModuleManager: Display: Found up-to-date module file ../../../Engine/Plugins/2D/Paper2D/Binaries/Win64/UE4Editor-Paper2DEditor.dll (API version 3944462).
LogModuleManager: Display: Found up-to-date module file ../../../Engine/Plugins/2D/Paper2D/Binaries/Win64/UE4Editor-PaperSpriteSheetImporter.dll (API version 3944462).
LogModuleManager: Display: Found up-to-date module file ../../../Engine/Plugins/2D/Paper2D/Binaries/Win64/UE4Editor-PaperTiledImporter.dll (API version 3944462).
LogModuleManager: Display: Found up-to-date module file ../../../Engine/Plugins/2D/Paper2D/Binaries/Win64/UE4Editor-SmartSnapping.dll (API version 3944462).
LogModuleManager: Display: Found up-to-date module file ../../../Engine/Plugins/Animation/LiveLink/Binaries/Win64/UE4Editor-LiveLink.dll (API version 3944462).
LogModuleManager: Display: Found up-to-date module file ../../../Engine/Plugins/Animation/LiveLink/Binaries/Win64/UE4Editor-LiveLinkEditor.dll (API version 3944462).
LogModuleManager: Display: Found up-to-date module file ../../../Engine/Plugins/Blendables/LightPropagationVolume/Binaries/Win64/UE4Editor-LightPropagationVolumeRuntime.dll (API version 3944462).
LogModuleManager: Display: Found up-to-date module file ../../../Engine/Plugins/Blendables/LightPropagationVolume/Binaries/Win64/UE4Editor-LightPropagationVolumeEditor.dll (API version 3944462).
LogModuleManager: Display: Found up-to-date module file ../../../Engine/Plugins/Developer/CLionSourceCodeAccess/Binaries/Win64/UE4Editor-CLionSourceCodeAccess.dll (API version 3944462).
LogModuleManager: Display: Found up-to-date module file ../../../Engine/Plugins/Developer/GitSourceControl/Binaries/Win64/UE4Editor-GitSourceControl.dll (API version 3944462).
LogModuleManager: Display: Found up-to-date module file ../../../Engine/Plugins/Developer/PerforceSourceControl/Binaries/Win64/UE4Editor-PerforceSourceControl.dll (API version 3944462).
LogModuleManager: Display: Found up-to-date module file ../../../Engine/Plugins/Developer/SubversionSourceControl/Binaries/Win64/UE4Editor-SubversionSourceControl.dll (API version 3944462).
LogModuleManager: Display: Found up-to-date module file ../../../Engine/Plugins/Developer/UObjectPlugin/Binaries/Win64/UE4Editor-UObjectPlugin.dll (API version 3944462).
LogModuleManager: Display: Found up-to-date module file ../../../Engine/Plugins/Developer/VisualStudioCodeSourceCodeAccess/Binaries/Win64/UE4Editor-VisualStudioCodeSourceCodeAccess.dll (API version 3944462).
LogModuleManager: Display: Found up-to-date module file ../../../Engine/Plugins/Developer/VisualStudioSourceCodeAccess/Binaries/Win64/UE4Editor-VisualStudioSourceCodeAccess.dll (API version 3944462).
LogModuleManager: Display: Found up-to-date module file ../../../Engine/Plugins/Editor/AssetManagerEditor/Binaries/Win64/UE4Editor-AssetManagerEditor.dll (API version 3944462).
LogModuleManager: Display: Found up-to-date module file ../../../Engine/Plugins/Editor/CryptoKeys/Binaries/Win64/UE4Editor-CryptoKeys.dll (API version 3944462).
LogModuleManager: Display: Found up-to-date module file ../../../Engine/Plugins/Editor/CryptoKeys/Binaries/Win64/UE4Editor-CryptoKeysOpenSSL.dll (API version 3944462).
LogModuleManager: Display: Found up-to-date module file ../../../Engine/Plugins/Editor/DataValidation/Binaries/Win64/UE4Editor-DataValidation.dll (API version 3944462).
LogModuleManager: Display: Found up-to-date module file ../../../Engine/Plugins/Editor/FacialAnimation/Binaries/Win64/UE4Editor-FacialAnimation.dll (API version 3944462).
LogModuleManager: Display: Found up-to-date module file ../../../Engine/Plugins/Editor/FacialAnimation/Binaries/Win64/UE4Editor-FacialAnimationEditor.dll (API version 3944462).
LogModuleManager: Display: Found up-to-date module file ../../../Engine/Plugins/Editor/GameplayTagsEditor/Binaries/Win64/UE4Editor-GameplayTagsEditor.dll (API version 3944462).
LogModuleManager: Display: Found up-to-date module file ../../../Engine/Plugins/Editor/MobileLauncherProfileWizard/Binaries/Win64/UE4Editor-MobileLauncherProfileWizard.dll (API version 3944462).
LogModuleManager: Display: Found up-to-date module file ../../../Engine/Plugins/Editor/PluginBrowser/Binaries/Win64/UE4Editor-PluginBrowser.dll (API version 3944462).
LogModuleManager: Display: Found up-to-date module file ../../../Engine/Plugins/Editor/SpeedTreeImporter/Binaries/Win64/UE4Editor-SpeedTreeImporter.dll (API version 3944462).
LogModuleManager: Display: Found up-to-date module file ../../../Engine/Plugins/Enterprise/DatasmithContent/Binaries/Win64/UE4Editor-DatasmithContent.dll (API version 3944462).
LogModuleManager: Display: Found up-to-date module file ../../../Engine/Plugins/Experimental/AlembicImporter/Binaries/Win64/UE4Editor-AlembicImporter.dll (API version 3944462).
LogModuleManager: Display: Found up-to-date module file ../../../Engine/Plugins/Experimental/AlembicImporter/Binaries/Win64/UE4Editor-AlembicLibrary.dll (API version 3944462).
LogModuleManager: Display: Found up-to-date module file ../../../Engine/Plugins/Experimental/CharacterAI/Binaries/Win64/UE4Editor-CharacterAI.dll (API version 3944462).
LogModuleManager: Display: Found up-to-date module file ../../../Engine/Plugins/Experimental/HTML5Networking/Binaries/Win64/UE4Editor-HTML5Networking.dll (API version 3944462).
LogModuleManager: Display: Found up-to-date module file ../../../Engine/Plugins/Media/AndroidMedia/Binaries/Win64/UE4Editor-AndroidMediaEditor.dll (API version 3944462).
LogModuleManager: Display: Found up-to-date module file ../../../Engine/Plugins/Media/AndroidMedia/Binaries/Win64/UE4Editor-AndroidMediaFactory.dll (API version 3944462).
LogModuleManager: Display: Found up-to-date module file ../../../Engine/Plugins/Media/AvfMedia/Binaries/Win64/UE4Editor-AvfMediaEditor.dll (API version 3944462).
LogModuleManager: Display: Found up-to-date module file ../../../Engine/Plugins/Media/AvfMedia/Binaries/Win64/UE4Editor-AvfMediaFactory.dll (API version 3944462).
LogModuleManager: Display: Found up-to-date module file ../../../Engine/Plugins/Media/AvfMedia/Binaries/Win64/UE4Editor-AvfMediaFactory.dll (API version 3944462).
LogModuleManager: Display: Found up-to-date module file ../../../Engine/Plugins/Media/ImgMedia/Binaries/Win64/UE4Editor-ImgMedia.dll (API version 3944462).
LogModuleManager: Display: Found up-to-date module file ../../../Engine/Plugins/Media/ImgMedia/Binaries/Win64/UE4Editor-ImgMediaEditor.dll (API version 3944462).
LogModuleManager: Display: Found up-to-date module file ../../../Engine/Plugins/Media/ImgMedia/Binaries/Win64/UE4Editor-ImgMediaFactory.dll (API version 3944462).
LogModuleManager: Display: Found up-to-date module file ../../../Engine/Plugins/Media/ImgMedia/Binaries/Win64/UE4Editor-ImgMediaFactory.dll (API version 3944462).
LogModuleManager: Display: Found up-to-date module file ../../../Engine/Plugins/Media/ImgMedia/Binaries/Win64/UE4Editor-OpenExrWrapper.dll (API version 3944462).
LogModuleManager: Display: Found up-to-date module file ../../../Engine/Plugins/Media/LinearTimecode/Binaries/Win64/UE4Editor-LinearTimecode.dll (API version 3944462).
LogModuleManager: Display: Found up-to-date module file ../../../Engine/Plugins/Media/MediaCompositing/Binaries/Win64/UE4Editor-MediaCompositing.dll (API version 3944462).
LogModuleManager: Display: Found up-to-date module file ../../../Engine/Plugins/Media/MediaCompositing/Binaries/Win64/UE4Editor-MediaCompositingEditor.dll (API version 3944462).
LogModuleManager: Display: Found up-to-date module file ../../../Engine/Plugins/Media/MediaPlayerEditor/Binaries/Win64/UE4Editor-MediaPlayerEditor.dll (API version 3944462).
LogModuleManager: Display: Found up-to-date module file ../../../Engine/Plugins/Media/WmfMedia/Binaries/Win64/UE4Editor-WmfMedia.dll (API version 3944462).
LogModuleManager: Display: Found up-to-date module file ../../../Engine/Plugins/Media/WmfMedia/Binaries/Win64/UE4Editor-WmfMediaEditor.dll (API version 3944462).
LogModuleManager: Display: Found up-to-date module file ../../../Engine/Plugins/Media/WmfMedia/Binaries/Win64/UE4Editor-WmfMediaFactory.dll (API version 3944462).
LogModuleManager: Display: Found up-to-date module file ../../../Engine/Plugins/Media/WmfMedia/Binaries/Win64/UE4Editor-WmfMediaFactory.dll (API version 3944462).
LogModuleManager: Display: Found up-to-date module file ../../../Engine/Plugins/Messaging/TcpMessaging/Binaries/Win64/UE4Editor-TcpMessaging.dll (API version 3944462).
LogModuleManager: Display: Found up-to-date module file ../../../Engine/Plugins/Messaging/UdpMessaging/Binaries/Win64/UE4Editor-UdpMessaging.dll (API version 3944462).
LogModuleManager: Display: Found up-to-date module file ../../../Engine/Plugins/MovieScene/ActorSequence/Binaries/Win64/UE4Editor-ActorSequence.dll (API version 3944462).
LogModuleManager: Display: Found up-to-date module file ../../../Engine/Plugins/MovieScene/LevelSequenceEditor/Binaries/Win64/UE4Editor-LevelSequenceEditor.dll (API version 3944462).
LogModuleManager: Display: Found up-to-date module file ../../../Engine/Plugins/MovieScene/MatineeToLevelSequence/Binaries/Win64/UE4Editor-MatineeToLevelSequence.dll (API version 3944462).
LogModuleManager: Display: Found up-to-date module file ../../../Engine/Plugins/NetcodeUnitTest/NetcodeUnitTest/Binaries/Win64/UE4Editor-NetcodeUnitTest.dll (API version 3944462).
LogModuleManager: Display: Found up-to-date module file ../../../Engine/Plugins/NetcodeUnitTest/NUTUnrealEngine4/Binaries/Win64/UE4Editor-NUTUnrealEngine4.dll (API version 3944462).
LogModuleManager: Display: Found up-to-date module file ../../../Engine/Plugins/Online/OnlineSubsystem/Binaries/Win64/UE4Editor-OnlineSubsystem.dll (API version 3944462).
LogModuleManager: Display: Found up-to-date module file ../../../Engine/Plugins/Online/OnlineSubsystemNull/Binaries/Win64/UE4Editor-OnlineSubsystemNull.dll (API version 3944462).
LogModuleManager: Display: Found up-to-date module file ../../../Engine/Plugins/Online/OnlineSubsystemUtils/Binaries/Win64/UE4Editor-OnlineSubsystemUtils.dll (API version 3944462).
LogModuleManager: Display: Found up-to-date module file ../../../Engine/Plugins/Online/OnlineSubsystemUtils/Binaries/Win64/UE4Editor-OnlineBlueprintSupport.dll (API version 3944462).
LogModuleManager: Display: Found up-to-date module file ../../../Engine/Plugins/Runtime/AndroidDeviceProfileSelector/Binaries/Win64/UE4Editor-AndroidDeviceProfileSelector.dll (API version 3944462).
LogModuleManager: Display: Found up-to-date module file ../../../Engine/Plugins/Runtime/AndroidPermission/Binaries/Win64/UE4Editor-AndroidPermission.dll (API version 3944462).
LogModuleManager: Display: Found up-to-date module file ../../../Engine/Plugins/Runtime/AppleARKit/Binaries/Win64/UE4Editor-AppleARKit.dll (API version 3944462).
LogModuleManager: Display: Found up-to-date module file ../../../Engine/Plugins/Runtime/ArchVisCharacter/Binaries/Win64/UE4Editor-ArchVisCharacter.dll (API version 3944462).
LogModuleManager: Display: Found up-to-date module file ../../../Engine/Plugins/Runtime/AudioCapture/Binaries/Win64/UE4Editor-AudioCapture.dll (API version 3944462).
LogModuleManager: Display: Found up-to-date module file ../../../Engine/Plugins/Runtime/AudioCapture/Binaries/Win64/UE4Editor-AudioCaptureEditor.dll (API version 3944462).
LogModuleManager: Display: Found up-to-date module file ../../../Engine/Plugins/Runtime/CableComponent/Binaries/Win64/UE4Editor-CableComponent.dll (API version 3944462).
LogModuleManager: Display: Found up-to-date module file ../../../Engine/Plugins/Runtime/CustomMeshComponent/Binaries/Win64/UE4Editor-CustomMeshComponent.dll (API version 3944462).
LogModuleManager: Display: Found up-to-date module file ../../../Engine/Plugins/Runtime/ExampleDeviceProfileSelector/Binaries/Win64/UE4Editor-ExampleDeviceProfileSelector.dll (API version 3944462).
LogModuleManager: Display: Found up-to-date module file ../../../Engine/Plugins/Runtime/ImmediatePhysics/Binaries/Win64/UE4Editor-ImmediatePhysics.dll (API version 3944462).
LogModuleManager: Display: Found up-to-date module file ../../../Engine/Plugins/Runtime/ImmediatePhysics/Binaries/Win64/UE4Editor-ImmediatePhysicsEditor.dll (API version 3944462).
LogModuleManager: Display: Found up-to-date module file ../../../Engine/Plugins/Runtime/LocationServicesBPLibrary/Binaries/Win64/UE4Editor-LocationServicesBPLibrary.dll (API version 3944462).
LogModuleManager: Display: Found up-to-date module file ../../../Engine/Plugins/Runtime/MobilePatchingUtils/Binaries/Win64/UE4Editor-MobilePatchingUtils.dll (API version 3944462).
LogModuleManager: Display: Found up-to-date module file ../../../Engine/Plugins/Runtime/Oculus/OculusVR/Binaries/Win64/UE4Editor-OculusHMD.dll (API version 3944462).
LogModuleManager: Display: Found up-to-date module file ../../../Engine/Plugins/Runtime/Oculus/OculusVR/Binaries/Win64/UE4Editor-OculusInput.dll (API version 3944462).
LogModuleManager: Display: Found up-to-date module file ../../../Engine/Plugins/Runtime/Oculus/OculusVR/Binaries/Win64/UE4Editor-OculusEditor.dll (API version 3944462).
LogModuleManager: Display: Found up-to-date module file ../../../Engine/Plugins/Runtime/PhysXVehicles/Binaries/Win64/UE4Editor-PhysXVehicles.dll (API version 3944462).
LogModuleManager: Display: Found up-to-date module file ../../../Engine/Plugins/Runtime/PhysXVehicles/Binaries/Win64/UE4Editor-PhysXVehiclesEditor.dll (API version 3944462).
LogModuleManager: Display: Found up-to-date module file ../../../Engine/Plugins/Runtime/ProceduralMeshComponent/Binaries/Win64/UE4Editor-ProceduralMeshComponent.dll (API version 3944462).
LogModuleManager: Display: Found up-to-date module file ../../../Engine/Plugins/Runtime/ProceduralMeshComponent/Binaries/Win64/UE4Editor-ProceduralMeshComponentEditor.dll (API version 3944462).
LogModuleManager: Display: Found up-to-date module file ../../../Engine/Plugins/Runtime/RuntimePhysXCooking/Binaries/Win64/UE4Editor-RuntimePhysXCooking.dll (API version 3944462).
LogModuleManager: Display: Found up-to-date module file ../../../Engine/Plugins/Runtime/Steam/SteamVR/Binaries/Win64/UE4Editor-SteamVR.dll (API version 3944462).
LogModuleManager: Display: Found up-to-date module file ../../../Engine/Plugins/Runtime/Steam/SteamVR/Binaries/Win64/UE4Editor-SteamVRController.dll (API version 3944462).
LogModuleManager: Display: Found up-to-date module file ../../../Engine/Plugins/Runtime/WindowsMoviePlayer/Binaries/Win64/UE4Editor-WindowsMoviePlayer.dll (API version 3944462).
LogModuleManager: Display: Found up-to-date module file ../../../../../SpareTime/Unreal/FPS/FPS/Plugins/CoverPointGenerator/Binaries/Win64/UE4Editor-CoverPointGenerator.dll (API version 3944462).
LogInit: Using libcurl 7.47.1
LogInit:  - built for x86_64-pc-win32
LogInit:  - supports SSL with OpenSSL/1.0.2g
LogInit:  - supports HTTP deflate (compression) using libz 1.2.8
LogInit:  - other features:
LogInit:      CURL_VERSION_SSL
LogInit:      CURL_VERSION_LIBZ
LogInit:      CURL_VERSION_IPV6
LogInit:      CURL_VERSION_ASYNCHDNS
LogInit:      CURL_VERSION_LARGEFILE
LogInit:      CURL_VERSION_IDN
LogInit:  CurlRequestOptions (configurable via config and command line):
LogInit:  - bVerifyPeer = false  - Libcurl will NOT verify peer certificate
LogInit:  - bUseHttpProxy = false  - Libcurl will NOT use HTTP proxy
LogInit:  - bDontReuseConnections = false  - Libcurl will reuse connections
LogInit:  - CertBundlePath = nullptr  - Libcurl will use whatever was configured at build time.
LogInit:  - MaxHostConnections = 16  - Libcurl will limit the number of connections to a host
LogInit:  - LocalHostAddr = Default
LogInit: WinSock: version 1.1 (2.2), MaxSocks=32767, MaxUdp=65467
LogInit: WinSock: I am Tom-Laptop (192.168.1.142:0)
LogInit: Build: ++UE4+Release-4.19-CL-4033788
LogInit: Engine Version: 4.19.2-4033788+++UE4+Release-4.19
LogInit: Compatible Engine Version: 4.19.0-3944462+++UE4+Release-4.19
LogInit: Net CL: 3944462
LogDevObjectVersion: Number of dev versions registered: 18
LogDevObjectVersion:   Dev-Blueprints (B0D832E4-1F89-4F0D-ACCF-7EB736FD4AA2): 10
LogDevObjectVersion:   Dev-Build (E1C64328-A22C-4D53-A36C-8E866417BD8C): 0
LogDevObjectVersion:   Dev-Core (375EC13C-06E4-48FB-B500-84F0262A717E): 2
LogDevObjectVersion:   Dev-Editor (E4B068ED-F494-42E9-A231-DA0B2E46BB41): 23
LogDevObjectVersion:   Dev-Framework (CFFC743F-43B0-4480-9391-14DF171D2073): 33
LogDevObjectVersion:   Dev-Mobile (B02B49B5-BB20-44E9-A304-32B752E40360): 2
LogDevObjectVersion:   Dev-Networking (A4E4105C-59A1-49B5-A7C5-40C4547EDFEE): 0
LogDevObjectVersion:   Dev-Online (39C831C9-5AE6-47DC-9A44-9C173E1C8E7C): 0
LogDevObjectVersion:   Dev-Physics (78F01B33-EBEA-4F98-B9B4-84EACCB95AA2): 0
LogDevObjectVersion:   Dev-Platform (6631380F-2D4D-43E0-8009-CF276956A95A): 0
LogDevObjectVersion:   Dev-Rendering (12F88B9F-8875-4AFC-A67C-D90C383ABD29): 25
LogDevObjectVersion:   Dev-Sequencer (7B5AE74C-D270-4C10-A958-57980B212A5A): 6
LogDevObjectVersion:   Dev-VR (D7296918-1DD6-4BDD-9DE2-64A83CC13884): 1
LogDevObjectVersion:   Dev-LoadTimes (C2A15278-BFE7-4AFE-6C17-90FF531DF755): 1
LogDevObjectVersion:   Private-Geometry (6EACA3D4-40EC-4CC1-B786-8BED09428FC5): 2
LogDevObjectVersion:   Dev-AnimPhys (29E575DD-E0A3-4627-9D10-D276232CDCEA): 16
LogDevObjectVersion:   Dev-ReflectionCapture (6B266CEC-1EC7-4B8F-A30B-E4D90942FC07): 1
LogDevObjectVersion:   Dev-Automation (0DF73D61-A23F-47EA-B727-89E90C41499A): 1
LogInit: Compiled (64-bit): Apr 27 2018 02:06:57
LogInit: Compiled with Visual C++: 19.00.24215.01
LogInit: Build Configuration: Development
LogInit: Branch Name: ++UE4+Release-4.19
LogInit: Command Line:  -skipcompile
LogInit: Base Directory: D:/Epic Games/UE_4.19/Engine/Binaries/Win64/
LogInit: Installed Engine Build: 1
LogStreaming: Display: Took  0.002s to delete old logs.
LogInit: Presizing for max 8388607 objects, including 0 objects not considered by GC, pre-allocating 0 bytes for permanent pool.
LogInit: Object subsystem initialized
[2018.07.16-11.48.23:634][  0]LogInit: Selected Device Profile: [Windows]
[2018.07.16-11.48.23:634][  0]LogInit: Applying CVar settings loaded from the selected device profile: [Windows]
[2018.07.16-11.48.23:665][  0]LogInit: Computer: TOM-LAPTOP
[2018.07.16-11.48.23:665][  0]LogInit: User: tomco
[2018.07.16-11.48.23:665][  0]LogInit: CPU Page size=4096, Cores=4
[2018.07.16-11.48.23:666][  0]LogInit: High frequency timer resolution =2.531251 MHz
[2018.07.16-11.48.23:666][  0]LogMemory: Memory total: Physical=7.9GB (8GB approx)
[2018.07.16-11.48.23:666][  0]LogMemory: Platform Memory Stats for Windows
[2018.07.16-11.48.23:666][  0]LogMemory: Process Physical Memory: 280.59 MB used, 280.59 MB peak
[2018.07.16-11.48.23:667][  0]LogMemory: Process Virtual Memory: 272.87 MB used, 272.87 MB peak
[2018.07.16-11.48.23:667][  0]LogMemory: Physical Memory: 5835.64 MB used,  2254.89 MB free, 8090.52 MB total
[2018.07.16-11.48.23:667][  0]LogMemory: Virtual Memory: 4802.24 MB used,  2254.89 MB free, 134217728.00 MB total
[2018.07.16-11.48.23:764][  0]LogInit: Using OS detected language (en-US).
[2018.07.16-11.48.23:764][  0]LogInit: Using OS detected locale (en-US).
[2018.07.16-11.48.23:777][  0]LogTextLocalizationManager: No specific localization for 'en-US' exists, so the 'en' localization will be used.
[2018.07.16-11.48.24:271][  0]LogStreaming: Display: Took  0.507s to EndInitTextLocalization.
[2018.07.16-11.48.24:272][  0]LogInit: Setting process to per monitor DPI aware
[2018.07.16-11.48.24:341][  0]LogSlate: New Slate User Created.  User Index 0, Is Virtual User: 0
[2018.07.16-11.48.24:341][  0]LogSlate: Slate User Registered.  User Index 0, Is Virtual User: 0
[2018.07.16-11.48.24:867][  0]LogD3D11RHI: D3D11 adapters:
[2018.07.16-11.48.24:964][  0]LogD3D11RHI:    0. 'NVIDIA GeForce GTX 960M' (Feature Level 11_0)
[2018.07.16-11.48.24:964][  0]LogD3D11RHI:       2019/0/4045 MB DedicatedVideo/DedicatedSystem/SharedSystem, Outputs:1, VendorId:0x10de
[2018.07.16-11.48.24:988][  0]LogD3D11RHI:    1. 'Intel(R) HD Graphics 530' (Feature Level 11_0)
[2018.07.16-11.48.24:988][  0]LogD3D11RHI:       128/0/4045 MB DedicatedVideo/DedicatedSystem/SharedSystem, Outputs:0, VendorId:0x8086
[2018.07.16-11.48.24:996][  0]LogD3D11RHI:    2. 'Microsoft Basic Render Driver' (Feature Level 11_0)
[2018.07.16-11.48.24:996][  0]LogD3D11RHI:       0/0/4045 MB DedicatedVideo/DedicatedSystem/SharedSystem, Outputs:0, VendorId:0x1414
[2018.07.16-11.48.24:996][  0]LogD3D11RHI: Chosen D3D11 Adapter: 0
[2018.07.16-11.48.25:018][  0]LogD3D11RHI: Creating new Direct3DDevice
[2018.07.16-11.48.25:019][  0]LogD3D11RHI:     GPU DeviceId: 0x139b (for the marketing name, search the web for "GPU Device Id")
[2018.07.16-11.48.25:019][  0]LogWindows: EnumDisplayDevices:
[2018.07.16-11.48.25:019][  0]LogWindows:    0. 'Intel(R) HD Graphics 530' (P:1 D:1)
[2018.07.16-11.48.25:019][  0]LogWindows:    1. 'Intel(R) HD Graphics 530' (P:0 D:0)
[2018.07.16-11.48.25:020][  0]LogWindows:    2. 'Intel(R) HD Graphics 530' (P:0 D:0)
[2018.07.16-11.48.25:020][  0]LogWindows: DebugString: GetVideoDriverDetailsInvalid PrimaryIsNotTheChoosenAdapter GetVideoDriverDetailsInvalid PrimaryIsNotTheChoosenAdapter GetVideoDriverDetailsInvalid PrimaryIsNotTheChoosenAdapter FoundDriverCount:0 
[2018.07.16-11.48.25:020][  0]LogD3D11RHI:     Adapter Name: NVIDIA GeForce GTX 960M
[2018.07.16-11.48.25:020][  0]LogD3D11RHI:   Driver Version: Unknown (internal:Unknown, unified:Unknown)
[2018.07.16-11.48.25:020][  0]LogD3D11RHI:      Driver Date: Unknown
[2018.07.16-11.48.25:020][  0]LogRHI: Texture pool is 1413 MB (70% of 2019 MB)
[2018.07.16-11.48.25:052][  0]LogD3D11RHI: [Aftermath] Aftermath enabled but failed to initialize
[2018.07.16-11.48.25:053][  0]LogD3D11RHI: [Aftermath] Aftermath enabled and primed
[2018.07.16-11.48.25:053][  0]LogD3D11RHI: Async texture creation enabled
[2018.07.16-11.48.25:064][  0]LogD3D11RHI: GPU Timing Frequency: 1000.000000 (Debug: 2 1)
[2018.07.16-11.48.25:066][  0]LogShaderCompilers: Guid format shader working directory is 7 characters bigger than the processId version (../../../../../SpareTime/Unreal/FPS/FPS/Intermediate/Shaders/WorkingDirectory/7928/).
[2018.07.16-11.48.25:066][  0]LogShaderCompilers: Cleaned the shader compiler working directory 'C:/Users/tomco/AppData/Local/Temp/UnrealShaderWorkingDir/9F7325AC43E80C1526FBC582B4FD1491/'.
[2018.07.16-11.48.25:343][  0]LogTemp: Display: Loaded TP AllDesktopTargetPlatform
[2018.07.16-11.48.25:363][  0]LogTemp: Display: Loaded TP MacClientTargetPlatform
[2018.07.16-11.48.25:382][  0]LogTemp: Display: Loaded TP MacNoEditorTargetPlatform
[2018.07.16-11.48.25:400][  0]LogTemp: Display: Loaded TP MacServerTargetPlatform
[2018.07.16-11.48.25:417][  0]LogTemp: Display: Loaded TP MacTargetPlatform
[2018.07.16-11.48.25:435][  0]LogTemp: Display: Loaded TP WindowsClientTargetPlatform
[2018.07.16-11.48.25:452][  0]LogTemp: Display: Loaded TP WindowsNoEditorTargetPlatform
[2018.07.16-11.48.25:471][  0]LogTemp: Display: Loaded TP WindowsServerTargetPlatform
[2018.07.16-11.48.25:483][  0]LogTemp: Display: Loaded TP WindowsTargetPlatform
[2018.07.16-11.48.25:498][  0]LogTemp: Display: Loaded TP Android_ASTCTargetPlatform
[2018.07.16-11.48.25:515][  0]LogTemp: Display: Loaded TP Android_ATCTargetPlatform
[2018.07.16-11.48.25:532][  0]LogTemp: Display: Loaded TP Android_DXTTargetPlatform
[2018.07.16-11.48.25:549][  0]LogTemp: Display: Loaded TP Android_ETC1aTargetPlatform
[2018.07.16-11.48.25:565][  0]LogTemp: Display: Loaded TP Android_ETC1TargetPlatform
[2018.07.16-11.48.25:581][  0]LogTemp: Display: Loaded TP Android_ETC2TargetPlatform
[2018.07.16-11.48.25:615][  0]LogTemp: Display: Loaded TP Android_MultiTargetPlatform
[2018.07.16-11.48.25:615][  0]LogTemp: Display: Loaded TP Android_PVRTCTargetPlatform
[2018.07.16-11.48.25:631][  0]LogTemp: Display: Loaded TP AndroidTargetPlatform
[2018.07.16-11.48.25:636][  0]LogTemp: Display: Loaded TP HTML5TargetPlatform
[2018.07.16-11.48.25:688][  0]LogTemp: Display: Loaded TP IOSTargetPlatform
[2018.07.16-11.48.25:703][  0]LogTemp: Display: Loaded TP TVOSTargetPlatform
[2018.07.16-11.48.25:720][  0]LogTemp: Display: Loaded TP LinuxClientTargetPlatform
[2018.07.16-11.48.25:736][  0]LogTemp: Display: Loaded TP LinuxNoEditorTargetPlatform
[2018.07.16-11.48.25:750][  0]LogTemp: Display: Loaded TP LinuxServerTargetPlatform
[2018.07.16-11.48.25:767][  0]LogTemp: Display: Loaded TP LinuxTargetPlatform
[2018.07.16-11.48.25:768][  0]LogTargetPlatformManager: Display: Building Assets For Windows
[2018.07.16-11.48.25:968][  0]LogXGEController: Cleaning working directory: C:/Users/tomco/AppData/Local/Temp/UnrealXGEWorkingDir/
[2018.07.16-11.48.25:969][  0]LogXGEController: Cannot use XGE Controller as Incredibuild is not installed on this machine.
[2018.07.16-11.48.25:969][  0]LogShaderCompilers: Cannot use XGE Shader Compiler as Incredibuild is not installed on this machine.
[2018.07.16-11.48.25:969][  0]LogShaderCompilers: Display: Using Local Shader Compiler.
[2018.07.16-11.48.26:753][  0]LogDerivedDataCache: Display: Max Cache Size: 512 MB
[2018.07.16-11.48.26:924][  0]LogDerivedDataCache: Loaded boot cache 0.17s 80MB C:/Users/tomco/AppData/Local/UnrealEngine/4.19/DerivedDataCache/Boot.ddc.
[2018.07.16-11.48.26:925][  0]LogDerivedDataCache: Display: Loaded Boot cache: C:/Users/tomco/AppData/Local/UnrealEngine/4.19/DerivedDataCache/Boot.ddc
[2018.07.16-11.48.26:925][  0]LogDerivedDataCache: FDerivedDataBackendGraph:  Pak pak cache file ../../../../../SpareTime/Unreal/FPS/FPS/DerivedDataCache/DDC.ddp not found, will not use a pak cache.
[2018.07.16-11.48.26:925][  0]LogDerivedDataCache: Unable to find inner node Pak for hierarchical cache Hierarchy.
[2018.07.16-11.48.26:925][  0]LogDerivedDataCache: FDerivedDataBackendGraph:  CompressedPak pak cache file ../../../../../SpareTime/Unreal/FPS/FPS/DerivedDataCache/Compressed.ddp not found, will not use a pak cache.
[2018.07.16-11.48.26:925][  0]LogDerivedDataCache: Unable to find inner node CompressedPak for hierarchical cache Hierarchy.
[2018.07.16-11.48.26:943][  0]LogDerivedDataCache: Display: Pak cache opened for reading ../../../Engine/DerivedDataCache/Compressed.ddp.
[2018.07.16-11.48.26:959][  0]LogDerivedDataCache: Using Local data cache path C:/Users/tomco/AppData/Local/UnrealEngine/Common/DerivedDataCache: Writable
[2018.07.16-11.48.26:960][  0]LogDerivedDataCache: Shared data cache path not found in *engine.ini, will not use an Shared cache.
[2018.07.16-11.48.26:960][  0]LogDerivedDataCache: Unable to find inner node Shared for hierarchical cache Hierarchy.
[2018.07.16-11.48.26:970][  0]LogMaterial: Verifying Global Shaders for PCD3D_SM5
[2018.07.16-11.48.26:972][  0]LogSlate: Using Freetype 2.6.0
[2018.07.16-11.48.26:975][  0]LogSlate: SlateFontCache - WITH_FREETYPE: 1, WITH_HARFBUZZ: 1
[2018.07.16-11.48.26:975][  0]LogSlate: SlateFontCache - WITH_FREETYPE: 1, WITH_HARFBUZZ: 1
[2018.07.16-11.48.27:548][  0]LogAssetRegistry: FAssetRegistry took 0.0304 seconds to start up
[2018.07.16-11.48.28:786][  0]LogInit: Selected Device Profile: [Windows]
[2018.07.16-11.48.28:987][  0]LogSimplygon: Simplygon DLL not present - disabling.
[2018.07.16-11.48.28:993][  0]LogMeshReduction: Using SimplygonSwarm for distributed automatic mesh merging
[2018.07.16-11.48.28:993][  0]LogMeshReduction: Using QuadricMeshReduction for automatic static mesh reduction
[2018.07.16-11.48.28:993][  0]LogMeshReduction: No automatic skeletal mesh reduction module available
[2018.07.16-11.48.28:993][  0]LogMeshReduction: No automatic mesh merging module available
[2018.07.16-11.48.28:994][  0]LogMeshMerging: No automatic mesh merging module available
[2018.07.16-11.48.29:026][  0]LogNetVersion: FPS , NetCL: 3944462, EngineNetVer: 2, GameNetVer: 0 (Checksum: 2326512385)
[2018.07.16-11.48.29:543][  0]LogPackageLocalizationCache: Processed 9 localized package path(s) for 2 prioritized culture(s) in 0.091795 seconds
[2018.07.16-11.48.29:550][  0]LogUObjectArray: 36728 objects as part of root set at end of initial load.
[2018.07.16-11.48.29:550][  0]LogUObjectAllocator: 7314312 out of 0 bytes used by permanent object pool.
[2018.07.16-11.48.29:550][  0]LogUObjectArray: CloseDisregardForGC: 0/0 objects in disregard for GC pool
[2018.07.16-11.48.32:684][  0]LogTcpMessaging: Initializing TcpMessaging bridge
[2018.07.16-11.48.32:719][  0]LogUdpMessaging: Initializing bridge on interface 0.0.0.0:0 to multicast group 230.0.0.1:6666.
[2018.07.16-11.48.33:148][  0]LogSkeletalMesh: Skeletal Mesh found in DDC [1.395753ms] /Game/Models/Player/Arms/Arms_SMG.Arms_SMG
[2018.07.16-11.48.33:172][  0]LogUObjectGlobals: Created PersistentFrame Addr=0x000001f7ab8dbc90, Size=80, Default__BP_SMGAnim_C Function /Game/Animations/SMG/BP_SMGAnim.BP_SMGAnim_C:ExecuteUbergraph_BP_SMGAnim
[2018.07.16-11.48.33:184][  0]LogUObjectGlobals: Destroyed PersistentFrame Addr=0x000001f7ab8dbc90, Size=80
[2018.07.16-11.48.33:184][  0]LogUObjectGlobals: Created PersistentFrame Addr=0x000001f7ab8b7790, Size=80, Default__BP_SMGAnim_C Function /Engine/Transient.REINST_BP_SMGAnim_C_0:ExecuteUbergraph_BP_SMGAnim
[2018.07.16-11.48.33:195][  0]LogUObjectGlobals: Created PersistentFrame Addr=0x000001f7ab8116c0, Size=80, Default__BP_SMGAnim_C Function /Game/Animations/SMG/BP_SMGAnim.BP_SMGAnim_C:ExecuteUbergraph_BP_SMGAnim
[2018.07.16-11.48.33:385][  0]SourceControl: Source control is disabled
[2018.07.16-11.48.33:386][  0]SourceControl: Source control is disabled
[2018.07.16-11.48.33:408][  0]SourceControl: Source control is disabled
[2018.07.16-11.48.33:427][  0]SourceControl: Source control is disabled
[2018.07.16-11.48.34:017][  0]LogAndroidPermission: UAndroidPermissionCallbackProxy::GetInstance
[2018.07.16-11.48.34:220][  0]LogOcInput: OculusInput pre-init called
[2018.07.16-11.48.35:428][  0]LogEngine: Initializing Engine...
[2018.07.16-11.48.35:474][  0]LogHMD: Failed to initialize OpenVR with code 126
[2018.07.16-11.48.35:476][  0]LogStats: UGameplayTagsManager::ConstructGameplayTagTree: Construct from data asset -  0.000 s
[2018.07.16-11.48.35:477][  0]LogStats: UGameplayTagsManager::ConstructGameplayTagTree: GameplayTagTreeChangedEvent.Broadcast -  0.000 s
[2018.07.16-11.48.35:881][  0]LogAIModule: Creating AISystem for world Untitled
[2018.07.16-11.48.35:937][  0]LogInit: XAudio2 using 'Luidsprekers (Conexant SmartAudio HD)' : 2 channels at 48 kHz using 32 bits per sample (channel mask 0x3)
[2018.07.16-11.48.35:999][  0]LogInit: FAudioDevice initialized.
[2018.07.16-11.48.36:119][  0]LogDerivedDataCache: Saved boot cache 0.12s 80MB C:/Users/tomco/AppData/Local/UnrealEngine/4.19/DerivedDataCache/Boot.ddc.
[2018.07.16-11.48.36:137][  0]LogInit: Texture streaming: Enabled
[2018.07.16-11.48.36:180][  0]LogEngineSessionManager: EngineSessionManager initialized
[2018.07.16-11.48.36:181][  0]LogEngineSessionManager: EngineSessionManager sent abnormal shutdown report. Type=Debugger, SessionId={7925BBCD-4FBD-EF50-6CD1-088D8EB0EA19}
[2018.07.16-11.48.36:217][  0]LogInit: Transaction tracking system initialized
[2018.07.16-11.48.36:304][  0]BlueprintLog: New page: Editor Load
[2018.07.16-11.48.36:615][  0]LocalizationService: Localization service is disabled
[2018.07.16-11.48.36:902][  0]LogConsoleResponse: Display: 
[2018.07.16-11.48.37:197][  0]LogCook: Display: Max memory allowance for cook 16384mb min free memory 0mb
[2018.07.16-11.48.37:198][  0]LogCook: Display: Mobile HDR setting 1
[2018.07.16-11.48.37:198][  0]LogGameplayTags: Display: UGameplayTagsManager::DoneAddingNativeTags. DelegateIsBound: 0
[2018.07.16-11.48.37:198][  0]LogStats: UGameplayTagsManager::ConstructGameplayTagTree: Construct from data asset -  0.000 s
[2018.07.16-11.48.37:198][  0]LogStats: UGameplayTagsManager::ConstructGameplayTagTree: GameplayTagTreeChangedEvent.Broadcast -  0.000 s
[2018.07.16-11.48.37:510][  0]LogFileCache: Scanning file cache for directory 'D:/SpareTime/Unreal/FPS/FPS/Content/' took 0.02s
[2018.07.16-11.48.37:868][  0]SourceControl: Source control is disabled
[2018.07.16-11.48.37:872][  0]Cmd: MAP LOAD FILE="../../../../../SpareTime/Unreal/FPS/FPS/Content/Maps/Level1.umap" TEMPLATE=0 SHOWPROGRESS=1 FEATURELEVEL=3
[2018.07.16-11.48.37:877][  0]LightingResults: New page: Lighting Build
[2018.07.16-11.48.37:895][  0]MapCheck: New page: Map Check
[2018.07.16-11.48.37:896][  0]LightingResults: New page: Lighting Build
[2018.07.16-11.48.37:922][  0]LogUObjectGlobals: Destroyed PersistentFrame Addr=0x000001f7ab8b7790, Size=80
[2018.07.16-11.48.38:068][  0]LogUObjectGlobals: Created PersistentFrame Addr=0x000001f7be7a3380, Size=128, Default__BP_AssaultAIAnim_C Function /Game/Animations/AI/BP_AssaultAIAnim.BP_AssaultAIAnim_C:ExecuteUbergraph_BP_AssaultAIAnim
[2018.07.16-11.48.38:102][  0]LogUObjectGlobals: Destroyed PersistentFrame Addr=0x000001f7be7a3380, Size=128
[2018.07.16-11.48.38:102][  0]LogUObjectGlobals: Created PersistentFrame Addr=0x000001f7be7a3380, Size=128, Default__BP_AssaultAIAnim_C Function /Engine/Transient.REINST_BP_AssaultAIAnim_C_1:ExecuteUbergraph_BP_AssaultAIAnim
[2018.07.16-11.48.38:132][  0]LogUObjectGlobals: Created PersistentFrame Addr=0x000001f7be182e80, Size=128, Default__BP_AssaultAIAnim_C Function /Game/Animations/AI/BP_AssaultAIAnim.BP_AssaultAIAnim_C:ExecuteUbergraph_BP_AssaultAIAnim
[2018.07.16-11.48.40:656][  0]LogSkeletalMesh: Skeletal Mesh found in DDC [16.289574ms] /Game/Animations/AnimStarterPack/UE4_Mannequin/Mesh/SK_Mannequin.SK_Mannequin
[2018.07.16-11.48.40:718][  0]LogAIModule: Creating AISystem for world Level1
[2018.07.16-11.48.40:835][  0]LogEditorServer: Finished looking for orphan Actors (0.000 secs)
[2018.07.16-11.48.40:879][  0]LogUObjectGlobals: Destroyed PersistentFrame Addr=0x000001f7be7a3380, Size=128
[2018.07.16-11.48.40:883][  0]Cmd: MAP CHECKDEP NOCLEARLOG
[2018.07.16-11.48.40:961][  0]MapCheck: Map check complete: 0 Error(s), 0 Warning(s), took 77.736ms to complete.
[2018.07.16-11.48.40:961][  0]LogFileHelpers: Loading map 'Level1' took 3.092
[2018.07.16-11.48.41:302][  0]LogCollectionManager: Loaded 0 collections in 0.001406 seconds
[2018.07.16-11.48.41:356][  0]LogFileCache: Scanning file cache for directory 'D:/SpareTime/Unreal/FPS/FPS/Saved/Collections/' took 0.01s
[2018.07.16-11.48.41:356][  0]LogFileCache: Scanning file cache for directory 'D:/SpareTime/Unreal/FPS/FPS/Content/Developers/tomco/Collections/' took 0.01s
[2018.07.16-11.48.41:357][  0]LogFileCache: Scanning file cache for directory 'D:/SpareTime/Unreal/FPS/FPS/Content/Collections/' took 0.01s
[2018.07.16-11.48.41:357][  0]LogCollectionManager: Rebuilt the GUID cache for 0 collections in 0.000000 seconds
[2018.07.16-11.48.41:372][  0]LogContentBrowser: Native class hierarchy populated in 0.0148 seconds. Added 2490 classes and 568 folders.
[2018.07.16-11.48.41:384][  0]LogContentBrowser: Native class hierarchy updated for 'WidgetCarousel' in 0.0013 seconds. Added 0 classes and 0 folders.
[2018.07.16-11.48.41:571][  0]LogContentBrowser: Native class hierarchy updated for 'AddContentDialog' in 0.0013 seconds. Added 0 classes and 0 folders.
[2018.07.16-11.48.42:946][  0]LogSlate: Only BGRA pngs, bmps or icos are supported in by External Image Picker
[2018.07.16-11.48.42:986][  0]LogSlate: Took 0.002354 seconds to synchronously load lazily loaded font '../../../Engine/Content/Slate/Fonts/Roboto-Regular.ttf' (155K)
[2018.07.16-11.48.42:995][  0]LogSlate: Took 0.004732 seconds to synchronously load lazily loaded font '../../../Engine/Content/Slate/Fonts/Roboto-Bold.ttf' (160K)
[2018.07.16-11.48.43:013][  0]LogSlate: Took 0.002124 seconds to synchronously load lazily loaded font '../../../Engine/Content/Editor/Slate/Fonts/FontAwesome.ttf' (139K)
[2018.07.16-11.48.43:178][  0]LogTemp: Executing iPhonePackager certificates Engine -bundlename com.YourCompany.FPS
[2018.07.16-11.48.43:179][  0]LogTemp: CWD: D:\Epic Games\UE_4.19\Engine\Binaries\DotNET\IOS
[2018.07.16-11.48.43:179][  0]LogTemp: Initial Dir: D:\Epic Games\UE_4.19
[2018.07.16-11.48.43:179][  0]LogTemp: Env CWD: D:\Epic Games\UE_4.19\Engine\Binaries\DotNET\IOS
[2018.07.16-11.48.43:179][  0]LogTemp: BranchPath = TOM-LAPTOP/D/Epic Games/UE_4.19/Engine/Binaries --- GameBranchPath = TOM-LAPTOP/D/Epic Games/UE_4.19/Engine/Binaries
[2018.07.16-11.48.43:179][  0]LogTemp: IPP ERROR: Could not find provision directory 'C:\Users\tomco\AppData\Local/Apple Computer/MobileDevice/Provisioning Profiles/'.
[2018.07.16-11.48.43:179][  0]LogRenderer: Reallocating scene render targets to support 908x600 Format 10 NumSamples 1 (Frame:1).
[2018.07.16-11.48.43:392][  0]LogSlate: Took 0.002074 seconds to synchronously load lazily loaded font '../../../Engine/Content/Slate/Fonts/Roboto-Light.ttf' (167K)
[2018.07.16-11.48.43:591][  0]LogContentBrowser: Native class hierarchy updated for 'HierarchicalLODOutliner' in 0.0015 seconds. Added 0 classes and 0 folders.
[2018.07.16-11.48.43:591][  0]LogLoad: (Engine Initialization) Total time: 23.57 seconds
[2018.07.16-11.48.43:592][  0]LogLoad: (Engine Initialization) Total Blueprint compile time: 0.00 seconds
[2018.07.16-11.48.43:670][  0]LogContentStreaming: Texture pool size now 1000 MB
[2018.07.16-11.48.43:851][  2]LogAssetRegistry: Asset discovery search completed in 16.3290 seconds
[2018.07.16-11.48.43:859][  2]LogCollectionManager: Rebuilt the object cache for 0 collections in 0.000000 seconds (found 0 objects)
[2018.07.16-11.48.43:859][  2]LogCollectionManager: Fixed up redirectors for 0 collections in 0.000325 seconds (updated 0 objects)
[2018.07.16-11.48.47:062][180]LogSlate: FSceneViewport::OnFocusLost() reason 0
[2018.07.16-11.48.47:140][185]LogTemp: Repeating last play command: Selected Viewport
[2018.07.16-11.48.47:170][185]LogPlayLevel: PlayLevel: No blueprints needed recompiling
[2018.07.16-11.48.47:183][185]PIE: New page: PIE session: Level1 (Jul 16, 2018, 3:48:47 PM)
[2018.07.16-11.48.47:184][185]LogPlayLevel: Creating play world package: /Game/Maps/UEDPIE_0_Level1
[2018.07.16-11.48.47:208][185]LogPlayLevel: PIE: StaticDuplicateObject took: (0.023079s)
[2018.07.16-11.48.47:209][185]LogAIModule: Creating AISystem for world Level1
[2018.07.16-11.48.47:210][185]LogPlayLevel: PIE: World Init took: (0.002391s)
[2018.07.16-11.48.47:211][185]LogPlayLevel: PIE: Created PIE world by copying editor world from /Game/Maps/Level1.Level1 to /Game/Maps/UEDPIE_0_Level1.Level1 (0.026296s)
[2018.07.16-11.48.47:232][185]LogInit: XAudio2 using 'Luidsprekers (Conexant SmartAudio HD)' : 2 channels at 48 kHz using 32 bits per sample (channel mask 0x3)
[2018.07.16-11.48.47:272][185]LogInit: FAudioDevice initialized.
[2018.07.16-11.48.47:365][185]LogUObjectGlobals: Created PersistentFrame Addr=0x000001f7f9936d00, Size=128, Default__BP_InGameGUI_C Function /Game/UI/Widgets/BP_InGameGUI.BP_InGameGUI_C:ExecuteUbergraph_BP_InGameGUI
[2018.07.16-11.48.47:385][185]LogUObjectGlobals: Destroyed PersistentFrame Addr=0x000001f7f9936d00, Size=128
[2018.07.16-11.48.47:385][185]LogUObjectGlobals: Created PersistentFrame Addr=0x000001f7925b2200, Size=128, Default__BP_InGameGUI_C Function /Engine/Transient.REINST_BP_InGameGUI_C_0:ExecuteUbergraph_BP_InGameGUI
[2018.07.16-11.48.47:394][185]LogUObjectGlobals: Created PersistentFrame Addr=0x000001f7925b1f00, Size=128, Default__BP_InGameGUI_C Function /Game/UI/Widgets/BP_InGameGUI.BP_InGameGUI_C:ExecuteUbergraph_BP_InGameGUI
[2018.07.16-11.48.47:425][185]LogUObjectGlobals: Created PersistentFrame Addr=0x000001f7fa226020, Size=4, Default__OnGroundSlot_C Function /Game/UI/Widgets/Inventory/Ground/OnGroundSlot.OnGroundSlot_C:ExecuteUbergraph_OnGroundSlot
[2018.07.16-11.48.47:430][185]LogUObjectGlobals: Destroyed PersistentFrame Addr=0x000001f7fa226020, Size=4
[2018.07.16-11.48.47:430][185]LogUObjectGlobals: Created PersistentFrame Addr=0x000001f7fa226020, Size=4, Default__OnGroundSlot_C Function /Engine/Transient.REINST_OnGroundSlot_C_2:ExecuteUbergraph_OnGroundSlot
[2018.07.16-11.48.47:440][185]LogUObjectGlobals: Created PersistentFrame Addr=0x000001f7fa225f10, Size=4, Default__OnGroundSlot_C Function /Game/UI/Widgets/Inventory/Ground/OnGroundSlot.OnGroundSlot_C:ExecuteUbergraph_OnGroundSlot
[2018.07.16-11.48.47:445][185]LogUObjectGlobals: Created PersistentFrame Addr=0x000001f849e86160, Size=160, Default__OnGroundUI_C Function /Game/UI/Widgets/Inventory/Ground/OnGroundUI.OnGroundUI_C:ExecuteUbergraph_OnGroundUI
[2018.07.16-11.48.47:450][185]LogUObjectGlobals: Destroyed PersistentFrame Addr=0x000001f849e86160, Size=160
[2018.07.16-11.48.47:451][185]LogUObjectGlobals: Created PersistentFrame Addr=0x000001f849ee0ae0, Size=160, Default__OnGroundUI_C Function /Engine/Transient.REINST_OnGroundUI_C_3:ExecuteUbergraph_OnGroundUI
[2018.07.16-11.48.47:460][185]LogUObjectGlobals: Created PersistentFrame Addr=0x000001f849e5e8e0, Size=160, Default__OnGroundUI_C Function /Game/UI/Widgets/Inventory/Ground/OnGroundUI.OnGroundUI_C:ExecuteUbergraph_OnGroundUI
[2018.07.16-11.48.47:470][185]LogUObjectGlobals: Created PersistentFrame Addr=0x000001f7fae8cf70, Size=56, Default__HandSlot_C Function /Game/UI/Widgets/Inventory/HandSlot.HandSlot_C:ExecuteUbergraph_HandSlot
[2018.07.16-11.48.47:476][185]LogUObjectGlobals: Destroyed PersistentFrame Addr=0x000001f7fae8cf70, Size=56
[2018.07.16-11.48.47:476][185]LogUObjectGlobals: Created PersistentFrame Addr=0x000001f7fae8cf70, Size=56, Default__HandSlot_C Function /Engine/Transient.REINST_HandSlot_C_4:ExecuteUbergraph_HandSlot
[2018.07.16-11.48.47:480][185]LogUObjectGlobals: Created PersistentFrame Addr=0x000001f7fae8dd70, Size=56, Default__HandSlot_C Function /Game/UI/Widgets/Inventory/HandSlot.HandSlot_C:ExecuteUbergraph_HandSlot
[2018.07.16-11.48.47:499][185]LogUObjectGlobals: Created PersistentFrame Addr=0x000001f849e4db40, Size=424, Default__Slot_C Function /Game/UI/Widgets/Inventory/Slot.Slot_C:ExecuteUbergraph_Slot
[2018.07.16-11.48.47:506][185]LogUObjectGlobals: Destroyed PersistentFrame Addr=0x000001f849e4db40, Size=424
[2018.07.16-11.48.47:507][185]LogUObjectGlobals: Created PersistentFrame Addr=0x000001f849e4db40, Size=424, Default__Slot_C Function /Engine/Transient.REINST_Slot_C_5:ExecuteUbergraph_Slot
[2018.07.16-11.48.47:512][185]LogUObjectGlobals: Created PersistentFrame Addr=0x000001f849e4c9c0, Size=424, Default__Slot_C Function /Game/UI/Widgets/Inventory/Slot.Slot_C:ExecuteUbergraph_Slot
[2018.07.16-11.48.47:516][185]LogUObjectGlobals: Created PersistentFrame Addr=0x000001f849e07df8, Size=40, Default__InventorySlots_C Function /Game/UI/Widgets/Inventory/InventorySlots.InventorySlots_C:ExecuteUbergraph_InventorySlots
[2018.07.16-11.48.47:536][185]LogUObjectGlobals: Destroyed PersistentFrame Addr=0x000001f849e07df8, Size=40
[2018.07.16-11.48.47:536][185]LogUObjectGlobals: Created PersistentFrame Addr=0x000001f849e07df8, Size=40, Default__InventorySlots_C Function /Engine/Transient.REINST_InventorySlots_C_6:ExecuteUbergraph_InventorySlots
[2018.07.16-11.48.47:546][185]LogUObjectGlobals: Created PersistentFrame Addr=0x000001f849e07b50, Size=40, Default__InventorySlots_C Function /Game/UI/Widgets/Inventory/InventorySlots.InventorySlots_C:ExecuteUbergraph_InventorySlots
[2018.07.16-11.48.47:565][185]LogUObjectGlobals: Created PersistentFrame Addr=0x000001f849c1b330, Size=80, Default__TaskDisplay_C Function /Game/UI/Widgets/Task/TaskDisplay.TaskDisplay_C:ExecuteUbergraph_TaskDisplay
[2018.07.16-11.48.47:569][185]LogUObjectGlobals: Destroyed PersistentFrame Addr=0x000001f849c1b330, Size=80
[2018.07.16-11.48.47:569][185]LogUObjectGlobals: Created PersistentFrame Addr=0x000001f849c1b330, Size=80, Default__TaskDisplay_C Function /Engine/Transient.REINST_TaskDisplay_C_7:ExecuteUbergraph_TaskDisplay
[2018.07.16-11.48.47:572][185]LogUObjectGlobals: Created PersistentFrame Addr=0x000001f849c19300, Size=80, Default__TaskDisplay_C Function /Game/UI/Widgets/Task/TaskDisplay.TaskDisplay_C:ExecuteUbergraph_TaskDisplay
[2018.07.16-11.48.47:575][185]LogUObjectGlobals: Created PersistentFrame Addr=0x000001f849e07e70, Size=40, Default__UIHUD_C Function /Game/UI/Widgets/UIHUD.UIHUD_C:ExecuteUbergraph_UIHUD
[2018.07.16-11.48.47:580][185]LogUObjectGlobals: Destroyed PersistentFrame Addr=0x000001f849e07e70, Size=40
[2018.07.16-11.48.47:580][185]LogUObjectGlobals: Created PersistentFrame Addr=0x000001f849e07e70, Size=40, Default__UIHUD_C Function /Engine/Transient.REINST_UIHUD_C_8:ExecuteUbergraph_UIHUD
[2018.07.16-11.48.47:583][185]LogUObjectGlobals: Created PersistentFrame Addr=0x000001f849e07268, Size=40, Default__UIHUD_C Function /Game/UI/Widgets/UIHUD.UIHUD_C:ExecuteUbergraph_UIHUD
[2018.07.16-11.48.47:684][185]LogLoad: Game class is 'BP_FPSGameModeBase_C'
[2018.07.16-11.48.47:711][185]LogWorld: Bringing World /Game/Maps/UEDPIE_0_Level1.Level1 up for play (max tick rate 60) at 2018.07.16-13.48.47
[2018.07.16-11.48.47:742][185]LogWorld: Bringing up level for play took: 0.044480
[2018.07.16-11.48.47:762][185]LogContentBrowser: Native class hierarchy updated for 'MovieSceneCapture' in 0.0015 seconds. Added 11 classes and 0 folders.
[2018.07.16-11.48.47:799][185]PIE: Play in editor start time for /Game/Maps/UEDPIE_0_Level1 -0.296
[2018.07.16-11.48.52:213][369]LogTemp: Warning: Keycard: Added to inventory
[2018.07.16-11.48.52:214][369]LogTemp: Warning: Task Ended
[2018.07.16-11.49.02:861][709]LogUObjectGlobals: Destroyed PersistentFrame Addr=0x000001f7fae8cf70, Size=56
[2018.07.16-11.49.02:862][709]LogUObjectGlobals: Destroyed PersistentFrame Addr=0x000001f849ee0ae0, Size=160
[2018.07.16-11.49.02:862][709]LogUObjectGlobals: Destroyed PersistentFrame Addr=0x000001f7fa226020, Size=4
[2018.07.16-11.49.02:863][709]LogUObjectGlobals: Destroyed PersistentFrame Addr=0x000001f7925b2200, Size=128
[2018.07.16-11.49.02:864][709]LogUObjectGlobals: Destroyed PersistentFrame Addr=0x000001f849e4db40, Size=424
[2018.07.16-11.49.02:865][709]LogUObjectGlobals: Destroyed PersistentFrame Addr=0x000001f849e07df8, Size=40
[2018.07.16-11.49.02:865][709]LogUObjectGlobals: Destroyed PersistentFrame Addr=0x000001f849c1b330, Size=80
[2018.07.16-11.49.02:865][709]LogUObjectGlobals: Destroyed PersistentFrame Addr=0x000001f849e07e70, Size=40
[2018.07.16-11.49.03:964][764]LogSlate: FSceneViewport::OnFocusLost() reason 0
[2018.07.16-11.49.03:970][764]LogSlate: Took 0.002854 seconds to synchronously load lazily loaded font '../../../Engine/Content/Slate/Fonts/DroidSansMono.ttf' (77K)
[2018.07.16-11.49.11:753][962]LogTemp: Repeating last play command: Selected Viewport
[2018.07.16-11.49.11:775][962]LogPlayLevel: PlayLevel: No blueprints needed recompiling
[2018.07.16-11.49.11:776][962]PIE: New page: PIE session: Level1 (Jul 16, 2018, 3:49:11 PM)
[2018.07.16-11.49.11:777][962]LogPlayLevel: Creating play world package: /Game/Maps/UEDPIE_0_Level1
[2018.07.16-11.49.11:796][962]LogPlayLevel: PIE: StaticDuplicateObject took: (0.018511s)
[2018.07.16-11.49.11:797][962]LogAIModule: Creating AISystem for world Level1
[2018.07.16-11.49.11:798][962]LogPlayLevel: PIE: World Init took: (0.001517s)
[2018.07.16-11.49.11:798][962]LogPlayLevel: PIE: Created PIE world by copying editor world from /Game/Maps/Level1.Level1 to /Game/Maps/UEDPIE_0_Level1.Level1 (0.021524s)
[2018.07.16-11.49.11:820][962]LogInit: XAudio2 using 'Luidsprekers (Conexant SmartAudio HD)' : 2 channels at 48 kHz using 32 bits per sample (channel mask 0x3)
[2018.07.16-11.49.11:858][962]LogInit: FAudioDevice initialized.
[2018.07.16-11.49.11:899][962]LogLoad: Game class is 'BP_FPSGameModeBase_C'
[2018.07.16-11.49.11:912][962]LogWorld: Bringing World /Game/Maps/UEDPIE_0_Level1.Level1 up for play (max tick rate 60) at 2018.07.16-13.49.11
[2018.07.16-11.49.11:913][962]LogWorld: Bringing up level for play took: 0.012579
[2018.07.16-11.49.11:921][962]PIE: Play in editor start time for /Game/Maps/UEDPIE_0_Level1 -0.174
[2018.07.16-11.49.15:522][100]LogTemp: Warning: There is no current weapon
[2018.07.16-11.49.15:972][127]LogTemp: Warning: There is no current weapon
[2018.07.16-11.49.16:971][187]LogTemp: Warning: Keycard: Added to inventory
[2018.07.16-11.49.16:973][187]LogTemp: Warning: Task Ended
[2018.07.16-11.49.25:452][496]LogTemp: Warning: Actor: SM_DoorVent_10
[2018.07.16-11.49.25:452][496]LogTemp: Warning: Door opened
[2018.07.16-11.49.25:452][496]LogTemp: Warning: Actor: SM_DoorVent_10
[2018.07.16-11.51.38:849][183]LogSlate: FSceneViewport::OnFocusLost() reason 0
[2018.07.16-11.51.38:967][187]Candidate modules for hot reload:
[2018.07.16-11.51.38:967][187]  FPS
[2018.07.16-11.51.38:967][187]Launching UnrealBuildTool... [D:/Epic Games/UE_4.19/Engine/Binaries/DotNET/UnrealBuildTool.exe FPS -ModuleWithSuffix=FPS,1692 Win64 Development -editorrecompile -canskiplink "D:/SpareTime/Unreal/FPS/FPS/FPS.uproject" ]
[2018.07.16-11.51.38:974][187]Warning: Starting HotReload took  0.1s.
[2018.07.16-11.52.54:983][743]CompilerResultsLog: New page: Compilation - Jul 16, 2018, 3:52:54 PM
[2018.07.16-11.52.54:985][743]CompilerResultsLog: Using 'git status' to determine working set for adaptive non-unity build.
[2018.07.16-11.52.54:986][743]CompilerResultsLog: Creating makefile for hot reloading FPS (ini files are newer than UBTMakefile)
[2018.07.16-11.52.54:986][743]CompilerResultsLog: Compiling game modules for hot reload
[2018.07.16-11.52.54:986][743]CompilerResultsLog: Parsing headers for FPSEditor
[2018.07.16-11.52.54:986][743]CompilerResultsLog:   Running UnrealHeaderTool "D:\SpareTime\Unreal\FPS\FPS\FPS.uproject" "D:\SpareTime\Unreal\FPS\FPS\Intermediate\Build\Win64\FPSEditor\Development\FPSEditor.uhtmanifest" -LogCmds="loginit warning, logexit warning, logdatabase error" -Unattended -WarningsAsErrors -installed
[2018.07.16-11.52.54:987][743]CompilerResultsLog: Reflection code generated for FPSEditor in 15.2591517 seconds
[2018.07.16-11.52.54:987][743]CompilerResultsLog: Performing 4 actions (4 in parallel)
[2018.07.16-11.52.54:987][743]CompilerResultsLog: Module.FPS.gen.cpp
[2018.07.16-11.52.54:988][743]CompilerResultsLog: Module.FPS.cpp
[2018.07.16-11.52.54:988][743]CompilerResultsLog: Error: D:\SpareTime\Unreal\FPS\FPS\Source\FPS\AssualtCharacter.cpp(94) : warning C4996: 'USceneComponent::AttachTo': This function is deprecated, please use AttachToComponent instead. Please update your code to the new API before upgrading to the next release, otherwise your project will no longer compile.
[2018.07.16-11.52.54:989][743]CompilerResultsLog: Error: D:\Epic Games\UE_4.19\Engine\Source\Runtime\Engine\Classes\Components/SceneComponent.h(641) : note: see declaration of 'USceneComponent::AttachTo'
[2018.07.16-11.52.54:989][743]CompilerResultsLog: Error: D:\SpareTime\Unreal\FPS\FPS\Source\FPS\AssualtCharacter.cpp(122) : warning C4996: 'USceneComponent::AttachTo': This function is deprecated, please use AttachToComponent instead. Please update your code to the new API before upgrading to the next release, otherwise your project will no longer compile.
[2018.07.16-11.52.54:990][743]CompilerResultsLog: Error: D:\Epic Games\UE_4.19\Engine\Source\Runtime\Engine\Classes\Components/SceneComponent.h(641) : note: see declaration of 'USceneComponent::AttachTo'
[2018.07.16-11.52.54:991][743]CompilerResultsLog: Error: D:\SpareTime\Unreal\FPS\FPS\Source\FPS\BaseWeapon.cpp(55) : warning C4996: 'USceneComponent::AttachTo': This function is deprecated, please use AttachToComponent instead. Please update your code to the new API before upgrading to the next release, otherwise your project will no longer compile.
[2018.07.16-11.52.54:996][743]CompilerResultsLog: Error: D:\Epic Games\UE_4.19\Engine\Source\Runtime\Engine\Classes\Components/SceneComponent.h(641) : note: see declaration of 'USceneComponent::AttachTo'
[2018.07.16-11.52.54:997][743]CompilerResultsLog: Error: D:\SpareTime\Unreal\FPS\FPS\Source\FPS\SMG.cpp(35) : warning C4996: 'USceneComponent::AttachTo': This function is deprecated, please use AttachToComponent instead. Please update your code to the new API before upgrading to the next release, otherwise your project will no longer compile.
[2018.07.16-11.52.54:998][743]CompilerResultsLog: Error: D:\Epic Games\UE_4.19\Engine\Source\Runtime\Engine\Classes\Components/SceneComponent.h(641) : note: see declaration of 'USceneComponent::AttachTo'
[2018.07.16-11.52.54:999][743]CompilerResultsLog: [3/4] Link UE4Editor-FPS-1692.dll
[2018.07.16-11.52.54:999][743]CompilerResultsLog: [4/4] Link UE4Editor-FPS-1692.lib
[2018.07.16-11.52.54:999][743]CompilerResultsLog:    Creating library D:\SpareTime\Unreal\FPS\FPS\Intermediate\Build\Win64\UE4Editor\Development\UE4Editor-FPS-1692.lib and object D:\SpareTime\Unreal\FPS\FPS\Intermediate\Build\Win64\UE4Editor\Development\UE4Editor-FPS-1692.exp
[2018.07.16-11.52.55:000][743]CompilerResultsLog:    Creating library D:\SpareTime\Unreal\FPS\FPS\Intermediate\Build\Win64\UE4Editor\Development\UE4Editor-FPS-1692.suppressed.lib and object D:\SpareTime\Unreal\FPS\FPS\Intermediate\Build\Win64\UE4Editor\Development\UE4Editor-FPS-1692.suppressed.exp
[2018.07.16-11.52.55:001][743]CompilerResultsLog: Total build time: 75.63 seconds (Local executor: 47.64 seconds)
[2018.07.16-11.52.55:002][743]LogMainFrame: MainFrame: Module compiling took 76.045 seconds
[2018.07.16-11.52.55:083][743]LogClass: Could not find existing class OpenDoor in package /Script/FPS for HotReload, assuming new class
[2018.07.16-11.52.55:093][743]LogClass: Collum HotReload.
[2018.07.16-11.52.55:093][743]LogClass: SlotImage HotReload.
[2018.07.16-11.52.55:100][743]LogHotReload: Re-instancing CoverPoint after hot-reload.
[2018.07.16-11.52.56:796][743]LogHotReload: Re-instancing OpenDoor after hot-reload.
[2018.07.16-11.52.56:857][743]LogContentBrowser: Native class hierarchy updated for 'FPS' in 0.0017 seconds. Added 37 classes and 8 folders.
[2018.07.16-11.52.56:860][743]Display: HotReload successful (21 functions remapped  2 scriptstructs remapped)
[2018.07.16-11.52.56:991][743]LogContentBrowser: Native class hierarchy populated in 0.0122 seconds. Added 2490 classes and 568 folders.
[2018.07.16-11.52.56:992][743]Display: HotReload took 78.1s.
[2018.07.16-11.54.00:751][568]LogTemp: Repeating last play command: Selected Viewport
[2018.07.16-11.54.00:774][568]LogPlayLevel: PlayLevel: No blueprints needed recompiling
[2018.07.16-11.54.00:774][568]PIE: New page: PIE session: Level1 (Jul 16, 2018, 3:54:00 PM)
[2018.07.16-11.54.00:775][568]LogPlayLevel: Creating play world package: /Game/Maps/UEDPIE_0_Level1
[2018.07.16-11.54.00:807][568]LogPlayLevel: PIE: StaticDuplicateObject took: (0.031952s)
[2018.07.16-11.54.00:809][568]LogAIModule: Creating AISystem for world Level1
[2018.07.16-11.54.00:809][568]LogPlayLevel: PIE: World Init took: (0.001321s)
[2018.07.16-11.54.00:809][568]LogPlayLevel: PIE: Created PIE world by copying editor world from /Game/Maps/Level1.Level1 to /Game/Maps/UEDPIE_0_Level1.Level1 (0.034598s)
[2018.07.16-11.54.00:830][568]LogInit: XAudio2 using 'Luidsprekers (Conexant SmartAudio HD)' : 2 channels at 48 kHz using 32 bits per sample (channel mask 0x3)
[2018.07.16-11.54.00:870][568]LogInit: FAudioDevice initialized.
[2018.07.16-11.54.00:916][568]LogLoad: Game class is 'BP_FPSGameModeBase_C'
[2018.07.16-11.54.00:928][568]LogWorld: Bringing World /Game/Maps/UEDPIE_0_Level1.Level1 up for play (max tick rate 60) at 2018.07.16-13.54.00
[2018.07.16-11.54.00:931][568]LogWorld: Bringing up level for play took: 0.012316
[2018.07.16-11.54.00:939][568]PIE: Play in editor start time for /Game/Maps/UEDPIE_0_Level1 0.843
[2018.07.16-11.54.04:946][729]LogTemp: Warning: There is no current weapon
[2018.07.16-11.54.05:463][760]LogTemp: Warning: There is no current weapon
[2018.07.16-11.54.06:429][818]LogTemp: Warning: There is no current weapon
[2018.07.16-11.54.07:879][905]LogTemp: Warning: Keycard: Added to inventory
[2018.07.16-11.54.07:880][905]LogTemp: Warning: Task Ended
