Log file open, 06/24/18 13:12:42
LogWindows: Failed to load 'aqProf.dll' (GetLastError=126)
LogWindows: File 'aqProf.dll' does not exist
LogWindows: Failed to load 'VtuneApi.dll' (GetLastError=126)
LogWindows: File 'VtuneApi.dll' does not exist
LogWindows: Failed to load 'VtuneApi32e.dll' (GetLastError=126)
LogWindows: File 'VtuneApi32e.dll' does not exist
LogInit: Display: Running engine for game: FPS
LogPlatformFile: Not using cached read wrapper
LogInit: Display: RandInit(-877505305) SRandInit(-877505305).
LogInit: Read version file with build ID '3944462'
LogInit: Overriding engine version to CL 4033788, compatible CL 3944462
LogInit: Registered custom module enumerator with build ID '3944462'
LogTaskGraph: Started task graph with 5 named threads and 23 total threads with 3 sets of task threads.
LogStats: Stats thread started at 1.061583
LogD3D11RHI: Aftermath initialized
LogICUInternationalization: Display: ICU TimeZone Detection - Raw Offset: +1:00, Platform Override: ''
LogPluginManager: Mounting plugin Paper2D
LogPluginManager: Mounting plugin LiveLink
LogPluginManager: Mounting plugin LightPropagationVolume
LogPluginManager: Mounting plugin CLionSourceCodeAccess
LogPluginManager: Mounting plugin CodeLiteSourceCodeAccess
LogPluginManager: Mounting plugin GitSourceControl
LogPluginManager: Mounting plugin KDevelopSourceCodeAccess
LogPluginManager: Mounting plugin NullSourceCodeAccess
LogPluginManager: Mounting plugin PerforceSourceControl
LogPluginManager: Mounting plugin SubversionSourceControl
LogPluginManager: Mounting plugin UObjectPlugin
LogPluginManager: Mounting plugin VisualStudioCodeSourceCodeAccess
LogPluginManager: Mounting plugin VisualStudioSourceCodeAccess
LogPluginManager: Mounting plugin XCodeSourceCodeAccess
LogPluginManager: Mounting plugin AssetManagerEditor
LogPluginManager: Mounting plugin CryptoKeys
LogPluginManager: Mounting plugin DataValidation
LogPluginManager: Mounting plugin FacialAnimation
LogPluginManager: Mounting plugin GameplayTagsEditor
LogPluginManager: Mounting plugin MobileLauncherProfileWizard
LogPluginManager: Mounting plugin PluginBrowser
LogPluginManager: Mounting plugin SpeedTreeImporter
LogPluginManager: Mounting plugin DatasmithContent
LogPluginManager: Mounting plugin AlembicImporter
LogPluginManager: Mounting plugin CharacterAI
LogPluginManager: Mounting plugin HTML5Networking
LogPluginManager: Mounting plugin AndroidMedia
LogPluginManager: Mounting plugin AvfMedia
LogPluginManager: Mounting plugin ImgMedia
LogPluginManager: Mounting plugin LinearTimecode
LogPluginManager: Mounting plugin MediaCompositing
LogPluginManager: Mounting plugin MediaPlayerEditor
LogPluginManager: Mounting plugin WmfMedia
LogPluginManager: Mounting plugin TcpMessaging
LogPluginManager: Mounting plugin UdpMessaging
LogPluginManager: Mounting plugin ActorSequence
LogPluginManager: Mounting plugin LevelSequenceEditor
LogPluginManager: Mounting plugin MatineeToLevelSequence
LogPluginManager: Mounting plugin NetcodeUnitTest
LogPluginManager: Mounting plugin NUTUnrealEngine4
LogPluginManager: Mounting plugin OnlineSubsystemGooglePlay
LogPluginManager: Mounting plugin OnlineSubsystemIOS
LogPluginManager: Mounting plugin OnlineSubsystem
LogPluginManager: Mounting plugin OnlineSubsystemNull
LogPluginManager: Mounting plugin OnlineSubsystemUtils
LogPluginManager: Mounting plugin AndroidDeviceProfileSelector
LogPluginManager: Mounting plugin AndroidMoviePlayer
LogPluginManager: Mounting plugin AndroidPermission
LogPluginManager: Mounting plugin AppleARKit
LogPluginManager: Mounting plugin AppleMoviePlayer
LogPluginManager: Mounting plugin ArchVisCharacter
LogPluginManager: Mounting plugin AudioCapture
LogPluginManager: Mounting plugin CableComponent
LogPluginManager: Mounting plugin CustomMeshComponent
LogPluginManager: Mounting plugin ExampleDeviceProfileSelector
LogPluginManager: Mounting plugin GoogleCloudMessaging
LogPluginManager: Mounting plugin ImmediatePhysics
LogPluginManager: Mounting plugin IOSDeviceProfileSelector
LogPluginManager: Mounting plugin LinuxDeviceProfileSelector
LogPluginManager: Mounting plugin LocationServicesBPLibrary
LogPluginManager: Mounting plugin MobilePatchingUtils
LogPluginManager: Mounting plugin OculusVR
LogPluginManager: Plugin shader directory ../../../Engine/Plugins/Runtime/Oculus/OculusVR/Shaders found
LogPluginManager: Mapping shader source directory ../../../Engine/Plugins/Runtime/Oculus/OculusVR/Shaders to virtual directory /Plugin/OculusVR
LogPluginManager: Mounting plugin PhysXVehicles
LogPluginManager: Mounting plugin ProceduralMeshComponent
LogPluginManager: Mounting plugin RuntimePhysXCooking
LogPluginManager: Mounting plugin SteamVR
LogPluginManager: Mounting plugin WindowsMoviePlayer
LogPluginManager: Mounting plugin CoverPointGenerator
LogStreaming: Display: Took  0.097s to configure plugins.
LogModuleManager: Display: Found up-to-date module file ../../../../../SpareTime/Unreal/FPS/FPS/Binaries/Win64/UE4Editor-FPS.dll (API version 3944462).
LogModuleManager: Display: Found up-to-date module file ../../../Engine/Plugins/2D/Paper2D/Binaries/Win64/UE4Editor-Paper2D.dll (API version 3944462).
LogModuleManager: Display: Found up-to-date module file ../../../Engine/Plugins/2D/Paper2D/Binaries/Win64/UE4Editor-Paper2DEditor.dll (API version 3944462).
LogModuleManager: Display: Found up-to-date module file ../../../Engine/Plugins/2D/Paper2D/Binaries/Win64/UE4Editor-PaperSpriteSheetImporter.dll (API version 3944462).
LogModuleManager: Display: Found up-to-date module file ../../../Engine/Plugins/2D/Paper2D/Binaries/Win64/UE4Editor-PaperTiledImporter.dll (API version 3944462).
LogModuleManager: Display: Found up-to-date module file ../../../Engine/Plugins/2D/Paper2D/Binaries/Win64/UE4Editor-SmartSnapping.dll (API version 3944462).
LogModuleManager: Display: Found up-to-date module file ../../../Engine/Plugins/Animation/LiveLink/Binaries/Win64/UE4Editor-LiveLink.dll (API version 3944462).
LogModuleManager: Display: Found up-to-date module file ../../../Engine/Plugins/Animation/LiveLink/Binaries/Win64/UE4Editor-LiveLinkEditor.dll (API version 3944462).
LogModuleManager: Display: Found up-to-date module file ../../../Engine/Plugins/Blendables/LightPropagationVolume/Binaries/Win64/UE4Editor-LightPropagationVolumeRuntime.dll (API version 3944462).
LogModuleManager: Display: Found up-to-date module file ../../../Engine/Plugins/Blendables/LightPropagationVolume/Binaries/Win64/UE4Editor-LightPropagationVolumeEditor.dll (API version 3944462).
LogModuleManager: Display: Found up-to-date module file ../../../Engine/Plugins/Developer/CLionSourceCodeAccess/Binaries/Win64/UE4Editor-CLionSourceCodeAccess.dll (API version 3944462).
LogModuleManager: Display: Found up-to-date module file ../../../Engine/Plugins/Developer/GitSourceControl/Binaries/Win64/UE4Editor-GitSourceControl.dll (API version 3944462).
LogModuleManager: Display: Found up-to-date module file ../../../Engine/Plugins/Developer/PerforceSourceControl/Binaries/Win64/UE4Editor-PerforceSourceControl.dll (API version 3944462).
LogModuleManager: Display: Found up-to-date module file ../../../Engine/Plugins/Developer/SubversionSourceControl/Binaries/Win64/UE4Editor-SubversionSourceControl.dll (API version 3944462).
LogModuleManager: Display: Found up-to-date module file ../../../Engine/Plugins/Developer/UObjectPlugin/Binaries/Win64/UE4Editor-UObjectPlugin.dll (API version 3944462).
LogModuleManager: Display: Found up-to-date module file ../../../Engine/Plugins/Developer/VisualStudioCodeSourceCodeAccess/Binaries/Win64/UE4Editor-VisualStudioCodeSourceCodeAccess.dll (API version 3944462).
LogModuleManager: Display: Found up-to-date module file ../../../Engine/Plugins/Developer/VisualStudioSourceCodeAccess/Binaries/Win64/UE4Editor-VisualStudioSourceCodeAccess.dll (API version 3944462).
LogModuleManager: Display: Found up-to-date module file ../../../Engine/Plugins/Editor/AssetManagerEditor/Binaries/Win64/UE4Editor-AssetManagerEditor.dll (API version 3944462).
LogModuleManager: Display: Found up-to-date module file ../../../Engine/Plugins/Editor/CryptoKeys/Binaries/Win64/UE4Editor-CryptoKeys.dll (API version 3944462).
LogModuleManager: Display: Found up-to-date module file ../../../Engine/Plugins/Editor/CryptoKeys/Binaries/Win64/UE4Editor-CryptoKeysOpenSSL.dll (API version 3944462).
LogModuleManager: Display: Found up-to-date module file ../../../Engine/Plugins/Editor/DataValidation/Binaries/Win64/UE4Editor-DataValidation.dll (API version 3944462).
LogModuleManager: Display: Found up-to-date module file ../../../Engine/Plugins/Editor/FacialAnimation/Binaries/Win64/UE4Editor-FacialAnimation.dll (API version 3944462).
LogModuleManager: Display: Found up-to-date module file ../../../Engine/Plugins/Editor/FacialAnimation/Binaries/Win64/UE4Editor-FacialAnimationEditor.dll (API version 3944462).
LogModuleManager: Display: Found up-to-date module file ../../../Engine/Plugins/Editor/GameplayTagsEditor/Binaries/Win64/UE4Editor-GameplayTagsEditor.dll (API version 3944462).
LogModuleManager: Display: Found up-to-date module file ../../../Engine/Plugins/Editor/MobileLauncherProfileWizard/Binaries/Win64/UE4Editor-MobileLauncherProfileWizard.dll (API version 3944462).
LogModuleManager: Display: Found up-to-date module file ../../../Engine/Plugins/Editor/PluginBrowser/Binaries/Win64/UE4Editor-PluginBrowser.dll (API version 3944462).
LogModuleManager: Display: Found up-to-date module file ../../../Engine/Plugins/Editor/SpeedTreeImporter/Binaries/Win64/UE4Editor-SpeedTreeImporter.dll (API version 3944462).
LogModuleManager: Display: Found up-to-date module file ../../../Engine/Plugins/Enterprise/DatasmithContent/Binaries/Win64/UE4Editor-DatasmithContent.dll (API version 3944462).
LogModuleManager: Display: Found up-to-date module file ../../../Engine/Plugins/Experimental/AlembicImporter/Binaries/Win64/UE4Editor-AlembicImporter.dll (API version 3944462).
LogModuleManager: Display: Found up-to-date module file ../../../Engine/Plugins/Experimental/AlembicImporter/Binaries/Win64/UE4Editor-AlembicLibrary.dll (API version 3944462).
LogModuleManager: Display: Found up-to-date module file ../../../Engine/Plugins/Experimental/CharacterAI/Binaries/Win64/UE4Editor-CharacterAI.dll (API version 3944462).
LogModuleManager: Display: Found up-to-date module file ../../../Engine/Plugins/Experimental/HTML5Networking/Binaries/Win64/UE4Editor-HTML5Networking.dll (API version 3944462).
LogModuleManager: Display: Found up-to-date module file ../../../Engine/Plugins/Media/AndroidMedia/Binaries/Win64/UE4Editor-AndroidMediaEditor.dll (API version 3944462).
LogModuleManager: Display: Found up-to-date module file ../../../Engine/Plugins/Media/AndroidMedia/Binaries/Win64/UE4Editor-AndroidMediaFactory.dll (API version 3944462).
LogModuleManager: Display: Found up-to-date module file ../../../Engine/Plugins/Media/AvfMedia/Binaries/Win64/UE4Editor-AvfMediaEditor.dll (API version 3944462).
LogModuleManager: Display: Found up-to-date module file ../../../Engine/Plugins/Media/AvfMedia/Binaries/Win64/UE4Editor-AvfMediaFactory.dll (API version 3944462).
LogModuleManager: Display: Found up-to-date module file ../../../Engine/Plugins/Media/AvfMedia/Binaries/Win64/UE4Editor-AvfMediaFactory.dll (API version 3944462).
LogModuleManager: Display: Found up-to-date module file ../../../Engine/Plugins/Media/ImgMedia/Binaries/Win64/UE4Editor-ImgMedia.dll (API version 3944462).
LogModuleManager: Display: Found up-to-date module file ../../../Engine/Plugins/Media/ImgMedia/Binaries/Win64/UE4Editor-ImgMediaEditor.dll (API version 3944462).
LogModuleManager: Display: Found up-to-date module file ../../../Engine/Plugins/Media/ImgMedia/Binaries/Win64/UE4Editor-ImgMediaFactory.dll (API version 3944462).
LogModuleManager: Display: Found up-to-date module file ../../../Engine/Plugins/Media/ImgMedia/Binaries/Win64/UE4Editor-ImgMediaFactory.dll (API version 3944462).
LogModuleManager: Display: Found up-to-date module file ../../../Engine/Plugins/Media/ImgMedia/Binaries/Win64/UE4Editor-OpenExrWrapper.dll (API version 3944462).
LogModuleManager: Display: Found up-to-date module file ../../../Engine/Plugins/Media/LinearTimecode/Binaries/Win64/UE4Editor-LinearTimecode.dll (API version 3944462).
LogModuleManager: Display: Found up-to-date module file ../../../Engine/Plugins/Media/MediaCompositing/Binaries/Win64/UE4Editor-MediaCompositing.dll (API version 3944462).
LogModuleManager: Display: Found up-to-date module file ../../../Engine/Plugins/Media/MediaCompositing/Binaries/Win64/UE4Editor-MediaCompositingEditor.dll (API version 3944462).
LogModuleManager: Display: Found up-to-date module file ../../../Engine/Plugins/Media/MediaPlayerEditor/Binaries/Win64/UE4Editor-MediaPlayerEditor.dll (API version 3944462).
LogModuleManager: Display: Found up-to-date module file ../../../Engine/Plugins/Media/WmfMedia/Binaries/Win64/UE4Editor-WmfMedia.dll (API version 3944462).
LogModuleManager: Display: Found up-to-date module file ../../../Engine/Plugins/Media/WmfMedia/Binaries/Win64/UE4Editor-WmfMediaEditor.dll (API version 3944462).
LogModuleManager: Display: Found up-to-date module file ../../../Engine/Plugins/Media/WmfMedia/Binaries/Win64/UE4Editor-WmfMediaFactory.dll (API version 3944462).
LogModuleManager: Display: Found up-to-date module file ../../../Engine/Plugins/Media/WmfMedia/Binaries/Win64/UE4Editor-WmfMediaFactory.dll (API version 3944462).
LogModuleManager: Display: Found up-to-date module file ../../../Engine/Plugins/Messaging/TcpMessaging/Binaries/Win64/UE4Editor-TcpMessaging.dll (API version 3944462).
LogModuleManager: Display: Found up-to-date module file ../../../Engine/Plugins/Messaging/UdpMessaging/Binaries/Win64/UE4Editor-UdpMessaging.dll (API version 3944462).
LogModuleManager: Display: Found up-to-date module file ../../../Engine/Plugins/MovieScene/ActorSequence/Binaries/Win64/UE4Editor-ActorSequence.dll (API version 3944462).
LogModuleManager: Display: Found up-to-date module file ../../../Engine/Plugins/MovieScene/LevelSequenceEditor/Binaries/Win64/UE4Editor-LevelSequenceEditor.dll (API version 3944462).
LogModuleManager: Display: Found up-to-date module file ../../../Engine/Plugins/MovieScene/MatineeToLevelSequence/Binaries/Win64/UE4Editor-MatineeToLevelSequence.dll (API version 3944462).
LogModuleManager: Display: Found up-to-date module file ../../../Engine/Plugins/NetcodeUnitTest/NetcodeUnitTest/Binaries/Win64/UE4Editor-NetcodeUnitTest.dll (API version 3944462).
LogModuleManager: Display: Found up-to-date module file ../../../Engine/Plugins/NetcodeUnitTest/NUTUnrealEngine4/Binaries/Win64/UE4Editor-NUTUnrealEngine4.dll (API version 3944462).
LogModuleManager: Display: Found up-to-date module file ../../../Engine/Plugins/Online/OnlineSubsystem/Binaries/Win64/UE4Editor-OnlineSubsystem.dll (API version 3944462).
LogModuleManager: Display: Found up-to-date module file ../../../Engine/Plugins/Online/OnlineSubsystemNull/Binaries/Win64/UE4Editor-OnlineSubsystemNull.dll (API version 3944462).
LogModuleManager: Display: Found up-to-date module file ../../../Engine/Plugins/Online/OnlineSubsystemUtils/Binaries/Win64/UE4Editor-OnlineSubsystemUtils.dll (API version 3944462).
LogModuleManager: Display: Found up-to-date module file ../../../Engine/Plugins/Online/OnlineSubsystemUtils/Binaries/Win64/UE4Editor-OnlineBlueprintSupport.dll (API version 3944462).
LogModuleManager: Display: Found up-to-date module file ../../../Engine/Plugins/Runtime/AndroidDeviceProfileSelector/Binaries/Win64/UE4Editor-AndroidDeviceProfileSelector.dll (API version 3944462).
LogModuleManager: Display: Found up-to-date module file ../../../Engine/Plugins/Runtime/AndroidPermission/Binaries/Win64/UE4Editor-AndroidPermission.dll (API version 3944462).
LogModuleManager: Display: Found up-to-date module file ../../../Engine/Plugins/Runtime/AppleARKit/Binaries/Win64/UE4Editor-AppleARKit.dll (API version 3944462).
LogModuleManager: Display: Found up-to-date module file ../../../Engine/Plugins/Runtime/ArchVisCharacter/Binaries/Win64/UE4Editor-ArchVisCharacter.dll (API version 3944462).
LogModuleManager: Display: Found up-to-date module file ../../../Engine/Plugins/Runtime/AudioCapture/Binaries/Win64/UE4Editor-AudioCapture.dll (API version 3944462).
LogModuleManager: Display: Found up-to-date module file ../../../Engine/Plugins/Runtime/AudioCapture/Binaries/Win64/UE4Editor-AudioCaptureEditor.dll (API version 3944462).
LogModuleManager: Display: Found up-to-date module file ../../../Engine/Plugins/Runtime/CableComponent/Binaries/Win64/UE4Editor-CableComponent.dll (API version 3944462).
LogModuleManager: Display: Found up-to-date module file ../../../Engine/Plugins/Runtime/CustomMeshComponent/Binaries/Win64/UE4Editor-CustomMeshComponent.dll (API version 3944462).
LogModuleManager: Display: Found up-to-date module file ../../../Engine/Plugins/Runtime/ExampleDeviceProfileSelector/Binaries/Win64/UE4Editor-ExampleDeviceProfileSelector.dll (API version 3944462).
LogModuleManager: Display: Found up-to-date module file ../../../Engine/Plugins/Runtime/ImmediatePhysics/Binaries/Win64/UE4Editor-ImmediatePhysics.dll (API version 3944462).
LogModuleManager: Display: Found up-to-date module file ../../../Engine/Plugins/Runtime/ImmediatePhysics/Binaries/Win64/UE4Editor-ImmediatePhysicsEditor.dll (API version 3944462).
LogModuleManager: Display: Found up-to-date module file ../../../Engine/Plugins/Runtime/LocationServicesBPLibrary/Binaries/Win64/UE4Editor-LocationServicesBPLibrary.dll (API version 3944462).
LogModuleManager: Display: Found up-to-date module file ../../../Engine/Plugins/Runtime/MobilePatchingUtils/Binaries/Win64/UE4Editor-MobilePatchingUtils.dll (API version 3944462).
LogModuleManager: Display: Found up-to-date module file ../../../Engine/Plugins/Runtime/Oculus/OculusVR/Binaries/Win64/UE4Editor-OculusHMD.dll (API version 3944462).
LogModuleManager: Display: Found up-to-date module file ../../../Engine/Plugins/Runtime/Oculus/OculusVR/Binaries/Win64/UE4Editor-OculusInput.dll (API version 3944462).
LogModuleManager: Display: Found up-to-date module file ../../../Engine/Plugins/Runtime/Oculus/OculusVR/Binaries/Win64/UE4Editor-OculusEditor.dll (API version 3944462).
LogModuleManager: Display: Found up-to-date module file ../../../Engine/Plugins/Runtime/PhysXVehicles/Binaries/Win64/UE4Editor-PhysXVehicles.dll (API version 3944462).
LogModuleManager: Display: Found up-to-date module file ../../../Engine/Plugins/Runtime/PhysXVehicles/Binaries/Win64/UE4Editor-PhysXVehiclesEditor.dll (API version 3944462).
LogModuleManager: Display: Found up-to-date module file ../../../Engine/Plugins/Runtime/ProceduralMeshComponent/Binaries/Win64/UE4Editor-ProceduralMeshComponent.dll (API version 3944462).
LogModuleManager: Display: Found up-to-date module file ../../../Engine/Plugins/Runtime/ProceduralMeshComponent/Binaries/Win64/UE4Editor-ProceduralMeshComponentEditor.dll (API version 3944462).
LogModuleManager: Display: Found up-to-date module file ../../../Engine/Plugins/Runtime/RuntimePhysXCooking/Binaries/Win64/UE4Editor-RuntimePhysXCooking.dll (API version 3944462).
LogModuleManager: Display: Found up-to-date module file ../../../Engine/Plugins/Runtime/Steam/SteamVR/Binaries/Win64/UE4Editor-SteamVR.dll (API version 3944462).
LogModuleManager: Display: Found up-to-date module file ../../../Engine/Plugins/Runtime/Steam/SteamVR/Binaries/Win64/UE4Editor-SteamVRController.dll (API version 3944462).
LogModuleManager: Display: Found up-to-date module file ../../../Engine/Plugins/Runtime/WindowsMoviePlayer/Binaries/Win64/UE4Editor-WindowsMoviePlayer.dll (API version 3944462).
LogModuleManager: Display: Found up-to-date module file ../../../../../SpareTime/Unreal/FPS/FPS/Plugins/CoverPointGenerator/Binaries/Win64/UE4Editor-CoverPointGenerator.dll (API version 3944462).
LogInit: Using libcurl 7.47.1
LogInit:  - built for x86_64-pc-win32
LogInit:  - supports SSL with OpenSSL/1.0.2g
LogInit:  - supports HTTP deflate (compression) using libz 1.2.8
LogInit:  - other features:
LogInit:      CURL_VERSION_SSL
LogInit:      CURL_VERSION_LIBZ
LogInit:      CURL_VERSION_IPV6
LogInit:      CURL_VERSION_ASYNCHDNS
LogInit:      CURL_VERSION_LARGEFILE
LogInit:      CURL_VERSION_IDN
LogInit:  CurlRequestOptions (configurable via config and command line):
LogInit:  - bVerifyPeer = false  - Libcurl will NOT verify peer certificate
LogInit:  - bUseHttpProxy = false  - Libcurl will NOT use HTTP proxy
LogInit:  - bDontReuseConnections = false  - Libcurl will reuse connections
LogInit:  - CertBundlePath = nullptr  - Libcurl will use whatever was configured at build time.
LogInit:  - MaxHostConnections = 16  - Libcurl will limit the number of connections to a host
LogInit:  - LocalHostAddr = Default
LogInit: WinSock: version 1.1 (2.2), MaxSocks=32767, MaxUdp=65467
LogInit: WinSock: I am Tom-Laptop (192.168.1.92:0)
LogInit: Build: ++UE4+Release-4.19-CL-4033788
LogInit: Engine Version: 4.19.2-4033788+++UE4+Release-4.19
LogInit: Compatible Engine Version: 4.19.0-3944462+++UE4+Release-4.19
LogInit: Net CL: 3944462
LogDevObjectVersion: Number of dev versions registered: 18
LogDevObjectVersion:   Dev-Blueprints (B0D832E4-1F89-4F0D-ACCF-7EB736FD4AA2): 10
LogDevObjectVersion:   Dev-Build (E1C64328-A22C-4D53-A36C-8E866417BD8C): 0
LogDevObjectVersion:   Dev-Core (375EC13C-06E4-48FB-B500-84F0262A717E): 2
LogDevObjectVersion:   Dev-Editor (E4B068ED-F494-42E9-A231-DA0B2E46BB41): 23
LogDevObjectVersion:   Dev-Framework (CFFC743F-43B0-4480-9391-14DF171D2073): 33
LogDevObjectVersion:   Dev-Mobile (B02B49B5-BB20-44E9-A304-32B752E40360): 2
LogDevObjectVersion:   Dev-Networking (A4E4105C-59A1-49B5-A7C5-40C4547EDFEE): 0
LogDevObjectVersion:   Dev-Online (39C831C9-5AE6-47DC-9A44-9C173E1C8E7C): 0
LogDevObjectVersion:   Dev-Physics (78F01B33-EBEA-4F98-B9B4-84EACCB95AA2): 0
LogDevObjectVersion:   Dev-Platform (6631380F-2D4D-43E0-8009-CF276956A95A): 0
LogDevObjectVersion:   Dev-Rendering (12F88B9F-8875-4AFC-A67C-D90C383ABD29): 25
LogDevObjectVersion:   Dev-Sequencer (7B5AE74C-D270-4C10-A958-57980B212A5A): 6
LogDevObjectVersion:   Dev-VR (D7296918-1DD6-4BDD-9DE2-64A83CC13884): 1
LogDevObjectVersion:   Dev-LoadTimes (C2A15278-BFE7-4AFE-6C17-90FF531DF755): 1
LogDevObjectVersion:   Private-Geometry (6EACA3D4-40EC-4CC1-B786-8BED09428FC5): 2
LogDevObjectVersion:   Dev-AnimPhys (29E575DD-E0A3-4627-9D10-D276232CDCEA): 16
LogDevObjectVersion:   Dev-ReflectionCapture (6B266CEC-1EC7-4B8F-A30B-E4D90942FC07): 1
LogDevObjectVersion:   Dev-Automation (0DF73D61-A23F-47EA-B727-89E90C41499A): 1
LogInit: Compiled (64-bit): Apr 27 2018 02:06:57
LogInit: Compiled with Visual C++: 19.00.24215.01
LogInit: Build Configuration: Development
LogInit: Branch Name: ++UE4+Release-4.19
LogInit: Command Line:  -skipcompile
LogInit: Base Directory: D:/Epic Games/UE_4.19/Engine/Binaries/Win64/
LogInit: Installed Engine Build: 1
LogStreaming: Display: Took  0.003s to delete old logs.
LogInit: Presizing for max 8388607 objects, including 0 objects not considered by GC, pre-allocating 0 bytes for permanent pool.
LogInit: Object subsystem initialized
[2018.06.24-11.12.43:984][  0]LogInit: Selected Device Profile: [Windows]
[2018.06.24-11.12.43:984][  0]LogInit: Applying CVar settings loaded from the selected device profile: [Windows]
[2018.06.24-11.12.44:017][  0]LogInit: Computer: TOM-LAPTOP
[2018.06.24-11.12.44:017][  0]LogInit: User: tomco
[2018.06.24-11.12.44:017][  0]LogInit: CPU Page size=4096, Cores=4
[2018.06.24-11.12.44:017][  0]LogInit: High frequency timer resolution =2.531254 MHz
[2018.06.24-11.12.44:018][  0]LogMemory: Memory total: Physical=7.9GB (8GB approx)
[2018.06.24-11.12.44:018][  0]LogMemory: Platform Memory Stats for Windows
[2018.06.24-11.12.44:018][  0]LogMemory: Process Physical Memory: 279.18 MB used, 279.60 MB peak
[2018.06.24-11.12.44:019][  0]LogMemory: Process Virtual Memory: 269.95 MB used, 269.95 MB peak
[2018.06.24-11.12.44:019][  0]LogMemory: Physical Memory: 5151.91 MB used,  2938.62 MB free, 8090.52 MB total
[2018.06.24-11.12.44:019][  0]LogMemory: Virtual Memory: 4799.37 MB used,  2938.62 MB free, 134217728.00 MB total
[2018.06.24-11.12.44:091][  0]LogInit: Using OS detected language (en-US).
[2018.06.24-11.12.44:091][  0]LogInit: Using OS detected locale (en-US).
[2018.06.24-11.12.44:104][  0]LogTextLocalizationManager: No specific localization for 'en-US' exists, so the 'en' localization will be used.
[2018.06.24-11.12.44:615][  0]LogStreaming: Display: Took  0.524s to EndInitTextLocalization.
[2018.06.24-11.12.44:616][  0]LogInit: Setting process to per monitor DPI aware
[2018.06.24-11.12.44:693][  0]LogSlate: New Slate User Created.  User Index 0, Is Virtual User: 0
[2018.06.24-11.12.44:694][  0]LogSlate: Slate User Registered.  User Index 0, Is Virtual User: 0
[2018.06.24-11.12.45:205][  0]LogD3D11RHI: D3D11 adapters:
[2018.06.24-11.12.45:282][  0]LogD3D11RHI:    0. 'NVIDIA GeForce GTX 960M' (Feature Level 11_0)
[2018.06.24-11.12.45:283][  0]LogD3D11RHI:       2019/0/4045 MB DedicatedVideo/DedicatedSystem/SharedSystem, Outputs:1, VendorId:0x10de
[2018.06.24-11.12.45:305][  0]LogD3D11RHI:    1. 'Intel(R) HD Graphics 530' (Feature Level 11_0)
[2018.06.24-11.12.45:305][  0]LogD3D11RHI:       128/0/4045 MB DedicatedVideo/DedicatedSystem/SharedSystem, Outputs:0, VendorId:0x8086
[2018.06.24-11.12.45:317][  0]LogD3D11RHI:    2. 'Microsoft Basic Render Driver' (Feature Level 11_0)
[2018.06.24-11.12.45:317][  0]LogD3D11RHI:       0/0/4045 MB DedicatedVideo/DedicatedSystem/SharedSystem, Outputs:0, VendorId:0x1414
[2018.06.24-11.12.45:318][  0]LogD3D11RHI: Chosen D3D11 Adapter: 0
[2018.06.24-11.12.45:339][  0]LogD3D11RHI: Creating new Direct3DDevice
[2018.06.24-11.12.45:339][  0]LogD3D11RHI:     GPU DeviceId: 0x139b (for the marketing name, search the web for "GPU Device Id")
[2018.06.24-11.12.45:339][  0]LogWindows: EnumDisplayDevices:
[2018.06.24-11.12.45:340][  0]LogWindows:    0. 'Intel(R) HD Graphics 530' (P:1 D:1)
[2018.06.24-11.12.45:340][  0]LogWindows:    1. 'Intel(R) HD Graphics 530' (P:0 D:0)
[2018.06.24-11.12.45:340][  0]LogWindows:    2. 'Intel(R) HD Graphics 530' (P:0 D:0)
[2018.06.24-11.12.45:341][  0]LogWindows: DebugString: GetVideoDriverDetailsInvalid PrimaryIsNotTheChoosenAdapter GetVideoDriverDetailsInvalid PrimaryIsNotTheChoosenAdapter GetVideoDriverDetailsInvalid PrimaryIsNotTheChoosenAdapter FoundDriverCount:0 
[2018.06.24-11.12.45:341][  0]LogD3D11RHI:     Adapter Name: NVIDIA GeForce GTX 960M
[2018.06.24-11.12.45:341][  0]LogD3D11RHI:   Driver Version: Unknown (internal:Unknown, unified:Unknown)
[2018.06.24-11.12.45:341][  0]LogD3D11RHI:      Driver Date: Unknown
[2018.06.24-11.12.45:341][  0]LogRHI: Texture pool is 1413 MB (70% of 2019 MB)
[2018.06.24-11.12.45:376][  0]LogD3D11RHI: [Aftermath] Aftermath enabled but failed to initialize
[2018.06.24-11.12.45:376][  0]LogD3D11RHI: [Aftermath] Aftermath enabled and primed
[2018.06.24-11.12.45:376][  0]LogD3D11RHI: Async texture creation enabled
[2018.06.24-11.12.45:389][  0]LogD3D11RHI: GPU Timing Frequency: 1000.000000 (Debug: 2 1)
[2018.06.24-11.12.45:391][  0]LogShaderCompilers: Guid format shader working directory is 7 characters bigger than the processId version (../../../../../SpareTime/Unreal/FPS/FPS/Intermediate/Shaders/WorkingDirectory/1620/).
[2018.06.24-11.12.45:391][  0]LogShaderCompilers: Cleaned the shader compiler working directory 'C:/Users/tomco/AppData/Local/Temp/UnrealShaderWorkingDir/EF3A222E4544478B3A33A89A7382ADA0/'.
[2018.06.24-11.12.45:650][  0]LogTemp: Display: Loaded TP AllDesktopTargetPlatform
[2018.06.24-11.12.45:667][  0]LogTemp: Display: Loaded TP MacClientTargetPlatform
[2018.06.24-11.12.45:685][  0]LogTemp: Display: Loaded TP MacNoEditorTargetPlatform
[2018.06.24-11.12.45:702][  0]LogTemp: Display: Loaded TP MacServerTargetPlatform
[2018.06.24-11.12.45:722][  0]LogTemp: Display: Loaded TP MacTargetPlatform
[2018.06.24-11.12.45:740][  0]LogTemp: Display: Loaded TP WindowsClientTargetPlatform
[2018.06.24-11.12.45:759][  0]LogTemp: Display: Loaded TP WindowsNoEditorTargetPlatform
[2018.06.24-11.12.45:778][  0]LogTemp: Display: Loaded TP WindowsServerTargetPlatform
[2018.06.24-11.12.45:788][  0]LogTemp: Display: Loaded TP WindowsTargetPlatform
[2018.06.24-11.12.45:806][  0]LogTemp: Display: Loaded TP Android_ASTCTargetPlatform
[2018.06.24-11.12.45:822][  0]LogTemp: Display: Loaded TP Android_ATCTargetPlatform
[2018.06.24-11.12.45:839][  0]LogTemp: Display: Loaded TP Android_DXTTargetPlatform
[2018.06.24-11.12.45:856][  0]LogTemp: Display: Loaded TP Android_ETC1aTargetPlatform
[2018.06.24-11.12.45:874][  0]LogTemp: Display: Loaded TP Android_ETC1TargetPlatform
[2018.06.24-11.12.45:890][  0]LogTemp: Display: Loaded TP Android_ETC2TargetPlatform
[2018.06.24-11.12.45:921][  0]LogTemp: Display: Loaded TP Android_MultiTargetPlatform
[2018.06.24-11.12.45:922][  0]LogTemp: Display: Loaded TP Android_PVRTCTargetPlatform
[2018.06.24-11.12.45:939][  0]LogTemp: Display: Loaded TP AndroidTargetPlatform
[2018.06.24-11.12.45:943][  0]LogTemp: Display: Loaded TP HTML5TargetPlatform
[2018.06.24-11.12.45:997][  0]LogTemp: Display: Loaded TP IOSTargetPlatform
[2018.06.24-11.12.46:013][  0]LogTemp: Display: Loaded TP TVOSTargetPlatform
[2018.06.24-11.12.46:029][  0]LogTemp: Display: Loaded TP LinuxClientTargetPlatform
[2018.06.24-11.12.46:045][  0]LogTemp: Display: Loaded TP LinuxNoEditorTargetPlatform
[2018.06.24-11.12.46:059][  0]LogTemp: Display: Loaded TP LinuxServerTargetPlatform
[2018.06.24-11.12.46:077][  0]LogTemp: Display: Loaded TP LinuxTargetPlatform
[2018.06.24-11.12.46:078][  0]LogTargetPlatformManager: Display: Building Assets For Windows
[2018.06.24-11.12.46:284][  0]LogXGEController: Cleaning working directory: C:/Users/tomco/AppData/Local/Temp/UnrealXGEWorkingDir/
[2018.06.24-11.12.46:285][  0]LogXGEController: Cannot use XGE Controller as Incredibuild is not installed on this machine.
[2018.06.24-11.12.46:285][  0]LogShaderCompilers: Cannot use XGE Shader Compiler as Incredibuild is not installed on this machine.
[2018.06.24-11.12.46:285][  0]LogShaderCompilers: Display: Using Local Shader Compiler.
[2018.06.24-11.12.47:077][  0]LogDerivedDataCache: Display: Max Cache Size: 512 MB
[2018.06.24-11.12.47:457][  0]LogDerivedDataCache: Loaded boot cache 0.38s 80MB C:/Users/tomco/AppData/Local/UnrealEngine/4.19/DerivedDataCache/Boot.ddc.
[2018.06.24-11.12.47:457][  0]LogDerivedDataCache: Display: Loaded Boot cache: C:/Users/tomco/AppData/Local/UnrealEngine/4.19/DerivedDataCache/Boot.ddc
[2018.06.24-11.12.47:457][  0]LogDerivedDataCache: FDerivedDataBackendGraph:  Pak pak cache file ../../../../../SpareTime/Unreal/FPS/FPS/DerivedDataCache/DDC.ddp not found, will not use a pak cache.
[2018.06.24-11.12.47:458][  0]LogDerivedDataCache: Unable to find inner node Pak for hierarchical cache Hierarchy.
[2018.06.24-11.12.47:458][  0]LogDerivedDataCache: FDerivedDataBackendGraph:  CompressedPak pak cache file ../../../../../SpareTime/Unreal/FPS/FPS/DerivedDataCache/Compressed.ddp not found, will not use a pak cache.
[2018.06.24-11.12.47:458][  0]LogDerivedDataCache: Unable to find inner node CompressedPak for hierarchical cache Hierarchy.
[2018.06.24-11.12.47:474][  0]LogDerivedDataCache: Display: Pak cache opened for reading ../../../Engine/DerivedDataCache/Compressed.ddp.
[2018.06.24-11.12.47:489][  0]LogDerivedDataCache: Using Local data cache path C:/Users/tomco/AppData/Local/UnrealEngine/Common/DerivedDataCache: Writable
[2018.06.24-11.12.47:490][  0]LogDerivedDataCache: Shared data cache path not found in *engine.ini, will not use an Shared cache.
[2018.06.24-11.12.47:490][  0]LogDerivedDataCache: Unable to find inner node Shared for hierarchical cache Hierarchy.
[2018.06.24-11.12.47:502][  0]LogMaterial: Verifying Global Shaders for PCD3D_SM5
[2018.06.24-11.12.47:503][  0]LogSlate: Using Freetype 2.6.0
[2018.06.24-11.12.47:506][  0]LogSlate: SlateFontCache - WITH_FREETYPE: 1, WITH_HARFBUZZ: 1
[2018.06.24-11.12.47:506][  0]LogSlate: SlateFontCache - WITH_FREETYPE: 1, WITH_HARFBUZZ: 1
[2018.06.24-11.12.48:013][  0]LogAssetRegistry: FAssetRegistry took 0.0299 seconds to start up
[2018.06.24-11.12.49:285][  0]LogInit: Selected Device Profile: [Windows]
[2018.06.24-11.12.49:529][  0]LogSimplygon: Simplygon DLL not present - disabling.
[2018.06.24-11.12.49:534][  0]LogMeshReduction: Using SimplygonSwarm for distributed automatic mesh merging
[2018.06.24-11.12.49:534][  0]LogMeshReduction: Using QuadricMeshReduction for automatic static mesh reduction
[2018.06.24-11.12.49:535][  0]LogMeshReduction: No automatic skeletal mesh reduction module available
[2018.06.24-11.12.49:535][  0]LogMeshReduction: No automatic mesh merging module available
[2018.06.24-11.12.49:535][  0]LogMeshMerging: No automatic mesh merging module available
[2018.06.24-11.12.49:569][  0]LogNetVersion: FPS , NetCL: 3944462, EngineNetVer: 2, GameNetVer: 0 (Checksum: 2326512385)
[2018.06.24-11.12.50:299][  0]LogPackageLocalizationCache: Processed 9 localized package path(s) for 2 prioritized culture(s) in 0.093255 seconds
[2018.06.24-11.12.50:306][  0]LogUObjectArray: 36728 objects as part of root set at end of initial load.
[2018.06.24-11.12.50:306][  0]LogUObjectAllocator: 7314312 out of 0 bytes used by permanent object pool.
[2018.06.24-11.12.50:306][  0]LogUObjectArray: CloseDisregardForGC: 0/0 objects in disregard for GC pool
[2018.06.24-11.12.53:783][  0]LogTcpMessaging: Initializing TcpMessaging bridge
[2018.06.24-11.12.53:819][  0]LogUdpMessaging: Initializing bridge on interface 0.0.0.0:0 to multicast group 230.0.0.1:6666.
[2018.06.24-11.12.54:363][  0]LogSkeletalMesh: Skeletal Mesh found in DDC [1.436442ms] /Game/Models/Player/Arms/Arms_SMG.Arms_SMG
[2018.06.24-11.12.54:396][  0]LogUObjectGlobals: Created PersistentFrame Addr=0x0000017dc9ce0360, Size=80, Default__BP_SMGAnim_C Function /Game/Animations/SMG/BP_SMGAnim.BP_SMGAnim_C:ExecuteUbergraph_BP_SMGAnim
[2018.06.24-11.12.54:408][  0]LogUObjectGlobals: Destroyed PersistentFrame Addr=0x0000017dc9ce0360, Size=80
[2018.06.24-11.12.54:408][  0]LogUObjectGlobals: Created PersistentFrame Addr=0x0000017dc9b6fa60, Size=80, Default__BP_SMGAnim_C Function /Engine/Transient.REINST_BP_SMGAnim_C_0:ExecuteUbergraph_BP_SMGAnim
[2018.06.24-11.12.54:422][  0]LogUObjectGlobals: Created PersistentFrame Addr=0x0000017dcdea18a0, Size=80, Default__BP_SMGAnim_C Function /Game/Animations/SMG/BP_SMGAnim.BP_SMGAnim_C:ExecuteUbergraph_BP_SMGAnim
[2018.06.24-11.12.54:664][  0]SourceControl: Source control is disabled
[2018.06.24-11.12.54:665][  0]SourceControl: Source control is disabled
[2018.06.24-11.12.54:701][  0]SourceControl: Source control is disabled
[2018.06.24-11.12.54:726][  0]SourceControl: Source control is disabled
[2018.06.24-11.12.55:412][  0]LogAndroidPermission: UAndroidPermissionCallbackProxy::GetInstance
[2018.06.24-11.12.55:635][  0]LogOcInput: OculusInput pre-init called
[2018.06.24-11.12.56:860][  0]LogEngine: Initializing Engine...
[2018.06.24-11.12.56:916][  0]LogHMD: Failed to initialize OpenVR with code 126
[2018.06.24-11.12.56:918][  0]LogStats: UGameplayTagsManager::ConstructGameplayTagTree: Construct from data asset -  0.000 s
[2018.06.24-11.12.56:918][  0]LogStats: UGameplayTagsManager::ConstructGameplayTagTree: GameplayTagTreeChangedEvent.Broadcast -  0.000 s
[2018.06.24-11.12.57:229][  0]LogAIModule: Creating AISystem for world Untitled
[2018.06.24-11.12.57:252][  0]LogInit: XAudio2 using 'Luidsprekers (Conexant SmartAudio HD)' : 2 channels at 48 kHz using 32 bits per sample (channel mask 0x3)
[2018.06.24-11.12.57:308][  0]LogInit: FAudioDevice initialized.
[2018.06.24-11.12.57:417][  0]LogDerivedDataCache: Saved boot cache 0.11s 80MB C:/Users/tomco/AppData/Local/UnrealEngine/4.19/DerivedDataCache/Boot.ddc.
[2018.06.24-11.12.57:432][  0]LogInit: Texture streaming: Enabled
[2018.06.24-11.12.57:475][  0]LogEngineSessionManager: EngineSessionManager initialized
[2018.06.24-11.12.57:491][  0]LogInit: Transaction tracking system initialized
[2018.06.24-11.12.57:563][  0]BlueprintLog: New page: Editor Load
[2018.06.24-11.12.57:851][  0]LocalizationService: Localization service is disabled
[2018.06.24-11.12.58:111][  0]LogConsoleResponse: Display: 
[2018.06.24-11.12.58:382][  0]LogCook: Display: Max memory allowance for cook 16384mb min free memory 0mb
[2018.06.24-11.12.58:382][  0]LogCook: Display: Mobile HDR setting 1
[2018.06.24-11.12.58:382][  0]LogGameplayTags: Display: UGameplayTagsManager::DoneAddingNativeTags. DelegateIsBound: 0
[2018.06.24-11.12.58:382][  0]LogStats: UGameplayTagsManager::ConstructGameplayTagTree: Construct from data asset -  0.000 s
[2018.06.24-11.12.58:382][  0]LogStats: UGameplayTagsManager::ConstructGameplayTagTree: GameplayTagTreeChangedEvent.Broadcast -  0.000 s
[2018.06.24-11.12.58:981][  0]LogFileCache: Scanning file cache for directory 'D:/SpareTime/Unreal/FPS/FPS/Content/' took 0.02s
[2018.06.24-11.12.58:981][  0]SourceControl: Source control is disabled
[2018.06.24-11.12.58:982][  0]Cmd: MAP LOAD FILE="../../../../../SpareTime/Unreal/FPS/FPS/Content/Maps/Level1.umap" TEMPLATE=0 SHOWPROGRESS=1 FEATURELEVEL=3
[2018.06.24-11.12.58:984][  0]LightingResults: New page: Lighting Build
[2018.06.24-11.12.58:989][  0]MapCheck: New page: Map Check
[2018.06.24-11.12.58:989][  0]LightingResults: New page: Lighting Build
[2018.06.24-11.12.59:005][  0]LogUObjectGlobals: Destroyed PersistentFrame Addr=0x0000017dc9b6fa60, Size=80
[2018.06.24-11.13.01:160][  0]LogAIModule: Creating AISystem for world Level1
[2018.06.24-11.13.01:201][  0]LogEditorServer: Finished looking for orphan Actors (0.000 secs)
[2018.06.24-11.13.01:219][  0]Cmd: MAP CHECKDEP NOCLEARLOG
[2018.06.24-11.13.01:305][  0]MapCheck: Map check complete: 0 Error(s), 0 Warning(s), took 85.881ms to complete.
[2018.06.24-11.13.01:306][  0]LogFileHelpers: Loading map 'Level1' took 2.324
[2018.06.24-11.13.01:576][  0]LogCollectionManager: Loaded 0 collections in 0.001106 seconds
[2018.06.24-11.13.01:659][  0]LogFileCache: Scanning file cache for directory 'D:/SpareTime/Unreal/FPS/FPS/Saved/Collections/' took 0.01s
[2018.06.24-11.13.01:659][  0]LogFileCache: Scanning file cache for directory 'D:/SpareTime/Unreal/FPS/FPS/Content/Developers/tomco/Collections/' took 0.01s
[2018.06.24-11.13.01:659][  0]LogFileCache: Scanning file cache for directory 'D:/SpareTime/Unreal/FPS/FPS/Content/Collections/' took 0.01s
[2018.06.24-11.13.01:659][  0]LogCollectionManager: Rebuilt the GUID cache for 0 collections in 0.000000 seconds
[2018.06.24-11.13.01:676][  0]LogContentBrowser: Native class hierarchy populated in 0.0128 seconds. Added 2481 classes and 567 folders.
[2018.06.24-11.13.01:694][  0]LogContentBrowser: Native class hierarchy updated for 'WidgetCarousel' in 0.0012 seconds. Added 0 classes and 0 folders.
[2018.06.24-11.13.01:875][  0]LogContentBrowser: Native class hierarchy updated for 'AddContentDialog' in 0.0015 seconds. Added 0 classes and 0 folders.
[2018.06.24-11.13.03:279][  0]LogSlate: Only BGRA pngs, bmps or icos are supported in by External Image Picker
[2018.06.24-11.13.03:314][  0]LogSlate: Took 0.008404 seconds to synchronously load lazily loaded font '../../../Engine/Content/Slate/Fonts/Roboto-Regular.ttf' (155K)
[2018.06.24-11.13.03:321][  0]LogSlate: Took 0.002099 seconds to synchronously load lazily loaded font '../../../Engine/Content/Slate/Fonts/Roboto-Bold.ttf' (160K)
[2018.06.24-11.13.03:335][  0]LogSlate: Took 0.002332 seconds to synchronously load lazily loaded font '../../../Engine/Content/Editor/Slate/Fonts/FontAwesome.ttf' (139K)
[2018.06.24-11.13.03:482][  0]LogTemp: Executing iPhonePackager certificates Engine -bundlename com.YourCompany.FPS
[2018.06.24-11.13.03:482][  0]LogTemp: CWD: D:\Epic Games\UE_4.19\Engine\Binaries\DotNET\IOS
[2018.06.24-11.13.03:483][  0]LogTemp: Initial Dir: D:\Epic Games\UE_4.19
[2018.06.24-11.13.03:483][  0]LogTemp: Env CWD: D:\Epic Games\UE_4.19\Engine\Binaries\DotNET\IOS
[2018.06.24-11.13.03:483][  0]LogTemp: BranchPath = TOM-LAPTOP/D/Epic Games/UE_4.19/Engine/Binaries --- GameBranchPath = TOM-LAPTOP/D/Epic Games/UE_4.19/Engine/Binaries
[2018.06.24-11.13.03:483][  0]LogTemp: IPP ERROR: Could not find provision directory 'C:\Users\tomco\AppData\Local/Apple Computer/MobileDevice/Provisioning Profiles/'.
[2018.06.24-11.13.03:483][  0]LogRenderer: Reallocating scene render targets to support 908x600 Format 10 NumSamples 1 (Frame:1).
[2018.06.24-11.13.03:808][  0]LogContentBrowser: Native class hierarchy updated for 'HierarchicalLODOutliner' in 0.0014 seconds. Added 0 classes and 0 folders.
[2018.06.24-11.13.03:809][  0]LogLoad: (Engine Initialization) Total time: 23.66 seconds
[2018.06.24-11.13.03:809][  0]LogLoad: (Engine Initialization) Total Blueprint compile time: 0.00 seconds
[2018.06.24-11.13.03:821][  0]LogWindowsTextInputMethodSystem: Display: IME system now deactivated.
[2018.06.24-11.13.03:854][  0]LogContentStreaming: Texture pool size now 1000 MB
[2018.06.24-11.13.03:900][  0]LogSlate: Took 0.002737 seconds to synchronously load lazily loaded font '../../../Engine/Content/Slate/Fonts/Roboto-Light.ttf' (167K)
[2018.06.24-11.13.03:954][  2]LogAssetRegistry: Asset discovery search completed in 15.9662 seconds
[2018.06.24-11.13.03:957][  2]LogCollectionManager: Rebuilt the object cache for 0 collections in 0.000000 seconds (found 0 objects)
[2018.06.24-11.13.03:957][  2]LogCollectionManager: Fixed up redirectors for 0 collections in 0.000447 seconds (updated 0 objects)
[2018.06.24-11.13.04:902][ 27]LogSlate: Took 0.000324 seconds to synchronously load lazily loaded font '../../../Engine/Content/Slate/Fonts/Roboto-Light.ttf' (167K)
[2018.06.24-11.13.05:904][108]LogSlate: FSceneViewport::OnFocusLost() reason 0
[2018.06.24-11.13.06:051][121]LogTemp: Repeating last play command: Selected Viewport
[2018.06.24-11.13.06:088][121]LogPlayLevel: PlayLevel: No blueprints needed recompiling
[2018.06.24-11.13.06:089][121]PIE: New page: PIE session: Level1 (Jun 24, 2018, 3:13:06 PM)
[2018.06.24-11.13.06:090][121]LogPlayLevel: Creating play world package: /Game/Maps/UEDPIE_0_Level1
[2018.06.24-11.13.06:109][121]LogPlayLevel: PIE: StaticDuplicateObject took: (0.019199s)
[2018.06.24-11.13.06:110][121]LogAIModule: Creating AISystem for world Level1
[2018.06.24-11.13.06:111][121]LogPlayLevel: PIE: World Init took: (0.001454s)
[2018.06.24-11.13.06:111][121]LogPlayLevel: PIE: Created PIE world by copying editor world from /Game/Maps/Level1.Level1 to /Game/Maps/UEDPIE_0_Level1.Level1 (0.021436s)
[2018.06.24-11.13.06:130][121]LogInit: XAudio2 using 'Luidsprekers (Conexant SmartAudio HD)' : 2 channels at 48 kHz using 32 bits per sample (channel mask 0x3)
[2018.06.24-11.13.06:168][121]LogInit: FAudioDevice initialized.
[2018.06.24-11.13.06:246][121]LogUObjectGlobals: Created PersistentFrame Addr=0x0000017e35ac8e20, Size=104, Default__BP_InGameGUI_C Function /Game/UI/Widgets/BP_InGameGUI.BP_InGameGUI_C:ExecuteUbergraph_BP_InGameGUI
[2018.06.24-11.13.06:250][121]LogUObjectGlobals: Destroyed PersistentFrame Addr=0x0000017e35ac8e20, Size=104
[2018.06.24-11.13.06:251][121]LogUObjectGlobals: Created PersistentFrame Addr=0x0000017e35ac8e20, Size=104, Default__BP_InGameGUI_C Function /Engine/Transient.REINST_BP_InGameGUI_C_0:ExecuteUbergraph_BP_InGameGUI
[2018.06.24-11.13.06:254][121]LogUObjectGlobals: Created PersistentFrame Addr=0x0000017e366b5980, Size=104, Default__BP_InGameGUI_C Function /Game/UI/Widgets/BP_InGameGUI.BP_InGameGUI_C:ExecuteUbergraph_BP_InGameGUI
[2018.06.24-11.13.06:274][121]LogUObjectGlobals: Created PersistentFrame Addr=0x0000017d9f940cf8, Size=4, Default__OnGroundSlot_C Function /Game/UI/Widgets/Inventory/Ground/OnGroundSlot.OnGroundSlot_C:ExecuteUbergraph_OnGroundSlot
[2018.06.24-11.13.06:278][121]LogUObjectGlobals: Destroyed PersistentFrame Addr=0x0000017d9f940cf8, Size=4
[2018.06.24-11.13.06:278][121]LogUObjectGlobals: Created PersistentFrame Addr=0x0000017d9f940cf8, Size=4, Default__OnGroundSlot_C Function /Engine/Transient.REINST_OnGroundSlot_C_2:ExecuteUbergraph_OnGroundSlot
[2018.06.24-11.13.06:282][121]LogUObjectGlobals: Created PersistentFrame Addr=0x0000017d9f940df8, Size=4, Default__OnGroundSlot_C Function /Game/UI/Widgets/Inventory/Ground/OnGroundSlot.OnGroundSlot_C:ExecuteUbergraph_OnGroundSlot
[2018.06.24-11.13.06:286][121]LogUObjectGlobals: Created PersistentFrame Addr=0x0000017e36688ea0, Size=160, Default__OnGroundUI_C Function /Game/UI/Widgets/Inventory/Ground/OnGroundUI.OnGroundUI_C:ExecuteUbergraph_OnGroundUI
[2018.06.24-11.13.06:291][121]LogUObjectGlobals: Destroyed PersistentFrame Addr=0x0000017e36688ea0, Size=160
[2018.06.24-11.13.06:292][121]LogUObjectGlobals: Created PersistentFrame Addr=0x0000017e3664e2a0, Size=160, Default__OnGroundUI_C Function /Engine/Transient.REINST_OnGroundUI_C_3:ExecuteUbergraph_OnGroundUI
[2018.06.24-11.13.06:298][121]LogUObjectGlobals: Created PersistentFrame Addr=0x0000017e3660fc40, Size=160, Default__OnGroundUI_C Function /Game/UI/Widgets/Inventory/Ground/OnGroundUI.OnGroundUI_C:ExecuteUbergraph_OnGroundUI
[2018.06.24-11.13.06:319][121]LogUObjectGlobals: Created PersistentFrame Addr=0x0000017e36655d00, Size=408, Default__Slot_C Function /Game/UI/Widgets/Inventory/Slot.Slot_C:ExecuteUbergraph_Slot
[2018.06.24-11.13.06:326][121]LogUObjectGlobals: Destroyed PersistentFrame Addr=0x0000017e36655d00, Size=408
[2018.06.24-11.13.06:326][121]LogUObjectGlobals: Created PersistentFrame Addr=0x0000017e36655d00, Size=408, Default__Slot_C Function /Engine/Transient.REINST_Slot_C_4:ExecuteUbergraph_Slot
[2018.06.24-11.13.06:331][121]LogUObjectGlobals: Created PersistentFrame Addr=0x0000017e366550c0, Size=408, Default__Slot_C Function /Game/UI/Widgets/Inventory/Slot.Slot_C:ExecuteUbergraph_Slot
[2018.06.24-11.13.06:334][121]LogUObjectGlobals: Created PersistentFrame Addr=0x0000017e274146d0, Size=40, Default__InventorySlots_C Function /Game/UI/Widgets/Inventory/InventorySlots.InventorySlots_C:ExecuteUbergraph_InventorySlots
[2018.06.24-11.13.06:352][121]LogUObjectGlobals: Destroyed PersistentFrame Addr=0x0000017e274146d0, Size=40
[2018.06.24-11.13.06:352][121]LogUObjectGlobals: Created PersistentFrame Addr=0x0000017e274146d0, Size=40, Default__InventorySlots_C Function /Engine/Transient.REINST_InventorySlots_C_5:ExecuteUbergraph_InventorySlots
[2018.06.24-11.13.06:361][121]LogUObjectGlobals: Created PersistentFrame Addr=0x0000017e27414b30, Size=40, Default__InventorySlots_C Function /Game/UI/Widgets/Inventory/InventorySlots.InventorySlots_C:ExecuteUbergraph_InventorySlots
[2018.06.24-11.13.06:365][121]LogUObjectGlobals: Created PersistentFrame Addr=0x0000017e274153f0, Size=40, Default__UIHUD_C Function /Game/UI/Widgets/UIHUD.UIHUD_C:ExecuteUbergraph_UIHUD
[2018.06.24-11.13.06:369][121]LogUObjectGlobals: Destroyed PersistentFrame Addr=0x0000017e274153f0, Size=40
[2018.06.24-11.13.06:369][121]LogUObjectGlobals: Created PersistentFrame Addr=0x0000017e274153f0, Size=40, Default__UIHUD_C Function /Engine/Transient.REINST_UIHUD_C_6:ExecuteUbergraph_UIHUD
[2018.06.24-11.13.06:372][121]LogUObjectGlobals: Created PersistentFrame Addr=0x0000017e27414db0, Size=40, Default__UIHUD_C Function /Game/UI/Widgets/UIHUD.UIHUD_C:ExecuteUbergraph_UIHUD
[2018.06.24-11.13.06:451][121]LogLoad: Game class is 'BP_FPSGameModeBase_C'
[2018.06.24-11.13.06:465][121]LogWorld: Bringing World /Game/Maps/UEDPIE_0_Level1.Level1 up for play (max tick rate 0) at 2018.06.24-13.13.06
[2018.06.24-11.13.06:467][121]LogWorld: Bringing up level for play took: 0.012759
[2018.06.24-11.13.06:473][121]LogContentBrowser: Native class hierarchy updated for 'MovieSceneCapture' in 0.0014 seconds. Added 11 classes and 0 folders.
[2018.06.24-11.13.06:477][121]LogOutputDevice: Error: Ensure condition failed: Component->HasBegunPlay() [File:D:\Build\++UE4+Release-4.19+Compile\Sync\Engine\Source\Runtime\Engine\Private\Actor.cpp] [Line: 3129] 
Failed to route BeginPlay (SMG /Game/Maps/UEDPIE_0_Level1.Level1:PersistentLevel.BP_FPSPlayer_C_0.CurrentWeaponMesh)

[2018.06.24-11.13.06:478][121]LogStats:             FDebug::EnsureFailed -  0.000 s
[2018.06.24-11.13.10:234][121]PIE: Play in editor start time for /Game/Maps/UEDPIE_0_Level1 4.142
[2018.06.24-11.13.24:135][522]LogSlate: FSceneViewport::OnFocusLost() reason 0
[2018.06.24-11.13.24:348][525]LogUObjectGlobals: Destroyed PersistentFrame Addr=0x0000017e35ac8e20, Size=104
[2018.06.24-11.13.24:349][525]LogUObjectGlobals: Destroyed PersistentFrame Addr=0x0000017d9f940cf8, Size=4
[2018.06.24-11.13.24:350][525]LogUObjectGlobals: Destroyed PersistentFrame Addr=0x0000017e3664e2a0, Size=160
[2018.06.24-11.13.24:350][525]LogUObjectGlobals: Destroyed PersistentFrame Addr=0x0000017e36655d00, Size=408
[2018.06.24-11.13.24:350][525]LogUObjectGlobals: Destroyed PersistentFrame Addr=0x0000017e274146d0, Size=40
[2018.06.24-11.13.24:350][525]LogUObjectGlobals: Destroyed PersistentFrame Addr=0x0000017e274153f0, Size=40
[2018.06.24-11.13.32:984][772]LogActor: Warning: BP_SMGPickUp_C /Engine/Transient.World_2:PersistentLevel.BP_SMGPickUp_C_0 has natively added scene component(s), but none of them were set as the actor's RootComponent - picking one arbitrarily
[2018.06.24-11.13.34:105][797]LogContentBrowser: Native class hierarchy updated for 'BlueprintGraph' in 0.0016 seconds. Added 116 classes and 0 folders.
[2018.06.24-11.13.34:416][797]LogUObjectGlobals: Created PersistentFrame Addr=0x0000017d84ec0ca8, Size=4, Default__SKEL_PROTO_BP_AnimBlueprint_0_C Function /Engine/Transient.SKEL_PROTO_BP_AnimBlueprint_0_C:ExecuteUbergraph_PROTO_BP_AnimBlueprint_0
[2018.06.24-11.13.34:418][797]LogUObjectGlobals: Created PersistentFrame Addr=0x0000017d84ec0ca0, Size=4, Default__PROTO_BP_AnimBlueprint_0_C Function /Engine/Transient.PROTO_BP_AnimBlueprint_0_C:ExecuteUbergraph_PROTO_BP_AnimBlueprint_0
[2018.06.24-11.13.34:911][797]LogActor: Warning: BP_SMGPickUp_C /Engine/Transient.World_3:PersistentLevel.BP_SMGPickUp_C_1 has natively added scene component(s), but none of them were set as the actor's RootComponent - picking one arbitrarily
[2018.06.24-11.13.37:201][945]LogActor: Warning: BP_SMGPickUp_C /Engine/Transient.World_5:PersistentLevel.BP_SMGPickUp_C_2 has natively added scene component(s), but none of them were set as the actor's RootComponent - picking one arbitrarily
[2018.06.24-11.13.37:207][945]LogSlate: Took 0.002008 seconds to synchronously load lazily loaded font '../../../Engine/Content/Slate/Fonts/Roboto-BoldCondensed.ttf' (158K)
[2018.06.24-11.13.44:513][690]BlueprintLog: New page: Compile BP_SMGPickUp
[2018.06.24-11.13.44:539][690]LogActor: Warning: BP_SMGPickUp_C /Game/Maps/Level1.Level1:PersistentLevel.BP_SMGPickUp7 has natively added scene component(s), but none of them were set as the actor's RootComponent - picking one arbitrarily
[2018.06.24-11.13.44:545][690]LogActor: Warning: BP_SMGPickUp_C /Engine/Transient.World_2:PersistentLevel.BP_SMGPickUp_C_0 has natively added scene component(s), but none of them were set as the actor's RootComponent - picking one arbitrarily
[2018.06.24-11.13.44:547][690]LogActor: Warning: BP_SMGPickUp_C /Engine/Transient.World_5:PersistentLevel.BP_SMGPickUp_C_2 has natively added scene component(s), but none of them were set as the actor's RootComponent - picking one arbitrarily
[2018.06.24-11.13.44:908][690]LogActor: Warning: BP_SMGPickUp_C /Engine/Transient.World_2:PersistentLevel.BP_SMGPickUp_C_3 has natively added scene component(s), but none of them were set as the actor's RootComponent - picking one arbitrarily
[2018.06.24-11.13.46:965][802]LogTemp: Repeating last play command: Selected Viewport
[2018.06.24-11.13.47:005][802]LogPlayLevel: PlayLevel: No blueprints needed recompiling
[2018.06.24-11.13.47:006][802]PIE: New page: PIE session: Level1 (Jun 24, 2018, 3:13:47 PM)
[2018.06.24-11.13.47:006][802]LogPlayLevel: Creating play world package: /Game/Maps/UEDPIE_0_Level1
[2018.06.24-11.13.47:023][802]LogPlayLevel: PIE: StaticDuplicateObject took: (0.016990s)
[2018.06.24-11.13.47:024][802]LogAIModule: Creating AISystem for world Level1
[2018.06.24-11.13.47:025][802]LogPlayLevel: PIE: World Init took: (0.001328s)
[2018.06.24-11.13.47:025][802]LogPlayLevel: PIE: Created PIE world by copying editor world from /Game/Maps/Level1.Level1 to /Game/Maps/UEDPIE_0_Level1.Level1 (0.019216s)
[2018.06.24-11.13.47:056][802]LogInit: XAudio2 using 'Luidsprekers (Conexant SmartAudio HD)' : 2 channels at 48 kHz using 32 bits per sample (channel mask 0x3)
[2018.06.24-11.13.47:093][802]LogInit: FAudioDevice initialized.
[2018.06.24-11.13.47:139][802]LogLoad: Game class is 'BP_FPSGameModeBase_C'
[2018.06.24-11.13.47:149][802]LogWorld: Bringing World /Game/Maps/UEDPIE_0_Level1.Level1 up for play (max tick rate 0) at 2018.06.24-13.13.47
[2018.06.24-11.13.47:150][802]LogWorld: Bringing up level for play took: 0.010222
[2018.06.24-11.13.47:157][802]PIE: Play in editor start time for /Game/Maps/UEDPIE_0_Level1 1.066
[2018.06.24-11.13.52:584][988]LogTemp: Warning: SMG: Added to inventory
[2018.06.24-11.13.53:085][  5]LogSlate: FSceneViewport::OnFocusLost() reason 0
[2018.06.24-11.13.53:876][ 32]LogTemp: Warning: SMG: Added to inventory
[2018.06.24-11.14.47:907][344]Candidate modules for hot reload:
[2018.06.24-11.14.47:908][344]  FPS
[2018.06.24-11.14.47:908][344]Launching UnrealBuildTool... [D:/Epic Games/UE_4.19/Engine/Binaries/DotNET/UnrealBuildTool.exe FPS -ModuleWithSuffix=FPS,1109 Win64 Development -editorrecompile -canskiplink "D:/SpareTime/Unreal/FPS/FPS/FPS.uproject" ]
[2018.06.24-11.14.47:911][344]Warning: Starting HotReload took  0.1s.
[2018.06.24-11.15.31:858][792]CompilerResultsLog: New page: Compilation - Jun 24, 2018, 3:15:31 PM
[2018.06.24-11.15.31:859][792]CompilerResultsLog: Using 'git status' to determine working set for adaptive non-unity build.
[2018.06.24-11.15.31:859][792]CompilerResultsLog: Creating makefile for hot reloading FPS (ini files are newer than UBTMakefile)
[2018.06.24-11.15.31:860][792]CompilerResultsLog: Compiling game modules for hot reload
[2018.06.24-11.15.31:860][792]CompilerResultsLog: Performing 3 actions (4 in parallel)
[2018.06.24-11.15.31:860][792]CompilerResultsLog: UIComponent.cpp
[2018.06.24-11.15.31:860][792]CompilerResultsLog: [2/3] Link UE4Editor-FPS-1109.dll
[2018.06.24-11.15.31:860][792]CompilerResultsLog: [3/3] Link UE4Editor-FPS-1109.lib
[2018.06.24-11.15.31:860][792]CompilerResultsLog:    Creating library D:\SpareTime\Unreal\FPS\FPS\Intermediate\Build\Win64\UE4Editor\Development\UE4Editor-FPS-1109.lib and object D:\SpareTime\Unreal\FPS\FPS\Intermediate\Build\Win64\UE4Editor\Development\UE4Editor-FPS-1109.exp
[2018.06.24-11.15.31:861][792]CompilerResultsLog:    Creating library D:\SpareTime\Unreal\FPS\FPS\Intermediate\Build\Win64\UE4Editor\Development\UE4Editor-FPS-1109.suppressed.lib and object D:\SpareTime\Unreal\FPS\FPS\Intermediate\Build\Win64\UE4Editor\Development\UE4Editor-FPS-1109.suppressed.exp
[2018.06.24-11.15.31:861][792]CompilerResultsLog: Total build time: 43.56 seconds (Local executor: 33.04 seconds)
[2018.06.24-11.15.31:861][792]LogMainFrame: MainFrame: Module compiling took 43.961 seconds
[2018.06.24-11.15.31:978][792]LogClass: Collum HotReload.
[2018.06.24-11.15.31:979][792]LogClass: SlotImage HotReload.
[2018.06.24-11.15.31:986][792]LogHotReload: Re-instancing CoverPoint after hot-reload.
[2018.06.24-11.15.34:378][792]LogContentBrowser: Native class hierarchy updated for 'FPS' in 0.0015 seconds. Added 28 classes and 7 folders.
[2018.06.24-11.15.34:382][792]Display: HotReload successful (17 functions remapped  2 scriptstructs remapped)
[2018.06.24-11.15.34:793][792]LogContentBrowser: Native class hierarchy populated in 0.0110 seconds. Added 2481 classes and 567 folders.
[2018.06.24-11.15.34:804][792]Display: HotReload took 46.9s.
[2018.06.24-11.15.47:163][169]LogTemp: Repeating last play command: Selected Viewport
[2018.06.24-11.15.47:187][169]LogPlayLevel: PlayLevel: No blueprints needed recompiling
[2018.06.24-11.15.47:188][169]PIE: New page: PIE session: Level1 (Jun 24, 2018, 3:15:47 PM)
[2018.06.24-11.15.47:188][169]LogPlayLevel: Creating play world package: /Game/Maps/UEDPIE_0_Level1
[2018.06.24-11.15.47:210][169]LogPlayLevel: PIE: StaticDuplicateObject took: (0.021691s)
[2018.06.24-11.15.47:211][169]LogAIModule: Creating AISystem for world Level1
[2018.06.24-11.15.47:212][169]LogPlayLevel: PIE: World Init took: (0.001681s)
[2018.06.24-11.15.47:213][169]LogPlayLevel: PIE: Created PIE world by copying editor world from /Game/Maps/Level1.Level1 to /Game/Maps/UEDPIE_0_Level1.Level1 (0.024220s)
[2018.06.24-11.15.47:269][169]LogInit: XAudio2 using 'Luidsprekers (Conexant SmartAudio HD)' : 2 channels at 48 kHz using 32 bits per sample (channel mask 0x3)
[2018.06.24-11.15.47:310][169]LogInit: FAudioDevice initialized.
[2018.06.24-11.15.47:354][169]LogLoad: Game class is 'BP_FPSGameModeBase_C'
[2018.06.24-11.15.47:364][169]LogWorld: Bringing World /Game/Maps/UEDPIE_0_Level1.Level1 up for play (max tick rate 0) at 2018.06.24-13.15.47
[2018.06.24-11.15.47:365][169]LogWorld: Bringing up level for play took: 0.009632
[2018.06.24-11.15.47:372][169]PIE: Play in editor start time for /Game/Maps/UEDPIE_0_Level1 -0.719
[2018.06.24-11.15.52:178][329]LogTemp: Warning: SMG: Added to inventory
[2018.06.24-11.15.52:457][338]LogSlate: FSceneViewport::OnFocusLost() reason 0
[2018.06.24-11.15.53:108][359]LogTemp: Warning: SMG: Added to inventory
[2018.06.24-11.16.04:598][471]LogTemp: Repeating last play command: Selected Viewport
[2018.06.24-11.16.04:622][471]LogPlayLevel: PlayLevel: No blueprints needed recompiling
[2018.06.24-11.16.04:622][471]PIE: New page: PIE session: Level1 (Jun 24, 2018, 3:16:04 PM)
[2018.06.24-11.16.04:623][471]LogPlayLevel: Creating play world package: /Game/Maps/UEDPIE_0_Level1
[2018.06.24-11.16.04:642][471]LogPlayLevel: PIE: StaticDuplicateObject took: (0.018607s)
[2018.06.24-11.16.04:643][471]LogAIModule: Creating AISystem for world Level1
[2018.06.24-11.16.04:643][471]LogPlayLevel: PIE: World Init took: (0.001386s)
[2018.06.24-11.16.04:644][471]LogPlayLevel: PIE: Created PIE world by copying editor world from /Game/Maps/Level1.Level1 to /Game/Maps/UEDPIE_0_Level1.Level1 (0.020921s)
[2018.06.24-11.16.04:681][471]LogInit: XAudio2 using 'Luidsprekers (Conexant SmartAudio HD)' : 2 channels at 48 kHz using 32 bits per sample (channel mask 0x3)
[2018.06.24-11.16.04:720][471]LogInit: FAudioDevice initialized.
[2018.06.24-11.16.04:766][471]LogLoad: Game class is 'BP_FPSGameModeBase_C'
[2018.06.24-11.16.04:777][471]LogWorld: Bringing World /Game/Maps/UEDPIE_0_Level1.Level1 up for play (max tick rate 0) at 2018.06.24-13.16.04
[2018.06.24-11.16.04:778][471]LogWorld: Bringing up level for play took: 0.010586
[2018.06.24-11.16.04:786][471]PIE: Play in editor start time for /Game/Maps/UEDPIE_0_Level1 0.695
[2018.06.24-11.16.07:871][568]LogTemp: Warning: SMG: Added to inventory
[2018.06.24-11.16.08:274][581]LogSlate: FSceneViewport::OnFocusLost() reason 0
