Log file open, 06/30/18 22:46:56
LogWindows: Failed to load 'aqProf.dll' (GetLastError=126)
LogWindows: File 'aqProf.dll' does not exist
LogWindows: Failed to load 'VtuneApi.dll' (GetLastError=126)
LogWindows: File 'VtuneApi.dll' does not exist
LogWindows: Failed to load 'VtuneApi32e.dll' (GetLastError=126)
LogWindows: File 'VtuneApi32e.dll' does not exist
LogInit: Display: Running engine for game: FPS
LogPlatformFile: Not using cached read wrapper
LogInit: Display: RandInit(1920259586) SRandInit(1920259586).
LogInit: Read version file with build ID '3944462'
LogInit: Overriding engine version to CL 4033788, compatible CL 3944462
LogInit: Registered custom module enumerator with build ID '3944462'
LogTaskGraph: Started task graph with 5 named threads and 23 total threads with 3 sets of task threads.
LogStats: Stats thread started at 0.357470
LogD3D11RHI: Aftermath initialized
LogICUInternationalization: Display: ICU TimeZone Detection - Raw Offset: +1:00, Platform Override: ''
LogPluginManager: Mounting plugin Paper2D
LogPluginManager: Mounting plugin LiveLink
LogPluginManager: Mounting plugin LightPropagationVolume
LogPluginManager: Mounting plugin CLionSourceCodeAccess
LogPluginManager: Mounting plugin CodeLiteSourceCodeAccess
LogPluginManager: Mounting plugin GitSourceControl
LogPluginManager: Mounting plugin KDevelopSourceCodeAccess
LogPluginManager: Mounting plugin NullSourceCodeAccess
LogPluginManager: Mounting plugin PerforceSourceControl
LogPluginManager: Mounting plugin SubversionSourceControl
LogPluginManager: Mounting plugin UObjectPlugin
LogPluginManager: Mounting plugin VisualStudioCodeSourceCodeAccess
LogPluginManager: Mounting plugin VisualStudioSourceCodeAccess
LogPluginManager: Mounting plugin XCodeSourceCodeAccess
LogPluginManager: Mounting plugin AssetManagerEditor
LogPluginManager: Mounting plugin CryptoKeys
LogPluginManager: Mounting plugin DataValidation
LogPluginManager: Mounting plugin FacialAnimation
LogPluginManager: Mounting plugin GameplayTagsEditor
LogPluginManager: Mounting plugin MobileLauncherProfileWizard
LogPluginManager: Mounting plugin PluginBrowser
LogPluginManager: Mounting plugin SpeedTreeImporter
LogPluginManager: Mounting plugin DatasmithContent
LogPluginManager: Mounting plugin AlembicImporter
LogPluginManager: Mounting plugin CharacterAI
LogPluginManager: Mounting plugin HTML5Networking
LogPluginManager: Mounting plugin AndroidMedia
LogPluginManager: Mounting plugin AvfMedia
LogPluginManager: Mounting plugin ImgMedia
LogPluginManager: Mounting plugin LinearTimecode
LogPluginManager: Mounting plugin MediaCompositing
LogPluginManager: Mounting plugin MediaPlayerEditor
LogPluginManager: Mounting plugin WmfMedia
LogPluginManager: Mounting plugin TcpMessaging
LogPluginManager: Mounting plugin UdpMessaging
LogPluginManager: Mounting plugin ActorSequence
LogPluginManager: Mounting plugin LevelSequenceEditor
LogPluginManager: Mounting plugin MatineeToLevelSequence
LogPluginManager: Mounting plugin NetcodeUnitTest
LogPluginManager: Mounting plugin NUTUnrealEngine4
LogPluginManager: Mounting plugin OnlineSubsystemGooglePlay
LogPluginManager: Mounting plugin OnlineSubsystemIOS
LogPluginManager: Mounting plugin OnlineSubsystem
LogPluginManager: Mounting plugin OnlineSubsystemNull
LogPluginManager: Mounting plugin OnlineSubsystemUtils
LogPluginManager: Mounting plugin AndroidDeviceProfileSelector
LogPluginManager: Mounting plugin AndroidMoviePlayer
LogPluginManager: Mounting plugin AndroidPermission
LogPluginManager: Mounting plugin AppleARKit
LogPluginManager: Mounting plugin AppleMoviePlayer
LogPluginManager: Mounting plugin ArchVisCharacter
LogPluginManager: Mounting plugin AudioCapture
LogPluginManager: Mounting plugin CableComponent
LogPluginManager: Mounting plugin CustomMeshComponent
LogPluginManager: Mounting plugin ExampleDeviceProfileSelector
LogPluginManager: Mounting plugin GoogleCloudMessaging
LogPluginManager: Mounting plugin ImmediatePhysics
LogPluginManager: Mounting plugin IOSDeviceProfileSelector
LogPluginManager: Mounting plugin LinuxDeviceProfileSelector
LogPluginManager: Mounting plugin LocationServicesBPLibrary
LogPluginManager: Mounting plugin MobilePatchingUtils
LogPluginManager: Mounting plugin OculusVR
LogPluginManager: Plugin shader directory ../../../Engine/Plugins/Runtime/Oculus/OculusVR/Shaders found
LogPluginManager: Mapping shader source directory ../../../Engine/Plugins/Runtime/Oculus/OculusVR/Shaders to virtual directory /Plugin/OculusVR
LogPluginManager: Mounting plugin PhysXVehicles
LogPluginManager: Mounting plugin ProceduralMeshComponent
LogPluginManager: Mounting plugin RuntimePhysXCooking
LogPluginManager: Mounting plugin SteamVR
LogPluginManager: Mounting plugin WindowsMoviePlayer
LogPluginManager: Mounting plugin CoverPointGenerator
LogStreaming: Display: Took  0.082s to configure plugins.
LogModuleManager: Display: Found up-to-date module file ../../../../../../../Projects/FPS/FPS/Binaries/Win64/UE4Editor-FPS.dll (API version 3944462).
LogModuleManager: Display: Found up-to-date module file ../../../Engine/Plugins/2D/Paper2D/Binaries/Win64/UE4Editor-Paper2D.dll (API version 3944462).
LogModuleManager: Display: Found up-to-date module file ../../../Engine/Plugins/2D/Paper2D/Binaries/Win64/UE4Editor-Paper2DEditor.dll (API version 3944462).
LogModuleManager: Display: Found up-to-date module file ../../../Engine/Plugins/2D/Paper2D/Binaries/Win64/UE4Editor-PaperSpriteSheetImporter.dll (API version 3944462).
LogModuleManager: Display: Found up-to-date module file ../../../Engine/Plugins/2D/Paper2D/Binaries/Win64/UE4Editor-PaperTiledImporter.dll (API version 3944462).
LogModuleManager: Display: Found up-to-date module file ../../../Engine/Plugins/2D/Paper2D/Binaries/Win64/UE4Editor-SmartSnapping.dll (API version 3944462).
LogModuleManager: Display: Found up-to-date module file ../../../Engine/Plugins/Animation/LiveLink/Binaries/Win64/UE4Editor-LiveLink.dll (API version 3944462).
LogModuleManager: Display: Found up-to-date module file ../../../Engine/Plugins/Animation/LiveLink/Binaries/Win64/UE4Editor-LiveLinkEditor.dll (API version 3944462).
LogModuleManager: Display: Found up-to-date module file ../../../Engine/Plugins/Blendables/LightPropagationVolume/Binaries/Win64/UE4Editor-LightPropagationVolumeRuntime.dll (API version 3944462).
LogModuleManager: Display: Found up-to-date module file ../../../Engine/Plugins/Blendables/LightPropagationVolume/Binaries/Win64/UE4Editor-LightPropagationVolumeEditor.dll (API version 3944462).
LogModuleManager: Display: Found up-to-date module file ../../../Engine/Plugins/Developer/CLionSourceCodeAccess/Binaries/Win64/UE4Editor-CLionSourceCodeAccess.dll (API version 3944462).
LogModuleManager: Display: Found up-to-date module file ../../../Engine/Plugins/Developer/GitSourceControl/Binaries/Win64/UE4Editor-GitSourceControl.dll (API version 3944462).
LogModuleManager: Display: Found up-to-date module file ../../../Engine/Plugins/Developer/PerforceSourceControl/Binaries/Win64/UE4Editor-PerforceSourceControl.dll (API version 3944462).
LogModuleManager: Display: Found up-to-date module file ../../../Engine/Plugins/Developer/SubversionSourceControl/Binaries/Win64/UE4Editor-SubversionSourceControl.dll (API version 3944462).
LogModuleManager: Display: Found up-to-date module file ../../../Engine/Plugins/Developer/UObjectPlugin/Binaries/Win64/UE4Editor-UObjectPlugin.dll (API version 3944462).
LogModuleManager: Display: Found up-to-date module file ../../../Engine/Plugins/Developer/VisualStudioCodeSourceCodeAccess/Binaries/Win64/UE4Editor-VisualStudioCodeSourceCodeAccess.dll (API version 3944462).
LogModuleManager: Display: Found up-to-date module file ../../../Engine/Plugins/Developer/VisualStudioSourceCodeAccess/Binaries/Win64/UE4Editor-VisualStudioSourceCodeAccess.dll (API version 3944462).
LogModuleManager: Display: Found up-to-date module file ../../../Engine/Plugins/Editor/AssetManagerEditor/Binaries/Win64/UE4Editor-AssetManagerEditor.dll (API version 3944462).
LogModuleManager: Display: Found up-to-date module file ../../../Engine/Plugins/Editor/CryptoKeys/Binaries/Win64/UE4Editor-CryptoKeys.dll (API version 3944462).
LogModuleManager: Display: Found up-to-date module file ../../../Engine/Plugins/Editor/CryptoKeys/Binaries/Win64/UE4Editor-CryptoKeysOpenSSL.dll (API version 3944462).
LogModuleManager: Display: Found up-to-date module file ../../../Engine/Plugins/Editor/DataValidation/Binaries/Win64/UE4Editor-DataValidation.dll (API version 3944462).
LogModuleManager: Display: Found up-to-date module file ../../../Engine/Plugins/Editor/FacialAnimation/Binaries/Win64/UE4Editor-FacialAnimation.dll (API version 3944462).
LogModuleManager: Display: Found up-to-date module file ../../../Engine/Plugins/Editor/FacialAnimation/Binaries/Win64/UE4Editor-FacialAnimationEditor.dll (API version 3944462).
LogModuleManager: Display: Found up-to-date module file ../../../Engine/Plugins/Editor/GameplayTagsEditor/Binaries/Win64/UE4Editor-GameplayTagsEditor.dll (API version 3944462).
LogModuleManager: Display: Found up-to-date module file ../../../Engine/Plugins/Editor/MobileLauncherProfileWizard/Binaries/Win64/UE4Editor-MobileLauncherProfileWizard.dll (API version 3944462).
LogModuleManager: Display: Found up-to-date module file ../../../Engine/Plugins/Editor/PluginBrowser/Binaries/Win64/UE4Editor-PluginBrowser.dll (API version 3944462).
LogModuleManager: Display: Found up-to-date module file ../../../Engine/Plugins/Editor/SpeedTreeImporter/Binaries/Win64/UE4Editor-SpeedTreeImporter.dll (API version 3944462).
LogModuleManager: Display: Found up-to-date module file ../../../Engine/Plugins/Enterprise/DatasmithContent/Binaries/Win64/UE4Editor-DatasmithContent.dll (API version 3944462).
LogModuleManager: Display: Found up-to-date module file ../../../Engine/Plugins/Experimental/AlembicImporter/Binaries/Win64/UE4Editor-AlembicImporter.dll (API version 3944462).
LogModuleManager: Display: Found up-to-date module file ../../../Engine/Plugins/Experimental/AlembicImporter/Binaries/Win64/UE4Editor-AlembicLibrary.dll (API version 3944462).
LogModuleManager: Display: Found up-to-date module file ../../../Engine/Plugins/Experimental/CharacterAI/Binaries/Win64/UE4Editor-CharacterAI.dll (API version 3944462).
LogModuleManager: Display: Found up-to-date module file ../../../Engine/Plugins/Experimental/HTML5Networking/Binaries/Win64/UE4Editor-HTML5Networking.dll (API version 3944462).
LogModuleManager: Display: Found up-to-date module file ../../../Engine/Plugins/Media/AndroidMedia/Binaries/Win64/UE4Editor-AndroidMediaEditor.dll (API version 3944462).
LogModuleManager: Display: Found up-to-date module file ../../../Engine/Plugins/Media/AndroidMedia/Binaries/Win64/UE4Editor-AndroidMediaFactory.dll (API version 3944462).
LogModuleManager: Display: Found up-to-date module file ../../../Engine/Plugins/Media/AvfMedia/Binaries/Win64/UE4Editor-AvfMediaEditor.dll (API version 3944462).
LogModuleManager: Display: Found up-to-date module file ../../../Engine/Plugins/Media/AvfMedia/Binaries/Win64/UE4Editor-AvfMediaFactory.dll (API version 3944462).
LogModuleManager: Display: Found up-to-date module file ../../../Engine/Plugins/Media/AvfMedia/Binaries/Win64/UE4Editor-AvfMediaFactory.dll (API version 3944462).
LogModuleManager: Display: Found up-to-date module file ../../../Engine/Plugins/Media/ImgMedia/Binaries/Win64/UE4Editor-ImgMedia.dll (API version 3944462).
LogModuleManager: Display: Found up-to-date module file ../../../Engine/Plugins/Media/ImgMedia/Binaries/Win64/UE4Editor-ImgMediaEditor.dll (API version 3944462).
LogModuleManager: Display: Found up-to-date module file ../../../Engine/Plugins/Media/ImgMedia/Binaries/Win64/UE4Editor-ImgMediaFactory.dll (API version 3944462).
LogModuleManager: Display: Found up-to-date module file ../../../Engine/Plugins/Media/ImgMedia/Binaries/Win64/UE4Editor-ImgMediaFactory.dll (API version 3944462).
LogModuleManager: Display: Found up-to-date module file ../../../Engine/Plugins/Media/ImgMedia/Binaries/Win64/UE4Editor-OpenExrWrapper.dll (API version 3944462).
LogModuleManager: Display: Found up-to-date module file ../../../Engine/Plugins/Media/LinearTimecode/Binaries/Win64/UE4Editor-LinearTimecode.dll (API version 3944462).
LogModuleManager: Display: Found up-to-date module file ../../../Engine/Plugins/Media/MediaCompositing/Binaries/Win64/UE4Editor-MediaCompositing.dll (API version 3944462).
LogModuleManager: Display: Found up-to-date module file ../../../Engine/Plugins/Media/MediaCompositing/Binaries/Win64/UE4Editor-MediaCompositingEditor.dll (API version 3944462).
LogModuleManager: Display: Found up-to-date module file ../../../Engine/Plugins/Media/MediaPlayerEditor/Binaries/Win64/UE4Editor-MediaPlayerEditor.dll (API version 3944462).
LogModuleManager: Display: Found up-to-date module file ../../../Engine/Plugins/Media/WmfMedia/Binaries/Win64/UE4Editor-WmfMedia.dll (API version 3944462).
LogModuleManager: Display: Found up-to-date module file ../../../Engine/Plugins/Media/WmfMedia/Binaries/Win64/UE4Editor-WmfMediaEditor.dll (API version 3944462).
LogModuleManager: Display: Found up-to-date module file ../../../Engine/Plugins/Media/WmfMedia/Binaries/Win64/UE4Editor-WmfMediaFactory.dll (API version 3944462).
LogModuleManager: Display: Found up-to-date module file ../../../Engine/Plugins/Media/WmfMedia/Binaries/Win64/UE4Editor-WmfMediaFactory.dll (API version 3944462).
LogModuleManager: Display: Found up-to-date module file ../../../Engine/Plugins/Messaging/TcpMessaging/Binaries/Win64/UE4Editor-TcpMessaging.dll (API version 3944462).
LogModuleManager: Display: Found up-to-date module file ../../../Engine/Plugins/Messaging/UdpMessaging/Binaries/Win64/UE4Editor-UdpMessaging.dll (API version 3944462).
LogModuleManager: Display: Found up-to-date module file ../../../Engine/Plugins/MovieScene/ActorSequence/Binaries/Win64/UE4Editor-ActorSequence.dll (API version 3944462).
LogModuleManager: Display: Found up-to-date module file ../../../Engine/Plugins/MovieScene/LevelSequenceEditor/Binaries/Win64/UE4Editor-LevelSequenceEditor.dll (API version 3944462).
LogModuleManager: Display: Found up-to-date module file ../../../Engine/Plugins/MovieScene/MatineeToLevelSequence/Binaries/Win64/UE4Editor-MatineeToLevelSequence.dll (API version 3944462).
LogModuleManager: Display: Found up-to-date module file ../../../Engine/Plugins/NetcodeUnitTest/NetcodeUnitTest/Binaries/Win64/UE4Editor-NetcodeUnitTest.dll (API version 3944462).
LogModuleManager: Display: Found up-to-date module file ../../../Engine/Plugins/NetcodeUnitTest/NUTUnrealEngine4/Binaries/Win64/UE4Editor-NUTUnrealEngine4.dll (API version 3944462).
LogModuleManager: Display: Found up-to-date module file ../../../Engine/Plugins/Online/OnlineSubsystem/Binaries/Win64/UE4Editor-OnlineSubsystem.dll (API version 3944462).
LogModuleManager: Display: Found up-to-date module file ../../../Engine/Plugins/Online/OnlineSubsystemNull/Binaries/Win64/UE4Editor-OnlineSubsystemNull.dll (API version 3944462).
LogModuleManager: Display: Found up-to-date module file ../../../Engine/Plugins/Online/OnlineSubsystemUtils/Binaries/Win64/UE4Editor-OnlineSubsystemUtils.dll (API version 3944462).
LogModuleManager: Display: Found up-to-date module file ../../../Engine/Plugins/Online/OnlineSubsystemUtils/Binaries/Win64/UE4Editor-OnlineBlueprintSupport.dll (API version 3944462).
LogModuleManager: Display: Found up-to-date module file ../../../Engine/Plugins/Runtime/AndroidDeviceProfileSelector/Binaries/Win64/UE4Editor-AndroidDeviceProfileSelector.dll (API version 3944462).
LogModuleManager: Display: Found up-to-date module file ../../../Engine/Plugins/Runtime/AndroidPermission/Binaries/Win64/UE4Editor-AndroidPermission.dll (API version 3944462).
LogModuleManager: Display: Found up-to-date module file ../../../Engine/Plugins/Runtime/AppleARKit/Binaries/Win64/UE4Editor-AppleARKit.dll (API version 3944462).
LogModuleManager: Display: Found up-to-date module file ../../../Engine/Plugins/Runtime/ArchVisCharacter/Binaries/Win64/UE4Editor-ArchVisCharacter.dll (API version 3944462).
LogModuleManager: Display: Found up-to-date module file ../../../Engine/Plugins/Runtime/AudioCapture/Binaries/Win64/UE4Editor-AudioCapture.dll (API version 3944462).
LogModuleManager: Display: Found up-to-date module file ../../../Engine/Plugins/Runtime/AudioCapture/Binaries/Win64/UE4Editor-AudioCaptureEditor.dll (API version 3944462).
LogModuleManager: Display: Found up-to-date module file ../../../Engine/Plugins/Runtime/CableComponent/Binaries/Win64/UE4Editor-CableComponent.dll (API version 3944462).
LogModuleManager: Display: Found up-to-date module file ../../../Engine/Plugins/Runtime/CustomMeshComponent/Binaries/Win64/UE4Editor-CustomMeshComponent.dll (API version 3944462).
LogModuleManager: Display: Found up-to-date module file ../../../Engine/Plugins/Runtime/ExampleDeviceProfileSelector/Binaries/Win64/UE4Editor-ExampleDeviceProfileSelector.dll (API version 3944462).
LogModuleManager: Display: Found up-to-date module file ../../../Engine/Plugins/Runtime/ImmediatePhysics/Binaries/Win64/UE4Editor-ImmediatePhysics.dll (API version 3944462).
LogModuleManager: Display: Found up-to-date module file ../../../Engine/Plugins/Runtime/ImmediatePhysics/Binaries/Win64/UE4Editor-ImmediatePhysicsEditor.dll (API version 3944462).
LogModuleManager: Display: Found up-to-date module file ../../../Engine/Plugins/Runtime/LocationServicesBPLibrary/Binaries/Win64/UE4Editor-LocationServicesBPLibrary.dll (API version 3944462).
LogModuleManager: Display: Found up-to-date module file ../../../Engine/Plugins/Runtime/MobilePatchingUtils/Binaries/Win64/UE4Editor-MobilePatchingUtils.dll (API version 3944462).
LogModuleManager: Display: Found up-to-date module file ../../../Engine/Plugins/Runtime/Oculus/OculusVR/Binaries/Win64/UE4Editor-OculusHMD.dll (API version 3944462).
LogModuleManager: Display: Found up-to-date module file ../../../Engine/Plugins/Runtime/Oculus/OculusVR/Binaries/Win64/UE4Editor-OculusInput.dll (API version 3944462).
LogModuleManager: Display: Found up-to-date module file ../../../Engine/Plugins/Runtime/Oculus/OculusVR/Binaries/Win64/UE4Editor-OculusEditor.dll (API version 3944462).
LogModuleManager: Display: Found up-to-date module file ../../../Engine/Plugins/Runtime/PhysXVehicles/Binaries/Win64/UE4Editor-PhysXVehicles.dll (API version 3944462).
LogModuleManager: Display: Found up-to-date module file ../../../Engine/Plugins/Runtime/PhysXVehicles/Binaries/Win64/UE4Editor-PhysXVehiclesEditor.dll (API version 3944462).
LogModuleManager: Display: Found up-to-date module file ../../../Engine/Plugins/Runtime/ProceduralMeshComponent/Binaries/Win64/UE4Editor-ProceduralMeshComponent.dll (API version 3944462).
LogModuleManager: Display: Found up-to-date module file ../../../Engine/Plugins/Runtime/ProceduralMeshComponent/Binaries/Win64/UE4Editor-ProceduralMeshComponentEditor.dll (API version 3944462).
LogModuleManager: Display: Found up-to-date module file ../../../Engine/Plugins/Runtime/RuntimePhysXCooking/Binaries/Win64/UE4Editor-RuntimePhysXCooking.dll (API version 3944462).
LogModuleManager: Display: Found up-to-date module file ../../../Engine/Plugins/Runtime/Steam/SteamVR/Binaries/Win64/UE4Editor-SteamVR.dll (API version 3944462).
LogModuleManager: Display: Found up-to-date module file ../../../Engine/Plugins/Runtime/Steam/SteamVR/Binaries/Win64/UE4Editor-SteamVRController.dll (API version 3944462).
LogModuleManager: Display: Found up-to-date module file ../../../Engine/Plugins/Runtime/WindowsMoviePlayer/Binaries/Win64/UE4Editor-WindowsMoviePlayer.dll (API version 3944462).
LogModuleManager: Display: Found up-to-date module file ../../../../../../../Projects/FPS/FPS/Plugins/CoverPointGenerator/Binaries/Win64/UE4Editor-CoverPointGenerator.dll (API version 3944462).
LogInit: Using libcurl 7.47.1
LogInit:  - built for x86_64-pc-win32
LogInit:  - supports SSL with OpenSSL/1.0.2g
LogInit:  - supports HTTP deflate (compression) using libz 1.2.8
LogInit:  - other features:
LogInit:      CURL_VERSION_SSL
LogInit:      CURL_VERSION_LIBZ
LogInit:      CURL_VERSION_IPV6
LogInit:      CURL_VERSION_ASYNCHDNS
LogInit:      CURL_VERSION_LARGEFILE
LogInit:      CURL_VERSION_IDN
LogInit:  CurlRequestOptions (configurable via config and command line):
LogInit:  - bVerifyPeer = false  - Libcurl will NOT verify peer certificate
LogInit:  - bUseHttpProxy = false  - Libcurl will NOT use HTTP proxy
LogInit:  - bDontReuseConnections = false  - Libcurl will reuse connections
LogInit:  - CertBundlePath = nullptr  - Libcurl will use whatever was configured at build time.
LogInit:  - MaxHostConnections = 16  - Libcurl will limit the number of connections to a host
LogInit:  - LocalHostAddr = Default
LogInit: WinSock: version 1.1 (2.2), MaxSocks=32767, MaxUdp=65467
LogInit: WinSock: I am DESKTOP-27ERO04 (192.168.178.101:0)
LogInit: Build: ++UE4+Release-4.19-CL-4033788
LogInit: Engine Version: 4.19.2-4033788+++UE4+Release-4.19
LogInit: Compatible Engine Version: 4.19.0-3944462+++UE4+Release-4.19
LogInit: Net CL: 3944462
LogDevObjectVersion: Number of dev versions registered: 18
LogDevObjectVersion:   Dev-Blueprints (B0D832E4-1F89-4F0D-ACCF-7EB736FD4AA2): 10
LogDevObjectVersion:   Dev-Build (E1C64328-A22C-4D53-A36C-8E866417BD8C): 0
LogDevObjectVersion:   Dev-Core (375EC13C-06E4-48FB-B500-84F0262A717E): 2
LogDevObjectVersion:   Dev-Editor (E4B068ED-F494-42E9-A231-DA0B2E46BB41): 23
LogDevObjectVersion:   Dev-Framework (CFFC743F-43B0-4480-9391-14DF171D2073): 33
LogDevObjectVersion:   Dev-Mobile (B02B49B5-BB20-44E9-A304-32B752E40360): 2
LogDevObjectVersion:   Dev-Networking (A4E4105C-59A1-49B5-A7C5-40C4547EDFEE): 0
LogDevObjectVersion:   Dev-Online (39C831C9-5AE6-47DC-9A44-9C173E1C8E7C): 0
LogDevObjectVersion:   Dev-Physics (78F01B33-EBEA-4F98-B9B4-84EACCB95AA2): 0
LogDevObjectVersion:   Dev-Platform (6631380F-2D4D-43E0-8009-CF276956A95A): 0
LogDevObjectVersion:   Dev-Rendering (12F88B9F-8875-4AFC-A67C-D90C383ABD29): 25
LogDevObjectVersion:   Dev-Sequencer (7B5AE74C-D270-4C10-A958-57980B212A5A): 6
LogDevObjectVersion:   Dev-VR (D7296918-1DD6-4BDD-9DE2-64A83CC13884): 1
LogDevObjectVersion:   Dev-LoadTimes (C2A15278-BFE7-4AFE-6C17-90FF531DF755): 1
LogDevObjectVersion:   Private-Geometry (6EACA3D4-40EC-4CC1-B786-8BED09428FC5): 2
LogDevObjectVersion:   Dev-AnimPhys (29E575DD-E0A3-4627-9D10-D276232CDCEA): 16
LogDevObjectVersion:   Dev-ReflectionCapture (6B266CEC-1EC7-4B8F-A30B-E4D90942FC07): 1
LogDevObjectVersion:   Dev-Automation (0DF73D61-A23F-47EA-B727-89E90C41499A): 1
LogInit: Compiled (64-bit): Apr 27 2018 02:06:57
LogInit: Compiled with Visual C++: 19.00.24215.01
LogInit: Build Configuration: Development
LogInit: Branch Name: ++UE4+Release-4.19
LogInit: Command Line:  -skipcompile
LogInit: Base Directory: E:/Game Engines/Epic Games/4.19/UE_4.19/Engine/Binaries/Win64/
LogInit: Installed Engine Build: 1
LogStreaming: Display: Took  0.001s to delete old logs.
LogInit: Presizing for max 8388607 objects, including 0 objects not considered by GC, pre-allocating 0 bytes for permanent pool.
LogInit: Object subsystem initialized
[2018.06.30-20.46.58:256][  0]LogInit: Selected Device Profile: [Windows]
[2018.06.30-20.46.58:256][  0]LogInit: Applying CVar settings loaded from the selected device profile: [Windows]
[2018.06.30-20.46.58:291][  0]LogInit: Computer: DESKTOP-27ERO04
[2018.06.30-20.46.58:291][  0]LogInit: User: TomColdenhoff
[2018.06.30-20.46.58:291][  0]LogInit: CPU Page size=4096, Cores=4
[2018.06.30-20.46.58:292][  0]LogInit: High frequency timer resolution =3.319355 MHz
[2018.06.30-20.46.58:292][  0]LogMemory: Memory total: Physical=11.9GB (12GB approx)
[2018.06.30-20.46.58:292][  0]LogMemory: Platform Memory Stats for Windows
[2018.06.30-20.46.58:292][  0]LogMemory: Process Physical Memory: 279.00 MB used, 279.42 MB peak
[2018.06.30-20.46.58:292][  0]LogMemory: Process Virtual Memory: 269.75 MB used, 269.75 MB peak
[2018.06.30-20.46.58:292][  0]LogMemory: Physical Memory: 6425.25 MB used,  5782.19 MB free, 12207.44 MB total
[2018.06.30-20.46.58:292][  0]LogMemory: Virtual Memory: 4794.46 MB used,  5782.19 MB free, 134217728.00 MB total
[2018.06.30-20.46.58:339][  0]LogInit: Using OS detected language (en-US).
[2018.06.30-20.46.58:339][  0]LogInit: Using OS detected locale (en-US).
[2018.06.30-20.46.58:342][  0]LogTextLocalizationManager: No specific localization for 'en-US' exists, so the 'en' localization will be used.
[2018.06.30-20.46.58:756][  0]LogStreaming: Display: Took  0.418s to EndInitTextLocalization.
[2018.06.30-20.46.58:757][  0]LogInit: Setting process to per monitor DPI aware
[2018.06.30-20.46.58:799][  0]LogSlate: New Slate User Created.  User Index 0, Is Virtual User: 0
[2018.06.30-20.46.58:799][  0]LogSlate: Slate User Registered.  User Index 0, Is Virtual User: 0
[2018.06.30-20.46.58:977][  0]LogD3D11RHI: D3D11 adapters:
[2018.06.30-20.46.59:065][  0]LogD3D11RHI:    0. 'NVIDIA GeForce GTX 970' (Feature Level 11_0)
[2018.06.30-20.46.59:065][  0]LogD3D11RHI:       4043/0/6103 MB DedicatedVideo/DedicatedSystem/SharedSystem, Outputs:2, VendorId:0x10de
[2018.06.30-20.46.59:069][  0]LogD3D11RHI:    1. 'Microsoft Basic Render Driver' (Feature Level 11_0)
[2018.06.30-20.46.59:070][  0]LogD3D11RHI:       0/0/6103 MB DedicatedVideo/DedicatedSystem/SharedSystem, Outputs:0, VendorId:0x1414
[2018.06.30-20.46.59:070][  0]LogD3D11RHI: Chosen D3D11 Adapter: 0
[2018.06.30-20.46.59:079][  0]LogD3D11RHI: Creating new Direct3DDevice
[2018.06.30-20.46.59:079][  0]LogD3D11RHI:     GPU DeviceId: 0x13c2 (for the marketing name, search the web for "GPU Device Id")
[2018.06.30-20.46.59:079][  0]LogWindows: EnumDisplayDevices:
[2018.06.30-20.46.59:079][  0]LogWindows:    0. 'NVIDIA GeForce GTX 970' (P:1 D:1)
[2018.06.30-20.46.59:079][  0]LogWindows:    1. 'NVIDIA GeForce GTX 970' (P:0 D:1)
[2018.06.30-20.46.59:079][  0]LogWindows:    2. 'NVIDIA GeForce GTX 970' (P:0 D:0)
[2018.06.30-20.46.59:080][  0]LogWindows:    3. 'NVIDIA GeForce GTX 970' (P:0 D:0)
[2018.06.30-20.46.59:080][  0]LogWindows: DebugString: GetVideoDriverDetailsInvalid PrimaryIsNotTheChoosenAdapter GetVideoDriverDetailsInvalid PrimaryIsNotTheChoosenAdapter GetVideoDriverDetailsInvalid PrimaryIsNotTheChoosenAdapter GetVideoDriverDetailsInvalid PrimaryIsNotTheChoosenAdapter FoundDriverCount:0 
[2018.06.30-20.46.59:080][  0]LogD3D11RHI:     Adapter Name: NVIDIA GeForce GTX 970
[2018.06.30-20.46.59:080][  0]LogD3D11RHI:   Driver Version: Unknown (internal:Unknown, unified:Unknown)
[2018.06.30-20.46.59:080][  0]LogD3D11RHI:      Driver Date: Unknown
[2018.06.30-20.46.59:080][  0]LogRHI: Texture pool is 2830 MB (70% of 4043 MB)
[2018.06.30-20.46.59:120][  0]LogD3D11RHI: [Aftermath] Aftermath enabled and primed
[2018.06.30-20.46.59:121][  0]LogD3D11RHI: [Aftermath] Aftermath enabled and primed
[2018.06.30-20.46.59:121][  0]LogD3D11RHI: Async texture creation enabled
[2018.06.30-20.46.59:185][  0]LogD3D11RHI: GPU Timing Frequency: 1000.000000 (Debug: 2 2)
[2018.06.30-20.46.59:233][  0]LogShaderCompilers: Guid format shader working directory is 16 characters bigger than the processId version (../../../../../../../Projects/FPS/FPS/Intermediate/Shaders/WorkingDirectory/19556/).
[2018.06.30-20.46.59:233][  0]LogShaderCompilers: Cleaned the shader compiler working directory 'C:/Users/TomColdenhoff/AppData/Local/Temp/UnrealShaderWorkingDir/AF716CF14CEA2F1F39232D9FCD70C4D8/'.
[2018.06.30-20.46.59:438][  0]LogTemp: Display: Loaded TP AllDesktopTargetPlatform
[2018.06.30-20.46.59:453][  0]LogTemp: Display: Loaded TP MacClientTargetPlatform
[2018.06.30-20.46.59:469][  0]LogTemp: Display: Loaded TP MacNoEditorTargetPlatform
[2018.06.30-20.46.59:484][  0]LogTemp: Display: Loaded TP MacServerTargetPlatform
[2018.06.30-20.46.59:499][  0]LogTemp: Display: Loaded TP MacTargetPlatform
[2018.06.30-20.46.59:520][  0]LogTemp: Display: Loaded TP WindowsClientTargetPlatform
[2018.06.30-20.46.59:534][  0]LogTemp: Display: Loaded TP WindowsNoEditorTargetPlatform
[2018.06.30-20.46.59:556][  0]LogTemp: Display: Loaded TP WindowsServerTargetPlatform
[2018.06.30-20.46.59:564][  0]LogTemp: Display: Loaded TP WindowsTargetPlatform
[2018.06.30-20.46.59:580][  0]LogTemp: Display: Loaded TP Android_ASTCTargetPlatform
[2018.06.30-20.46.59:593][  0]LogTemp: Display: Loaded TP Android_ATCTargetPlatform
[2018.06.30-20.46.59:612][  0]LogTemp: Display: Loaded TP Android_DXTTargetPlatform
[2018.06.30-20.46.59:627][  0]LogTemp: Display: Loaded TP Android_ETC1aTargetPlatform
[2018.06.30-20.46.59:645][  0]LogTemp: Display: Loaded TP Android_ETC1TargetPlatform
[2018.06.30-20.46.59:663][  0]LogTemp: Display: Loaded TP Android_ETC2TargetPlatform
[2018.06.30-20.46.59:694][  0]LogTemp: Display: Loaded TP Android_MultiTargetPlatform
[2018.06.30-20.46.59:694][  0]LogTemp: Display: Loaded TP Android_PVRTCTargetPlatform
[2018.06.30-20.46.59:708][  0]LogTemp: Display: Loaded TP AndroidTargetPlatform
[2018.06.30-20.46.59:711][  0]LogTemp: Display: Loaded TP HTML5TargetPlatform
[2018.06.30-20.46.59:759][  0]LogTemp: Display: Loaded TP IOSTargetPlatform
[2018.06.30-20.46.59:774][  0]LogTemp: Display: Loaded TP TVOSTargetPlatform
[2018.06.30-20.46.59:789][  0]LogTemp: Display: Loaded TP LinuxClientTargetPlatform
[2018.06.30-20.46.59:802][  0]LogTemp: Display: Loaded TP LinuxNoEditorTargetPlatform
[2018.06.30-20.46.59:819][  0]LogTemp: Display: Loaded TP LinuxServerTargetPlatform
[2018.06.30-20.46.59:833][  0]LogTemp: Display: Loaded TP LinuxTargetPlatform
[2018.06.30-20.46.59:833][  0]LogTargetPlatformManager: Display: Building Assets For Windows
[2018.06.30-20.46.59:956][  0]LogXGEController: Cleaning working directory: C:/Users/TomColdenhoff/AppData/Local/Temp/UnrealXGEWorkingDir/
[2018.06.30-20.46.59:956][  0]LogXGEController: Cannot use XGE Controller as Incredibuild is not installed on this machine.
[2018.06.30-20.46.59:956][  0]LogShaderCompilers: Cannot use XGE Shader Compiler as Incredibuild is not installed on this machine.
[2018.06.30-20.46.59:956][  0]LogShaderCompilers: Display: Using Local Shader Compiler.
[2018.06.30-20.47.00:660][  0]LogDerivedDataCache: Display: Max Cache Size: 512 MB
[2018.06.30-20.47.00:734][  0]LogDerivedDataCache: Loaded boot cache 0.07s 80MB C:/Users/TomColdenhoff/AppData/Local/UnrealEngine/4.19/DerivedDataCache/Boot.ddc.
[2018.06.30-20.47.00:734][  0]LogDerivedDataCache: Display: Loaded Boot cache: C:/Users/TomColdenhoff/AppData/Local/UnrealEngine/4.19/DerivedDataCache/Boot.ddc
[2018.06.30-20.47.00:734][  0]LogDerivedDataCache: FDerivedDataBackendGraph:  Pak pak cache file ../../../../../../../Projects/FPS/FPS/DerivedDataCache/DDC.ddp not found, will not use a pak cache.
[2018.06.30-20.47.00:734][  0]LogDerivedDataCache: Unable to find inner node Pak for hierarchical cache Hierarchy.
[2018.06.30-20.47.00:735][  0]LogDerivedDataCache: FDerivedDataBackendGraph:  CompressedPak pak cache file ../../../../../../../Projects/FPS/FPS/DerivedDataCache/Compressed.ddp not found, will not use a pak cache.
[2018.06.30-20.47.00:735][  0]LogDerivedDataCache: Unable to find inner node CompressedPak for hierarchical cache Hierarchy.
[2018.06.30-20.47.00:750][  0]LogDerivedDataCache: Display: Pak cache opened for reading ../../../Engine/DerivedDataCache/Compressed.ddp.
[2018.06.30-20.47.00:763][  0]LogDerivedDataCache: Using Local data cache path C:/Users/TomColdenhoff/AppData/Local/UnrealEngine/Common/DerivedDataCache: Writable
[2018.06.30-20.47.00:763][  0]LogDerivedDataCache: Shared data cache path not found in *engine.ini, will not use an Shared cache.
[2018.06.30-20.47.00:763][  0]LogDerivedDataCache: Unable to find inner node Shared for hierarchical cache Hierarchy.
[2018.06.30-20.47.00:775][  0]LogMaterial: Verifying Global Shaders for PCD3D_SM5
[2018.06.30-20.47.00:775][  0]LogSlate: Using Freetype 2.6.0
[2018.06.30-20.47.00:776][  0]LogSlate: SlateFontCache - WITH_FREETYPE: 1, WITH_HARFBUZZ: 1
[2018.06.30-20.47.00:776][  0]LogSlate: SlateFontCache - WITH_FREETYPE: 1, WITH_HARFBUZZ: 1
[2018.06.30-20.47.00:885][  0]LogAssetRegistry: FAssetRegistry took 0.0287 seconds to start up
[2018.06.30-20.47.02:026][  0]LogInit: Selected Device Profile: [Windows]
[2018.06.30-20.47.02:179][  0]LogSimplygon: Simplygon DLL not present - disabling.
[2018.06.30-20.47.02:182][  0]LogMeshReduction: Using SimplygonSwarm for distributed automatic mesh merging
[2018.06.30-20.47.02:183][  0]LogMeshReduction: Using QuadricMeshReduction for automatic static mesh reduction
[2018.06.30-20.47.02:183][  0]LogMeshReduction: No automatic skeletal mesh reduction module available
[2018.06.30-20.47.02:183][  0]LogMeshReduction: No automatic mesh merging module available
[2018.06.30-20.47.02:183][  0]LogMeshMerging: No automatic mesh merging module available
[2018.06.30-20.47.02:210][  0]LogNetVersion: FPS , NetCL: 3944462, EngineNetVer: 2, GameNetVer: 0 (Checksum: 2326512385)
[2018.06.30-20.47.02:617][  0]LogPackageLocalizationCache: Processed 9 localized package path(s) for 2 prioritized culture(s) in 0.070512 seconds
[2018.06.30-20.47.02:623][  0]LogUObjectArray: 36728 objects as part of root set at end of initial load.
[2018.06.30-20.47.02:623][  0]LogUObjectAllocator: 7314304 out of 0 bytes used by permanent object pool.
[2018.06.30-20.47.02:624][  0]LogUObjectArray: CloseDisregardForGC: 0/0 objects in disregard for GC pool
[2018.06.30-20.47.04:183][  0]LogTcpMessaging: Initializing TcpMessaging bridge
[2018.06.30-20.47.04:210][  0]LogUdpMessaging: Initializing bridge on interface 0.0.0.0:0 to multicast group 230.0.0.1:6666.
[2018.06.30-20.47.04:506][  0]LogSkeletalMesh: Skeletal Mesh found in DDC [1.042371ms] /Game/Models/Player/Arms/Arms_SMG.Arms_SMG
[2018.06.30-20.47.04:521][  0]LogUObjectGlobals: Created PersistentFrame Addr=0x0000023d932c7c90, Size=80, Default__BP_SMGAnim_C Function /Game/Animations/SMG/BP_SMGAnim.BP_SMGAnim_C:ExecuteUbergraph_BP_SMGAnim
[2018.06.30-20.47.04:531][  0]LogUObjectGlobals: Destroyed PersistentFrame Addr=0x0000023d932c7c90, Size=80
[2018.06.30-20.47.04:531][  0]LogUObjectGlobals: Created PersistentFrame Addr=0x0000023d932a7790, Size=80, Default__BP_SMGAnim_C Function /Engine/Transient.REINST_BP_SMGAnim_C_0:ExecuteUbergraph_BP_SMGAnim
[2018.06.30-20.47.04:540][  0]LogUObjectGlobals: Created PersistentFrame Addr=0x0000023d931fd6c0, Size=80, Default__BP_SMGAnim_C Function /Game/Animations/SMG/BP_SMGAnim.BP_SMGAnim_C:ExecuteUbergraph_BP_SMGAnim
[2018.06.30-20.47.04:663][  0]SourceControl: Source control is disabled
[2018.06.30-20.47.04:664][  0]SourceControl: Source control is disabled
[2018.06.30-20.47.04:677][  0]SourceControl: Source control is disabled
[2018.06.30-20.47.04:692][  0]SourceControl: Source control is disabled
[2018.06.30-20.47.05:126][  0]LogAndroidPermission: UAndroidPermissionCallbackProxy::GetInstance
[2018.06.30-20.47.05:280][  0]LogOcInput: OculusInput pre-init called
[2018.06.30-20.47.06:304][  0]LogEngine: Initializing Engine...
[2018.06.30-20.47.06:305][  0]LogHMD: Failed to initialize OpenVR with code 110
[2018.06.30-20.47.06:306][  0]LogStats: UGameplayTagsManager::ConstructGameplayTagTree: Construct from data asset -  0.000 s
[2018.06.30-20.47.06:307][  0]LogStats: UGameplayTagsManager::ConstructGameplayTagTree: GameplayTagTreeChangedEvent.Broadcast -  0.000 s
[2018.06.30-20.47.06:522][  0]LogAIModule: Creating AISystem for world Untitled
[2018.06.30-20.47.06:548][  0]LogInit: XAudio2 using 'Speakers (Logitech G35 Headset)' : 2 channels at 44.1 kHz using 16 bits per sample (channel mask 0x3)
[2018.06.30-20.47.06:565][  0]LogInit: FAudioDevice initialized.
[2018.06.30-20.47.06:724][  0]LogDerivedDataCache: Saved boot cache 0.16s 80MB C:/Users/TomColdenhoff/AppData/Local/UnrealEngine/4.19/DerivedDataCache/Boot.ddc.
[2018.06.30-20.47.06:741][  0]LogInit: Texture streaming: Enabled
[2018.06.30-20.47.06:765][  0]LogEngineSessionManager: EngineSessionManager initialized
[2018.06.30-20.47.06:765][  0]LogEngineSessionManager: EngineSessionManager sent abnormal shutdown report. Type=Debugger, SessionId={DEFC099F-4D90-F49F-DC01-22BD995FC45F}
[2018.06.30-20.47.06:775][  0]LogInit: Transaction tracking system initialized
[2018.06.30-20.47.06:806][  0]BlueprintLog: New page: Editor Load
[2018.06.30-20.47.06:903][  0]LocalizationService: Localization service is disabled
[2018.06.30-20.47.07:008][  0]LogConsoleResponse: Display: 
[2018.06.30-20.47.07:140][  0]LogCook: Display: Max memory allowance for cook 16384mb min free memory 0mb
[2018.06.30-20.47.07:140][  0]LogCook: Display: Mobile HDR setting 1
[2018.06.30-20.47.07:140][  0]LogGameplayTags: Display: UGameplayTagsManager::DoneAddingNativeTags. DelegateIsBound: 0
[2018.06.30-20.47.07:140][  0]LogStats: UGameplayTagsManager::ConstructGameplayTagTree: Construct from data asset -  0.000 s
[2018.06.30-20.47.07:140][  0]LogStats: UGameplayTagsManager::ConstructGameplayTagTree: GameplayTagTreeChangedEvent.Broadcast -  0.000 s
[2018.06.30-20.47.07:394][  0]LogFileCache: Scanning file cache for directory 'E:/Projects/FPS/FPS/Content/' took 0.02s
[2018.06.30-20.47.07:457][  0]SourceControl: Source control is disabled
[2018.06.30-20.47.07:458][  0]Cmd: MAP LOAD FILE="../../../../../../../Projects/FPS/FPS/Content/Maps/Level1.umap" TEMPLATE=0 SHOWPROGRESS=1 FEATURELEVEL=3
[2018.06.30-20.47.07:458][  0]LightingResults: New page: Lighting Build
[2018.06.30-20.47.07:460][  0]MapCheck: New page: Map Check
[2018.06.30-20.47.07:461][  0]LightingResults: New page: Lighting Build
[2018.06.30-20.47.07:472][  0]LogUObjectGlobals: Destroyed PersistentFrame Addr=0x0000023d932a7790, Size=80
[2018.06.30-20.47.08:293][  0]LogAIModule: Creating AISystem for world Level1
[2018.06.30-20.47.08:319][  0]LogEditorServer: Finished looking for orphan Actors (0.000 secs)
[2018.06.30-20.47.08:333][  0]Cmd: MAP CHECKDEP NOCLEARLOG
[2018.06.30-20.47.08:395][  0]MapCheck: Map check complete: 0 Error(s), 0 Warning(s), took 60.908ms to complete.
[2018.06.30-20.47.08:395][  0]LogFileHelpers: Loading map 'Level1' took 0.937
[2018.06.30-20.47.08:561][  0]LogCollectionManager: Loaded 0 collections in 0.000870 seconds
[2018.06.30-20.47.08:610][  0]LogFileCache: Scanning file cache for directory 'E:/Projects/FPS/FPS/Saved/Collections/' took 0.01s
[2018.06.30-20.47.08:610][  0]LogFileCache: Scanning file cache for directory 'E:/Projects/FPS/FPS/Content/Developers/TomColdenhoff/Collections/' took 0.01s
[2018.06.30-20.47.08:610][  0]LogFileCache: Scanning file cache for directory 'E:/Projects/FPS/FPS/Content/Collections/' took 0.01s
[2018.06.30-20.47.08:610][  0]LogCollectionManager: Rebuilt the GUID cache for 0 collections in 0.000000 seconds
[2018.06.30-20.47.08:621][  0]LogContentBrowser: Native class hierarchy populated in 0.0105 seconds. Added 2481 classes and 565 folders.
[2018.06.30-20.47.08:628][  0]LogContentBrowser: Native class hierarchy updated for 'WidgetCarousel' in 0.0010 seconds. Added 0 classes and 0 folders.
[2018.06.30-20.47.08:667][  0]LogContentBrowser: Native class hierarchy updated for 'AddContentDialog' in 0.0011 seconds. Added 0 classes and 0 folders.
[2018.06.30-20.47.08:675][  0]LogContentBrowser: Native class hierarchy updated for 'SceneOutliner' in 0.0010 seconds. Added 1 classes and 2 folders.
[2018.06.30-20.47.09:783][  0]LogSlate: Only BGRA pngs, bmps or icos are supported in by External Image Picker
[2018.06.30-20.47.09:803][  0]LogSlate: Took 0.000199 seconds to synchronously load lazily loaded font '../../../Engine/Content/Slate/Fonts/Roboto-Regular.ttf' (155K)
[2018.06.30-20.47.09:805][  0]LogSlate: Took 0.000214 seconds to synchronously load lazily loaded font '../../../Engine/Content/Slate/Fonts/Roboto-Bold.ttf' (160K)
[2018.06.30-20.47.09:813][  0]LogSlate: Took 0.000194 seconds to synchronously load lazily loaded font '../../../Engine/Content/Editor/Slate/Fonts/FontAwesome.ttf' (139K)
[2018.06.30-20.47.09:919][  0]LogTemp: Executing iPhonePackager certificates Engine -bundlename com.YourCompany.FPS
[2018.06.30-20.47.09:919][  0]LogTemp: CWD: E:\Game Engines\Epic Games\4.19\UE_4.19\Engine\Binaries\DotNET\IOS
[2018.06.30-20.47.09:919][  0]LogTemp: Initial Dir: E:\Game Engines\Epic Games\4.19\UE_4.19
[2018.06.30-20.47.09:919][  0]LogTemp: Env CWD: E:\Game Engines\Epic Games\4.19\UE_4.19\Engine\Binaries\DotNET\IOS
[2018.06.30-20.47.09:919][  0]LogTemp: BranchPath = DESKTOP-27ERO04/E/Game Engines/Epic Games/4.19/UE_4.19/Engine/Binaries --- GameBranchPath = DESKTOP-27ERO04/E/Game Engines/Epic Games/4.19/UE_4.19/Engine/Binaries
[2018.06.30-20.47.09:919][  0]LogTemp: IPP ERROR: Could not find provision directory 'C:\Users\TomColdenhoff\AppData\Local/Apple Computer/MobileDevice/Provisioning Profiles/'.
[2018.06.30-20.47.09:920][  0]LogRenderer: Reallocating scene render targets to support 1136x532 Format 10 NumSamples 1 (Frame:1).
[2018.06.30-20.47.10:131][  0]LogContentBrowser: Native class hierarchy updated for 'HierarchicalLODOutliner' in 0.0010 seconds. Added 0 classes and 0 folders.
[2018.06.30-20.47.10:132][  0]LogLoad: (Engine Initialization) Total time: 14.38 seconds
[2018.06.30-20.47.10:132][  0]LogLoad: (Engine Initialization) Total Blueprint compile time: 0.00 seconds
[2018.06.30-20.47.10:141][  0]LogWindowsTextInputMethodSystem: Display: IME system now deactivated.
[2018.06.30-20.47.10:167][  0]LogContentStreaming: Texture pool size now 1000 MB
[2018.06.30-20.47.10:229][  1]LogAssetRegistry: Asset discovery search completed in 9.3681 seconds
[2018.06.30-20.47.10:231][  1]LogCollectionManager: Rebuilt the object cache for 0 collections in 0.000001 seconds (found 0 objects)
[2018.06.30-20.47.10:231][  1]LogCollectionManager: Fixed up redirectors for 0 collections in 0.000238 seconds (updated 0 objects)
[2018.06.30-20.47.11:494][ 92]LogSlate: FSceneViewport::OnFocusLost() reason 0
[2018.06.30-20.47.11:567][100]LogTemp: Repeating last play command: Selected Viewport
[2018.06.30-20.47.11:590][100]LogPlayLevel: PlayLevel: No blueprints needed recompiling
[2018.06.30-20.47.11:591][100]PIE: New page: PIE session: Level1 (Jul 1, 2018, 12:47:11 AM)
[2018.06.30-20.47.11:591][100]LogPlayLevel: Creating play world package: /Game/Maps/UEDPIE_0_Level1
[2018.06.30-20.47.11:611][100]LogPlayLevel: PIE: StaticDuplicateObject took: (0.019808s)
[2018.06.30-20.47.11:611][100]LogAIModule: Creating AISystem for world Level1
[2018.06.30-20.47.11:612][100]LogPlayLevel: PIE: World Init took: (0.000816s)
[2018.06.30-20.47.11:612][100]LogPlayLevel: PIE: Created PIE world by copying editor world from /Game/Maps/Level1.Level1 to /Game/Maps/UEDPIE_0_Level1.Level1 (0.021119s)
[2018.06.30-20.47.11:629][100]LogInit: XAudio2 using 'Speakers (Logitech G35 Headset)' : 2 channels at 44.1 kHz using 16 bits per sample (channel mask 0x3)
[2018.06.30-20.47.11:637][100]LogInit: FAudioDevice initialized.
[2018.06.30-20.47.11:691][100]LogUObjectGlobals: Created PersistentFrame Addr=0x0000023ddec71280, Size=128, Default__BP_InGameGUI_C Function /Game/UI/Widgets/BP_InGameGUI.BP_InGameGUI_C:ExecuteUbergraph_BP_InGameGUI
[2018.06.30-20.47.11:694][100]LogUObjectGlobals: Destroyed PersistentFrame Addr=0x0000023ddec71280, Size=128
[2018.06.30-20.47.11:694][100]LogUObjectGlobals: Created PersistentFrame Addr=0x0000023ddea3d600, Size=128, Default__BP_InGameGUI_C Function /Engine/Transient.REINST_BP_InGameGUI_C_0:ExecuteUbergraph_BP_InGameGUI
[2018.06.30-20.47.11:697][100]LogUObjectGlobals: Created PersistentFrame Addr=0x0000023ddea3d880, Size=128, Default__BP_InGameGUI_C Function /Game/UI/Widgets/BP_InGameGUI.BP_InGameGUI_C:ExecuteUbergraph_BP_InGameGUI
[2018.06.30-20.47.11:712][100]LogUObjectGlobals: Created PersistentFrame Addr=0x0000023dde2f5c70, Size=4, Default__OnGroundSlot_C Function /Game/UI/Widgets/Inventory/Ground/OnGroundSlot.OnGroundSlot_C:ExecuteUbergraph_OnGroundSlot
[2018.06.30-20.47.11:716][100]LogUObjectGlobals: Destroyed PersistentFrame Addr=0x0000023dde2f5c70, Size=4
[2018.06.30-20.47.11:716][100]LogUObjectGlobals: Created PersistentFrame Addr=0x0000023dde2f5c70, Size=4, Default__OnGroundSlot_C Function /Engine/Transient.REINST_OnGroundSlot_C_2:ExecuteUbergraph_OnGroundSlot
[2018.06.30-20.47.11:718][100]LogUObjectGlobals: Created PersistentFrame Addr=0x0000023dde2f5d78, Size=4, Default__OnGroundSlot_C Function /Game/UI/Widgets/Inventory/Ground/OnGroundSlot.OnGroundSlot_C:ExecuteUbergraph_OnGroundSlot
[2018.06.30-20.47.11:721][100]LogUObjectGlobals: Created PersistentFrame Addr=0x0000023d9fa0e340, Size=160, Default__OnGroundUI_C Function /Game/UI/Widgets/Inventory/Ground/OnGroundUI.OnGroundUI_C:ExecuteUbergraph_OnGroundUI
[2018.06.30-20.47.11:726][100]LogUObjectGlobals: Destroyed PersistentFrame Addr=0x0000023d9fa0e340, Size=160
[2018.06.30-20.47.11:726][100]LogUObjectGlobals: Created PersistentFrame Addr=0x0000023d9fa614e0, Size=160, Default__OnGroundUI_C Function /Engine/Transient.REINST_OnGroundUI_C_3:ExecuteUbergraph_OnGroundUI
[2018.06.30-20.47.11:730][100]LogUObjectGlobals: Created PersistentFrame Addr=0x0000023dfc39eac0, Size=160, Default__OnGroundUI_C Function /Game/UI/Widgets/Inventory/Ground/OnGroundUI.OnGroundUI_C:ExecuteUbergraph_OnGroundUI
[2018.06.30-20.47.11:735][100]LogUObjectGlobals: Created PersistentFrame Addr=0x0000023ddf6c0218, Size=56, Default__HandSlot_C Function /Game/UI/Widgets/Inventory/HandSlot.HandSlot_C:ExecuteUbergraph_HandSlot
[2018.06.30-20.47.11:740][100]LogUObjectGlobals: Destroyed PersistentFrame Addr=0x0000023ddf6c0218, Size=56
[2018.06.30-20.47.11:740][100]LogUObjectGlobals: Created PersistentFrame Addr=0x0000023ddf6c0218, Size=56, Default__HandSlot_C Function /Engine/Transient.REINST_HandSlot_C_4:ExecuteUbergraph_HandSlot
[2018.06.30-20.47.11:744][100]LogUObjectGlobals: Created PersistentFrame Addr=0x0000023ddf6c3e78, Size=56, Default__HandSlot_C Function /Game/UI/Widgets/Inventory/HandSlot.HandSlot_C:ExecuteUbergraph_HandSlot
[2018.06.30-20.47.11:753][100]LogUObjectGlobals: Created PersistentFrame Addr=0x0000023dfc3b1d00, Size=424, Default__Slot_C Function /Game/UI/Widgets/Inventory/Slot.Slot_C:ExecuteUbergraph_Slot
[2018.06.30-20.47.11:760][100]LogUObjectGlobals: Destroyed PersistentFrame Addr=0x0000023dfc3b1d00, Size=424
[2018.06.30-20.47.11:760][100]LogUObjectGlobals: Created PersistentFrame Addr=0x0000023dfc3b1d00, Size=424, Default__Slot_C Function /Engine/Transient.REINST_Slot_C_5:ExecuteUbergraph_Slot
[2018.06.30-20.47.11:765][100]LogUObjectGlobals: Created PersistentFrame Addr=0x0000023dfc3b0b80, Size=424, Default__Slot_C Function /Game/UI/Widgets/Inventory/Slot.Slot_C:ExecuteUbergraph_Slot
[2018.06.30-20.47.11:767][100]LogUObjectGlobals: Created PersistentFrame Addr=0x0000023df6669440, Size=40, Default__InventorySlots_C Function /Game/UI/Widgets/Inventory/InventorySlots.InventorySlots_C:ExecuteUbergraph_InventorySlots
[2018.06.30-20.47.11:788][100]LogUObjectGlobals: Destroyed PersistentFrame Addr=0x0000023df6669440, Size=40
[2018.06.30-20.47.11:788][100]LogUObjectGlobals: Created PersistentFrame Addr=0x0000023df6669440, Size=40, Default__InventorySlots_C Function /Engine/Transient.REINST_InventorySlots_C_6:ExecuteUbergraph_InventorySlots
[2018.06.30-20.47.11:796][100]LogUObjectGlobals: Created PersistentFrame Addr=0x0000023df6669198, Size=40, Default__InventorySlots_C Function /Game/UI/Widgets/Inventory/InventorySlots.InventorySlots_C:ExecuteUbergraph_InventorySlots
[2018.06.30-20.47.11:799][100]LogUObjectGlobals: Created PersistentFrame Addr=0x0000023df6668ec8, Size=40, Default__UIHUD_C Function /Game/UI/Widgets/UIHUD.UIHUD_C:ExecuteUbergraph_UIHUD
[2018.06.30-20.47.11:802][100]LogUObjectGlobals: Destroyed PersistentFrame Addr=0x0000023df6668ec8, Size=40
[2018.06.30-20.47.11:803][100]LogUObjectGlobals: Created PersistentFrame Addr=0x0000023df6668ec8, Size=40, Default__UIHUD_C Function /Engine/Transient.REINST_UIHUD_C_7:ExecuteUbergraph_UIHUD
[2018.06.30-20.47.11:805][100]LogUObjectGlobals: Created PersistentFrame Addr=0x0000023df6668ef0, Size=40, Default__UIHUD_C Function /Game/UI/Widgets/UIHUD.UIHUD_C:ExecuteUbergraph_UIHUD
[2018.06.30-20.47.11:885][100]LogLoad: Game class is 'BP_FPSGameModeBase_C'
[2018.06.30-20.47.11:895][100]LogWorld: Bringing World /Game/Maps/UEDPIE_0_Level1.Level1 up for play (max tick rate 0) at 2018.06.30-22.47.11
[2018.06.30-20.47.11:896][100]LogWorld: Bringing up level for play took: 0.010001
[2018.06.30-20.47.11:900][100]LogContentBrowser: Native class hierarchy updated for 'MovieSceneCapture' in 0.0010 seconds. Added 11 classes and 0 folders.
[2018.06.30-20.47.11:907][100]PIE: Play in editor start time for /Game/Maps/UEDPIE_0_Level1 -0.536
[2018.06.30-20.47.14:214][322]LogSlate: Took 0.000133 seconds to synchronously load lazily loaded font '../../../Engine/Content/Slate/Fonts/Roboto-Light.ttf' (167K)
[2018.06.30-20.47.15:174][407]LogTemp: Warning: There is no current weapon
[2018.06.30-20.47.15:244][413]LogTemp: Warning: There is no current weapon
[2018.06.30-20.47.15:877][467]LogTemp: Warning: There is no current weapon
[2018.06.30-20.47.18:152][668]LogTemp: Warning: There is no current weapon
[2018.06.30-20.47.19:672][801]LogOutputDevice: Warning: 

Script Stack:
HandSlot_C.OnDrop

[2018.06.30-20.47.19:672][801]LogOutputDevice: Error: Ensure condition failed: bHasBegunPlay [File:D:\Build\++UE4+Release-4.19+Compile\Sync\Engine\Source\Runtime\Engine\Private\Components\ActorComponent.cpp] [Line: 1004] 
Failed to route BeginPlay (SMG /Game/Maps/UEDPIE_0_Level1.Level1:PersistentLevel.BP_FPSPlayer_C_0.CurrentWeaponMesh)

[2018.06.30-20.47.19:672][801]LogStats:             FDebug::EnsureFailed -  0.000 s
[2018.06.30-20.47.23:041][874]LogSlate: FSceneViewport::OnFocusLost() reason 0
[2018.06.30-20.47.23:604][926]LogTemp: Warning: SMG: Added to inventory
[2018.06.30-20.47.25:788][128]LogTemp: Warning: SMG: Added to inventory
[2018.06.30-20.47.27:085][248]LogTemp: Warning: SMG: Added to inventory
[2018.06.30-20.47.29:849][493]LogSlate: FSceneViewport::OnFocusLost() reason 0
[2018.06.30-20.47.30:273][532]LogTemp: Warning: SMG: Added to inventory
[2018.06.30-20.47.32:117][694]LogUObjectGlobals: Destroyed PersistentFrame Addr=0x0000023ddea3d600, Size=128
[2018.06.30-20.47.32:118][694]LogUObjectGlobals: Destroyed PersistentFrame Addr=0x0000023dde2f5c70, Size=4
[2018.06.30-20.47.32:118][694]LogUObjectGlobals: Destroyed PersistentFrame Addr=0x0000023d9fa614e0, Size=160
[2018.06.30-20.47.32:119][694]LogUObjectGlobals: Destroyed PersistentFrame Addr=0x0000023ddf6c0218, Size=56
[2018.06.30-20.47.32:119][694]LogUObjectGlobals: Destroyed PersistentFrame Addr=0x0000023dfc3b1d00, Size=424
[2018.06.30-20.47.32:119][694]LogUObjectGlobals: Destroyed PersistentFrame Addr=0x0000023df6669440, Size=40
[2018.06.30-20.47.32:119][694]LogUObjectGlobals: Destroyed PersistentFrame Addr=0x0000023df6668ec8, Size=40
[2018.06.30-21.24.41:680][529]Candidate modules for hot reload:
[2018.06.30-21.24.41:681][529]  FPS
[2018.06.30-21.24.41:681][529]Launching UnrealBuildTool... [E:/Game Engines/Epic Games/4.19/UE_4.19/Engine/Binaries/DotNET/UnrealBuildTool.exe FPS -ModuleWithSuffix=FPS,5802 Win64 Development -editorrecompile -canskiplink "E:/Projects/FPS/FPS/FPS.uproject" ]
[2018.06.30-21.24.41:682][529]Warning: Starting HotReload took  0.0s.
[2018.06.30-21.24.52:236][426]CompilerResultsLog: New page: Compilation - Jul 1, 2018, 1:24:52 AM
[2018.06.30-21.24.52:237][426]CompilerResultsLog: Using 'git status' to determine working set for adaptive non-unity build.
[2018.06.30-21.24.52:237][426]CompilerResultsLog: Creating makefile for hot reloading FPS (ini files are newer than UBTMakefile)
[2018.06.30-21.24.52:237][426]CompilerResultsLog: Compiling game modules for hot reload
[2018.06.30-21.24.52:237][426]CompilerResultsLog: Performing 3 actions (4 in parallel)
[2018.06.30-21.24.52:237][426]CompilerResultsLog: UIComponent.cpp
[2018.06.30-21.24.52:237][426]CompilerResultsLog: [2/3] Link UE4Editor-FPS-5802.dll
[2018.06.30-21.24.52:237][426]CompilerResultsLog: [3/3] Link UE4Editor-FPS-5802.lib
[2018.06.30-21.24.52:237][426]CompilerResultsLog:    Creating library E:\Projects\FPS\FPS\Intermediate\Build\Win64\UE4Editor\Development\UE4Editor-FPS-5802.lib and object E:\Projects\FPS\FPS\Intermediate\Build\Win64\UE4Editor\Development\UE4Editor-FPS-5802.exp
[2018.06.30-21.24.52:238][426]CompilerResultsLog:    Creating library E:\Projects\FPS\FPS\Intermediate\Build\Win64\UE4Editor\Development\UE4Editor-FPS-5802.suppressed.lib and object E:\Projects\FPS\FPS\Intermediate\Build\Win64\UE4Editor\Development\UE4Editor-FPS-5802.suppressed.exp
[2018.06.30-21.24.52:238][426]CompilerResultsLog: Total build time: 10.28 seconds (Local executor: 4.54 seconds)
[2018.06.30-21.24.52:238][426]LogMainFrame: MainFrame: Module compiling took 10.563 seconds
[2018.06.30-21.24.52:321][426]LogClass: Collum HotReload.
[2018.06.30-21.24.52:321][426]LogClass: SlotImage HotReload.
[2018.06.30-21.24.52:327][426]LogHotReload: Re-instancing CoverPoint after hot-reload.
[2018.06.30-21.24.54:032][426]LogContentBrowser: Native class hierarchy updated for 'FPS' in 0.0011 seconds. Added 29 classes and 7 folders.
[2018.06.30-21.24.54:034][426]Display: HotReload successful (20 functions remapped  2 scriptstructs remapped)
[2018.06.30-21.24.54:158][426]LogContentBrowser: Native class hierarchy populated in 0.0102 seconds. Added 2482 classes and 567 folders.
[2018.06.30-21.24.54:159][426]Display: HotReload took 12.5s.
[2018.06.30-21.25.04:096][284]LogTemp: Repeating last play command: Selected Viewport
[2018.06.30-21.25.04:120][284]LogPlayLevel: PlayLevel: No blueprints needed recompiling
[2018.06.30-21.25.04:120][284]PIE: New page: PIE session: Level1 (Jul 1, 2018, 1:25:04 AM)
[2018.06.30-21.25.04:120][284]LogPlayLevel: Creating play world package: /Game/Maps/UEDPIE_0_Level1
[2018.06.30-21.25.04:140][284]LogPlayLevel: PIE: StaticDuplicateObject took: (0.019488s)
[2018.06.30-21.25.04:141][284]LogAIModule: Creating AISystem for world Level1
[2018.06.30-21.25.04:142][284]LogPlayLevel: PIE: World Init took: (0.001366s)
[2018.06.30-21.25.04:142][284]LogPlayLevel: PIE: Created PIE world by copying editor world from /Game/Maps/Level1.Level1 to /Game/Maps/UEDPIE_0_Level1.Level1 (0.021422s)
[2018.06.30-21.25.04:165][284]LogInit: XAudio2 using 'Speakers (Logitech G35 Headset)' : 2 channels at 44.1 kHz using 16 bits per sample (channel mask 0x3)
[2018.06.30-21.25.04:177][284]LogInit: FAudioDevice initialized.
[2018.06.30-21.25.04:213][284]LogLoad: Game class is 'BP_FPSGameModeBase_C'
[2018.06.30-21.25.04:223][284]LogWorld: Bringing World /Game/Maps/UEDPIE_0_Level1.Level1 up for play (max tick rate 0) at 2018.06.30-23.25.04
[2018.06.30-21.25.04:224][284]LogWorld: Bringing up level for play took: 0.010596
[2018.06.30-21.25.04:234][284]PIE: Play in editor start time for /Game/Maps/UEDPIE_0_Level1 -0.21
[2018.06.30-21.25.07:935][641]LogTemp: Warning: There is no current weapon
[2018.06.30-21.25.15:531][306]LogTemp: Warning: There is no current weapon
[2018.06.30-21.25.16:925][428]LogTemp: Warning: SMG: Added to inventory
[2018.06.30-21.25.17:514][481]LogSlate: FSceneViewport::OnFocusLost() reason 0
[2018.06.30-21.25.20:368][737]LogTemp: Warning: SMG: Added to inventory
[2018.06.30-21.25.23:247][995]LogTemp: Warning: SMG: Added to inventory
[2018.06.30-21.25.23:969][ 60]LogTemp: Warning: SMG: Added to inventory
[2018.06.30-21.25.25:429][191]LogTemp: Warning: SMG: Added to inventory
[2018.06.30-21.25.28:464][463]LogTemp: Warning: SMG: Added to inventory
[2018.06.30-21.25.30:952][679]LogTemp: Repeating last play command: Selected Viewport
[2018.06.30-21.25.30:975][679]LogPlayLevel: PlayLevel: No blueprints needed recompiling
[2018.06.30-21.25.30:975][679]PIE: New page: PIE session: Level1 (Jul 1, 2018, 1:25:30 AM)
[2018.06.30-21.25.30:975][679]LogPlayLevel: Creating play world package: /Game/Maps/UEDPIE_0_Level1
[2018.06.30-21.25.30:991][679]LogPlayLevel: PIE: StaticDuplicateObject took: (0.015268s)
[2018.06.30-21.25.30:992][679]LogAIModule: Creating AISystem for world Level1
[2018.06.30-21.25.30:992][679]LogPlayLevel: PIE: World Init took: (0.000857s)
[2018.06.30-21.25.30:992][679]LogPlayLevel: PIE: Created PIE world by copying editor world from /Game/Maps/Level1.Level1 to /Game/Maps/UEDPIE_0_Level1.Level1 (0.016638s)
[2018.06.30-21.25.31:015][679]LogInit: XAudio2 using 'Speakers (Logitech G35 Headset)' : 2 channels at 44.1 kHz using 16 bits per sample (channel mask 0x3)
[2018.06.30-21.25.31:027][679]LogInit: FAudioDevice initialized.
[2018.06.30-21.25.31:065][679]LogLoad: Game class is 'BP_FPSGameModeBase_C'
[2018.06.30-21.25.31:077][679]LogWorld: Bringing World /Game/Maps/UEDPIE_0_Level1.Level1 up for play (max tick rate 0) at 2018.06.30-23.25.31
[2018.06.30-21.25.31:078][679]LogWorld: Bringing up level for play took: 0.011990
[2018.06.30-21.25.31:085][679]PIE: Play in editor start time for /Game/Maps/UEDPIE_0_Level1 0.641
[2018.06.30-21.26.34:953][ 64]LogSlate: FSceneViewport::OnFocusLost() reason 0
[2018.06.30-21.26.35:036][ 71]Candidate modules for hot reload:
[2018.06.30-21.26.35:036][ 71]  FPS
[2018.06.30-21.26.35:036][ 71]Launching UnrealBuildTool... [E:/Game Engines/Epic Games/4.19/UE_4.19/Engine/Binaries/DotNET/UnrealBuildTool.exe FPS -ModuleWithSuffix=FPS,772 Win64 Development -editorrecompile -canskiplink "E:/Projects/FPS/FPS/FPS.uproject" ]
[2018.06.30-21.26.35:038][ 71]Warning: Starting HotReload took  0.0s.
[2018.06.30-21.26.39:811][525]CompilerResultsLog: New page: Compilation - Jul 1, 2018, 1:26:39 AM
[2018.06.30-21.26.39:811][525]CompilerResultsLog: Using 'git status' to determine working set for adaptive non-unity build.
[2018.06.30-21.26.39:812][525]CompilerResultsLog: Compiling game modules for hot reload
[2018.06.30-21.26.39:812][525]CompilerResultsLog: Performing 3 actions (4 in parallel)
[2018.06.30-21.26.39:812][525]CompilerResultsLog: UIComponent.cpp
[2018.06.30-21.26.39:812][525]CompilerResultsLog: [2/3] Link UE4Editor-FPS-772.dll
[2018.06.30-21.26.39:812][525]CompilerResultsLog: [3/3] Link UE4Editor-FPS-772.lib
[2018.06.30-21.26.39:812][525]CompilerResultsLog:    Creating library E:\Projects\FPS\FPS\Intermediate\Build\Win64\UE4Editor\Development\UE4Editor-FPS-772.lib and object E:\Projects\FPS\FPS\Intermediate\Build\Win64\UE4Editor\Development\UE4Editor-FPS-772.exp
[2018.06.30-21.26.39:812][525]CompilerResultsLog:    Creating library E:\Projects\FPS\FPS\Intermediate\Build\Win64\UE4Editor\Development\UE4Editor-FPS-772.suppressed.lib and object E:\Projects\FPS\FPS\Intermediate\Build\Win64\UE4Editor\Development\UE4Editor-FPS-772.suppressed.exp
[2018.06.30-21.26.39:812][525]CompilerResultsLog: Total build time: 4.56 seconds (Local executor: 3.93 seconds)
[2018.06.30-21.26.39:813][525]LogMainFrame: MainFrame: Module compiling took 4.781 seconds
[2018.06.30-21.26.39:895][525]LogClass: Collum HotReload.
[2018.06.30-21.26.39:895][525]LogClass: SlotImage HotReload.
[2018.06.30-21.26.39:900][525]LogHotReload: Re-instancing CoverPoint after hot-reload.
[2018.06.30-21.26.41:506][525]LogContentBrowser: Native class hierarchy updated for 'FPS' in 0.0012 seconds. Added 29 classes and 7 folders.
[2018.06.30-21.26.41:509][525]Display: HotReload successful (20 functions remapped  2 scriptstructs remapped)
[2018.06.30-21.26.41:553][525]LogContentBrowser: Native class hierarchy populated in 0.0098 seconds. Added 2482 classes and 567 folders.
[2018.06.30-21.26.41:553][525]Display: HotReload took  6.5s.
[2018.06.30-21.26.43:159][667]LogTemp: Repeating last play command: Selected Viewport
[2018.06.30-21.26.43:182][667]LogPlayLevel: PlayLevel: No blueprints needed recompiling
[2018.06.30-21.26.43:182][667]PIE: New page: PIE session: Level1 (Jul 1, 2018, 1:26:43 AM)
[2018.06.30-21.26.43:182][667]LogPlayLevel: Creating play world package: /Game/Maps/UEDPIE_0_Level1
[2018.06.30-21.26.43:199][667]LogPlayLevel: PIE: StaticDuplicateObject took: (0.016700s)
[2018.06.30-21.26.43:200][667]LogAIModule: Creating AISystem for world Level1
[2018.06.30-21.26.43:200][667]LogPlayLevel: PIE: World Init took: (0.000906s)
[2018.06.30-21.26.43:201][667]LogPlayLevel: PIE: Created PIE world by copying editor world from /Game/Maps/Level1.Level1 to /Game/Maps/UEDPIE_0_Level1.Level1 (0.018411s)
[2018.06.30-21.26.43:226][667]LogInit: XAudio2 using 'Speakers (Logitech G35 Headset)' : 2 channels at 44.1 kHz using 16 bits per sample (channel mask 0x3)
[2018.06.30-21.26.43:237][667]LogInit: FAudioDevice initialized.
[2018.06.30-21.26.43:275][667]LogLoad: Game class is 'BP_FPSGameModeBase_C'
[2018.06.30-21.26.43:284][667]LogWorld: Bringing World /Game/Maps/UEDPIE_0_Level1.Level1 up for play (max tick rate 0) at 2018.06.30-23.26.43
[2018.06.30-21.26.43:285][667]LogWorld: Bringing up level for play took: 0.009323
[2018.06.30-21.26.43:292][667]PIE: Play in editor start time for /Game/Maps/UEDPIE_0_Level1 0.848
[2018.06.30-21.26.45:543][876]LogTemp: Warning: There is no current weapon
[2018.06.30-21.26.46:017][918]LogTemp: Warning: There is no current weapon
[2018.06.30-21.26.50:452][313]LogTemp: Warning: SMG: Added to inventory
[2018.06.30-21.26.50:814][347]LogSlate: FSceneViewport::OnFocusLost() reason 0
[2018.06.30-21.26.51:434][405]LogTemp: Warning: SMG: Added to inventory
[2018.06.30-21.26.53:054][557]LogTemp: Warning: SMG: Added to inventory
[2018.06.30-21.26.54:108][656]LogTemp: Warning: SMG: Added to inventory
[2018.06.30-21.26.55:535][790]LogTemp: Warning: SMG: Added to inventory
[2018.06.30-21.26.56:781][907]LogTemp: Warning: SMG: Added to inventory
[2018.06.30-21.26.58:607][ 78]LogTemp: Warning: SMG: Added to inventory
[2018.06.30-21.27.01:559][355]LogTemp: Warning: SMG: Added to inventory
[2018.06.30-21.27.12:925][367]LogSlate: FSceneViewport::OnFocusLost() reason 0
[2018.06.30-21.27.36:830][496]LogSlate: FSceneViewport::OnFocusLost() reason 0
[2018.06.30-21.27.37:516][558]LogTemp: Warning: SMG: Added to inventory
[2018.06.30-21.28.02:954][980]LogSlate: FSceneViewport::OnFocusLost() reason 0
