Log file open, 06/08/18 10:03:40
LogWindows: Failed to load 'aqProf.dll' (GetLastError=126)
LogWindows: File 'aqProf.dll' does not exist
LogWindows: Failed to load 'VtuneApi.dll' (GetLastError=126)
LogWindows: File 'VtuneApi.dll' does not exist
LogWindows: Failed to load 'VtuneApi32e.dll' (GetLastError=126)
LogWindows: File 'VtuneApi32e.dll' does not exist
LogInit: Display: Running engine for game: FPS
LogPlatformFile: Not using cached read wrapper
LogInit: Display: RandInit(-1942957496) SRandInit(-1942957496).
LogInit: Read version file with build ID '3944462'
LogInit: Overriding engine version to CL 4033788, compatible CL 3944462
LogInit: Registered custom module enumerator with build ID '3944462'
LogTaskGraph: Started task graph with 5 named threads and 23 total threads with 3 sets of task threads.
LogStats: Stats thread started at 0.417401
LogD3D11RHI: Aftermath initialized
LogICUInternationalization: Display: ICU TimeZone Detection - Raw Offset: +1:00, Platform Override: ''
LogPluginManager: Mounting plugin Paper2D
LogPluginManager: Mounting plugin LiveLink
LogPluginManager: Mounting plugin LightPropagationVolume
LogPluginManager: Mounting plugin CLionSourceCodeAccess
LogPluginManager: Mounting plugin CodeLiteSourceCodeAccess
LogPluginManager: Mounting plugin GitSourceControl
LogPluginManager: Mounting plugin KDevelopSourceCodeAccess
LogPluginManager: Mounting plugin NullSourceCodeAccess
LogPluginManager: Mounting plugin PerforceSourceControl
LogPluginManager: Mounting plugin SubversionSourceControl
LogPluginManager: Mounting plugin UObjectPlugin
LogPluginManager: Mounting plugin VisualStudioCodeSourceCodeAccess
LogPluginManager: Mounting plugin VisualStudioSourceCodeAccess
LogPluginManager: Mounting plugin XCodeSourceCodeAccess
LogPluginManager: Mounting plugin AssetManagerEditor
LogPluginManager: Mounting plugin CryptoKeys
LogPluginManager: Mounting plugin DataValidation
LogPluginManager: Mounting plugin FacialAnimation
LogPluginManager: Mounting plugin GameplayTagsEditor
LogPluginManager: Mounting plugin MobileLauncherProfileWizard
LogPluginManager: Mounting plugin PluginBrowser
LogPluginManager: Mounting plugin SpeedTreeImporter
LogPluginManager: Mounting plugin DatasmithContent
LogPluginManager: Mounting plugin AlembicImporter
LogPluginManager: Mounting plugin CharacterAI
LogPluginManager: Mounting plugin HTML5Networking
LogPluginManager: Mounting plugin AndroidMedia
LogPluginManager: Mounting plugin AvfMedia
LogPluginManager: Mounting plugin ImgMedia
LogPluginManager: Mounting plugin LinearTimecode
LogPluginManager: Mounting plugin MediaCompositing
LogPluginManager: Mounting plugin MediaPlayerEditor
LogPluginManager: Mounting plugin WmfMedia
LogPluginManager: Mounting plugin TcpMessaging
LogPluginManager: Mounting plugin UdpMessaging
LogPluginManager: Mounting plugin ActorSequence
LogPluginManager: Mounting plugin LevelSequenceEditor
LogPluginManager: Mounting plugin MatineeToLevelSequence
LogPluginManager: Mounting plugin NetcodeUnitTest
LogPluginManager: Mounting plugin NUTUnrealEngine4
LogPluginManager: Mounting plugin OnlineSubsystemGooglePlay
LogPluginManager: Mounting plugin OnlineSubsystemIOS
LogPluginManager: Mounting plugin OnlineSubsystem
LogPluginManager: Mounting plugin OnlineSubsystemNull
LogPluginManager: Mounting plugin OnlineSubsystemUtils
LogPluginManager: Mounting plugin AndroidDeviceProfileSelector
LogPluginManager: Mounting plugin AndroidMoviePlayer
LogPluginManager: Mounting plugin AndroidPermission
LogPluginManager: Mounting plugin AppleARKit
LogPluginManager: Mounting plugin AppleMoviePlayer
LogPluginManager: Mounting plugin ArchVisCharacter
LogPluginManager: Mounting plugin AudioCapture
LogPluginManager: Mounting plugin CableComponent
LogPluginManager: Mounting plugin CustomMeshComponent
LogPluginManager: Mounting plugin ExampleDeviceProfileSelector
LogPluginManager: Mounting plugin GoogleCloudMessaging
LogPluginManager: Mounting plugin ImmediatePhysics
LogPluginManager: Mounting plugin IOSDeviceProfileSelector
LogPluginManager: Mounting plugin LinuxDeviceProfileSelector
LogPluginManager: Mounting plugin LocationServicesBPLibrary
LogPluginManager: Mounting plugin MobilePatchingUtils
LogPluginManager: Mounting plugin OculusVR
LogPluginManager: Plugin shader directory ../../../Engine/Plugins/Runtime/Oculus/OculusVR/Shaders found
LogPluginManager: Mapping shader source directory ../../../Engine/Plugins/Runtime/Oculus/OculusVR/Shaders to virtual directory /Plugin/OculusVR
LogPluginManager: Mounting plugin PhysXVehicles
LogPluginManager: Mounting plugin ProceduralMeshComponent
LogPluginManager: Mounting plugin RuntimePhysXCooking
LogPluginManager: Mounting plugin SteamVR
LogPluginManager: Mounting plugin WindowsMoviePlayer
LogPluginManager: Mounting plugin CoverPointGenerator
LogStreaming: Display: Took  0.119s to configure plugins.
LogModuleManager: Display: Found up-to-date module file ../../../../../SpareTime/Unreal/FPS/FPS/Binaries/Win64/UE4Editor-FPS.dll (API version 3944462).
LogModuleManager: Display: Found up-to-date module file ../../../Engine/Plugins/2D/Paper2D/Binaries/Win64/UE4Editor-Paper2D.dll (API version 3944462).
LogModuleManager: Display: Found up-to-date module file ../../../Engine/Plugins/2D/Paper2D/Binaries/Win64/UE4Editor-Paper2DEditor.dll (API version 3944462).
LogModuleManager: Display: Found up-to-date module file ../../../Engine/Plugins/2D/Paper2D/Binaries/Win64/UE4Editor-PaperSpriteSheetImporter.dll (API version 3944462).
LogModuleManager: Display: Found up-to-date module file ../../../Engine/Plugins/2D/Paper2D/Binaries/Win64/UE4Editor-PaperTiledImporter.dll (API version 3944462).
LogModuleManager: Display: Found up-to-date module file ../../../Engine/Plugins/2D/Paper2D/Binaries/Win64/UE4Editor-SmartSnapping.dll (API version 3944462).
LogModuleManager: Display: Found up-to-date module file ../../../Engine/Plugins/Animation/LiveLink/Binaries/Win64/UE4Editor-LiveLink.dll (API version 3944462).
LogModuleManager: Display: Found up-to-date module file ../../../Engine/Plugins/Animation/LiveLink/Binaries/Win64/UE4Editor-LiveLinkEditor.dll (API version 3944462).
LogModuleManager: Display: Found up-to-date module file ../../../Engine/Plugins/Blendables/LightPropagationVolume/Binaries/Win64/UE4Editor-LightPropagationVolumeRuntime.dll (API version 3944462).
LogModuleManager: Display: Found up-to-date module file ../../../Engine/Plugins/Blendables/LightPropagationVolume/Binaries/Win64/UE4Editor-LightPropagationVolumeEditor.dll (API version 3944462).
LogModuleManager: Display: Found up-to-date module file ../../../Engine/Plugins/Developer/CLionSourceCodeAccess/Binaries/Win64/UE4Editor-CLionSourceCodeAccess.dll (API version 3944462).
LogModuleManager: Display: Found up-to-date module file ../../../Engine/Plugins/Developer/GitSourceControl/Binaries/Win64/UE4Editor-GitSourceControl.dll (API version 3944462).
LogModuleManager: Display: Found up-to-date module file ../../../Engine/Plugins/Developer/PerforceSourceControl/Binaries/Win64/UE4Editor-PerforceSourceControl.dll (API version 3944462).
LogModuleManager: Display: Found up-to-date module file ../../../Engine/Plugins/Developer/SubversionSourceControl/Binaries/Win64/UE4Editor-SubversionSourceControl.dll (API version 3944462).
LogModuleManager: Display: Found up-to-date module file ../../../Engine/Plugins/Developer/UObjectPlugin/Binaries/Win64/UE4Editor-UObjectPlugin.dll (API version 3944462).
LogModuleManager: Display: Found up-to-date module file ../../../Engine/Plugins/Developer/VisualStudioCodeSourceCodeAccess/Binaries/Win64/UE4Editor-VisualStudioCodeSourceCodeAccess.dll (API version 3944462).
LogModuleManager: Display: Found up-to-date module file ../../../Engine/Plugins/Developer/VisualStudioSourceCodeAccess/Binaries/Win64/UE4Editor-VisualStudioSourceCodeAccess.dll (API version 3944462).
LogModuleManager: Display: Found up-to-date module file ../../../Engine/Plugins/Editor/AssetManagerEditor/Binaries/Win64/UE4Editor-AssetManagerEditor.dll (API version 3944462).
LogModuleManager: Display: Found up-to-date module file ../../../Engine/Plugins/Editor/CryptoKeys/Binaries/Win64/UE4Editor-CryptoKeys.dll (API version 3944462).
LogModuleManager: Display: Found up-to-date module file ../../../Engine/Plugins/Editor/CryptoKeys/Binaries/Win64/UE4Editor-CryptoKeysOpenSSL.dll (API version 3944462).
LogModuleManager: Display: Found up-to-date module file ../../../Engine/Plugins/Editor/DataValidation/Binaries/Win64/UE4Editor-DataValidation.dll (API version 3944462).
LogModuleManager: Display: Found up-to-date module file ../../../Engine/Plugins/Editor/FacialAnimation/Binaries/Win64/UE4Editor-FacialAnimation.dll (API version 3944462).
LogModuleManager: Display: Found up-to-date module file ../../../Engine/Plugins/Editor/FacialAnimation/Binaries/Win64/UE4Editor-FacialAnimationEditor.dll (API version 3944462).
LogModuleManager: Display: Found up-to-date module file ../../../Engine/Plugins/Editor/GameplayTagsEditor/Binaries/Win64/UE4Editor-GameplayTagsEditor.dll (API version 3944462).
LogModuleManager: Display: Found up-to-date module file ../../../Engine/Plugins/Editor/MobileLauncherProfileWizard/Binaries/Win64/UE4Editor-MobileLauncherProfileWizard.dll (API version 3944462).
LogModuleManager: Display: Found up-to-date module file ../../../Engine/Plugins/Editor/PluginBrowser/Binaries/Win64/UE4Editor-PluginBrowser.dll (API version 3944462).
LogModuleManager: Display: Found up-to-date module file ../../../Engine/Plugins/Editor/SpeedTreeImporter/Binaries/Win64/UE4Editor-SpeedTreeImporter.dll (API version 3944462).
LogModuleManager: Display: Found up-to-date module file ../../../Engine/Plugins/Enterprise/DatasmithContent/Binaries/Win64/UE4Editor-DatasmithContent.dll (API version 3944462).
LogModuleManager: Display: Found up-to-date module file ../../../Engine/Plugins/Experimental/AlembicImporter/Binaries/Win64/UE4Editor-AlembicImporter.dll (API version 3944462).
LogModuleManager: Display: Found up-to-date module file ../../../Engine/Plugins/Experimental/AlembicImporter/Binaries/Win64/UE4Editor-AlembicLibrary.dll (API version 3944462).
LogModuleManager: Display: Found up-to-date module file ../../../Engine/Plugins/Experimental/CharacterAI/Binaries/Win64/UE4Editor-CharacterAI.dll (API version 3944462).
LogModuleManager: Display: Found up-to-date module file ../../../Engine/Plugins/Experimental/HTML5Networking/Binaries/Win64/UE4Editor-HTML5Networking.dll (API version 3944462).
LogModuleManager: Display: Found up-to-date module file ../../../Engine/Plugins/Media/AndroidMedia/Binaries/Win64/UE4Editor-AndroidMediaEditor.dll (API version 3944462).
LogModuleManager: Display: Found up-to-date module file ../../../Engine/Plugins/Media/AndroidMedia/Binaries/Win64/UE4Editor-AndroidMediaFactory.dll (API version 3944462).
LogModuleManager: Display: Found up-to-date module file ../../../Engine/Plugins/Media/AvfMedia/Binaries/Win64/UE4Editor-AvfMediaEditor.dll (API version 3944462).
LogModuleManager: Display: Found up-to-date module file ../../../Engine/Plugins/Media/AvfMedia/Binaries/Win64/UE4Editor-AvfMediaFactory.dll (API version 3944462).
LogModuleManager: Display: Found up-to-date module file ../../../Engine/Plugins/Media/AvfMedia/Binaries/Win64/UE4Editor-AvfMediaFactory.dll (API version 3944462).
LogModuleManager: Display: Found up-to-date module file ../../../Engine/Plugins/Media/ImgMedia/Binaries/Win64/UE4Editor-ImgMedia.dll (API version 3944462).
LogModuleManager: Display: Found up-to-date module file ../../../Engine/Plugins/Media/ImgMedia/Binaries/Win64/UE4Editor-ImgMediaEditor.dll (API version 3944462).
LogModuleManager: Display: Found up-to-date module file ../../../Engine/Plugins/Media/ImgMedia/Binaries/Win64/UE4Editor-ImgMediaFactory.dll (API version 3944462).
LogModuleManager: Display: Found up-to-date module file ../../../Engine/Plugins/Media/ImgMedia/Binaries/Win64/UE4Editor-ImgMediaFactory.dll (API version 3944462).
LogModuleManager: Display: Found up-to-date module file ../../../Engine/Plugins/Media/ImgMedia/Binaries/Win64/UE4Editor-OpenExrWrapper.dll (API version 3944462).
LogModuleManager: Display: Found up-to-date module file ../../../Engine/Plugins/Media/LinearTimecode/Binaries/Win64/UE4Editor-LinearTimecode.dll (API version 3944462).
LogModuleManager: Display: Found up-to-date module file ../../../Engine/Plugins/Media/MediaCompositing/Binaries/Win64/UE4Editor-MediaCompositing.dll (API version 3944462).
LogModuleManager: Display: Found up-to-date module file ../../../Engine/Plugins/Media/MediaCompositing/Binaries/Win64/UE4Editor-MediaCompositingEditor.dll (API version 3944462).
LogModuleManager: Display: Found up-to-date module file ../../../Engine/Plugins/Media/MediaPlayerEditor/Binaries/Win64/UE4Editor-MediaPlayerEditor.dll (API version 3944462).
LogModuleManager: Display: Found up-to-date module file ../../../Engine/Plugins/Media/WmfMedia/Binaries/Win64/UE4Editor-WmfMedia.dll (API version 3944462).
LogModuleManager: Display: Found up-to-date module file ../../../Engine/Plugins/Media/WmfMedia/Binaries/Win64/UE4Editor-WmfMediaEditor.dll (API version 3944462).
LogModuleManager: Display: Found up-to-date module file ../../../Engine/Plugins/Media/WmfMedia/Binaries/Win64/UE4Editor-WmfMediaFactory.dll (API version 3944462).
LogModuleManager: Display: Found up-to-date module file ../../../Engine/Plugins/Media/WmfMedia/Binaries/Win64/UE4Editor-WmfMediaFactory.dll (API version 3944462).
LogModuleManager: Display: Found up-to-date module file ../../../Engine/Plugins/Messaging/TcpMessaging/Binaries/Win64/UE4Editor-TcpMessaging.dll (API version 3944462).
LogModuleManager: Display: Found up-to-date module file ../../../Engine/Plugins/Messaging/UdpMessaging/Binaries/Win64/UE4Editor-UdpMessaging.dll (API version 3944462).
LogModuleManager: Display: Found up-to-date module file ../../../Engine/Plugins/MovieScene/ActorSequence/Binaries/Win64/UE4Editor-ActorSequence.dll (API version 3944462).
LogModuleManager: Display: Found up-to-date module file ../../../Engine/Plugins/MovieScene/LevelSequenceEditor/Binaries/Win64/UE4Editor-LevelSequenceEditor.dll (API version 3944462).
LogModuleManager: Display: Found up-to-date module file ../../../Engine/Plugins/MovieScene/MatineeToLevelSequence/Binaries/Win64/UE4Editor-MatineeToLevelSequence.dll (API version 3944462).
LogModuleManager: Display: Found up-to-date module file ../../../Engine/Plugins/NetcodeUnitTest/NetcodeUnitTest/Binaries/Win64/UE4Editor-NetcodeUnitTest.dll (API version 3944462).
LogModuleManager: Display: Found up-to-date module file ../../../Engine/Plugins/NetcodeUnitTest/NUTUnrealEngine4/Binaries/Win64/UE4Editor-NUTUnrealEngine4.dll (API version 3944462).
LogModuleManager: Display: Found up-to-date module file ../../../Engine/Plugins/Online/OnlineSubsystem/Binaries/Win64/UE4Editor-OnlineSubsystem.dll (API version 3944462).
LogModuleManager: Display: Found up-to-date module file ../../../Engine/Plugins/Online/OnlineSubsystemNull/Binaries/Win64/UE4Editor-OnlineSubsystemNull.dll (API version 3944462).
LogModuleManager: Display: Found up-to-date module file ../../../Engine/Plugins/Online/OnlineSubsystemUtils/Binaries/Win64/UE4Editor-OnlineSubsystemUtils.dll (API version 3944462).
LogModuleManager: Display: Found up-to-date module file ../../../Engine/Plugins/Online/OnlineSubsystemUtils/Binaries/Win64/UE4Editor-OnlineBlueprintSupport.dll (API version 3944462).
LogModuleManager: Display: Found up-to-date module file ../../../Engine/Plugins/Runtime/AndroidDeviceProfileSelector/Binaries/Win64/UE4Editor-AndroidDeviceProfileSelector.dll (API version 3944462).
LogModuleManager: Display: Found up-to-date module file ../../../Engine/Plugins/Runtime/AndroidPermission/Binaries/Win64/UE4Editor-AndroidPermission.dll (API version 3944462).
LogModuleManager: Display: Found up-to-date module file ../../../Engine/Plugins/Runtime/AppleARKit/Binaries/Win64/UE4Editor-AppleARKit.dll (API version 3944462).
LogModuleManager: Display: Found up-to-date module file ../../../Engine/Plugins/Runtime/ArchVisCharacter/Binaries/Win64/UE4Editor-ArchVisCharacter.dll (API version 3944462).
LogModuleManager: Display: Found up-to-date module file ../../../Engine/Plugins/Runtime/AudioCapture/Binaries/Win64/UE4Editor-AudioCapture.dll (API version 3944462).
LogModuleManager: Display: Found up-to-date module file ../../../Engine/Plugins/Runtime/AudioCapture/Binaries/Win64/UE4Editor-AudioCaptureEditor.dll (API version 3944462).
LogModuleManager: Display: Found up-to-date module file ../../../Engine/Plugins/Runtime/CableComponent/Binaries/Win64/UE4Editor-CableComponent.dll (API version 3944462).
LogModuleManager: Display: Found up-to-date module file ../../../Engine/Plugins/Runtime/CustomMeshComponent/Binaries/Win64/UE4Editor-CustomMeshComponent.dll (API version 3944462).
LogModuleManager: Display: Found up-to-date module file ../../../Engine/Plugins/Runtime/ExampleDeviceProfileSelector/Binaries/Win64/UE4Editor-ExampleDeviceProfileSelector.dll (API version 3944462).
LogModuleManager: Display: Found up-to-date module file ../../../Engine/Plugins/Runtime/ImmediatePhysics/Binaries/Win64/UE4Editor-ImmediatePhysics.dll (API version 3944462).
LogModuleManager: Display: Found up-to-date module file ../../../Engine/Plugins/Runtime/ImmediatePhysics/Binaries/Win64/UE4Editor-ImmediatePhysicsEditor.dll (API version 3944462).
LogModuleManager: Display: Found up-to-date module file ../../../Engine/Plugins/Runtime/LocationServicesBPLibrary/Binaries/Win64/UE4Editor-LocationServicesBPLibrary.dll (API version 3944462).
LogModuleManager: Display: Found up-to-date module file ../../../Engine/Plugins/Runtime/MobilePatchingUtils/Binaries/Win64/UE4Editor-MobilePatchingUtils.dll (API version 3944462).
LogModuleManager: Display: Found up-to-date module file ../../../Engine/Plugins/Runtime/Oculus/OculusVR/Binaries/Win64/UE4Editor-OculusHMD.dll (API version 3944462).
LogModuleManager: Display: Found up-to-date module file ../../../Engine/Plugins/Runtime/Oculus/OculusVR/Binaries/Win64/UE4Editor-OculusInput.dll (API version 3944462).
LogModuleManager: Display: Found up-to-date module file ../../../Engine/Plugins/Runtime/Oculus/OculusVR/Binaries/Win64/UE4Editor-OculusEditor.dll (API version 3944462).
LogModuleManager: Display: Found up-to-date module file ../../../Engine/Plugins/Runtime/PhysXVehicles/Binaries/Win64/UE4Editor-PhysXVehicles.dll (API version 3944462).
LogModuleManager: Display: Found up-to-date module file ../../../Engine/Plugins/Runtime/PhysXVehicles/Binaries/Win64/UE4Editor-PhysXVehiclesEditor.dll (API version 3944462).
LogModuleManager: Display: Found up-to-date module file ../../../Engine/Plugins/Runtime/ProceduralMeshComponent/Binaries/Win64/UE4Editor-ProceduralMeshComponent.dll (API version 3944462).
LogModuleManager: Display: Found up-to-date module file ../../../Engine/Plugins/Runtime/ProceduralMeshComponent/Binaries/Win64/UE4Editor-ProceduralMeshComponentEditor.dll (API version 3944462).
LogModuleManager: Display: Found up-to-date module file ../../../Engine/Plugins/Runtime/RuntimePhysXCooking/Binaries/Win64/UE4Editor-RuntimePhysXCooking.dll (API version 3944462).
LogModuleManager: Display: Found up-to-date module file ../../../Engine/Plugins/Runtime/Steam/SteamVR/Binaries/Win64/UE4Editor-SteamVR.dll (API version 3944462).
LogModuleManager: Display: Found up-to-date module file ../../../Engine/Plugins/Runtime/Steam/SteamVR/Binaries/Win64/UE4Editor-SteamVRController.dll (API version 3944462).
LogModuleManager: Display: Found up-to-date module file ../../../Engine/Plugins/Runtime/WindowsMoviePlayer/Binaries/Win64/UE4Editor-WindowsMoviePlayer.dll (API version 3944462).
LogModuleManager: Display: Found up-to-date module file ../../../../../SpareTime/Unreal/FPS/FPS/Plugins/CoverPointGenerator/Binaries/Win64/UE4Editor-CoverPointGenerator.dll (API version 3944462).
LogInit: Using libcurl 7.47.1
LogInit:  - built for x86_64-pc-win32
LogInit:  - supports SSL with OpenSSL/1.0.2g
LogInit:  - supports HTTP deflate (compression) using libz 1.2.8
LogInit:  - other features:
LogInit:      CURL_VERSION_SSL
LogInit:      CURL_VERSION_LIBZ
LogInit:      CURL_VERSION_IPV6
LogInit:      CURL_VERSION_ASYNCHDNS
LogInit:      CURL_VERSION_LARGEFILE
LogInit:      CURL_VERSION_IDN
LogInit:  CurlRequestOptions (configurable via config and command line):
LogInit:  - bVerifyPeer = false  - Libcurl will NOT verify peer certificate
LogInit:  - bUseHttpProxy = false  - Libcurl will NOT use HTTP proxy
LogInit:  - bDontReuseConnections = false  - Libcurl will reuse connections
LogInit:  - CertBundlePath = nullptr  - Libcurl will use whatever was configured at build time.
LogInit:  - MaxHostConnections = 16  - Libcurl will limit the number of connections to a host
LogInit:  - LocalHostAddr = Default
LogInit: WinSock: version 1.1 (2.2), MaxSocks=32767, MaxUdp=65467
LogInit: WinSock: I am Tom-Laptop (10.52.88.121:0)
LogInit: Build: ++UE4+Release-4.19-CL-4033788
LogInit: Engine Version: 4.19.2-4033788+++UE4+Release-4.19
LogInit: Compatible Engine Version: 4.19.0-3944462+++UE4+Release-4.19
LogInit: Net CL: 3944462
LogDevObjectVersion: Number of dev versions registered: 18
LogDevObjectVersion:   Dev-Blueprints (B0D832E4-1F89-4F0D-ACCF-7EB736FD4AA2): 10
LogDevObjectVersion:   Dev-Build (E1C64328-A22C-4D53-A36C-8E866417BD8C): 0
LogDevObjectVersion:   Dev-Core (375EC13C-06E4-48FB-B500-84F0262A717E): 2
LogDevObjectVersion:   Dev-Editor (E4B068ED-F494-42E9-A231-DA0B2E46BB41): 23
LogDevObjectVersion:   Dev-Framework (CFFC743F-43B0-4480-9391-14DF171D2073): 33
LogDevObjectVersion:   Dev-Mobile (B02B49B5-BB20-44E9-A304-32B752E40360): 2
LogDevObjectVersion:   Dev-Networking (A4E4105C-59A1-49B5-A7C5-40C4547EDFEE): 0
LogDevObjectVersion:   Dev-Online (39C831C9-5AE6-47DC-9A44-9C173E1C8E7C): 0
LogDevObjectVersion:   Dev-Physics (78F01B33-EBEA-4F98-B9B4-84EACCB95AA2): 0
LogDevObjectVersion:   Dev-Platform (6631380F-2D4D-43E0-8009-CF276956A95A): 0
LogDevObjectVersion:   Dev-Rendering (12F88B9F-8875-4AFC-A67C-D90C383ABD29): 25
LogDevObjectVersion:   Dev-Sequencer (7B5AE74C-D270-4C10-A958-57980B212A5A): 6
LogDevObjectVersion:   Dev-VR (D7296918-1DD6-4BDD-9DE2-64A83CC13884): 1
LogDevObjectVersion:   Dev-LoadTimes (C2A15278-BFE7-4AFE-6C17-90FF531DF755): 1
LogDevObjectVersion:   Private-Geometry (6EACA3D4-40EC-4CC1-B786-8BED09428FC5): 2
LogDevObjectVersion:   Dev-AnimPhys (29E575DD-E0A3-4627-9D10-D276232CDCEA): 16
LogDevObjectVersion:   Dev-ReflectionCapture (6B266CEC-1EC7-4B8F-A30B-E4D90942FC07): 1
LogDevObjectVersion:   Dev-Automation (0DF73D61-A23F-47EA-B727-89E90C41499A): 1
LogInit: Compiled (64-bit): Apr 27 2018 02:06:57
LogInit: Compiled with Visual C++: 19.00.24215.01
LogInit: Build Configuration: Development
LogInit: Branch Name: ++UE4+Release-4.19
LogInit: Command Line:  -skipcompile
LogInit: Base Directory: D:/Epic Games/UE_4.19/Engine/Binaries/Win64/
LogInit: Installed Engine Build: 1
LogStreaming: Display: Took  0.002s to delete old logs.
LogInit: Presizing for max 8388607 objects, including 0 objects not considered by GC, pre-allocating 0 bytes for permanent pool.
LogInit: Object subsystem initialized
[2018.06.08-08.03.42:190][  0]LogInit: Selected Device Profile: [Windows]
[2018.06.08-08.03.42:191][  0]LogInit: Applying CVar settings loaded from the selected device profile: [Windows]
[2018.06.08-08.03.42:203][  0]LogInit: Computer: TOM-LAPTOP
[2018.06.08-08.03.42:203][  0]LogInit: User: tomco
[2018.06.08-08.03.42:203][  0]LogInit: CPU Page size=4096, Cores=4
[2018.06.08-08.03.42:203][  0]LogInit: High frequency timer resolution =2.531251 MHz
[2018.06.08-08.03.42:204][  0]LogMemory: Memory total: Physical=7.9GB (8GB approx)
[2018.06.08-08.03.42:204][  0]LogMemory: Platform Memory Stats for Windows
[2018.06.08-08.03.42:204][  0]LogMemory: Process Physical Memory: 275.39 MB used, 275.39 MB peak
[2018.06.08-08.03.42:204][  0]LogMemory: Process Virtual Memory: 265.16 MB used, 265.16 MB peak
[2018.06.08-08.03.42:204][  0]LogMemory: Physical Memory: 5803.59 MB used,  2286.94 MB free, 8090.52 MB total
[2018.06.08-08.03.42:204][  0]LogMemory: Virtual Memory: 4794.24 MB used,  2286.94 MB free, 134217728.00 MB total
[2018.06.08-08.03.42:287][  0]LogInit: Using OS detected language (en-US).
[2018.06.08-08.03.42:287][  0]LogInit: Using OS detected locale (en-US).
[2018.06.08-08.03.42:302][  0]LogTextLocalizationManager: No specific localization for 'en-US' exists, so the 'en' localization will be used.
[2018.06.08-08.03.42:823][  0]LogStreaming: Display: Took  0.536s to EndInitTextLocalization.
[2018.06.08-08.03.42:824][  0]LogInit: Setting process to per monitor DPI aware
[2018.06.08-08.03.42:912][  0]LogSlate: New Slate User Created.  User Index 0, Is Virtual User: 0
[2018.06.08-08.03.42:913][  0]LogSlate: Slate User Registered.  User Index 0, Is Virtual User: 0
[2018.06.08-08.03.43:432][  0]LogD3D11RHI: D3D11 adapters:
[2018.06.08-08.03.43:526][  0]LogD3D11RHI:    0. 'NVIDIA GeForce GTX 960M' (Feature Level 11_0)
[2018.06.08-08.03.43:526][  0]LogD3D11RHI:       2019/0/4045 MB DedicatedVideo/DedicatedSystem/SharedSystem, Outputs:1, VendorId:0x10de
[2018.06.08-08.03.43:549][  0]LogD3D11RHI:    1. 'Intel(R) HD Graphics 530' (Feature Level 11_0)
[2018.06.08-08.03.43:549][  0]LogD3D11RHI:       128/0/4045 MB DedicatedVideo/DedicatedSystem/SharedSystem, Outputs:0, VendorId:0x8086
[2018.06.08-08.03.43:557][  0]LogD3D11RHI:    2. 'Microsoft Basic Render Driver' (Feature Level 11_0)
[2018.06.08-08.03.43:557][  0]LogD3D11RHI:       0/0/4045 MB DedicatedVideo/DedicatedSystem/SharedSystem, Outputs:0, VendorId:0x1414
[2018.06.08-08.03.43:557][  0]LogD3D11RHI: Chosen D3D11 Adapter: 0
[2018.06.08-08.03.43:579][  0]LogD3D11RHI: Creating new Direct3DDevice
[2018.06.08-08.03.43:579][  0]LogD3D11RHI:     GPU DeviceId: 0x139b (for the marketing name, search the web for "GPU Device Id")
[2018.06.08-08.03.43:579][  0]LogWindows: EnumDisplayDevices:
[2018.06.08-08.03.43:580][  0]LogWindows:    0. 'Intel(R) HD Graphics 530' (P:1 D:1)
[2018.06.08-08.03.43:580][  0]LogWindows:    1. 'Intel(R) HD Graphics 530' (P:0 D:0)
[2018.06.08-08.03.43:581][  0]LogWindows:    2. 'Intel(R) HD Graphics 530' (P:0 D:0)
[2018.06.08-08.03.43:581][  0]LogWindows: DebugString: GetVideoDriverDetailsInvalid PrimaryIsNotTheChoosenAdapter GetVideoDriverDetailsInvalid PrimaryIsNotTheChoosenAdapter GetVideoDriverDetailsInvalid PrimaryIsNotTheChoosenAdapter FoundDriverCount:0 
[2018.06.08-08.03.43:581][  0]LogD3D11RHI:     Adapter Name: NVIDIA GeForce GTX 960M
[2018.06.08-08.03.43:581][  0]LogD3D11RHI:   Driver Version: Unknown (internal:Unknown, unified:Unknown)
[2018.06.08-08.03.43:581][  0]LogD3D11RHI:      Driver Date: Unknown
[2018.06.08-08.03.43:581][  0]LogRHI: Texture pool is 1413 MB (70% of 2019 MB)
[2018.06.08-08.03.43:613][  0]LogD3D11RHI: [Aftermath] Aftermath enabled but failed to initialize
[2018.06.08-08.03.43:613][  0]LogD3D11RHI: [Aftermath] Aftermath enabled and primed
[2018.06.08-08.03.43:613][  0]LogD3D11RHI: Async texture creation enabled
[2018.06.08-08.03.43:625][  0]LogD3D11RHI: GPU Timing Frequency: 1000.000000 (Debug: 2 1)
[2018.06.08-08.03.43:627][  0]LogShaderCompilers: Guid format shader working directory is 6 characters bigger than the processId version (../../../../../SpareTime/Unreal/FPS/FPS/Intermediate/Shaders/WorkingDirectory/21268/).
[2018.06.08-08.03.43:627][  0]LogShaderCompilers: Cleaned the shader compiler working directory 'C:/Users/tomco/AppData/Local/Temp/UnrealShaderWorkingDir/A0A748D74E709294D43900A5D82FE4FD/'.
[2018.06.08-08.03.43:910][  0]LogTemp: Display: Loaded TP AllDesktopTargetPlatform
[2018.06.08-08.03.43:927][  0]LogTemp: Display: Loaded TP MacClientTargetPlatform
[2018.06.08-08.03.43:947][  0]LogTemp: Display: Loaded TP MacNoEditorTargetPlatform
[2018.06.08-08.03.43:964][  0]LogTemp: Display: Loaded TP MacServerTargetPlatform
[2018.06.08-08.03.43:982][  0]LogTemp: Display: Loaded TP MacTargetPlatform
[2018.06.08-08.03.44:002][  0]LogTemp: Display: Loaded TP WindowsClientTargetPlatform
[2018.06.08-08.03.44:026][  0]LogTemp: Display: Loaded TP WindowsNoEditorTargetPlatform
[2018.06.08-08.03.44:043][  0]LogTemp: Display: Loaded TP WindowsServerTargetPlatform
[2018.06.08-08.03.44:055][  0]LogTemp: Display: Loaded TP WindowsTargetPlatform
[2018.06.08-08.03.44:071][  0]LogTemp: Display: Loaded TP Android_ASTCTargetPlatform
[2018.06.08-08.03.44:087][  0]LogTemp: Display: Loaded TP Android_ATCTargetPlatform
[2018.06.08-08.03.44:104][  0]LogTemp: Display: Loaded TP Android_DXTTargetPlatform
[2018.06.08-08.03.44:122][  0]LogTemp: Display: Loaded TP Android_ETC1aTargetPlatform
[2018.06.08-08.03.44:138][  0]LogTemp: Display: Loaded TP Android_ETC1TargetPlatform
[2018.06.08-08.03.44:155][  0]LogTemp: Display: Loaded TP Android_ETC2TargetPlatform
[2018.06.08-08.03.44:190][  0]LogTemp: Display: Loaded TP Android_MultiTargetPlatform
[2018.06.08-08.03.44:190][  0]LogTemp: Display: Loaded TP Android_PVRTCTargetPlatform
[2018.06.08-08.03.44:209][  0]LogTemp: Display: Loaded TP AndroidTargetPlatform
[2018.06.08-08.03.44:214][  0]LogTemp: Display: Loaded TP HTML5TargetPlatform
[2018.06.08-08.03.44:271][  0]LogTemp: Display: Loaded TP IOSTargetPlatform
[2018.06.08-08.03.44:288][  0]LogTemp: Display: Loaded TP TVOSTargetPlatform
[2018.06.08-08.03.44:305][  0]LogTemp: Display: Loaded TP LinuxClientTargetPlatform
[2018.06.08-08.03.44:321][  0]LogTemp: Display: Loaded TP LinuxNoEditorTargetPlatform
[2018.06.08-08.03.44:338][  0]LogTemp: Display: Loaded TP LinuxServerTargetPlatform
[2018.06.08-08.03.44:358][  0]LogTemp: Display: Loaded TP LinuxTargetPlatform
[2018.06.08-08.03.44:359][  0]LogTargetPlatformManager: Display: Building Assets For Windows
[2018.06.08-08.03.44:570][  0]LogXGEController: Cleaning working directory: C:/Users/tomco/AppData/Local/Temp/UnrealXGEWorkingDir/
[2018.06.08-08.03.44:571][  0]LogXGEController: Cannot use XGE Controller as Incredibuild is not installed on this machine.
[2018.06.08-08.03.44:571][  0]LogShaderCompilers: Cannot use XGE Shader Compiler as Incredibuild is not installed on this machine.
[2018.06.08-08.03.44:571][  0]LogShaderCompilers: Display: Using Local Shader Compiler.
[2018.06.08-08.03.45:456][  0]LogDerivedDataCache: Display: Max Cache Size: 512 MB
[2018.06.08-08.03.45:818][  0]LogDerivedDataCache: Loaded boot cache 0.36s 76MB C:/Users/tomco/AppData/Local/UnrealEngine/4.19/DerivedDataCache/Boot.ddc.
[2018.06.08-08.03.45:819][  0]LogDerivedDataCache: Display: Loaded Boot cache: C:/Users/tomco/AppData/Local/UnrealEngine/4.19/DerivedDataCache/Boot.ddc
[2018.06.08-08.03.45:819][  0]LogDerivedDataCache: FDerivedDataBackendGraph:  Pak pak cache file ../../../../../SpareTime/Unreal/FPS/FPS/DerivedDataCache/DDC.ddp not found, will not use a pak cache.
[2018.06.08-08.03.45:819][  0]LogDerivedDataCache: Unable to find inner node Pak for hierarchical cache Hierarchy.
[2018.06.08-08.03.45:819][  0]LogDerivedDataCache: FDerivedDataBackendGraph:  CompressedPak pak cache file ../../../../../SpareTime/Unreal/FPS/FPS/DerivedDataCache/Compressed.ddp not found, will not use a pak cache.
[2018.06.08-08.03.45:820][  0]LogDerivedDataCache: Unable to find inner node CompressedPak for hierarchical cache Hierarchy.
[2018.06.08-08.03.45:839][  0]LogDerivedDataCache: Display: Pak cache opened for reading ../../../Engine/DerivedDataCache/Compressed.ddp.
[2018.06.08-08.03.45:854][  0]LogDerivedDataCache: Using Local data cache path C:/Users/tomco/AppData/Local/UnrealEngine/Common/DerivedDataCache: Writable
[2018.06.08-08.03.45:854][  0]LogDerivedDataCache: Shared data cache path not found in *engine.ini, will not use an Shared cache.
[2018.06.08-08.03.45:854][  0]LogDerivedDataCache: Unable to find inner node Shared for hierarchical cache Hierarchy.
[2018.06.08-08.03.45:867][  0]LogMaterial: Verifying Global Shaders for PCD3D_SM5
[2018.06.08-08.03.45:868][  0]LogSlate: Using Freetype 2.6.0
[2018.06.08-08.03.45:871][  0]LogSlate: SlateFontCache - WITH_FREETYPE: 1, WITH_HARFBUZZ: 1
[2018.06.08-08.03.45:872][  0]LogSlate: SlateFontCache - WITH_FREETYPE: 1, WITH_HARFBUZZ: 1
[2018.06.08-08.03.46:392][  0]LogAssetRegistry: FAssetRegistry took 0.0304 seconds to start up
[2018.06.08-08.03.46:812][  0]LogInit: Selected Device Profile: [Windows]
[2018.06.08-08.03.47:011][  0]LogSimplygon: Simplygon DLL not present - disabling.
[2018.06.08-08.03.47:017][  0]LogMeshReduction: Using SimplygonSwarm for distributed automatic mesh merging
[2018.06.08-08.03.47:017][  0]LogMeshReduction: Using QuadricMeshReduction for automatic static mesh reduction
[2018.06.08-08.03.47:017][  0]LogMeshReduction: No automatic skeletal mesh reduction module available
[2018.06.08-08.03.47:017][  0]LogMeshReduction: No automatic mesh merging module available
[2018.06.08-08.03.47:017][  0]LogMeshMerging: No automatic mesh merging module available
[2018.06.08-08.03.47:049][  0]LogNetVersion: FPS , NetCL: 3944462, EngineNetVer: 2, GameNetVer: 0 (Checksum: 2326512385)
[2018.06.08-08.03.47:567][  0]LogPackageLocalizationCache: Processed 9 localized package path(s) for 2 prioritized culture(s) in 0.082302 seconds
[2018.06.08-08.03.47:574][  0]LogUObjectArray: 36728 objects as part of root set at end of initial load.
[2018.06.08-08.03.47:574][  0]LogUObjectAllocator: 7314312 out of 0 bytes used by permanent object pool.
[2018.06.08-08.03.47:574][  0]LogUObjectArray: CloseDisregardForGC: 0/0 objects in disregard for GC pool
[2018.06.08-08.03.50:780][  0]LogTcpMessaging: Initializing TcpMessaging bridge
[2018.06.08-08.03.50:812][  0]LogUdpMessaging: Initializing bridge on interface 0.0.0.0:0 to multicast group 230.0.0.1:6666.
[2018.06.08-08.03.51:170][  0]LogSkeletalMesh: Skeletal Mesh found in DDC [3.359604ms] /Game/Models/Player/Arms/Arms_SMG.Arms_SMG
[2018.06.08-08.03.51:197][  0]LogUObjectGlobals: Created PersistentFrame Addr=0x000001bfdc74a520, Size=80, Default__BP_SMGAnim_C Function /Game/Animations/SMG/BP_SMGAnim.BP_SMGAnim_C:ExecuteUbergraph_BP_SMGAnim
[2018.06.08-08.03.51:210][  0]LogUObjectGlobals: Destroyed PersistentFrame Addr=0x000001bfdc74a520, Size=80
[2018.06.08-08.03.51:211][  0]LogUObjectGlobals: Created PersistentFrame Addr=0x000001bfdc3c61b0, Size=80, Default__BP_SMGAnim_C Function /Engine/Transient.REINST_BP_SMGAnim_C_0:ExecuteUbergraph_BP_SMGAnim
[2018.06.08-08.03.51:222][  0]LogUObjectGlobals: Created PersistentFrame Addr=0x000001bfdf7de3e0, Size=80, Default__BP_SMGAnim_C Function /Game/Animations/SMG/BP_SMGAnim.BP_SMGAnim_C:ExecuteUbergraph_BP_SMGAnim
[2018.06.08-08.03.51:410][  0]SourceControl: Source control is disabled
[2018.06.08-08.03.51:410][  0]SourceControl: Source control is disabled
[2018.06.08-08.03.51:433][  0]SourceControl: Source control is disabled
[2018.06.08-08.03.51:454][  0]SourceControl: Source control is disabled
[2018.06.08-08.03.52:036][  0]LogAndroidPermission: UAndroidPermissionCallbackProxy::GetInstance
[2018.06.08-08.03.52:248][  0]LogOcInput: OculusInput pre-init called
[2018.06.08-08.03.53:488][  0]LogEngine: Initializing Engine...
[2018.06.08-08.03.53:551][  0]LogHMD: Failed to initialize OpenVR with code 126
[2018.06.08-08.03.53:553][  0]LogStats: UGameplayTagsManager::ConstructGameplayTagTree: Construct from data asset -  0.000 s
[2018.06.08-08.03.53:553][  0]LogStats: UGameplayTagsManager::ConstructGameplayTagTree: GameplayTagTreeChangedEvent.Broadcast -  0.000 s
[2018.06.08-08.03.53:815][  0]LogAIModule: Creating AISystem for world Untitled
[2018.06.08-08.03.53:845][  0]LogInit: XAudio2 using 'Luidsprekers (Conexant SmartAudio HD)' : 2 channels at 48 kHz using 32 bits per sample (channel mask 0x3)
[2018.06.08-08.03.53:899][  0]LogInit: FAudioDevice initialized.
[2018.06.08-08.03.54:005][  0]LogDerivedDataCache: Saved boot cache 0.11s 76MB C:/Users/tomco/AppData/Local/UnrealEngine/4.19/DerivedDataCache/Boot.ddc.
[2018.06.08-08.03.54:020][  0]LogInit: Texture streaming: Enabled
[2018.06.08-08.03.54:055][  0]LogEngineSessionManager: EngineSessionManager initialized
[2018.06.08-08.03.54:069][  0]LogInit: Transaction tracking system initialized
[2018.06.08-08.03.54:121][  0]BlueprintLog: New page: Editor Load
[2018.06.08-08.03.54:289][  0]LocalizationService: Localization service is disabled
[2018.06.08-08.03.54:462][  0]LogConsoleResponse: Display: 
[2018.06.08-08.03.54:648][  0]LogCook: Display: Max memory allowance for cook 16384mb min free memory 0mb
[2018.06.08-08.03.54:648][  0]LogCook: Display: Mobile HDR setting 1
[2018.06.08-08.03.54:648][  0]LogGameplayTags: Display: UGameplayTagsManager::DoneAddingNativeTags. DelegateIsBound: 0
[2018.06.08-08.03.54:649][  0]LogStats: UGameplayTagsManager::ConstructGameplayTagTree: Construct from data asset -  0.000 s
[2018.06.08-08.03.54:649][  0]LogStats: UGameplayTagsManager::ConstructGameplayTagTree: GameplayTagTreeChangedEvent.Broadcast -  0.000 s
[2018.06.08-08.03.55:171][  0]LogFileCache: Scanning file cache for directory 'D:/SpareTime/Unreal/FPS/FPS/Content/' took 0.02s
[2018.06.08-08.03.55:172][  0]SourceControl: Source control is disabled
[2018.06.08-08.03.55:172][  0]Cmd: MAP LOAD FILE="../../../../../SpareTime/Unreal/FPS/FPS/Content/Maps/AITestMap.umap" TEMPLATE=0 SHOWPROGRESS=1 FEATURELEVEL=3
[2018.06.08-08.03.55:173][  0]LightingResults: New page: Lighting Build
[2018.06.08-08.03.55:178][  0]MapCheck: New page: Map Check
[2018.06.08-08.03.55:178][  0]LightingResults: New page: Lighting Build
[2018.06.08-08.03.55:191][  0]LogUObjectGlobals: Destroyed PersistentFrame Addr=0x000001bfdc3c61b0, Size=80
[2018.06.08-08.03.55:240][  0]LogUObjectGlobals: Created PersistentFrame Addr=0x000001bfc604c448, Size=56, Default__BP_AssaultAIAnim_C Function /Game/Animations/AI/BP_AssaultAIAnim.BP_AssaultAIAnim_C:ExecuteUbergraph_BP_AssaultAIAnim
[2018.06.08-08.03.55:258][  0]LogUObjectGlobals: Destroyed PersistentFrame Addr=0x000001bfc604c448, Size=56
[2018.06.08-08.03.55:258][  0]LogUObjectGlobals: Created PersistentFrame Addr=0x000001bfc8d71d00, Size=56, Default__BP_AssaultAIAnim_C Function /Engine/Transient.REINST_BP_AssaultAIAnim_C_1:ExecuteUbergraph_BP_AssaultAIAnim
[2018.06.08-08.03.55:280][  0]LogUObjectGlobals: Created PersistentFrame Addr=0x000001bfc8c45948, Size=56, Default__BP_AssaultAIAnim_C Function /Game/Animations/AI/BP_AssaultAIAnim.BP_AssaultAIAnim_C:ExecuteUbergraph_BP_AssaultAIAnim
[2018.06.08-08.03.55:653][  0]LogSkeletalMesh: Skeletal Mesh found in DDC [15.327204ms] /Game/Animations/AnimStarterPack/UE4_Mannequin/Mesh/SK_Mannequin.SK_Mannequin
[2018.06.08-08.03.55:708][  0]LogAIModule: Creating AISystem for world AITestMap
[2018.06.08-08.03.55:724][  0]LogEditorServer: Finished looking for orphan Actors (0.000 secs)
[2018.06.08-08.03.55:738][  0]LogUObjectGlobals: Destroyed PersistentFrame Addr=0x000001bfc8d71d00, Size=56
[2018.06.08-08.03.55:741][  0]Cmd: MAP CHECKDEP NOCLEARLOG
[2018.06.08-08.03.55:795][  0]MapCheck: Map check complete: 0 Error(s), 0 Warning(s), took 54.097ms to complete.
[2018.06.08-08.03.55:796][  0]LogFileHelpers: Loading map 'AITestMap' took 0.624
[2018.06.08-08.03.55:987][  0]LogCollectionManager: Loaded 0 collections in 0.000999 seconds
[2018.06.08-08.03.56:040][  0]LogFileCache: Scanning file cache for directory 'D:/SpareTime/Unreal/FPS/FPS/Saved/Collections/' took 0.01s
[2018.06.08-08.03.56:040][  0]LogFileCache: Scanning file cache for directory 'D:/SpareTime/Unreal/FPS/FPS/Content/Developers/tomco/Collections/' took 0.01s
[2018.06.08-08.03.56:040][  0]LogFileCache: Scanning file cache for directory 'D:/SpareTime/Unreal/FPS/FPS/Content/Collections/' took 0.01s
[2018.06.08-08.03.56:040][  0]LogCollectionManager: Rebuilt the GUID cache for 0 collections in 0.000000 seconds
[2018.06.08-08.03.56:051][  0]LogContentBrowser: Native class hierarchy populated in 0.0106 seconds. Added 2470 classes and 565 folders.
[2018.06.08-08.03.56:061][  0]LogContentBrowser: Native class hierarchy updated for 'WidgetCarousel' in 0.0010 seconds. Added 0 classes and 0 folders.
[2018.06.08-08.03.56:271][  0]LogContentBrowser: Native class hierarchy updated for 'AddContentDialog' in 0.0010 seconds. Added 0 classes and 0 folders.
[2018.06.08-08.03.57:633][  0]LogSlate: Only BGRA pngs, bmps or icos are supported in by External Image Picker
[2018.06.08-08.03.57:660][  0]LogSlate: Took 0.002319 seconds to synchronously load lazily loaded font '../../../Engine/Content/Slate/Fonts/Roboto-Regular.ttf' (155K)
[2018.06.08-08.03.57:666][  0]LogSlate: Took 0.002547 seconds to synchronously load lazily loaded font '../../../Engine/Content/Slate/Fonts/Roboto-Bold.ttf' (160K)
[2018.06.08-08.03.57:681][  0]LogSlate: Took 0.001819 seconds to synchronously load lazily loaded font '../../../Engine/Content/Editor/Slate/Fonts/FontAwesome.ttf' (139K)
[2018.06.08-08.03.57:842][  0]LogTemp: Executing iPhonePackager certificates Engine -bundlename com.YourCompany.FPS
[2018.06.08-08.03.57:842][  0]LogTemp: CWD: D:\Epic Games\UE_4.19\Engine\Binaries\DotNET\IOS
[2018.06.08-08.03.57:843][  0]LogTemp: Initial Dir: D:\Epic Games\UE_4.19
[2018.06.08-08.03.57:843][  0]LogTemp: Env CWD: D:\Epic Games\UE_4.19\Engine\Binaries\DotNET\IOS
[2018.06.08-08.03.57:843][  0]LogTemp: BranchPath = TOM-LAPTOP/D/Epic Games/UE_4.19/Engine/Binaries --- GameBranchPath = TOM-LAPTOP/D/Epic Games/UE_4.19/Engine/Binaries
[2018.06.08-08.03.57:843][  0]LogTemp: IPP ERROR: Could not find provision directory 'C:\Users\tomco\AppData\Local/Apple Computer/MobileDevice/Provisioning Profiles/'.
[2018.06.08-08.03.57:843][  0]LogRenderer: Reallocating scene render targets to support 908x600 Format 10 NumSamples 1 (Frame:1).
[2018.06.08-08.03.58:098][  0]LogContentBrowser: Native class hierarchy updated for 'HierarchicalLODOutliner' in 0.0012 seconds. Added 0 classes and 0 folders.
[2018.06.08-08.03.58:098][  0]LogLoad: (Engine Initialization) Total time: 20.25 seconds
[2018.06.08-08.03.58:099][  0]LogLoad: (Engine Initialization) Total Blueprint compile time: 0.00 seconds
[2018.06.08-08.03.58:119][  0]LogWindowsTextInputMethodSystem: Display: IME system now deactivated.
[2018.06.08-08.03.58:145][  0]LogContentStreaming: Texture pool size now 1000 MB
[2018.06.08-08.03.58:194][  0]LogSlate: Took 0.002531 seconds to synchronously load lazily loaded font '../../../Engine/Content/Slate/Fonts/Roboto-Light.ttf' (167K)
[2018.06.08-08.03.58:229][  1]LogAssetRegistry: Asset discovery search completed in 11.8631 seconds
[2018.06.08-08.03.58:233][  1]LogCollectionManager: Rebuilt the object cache for 0 collections in 0.000001 seconds (found 0 objects)
[2018.06.08-08.03.58:233][  1]LogCollectionManager: Fixed up redirectors for 0 collections in 0.000379 seconds (updated 0 objects)
[2018.06.08-08.04.00:405][113]LogSlate: FSceneViewport::OnFocusLost() reason 0
[2018.06.08-08.04.02:718][243]LogSlate: Took 0.000226 seconds to synchronously load lazily loaded font '../../../Engine/Content/Slate/Fonts/Roboto-Light.ttf' (167K)
[2018.06.08-08.04.03:093][243]LogContentBrowser: Native class hierarchy updated for 'BlueprintGraph' in 0.0013 seconds. Added 116 classes and 0 folders.
[2018.06.08-08.04.03:419][243]LogUObjectGlobals: Created PersistentFrame Addr=0x000001c01700a5e0, Size=4, Default__SKEL_PROTO_BP_AnimBlueprint_0_C Function /Engine/Transient.SKEL_PROTO_BP_AnimBlueprint_0_C:ExecuteUbergraph_PROTO_BP_AnimBlueprint_0
[2018.06.08-08.04.03:422][243]LogUObjectGlobals: Created PersistentFrame Addr=0x000001c01700a5d8, Size=4, Default__PROTO_BP_AnimBlueprint_0_C Function /Engine/Transient.PROTO_BP_AnimBlueprint_0_C:ExecuteUbergraph_PROTO_BP_AnimBlueprint_0
[2018.06.08-08.04.03:979][243]LogSlate: Took 0.001793 seconds to synchronously load lazily loaded font '../../../Engine/Content/Slate/Fonts/Roboto-BoldCondensed.ttf' (158K)
[2018.06.08-08.04.05:607][334]LogSlate: Took 0.001911 seconds to synchronously load lazily loaded font '../../../Engine/Content/Slate/Fonts/Roboto-Italic.ttf' (157K)
[2018.06.08-08.04.08:004][474]LogRenderer: Reallocating scene render targets to support 1144x712 Format 10 NumSamples 1 (Frame:1).
[2018.06.08-08.05.28:800][674]LogSlate: FSceneViewport::OnFocusLost() reason 0
[2018.06.08-08.05.58:508][946]Candidate modules for hot reload:
[2018.06.08-08.05.58:508][946]  FPS
[2018.06.08-08.05.58:509][946]Launching UnrealBuildTool... [D:/Epic Games/UE_4.19/Engine/Binaries/DotNET/UnrealBuildTool.exe FPS -ModuleWithSuffix=FPS,7382 Win64 Development -editorrecompile -canskiplink "D:/SpareTime/Unreal/FPS/FPS/FPS.uproject" ]
[2018.06.08-08.05.58:513][946]Warning: Starting HotReload took  0.0s.
[2018.06.08-08.06.41:678][529]CompilerResultsLog: New page: Compilation - Jun 8, 2018, 12:06:41 PM
[2018.06.08-08.06.41:680][529]CompilerResultsLog: Using 'git status' to determine working set for adaptive non-unity build.
[2018.06.08-08.06.41:681][529]CompilerResultsLog: Creating makefile for hot reloading FPS (ini files are newer than UBTMakefile)
[2018.06.08-08.06.41:681][529]CompilerResultsLog: Compiling game modules for hot reload
[2018.06.08-08.06.41:682][529]CompilerResultsLog: Parsing headers for FPSEditor
[2018.06.08-08.06.41:682][529]CompilerResultsLog:   Running UnrealHeaderTool "D:\SpareTime\Unreal\FPS\FPS\FPS.uproject" "D:\SpareTime\Unreal\FPS\FPS\Intermediate\Build\Win64\FPSEditor\Development\FPSEditor.uhtmanifest" -LogCmds="loginit warning, logexit warning, logdatabase error" -Unattended -WarningsAsErrors -installed
[2018.06.08-08.06.41:682][529]CompilerResultsLog: Error: D:/SpareTime/Unreal/FPS/FPS/Source/FPS/AssualtCharacter.h(69)  : Error: Member variable declaration: Missing variable type
[2018.06.08-08.06.41:682][529]CompilerResultsLog: Error: UnrealHeaderTool failed for target 'FPSEditor' (platform: Win64, module info: D:\SpareTime\Unreal\FPS\FPS\Intermediate\Build\Win64\FPSEditor\Development\FPSEditor.uhtmanifest, exit code: OtherCompilationError (5)).
[2018.06.08-08.06.41:683][529]LogMainFrame: MainFrame: Module compiling took 43.183 seconds
[2018.06.08-08.06.41:683][529]Warning: HotReload failed, recompile failed
[2018.06.08-08.06.56:514][196]Candidate modules for hot reload:
[2018.06.08-08.06.56:514][196]  FPS
[2018.06.08-08.06.56:514][196]Launching UnrealBuildTool... [D:/Epic Games/UE_4.19/Engine/Binaries/DotNET/UnrealBuildTool.exe FPS -ModuleWithSuffix=FPS,96 Win64 Development -editorrecompile -canskiplink "D:/SpareTime/Unreal/FPS/FPS/FPS.uproject" ]
[2018.06.08-08.06.56:520][196]Warning: Starting HotReload took  0.0s.
[2018.06.08-08.06.57:277][234]LogSlate: Window 'Message Log' being destroyed
[2018.06.08-08.06.57:292][234]LogSlate: Window 'Message Log' being destroyed
[2018.06.08-08.07.43:408][976]CompilerResultsLog: New page: Compilation - Jun 8, 2018, 12:07:43 PM
[2018.06.08-08.07.43:409][976]CompilerResultsLog: Using 'git status' to determine working set for adaptive non-unity build.
[2018.06.08-08.07.43:409][976]CompilerResultsLog: Creating makefile for hot reloading FPS (ini files are newer than UBTMakefile)
[2018.06.08-08.07.43:409][976]CompilerResultsLog: Compiling game modules for hot reload
[2018.06.08-08.07.43:409][976]CompilerResultsLog: Parsing headers for FPSEditor
[2018.06.08-08.07.43:409][976]CompilerResultsLog:   Running UnrealHeaderTool "D:\SpareTime\Unreal\FPS\FPS\FPS.uproject" "D:\SpareTime\Unreal\FPS\FPS\Intermediate\Build\Win64\FPSEditor\Development\FPSEditor.uhtmanifest" -LogCmds="loginit warning, logexit warning, logdatabase error" -Unattended -WarningsAsErrors -installed
[2018.06.08-08.07.43:409][976]CompilerResultsLog: Reflection code generated for FPSEditor in 17.9911332 seconds
[2018.06.08-08.07.43:409][976]CompilerResultsLog: Performing 9 actions (4 in parallel)
[2018.06.08-08.07.43:409][976]CompilerResultsLog: AssualtCharacter.cpp
[2018.06.08-08.07.43:410][976]CompilerResultsLog: FPS.init.gen.cpp
[2018.06.08-08.07.43:410][976]CompilerResultsLog: FireAtTarget.cpp
[2018.06.08-08.07.43:410][976]CompilerResultsLog: AssualtCharacter.gen.cpp
[2018.06.08-08.07.43:410][976]CompilerResultsLog: ChangeSpeed.cpp
[2018.06.08-08.07.43:410][976]CompilerResultsLog: ChooseNextWaypoint.cpp
[2018.06.08-08.07.43:410][976]CompilerResultsLog: UnitAIController.cpp
[2018.06.08-08.07.43:410][976]CompilerResultsLog: Error: D:\SpareTime\Unreal\FPS\FPS\Source\FPS\AssualtCharacter.cpp(85) : warning C4996: 'USceneComponent::AttachTo': This function is deprecated, please use AttachToComponent instead. Please update your code to the new API before upgrading to the next release, otherwise your project will no longer compile.
[2018.06.08-08.07.43:410][976]CompilerResultsLog: Error: D:\Epic Games\UE_4.19\Engine\Source\Runtime\Engine\Classes\Components/SceneComponent.h(641) : note: see declaration of 'USceneComponent::AttachTo'
[2018.06.08-08.07.43:410][976]CompilerResultsLog: [8/9] Link UE4Editor-FPS-96.dll
[2018.06.08-08.07.43:411][976]CompilerResultsLog: [9/9] Link UE4Editor-FPS-96.lib
[2018.06.08-08.07.43:411][976]CompilerResultsLog:    Creating library D:\SpareTime\Unreal\FPS\FPS\Intermediate\Build\Win64\UE4Editor\Development\UE4Editor-FPS-96.lib and object D:\SpareTime\Unreal\FPS\FPS\Intermediate\Build\Win64\UE4Editor\Development\UE4Editor-FPS-96.exp
[2018.06.08-08.07.43:411][976]CompilerResultsLog:    Creating library D:\SpareTime\Unreal\FPS\FPS\Intermediate\Build\Win64\UE4Editor\Development\UE4Editor-FPS-96.suppressed.lib and object D:\SpareTime\Unreal\FPS\FPS\Intermediate\Build\Win64\UE4Editor\Development\UE4Editor-FPS-96.suppressed.exp
[2018.06.08-08.07.43:411][976]CompilerResultsLog: Total build time: 46.49 seconds (Local executor: 20.05 seconds)
[2018.06.08-08.07.43:411][976]LogMainFrame: MainFrame: Module compiling took 46.900 seconds
[2018.06.08-08.07.43:478][976]LogClass: Could not find existing class AssualtCharacter in package /Script/FPS for HotReload, assuming new class
[2018.06.08-08.07.43:478][976]LogClass: Function GetIsAiming is new.
[2018.06.08-08.07.43:479][976]LogClass: Function OnHearNoise is new.
[2018.06.08-08.07.43:479][976]LogClass: Function OnSeePlayer is new.
[2018.06.08-08.07.43:505][976]LogHotReload: Re-instancing AssualtCharacter after hot-reload.
[2018.06.08-08.07.43:964][976]LogHotReload: Re-instancing CoverPoint after hot-reload.
[2018.06.08-08.07.45:303][976]LogContentBrowser: Native class hierarchy updated for 'FPS' in 0.0011 seconds. Added 17 classes and 5 folders.
[2018.06.08-08.07.45:307][976]Display: HotReload successful (1 functions remapped  0 scriptstructs remapped)
[2018.06.08-08.07.45:735][976]LogContentBrowser: Native class hierarchy populated in 0.0105 seconds. Added 2470 classes and 565 folders.
[2018.06.08-08.07.45:736][976]Display: HotReload took 49.2s.
[2018.06.08-08.07.50:178][230]LogScript: Warning: Attempted to access missing property 'OnFire'. If this is a packaged/cooked build, are you attempting to use an editor-only property?
	BP_AssaultAIAnim_C /Engine/Transient.World_4:PersistentLevel.BP_AssualtCharacter_C_1.CharacterMesh0.BP_AssaultAIAnim_C_5
	Function /Game/Animations/AI/BP_AssaultAIAnim.BP_AssaultAIAnim_C:OnFire1:008D
[2018.06.08-08.07.50:193][231]LogScript: Warning: Attempted to access missing property 'OnFire'. If this is a packaged/cooked build, are you attempting to use an editor-only property?
	BP_AssaultAIAnim_C /Engine/Transient.World_4:PersistentLevel.BP_AssualtCharacter_C_1.CharacterMesh0.BP_AssaultAIAnim_C_5
	Function /Game/Animations/AI/BP_AssaultAIAnim.BP_AssaultAIAnim_C:OnFire1:008D
[2018.06.08-08.07.50:210][232]LogScript: Warning: Attempted to access missing property 'OnFire'. If this is a packaged/cooked build, are you attempting to use an editor-only property?
	BP_AssaultAIAnim_C /Engine/Transient.World_4:PersistentLevel.BP_AssualtCharacter_C_1.CharacterMesh0.BP_AssaultAIAnim_C_5
	Function /Game/Animations/AI/BP_AssaultAIAnim.BP_AssaultAIAnim_C:OnFire1:008D
[2018.06.08-08.07.50:228][233]LogScript: Warning: Attempted to access missing property 'OnFire'. If this is a packaged/cooked build, are you attempting to use an editor-only property?
	BP_AssaultAIAnim_C /Engine/Transient.World_4:PersistentLevel.BP_AssualtCharacter_C_1.CharacterMesh0.BP_AssaultAIAnim_C_5
	Function /Game/Animations/AI/BP_AssaultAIAnim.BP_AssaultAIAnim_C:OnFire1:008D
[2018.06.08-08.07.50:242][234]LogScript: Warning: Attempted to access missing property 'OnFire'. If this is a packaged/cooked build, are you attempting to use an editor-only property?
	BP_AssaultAIAnim_C /Engine/Transient.World_4:PersistentLevel.BP_AssualtCharacter_C_1.CharacterMesh0.BP_AssaultAIAnim_C_5
	Function /Game/Animations/AI/BP_AssaultAIAnim.BP_AssaultAIAnim_C:OnFire1:008D
[2018.06.08-08.07.50:260][235]LogScript: Warning: Attempted to access missing property 'OnFire'. If this is a packaged/cooked build, are you attempting to use an editor-only property?
	BP_AssaultAIAnim_C /Engine/Transient.World_4:PersistentLevel.BP_AssualtCharacter_C_1.CharacterMesh0.BP_AssaultAIAnim_C_5
	Function /Game/Animations/AI/BP_AssaultAIAnim.BP_AssaultAIAnim_C:OnFire1:008D
[2018.06.08-08.07.50:276][236]LogScript: Warning: Attempted to access missing property 'OnFire'. If this is a packaged/cooked build, are you attempting to use an editor-only property?
	BP_AssaultAIAnim_C /Engine/Transient.World_4:PersistentLevel.BP_AssualtCharacter_C_1.CharacterMesh0.BP_AssaultAIAnim_C_5
	Function /Game/Animations/AI/BP_AssaultAIAnim.BP_AssaultAIAnim_C:OnFire1:008D
[2018.06.08-08.07.50:293][237]LogScript: Warning: Attempted to access missing property 'OnFire'. If this is a packaged/cooked build, are you attempting to use an editor-only property?
	BP_AssaultAIAnim_C /Engine/Transient.World_4:PersistentLevel.BP_AssualtCharacter_C_1.CharacterMesh0.BP_AssaultAIAnim_C_5
	Function /Game/Animations/AI/BP_AssaultAIAnim.BP_AssaultAIAnim_C:OnFire1:008D
[2018.06.08-08.07.50:309][238]LogScript: Warning: Attempted to access missing property 'OnFire'. If this is a packaged/cooked build, are you attempting to use an editor-only property?
	BP_AssaultAIAnim_C /Engine/Transient.World_4:PersistentLevel.BP_AssualtCharacter_C_1.CharacterMesh0.BP_AssaultAIAnim_C_5
	Function /Game/Animations/AI/BP_AssaultAIAnim.BP_AssaultAIAnim_C:OnFire1:008D
[2018.06.08-08.07.50:327][239]LogScript: Warning: Attempted to access missing property 'OnFire'. If this is a packaged/cooked build, are you attempting to use an editor-only property?
	BP_AssaultAIAnim_C /Engine/Transient.World_4:PersistentLevel.BP_AssualtCharacter_C_1.CharacterMesh0.BP_AssaultAIAnim_C_5
	Function /Game/Animations/AI/BP_AssaultAIAnim.BP_AssaultAIAnim_C:OnFire1:008D
[2018.06.08-08.07.50:343][240]LogScript: Warning: Attempted to access missing property 'OnFire'. If this is a packaged/cooked build, are you attempting to use an editor-only property?
	BP_AssaultAIAnim_C /Engine/Transient.World_4:PersistentLevel.BP_AssualtCharacter_C_1.CharacterMesh0.BP_AssaultAIAnim_C_5
	Function /Game/Animations/AI/BP_AssaultAIAnim.BP_AssaultAIAnim_C:OnFire1:008D
[2018.06.08-08.07.50:359][241]LogScript: Warning: Attempted to access missing property 'OnFire'. If this is a packaged/cooked build, are you attempting to use an editor-only property?
	BP_AssaultAIAnim_C /Engine/Transient.World_4:PersistentLevel.BP_AssualtCharacter_C_1.CharacterMesh0.BP_AssaultAIAnim_C_5
	Function /Game/Animations/AI/BP_AssaultAIAnim.BP_AssaultAIAnim_C:OnFire1:008D
[2018.06.08-08.07.50:376][242]LogScript: Warning: Attempted to access missing property 'OnFire'. If this is a packaged/cooked build, are you attempting to use an editor-only property?
	BP_AssaultAIAnim_C /Engine/Transient.World_4:PersistentLevel.BP_AssualtCharacter_C_1.CharacterMesh0.BP_AssaultAIAnim_C_5
	Function /Game/Animations/AI/BP_AssaultAIAnim.BP_AssaultAIAnim_C:OnFire1:008D
[2018.06.08-08.07.50:394][243]LogScript: Warning: Attempted to access missing property 'OnFire'. If this is a packaged/cooked build, are you attempting to use an editor-only property?
	BP_AssaultAIAnim_C /Engine/Transient.World_4:PersistentLevel.BP_AssualtCharacter_C_1.CharacterMesh0.BP_AssaultAIAnim_C_5
	Function /Game/Animations/AI/BP_AssaultAIAnim.BP_AssaultAIAnim_C:OnFire1:008D
[2018.06.08-08.07.50:410][244]LogScript: Warning: Attempted to access missing property 'OnFire'. If this is a packaged/cooked build, are you attempting to use an editor-only property?
	BP_AssaultAIAnim_C /Engine/Transient.World_4:PersistentLevel.BP_AssualtCharacter_C_1.CharacterMesh0.BP_AssaultAIAnim_C_5
	Function /Game/Animations/AI/BP_AssaultAIAnim.BP_AssaultAIAnim_C:OnFire1:008D
[2018.06.08-08.07.50:428][245]LogScript: Warning: Attempted to access missing property 'OnFire'. If this is a packaged/cooked build, are you attempting to use an editor-only property?
	BP_AssaultAIAnim_C /Engine/Transient.World_4:PersistentLevel.BP_AssualtCharacter_C_1.CharacterMesh0.BP_AssaultAIAnim_C_5
	Function /Game/Animations/AI/BP_AssaultAIAnim.BP_AssaultAIAnim_C:OnFire1:008D
[2018.06.08-08.07.50:443][246]LogScript: Warning: Attempted to access missing property 'OnFire'. If this is a packaged/cooked build, are you attempting to use an editor-only property?
	BP_AssaultAIAnim_C /Engine/Transient.World_4:PersistentLevel.BP_AssualtCharacter_C_1.CharacterMesh0.BP_AssaultAIAnim_C_5
	Function /Game/Animations/AI/BP_AssaultAIAnim.BP_AssaultAIAnim_C:OnFire1:008D
[2018.06.08-08.08.39:355][123]LogContentBrowser: Native class hierarchy updated for 'SkeletonEditor' in 0.0011 seconds. Added 1 classes and 2 folders.
[2018.06.08-08.08.39:732][123]LogActorComponent: RegisterComponentWithWorld: (/Engine/Transient.World_8:PersistentLevel.Actor_0.DebugSkelMeshComponent_0) Already registered. Aborting.
[2018.06.08-08.08.39:749][123]LogContentBrowser: Native class hierarchy updated for 'PinnedCommandList' in 0.0012 seconds. Added 1 classes and 0 folders.
[2018.06.08-08.08.39:834][123]LogSkeletalMesh: USkeletalMeshComponent::InitArticulated : Bodies already created (/Engine/Transient.World_8:PersistentLevel.Actor_0.DebugSkelMeshComponent_0) - call TermArticulated first.
[2018.06.08-08.08.40:325][123]LogContentBrowser: Native class hierarchy updated for 'ClothingSystemEditorInterface' in 0.0010 seconds. Added 1 classes and 0 folders.
[2018.06.08-08.08.40:381][124]LogRenderer: Reallocating scene render targets to support 1144x888 Format 10 NumSamples 1 (Frame:1).
[2018.06.08-08.08.55:068][987]LogScript: Warning: Attempted to access missing property 'OnFire'. If this is a packaged/cooked build, are you attempting to use an editor-only property?
	BP_AssaultAIAnim_C /Game/Maps/AITestMap.AITestMap:PersistentLevel.BP_AssualtCharacter_2.CharacterMesh0.BP_AssaultAIAnim_C_2
	Function /Game/Animations/AI/BP_AssaultAIAnim.BP_AssaultAIAnim_C:OnFire1:008D
[2018.06.08-08.09.06:915][693]LogScript: Warning: Attempted to access missing property 'OnFire'. If this is a packaged/cooked build, are you attempting to use an editor-only property?
	BP_AssaultAIAnim_C /Game/Maps/AITestMap.AITestMap:PersistentLevel.BP_AssualtCharacter_2.CharacterMesh0.BP_AssaultAIAnim_C_2
	Function /Game/Animations/AI/BP_AssaultAIAnim.BP_AssaultAIAnim_C:OnFire1:008D
[2018.06.08-08.09.11:778][981]LogScript: Warning: Attempted to access missing property 'OnFire'. If this is a packaged/cooked build, are you attempting to use an editor-only property?
	BP_AssaultAIAnim_C /Game/Maps/AITestMap.AITestMap:PersistentLevel.BP_AssualtCharacter_2.CharacterMesh0.BP_AssaultAIAnim_C_2
	Function /Game/Animations/AI/BP_AssaultAIAnim.BP_AssaultAIAnim_C:OnFire1:008D
[2018.06.08-08.09.24:482][712]LogSlate: FSceneViewport::OnFocusLost() reason 0
[2018.06.08-08.09.45:378][857]LogSlate: FSceneViewport::OnFocusLost() reason 0
[2018.06.08-08.09.47:505][969]LogSlate: FSceneViewport::OnFocusLost() reason 2
[2018.06.08-08.09.50:558][121]LogSlate: FSceneViewport::OnFocusLost() reason 0
[2018.06.08-08.10.13:753][408]LogSlate: FSceneViewport::OnFocusLost() reason 0
[2018.06.08-08.10.14:285][432]LogSavePackage: Save=53.05ms
[2018.06.08-08.10.14:286][432]LogSavePackage: Moving '../../../../../SpareTime/Unreal/FPS/FPS/Saved/SK_MannequinAB03EDCD4D91610702F3649F43F33516.tmp' to '../../../../../SpareTime/Unreal/FPS/FPS/Content/Animations/AnimStarterPack/UE4_Mannequin/Mesh/SK_Mannequin.uasset'
[2018.06.08-08.10.14:294][432]LogSavePackage: Display: Finished SavePackage ../../../../../SpareTime/Unreal/FPS/FPS/Content/Animations/AnimStarterPack/UE4_Mannequin/Mesh/SK_Mannequin.uasset
[2018.06.08-08.10.19:548][702]LogSlate: FSceneViewport::OnFocusLost() reason 0
[2018.06.08-08.10.19:729][709]LogSavePackage: Save=33.43ms
[2018.06.08-08.10.19:729][709]LogSavePackage: Moving '../../../../../SpareTime/Unreal/FPS/FPS/Saved/SK_Mannequin588134CE4817F4639D74FFB4BA52F744.tmp' to '../../../../../SpareTime/Unreal/FPS/FPS/Content/Animations/AnimStarterPack/UE4_Mannequin/Mesh/SK_Mannequin.uasset'
[2018.06.08-08.10.19:731][709]LogSavePackage: Display: Finished SavePackage ../../../../../SpareTime/Unreal/FPS/FPS/Content/Animations/AnimStarterPack/UE4_Mannequin/Mesh/SK_Mannequin.uasset
[2018.06.08-08.10.20:150][734]LogSlate: FSceneViewport::OnFocusLost() reason 0
[2018.06.08-08.10.22:370][865]Candidate modules for hot reload:
[2018.06.08-08.10.22:370][865]  FPS
[2018.06.08-08.10.22:370][865]Launching UnrealBuildTool... [D:/Epic Games/UE_4.19/Engine/Binaries/DotNET/UnrealBuildTool.exe FPS -ModuleWithSuffix=FPS,8990 Win64 Development -editorrecompile -canskiplink "D:/SpareTime/Unreal/FPS/FPS/FPS.uproject" ]
[2018.06.08-08.10.22:375][865]Warning: Starting HotReload took  0.0s.
[2018.06.08-08.10.23:989][959]CompilerResultsLog: New page: Compilation - Jun 8, 2018, 12:10:23 PM
[2018.06.08-08.10.23:989][959]CompilerResultsLog: Using 'git status' to determine working set for adaptive non-unity build.
[2018.06.08-08.10.23:989][959]CompilerResultsLog: Compiling game modules for hot reload
[2018.06.08-08.10.23:990][959]CompilerResultsLog: Target is up to date
[2018.06.08-08.10.23:990][959]CompilerResultsLog: Total build time: 1.27 seconds (NoActionsToExecute executor: 0.00 seconds)
[2018.06.08-08.10.23:990][959]LogMainFrame: MainFrame: Module compiling took 1.626 seconds
[2018.06.08-08.10.24:310][959]LogContentBrowser: Native class hierarchy populated in 0.0147 seconds. Added 2471 classes and 567 folders.
[2018.06.08-08.10.24:310][959]Display: HotReload took  2.0s.
[2018.06.08-08.10.30:510][303]LogActorComponent: RegisterComponentWithWorld: (/Engine/Transient.World_10:PersistentLevel.Actor_1.DebugSkelMeshComponent_1) Already registered. Aborting.
[2018.06.08-08.10.30:532][303]LogSkeletalMesh: USkeletalMeshComponent::InitArticulated : Bodies already created (/Engine/Transient.World_10:PersistentLevel.Actor_1.DebugSkelMeshComponent_1) - call TermArticulated first.
[2018.06.08-08.10.31:352][315]LogSavePackage: Save=6.92ms
[2018.06.08-08.10.31:354][315]LogSavePackage: Moving '../../../../../SpareTime/Unreal/FPS/FPS/Saved/UE4_Mannequin_Skeleton6BE808EA49A46916E0A38A82B5F82FCB.tmp' to '../../../../../SpareTime/Unreal/FPS/FPS/Content/Animations/AnimStarterPack/UE4_Mannequin/Mesh/UE4_Mannequin_Skeleton.uasset'
[2018.06.08-08.10.31:357][315]LogSavePackage: Display: Finished SavePackage ../../../../../SpareTime/Unreal/FPS/FPS/Content/Animations/AnimStarterPack/UE4_Mannequin/Mesh/UE4_Mannequin_Skeleton.uasset
[2018.06.08-08.10.45:210][104]LogScript: Warning: Attempted to access missing property 'OnFire'. If this is a packaged/cooked build, are you attempting to use an editor-only property?
	BP_AssaultAIAnim_C /Engine/Transient.World_12:PersistentLevel.BP_AssualtCharacter_C_10.CharacterMesh0.BP_AssaultAIAnim_C_8
	Function /Game/Animations/AI/BP_AssaultAIAnim.BP_AssaultAIAnim_C:OnFire1:008D
[2018.06.08-08.10.45:275][105]LogScript: Warning: Attempted to access missing property 'OnFire'. If this is a packaged/cooked build, are you attempting to use an editor-only property?
	BP_AssaultAIAnim_C /Engine/Transient.World_12:PersistentLevel.BP_AssualtCharacter_C_10.CharacterMesh0.BP_AssaultAIAnim_C_8
	Function /Game/Animations/AI/BP_AssaultAIAnim.BP_AssaultAIAnim_C:OnFire1:008D
[2018.06.08-08.10.45:303][106]LogScript: Warning: Attempted to access missing property 'OnFire'. If this is a packaged/cooked build, are you attempting to use an editor-only property?
	BP_AssaultAIAnim_C /Engine/Transient.World_12:PersistentLevel.BP_AssualtCharacter_C_10.CharacterMesh0.BP_AssaultAIAnim_C_8
	Function /Game/Animations/AI/BP_AssaultAIAnim.BP_AssaultAIAnim_C:OnFire1:008D
[2018.06.08-08.10.45:320][107]LogScript: Warning: Attempted to access missing property 'OnFire'. If this is a packaged/cooked build, are you attempting to use an editor-only property?
	BP_AssaultAIAnim_C /Engine/Transient.World_12:PersistentLevel.BP_AssualtCharacter_C_10.CharacterMesh0.BP_AssaultAIAnim_C_8
	Function /Game/Animations/AI/BP_AssaultAIAnim.BP_AssaultAIAnim_C:OnFire1:008D
[2018.06.08-08.10.45:358][108]LogScript: Warning: Attempted to access missing property 'OnFire'. If this is a packaged/cooked build, are you attempting to use an editor-only property?
	BP_AssaultAIAnim_C /Engine/Transient.World_12:PersistentLevel.BP_AssualtCharacter_C_10.CharacterMesh0.BP_AssaultAIAnim_C_8
	Function /Game/Animations/AI/BP_AssaultAIAnim.BP_AssaultAIAnim_C:OnFire1:008D
[2018.06.08-08.10.45:375][109]LogScript: Warning: Attempted to access missing property 'OnFire'. If this is a packaged/cooked build, are you attempting to use an editor-only property?
	BP_AssaultAIAnim_C /Engine/Transient.World_12:PersistentLevel.BP_AssualtCharacter_C_10.CharacterMesh0.BP_AssaultAIAnim_C_8
	Function /Game/Animations/AI/BP_AssaultAIAnim.BP_AssaultAIAnim_C:OnFire1:008D
[2018.06.08-08.10.45:392][110]LogScript: Warning: Attempted to access missing property 'OnFire'. If this is a packaged/cooked build, are you attempting to use an editor-only property?
	BP_AssaultAIAnim_C /Engine/Transient.World_12:PersistentLevel.BP_AssualtCharacter_C_10.CharacterMesh0.BP_AssaultAIAnim_C_8
	Function /Game/Animations/AI/BP_AssaultAIAnim.BP_AssaultAIAnim_C:OnFire1:008D
[2018.06.08-08.10.45:408][111]LogScript: Warning: Attempted to access missing property 'OnFire'. If this is a packaged/cooked build, are you attempting to use an editor-only property?
	BP_AssaultAIAnim_C /Engine/Transient.World_12:PersistentLevel.BP_AssualtCharacter_C_10.CharacterMesh0.BP_AssaultAIAnim_C_8
	Function /Game/Animations/AI/BP_AssaultAIAnim.BP_AssaultAIAnim_C:OnFire1:008D
[2018.06.08-08.10.45:425][112]LogScript: Warning: Attempted to access missing property 'OnFire'. If this is a packaged/cooked build, are you attempting to use an editor-only property?
	BP_AssaultAIAnim_C /Engine/Transient.World_12:PersistentLevel.BP_AssualtCharacter_C_10.CharacterMesh0.BP_AssaultAIAnim_C_8
	Function /Game/Animations/AI/BP_AssaultAIAnim.BP_AssaultAIAnim_C:OnFire1:008D
[2018.06.08-08.10.45:442][113]LogScript: Warning: Attempted to access missing property 'OnFire'. If this is a packaged/cooked build, are you attempting to use an editor-only property?
	BP_AssaultAIAnim_C /Engine/Transient.World_12:PersistentLevel.BP_AssualtCharacter_C_10.CharacterMesh0.BP_AssaultAIAnim_C_8
	Function /Game/Animations/AI/BP_AssaultAIAnim.BP_AssaultAIAnim_C:OnFire1:008D
[2018.06.08-08.10.45:459][114]LogScript: Warning: Attempted to access missing property 'OnFire'. If this is a packaged/cooked build, are you attempting to use an editor-only property?
	BP_AssaultAIAnim_C /Engine/Transient.World_12:PersistentLevel.BP_AssualtCharacter_C_10.CharacterMesh0.BP_AssaultAIAnim_C_8
	Function /Game/Animations/AI/BP_AssaultAIAnim.BP_AssaultAIAnim_C:OnFire1:008D
[2018.06.08-08.10.45:474][115]LogScript: Warning: Attempted to access missing property 'OnFire'. If this is a packaged/cooked build, are you attempting to use an editor-only property?
	BP_AssaultAIAnim_C /Engine/Transient.World_12:PersistentLevel.BP_AssualtCharacter_C_10.CharacterMesh0.BP_AssaultAIAnim_C_8
	Function /Game/Animations/AI/BP_AssaultAIAnim.BP_AssaultAIAnim_C:OnFire1:008D
[2018.06.08-08.10.45:492][116]LogScript: Warning: Attempted to access missing property 'OnFire'. If this is a packaged/cooked build, are you attempting to use an editor-only property?
	BP_AssaultAIAnim_C /Engine/Transient.World_12:PersistentLevel.BP_AssualtCharacter_C_10.CharacterMesh0.BP_AssaultAIAnim_C_8
	Function /Game/Animations/AI/BP_AssaultAIAnim.BP_AssaultAIAnim_C:OnFire1:008D
[2018.06.08-08.10.45:508][117]LogScript: Warning: Attempted to access missing property 'OnFire'. If this is a packaged/cooked build, are you attempting to use an editor-only property?
	BP_AssaultAIAnim_C /Engine/Transient.World_12:PersistentLevel.BP_AssualtCharacter_C_10.CharacterMesh0.BP_AssaultAIAnim_C_8
	Function /Game/Animations/AI/BP_AssaultAIAnim.BP_AssaultAIAnim_C:OnFire1:008D
[2018.06.08-08.10.45:524][118]LogScript: Warning: Attempted to access missing property 'OnFire'. If this is a packaged/cooked build, are you attempting to use an editor-only property?
	BP_AssaultAIAnim_C /Engine/Transient.World_12:PersistentLevel.BP_AssualtCharacter_C_10.CharacterMesh0.BP_AssaultAIAnim_C_8
	Function /Game/Animations/AI/BP_AssaultAIAnim.BP_AssaultAIAnim_C:OnFire1:008D
[2018.06.08-08.10.45:541][119]LogScript: Warning: Attempted to access missing property 'OnFire'. If this is a packaged/cooked build, are you attempting to use an editor-only property?
	BP_AssaultAIAnim_C /Engine/Transient.World_12:PersistentLevel.BP_AssualtCharacter_C_10.CharacterMesh0.BP_AssaultAIAnim_C_8
	Function /Game/Animations/AI/BP_AssaultAIAnim.BP_AssaultAIAnim_C:OnFire1:008D
[2018.06.08-08.10.45:558][120]LogScript: Warning: Attempted to access missing property 'OnFire'. If this is a packaged/cooked build, are you attempting to use an editor-only property?
	BP_AssaultAIAnim_C /Engine/Transient.World_12:PersistentLevel.BP_AssualtCharacter_C_10.CharacterMesh0.BP_AssaultAIAnim_C_8
	Function /Game/Animations/AI/BP_AssaultAIAnim.BP_AssaultAIAnim_C:OnFire1:008D
[2018.06.08-08.10.58:946][918]LogSlate: FSceneViewport::OnFocusLost() reason 0
[2018.06.08-08.11.19:355][133]LogSlate: FSceneViewport::OnFocusLost() reason 0
[2018.06.08-08.11.40:650][375]LogSlate: FSceneViewport::OnFocusLost() reason 0
[2018.06.08-08.12.39:196][794]Candidate modules for hot reload:
[2018.06.08-08.12.39:196][794]  FPS
[2018.06.08-08.12.39:196][794]Launching UnrealBuildTool... [D:/Epic Games/UE_4.19/Engine/Binaries/DotNET/UnrealBuildTool.exe FPS -ModuleWithSuffix=FPS,1813 Win64 Development -editorrecompile -canskiplink "D:/SpareTime/Unreal/FPS/FPS/FPS.uproject" ]
[2018.06.08-08.12.39:201][794]Warning: Starting HotReload took  0.0s.
[2018.06.08-08.13.00:041][ 37]CompilerResultsLog: New page: Compilation - Jun 8, 2018, 12:13:00 PM
[2018.06.08-08.13.00:042][ 37]CompilerResultsLog: Using 'git status' to determine working set for adaptive non-unity build.
[2018.06.08-08.13.00:042][ 37]CompilerResultsLog: Compiling game modules for hot reload
[2018.06.08-08.13.00:042][ 37]CompilerResultsLog: Performing 3 actions (4 in parallel)
[2018.06.08-08.13.00:042][ 37]CompilerResultsLog: AssualtCharacter.cpp
[2018.06.08-08.13.00:042][ 37]CompilerResultsLog: Error: D:\SpareTime\Unreal\FPS\FPS\Source\FPS\AssualtCharacter.cpp(88) : warning C4996: 'USceneComponent::AttachTo': This function is deprecated, please use AttachToComponent instead. Please update your code to the new API before upgrading to the next release, otherwise your project will no longer compile.
[2018.06.08-08.13.00:042][ 37]CompilerResultsLog: Error: D:\Epic Games\UE_4.19\Engine\Source\Runtime\Engine\Classes\Components/SceneComponent.h(641) : note: see declaration of 'USceneComponent::AttachTo'
[2018.06.08-08.13.00:042][ 37]CompilerResultsLog: [2/3] Link UE4Editor-FPS-1813.dll
[2018.06.08-08.13.00:043][ 37]CompilerResultsLog: [3/3] Link UE4Editor-FPS-1813.lib
[2018.06.08-08.13.00:043][ 37]CompilerResultsLog:    Creating library D:\SpareTime\Unreal\FPS\FPS\Intermediate\Build\Win64\UE4Editor\Development\UE4Editor-FPS-1813.lib and object D:\SpareTime\Unreal\FPS\FPS\Intermediate\Build\Win64\UE4Editor\Development\UE4Editor-FPS-1813.exp
[2018.06.08-08.13.00:043][ 37]CompilerResultsLog:    Creating library D:\SpareTime\Unreal\FPS\FPS\Intermediate\Build\Win64\UE4Editor\Development\UE4Editor-FPS-1813.suppressed.lib and object D:\SpareTime\Unreal\FPS\FPS\Intermediate\Build\Win64\UE4Editor\Development\UE4Editor-FPS-1813.suppressed.exp
[2018.06.08-08.13.00:043][ 37]CompilerResultsLog: Total build time: 20.52 seconds (Local executor: 19.55 seconds)
[2018.06.08-08.13.00:043][ 37]LogMainFrame: MainFrame: Module compiling took 20.854 seconds
[2018.06.08-08.13.00:175][ 37]LogHotReload: Re-instancing CoverPoint after hot-reload.
[2018.06.08-08.13.01:555][ 37]LogContentBrowser: Native class hierarchy updated for 'FPS' in 0.0011 seconds. Added 17 classes and 5 folders.
[2018.06.08-08.13.01:559][ 37]Display: HotReload successful (4 functions remapped  0 scriptstructs remapped)
[2018.06.08-08.13.01:877][ 37]LogContentBrowser: Native class hierarchy populated in 0.0103 seconds. Added 2471 classes and 567 folders.
[2018.06.08-08.13.01:877][ 37]Display: HotReload took 22.7s.
[2018.06.08-08.13.05:396][240]LogTemp: Repeating last play command: Selected Viewport
[2018.06.08-08.13.05:422][240]LogPlayLevel: PlayLevel: No blueprints needed recompiling
[2018.06.08-08.13.05:426][240]PIE: New page: PIE session: AITestMap (Jun 8, 2018, 12:13:05 PM)
[2018.06.08-08.13.05:428][240]LogPlayLevel: Creating play world package: /Game/Maps/UEDPIE_0_AITestMap
[2018.06.08-08.13.05:437][240]LogPlayLevel: PIE: StaticDuplicateObject took: (0.008758s)
[2018.06.08-08.13.05:438][240]LogAIModule: Creating AISystem for world AITestMap
[2018.06.08-08.13.05:440][240]LogPlayLevel: PIE: World Init took: (0.002287s)
[2018.06.08-08.13.05:440][240]LogPlayLevel: PIE: Created PIE world by copying editor world from /Game/Maps/AITestMap.AITestMap to /Game/Maps/UEDPIE_0_AITestMap.AITestMap (0.012030s)
[2018.06.08-08.13.05:506][240]LogInit: XAudio2 using 'Luidsprekers (Conexant SmartAudio HD)' : 2 channels at 48 kHz using 32 bits per sample (channel mask 0x3)
[2018.06.08-08.13.05:547][240]LogInit: FAudioDevice initialized.
[2018.06.08-08.13.05:631][240]LogUObjectGlobals: Created PersistentFrame Addr=0x000001c026cd3970, Size=104, Default__BP_InGameGUI_C Function /Game/UI/Widgets/BP_InGameGUI.BP_InGameGUI_C:ExecuteUbergraph_BP_InGameGUI
[2018.06.08-08.13.05:651][240]LogUObjectGlobals: Destroyed PersistentFrame Addr=0x000001c026cd3970, Size=104
[2018.06.08-08.13.05:651][240]LogUObjectGlobals: Created PersistentFrame Addr=0x000001c026cd3970, Size=104, Default__BP_InGameGUI_C Function /Engine/Transient.REINST_BP_InGameGUI_C_0:ExecuteUbergraph_BP_InGameGUI
[2018.06.08-08.13.05:657][240]LogUObjectGlobals: Created PersistentFrame Addr=0x000001c02830e0f0, Size=104, Default__BP_InGameGUI_C Function /Game/UI/Widgets/BP_InGameGUI.BP_InGameGUI_C:ExecuteUbergraph_BP_InGameGUI
