Log file open, 06/30/18 19:23:21
LogWindows: Failed to load 'aqProf.dll' (GetLastError=126)
LogWindows: File 'aqProf.dll' does not exist
LogWindows: Failed to load 'VtuneApi.dll' (GetLastError=126)
LogWindows: File 'VtuneApi.dll' does not exist
LogWindows: Failed to load 'VtuneApi32e.dll' (GetLastError=126)
LogWindows: File 'VtuneApi32e.dll' does not exist
LogInit: Display: Running engine for game: FPS
LogPlatformFile: Not using cached read wrapper
LogInit: Display: RandInit(26654352) SRandInit(26654352).
LogInit: Read version file with build ID '3944462'
LogInit: Overriding engine version to CL 4033788, compatible CL 3944462
LogInit: Registered custom module enumerator with build ID '3944462'
LogTaskGraph: Started task graph with 5 named threads and 23 total threads with 3 sets of task threads.
LogStats: Stats thread started at 0.371163
LogD3D11RHI: Aftermath initialized
LogICUInternationalization: Display: ICU TimeZone Detection - Raw Offset: +1:00, Platform Override: ''
LogPluginManager: Mounting plugin Paper2D
LogPluginManager: Mounting plugin LiveLink
LogPluginManager: Mounting plugin LightPropagationVolume
LogPluginManager: Mounting plugin CLionSourceCodeAccess
LogPluginManager: Mounting plugin CodeLiteSourceCodeAccess
LogPluginManager: Mounting plugin GitSourceControl
LogPluginManager: Mounting plugin KDevelopSourceCodeAccess
LogPluginManager: Mounting plugin NullSourceCodeAccess
LogPluginManager: Mounting plugin PerforceSourceControl
LogPluginManager: Mounting plugin SubversionSourceControl
LogPluginManager: Mounting plugin UObjectPlugin
LogPluginManager: Mounting plugin VisualStudioCodeSourceCodeAccess
LogPluginManager: Mounting plugin VisualStudioSourceCodeAccess
LogPluginManager: Mounting plugin XCodeSourceCodeAccess
LogPluginManager: Mounting plugin AssetManagerEditor
LogPluginManager: Mounting plugin CryptoKeys
LogPluginManager: Mounting plugin DataValidation
LogPluginManager: Mounting plugin FacialAnimation
LogPluginManager: Mounting plugin GameplayTagsEditor
LogPluginManager: Mounting plugin MobileLauncherProfileWizard
LogPluginManager: Mounting plugin PluginBrowser
LogPluginManager: Mounting plugin SpeedTreeImporter
LogPluginManager: Mounting plugin DatasmithContent
LogPluginManager: Mounting plugin AlembicImporter
LogPluginManager: Mounting plugin CharacterAI
LogPluginManager: Mounting plugin HTML5Networking
LogPluginManager: Mounting plugin AndroidMedia
LogPluginManager: Mounting plugin AvfMedia
LogPluginManager: Mounting plugin ImgMedia
LogPluginManager: Mounting plugin LinearTimecode
LogPluginManager: Mounting plugin MediaCompositing
LogPluginManager: Mounting plugin MediaPlayerEditor
LogPluginManager: Mounting plugin WmfMedia
LogPluginManager: Mounting plugin TcpMessaging
LogPluginManager: Mounting plugin UdpMessaging
LogPluginManager: Mounting plugin ActorSequence
LogPluginManager: Mounting plugin LevelSequenceEditor
LogPluginManager: Mounting plugin MatineeToLevelSequence
LogPluginManager: Mounting plugin NetcodeUnitTest
LogPluginManager: Mounting plugin NUTUnrealEngine4
LogPluginManager: Mounting plugin OnlineSubsystemGooglePlay
LogPluginManager: Mounting plugin OnlineSubsystemIOS
LogPluginManager: Mounting plugin OnlineSubsystem
LogPluginManager: Mounting plugin OnlineSubsystemNull
LogPluginManager: Mounting plugin OnlineSubsystemUtils
LogPluginManager: Mounting plugin AndroidDeviceProfileSelector
LogPluginManager: Mounting plugin AndroidMoviePlayer
LogPluginManager: Mounting plugin AndroidPermission
LogPluginManager: Mounting plugin AppleARKit
LogPluginManager: Mounting plugin AppleMoviePlayer
LogPluginManager: Mounting plugin ArchVisCharacter
LogPluginManager: Mounting plugin AudioCapture
LogPluginManager: Mounting plugin CableComponent
LogPluginManager: Mounting plugin CustomMeshComponent
LogPluginManager: Mounting plugin ExampleDeviceProfileSelector
LogPluginManager: Mounting plugin GoogleCloudMessaging
LogPluginManager: Mounting plugin ImmediatePhysics
LogPluginManager: Mounting plugin IOSDeviceProfileSelector
LogPluginManager: Mounting plugin LinuxDeviceProfileSelector
LogPluginManager: Mounting plugin LocationServicesBPLibrary
LogPluginManager: Mounting plugin MobilePatchingUtils
LogPluginManager: Mounting plugin OculusVR
LogPluginManager: Plugin shader directory ../../../Engine/Plugins/Runtime/Oculus/OculusVR/Shaders found
LogPluginManager: Mapping shader source directory ../../../Engine/Plugins/Runtime/Oculus/OculusVR/Shaders to virtual directory /Plugin/OculusVR
LogPluginManager: Mounting plugin PhysXVehicles
LogPluginManager: Mounting plugin ProceduralMeshComponent
LogPluginManager: Mounting plugin RuntimePhysXCooking
LogPluginManager: Mounting plugin SteamVR
LogPluginManager: Mounting plugin WindowsMoviePlayer
LogPluginManager: Mounting plugin CoverPointGenerator
LogStreaming: Display: Took  0.081s to configure plugins.
LogModuleManager: Display: Found up-to-date module file ../../../../../../../Projects/FPS/FPS/Binaries/Win64/UE4Editor-FPS.dll (API version 3944462).
LogModuleManager: Display: Found up-to-date module file ../../../Engine/Plugins/2D/Paper2D/Binaries/Win64/UE4Editor-Paper2D.dll (API version 3944462).
LogModuleManager: Display: Found up-to-date module file ../../../Engine/Plugins/2D/Paper2D/Binaries/Win64/UE4Editor-Paper2DEditor.dll (API version 3944462).
LogModuleManager: Display: Found up-to-date module file ../../../Engine/Plugins/2D/Paper2D/Binaries/Win64/UE4Editor-PaperSpriteSheetImporter.dll (API version 3944462).
LogModuleManager: Display: Found up-to-date module file ../../../Engine/Plugins/2D/Paper2D/Binaries/Win64/UE4Editor-PaperTiledImporter.dll (API version 3944462).
LogModuleManager: Display: Found up-to-date module file ../../../Engine/Plugins/2D/Paper2D/Binaries/Win64/UE4Editor-SmartSnapping.dll (API version 3944462).
LogModuleManager: Display: Found up-to-date module file ../../../Engine/Plugins/Animation/LiveLink/Binaries/Win64/UE4Editor-LiveLink.dll (API version 3944462).
LogModuleManager: Display: Found up-to-date module file ../../../Engine/Plugins/Animation/LiveLink/Binaries/Win64/UE4Editor-LiveLinkEditor.dll (API version 3944462).
LogModuleManager: Display: Found up-to-date module file ../../../Engine/Plugins/Blendables/LightPropagationVolume/Binaries/Win64/UE4Editor-LightPropagationVolumeRuntime.dll (API version 3944462).
LogModuleManager: Display: Found up-to-date module file ../../../Engine/Plugins/Blendables/LightPropagationVolume/Binaries/Win64/UE4Editor-LightPropagationVolumeEditor.dll (API version 3944462).
LogModuleManager: Display: Found up-to-date module file ../../../Engine/Plugins/Developer/CLionSourceCodeAccess/Binaries/Win64/UE4Editor-CLionSourceCodeAccess.dll (API version 3944462).
LogModuleManager: Display: Found up-to-date module file ../../../Engine/Plugins/Developer/GitSourceControl/Binaries/Win64/UE4Editor-GitSourceControl.dll (API version 3944462).
LogModuleManager: Display: Found up-to-date module file ../../../Engine/Plugins/Developer/PerforceSourceControl/Binaries/Win64/UE4Editor-PerforceSourceControl.dll (API version 3944462).
LogModuleManager: Display: Found up-to-date module file ../../../Engine/Plugins/Developer/SubversionSourceControl/Binaries/Win64/UE4Editor-SubversionSourceControl.dll (API version 3944462).
LogModuleManager: Display: Found up-to-date module file ../../../Engine/Plugins/Developer/UObjectPlugin/Binaries/Win64/UE4Editor-UObjectPlugin.dll (API version 3944462).
LogModuleManager: Display: Found up-to-date module file ../../../Engine/Plugins/Developer/VisualStudioCodeSourceCodeAccess/Binaries/Win64/UE4Editor-VisualStudioCodeSourceCodeAccess.dll (API version 3944462).
LogModuleManager: Display: Found up-to-date module file ../../../Engine/Plugins/Developer/VisualStudioSourceCodeAccess/Binaries/Win64/UE4Editor-VisualStudioSourceCodeAccess.dll (API version 3944462).
LogModuleManager: Display: Found up-to-date module file ../../../Engine/Plugins/Editor/AssetManagerEditor/Binaries/Win64/UE4Editor-AssetManagerEditor.dll (API version 3944462).
LogModuleManager: Display: Found up-to-date module file ../../../Engine/Plugins/Editor/CryptoKeys/Binaries/Win64/UE4Editor-CryptoKeys.dll (API version 3944462).
LogModuleManager: Display: Found up-to-date module file ../../../Engine/Plugins/Editor/CryptoKeys/Binaries/Win64/UE4Editor-CryptoKeysOpenSSL.dll (API version 3944462).
LogModuleManager: Display: Found up-to-date module file ../../../Engine/Plugins/Editor/DataValidation/Binaries/Win64/UE4Editor-DataValidation.dll (API version 3944462).
LogModuleManager: Display: Found up-to-date module file ../../../Engine/Plugins/Editor/FacialAnimation/Binaries/Win64/UE4Editor-FacialAnimation.dll (API version 3944462).
LogModuleManager: Display: Found up-to-date module file ../../../Engine/Plugins/Editor/FacialAnimation/Binaries/Win64/UE4Editor-FacialAnimationEditor.dll (API version 3944462).
LogModuleManager: Display: Found up-to-date module file ../../../Engine/Plugins/Editor/GameplayTagsEditor/Binaries/Win64/UE4Editor-GameplayTagsEditor.dll (API version 3944462).
LogModuleManager: Display: Found up-to-date module file ../../../Engine/Plugins/Editor/MobileLauncherProfileWizard/Binaries/Win64/UE4Editor-MobileLauncherProfileWizard.dll (API version 3944462).
LogModuleManager: Display: Found up-to-date module file ../../../Engine/Plugins/Editor/PluginBrowser/Binaries/Win64/UE4Editor-PluginBrowser.dll (API version 3944462).
LogModuleManager: Display: Found up-to-date module file ../../../Engine/Plugins/Editor/SpeedTreeImporter/Binaries/Win64/UE4Editor-SpeedTreeImporter.dll (API version 3944462).
LogModuleManager: Display: Found up-to-date module file ../../../Engine/Plugins/Enterprise/DatasmithContent/Binaries/Win64/UE4Editor-DatasmithContent.dll (API version 3944462).
LogModuleManager: Display: Found up-to-date module file ../../../Engine/Plugins/Experimental/AlembicImporter/Binaries/Win64/UE4Editor-AlembicImporter.dll (API version 3944462).
LogModuleManager: Display: Found up-to-date module file ../../../Engine/Plugins/Experimental/AlembicImporter/Binaries/Win64/UE4Editor-AlembicLibrary.dll (API version 3944462).
LogModuleManager: Display: Found up-to-date module file ../../../Engine/Plugins/Experimental/CharacterAI/Binaries/Win64/UE4Editor-CharacterAI.dll (API version 3944462).
LogModuleManager: Display: Found up-to-date module file ../../../Engine/Plugins/Experimental/HTML5Networking/Binaries/Win64/UE4Editor-HTML5Networking.dll (API version 3944462).
LogModuleManager: Display: Found up-to-date module file ../../../Engine/Plugins/Media/AndroidMedia/Binaries/Win64/UE4Editor-AndroidMediaEditor.dll (API version 3944462).
LogModuleManager: Display: Found up-to-date module file ../../../Engine/Plugins/Media/AndroidMedia/Binaries/Win64/UE4Editor-AndroidMediaFactory.dll (API version 3944462).
LogModuleManager: Display: Found up-to-date module file ../../../Engine/Plugins/Media/AvfMedia/Binaries/Win64/UE4Editor-AvfMediaEditor.dll (API version 3944462).
LogModuleManager: Display: Found up-to-date module file ../../../Engine/Plugins/Media/AvfMedia/Binaries/Win64/UE4Editor-AvfMediaFactory.dll (API version 3944462).
LogModuleManager: Display: Found up-to-date module file ../../../Engine/Plugins/Media/AvfMedia/Binaries/Win64/UE4Editor-AvfMediaFactory.dll (API version 3944462).
LogModuleManager: Display: Found up-to-date module file ../../../Engine/Plugins/Media/ImgMedia/Binaries/Win64/UE4Editor-ImgMedia.dll (API version 3944462).
LogModuleManager: Display: Found up-to-date module file ../../../Engine/Plugins/Media/ImgMedia/Binaries/Win64/UE4Editor-ImgMediaEditor.dll (API version 3944462).
LogModuleManager: Display: Found up-to-date module file ../../../Engine/Plugins/Media/ImgMedia/Binaries/Win64/UE4Editor-ImgMediaFactory.dll (API version 3944462).
LogModuleManager: Display: Found up-to-date module file ../../../Engine/Plugins/Media/ImgMedia/Binaries/Win64/UE4Editor-ImgMediaFactory.dll (API version 3944462).
LogModuleManager: Display: Found up-to-date module file ../../../Engine/Plugins/Media/ImgMedia/Binaries/Win64/UE4Editor-OpenExrWrapper.dll (API version 3944462).
LogModuleManager: Display: Found up-to-date module file ../../../Engine/Plugins/Media/LinearTimecode/Binaries/Win64/UE4Editor-LinearTimecode.dll (API version 3944462).
LogModuleManager: Display: Found up-to-date module file ../../../Engine/Plugins/Media/MediaCompositing/Binaries/Win64/UE4Editor-MediaCompositing.dll (API version 3944462).
LogModuleManager: Display: Found up-to-date module file ../../../Engine/Plugins/Media/MediaCompositing/Binaries/Win64/UE4Editor-MediaCompositingEditor.dll (API version 3944462).
LogModuleManager: Display: Found up-to-date module file ../../../Engine/Plugins/Media/MediaPlayerEditor/Binaries/Win64/UE4Editor-MediaPlayerEditor.dll (API version 3944462).
LogModuleManager: Display: Found up-to-date module file ../../../Engine/Plugins/Media/WmfMedia/Binaries/Win64/UE4Editor-WmfMedia.dll (API version 3944462).
LogModuleManager: Display: Found up-to-date module file ../../../Engine/Plugins/Media/WmfMedia/Binaries/Win64/UE4Editor-WmfMediaEditor.dll (API version 3944462).
LogModuleManager: Display: Found up-to-date module file ../../../Engine/Plugins/Media/WmfMedia/Binaries/Win64/UE4Editor-WmfMediaFactory.dll (API version 3944462).
LogModuleManager: Display: Found up-to-date module file ../../../Engine/Plugins/Media/WmfMedia/Binaries/Win64/UE4Editor-WmfMediaFactory.dll (API version 3944462).
LogModuleManager: Display: Found up-to-date module file ../../../Engine/Plugins/Messaging/TcpMessaging/Binaries/Win64/UE4Editor-TcpMessaging.dll (API version 3944462).
LogModuleManager: Display: Found up-to-date module file ../../../Engine/Plugins/Messaging/UdpMessaging/Binaries/Win64/UE4Editor-UdpMessaging.dll (API version 3944462).
LogModuleManager: Display: Found up-to-date module file ../../../Engine/Plugins/MovieScene/ActorSequence/Binaries/Win64/UE4Editor-ActorSequence.dll (API version 3944462).
LogModuleManager: Display: Found up-to-date module file ../../../Engine/Plugins/MovieScene/LevelSequenceEditor/Binaries/Win64/UE4Editor-LevelSequenceEditor.dll (API version 3944462).
LogModuleManager: Display: Found up-to-date module file ../../../Engine/Plugins/MovieScene/MatineeToLevelSequence/Binaries/Win64/UE4Editor-MatineeToLevelSequence.dll (API version 3944462).
LogModuleManager: Display: Found up-to-date module file ../../../Engine/Plugins/NetcodeUnitTest/NetcodeUnitTest/Binaries/Win64/UE4Editor-NetcodeUnitTest.dll (API version 3944462).
LogModuleManager: Display: Found up-to-date module file ../../../Engine/Plugins/NetcodeUnitTest/NUTUnrealEngine4/Binaries/Win64/UE4Editor-NUTUnrealEngine4.dll (API version 3944462).
LogModuleManager: Display: Found up-to-date module file ../../../Engine/Plugins/Online/OnlineSubsystem/Binaries/Win64/UE4Editor-OnlineSubsystem.dll (API version 3944462).
LogModuleManager: Display: Found up-to-date module file ../../../Engine/Plugins/Online/OnlineSubsystemNull/Binaries/Win64/UE4Editor-OnlineSubsystemNull.dll (API version 3944462).
LogModuleManager: Display: Found up-to-date module file ../../../Engine/Plugins/Online/OnlineSubsystemUtils/Binaries/Win64/UE4Editor-OnlineSubsystemUtils.dll (API version 3944462).
LogModuleManager: Display: Found up-to-date module file ../../../Engine/Plugins/Online/OnlineSubsystemUtils/Binaries/Win64/UE4Editor-OnlineBlueprintSupport.dll (API version 3944462).
LogModuleManager: Display: Found up-to-date module file ../../../Engine/Plugins/Runtime/AndroidDeviceProfileSelector/Binaries/Win64/UE4Editor-AndroidDeviceProfileSelector.dll (API version 3944462).
LogModuleManager: Display: Found up-to-date module file ../../../Engine/Plugins/Runtime/AndroidPermission/Binaries/Win64/UE4Editor-AndroidPermission.dll (API version 3944462).
LogModuleManager: Display: Found up-to-date module file ../../../Engine/Plugins/Runtime/AppleARKit/Binaries/Win64/UE4Editor-AppleARKit.dll (API version 3944462).
LogModuleManager: Display: Found up-to-date module file ../../../Engine/Plugins/Runtime/ArchVisCharacter/Binaries/Win64/UE4Editor-ArchVisCharacter.dll (API version 3944462).
LogModuleManager: Display: Found up-to-date module file ../../../Engine/Plugins/Runtime/AudioCapture/Binaries/Win64/UE4Editor-AudioCapture.dll (API version 3944462).
LogModuleManager: Display: Found up-to-date module file ../../../Engine/Plugins/Runtime/AudioCapture/Binaries/Win64/UE4Editor-AudioCaptureEditor.dll (API version 3944462).
LogModuleManager: Display: Found up-to-date module file ../../../Engine/Plugins/Runtime/CableComponent/Binaries/Win64/UE4Editor-CableComponent.dll (API version 3944462).
LogModuleManager: Display: Found up-to-date module file ../../../Engine/Plugins/Runtime/CustomMeshComponent/Binaries/Win64/UE4Editor-CustomMeshComponent.dll (API version 3944462).
LogModuleManager: Display: Found up-to-date module file ../../../Engine/Plugins/Runtime/ExampleDeviceProfileSelector/Binaries/Win64/UE4Editor-ExampleDeviceProfileSelector.dll (API version 3944462).
LogModuleManager: Display: Found up-to-date module file ../../../Engine/Plugins/Runtime/ImmediatePhysics/Binaries/Win64/UE4Editor-ImmediatePhysics.dll (API version 3944462).
LogModuleManager: Display: Found up-to-date module file ../../../Engine/Plugins/Runtime/ImmediatePhysics/Binaries/Win64/UE4Editor-ImmediatePhysicsEditor.dll (API version 3944462).
LogModuleManager: Display: Found up-to-date module file ../../../Engine/Plugins/Runtime/LocationServicesBPLibrary/Binaries/Win64/UE4Editor-LocationServicesBPLibrary.dll (API version 3944462).
LogModuleManager: Display: Found up-to-date module file ../../../Engine/Plugins/Runtime/MobilePatchingUtils/Binaries/Win64/UE4Editor-MobilePatchingUtils.dll (API version 3944462).
LogModuleManager: Display: Found up-to-date module file ../../../Engine/Plugins/Runtime/Oculus/OculusVR/Binaries/Win64/UE4Editor-OculusHMD.dll (API version 3944462).
LogModuleManager: Display: Found up-to-date module file ../../../Engine/Plugins/Runtime/Oculus/OculusVR/Binaries/Win64/UE4Editor-OculusInput.dll (API version 3944462).
LogModuleManager: Display: Found up-to-date module file ../../../Engine/Plugins/Runtime/Oculus/OculusVR/Binaries/Win64/UE4Editor-OculusEditor.dll (API version 3944462).
LogModuleManager: Display: Found up-to-date module file ../../../Engine/Plugins/Runtime/PhysXVehicles/Binaries/Win64/UE4Editor-PhysXVehicles.dll (API version 3944462).
LogModuleManager: Display: Found up-to-date module file ../../../Engine/Plugins/Runtime/PhysXVehicles/Binaries/Win64/UE4Editor-PhysXVehiclesEditor.dll (API version 3944462).
LogModuleManager: Display: Found up-to-date module file ../../../Engine/Plugins/Runtime/ProceduralMeshComponent/Binaries/Win64/UE4Editor-ProceduralMeshComponent.dll (API version 3944462).
LogModuleManager: Display: Found up-to-date module file ../../../Engine/Plugins/Runtime/ProceduralMeshComponent/Binaries/Win64/UE4Editor-ProceduralMeshComponentEditor.dll (API version 3944462).
LogModuleManager: Display: Found up-to-date module file ../../../Engine/Plugins/Runtime/RuntimePhysXCooking/Binaries/Win64/UE4Editor-RuntimePhysXCooking.dll (API version 3944462).
LogModuleManager: Display: Found up-to-date module file ../../../Engine/Plugins/Runtime/Steam/SteamVR/Binaries/Win64/UE4Editor-SteamVR.dll (API version 3944462).
LogModuleManager: Display: Found up-to-date module file ../../../Engine/Plugins/Runtime/Steam/SteamVR/Binaries/Win64/UE4Editor-SteamVRController.dll (API version 3944462).
LogModuleManager: Display: Found up-to-date module file ../../../Engine/Plugins/Runtime/WindowsMoviePlayer/Binaries/Win64/UE4Editor-WindowsMoviePlayer.dll (API version 3944462).
LogModuleManager: Display: Found up-to-date module file ../../../../../../../Projects/FPS/FPS/Plugins/CoverPointGenerator/Binaries/Win64/UE4Editor-CoverPointGenerator.dll (API version 3944462).
LogInit: Using libcurl 7.47.1
LogInit:  - built for x86_64-pc-win32
LogInit:  - supports SSL with OpenSSL/1.0.2g
LogInit:  - supports HTTP deflate (compression) using libz 1.2.8
LogInit:  - other features:
LogInit:      CURL_VERSION_SSL
LogInit:      CURL_VERSION_LIBZ
LogInit:      CURL_VERSION_IPV6
LogInit:      CURL_VERSION_ASYNCHDNS
LogInit:      CURL_VERSION_LARGEFILE
LogInit:      CURL_VERSION_IDN
LogInit:  CurlRequestOptions (configurable via config and command line):
LogInit:  - bVerifyPeer = false  - Libcurl will NOT verify peer certificate
LogInit:  - bUseHttpProxy = false  - Libcurl will NOT use HTTP proxy
LogInit:  - bDontReuseConnections = false  - Libcurl will reuse connections
LogInit:  - CertBundlePath = nullptr  - Libcurl will use whatever was configured at build time.
LogInit:  - MaxHostConnections = 16  - Libcurl will limit the number of connections to a host
LogInit:  - LocalHostAddr = Default
LogInit: WinSock: version 1.1 (2.2), MaxSocks=32767, MaxUdp=65467
LogInit: WinSock: I am DESKTOP-27ERO04 (192.168.178.101:0)
LogInit: Build: ++UE4+Release-4.19-CL-4033788
LogInit: Engine Version: 4.19.2-4033788+++UE4+Release-4.19
LogInit: Compatible Engine Version: 4.19.0-3944462+++UE4+Release-4.19
LogInit: Net CL: 3944462
LogDevObjectVersion: Number of dev versions registered: 18
LogDevObjectVersion:   Dev-Blueprints (B0D832E4-1F89-4F0D-ACCF-7EB736FD4AA2): 10
LogDevObjectVersion:   Dev-Build (E1C64328-A22C-4D53-A36C-8E866417BD8C): 0
LogDevObjectVersion:   Dev-Core (375EC13C-06E4-48FB-B500-84F0262A717E): 2
LogDevObjectVersion:   Dev-Editor (E4B068ED-F494-42E9-A231-DA0B2E46BB41): 23
LogDevObjectVersion:   Dev-Framework (CFFC743F-43B0-4480-9391-14DF171D2073): 33
LogDevObjectVersion:   Dev-Mobile (B02B49B5-BB20-44E9-A304-32B752E40360): 2
LogDevObjectVersion:   Dev-Networking (A4E4105C-59A1-49B5-A7C5-40C4547EDFEE): 0
LogDevObjectVersion:   Dev-Online (39C831C9-5AE6-47DC-9A44-9C173E1C8E7C): 0
LogDevObjectVersion:   Dev-Physics (78F01B33-EBEA-4F98-B9B4-84EACCB95AA2): 0
LogDevObjectVersion:   Dev-Platform (6631380F-2D4D-43E0-8009-CF276956A95A): 0
LogDevObjectVersion:   Dev-Rendering (12F88B9F-8875-4AFC-A67C-D90C383ABD29): 25
LogDevObjectVersion:   Dev-Sequencer (7B5AE74C-D270-4C10-A958-57980B212A5A): 6
LogDevObjectVersion:   Dev-VR (D7296918-1DD6-4BDD-9DE2-64A83CC13884): 1
LogDevObjectVersion:   Dev-LoadTimes (C2A15278-BFE7-4AFE-6C17-90FF531DF755): 1
LogDevObjectVersion:   Private-Geometry (6EACA3D4-40EC-4CC1-B786-8BED09428FC5): 2
LogDevObjectVersion:   Dev-AnimPhys (29E575DD-E0A3-4627-9D10-D276232CDCEA): 16
LogDevObjectVersion:   Dev-ReflectionCapture (6B266CEC-1EC7-4B8F-A30B-E4D90942FC07): 1
LogDevObjectVersion:   Dev-Automation (0DF73D61-A23F-47EA-B727-89E90C41499A): 1
LogInit: Compiled (64-bit): Apr 27 2018 02:06:57
LogInit: Compiled with Visual C++: 19.00.24215.01
LogInit: Build Configuration: Development
LogInit: Branch Name: ++UE4+Release-4.19
LogInit: Command Line:  -skipcompile
LogInit: Base Directory: E:/Game Engines/Epic Games/4.19/UE_4.19/Engine/Binaries/Win64/
LogInit: Installed Engine Build: 1
LogStreaming: Display: Took  0.002s to delete old logs.
LogInit: Presizing for max 8388607 objects, including 0 objects not considered by GC, pre-allocating 0 bytes for permanent pool.
LogInit: Object subsystem initialized
[2018.06.30-17.23.22:599][  0]LogInit: Selected Device Profile: [Windows]
[2018.06.30-17.23.22:599][  0]LogInit: Applying CVar settings loaded from the selected device profile: [Windows]
[2018.06.30-17.23.22:635][  0]LogInit: Computer: DESKTOP-27ERO04
[2018.06.30-17.23.22:635][  0]LogInit: User: TomColdenhoff
[2018.06.30-17.23.22:635][  0]LogInit: CPU Page size=4096, Cores=4
[2018.06.30-17.23.22:635][  0]LogInit: High frequency timer resolution =3.319355 MHz
[2018.06.30-17.23.22:635][  0]LogMemory: Memory total: Physical=11.9GB (12GB approx)
[2018.06.30-17.23.22:635][  0]LogMemory: Platform Memory Stats for Windows
[2018.06.30-17.23.22:635][  0]LogMemory: Process Physical Memory: 279.10 MB used, 279.52 MB peak
[2018.06.30-17.23.22:635][  0]LogMemory: Process Virtual Memory: 269.89 MB used, 269.89 MB peak
[2018.06.30-17.23.22:635][  0]LogMemory: Physical Memory: 6931.86 MB used,  5275.58 MB free, 12207.44 MB total
[2018.06.30-17.23.22:635][  0]LogMemory: Virtual Memory: 4794.46 MB used,  5275.58 MB free, 134217728.00 MB total
[2018.06.30-17.23.22:676][  0]LogInit: Using OS detected language (en-US).
[2018.06.30-17.23.22:676][  0]LogInit: Using OS detected locale (en-US).
[2018.06.30-17.23.22:678][  0]LogTextLocalizationManager: No specific localization for 'en-US' exists, so the 'en' localization will be used.
[2018.06.30-17.23.23:110][  0]LogStreaming: Display: Took  0.434s to EndInitTextLocalization.
[2018.06.30-17.23.23:110][  0]LogInit: Setting process to per monitor DPI aware
[2018.06.30-17.23.23:137][  0]LogSlate: New Slate User Created.  User Index 0, Is Virtual User: 0
[2018.06.30-17.23.23:137][  0]LogSlate: Slate User Registered.  User Index 0, Is Virtual User: 0
[2018.06.30-17.23.23:323][  0]LogD3D11RHI: D3D11 adapters:
[2018.06.30-17.23.23:401][  0]LogD3D11RHI:    0. 'NVIDIA GeForce GTX 970' (Feature Level 11_0)
[2018.06.30-17.23.23:401][  0]LogD3D11RHI:       4043/0/6103 MB DedicatedVideo/DedicatedSystem/SharedSystem, Outputs:2, VendorId:0x10de
[2018.06.30-17.23.23:407][  0]LogD3D11RHI:    1. 'Microsoft Basic Render Driver' (Feature Level 11_0)
[2018.06.30-17.23.23:408][  0]LogD3D11RHI:       0/0/6103 MB DedicatedVideo/DedicatedSystem/SharedSystem, Outputs:0, VendorId:0x1414
[2018.06.30-17.23.23:408][  0]LogD3D11RHI: Chosen D3D11 Adapter: 0
[2018.06.30-17.23.23:417][  0]LogD3D11RHI: Creating new Direct3DDevice
[2018.06.30-17.23.23:417][  0]LogD3D11RHI:     GPU DeviceId: 0x13c2 (for the marketing name, search the web for "GPU Device Id")
[2018.06.30-17.23.23:417][  0]LogWindows: EnumDisplayDevices:
[2018.06.30-17.23.23:418][  0]LogWindows:    0. 'NVIDIA GeForce GTX 970' (P:1 D:1)
[2018.06.30-17.23.23:418][  0]LogWindows:    1. 'NVIDIA GeForce GTX 970' (P:0 D:1)
[2018.06.30-17.23.23:418][  0]LogWindows:    2. 'NVIDIA GeForce GTX 970' (P:0 D:0)
[2018.06.30-17.23.23:419][  0]LogWindows:    3. 'NVIDIA GeForce GTX 970' (P:0 D:0)
[2018.06.30-17.23.23:419][  0]LogWindows: DebugString: GetVideoDriverDetailsInvalid PrimaryIsNotTheChoosenAdapter GetVideoDriverDetailsInvalid PrimaryIsNotTheChoosenAdapter GetVideoDriverDetailsInvalid PrimaryIsNotTheChoosenAdapter GetVideoDriverDetailsInvalid PrimaryIsNotTheChoosenAdapter FoundDriverCount:0 
[2018.06.30-17.23.23:419][  0]LogD3D11RHI:     Adapter Name: NVIDIA GeForce GTX 970
[2018.06.30-17.23.23:419][  0]LogD3D11RHI:   Driver Version: Unknown (internal:Unknown, unified:Unknown)
[2018.06.30-17.23.23:419][  0]LogD3D11RHI:      Driver Date: Unknown
[2018.06.30-17.23.23:419][  0]LogRHI: Texture pool is 2830 MB (70% of 4043 MB)
[2018.06.30-17.23.23:465][  0]LogD3D11RHI: [Aftermath] Aftermath enabled and primed
[2018.06.30-17.23.23:465][  0]LogD3D11RHI: [Aftermath] Aftermath enabled and primed
[2018.06.30-17.23.23:465][  0]LogD3D11RHI: Async texture creation enabled
[2018.06.30-17.23.23:536][  0]LogD3D11RHI: GPU Timing Frequency: 1000.000000 (Debug: 2 2)
[2018.06.30-17.23.23:585][  0]LogShaderCompilers: Guid format shader working directory is 17 characters bigger than the processId version (../../../../../../../Projects/FPS/FPS/Intermediate/Shaders/WorkingDirectory/9328/).
[2018.06.30-17.23.23:585][  0]LogShaderCompilers: Cleaned the shader compiler working directory 'C:/Users/TomColdenhoff/AppData/Local/Temp/UnrealShaderWorkingDir/160F31564D8AEF3EC4E3F9998B0367B8/'.
[2018.06.30-17.23.23:782][  0]LogTemp: Display: Loaded TP AllDesktopTargetPlatform
[2018.06.30-17.23.23:796][  0]LogTemp: Display: Loaded TP MacClientTargetPlatform
[2018.06.30-17.23.23:810][  0]LogTemp: Display: Loaded TP MacNoEditorTargetPlatform
[2018.06.30-17.23.23:825][  0]LogTemp: Display: Loaded TP MacServerTargetPlatform
[2018.06.30-17.23.23:843][  0]LogTemp: Display: Loaded TP MacTargetPlatform
[2018.06.30-17.23.23:858][  0]LogTemp: Display: Loaded TP WindowsClientTargetPlatform
[2018.06.30-17.23.23:873][  0]LogTemp: Display: Loaded TP WindowsNoEditorTargetPlatform
[2018.06.30-17.23.23:889][  0]LogTemp: Display: Loaded TP WindowsServerTargetPlatform
[2018.06.30-17.23.23:899][  0]LogTemp: Display: Loaded TP WindowsTargetPlatform
[2018.06.30-17.23.23:912][  0]LogTemp: Display: Loaded TP Android_ASTCTargetPlatform
[2018.06.30-17.23.23:926][  0]LogTemp: Display: Loaded TP Android_ATCTargetPlatform
[2018.06.30-17.23.23:942][  0]LogTemp: Display: Loaded TP Android_DXTTargetPlatform
[2018.06.30-17.23.23:960][  0]LogTemp: Display: Loaded TP Android_ETC1aTargetPlatform
[2018.06.30-17.23.23:974][  0]LogTemp: Display: Loaded TP Android_ETC1TargetPlatform
[2018.06.30-17.23.23:987][  0]LogTemp: Display: Loaded TP Android_ETC2TargetPlatform
[2018.06.30-17.23.24:015][  0]LogTemp: Display: Loaded TP Android_MultiTargetPlatform
[2018.06.30-17.23.24:015][  0]LogTemp: Display: Loaded TP Android_PVRTCTargetPlatform
[2018.06.30-17.23.24:031][  0]LogTemp: Display: Loaded TP AndroidTargetPlatform
[2018.06.30-17.23.24:034][  0]LogTemp: Display: Loaded TP HTML5TargetPlatform
[2018.06.30-17.23.24:080][  0]LogTemp: Display: Loaded TP IOSTargetPlatform
[2018.06.30-17.23.24:097][  0]LogTemp: Display: Loaded TP TVOSTargetPlatform
[2018.06.30-17.23.24:110][  0]LogTemp: Display: Loaded TP LinuxClientTargetPlatform
[2018.06.30-17.23.24:123][  0]LogTemp: Display: Loaded TP LinuxNoEditorTargetPlatform
[2018.06.30-17.23.24:139][  0]LogTemp: Display: Loaded TP LinuxServerTargetPlatform
[2018.06.30-17.23.24:157][  0]LogTemp: Display: Loaded TP LinuxTargetPlatform
[2018.06.30-17.23.24:157][  0]LogTargetPlatformManager: Display: Building Assets For Windows
[2018.06.30-17.23.24:279][  0]LogXGEController: Cleaning working directory: C:/Users/TomColdenhoff/AppData/Local/Temp/UnrealXGEWorkingDir/
[2018.06.30-17.23.24:279][  0]LogXGEController: Cannot use XGE Controller as Incredibuild is not installed on this machine.
[2018.06.30-17.23.24:279][  0]LogShaderCompilers: Cannot use XGE Shader Compiler as Incredibuild is not installed on this machine.
[2018.06.30-17.23.24:279][  0]LogShaderCompilers: Display: Using Local Shader Compiler.
[2018.06.30-17.23.24:973][  0]LogDerivedDataCache: Display: Max Cache Size: 512 MB
[2018.06.30-17.23.25:050][  0]LogDerivedDataCache: Loaded boot cache 0.08s 80MB C:/Users/TomColdenhoff/AppData/Local/UnrealEngine/4.19/DerivedDataCache/Boot.ddc.
[2018.06.30-17.23.25:050][  0]LogDerivedDataCache: Display: Loaded Boot cache: C:/Users/TomColdenhoff/AppData/Local/UnrealEngine/4.19/DerivedDataCache/Boot.ddc
[2018.06.30-17.23.25:050][  0]LogDerivedDataCache: FDerivedDataBackendGraph:  Pak pak cache file ../../../../../../../Projects/FPS/FPS/DerivedDataCache/DDC.ddp not found, will not use a pak cache.
[2018.06.30-17.23.25:050][  0]LogDerivedDataCache: Unable to find inner node Pak for hierarchical cache Hierarchy.
[2018.06.30-17.23.25:050][  0]LogDerivedDataCache: FDerivedDataBackendGraph:  CompressedPak pak cache file ../../../../../../../Projects/FPS/FPS/DerivedDataCache/Compressed.ddp not found, will not use a pak cache.
[2018.06.30-17.23.25:050][  0]LogDerivedDataCache: Unable to find inner node CompressedPak for hierarchical cache Hierarchy.
[2018.06.30-17.23.25:067][  0]LogDerivedDataCache: Display: Pak cache opened for reading ../../../Engine/DerivedDataCache/Compressed.ddp.
[2018.06.30-17.23.25:080][  0]LogDerivedDataCache: Using Local data cache path C:/Users/TomColdenhoff/AppData/Local/UnrealEngine/Common/DerivedDataCache: Writable
[2018.06.30-17.23.25:080][  0]LogDerivedDataCache: Shared data cache path not found in *engine.ini, will not use an Shared cache.
[2018.06.30-17.23.25:080][  0]LogDerivedDataCache: Unable to find inner node Shared for hierarchical cache Hierarchy.
[2018.06.30-17.23.25:091][  0]LogMaterial: Verifying Global Shaders for PCD3D_SM5
[2018.06.30-17.23.25:092][  0]LogSlate: Using Freetype 2.6.0
[2018.06.30-17.23.25:093][  0]LogSlate: SlateFontCache - WITH_FREETYPE: 1, WITH_HARFBUZZ: 1
[2018.06.30-17.23.25:093][  0]LogSlate: SlateFontCache - WITH_FREETYPE: 1, WITH_HARFBUZZ: 1
[2018.06.30-17.23.25:210][  0]LogAssetRegistry: FAssetRegistry took 0.0330 seconds to start up
[2018.06.30-17.23.26:298][  0]LogInit: Selected Device Profile: [Windows]
[2018.06.30-17.23.26:468][  0]LogSimplygon: Simplygon DLL not present - disabling.
[2018.06.30-17.23.26:471][  0]LogMeshReduction: Using SimplygonSwarm for distributed automatic mesh merging
[2018.06.30-17.23.26:471][  0]LogMeshReduction: Using QuadricMeshReduction for automatic static mesh reduction
[2018.06.30-17.23.26:471][  0]LogMeshReduction: No automatic skeletal mesh reduction module available
[2018.06.30-17.23.26:471][  0]LogMeshReduction: No automatic mesh merging module available
[2018.06.30-17.23.26:471][  0]LogMeshMerging: No automatic mesh merging module available
[2018.06.30-17.23.26:497][  0]LogNetVersion: FPS , NetCL: 3944462, EngineNetVer: 2, GameNetVer: 0 (Checksum: 2326512385)
[2018.06.30-17.23.26:925][  0]LogPackageLocalizationCache: Processed 9 localized package path(s) for 2 prioritized culture(s) in 0.078508 seconds
[2018.06.30-17.23.26:934][  0]LogUObjectArray: 36728 objects as part of root set at end of initial load.
[2018.06.30-17.23.26:934][  0]LogUObjectAllocator: 7314312 out of 0 bytes used by permanent object pool.
[2018.06.30-17.23.26:934][  0]LogUObjectArray: CloseDisregardForGC: 0/0 objects in disregard for GC pool
[2018.06.30-17.23.28:456][  0]LogTcpMessaging: Initializing TcpMessaging bridge
[2018.06.30-17.23.28:483][  0]LogUdpMessaging: Initializing bridge on interface 0.0.0.0:0 to multicast group 230.0.0.1:6666.
[2018.06.30-17.23.28:896][  0]LogSkeletalMesh: Skeletal Mesh found in DDC [1.374966ms] /Game/Models/Player/Arms/Arms_SMG.Arms_SMG
[2018.06.30-17.23.28:916][  0]LogUObjectGlobals: Created PersistentFrame Addr=0x00000201d99b4130, Size=80, Default__BP_SMGAnim_C Function /Game/Animations/SMG/BP_SMGAnim.BP_SMGAnim_C:ExecuteUbergraph_BP_SMGAnim
[2018.06.30-17.23.28:927][  0]LogUObjectGlobals: Destroyed PersistentFrame Addr=0x00000201d99b4130, Size=80
[2018.06.30-17.23.28:927][  0]LogUObjectGlobals: Created PersistentFrame Addr=0x00000201dbb33bf0, Size=80, Default__BP_SMGAnim_C Function /Engine/Transient.REINST_BP_SMGAnim_C_0:ExecuteUbergraph_BP_SMGAnim
[2018.06.30-17.23.28:938][  0]LogUObjectGlobals: Created PersistentFrame Addr=0x00000201dc4eda80, Size=80, Default__BP_SMGAnim_C Function /Game/Animations/SMG/BP_SMGAnim.BP_SMGAnim_C:ExecuteUbergraph_BP_SMGAnim
[2018.06.30-17.23.29:061][  0]SourceControl: Source control is disabled
[2018.06.30-17.23.29:061][  0]SourceControl: Source control is disabled
[2018.06.30-17.23.29:075][  0]SourceControl: Source control is disabled
[2018.06.30-17.23.29:088][  0]SourceControl: Source control is disabled
[2018.06.30-17.23.29:517][  0]LogAndroidPermission: UAndroidPermissionCallbackProxy::GetInstance
[2018.06.30-17.23.29:671][  0]LogOcInput: OculusInput pre-init called
[2018.06.30-17.23.30:753][  0]LogEngine: Initializing Engine...
[2018.06.30-17.23.30:755][  0]LogHMD: Failed to initialize OpenVR with code 110
[2018.06.30-17.23.30:757][  0]LogStats: UGameplayTagsManager::ConstructGameplayTagTree: Construct from data asset -  0.000 s
[2018.06.30-17.23.30:757][  0]LogStats: UGameplayTagsManager::ConstructGameplayTagTree: GameplayTagTreeChangedEvent.Broadcast -  0.000 s
[2018.06.30-17.23.30:981][  0]LogAIModule: Creating AISystem for world Untitled
[2018.06.30-17.23.31:006][  0]LogInit: XAudio2 using 'Speakers (Logitech G35 Headset)' : 2 channels at 44.1 kHz using 16 bits per sample (channel mask 0x3)
[2018.06.30-17.23.31:028][  0]LogInit: FAudioDevice initialized.
[2018.06.30-17.23.31:182][  0]LogDerivedDataCache: Saved boot cache 0.15s 80MB C:/Users/TomColdenhoff/AppData/Local/UnrealEngine/4.19/DerivedDataCache/Boot.ddc.
[2018.06.30-17.23.31:201][  0]LogInit: Texture streaming: Enabled
[2018.06.30-17.23.31:222][  0]LogEngineSessionManager: EngineSessionManager initialized
[2018.06.30-17.23.31:222][  0]LogEngineSessionManager: EngineSessionManager sent abnormal shutdown report. Type=Debugger, SessionId={BEF624A0-4488-CA5E-9C8A-20B642C411E6}
[2018.06.30-17.23.31:229][  0]LogInit: Transaction tracking system initialized
[2018.06.30-17.23.31:253][  0]BlueprintLog: New page: Editor Load
[2018.06.30-17.23.31:360][  0]LocalizationService: Localization service is disabled
[2018.06.30-17.23.31:471][  0]LogConsoleResponse: Display: 
[2018.06.30-17.23.31:614][  0]LogCook: Display: Max memory allowance for cook 16384mb min free memory 0mb
[2018.06.30-17.23.31:614][  0]LogCook: Display: Mobile HDR setting 1
[2018.06.30-17.23.31:615][  0]LogGameplayTags: Display: UGameplayTagsManager::DoneAddingNativeTags. DelegateIsBound: 0
[2018.06.30-17.23.31:615][  0]LogStats: UGameplayTagsManager::ConstructGameplayTagTree: Construct from data asset -  0.000 s
[2018.06.30-17.23.31:615][  0]LogStats: UGameplayTagsManager::ConstructGameplayTagTree: GameplayTagTreeChangedEvent.Broadcast -  0.000 s
[2018.06.30-17.23.31:867][  0]LogFileCache: Scanning file cache for directory 'E:/Projects/FPS/FPS/Content/' took 0.02s
[2018.06.30-17.23.31:936][  0]SourceControl: Source control is disabled
[2018.06.30-17.23.31:936][  0]Cmd: MAP LOAD FILE="../../../../../../../Projects/FPS/FPS/Content/Maps/Level1.umap" TEMPLATE=0 SHOWPROGRESS=1 FEATURELEVEL=3
[2018.06.30-17.23.31:936][  0]LightingResults: New page: Lighting Build
[2018.06.30-17.23.31:938][  0]MapCheck: New page: Map Check
[2018.06.30-17.23.31:938][  0]LightingResults: New page: Lighting Build
[2018.06.30-17.23.31:948][  0]LogUObjectGlobals: Destroyed PersistentFrame Addr=0x00000201dbb33bf0, Size=80
[2018.06.30-17.23.32:784][  0]LogAIModule: Creating AISystem for world Level1
[2018.06.30-17.23.32:812][  0]LogEditorServer: Finished looking for orphan Actors (0.000 secs)
[2018.06.30-17.23.32:831][  0]Cmd: MAP CHECKDEP NOCLEARLOG
[2018.06.30-17.23.32:891][  0]MapCheck: Map check complete: 0 Error(s), 0 Warning(s), took 59.591ms to complete.
[2018.06.30-17.23.32:891][  0]LogFileHelpers: Loading map 'Level1' took 0.955
[2018.06.30-17.23.33:035][  0]LogCollectionManager: Loaded 0 collections in 0.000861 seconds
[2018.06.30-17.23.33:083][  0]LogFileCache: Scanning file cache for directory 'E:/Projects/FPS/FPS/Saved/Collections/' took 0.01s
[2018.06.30-17.23.33:083][  0]LogFileCache: Scanning file cache for directory 'E:/Projects/FPS/FPS/Content/Developers/TomColdenhoff/Collections/' took 0.01s
[2018.06.30-17.23.33:083][  0]LogFileCache: Scanning file cache for directory 'E:/Projects/FPS/FPS/Content/Collections/' took 0.01s
[2018.06.30-17.23.33:084][  0]LogCollectionManager: Rebuilt the GUID cache for 0 collections in 0.000000 seconds
[2018.06.30-17.23.33:094][  0]LogContentBrowser: Native class hierarchy populated in 0.0104 seconds. Added 2481 classes and 565 folders.
[2018.06.30-17.23.33:100][  0]LogContentBrowser: Native class hierarchy updated for 'WidgetCarousel' in 0.0008 seconds. Added 0 classes and 0 folders.
[2018.06.30-17.23.33:135][  0]LogContentBrowser: Native class hierarchy updated for 'AddContentDialog' in 0.0014 seconds. Added 0 classes and 0 folders.
[2018.06.30-17.23.33:143][  0]LogContentBrowser: Native class hierarchy updated for 'SceneOutliner' in 0.0010 seconds. Added 1 classes and 2 folders.
[2018.06.30-17.23.34:233][  0]LogSlate: Only BGRA pngs, bmps or icos are supported in by External Image Picker
[2018.06.30-17.23.34:265][  0]LogSlate: Took 0.000223 seconds to synchronously load lazily loaded font '../../../Engine/Content/Slate/Fonts/Roboto-Regular.ttf' (155K)
[2018.06.30-17.23.34:268][  0]LogSlate: Took 0.000250 seconds to synchronously load lazily loaded font '../../../Engine/Content/Slate/Fonts/Roboto-Bold.ttf' (160K)
[2018.06.30-17.23.34:275][  0]LogSlate: Took 0.000240 seconds to synchronously load lazily loaded font '../../../Engine/Content/Editor/Slate/Fonts/FontAwesome.ttf' (139K)
[2018.06.30-17.23.34:376][  0]LogTemp: Executing iPhonePackager certificates Engine -bundlename com.YourCompany.FPS
[2018.06.30-17.23.34:376][  0]LogTemp: CWD: E:\Game Engines\Epic Games\4.19\UE_4.19\Engine\Binaries\DotNET\IOS
[2018.06.30-17.23.34:376][  0]LogTemp: Initial Dir: E:\Game Engines\Epic Games\4.19\UE_4.19
[2018.06.30-17.23.34:376][  0]LogTemp: Env CWD: E:\Game Engines\Epic Games\4.19\UE_4.19\Engine\Binaries\DotNET\IOS
[2018.06.30-17.23.34:376][  0]LogTemp: BranchPath = DESKTOP-27ERO04/E/Game Engines/Epic Games/4.19/UE_4.19/Engine/Binaries --- GameBranchPath = DESKTOP-27ERO04/E/Game Engines/Epic Games/4.19/UE_4.19/Engine/Binaries
[2018.06.30-17.23.34:376][  0]LogTemp: IPP ERROR: Could not find provision directory 'C:\Users\TomColdenhoff\AppData\Local/Apple Computer/MobileDevice/Provisioning Profiles/'.
[2018.06.30-17.23.34:377][  0]LogRenderer: Reallocating scene render targets to support 1136x532 Format 10 NumSamples 1 (Frame:1).
[2018.06.30-17.23.34:588][  0]LogContentBrowser: Native class hierarchy updated for 'HierarchicalLODOutliner' in 0.0010 seconds. Added 0 classes and 0 folders.
[2018.06.30-17.23.34:589][  0]LogLoad: (Engine Initialization) Total time: 14.55 seconds
[2018.06.30-17.23.34:589][  0]LogLoad: (Engine Initialization) Total Blueprint compile time: 0.00 seconds
[2018.06.30-17.23.34:957][  0]LogContentStreaming: Texture pool size now 1000 MB
[2018.06.30-17.23.35:002][  0]LogSlate: Took 0.000155 seconds to synchronously load lazily loaded font '../../../Engine/Content/Slate/Fonts/Roboto-Light.ttf' (167K)
[2018.06.30-17.23.35:945][  3]LogAssetRegistry: Asset discovery search completed in 10.7646 seconds
[2018.06.30-17.23.35:949][  3]LogCollectionManager: Rebuilt the object cache for 0 collections in 0.000001 seconds (found 0 objects)
[2018.06.30-17.23.35:949][  3]LogCollectionManager: Fixed up redirectors for 0 collections in 0.000198 seconds (updated 0 objects)
[2018.06.30-17.23.45:264][ 31]LogSlate: FSceneViewport::OnFocusLost() reason 0
[2018.06.30-17.23.45:265][ 31]LogTemp: Repeating last play command: Selected Viewport
[2018.06.30-17.23.45:333][ 31]LogPlayLevel: PlayLevel: No blueprints needed recompiling
[2018.06.30-17.23.45:334][ 31]PIE: New page: PIE session: Level1 (Jun 30, 2018, 9:23:45 PM)
[2018.06.30-17.23.45:335][ 31]LogPlayLevel: Creating play world package: /Game/Maps/UEDPIE_0_Level1
[2018.06.30-17.23.45:354][ 31]LogPlayLevel: PIE: StaticDuplicateObject took: (0.019518s)
[2018.06.30-17.23.45:355][ 31]LogAIModule: Creating AISystem for world Level1
[2018.06.30-17.23.45:355][ 31]LogPlayLevel: PIE: World Init took: (0.000899s)
[2018.06.30-17.23.45:356][ 31]LogPlayLevel: PIE: Created PIE world by copying editor world from /Game/Maps/Level1.Level1 to /Game/Maps/UEDPIE_0_Level1.Level1 (0.021077s)
[2018.06.30-17.23.45:375][ 31]LogInit: XAudio2 using 'Speakers (Logitech G35 Headset)' : 2 channels at 44.1 kHz using 16 bits per sample (channel mask 0x3)
[2018.06.30-17.23.45:385][ 31]LogInit: FAudioDevice initialized.
[2018.06.30-17.23.45:445][ 31]LogUObjectGlobals: Created PersistentFrame Addr=0x00000201a8c6d400, Size=128, Default__BP_InGameGUI_C Function /Game/UI/Widgets/BP_InGameGUI.BP_InGameGUI_C:ExecuteUbergraph_BP_InGameGUI
[2018.06.30-17.23.45:448][ 31]LogUObjectGlobals: Destroyed PersistentFrame Addr=0x00000201a8c6d400, Size=128
[2018.06.30-17.23.45:448][ 31]LogUObjectGlobals: Created PersistentFrame Addr=0x00000201a8c6d400, Size=128, Default__BP_InGameGUI_C Function /Engine/Transient.REINST_BP_InGameGUI_C_0:ExecuteUbergraph_BP_InGameGUI
[2018.06.30-17.23.45:450][ 31]LogUObjectGlobals: Created PersistentFrame Addr=0x00000201a8c6de00, Size=128, Default__BP_InGameGUI_C Function /Game/UI/Widgets/BP_InGameGUI.BP_InGameGUI_C:ExecuteUbergraph_BP_InGameGUI
[2018.06.30-17.23.45:461][ 31]LogUObjectGlobals: Created PersistentFrame Addr=0x00000201a8f08888, Size=4, Default__OnGroundSlot_C Function /Game/UI/Widgets/Inventory/Ground/OnGroundSlot.OnGroundSlot_C:ExecuteUbergraph_OnGroundSlot
[2018.06.30-17.23.45:464][ 31]LogUObjectGlobals: Destroyed PersistentFrame Addr=0x00000201a8f08888, Size=4
[2018.06.30-17.23.45:464][ 31]LogUObjectGlobals: Created PersistentFrame Addr=0x00000201a8f08888, Size=4, Default__OnGroundSlot_C Function /Engine/Transient.REINST_OnGroundSlot_C_2:ExecuteUbergraph_OnGroundSlot
[2018.06.30-17.23.45:466][ 31]LogUObjectGlobals: Created PersistentFrame Addr=0x00000201a8f08988, Size=4, Default__OnGroundSlot_C Function /Game/UI/Widgets/Inventory/Ground/OnGroundSlot.OnGroundSlot_C:ExecuteUbergraph_OnGroundSlot
[2018.06.30-17.23.45:469][ 31]LogUObjectGlobals: Created PersistentFrame Addr=0x00000201848614e0, Size=160, Default__OnGroundUI_C Function /Game/UI/Widgets/Inventory/Ground/OnGroundUI.OnGroundUI_C:ExecuteUbergraph_OnGroundUI
[2018.06.30-17.23.45:473][ 31]LogUObjectGlobals: Destroyed PersistentFrame Addr=0x00000201848614e0, Size=160
[2018.06.30-17.23.45:473][ 31]LogUObjectGlobals: Created PersistentFrame Addr=0x0000020184826f20, Size=160, Default__OnGroundUI_C Function /Engine/Transient.REINST_OnGroundUI_C_3:ExecuteUbergraph_OnGroundUI
[2018.06.30-17.23.45:478][ 31]LogUObjectGlobals: Created PersistentFrame Addr=0x0000020184825800, Size=160, Default__OnGroundUI_C Function /Game/UI/Widgets/Inventory/Ground/OnGroundUI.OnGroundUI_C:ExecuteUbergraph_OnGroundUI
[2018.06.30-17.23.45:483][ 31]LogUObjectGlobals: Created PersistentFrame Addr=0x00000201a9be01a8, Size=56, Default__HandSlot_C Function /Game/UI/Widgets/Inventory/HandSlot.HandSlot_C:ExecuteUbergraph_HandSlot
[2018.06.30-17.23.45:488][ 31]LogUObjectGlobals: Destroyed PersistentFrame Addr=0x00000201a9be01a8, Size=56
[2018.06.30-17.23.45:488][ 31]LogUObjectGlobals: Created PersistentFrame Addr=0x00000201a9be01a8, Size=56, Default__HandSlot_C Function /Engine/Transient.REINST_HandSlot_C_4:ExecuteUbergraph_HandSlot
[2018.06.30-17.23.45:491][ 31]LogUObjectGlobals: Created PersistentFrame Addr=0x00000201a9be39a8, Size=56, Default__HandSlot_C Function /Game/UI/Widgets/Inventory/HandSlot.HandSlot_C:ExecuteUbergraph_HandSlot
[2018.06.30-17.23.45:500][ 31]LogUObjectGlobals: Created PersistentFrame Addr=0x000002018478b900, Size=424, Default__Slot_C Function /Game/UI/Widgets/Inventory/Slot.Slot_C:ExecuteUbergraph_Slot
[2018.06.30-17.23.45:506][ 31]LogUObjectGlobals: Destroyed PersistentFrame Addr=0x000002018478b900, Size=424
[2018.06.30-17.23.45:506][ 31]LogUObjectGlobals: Created PersistentFrame Addr=0x000002018478b900, Size=424, Default__Slot_C Function /Engine/Transient.REINST_Slot_C_5:ExecuteUbergraph_Slot
[2018.06.30-17.23.45:511][ 31]LogUObjectGlobals: Created PersistentFrame Addr=0x000002018478a780, Size=424, Default__Slot_C Function /Game/UI/Widgets/Inventory/Slot.Slot_C:ExecuteUbergraph_Slot
[2018.06.30-17.23.45:514][ 31]LogUObjectGlobals: Created PersistentFrame Addr=0x0000020189d32c28, Size=40, Default__InventorySlots_C Function /Game/UI/Widgets/Inventory/InventorySlots.InventorySlots_C:ExecuteUbergraph_InventorySlots
[2018.06.30-17.23.45:530][ 31]LogUObjectGlobals: Destroyed PersistentFrame Addr=0x0000020189d32c28, Size=40
[2018.06.30-17.23.45:530][ 31]LogUObjectGlobals: Created PersistentFrame Addr=0x0000020189d32c28, Size=40, Default__InventorySlots_C Function /Engine/Transient.REINST_InventorySlots_C_6:ExecuteUbergraph_InventorySlots
[2018.06.30-17.23.45:538][ 31]LogUObjectGlobals: Created PersistentFrame Addr=0x0000020189d32980, Size=40, Default__InventorySlots_C Function /Game/UI/Widgets/Inventory/InventorySlots.InventorySlots_C:ExecuteUbergraph_InventorySlots
[2018.06.30-17.23.45:541][ 31]LogUObjectGlobals: Created PersistentFrame Addr=0x0000020189d326b0, Size=40, Default__UIHUD_C Function /Game/UI/Widgets/UIHUD.UIHUD_C:ExecuteUbergraph_UIHUD
[2018.06.30-17.23.45:545][ 31]LogUObjectGlobals: Destroyed PersistentFrame Addr=0x0000020189d326b0, Size=40
[2018.06.30-17.23.45:545][ 31]LogUObjectGlobals: Created PersistentFrame Addr=0x0000020189d326b0, Size=40, Default__UIHUD_C Function /Engine/Transient.REINST_UIHUD_C_7:ExecuteUbergraph_UIHUD
[2018.06.30-17.23.45:547][ 31]LogUObjectGlobals: Created PersistentFrame Addr=0x0000020189d326d8, Size=40, Default__UIHUD_C Function /Game/UI/Widgets/UIHUD.UIHUD_C:ExecuteUbergraph_UIHUD
[2018.06.30-17.23.45:620][ 31]LogLoad: Game class is 'BP_FPSGameModeBase_C'
[2018.06.30-17.23.45:630][ 31]LogWorld: Bringing World /Game/Maps/UEDPIE_0_Level1.Level1 up for play (max tick rate 0) at 2018.06.30-19.23.45
[2018.06.30-17.23.45:631][ 31]LogWorld: Bringing up level for play took: 0.009605
[2018.06.30-17.23.45:635][ 31]LogContentBrowser: Native class hierarchy updated for 'MovieSceneCapture' in 0.0010 seconds. Added 11 classes and 0 folders.
[2018.06.30-17.23.45:642][ 31]PIE: Play in editor start time for /Game/Maps/UEDPIE_0_Level1 1.199
[2018.06.30-17.23.47:120][163]LogUObjectGlobals: Destroyed PersistentFrame Addr=0x00000201a8c6d400, Size=128
[2018.06.30-17.23.47:121][163]LogUObjectGlobals: Destroyed PersistentFrame Addr=0x00000201a8f08888, Size=4
[2018.06.30-17.23.47:122][163]LogUObjectGlobals: Destroyed PersistentFrame Addr=0x0000020184826f20, Size=160
[2018.06.30-17.23.47:122][163]LogUObjectGlobals: Destroyed PersistentFrame Addr=0x00000201a9be01a8, Size=56
[2018.06.30-17.23.47:122][163]LogUObjectGlobals: Destroyed PersistentFrame Addr=0x000002018478b900, Size=424
[2018.06.30-17.23.47:122][163]LogUObjectGlobals: Destroyed PersistentFrame Addr=0x0000020189d32c28, Size=40
[2018.06.30-17.23.47:122][163]LogUObjectGlobals: Destroyed PersistentFrame Addr=0x0000020189d326b0, Size=40
[2018.06.30-17.23.48:213][265]LogSlate: FSceneViewport::OnFocusLost() reason 0
[2018.06.30-17.23.48:306][274]LogTemp: Repeating last play command: Selected Viewport
[2018.06.30-17.23.48:328][274]LogPlayLevel: PlayLevel: No blueprints needed recompiling
[2018.06.30-17.23.48:329][274]PIE: New page: PIE session: Level1 (Jun 30, 2018, 9:23:48 PM)
[2018.06.30-17.23.48:329][274]LogPlayLevel: Creating play world package: /Game/Maps/UEDPIE_0_Level1
[2018.06.30-17.23.48:344][274]LogPlayLevel: PIE: StaticDuplicateObject took: (0.014751s)
[2018.06.30-17.23.48:345][274]LogAIModule: Creating AISystem for world Level1
[2018.06.30-17.23.48:345][274]LogPlayLevel: PIE: World Init took: (0.000983s)
[2018.06.30-17.23.48:345][274]LogPlayLevel: PIE: Created PIE world by copying editor world from /Game/Maps/Level1.Level1 to /Game/Maps/UEDPIE_0_Level1.Level1 (0.016347s)
[2018.06.30-17.23.48:361][274]LogInit: XAudio2 using 'Speakers (Logitech G35 Headset)' : 2 channels at 44.1 kHz using 16 bits per sample (channel mask 0x3)
[2018.06.30-17.23.48:375][274]LogInit: FAudioDevice initialized.
[2018.06.30-17.23.48:417][274]LogLoad: Game class is 'BP_FPSGameModeBase_C'
[2018.06.30-17.23.48:426][274]LogWorld: Bringing World /Game/Maps/UEDPIE_0_Level1.Level1 up for play (max tick rate 0) at 2018.06.30-19.23.48
[2018.06.30-17.23.48:427][274]LogWorld: Bringing up level for play took: 0.009036
[2018.06.30-17.23.48:433][274]PIE: Play in editor start time for /Game/Maps/UEDPIE_0_Level1 -0.01
[2018.06.30-17.23.54:103][767]LogSlate: FSceneViewport::OnFocusLost() reason 0
[2018.06.30-17.23.56:991][ 11]LogSlate: Took 0.000235 seconds to synchronously load lazily loaded font '../../../Engine/Content/Slate/Fonts/Roboto-Light.ttf' (167K)
[2018.06.30-17.23.57:214][ 11]LogContentBrowser: Native class hierarchy updated for 'BlueprintGraph' in 0.0012 seconds. Added 116 classes and 0 folders.
[2018.06.30-17.23.57:545][ 11]LogUObjectGlobals: Created PersistentFrame Addr=0x000002018c37d708, Size=4, Default__SKEL_PROTO_BP_AnimBlueprint_0_C Function /Engine/Transient.SKEL_PROTO_BP_AnimBlueprint_0_C:ExecuteUbergraph_PROTO_BP_AnimBlueprint_0
[2018.06.30-17.23.57:545][ 11]LogUObjectGlobals: Created PersistentFrame Addr=0x000002018c37d700, Size=4, Default__PROTO_BP_AnimBlueprint_0_C Function /Engine/Transient.PROTO_BP_AnimBlueprint_0_C:ExecuteUbergraph_PROTO_BP_AnimBlueprint_0
[2018.06.30-17.23.57:939][ 11]LogSlate: Took 0.000221 seconds to synchronously load lazily loaded font '../../../Engine/Content/Slate/Fonts/Roboto-BoldCondensed.ttf' (158K)
[2018.06.30-17.24.09:504][265]LogSlate: Took 0.000301 seconds to synchronously load lazily loaded font '../../../Engine/Content/Slate/Fonts/Roboto-Italic.ttf' (157K)
[2018.06.30-17.25.13:316][836]BlueprintLog: New page: Compile OnGroundUI
[2018.06.30-17.25.13:331][836]LogUObjectGlobals: Destroyed PersistentFrame Addr=0x0000020184825800, Size=160
[2018.06.30-17.25.13:331][836]LogUObjectGlobals: Created PersistentFrame Addr=0x000002023fd0c860, Size=160, Default__OnGroundUI_C Function /Engine/Transient.REINST_OnGroundUI_C_10:ExecuteUbergraph_OnGroundUI
[2018.06.30-17.25.13:336][836]LogUObjectGlobals: Created PersistentFrame Addr=0x0000020240387240, Size=160, Default__OnGroundUI_C Function /Game/UI/Widgets/Inventory/Ground/OnGroundUI.OnGroundUI_C:ExecuteUbergraph_OnGroundUI
[2018.06.30-17.25.13:886][883]Cmd: OBJ SAVEPACKAGE PACKAGE="/Game/UI/Widgets/Inventory/Ground/OnGroundUI" FILE="../../../../../../../Projects/FPS/FPS/Content/UI/Widgets/Inventory/Ground/OnGroundUI.uasset" SILENT=true
[2018.06.30-17.25.13:935][883]LogSavePackage: Save=31.61ms
[2018.06.30-17.25.13:935][883]LogSavePackage: Moving '../../../../../../../Projects/FPS/FPS/Saved/OnGroundUIF3FC1B7646C9C51AB286ACB9DF4540C3.tmp' to '../../../../../../../Projects/FPS/FPS/Content/UI/Widgets/Inventory/Ground/OnGroundUI.uasset'
[2018.06.30-17.25.13:937][883]LogSavePackage: Display: Finished SavePackage ../../../../../../../Projects/FPS/FPS/Content/UI/Widgets/Inventory/Ground/OnGroundUI.uasset
[2018.06.30-17.25.14:480][946]LogTemp: Repeating last play command: Selected Viewport
[2018.06.30-17.25.14:518][946]LogPlayLevel: PlayLevel: No blueprints needed recompiling
[2018.06.30-17.25.14:519][946]PIE: New page: PIE session: Level1 (Jun 30, 2018, 9:25:14 PM)
[2018.06.30-17.25.14:519][946]LogPlayLevel: Creating play world package: /Game/Maps/UEDPIE_0_Level1
[2018.06.30-17.25.14:533][946]LogPlayLevel: PIE: StaticDuplicateObject took: (0.013615s)
[2018.06.30-17.25.14:534][946]LogAIModule: Creating AISystem for world Level1
[2018.06.30-17.25.14:534][946]LogPlayLevel: PIE: World Init took: (0.001024s)
[2018.06.30-17.25.14:534][946]LogPlayLevel: PIE: Created PIE world by copying editor world from /Game/Maps/Level1.Level1 to /Game/Maps/UEDPIE_0_Level1.Level1 (0.015222s)
[2018.06.30-17.25.14:552][946]LogUObjectGlobals: Destroyed PersistentFrame Addr=0x000002023fd0c860, Size=160
[2018.06.30-17.25.14:558][946]LogInit: XAudio2 using 'Speakers (Logitech G35 Headset)' : 2 channels at 44.1 kHz using 16 bits per sample (channel mask 0x3)
[2018.06.30-17.25.14:567][946]LogInit: FAudioDevice initialized.
[2018.06.30-17.25.14:620][946]LogLoad: Game class is 'BP_FPSGameModeBase_C'
[2018.06.30-17.25.14:631][946]LogWorld: Bringing World /Game/Maps/UEDPIE_0_Level1.Level1 up for play (max tick rate 0) at 2018.06.30-19.25.14
[2018.06.30-17.25.14:632][946]LogWorld: Bringing up level for play took: 0.010817
[2018.06.30-17.25.14:641][946]PIE: Play in editor start time for /Game/Maps/UEDPIE_0_Level1 0.197
[2018.06.30-17.25.14:679][946]LogRenderer: Reallocating scene render targets to support 1292x756 Format 10 NumSamples 1 (Frame:1).
[2018.06.30-17.25.17:315][123]LogTemp: Warning: There is no current weapon
[2018.06.30-17.25.18:633][214]LogTemp: Warning: There is no current weapon
[2018.06.30-17.25.19:061][244]LogTemp: Warning: There is no current weapon
[2018.06.30-17.25.19:643][284]LogTemp: Warning: There is no current weapon
[2018.06.30-17.25.19:917][303]LogTemp: Warning: There is no current weapon
[2018.06.30-17.25.20:461][340]LogTemp: Warning: There is no current weapon
[2018.06.30-17.25.20:749][360]LogTemp: Warning: There is no current weapon
[2018.06.30-17.25.21:255][395]LogTemp: Warning: There is no current weapon
[2018.06.30-17.25.21:469][410]LogTemp: Warning: There is no current weapon
[2018.06.30-17.25.21:745][429]LogTemp: Warning: There is no current weapon
[2018.06.30-17.25.21:919][441]LogTemp: Warning: There is no current weapon
[2018.06.30-17.25.22:400][474]LogTemp: Warning: There is no current weapon
[2018.06.30-17.25.22:560][485]LogTemp: Warning: There is no current weapon
[2018.06.30-17.25.22:821][503]LogTemp: Warning: There is no current weapon
[2018.06.30-17.25.22:937][511]LogTemp: Warning: There is no current weapon
[2018.06.30-17.25.23:157][526]LogTemp: Warning: There is no current weapon
[2018.06.30-17.25.23:331][538]LogTemp: Warning: There is no current weapon
[2018.06.30-17.25.23:651][560]LogTemp: Warning: There is no current weapon
[2018.06.30-17.25.23:870][575]LogTemp: Warning: There is no current weapon
[2018.06.30-17.25.24:205][598]LogTemp: Warning: There is no current weapon
[2018.06.30-17.25.24:336][607]LogTemp: Warning: There is no current weapon
[2018.06.30-17.25.25:038][655]LogTemp: Warning: There is no current weapon
[2018.06.30-17.25.25:185][665]LogTemp: Warning: There is no current weapon
[2018.06.30-17.25.25:720][701]LogTemp: Warning: There is no current weapon
[2018.06.30-17.25.26:136][730]LogTemp: Warning: There is no current weapon
[2018.06.30-17.25.26:646][765]LogTemp: Warning: There is no current weapon
[2018.06.30-17.25.27:036][792]LogTemp: Warning: There is no current weapon
[2018.06.30-17.25.27:531][826]LogTemp: Warning: There is no current weapon
[2018.06.30-17.25.27:817][846]LogTemp: Warning: There is no current weapon
[2018.06.30-17.25.28:348][882]LogTemp: Warning: There is no current weapon
[2018.06.30-17.25.28:592][899]LogTemp: Warning: There is no current weapon
[2018.06.30-17.25.28:836][916]LogTemp: Warning: There is no current weapon
[2018.06.30-17.25.29:253][945]LogTemp: Warning: There is no current weapon
[2018.06.30-17.25.30:048][999]LogTemp: Warning: There is no current weapon
[2018.06.30-17.25.30:435][ 25]LogTemp: Warning: There is no current weapon
[2018.06.30-17.25.30:910][ 57]LogTemp: Warning: There is no current weapon
[2018.06.30-17.25.31:202][ 77]LogTemp: Warning: There is no current weapon
[2018.06.30-17.25.31:551][101]LogTemp: Warning: There is no current weapon
[2018.06.30-17.25.31:794][118]LogTemp: Warning: There is no current weapon
[2018.06.30-17.25.32:227][148]LogTemp: Warning: There is no current weapon
[2018.06.30-17.25.32:459][164]LogTemp: Warning: There is no current weapon
[2018.06.30-17.25.32:824][189]LogTemp: Warning: There is no current weapon
[2018.06.30-17.25.32:984][200]LogTemp: Warning: There is no current weapon
[2018.06.30-17.25.33:289][221]LogTemp: Warning: There is no current weapon
[2018.06.30-17.25.33:706][250]LogTemp: Warning: There is no current weapon
[2018.06.30-17.25.33:864][261]LogTemp: Warning: There is no current weapon
[2018.06.30-17.25.34:124][279]LogTemp: Warning: There is no current weapon
[2018.06.30-17.25.34:225][286]LogTemp: Warning: There is no current weapon
[2018.06.30-17.25.34:700][319]LogTemp: Warning: There is no current weapon
[2018.06.30-17.25.34:945][336]LogTemp: Warning: There is no current weapon
[2018.06.30-17.25.35:407][368]LogTemp: Warning: There is no current weapon
[2018.06.30-17.25.35:494][374]LogTemp: Warning: There is no current weapon
[2018.06.30-17.25.35:795][395]LogTemp: Warning: There is no current weapon
[2018.06.30-17.25.36:031][411]LogTemp: Warning: There is no current weapon
[2018.06.30-17.25.36:448][439]LogTemp: Warning: There is no current weapon
[2018.06.30-17.25.36:624][451]LogTemp: Warning: There is no current weapon
[2018.06.30-17.25.36:913][471]LogTemp: Warning: There is no current weapon
[2018.06.30-17.25.37:042][480]LogTemp: Warning: There is no current weapon
[2018.06.30-17.25.37:304][498]LogTemp: Warning: There is no current weapon
[2018.06.30-17.25.37:436][507]LogTemp: Warning: There is no current weapon
[2018.06.30-17.25.37:757][529]LogTemp: Warning: There is no current weapon
[2018.06.30-17.25.37:950][542]LogTemp: Warning: There is no current weapon
[2018.06.30-17.25.38:440][575]LogTemp: Warning: There is no current weapon
[2018.06.30-17.25.38:870][604]LogTemp: Warning: There is no current weapon
[2018.06.30-17.25.39:239][629]LogTemp: Warning: There is no current weapon
[2018.06.30-17.25.39:342][636]LogTemp: Warning: There is no current weapon
[2018.06.30-17.25.39:400][640]LogTemp: Warning: There is no current weapon
[2018.06.30-17.25.39:636][656]LogTemp: Warning: There is no current weapon
[2018.06.30-17.25.39:696][660]LogTemp: Warning: There is no current weapon
[2018.06.30-17.25.39:827][669]LogTemp: Warning: There is no current weapon
[2018.06.30-17.25.40:267][699]LogSlate: FSceneViewport::OnFocusLost() reason 0
[2018.06.30-17.25.41:047][750]LogSlate: Took 0.002060 seconds to synchronously load lazily loaded font '../../../Engine/Content/Slate/Fonts/DroidSansFallback.ttf' (3848K)
[2018.06.30-17.26.14:015][905]Cmd: OBJ SAVEPACKAGE PACKAGE="/Game/UI/Widgets/Inventory/Ground/OnGroundSlot" FILE="../../../../../../../Projects/FPS/FPS/Content/UI/Widgets/Inventory/Ground/OnGroundSlot.uasset" SILENT=true
[2018.06.30-17.26.14:051][905]LogSavePackage: Save=20.58ms
[2018.06.30-17.26.14:052][905]LogSavePackage: Moving '../../../../../../../Projects/FPS/FPS/Saved/OnGroundSlot55D6D2F7418BFB1A886CC09CAA97465D.tmp' to '../../../../../../../Projects/FPS/FPS/Content/UI/Widgets/Inventory/Ground/OnGroundSlot.uasset'
[2018.06.30-17.26.14:058][905]LogSavePackage: Display: Finished SavePackage ../../../../../../../Projects/FPS/FPS/Content/UI/Widgets/Inventory/Ground/OnGroundSlot.uasset
[2018.06.30-17.26.15:098][970]LogSlate: Window 'FPS Game Preview Standalone (64-bit/PCD3D_SM5)' being destroyed
[2018.06.30-17.26.15:844][ 40]BlueprintLog: New page: Compile OnGroundSlot
[2018.06.30-17.26.15:853][ 40]LogUObjectGlobals: Destroyed PersistentFrame Addr=0x00000201a8f08988, Size=4
[2018.06.30-17.26.15:853][ 40]LogUObjectGlobals: Created PersistentFrame Addr=0x00000202612da760, Size=4, Default__OnGroundSlot_C Function /Engine/Transient.REINST_OnGroundSlot_C_13:ExecuteUbergraph_OnGroundSlot
[2018.06.30-17.26.15:856][ 40]LogUObjectGlobals: Created PersistentFrame Addr=0x00000202612da4f8, Size=4, Default__OnGroundSlot_C Function /Game/UI/Widgets/Inventory/Ground/OnGroundSlot.OnGroundSlot_C:ExecuteUbergraph_OnGroundSlot
[2018.06.30-17.26.16:538][108]Cmd: OBJ SAVEPACKAGE PACKAGE="/Game/UI/Widgets/Inventory/Ground/OnGroundSlot" FILE="../../../../../../../Projects/FPS/FPS/Content/UI/Widgets/Inventory/Ground/OnGroundSlot.uasset" SILENT=true
[2018.06.30-17.26.16:565][108]LogSavePackage: Save=16.77ms
[2018.06.30-17.26.16:565][108]LogSavePackage: Moving '../../../../../../../Projects/FPS/FPS/Saved/OnGroundSlot9B0A068A45AEE27CA7A82690C2030F3D.tmp' to '../../../../../../../Projects/FPS/FPS/Content/UI/Widgets/Inventory/Ground/OnGroundSlot.uasset'
[2018.06.30-17.26.16:566][108]LogSavePackage: Display: Finished SavePackage ../../../../../../../Projects/FPS/FPS/Content/UI/Widgets/Inventory/Ground/OnGroundSlot.uasset
[2018.06.30-17.26.17:164][179]LogTemp: Repeating last play command: Selected Viewport
[2018.06.30-17.26.17:190][179]LogPlayLevel: PlayLevel: No blueprints needed recompiling
[2018.06.30-17.26.17:190][179]PIE: New page: PIE session: Level1 (Jun 30, 2018, 9:26:17 PM)
[2018.06.30-17.26.17:191][179]LogPlayLevel: Creating play world package: /Game/Maps/UEDPIE_0_Level1
[2018.06.30-17.26.17:203][179]LogPlayLevel: PIE: StaticDuplicateObject took: (0.012772s)
[2018.06.30-17.26.17:204][179]LogAIModule: Creating AISystem for world Level1
[2018.06.30-17.26.17:204][179]LogPlayLevel: PIE: World Init took: (0.000880s)
[2018.06.30-17.26.17:205][179]LogPlayLevel: PIE: Created PIE world by copying editor world from /Game/Maps/Level1.Level1 to /Game/Maps/UEDPIE_0_Level1.Level1 (0.014114s)
[2018.06.30-17.26.17:228][179]LogInit: XAudio2 using 'Speakers (Logitech G35 Headset)' : 2 channels at 44.1 kHz using 16 bits per sample (channel mask 0x3)
[2018.06.30-17.26.17:236][179]LogInit: FAudioDevice initialized.
[2018.06.30-17.26.17:287][179]LogLoad: Game class is 'BP_FPSGameModeBase_C'
[2018.06.30-17.26.17:296][179]LogWorld: Bringing World /Game/Maps/UEDPIE_0_Level1.Level1 up for play (max tick rate 0) at 2018.06.30-19.26.17
[2018.06.30-17.26.17:297][179]LogWorld: Bringing up level for play took: 0.009233
[2018.06.30-17.26.17:305][179]PIE: Play in editor start time for /Game/Maps/UEDPIE_0_Level1 0.862
[2018.06.30-17.26.20:251][393]LogTemp: Warning: There is no current weapon
[2018.06.30-17.26.20:723][425]LogTemp: Warning: There is no current weapon
[2018.06.30-17.26.20:968][442]LogTemp: Warning: There is no current weapon
[2018.06.30-17.26.21:358][469]LogTemp: Warning: There is no current weapon
[2018.06.30-17.26.21:673][491]LogTemp: Warning: There is no current weapon
[2018.06.30-17.26.22:095][520]LogTemp: Warning: There is no current weapon
[2018.06.30-17.26.22:182][526]LogTemp: Warning: There is no current weapon
[2018.06.30-17.26.22:356][538]LogTemp: Warning: There is no current weapon
[2018.06.30-17.26.22:444][544]LogTemp: Warning: There is no current weapon
[2018.06.30-17.26.22:589][554]LogTemp: Warning: There is no current weapon
[2018.06.30-17.26.22:662][559]LogTemp: Warning: There is no current weapon
[2018.06.30-17.26.22:764][566]LogTemp: Warning: There is no current weapon
[2018.06.30-17.26.23:098][587]LogSlate: Window 'FPS Game Preview Standalone (64-bit/PCD3D_SM5)' being destroyed
[2018.06.30-17.26.29:319][316]BlueprintLog: New page: Compile OnGroundUI
[2018.06.30-17.26.29:334][316]LogUObjectGlobals: Destroyed PersistentFrame Addr=0x0000020240387240, Size=160
[2018.06.30-17.26.29:334][316]LogUObjectGlobals: Created PersistentFrame Addr=0x000002025f6b58a0, Size=160, Default__OnGroundUI_C Function /Engine/Transient.REINST_OnGroundUI_C_16:ExecuteUbergraph_OnGroundUI
[2018.06.30-17.26.29:338][316]LogUObjectGlobals: Created PersistentFrame Addr=0x000002018019fe20, Size=160, Default__OnGroundUI_C Function /Game/UI/Widgets/Inventory/Ground/OnGroundUI.OnGroundUI_C:ExecuteUbergraph_OnGroundUI
[2018.06.30-17.26.29:814][365]Cmd: OBJ SAVEPACKAGE PACKAGE="/Game/UI/Widgets/Inventory/Ground/OnGroundUI" FILE="../../../../../../../Projects/FPS/FPS/Content/UI/Widgets/Inventory/Ground/OnGroundUI.uasset" SILENT=true
[2018.06.30-17.26.29:860][365]LogSavePackage: Save=34.87ms
[2018.06.30-17.26.29:860][365]LogSavePackage: Moving '../../../../../../../Projects/FPS/FPS/Saved/OnGroundUI37A46EE1405C31F630B3668F9F02F11E.tmp' to '../../../../../../../Projects/FPS/FPS/Content/UI/Widgets/Inventory/Ground/OnGroundUI.uasset'
[2018.06.30-17.26.29:862][365]LogSavePackage: Display: Finished SavePackage ../../../../../../../Projects/FPS/FPS/Content/UI/Widgets/Inventory/Ground/OnGroundUI.uasset
[2018.06.30-17.26.30:365][425]LogTemp: Repeating last play command: Selected Viewport
[2018.06.30-17.26.30:406][425]LogPlayLevel: PlayLevel: No blueprints needed recompiling
[2018.06.30-17.26.30:406][425]PIE: New page: PIE session: Level1 (Jun 30, 2018, 9:26:30 PM)
[2018.06.30-17.26.30:406][425]LogPlayLevel: Creating play world package: /Game/Maps/UEDPIE_0_Level1
[2018.06.30-17.26.30:419][425]LogPlayLevel: PIE: StaticDuplicateObject took: (0.012840s)
[2018.06.30-17.26.30:420][425]LogAIModule: Creating AISystem for world Level1
[2018.06.30-17.26.30:420][425]LogPlayLevel: PIE: World Init took: (0.000927s)
[2018.06.30-17.26.30:421][425]LogPlayLevel: PIE: Created PIE world by copying editor world from /Game/Maps/Level1.Level1 to /Game/Maps/UEDPIE_0_Level1.Level1 (0.014507s)
[2018.06.30-17.26.30:440][425]LogUObjectGlobals: Destroyed PersistentFrame Addr=0x000002025f6b58a0, Size=160
[2018.06.30-17.26.30:446][425]LogInit: XAudio2 using 'Speakers (Logitech G35 Headset)' : 2 channels at 44.1 kHz using 16 bits per sample (channel mask 0x3)
[2018.06.30-17.26.30:455][425]LogInit: FAudioDevice initialized.
[2018.06.30-17.26.30:508][425]LogLoad: Game class is 'BP_FPSGameModeBase_C'
[2018.06.30-17.26.30:518][425]LogWorld: Bringing World /Game/Maps/UEDPIE_0_Level1.Level1 up for play (max tick rate 0) at 2018.06.30-19.26.30
[2018.06.30-17.26.30:519][425]LogWorld: Bringing up level for play took: 0.009988
[2018.06.30-17.26.30:527][425]PIE: Play in editor start time for /Game/Maps/UEDPIE_0_Level1 0.084
[2018.06.30-17.26.32:534][551]LogTemp: Warning: There is no current weapon
[2018.06.30-17.26.33:111][590]LogTemp: Warning: There is no current weapon
[2018.06.30-17.26.33:409][611]LogTemp: Warning: There is no current weapon
[2018.06.30-17.26.33:765][636]LogTemp: Warning: There is no current weapon
[2018.06.30-17.26.34:128][660]LogSlate: Window 'FPS Game Preview Standalone (64-bit/PCD3D_SM5)' being destroyed
[2018.06.30-17.26.46:840][159]BlueprintLog: New page: Compile OnGroundUI
[2018.06.30-17.26.46:854][159]LogUObjectGlobals: Destroyed PersistentFrame Addr=0x000002018019fe20, Size=160
[2018.06.30-17.26.46:854][159]LogUObjectGlobals: Created PersistentFrame Addr=0x000002025d9b2340, Size=160, Default__OnGroundUI_C Function /Engine/Transient.REINST_OnGroundUI_C_19:ExecuteUbergraph_OnGroundUI
[2018.06.30-17.26.46:860][159]LogUObjectGlobals: Created PersistentFrame Addr=0x0000020240386840, Size=160, Default__OnGroundUI_C Function /Game/UI/Widgets/Inventory/Ground/OnGroundUI.OnGroundUI_C:ExecuteUbergraph_OnGroundUI
[2018.06.30-17.26.47:315][198]Cmd: OBJ SAVEPACKAGE PACKAGE="/Game/UI/Widgets/Inventory/Ground/OnGroundUI" FILE="../../../../../../../Projects/FPS/FPS/Content/UI/Widgets/Inventory/Ground/OnGroundUI.uasset" SILENT=true
[2018.06.30-17.26.47:363][198]LogSavePackage: Save=37.48ms
[2018.06.30-17.26.47:364][198]LogSavePackage: Moving '../../../../../../../Projects/FPS/FPS/Saved/OnGroundUI2464EB2A40A3EF362E3C06996C1545E4.tmp' to '../../../../../../../Projects/FPS/FPS/Content/UI/Widgets/Inventory/Ground/OnGroundUI.uasset'
[2018.06.30-17.26.47:366][198]LogSavePackage: Display: Finished SavePackage ../../../../../../../Projects/FPS/FPS/Content/UI/Widgets/Inventory/Ground/OnGroundUI.uasset
[2018.06.30-17.26.47:901][261]LogTemp: Repeating last play command: Selected Viewport
[2018.06.30-17.26.47:928][261]LogPlayLevel: PlayLevel: No blueprints needed recompiling
[2018.06.30-17.26.47:928][261]PIE: New page: PIE session: Level1 (Jun 30, 2018, 9:26:47 PM)
[2018.06.30-17.26.47:928][261]LogPlayLevel: Creating play world package: /Game/Maps/UEDPIE_0_Level1
[2018.06.30-17.26.47:942][261]LogPlayLevel: PIE: StaticDuplicateObject took: (0.013070s)
[2018.06.30-17.26.47:942][261]LogAIModule: Creating AISystem for world Level1
[2018.06.30-17.26.47:943][261]LogPlayLevel: PIE: World Init took: (0.000848s)
[2018.06.30-17.26.47:943][261]LogPlayLevel: PIE: Created PIE world by copying editor world from /Game/Maps/Level1.Level1 to /Game/Maps/UEDPIE_0_Level1.Level1 (0.014459s)
[2018.06.30-17.26.47:967][261]LogInit: XAudio2 using 'Speakers (Logitech G35 Headset)' : 2 channels at 44.1 kHz using 16 bits per sample (channel mask 0x3)
[2018.06.30-17.26.47:975][261]LogInit: FAudioDevice initialized.
[2018.06.30-17.26.48:025][261]LogLoad: Game class is 'BP_FPSGameModeBase_C'
[2018.06.30-17.26.48:034][261]LogWorld: Bringing World /Game/Maps/UEDPIE_0_Level1.Level1 up for play (max tick rate 0) at 2018.06.30-19.26.48
[2018.06.30-17.26.48:035][261]LogWorld: Bringing up level for play took: 0.008991
[2018.06.30-17.26.48:043][261]PIE: Play in editor start time for /Game/Maps/UEDPIE_0_Level1 -0.4
[2018.06.30-17.26.49:533][359]LogTemp: Warning: There is no current weapon
[2018.06.30-17.26.49:991][390]LogTemp: Warning: There is no current weapon
[2018.06.30-17.26.50:193][404]LogTemp: Warning: There is no current weapon
[2018.06.30-17.26.50:412][419]LogTemp: Warning: There is no current weapon
[2018.06.30-17.26.51:147][468]LogSlate: Window 'FPS Game Preview Standalone (64-bit/PCD3D_SM5)' being destroyed
