Log file open, 06/18/18 20:31:47
LogWindows: Failed to load 'aqProf.dll' (GetLastError=126)
LogWindows: File 'aqProf.dll' does not exist
LogWindows: Failed to load 'VtuneApi.dll' (GetLastError=126)
LogWindows: File 'VtuneApi.dll' does not exist
LogWindows: Failed to load 'VtuneApi32e.dll' (GetLastError=126)
LogWindows: File 'VtuneApi32e.dll' does not exist
LogInit: Display: Running engine for game: FPS
LogPlatformFile: Not using cached read wrapper
LogInit: Display: RandInit(-546536479) SRandInit(-546536479).
LogInit: Read version file with build ID '3944462'
LogInit: Overriding engine version to CL 4033788, compatible CL 3944462
LogInit: Registered custom module enumerator with build ID '3944462'
LogTaskGraph: Started task graph with 5 named threads and 23 total threads with 3 sets of task threads.
LogStats: Stats thread started at 0.397819
LogD3D11RHI: Aftermath initialized
LogICUInternationalization: Display: ICU TimeZone Detection - Raw Offset: +1:00, Platform Override: ''
LogPluginManager: Mounting plugin Paper2D
LogPluginManager: Mounting plugin LiveLink
LogPluginManager: Mounting plugin LightPropagationVolume
LogPluginManager: Mounting plugin CLionSourceCodeAccess
LogPluginManager: Mounting plugin CodeLiteSourceCodeAccess
LogPluginManager: Mounting plugin GitSourceControl
LogPluginManager: Mounting plugin KDevelopSourceCodeAccess
LogPluginManager: Mounting plugin NullSourceCodeAccess
LogPluginManager: Mounting plugin PerforceSourceControl
LogPluginManager: Mounting plugin SubversionSourceControl
LogPluginManager: Mounting plugin UObjectPlugin
LogPluginManager: Mounting plugin VisualStudioCodeSourceCodeAccess
LogPluginManager: Mounting plugin VisualStudioSourceCodeAccess
LogPluginManager: Mounting plugin XCodeSourceCodeAccess
LogPluginManager: Mounting plugin AssetManagerEditor
LogPluginManager: Mounting plugin CryptoKeys
LogPluginManager: Mounting plugin DataValidation
LogPluginManager: Mounting plugin FacialAnimation
LogPluginManager: Mounting plugin GameplayTagsEditor
LogPluginManager: Mounting plugin MobileLauncherProfileWizard
LogPluginManager: Mounting plugin PluginBrowser
LogPluginManager: Mounting plugin SpeedTreeImporter
LogPluginManager: Mounting plugin DatasmithContent
LogPluginManager: Mounting plugin AlembicImporter
LogPluginManager: Mounting plugin CharacterAI
LogPluginManager: Mounting plugin HTML5Networking
LogPluginManager: Mounting plugin AndroidMedia
LogPluginManager: Mounting plugin AvfMedia
LogPluginManager: Mounting plugin ImgMedia
LogPluginManager: Mounting plugin LinearTimecode
LogPluginManager: Mounting plugin MediaCompositing
LogPluginManager: Mounting plugin MediaPlayerEditor
LogPluginManager: Mounting plugin WmfMedia
LogPluginManager: Mounting plugin TcpMessaging
LogPluginManager: Mounting plugin UdpMessaging
LogPluginManager: Mounting plugin ActorSequence
LogPluginManager: Mounting plugin LevelSequenceEditor
LogPluginManager: Mounting plugin MatineeToLevelSequence
LogPluginManager: Mounting plugin NetcodeUnitTest
LogPluginManager: Mounting plugin NUTUnrealEngine4
LogPluginManager: Mounting plugin OnlineSubsystemGooglePlay
LogPluginManager: Mounting plugin OnlineSubsystemIOS
LogPluginManager: Mounting plugin OnlineSubsystem
LogPluginManager: Mounting plugin OnlineSubsystemNull
LogPluginManager: Mounting plugin OnlineSubsystemUtils
LogPluginManager: Mounting plugin AndroidDeviceProfileSelector
LogPluginManager: Mounting plugin AndroidMoviePlayer
LogPluginManager: Mounting plugin AndroidPermission
LogPluginManager: Mounting plugin AppleARKit
LogPluginManager: Mounting plugin AppleMoviePlayer
LogPluginManager: Mounting plugin ArchVisCharacter
LogPluginManager: Mounting plugin AudioCapture
LogPluginManager: Mounting plugin CableComponent
LogPluginManager: Mounting plugin CustomMeshComponent
LogPluginManager: Mounting plugin ExampleDeviceProfileSelector
LogPluginManager: Mounting plugin GoogleCloudMessaging
LogPluginManager: Mounting plugin ImmediatePhysics
LogPluginManager: Mounting plugin IOSDeviceProfileSelector
LogPluginManager: Mounting plugin LinuxDeviceProfileSelector
LogPluginManager: Mounting plugin LocationServicesBPLibrary
LogPluginManager: Mounting plugin MobilePatchingUtils
LogPluginManager: Mounting plugin OculusVR
LogPluginManager: Plugin shader directory ../../../Engine/Plugins/Runtime/Oculus/OculusVR/Shaders found
LogPluginManager: Mapping shader source directory ../../../Engine/Plugins/Runtime/Oculus/OculusVR/Shaders to virtual directory /Plugin/OculusVR
LogPluginManager: Mounting plugin PhysXVehicles
LogPluginManager: Mounting plugin ProceduralMeshComponent
LogPluginManager: Mounting plugin RuntimePhysXCooking
LogPluginManager: Mounting plugin SteamVR
LogPluginManager: Mounting plugin WindowsMoviePlayer
LogPluginManager: Mounting plugin CoverPointGenerator
LogStreaming: Display: Took  0.081s to configure plugins.
LogModuleManager: Display: Found up-to-date module file ../../../../../../../Projects/FPS/FPS/Binaries/Win64/UE4Editor-FPS.dll (API version 3944462).
LogModuleManager: Display: Found up-to-date module file ../../../Engine/Plugins/2D/Paper2D/Binaries/Win64/UE4Editor-Paper2D.dll (API version 3944462).
LogModuleManager: Display: Found up-to-date module file ../../../Engine/Plugins/2D/Paper2D/Binaries/Win64/UE4Editor-Paper2DEditor.dll (API version 3944462).
LogModuleManager: Display: Found up-to-date module file ../../../Engine/Plugins/2D/Paper2D/Binaries/Win64/UE4Editor-PaperSpriteSheetImporter.dll (API version 3944462).
LogModuleManager: Display: Found up-to-date module file ../../../Engine/Plugins/2D/Paper2D/Binaries/Win64/UE4Editor-PaperTiledImporter.dll (API version 3944462).
LogModuleManager: Display: Found up-to-date module file ../../../Engine/Plugins/2D/Paper2D/Binaries/Win64/UE4Editor-SmartSnapping.dll (API version 3944462).
LogModuleManager: Display: Found up-to-date module file ../../../Engine/Plugins/Animation/LiveLink/Binaries/Win64/UE4Editor-LiveLink.dll (API version 3944462).
LogModuleManager: Display: Found up-to-date module file ../../../Engine/Plugins/Animation/LiveLink/Binaries/Win64/UE4Editor-LiveLinkEditor.dll (API version 3944462).
LogModuleManager: Display: Found up-to-date module file ../../../Engine/Plugins/Blendables/LightPropagationVolume/Binaries/Win64/UE4Editor-LightPropagationVolumeRuntime.dll (API version 3944462).
LogModuleManager: Display: Found up-to-date module file ../../../Engine/Plugins/Blendables/LightPropagationVolume/Binaries/Win64/UE4Editor-LightPropagationVolumeEditor.dll (API version 3944462).
LogModuleManager: Display: Found up-to-date module file ../../../Engine/Plugins/Developer/CLionSourceCodeAccess/Binaries/Win64/UE4Editor-CLionSourceCodeAccess.dll (API version 3944462).
LogModuleManager: Display: Found up-to-date module file ../../../Engine/Plugins/Developer/GitSourceControl/Binaries/Win64/UE4Editor-GitSourceControl.dll (API version 3944462).
LogModuleManager: Display: Found up-to-date module file ../../../Engine/Plugins/Developer/PerforceSourceControl/Binaries/Win64/UE4Editor-PerforceSourceControl.dll (API version 3944462).
LogModuleManager: Display: Found up-to-date module file ../../../Engine/Plugins/Developer/SubversionSourceControl/Binaries/Win64/UE4Editor-SubversionSourceControl.dll (API version 3944462).
LogModuleManager: Display: Found up-to-date module file ../../../Engine/Plugins/Developer/UObjectPlugin/Binaries/Win64/UE4Editor-UObjectPlugin.dll (API version 3944462).
LogModuleManager: Display: Found up-to-date module file ../../../Engine/Plugins/Developer/VisualStudioCodeSourceCodeAccess/Binaries/Win64/UE4Editor-VisualStudioCodeSourceCodeAccess.dll (API version 3944462).
LogModuleManager: Display: Found up-to-date module file ../../../Engine/Plugins/Developer/VisualStudioSourceCodeAccess/Binaries/Win64/UE4Editor-VisualStudioSourceCodeAccess.dll (API version 3944462).
LogModuleManager: Display: Found up-to-date module file ../../../Engine/Plugins/Editor/AssetManagerEditor/Binaries/Win64/UE4Editor-AssetManagerEditor.dll (API version 3944462).
LogModuleManager: Display: Found up-to-date module file ../../../Engine/Plugins/Editor/CryptoKeys/Binaries/Win64/UE4Editor-CryptoKeys.dll (API version 3944462).
LogModuleManager: Display: Found up-to-date module file ../../../Engine/Plugins/Editor/CryptoKeys/Binaries/Win64/UE4Editor-CryptoKeysOpenSSL.dll (API version 3944462).
LogModuleManager: Display: Found up-to-date module file ../../../Engine/Plugins/Editor/DataValidation/Binaries/Win64/UE4Editor-DataValidation.dll (API version 3944462).
LogModuleManager: Display: Found up-to-date module file ../../../Engine/Plugins/Editor/FacialAnimation/Binaries/Win64/UE4Editor-FacialAnimation.dll (API version 3944462).
LogModuleManager: Display: Found up-to-date module file ../../../Engine/Plugins/Editor/FacialAnimation/Binaries/Win64/UE4Editor-FacialAnimationEditor.dll (API version 3944462).
LogModuleManager: Display: Found up-to-date module file ../../../Engine/Plugins/Editor/GameplayTagsEditor/Binaries/Win64/UE4Editor-GameplayTagsEditor.dll (API version 3944462).
LogModuleManager: Display: Found up-to-date module file ../../../Engine/Plugins/Editor/MobileLauncherProfileWizard/Binaries/Win64/UE4Editor-MobileLauncherProfileWizard.dll (API version 3944462).
LogModuleManager: Display: Found up-to-date module file ../../../Engine/Plugins/Editor/PluginBrowser/Binaries/Win64/UE4Editor-PluginBrowser.dll (API version 3944462).
LogModuleManager: Display: Found up-to-date module file ../../../Engine/Plugins/Editor/SpeedTreeImporter/Binaries/Win64/UE4Editor-SpeedTreeImporter.dll (API version 3944462).
LogModuleManager: Display: Found up-to-date module file ../../../Engine/Plugins/Enterprise/DatasmithContent/Binaries/Win64/UE4Editor-DatasmithContent.dll (API version 3944462).
LogModuleManager: Display: Found up-to-date module file ../../../Engine/Plugins/Experimental/AlembicImporter/Binaries/Win64/UE4Editor-AlembicImporter.dll (API version 3944462).
LogModuleManager: Display: Found up-to-date module file ../../../Engine/Plugins/Experimental/AlembicImporter/Binaries/Win64/UE4Editor-AlembicLibrary.dll (API version 3944462).
LogModuleManager: Display: Found up-to-date module file ../../../Engine/Plugins/Experimental/CharacterAI/Binaries/Win64/UE4Editor-CharacterAI.dll (API version 3944462).
LogModuleManager: Display: Found up-to-date module file ../../../Engine/Plugins/Experimental/HTML5Networking/Binaries/Win64/UE4Editor-HTML5Networking.dll (API version 3944462).
LogModuleManager: Display: Found up-to-date module file ../../../Engine/Plugins/Media/AndroidMedia/Binaries/Win64/UE4Editor-AndroidMediaEditor.dll (API version 3944462).
LogModuleManager: Display: Found up-to-date module file ../../../Engine/Plugins/Media/AndroidMedia/Binaries/Win64/UE4Editor-AndroidMediaFactory.dll (API version 3944462).
LogModuleManager: Display: Found up-to-date module file ../../../Engine/Plugins/Media/AvfMedia/Binaries/Win64/UE4Editor-AvfMediaEditor.dll (API version 3944462).
LogModuleManager: Display: Found up-to-date module file ../../../Engine/Plugins/Media/AvfMedia/Binaries/Win64/UE4Editor-AvfMediaFactory.dll (API version 3944462).
LogModuleManager: Display: Found up-to-date module file ../../../Engine/Plugins/Media/AvfMedia/Binaries/Win64/UE4Editor-AvfMediaFactory.dll (API version 3944462).
LogModuleManager: Display: Found up-to-date module file ../../../Engine/Plugins/Media/ImgMedia/Binaries/Win64/UE4Editor-ImgMedia.dll (API version 3944462).
LogModuleManager: Display: Found up-to-date module file ../../../Engine/Plugins/Media/ImgMedia/Binaries/Win64/UE4Editor-ImgMediaEditor.dll (API version 3944462).
LogModuleManager: Display: Found up-to-date module file ../../../Engine/Plugins/Media/ImgMedia/Binaries/Win64/UE4Editor-ImgMediaFactory.dll (API version 3944462).
LogModuleManager: Display: Found up-to-date module file ../../../Engine/Plugins/Media/ImgMedia/Binaries/Win64/UE4Editor-ImgMediaFactory.dll (API version 3944462).
LogModuleManager: Display: Found up-to-date module file ../../../Engine/Plugins/Media/ImgMedia/Binaries/Win64/UE4Editor-OpenExrWrapper.dll (API version 3944462).
LogModuleManager: Display: Found up-to-date module file ../../../Engine/Plugins/Media/LinearTimecode/Binaries/Win64/UE4Editor-LinearTimecode.dll (API version 3944462).
LogModuleManager: Display: Found up-to-date module file ../../../Engine/Plugins/Media/MediaCompositing/Binaries/Win64/UE4Editor-MediaCompositing.dll (API version 3944462).
LogModuleManager: Display: Found up-to-date module file ../../../Engine/Plugins/Media/MediaCompositing/Binaries/Win64/UE4Editor-MediaCompositingEditor.dll (API version 3944462).
LogModuleManager: Display: Found up-to-date module file ../../../Engine/Plugins/Media/MediaPlayerEditor/Binaries/Win64/UE4Editor-MediaPlayerEditor.dll (API version 3944462).
LogModuleManager: Display: Found up-to-date module file ../../../Engine/Plugins/Media/WmfMedia/Binaries/Win64/UE4Editor-WmfMedia.dll (API version 3944462).
LogModuleManager: Display: Found up-to-date module file ../../../Engine/Plugins/Media/WmfMedia/Binaries/Win64/UE4Editor-WmfMediaEditor.dll (API version 3944462).
LogModuleManager: Display: Found up-to-date module file ../../../Engine/Plugins/Media/WmfMedia/Binaries/Win64/UE4Editor-WmfMediaFactory.dll (API version 3944462).
LogModuleManager: Display: Found up-to-date module file ../../../Engine/Plugins/Media/WmfMedia/Binaries/Win64/UE4Editor-WmfMediaFactory.dll (API version 3944462).
LogModuleManager: Display: Found up-to-date module file ../../../Engine/Plugins/Messaging/TcpMessaging/Binaries/Win64/UE4Editor-TcpMessaging.dll (API version 3944462).
LogModuleManager: Display: Found up-to-date module file ../../../Engine/Plugins/Messaging/UdpMessaging/Binaries/Win64/UE4Editor-UdpMessaging.dll (API version 3944462).
LogModuleManager: Display: Found up-to-date module file ../../../Engine/Plugins/MovieScene/ActorSequence/Binaries/Win64/UE4Editor-ActorSequence.dll (API version 3944462).
LogModuleManager: Display: Found up-to-date module file ../../../Engine/Plugins/MovieScene/LevelSequenceEditor/Binaries/Win64/UE4Editor-LevelSequenceEditor.dll (API version 3944462).
LogModuleManager: Display: Found up-to-date module file ../../../Engine/Plugins/MovieScene/MatineeToLevelSequence/Binaries/Win64/UE4Editor-MatineeToLevelSequence.dll (API version 3944462).
LogModuleManager: Display: Found up-to-date module file ../../../Engine/Plugins/NetcodeUnitTest/NetcodeUnitTest/Binaries/Win64/UE4Editor-NetcodeUnitTest.dll (API version 3944462).
LogModuleManager: Display: Found up-to-date module file ../../../Engine/Plugins/NetcodeUnitTest/NUTUnrealEngine4/Binaries/Win64/UE4Editor-NUTUnrealEngine4.dll (API version 3944462).
LogModuleManager: Display: Found up-to-date module file ../../../Engine/Plugins/Online/OnlineSubsystem/Binaries/Win64/UE4Editor-OnlineSubsystem.dll (API version 3944462).
LogModuleManager: Display: Found up-to-date module file ../../../Engine/Plugins/Online/OnlineSubsystemNull/Binaries/Win64/UE4Editor-OnlineSubsystemNull.dll (API version 3944462).
LogModuleManager: Display: Found up-to-date module file ../../../Engine/Plugins/Online/OnlineSubsystemUtils/Binaries/Win64/UE4Editor-OnlineSubsystemUtils.dll (API version 3944462).
LogModuleManager: Display: Found up-to-date module file ../../../Engine/Plugins/Online/OnlineSubsystemUtils/Binaries/Win64/UE4Editor-OnlineBlueprintSupport.dll (API version 3944462).
LogModuleManager: Display: Found up-to-date module file ../../../Engine/Plugins/Runtime/AndroidDeviceProfileSelector/Binaries/Win64/UE4Editor-AndroidDeviceProfileSelector.dll (API version 3944462).
LogModuleManager: Display: Found up-to-date module file ../../../Engine/Plugins/Runtime/AndroidPermission/Binaries/Win64/UE4Editor-AndroidPermission.dll (API version 3944462).
LogModuleManager: Display: Found up-to-date module file ../../../Engine/Plugins/Runtime/AppleARKit/Binaries/Win64/UE4Editor-AppleARKit.dll (API version 3944462).
LogModuleManager: Display: Found up-to-date module file ../../../Engine/Plugins/Runtime/ArchVisCharacter/Binaries/Win64/UE4Editor-ArchVisCharacter.dll (API version 3944462).
LogModuleManager: Display: Found up-to-date module file ../../../Engine/Plugins/Runtime/AudioCapture/Binaries/Win64/UE4Editor-AudioCapture.dll (API version 3944462).
LogModuleManager: Display: Found up-to-date module file ../../../Engine/Plugins/Runtime/AudioCapture/Binaries/Win64/UE4Editor-AudioCaptureEditor.dll (API version 3944462).
LogModuleManager: Display: Found up-to-date module file ../../../Engine/Plugins/Runtime/CableComponent/Binaries/Win64/UE4Editor-CableComponent.dll (API version 3944462).
LogModuleManager: Display: Found up-to-date module file ../../../Engine/Plugins/Runtime/CustomMeshComponent/Binaries/Win64/UE4Editor-CustomMeshComponent.dll (API version 3944462).
LogModuleManager: Display: Found up-to-date module file ../../../Engine/Plugins/Runtime/ExampleDeviceProfileSelector/Binaries/Win64/UE4Editor-ExampleDeviceProfileSelector.dll (API version 3944462).
LogModuleManager: Display: Found up-to-date module file ../../../Engine/Plugins/Runtime/ImmediatePhysics/Binaries/Win64/UE4Editor-ImmediatePhysics.dll (API version 3944462).
LogModuleManager: Display: Found up-to-date module file ../../../Engine/Plugins/Runtime/ImmediatePhysics/Binaries/Win64/UE4Editor-ImmediatePhysicsEditor.dll (API version 3944462).
LogModuleManager: Display: Found up-to-date module file ../../../Engine/Plugins/Runtime/LocationServicesBPLibrary/Binaries/Win64/UE4Editor-LocationServicesBPLibrary.dll (API version 3944462).
LogModuleManager: Display: Found up-to-date module file ../../../Engine/Plugins/Runtime/MobilePatchingUtils/Binaries/Win64/UE4Editor-MobilePatchingUtils.dll (API version 3944462).
LogModuleManager: Display: Found up-to-date module file ../../../Engine/Plugins/Runtime/Oculus/OculusVR/Binaries/Win64/UE4Editor-OculusHMD.dll (API version 3944462).
LogModuleManager: Display: Found up-to-date module file ../../../Engine/Plugins/Runtime/Oculus/OculusVR/Binaries/Win64/UE4Editor-OculusInput.dll (API version 3944462).
LogModuleManager: Display: Found up-to-date module file ../../../Engine/Plugins/Runtime/Oculus/OculusVR/Binaries/Win64/UE4Editor-OculusEditor.dll (API version 3944462).
LogModuleManager: Display: Found up-to-date module file ../../../Engine/Plugins/Runtime/PhysXVehicles/Binaries/Win64/UE4Editor-PhysXVehicles.dll (API version 3944462).
LogModuleManager: Display: Found up-to-date module file ../../../Engine/Plugins/Runtime/PhysXVehicles/Binaries/Win64/UE4Editor-PhysXVehiclesEditor.dll (API version 3944462).
LogModuleManager: Display: Found up-to-date module file ../../../Engine/Plugins/Runtime/ProceduralMeshComponent/Binaries/Win64/UE4Editor-ProceduralMeshComponent.dll (API version 3944462).
LogModuleManager: Display: Found up-to-date module file ../../../Engine/Plugins/Runtime/ProceduralMeshComponent/Binaries/Win64/UE4Editor-ProceduralMeshComponentEditor.dll (API version 3944462).
LogModuleManager: Display: Found up-to-date module file ../../../Engine/Plugins/Runtime/RuntimePhysXCooking/Binaries/Win64/UE4Editor-RuntimePhysXCooking.dll (API version 3944462).
LogModuleManager: Display: Found up-to-date module file ../../../Engine/Plugins/Runtime/Steam/SteamVR/Binaries/Win64/UE4Editor-SteamVR.dll (API version 3944462).
LogModuleManager: Display: Found up-to-date module file ../../../Engine/Plugins/Runtime/Steam/SteamVR/Binaries/Win64/UE4Editor-SteamVRController.dll (API version 3944462).
LogModuleManager: Display: Found up-to-date module file ../../../Engine/Plugins/Runtime/WindowsMoviePlayer/Binaries/Win64/UE4Editor-WindowsMoviePlayer.dll (API version 3944462).
LogModuleManager: Display: Found up-to-date module file ../../../../../../../Projects/FPS/FPS/Plugins/CoverPointGenerator/Binaries/Win64/UE4Editor-CoverPointGenerator.dll (API version 3944462).
LogInit: Using libcurl 7.47.1
LogInit:  - built for x86_64-pc-win32
LogInit:  - supports SSL with OpenSSL/1.0.2g
LogInit:  - supports HTTP deflate (compression) using libz 1.2.8
LogInit:  - other features:
LogInit:      CURL_VERSION_SSL
LogInit:      CURL_VERSION_LIBZ
LogInit:      CURL_VERSION_IPV6
LogInit:      CURL_VERSION_ASYNCHDNS
LogInit:      CURL_VERSION_LARGEFILE
LogInit:      CURL_VERSION_IDN
LogInit:  CurlRequestOptions (configurable via config and command line):
LogInit:  - bVerifyPeer = false  - Libcurl will NOT verify peer certificate
LogInit:  - bUseHttpProxy = false  - Libcurl will NOT use HTTP proxy
LogInit:  - bDontReuseConnections = false  - Libcurl will reuse connections
LogInit:  - CertBundlePath = nullptr  - Libcurl will use whatever was configured at build time.
LogInit:  - MaxHostConnections = 16  - Libcurl will limit the number of connections to a host
LogInit:  - LocalHostAddr = Default
LogInit: WinSock: version 1.1 (2.2), MaxSocks=32767, MaxUdp=65467
LogInit: WinSock: I am DESKTOP-27ERO04 (192.168.178.101:0)
LogInit: Build: ++UE4+Release-4.19-CL-4033788
LogInit: Engine Version: 4.19.2-4033788+++UE4+Release-4.19
LogInit: Compatible Engine Version: 4.19.0-3944462+++UE4+Release-4.19
LogInit: Net CL: 3944462
LogDevObjectVersion: Number of dev versions registered: 18
LogDevObjectVersion:   Dev-Blueprints (B0D832E4-1F89-4F0D-ACCF-7EB736FD4AA2): 10
LogDevObjectVersion:   Dev-Build (E1C64328-A22C-4D53-A36C-8E866417BD8C): 0
LogDevObjectVersion:   Dev-Core (375EC13C-06E4-48FB-B500-84F0262A717E): 2
LogDevObjectVersion:   Dev-Editor (E4B068ED-F494-42E9-A231-DA0B2E46BB41): 23
LogDevObjectVersion:   Dev-Framework (CFFC743F-43B0-4480-9391-14DF171D2073): 33
LogDevObjectVersion:   Dev-Mobile (B02B49B5-BB20-44E9-A304-32B752E40360): 2
LogDevObjectVersion:   Dev-Networking (A4E4105C-59A1-49B5-A7C5-40C4547EDFEE): 0
LogDevObjectVersion:   Dev-Online (39C831C9-5AE6-47DC-9A44-9C173E1C8E7C): 0
LogDevObjectVersion:   Dev-Physics (78F01B33-EBEA-4F98-B9B4-84EACCB95AA2): 0
LogDevObjectVersion:   Dev-Platform (6631380F-2D4D-43E0-8009-CF276956A95A): 0
LogDevObjectVersion:   Dev-Rendering (12F88B9F-8875-4AFC-A67C-D90C383ABD29): 25
LogDevObjectVersion:   Dev-Sequencer (7B5AE74C-D270-4C10-A958-57980B212A5A): 6
LogDevObjectVersion:   Dev-VR (D7296918-1DD6-4BDD-9DE2-64A83CC13884): 1
LogDevObjectVersion:   Dev-LoadTimes (C2A15278-BFE7-4AFE-6C17-90FF531DF755): 1
LogDevObjectVersion:   Private-Geometry (6EACA3D4-40EC-4CC1-B786-8BED09428FC5): 2
LogDevObjectVersion:   Dev-AnimPhys (29E575DD-E0A3-4627-9D10-D276232CDCEA): 16
LogDevObjectVersion:   Dev-ReflectionCapture (6B266CEC-1EC7-4B8F-A30B-E4D90942FC07): 1
LogDevObjectVersion:   Dev-Automation (0DF73D61-A23F-47EA-B727-89E90C41499A): 1
LogInit: Compiled (64-bit): Apr 27 2018 02:06:57
LogInit: Compiled with Visual C++: 19.00.24215.01
LogInit: Build Configuration: Development
LogInit: Branch Name: ++UE4+Release-4.19
LogInit: Command Line:  -skipcompile
LogInit: Base Directory: E:/Game Engines/Epic Games/4.19/UE_4.19/Engine/Binaries/Win64/
LogInit: Installed Engine Build: 1
LogStreaming: Display: Took  0.001s to delete old logs.
LogInit: Presizing for max 8388607 objects, including 0 objects not considered by GC, pre-allocating 0 bytes for permanent pool.
LogInit: Object subsystem initialized
[2018.06.18-18.31.48:362][  0]LogInit: Selected Device Profile: [Windows]
[2018.06.18-18.31.48:362][  0]LogInit: Applying CVar settings loaded from the selected device profile: [Windows]
[2018.06.18-18.31.48:394][  0]LogInit: Computer: DESKTOP-27ERO04
[2018.06.18-18.31.48:394][  0]LogInit: User: TomColdenhoff
[2018.06.18-18.31.48:394][  0]LogInit: CPU Page size=4096, Cores=4
[2018.06.18-18.31.48:394][  0]LogInit: High frequency timer resolution =3.319355 MHz
[2018.06.18-18.31.48:395][  0]LogMemory: Memory total: Physical=11.9GB (12GB approx)
[2018.06.18-18.31.48:395][  0]LogMemory: Platform Memory Stats for Windows
[2018.06.18-18.31.48:395][  0]LogMemory: Process Physical Memory: 278.87 MB used, 279.29 MB peak
[2018.06.18-18.31.48:395][  0]LogMemory: Process Virtual Memory: 269.74 MB used, 269.74 MB peak
[2018.06.18-18.31.48:395][  0]LogMemory: Physical Memory: 6333.12 MB used,  5874.32 MB free, 12207.44 MB total
[2018.06.18-18.31.48:395][  0]LogMemory: Virtual Memory: 4794.46 MB used,  5874.32 MB free, 134217728.00 MB total
[2018.06.18-18.31.48:433][  0]LogInit: Using OS detected language (en-US).
[2018.06.18-18.31.48:433][  0]LogInit: Using OS detected locale (en-US).
[2018.06.18-18.31.48:436][  0]LogTextLocalizationManager: No specific localization for 'en-US' exists, so the 'en' localization will be used.
[2018.06.18-18.31.48:852][  0]LogStreaming: Display: Took  0.419s to EndInitTextLocalization.
[2018.06.18-18.31.48:852][  0]LogInit: Setting process to per monitor DPI aware
[2018.06.18-18.31.48:906][  0]LogSlate: New Slate User Created.  User Index 0, Is Virtual User: 0
[2018.06.18-18.31.48:906][  0]LogSlate: Slate User Registered.  User Index 0, Is Virtual User: 0
[2018.06.18-18.31.49:088][  0]LogD3D11RHI: D3D11 adapters:
[2018.06.18-18.31.49:159][  0]LogD3D11RHI:    0. 'NVIDIA GeForce GTX 970' (Feature Level 11_0)
[2018.06.18-18.31.49:159][  0]LogD3D11RHI:       4043/0/6103 MB DedicatedVideo/DedicatedSystem/SharedSystem, Outputs:2, VendorId:0x10de
[2018.06.18-18.31.49:163][  0]LogD3D11RHI:    1. 'Microsoft Basic Render Driver' (Feature Level 11_0)
[2018.06.18-18.31.49:163][  0]LogD3D11RHI:       0/0/6103 MB DedicatedVideo/DedicatedSystem/SharedSystem, Outputs:0, VendorId:0x1414
[2018.06.18-18.31.49:163][  0]LogD3D11RHI: Chosen D3D11 Adapter: 0
[2018.06.18-18.31.49:171][  0]LogD3D11RHI: Creating new Direct3DDevice
[2018.06.18-18.31.49:171][  0]LogD3D11RHI:     GPU DeviceId: 0x13c2 (for the marketing name, search the web for "GPU Device Id")
[2018.06.18-18.31.49:171][  0]LogWindows: EnumDisplayDevices:
[2018.06.18-18.31.49:172][  0]LogWindows:    0. 'NVIDIA GeForce GTX 970' (P:1 D:1)
[2018.06.18-18.31.49:172][  0]LogWindows:    1. 'NVIDIA GeForce GTX 970' (P:0 D:1)
[2018.06.18-18.31.49:172][  0]LogWindows:    2. 'NVIDIA GeForce GTX 970' (P:0 D:0)
[2018.06.18-18.31.49:172][  0]LogWindows:    3. 'NVIDIA GeForce GTX 970' (P:0 D:0)
[2018.06.18-18.31.49:172][  0]LogWindows: DebugString: GetVideoDriverDetailsInvalid PrimaryIsNotTheChoosenAdapter GetVideoDriverDetailsInvalid PrimaryIsNotTheChoosenAdapter GetVideoDriverDetailsInvalid PrimaryIsNotTheChoosenAdapter GetVideoDriverDetailsInvalid PrimaryIsNotTheChoosenAdapter FoundDriverCount:0 
[2018.06.18-18.31.49:172][  0]LogD3D11RHI:     Adapter Name: NVIDIA GeForce GTX 970
[2018.06.18-18.31.49:172][  0]LogD3D11RHI:   Driver Version: Unknown (internal:Unknown, unified:Unknown)
[2018.06.18-18.31.49:172][  0]LogD3D11RHI:      Driver Date: Unknown
[2018.06.18-18.31.49:172][  0]LogRHI: Texture pool is 2830 MB (70% of 4043 MB)
[2018.06.18-18.31.49:212][  0]LogD3D11RHI: [Aftermath] Aftermath enabled and primed
[2018.06.18-18.31.49:212][  0]LogD3D11RHI: [Aftermath] Aftermath enabled and primed
[2018.06.18-18.31.49:212][  0]LogD3D11RHI: Async texture creation enabled
[2018.06.18-18.31.49:274][  0]LogD3D11RHI: GPU Timing Frequency: 1000.000000 (Debug: 2 2)
[2018.06.18-18.31.49:322][  0]LogShaderCompilers: Guid format shader working directory is 16 characters bigger than the processId version (../../../../../../../Projects/FPS/FPS/Intermediate/Shaders/WorkingDirectory/14676/).
[2018.06.18-18.31.49:322][  0]LogShaderCompilers: Cleaned the shader compiler working directory 'C:/Users/TomColdenhoff/AppData/Local/Temp/UnrealShaderWorkingDir/361D06EB4B920A49A7A00685A75AD1F4/'.
[2018.06.18-18.31.49:509][  0]LogTemp: Display: Loaded TP AllDesktopTargetPlatform
[2018.06.18-18.31.49:523][  0]LogTemp: Display: Loaded TP MacClientTargetPlatform
[2018.06.18-18.31.49:538][  0]LogTemp: Display: Loaded TP MacNoEditorTargetPlatform
[2018.06.18-18.31.49:552][  0]LogTemp: Display: Loaded TP MacServerTargetPlatform
[2018.06.18-18.31.49:567][  0]LogTemp: Display: Loaded TP MacTargetPlatform
[2018.06.18-18.31.49:582][  0]LogTemp: Display: Loaded TP WindowsClientTargetPlatform
[2018.06.18-18.31.49:596][  0]LogTemp: Display: Loaded TP WindowsNoEditorTargetPlatform
[2018.06.18-18.31.49:609][  0]LogTemp: Display: Loaded TP WindowsServerTargetPlatform
[2018.06.18-18.31.49:617][  0]LogTemp: Display: Loaded TP WindowsTargetPlatform
[2018.06.18-18.31.49:630][  0]LogTemp: Display: Loaded TP Android_ASTCTargetPlatform
[2018.06.18-18.31.49:643][  0]LogTemp: Display: Loaded TP Android_ATCTargetPlatform
[2018.06.18-18.31.49:658][  0]LogTemp: Display: Loaded TP Android_DXTTargetPlatform
[2018.06.18-18.31.49:672][  0]LogTemp: Display: Loaded TP Android_ETC1aTargetPlatform
[2018.06.18-18.31.49:685][  0]LogTemp: Display: Loaded TP Android_ETC1TargetPlatform
[2018.06.18-18.31.49:699][  0]LogTemp: Display: Loaded TP Android_ETC2TargetPlatform
[2018.06.18-18.31.49:725][  0]LogTemp: Display: Loaded TP Android_MultiTargetPlatform
[2018.06.18-18.31.49:726][  0]LogTemp: Display: Loaded TP Android_PVRTCTargetPlatform
[2018.06.18-18.31.49:739][  0]LogTemp: Display: Loaded TP AndroidTargetPlatform
[2018.06.18-18.31.49:742][  0]LogTemp: Display: Loaded TP HTML5TargetPlatform
[2018.06.18-18.31.49:787][  0]LogTemp: Display: Loaded TP IOSTargetPlatform
[2018.06.18-18.31.49:802][  0]LogTemp: Display: Loaded TP TVOSTargetPlatform
[2018.06.18-18.31.49:815][  0]LogTemp: Display: Loaded TP LinuxClientTargetPlatform
[2018.06.18-18.31.49:829][  0]LogTemp: Display: Loaded TP LinuxNoEditorTargetPlatform
[2018.06.18-18.31.49:849][  0]LogTemp: Display: Loaded TP LinuxServerTargetPlatform
[2018.06.18-18.31.49:863][  0]LogTemp: Display: Loaded TP LinuxTargetPlatform
[2018.06.18-18.31.49:863][  0]LogTargetPlatformManager: Display: Building Assets For Windows
[2018.06.18-18.31.49:983][  0]LogXGEController: Cleaning working directory: C:/Users/TomColdenhoff/AppData/Local/Temp/UnrealXGEWorkingDir/
[2018.06.18-18.31.49:984][  0]LogXGEController: Cannot use XGE Controller as Incredibuild is not installed on this machine.
[2018.06.18-18.31.49:984][  0]LogShaderCompilers: Cannot use XGE Shader Compiler as Incredibuild is not installed on this machine.
[2018.06.18-18.31.49:984][  0]LogShaderCompilers: Display: Using Local Shader Compiler.
[2018.06.18-18.31.50:653][  0]LogDerivedDataCache: Display: Max Cache Size: 512 MB
[2018.06.18-18.31.50:728][  0]LogDerivedDataCache: Loaded boot cache 0.08s 80MB C:/Users/TomColdenhoff/AppData/Local/UnrealEngine/4.19/DerivedDataCache/Boot.ddc.
[2018.06.18-18.31.50:728][  0]LogDerivedDataCache: Display: Loaded Boot cache: C:/Users/TomColdenhoff/AppData/Local/UnrealEngine/4.19/DerivedDataCache/Boot.ddc
[2018.06.18-18.31.50:728][  0]LogDerivedDataCache: FDerivedDataBackendGraph:  Pak pak cache file ../../../../../../../Projects/FPS/FPS/DerivedDataCache/DDC.ddp not found, will not use a pak cache.
[2018.06.18-18.31.50:729][  0]LogDerivedDataCache: Unable to find inner node Pak for hierarchical cache Hierarchy.
[2018.06.18-18.31.50:729][  0]LogDerivedDataCache: FDerivedDataBackendGraph:  CompressedPak pak cache file ../../../../../../../Projects/FPS/FPS/DerivedDataCache/Compressed.ddp not found, will not use a pak cache.
[2018.06.18-18.31.50:729][  0]LogDerivedDataCache: Unable to find inner node CompressedPak for hierarchical cache Hierarchy.
[2018.06.18-18.31.50:744][  0]LogDerivedDataCache: Display: Pak cache opened for reading ../../../Engine/DerivedDataCache/Compressed.ddp.
[2018.06.18-18.31.50:757][  0]LogDerivedDataCache: Using Local data cache path C:/Users/TomColdenhoff/AppData/Local/UnrealEngine/Common/DerivedDataCache: Writable
[2018.06.18-18.31.50:757][  0]LogDerivedDataCache: Shared data cache path not found in *engine.ini, will not use an Shared cache.
[2018.06.18-18.31.50:757][  0]LogDerivedDataCache: Unable to find inner node Shared for hierarchical cache Hierarchy.
[2018.06.18-18.31.50:769][  0]LogMaterial: Verifying Global Shaders for PCD3D_SM5
[2018.06.18-18.31.50:770][  0]LogSlate: Using Freetype 2.6.0
[2018.06.18-18.31.50:771][  0]LogSlate: SlateFontCache - WITH_FREETYPE: 1, WITH_HARFBUZZ: 1
[2018.06.18-18.31.50:771][  0]LogSlate: SlateFontCache - WITH_FREETYPE: 1, WITH_HARFBUZZ: 1
[2018.06.18-18.31.50:871][  0]LogAssetRegistry: FAssetRegistry took 0.0278 seconds to start up
[2018.06.18-18.31.51:958][  0]LogInit: Selected Device Profile: [Windows]
[2018.06.18-18.31.52:099][  0]LogSimplygon: Simplygon DLL not present - disabling.
[2018.06.18-18.31.52:102][  0]LogMeshReduction: Using SimplygonSwarm for distributed automatic mesh merging
[2018.06.18-18.31.52:102][  0]LogMeshReduction: Using QuadricMeshReduction for automatic static mesh reduction
[2018.06.18-18.31.52:102][  0]LogMeshReduction: No automatic skeletal mesh reduction module available
[2018.06.18-18.31.52:102][  0]LogMeshReduction: No automatic mesh merging module available
[2018.06.18-18.31.52:102][  0]LogMeshMerging: No automatic mesh merging module available
[2018.06.18-18.31.52:128][  0]LogNetVersion: FPS , NetCL: 3944462, EngineNetVer: 2, GameNetVer: 0 (Checksum: 2326512385)
[2018.06.18-18.31.52:507][  0]LogPackageLocalizationCache: Processed 9 localized package path(s) for 2 prioritized culture(s) in 0.058397 seconds
[2018.06.18-18.31.52:513][  0]LogUObjectArray: 36728 objects as part of root set at end of initial load.
[2018.06.18-18.31.52:513][  0]LogUObjectAllocator: 7314304 out of 0 bytes used by permanent object pool.
[2018.06.18-18.31.52:513][  0]LogUObjectArray: CloseDisregardForGC: 0/0 objects in disregard for GC pool
[2018.06.18-18.31.54:068][  0]LogTcpMessaging: Initializing TcpMessaging bridge
[2018.06.18-18.31.54:095][  0]LogUdpMessaging: Initializing bridge on interface 0.0.0.0:0 to multicast group 230.0.0.1:6666.
[2018.06.18-18.31.54:426][  0]LogSkeletalMesh: Skeletal Mesh found in DDC [1.255967ms] /Game/Models/Player/Arms/Arms_SMG.Arms_SMG
[2018.06.18-18.31.54:449][  0]LogUObjectGlobals: Created PersistentFrame Addr=0x000002146b017f10, Size=80, Default__BP_SMGAnim_C Function /Game/Animations/SMG/BP_SMGAnim.BP_SMGAnim_C:ExecuteUbergraph_BP_SMGAnim
[2018.06.18-18.31.54:459][  0]LogUObjectGlobals: Destroyed PersistentFrame Addr=0x000002146b017f10, Size=80
[2018.06.18-18.31.54:459][  0]LogUObjectGlobals: Created PersistentFrame Addr=0x000002146c9cf600, Size=80, Default__BP_SMGAnim_C Function /Engine/Transient.REINST_BP_SMGAnim_C_0:ExecuteUbergraph_BP_SMGAnim
[2018.06.18-18.31.54:468][  0]LogUObjectGlobals: Created PersistentFrame Addr=0x000002146ca6d530, Size=80, Default__BP_SMGAnim_C Function /Game/Animations/SMG/BP_SMGAnim.BP_SMGAnim_C:ExecuteUbergraph_BP_SMGAnim
[2018.06.18-18.31.54:582][  0]SourceControl: Source control is disabled
[2018.06.18-18.31.54:583][  0]SourceControl: Source control is disabled
[2018.06.18-18.31.54:596][  0]SourceControl: Source control is disabled
[2018.06.18-18.31.54:613][  0]SourceControl: Source control is disabled
[2018.06.18-18.31.55:039][  0]LogAndroidPermission: UAndroidPermissionCallbackProxy::GetInstance
[2018.06.18-18.31.55:188][  0]LogOcInput: OculusInput pre-init called
[2018.06.18-18.31.56:198][  0]LogEngine: Initializing Engine...
[2018.06.18-18.31.56:199][  0]LogHMD: Failed to initialize OpenVR with code 110
[2018.06.18-18.31.56:201][  0]LogStats: UGameplayTagsManager::ConstructGameplayTagTree: Construct from data asset -  0.000 s
[2018.06.18-18.31.56:201][  0]LogStats: UGameplayTagsManager::ConstructGameplayTagTree: GameplayTagTreeChangedEvent.Broadcast -  0.000 s
[2018.06.18-18.31.56:408][  0]LogAIModule: Creating AISystem for world Untitled
[2018.06.18-18.31.56:435][  0]LogInit: XAudio2 using 'Speakers (Logitech G35 Headset)' : 2 channels at 44.1 kHz using 16 bits per sample (channel mask 0x3)
[2018.06.18-18.31.56:450][  0]LogInit: FAudioDevice initialized.
[2018.06.18-18.31.56:605][  0]LogDerivedDataCache: Saved boot cache 0.16s 80MB C:/Users/TomColdenhoff/AppData/Local/UnrealEngine/4.19/DerivedDataCache/Boot.ddc.
[2018.06.18-18.31.56:620][  0]LogInit: Texture streaming: Enabled
[2018.06.18-18.31.56:640][  0]LogEngineSessionManager: EngineSessionManager initialized
[2018.06.18-18.31.56:650][  0]LogInit: Transaction tracking system initialized
[2018.06.18-18.31.56:674][  0]BlueprintLog: New page: Editor Load
[2018.06.18-18.31.56:763][  0]LocalizationService: Localization service is disabled
[2018.06.18-18.31.56:868][  0]LogConsoleResponse: Display: 
[2018.06.18-18.31.56:997][  0]LogCook: Display: Max memory allowance for cook 16384mb min free memory 0mb
[2018.06.18-18.31.56:998][  0]LogCook: Display: Mobile HDR setting 1
[2018.06.18-18.31.56:998][  0]LogGameplayTags: Display: UGameplayTagsManager::DoneAddingNativeTags. DelegateIsBound: 0
[2018.06.18-18.31.56:998][  0]LogStats: UGameplayTagsManager::ConstructGameplayTagTree: Construct from data asset -  0.000 s
[2018.06.18-18.31.56:998][  0]LogStats: UGameplayTagsManager::ConstructGameplayTagTree: GameplayTagTreeChangedEvent.Broadcast -  0.000 s
[2018.06.18-18.31.57:287][  0]LogFileCache: Scanning file cache for directory 'E:/Projects/FPS/FPS/Content/' took 0.02s
[2018.06.18-18.31.57:295][  0]SourceControl: Source control is disabled
[2018.06.18-18.31.57:295][  0]Cmd: MAP LOAD FILE="../../../../../../../Projects/FPS/FPS/Content/Maps/Level1.umap" TEMPLATE=0 SHOWPROGRESS=1 FEATURELEVEL=3
[2018.06.18-18.31.57:296][  0]LightingResults: New page: Lighting Build
[2018.06.18-18.31.57:298][  0]MapCheck: New page: Map Check
[2018.06.18-18.31.57:298][  0]LightingResults: New page: Lighting Build
[2018.06.18-18.31.57:308][  0]LogUObjectGlobals: Destroyed PersistentFrame Addr=0x000002146c9cf600, Size=80
[2018.06.18-18.31.58:068][  0]LogAIModule: Creating AISystem for world Level1
[2018.06.18-18.31.58:100][  0]LogEditorServer: Finished looking for orphan Actors (0.000 secs)
[2018.06.18-18.31.58:117][  0]Cmd: MAP CHECKDEP NOCLEARLOG
[2018.06.18-18.31.58:173][  0]MapCheck: Map check complete: 0 Error(s), 0 Warning(s), took 56.008ms to complete.
[2018.06.18-18.31.58:173][  0]LogFileHelpers: Loading map 'Level1' took 0.878
[2018.06.18-18.31.58:332][  0]LogCollectionManager: Loaded 0 collections in 0.001509 seconds
[2018.06.18-18.31.58:377][  0]LogFileCache: Scanning file cache for directory 'E:/Projects/FPS/FPS/Saved/Collections/' took 0.01s
[2018.06.18-18.31.58:377][  0]LogFileCache: Scanning file cache for directory 'E:/Projects/FPS/FPS/Content/Developers/TomColdenhoff/Collections/' took 0.01s
[2018.06.18-18.31.58:377][  0]LogFileCache: Scanning file cache for directory 'E:/Projects/FPS/FPS/Content/Collections/' took 0.01s
[2018.06.18-18.31.58:377][  0]LogCollectionManager: Rebuilt the GUID cache for 0 collections in 0.000000 seconds
[2018.06.18-18.31.58:387][  0]LogContentBrowser: Native class hierarchy populated in 0.0096 seconds. Added 2480 classes and 565 folders.
[2018.06.18-18.31.58:392][  0]LogContentBrowser: Native class hierarchy updated for 'WidgetCarousel' in 0.0008 seconds. Added 0 classes and 0 folders.
[2018.06.18-18.31.58:425][  0]LogContentBrowser: Native class hierarchy updated for 'AddContentDialog' in 0.0009 seconds. Added 0 classes and 0 folders.
[2018.06.18-18.31.58:434][  0]LogContentBrowser: Native class hierarchy updated for 'SceneOutliner' in 0.0010 seconds. Added 1 classes and 2 folders.
[2018.06.18-18.31.59:502][  0]LogSlate: Only BGRA pngs, bmps or icos are supported in by External Image Picker
[2018.06.18-18.31.59:520][  0]LogSlate: Took 0.000168 seconds to synchronously load lazily loaded font '../../../Engine/Content/Slate/Fonts/Roboto-Regular.ttf' (155K)
[2018.06.18-18.31.59:532][  0]LogSlate: Took 0.000271 seconds to synchronously load lazily loaded font '../../../Engine/Content/Slate/Fonts/Roboto-Bold.ttf' (160K)
[2018.06.18-18.31.59:540][  0]LogSlate: Took 0.000273 seconds to synchronously load lazily loaded font '../../../Engine/Content/Editor/Slate/Fonts/FontAwesome.ttf' (139K)
[2018.06.18-18.31.59:633][  0]LogTemp: Executing iPhonePackager certificates Engine -bundlename com.YourCompany.FPS
[2018.06.18-18.31.59:633][  0]LogTemp: CWD: E:\Game Engines\Epic Games\4.19\UE_4.19\Engine\Binaries\DotNET\IOS
[2018.06.18-18.31.59:633][  0]LogTemp: Initial Dir: E:\Game Engines\Epic Games\4.19\UE_4.19
[2018.06.18-18.31.59:633][  0]LogTemp: Env CWD: E:\Game Engines\Epic Games\4.19\UE_4.19\Engine\Binaries\DotNET\IOS
[2018.06.18-18.31.59:633][  0]LogTemp: BranchPath = DESKTOP-27ERO04/E/Game Engines/Epic Games/4.19/UE_4.19/Engine/Binaries --- GameBranchPath = DESKTOP-27ERO04/E/Game Engines/Epic Games/4.19/UE_4.19/Engine/Binaries
[2018.06.18-18.31.59:634][  0]LogTemp: IPP ERROR: Could not find provision directory 'C:\Users\TomColdenhoff\AppData\Local/Apple Computer/MobileDevice/Provisioning Profiles/'.
[2018.06.18-18.31.59:634][  0]LogRenderer: Reallocating scene render targets to support 1136x532 Format 10 NumSamples 1 (Frame:1).
[2018.06.18-18.31.59:844][  0]LogContentBrowser: Native class hierarchy updated for 'HierarchicalLODOutliner' in 0.0010 seconds. Added 0 classes and 0 folders.
[2018.06.18-18.31.59:844][  0]LogLoad: (Engine Initialization) Total time: 13.89 seconds
[2018.06.18-18.31.59:844][  0]LogLoad: (Engine Initialization) Total Blueprint compile time: 0.00 seconds
[2018.06.18-18.31.59:861][  0]LogWindowsTextInputMethodSystem: Display: IME system now deactivated.
[2018.06.18-18.31.59:885][  0]LogContentStreaming: Texture pool size now 1000 MB
[2018.06.18-18.31.59:927][  0]LogSlate: Took 0.000197 seconds to synchronously load lazily loaded font '../../../Engine/Content/Slate/Fonts/Roboto-Light.ttf' (167K)
[2018.06.18-18.31.59:980][  1]LogAssetRegistry: Asset discovery search completed in 9.1324 seconds
[2018.06.18-18.31.59:982][  1]LogCollectionManager: Rebuilt the object cache for 0 collections in 0.000000 seconds (found 0 objects)
[2018.06.18-18.31.59:983][  1]LogCollectionManager: Fixed up redirectors for 0 collections in 0.000209 seconds (updated 0 objects)
[2018.06.18-18.32.28:754][302]LogSlate: FSceneViewport::OnFocusLost() reason 0
[2018.06.18-18.32.28:795][302]LogUObjectGlobals: Created PersistentFrame Addr=0x000002141cbd34c0, Size=320, Default__Slot_C Function /Game/UI/Widgets/Inventory/Slot.Slot_C:ExecuteUbergraph_Slot
[2018.06.18-18.32.28:799][302]LogUObjectGlobals: Destroyed PersistentFrame Addr=0x000002141cbd34c0, Size=320
[2018.06.18-18.32.28:799][302]LogUObjectGlobals: Created PersistentFrame Addr=0x000002141cbd34c0, Size=320, Default__Slot_C Function /Engine/Transient.REINST_Slot_C_0:ExecuteUbergraph_Slot
[2018.06.18-18.32.28:802][302]LogUObjectGlobals: Created PersistentFrame Addr=0x000002141cbd3100, Size=320, Default__Slot_C Function /Game/UI/Widgets/Inventory/Slot.Slot_C:ExecuteUbergraph_Slot
[2018.06.18-18.32.28:806][302]LogUObjectGlobals: Created PersistentFrame Addr=0x000002146b087e70, Size=40, Default__InventorySlots_C Function /Game/UI/Widgets/Inventory/InventorySlots.InventorySlots_C:ExecuteUbergraph_InventorySlots
[2018.06.18-18.32.28:826][302]LogUObjectGlobals: Destroyed PersistentFrame Addr=0x000002146b087e70, Size=40
[2018.06.18-18.32.28:826][302]LogUObjectGlobals: Created PersistentFrame Addr=0x000002146b087e70, Size=40, Default__InventorySlots_C Function /Engine/Transient.REINST_InventorySlots_C_1:ExecuteUbergraph_InventorySlots
[2018.06.18-18.32.28:826][302]LogUObjectGlobals: Created PersistentFrame Addr=0x000002146b087d58, Size=40, Default__InventorySlots_C Function /Game/UI/Widgets/Inventory/InventorySlots.InventorySlots_C:ExecuteUbergraph_InventorySlots
[2018.06.18-18.32.28:826][302]LogBlueprint: Error: [Compiler InventorySlots] The variable FImage declared in  InventorySlots  has an invalid type Structure
[2018.06.18-18.32.28:833][302]LogUObjectGlobals: Destroyed PersistentFrame Addr=0x000002146b087d58, Size=40
[2018.06.18-18.32.28:833][302]LogUObjectGlobals: Created PersistentFrame Addr=0x000002146b087d58, Size=40, Default__InventorySlots_C Function /Engine/Transient.REINST_InventorySlots_C_2:ExecuteUbergraph_InventorySlots
[2018.06.18-18.32.28:833][302]LogBlueprint: Error: [Compiler InventorySlots] The variable FImage declared in  InventorySlots  has an invalid type Structure
[2018.06.18-18.32.28:841][302]LogUObjectGlobals: Created PersistentFrame Addr=0x000002146b087e98, Size=40, Default__InventorySlots_C Function /Game/UI/Widgets/Inventory/InventorySlots.InventorySlots_C:ExecuteUbergraph_InventorySlots
[2018.06.18-18.32.28:842][302]LogBlueprint: Warning: [Compiler InventorySlots] [0042.89] Compile of InventorySlots failed. 2 Fatal Issue(s) 0 Warning(s) [in 14 ms] (/Game/UI/Widgets/Inventory/InventorySlots.InventorySlots)
[2018.06.18-18.32.34:665][302]LogSlate: Window 'Message' being destroyed
[2018.06.18-18.32.34:703][302]LogSlate: Took 0.000209 seconds to synchronously load lazily loaded font '../../../Engine/Content/Slate/Fonts/Roboto-Light.ttf' (167K)
[2018.06.18-18.32.34:932][302]LogContentBrowser: Native class hierarchy updated for 'BlueprintGraph' in 0.0012 seconds. Added 116 classes and 0 folders.
[2018.06.18-18.32.35:353][302]LogUObjectGlobals: Created PersistentFrame Addr=0x00000214161e1828, Size=4, Default__SKEL_PROTO_BP_AnimBlueprint_0_C Function /Engine/Transient.SKEL_PROTO_BP_AnimBlueprint_0_C:ExecuteUbergraph_PROTO_BP_AnimBlueprint_0
[2018.06.18-18.32.35:354][302]LogUObjectGlobals: Created PersistentFrame Addr=0x00000214161e1820, Size=4, Default__PROTO_BP_AnimBlueprint_0_C Function /Engine/Transient.PROTO_BP_AnimBlueprint_0_C:ExecuteUbergraph_PROTO_BP_AnimBlueprint_0
[2018.06.18-18.32.35:794][302]LogSlate: Took 0.000174 seconds to synchronously load lazily loaded font '../../../Engine/Content/Slate/Fonts/Roboto-BoldCondensed.ttf' (158K)
[2018.06.18-18.32.38:030][568]BlueprintLog: New page: Compile InventorySlots
[2018.06.18-18.32.38:076][568]LogUObjectGlobals: Destroyed PersistentFrame Addr=0x000002146b087e98, Size=40
[2018.06.18-18.32.38:076][568]LogUObjectGlobals: Created PersistentFrame Addr=0x000002141cb16b60, Size=40, InventorySlots_C_2 Function /Engine/Transient.REINST_InventorySlots_C_4:ExecuteUbergraph_InventorySlots
[2018.06.18-18.32.38:084][568]LogUObjectGlobals: Created PersistentFrame Addr=0x000002141cb16660, Size=40, Default__InventorySlots_C Function /Game/UI/Widgets/Inventory/InventorySlots.InventorySlots_C:ExecuteUbergraph_InventorySlots
[2018.06.18-18.32.38:108][568]LogUObjectGlobals: Destroyed PersistentFrame Addr=0x000002146b087d58, Size=40
[2018.06.18-18.32.38:108][568]LogUObjectGlobals: Destroyed PersistentFrame Addr=0x000002146b087e70, Size=40
[2018.06.18-18.32.38:108][568]LogUObjectGlobals: Destroyed PersistentFrame Addr=0x000002141cbd34c0, Size=320
[2018.06.18-18.32.38:970][668]BlueprintLog: New page: Compile InventorySlots
[2018.06.18-18.32.39:014][668]LogUObjectGlobals: Destroyed PersistentFrame Addr=0x000002141cb16660, Size=40
[2018.06.18-18.32.39:014][668]LogUObjectGlobals: Created PersistentFrame Addr=0x000002141cb16660, Size=40, Default__InventorySlots_C Function /Engine/Transient.REINST_InventorySlots_C_6:ExecuteUbergraph_InventorySlots
[2018.06.18-18.32.39:022][668]LogUObjectGlobals: Created PersistentFrame Addr=0x000002141cb15e90, Size=40, Default__InventorySlots_C Function /Game/UI/Widgets/Inventory/InventorySlots.InventorySlots_C:ExecuteUbergraph_InventorySlots
[2018.06.18-18.32.39:042][668]LogUObjectGlobals: Destroyed PersistentFrame Addr=0x000002141cb16b60, Size=40
[2018.06.18-18.32.40:181][801]LogConsoleManager: Warning: Performance warning: Console object named 'r.DebugSafeZone.Mode' shows many (500) FindConsoleObject() calls (consider caching e.g. using static)
[2018.06.18-18.32.40:636][856]LogTemp: Repeating last play command: Selected Viewport
[2018.06.18-18.32.40:663][856]LogPlayLevel: PlayLevel: No blueprints needed recompiling
[2018.06.18-18.32.40:664][856]PIE: New page: PIE session: Level1 (Jun 18, 2018, 10:32:40 PM)
[2018.06.18-18.32.40:664][856]LogPlayLevel: Creating play world package: /Game/Maps/UEDPIE_0_Level1
[2018.06.18-18.32.40:679][856]LogPlayLevel: PIE: StaticDuplicateObject took: (0.014512s)
[2018.06.18-18.32.40:680][856]LogAIModule: Creating AISystem for world Level1
[2018.06.18-18.32.40:680][856]LogPlayLevel: PIE: World Init took: (0.000828s)
[2018.06.18-18.32.40:680][856]LogPlayLevel: PIE: Created PIE world by copying editor world from /Game/Maps/Level1.Level1 to /Game/Maps/UEDPIE_0_Level1.Level1 (0.015832s)
[2018.06.18-18.32.40:699][856]LogUObjectGlobals: Destroyed PersistentFrame Addr=0x000002141cb16660, Size=40
[2018.06.18-18.32.40:706][856]LogInit: XAudio2 using 'Speakers (Logitech G35 Headset)' : 2 channels at 44.1 kHz using 16 bits per sample (channel mask 0x3)
[2018.06.18-18.32.40:714][856]LogInit: FAudioDevice initialized.
[2018.06.18-18.32.40:793][856]LogUObjectGlobals: Created PersistentFrame Addr=0x00000214046b5e50, Size=104, Default__BP_InGameGUI_C Function /Game/UI/Widgets/BP_InGameGUI.BP_InGameGUI_C:ExecuteUbergraph_BP_InGameGUI
[2018.06.18-18.32.40:796][856]LogUObjectGlobals: Destroyed PersistentFrame Addr=0x00000214046b5e50, Size=104
[2018.06.18-18.32.40:796][856]LogUObjectGlobals: Created PersistentFrame Addr=0x00000214046b5e50, Size=104, Default__BP_InGameGUI_C Function /Engine/Transient.REINST_BP_InGameGUI_C_7:ExecuteUbergraph_BP_InGameGUI
[2018.06.18-18.32.40:798][856]LogUObjectGlobals: Created PersistentFrame Addr=0x00000214046b4b10, Size=104, Default__BP_InGameGUI_C Function /Game/UI/Widgets/BP_InGameGUI.BP_InGameGUI_C:ExecuteUbergraph_BP_InGameGUI
[2018.06.18-18.32.40:808][856]LogUObjectGlobals: Created PersistentFrame Addr=0x000002144ed3dbd8, Size=4, Default__OnGroundSlot_C Function /Game/UI/Widgets/Inventory/Ground/OnGroundSlot.OnGroundSlot_C:ExecuteUbergraph_OnGroundSlot
[2018.06.18-18.32.40:811][856]LogUObjectGlobals: Destroyed PersistentFrame Addr=0x000002144ed3dbd8, Size=4
[2018.06.18-18.32.40:811][856]LogUObjectGlobals: Created PersistentFrame Addr=0x000002144ed3dbd8, Size=4, Default__OnGroundSlot_C Function /Engine/Transient.REINST_OnGroundSlot_C_9:ExecuteUbergraph_OnGroundSlot
[2018.06.18-18.32.40:813][856]LogUObjectGlobals: Created PersistentFrame Addr=0x000002144ed3ebd8, Size=4, Default__OnGroundSlot_C Function /Game/UI/Widgets/Inventory/Ground/OnGroundSlot.OnGroundSlot_C:ExecuteUbergraph_OnGroundSlot
[2018.06.18-18.32.40:815][856]LogUObjectGlobals: Created PersistentFrame Addr=0x00000214a48f3f60, Size=160, Default__OnGroundUI_C Function /Game/UI/Widgets/Inventory/Ground/OnGroundUI.OnGroundUI_C:ExecuteUbergraph_OnGroundUI
[2018.06.18-18.32.40:819][856]LogUObjectGlobals: Destroyed PersistentFrame Addr=0x00000214a48f3f60, Size=160
[2018.06.18-18.32.40:819][856]LogUObjectGlobals: Created PersistentFrame Addr=0x00000214a7133920, Size=160, Default__OnGroundUI_C Function /Engine/Transient.REINST_OnGroundUI_C_10:ExecuteUbergraph_OnGroundUI
[2018.06.18-18.32.40:823][856]LogUObjectGlobals: Created PersistentFrame Addr=0x00000214a712cea0, Size=160, Default__OnGroundUI_C Function /Game/UI/Widgets/Inventory/Ground/OnGroundUI.OnGroundUI_C:ExecuteUbergraph_OnGroundUI
[2018.06.18-18.32.40:829][856]LogUObjectGlobals: Created PersistentFrame Addr=0x00000214777064d0, Size=40, Default__UIHUD_C Function /Game/UI/Widgets/UIHUD.UIHUD_C:ExecuteUbergraph_UIHUD
[2018.06.18-18.32.40:833][856]LogUObjectGlobals: Destroyed PersistentFrame Addr=0x00000214777064d0, Size=40
[2018.06.18-18.32.40:833][856]LogUObjectGlobals: Created PersistentFrame Addr=0x00000214777064d0, Size=40, Default__UIHUD_C Function /Engine/Transient.REINST_UIHUD_C_11:ExecuteUbergraph_UIHUD
[2018.06.18-18.32.40:836][856]LogUObjectGlobals: Created PersistentFrame Addr=0x0000021477704090, Size=40, Default__UIHUD_C Function /Game/UI/Widgets/UIHUD.UIHUD_C:ExecuteUbergraph_UIHUD
[2018.06.18-18.32.40:873][856]LogLoad: Game class is 'BP_FPSGameModeBase_C'
[2018.06.18-18.32.40:884][856]LogWorld: Bringing World /Game/Maps/UEDPIE_0_Level1.Level1 up for play (max tick rate 0) at 2018.06.18-20.32.40
[2018.06.18-18.32.40:885][856]LogWorld: Bringing up level for play took: 0.010918
[2018.06.18-18.32.40:889][856]LogContentBrowser: Native class hierarchy updated for 'MovieSceneCapture' in 0.0011 seconds. Added 11 classes and 0 folders.
[2018.06.18-18.32.40:891][856]LogOutputDevice: Error: Ensure condition failed: Component->HasBegunPlay() [File:D:\Build\++UE4+Release-4.19+Compile\Sync\Engine\Source\Runtime\Engine\Private\Actor.cpp] [Line: 3129] 
Failed to route BeginPlay (SMG /Game/Maps/UEDPIE_0_Level1.Level1:PersistentLevel.BP_FPSPlayer_C_0.CurrentWeaponMesh)

[2018.06.18-18.32.40:891][856]LogStats:             FDebug::EnsureFailed -  0.000 s
[2018.06.18-18.32.42:634][856]PIE: Play in editor start time for /Game/Maps/UEDPIE_0_Level1 2.407
[2018.06.18-18.32.42:663][856]LogRenderer: Reallocating scene render targets to support 1292x756 Format 10 NumSamples 1 (Frame:1).
[2018.06.18-18.32.46:871][108]LogSlate: FSceneViewport::OnFocusLost() reason 0
[2018.06.18-18.32.49:252][302]LogSlate: Window 'FPS Game Preview Standalone (64-bit/PCD3D_SM5)' being destroyed
[2018.06.18-18.32.49:320][302]LogUObjectGlobals: Destroyed PersistentFrame Addr=0x00000214777064d0, Size=40
[2018.06.18-18.32.49:321][302]LogUObjectGlobals: Destroyed PersistentFrame Addr=0x00000214a7133920, Size=160
[2018.06.18-18.32.49:321][302]LogUObjectGlobals: Destroyed PersistentFrame Addr=0x000002144ed3dbd8, Size=4
[2018.06.18-18.32.49:322][302]LogUObjectGlobals: Destroyed PersistentFrame Addr=0x00000214046b5e50, Size=104
[2018.06.18-18.35.52:235][492]Candidate modules for hot reload:
[2018.06.18-18.35.52:235][492]  FPS
[2018.06.18-18.35.52:235][492]Launching UnrealBuildTool... [E:/Game Engines/Epic Games/4.19/UE_4.19/Engine/Binaries/DotNET/UnrealBuildTool.exe FPS -ModuleWithSuffix=FPS,2950 Win64 Development -editorrecompile -canskiplink "E:/Projects/FPS/FPS/FPS.uproject" ]
[2018.06.18-18.35.52:237][492]Warning: Starting HotReload took  0.0s.
[2018.06.18-18.36.13:406][683]CompilerResultsLog: New page: Compilation - Jun 18, 2018, 10:36:13 PM
[2018.06.18-18.36.13:407][683]CompilerResultsLog: Using 'git status' to determine working set for adaptive non-unity build.
[2018.06.18-18.36.13:407][683]CompilerResultsLog: Creating makefile for hot reloading FPS (ini files are newer than UBTMakefile)
[2018.06.18-18.36.13:407][683]CompilerResultsLog: Compiling game modules for hot reload
[2018.06.18-18.36.13:407][683]CompilerResultsLog: Parsing headers for FPSEditor
[2018.06.18-18.36.13:407][683]CompilerResultsLog:   Running UnrealHeaderTool "E:\Projects\FPS\FPS\FPS.uproject" "E:\Projects\FPS\FPS\Intermediate\Build\Win64\FPSEditor\Development\FPSEditor.uhtmanifest" -LogCmds="loginit warning, logexit warning, logdatabase error" -Unattended -WarningsAsErrors -installed
[2018.06.18-18.36.13:407][683]CompilerResultsLog: Reflection code generated for FPSEditor in 9.8297666 seconds
[2018.06.18-18.36.13:407][683]CompilerResultsLog: Performing 5 actions (4 in parallel)
[2018.06.18-18.36.13:407][683]CompilerResultsLog: UIComponent.cpp
[2018.06.18-18.36.13:407][683]CompilerResultsLog: FPSPlayer.cpp
[2018.06.18-18.36.13:407][683]CompilerResultsLog: UIComponent.gen.cpp
[2018.06.18-18.36.13:408][683]CompilerResultsLog: [4/5] Link UE4Editor-FPS-2950.dll
[2018.06.18-18.36.13:408][683]CompilerResultsLog: [5/5] Link UE4Editor-FPS-2950.lib
[2018.06.18-18.36.13:408][683]CompilerResultsLog:    Creating library E:\Projects\FPS\FPS\Intermediate\Build\Win64\UE4Editor\Development\UE4Editor-FPS-2950.lib and object E:\Projects\FPS\FPS\Intermediate\Build\Win64\UE4Editor\Development\UE4Editor-FPS-2950.exp
[2018.06.18-18.36.13:408][683]CompilerResultsLog:    Creating library E:\Projects\FPS\FPS\Intermediate\Build\Win64\UE4Editor\Development\UE4Editor-FPS-2950.suppressed.lib and object E:\Projects\FPS\FPS\Intermediate\Build\Win64\UE4Editor\Development\UE4Editor-FPS-2950.suppressed.exp
[2018.06.18-18.36.13:408][683]CompilerResultsLog: Total build time: 20.98 seconds (Local executor: 6.25 seconds)
[2018.06.18-18.36.13:408][683]LogMainFrame: MainFrame: Module compiling took 21.180 seconds
[2018.06.18-18.36.13:532][683]LogClass: SlotImage HotReload.
[2018.06.18-18.36.13:539][683]LogHotReload: Re-instancing CoverPoint after hot-reload.
[2018.06.18-18.36.16:461][683]LogContentBrowser: Native class hierarchy updated for 'FPS' in 0.0024 seconds. Added 28 classes and 7 folders.
[2018.06.18-18.36.16:465][683]Display: HotReload successful (11 functions remapped  2 scriptstructs remapped)
[2018.06.18-18.36.16:982][683]LogContentBrowser: Native class hierarchy populated in 0.0133 seconds. Added 2481 classes and 567 folders.
[2018.06.18-18.36.16:982][683]Display: HotReload took 24.8s.
