Log file open, 06/27/18 15:44:18
LogWindows: Failed to load 'aqProf.dll' (GetLastError=126)
LogWindows: File 'aqProf.dll' does not exist
LogWindows: Failed to load 'VtuneApi.dll' (GetLastError=126)
LogWindows: File 'VtuneApi.dll' does not exist
LogWindows: Failed to load 'VtuneApi32e.dll' (GetLastError=126)
LogWindows: File 'VtuneApi32e.dll' does not exist
LogInit: Display: Running engine for game: FPS
LogPlatformFile: Not using cached read wrapper
LogInit: Display: RandInit(-280333049) SRandInit(-280333049).
LogInit: Read version file with build ID '3944462'
LogInit: Overriding engine version to CL 4033788, compatible CL 3944462
LogInit: Registered custom module enumerator with build ID '3944462'
LogTaskGraph: Started task graph with 5 named threads and 23 total threads with 3 sets of task threads.
LogStats: Stats thread started at 0.426345
LogD3D11RHI: Aftermath initialized
LogICUInternationalization: Display: ICU TimeZone Detection - Raw Offset: +1:00, Platform Override: ''
LogPluginManager: Mounting plugin Paper2D
LogPluginManager: Mounting plugin LiveLink
LogPluginManager: Mounting plugin LightPropagationVolume
LogPluginManager: Mounting plugin CLionSourceCodeAccess
LogPluginManager: Mounting plugin CodeLiteSourceCodeAccess
LogPluginManager: Mounting plugin GitSourceControl
LogPluginManager: Mounting plugin KDevelopSourceCodeAccess
LogPluginManager: Mounting plugin NullSourceCodeAccess
LogPluginManager: Mounting plugin PerforceSourceControl
LogPluginManager: Mounting plugin SubversionSourceControl
LogPluginManager: Mounting plugin UObjectPlugin
LogPluginManager: Mounting plugin VisualStudioCodeSourceCodeAccess
LogPluginManager: Mounting plugin VisualStudioSourceCodeAccess
LogPluginManager: Mounting plugin XCodeSourceCodeAccess
LogPluginManager: Mounting plugin AssetManagerEditor
LogPluginManager: Mounting plugin CryptoKeys
LogPluginManager: Mounting plugin DataValidation
LogPluginManager: Mounting plugin FacialAnimation
LogPluginManager: Mounting plugin GameplayTagsEditor
LogPluginManager: Mounting plugin MobileLauncherProfileWizard
LogPluginManager: Mounting plugin PluginBrowser
LogPluginManager: Mounting plugin SpeedTreeImporter
LogPluginManager: Mounting plugin DatasmithContent
LogPluginManager: Mounting plugin AlembicImporter
LogPluginManager: Mounting plugin CharacterAI
LogPluginManager: Mounting plugin HTML5Networking
LogPluginManager: Mounting plugin AndroidMedia
LogPluginManager: Mounting plugin AvfMedia
LogPluginManager: Mounting plugin ImgMedia
LogPluginManager: Mounting plugin LinearTimecode
LogPluginManager: Mounting plugin MediaCompositing
LogPluginManager: Mounting plugin MediaPlayerEditor
LogPluginManager: Mounting plugin WmfMedia
LogPluginManager: Mounting plugin TcpMessaging
LogPluginManager: Mounting plugin UdpMessaging
LogPluginManager: Mounting plugin ActorSequence
LogPluginManager: Mounting plugin LevelSequenceEditor
LogPluginManager: Mounting plugin MatineeToLevelSequence
LogPluginManager: Mounting plugin NetcodeUnitTest
LogPluginManager: Mounting plugin NUTUnrealEngine4
LogPluginManager: Mounting plugin OnlineSubsystemGooglePlay
LogPluginManager: Mounting plugin OnlineSubsystemIOS
LogPluginManager: Mounting plugin OnlineSubsystem
LogPluginManager: Mounting plugin OnlineSubsystemNull
LogPluginManager: Mounting plugin OnlineSubsystemUtils
LogPluginManager: Mounting plugin AndroidDeviceProfileSelector
LogPluginManager: Mounting plugin AndroidMoviePlayer
LogPluginManager: Mounting plugin AndroidPermission
LogPluginManager: Mounting plugin AppleARKit
LogPluginManager: Mounting plugin AppleMoviePlayer
LogPluginManager: Mounting plugin ArchVisCharacter
LogPluginManager: Mounting plugin AudioCapture
LogPluginManager: Mounting plugin CableComponent
LogPluginManager: Mounting plugin CustomMeshComponent
LogPluginManager: Mounting plugin ExampleDeviceProfileSelector
LogPluginManager: Mounting plugin GoogleCloudMessaging
LogPluginManager: Mounting plugin ImmediatePhysics
LogPluginManager: Mounting plugin IOSDeviceProfileSelector
LogPluginManager: Mounting plugin LinuxDeviceProfileSelector
LogPluginManager: Mounting plugin LocationServicesBPLibrary
LogPluginManager: Mounting plugin MobilePatchingUtils
LogPluginManager: Mounting plugin OculusVR
LogPluginManager: Plugin shader directory ../../../Engine/Plugins/Runtime/Oculus/OculusVR/Shaders found
LogPluginManager: Mapping shader source directory ../../../Engine/Plugins/Runtime/Oculus/OculusVR/Shaders to virtual directory /Plugin/OculusVR
LogPluginManager: Mounting plugin PhysXVehicles
LogPluginManager: Mounting plugin ProceduralMeshComponent
LogPluginManager: Mounting plugin RuntimePhysXCooking
LogPluginManager: Mounting plugin SteamVR
LogPluginManager: Mounting plugin WindowsMoviePlayer
LogPluginManager: Mounting plugin CoverPointGenerator
LogStreaming: Display: Took  0.105s to configure plugins.
LogModuleManager: Display: Found up-to-date module file ../../../../../SpareTime/Unreal/FPS/FPS/Binaries/Win64/UE4Editor-FPS.dll (API version 3944462).
LogModuleManager: Display: Found up-to-date module file ../../../Engine/Plugins/2D/Paper2D/Binaries/Win64/UE4Editor-Paper2D.dll (API version 3944462).
LogModuleManager: Display: Found up-to-date module file ../../../Engine/Plugins/2D/Paper2D/Binaries/Win64/UE4Editor-Paper2DEditor.dll (API version 3944462).
LogModuleManager: Display: Found up-to-date module file ../../../Engine/Plugins/2D/Paper2D/Binaries/Win64/UE4Editor-PaperSpriteSheetImporter.dll (API version 3944462).
LogModuleManager: Display: Found up-to-date module file ../../../Engine/Plugins/2D/Paper2D/Binaries/Win64/UE4Editor-PaperTiledImporter.dll (API version 3944462).
LogModuleManager: Display: Found up-to-date module file ../../../Engine/Plugins/2D/Paper2D/Binaries/Win64/UE4Editor-SmartSnapping.dll (API version 3944462).
LogModuleManager: Display: Found up-to-date module file ../../../Engine/Plugins/Animation/LiveLink/Binaries/Win64/UE4Editor-LiveLink.dll (API version 3944462).
LogModuleManager: Display: Found up-to-date module file ../../../Engine/Plugins/Animation/LiveLink/Binaries/Win64/UE4Editor-LiveLinkEditor.dll (API version 3944462).
LogModuleManager: Display: Found up-to-date module file ../../../Engine/Plugins/Blendables/LightPropagationVolume/Binaries/Win64/UE4Editor-LightPropagationVolumeRuntime.dll (API version 3944462).
LogModuleManager: Display: Found up-to-date module file ../../../Engine/Plugins/Blendables/LightPropagationVolume/Binaries/Win64/UE4Editor-LightPropagationVolumeEditor.dll (API version 3944462).
LogModuleManager: Display: Found up-to-date module file ../../../Engine/Plugins/Developer/CLionSourceCodeAccess/Binaries/Win64/UE4Editor-CLionSourceCodeAccess.dll (API version 3944462).
LogModuleManager: Display: Found up-to-date module file ../../../Engine/Plugins/Developer/GitSourceControl/Binaries/Win64/UE4Editor-GitSourceControl.dll (API version 3944462).
LogModuleManager: Display: Found up-to-date module file ../../../Engine/Plugins/Developer/PerforceSourceControl/Binaries/Win64/UE4Editor-PerforceSourceControl.dll (API version 3944462).
LogModuleManager: Display: Found up-to-date module file ../../../Engine/Plugins/Developer/SubversionSourceControl/Binaries/Win64/UE4Editor-SubversionSourceControl.dll (API version 3944462).
LogModuleManager: Display: Found up-to-date module file ../../../Engine/Plugins/Developer/UObjectPlugin/Binaries/Win64/UE4Editor-UObjectPlugin.dll (API version 3944462).
LogModuleManager: Display: Found up-to-date module file ../../../Engine/Plugins/Developer/VisualStudioCodeSourceCodeAccess/Binaries/Win64/UE4Editor-VisualStudioCodeSourceCodeAccess.dll (API version 3944462).
LogModuleManager: Display: Found up-to-date module file ../../../Engine/Plugins/Developer/VisualStudioSourceCodeAccess/Binaries/Win64/UE4Editor-VisualStudioSourceCodeAccess.dll (API version 3944462).
LogModuleManager: Display: Found up-to-date module file ../../../Engine/Plugins/Editor/AssetManagerEditor/Binaries/Win64/UE4Editor-AssetManagerEditor.dll (API version 3944462).
LogModuleManager: Display: Found up-to-date module file ../../../Engine/Plugins/Editor/CryptoKeys/Binaries/Win64/UE4Editor-CryptoKeys.dll (API version 3944462).
LogModuleManager: Display: Found up-to-date module file ../../../Engine/Plugins/Editor/CryptoKeys/Binaries/Win64/UE4Editor-CryptoKeysOpenSSL.dll (API version 3944462).
LogModuleManager: Display: Found up-to-date module file ../../../Engine/Plugins/Editor/DataValidation/Binaries/Win64/UE4Editor-DataValidation.dll (API version 3944462).
LogModuleManager: Display: Found up-to-date module file ../../../Engine/Plugins/Editor/FacialAnimation/Binaries/Win64/UE4Editor-FacialAnimation.dll (API version 3944462).
LogModuleManager: Display: Found up-to-date module file ../../../Engine/Plugins/Editor/FacialAnimation/Binaries/Win64/UE4Editor-FacialAnimationEditor.dll (API version 3944462).
LogModuleManager: Display: Found up-to-date module file ../../../Engine/Plugins/Editor/GameplayTagsEditor/Binaries/Win64/UE4Editor-GameplayTagsEditor.dll (API version 3944462).
LogModuleManager: Display: Found up-to-date module file ../../../Engine/Plugins/Editor/MobileLauncherProfileWizard/Binaries/Win64/UE4Editor-MobileLauncherProfileWizard.dll (API version 3944462).
LogModuleManager: Display: Found up-to-date module file ../../../Engine/Plugins/Editor/PluginBrowser/Binaries/Win64/UE4Editor-PluginBrowser.dll (API version 3944462).
LogModuleManager: Display: Found up-to-date module file ../../../Engine/Plugins/Editor/SpeedTreeImporter/Binaries/Win64/UE4Editor-SpeedTreeImporter.dll (API version 3944462).
LogModuleManager: Display: Found up-to-date module file ../../../Engine/Plugins/Enterprise/DatasmithContent/Binaries/Win64/UE4Editor-DatasmithContent.dll (API version 3944462).
LogModuleManager: Display: Found up-to-date module file ../../../Engine/Plugins/Experimental/AlembicImporter/Binaries/Win64/UE4Editor-AlembicImporter.dll (API version 3944462).
LogModuleManager: Display: Found up-to-date module file ../../../Engine/Plugins/Experimental/AlembicImporter/Binaries/Win64/UE4Editor-AlembicLibrary.dll (API version 3944462).
LogModuleManager: Display: Found up-to-date module file ../../../Engine/Plugins/Experimental/CharacterAI/Binaries/Win64/UE4Editor-CharacterAI.dll (API version 3944462).
LogModuleManager: Display: Found up-to-date module file ../../../Engine/Plugins/Experimental/HTML5Networking/Binaries/Win64/UE4Editor-HTML5Networking.dll (API version 3944462).
LogModuleManager: Display: Found up-to-date module file ../../../Engine/Plugins/Media/AndroidMedia/Binaries/Win64/UE4Editor-AndroidMediaEditor.dll (API version 3944462).
LogModuleManager: Display: Found up-to-date module file ../../../Engine/Plugins/Media/AndroidMedia/Binaries/Win64/UE4Editor-AndroidMediaFactory.dll (API version 3944462).
LogModuleManager: Display: Found up-to-date module file ../../../Engine/Plugins/Media/AvfMedia/Binaries/Win64/UE4Editor-AvfMediaEditor.dll (API version 3944462).
LogModuleManager: Display: Found up-to-date module file ../../../Engine/Plugins/Media/AvfMedia/Binaries/Win64/UE4Editor-AvfMediaFactory.dll (API version 3944462).
LogModuleManager: Display: Found up-to-date module file ../../../Engine/Plugins/Media/AvfMedia/Binaries/Win64/UE4Editor-AvfMediaFactory.dll (API version 3944462).
LogModuleManager: Display: Found up-to-date module file ../../../Engine/Plugins/Media/ImgMedia/Binaries/Win64/UE4Editor-ImgMedia.dll (API version 3944462).
LogModuleManager: Display: Found up-to-date module file ../../../Engine/Plugins/Media/ImgMedia/Binaries/Win64/UE4Editor-ImgMediaEditor.dll (API version 3944462).
LogModuleManager: Display: Found up-to-date module file ../../../Engine/Plugins/Media/ImgMedia/Binaries/Win64/UE4Editor-ImgMediaFactory.dll (API version 3944462).
LogModuleManager: Display: Found up-to-date module file ../../../Engine/Plugins/Media/ImgMedia/Binaries/Win64/UE4Editor-ImgMediaFactory.dll (API version 3944462).
LogModuleManager: Display: Found up-to-date module file ../../../Engine/Plugins/Media/ImgMedia/Binaries/Win64/UE4Editor-OpenExrWrapper.dll (API version 3944462).
LogModuleManager: Display: Found up-to-date module file ../../../Engine/Plugins/Media/LinearTimecode/Binaries/Win64/UE4Editor-LinearTimecode.dll (API version 3944462).
LogModuleManager: Display: Found up-to-date module file ../../../Engine/Plugins/Media/MediaCompositing/Binaries/Win64/UE4Editor-MediaCompositing.dll (API version 3944462).
LogModuleManager: Display: Found up-to-date module file ../../../Engine/Plugins/Media/MediaCompositing/Binaries/Win64/UE4Editor-MediaCompositingEditor.dll (API version 3944462).
LogModuleManager: Display: Found up-to-date module file ../../../Engine/Plugins/Media/MediaPlayerEditor/Binaries/Win64/UE4Editor-MediaPlayerEditor.dll (API version 3944462).
LogModuleManager: Display: Found up-to-date module file ../../../Engine/Plugins/Media/WmfMedia/Binaries/Win64/UE4Editor-WmfMedia.dll (API version 3944462).
LogModuleManager: Display: Found up-to-date module file ../../../Engine/Plugins/Media/WmfMedia/Binaries/Win64/UE4Editor-WmfMediaEditor.dll (API version 3944462).
LogModuleManager: Display: Found up-to-date module file ../../../Engine/Plugins/Media/WmfMedia/Binaries/Win64/UE4Editor-WmfMediaFactory.dll (API version 3944462).
LogModuleManager: Display: Found up-to-date module file ../../../Engine/Plugins/Media/WmfMedia/Binaries/Win64/UE4Editor-WmfMediaFactory.dll (API version 3944462).
LogModuleManager: Display: Found up-to-date module file ../../../Engine/Plugins/Messaging/TcpMessaging/Binaries/Win64/UE4Editor-TcpMessaging.dll (API version 3944462).
LogModuleManager: Display: Found up-to-date module file ../../../Engine/Plugins/Messaging/UdpMessaging/Binaries/Win64/UE4Editor-UdpMessaging.dll (API version 3944462).
LogModuleManager: Display: Found up-to-date module file ../../../Engine/Plugins/MovieScene/ActorSequence/Binaries/Win64/UE4Editor-ActorSequence.dll (API version 3944462).
LogModuleManager: Display: Found up-to-date module file ../../../Engine/Plugins/MovieScene/LevelSequenceEditor/Binaries/Win64/UE4Editor-LevelSequenceEditor.dll (API version 3944462).
LogModuleManager: Display: Found up-to-date module file ../../../Engine/Plugins/MovieScene/MatineeToLevelSequence/Binaries/Win64/UE4Editor-MatineeToLevelSequence.dll (API version 3944462).
LogModuleManager: Display: Found up-to-date module file ../../../Engine/Plugins/NetcodeUnitTest/NetcodeUnitTest/Binaries/Win64/UE4Editor-NetcodeUnitTest.dll (API version 3944462).
LogModuleManager: Display: Found up-to-date module file ../../../Engine/Plugins/NetcodeUnitTest/NUTUnrealEngine4/Binaries/Win64/UE4Editor-NUTUnrealEngine4.dll (API version 3944462).
LogModuleManager: Display: Found up-to-date module file ../../../Engine/Plugins/Online/OnlineSubsystem/Binaries/Win64/UE4Editor-OnlineSubsystem.dll (API version 3944462).
LogModuleManager: Display: Found up-to-date module file ../../../Engine/Plugins/Online/OnlineSubsystemNull/Binaries/Win64/UE4Editor-OnlineSubsystemNull.dll (API version 3944462).
LogModuleManager: Display: Found up-to-date module file ../../../Engine/Plugins/Online/OnlineSubsystemUtils/Binaries/Win64/UE4Editor-OnlineSubsystemUtils.dll (API version 3944462).
LogModuleManager: Display: Found up-to-date module file ../../../Engine/Plugins/Online/OnlineSubsystemUtils/Binaries/Win64/UE4Editor-OnlineBlueprintSupport.dll (API version 3944462).
LogModuleManager: Display: Found up-to-date module file ../../../Engine/Plugins/Runtime/AndroidDeviceProfileSelector/Binaries/Win64/UE4Editor-AndroidDeviceProfileSelector.dll (API version 3944462).
LogModuleManager: Display: Found up-to-date module file ../../../Engine/Plugins/Runtime/AndroidPermission/Binaries/Win64/UE4Editor-AndroidPermission.dll (API version 3944462).
LogModuleManager: Display: Found up-to-date module file ../../../Engine/Plugins/Runtime/AppleARKit/Binaries/Win64/UE4Editor-AppleARKit.dll (API version 3944462).
LogModuleManager: Display: Found up-to-date module file ../../../Engine/Plugins/Runtime/ArchVisCharacter/Binaries/Win64/UE4Editor-ArchVisCharacter.dll (API version 3944462).
LogModuleManager: Display: Found up-to-date module file ../../../Engine/Plugins/Runtime/AudioCapture/Binaries/Win64/UE4Editor-AudioCapture.dll (API version 3944462).
LogModuleManager: Display: Found up-to-date module file ../../../Engine/Plugins/Runtime/AudioCapture/Binaries/Win64/UE4Editor-AudioCaptureEditor.dll (API version 3944462).
LogModuleManager: Display: Found up-to-date module file ../../../Engine/Plugins/Runtime/CableComponent/Binaries/Win64/UE4Editor-CableComponent.dll (API version 3944462).
LogModuleManager: Display: Found up-to-date module file ../../../Engine/Plugins/Runtime/CustomMeshComponent/Binaries/Win64/UE4Editor-CustomMeshComponent.dll (API version 3944462).
LogModuleManager: Display: Found up-to-date module file ../../../Engine/Plugins/Runtime/ExampleDeviceProfileSelector/Binaries/Win64/UE4Editor-ExampleDeviceProfileSelector.dll (API version 3944462).
LogModuleManager: Display: Found up-to-date module file ../../../Engine/Plugins/Runtime/ImmediatePhysics/Binaries/Win64/UE4Editor-ImmediatePhysics.dll (API version 3944462).
LogModuleManager: Display: Found up-to-date module file ../../../Engine/Plugins/Runtime/ImmediatePhysics/Binaries/Win64/UE4Editor-ImmediatePhysicsEditor.dll (API version 3944462).
LogModuleManager: Display: Found up-to-date module file ../../../Engine/Plugins/Runtime/LocationServicesBPLibrary/Binaries/Win64/UE4Editor-LocationServicesBPLibrary.dll (API version 3944462).
LogModuleManager: Display: Found up-to-date module file ../../../Engine/Plugins/Runtime/MobilePatchingUtils/Binaries/Win64/UE4Editor-MobilePatchingUtils.dll (API version 3944462).
LogModuleManager: Display: Found up-to-date module file ../../../Engine/Plugins/Runtime/Oculus/OculusVR/Binaries/Win64/UE4Editor-OculusHMD.dll (API version 3944462).
LogModuleManager: Display: Found up-to-date module file ../../../Engine/Plugins/Runtime/Oculus/OculusVR/Binaries/Win64/UE4Editor-OculusInput.dll (API version 3944462).
LogModuleManager: Display: Found up-to-date module file ../../../Engine/Plugins/Runtime/Oculus/OculusVR/Binaries/Win64/UE4Editor-OculusEditor.dll (API version 3944462).
LogModuleManager: Display: Found up-to-date module file ../../../Engine/Plugins/Runtime/PhysXVehicles/Binaries/Win64/UE4Editor-PhysXVehicles.dll (API version 3944462).
LogModuleManager: Display: Found up-to-date module file ../../../Engine/Plugins/Runtime/PhysXVehicles/Binaries/Win64/UE4Editor-PhysXVehiclesEditor.dll (API version 3944462).
LogModuleManager: Display: Found up-to-date module file ../../../Engine/Plugins/Runtime/ProceduralMeshComponent/Binaries/Win64/UE4Editor-ProceduralMeshComponent.dll (API version 3944462).
LogModuleManager: Display: Found up-to-date module file ../../../Engine/Plugins/Runtime/ProceduralMeshComponent/Binaries/Win64/UE4Editor-ProceduralMeshComponentEditor.dll (API version 3944462).
LogModuleManager: Display: Found up-to-date module file ../../../Engine/Plugins/Runtime/RuntimePhysXCooking/Binaries/Win64/UE4Editor-RuntimePhysXCooking.dll (API version 3944462).
LogModuleManager: Display: Found up-to-date module file ../../../Engine/Plugins/Runtime/Steam/SteamVR/Binaries/Win64/UE4Editor-SteamVR.dll (API version 3944462).
LogModuleManager: Display: Found up-to-date module file ../../../Engine/Plugins/Runtime/Steam/SteamVR/Binaries/Win64/UE4Editor-SteamVRController.dll (API version 3944462).
LogModuleManager: Display: Found up-to-date module file ../../../Engine/Plugins/Runtime/WindowsMoviePlayer/Binaries/Win64/UE4Editor-WindowsMoviePlayer.dll (API version 3944462).
LogModuleManager: Display: Found up-to-date module file ../../../../../SpareTime/Unreal/FPS/FPS/Plugins/CoverPointGenerator/Binaries/Win64/UE4Editor-CoverPointGenerator.dll (API version 3944462).
LogInit: Using libcurl 7.47.1
LogInit:  - built for x86_64-pc-win32
LogInit:  - supports SSL with OpenSSL/1.0.2g
LogInit:  - supports HTTP deflate (compression) using libz 1.2.8
LogInit:  - other features:
LogInit:      CURL_VERSION_SSL
LogInit:      CURL_VERSION_LIBZ
LogInit:      CURL_VERSION_IPV6
LogInit:      CURL_VERSION_ASYNCHDNS
LogInit:      CURL_VERSION_LARGEFILE
LogInit:      CURL_VERSION_IDN
LogInit:  CurlRequestOptions (configurable via config and command line):
LogInit:  - bVerifyPeer = false  - Libcurl will NOT verify peer certificate
LogInit:  - bUseHttpProxy = false  - Libcurl will NOT use HTTP proxy
LogInit:  - bDontReuseConnections = false  - Libcurl will reuse connections
LogInit:  - CertBundlePath = nullptr  - Libcurl will use whatever was configured at build time.
LogInit:  - MaxHostConnections = 16  - Libcurl will limit the number of connections to a host
LogInit:  - LocalHostAddr = Default
LogInit: WinSock: version 1.1 (2.2), MaxSocks=32767, MaxUdp=65467
LogInit: WinSock: I am Tom-Laptop (192.168.1.100:0)
LogInit: Build: ++UE4+Release-4.19-CL-4033788
LogInit: Engine Version: 4.19.2-4033788+++UE4+Release-4.19
LogInit: Compatible Engine Version: 4.19.0-3944462+++UE4+Release-4.19
LogInit: Net CL: 3944462
LogDevObjectVersion: Number of dev versions registered: 18
LogDevObjectVersion:   Dev-Blueprints (B0D832E4-1F89-4F0D-ACCF-7EB736FD4AA2): 10
LogDevObjectVersion:   Dev-Build (E1C64328-A22C-4D53-A36C-8E866417BD8C): 0
LogDevObjectVersion:   Dev-Core (375EC13C-06E4-48FB-B500-84F0262A717E): 2
LogDevObjectVersion:   Dev-Editor (E4B068ED-F494-42E9-A231-DA0B2E46BB41): 23
LogDevObjectVersion:   Dev-Framework (CFFC743F-43B0-4480-9391-14DF171D2073): 33
LogDevObjectVersion:   Dev-Mobile (B02B49B5-BB20-44E9-A304-32B752E40360): 2
LogDevObjectVersion:   Dev-Networking (A4E4105C-59A1-49B5-A7C5-40C4547EDFEE): 0
LogDevObjectVersion:   Dev-Online (39C831C9-5AE6-47DC-9A44-9C173E1C8E7C): 0
LogDevObjectVersion:   Dev-Physics (78F01B33-EBEA-4F98-B9B4-84EACCB95AA2): 0
LogDevObjectVersion:   Dev-Platform (6631380F-2D4D-43E0-8009-CF276956A95A): 0
LogDevObjectVersion:   Dev-Rendering (12F88B9F-8875-4AFC-A67C-D90C383ABD29): 25
LogDevObjectVersion:   Dev-Sequencer (7B5AE74C-D270-4C10-A958-57980B212A5A): 6
LogDevObjectVersion:   Dev-VR (D7296918-1DD6-4BDD-9DE2-64A83CC13884): 1
LogDevObjectVersion:   Dev-LoadTimes (C2A15278-BFE7-4AFE-6C17-90FF531DF755): 1
LogDevObjectVersion:   Private-Geometry (6EACA3D4-40EC-4CC1-B786-8BED09428FC5): 2
LogDevObjectVersion:   Dev-AnimPhys (29E575DD-E0A3-4627-9D10-D276232CDCEA): 16
LogDevObjectVersion:   Dev-ReflectionCapture (6B266CEC-1EC7-4B8F-A30B-E4D90942FC07): 1
LogDevObjectVersion:   Dev-Automation (0DF73D61-A23F-47EA-B727-89E90C41499A): 1
LogInit: Compiled (64-bit): Apr 27 2018 02:06:57
LogInit: Compiled with Visual C++: 19.00.24215.01
LogInit: Build Configuration: Development
LogInit: Branch Name: ++UE4+Release-4.19
LogInit: Command Line:  -skipcompile
LogInit: Base Directory: D:/Epic Games/UE_4.19/Engine/Binaries/Win64/
LogInit: Installed Engine Build: 1
LogStreaming: Display: Took  0.003s to delete old logs.
LogInit: Presizing for max 8388607 objects, including 0 objects not considered by GC, pre-allocating 0 bytes for permanent pool.
LogInit: Object subsystem initialized
[2018.06.27-13.44.20:715][  0]LogInit: Selected Device Profile: [Windows]
[2018.06.27-13.44.20:715][  0]LogInit: Applying CVar settings loaded from the selected device profile: [Windows]
[2018.06.27-13.44.20:747][  0]LogInit: Computer: TOM-LAPTOP
[2018.06.27-13.44.20:747][  0]LogInit: User: tomco
[2018.06.27-13.44.20:747][  0]LogInit: CPU Page size=4096, Cores=4
[2018.06.27-13.44.20:748][  0]LogInit: High frequency timer resolution =2.531254 MHz
[2018.06.27-13.44.20:748][  0]LogMemory: Memory total: Physical=7.9GB (8GB approx)
[2018.06.27-13.44.20:749][  0]LogMemory: Platform Memory Stats for Windows
[2018.06.27-13.44.20:749][  0]LogMemory: Process Physical Memory: 279.20 MB used, 279.62 MB peak
[2018.06.27-13.44.20:749][  0]LogMemory: Process Virtual Memory: 269.89 MB used, 269.89 MB peak
[2018.06.27-13.44.20:749][  0]LogMemory: Physical Memory: 5345.32 MB used,  2745.21 MB free, 8090.52 MB total
[2018.06.27-13.44.20:749][  0]LogMemory: Virtual Memory: 4799.37 MB used,  2745.21 MB free, 134217728.00 MB total
[2018.06.27-13.44.20:830][  0]LogInit: Using OS detected language (en-US).
[2018.06.27-13.44.20:831][  0]LogInit: Using OS detected locale (en-US).
[2018.06.27-13.44.20:848][  0]LogTextLocalizationManager: No specific localization for 'en-US' exists, so the 'en' localization will be used.
[2018.06.27-13.44.21:366][  0]LogStreaming: Display: Took  0.536s to EndInitTextLocalization.
[2018.06.27-13.44.21:367][  0]LogInit: Setting process to per monitor DPI aware
[2018.06.27-13.44.21:439][  0]LogSlate: New Slate User Created.  User Index 0, Is Virtual User: 0
[2018.06.27-13.44.21:440][  0]LogSlate: Slate User Registered.  User Index 0, Is Virtual User: 0
[2018.06.27-13.44.21:990][  0]LogD3D11RHI: D3D11 adapters:
[2018.06.27-13.44.22:083][  0]LogD3D11RHI:    0. 'NVIDIA GeForce GTX 960M' (Feature Level 11_0)
[2018.06.27-13.44.22:083][  0]LogD3D11RHI:       2019/0/4045 MB DedicatedVideo/DedicatedSystem/SharedSystem, Outputs:1, VendorId:0x10de
[2018.06.27-13.44.22:107][  0]LogD3D11RHI:    1. 'Intel(R) HD Graphics 530' (Feature Level 11_0)
[2018.06.27-13.44.22:107][  0]LogD3D11RHI:       128/0/4045 MB DedicatedVideo/DedicatedSystem/SharedSystem, Outputs:0, VendorId:0x8086
[2018.06.27-13.44.22:116][  0]LogD3D11RHI:    2. 'Microsoft Basic Render Driver' (Feature Level 11_0)
[2018.06.27-13.44.22:116][  0]LogD3D11RHI:       0/0/4045 MB DedicatedVideo/DedicatedSystem/SharedSystem, Outputs:0, VendorId:0x1414
[2018.06.27-13.44.22:116][  0]LogD3D11RHI: Chosen D3D11 Adapter: 0
[2018.06.27-13.44.22:138][  0]LogD3D11RHI: Creating new Direct3DDevice
[2018.06.27-13.44.22:138][  0]LogD3D11RHI:     GPU DeviceId: 0x139b (for the marketing name, search the web for "GPU Device Id")
[2018.06.27-13.44.22:138][  0]LogWindows: EnumDisplayDevices:
[2018.06.27-13.44.22:139][  0]LogWindows:    0. 'Intel(R) HD Graphics 530' (P:1 D:1)
[2018.06.27-13.44.22:139][  0]LogWindows:    1. 'Intel(R) HD Graphics 530' (P:0 D:0)
[2018.06.27-13.44.22:140][  0]LogWindows:    2. 'Intel(R) HD Graphics 530' (P:0 D:0)
[2018.06.27-13.44.22:140][  0]LogWindows: DebugString: GetVideoDriverDetailsInvalid PrimaryIsNotTheChoosenAdapter GetVideoDriverDetailsInvalid PrimaryIsNotTheChoosenAdapter GetVideoDriverDetailsInvalid PrimaryIsNotTheChoosenAdapter FoundDriverCount:0 
[2018.06.27-13.44.22:140][  0]LogD3D11RHI:     Adapter Name: NVIDIA GeForce GTX 960M
[2018.06.27-13.44.22:140][  0]LogD3D11RHI:   Driver Version: Unknown (internal:Unknown, unified:Unknown)
[2018.06.27-13.44.22:140][  0]LogD3D11RHI:      Driver Date: Unknown
[2018.06.27-13.44.22:140][  0]LogRHI: Texture pool is 1413 MB (70% of 2019 MB)
[2018.06.27-13.44.22:175][  0]LogD3D11RHI: [Aftermath] Aftermath enabled but failed to initialize
[2018.06.27-13.44.22:175][  0]LogD3D11RHI: [Aftermath] Aftermath enabled and primed
[2018.06.27-13.44.22:175][  0]LogD3D11RHI: Async texture creation enabled
[2018.06.27-13.44.22:187][  0]LogD3D11RHI: GPU Timing Frequency: 1000.000000 (Debug: 2 1)
[2018.06.27-13.44.22:188][  0]LogShaderCompilers: Guid format shader working directory is 7 characters bigger than the processId version (../../../../../SpareTime/Unreal/FPS/FPS/Intermediate/Shaders/WorkingDirectory/1320/).
[2018.06.27-13.44.22:189][  0]LogShaderCompilers: Cleaned the shader compiler working directory 'C:/Users/tomco/AppData/Local/Temp/UnrealShaderWorkingDir/76DABE504CFA3EC976661A86F3820979/'.
[2018.06.27-13.44.22:465][  0]LogTemp: Display: Loaded TP AllDesktopTargetPlatform
[2018.06.27-13.44.22:483][  0]LogTemp: Display: Loaded TP MacClientTargetPlatform
[2018.06.27-13.44.22:502][  0]LogTemp: Display: Loaded TP MacNoEditorTargetPlatform
[2018.06.27-13.44.22:519][  0]LogTemp: Display: Loaded TP MacServerTargetPlatform
[2018.06.27-13.44.22:538][  0]LogTemp: Display: Loaded TP MacTargetPlatform
[2018.06.27-13.44.22:557][  0]LogTemp: Display: Loaded TP WindowsClientTargetPlatform
[2018.06.27-13.44.22:575][  0]LogTemp: Display: Loaded TP WindowsNoEditorTargetPlatform
[2018.06.27-13.44.22:594][  0]LogTemp: Display: Loaded TP WindowsServerTargetPlatform
[2018.06.27-13.44.22:606][  0]LogTemp: Display: Loaded TP WindowsTargetPlatform
[2018.06.27-13.44.22:622][  0]LogTemp: Display: Loaded TP Android_ASTCTargetPlatform
[2018.06.27-13.44.22:639][  0]LogTemp: Display: Loaded TP Android_ATCTargetPlatform
[2018.06.27-13.44.22:657][  0]LogTemp: Display: Loaded TP Android_DXTTargetPlatform
[2018.06.27-13.44.22:674][  0]LogTemp: Display: Loaded TP Android_ETC1aTargetPlatform
[2018.06.27-13.44.22:691][  0]LogTemp: Display: Loaded TP Android_ETC1TargetPlatform
[2018.06.27-13.44.22:708][  0]LogTemp: Display: Loaded TP Android_ETC2TargetPlatform
[2018.06.27-13.44.22:742][  0]LogTemp: Display: Loaded TP Android_MultiTargetPlatform
[2018.06.27-13.44.22:743][  0]LogTemp: Display: Loaded TP Android_PVRTCTargetPlatform
[2018.06.27-13.44.22:760][  0]LogTemp: Display: Loaded TP AndroidTargetPlatform
[2018.06.27-13.44.22:765][  0]LogTemp: Display: Loaded TP HTML5TargetPlatform
[2018.06.27-13.44.22:821][  0]LogTemp: Display: Loaded TP IOSTargetPlatform
[2018.06.27-13.44.22:837][  0]LogTemp: Display: Loaded TP TVOSTargetPlatform
[2018.06.27-13.44.22:853][  0]LogTemp: Display: Loaded TP LinuxClientTargetPlatform
[2018.06.27-13.44.22:870][  0]LogTemp: Display: Loaded TP LinuxNoEditorTargetPlatform
[2018.06.27-13.44.22:888][  0]LogTemp: Display: Loaded TP LinuxServerTargetPlatform
[2018.06.27-13.44.22:906][  0]LogTemp: Display: Loaded TP LinuxTargetPlatform
[2018.06.27-13.44.22:907][  0]LogTargetPlatformManager: Display: Building Assets For Windows
[2018.06.27-13.44.23:116][  0]LogXGEController: Cleaning working directory: C:/Users/tomco/AppData/Local/Temp/UnrealXGEWorkingDir/
[2018.06.27-13.44.23:117][  0]LogXGEController: Cannot use XGE Controller as Incredibuild is not installed on this machine.
[2018.06.27-13.44.23:117][  0]LogShaderCompilers: Cannot use XGE Shader Compiler as Incredibuild is not installed on this machine.
[2018.06.27-13.44.23:117][  0]LogShaderCompilers: Display: Using Local Shader Compiler.
[2018.06.27-13.44.24:007][  0]LogDerivedDataCache: Display: Max Cache Size: 512 MB
[2018.06.27-13.44.24:375][  0]LogDerivedDataCache: Loaded boot cache 0.37s 80MB C:/Users/tomco/AppData/Local/UnrealEngine/4.19/DerivedDataCache/Boot.ddc.
[2018.06.27-13.44.24:375][  0]LogDerivedDataCache: Display: Loaded Boot cache: C:/Users/tomco/AppData/Local/UnrealEngine/4.19/DerivedDataCache/Boot.ddc
[2018.06.27-13.44.24:376][  0]LogDerivedDataCache: FDerivedDataBackendGraph:  Pak pak cache file ../../../../../SpareTime/Unreal/FPS/FPS/DerivedDataCache/DDC.ddp not found, will not use a pak cache.
[2018.06.27-13.44.24:376][  0]LogDerivedDataCache: Unable to find inner node Pak for hierarchical cache Hierarchy.
[2018.06.27-13.44.24:376][  0]LogDerivedDataCache: FDerivedDataBackendGraph:  CompressedPak pak cache file ../../../../../SpareTime/Unreal/FPS/FPS/DerivedDataCache/Compressed.ddp not found, will not use a pak cache.
[2018.06.27-13.44.24:376][  0]LogDerivedDataCache: Unable to find inner node CompressedPak for hierarchical cache Hierarchy.
[2018.06.27-13.44.24:394][  0]LogDerivedDataCache: Display: Pak cache opened for reading ../../../Engine/DerivedDataCache/Compressed.ddp.
[2018.06.27-13.44.24:409][  0]LogDerivedDataCache: Using Local data cache path C:/Users/tomco/AppData/Local/UnrealEngine/Common/DerivedDataCache: Writable
[2018.06.27-13.44.24:410][  0]LogDerivedDataCache: Shared data cache path not found in *engine.ini, will not use an Shared cache.
[2018.06.27-13.44.24:410][  0]LogDerivedDataCache: Unable to find inner node Shared for hierarchical cache Hierarchy.
[2018.06.27-13.44.24:423][  0]LogMaterial: Verifying Global Shaders for PCD3D_SM5
[2018.06.27-13.44.24:424][  0]LogSlate: Using Freetype 2.6.0
[2018.06.27-13.44.24:426][  0]LogSlate: SlateFontCache - WITH_FREETYPE: 1, WITH_HARFBUZZ: 1
[2018.06.27-13.44.24:427][  0]LogSlate: SlateFontCache - WITH_FREETYPE: 1, WITH_HARFBUZZ: 1
[2018.06.27-13.44.24:931][  0]LogAssetRegistry: FAssetRegistry took 0.0310 seconds to start up
[2018.06.27-13.44.26:139][  0]LogInit: Selected Device Profile: [Windows]
[2018.06.27-13.44.26:347][  0]LogSimplygon: Simplygon DLL not present - disabling.
[2018.06.27-13.44.26:354][  0]LogMeshReduction: Using SimplygonSwarm for distributed automatic mesh merging
[2018.06.27-13.44.26:354][  0]LogMeshReduction: Using QuadricMeshReduction for automatic static mesh reduction
[2018.06.27-13.44.26:354][  0]LogMeshReduction: No automatic skeletal mesh reduction module available
[2018.06.27-13.44.26:354][  0]LogMeshReduction: No automatic mesh merging module available
[2018.06.27-13.44.26:354][  0]LogMeshMerging: No automatic mesh merging module available
[2018.06.27-13.44.26:386][  0]LogNetVersion: FPS , NetCL: 3944462, EngineNetVer: 2, GameNetVer: 0 (Checksum: 2326512385)
[2018.06.27-13.44.26:915][  0]LogPackageLocalizationCache: Processed 9 localized package path(s) for 2 prioritized culture(s) in 0.076779 seconds
[2018.06.27-13.44.26:921][  0]LogUObjectArray: 36728 objects as part of root set at end of initial load.
[2018.06.27-13.44.26:921][  0]LogUObjectAllocator: 7314312 out of 0 bytes used by permanent object pool.
[2018.06.27-13.44.26:921][  0]LogUObjectArray: CloseDisregardForGC: 0/0 objects in disregard for GC pool
[2018.06.27-13.44.30:105][  0]LogTcpMessaging: Initializing TcpMessaging bridge
[2018.06.27-13.44.30:140][  0]LogUdpMessaging: Initializing bridge on interface 0.0.0.0:0 to multicast group 230.0.0.1:6666.
[2018.06.27-13.44.30:531][  0]LogSkeletalMesh: Skeletal Mesh found in DDC [1.277628ms] /Game/Models/Player/Arms/Arms_SMG.Arms_SMG
[2018.06.27-13.44.30:551][  0]LogUObjectGlobals: Created PersistentFrame Addr=0x000001c1117a41d0, Size=80, Default__BP_SMGAnim_C Function /Game/Animations/SMG/BP_SMGAnim.BP_SMGAnim_C:ExecuteUbergraph_BP_SMGAnim
[2018.06.27-13.44.30:561][  0]LogUObjectGlobals: Destroyed PersistentFrame Addr=0x000001c1117a41d0, Size=80
[2018.06.27-13.44.30:562][  0]LogUObjectGlobals: Created PersistentFrame Addr=0x000001c113a6f830, Size=80, Default__BP_SMGAnim_C Function /Engine/Transient.REINST_BP_SMGAnim_C_0:ExecuteUbergraph_BP_SMGAnim
[2018.06.27-13.44.30:572][  0]LogUObjectGlobals: Created PersistentFrame Addr=0x000001c1139c57b0, Size=80, Default__BP_SMGAnim_C Function /Game/Animations/SMG/BP_SMGAnim.BP_SMGAnim_C:ExecuteUbergraph_BP_SMGAnim
[2018.06.27-13.44.30:745][  0]SourceControl: Source control is disabled
[2018.06.27-13.44.30:745][  0]SourceControl: Source control is disabled
[2018.06.27-13.44.30:766][  0]SourceControl: Source control is disabled
[2018.06.27-13.44.30:785][  0]SourceControl: Source control is disabled
[2018.06.27-13.44.31:354][  0]LogAndroidPermission: UAndroidPermissionCallbackProxy::GetInstance
[2018.06.27-13.44.31:563][  0]LogOcInput: OculusInput pre-init called
[2018.06.27-13.44.32:776][  0]LogEngine: Initializing Engine...
[2018.06.27-13.44.32:821][  0]LogHMD: Failed to initialize OpenVR with code 126
[2018.06.27-13.44.32:823][  0]LogStats: UGameplayTagsManager::ConstructGameplayTagTree: Construct from data asset -  0.000 s
[2018.06.27-13.44.32:823][  0]LogStats: UGameplayTagsManager::ConstructGameplayTagTree: GameplayTagTreeChangedEvent.Broadcast -  0.000 s
[2018.06.27-13.44.33:101][  0]LogAIModule: Creating AISystem for world Untitled
[2018.06.27-13.44.33:120][  0]LogInit: XAudio2 using 'Luidsprekers (Conexant SmartAudio HD)' : 2 channels at 48 kHz using 32 bits per sample (channel mask 0x3)
[2018.06.27-13.44.33:237][  0]LogInit: FAudioDevice initialized.
[2018.06.27-13.44.33:343][  0]LogDerivedDataCache: Saved boot cache 0.11s 80MB C:/Users/tomco/AppData/Local/UnrealEngine/4.19/DerivedDataCache/Boot.ddc.
[2018.06.27-13.44.33:363][  0]LogInit: Texture streaming: Enabled
[2018.06.27-13.44.33:393][  0]LogEngineSessionManager: EngineSessionManager initialized
[2018.06.27-13.44.33:408][  0]LogInit: Transaction tracking system initialized
[2018.06.27-13.44.33:458][  0]BlueprintLog: New page: Editor Load
[2018.06.27-13.44.33:627][  0]LocalizationService: Localization service is disabled
[2018.06.27-13.44.33:795][  0]LogConsoleResponse: Display: 
[2018.06.27-13.44.33:983][  0]LogCook: Display: Max memory allowance for cook 16384mb min free memory 0mb
[2018.06.27-13.44.33:984][  0]LogCook: Display: Mobile HDR setting 1
[2018.06.27-13.44.33:984][  0]LogGameplayTags: Display: UGameplayTagsManager::DoneAddingNativeTags. DelegateIsBound: 0
[2018.06.27-13.44.33:984][  0]LogStats: UGameplayTagsManager::ConstructGameplayTagTree: Construct from data asset -  0.000 s
[2018.06.27-13.44.33:984][  0]LogStats: UGameplayTagsManager::ConstructGameplayTagTree: GameplayTagTreeChangedEvent.Broadcast -  0.000 s
[2018.06.27-13.44.34:465][  0]LogFileCache: Scanning file cache for directory 'D:/SpareTime/Unreal/FPS/FPS/Content/' took 0.02s
[2018.06.27-13.44.34:465][  0]SourceControl: Source control is disabled
[2018.06.27-13.44.34:466][  0]Cmd: MAP LOAD FILE="../../../../../SpareTime/Unreal/FPS/FPS/Content/Maps/Level1.umap" TEMPLATE=0 SHOWPROGRESS=1 FEATURELEVEL=3
[2018.06.27-13.44.34:467][  0]LightingResults: New page: Lighting Build
[2018.06.27-13.44.34:471][  0]MapCheck: New page: Map Check
[2018.06.27-13.44.34:471][  0]LightingResults: New page: Lighting Build
[2018.06.27-13.44.34:483][  0]LogUObjectGlobals: Destroyed PersistentFrame Addr=0x000001c113a6f830, Size=80
[2018.06.27-13.44.35:805][  0]LogAIModule: Creating AISystem for world Level1
[2018.06.27-13.44.35:835][  0]LogEditorServer: Finished looking for orphan Actors (0.000 secs)
[2018.06.27-13.44.35:853][  0]Cmd: MAP CHECKDEP NOCLEARLOG
[2018.06.27-13.44.35:926][  0]MapCheck: Map check complete: 0 Error(s), 0 Warning(s), took 71.847ms to complete.
[2018.06.27-13.44.35:926][  0]LogFileHelpers: Loading map 'Level1' took 1.460
[2018.06.27-13.44.36:127][  0]LogCollectionManager: Loaded 0 collections in 0.001408 seconds
[2018.06.27-13.44.36:182][  0]LogFileCache: Scanning file cache for directory 'D:/SpareTime/Unreal/FPS/FPS/Saved/Collections/' took 0.01s
[2018.06.27-13.44.36:182][  0]LogFileCache: Scanning file cache for directory 'D:/SpareTime/Unreal/FPS/FPS/Content/Developers/tomco/Collections/' took 0.02s
[2018.06.27-13.44.36:182][  0]LogFileCache: Scanning file cache for directory 'D:/SpareTime/Unreal/FPS/FPS/Content/Collections/' took 0.01s
[2018.06.27-13.44.36:182][  0]LogCollectionManager: Rebuilt the GUID cache for 0 collections in 0.000000 seconds
[2018.06.27-13.44.36:193][  0]LogContentBrowser: Native class hierarchy populated in 0.0114 seconds. Added 2481 classes and 567 folders.
[2018.06.27-13.44.36:204][  0]LogContentBrowser: Native class hierarchy updated for 'WidgetCarousel' in 0.0011 seconds. Added 0 classes and 0 folders.
[2018.06.27-13.44.36:395][  0]LogContentBrowser: Native class hierarchy updated for 'AddContentDialog' in 0.0014 seconds. Added 0 classes and 0 folders.
[2018.06.27-13.44.37:764][  0]LogSlate: Only BGRA pngs, bmps or icos are supported in by External Image Picker
[2018.06.27-13.44.37:792][  0]LogSlate: Took 0.002907 seconds to synchronously load lazily loaded font '../../../Engine/Content/Slate/Fonts/Roboto-Regular.ttf' (155K)
[2018.06.27-13.44.37:801][  0]LogSlate: Took 0.003399 seconds to synchronously load lazily loaded font '../../../Engine/Content/Slate/Fonts/Roboto-Bold.ttf' (160K)
[2018.06.27-13.44.37:814][  0]LogSlate: Took 0.002779 seconds to synchronously load lazily loaded font '../../../Engine/Content/Editor/Slate/Fonts/FontAwesome.ttf' (139K)
[2018.06.27-13.44.37:964][  0]LogTemp: Executing iPhonePackager certificates Engine -bundlename com.YourCompany.FPS
[2018.06.27-13.44.37:964][  0]LogTemp: CWD: D:\Epic Games\UE_4.19\Engine\Binaries\DotNET\IOS
[2018.06.27-13.44.37:964][  0]LogTemp: Initial Dir: D:\Epic Games\UE_4.19
[2018.06.27-13.44.37:964][  0]LogTemp: Env CWD: D:\Epic Games\UE_4.19\Engine\Binaries\DotNET\IOS
[2018.06.27-13.44.37:964][  0]LogTemp: BranchPath = TOM-LAPTOP/D/Epic Games/UE_4.19/Engine/Binaries --- GameBranchPath = TOM-LAPTOP/D/Epic Games/UE_4.19/Engine/Binaries
[2018.06.27-13.44.37:964][  0]LogTemp: IPP ERROR: Could not find provision directory 'C:\Users\tomco\AppData\Local/Apple Computer/MobileDevice/Provisioning Profiles/'.
[2018.06.27-13.44.37:964][  0]LogRenderer: Reallocating scene render targets to support 908x600 Format 10 NumSamples 1 (Frame:1).
[2018.06.27-13.44.38:256][  0]LogContentBrowser: Native class hierarchy updated for 'HierarchicalLODOutliner' in 0.0016 seconds. Added 0 classes and 0 folders.
[2018.06.27-13.44.38:256][  0]LogLoad: (Engine Initialization) Total time: 20.84 seconds
[2018.06.27-13.44.38:257][  0]LogLoad: (Engine Initialization) Total Blueprint compile time: 0.00 seconds
[2018.06.27-13.44.38:275][  0]LogWindowsTextInputMethodSystem: Display: IME system now deactivated.
[2018.06.27-13.44.38:302][  0]LogContentStreaming: Texture pool size now 1000 MB
[2018.06.27-13.44.38:354][  0]LogSlate: Took 0.002159 seconds to synchronously load lazily loaded font '../../../Engine/Content/Slate/Fonts/Roboto-Light.ttf' (167K)
[2018.06.27-13.44.38:400][  2]LogAssetRegistry: Asset discovery search completed in 13.4957 seconds
[2018.06.27-13.44.38:403][  2]LogCollectionManager: Rebuilt the object cache for 0 collections in 0.000000 seconds (found 0 objects)
[2018.06.27-13.44.38:404][  2]LogCollectionManager: Fixed up redirectors for 0 collections in 0.000315 seconds (updated 0 objects)
[2018.06.27-13.44.40:250][ 58]LogSlate: FSceneViewport::OnFocusLost() reason 0
[2018.06.27-13.44.40:300][ 60]LogTemp: Repeating last play command: Selected Viewport
[2018.06.27-13.44.40:327][ 60]LogPlayLevel: PlayLevel: No blueprints needed recompiling
[2018.06.27-13.44.40:339][ 60]PIE: New page: PIE session: Level1 (Jun 27, 2018, 5:44:40 PM)
[2018.06.27-13.44.40:340][ 60]LogPlayLevel: Creating play world package: /Game/Maps/UEDPIE_0_Level1
[2018.06.27-13.44.40:356][ 60]LogPlayLevel: PIE: StaticDuplicateObject took: (0.016340s)
[2018.06.27-13.44.40:357][ 60]LogAIModule: Creating AISystem for world Level1
[2018.06.27-13.44.40:358][ 60]LogPlayLevel: PIE: World Init took: (0.001458s)
[2018.06.27-13.44.40:358][ 60]LogPlayLevel: PIE: Created PIE world by copying editor world from /Game/Maps/Level1.Level1 to /Game/Maps/UEDPIE_0_Level1.Level1 (0.018683s)
[2018.06.27-13.44.40:375][ 60]LogInit: XAudio2 using 'Luidsprekers (Conexant SmartAudio HD)' : 2 channels at 48 kHz using 32 bits per sample (channel mask 0x3)
[2018.06.27-13.44.40:411][ 60]LogInit: FAudioDevice initialized.
[2018.06.27-13.44.40:489][ 60]LogUObjectGlobals: Created PersistentFrame Addr=0x000001c1c256b660, Size=104, Default__BP_InGameGUI_C Function /Game/UI/Widgets/BP_InGameGUI.BP_InGameGUI_C:ExecuteUbergraph_BP_InGameGUI
[2018.06.27-13.44.40:495][ 60]LogUObjectGlobals: Destroyed PersistentFrame Addr=0x000001c1c256b660, Size=104
[2018.06.27-13.44.40:495][ 60]LogUObjectGlobals: Created PersistentFrame Addr=0x000001c1c256b660, Size=104, Default__BP_InGameGUI_C Function /Engine/Transient.REINST_BP_InGameGUI_C_0:ExecuteUbergraph_BP_InGameGUI
[2018.06.27-13.44.40:498][ 60]LogUObjectGlobals: Created PersistentFrame Addr=0x000001c1c2568250, Size=104, Default__BP_InGameGUI_C Function /Game/UI/Widgets/BP_InGameGUI.BP_InGameGUI_C:ExecuteUbergraph_BP_InGameGUI
[2018.06.27-13.44.40:518][ 60]LogUObjectGlobals: Created PersistentFrame Addr=0x000001c167268d68, Size=4, Default__OnGroundSlot_C Function /Game/UI/Widgets/Inventory/Ground/OnGroundSlot.OnGroundSlot_C:ExecuteUbergraph_OnGroundSlot
[2018.06.27-13.44.40:522][ 60]LogUObjectGlobals: Destroyed PersistentFrame Addr=0x000001c167268d68, Size=4
[2018.06.27-13.44.40:522][ 60]LogUObjectGlobals: Created PersistentFrame Addr=0x000001c167268d68, Size=4, Default__OnGroundSlot_C Function /Engine/Transient.REINST_OnGroundSlot_C_2:ExecuteUbergraph_OnGroundSlot
[2018.06.27-13.44.40:525][ 60]LogUObjectGlobals: Created PersistentFrame Addr=0x000001c167268e68, Size=4, Default__OnGroundSlot_C Function /Game/UI/Widgets/Inventory/Ground/OnGroundSlot.OnGroundSlot_C:ExecuteUbergraph_OnGroundSlot
[2018.06.27-13.44.40:530][ 60]LogUObjectGlobals: Created PersistentFrame Addr=0x000001c1c251cf40, Size=160, Default__OnGroundUI_C Function /Game/UI/Widgets/Inventory/Ground/OnGroundUI.OnGroundUI_C:ExecuteUbergraph_OnGroundUI
[2018.06.27-13.44.40:534][ 60]LogUObjectGlobals: Destroyed PersistentFrame Addr=0x000001c1c251cf40, Size=160
[2018.06.27-13.44.40:534][ 60]LogUObjectGlobals: Created PersistentFrame Addr=0x000001c1c24ef2e0, Size=160, Default__OnGroundUI_C Function /Engine/Transient.REINST_OnGroundUI_C_3:ExecuteUbergraph_OnGroundUI
[2018.06.27-13.44.40:540][ 60]LogUObjectGlobals: Created PersistentFrame Addr=0x000001c1c24edda0, Size=160, Default__OnGroundUI_C Function /Game/UI/Widgets/Inventory/Ground/OnGroundUI.OnGroundUI_C:ExecuteUbergraph_OnGroundUI
[2018.06.27-13.44.40:560][ 60]LogUObjectGlobals: Created PersistentFrame Addr=0x000001c1c24d6cc0, Size=408, Default__Slot_C Function /Game/UI/Widgets/Inventory/Slot.Slot_C:ExecuteUbergraph_Slot
[2018.06.27-13.44.40:566][ 60]LogUObjectGlobals: Destroyed PersistentFrame Addr=0x000001c1c24d6cc0, Size=408
[2018.06.27-13.44.40:566][ 60]LogUObjectGlobals: Created PersistentFrame Addr=0x000001c1c24d6cc0, Size=408, Default__Slot_C Function /Engine/Transient.REINST_Slot_C_4:ExecuteUbergraph_Slot
[2018.06.27-13.44.40:572][ 60]LogUObjectGlobals: Created PersistentFrame Addr=0x000001c1c24d6080, Size=408, Default__Slot_C Function /Game/UI/Widgets/Inventory/Slot.Slot_C:ExecuteUbergraph_Slot
[2018.06.27-13.44.40:575][ 60]LogUObjectGlobals: Created PersistentFrame Addr=0x000001c1a88d3df8, Size=40, Default__InventorySlots_C Function /Game/UI/Widgets/Inventory/InventorySlots.InventorySlots_C:ExecuteUbergraph_InventorySlots
[2018.06.27-13.44.40:593][ 60]LogUObjectGlobals: Destroyed PersistentFrame Addr=0x000001c1a88d3df8, Size=40
[2018.06.27-13.44.40:594][ 60]LogUObjectGlobals: Created PersistentFrame Addr=0x000001c1a88d3df8, Size=40, Default__InventorySlots_C Function /Engine/Transient.REINST_InventorySlots_C_5:ExecuteUbergraph_InventorySlots
[2018.06.27-13.44.40:603][ 60]LogUObjectGlobals: Created PersistentFrame Addr=0x000001c1a88d2fc0, Size=40, Default__InventorySlots_C Function /Game/UI/Widgets/Inventory/InventorySlots.InventorySlots_C:ExecuteUbergraph_InventorySlots
[2018.06.27-13.44.40:607][ 60]LogUObjectGlobals: Created PersistentFrame Addr=0x000001c1a88d3358, Size=40, Default__UIHUD_C Function /Game/UI/Widgets/UIHUD.UIHUD_C:ExecuteUbergraph_UIHUD
[2018.06.27-13.44.40:612][ 60]LogUObjectGlobals: Destroyed PersistentFrame Addr=0x000001c1a88d3358, Size=40
[2018.06.27-13.44.40:612][ 60]LogUObjectGlobals: Created PersistentFrame Addr=0x000001c1a88d3358, Size=40, Default__UIHUD_C Function /Engine/Transient.REINST_UIHUD_C_6:ExecuteUbergraph_UIHUD
[2018.06.27-13.44.40:615][ 60]LogUObjectGlobals: Created PersistentFrame Addr=0x000001c1a88d2d18, Size=40, Default__UIHUD_C Function /Game/UI/Widgets/UIHUD.UIHUD_C:ExecuteUbergraph_UIHUD
[2018.06.27-13.44.40:697][ 60]LogLoad: Game class is 'BP_FPSGameModeBase_C'
[2018.06.27-13.44.40:710][ 60]LogWorld: Bringing World /Game/Maps/UEDPIE_0_Level1.Level1 up for play (max tick rate 60) at 2018.06.27-15.44.40
[2018.06.27-13.44.40:711][ 60]LogWorld: Bringing up level for play took: 0.011833
[2018.06.27-13.44.40:718][ 60]LogContentBrowser: Native class hierarchy updated for 'MovieSceneCapture' in 0.0014 seconds. Added 11 classes and 0 folders.
[2018.06.27-13.44.40:721][ 60]LogOutputDevice: Error: Ensure condition failed: Component->HasBegunPlay() [File:D:\Build\++UE4+Release-4.19+Compile\Sync\Engine\Source\Runtime\Engine\Private\Actor.cpp] [Line: 3129] 
Failed to route BeginPlay (SMG /Game/Maps/UEDPIE_0_Level1.Level1:PersistentLevel.BP_FPSPlayer_C_0.CurrentWeaponMesh)

[2018.06.27-13.44.40:722][ 60]LogStats:             FDebug::EnsureFailed -  0.000 s
[2018.06.27-13.44.42:564][ 60]PIE: Play in editor start time for /Game/Maps/UEDPIE_0_Level1 2.13
[2018.06.27-13.44.47:844][209]LogTemp: Warning: SMG: Added to inventory
[2018.06.27-13.44.48:292][224]LogSlate: FSceneViewport::OnFocusLost() reason 0
[2018.06.27-13.44.49:038][249]LogTemp: Warning: SMG: Added to inventory
[2018.06.27-13.44.51:490][331]LogTemp: Warning: SMG: Added to inventory
[2018.06.27-13.44.52:414][362]LogTemp: Warning: SMG: Added to inventory
[2018.06.27-13.44.53:606][402]LogTemp: Warning: SMG: Added to inventory
[2018.06.27-13.44.54:416][429]LogTemp: Warning: SMG: Added to inventory
[2018.06.27-13.44.55:042][450]LogTemp: Warning: SMG: Added to inventory
[2018.06.27-13.44.55:760][474]LogTemp: Warning: SMG: Added to inventory
[2018.06.27-13.44.56:771][508]LogTemp: Warning: SMG: Added to inventory
[2018.06.27-13.44.57:783][542]LogTemp: Warning: SMG: Added to inventory
[2018.06.27-13.45.00:017][617]LogTemp: Warning: SMG: Added to inventory
[2018.06.27-13.45.02:398][697]LogTemp: Warning: SMG: Added to inventory
[2018.06.27-13.45.03:767][743]LogTemp: Warning: SMG: Added to inventory
[2018.06.27-13.45.06:179][824]LogTemp: Warning: SMG: Added to inventory
[2018.06.27-13.45.11:297][996]LogTemp: Warning: SMG: Added to inventory
[2018.06.27-13.45.22:147][355]LogUObjectGlobals: Destroyed PersistentFrame Addr=0x000001c1c256b660, Size=104
[2018.06.27-13.45.22:149][355]LogUObjectGlobals: Destroyed PersistentFrame Addr=0x000001c167268d68, Size=4
[2018.06.27-13.45.22:149][355]LogUObjectGlobals: Destroyed PersistentFrame Addr=0x000001c1c24ef2e0, Size=160
[2018.06.27-13.45.22:150][355]LogUObjectGlobals: Destroyed PersistentFrame Addr=0x000001c1c24d6cc0, Size=408
[2018.06.27-13.45.22:150][355]LogUObjectGlobals: Destroyed PersistentFrame Addr=0x000001c1a88d3df8, Size=40
[2018.06.27-13.45.22:150][355]LogUObjectGlobals: Destroyed PersistentFrame Addr=0x000001c1a88d3358, Size=40
[2018.06.27-13.45.26:726][490]LogSlate: Took 0.000350 seconds to synchronously load lazily loaded font '../../../Engine/Content/Slate/Fonts/Roboto-Light.ttf' (167K)
[2018.06.27-13.45.26:755][490]Cmd: OBJ SAVEPACKAGE PACKAGE="/Game/Maps/Level1" FILE="../../../../../SpareTime/Unreal/FPS/FPS/Content/Maps/Level1.umap" SILENT=true AUTOSAVING=false KEEPDIRTY=false
[2018.06.27-13.45.27:125][490]LogSavePackage: Save=293.21ms
[2018.06.27-13.45.27:126][490]LogSavePackage: Moving '../../../../../SpareTime/Unreal/FPS/FPS/Saved/Level1D5FC3E96431C03208E5689900C8AE3EF.tmp' to '../../../../../SpareTime/Unreal/FPS/FPS/Content/Maps/Level1.umap'
[2018.06.27-13.45.27:130][490]LogSavePackage: Display: Finished SavePackage ../../../../../SpareTime/Unreal/FPS/FPS/Content/Maps/Level1.umap
[2018.06.27-13.45.27:177][490]Cmd: OBJ SAVEPACKAGE PACKAGE="/Game/Maps/Level1_BuiltData" FILE="../../../../../SpareTime/Unreal/FPS/FPS/Content/Maps/Level1_BuiltData.uasset" SILENT=true
[2018.06.27-13.45.27:719][490]LogSavePackage: Save=494.75ms
[2018.06.27-13.45.27:719][490]LogSavePackage: Moving '../../../../../SpareTime/Unreal/FPS/FPS/Saved/Level1_BuiltData46B0C47D40CA8E99641CE89294B60840.tmp' to '../../../../../SpareTime/Unreal/FPS/FPS/Content/Maps/Level1_BuiltData.uasset'
[2018.06.27-13.45.27:721][490]LogSavePackage: Display: Finished SavePackage ../../../../../SpareTime/Unreal/FPS/FPS/Content/Maps/Level1_BuiltData.uasset
[2018.06.27-13.45.30:516][576]LogTemp: Repeating last play command: Selected Viewport
[2018.06.27-13.45.30:540][576]LogPlayLevel: PlayLevel: No blueprints needed recompiling
[2018.06.27-13.45.30:540][576]PIE: New page: PIE session: Level1 (Jun 27, 2018, 5:45:30 PM)
[2018.06.27-13.45.30:541][576]LogPlayLevel: Creating play world package: /Game/Maps/UEDPIE_0_Level1
[2018.06.27-13.45.30:561][576]LogPlayLevel: PIE: StaticDuplicateObject took: (0.019807s)
[2018.06.27-13.45.30:562][576]LogAIModule: Creating AISystem for world Level1
[2018.06.27-13.45.30:563][576]LogPlayLevel: PIE: World Init took: (0.001657s)
[2018.06.27-13.45.30:563][576]LogPlayLevel: PIE: Created PIE world by copying editor world from /Game/Maps/Level1.Level1 to /Game/Maps/UEDPIE_0_Level1.Level1 (0.022341s)
[2018.06.27-13.45.30:584][576]LogInit: XAudio2 using 'Luidsprekers (Conexant SmartAudio HD)' : 2 channels at 48 kHz using 32 bits per sample (channel mask 0x3)
[2018.06.27-13.45.30:624][576]LogInit: FAudioDevice initialized.
[2018.06.27-13.45.30:661][576]LogLoad: Game class is 'BP_FPSGameModeBase_C'
[2018.06.27-13.45.30:673][576]LogWorld: Bringing World /Game/Maps/UEDPIE_0_Level1.Level1 up for play (max tick rate 60) at 2018.06.27-15.45.30
[2018.06.27-13.45.30:674][576]LogWorld: Bringing up level for play took: 0.010811
[2018.06.27-13.45.30:681][576]PIE: Play in editor start time for /Game/Maps/UEDPIE_0_Level1 0.247
[2018.06.27-13.45.39:660][897]LogTemp: Warning: SMG: Added to inventory
[2018.06.27-13.45.51:137][956]LogSlate: FSceneViewport::OnFocusLost() reason 0
[2018.06.27-13.45.51:140][956]LogScript: Warning: Accessed None trying to read property K2Node_DynamicCast_AsItem_Drag_Drop
	Slot_C /Engine/Transient.UnrealEdEngine_0:GameInstance_1.UIHUD_C_1.WidgetTree_1247.InventorySlots.WidgetTree_1248.Slot2
	Function /Game/UI/Widgets/Inventory/Slot.Slot_C:ExecuteUbergraph_Slot:00FF
[2018.06.27-13.45.51:140][956]LogScript: Warning: Accessed None
	Slot_C /Engine/Transient.UnrealEdEngine_0:GameInstance_1.UIHUD_C_1.WidgetTree_1247.InventorySlots.WidgetTree_1248.Slot2
	Function /Game/UI/Widgets/Inventory/Slot.Slot_C:ExecuteUbergraph_Slot:0114
[2018.06.27-13.45.52:107][989]LogTemp: Warning: SMG: Added to inventory
[2018.06.27-13.45.53:549][ 37]LogTemp: Warning: SMG: Added to inventory
[2018.06.27-13.45.54:629][ 73]LogTemp: Warning: SMG: Added to inventory
[2018.06.27-13.45.56:839][147]LogTemp: Warning: SMG: Added to inventory
[2018.06.27-13.48.49:410][989]LogTemp: Warning: SMG: Added to inventory
[2018.06.27-13.48.54:216][151]LogTemp: Warning: SMG: Added to inventory
[2018.06.27-13.49.19:493][  6]LogTemp: Warning: SMG: Added to inventory
[2018.06.27-13.49.24:898][189]LogTemp: Warning: SMG: Added to inventory
[2018.06.27-13.49.34:131][502]LogSlate: FSceneViewport::OnFocusLost() reason 0
[2018.06.27-13.49.35:697][542]LogEditorViewport: Clicking on Actor (LMB): BP_SMGPickUp_C (BP_SMGPickUp7)
[2018.06.27-13.49.39:510][658]LogActor: Warning: BP_SMGPickUp_C /Game/Maps/Level1.Level1:PersistentLevel.BP_SMGPickUp7_0 has natively added scene component(s), but none of them were set as the actor's RootComponent - picking one arbitrarily
[2018.06.27-13.49.41:752][728]LogSlate: FSceneViewport::OnFocusLost() reason 0
[2018.06.27-13.49.41:828][731]LogTemp: Repeating last play command: Selected Viewport
[2018.06.27-13.49.41:853][731]LogPlayLevel: PlayLevel: No blueprints needed recompiling
[2018.06.27-13.49.41:853][731]PIE: New page: PIE session: Level1 (Jun 27, 2018, 5:49:41 PM)
[2018.06.27-13.49.41:853][731]LogPlayLevel: Creating play world package: /Game/Maps/UEDPIE_0_Level1
[2018.06.27-13.49.41:885][731]LogPlayLevel: PIE: StaticDuplicateObject took: (0.031735s)
[2018.06.27-13.49.41:887][731]LogAIModule: Creating AISystem for world Level1
[2018.06.27-13.49.41:887][731]LogPlayLevel: PIE: World Init took: (0.001564s)
[2018.06.27-13.49.41:888][731]LogPlayLevel: PIE: Created PIE world by copying editor world from /Game/Maps/Level1.Level1 to /Game/Maps/UEDPIE_0_Level1.Level1 (0.034356s)
[2018.06.27-13.49.41:912][731]LogInit: XAudio2 using 'Luidsprekers (Conexant SmartAudio HD)' : 2 channels at 48 kHz using 32 bits per sample (channel mask 0x3)
[2018.06.27-13.49.41:954][731]LogInit: FAudioDevice initialized.
[2018.06.27-13.49.41:997][731]LogLoad: Game class is 'BP_FPSGameModeBase_C'
[2018.06.27-13.49.42:007][731]LogWorld: Bringing World /Game/Maps/UEDPIE_0_Level1.Level1 up for play (max tick rate 60) at 2018.06.27-15.49.42
[2018.06.27-13.49.42:008][731]LogWorld: Bringing up level for play took: 0.010176
[2018.06.27-13.49.42:015][731]PIE: Play in editor start time for /Game/Maps/UEDPIE_0_Level1 -0.418
[2018.06.27-13.49.46:521][882]LogTemp: Warning: SMG: Added to inventory
[2018.06.27-13.49.48:574][950]LogSlate: FSceneViewport::OnFocusLost() reason 0
[2018.06.27-13.49.49:329][975]LogTemp: Warning: SMG: Added to inventory
[2018.06.27-13.49.51:199][ 37]LogTemp: Warning: SMG: Added to inventory
[2018.06.27-13.49.51:954][ 62]LogSlate: FSceneViewport::OnFocusLost() reason 0
[2018.06.27-13.49.55:992][196]LogScript: Warning: Accessed None trying to read property K2Node_DynamicCast_AsItem_Drag_Drop
	Slot_C /Engine/Transient.UnrealEdEngine_0:GameInstance_2.UIHUD_C_2.WidgetTree_4100.InventorySlots.WidgetTree_4101.Slot2
	Function /Game/UI/Widgets/Inventory/Slot.Slot_C:ExecuteUbergraph_Slot:00FF
[2018.06.27-13.49.55:993][196]LogScript: Warning: Accessed None
	Slot_C /Engine/Transient.UnrealEdEngine_0:GameInstance_2.UIHUD_C_2.WidgetTree_4100.InventorySlots.WidgetTree_4101.Slot2
	Function /Game/UI/Widgets/Inventory/Slot.Slot_C:ExecuteUbergraph_Slot:0114
[2018.06.27-13.50.11:707][704]LogEditorViewport: Clicking on Actor (LMB): BP_SMGPickUp_C (BP_SMGPickUp8)
[2018.06.27-13.50.12:977][741]Cmd: DELETE
[2018.06.27-13.50.12:978][741]Cmd: ACTOR DELETE
[2018.06.27-13.50.13:011][741]LogEditorActor: Deleted Actor: BP_SMGPickUp_C
[2018.06.27-13.50.13:025][741]LogEditorActor: Deleted 1 Actors (0.033 secs)
[2018.06.27-13.52.48:591][366]LogSlate: FSceneViewport::OnFocusLost() reason 2
[2018.06.27-13.52.48:700][366]Cmd: OBJ SAVEPACKAGE PACKAGE="/Game/Maps/Level1" FILE="../../../../../SpareTime/Unreal/FPS/FPS/Content/Maps/Level1.umap" SILENT=true AUTOSAVING=false KEEPDIRTY=false
[2018.06.27-13.52.49:068][366]LogSavePackage: Save=305.12ms
[2018.06.27-13.52.49:068][366]LogSavePackage: Moving '../../../../../SpareTime/Unreal/FPS/FPS/Saved/Level19511BE524B012068B8D55F9EC7F28913.tmp' to '../../../../../SpareTime/Unreal/FPS/FPS/Content/Maps/Level1.umap'
[2018.06.27-13.52.49:072][366]LogSavePackage: Display: Finished SavePackage ../../../../../SpareTime/Unreal/FPS/FPS/Content/Maps/Level1.umap
[2018.06.27-13.52.49:108][366]LogFileHelpers: Saving map 'Level1' took 0.490
[2018.06.27-13.52.50:225][400]LogSlate: FSceneViewport::OnFocusLost() reason 0
[2018.06.27-13.52.50:430][403]LogSlate: Window 'FPS - Unreal Editor' being destroyed
[2018.06.27-13.52.50:759][404]Cmd: QUIT_EDITOR
[2018.06.27-13.52.51:518][404]LogWindowsTextInputMethodSystem: Display: IME system now deactivated.
[2018.06.27-13.52.51:534][404]LogSlate: Slate User Destroyed.  User Index 0, Is Virtual User: 0
[2018.06.27-13.52.51:535][404]LogExit: Preparing to exit.
[2018.06.27-13.52.51:852][404]LogDirectoryWatcher: A directory notification for 'D:/SpareTime/Unreal/FPS/FPS/Content/' was aborted.
[2018.06.27-13.52.51:877][404]LogUObjectGlobals: Destroyed PersistentFrame Addr=0x000001c1139c57b0, Size=80
[2018.06.27-13.52.51:884][404]LogExit: Editor shut down
[2018.06.27-13.52.51:890][404]LogExit: Transaction tracking system shut down
[2018.06.27-13.52.51:891][404]LogUObjectGlobals: Destroyed PersistentFrame Addr=0x000001c1c2568250, Size=104
[2018.06.27-13.52.51:900][404]LogUObjectGlobals: Destroyed PersistentFrame Addr=0x000001c167268e68, Size=4
[2018.06.27-13.52.51:900][404]LogUObjectGlobals: Destroyed PersistentFrame Addr=0x000001c1c24edda0, Size=160
[2018.06.27-13.52.51:900][404]LogUObjectGlobals: Destroyed PersistentFrame Addr=0x000001c1c24d6080, Size=408
[2018.06.27-13.52.51:901][404]LogUObjectGlobals: Destroyed PersistentFrame Addr=0x000001c1a88d2fc0, Size=40
[2018.06.27-13.52.51:901][404]LogUObjectGlobals: Destroyed PersistentFrame Addr=0x000001c1a88d2d18, Size=40
[2018.06.27-13.52.52:102][404]LogDirectoryWatcher: A directory notification for '../../../Engine/Content/' was aborted.
[2018.06.27-13.52.52:102][404]LogDirectoryWatcher: A directory notification for '../../../../../SpareTime/Unreal/FPS/FPS/Content/' was aborted.
[2018.06.27-13.52.52:102][404]LogDirectoryWatcher: A directory notification for '../../Plugins/2D/Paper2D/Content/' was aborted.
[2018.06.27-13.52.52:102][404]LogDirectoryWatcher: A directory notification for '../../Plugins/Enterprise/DatasmithContent/Content/' was aborted.
[2018.06.27-13.52.52:102][404]LogDirectoryWatcher: A directory notification for '../../Plugins/Media/MediaCompositing/Content/' was aborted.
[2018.06.27-13.52.52:102][404]LogDirectoryWatcher: A directory notification for '../../Plugins/Runtime/AppleARKit/Content/' was aborted.
[2018.06.27-13.52.52:103][404]LogDirectoryWatcher: A directory notification for '../../Plugins/Runtime/Oculus/OculusVR/Content/' was aborted.
[2018.06.27-13.52.52:103][404]LogDirectoryWatcher: A directory notification for '../../Plugins/Runtime/Steam/SteamVR/Content/' was aborted.
[2018.06.27-13.52.52:287][404]LogExit: Object subsystem successfully closed.
[2018.06.27-13.52.52:337][404]LogShaderCompilers: Display: Shaders left to compile 0
[2018.06.27-13.52.52:343][404]LogD3D11RHI: Shutdown
[2018.06.27-13.52.52:343][404]LogD3D11RHI: CleanupD3DDevice
[2018.06.27-13.52.52:348][404]LogD3D11RHI: ~FD3D11DynamicRHI
[2018.06.27-13.52.52:413][404]LogModuleManager: Shutting down and abandoning module MovieSceneCapture (582)
[2018.06.27-13.52.52:413][404]LogModuleManager: Shutting down and abandoning module HierarchicalLODOutliner (580)
[2018.06.27-13.52.52:413][404]LogModuleManager: Shutting down and abandoning module ExternalImagePicker (578)
[2018.06.27-13.52.52:413][404]LogModuleManager: Shutting down and abandoning module DesktopPlatform (576)
[2018.06.27-13.52.52:414][404]LogModuleManager: Shutting down and abandoning module AddContentDialog (574)
[2018.06.27-13.52.52:415][404]LogDirectoryWatcher: A directory notification for 'D:/Epic Games/UE_4.19/FeaturePacks/' was aborted.
[2018.06.27-13.52.52:417][404]LogModuleManager: Shutting down and abandoning module WidgetCarousel (573)
[2018.06.27-13.52.52:417][404]LogModuleManager: Shutting down and abandoning module EditorWidgets (570)
[2018.06.27-13.52.52:417][404]LogModuleManager: Shutting down and abandoning module CollectionManager (568)
[2018.06.27-13.52.52:418][404]LogDirectoryWatcher: A directory notification for 'D:/SpareTime/Unreal/FPS/FPS/Content/Collections/' was aborted.
[2018.06.27-13.52.52:418][404]LogDirectoryWatcher: A directory notification for 'D:/SpareTime/Unreal/FPS/FPS/Content/Developers/tomco/Collections/' was aborted.
[2018.06.27-13.52.52:419][404]LogDirectoryWatcher: A directory notification for 'D:/SpareTime/Unreal/FPS/FPS/Saved/Collections/' was aborted.
[2018.06.27-13.52.52:419][404]LogModuleManager: Shutting down and abandoning module SceneOutliner (566)
[2018.06.27-13.52.52:419][404]LogModuleManager: Shutting down and abandoning module StatsViewer (564)
[2018.06.27-13.52.52:419][404]LogModuleManager: Shutting down and abandoning module FoliageEdit (562)
[2018.06.27-13.52.52:419][404]LogModuleManager: Shutting down and abandoning module LandscapeEditor (560)
[2018.06.27-13.52.52:420][404]LogModuleManager: Shutting down and abandoning module MeshPaintMode (558)
[2018.06.27-13.52.52:421][404]LogModuleManager: Shutting down and abandoning module SceneDepthPickerMode (556)
[2018.06.27-13.52.52:421][404]LogModuleManager: Shutting down and abandoning module ActorPickerMode (554)
[2018.06.27-13.52.52:421][404]LogModuleManager: Shutting down and abandoning module GeometryMode (552)
[2018.06.27-13.52.52:422][404]LogModuleManager: Shutting down and abandoning module TextureAlignMode (550)
[2018.06.27-13.52.52:422][404]LogModuleManager: Shutting down and abandoning module BspMode (548)
[2018.06.27-13.52.52:422][404]LogModuleManager: Shutting down and abandoning module PIEPreviewDeviceProfileSelector (546)
[2018.06.27-13.52.52:422][404]LogModuleManager: Shutting down and abandoning module HardwareSurvey (544)
[2018.06.27-13.52.52:422][404]LogModuleManager: Shutting down and abandoning module SequenceRecorderSections (542)
[2018.06.27-13.52.52:422][404]LogModuleManager: Shutting down and abandoning module AutomationWorker (540)
[2018.06.27-13.52.52:422][404]LogModuleManager: Shutting down and abandoning module AudioCaptureEditor (538)
[2018.06.27-13.52.52:422][404]LogModuleManager: Shutting down and abandoning module SequenceRecorder (537)
[2018.06.27-13.52.52:423][404]LogModuleManager: Shutting down and abandoning module MatineeToLevelSequence (534)
[2018.06.27-13.52.52:424][404]LogModuleManager: Shutting down and abandoning module LevelSequenceEditor (532)
[2018.06.27-13.52.52:427][404]LogModuleManager: Shutting down and abandoning module PlacementMode (531)
[2018.06.27-13.52.52:427][404]LogModuleManager: Shutting down and abandoning module MaterialEditor (530)
[2018.06.27-13.52.52:432][404]LogModuleManager: Shutting down and abandoning module WmfMediaFactory (526)
[2018.06.27-13.52.52:432][404]LogModuleManager: Shutting down and abandoning module WmfMediaEditor (524)
[2018.06.27-13.52.52:433][404]LogModuleManager: Shutting down and abandoning module MediaPlayerEditor (522)
[2018.06.27-13.52.52:435][404]LogModuleManager: Shutting down and abandoning module OpenExrWrapper (520)
[2018.06.27-13.52.52:436][404]LogModuleManager: Shutting down and abandoning module ImgMediaFactory (518)
[2018.06.27-13.52.52:436][404]LogModuleManager: Shutting down and abandoning module ImgMediaEditor (516)
[2018.06.27-13.52.52:436][404]LogModuleManager: Shutting down and abandoning module AvfMediaFactory (514)
[2018.06.27-13.52.52:436][404]LogModuleManager: Shutting down and abandoning module AvfMediaEditor (512)
[2018.06.27-13.52.52:436][404]LogModuleManager: Shutting down and abandoning module AndroidMediaFactory (510)
[2018.06.27-13.52.52:436][404]LogModuleManager: Shutting down and abandoning module AndroidMediaEditor (508)
[2018.06.27-13.52.52:436][404]LogModuleManager: Shutting down and abandoning module CharacterAI (506)
[2018.06.27-13.52.52:436][404]LogModuleManager: Shutting down and abandoning module SmartSnapping (504)
[2018.06.27-13.52.52:436][404]LogModuleManager: Shutting down and abandoning module SessionServices (502)
[2018.06.27-13.52.52:436][404]LogModuleManager: Shutting down and abandoning module ViewportSnapping (500)
[2018.06.27-13.52.52:436][404]LogModuleManager: Shutting down and abandoning module ViewportInteraction (498)
[2018.06.27-13.52.52:437][404]LogModuleManager: Shutting down and abandoning module ClothPainter (496)
[2018.06.27-13.52.52:438][404]LogModuleManager: Shutting down and abandoning module SkeletalMeshEditor (495)
[2018.06.27-13.52.52:440][404]LogModuleManager: Shutting down and abandoning module LogVisualizer (492)
[2018.06.27-13.52.52:442][404]LogModuleManager: Shutting down and abandoning module IntroTutorials (490)
[2018.06.27-13.52.52:444][404]LogModuleManager: Shutting down and abandoning module GameProjectGeneration (489)
[2018.06.27-13.52.52:446][404]LogModuleManager: Shutting down and abandoning module IOSPlatformEditor (486)
[2018.06.27-13.52.52:447][404]LogModuleManager: Shutting down and abandoning module HTML5PlatformEditor (484)
[2018.06.27-13.52.52:447][404]LogModuleManager: Shutting down and abandoning module AndroidPlatformEditor (482)
[2018.06.27-13.52.52:447][404]LogModuleManager: Shutting down and abandoning module AndroidDeviceDetection (481)
[2018.06.27-13.52.53:100][404]LogModuleManager: Shutting down and abandoning module WindowsPlatformEditor (478)
[2018.06.27-13.52.53:101][404]LogModuleManager: Shutting down and abandoning module IOSRuntimeSettings (476)
[2018.06.27-13.52.53:101][404]LogModuleManager: Shutting down and abandoning module AndroidRuntimeSettings (474)
[2018.06.27-13.52.53:101][404]LogModuleManager: Shutting down and abandoning module InputBindingEditor (472)
[2018.06.27-13.52.53:114][404]LogModuleManager: Shutting down and abandoning module MergeActors (470)
[2018.06.27-13.52.53:115][404]LogModuleManager: Shutting down and abandoning module LocalizationDashboard (468)
[2018.06.27-13.52.53:116][404]LogModuleManager: Shutting down and abandoning module LocalizationService (467)
[2018.06.27-13.52.53:117][404]LogModuleManager: Shutting down and abandoning module HardwareTargeting (464)
[2018.06.27-13.52.53:117][404]LogModuleManager: Shutting down and abandoning module DeviceProfileEditor (462)
[2018.06.27-13.52.53:118][404]LogModuleManager: Shutting down and abandoning module UndoHistory (460)
[2018.06.27-13.52.53:118][404]LogModuleManager: Shutting down and abandoning module XmlParser (458)
[2018.06.27-13.52.53:118][404]LogModuleManager: Shutting down and abandoning module Blutility (456)
[2018.06.27-13.52.53:118][404]LogModuleManager: Shutting down and abandoning module ProjectSettingsViewer (454)
[2018.06.27-13.52.53:119][404]LogModuleManager: Shutting down and abandoning module ProjectTargetPlatformEditor (453)
[2018.06.27-13.52.53:119][404]LogModuleManager: Shutting down and abandoning module EditorSettingsViewer (450)
[2018.06.27-13.52.53:119][404]LogModuleManager: Shutting down and abandoning module SettingsEditor (448)
[2018.06.27-13.52.53:120][404]LogModuleManager: Shutting down and abandoning module ProjectLauncher (446)
[2018.06.27-13.52.53:121][404]LogModuleManager: Shutting down and abandoning module SessionFrontend (444)
[2018.06.27-13.52.53:122][404]LogModuleManager: Shutting down and abandoning module ProfilerClient (442)
[2018.06.27-13.52.53:122][404]LogModuleManager: Shutting down and abandoning module DeviceManager (440)
[2018.06.27-13.52.53:123][404]LogModuleManager: Shutting down and abandoning module TargetDeviceServices (439)
[2018.06.27-13.52.53:175][404]LogModuleManager: Shutting down and abandoning module AutomationController (436)
[2018.06.27-13.52.53:176][404]LogModuleManager: Shutting down and abandoning module AutomationWindow (434)
[2018.06.27-13.52.53:179][404]LogModuleManager: Shutting down and abandoning module Layers (432)
[2018.06.27-13.52.53:182][404]LogModuleManager: Shutting down and abandoning module ComponentVisualizers (430)
[2018.06.27-13.52.53:182][404]LogModuleManager: Shutting down and abandoning module DetailCustomizations (428)
[2018.06.27-13.52.53:183][404]LogModuleManager: Shutting down and abandoning module PackagesDialog (426)
[2018.06.27-13.52.53:184][404]LogModuleManager: Shutting down and abandoning module Persona (424)
[2018.06.27-13.52.53:185][404]LogModuleManager: Shutting down and abandoning module AdvancedPreviewScene (423)
[2018.06.27-13.52.53:185][404]LogModuleManager: Shutting down and abandoning module AnimGraph (421)
[2018.06.27-13.52.53:185][404]LogModuleManager: Shutting down and abandoning module Kismet (418)
[2018.06.27-13.52.53:187][404]LogModuleManager: Shutting down and abandoning module GraphEditor (416)
[2018.06.27-13.52.53:190][404]LogModuleManager: Shutting down and abandoning module ClassViewer (414)
[2018.06.27-13.52.53:191][404]LogModuleManager: Shutting down and abandoning module Toolbox (412)
[2018.06.27-13.52.53:191][404]LogModuleManager: Shutting down and abandoning module ModuleUI (410)
[2018.06.27-13.52.53:191][404]LogModuleManager: Shutting down and abandoning module MovieSceneTools (408)
[2018.06.27-13.52.53:193][404]LogModuleManager: Shutting down and abandoning module OutputLog (406)
[2018.06.27-13.52.53:193][404]LogModuleManager: Shutting down and abandoning module GammaUI (404)
[2018.06.27-13.52.53:194][404]LogModuleManager: Shutting down and abandoning module Documentation (402)
[2018.06.27-13.52.53:194][404]LogModuleManager: Shutting down and abandoning module MovieSceneTracks (400)
[2018.06.27-13.52.53:194][404]LogModuleManager: Shutting down and abandoning module MovieScene (398)
[2018.06.27-13.52.53:194][404]LogModuleManager: Shutting down and abandoning module StreamingPauseRendering (396)
[2018.06.27-13.52.53:194][404]LogModuleManager: Shutting down and abandoning module LauncherPlatform (394)
[2018.06.27-13.52.53:194][404]LogModuleManager: Shutting down and abandoning module AnalyticsET (392)
[2018.06.27-13.52.53:194][404]LogModuleManager: Shutting down and abandoning module PortalServices (390)
[2018.06.27-13.52.53:194][404]LogModuleManager: Shutting down and abandoning module PortalRpc (388)
[2018.06.27-13.52.53:195][404]LogModuleManager: Shutting down and abandoning module MessagingRpc (386)
[2018.06.27-13.52.53:195][404]LogModuleManager: Shutting down and abandoning module AIModule (384)
[2018.06.27-13.52.53:195][404]LogModuleManager: Shutting down and abandoning module GameplayDebugger (383)
[2018.06.27-13.52.53:195][404]LogModuleManager: Shutting down and abandoning module AITestSuite (381)
[2018.06.27-13.52.53:195][404]LogModuleManager: Shutting down and abandoning module ProfilerService (378)
[2018.06.27-13.52.53:440][404]LogModuleManager: Shutting down and abandoning module TaskGraph (376)
[2018.06.27-13.52.53:441][404]LogModuleManager: Shutting down and abandoning module CoverPointGenerator (374)
[2018.06.27-13.52.53:441][404]LogModuleManager: Shutting down and abandoning module SteamVRController (372)
[2018.06.27-13.52.53:442][404]LogModuleManager: Shutting down and abandoning module ProceduralMeshComponentEditor (370)
[2018.06.27-13.52.53:442][404]LogModuleManager: Shutting down and abandoning module ProceduralMeshComponent (368)
[2018.06.27-13.52.53:443][404]LogModuleManager: Shutting down and abandoning module OculusInput (366)
[2018.06.27-13.52.53:443][404]LogModuleManager: Shutting down and abandoning module MobilePatchingUtils (364)
[2018.06.27-13.52.53:444][404]LogModuleManager: Shutting down and abandoning module CustomMeshComponent (362)
[2018.06.27-13.52.53:444][404]LogModuleManager: Shutting down and abandoning module CableComponent (360)
[2018.06.27-13.52.53:444][404]LogModuleManager: Shutting down and abandoning module AudioCapture (358)
[2018.06.27-13.52.53:444][404]LogModuleManager: Shutting down and abandoning module ArchVisCharacter (356)
[2018.06.27-13.52.53:445][404]LogModuleManager: Shutting down and abandoning module AndroidPermission (354)
[2018.06.27-13.52.53:445][404]LogModuleManager: Shutting down and abandoning module NUTUnrealEngine4 (350)
[2018.06.27-13.52.53:445][404]LogModuleManager: Shutting down and abandoning module NetcodeUnitTest (348)
[2018.06.27-13.52.53:447][404]LogModuleManager: Shutting down and abandoning module MediaCompositingEditor (346)
[2018.06.27-13.52.53:448][404]LogModuleManager: Shutting down and abandoning module MediaCompositing (344)
[2018.06.27-13.52.53:448][404]LogModuleManager: Shutting down and abandoning module LinearTimecode (342)
[2018.06.27-13.52.53:448][404]LogModuleManager: Shutting down and abandoning module ImgMedia (340)
[2018.06.27-13.52.53:459][404]LogModuleManager: Shutting down and abandoning module HTML5Networking (338)
[2018.06.27-13.52.53:459][404]LogModuleManager: Shutting down and abandoning module AlembicImporter (336)
[2018.06.27-13.52.53:460][404]LogModuleManager: Shutting down and abandoning module AlembicLibrary (335)
[2018.06.27-13.52.53:460][404]LogModuleManager: Shutting down and abandoning module GeometryCache (334)
[2018.06.27-13.52.53:460][404]LogModuleManager: Shutting down and abandoning module GeometryCacheEd (333)
[2018.06.27-13.52.53:460][404]LogModuleManager: Shutting down and abandoning module DatasmithContent (328)
[2018.06.27-13.52.53:460][404]LogModuleManager: Shutting down and abandoning module SpeedTreeImporter (326)
[2018.06.27-13.52.53:460][404]LogModuleManager: Shutting down and abandoning module PluginBrowser (324)
[2018.06.27-13.52.53:463][404]LogModuleManager: Shutting down and abandoning module MobileLauncherProfileWizard (322)
[2018.06.27-13.52.53:464][404]LogModuleManager: Shutting down and abandoning module CryptoKeysOpenSSL (320)
[2018.06.27-13.52.53:464][404]LogModuleManager: Shutting down and abandoning module CryptoKeys (318)
[2018.06.27-13.52.53:464][404]LogModuleManager: Shutting down and abandoning module VisualStudioSourceCodeAccess (316)
[2018.06.27-13.52.53:464][404]LogModuleManager: Shutting down and abandoning module VisualStudioCodeSourceCodeAccess (314)
[2018.06.27-13.52.53:464][404]LogModuleManager: Shutting down and abandoning module UObjectPlugin (312)
[2018.06.27-13.52.53:464][404]LogModuleManager: Shutting down and abandoning module SubversionSourceControl (310)
[2018.06.27-13.52.53:465][404]LogModuleManager: Shutting down and abandoning module PerforceSourceControl (308)
[2018.06.27-13.52.53:467][404]LogModuleManager: Shutting down and abandoning module GitSourceControl (306)
[2018.06.27-13.52.53:468][404]LogModuleManager: Shutting down and abandoning module SourceControl (305)
[2018.06.27-13.52.53:469][404]LogModuleManager: Shutting down and abandoning module CLionSourceCodeAccess (302)
[2018.06.27-13.52.53:469][404]LogModuleManager: Shutting down and abandoning module LightPropagationVolumeEditor (300)
[2018.06.27-13.52.53:469][404]LogModuleManager: Shutting down and abandoning module PaperTiledImporter (298)
[2018.06.27-13.52.53:469][404]LogModuleManager: Shutting down and abandoning module PaperSpriteSheetImporter (296)
[2018.06.27-13.52.53:469][404]LogModuleManager: Shutting down and abandoning module Paper2DEditor (294)
[2018.06.27-13.52.53:471][404]LogModuleManager: Shutting down and abandoning module MeshPaint (293)
[2018.06.27-13.52.53:471][404]LogModuleManager: Shutting down and abandoning module FPS (290)
[2018.06.27-13.52.53:471][404]LogModuleManager: Shutting down and abandoning module RuntimePhysXCooking (288)
[2018.06.27-13.52.53:471][404]LogModuleManager: Shutting down and abandoning module PhysXVehiclesEditor (286)
[2018.06.27-13.52.53:471][404]LogModuleManager: Shutting down and abandoning module PhysXVehicles (284)
[2018.06.27-13.52.53:471][404]LogModuleManager: Shutting down and abandoning module OculusEditor (282)
[2018.06.27-13.52.53:472][404]LogModuleManager: Shutting down and abandoning module LocationServicesBPLibrary (280)
[2018.06.27-13.52.53:472][404]LogModuleManager: Shutting down and abandoning module ImmediatePhysicsEditor (278)
[2018.06.27-13.52.53:472][404]LogModuleManager: Shutting down and abandoning module ImmediatePhysics (276)
[2018.06.27-13.52.53:472][404]LogModuleManager: Shutting down and abandoning module ActorSequence (274)
[2018.06.27-13.52.53:472][404]LogModuleManager: Shutting down and abandoning module UdpMessaging (272)
[2018.06.27-13.52.53:574][404]LogModuleManager: Shutting down and abandoning module TcpMessaging (270)
