Log file open, 07/03/18 11:15:20
LogWindows: Failed to load 'aqProf.dll' (GetLastError=126)
LogWindows: File 'aqProf.dll' does not exist
LogWindows: Failed to load 'VtuneApi.dll' (GetLastError=126)
LogWindows: File 'VtuneApi.dll' does not exist
LogWindows: Failed to load 'VtuneApi32e.dll' (GetLastError=126)
LogWindows: File 'VtuneApi32e.dll' does not exist
LogInit: Display: Running engine for game: FPS
LogPlatformFile: Not using cached read wrapper
LogInit: Display: RandInit(351438757) SRandInit(351438757).
LogInit: Read version file with build ID '3944462'
LogInit: Overriding engine version to CL 4033788, compatible CL 3944462
LogInit: Registered custom module enumerator with build ID '3944462'
LogTaskGraph: Started task graph with 5 named threads and 23 total threads with 3 sets of task threads.
LogStats: Stats thread started at 2.842999
LogD3D11RHI: Aftermath initialized
LogICUInternationalization: Display: ICU TimeZone Detection - Raw Offset: +1:00, Platform Override: ''
LogPluginManager: Mounting plugin Paper2D
LogPluginManager: Mounting plugin LiveLink
LogPluginManager: Mounting plugin LightPropagationVolume
LogPluginManager: Mounting plugin CLionSourceCodeAccess
LogPluginManager: Mounting plugin CodeLiteSourceCodeAccess
LogPluginManager: Mounting plugin GitSourceControl
LogPluginManager: Mounting plugin KDevelopSourceCodeAccess
LogPluginManager: Mounting plugin NullSourceCodeAccess
LogPluginManager: Mounting plugin PerforceSourceControl
LogPluginManager: Mounting plugin SubversionSourceControl
LogPluginManager: Mounting plugin UObjectPlugin
LogPluginManager: Mounting plugin VisualStudioCodeSourceCodeAccess
LogPluginManager: Mounting plugin VisualStudioSourceCodeAccess
LogPluginManager: Mounting plugin XCodeSourceCodeAccess
LogPluginManager: Mounting plugin AssetManagerEditor
LogPluginManager: Mounting plugin CryptoKeys
LogPluginManager: Mounting plugin DataValidation
LogPluginManager: Mounting plugin FacialAnimation
LogPluginManager: Mounting plugin GameplayTagsEditor
LogPluginManager: Mounting plugin MobileLauncherProfileWizard
LogPluginManager: Mounting plugin PluginBrowser
LogPluginManager: Mounting plugin SpeedTreeImporter
LogPluginManager: Mounting plugin DatasmithContent
LogPluginManager: Mounting plugin AlembicImporter
LogPluginManager: Mounting plugin CharacterAI
LogPluginManager: Mounting plugin HTML5Networking
LogPluginManager: Mounting plugin AndroidMedia
LogPluginManager: Mounting plugin AvfMedia
LogPluginManager: Mounting plugin ImgMedia
LogPluginManager: Mounting plugin LinearTimecode
LogPluginManager: Mounting plugin MediaCompositing
LogPluginManager: Mounting plugin MediaPlayerEditor
LogPluginManager: Mounting plugin WmfMedia
LogPluginManager: Mounting plugin TcpMessaging
LogPluginManager: Mounting plugin UdpMessaging
LogPluginManager: Mounting plugin ActorSequence
LogPluginManager: Mounting plugin LevelSequenceEditor
LogPluginManager: Mounting plugin MatineeToLevelSequence
LogPluginManager: Mounting plugin NetcodeUnitTest
LogPluginManager: Mounting plugin NUTUnrealEngine4
LogPluginManager: Mounting plugin OnlineSubsystemGooglePlay
LogPluginManager: Mounting plugin OnlineSubsystemIOS
LogPluginManager: Mounting plugin OnlineSubsystem
LogPluginManager: Mounting plugin OnlineSubsystemNull
LogPluginManager: Mounting plugin OnlineSubsystemUtils
LogPluginManager: Mounting plugin AndroidDeviceProfileSelector
LogPluginManager: Mounting plugin AndroidMoviePlayer
LogPluginManager: Mounting plugin AndroidPermission
LogPluginManager: Mounting plugin AppleARKit
LogPluginManager: Mounting plugin AppleMoviePlayer
LogPluginManager: Mounting plugin ArchVisCharacter
LogPluginManager: Mounting plugin AudioCapture
LogPluginManager: Mounting plugin CableComponent
LogPluginManager: Mounting plugin CustomMeshComponent
LogPluginManager: Mounting plugin ExampleDeviceProfileSelector
LogPluginManager: Mounting plugin GoogleCloudMessaging
LogPluginManager: Mounting plugin ImmediatePhysics
LogPluginManager: Mounting plugin IOSDeviceProfileSelector
LogPluginManager: Mounting plugin LinuxDeviceProfileSelector
LogPluginManager: Mounting plugin LocationServicesBPLibrary
LogPluginManager: Mounting plugin MobilePatchingUtils
LogPluginManager: Mounting plugin OculusVR
LogPluginManager: Plugin shader directory ../../../Engine/Plugins/Runtime/Oculus/OculusVR/Shaders found
LogPluginManager: Mapping shader source directory ../../../Engine/Plugins/Runtime/Oculus/OculusVR/Shaders to virtual directory /Plugin/OculusVR
LogPluginManager: Mounting plugin PhysXVehicles
LogPluginManager: Mounting plugin ProceduralMeshComponent
LogPluginManager: Mounting plugin RuntimePhysXCooking
LogPluginManager: Mounting plugin SteamVR
LogPluginManager: Mounting plugin WindowsMoviePlayer
LogPluginManager: Mounting plugin CoverPointGenerator
LogStreaming: Display: Took  0.135s to configure plugins.
LogModuleManager: Display: Found up-to-date module file ../../../../../../../Projects/FPS/FPS/Binaries/Win64/UE4Editor-FPS.dll (API version 3944462).
LogModuleManager: Display: Found up-to-date module file ../../../Engine/Plugins/2D/Paper2D/Binaries/Win64/UE4Editor-Paper2D.dll (API version 3944462).
LogModuleManager: Display: Found up-to-date module file ../../../Engine/Plugins/2D/Paper2D/Binaries/Win64/UE4Editor-Paper2DEditor.dll (API version 3944462).
LogModuleManager: Display: Found up-to-date module file ../../../Engine/Plugins/2D/Paper2D/Binaries/Win64/UE4Editor-PaperSpriteSheetImporter.dll (API version 3944462).
LogModuleManager: Display: Found up-to-date module file ../../../Engine/Plugins/2D/Paper2D/Binaries/Win64/UE4Editor-PaperTiledImporter.dll (API version 3944462).
LogModuleManager: Display: Found up-to-date module file ../../../Engine/Plugins/2D/Paper2D/Binaries/Win64/UE4Editor-SmartSnapping.dll (API version 3944462).
LogModuleManager: Display: Found up-to-date module file ../../../Engine/Plugins/Animation/LiveLink/Binaries/Win64/UE4Editor-LiveLink.dll (API version 3944462).
LogModuleManager: Display: Found up-to-date module file ../../../Engine/Plugins/Animation/LiveLink/Binaries/Win64/UE4Editor-LiveLinkEditor.dll (API version 3944462).
LogModuleManager: Display: Found up-to-date module file ../../../Engine/Plugins/Blendables/LightPropagationVolume/Binaries/Win64/UE4Editor-LightPropagationVolumeRuntime.dll (API version 3944462).
LogModuleManager: Display: Found up-to-date module file ../../../Engine/Plugins/Blendables/LightPropagationVolume/Binaries/Win64/UE4Editor-LightPropagationVolumeEditor.dll (API version 3944462).
LogModuleManager: Display: Found up-to-date module file ../../../Engine/Plugins/Developer/CLionSourceCodeAccess/Binaries/Win64/UE4Editor-CLionSourceCodeAccess.dll (API version 3944462).
LogModuleManager: Display: Found up-to-date module file ../../../Engine/Plugins/Developer/GitSourceControl/Binaries/Win64/UE4Editor-GitSourceControl.dll (API version 3944462).
LogModuleManager: Display: Found up-to-date module file ../../../Engine/Plugins/Developer/PerforceSourceControl/Binaries/Win64/UE4Editor-PerforceSourceControl.dll (API version 3944462).
LogModuleManager: Display: Found up-to-date module file ../../../Engine/Plugins/Developer/SubversionSourceControl/Binaries/Win64/UE4Editor-SubversionSourceControl.dll (API version 3944462).
LogModuleManager: Display: Found up-to-date module file ../../../Engine/Plugins/Developer/UObjectPlugin/Binaries/Win64/UE4Editor-UObjectPlugin.dll (API version 3944462).
LogModuleManager: Display: Found up-to-date module file ../../../Engine/Plugins/Developer/VisualStudioCodeSourceCodeAccess/Binaries/Win64/UE4Editor-VisualStudioCodeSourceCodeAccess.dll (API version 3944462).
LogModuleManager: Display: Found up-to-date module file ../../../Engine/Plugins/Developer/VisualStudioSourceCodeAccess/Binaries/Win64/UE4Editor-VisualStudioSourceCodeAccess.dll (API version 3944462).
LogModuleManager: Display: Found up-to-date module file ../../../Engine/Plugins/Editor/AssetManagerEditor/Binaries/Win64/UE4Editor-AssetManagerEditor.dll (API version 3944462).
LogModuleManager: Display: Found up-to-date module file ../../../Engine/Plugins/Editor/CryptoKeys/Binaries/Win64/UE4Editor-CryptoKeys.dll (API version 3944462).
LogModuleManager: Display: Found up-to-date module file ../../../Engine/Plugins/Editor/CryptoKeys/Binaries/Win64/UE4Editor-CryptoKeysOpenSSL.dll (API version 3944462).
LogModuleManager: Display: Found up-to-date module file ../../../Engine/Plugins/Editor/DataValidation/Binaries/Win64/UE4Editor-DataValidation.dll (API version 3944462).
LogModuleManager: Display: Found up-to-date module file ../../../Engine/Plugins/Editor/FacialAnimation/Binaries/Win64/UE4Editor-FacialAnimation.dll (API version 3944462).
LogModuleManager: Display: Found up-to-date module file ../../../Engine/Plugins/Editor/FacialAnimation/Binaries/Win64/UE4Editor-FacialAnimationEditor.dll (API version 3944462).
LogModuleManager: Display: Found up-to-date module file ../../../Engine/Plugins/Editor/GameplayTagsEditor/Binaries/Win64/UE4Editor-GameplayTagsEditor.dll (API version 3944462).
LogModuleManager: Display: Found up-to-date module file ../../../Engine/Plugins/Editor/MobileLauncherProfileWizard/Binaries/Win64/UE4Editor-MobileLauncherProfileWizard.dll (API version 3944462).
LogModuleManager: Display: Found up-to-date module file ../../../Engine/Plugins/Editor/PluginBrowser/Binaries/Win64/UE4Editor-PluginBrowser.dll (API version 3944462).
LogModuleManager: Display: Found up-to-date module file ../../../Engine/Plugins/Editor/SpeedTreeImporter/Binaries/Win64/UE4Editor-SpeedTreeImporter.dll (API version 3944462).
LogModuleManager: Display: Found up-to-date module file ../../../Engine/Plugins/Enterprise/DatasmithContent/Binaries/Win64/UE4Editor-DatasmithContent.dll (API version 3944462).
LogModuleManager: Display: Found up-to-date module file ../../../Engine/Plugins/Experimental/AlembicImporter/Binaries/Win64/UE4Editor-AlembicImporter.dll (API version 3944462).
LogModuleManager: Display: Found up-to-date module file ../../../Engine/Plugins/Experimental/AlembicImporter/Binaries/Win64/UE4Editor-AlembicLibrary.dll (API version 3944462).
LogModuleManager: Display: Found up-to-date module file ../../../Engine/Plugins/Experimental/CharacterAI/Binaries/Win64/UE4Editor-CharacterAI.dll (API version 3944462).
LogModuleManager: Display: Found up-to-date module file ../../../Engine/Plugins/Experimental/HTML5Networking/Binaries/Win64/UE4Editor-HTML5Networking.dll (API version 3944462).
LogModuleManager: Display: Found up-to-date module file ../../../Engine/Plugins/Media/AndroidMedia/Binaries/Win64/UE4Editor-AndroidMediaEditor.dll (API version 3944462).
LogModuleManager: Display: Found up-to-date module file ../../../Engine/Plugins/Media/AndroidMedia/Binaries/Win64/UE4Editor-AndroidMediaFactory.dll (API version 3944462).
LogModuleManager: Display: Found up-to-date module file ../../../Engine/Plugins/Media/AvfMedia/Binaries/Win64/UE4Editor-AvfMediaEditor.dll (API version 3944462).
LogModuleManager: Display: Found up-to-date module file ../../../Engine/Plugins/Media/AvfMedia/Binaries/Win64/UE4Editor-AvfMediaFactory.dll (API version 3944462).
LogModuleManager: Display: Found up-to-date module file ../../../Engine/Plugins/Media/AvfMedia/Binaries/Win64/UE4Editor-AvfMediaFactory.dll (API version 3944462).
LogModuleManager: Display: Found up-to-date module file ../../../Engine/Plugins/Media/ImgMedia/Binaries/Win64/UE4Editor-ImgMedia.dll (API version 3944462).
LogModuleManager: Display: Found up-to-date module file ../../../Engine/Plugins/Media/ImgMedia/Binaries/Win64/UE4Editor-ImgMediaEditor.dll (API version 3944462).
LogModuleManager: Display: Found up-to-date module file ../../../Engine/Plugins/Media/ImgMedia/Binaries/Win64/UE4Editor-ImgMediaFactory.dll (API version 3944462).
LogModuleManager: Display: Found up-to-date module file ../../../Engine/Plugins/Media/ImgMedia/Binaries/Win64/UE4Editor-ImgMediaFactory.dll (API version 3944462).
LogModuleManager: Display: Found up-to-date module file ../../../Engine/Plugins/Media/ImgMedia/Binaries/Win64/UE4Editor-OpenExrWrapper.dll (API version 3944462).
LogModuleManager: Display: Found up-to-date module file ../../../Engine/Plugins/Media/LinearTimecode/Binaries/Win64/UE4Editor-LinearTimecode.dll (API version 3944462).
LogModuleManager: Display: Found up-to-date module file ../../../Engine/Plugins/Media/MediaCompositing/Binaries/Win64/UE4Editor-MediaCompositing.dll (API version 3944462).
LogModuleManager: Display: Found up-to-date module file ../../../Engine/Plugins/Media/MediaCompositing/Binaries/Win64/UE4Editor-MediaCompositingEditor.dll (API version 3944462).
LogModuleManager: Display: Found up-to-date module file ../../../Engine/Plugins/Media/MediaPlayerEditor/Binaries/Win64/UE4Editor-MediaPlayerEditor.dll (API version 3944462).
LogModuleManager: Display: Found up-to-date module file ../../../Engine/Plugins/Media/WmfMedia/Binaries/Win64/UE4Editor-WmfMedia.dll (API version 3944462).
LogModuleManager: Display: Found up-to-date module file ../../../Engine/Plugins/Media/WmfMedia/Binaries/Win64/UE4Editor-WmfMediaEditor.dll (API version 3944462).
LogModuleManager: Display: Found up-to-date module file ../../../Engine/Plugins/Media/WmfMedia/Binaries/Win64/UE4Editor-WmfMediaFactory.dll (API version 3944462).
LogModuleManager: Display: Found up-to-date module file ../../../Engine/Plugins/Media/WmfMedia/Binaries/Win64/UE4Editor-WmfMediaFactory.dll (API version 3944462).
LogModuleManager: Display: Found up-to-date module file ../../../Engine/Plugins/Messaging/TcpMessaging/Binaries/Win64/UE4Editor-TcpMessaging.dll (API version 3944462).
LogModuleManager: Display: Found up-to-date module file ../../../Engine/Plugins/Messaging/UdpMessaging/Binaries/Win64/UE4Editor-UdpMessaging.dll (API version 3944462).
LogModuleManager: Display: Found up-to-date module file ../../../Engine/Plugins/MovieScene/ActorSequence/Binaries/Win64/UE4Editor-ActorSequence.dll (API version 3944462).
LogModuleManager: Display: Found up-to-date module file ../../../Engine/Plugins/MovieScene/LevelSequenceEditor/Binaries/Win64/UE4Editor-LevelSequenceEditor.dll (API version 3944462).
LogModuleManager: Display: Found up-to-date module file ../../../Engine/Plugins/MovieScene/MatineeToLevelSequence/Binaries/Win64/UE4Editor-MatineeToLevelSequence.dll (API version 3944462).
LogModuleManager: Display: Found up-to-date module file ../../../Engine/Plugins/NetcodeUnitTest/NetcodeUnitTest/Binaries/Win64/UE4Editor-NetcodeUnitTest.dll (API version 3944462).
LogModuleManager: Display: Found up-to-date module file ../../../Engine/Plugins/NetcodeUnitTest/NUTUnrealEngine4/Binaries/Win64/UE4Editor-NUTUnrealEngine4.dll (API version 3944462).
LogModuleManager: Display: Found up-to-date module file ../../../Engine/Plugins/Online/OnlineSubsystem/Binaries/Win64/UE4Editor-OnlineSubsystem.dll (API version 3944462).
LogModuleManager: Display: Found up-to-date module file ../../../Engine/Plugins/Online/OnlineSubsystemNull/Binaries/Win64/UE4Editor-OnlineSubsystemNull.dll (API version 3944462).
LogModuleManager: Display: Found up-to-date module file ../../../Engine/Plugins/Online/OnlineSubsystemUtils/Binaries/Win64/UE4Editor-OnlineSubsystemUtils.dll (API version 3944462).
LogModuleManager: Display: Found up-to-date module file ../../../Engine/Plugins/Online/OnlineSubsystemUtils/Binaries/Win64/UE4Editor-OnlineBlueprintSupport.dll (API version 3944462).
LogModuleManager: Display: Found up-to-date module file ../../../Engine/Plugins/Runtime/AndroidDeviceProfileSelector/Binaries/Win64/UE4Editor-AndroidDeviceProfileSelector.dll (API version 3944462).
LogModuleManager: Display: Found up-to-date module file ../../../Engine/Plugins/Runtime/AndroidPermission/Binaries/Win64/UE4Editor-AndroidPermission.dll (API version 3944462).
LogModuleManager: Display: Found up-to-date module file ../../../Engine/Plugins/Runtime/AppleARKit/Binaries/Win64/UE4Editor-AppleARKit.dll (API version 3944462).
LogModuleManager: Display: Found up-to-date module file ../../../Engine/Plugins/Runtime/ArchVisCharacter/Binaries/Win64/UE4Editor-ArchVisCharacter.dll (API version 3944462).
LogModuleManager: Display: Found up-to-date module file ../../../Engine/Plugins/Runtime/AudioCapture/Binaries/Win64/UE4Editor-AudioCapture.dll (API version 3944462).
LogModuleManager: Display: Found up-to-date module file ../../../Engine/Plugins/Runtime/AudioCapture/Binaries/Win64/UE4Editor-AudioCaptureEditor.dll (API version 3944462).
LogModuleManager: Display: Found up-to-date module file ../../../Engine/Plugins/Runtime/CableComponent/Binaries/Win64/UE4Editor-CableComponent.dll (API version 3944462).
LogModuleManager: Display: Found up-to-date module file ../../../Engine/Plugins/Runtime/CustomMeshComponent/Binaries/Win64/UE4Editor-CustomMeshComponent.dll (API version 3944462).
LogModuleManager: Display: Found up-to-date module file ../../../Engine/Plugins/Runtime/ExampleDeviceProfileSelector/Binaries/Win64/UE4Editor-ExampleDeviceProfileSelector.dll (API version 3944462).
LogModuleManager: Display: Found up-to-date module file ../../../Engine/Plugins/Runtime/ImmediatePhysics/Binaries/Win64/UE4Editor-ImmediatePhysics.dll (API version 3944462).
LogModuleManager: Display: Found up-to-date module file ../../../Engine/Plugins/Runtime/ImmediatePhysics/Binaries/Win64/UE4Editor-ImmediatePhysicsEditor.dll (API version 3944462).
LogModuleManager: Display: Found up-to-date module file ../../../Engine/Plugins/Runtime/LocationServicesBPLibrary/Binaries/Win64/UE4Editor-LocationServicesBPLibrary.dll (API version 3944462).
LogModuleManager: Display: Found up-to-date module file ../../../Engine/Plugins/Runtime/MobilePatchingUtils/Binaries/Win64/UE4Editor-MobilePatchingUtils.dll (API version 3944462).
LogModuleManager: Display: Found up-to-date module file ../../../Engine/Plugins/Runtime/Oculus/OculusVR/Binaries/Win64/UE4Editor-OculusHMD.dll (API version 3944462).
LogModuleManager: Display: Found up-to-date module file ../../../Engine/Plugins/Runtime/Oculus/OculusVR/Binaries/Win64/UE4Editor-OculusInput.dll (API version 3944462).
LogModuleManager: Display: Found up-to-date module file ../../../Engine/Plugins/Runtime/Oculus/OculusVR/Binaries/Win64/UE4Editor-OculusEditor.dll (API version 3944462).
LogModuleManager: Display: Found up-to-date module file ../../../Engine/Plugins/Runtime/PhysXVehicles/Binaries/Win64/UE4Editor-PhysXVehicles.dll (API version 3944462).
LogModuleManager: Display: Found up-to-date module file ../../../Engine/Plugins/Runtime/PhysXVehicles/Binaries/Win64/UE4Editor-PhysXVehiclesEditor.dll (API version 3944462).
LogModuleManager: Display: Found up-to-date module file ../../../Engine/Plugins/Runtime/ProceduralMeshComponent/Binaries/Win64/UE4Editor-ProceduralMeshComponent.dll (API version 3944462).
LogModuleManager: Display: Found up-to-date module file ../../../Engine/Plugins/Runtime/ProceduralMeshComponent/Binaries/Win64/UE4Editor-ProceduralMeshComponentEditor.dll (API version 3944462).
LogModuleManager: Display: Found up-to-date module file ../../../Engine/Plugins/Runtime/RuntimePhysXCooking/Binaries/Win64/UE4Editor-RuntimePhysXCooking.dll (API version 3944462).
LogModuleManager: Display: Found up-to-date module file ../../../Engine/Plugins/Runtime/Steam/SteamVR/Binaries/Win64/UE4Editor-SteamVR.dll (API version 3944462).
LogModuleManager: Display: Found up-to-date module file ../../../Engine/Plugins/Runtime/Steam/SteamVR/Binaries/Win64/UE4Editor-SteamVRController.dll (API version 3944462).
LogModuleManager: Display: Found up-to-date module file ../../../Engine/Plugins/Runtime/WindowsMoviePlayer/Binaries/Win64/UE4Editor-WindowsMoviePlayer.dll (API version 3944462).
LogModuleManager: Display: Found up-to-date module file ../../../../../../../Projects/FPS/FPS/Plugins/CoverPointGenerator/Binaries/Win64/UE4Editor-CoverPointGenerator.dll (API version 3944462).
LogInit: Using libcurl 7.47.1
LogInit:  - built for x86_64-pc-win32
LogInit:  - supports SSL with OpenSSL/1.0.2g
LogInit:  - supports HTTP deflate (compression) using libz 1.2.8
LogInit:  - other features:
LogInit:      CURL_VERSION_SSL
LogInit:      CURL_VERSION_LIBZ
LogInit:      CURL_VERSION_IPV6
LogInit:      CURL_VERSION_ASYNCHDNS
LogInit:      CURL_VERSION_LARGEFILE
LogInit:      CURL_VERSION_IDN
LogInit:  CurlRequestOptions (configurable via config and command line):
LogInit:  - bVerifyPeer = false  - Libcurl will NOT verify peer certificate
LogInit:  - bUseHttpProxy = false  - Libcurl will NOT use HTTP proxy
LogInit:  - bDontReuseConnections = false  - Libcurl will reuse connections
LogInit:  - CertBundlePath = nullptr  - Libcurl will use whatever was configured at build time.
LogInit:  - MaxHostConnections = 16  - Libcurl will limit the number of connections to a host
LogInit:  - LocalHostAddr = Default
LogInit: WinSock: version 1.1 (2.2), MaxSocks=32767, MaxUdp=65467
LogInit: WinSock: I am DESKTOP-27ERO04 (192.168.178.101:0)
LogInit: Build: ++UE4+Release-4.19-CL-4033788
LogInit: Engine Version: 4.19.2-4033788+++UE4+Release-4.19
LogInit: Compatible Engine Version: 4.19.0-3944462+++UE4+Release-4.19
LogInit: Net CL: 3944462
LogDevObjectVersion: Number of dev versions registered: 18
LogDevObjectVersion:   Dev-Blueprints (B0D832E4-1F89-4F0D-ACCF-7EB736FD4AA2): 10
LogDevObjectVersion:   Dev-Build (E1C64328-A22C-4D53-A36C-8E866417BD8C): 0
LogDevObjectVersion:   Dev-Core (375EC13C-06E4-48FB-B500-84F0262A717E): 2
LogDevObjectVersion:   Dev-Editor (E4B068ED-F494-42E9-A231-DA0B2E46BB41): 23
LogDevObjectVersion:   Dev-Framework (CFFC743F-43B0-4480-9391-14DF171D2073): 33
LogDevObjectVersion:   Dev-Mobile (B02B49B5-BB20-44E9-A304-32B752E40360): 2
LogDevObjectVersion:   Dev-Networking (A4E4105C-59A1-49B5-A7C5-40C4547EDFEE): 0
LogDevObjectVersion:   Dev-Online (39C831C9-5AE6-47DC-9A44-9C173E1C8E7C): 0
LogDevObjectVersion:   Dev-Physics (78F01B33-EBEA-4F98-B9B4-84EACCB95AA2): 0
LogDevObjectVersion:   Dev-Platform (6631380F-2D4D-43E0-8009-CF276956A95A): 0
LogDevObjectVersion:   Dev-Rendering (12F88B9F-8875-4AFC-A67C-D90C383ABD29): 25
LogDevObjectVersion:   Dev-Sequencer (7B5AE74C-D270-4C10-A958-57980B212A5A): 6
LogDevObjectVersion:   Dev-VR (D7296918-1DD6-4BDD-9DE2-64A83CC13884): 1
LogDevObjectVersion:   Dev-LoadTimes (C2A15278-BFE7-4AFE-6C17-90FF531DF755): 1
LogDevObjectVersion:   Private-Geometry (6EACA3D4-40EC-4CC1-B786-8BED09428FC5): 2
LogDevObjectVersion:   Dev-AnimPhys (29E575DD-E0A3-4627-9D10-D276232CDCEA): 16
LogDevObjectVersion:   Dev-ReflectionCapture (6B266CEC-1EC7-4B8F-A30B-E4D90942FC07): 1
LogDevObjectVersion:   Dev-Automation (0DF73D61-A23F-47EA-B727-89E90C41499A): 1
LogInit: Compiled (64-bit): Apr 27 2018 02:06:57
LogInit: Compiled with Visual C++: 19.00.24215.01
LogInit: Build Configuration: Development
LogInit: Branch Name: ++UE4+Release-4.19
LogInit: Command Line:  -skipcompile
LogInit: Base Directory: E:/Game Engines/Epic Games/4.19/UE_4.19/Engine/Binaries/Win64/
LogInit: Installed Engine Build: 1
LogStreaming: Display: Took  0.009s to delete old logs.
LogInit: Presizing for max 8388607 objects, including 0 objects not considered by GC, pre-allocating 0 bytes for permanent pool.
LogInit: Object subsystem initialized
[2018.07.03-09.15.25:673][  0]LogInit: Selected Device Profile: [Windows]
[2018.07.03-09.15.25:673][  0]LogInit: Applying CVar settings loaded from the selected device profile: [Windows]
[2018.07.03-09.15.25:744][  0]LogInit: Computer: DESKTOP-27ERO04
[2018.07.03-09.15.25:744][  0]LogInit: User: TomColdenhoff
[2018.07.03-09.15.25:744][  0]LogInit: CPU Page size=4096, Cores=4
[2018.07.03-09.15.25:744][  0]LogInit: High frequency timer resolution =3.319352 MHz
[2018.07.03-09.15.25:744][  0]LogMemory: Memory total: Physical=11.9GB (12GB approx)
[2018.07.03-09.15.25:744][  0]LogMemory: Platform Memory Stats for Windows
[2018.07.03-09.15.25:744][  0]LogMemory: Process Physical Memory: 279.05 MB used, 279.47 MB peak
[2018.07.03-09.15.25:744][  0]LogMemory: Process Virtual Memory: 269.67 MB used, 269.67 MB peak
[2018.07.03-09.15.25:744][  0]LogMemory: Physical Memory: 4801.97 MB used,  7405.47 MB free, 12207.44 MB total
[2018.07.03-09.15.25:744][  0]LogMemory: Virtual Memory: 4794.46 MB used,  7405.47 MB free, 134217728.00 MB total
[2018.07.03-09.15.26:350][  0]LogInit: Using OS detected language (en-US).
[2018.07.03-09.15.26:350][  0]LogInit: Using OS detected locale (en-US).
[2018.07.03-09.15.26:487][  0]LogTextLocalizationManager: No specific localization for 'en-US' exists, so the 'en' localization will be used.
[2018.07.03-09.15.27:209][  0]LogStreaming: Display: Took  0.859s to EndInitTextLocalization.
[2018.07.03-09.15.27:209][  0]LogInit: Setting process to per monitor DPI aware
[2018.07.03-09.15.27:546][  0]LogSlate: New Slate User Created.  User Index 0, Is Virtual User: 0
[2018.07.03-09.15.27:546][  0]LogSlate: Slate User Registered.  User Index 0, Is Virtual User: 0
[2018.07.03-09.15.29:407][  0]LogD3D11RHI: D3D11 adapters:
[2018.07.03-09.15.29:497][  0]LogD3D11RHI:    0. 'NVIDIA GeForce GTX 970' (Feature Level 11_0)
[2018.07.03-09.15.29:497][  0]LogD3D11RHI:       4043/0/6103 MB DedicatedVideo/DedicatedSystem/SharedSystem, Outputs:2, VendorId:0x10de
[2018.07.03-09.15.29:503][  0]LogD3D11RHI:    1. 'Microsoft Basic Render Driver' (Feature Level 11_0)
[2018.07.03-09.15.29:503][  0]LogD3D11RHI:       0/0/6103 MB DedicatedVideo/DedicatedSystem/SharedSystem, Outputs:0, VendorId:0x1414
[2018.07.03-09.15.29:503][  0]LogD3D11RHI: Chosen D3D11 Adapter: 0
[2018.07.03-09.15.29:509][  0]LogD3D11RHI: Creating new Direct3DDevice
[2018.07.03-09.15.29:510][  0]LogD3D11RHI:     GPU DeviceId: 0x13c2 (for the marketing name, search the web for "GPU Device Id")
[2018.07.03-09.15.29:510][  0]LogWindows: EnumDisplayDevices:
[2018.07.03-09.15.29:510][  0]LogWindows:    0. 'NVIDIA GeForce GTX 970' (P:1 D:1)
[2018.07.03-09.15.29:510][  0]LogWindows:    1. 'NVIDIA GeForce GTX 970' (P:0 D:1)
[2018.07.03-09.15.29:511][  0]LogWindows:    2. 'NVIDIA GeForce GTX 970' (P:0 D:0)
[2018.07.03-09.15.29:511][  0]LogWindows:    3. 'NVIDIA GeForce GTX 970' (P:0 D:0)
[2018.07.03-09.15.29:511][  0]LogWindows: DebugString: GetVideoDriverDetailsInvalid PrimaryIsNotTheChoosenAdapter GetVideoDriverDetailsInvalid PrimaryIsNotTheChoosenAdapter GetVideoDriverDetailsInvalid PrimaryIsNotTheChoosenAdapter GetVideoDriverDetailsInvalid PrimaryIsNotTheChoosenAdapter FoundDriverCount:0 
[2018.07.03-09.15.29:511][  0]LogD3D11RHI:     Adapter Name: NVIDIA GeForce GTX 970
[2018.07.03-09.15.29:511][  0]LogD3D11RHI:   Driver Version: Unknown (internal:Unknown, unified:Unknown)
[2018.07.03-09.15.29:511][  0]LogD3D11RHI:      Driver Date: Unknown
[2018.07.03-09.15.29:511][  0]LogRHI: Texture pool is 2830 MB (70% of 4043 MB)
[2018.07.03-09.15.29:575][  0]LogD3D11RHI: [Aftermath] Aftermath enabled and primed
[2018.07.03-09.15.29:576][  0]LogD3D11RHI: [Aftermath] Aftermath enabled and primed
[2018.07.03-09.15.29:576][  0]LogD3D11RHI: Async texture creation enabled
[2018.07.03-09.15.29:642][  0]LogD3D11RHI: GPU Timing Frequency: 1000.000000 (Debug: 2 2)
[2018.07.03-09.15.29:694][  0]LogShaderCompilers: Guid format shader working directory is 17 characters bigger than the processId version (../../../../../../../Projects/FPS/FPS/Intermediate/Shaders/WorkingDirectory/4108/).
[2018.07.03-09.15.29:694][  0]LogShaderCompilers: Cleaned the shader compiler working directory 'C:/Users/TomColdenhoff/AppData/Local/Temp/UnrealShaderWorkingDir/CF94205C4520CC575DC25393ED959A99/'.
[2018.07.03-09.15.30:458][  0]LogTemp: Display: Loaded TP AllDesktopTargetPlatform
[2018.07.03-09.15.30:472][  0]LogTemp: Display: Loaded TP MacClientTargetPlatform
[2018.07.03-09.15.30:485][  0]LogTemp: Display: Loaded TP MacNoEditorTargetPlatform
[2018.07.03-09.15.30:499][  0]LogTemp: Display: Loaded TP MacServerTargetPlatform
[2018.07.03-09.15.30:525][  0]LogTemp: Display: Loaded TP MacTargetPlatform
[2018.07.03-09.15.30:538][  0]LogTemp: Display: Loaded TP WindowsClientTargetPlatform
[2018.07.03-09.15.30:552][  0]LogTemp: Display: Loaded TP WindowsNoEditorTargetPlatform
[2018.07.03-09.15.30:566][  0]LogTemp: Display: Loaded TP WindowsServerTargetPlatform
[2018.07.03-09.15.30:573][  0]LogTemp: Display: Loaded TP WindowsTargetPlatform
[2018.07.03-09.15.30:585][  0]LogTemp: Display: Loaded TP Android_ASTCTargetPlatform
[2018.07.03-09.15.30:599][  0]LogTemp: Display: Loaded TP Android_ATCTargetPlatform
[2018.07.03-09.15.30:613][  0]LogTemp: Display: Loaded TP Android_DXTTargetPlatform
[2018.07.03-09.15.30:631][  0]LogTemp: Display: Loaded TP Android_ETC1aTargetPlatform
[2018.07.03-09.15.30:644][  0]LogTemp: Display: Loaded TP Android_ETC1TargetPlatform
[2018.07.03-09.15.30:662][  0]LogTemp: Display: Loaded TP Android_ETC2TargetPlatform
[2018.07.03-09.15.30:690][  0]LogTemp: Display: Loaded TP Android_MultiTargetPlatform
[2018.07.03-09.15.30:690][  0]LogTemp: Display: Loaded TP Android_PVRTCTargetPlatform
[2018.07.03-09.15.30:711][  0]LogTemp: Display: Loaded TP AndroidTargetPlatform
[2018.07.03-09.15.30:714][  0]LogTemp: Display: Loaded TP HTML5TargetPlatform
[2018.07.03-09.15.30:846][  0]LogTemp: Display: Loaded TP IOSTargetPlatform
[2018.07.03-09.15.30:867][  0]LogTemp: Display: Loaded TP TVOSTargetPlatform
[2018.07.03-09.15.30:880][  0]LogTemp: Display: Loaded TP LinuxClientTargetPlatform
[2018.07.03-09.15.30:893][  0]LogTemp: Display: Loaded TP LinuxNoEditorTargetPlatform
[2018.07.03-09.15.30:906][  0]LogTemp: Display: Loaded TP LinuxServerTargetPlatform
[2018.07.03-09.15.30:943][  0]LogTemp: Display: Loaded TP LinuxTargetPlatform
[2018.07.03-09.15.30:943][  0]LogTargetPlatformManager: Display: Building Assets For Windows
[2018.07.03-09.15.31:809][  0]LogXGEController: Cleaning working directory: C:/Users/TomColdenhoff/AppData/Local/Temp/UnrealXGEWorkingDir/
[2018.07.03-09.15.31:809][  0]LogXGEController: Cannot use XGE Controller as Incredibuild is not installed on this machine.
[2018.07.03-09.15.31:809][  0]LogShaderCompilers: Cannot use XGE Shader Compiler as Incredibuild is not installed on this machine.
[2018.07.03-09.15.31:809][  0]LogShaderCompilers: Display: Using Local Shader Compiler.
[2018.07.03-09.15.33:682][  0]LogDerivedDataCache: Display: Max Cache Size: 512 MB
[2018.07.03-09.15.34:332][  0]LogDerivedDataCache: Loaded boot cache 0.65s 80MB C:/Users/TomColdenhoff/AppData/Local/UnrealEngine/4.19/DerivedDataCache/Boot.ddc.
[2018.07.03-09.15.34:333][  0]LogDerivedDataCache: Display: Loaded Boot cache: C:/Users/TomColdenhoff/AppData/Local/UnrealEngine/4.19/DerivedDataCache/Boot.ddc
[2018.07.03-09.15.34:333][  0]LogDerivedDataCache: FDerivedDataBackendGraph:  Pak pak cache file ../../../../../../../Projects/FPS/FPS/DerivedDataCache/DDC.ddp not found, will not use a pak cache.
[2018.07.03-09.15.34:333][  0]LogDerivedDataCache: Unable to find inner node Pak for hierarchical cache Hierarchy.
[2018.07.03-09.15.34:334][  0]LogDerivedDataCache: FDerivedDataBackendGraph:  CompressedPak pak cache file ../../../../../../../Projects/FPS/FPS/DerivedDataCache/Compressed.ddp not found, will not use a pak cache.
[2018.07.03-09.15.34:334][  0]LogDerivedDataCache: Unable to find inner node CompressedPak for hierarchical cache Hierarchy.
[2018.07.03-09.15.34:443][  0]LogDerivedDataCache: Display: Pak cache opened for reading ../../../Engine/DerivedDataCache/Compressed.ddp.
[2018.07.03-09.15.34:457][  0]LogDerivedDataCache: Using Local data cache path C:/Users/TomColdenhoff/AppData/Local/UnrealEngine/Common/DerivedDataCache: Writable
[2018.07.03-09.15.34:457][  0]LogDerivedDataCache: Shared data cache path not found in *engine.ini, will not use an Shared cache.
[2018.07.03-09.15.34:457][  0]LogDerivedDataCache: Unable to find inner node Shared for hierarchical cache Hierarchy.
[2018.07.03-09.15.34:475][  0]LogMaterial: Verifying Global Shaders for PCD3D_SM5
[2018.07.03-09.15.34:476][  0]LogSlate: Using Freetype 2.6.0
[2018.07.03-09.15.34:555][  0]LogSlate: SlateFontCache - WITH_FREETYPE: 1, WITH_HARFBUZZ: 1
[2018.07.03-09.15.34:556][  0]LogSlate: SlateFontCache - WITH_FREETYPE: 1, WITH_HARFBUZZ: 1
[2018.07.03-09.15.38:298][  0]LogAssetRegistry: FAssetRegistry took 0.0282 seconds to start up
[2018.07.03-09.15.39:446][  0]LogInit: Selected Device Profile: [Windows]
[2018.07.03-09.15.40:318][  0]LogSimplygon: Simplygon DLL not present - disabling.
[2018.07.03-09.15.40:347][  0]LogMeshReduction: Using SimplygonSwarm for distributed automatic mesh merging
[2018.07.03-09.15.40:357][  0]LogMeshReduction: Using QuadricMeshReduction for automatic static mesh reduction
[2018.07.03-09.15.40:357][  0]LogMeshReduction: No automatic skeletal mesh reduction module available
[2018.07.03-09.15.40:357][  0]LogMeshReduction: No automatic mesh merging module available
[2018.07.03-09.15.40:357][  0]LogMeshMerging: No automatic mesh merging module available
[2018.07.03-09.15.40:478][  0]LogNetVersion: FPS , NetCL: 3944462, EngineNetVer: 2, GameNetVer: 0 (Checksum: 2326512385)
[2018.07.03-09.15.42:636][  0]LogPackageLocalizationCache: Processed 9 localized package path(s) for 2 prioritized culture(s) in 0.114179 seconds
[2018.07.03-09.15.42:642][  0]LogUObjectArray: 36728 objects as part of root set at end of initial load.
[2018.07.03-09.15.42:642][  0]LogUObjectAllocator: 7314312 out of 0 bytes used by permanent object pool.
[2018.07.03-09.15.42:642][  0]LogUObjectArray: CloseDisregardForGC: 0/0 objects in disregard for GC pool
[2018.07.03-09.15.56:097][  0]LogTcpMessaging: Initializing TcpMessaging bridge
[2018.07.03-09.15.56:128][  0]LogUdpMessaging: Initializing bridge on interface 0.0.0.0:0 to multicast group 230.0.0.1:6666.
[2018.07.03-09.15.57:132][  0]LogSkeletalMesh: Skeletal Mesh found in DDC [2.088962ms] /Game/Models/Player/Arms/Arms_SMG.Arms_SMG
[2018.07.03-09.15.57:326][  0]LogUObjectGlobals: Created PersistentFrame Addr=0x00000197fcdb5fd0, Size=80, Default__BP_SMGAnim_C Function /Game/Animations/SMG/BP_SMGAnim.BP_SMGAnim_C:ExecuteUbergraph_BP_SMGAnim
[2018.07.03-09.15.57:359][  0]LogUObjectGlobals: Destroyed PersistentFrame Addr=0x00000197fcdb5fd0, Size=80
[2018.07.03-09.15.57:359][  0]LogUObjectGlobals: Created PersistentFrame Addr=0x00000197fd08f830, Size=80, Default__BP_SMGAnim_C Function /Engine/Transient.REINST_BP_SMGAnim_C_0:ExecuteUbergraph_BP_SMGAnim
[2018.07.03-09.15.57:376][  0]LogUObjectGlobals: Created PersistentFrame Addr=0x00000197ff32a110, Size=80, Default__BP_SMGAnim_C Function /Game/Animations/SMG/BP_SMGAnim.BP_SMGAnim_C:ExecuteUbergraph_BP_SMGAnim
[2018.07.03-09.15.57:613][  0]SourceControl: Source control is disabled
[2018.07.03-09.15.57:614][  0]SourceControl: Source control is disabled
[2018.07.03-09.15.57:641][  0]SourceControl: Source control is disabled
[2018.07.03-09.15.57:657][  0]SourceControl: Source control is disabled
[2018.07.03-09.15.58:222][  0]LogAndroidPermission: UAndroidPermissionCallbackProxy::GetInstance
[2018.07.03-09.15.58:378][  0]LogOcInput: OculusInput pre-init called
[2018.07.03-09.15.59:689][  0]LogEngine: Initializing Engine...
[2018.07.03-09.15.59:691][  0]LogHMD: Failed to initialize OpenVR with code 110
[2018.07.03-09.15.59:693][  0]LogStats: UGameplayTagsManager::ConstructGameplayTagTree: Construct from data asset -  0.000 s
[2018.07.03-09.15.59:693][  0]LogStats: UGameplayTagsManager::ConstructGameplayTagTree: GameplayTagTreeChangedEvent.Broadcast -  0.000 s
[2018.07.03-09.16.00:259][  0]LogAIModule: Creating AISystem for world Untitled
[2018.07.03-09.16.00:277][  0]LogInit: XAudio2 using 'Speakers (Logitech G35 Headset)' : 2 channels at 44.1 kHz using 16 bits per sample (channel mask 0x3)
[2018.07.03-09.16.00:322][  0]LogInit: FAudioDevice initialized.
[2018.07.03-09.16.00:483][  0]LogDerivedDataCache: Saved boot cache 0.16s 80MB C:/Users/TomColdenhoff/AppData/Local/UnrealEngine/4.19/DerivedDataCache/Boot.ddc.
[2018.07.03-09.16.00:519][  0]LogInit: Texture streaming: Enabled
[2018.07.03-09.16.00:547][  0]LogEngineSessionManager: EngineSessionManager initialized
[2018.07.03-09.16.00:560][  0]LogInit: Transaction tracking system initialized
[2018.07.03-09.16.00:639][  0]BlueprintLog: New page: Editor Load
[2018.07.03-09.16.01:003][  0]LocalizationService: Localization service is disabled
[2018.07.03-09.16.01:472][  0]LogConsoleResponse: Display: 
[2018.07.03-09.16.02:681][  0]LogCook: Display: Max memory allowance for cook 16384mb min free memory 0mb
[2018.07.03-09.16.02:682][  0]LogCook: Display: Mobile HDR setting 1
[2018.07.03-09.16.02:682][  0]LogGameplayTags: Display: UGameplayTagsManager::DoneAddingNativeTags. DelegateIsBound: 0
[2018.07.03-09.16.02:682][  0]LogStats: UGameplayTagsManager::ConstructGameplayTagTree: Construct from data asset -  0.000 s
[2018.07.03-09.16.02:682][  0]LogStats: UGameplayTagsManager::ConstructGameplayTagTree: GameplayTagTreeChangedEvent.Broadcast -  0.000 s
[2018.07.03-09.16.02:731][  0]LogFileCache: Scanning file cache for directory 'E:/Projects/FPS/FPS/Content/' took 0.03s
[2018.07.03-09.16.03:688][  0]SourceControl: Source control is disabled
[2018.07.03-09.16.03:688][  0]Cmd: MAP LOAD FILE="../../../../../../../Projects/FPS/FPS/Content/Maps/Level1.umap" TEMPLATE=0 SHOWPROGRESS=1 FEATURELEVEL=3
[2018.07.03-09.16.03:743][  0]LightingResults: New page: Lighting Build
[2018.07.03-09.16.03:748][  0]MapCheck: New page: Map Check
[2018.07.03-09.16.03:748][  0]LightingResults: New page: Lighting Build
[2018.07.03-09.16.03:772][  0]LogUObjectGlobals: Destroyed PersistentFrame Addr=0x00000197fd08f830, Size=80
[2018.07.03-09.16.11:092][  0]LogAIModule: Creating AISystem for world Level1
[2018.07.03-09.16.11:147][  0]LogEditorServer: Finished looking for orphan Actors (0.000 secs)
[2018.07.03-09.16.11:162][  0]Cmd: MAP CHECKDEP NOCLEARLOG
[2018.07.03-09.16.11:222][  0]MapCheck: Map check complete: 0 Error(s), 0 Warning(s), took 60.059ms to complete.
[2018.07.03-09.16.11:222][  0]LogFileHelpers: Loading map 'Level1' took 7.534
[2018.07.03-09.16.11:523][  0]LogCollectionManager: Loaded 0 collections in 0.001167 seconds
[2018.07.03-09.16.11:600][  0]LogFileCache: Scanning file cache for directory 'E:/Projects/FPS/FPS/Saved/Collections/' took 0.01s
[2018.07.03-09.16.11:600][  0]LogFileCache: Scanning file cache for directory 'E:/Projects/FPS/FPS/Content/Developers/TomColdenhoff/Collections/' took 0.01s
[2018.07.03-09.16.11:600][  0]LogFileCache: Scanning file cache for directory 'E:/Projects/FPS/FPS/Content/Collections/' took 0.02s
[2018.07.03-09.16.11:601][  0]LogCollectionManager: Rebuilt the GUID cache for 0 collections in 0.000001 seconds
[2018.07.03-09.16.11:621][  0]LogContentBrowser: Native class hierarchy populated in 0.0190 seconds. Added 2485 classes and 566 folders.
[2018.07.03-09.16.11:631][  0]LogContentBrowser: Native class hierarchy updated for 'WidgetCarousel' in 0.0018 seconds. Added 0 classes and 0 folders.
[2018.07.03-09.16.12:356][  0]LogContentBrowser: Native class hierarchy updated for 'AddContentDialog' in 0.0013 seconds. Added 0 classes and 0 folders.
[2018.07.03-09.16.12:379][  0]LogContentBrowser: Native class hierarchy updated for 'SceneOutliner' in 0.0013 seconds. Added 1 classes and 2 folders.
[2018.07.03-09.16.12:575][  0]LogSlate: Took 0.010673 seconds to synchronously load lazily loaded font '../../../Engine/Content/Slate/Fonts/Roboto-Regular.ttf' (155K)
[2018.07.03-09.16.12:605][  0]LogSlate: Took 0.028527 seconds to synchronously load lazily loaded font '../../../Engine/Content/Slate/Fonts/Roboto-Bold.ttf' (160K)
[2018.07.03-09.16.12:641][  0]LogSlate: Took 0.022264 seconds to synchronously load lazily loaded font '../../../Engine/Content/Editor/Slate/Fonts/FontAwesome.ttf' (139K)
[2018.07.03-09.16.12:987][  0]LogRenderer: Reallocating scene render targets to support 1136x532 Format 10 NumSamples 1 (Frame:1).
[2018.07.03-09.16.13:115][  0]LogSlate: Took 0.010518 seconds to synchronously load lazily loaded font '../../../Engine/Content/Slate/Fonts/Roboto-Light.ttf' (167K)
[2018.07.03-09.16.13:232][  0]LogContentBrowser: Native class hierarchy updated for 'HierarchicalLODOutliner' in 0.0021 seconds. Added 0 classes and 0 folders.
[2018.07.03-09.16.13:232][  0]LogLoad: (Engine Initialization) Total time: 57.91 seconds
[2018.07.03-09.16.13:232][  0]LogLoad: (Engine Initialization) Total Blueprint compile time: 0.00 seconds
[2018.07.03-09.16.13:610][  0]LogContentStreaming: Texture pool size now 1000 MB
[2018.07.03-09.16.14:609][  3]LogAssetRegistry: Asset discovery search completed in 36.3354 seconds
[2018.07.03-09.16.14:613][  3]LogCollectionManager: Rebuilt the object cache for 0 collections in 0.000000 seconds (found 0 objects)
[2018.07.03-09.16.14:613][  3]LogCollectionManager: Fixed up redirectors for 0 collections in 0.000211 seconds (updated 0 objects)
[2018.07.03-09.16.20:906][ 22]LogSlate: FSceneViewport::OnFocusLost() reason 0
[2018.07.03-09.16.21:621][ 69]LogSlate: Took 0.019742 seconds to synchronously load lazily loaded font '../../../Engine/Content/Slate/Fonts/Roboto-Italic.ttf' (157K)
[2018.07.03-09.17.01:805][145]Candidate modules for hot reload:
[2018.07.03-09.17.01:805][145]  FPS
[2018.07.03-09.17.01:806][145]Launching UnrealBuildTool... [E:/Game Engines/Epic Games/4.19/UE_4.19/Engine/Binaries/DotNET/UnrealBuildTool.exe FPS -ModuleWithSuffix=FPS,9450 Win64 Development -editorrecompile -canskiplink "E:/Projects/FPS/FPS/FPS.uproject" ]
[2018.07.03-09.17.01:807][145]Warning: Starting HotReload took  0.0s.
[2018.07.03-09.17.12:164][729]CompilerResultsLog: New page: Compilation - Jul 3, 2018, 1:17:12 PM
[2018.07.03-09.17.12:165][729]CompilerResultsLog: Using 'git status' to determine working set for adaptive non-unity build.
[2018.07.03-09.17.12:166][729]CompilerResultsLog: Compiling game modules for hot reload
[2018.07.03-09.17.12:166][729]CompilerResultsLog: Parsing headers for FPSEditor
[2018.07.03-09.17.12:166][729]CompilerResultsLog:   Running UnrealHeaderTool "E:\Projects\FPS\FPS\FPS.uproject" "E:\Projects\FPS\FPS\Intermediate\Build\Win64\FPSEditor\Development\FPSEditor.uhtmanifest" -LogCmds="loginit warning, logexit warning, logdatabase error" -Unattended -WarningsAsErrors -installed
[2018.07.03-09.17.12:167][729]CompilerResultsLog: Error: E:/Projects/FPS/FPS/Source/FPS/Tasks/TaskManager.h(28)  : Error: Missing '*' in Expected a pointer type
[2018.07.03-09.17.12:167][729]CompilerResultsLog: UnrealHeaderTool failed for target 'FPSEditor' (platform: Win64, module info: E:\Projects\FPS\FPS\Intermediate\Build\Win64\FPSEditor\Development\FPSEditor.uhtmanifest).
[2018.07.03-09.17.12:168][729]LogMainFrame: MainFrame: Module compiling took 10.368 seconds
[2018.07.03-09.17.12:168][729]Warning: HotReload failed, recompile failed
[2018.07.03-09.17.23:008][204]Candidate modules for hot reload:
[2018.07.03-09.17.23:008][204]  FPS
[2018.07.03-09.17.23:008][204]Launching UnrealBuildTool... [E:/Game Engines/Epic Games/4.19/UE_4.19/Engine/Binaries/DotNET/UnrealBuildTool.exe FPS -ModuleWithSuffix=FPS,2236 Win64 Development -editorrecompile -canskiplink "E:/Projects/FPS/FPS/FPS.uproject" ]
[2018.07.03-09.17.23:009][204]Warning: Starting HotReload took  0.0s.
[2018.07.03-09.17.39:684][306]CompilerResultsLog: New page: Compilation - Jul 3, 2018, 1:17:39 PM
[2018.07.03-09.17.39:685][306]CompilerResultsLog: Using 'git status' to determine working set for adaptive non-unity build.
[2018.07.03-09.17.39:686][306]CompilerResultsLog: Compiling game modules for hot reload
[2018.07.03-09.17.39:686][306]CompilerResultsLog: Parsing headers for FPSEditor
[2018.07.03-09.17.39:686][306]CompilerResultsLog:   Running UnrealHeaderTool "E:\Projects\FPS\FPS\FPS.uproject" "E:\Projects\FPS\FPS\Intermediate\Build\Win64\FPSEditor\Development\FPSEditor.uhtmanifest" -LogCmds="loginit warning, logexit warning, logdatabase error" -Unattended -WarningsAsErrors -installed
[2018.07.03-09.17.39:686][306]CompilerResultsLog: Reflection code generated for FPSEditor in 9.1359271 seconds
[2018.07.03-09.17.39:686][306]CompilerResultsLog: Performing 4 actions (4 in parallel)
[2018.07.03-09.17.39:686][306]CompilerResultsLog: Module.FPS.cpp
[2018.07.03-09.17.39:686][306]CompilerResultsLog: Module.FPS.gen.cpp
[2018.07.03-09.17.39:686][306]CompilerResultsLog: Error: E:\Projects\FPS\FPS\Source\FPS\AssualtCharacter.cpp(94) : warning C4996: 'USceneComponent::AttachTo': This function is deprecated, please use AttachToComponent instead. Please update your code to the new API before upgrading to the next release, otherwise your project will no longer compile.
[2018.07.03-09.17.39:686][306]CompilerResultsLog: Error: E:\Game Engines\Epic Games\4.19\UE_4.19\Engine\Source\Runtime\Engine\Classes\Components/SceneComponent.h(641) : note: see declaration of 'USceneComponent::AttachTo'
[2018.07.03-09.17.39:686][306]CompilerResultsLog: Error: E:\Projects\FPS\FPS\Source\FPS\AssualtCharacter.cpp(122) : warning C4996: 'USceneComponent::AttachTo': This function is deprecated, please use AttachToComponent instead. Please update your code to the new API before upgrading to the next release, otherwise your project will no longer compile.
[2018.07.03-09.17.39:687][306]CompilerResultsLog: Error: E:\Game Engines\Epic Games\4.19\UE_4.19\Engine\Source\Runtime\Engine\Classes\Components/SceneComponent.h(641) : note: see declaration of 'USceneComponent::AttachTo'
[2018.07.03-09.17.39:687][306]CompilerResultsLog: Error: E:\Projects\FPS\FPS\Source\FPS\BaseWeapon.cpp(55) : warning C4996: 'USceneComponent::AttachTo': This function is deprecated, please use AttachToComponent instead. Please update your code to the new API before upgrading to the next release, otherwise your project will no longer compile.
[2018.07.03-09.17.39:687][306]CompilerResultsLog: Error: E:\Game Engines\Epic Games\4.19\UE_4.19\Engine\Source\Runtime\Engine\Classes\Components/SceneComponent.h(641) : note: see declaration of 'USceneComponent::AttachTo'
[2018.07.03-09.17.39:687][306]CompilerResultsLog: Error: E:\Projects\FPS\FPS\Source\FPS\SMG.cpp(35) : warning C4996: 'USceneComponent::AttachTo': This function is deprecated, please use AttachToComponent instead. Please update your code to the new API before upgrading to the next release, otherwise your project will no longer compile.
[2018.07.03-09.17.39:687][306]CompilerResultsLog: Error: E:\Game Engines\Epic Games\4.19\UE_4.19\Engine\Source\Runtime\Engine\Classes\Components/SceneComponent.h(641) : note: see declaration of 'USceneComponent::AttachTo'
[2018.07.03-09.17.39:687][306]CompilerResultsLog: [3/4] Link UE4Editor-FPS-2236.dll
[2018.07.03-09.17.39:687][306]CompilerResultsLog: [4/4] Link UE4Editor-FPS-2236.lib
[2018.07.03-09.17.39:687][306]CompilerResultsLog:    Creating library E:\Projects\FPS\FPS\Intermediate\Build\Win64\UE4Editor\Development\UE4Editor-FPS-2236.lib and object E:\Projects\FPS\FPS\Intermediate\Build\Win64\UE4Editor\Development\UE4Editor-FPS-2236.exp
[2018.07.03-09.17.39:688][306]CompilerResultsLog:    Creating library E:\Projects\FPS\FPS\Intermediate\Build\Win64\UE4Editor\Development\UE4Editor-FPS-2236.suppressed.lib and object E:\Projects\FPS\FPS\Intermediate\Build\Win64\UE4Editor\Development\UE4Editor-FPS-2236.suppressed.exp
[2018.07.03-09.17.39:688][306]CompilerResultsLog: Total build time: 16.47 seconds (Local executor: 6.67 seconds)
[2018.07.03-09.17.39:688][306]LogMainFrame: MainFrame: Module compiling took 16.685 seconds
[2018.07.03-09.17.39:751][306]LogClass: Could not find existing class TaskManager in package /Script/FPS for HotReload, assuming new class
[2018.07.03-09.17.39:754][306]LogClass: Collum HotReload.
[2018.07.03-09.17.39:754][306]LogClass: SlotImage HotReload.
[2018.07.03-09.17.39:760][306]LogHotReload: Re-instancing CoverPoint after hot-reload.
[2018.07.03-09.17.41:191][306]LogHotReload: Re-instancing TaskManager after hot-reload.
[2018.07.03-09.17.41:337][306]LogContentBrowser: Native class hierarchy updated for 'FPS' in 0.0011 seconds. Added 33 classes and 8 folders.
[2018.07.03-09.17.41:339][306]Display: HotReload successful (20 functions remapped  2 scriptstructs remapped)
[2018.07.03-09.17.41:498][306]LogContentBrowser: Native class hierarchy populated in 0.0097 seconds. Added 2486 classes and 568 folders.
[2018.07.03-09.17.41:498][306]Display: HotReload took 18.5s.
[2018.07.03-09.17.44:108][477]LogSlate: Window 'Message Log' being destroyed
[2018.07.03-09.17.44:113][477]LogSlate: Window 'Message Log' being destroyed
[2018.07.03-09.19.16:508][716]Candidate modules for hot reload:
[2018.07.03-09.19.16:508][716]  FPS
[2018.07.03-09.19.16:508][716]Launching UnrealBuildTool... [E:/Game Engines/Epic Games/4.19/UE_4.19/Engine/Binaries/DotNET/UnrealBuildTool.exe FPS -ModuleWithSuffix=FPS,2150 Win64 Development -editorrecompile -canskiplink "E:/Projects/FPS/FPS/FPS.uproject" ]
[2018.07.03-09.19.16:510][716]Warning: Starting HotReload took  0.0s.
[2018.07.03-09.19.23:073][946]LogSlate: Took 0.032721 seconds to synchronously load lazily loaded font '../../../Engine/Content/Slate/Fonts/DroidSansMono.ttf' (77K)
[2018.07.03-09.19.23:357][974]CompilerResultsLog: New page: Compilation - Jul 3, 2018, 1:19:23 PM
[2018.07.03-09.19.23:358][974]CompilerResultsLog: Using 'git status' to determine working set for adaptive non-unity build.
[2018.07.03-09.19.23:358][974]CompilerResultsLog: Compiling game modules for hot reload
[2018.07.03-09.19.23:358][974]CompilerResultsLog: Performing 3 actions (4 in parallel)
[2018.07.03-09.19.23:358][974]CompilerResultsLog: Module.FPS.cpp
[2018.07.03-09.19.23:359][974]CompilerResultsLog: Error: E:\Projects\FPS\FPS\Source\FPS\AssualtCharacter.cpp(94) : warning C4996: 'USceneComponent::AttachTo': This function is deprecated, please use AttachToComponent instead. Please update your code to the new API before upgrading to the next release, otherwise your project will no longer compile.
[2018.07.03-09.19.23:359][974]CompilerResultsLog: Error: E:\Game Engines\Epic Games\4.19\UE_4.19\Engine\Source\Runtime\Engine\Classes\Components/SceneComponent.h(641) : note: see declaration of 'USceneComponent::AttachTo'
[2018.07.03-09.19.23:360][974]CompilerResultsLog: Error: E:\Projects\FPS\FPS\Source\FPS\AssualtCharacter.cpp(122) : warning C4996: 'USceneComponent::AttachTo': This function is deprecated, please use AttachToComponent instead. Please update your code to the new API before upgrading to the next release, otherwise your project will no longer compile.
[2018.07.03-09.19.23:360][974]CompilerResultsLog: Error: E:\Game Engines\Epic Games\4.19\UE_4.19\Engine\Source\Runtime\Engine\Classes\Components/SceneComponent.h(641) : note: see declaration of 'USceneComponent::AttachTo'
[2018.07.03-09.19.23:361][974]CompilerResultsLog: Error: E:\Projects\FPS\FPS\Source\FPS\BaseWeapon.cpp(55) : warning C4996: 'USceneComponent::AttachTo': This function is deprecated, please use AttachToComponent instead. Please update your code to the new API before upgrading to the next release, otherwise your project will no longer compile.
[2018.07.03-09.19.23:361][974]CompilerResultsLog: Error: E:\Game Engines\Epic Games\4.19\UE_4.19\Engine\Source\Runtime\Engine\Classes\Components/SceneComponent.h(641) : note: see declaration of 'USceneComponent::AttachTo'
[2018.07.03-09.19.23:362][974]CompilerResultsLog: Error: E:\Projects\FPS\FPS\Source\FPS\SMG.cpp(35) : warning C4996: 'USceneComponent::AttachTo': This function is deprecated, please use AttachToComponent instead. Please update your code to the new API before upgrading to the next release, otherwise your project will no longer compile.
[2018.07.03-09.19.23:362][974]CompilerResultsLog: Error: E:\Game Engines\Epic Games\4.19\UE_4.19\Engine\Source\Runtime\Engine\Classes\Components/SceneComponent.h(641) : note: see declaration of 'USceneComponent::AttachTo'
[2018.07.03-09.19.23:363][974]CompilerResultsLog: [2/3] Link UE4Editor-FPS-2150.dll
[2018.07.03-09.19.23:363][974]CompilerResultsLog: [3/3] Link UE4Editor-FPS-2150.lib
[2018.07.03-09.19.23:363][974]CompilerResultsLog:    Creating library E:\Projects\FPS\FPS\Intermediate\Build\Win64\UE4Editor\Development\UE4Editor-FPS-2150.lib and object E:\Projects\FPS\FPS\Intermediate\Build\Win64\UE4Editor\Development\UE4Editor-FPS-2150.exp
[2018.07.03-09.19.23:364][974]CompilerResultsLog:    Creating library E:\Projects\FPS\FPS\Intermediate\Build\Win64\UE4Editor\Development\UE4Editor-FPS-2150.suppressed.lib and object E:\Projects\FPS\FPS\Intermediate\Build\Win64\UE4Editor\Development\UE4Editor-FPS-2150.suppressed.exp
[2018.07.03-09.19.23:364][974]CompilerResultsLog: Total build time: 6.66 seconds (Local executor: 6.07 seconds)
[2018.07.03-09.19.23:364][974]LogMainFrame: MainFrame: Module compiling took 6.862 seconds
[2018.07.03-09.19.23:425][974]LogClass: Collum HotReload.
[2018.07.03-09.19.23:426][974]LogClass: SlotImage HotReload.
[2018.07.03-09.19.23:431][974]LogHotReload: Re-instancing CoverPoint after hot-reload.
[2018.07.03-09.19.25:000][974]LogContentBrowser: Native class hierarchy updated for 'FPS' in 0.0011 seconds. Added 33 classes and 8 folders.
[2018.07.03-09.19.25:002][974]Display: HotReload successful (20 functions remapped  2 scriptstructs remapped)
[2018.07.03-09.19.25:043][974]LogContentBrowser: Native class hierarchy populated in 0.0112 seconds. Added 2486 classes and 568 folders.
[2018.07.03-09.19.25:044][974]Display: HotReload took  8.5s.
[2018.07.03-09.19.38:136][472]LogTemp: Repeating last play command: Selected Viewport
[2018.07.03-09.19.38:158][472]LogPlayLevel: PlayLevel: No blueprints needed recompiling
[2018.07.03-09.19.38:159][472]PIE: New page: PIE session: Level1 (Jul 3, 2018, 1:19:38 PM)
[2018.07.03-09.19.38:159][472]LogPlayLevel: Creating play world package: /Game/Maps/UEDPIE_0_Level1
[2018.07.03-09.19.38:177][472]LogPlayLevel: PIE: StaticDuplicateObject took: (0.017503s)
[2018.07.03-09.19.38:178][472]LogAIModule: Creating AISystem for world Level1
[2018.07.03-09.19.38:179][472]LogPlayLevel: PIE: World Init took: (0.001356s)
[2018.07.03-09.19.38:179][472]LogPlayLevel: PIE: Created PIE world by copying editor world from /Game/Maps/Level1.Level1 to /Game/Maps/UEDPIE_0_Level1.Level1 (0.019794s)
[2018.07.03-09.19.38:199][472]LogInit: XAudio2 using 'Speakers (Logitech G35 Headset)' : 2 channels at 44.1 kHz using 16 bits per sample (channel mask 0x3)
[2018.07.03-09.19.38:209][472]LogInit: FAudioDevice initialized.
[2018.07.03-09.19.38:476][472]LogUObjectGlobals: Created PersistentFrame Addr=0x0000019794cb6b80, Size=128, Default__BP_InGameGUI_C Function /Game/UI/Widgets/BP_InGameGUI.BP_InGameGUI_C:ExecuteUbergraph_BP_InGameGUI
[2018.07.03-09.19.38:488][472]LogUObjectGlobals: Destroyed PersistentFrame Addr=0x0000019794cb6b80, Size=128
[2018.07.03-09.19.38:488][472]LogUObjectGlobals: Created PersistentFrame Addr=0x0000019794cb6b80, Size=128, Default__BP_InGameGUI_C Function /Engine/Transient.REINST_BP_InGameGUI_C_0:ExecuteUbergraph_BP_InGameGUI
[2018.07.03-09.19.38:494][472]LogUObjectGlobals: Created PersistentFrame Addr=0x0000019794cb6300, Size=128, Default__BP_InGameGUI_C Function /Game/UI/Widgets/BP_InGameGUI.BP_InGameGUI_C:ExecuteUbergraph_BP_InGameGUI
[2018.07.03-09.19.38:602][472]LogUObjectGlobals: Created PersistentFrame Addr=0x00000197a8fba638, Size=4, Default__OnGroundSlot_C Function /Game/UI/Widgets/Inventory/Ground/OnGroundSlot.OnGroundSlot_C:ExecuteUbergraph_OnGroundSlot
[2018.07.03-09.19.38:616][472]LogUObjectGlobals: Destroyed PersistentFrame Addr=0x00000197a8fba638, Size=4
[2018.07.03-09.19.38:617][472]LogUObjectGlobals: Created PersistentFrame Addr=0x00000197a8fba638, Size=4, Default__OnGroundSlot_C Function /Engine/Transient.REINST_OnGroundSlot_C_2:ExecuteUbergraph_OnGroundSlot
[2018.07.03-09.19.38:626][472]LogUObjectGlobals: Created PersistentFrame Addr=0x00000197a8fb85f0, Size=4, Default__OnGroundSlot_C Function /Game/UI/Widgets/Inventory/Ground/OnGroundSlot.OnGroundSlot_C:ExecuteUbergraph_OnGroundSlot
[2018.07.03-09.19.38:659][472]LogUObjectGlobals: Created PersistentFrame Addr=0x00000197f2fd1da0, Size=160, Default__OnGroundUI_C Function /Game/UI/Widgets/Inventory/Ground/OnGroundUI.OnGroundUI_C:ExecuteUbergraph_OnGroundUI
[2018.07.03-09.19.38:671][472]LogUObjectGlobals: Destroyed PersistentFrame Addr=0x00000197f2fd1da0, Size=160
[2018.07.03-09.19.38:672][472]LogUObjectGlobals: Created PersistentFrame Addr=0x00000197f2f97b00, Size=160, Default__OnGroundUI_C Function /Engine/Transient.REINST_OnGroundUI_C_3:ExecuteUbergraph_OnGroundUI
[2018.07.03-09.19.38:679][472]LogBlueprint: Error: [Compiler OnGroundUI] In use pin  <Unnamed>  no longer exists on node  Get UIComponent . Please refresh node or break links to remove pin.
[2018.07.03-09.19.38:680][472]LogBlueprint: Error: [Compiler OnGroundUI] In use pin  <Unnamed>  no longer exists on node  Get UIComponent . Please refresh node or break links to remove pin.
[2018.07.03-09.19.38:681][472]LogBlueprint: Error: [Compiler OnGroundUI] In use pin  Target  no longer exists on node  Get UIComponent . Please refresh node or break links to remove pin.
[2018.07.03-09.19.38:682][472]LogBlueprint: Error: [Compiler OnGroundUI] In use pin  Return Value  no longer exists on node  Get UIComponent . Please refresh node or break links to remove pin.
[2018.07.03-09.19.38:683][472]LogBlueprint: Error: [Compiler OnGroundUI] Could not find a function named "GetUIComponent" in 'FPSPlayer'.
Make sure 'FPSPlayer' has been compiled for  Get UIComponent
[2018.07.03-09.19.38:686][472]LogBlueprint: Error: [Compiler OnGroundUI] In use pin  <Unnamed>  no longer exists on node  Get UIComponent . Please refresh node or break links to remove pin.
[2018.07.03-09.19.38:686][472]LogBlueprint: Error: [Compiler OnGroundUI] In use pin  <Unnamed>  no longer exists on node  Get UIComponent . Please refresh node or break links to remove pin.
[2018.07.03-09.19.38:687][472]LogBlueprint: Error: [Compiler OnGroundUI] In use pin  Target  no longer exists on node  Get UIComponent . Please refresh node or break links to remove pin.
[2018.07.03-09.19.38:688][472]LogBlueprint: Error: [Compiler OnGroundUI] In use pin  Return Value  no longer exists on node  Get UIComponent . Please refresh node or break links to remove pin.
[2018.07.03-09.19.38:689][472]LogBlueprint: Error: [Compiler OnGroundUI] Could not find a function named "GetUIComponent" in 'FPSPlayer'.
Make sure 'FPSPlayer' has been compiled for  Get UIComponent
[2018.07.03-09.19.38:691][472]LogBlueprint: Error: [Compiler OnGroundUI] Couldn't find target for dynamically bound delegate node  Bind Event to OnUpdateInventory
[2018.07.03-09.19.38:693][472]LogUObjectGlobals: Created PersistentFrame Addr=0x00000197f2f4b7e0, Size=152, Default__OnGroundUI_C Function /Game/UI/Widgets/Inventory/Ground/OnGroundUI.OnGroundUI_C:ExecuteUbergraph_OnGroundUI
[2018.07.03-09.19.38:695][472]LogBlueprint: Warning: [Compiler OnGroundUI] [0263.37] Compile of OnGroundUI failed. 11 Fatal Issue(s) 0 Warning(s) [in 28 ms] (/Game/UI/Widgets/Inventory/Ground/OnGroundUI.OnGroundUI)
[2018.07.03-09.19.38:726][472]LogUObjectGlobals: Created PersistentFrame Addr=0x000001979b3ca4a8, Size=56, Default__HandSlot_C Function /Game/UI/Widgets/Inventory/HandSlot.HandSlot_C:ExecuteUbergraph_HandSlot
[2018.07.03-09.19.38:749][472]LogUObjectGlobals: Destroyed PersistentFrame Addr=0x000001979b3ca4a8, Size=56
[2018.07.03-09.19.38:750][472]LogUObjectGlobals: Created PersistentFrame Addr=0x000001979b3ca4a8, Size=56, Default__HandSlot_C Function /Engine/Transient.REINST_HandSlot_C_4:ExecuteUbergraph_HandSlot
[2018.07.03-09.19.38:756][472]LogBlueprint: Error: [Compiler HandSlot] In use pin  <Unnamed>  no longer exists on node  Get UIComponent . Please refresh node or break links to remove pin.
[2018.07.03-09.19.38:757][472]LogBlueprint: Error: [Compiler HandSlot] In use pin  <Unnamed>  no longer exists on node  Get UIComponent . Please refresh node or break links to remove pin.
[2018.07.03-09.19.38:759][472]LogBlueprint: Error: [Compiler HandSlot] In use pin  Target  no longer exists on node  Get UIComponent . Please refresh node or break links to remove pin.
[2018.07.03-09.19.38:760][472]LogBlueprint: Error: [Compiler HandSlot] In use pin  Return Value  no longer exists on node  Get UIComponent . Please refresh node or break links to remove pin.
[2018.07.03-09.19.38:762][472]LogBlueprint: Error: [Compiler HandSlot] Could not find a function named "GetUIComponent" in 'FPSPlayer'.
Make sure 'FPSPlayer' has been compiled for  Get UIComponent
[2018.07.03-09.19.38:766][472]LogBlueprint: Error: [Compiler HandSlot] In use pin  <Unnamed>  no longer exists on node  Get UIComponent . Please refresh node or break links to remove pin.
[2018.07.03-09.19.38:767][472]LogBlueprint: Error: [Compiler HandSlot] In use pin  <Unnamed>  no longer exists on node  Get UIComponent . Please refresh node or break links to remove pin.
[2018.07.03-09.19.38:768][472]LogBlueprint: Error: [Compiler HandSlot] In use pin  Target  no longer exists on node  Get UIComponent . Please refresh node or break links to remove pin.
[2018.07.03-09.19.38:770][472]LogBlueprint: Error: [Compiler HandSlot] In use pin  Return Value  no longer exists on node  Get UIComponent . Please refresh node or break links to remove pin.
[2018.07.03-09.19.38:771][472]LogBlueprint: Error: [Compiler HandSlot] Could not find a function named "GetUIComponent" in 'FPSPlayer'.
Make sure 'FPSPlayer' has been compiled for  Get UIComponent
[2018.07.03-09.19.38:776][472]LogBlueprint: Error: [Compiler HandSlot] In use pin  <Unnamed>  no longer exists on node  Get UIComponent . Please refresh node or break links to remove pin.
[2018.07.03-09.19.38:778][472]LogBlueprint: Error: [Compiler HandSlot] In use pin  <Unnamed>  no longer exists on node  Get UIComponent . Please refresh node or break links to remove pin.
[2018.07.03-09.19.38:779][472]LogBlueprint: Error: [Compiler HandSlot] In use pin  Target  no longer exists on node  Get UIComponent . Please refresh node or break links to remove pin.
[2018.07.03-09.19.38:781][472]LogBlueprint: Error: [Compiler HandSlot] Could not find a function named "GetUIComponent" in 'FPSPlayer'.
Make sure 'FPSPlayer' has been compiled for  Get UIComponent
[2018.07.03-09.19.38:783][472]LogBlueprint: Error: [Compiler HandSlot] Couldn't find target for dynamically bound delegate node  Bind Event to OnHandClear
[2018.07.03-09.19.38:786][472]LogUObjectGlobals: Created PersistentFrame Addr=0x00000197f2ebbee0, Size=48, Default__HandSlot_C Function /Game/UI/Widgets/Inventory/HandSlot.HandSlot_C:ExecuteUbergraph_HandSlot
[2018.07.03-09.19.38:787][472]LogBlueprint: Warning: [Compiler HandSlot] [0263.47] Compile of HandSlot failed. 15 Fatal Issue(s) 0 Warning(s) [in 47 ms] (/Game/UI/Widgets/Inventory/HandSlot.HandSlot)
[2018.07.03-09.19.38:877][472]LogUObjectGlobals: Created PersistentFrame Addr=0x00000197ed2a4800, Size=424, Default__Slot_C Function /Game/UI/Widgets/Inventory/Slot.Slot_C:ExecuteUbergraph_Slot
[2018.07.03-09.19.38:907][472]LogUObjectGlobals: Destroyed PersistentFrame Addr=0x00000197ed2a4800, Size=424
[2018.07.03-09.19.38:908][472]LogUObjectGlobals: Created PersistentFrame Addr=0x00000197ed2a4800, Size=424, Default__Slot_C Function /Engine/Transient.REINST_Slot_C_5:ExecuteUbergraph_Slot
[2018.07.03-09.19.38:912][472]LogBlueprint: Error: [Compiler Slot] In use pin  <Unnamed>  no longer exists on node  Get UIComponent . Please refresh node or break links to remove pin.
[2018.07.03-09.19.38:913][472]LogBlueprint: Error: [Compiler Slot] In use pin  <Unnamed>  no longer exists on node  Get UIComponent . Please refresh node or break links to remove pin.
[2018.07.03-09.19.38:914][472]LogBlueprint: Error: [Compiler Slot] In use pin  Target  no longer exists on node  Get UIComponent . Please refresh node or break links to remove pin.
[2018.07.03-09.19.38:915][472]LogBlueprint: Error: [Compiler Slot] In use pin  Return Value  no longer exists on node  Get UIComponent . Please refresh node or break links to remove pin.
[2018.07.03-09.19.38:915][472]LogBlueprint: Error: [Compiler Slot] Could not find a function named "GetUIComponent" in 'FPSPlayer'.
Make sure 'FPSPlayer' has been compiled for  Get UIComponent
[2018.07.03-09.19.38:917][472]LogBlueprint: Error: [Compiler Slot] In use pin  <Unnamed>  no longer exists on node  Get UIComponent . Please refresh node or break links to remove pin.
[2018.07.03-09.19.38:917][472]LogBlueprint: Error: [Compiler Slot] In use pin  <Unnamed>  no longer exists on node  Get UIComponent . Please refresh node or break links to remove pin.
[2018.07.03-09.19.38:918][472]LogBlueprint: Error: [Compiler Slot] In use pin  Target  no longer exists on node  Get UIComponent . Please refresh node or break links to remove pin.
[2018.07.03-09.19.38:919][472]LogBlueprint: Error: [Compiler Slot] In use pin  Return Value  no longer exists on node  Get UIComponent . Please refresh node or break links to remove pin.
[2018.07.03-09.19.38:920][472]LogBlueprint: Error: [Compiler Slot] Could not find a function named "GetUIComponent" in 'FPSPlayer'.
Make sure 'FPSPlayer' has been compiled for  Get UIComponent
[2018.07.03-09.19.38:923][472]LogBlueprint: Error: [Compiler Slot] In use pin  <Unnamed>  no longer exists on node  Get UIComponent . Please refresh node or break links to remove pin.
[2018.07.03-09.19.38:924][472]LogBlueprint: Error: [Compiler Slot] In use pin  <Unnamed>  no longer exists on node  Get UIComponent . Please refresh node or break links to remove pin.
[2018.07.03-09.19.38:924][472]LogBlueprint: Error: [Compiler Slot] In use pin  Target  no longer exists on node  Get UIComponent . Please refresh node or break links to remove pin.
[2018.07.03-09.19.38:925][472]LogBlueprint: Error: [Compiler Slot] In use pin  Return Value  no longer exists on node  Get UIComponent . Please refresh node or break links to remove pin.
[2018.07.03-09.19.38:926][472]LogBlueprint: Error: [Compiler Slot] Could not find a function named "GetUIComponent" in 'FPSPlayer'.
Make sure 'FPSPlayer' has been compiled for  Get UIComponent
[2018.07.03-09.19.38:929][472]LogBlueprint: Error: [Compiler Slot] In use pin  <Unnamed>  no longer exists on node  Get UIComponent . Please refresh node or break links to remove pin.
[2018.07.03-09.19.38:930][472]LogBlueprint: Error: [Compiler Slot] In use pin  <Unnamed>  no longer exists on node  Get UIComponent . Please refresh node or break links to remove pin.
[2018.07.03-09.19.38:931][472]LogBlueprint: Error: [Compiler Slot] In use pin  Target  no longer exists on node  Get UIComponent . Please refresh node or break links to remove pin.
[2018.07.03-09.19.38:932][472]LogBlueprint: Error: [Compiler Slot] In use pin  Return Value  no longer exists on node  Get UIComponent . Please refresh node or break links to remove pin.
[2018.07.03-09.19.38:933][472]LogBlueprint: Error: [Compiler Slot] Could not find a function named "GetUIComponent" in 'FPSPlayer'.
Make sure 'FPSPlayer' has been compiled for  Get UIComponent
[2018.07.03-09.19.38:936][472]LogUObjectGlobals: Created PersistentFrame Addr=0x00000197ed2a7ac0, Size=400, Default__Slot_C Function /Game/UI/Widgets/Inventory/Slot.Slot_C:ExecuteUbergraph_Slot
[2018.07.03-09.19.38:937][472]LogBlueprint: Warning: [Compiler Slot] [0263.62] Compile of Slot failed. 20 Fatal Issue(s) 0 Warning(s) [in 41 ms] (/Game/UI/Widgets/Inventory/Slot.Slot)
[2018.07.03-09.19.38:942][472]LogUObjectGlobals: Created PersistentFrame Addr=0x00000197f2aa2c78, Size=40, Default__InventorySlots_C Function /Game/UI/Widgets/Inventory/InventorySlots.InventorySlots_C:ExecuteUbergraph_InventorySlots
[2018.07.03-09.19.38:974][472]LogUObjectGlobals: Destroyed PersistentFrame Addr=0x00000197f2aa2c78, Size=40
[2018.07.03-09.19.38:975][472]LogUObjectGlobals: Created PersistentFrame Addr=0x00000197f2aa2c78, Size=40, Default__InventorySlots_C Function /Engine/Transient.REINST_InventorySlots_C_6:ExecuteUbergraph_InventorySlots
[2018.07.03-09.19.38:977][472]LogBlueprint: Error: [Compiler InventorySlots] In use pin  <Unnamed>  no longer exists on node  Get UIComponent . Please refresh node or break links to remove pin.
[2018.07.03-09.19.38:978][472]LogBlueprint: Error: [Compiler InventorySlots] In use pin  <Unnamed>  no longer exists on node  Get UIComponent . Please refresh node or break links to remove pin.
[2018.07.03-09.19.38:978][472]LogBlueprint: Error: [Compiler InventorySlots] In use pin  Target  no longer exists on node  Get UIComponent . Please refresh node or break links to remove pin.
[2018.07.03-09.19.38:978][472]LogBlueprint: Error: [Compiler InventorySlots] In use pin  Return Value  no longer exists on node  Get UIComponent . Please refresh node or break links to remove pin.
[2018.07.03-09.19.38:979][472]LogBlueprint: Error: [Compiler InventorySlots] Could not find a function named "GetUIComponent" in 'FPSPlayer'.
Make sure 'FPSPlayer' has been compiled for  Get UIComponent
[2018.07.03-09.19.38:986][472]LogUObjectGlobals: Created PersistentFrame Addr=0x00000197f29ef9c0, Size=32, Default__InventorySlots_C Function /Game/UI/Widgets/Inventory/InventorySlots.InventorySlots_C:ExecuteUbergraph_InventorySlots
[2018.07.03-09.19.38:988][472]LogBlueprint: Warning: [Compiler InventorySlots] [0263.67] Compile of InventorySlots failed. 5 Fatal Issue(s) 0 Warning(s) [in 21 ms] (/Game/UI/Widgets/Inventory/InventorySlots.InventorySlots)
[2018.07.03-09.19.38:990][472]LogUObjectGlobals: Created PersistentFrame Addr=0x00000197f2aa2c50, Size=40, Default__UIHUD_C Function /Game/UI/Widgets/UIHUD.UIHUD_C:ExecuteUbergraph_UIHUD
[2018.07.03-09.19.38:995][472]LogUObjectGlobals: Destroyed PersistentFrame Addr=0x00000197f2aa2c50, Size=40
[2018.07.03-09.19.38:995][472]LogUObjectGlobals: Created PersistentFrame Addr=0x00000197f2aa2c50, Size=40, Default__UIHUD_C Function /Engine/Transient.REINST_UIHUD_C_7:ExecuteUbergraph_UIHUD
[2018.07.03-09.19.38:997][472]LogBlueprint: Error: [Compiler UIHUD] In use pin  <Unnamed>  no longer exists on node  Get UIComponent . Please refresh node or break links to remove pin.
[2018.07.03-09.19.38:997][472]LogBlueprint: Error: [Compiler UIHUD] In use pin  <Unnamed>  no longer exists on node  Get UIComponent . Please refresh node or break links to remove pin.
[2018.07.03-09.19.38:998][472]LogBlueprint: Error: [Compiler UIHUD] In use pin  Target  no longer exists on node  Get UIComponent . Please refresh node or break links to remove pin.
[2018.07.03-09.19.38:998][472]LogBlueprint: Error: [Compiler UIHUD] In use pin  Return Value  no longer exists on node  Get UIComponent . Please refresh node or break links to remove pin.
[2018.07.03-09.19.38:999][472]LogBlueprint: Error: [Compiler UIHUD] Could not find a function named "GetUIComponent" in 'FPSPlayer'.
Make sure 'FPSPlayer' has been compiled for  Get UIComponent
[2018.07.03-09.19.39:000][472]LogBlueprint: Error: [Compiler UIHUD] This blueprint (self) is not a FPSPlayer, therefore ' Target ' must have a connection.
[2018.07.03-09.19.39:001][472]LogUObjectGlobals: Created PersistentFrame Addr=0x00000197f29ed720, Size=32, Default__UIHUD_C Function /Game/UI/Widgets/UIHUD.UIHUD_C:ExecuteUbergraph_UIHUD
[2018.07.03-09.19.39:002][472]LogBlueprint: Warning: [Compiler UIHUD] [0263.68] Compile of UIHUD failed. 6 Fatal Issue(s) 0 Warning(s) [in 8 ms] (/Game/UI/Widgets/UIHUD.UIHUD)
[2018.07.03-09.19.39:136][472]LogLoad: Game class is 'BP_FPSGameModeBase_C'
[2018.07.03-09.19.39:147][472]LogWorld: Bringing World /Game/Maps/UEDPIE_0_Level1.Level1 up for play (max tick rate 0) at 2018.07.03-11.19.39
[2018.07.03-09.19.39:149][472]LogWorld: Bringing up level for play took: 0.011565
[2018.07.03-09.19.39:178][472]LogContentBrowser: Native class hierarchy updated for 'MovieSceneCapture' in 0.0012 seconds. Added 11 classes and 0 folders.
[2018.07.03-09.19.39:186][472]PIE: Play in editor start time for /Game/Maps/UEDPIE_0_Level1 0.751
[2018.07.03-09.19.44:569][ 22]LogUObjectGlobals: Destroyed PersistentFrame Addr=0x0000019794cb6b80, Size=128
[2018.07.03-09.19.44:570][ 22]LogUObjectGlobals: Destroyed PersistentFrame Addr=0x00000197a8fba638, Size=4
[2018.07.03-09.19.44:570][ 22]LogUObjectGlobals: Destroyed PersistentFrame Addr=0x00000197f2f97b00, Size=160
[2018.07.03-09.19.44:571][ 22]LogUObjectGlobals: Destroyed PersistentFrame Addr=0x000001979b3ca4a8, Size=56
[2018.07.03-09.19.44:571][ 22]LogUObjectGlobals: Destroyed PersistentFrame Addr=0x00000197ed2a4800, Size=424
[2018.07.03-09.19.44:571][ 22]LogUObjectGlobals: Destroyed PersistentFrame Addr=0x00000197f2aa2c78, Size=40
[2018.07.03-09.19.44:571][ 22]LogUObjectGlobals: Destroyed PersistentFrame Addr=0x00000197f2aa2c50, Size=40
[2018.07.03-09.19.53:057][849]LogEditorViewport: Clicking on Actor (LMB): StaticMeshActor (Floor_400x406)
[2018.07.03-09.19.53:682][892]LogSlate: Took 0.000214 seconds to synchronously load lazily loaded font '../../../Engine/Content/Slate/Fonts/Roboto-Light.ttf' (167K)
[2018.07.03-09.19.53:684][892]LogSlate: FSceneViewport::OnFocusLost() reason 2
[2018.07.03-09.19.53:757][892]Cmd: OBJ SAVEPACKAGE PACKAGE="/Game/Maps/Level1" FILE="../../../../../../../Projects/FPS/FPS/Content/Maps/Level1.umap" SILENT=true AUTOSAVING=false KEEPDIRTY=false
[2018.07.03-09.19.54:071][892]LogSavePackage: Save=248.02ms
[2018.07.03-09.19.54:071][892]LogSavePackage: Moving '../../../../../../../Projects/FPS/FPS/Saved/Level182B19A3645AF8A2ADEBAEF829CC95E2B.tmp' to '../../../../../../../Projects/FPS/FPS/Content/Maps/Level1.umap'
[2018.07.03-09.19.54:076][892]LogSavePackage: Display: Finished SavePackage ../../../../../../../Projects/FPS/FPS/Content/Maps/Level1.umap
[2018.07.03-09.19.54:117][892]LogFileHelpers: Saving map 'Level1' took 0.425
[2018.07.03-09.19.54:818][936]LogSlate: Window 'FPS - Unreal Editor' being destroyed
[2018.07.03-09.19.54:819][936]LogWindowsTextInputMethodSystem: Display: IME system now deactivated.
[2018.07.03-09.19.55:034][937]Cmd: QUIT_EDITOR
[2018.07.03-09.19.55:864][937]LogSlate: Slate User Destroyed.  User Index 0, Is Virtual User: 0
[2018.07.03-09.19.55:864][937]LogExit: Preparing to exit.
[2018.07.03-09.19.56:939][937]LogDirectoryWatcher: A directory notification for 'E:/Projects/FPS/FPS/Content/' was aborted.
[2018.07.03-09.19.56:959][937]LogUObjectGlobals: Destroyed PersistentFrame Addr=0x00000197ff32a110, Size=80
[2018.07.03-09.19.56:961][937]LogExit: Editor shut down
[2018.07.03-09.19.56:964][937]LogExit: Transaction tracking system shut down
[2018.07.03-09.19.56:965][937]LogUObjectGlobals: Destroyed PersistentFrame Addr=0x0000019794cb6300, Size=128
[2018.07.03-09.19.56:972][937]LogUObjectGlobals: Destroyed PersistentFrame Addr=0x00000197a8fb85f0, Size=4
[2018.07.03-09.19.56:972][937]LogUObjectGlobals: Destroyed PersistentFrame Addr=0x00000197f2f4b7e0, Size=152
[2018.07.03-09.19.56:972][937]LogUObjectGlobals: Destroyed PersistentFrame Addr=0x00000197f2ebbee0, Size=48
[2018.07.03-09.19.56:972][937]LogUObjectGlobals: Destroyed PersistentFrame Addr=0x00000197ed2a7ac0, Size=400
[2018.07.03-09.19.56:973][937]LogUObjectGlobals: Destroyed PersistentFrame Addr=0x00000197f29ef9c0, Size=32
[2018.07.03-09.19.56:973][937]LogUObjectGlobals: Destroyed PersistentFrame Addr=0x00000197f29ed720, Size=32
[2018.07.03-09.19.57:146][937]LogDirectoryWatcher: A directory notification for '../../../Engine/Content/' was aborted.
[2018.07.03-09.19.57:146][937]LogDirectoryWatcher: A directory notification for '../../../../../../../Projects/FPS/FPS/Content/' was aborted.
[2018.07.03-09.19.57:146][937]LogDirectoryWatcher: A directory notification for '../../Plugins/2D/Paper2D/Content/' was aborted.
[2018.07.03-09.19.57:146][937]LogDirectoryWatcher: A directory notification for '../../Plugins/Enterprise/DatasmithContent/Content/' was aborted.
[2018.07.03-09.19.57:147][937]LogDirectoryWatcher: A directory notification for '../../Plugins/Media/MediaCompositing/Content/' was aborted.
[2018.07.03-09.19.57:147][937]LogDirectoryWatcher: A directory notification for '../../Plugins/Runtime/AppleARKit/Content/' was aborted.
[2018.07.03-09.19.57:147][937]LogDirectoryWatcher: A directory notification for '../../Plugins/Runtime/Oculus/OculusVR/Content/' was aborted.
[2018.07.03-09.19.57:147][937]LogDirectoryWatcher: A directory notification for '../../Plugins/Runtime/Steam/SteamVR/Content/' was aborted.
[2018.07.03-09.19.57:226][937]LogExit: Object subsystem successfully closed.
[2018.07.03-09.19.57:251][937]LogShaderCompilers: Display: Shaders left to compile 0
[2018.07.03-09.19.57:256][937]LogD3D11RHI: Shutdown
[2018.07.03-09.19.57:256][937]LogD3D11RHI: CleanupD3DDevice
[2018.07.03-09.19.57:259][937]LogD3D11RHI: ~FD3D11DynamicRHI
[2018.07.03-09.19.57:268][937]LogModuleManager: Shutting down and abandoning module MovieSceneCapture (582)
[2018.07.03-09.19.57:268][937]LogModuleManager: Shutting down and abandoning module FPS (580)
[2018.07.03-09.19.57:268][937]LogModuleManager: Shutting down and abandoning module HierarchicalLODOutliner (578)
[2018.07.03-09.19.57:268][937]LogModuleManager: Shutting down and abandoning module DesktopPlatform (576)
[2018.07.03-09.19.57:268][937]LogModuleManager: Shutting down and abandoning module SceneOutliner (574)
[2018.07.03-09.19.57:268][937]LogModuleManager: Shutting down and abandoning module AddContentDialog (572)
[2018.07.03-09.19.57:269][937]LogDirectoryWatcher: A directory notification for 'E:/Game Engines/Epic Games/4.19/UE_4.19/FeaturePacks/' was aborted.
[2018.07.03-09.19.57:269][937]LogModuleManager: Shutting down and abandoning module WidgetCarousel (571)
[2018.07.03-09.19.57:269][937]LogModuleManager: Shutting down and abandoning module EditorWidgets (568)
[2018.07.03-09.19.57:270][937]LogModuleManager: Shutting down and abandoning module CollectionManager (566)
[2018.07.03-09.19.57:270][937]LogDirectoryWatcher: A directory notification for 'E:/Projects/FPS/FPS/Content/Collections/' was aborted.
[2018.07.03-09.19.57:270][937]LogDirectoryWatcher: A directory notification for 'E:/Projects/FPS/FPS/Content/Developers/TomColdenhoff/Collections/' was aborted.
[2018.07.03-09.19.57:270][937]LogDirectoryWatcher: A directory notification for 'E:/Projects/FPS/FPS/Saved/Collections/' was aborted.
[2018.07.03-09.19.57:270][937]LogModuleManager: Shutting down and abandoning module StatsViewer (564)
[2018.07.03-09.19.57:270][937]LogModuleManager: Shutting down and abandoning module FoliageEdit (562)
[2018.07.03-09.19.57:270][937]LogModuleManager: Shutting down and abandoning module LandscapeEditor (560)
[2018.07.03-09.19.57:270][937]LogModuleManager: Shutting down and abandoning module MeshPaintMode (558)
[2018.07.03-09.19.57:270][937]LogModuleManager: Shutting down and abandoning module SceneDepthPickerMode (556)
[2018.07.03-09.19.57:270][937]LogModuleManager: Shutting down and abandoning module ActorPickerMode (554)
[2018.07.03-09.19.57:270][937]LogModuleManager: Shutting down and abandoning module GeometryMode (552)
[2018.07.03-09.19.57:270][937]LogModuleManager: Shutting down and abandoning module TextureAlignMode (550)
[2018.07.03-09.19.57:271][937]LogModuleManager: Shutting down and abandoning module BspMode (548)
[2018.07.03-09.19.57:271][937]LogModuleManager: Shutting down and abandoning module PIEPreviewDeviceProfileSelector (546)
[2018.07.03-09.19.57:271][937]LogModuleManager: Shutting down and abandoning module HardwareSurvey (544)
[2018.07.03-09.19.57:271][937]LogModuleManager: Shutting down and abandoning module SequenceRecorderSections (542)
[2018.07.03-09.19.57:271][937]LogModuleManager: Shutting down and abandoning module AutomationWorker (540)
[2018.07.03-09.19.57:271][937]LogModuleManager: Shutting down and abandoning module AudioCaptureEditor (538)
[2018.07.03-09.19.57:271][937]LogModuleManager: Shutting down and abandoning module SequenceRecorder (537)
[2018.07.03-09.19.57:271][937]LogModuleManager: Shutting down and abandoning module MatineeToLevelSequence (534)
[2018.07.03-09.19.57:271][937]LogModuleManager: Shutting down and abandoning module LevelSequenceEditor (532)
[2018.07.03-09.19.57:271][937]LogModuleManager: Shutting down and abandoning module PlacementMode (531)
[2018.07.03-09.19.57:271][937]LogModuleManager: Shutting down and abandoning module MaterialEditor (530)
[2018.07.03-09.19.57:271][937]LogModuleManager: Shutting down and abandoning module WmfMediaFactory (526)
[2018.07.03-09.19.57:271][937]LogModuleManager: Shutting down and abandoning module WmfMediaEditor (524)
[2018.07.03-09.19.57:271][937]LogModuleManager: Shutting down and abandoning module MediaPlayerEditor (522)
[2018.07.03-09.19.57:271][937]LogModuleManager: Shutting down and abandoning module OpenExrWrapper (520)
[2018.07.03-09.19.57:272][937]LogModuleManager: Shutting down and abandoning module ImgMediaFactory (518)
[2018.07.03-09.19.57:272][937]LogModuleManager: Shutting down and abandoning module ImgMediaEditor (516)
[2018.07.03-09.19.57:272][937]LogModuleManager: Shutting down and abandoning module AvfMediaFactory (514)
[2018.07.03-09.19.57:272][937]LogModuleManager: Shutting down and abandoning module AvfMediaEditor (512)
[2018.07.03-09.19.57:272][937]LogModuleManager: Shutting down and abandoning module AndroidMediaFactory (510)
[2018.07.03-09.19.57:272][937]LogModuleManager: Shutting down and abandoning module AndroidMediaEditor (508)
[2018.07.03-09.19.57:272][937]LogModuleManager: Shutting down and abandoning module CharacterAI (506)
[2018.07.03-09.19.57:272][937]LogModuleManager: Shutting down and abandoning module SmartSnapping (504)
[2018.07.03-09.19.57:272][937]LogModuleManager: Shutting down and abandoning module SessionServices (502)
[2018.07.03-09.19.57:272][937]LogModuleManager: Shutting down and abandoning module ViewportSnapping (500)
[2018.07.03-09.19.57:272][937]LogModuleManager: Shutting down and abandoning module ViewportInteraction (498)
[2018.07.03-09.19.57:272][937]LogModuleManager: Shutting down and abandoning module ClothPainter (496)
[2018.07.03-09.19.57:272][937]LogModuleManager: Shutting down and abandoning module SkeletalMeshEditor (495)
[2018.07.03-09.19.57:272][937]LogModuleManager: Shutting down and abandoning module LogVisualizer (492)
[2018.07.03-09.19.57:272][937]LogModuleManager: Shutting down and abandoning module IntroTutorials (490)
[2018.07.03-09.19.57:272][937]LogModuleManager: Shutting down and abandoning module GameProjectGeneration (489)
[2018.07.03-09.19.57:272][937]LogModuleManager: Shutting down and abandoning module IOSPlatformEditor (486)
[2018.07.03-09.19.57:273][937]LogModuleManager: Shutting down and abandoning module HTML5PlatformEditor (484)
[2018.07.03-09.19.57:273][937]LogModuleManager: Shutting down and abandoning module AndroidPlatformEditor (482)
[2018.07.03-09.19.57:273][937]LogModuleManager: Shutting down and abandoning module AndroidDeviceDetection (481)
[2018.07.03-09.19.57:488][937]LogModuleManager: Shutting down and abandoning module WindowsPlatformEditor (478)
[2018.07.03-09.19.57:488][937]LogModuleManager: Shutting down and abandoning module IOSRuntimeSettings (476)
[2018.07.03-09.19.57:488][937]LogModuleManager: Shutting down and abandoning module AndroidRuntimeSettings (474)
[2018.07.03-09.19.57:488][937]LogModuleManager: Shutting down and abandoning module InputBindingEditor (472)
[2018.07.03-09.19.57:489][937]LogModuleManager: Shutting down and abandoning module MergeActors (470)
[2018.07.03-09.19.57:489][937]LogModuleManager: Shutting down and abandoning module LocalizationDashboard (468)
[2018.07.03-09.19.57:490][937]LogModuleManager: Shutting down and abandoning module LocalizationService (467)
[2018.07.03-09.19.57:490][937]LogModuleManager: Shutting down and abandoning module HardwareTargeting (464)
[2018.07.03-09.19.57:490][937]LogModuleManager: Shutting down and abandoning module DeviceProfileEditor (462)
[2018.07.03-09.19.57:490][937]LogModuleManager: Shutting down and abandoning module UndoHistory (460)
[2018.07.03-09.19.57:491][937]LogModuleManager: Shutting down and abandoning module XmlParser (458)
[2018.07.03-09.19.57:491][937]LogModuleManager: Shutting down and abandoning module Blutility (456)
[2018.07.03-09.19.57:491][937]LogModuleManager: Shutting down and abandoning module ProjectSettingsViewer (454)
[2018.07.03-09.19.57:492][937]LogModuleManager: Shutting down and abandoning module ProjectTargetPlatformEditor (453)
[2018.07.03-09.19.57:492][937]LogModuleManager: Shutting down and abandoning module EditorSettingsViewer (450)
[2018.07.03-09.19.57:492][937]LogModuleManager: Shutting down and abandoning module SettingsEditor (448)
[2018.07.03-09.19.57:493][937]LogModuleManager: Shutting down and abandoning module ProjectLauncher (446)
[2018.07.03-09.19.57:493][937]LogModuleManager: Shutting down and abandoning module SessionFrontend (444)
[2018.07.03-09.19.57:493][937]LogModuleManager: Shutting down and abandoning module ProfilerClient (442)
[2018.07.03-09.19.57:494][937]LogModuleManager: Shutting down and abandoning module DeviceManager (440)
[2018.07.03-09.19.57:494][937]LogModuleManager: Shutting down and abandoning module TargetDeviceServices (439)
[2018.07.03-09.19.57:549][937]LogModuleManager: Shutting down and abandoning module AutomationController (436)
[2018.07.03-09.19.57:549][937]LogModuleManager: Shutting down and abandoning module AutomationWindow (434)
[2018.07.03-09.19.57:549][937]LogModuleManager: Shutting down and abandoning module Layers (432)
[2018.07.03-09.19.57:549][937]LogModuleManager: Shutting down and abandoning module ComponentVisualizers (430)
[2018.07.03-09.19.57:549][937]LogModuleManager: Shutting down and abandoning module DetailCustomizations (428)
[2018.07.03-09.19.57:550][937]LogModuleManager: Shutting down and abandoning module PackagesDialog (426)
[2018.07.03-09.19.57:550][937]LogModuleManager: Shutting down and abandoning module Persona (424)
[2018.07.03-09.19.57:550][937]LogModuleManager: Shutting down and abandoning module AdvancedPreviewScene (423)
[2018.07.03-09.19.57:551][937]LogModuleManager: Shutting down and abandoning module AnimGraph (421)
[2018.07.03-09.19.57:551][937]LogModuleManager: Shutting down and abandoning module Kismet (418)
[2018.07.03-09.19.57:552][937]LogModuleManager: Shutting down and abandoning module GraphEditor (416)
[2018.07.03-09.19.57:552][937]LogModuleManager: Shutting down and abandoning module ClassViewer (414)
[2018.07.03-09.19.57:552][937]LogModuleManager: Shutting down and abandoning module Toolbox (412)
[2018.07.03-09.19.57:552][937]LogModuleManager: Shutting down and abandoning module ModuleUI (410)
[2018.07.03-09.19.57:553][937]LogModuleManager: Shutting down and abandoning module MovieSceneTools (408)
[2018.07.03-09.19.57:553][937]LogModuleManager: Shutting down and abandoning module OutputLog (406)
[2018.07.03-09.19.57:553][937]LogModuleManager: Shutting down and abandoning module GammaUI (404)
[2018.07.03-09.19.57:553][937]LogModuleManager: Shutting down and abandoning module Documentation (402)
[2018.07.03-09.19.57:553][937]LogModuleManager: Shutting down and abandoning module MovieSceneTracks (400)
[2018.07.03-09.19.57:553][937]LogModuleManager: Shutting down and abandoning module MovieScene (398)
[2018.07.03-09.19.57:553][937]LogModuleManager: Shutting down and abandoning module StreamingPauseRendering (396)
[2018.07.03-09.19.57:554][937]LogModuleManager: Shutting down and abandoning module LauncherPlatform (394)
[2018.07.03-09.19.57:554][937]LogModuleManager: Shutting down and abandoning module AnalyticsET (392)
[2018.07.03-09.19.57:554][937]LogModuleManager: Shutting down and abandoning module PortalServices (390)
[2018.07.03-09.19.57:554][937]LogModuleManager: Shutting down and abandoning module PortalRpc (388)
[2018.07.03-09.19.57:554][937]LogModuleManager: Shutting down and abandoning module MessagingRpc (386)
[2018.07.03-09.19.57:554][937]LogModuleManager: Shutting down and abandoning module AIModule (384)
[2018.07.03-09.19.57:554][937]LogModuleManager: Shutting down and abandoning module GameplayDebugger (383)
[2018.07.03-09.19.57:555][937]LogModuleManager: Shutting down and abandoning module AITestSuite (381)
[2018.07.03-09.19.57:555][937]LogModuleManager: Shutting down and abandoning module ProfilerService (378)
[2018.07.03-09.19.57:609][937]LogModuleManager: Shutting down and abandoning module TaskGraph (376)
[2018.07.03-09.19.57:609][937]LogModuleManager: Shutting down and abandoning module CoverPointGenerator (374)
[2018.07.03-09.19.57:609][937]LogModuleManager: Shutting down and abandoning module SteamVRController (372)
[2018.07.03-09.19.57:610][937]LogModuleManager: Shutting down and abandoning module ProceduralMeshComponentEditor (370)
[2018.07.03-09.19.57:610][937]LogModuleManager: Shutting down and abandoning module ProceduralMeshComponent (368)
[2018.07.03-09.19.57:610][937]LogModuleManager: Shutting down and abandoning module OculusInput (366)
[2018.07.03-09.19.57:610][937]LogModuleManager: Shutting down and abandoning module MobilePatchingUtils (364)
[2018.07.03-09.19.57:611][937]LogModuleManager: Shutting down and abandoning module CustomMeshComponent (362)
[2018.07.03-09.19.57:611][937]LogModuleManager: Shutting down and abandoning module CableComponent (360)
[2018.07.03-09.19.57:611][937]LogModuleManager: Shutting down and abandoning module AudioCapture (358)
[2018.07.03-09.19.57:611][937]LogModuleManager: Shutting down and abandoning module ArchVisCharacter (356)
[2018.07.03-09.19.57:611][937]LogModuleManager: Shutting down and abandoning module AndroidPermission (354)
[2018.07.03-09.19.57:612][937]LogModuleManager: Shutting down and abandoning module NUTUnrealEngine4 (350)
[2018.07.03-09.19.57:612][937]LogModuleManager: Shutting down and abandoning module NetcodeUnitTest (348)
[2018.07.03-09.19.57:612][937]LogModuleManager: Shutting down and abandoning module MediaCompositingEditor (346)
[2018.07.03-09.19.57:613][937]LogModuleManager: Shutting down and abandoning module MediaCompositing (344)
[2018.07.03-09.19.57:613][937]LogModuleManager: Shutting down and abandoning module LinearTimecode (342)
[2018.07.03-09.19.57:613][937]LogModuleManager: Shutting down and abandoning module ImgMedia (340)
[2018.07.03-09.19.57:638][937]LogModuleManager: Shutting down and abandoning module HTML5Networking (338)
[2018.07.03-09.19.57:638][937]LogModuleManager: Shutting down and abandoning module AlembicImporter (336)
[2018.07.03-09.19.57:639][937]LogModuleManager: Shutting down and abandoning module AlembicLibrary (335)
[2018.07.03-09.19.57:639][937]LogModuleManager: Shutting down and abandoning module GeometryCache (334)
[2018.07.03-09.19.57:639][937]LogModuleManager: Shutting down and abandoning module GeometryCacheEd (333)
[2018.07.03-09.19.57:640][937]LogModuleManager: Shutting down and abandoning module DatasmithContent (328)
[2018.07.03-09.19.57:640][937]LogModuleManager: Shutting down and abandoning module SpeedTreeImporter (326)
[2018.07.03-09.19.57:640][937]LogModuleManager: Shutting down and abandoning module PluginBrowser (324)
[2018.07.03-09.19.57:641][937]LogModuleManager: Shutting down and abandoning module MobileLauncherProfileWizard (322)
[2018.07.03-09.19.57:641][937]LogModuleManager: Shutting down and abandoning module CryptoKeysOpenSSL (320)
[2018.07.03-09.19.57:641][937]LogModuleManager: Shutting down and abandoning module CryptoKeys (318)
[2018.07.03-09.19.57:642][937]LogModuleManager: Shutting down and abandoning module VisualStudioSourceCodeAccess (316)
[2018.07.03-09.19.57:642][937]LogModuleManager: Shutting down and abandoning module VisualStudioCodeSourceCodeAccess (314)
[2018.07.03-09.19.57:642][937]LogModuleManager: Shutting down and abandoning module UObjectPlugin (312)
[2018.07.03-09.19.57:642][937]LogModuleManager: Shutting down and abandoning module SubversionSourceControl (310)
[2018.07.03-09.19.57:643][937]LogModuleManager: Shutting down and abandoning module PerforceSourceControl (308)
[2018.07.03-09.19.57:643][937]LogModuleManager: Shutting down and abandoning module GitSourceControl (306)
[2018.07.03-09.19.57:643][937]LogModuleManager: Shutting down and abandoning module SourceControl (305)
[2018.07.03-09.19.57:644][937]LogModuleManager: Shutting down and abandoning module CLionSourceCodeAccess (302)
[2018.07.03-09.19.57:644][937]LogModuleManager: Shutting down and abandoning module LightPropagationVolumeEditor (300)
[2018.07.03-09.19.57:644][937]LogModuleManager: Shutting down and abandoning module PaperTiledImporter (298)
[2018.07.03-09.19.57:644][937]LogModuleManager: Shutting down and abandoning module PaperSpriteSheetImporter (296)
[2018.07.03-09.19.57:645][937]LogModuleManager: Shutting down and abandoning module Paper2DEditor (294)
[2018.07.03-09.19.57:645][937]LogModuleManager: Shutting down and abandoning module MeshPaint (293)
[2018.07.03-09.19.57:646][937]LogModuleManager: Shutting down and abandoning module RuntimePhysXCooking (288)
[2018.07.03-09.19.57:646][937]LogModuleManager: Shutting down and abandoning module PhysXVehiclesEditor (286)
[2018.07.03-09.19.57:646][937]LogModuleManager: Shutting down and abandoning module PhysXVehicles (284)
[2018.07.03-09.19.57:646][937]LogModuleManager: Shutting down and abandoning module OculusEditor (282)
[2018.07.03-09.19.57:647][937]LogModuleManager: Shutting down and abandoning module LocationServicesBPLibrary (280)
[2018.07.03-09.19.57:647][937]LogModuleManager: Shutting down and abandoning module ImmediatePhysicsEditor (278)
[2018.07.03-09.19.57:647][937]LogModuleManager: Shutting down and abandoning module ImmediatePhysics (276)
[2018.07.03-09.19.57:647][937]LogModuleManager: Shutting down and abandoning module ActorSequence (274)
[2018.07.03-09.19.57:648][937]LogModuleManager: Shutting down and abandoning module UdpMessaging (272)
