Log file open, 06/08/18 11:34:11
LogWindows: Failed to load 'aqProf.dll' (GetLastError=126)
LogWindows: File 'aqProf.dll' does not exist
LogWindows: Failed to load 'VtuneApi.dll' (GetLastError=126)
LogWindows: File 'VtuneApi.dll' does not exist
LogWindows: Failed to load 'VtuneApi32e.dll' (GetLastError=126)
LogWindows: File 'VtuneApi32e.dll' does not exist
LogInit: Display: Running engine for game: FPS
LogPlatformFile: Not using cached read wrapper
LogInit: Display: RandInit(-1080720885) SRandInit(-1080720885).
LogInit: Read version file with build ID '3944462'
LogInit: Overriding engine version to CL 4033788, compatible CL 3944462
LogInit: Registered custom module enumerator with build ID '3944462'
LogTaskGraph: Started task graph with 5 named threads and 23 total threads with 3 sets of task threads.
LogStats: Stats thread started at 0.841084
LogD3D11RHI: Aftermath initialized
LogICUInternationalization: Display: ICU TimeZone Detection - Raw Offset: +1:00, Platform Override: ''
LogPluginManager: Mounting plugin Paper2D
LogPluginManager: Mounting plugin LiveLink
LogPluginManager: Mounting plugin LightPropagationVolume
LogPluginManager: Mounting plugin CLionSourceCodeAccess
LogPluginManager: Mounting plugin CodeLiteSourceCodeAccess
LogPluginManager: Mounting plugin GitSourceControl
LogPluginManager: Mounting plugin KDevelopSourceCodeAccess
LogPluginManager: Mounting plugin NullSourceCodeAccess
LogPluginManager: Mounting plugin PerforceSourceControl
LogPluginManager: Mounting plugin SubversionSourceControl
LogPluginManager: Mounting plugin UObjectPlugin
LogPluginManager: Mounting plugin VisualStudioCodeSourceCodeAccess
LogPluginManager: Mounting plugin VisualStudioSourceCodeAccess
LogPluginManager: Mounting plugin XCodeSourceCodeAccess
LogPluginManager: Mounting plugin AssetManagerEditor
LogPluginManager: Mounting plugin CryptoKeys
LogPluginManager: Mounting plugin DataValidation
LogPluginManager: Mounting plugin FacialAnimation
LogPluginManager: Mounting plugin GameplayTagsEditor
LogPluginManager: Mounting plugin MobileLauncherProfileWizard
LogPluginManager: Mounting plugin PluginBrowser
LogPluginManager: Mounting plugin SpeedTreeImporter
LogPluginManager: Mounting plugin DatasmithContent
LogPluginManager: Mounting plugin AlembicImporter
LogPluginManager: Mounting plugin CharacterAI
LogPluginManager: Mounting plugin HTML5Networking
LogPluginManager: Mounting plugin AndroidMedia
LogPluginManager: Mounting plugin AvfMedia
LogPluginManager: Mounting plugin ImgMedia
LogPluginManager: Mounting plugin LinearTimecode
LogPluginManager: Mounting plugin MediaCompositing
LogPluginManager: Mounting plugin MediaPlayerEditor
LogPluginManager: Mounting plugin WmfMedia
LogPluginManager: Mounting plugin TcpMessaging
LogPluginManager: Mounting plugin UdpMessaging
LogPluginManager: Mounting plugin ActorSequence
LogPluginManager: Mounting plugin LevelSequenceEditor
LogPluginManager: Mounting plugin MatineeToLevelSequence
LogPluginManager: Mounting plugin NetcodeUnitTest
LogPluginManager: Mounting plugin NUTUnrealEngine4
LogPluginManager: Mounting plugin OnlineSubsystemGooglePlay
LogPluginManager: Mounting plugin OnlineSubsystemIOS
LogPluginManager: Mounting plugin OnlineSubsystem
LogPluginManager: Mounting plugin OnlineSubsystemNull
LogPluginManager: Mounting plugin OnlineSubsystemUtils
LogPluginManager: Mounting plugin AndroidDeviceProfileSelector
LogPluginManager: Mounting plugin AndroidMoviePlayer
LogPluginManager: Mounting plugin AndroidPermission
LogPluginManager: Mounting plugin AppleARKit
LogPluginManager: Mounting plugin AppleMoviePlayer
LogPluginManager: Mounting plugin ArchVisCharacter
LogPluginManager: Mounting plugin AudioCapture
LogPluginManager: Mounting plugin CableComponent
LogPluginManager: Mounting plugin CustomMeshComponent
LogPluginManager: Mounting plugin ExampleDeviceProfileSelector
LogPluginManager: Mounting plugin GoogleCloudMessaging
LogPluginManager: Mounting plugin ImmediatePhysics
LogPluginManager: Mounting plugin IOSDeviceProfileSelector
LogPluginManager: Mounting plugin LinuxDeviceProfileSelector
LogPluginManager: Mounting plugin LocationServicesBPLibrary
LogPluginManager: Mounting plugin MobilePatchingUtils
LogPluginManager: Mounting plugin OculusVR
LogPluginManager: Plugin shader directory ../../../Engine/Plugins/Runtime/Oculus/OculusVR/Shaders found
LogPluginManager: Mapping shader source directory ../../../Engine/Plugins/Runtime/Oculus/OculusVR/Shaders to virtual directory /Plugin/OculusVR
LogPluginManager: Mounting plugin PhysXVehicles
LogPluginManager: Mounting plugin ProceduralMeshComponent
LogPluginManager: Mounting plugin RuntimePhysXCooking
LogPluginManager: Mounting plugin SteamVR
LogPluginManager: Mounting plugin WindowsMoviePlayer
LogPluginManager: Mounting plugin CoverPointGenerator
LogStreaming: Display: Took  0.101s to configure plugins.
LogModuleManager: Display: Found up-to-date module file ../../../../../SpareTime/Unreal/FPS/FPS/Binaries/Win64/UE4Editor-FPS.dll (API version 3944462).
LogModuleManager: Display: Found up-to-date module file ../../../Engine/Plugins/2D/Paper2D/Binaries/Win64/UE4Editor-Paper2D.dll (API version 3944462).
LogModuleManager: Display: Found up-to-date module file ../../../Engine/Plugins/2D/Paper2D/Binaries/Win64/UE4Editor-Paper2DEditor.dll (API version 3944462).
LogModuleManager: Display: Found up-to-date module file ../../../Engine/Plugins/2D/Paper2D/Binaries/Win64/UE4Editor-PaperSpriteSheetImporter.dll (API version 3944462).
LogModuleManager: Display: Found up-to-date module file ../../../Engine/Plugins/2D/Paper2D/Binaries/Win64/UE4Editor-PaperTiledImporter.dll (API version 3944462).
LogModuleManager: Display: Found up-to-date module file ../../../Engine/Plugins/2D/Paper2D/Binaries/Win64/UE4Editor-SmartSnapping.dll (API version 3944462).
LogModuleManager: Display: Found up-to-date module file ../../../Engine/Plugins/Animation/LiveLink/Binaries/Win64/UE4Editor-LiveLink.dll (API version 3944462).
LogModuleManager: Display: Found up-to-date module file ../../../Engine/Plugins/Animation/LiveLink/Binaries/Win64/UE4Editor-LiveLinkEditor.dll (API version 3944462).
LogModuleManager: Display: Found up-to-date module file ../../../Engine/Plugins/Blendables/LightPropagationVolume/Binaries/Win64/UE4Editor-LightPropagationVolumeRuntime.dll (API version 3944462).
LogModuleManager: Display: Found up-to-date module file ../../../Engine/Plugins/Blendables/LightPropagationVolume/Binaries/Win64/UE4Editor-LightPropagationVolumeEditor.dll (API version 3944462).
LogModuleManager: Display: Found up-to-date module file ../../../Engine/Plugins/Developer/CLionSourceCodeAccess/Binaries/Win64/UE4Editor-CLionSourceCodeAccess.dll (API version 3944462).
LogModuleManager: Display: Found up-to-date module file ../../../Engine/Plugins/Developer/GitSourceControl/Binaries/Win64/UE4Editor-GitSourceControl.dll (API version 3944462).
LogModuleManager: Display: Found up-to-date module file ../../../Engine/Plugins/Developer/PerforceSourceControl/Binaries/Win64/UE4Editor-PerforceSourceControl.dll (API version 3944462).
LogModuleManager: Display: Found up-to-date module file ../../../Engine/Plugins/Developer/SubversionSourceControl/Binaries/Win64/UE4Editor-SubversionSourceControl.dll (API version 3944462).
LogModuleManager: Display: Found up-to-date module file ../../../Engine/Plugins/Developer/UObjectPlugin/Binaries/Win64/UE4Editor-UObjectPlugin.dll (API version 3944462).
LogModuleManager: Display: Found up-to-date module file ../../../Engine/Plugins/Developer/VisualStudioCodeSourceCodeAccess/Binaries/Win64/UE4Editor-VisualStudioCodeSourceCodeAccess.dll (API version 3944462).
LogModuleManager: Display: Found up-to-date module file ../../../Engine/Plugins/Developer/VisualStudioSourceCodeAccess/Binaries/Win64/UE4Editor-VisualStudioSourceCodeAccess.dll (API version 3944462).
LogModuleManager: Display: Found up-to-date module file ../../../Engine/Plugins/Editor/AssetManagerEditor/Binaries/Win64/UE4Editor-AssetManagerEditor.dll (API version 3944462).
LogModuleManager: Display: Found up-to-date module file ../../../Engine/Plugins/Editor/CryptoKeys/Binaries/Win64/UE4Editor-CryptoKeys.dll (API version 3944462).
LogModuleManager: Display: Found up-to-date module file ../../../Engine/Plugins/Editor/CryptoKeys/Binaries/Win64/UE4Editor-CryptoKeysOpenSSL.dll (API version 3944462).
LogModuleManager: Display: Found up-to-date module file ../../../Engine/Plugins/Editor/DataValidation/Binaries/Win64/UE4Editor-DataValidation.dll (API version 3944462).
LogModuleManager: Display: Found up-to-date module file ../../../Engine/Plugins/Editor/FacialAnimation/Binaries/Win64/UE4Editor-FacialAnimation.dll (API version 3944462).
LogModuleManager: Display: Found up-to-date module file ../../../Engine/Plugins/Editor/FacialAnimation/Binaries/Win64/UE4Editor-FacialAnimationEditor.dll (API version 3944462).
LogModuleManager: Display: Found up-to-date module file ../../../Engine/Plugins/Editor/GameplayTagsEditor/Binaries/Win64/UE4Editor-GameplayTagsEditor.dll (API version 3944462).
LogModuleManager: Display: Found up-to-date module file ../../../Engine/Plugins/Editor/MobileLauncherProfileWizard/Binaries/Win64/UE4Editor-MobileLauncherProfileWizard.dll (API version 3944462).
LogModuleManager: Display: Found up-to-date module file ../../../Engine/Plugins/Editor/PluginBrowser/Binaries/Win64/UE4Editor-PluginBrowser.dll (API version 3944462).
LogModuleManager: Display: Found up-to-date module file ../../../Engine/Plugins/Editor/SpeedTreeImporter/Binaries/Win64/UE4Editor-SpeedTreeImporter.dll (API version 3944462).
LogModuleManager: Display: Found up-to-date module file ../../../Engine/Plugins/Enterprise/DatasmithContent/Binaries/Win64/UE4Editor-DatasmithContent.dll (API version 3944462).
LogModuleManager: Display: Found up-to-date module file ../../../Engine/Plugins/Experimental/AlembicImporter/Binaries/Win64/UE4Editor-AlembicImporter.dll (API version 3944462).
LogModuleManager: Display: Found up-to-date module file ../../../Engine/Plugins/Experimental/AlembicImporter/Binaries/Win64/UE4Editor-AlembicLibrary.dll (API version 3944462).
LogModuleManager: Display: Found up-to-date module file ../../../Engine/Plugins/Experimental/CharacterAI/Binaries/Win64/UE4Editor-CharacterAI.dll (API version 3944462).
LogModuleManager: Display: Found up-to-date module file ../../../Engine/Plugins/Experimental/HTML5Networking/Binaries/Win64/UE4Editor-HTML5Networking.dll (API version 3944462).
LogModuleManager: Display: Found up-to-date module file ../../../Engine/Plugins/Media/AndroidMedia/Binaries/Win64/UE4Editor-AndroidMediaEditor.dll (API version 3944462).
LogModuleManager: Display: Found up-to-date module file ../../../Engine/Plugins/Media/AndroidMedia/Binaries/Win64/UE4Editor-AndroidMediaFactory.dll (API version 3944462).
LogModuleManager: Display: Found up-to-date module file ../../../Engine/Plugins/Media/AvfMedia/Binaries/Win64/UE4Editor-AvfMediaEditor.dll (API version 3944462).
LogModuleManager: Display: Found up-to-date module file ../../../Engine/Plugins/Media/AvfMedia/Binaries/Win64/UE4Editor-AvfMediaFactory.dll (API version 3944462).
LogModuleManager: Display: Found up-to-date module file ../../../Engine/Plugins/Media/AvfMedia/Binaries/Win64/UE4Editor-AvfMediaFactory.dll (API version 3944462).
LogModuleManager: Display: Found up-to-date module file ../../../Engine/Plugins/Media/ImgMedia/Binaries/Win64/UE4Editor-ImgMedia.dll (API version 3944462).
LogModuleManager: Display: Found up-to-date module file ../../../Engine/Plugins/Media/ImgMedia/Binaries/Win64/UE4Editor-ImgMediaEditor.dll (API version 3944462).
LogModuleManager: Display: Found up-to-date module file ../../../Engine/Plugins/Media/ImgMedia/Binaries/Win64/UE4Editor-ImgMediaFactory.dll (API version 3944462).
LogModuleManager: Display: Found up-to-date module file ../../../Engine/Plugins/Media/ImgMedia/Binaries/Win64/UE4Editor-ImgMediaFactory.dll (API version 3944462).
LogModuleManager: Display: Found up-to-date module file ../../../Engine/Plugins/Media/ImgMedia/Binaries/Win64/UE4Editor-OpenExrWrapper.dll (API version 3944462).
LogModuleManager: Display: Found up-to-date module file ../../../Engine/Plugins/Media/LinearTimecode/Binaries/Win64/UE4Editor-LinearTimecode.dll (API version 3944462).
LogModuleManager: Display: Found up-to-date module file ../../../Engine/Plugins/Media/MediaCompositing/Binaries/Win64/UE4Editor-MediaCompositing.dll (API version 3944462).
LogModuleManager: Display: Found up-to-date module file ../../../Engine/Plugins/Media/MediaCompositing/Binaries/Win64/UE4Editor-MediaCompositingEditor.dll (API version 3944462).
LogModuleManager: Display: Found up-to-date module file ../../../Engine/Plugins/Media/MediaPlayerEditor/Binaries/Win64/UE4Editor-MediaPlayerEditor.dll (API version 3944462).
LogModuleManager: Display: Found up-to-date module file ../../../Engine/Plugins/Media/WmfMedia/Binaries/Win64/UE4Editor-WmfMedia.dll (API version 3944462).
LogModuleManager: Display: Found up-to-date module file ../../../Engine/Plugins/Media/WmfMedia/Binaries/Win64/UE4Editor-WmfMediaEditor.dll (API version 3944462).
LogModuleManager: Display: Found up-to-date module file ../../../Engine/Plugins/Media/WmfMedia/Binaries/Win64/UE4Editor-WmfMediaFactory.dll (API version 3944462).
LogModuleManager: Display: Found up-to-date module file ../../../Engine/Plugins/Media/WmfMedia/Binaries/Win64/UE4Editor-WmfMediaFactory.dll (API version 3944462).
LogModuleManager: Display: Found up-to-date module file ../../../Engine/Plugins/Messaging/TcpMessaging/Binaries/Win64/UE4Editor-TcpMessaging.dll (API version 3944462).
LogModuleManager: Display: Found up-to-date module file ../../../Engine/Plugins/Messaging/UdpMessaging/Binaries/Win64/UE4Editor-UdpMessaging.dll (API version 3944462).
LogModuleManager: Display: Found up-to-date module file ../../../Engine/Plugins/MovieScene/ActorSequence/Binaries/Win64/UE4Editor-ActorSequence.dll (API version 3944462).
LogModuleManager: Display: Found up-to-date module file ../../../Engine/Plugins/MovieScene/LevelSequenceEditor/Binaries/Win64/UE4Editor-LevelSequenceEditor.dll (API version 3944462).
LogModuleManager: Display: Found up-to-date module file ../../../Engine/Plugins/MovieScene/MatineeToLevelSequence/Binaries/Win64/UE4Editor-MatineeToLevelSequence.dll (API version 3944462).
LogModuleManager: Display: Found up-to-date module file ../../../Engine/Plugins/NetcodeUnitTest/NetcodeUnitTest/Binaries/Win64/UE4Editor-NetcodeUnitTest.dll (API version 3944462).
LogModuleManager: Display: Found up-to-date module file ../../../Engine/Plugins/NetcodeUnitTest/NUTUnrealEngine4/Binaries/Win64/UE4Editor-NUTUnrealEngine4.dll (API version 3944462).
LogModuleManager: Display: Found up-to-date module file ../../../Engine/Plugins/Online/OnlineSubsystem/Binaries/Win64/UE4Editor-OnlineSubsystem.dll (API version 3944462).
LogModuleManager: Display: Found up-to-date module file ../../../Engine/Plugins/Online/OnlineSubsystemNull/Binaries/Win64/UE4Editor-OnlineSubsystemNull.dll (API version 3944462).
LogModuleManager: Display: Found up-to-date module file ../../../Engine/Plugins/Online/OnlineSubsystemUtils/Binaries/Win64/UE4Editor-OnlineSubsystemUtils.dll (API version 3944462).
LogModuleManager: Display: Found up-to-date module file ../../../Engine/Plugins/Online/OnlineSubsystemUtils/Binaries/Win64/UE4Editor-OnlineBlueprintSupport.dll (API version 3944462).
LogModuleManager: Display: Found up-to-date module file ../../../Engine/Plugins/Runtime/AndroidDeviceProfileSelector/Binaries/Win64/UE4Editor-AndroidDeviceProfileSelector.dll (API version 3944462).
LogModuleManager: Display: Found up-to-date module file ../../../Engine/Plugins/Runtime/AndroidPermission/Binaries/Win64/UE4Editor-AndroidPermission.dll (API version 3944462).
LogModuleManager: Display: Found up-to-date module file ../../../Engine/Plugins/Runtime/AppleARKit/Binaries/Win64/UE4Editor-AppleARKit.dll (API version 3944462).
LogModuleManager: Display: Found up-to-date module file ../../../Engine/Plugins/Runtime/ArchVisCharacter/Binaries/Win64/UE4Editor-ArchVisCharacter.dll (API version 3944462).
LogModuleManager: Display: Found up-to-date module file ../../../Engine/Plugins/Runtime/AudioCapture/Binaries/Win64/UE4Editor-AudioCapture.dll (API version 3944462).
LogModuleManager: Display: Found up-to-date module file ../../../Engine/Plugins/Runtime/AudioCapture/Binaries/Win64/UE4Editor-AudioCaptureEditor.dll (API version 3944462).
LogModuleManager: Display: Found up-to-date module file ../../../Engine/Plugins/Runtime/CableComponent/Binaries/Win64/UE4Editor-CableComponent.dll (API version 3944462).
LogModuleManager: Display: Found up-to-date module file ../../../Engine/Plugins/Runtime/CustomMeshComponent/Binaries/Win64/UE4Editor-CustomMeshComponent.dll (API version 3944462).
LogModuleManager: Display: Found up-to-date module file ../../../Engine/Plugins/Runtime/ExampleDeviceProfileSelector/Binaries/Win64/UE4Editor-ExampleDeviceProfileSelector.dll (API version 3944462).
LogModuleManager: Display: Found up-to-date module file ../../../Engine/Plugins/Runtime/ImmediatePhysics/Binaries/Win64/UE4Editor-ImmediatePhysics.dll (API version 3944462).
LogModuleManager: Display: Found up-to-date module file ../../../Engine/Plugins/Runtime/ImmediatePhysics/Binaries/Win64/UE4Editor-ImmediatePhysicsEditor.dll (API version 3944462).
LogModuleManager: Display: Found up-to-date module file ../../../Engine/Plugins/Runtime/LocationServicesBPLibrary/Binaries/Win64/UE4Editor-LocationServicesBPLibrary.dll (API version 3944462).
LogModuleManager: Display: Found up-to-date module file ../../../Engine/Plugins/Runtime/MobilePatchingUtils/Binaries/Win64/UE4Editor-MobilePatchingUtils.dll (API version 3944462).
LogModuleManager: Display: Found up-to-date module file ../../../Engine/Plugins/Runtime/Oculus/OculusVR/Binaries/Win64/UE4Editor-OculusHMD.dll (API version 3944462).
LogModuleManager: Display: Found up-to-date module file ../../../Engine/Plugins/Runtime/Oculus/OculusVR/Binaries/Win64/UE4Editor-OculusInput.dll (API version 3944462).
LogModuleManager: Display: Found up-to-date module file ../../../Engine/Plugins/Runtime/Oculus/OculusVR/Binaries/Win64/UE4Editor-OculusEditor.dll (API version 3944462).
LogModuleManager: Display: Found up-to-date module file ../../../Engine/Plugins/Runtime/PhysXVehicles/Binaries/Win64/UE4Editor-PhysXVehicles.dll (API version 3944462).
LogModuleManager: Display: Found up-to-date module file ../../../Engine/Plugins/Runtime/PhysXVehicles/Binaries/Win64/UE4Editor-PhysXVehiclesEditor.dll (API version 3944462).
LogModuleManager: Display: Found up-to-date module file ../../../Engine/Plugins/Runtime/ProceduralMeshComponent/Binaries/Win64/UE4Editor-ProceduralMeshComponent.dll (API version 3944462).
LogModuleManager: Display: Found up-to-date module file ../../../Engine/Plugins/Runtime/ProceduralMeshComponent/Binaries/Win64/UE4Editor-ProceduralMeshComponentEditor.dll (API version 3944462).
LogModuleManager: Display: Found up-to-date module file ../../../Engine/Plugins/Runtime/RuntimePhysXCooking/Binaries/Win64/UE4Editor-RuntimePhysXCooking.dll (API version 3944462).
LogModuleManager: Display: Found up-to-date module file ../../../Engine/Plugins/Runtime/Steam/SteamVR/Binaries/Win64/UE4Editor-SteamVR.dll (API version 3944462).
LogModuleManager: Display: Found up-to-date module file ../../../Engine/Plugins/Runtime/Steam/SteamVR/Binaries/Win64/UE4Editor-SteamVRController.dll (API version 3944462).
LogModuleManager: Display: Found up-to-date module file ../../../Engine/Plugins/Runtime/WindowsMoviePlayer/Binaries/Win64/UE4Editor-WindowsMoviePlayer.dll (API version 3944462).
LogModuleManager: Display: Found up-to-date module file ../../../../../SpareTime/Unreal/FPS/FPS/Plugins/CoverPointGenerator/Binaries/Win64/UE4Editor-CoverPointGenerator.dll (API version 3944462).
LogInit: Using libcurl 7.47.1
LogInit:  - built for x86_64-pc-win32
LogInit:  - supports SSL with OpenSSL/1.0.2g
LogInit:  - supports HTTP deflate (compression) using libz 1.2.8
LogInit:  - other features:
LogInit:      CURL_VERSION_SSL
LogInit:      CURL_VERSION_LIBZ
LogInit:      CURL_VERSION_IPV6
LogInit:      CURL_VERSION_ASYNCHDNS
LogInit:      CURL_VERSION_LARGEFILE
LogInit:      CURL_VERSION_IDN
LogInit:  CurlRequestOptions (configurable via config and command line):
LogInit:  - bVerifyPeer = false  - Libcurl will NOT verify peer certificate
LogInit:  - bUseHttpProxy = false  - Libcurl will NOT use HTTP proxy
LogInit:  - bDontReuseConnections = false  - Libcurl will reuse connections
LogInit:  - CertBundlePath = nullptr  - Libcurl will use whatever was configured at build time.
LogInit:  - MaxHostConnections = 16  - Libcurl will limit the number of connections to a host
LogInit:  - LocalHostAddr = Default
LogInit: WinSock: version 1.1 (2.2), MaxSocks=32767, MaxUdp=65467
LogInit: WinSock: I am Tom-Laptop (10.52.88.121:0)
LogInit: Build: ++UE4+Release-4.19-CL-4033788
LogInit: Engine Version: 4.19.2-4033788+++UE4+Release-4.19
LogInit: Compatible Engine Version: 4.19.0-3944462+++UE4+Release-4.19
LogInit: Net CL: 3944462
LogDevObjectVersion: Number of dev versions registered: 18
LogDevObjectVersion:   Dev-Blueprints (B0D832E4-1F89-4F0D-ACCF-7EB736FD4AA2): 10
LogDevObjectVersion:   Dev-Build (E1C64328-A22C-4D53-A36C-8E866417BD8C): 0
LogDevObjectVersion:   Dev-Core (375EC13C-06E4-48FB-B500-84F0262A717E): 2
LogDevObjectVersion:   Dev-Editor (E4B068ED-F494-42E9-A231-DA0B2E46BB41): 23
LogDevObjectVersion:   Dev-Framework (CFFC743F-43B0-4480-9391-14DF171D2073): 33
LogDevObjectVersion:   Dev-Mobile (B02B49B5-BB20-44E9-A304-32B752E40360): 2
LogDevObjectVersion:   Dev-Networking (A4E4105C-59A1-49B5-A7C5-40C4547EDFEE): 0
LogDevObjectVersion:   Dev-Online (39C831C9-5AE6-47DC-9A44-9C173E1C8E7C): 0
LogDevObjectVersion:   Dev-Physics (78F01B33-EBEA-4F98-B9B4-84EACCB95AA2): 0
LogDevObjectVersion:   Dev-Platform (6631380F-2D4D-43E0-8009-CF276956A95A): 0
LogDevObjectVersion:   Dev-Rendering (12F88B9F-8875-4AFC-A67C-D90C383ABD29): 25
LogDevObjectVersion:   Dev-Sequencer (7B5AE74C-D270-4C10-A958-57980B212A5A): 6
LogDevObjectVersion:   Dev-VR (D7296918-1DD6-4BDD-9DE2-64A83CC13884): 1
LogDevObjectVersion:   Dev-LoadTimes (C2A15278-BFE7-4AFE-6C17-90FF531DF755): 1
LogDevObjectVersion:   Private-Geometry (6EACA3D4-40EC-4CC1-B786-8BED09428FC5): 2
LogDevObjectVersion:   Dev-AnimPhys (29E575DD-E0A3-4627-9D10-D276232CDCEA): 16
LogDevObjectVersion:   Dev-ReflectionCapture (6B266CEC-1EC7-4B8F-A30B-E4D90942FC07): 1
LogDevObjectVersion:   Dev-Automation (0DF73D61-A23F-47EA-B727-89E90C41499A): 1
LogInit: Compiled (64-bit): Apr 27 2018 02:06:57
LogInit: Compiled with Visual C++: 19.00.24215.01
LogInit: Build Configuration: Development
LogInit: Branch Name: ++UE4+Release-4.19
LogInit: Command Line:  -skipcompile
LogInit: Base Directory: D:/Epic Games/UE_4.19/Engine/Binaries/Win64/
LogInit: Installed Engine Build: 1
LogStreaming: Display: Took  0.002s to delete old logs.
LogInit: Presizing for max 8388607 objects, including 0 objects not considered by GC, pre-allocating 0 bytes for permanent pool.
LogInit: Object subsystem initialized
[2018.06.08-09.34.13:102][  0]LogInit: Selected Device Profile: [Windows]
[2018.06.08-09.34.13:104][  0]LogInit: Applying CVar settings loaded from the selected device profile: [Windows]
[2018.06.08-09.34.13:117][  0]LogInit: Computer: TOM-LAPTOP
[2018.06.08-09.34.13:117][  0]LogInit: User: tomco
[2018.06.08-09.34.13:117][  0]LogInit: CPU Page size=4096, Cores=4
[2018.06.08-09.34.13:117][  0]LogInit: High frequency timer resolution =2.531251 MHz
[2018.06.08-09.34.13:118][  0]LogMemory: Memory total: Physical=7.9GB (8GB approx)
[2018.06.08-09.34.13:118][  0]LogMemory: Platform Memory Stats for Windows
[2018.06.08-09.34.13:118][  0]LogMemory: Process Physical Memory: 275.62 MB used, 275.62 MB peak
[2018.06.08-09.34.13:118][  0]LogMemory: Process Virtual Memory: 264.77 MB used, 264.77 MB peak
[2018.06.08-09.34.13:118][  0]LogMemory: Physical Memory: 6027.69 MB used,  2062.83 MB free, 8090.52 MB total
[2018.06.08-09.34.13:118][  0]LogMemory: Virtual Memory: 4794.24 MB used,  2062.83 MB free, 134217728.00 MB total
[2018.06.08-09.34.13:320][  0]LogInit: Using OS detected language (en-US).
[2018.06.08-09.34.13:321][  0]LogInit: Using OS detected locale (en-US).
[2018.06.08-09.34.13:337][  0]LogTextLocalizationManager: No specific localization for 'en-US' exists, so the 'en' localization will be used.
[2018.06.08-09.34.13:868][  0]LogStreaming: Display: Took  0.550s to EndInitTextLocalization.
[2018.06.08-09.34.13:870][  0]LogInit: Setting process to per monitor DPI aware
[2018.06.08-09.34.13:943][  0]LogSlate: New Slate User Created.  User Index 0, Is Virtual User: 0
[2018.06.08-09.34.13:944][  0]LogSlate: Slate User Registered.  User Index 0, Is Virtual User: 0
[2018.06.08-09.34.14:473][  0]LogD3D11RHI: D3D11 adapters:
[2018.06.08-09.34.14:581][  0]LogD3D11RHI:    0. 'NVIDIA GeForce GTX 960M' (Feature Level 11_0)
[2018.06.08-09.34.14:581][  0]LogD3D11RHI:       2019/0/4045 MB DedicatedVideo/DedicatedSystem/SharedSystem, Outputs:1, VendorId:0x10de
[2018.06.08-09.34.14:611][  0]LogD3D11RHI:    1. 'Intel(R) HD Graphics 530' (Feature Level 11_0)
[2018.06.08-09.34.14:611][  0]LogD3D11RHI:       128/0/4045 MB DedicatedVideo/DedicatedSystem/SharedSystem, Outputs:0, VendorId:0x8086
[2018.06.08-09.34.14:622][  0]LogD3D11RHI:    2. 'Microsoft Basic Render Driver' (Feature Level 11_0)
[2018.06.08-09.34.14:622][  0]LogD3D11RHI:       0/0/4045 MB DedicatedVideo/DedicatedSystem/SharedSystem, Outputs:0, VendorId:0x1414
[2018.06.08-09.34.14:622][  0]LogD3D11RHI: Chosen D3D11 Adapter: 0
[2018.06.08-09.34.14:648][  0]LogD3D11RHI: Creating new Direct3DDevice
[2018.06.08-09.34.14:648][  0]LogD3D11RHI:     GPU DeviceId: 0x139b (for the marketing name, search the web for "GPU Device Id")
[2018.06.08-09.34.14:648][  0]LogWindows: EnumDisplayDevices:
[2018.06.08-09.34.14:649][  0]LogWindows:    0. 'Intel(R) HD Graphics 530' (P:1 D:1)
[2018.06.08-09.34.14:649][  0]LogWindows:    1. 'Intel(R) HD Graphics 530' (P:0 D:0)
[2018.06.08-09.34.14:650][  0]LogWindows:    2. 'Intel(R) HD Graphics 530' (P:0 D:0)
[2018.06.08-09.34.14:650][  0]LogWindows: DebugString: GetVideoDriverDetailsInvalid PrimaryIsNotTheChoosenAdapter GetVideoDriverDetailsInvalid PrimaryIsNotTheChoosenAdapter GetVideoDriverDetailsInvalid PrimaryIsNotTheChoosenAdapter FoundDriverCount:0 
[2018.06.08-09.34.14:650][  0]LogD3D11RHI:     Adapter Name: NVIDIA GeForce GTX 960M
[2018.06.08-09.34.14:651][  0]LogD3D11RHI:   Driver Version: Unknown (internal:Unknown, unified:Unknown)
[2018.06.08-09.34.14:651][  0]LogD3D11RHI:      Driver Date: Unknown
[2018.06.08-09.34.14:651][  0]LogRHI: Texture pool is 1413 MB (70% of 2019 MB)
[2018.06.08-09.34.14:687][  0]LogD3D11RHI: [Aftermath] Aftermath enabled but failed to initialize
[2018.06.08-09.34.14:688][  0]LogD3D11RHI: [Aftermath] Aftermath enabled and primed
[2018.06.08-09.34.14:688][  0]LogD3D11RHI: Async texture creation enabled
[2018.06.08-09.34.14:711][  0]LogD3D11RHI: GPU Timing Frequency: 1000.000000 (Debug: 2 1)
[2018.06.08-09.34.14:721][  0]LogShaderCompilers: Guid format shader working directory is 6 characters bigger than the processId version (../../../../../SpareTime/Unreal/FPS/FPS/Intermediate/Shaders/WorkingDirectory/15576/).
[2018.06.08-09.34.14:722][  0]LogShaderCompilers: Cleaned the shader compiler working directory 'C:/Users/tomco/AppData/Local/Temp/UnrealShaderWorkingDir/169205A34A6BF6662F006F9CF59482AF/'.
[2018.06.08-09.34.15:009][  0]LogTemp: Display: Loaded TP AllDesktopTargetPlatform
[2018.06.08-09.34.15:030][  0]LogTemp: Display: Loaded TP MacClientTargetPlatform
[2018.06.08-09.34.15:047][  0]LogTemp: Display: Loaded TP MacNoEditorTargetPlatform
[2018.06.08-09.34.15:066][  0]LogTemp: Display: Loaded TP MacServerTargetPlatform
[2018.06.08-09.34.15:089][  0]LogTemp: Display: Loaded TP MacTargetPlatform
[2018.06.08-09.34.15:111][  0]LogTemp: Display: Loaded TP WindowsClientTargetPlatform
[2018.06.08-09.34.15:131][  0]LogTemp: Display: Loaded TP WindowsNoEditorTargetPlatform
[2018.06.08-09.34.15:150][  0]LogTemp: Display: Loaded TP WindowsServerTargetPlatform
[2018.06.08-09.34.15:162][  0]LogTemp: Display: Loaded TP WindowsTargetPlatform
[2018.06.08-09.34.15:179][  0]LogTemp: Display: Loaded TP Android_ASTCTargetPlatform
[2018.06.08-09.34.15:196][  0]LogTemp: Display: Loaded TP Android_ATCTargetPlatform
[2018.06.08-09.34.15:215][  0]LogTemp: Display: Loaded TP Android_DXTTargetPlatform
[2018.06.08-09.34.15:234][  0]LogTemp: Display: Loaded TP Android_ETC1aTargetPlatform
[2018.06.08-09.34.15:251][  0]LogTemp: Display: Loaded TP Android_ETC1TargetPlatform
[2018.06.08-09.34.15:268][  0]LogTemp: Display: Loaded TP Android_ETC2TargetPlatform
[2018.06.08-09.34.15:305][  0]LogTemp: Display: Loaded TP Android_MultiTargetPlatform
[2018.06.08-09.34.15:306][  0]LogTemp: Display: Loaded TP Android_PVRTCTargetPlatform
[2018.06.08-09.34.15:324][  0]LogTemp: Display: Loaded TP AndroidTargetPlatform
[2018.06.08-09.34.15:329][  0]LogTemp: Display: Loaded TP HTML5TargetPlatform
[2018.06.08-09.34.15:384][  0]LogTemp: Display: Loaded TP IOSTargetPlatform
[2018.06.08-09.34.15:401][  0]LogTemp: Display: Loaded TP TVOSTargetPlatform
[2018.06.08-09.34.15:418][  0]LogTemp: Display: Loaded TP LinuxClientTargetPlatform
[2018.06.08-09.34.15:441][  0]LogTemp: Display: Loaded TP LinuxNoEditorTargetPlatform
[2018.06.08-09.34.15:461][  0]LogTemp: Display: Loaded TP LinuxServerTargetPlatform
[2018.06.08-09.34.15:481][  0]LogTemp: Display: Loaded TP LinuxTargetPlatform
[2018.06.08-09.34.15:481][  0]LogTargetPlatformManager: Display: Building Assets For Windows
[2018.06.08-09.34.15:718][  0]LogXGEController: Cleaning working directory: C:/Users/tomco/AppData/Local/Temp/UnrealXGEWorkingDir/
[2018.06.08-09.34.15:719][  0]LogXGEController: Cannot use XGE Controller as Incredibuild is not installed on this machine.
[2018.06.08-09.34.15:719][  0]LogShaderCompilers: Cannot use XGE Shader Compiler as Incredibuild is not installed on this machine.
[2018.06.08-09.34.15:719][  0]LogShaderCompilers: Display: Using Local Shader Compiler.
[2018.06.08-09.34.16:628][  0]LogDerivedDataCache: Display: Max Cache Size: 512 MB
[2018.06.08-09.34.17:005][  0]LogDerivedDataCache: Loaded boot cache 0.38s 76MB C:/Users/tomco/AppData/Local/UnrealEngine/4.19/DerivedDataCache/Boot.ddc.
[2018.06.08-09.34.17:006][  0]LogDerivedDataCache: Display: Loaded Boot cache: C:/Users/tomco/AppData/Local/UnrealEngine/4.19/DerivedDataCache/Boot.ddc
[2018.06.08-09.34.17:006][  0]LogDerivedDataCache: FDerivedDataBackendGraph:  Pak pak cache file ../../../../../SpareTime/Unreal/FPS/FPS/DerivedDataCache/DDC.ddp not found, will not use a pak cache.
[2018.06.08-09.34.17:006][  0]LogDerivedDataCache: Unable to find inner node Pak for hierarchical cache Hierarchy.
[2018.06.08-09.34.17:006][  0]LogDerivedDataCache: FDerivedDataBackendGraph:  CompressedPak pak cache file ../../../../../SpareTime/Unreal/FPS/FPS/DerivedDataCache/Compressed.ddp not found, will not use a pak cache.
[2018.06.08-09.34.17:006][  0]LogDerivedDataCache: Unable to find inner node CompressedPak for hierarchical cache Hierarchy.
[2018.06.08-09.34.17:025][  0]LogDerivedDataCache: Display: Pak cache opened for reading ../../../Engine/DerivedDataCache/Compressed.ddp.
[2018.06.08-09.34.17:039][  0]LogDerivedDataCache: Using Local data cache path C:/Users/tomco/AppData/Local/UnrealEngine/Common/DerivedDataCache: Writable
[2018.06.08-09.34.17:039][  0]LogDerivedDataCache: Shared data cache path not found in *engine.ini, will not use an Shared cache.
[2018.06.08-09.34.17:039][  0]LogDerivedDataCache: Unable to find inner node Shared for hierarchical cache Hierarchy.
[2018.06.08-09.34.17:052][  0]LogMaterial: Verifying Global Shaders for PCD3D_SM5
[2018.06.08-09.34.17:055][  0]LogSlate: Using Freetype 2.6.0
[2018.06.08-09.34.17:058][  0]LogSlate: SlateFontCache - WITH_FREETYPE: 1, WITH_HARFBUZZ: 1
[2018.06.08-09.34.17:058][  0]LogSlate: SlateFontCache - WITH_FREETYPE: 1, WITH_HARFBUZZ: 1
[2018.06.08-09.34.17:553][  0]LogAssetRegistry: FAssetRegistry took 0.0328 seconds to start up
[2018.06.08-09.34.18:085][  0]LogInit: Selected Device Profile: [Windows]
[2018.06.08-09.34.18:294][  0]LogSimplygon: Simplygon DLL not present - disabling.
[2018.06.08-09.34.18:299][  0]LogMeshReduction: Using SimplygonSwarm for distributed automatic mesh merging
[2018.06.08-09.34.18:299][  0]LogMeshReduction: Using QuadricMeshReduction for automatic static mesh reduction
[2018.06.08-09.34.18:299][  0]LogMeshReduction: No automatic skeletal mesh reduction module available
[2018.06.08-09.34.18:299][  0]LogMeshReduction: No automatic mesh merging module available
[2018.06.08-09.34.18:299][  0]LogMeshMerging: No automatic mesh merging module available
[2018.06.08-09.34.18:340][  0]LogNetVersion: FPS , NetCL: 3944462, EngineNetVer: 2, GameNetVer: 0 (Checksum: 2326512385)
[2018.06.08-09.34.19:015][  0]LogPackageLocalizationCache: Processed 9 localized package path(s) for 2 prioritized culture(s) in 0.090369 seconds
[2018.06.08-09.34.19:022][  0]LogUObjectArray: 36728 objects as part of root set at end of initial load.
[2018.06.08-09.34.19:022][  0]LogUObjectAllocator: 7314312 out of 0 bytes used by permanent object pool.
[2018.06.08-09.34.19:022][  0]LogUObjectArray: CloseDisregardForGC: 0/0 objects in disregard for GC pool
[2018.06.08-09.34.22:556][  0]LogTcpMessaging: Initializing TcpMessaging bridge
[2018.06.08-09.34.22:590][  0]LogUdpMessaging: Initializing bridge on interface 0.0.0.0:0 to multicast group 230.0.0.1:6666.
[2018.06.08-09.34.23:066][  0]LogSkeletalMesh: Skeletal Mesh found in DDC [2.552493ms] /Game/Models/Player/Arms/Arms_SMG.Arms_SMG
[2018.06.08-09.34.23:102][  0]LogUObjectGlobals: Created PersistentFrame Addr=0x000002ec722b2390, Size=80, Default__BP_SMGAnim_C Function /Game/Animations/SMG/BP_SMGAnim.BP_SMGAnim_C:ExecuteUbergraph_BP_SMGAnim
[2018.06.08-09.34.23:118][  0]LogUObjectGlobals: Destroyed PersistentFrame Addr=0x000002ec722b2390, Size=80
[2018.06.08-09.34.23:118][  0]LogUObjectGlobals: Created PersistentFrame Addr=0x000002ec72c25df0, Size=80, Default__BP_SMGAnim_C Function /Engine/Transient.REINST_BP_SMGAnim_C_0:ExecuteUbergraph_BP_SMGAnim
[2018.06.08-09.34.23:138][  0]LogUObjectGlobals: Created PersistentFrame Addr=0x000002ec72b661b0, Size=80, Default__BP_SMGAnim_C Function /Game/Animations/SMG/BP_SMGAnim.BP_SMGAnim_C:ExecuteUbergraph_BP_SMGAnim
[2018.06.08-09.34.23:349][  0]SourceControl: Source control is disabled
[2018.06.08-09.34.23:349][  0]SourceControl: Source control is disabled
[2018.06.08-09.34.23:371][  0]SourceControl: Source control is disabled
[2018.06.08-09.34.23:394][  0]SourceControl: Source control is disabled
[2018.06.08-09.34.23:988][  0]LogAndroidPermission: UAndroidPermissionCallbackProxy::GetInstance
[2018.06.08-09.34.24:200][  0]LogOcInput: OculusInput pre-init called
[2018.06.08-09.34.25:489][  0]LogEngine: Initializing Engine...
[2018.06.08-09.34.25:554][  0]LogHMD: Failed to initialize OpenVR with code 126
[2018.06.08-09.34.25:556][  0]LogStats: UGameplayTagsManager::ConstructGameplayTagTree: Construct from data asset -  0.000 s
[2018.06.08-09.34.25:556][  0]LogStats: UGameplayTagsManager::ConstructGameplayTagTree: GameplayTagTreeChangedEvent.Broadcast -  0.000 s
[2018.06.08-09.34.25:968][  0]LogAIModule: Creating AISystem for world Untitled
[2018.06.08-09.34.26:022][  0]LogInit: XAudio2 using 'Luidsprekers (Conexant SmartAudio HD)' : 2 channels at 48 kHz using 32 bits per sample (channel mask 0x3)
[2018.06.08-09.34.26:076][  0]LogInit: FAudioDevice initialized.
[2018.06.08-09.34.26:179][  0]LogDerivedDataCache: Saved boot cache 0.10s 76MB C:/Users/tomco/AppData/Local/UnrealEngine/4.19/DerivedDataCache/Boot.ddc.
[2018.06.08-09.34.26:190][  0]LogInit: Texture streaming: Enabled
[2018.06.08-09.34.26:239][  0]LogEngineSessionManager: EngineSessionManager initialized
[2018.06.08-09.34.26:274][  0]LogInit: Transaction tracking system initialized
[2018.06.08-09.34.26:391][  0]BlueprintLog: New page: Editor Load
[2018.06.08-09.34.26:744][  0]LocalizationService: Localization service is disabled
[2018.06.08-09.34.27:023][  0]LogConsoleResponse: Display: 
[2018.06.08-09.34.27:341][  0]LogCook: Display: Max memory allowance for cook 16384mb min free memory 0mb
[2018.06.08-09.34.27:341][  0]LogCook: Display: Mobile HDR setting 1
[2018.06.08-09.34.27:341][  0]LogGameplayTags: Display: UGameplayTagsManager::DoneAddingNativeTags. DelegateIsBound: 0
[2018.06.08-09.34.27:341][  0]LogStats: UGameplayTagsManager::ConstructGameplayTagTree: Construct from data asset -  0.000 s
[2018.06.08-09.34.27:343][  0]LogStats: UGameplayTagsManager::ConstructGameplayTagTree: GameplayTagTreeChangedEvent.Broadcast -  0.000 s
[2018.06.08-09.34.27:590][  0]LogFileCache: Scanning file cache for directory 'D:/SpareTime/Unreal/FPS/FPS/Content/' took 0.02s
[2018.06.08-09.34.27:980][  0]SourceControl: Source control is disabled
[2018.06.08-09.34.27:983][  0]Cmd: MAP LOAD FILE="../../../../../SpareTime/Unreal/FPS/FPS/Content/Maps/AITestMap.umap" TEMPLATE=0 SHOWPROGRESS=1 FEATURELEVEL=3
[2018.06.08-09.34.27:986][  0]LightingResults: New page: Lighting Build
[2018.06.08-09.34.28:001][  0]MapCheck: New page: Map Check
[2018.06.08-09.34.28:002][  0]LightingResults: New page: Lighting Build
[2018.06.08-09.34.28:024][  0]LogUObjectGlobals: Destroyed PersistentFrame Addr=0x000002ec72c25df0, Size=80
[2018.06.08-09.34.28:133][  0]LogUObjectGlobals: Created PersistentFrame Addr=0x000002ec043c8448, Size=56, Default__BP_AssaultAIAnim_C Function /Game/Animations/AI/BP_AssaultAIAnim.BP_AssaultAIAnim_C:ExecuteUbergraph_BP_AssaultAIAnim
[2018.06.08-09.34.28:161][  0]LogUObjectGlobals: Destroyed PersistentFrame Addr=0x000002ec043c8448, Size=56
[2018.06.08-09.34.28:162][  0]LogUObjectGlobals: Created PersistentFrame Addr=0x000002ec08ce9d00, Size=56, Default__BP_AssaultAIAnim_C Function /Engine/Transient.REINST_BP_AssaultAIAnim_C_1:ExecuteUbergraph_BP_AssaultAIAnim
[2018.06.08-09.34.28:185][  0]LogUObjectGlobals: Created PersistentFrame Addr=0x000002ec08bbd948, Size=56, Default__BP_AssaultAIAnim_C Function /Game/Animations/AI/BP_AssaultAIAnim.BP_AssaultAIAnim_C:ExecuteUbergraph_BP_AssaultAIAnim
[2018.06.08-09.34.28:644][  0]LogSkeletalMesh: Skeletal Mesh found in DDC [21.161077ms] /Game/Animations/AnimStarterPack/UE4_Mannequin/Mesh/SK_Mannequin.SK_Mannequin
[2018.06.08-09.34.28:821][  0]LogAIModule: Creating AISystem for world AITestMap
[2018.06.08-09.34.28:912][  0]LogEditorServer: Finished looking for orphan Actors (0.000 secs)
[2018.06.08-09.34.28:940][  0]LogUObjectGlobals: Destroyed PersistentFrame Addr=0x000002ec08ce9d00, Size=56
[2018.06.08-09.34.28:946][  0]Cmd: MAP CHECKDEP NOCLEARLOG
[2018.06.08-09.34.29:004][  0]MapCheck: Map check complete: 0 Error(s), 0 Warning(s), took 57.592ms to complete.
[2018.06.08-09.34.29:005][  0]LogFileHelpers: Loading map 'AITestMap' took 1.023
[2018.06.08-09.34.29:361][  0]LogCollectionManager: Loaded 0 collections in 0.001016 seconds
[2018.06.08-09.34.29:418][  0]LogFileCache: Scanning file cache for directory 'D:/SpareTime/Unreal/FPS/FPS/Saved/Collections/' took 0.01s
[2018.06.08-09.34.29:418][  0]LogFileCache: Scanning file cache for directory 'D:/SpareTime/Unreal/FPS/FPS/Content/Developers/tomco/Collections/' took 0.01s
[2018.06.08-09.34.29:418][  0]LogFileCache: Scanning file cache for directory 'D:/SpareTime/Unreal/FPS/FPS/Content/Collections/' took 0.02s
[2018.06.08-09.34.29:418][  0]LogCollectionManager: Rebuilt the GUID cache for 0 collections in 0.000000 seconds
[2018.06.08-09.34.29:430][  0]LogContentBrowser: Native class hierarchy populated in 0.0112 seconds. Added 2471 classes and 565 folders.
[2018.06.08-09.34.29:442][  0]LogContentBrowser: Native class hierarchy updated for 'WidgetCarousel' in 0.0011 seconds. Added 0 classes and 0 folders.
[2018.06.08-09.34.29:692][  0]LogContentBrowser: Native class hierarchy updated for 'AddContentDialog' in 0.0010 seconds. Added 0 classes and 0 folders.
[2018.06.08-09.34.31:299][  0]LogSlate: Only BGRA pngs, bmps or icos are supported in by External Image Picker
[2018.06.08-09.34.31:352][  0]LogSlate: Took 0.002332 seconds to synchronously load lazily loaded font '../../../Engine/Content/Slate/Fonts/Roboto-Regular.ttf' (155K)
[2018.06.08-09.34.31:366][  0]LogSlate: Took 0.002395 seconds to synchronously load lazily loaded font '../../../Engine/Content/Slate/Fonts/Roboto-Bold.ttf' (160K)
[2018.06.08-09.34.31:393][  0]LogSlate: Took 0.001706 seconds to synchronously load lazily loaded font '../../../Engine/Content/Editor/Slate/Fonts/FontAwesome.ttf' (139K)
[2018.06.08-09.34.31:547][  0]LogTemp: Executing iPhonePackager certificates Engine -bundlename com.YourCompany.FPS
[2018.06.08-09.34.31:547][  0]LogTemp: CWD: D:\Epic Games\UE_4.19\Engine\Binaries\DotNET\IOS
[2018.06.08-09.34.31:547][  0]LogTemp: Initial Dir: D:\Epic Games\UE_4.19
[2018.06.08-09.34.31:547][  0]LogTemp: Env CWD: D:\Epic Games\UE_4.19\Engine\Binaries\DotNET\IOS
[2018.06.08-09.34.31:547][  0]LogTemp: BranchPath = TOM-LAPTOP/D/Epic Games/UE_4.19/Engine/Binaries --- GameBranchPath = TOM-LAPTOP/D/Epic Games/UE_4.19/Engine/Binaries
[2018.06.08-09.34.31:547][  0]LogTemp: IPP ERROR: Could not find provision directory 'C:\Users\tomco\AppData\Local/Apple Computer/MobileDevice/Provisioning Profiles/'.
[2018.06.08-09.34.31:548][  0]LogRenderer: Reallocating scene render targets to support 908x600 Format 10 NumSamples 1 (Frame:1).
[2018.06.08-09.34.31:831][  0]LogContentBrowser: Native class hierarchy updated for 'HierarchicalLODOutliner' in 0.0011 seconds. Added 0 classes and 0 folders.
[2018.06.08-09.34.31:832][  0]LogLoad: (Engine Initialization) Total time: 23.44 seconds
[2018.06.08-09.34.31:832][  0]LogLoad: (Engine Initialization) Total Blueprint compile time: 0.00 seconds
[2018.06.08-09.34.31:854][  0]LogWindowsTextInputMethodSystem: Display: IME system now deactivated.
[2018.06.08-09.34.31:890][  0]LogContentStreaming: Texture pool size now 1000 MB
[2018.06.08-09.34.31:936][  0]LogSlate: Took 0.002179 seconds to synchronously load lazily loaded font '../../../Engine/Content/Slate/Fonts/Roboto-Light.ttf' (167K)
[2018.06.08-09.34.32:011][  2]LogAssetRegistry: Asset discovery search completed in 14.4846 seconds
[2018.06.08-09.34.32:019][  2]LogCollectionManager: Rebuilt the object cache for 0 collections in 0.000000 seconds (found 0 objects)
[2018.06.08-09.34.32:019][  2]LogCollectionManager: Fixed up redirectors for 0 collections in 0.001076 seconds (updated 0 objects)
[2018.06.08-09.34.42:588][622]LogSlate: FSceneViewport::OnFocusLost() reason 0
[2018.06.08-09.34.42:627][625]LogTemp: Repeating last play command: Selected Viewport
[2018.06.08-09.34.42:646][625]LogPlayLevel: PlayLevel: No blueprints needed recompiling
[2018.06.08-09.34.42:657][625]PIE: New page: PIE session: AITestMap (Jun 8, 2018, 1:34:42 PM)
[2018.06.08-09.34.42:658][625]LogPlayLevel: Creating play world package: /Game/Maps/UEDPIE_0_AITestMap
[2018.06.08-09.34.42:665][625]LogPlayLevel: PIE: StaticDuplicateObject took: (0.006388s)
[2018.06.08-09.34.42:666][625]LogAIModule: Creating AISystem for world AITestMap
[2018.06.08-09.34.42:667][625]LogPlayLevel: PIE: World Init took: (0.001153s)
[2018.06.08-09.34.42:667][625]LogPlayLevel: PIE: Created PIE world by copying editor world from /Game/Maps/AITestMap.AITestMap to /Game/Maps/UEDPIE_0_AITestMap.AITestMap (0.008909s)
[2018.06.08-09.34.42:688][625]LogInit: XAudio2 using 'Luidsprekers (Conexant SmartAudio HD)' : 2 channels at 48 kHz using 32 bits per sample (channel mask 0x3)
[2018.06.08-09.34.42:726][625]LogInit: FAudioDevice initialized.
[2018.06.08-09.34.42:813][625]LogUObjectGlobals: Created PersistentFrame Addr=0x000002ec5c1a5fa0, Size=104, Default__BP_InGameGUI_C Function /Game/UI/Widgets/BP_InGameGUI.BP_InGameGUI_C:ExecuteUbergraph_BP_InGameGUI
[2018.06.08-09.34.42:834][625]LogUObjectGlobals: Destroyed PersistentFrame Addr=0x000002ec5c1a5fa0, Size=104
[2018.06.08-09.34.42:834][625]LogUObjectGlobals: Created PersistentFrame Addr=0x000002ec5c1a5fa0, Size=104, Default__BP_InGameGUI_C Function /Engine/Transient.REINST_BP_InGameGUI_C_0:ExecuteUbergraph_BP_InGameGUI
[2018.06.08-09.34.42:839][625]LogUObjectGlobals: Created PersistentFrame Addr=0x000002ec726eeb00, Size=104, Default__BP_InGameGUI_C Function /Game/UI/Widgets/BP_InGameGUI.BP_InGameGUI_C:ExecuteUbergraph_BP_InGameGUI
[2018.06.08-09.34.42:858][625]LogLoad: Game class is 'BP_FPSGameModeBase_C'
[2018.06.08-09.34.42:868][625]LogWorld: Bringing World /Game/Maps/UEDPIE_0_AITestMap.AITestMap up for play (max tick rate 60) at 2018.06.08-11.34.42
[2018.06.08-09.34.42:889][625]LogTemp: Warning: Run possess
[2018.06.08-09.34.42:889][625]LogWorld: Bringing up level for play took: 0.023283
[2018.06.08-09.34.42:909][625]LogContentBrowser: Native class hierarchy updated for 'MovieSceneCapture' in 0.0011 seconds. Added 11 classes and 0 folders.
[2018.06.08-09.34.42:913][625]LogOutputDevice: Error: Ensure condition failed: Component->HasBegunPlay() [File:D:\Build\++UE4+Release-4.19+Compile\Sync\Engine\Source\Runtime\Engine\Private\Actor.cpp] [Line: 3129] 
Failed to route BeginPlay (SMG /Game/Maps/UEDPIE_0_AITestMap.AITestMap:PersistentLevel.BP_FPSPlayer_C_0.CurrentWeaponMesh)

[2018.06.08-09.34.42:914][625]LogStats:             FDebug::EnsureFailed -  0.000 s
[2018.06.08-09.34.45:887][625]PIE: Play in editor start time for /Game/Maps/UEDPIE_0_AITestMap 3.036
[2018.06.08-09.34.47:637][654]LogUObjectGlobals: Destroyed PersistentFrame Addr=0x000002ec5c1a5fa0, Size=104
[2018.06.08-09.34.55:527][117]LogSlate: Took 0.000247 seconds to synchronously load lazily loaded font '../../../Engine/Content/Slate/Fonts/Roboto-Light.ttf' (167K)
[2018.06.08-09.34.55:553][117]LogLinker: Warning: Can't find file '/Game/Maps/Level1_BuiltData'
[2018.06.08-09.34.55:554][117]LogLinker: Warning: Can't find file for asset '/Game/Maps/Level1_BuiltData' while loading ../../../../../SpareTime/Unreal/FPS/FPS/Content/Maps/Level1.umap.
[2018.06.08-09.34.55:554][117]LoadErrors: Error: /Game/Maps/Level1 : Can't find file for asset. /Game/Maps/Level1_BuiltData
[2018.06.08-09.34.55:555][117]LogLinker: Warning: Can't find file '/Game/Maps/Level1_BuiltData'
[2018.06.08-09.34.55:555][117]LogLinker: Warning: Can't find file for asset '/Game/Maps/Level1_BuiltData' while loading ../../../../../SpareTime/Unreal/FPS/FPS/Content/Maps/Level1.umap.
[2018.06.08-09.34.56:638][117]LogLinker: Warning: Can't find file '/Game/Maps/Level1_BuiltData'
[2018.06.08-09.34.56:638][117]LoadErrors: Failed to load /Game/Maps/Level1_BuiltData.Level1_BuiltData Referenced by PersistentLevel
[2018.06.08-09.34.56:639][117]LogLinker: Warning: Can't find file for asset '/Game/Maps/Level1_BuiltData' while loading NULL.
[2018.06.08-09.34.57:331][117]LogAIModule: Creating AISystem for world Level1
[2018.06.08-09.34.57:384][117]Cmd: MAP LOAD FILE="../../../../../SpareTime/Unreal/FPS/FPS/Content/Maps/Level1.umap" TEMPLATE=0 SHOWPROGRESS=1 FEATURELEVEL=3
[2018.06.08-09.34.57:385][117]LightingResults: New page: Lighting Build
[2018.06.08-09.34.57:386][117]LoadErrors: New page: Loading map: Level1.umap
[2018.06.08-09.34.57:388][117]MapCheck: New page: Map Check
[2018.06.08-09.34.57:389][117]LightingResults: New page: Lighting Build
[2018.06.08-09.34.57:485][117]LogEditorServer: Finished looking for orphan Actors (0.000 secs)
[2018.06.08-09.34.57:525][117]Cmd: MAP CHECKDEP NOCLEARLOG
[2018.06.08-09.34.57:609][117]MapCheck: Map check complete: 0 Error(s), 0 Warning(s), took 83.857ms to complete.
[2018.06.08-09.34.57:612][117]LogFileHelpers: Loading map 'Level1' took 0.233
[2018.06.08-09.35.06:388][585]LogSlate: FSceneViewport::OnFocusLost() reason 0
[2018.06.08-09.35.07:981][678]LogOutputDevice: Error: Ensure condition failed: OutResult.ImpactNormal.IsNormalized() [File:D:\Build\++UE4+Release-4.19+Compile\Sync\Engine\Source\Runtime\Engine\Private\Collision\CollisionConversions.cpp] [Line: 991] 


[2018.06.08-09.35.07:981][678]LogStats:             FDebug::EnsureFailed -  0.000 s
[2018.06.08-09.35.10:986][678]LogTemp: Warning: Cover Point Generator Tool: Succesfuly created cover points!
[2018.06.08-09.35.35:414][ 10]LogEditorViewport: Clicking on Actor (LMB): StaticMeshActor (pallet9)
[2018.06.08-09.35.37:577][125]LogSlate: FSceneViewport::OnFocusLost() reason 0
[2018.06.08-09.35.39:576][243]LogTemp: Warning: Cover Point Generator Tool: Succesfuly created cover points!
[2018.06.08-09.35.43:501][457]LogEditorViewport: Clicking on Actor (LMB): StaticMeshActor (pallet3)
[2018.06.08-09.35.45:445][562]LogSlate: FSceneViewport::OnFocusLost() reason 0
[2018.06.08-09.35.45:483][564]LogTemp: Warning: Cover Point Generator Tool: Succesfuly created cover points!
[2018.06.08-09.35.52:206][911]LogEditorViewport: Clicking on Actor (LMB): StaticMeshActor (pallet10)
[2018.06.08-09.35.53:335][958]LogSlate: FSceneViewport::OnFocusLost() reason 0
[2018.06.08-09.35.53:374][960]LogTemp: Warning: Cover Point Generator Tool: Succesfuly created cover points!
[2018.06.08-09.36.03:684][506]LogSlate: FSceneViewport::OnFocusLost() reason 0
[2018.06.08-09.36.03:732][509]LogSlate: Window 'CoverPointGenerator' being destroyed
[2018.06.08-09.36.03:740][509]LogSlate: Window 'CoverPointGenerator' being destroyed
[2018.06.08-09.36.04:936][575]LogSlate: FSceneViewport::OnFocusLost() reason 2
[2018.06.08-09.36.04:956][575]Cmd: OBJ SAVEPACKAGE PACKAGE="/Game/Maps/Level1" FILE="../../../../../SpareTime/Unreal/FPS/FPS/Content/Maps/Level1.umap" SILENT=true AUTOSAVING=false KEEPDIRTY=false
[2018.06.08-09.36.05:294][575]LogSavePackage: Save=313.90ms
[2018.06.08-09.36.05:294][575]LogSavePackage: Moving '../../../../../SpareTime/Unreal/FPS/FPS/Saved/Level1D71AA8494DBC2331828069A3CF0A2974.tmp' to '../../../../../SpareTime/Unreal/FPS/FPS/Content/Maps/Level1.umap'
[2018.06.08-09.36.05:305][575]LogSavePackage: Display: Finished SavePackage ../../../../../SpareTime/Unreal/FPS/FPS/Content/Maps/Level1.umap
[2018.06.08-09.36.07:712][705]LogSlate: FSceneViewport::OnFocusLost() reason 0
[2018.06.08-09.36.35:221][149]Cmd: CAMERA ALIGN ACTIVEVIEWPORTONLY
[2018.06.08-09.36.39:279][327]LogEditorViewport: Clicking on Actor (context menu): StaticMeshActor (Floor_400x446)
[2018.06.08-09.36.39:384][327]LogSlate: FSceneViewport::OnFocusLost() reason 2
[2018.06.08-09.36.40:497][387]LogEditorViewport: Clicking on Actor (LMB): BP_AssualtCharacter_C (BP_AssualtCharacter)
[2018.06.08-09.36.41:247][412]Cmd: CAMERA ALIGN ACTIVEVIEWPORTONLY
[2018.06.08-09.36.41:416][419]Cmd: CAMERA ALIGN ACTIVEVIEWPORTONLY
[2018.06.08-09.37.01:456][342]LogUObjectHash: Warning: Ambiguous search, could be BP_AssaultAIAnim_C /Game/Maps/Level1.Level1:PersistentLevel.BP_AssualtCharacter_40.CharacterMesh0.BP_AssaultAIAnim_C_1 or BP_AssaultAIAnim_C /Game/Maps/Level1.Level1:PersistentLevel.BP_AssualtCharacter_188.CharacterMesh0.BP_AssaultAIAnim_C_1
[2018.06.08-09.37.05:901][528]LogSlate: FSceneViewport::OnFocusLost() reason 0
[2018.06.08-09.37.52:429][650]LogSlate: FSceneViewport::OnFocusLost() reason 0
[2018.06.08-09.38.03:964][182]LogEditorViewport: Clicking on Actor (LMB): Actor (Actor)
[2018.06.08-09.38.11:482][526]LogSlate: FSceneViewport::OnFocusLost() reason 2
[2018.06.08-09.38.14:156][652]LogSlate: FSceneViewport::OnFocusLost() reason 2
[2018.06.08-09.38.21:894][ 10]LogEditorViewport: Clicking on Actor (LMB): BP_AssualtCharacter_C (BP_AssualtCharacter2)
[2018.06.08-09.38.26:064][170]LogSlate: FSceneViewport::OnFocusLost() reason 0
[2018.06.08-09.38.33:111][511]LogEditorViewport: Clicking on Actor (LMB): StaticMeshActor (Floor_400x430)
[2018.06.08-09.38.37:911][696]LogEditorViewport: Clicking on Actor (LMB): BP_AssualtCharacter_C (BP_AssualtCharacter2)
[2018.06.08-09.38.40:388][776]LogSlate: FSceneViewport::OnFocusLost() reason 0
[2018.06.08-09.38.44:129][922]LogSlate: Took 0.002319 seconds to synchronously load lazily loaded font '../../../Engine/Content/Slate/Fonts/Roboto-Italic.ttf' (157K)
[2018.06.08-09.38.50:717][240]Candidate modules for hot reload:
[2018.06.08-09.38.50:717][240]  FPS
[2018.06.08-09.38.50:717][240]Launching UnrealBuildTool... [D:/Epic Games/UE_4.19/Engine/Binaries/DotNET/UnrealBuildTool.exe FPS -ModuleWithSuffix=FPS,2136 Win64 Development -editorrecompile -canskiplink "D:/SpareTime/Unreal/FPS/FPS/FPS.uproject" ]
[2018.06.08-09.38.50:723][240]Warning: Starting HotReload took  0.0s.
[2018.06.08-09.39.03:808][829]CompilerResultsLog: New page: Compilation - Jun 8, 2018, 1:39:03 PM
[2018.06.08-09.39.03:809][829]CompilerResultsLog: Using 'git status' to determine working set for adaptive non-unity build.
[2018.06.08-09.39.03:809][829]CompilerResultsLog: Creating makefile for hot reloading FPS (ini files are newer than UBTMakefile)
[2018.06.08-09.39.03:809][829]CompilerResultsLog: Compiling game modules for hot reload
[2018.06.08-09.39.03:809][829]CompilerResultsLog: Target is up to date
[2018.06.08-09.39.03:809][829]CompilerResultsLog: Total build time: 12.74 seconds (NoActionsToExecute executor: 0.00 seconds)
[2018.06.08-09.39.03:810][829]LogMainFrame: MainFrame: Module compiling took 13.103 seconds
[2018.06.08-09.39.03:856][829]LogContentBrowser: Native class hierarchy populated in 0.0174 seconds. Added 2471 classes and 565 folders.
[2018.06.08-09.39.03:859][829]Display: HotReload took 13.2s.
[2018.06.08-09.39.04:379][853]LogTemp: Repeating last play command: Selected Viewport
[2018.06.08-09.39.04:401][853]LogPlayLevel: PlayLevel: No blueprints needed recompiling
[2018.06.08-09.39.04:401][853]PIE: New page: PIE session: Level1 (Jun 8, 2018, 1:39:04 PM)
[2018.06.08-09.39.04:402][853]LogPlayLevel: Creating play world package: /Game/Maps/UEDPIE_0_Level1
[2018.06.08-09.39.04:417][853]LogPlayLevel: PIE: StaticDuplicateObject took: (0.015033s)
[2018.06.08-09.39.04:418][853]LogAIModule: Creating AISystem for world Level1
[2018.06.08-09.39.04:419][853]LogPlayLevel: PIE: World Init took: (0.001600s)
[2018.06.08-09.39.04:419][853]LogPlayLevel: PIE: Created PIE world by copying editor world from /Game/Maps/Level1.Level1 to /Game/Maps/UEDPIE_0_Level1.Level1 (0.017443s)
[2018.06.08-09.39.04:448][853]LogInit: XAudio2 using 'Luidsprekers (Conexant SmartAudio HD)' : 2 channels at 48 kHz using 32 bits per sample (channel mask 0x3)
[2018.06.08-09.39.04:489][853]LogInit: FAudioDevice initialized.
[2018.06.08-09.39.04:534][853]LogLoad: Game class is 'BP_FPSGameModeBase_C'
[2018.06.08-09.39.04:549][853]LogWorld: Bringing World /Game/Maps/UEDPIE_0_Level1.Level1 up for play (max tick rate 60) at 2018.06.08-11.39.04
[2018.06.08-09.39.04:552][853]LogTemp: Warning: Run possess
[2018.06.08-09.39.04:553][853]LogTemp: Warning: Run possess
[2018.06.08-09.39.04:556][853]LogWorld: Bringing up level for play took: 0.019996
