Log file open, 05/27/18 12:11:11
LogWindows: Failed to load 'aqProf.dll' (GetLastError=126)
LogWindows: File 'aqProf.dll' does not exist
LogWindows: Failed to load 'VtuneApi.dll' (GetLastError=126)
LogWindows: File 'VtuneApi.dll' does not exist
LogWindows: Failed to load 'VtuneApi32e.dll' (GetLastError=126)
LogWindows: File 'VtuneApi32e.dll' does not exist
LogInit: Display: Running engine for game: FPS
LogPlatformFile: Not using cached read wrapper
LogInit: Display: RandInit(1350462172) SRandInit(1350462172).
LogInit: Read version file with build ID '3944462'
LogInit: Overriding engine version to CL 4033788, compatible CL 3944462
LogInit: Registered custom module enumerator with build ID '3944462'
LogTaskGraph: Started task graph with 5 named threads and 23 total threads with 3 sets of task threads.
LogStats: Stats thread started at 1.103744
LogD3D11RHI: Aftermath initialized
LogICUInternationalization: Display: ICU TimeZone Detection - Raw Offset: +1:00, Platform Override: ''
LogPluginManager: Mounting plugin Paper2D
LogPluginManager: Mounting plugin LiveLink
LogPluginManager: Mounting plugin LightPropagationVolume
LogPluginManager: Mounting plugin CLionSourceCodeAccess
LogPluginManager: Mounting plugin CodeLiteSourceCodeAccess
LogPluginManager: Mounting plugin GitSourceControl
LogPluginManager: Mounting plugin KDevelopSourceCodeAccess
LogPluginManager: Mounting plugin NullSourceCodeAccess
LogPluginManager: Mounting plugin PerforceSourceControl
LogPluginManager: Mounting plugin SubversionSourceControl
LogPluginManager: Mounting plugin UObjectPlugin
LogPluginManager: Mounting plugin VisualStudioCodeSourceCodeAccess
LogPluginManager: Mounting plugin VisualStudioSourceCodeAccess
LogPluginManager: Mounting plugin XCodeSourceCodeAccess
LogPluginManager: Mounting plugin AssetManagerEditor
LogPluginManager: Mounting plugin CryptoKeys
LogPluginManager: Mounting plugin DataValidation
LogPluginManager: Mounting plugin FacialAnimation
LogPluginManager: Mounting plugin GameplayTagsEditor
LogPluginManager: Mounting plugin MobileLauncherProfileWizard
LogPluginManager: Mounting plugin PluginBrowser
LogPluginManager: Mounting plugin SpeedTreeImporter
LogPluginManager: Mounting plugin DatasmithContent
LogPluginManager: Mounting plugin AlembicImporter
LogPluginManager: Mounting plugin CharacterAI
LogPluginManager: Mounting plugin HTML5Networking
LogPluginManager: Mounting plugin AndroidMedia
LogPluginManager: Mounting plugin AvfMedia
LogPluginManager: Mounting plugin ImgMedia
LogPluginManager: Mounting plugin LinearTimecode
LogPluginManager: Mounting plugin MediaCompositing
LogPluginManager: Mounting plugin MediaPlayerEditor
LogPluginManager: Mounting plugin WmfMedia
LogPluginManager: Mounting plugin TcpMessaging
LogPluginManager: Mounting plugin UdpMessaging
LogPluginManager: Mounting plugin ActorSequence
LogPluginManager: Mounting plugin LevelSequenceEditor
LogPluginManager: Mounting plugin MatineeToLevelSequence
LogPluginManager: Mounting plugin NetcodeUnitTest
LogPluginManager: Mounting plugin NUTUnrealEngine4
LogPluginManager: Mounting plugin OnlineSubsystemGooglePlay
LogPluginManager: Mounting plugin OnlineSubsystemIOS
LogPluginManager: Mounting plugin OnlineSubsystem
LogPluginManager: Mounting plugin OnlineSubsystemNull
LogPluginManager: Mounting plugin OnlineSubsystemUtils
LogPluginManager: Mounting plugin AndroidDeviceProfileSelector
LogPluginManager: Mounting plugin AndroidMoviePlayer
LogPluginManager: Mounting plugin AndroidPermission
LogPluginManager: Mounting plugin AppleARKit
LogPluginManager: Mounting plugin AppleMoviePlayer
LogPluginManager: Mounting plugin ArchVisCharacter
LogPluginManager: Mounting plugin AudioCapture
LogPluginManager: Mounting plugin CableComponent
LogPluginManager: Mounting plugin CustomMeshComponent
LogPluginManager: Mounting plugin ExampleDeviceProfileSelector
LogPluginManager: Mounting plugin GoogleCloudMessaging
LogPluginManager: Mounting plugin ImmediatePhysics
LogPluginManager: Mounting plugin IOSDeviceProfileSelector
LogPluginManager: Mounting plugin LinuxDeviceProfileSelector
LogPluginManager: Mounting plugin LocationServicesBPLibrary
LogPluginManager: Mounting plugin MobilePatchingUtils
LogPluginManager: Mounting plugin OculusVR
LogPluginManager: Plugin shader directory ../../../Engine/Plugins/Runtime/Oculus/OculusVR/Shaders found
LogPluginManager: Mapping shader source directory ../../../Engine/Plugins/Runtime/Oculus/OculusVR/Shaders to virtual directory /Plugin/OculusVR
LogPluginManager: Mounting plugin PhysXVehicles
LogPluginManager: Mounting plugin ProceduralMeshComponent
LogPluginManager: Mounting plugin RuntimePhysXCooking
LogPluginManager: Mounting plugin SteamVR
LogPluginManager: Mounting plugin WindowsMoviePlayer
LogStreaming: Display: Took  0.185s to configure plugins.
LogModuleManager: Display: Found up-to-date module file ../../../../../SpareTime/Unreal/FPS/FPS/Binaries/Win64/UE4Editor-FPS-1961.dll (API version 3944462).
LogModuleManager: Display: Found up-to-date module file ../../../Engine/Plugins/2D/Paper2D/Binaries/Win64/UE4Editor-Paper2D.dll (API version 3944462).
LogModuleManager: Display: Found up-to-date module file ../../../Engine/Plugins/2D/Paper2D/Binaries/Win64/UE4Editor-Paper2DEditor.dll (API version 3944462).
LogModuleManager: Display: Found up-to-date module file ../../../Engine/Plugins/2D/Paper2D/Binaries/Win64/UE4Editor-PaperSpriteSheetImporter.dll (API version 3944462).
LogModuleManager: Display: Found up-to-date module file ../../../Engine/Plugins/2D/Paper2D/Binaries/Win64/UE4Editor-PaperTiledImporter.dll (API version 3944462).
LogModuleManager: Display: Found up-to-date module file ../../../Engine/Plugins/2D/Paper2D/Binaries/Win64/UE4Editor-SmartSnapping.dll (API version 3944462).
LogModuleManager: Display: Found up-to-date module file ../../../Engine/Plugins/Animation/LiveLink/Binaries/Win64/UE4Editor-LiveLink.dll (API version 3944462).
LogModuleManager: Display: Found up-to-date module file ../../../Engine/Plugins/Animation/LiveLink/Binaries/Win64/UE4Editor-LiveLinkEditor.dll (API version 3944462).
LogModuleManager: Display: Found up-to-date module file ../../../Engine/Plugins/Blendables/LightPropagationVolume/Binaries/Win64/UE4Editor-LightPropagationVolumeRuntime.dll (API version 3944462).
LogModuleManager: Display: Found up-to-date module file ../../../Engine/Plugins/Blendables/LightPropagationVolume/Binaries/Win64/UE4Editor-LightPropagationVolumeEditor.dll (API version 3944462).
LogModuleManager: Display: Found up-to-date module file ../../../Engine/Plugins/Developer/CLionSourceCodeAccess/Binaries/Win64/UE4Editor-CLionSourceCodeAccess.dll (API version 3944462).
LogModuleManager: Display: Found up-to-date module file ../../../Engine/Plugins/Developer/GitSourceControl/Binaries/Win64/UE4Editor-GitSourceControl.dll (API version 3944462).
LogModuleManager: Display: Found up-to-date module file ../../../Engine/Plugins/Developer/PerforceSourceControl/Binaries/Win64/UE4Editor-PerforceSourceControl.dll (API version 3944462).
LogModuleManager: Display: Found up-to-date module file ../../../Engine/Plugins/Developer/SubversionSourceControl/Binaries/Win64/UE4Editor-SubversionSourceControl.dll (API version 3944462).
LogModuleManager: Display: Found up-to-date module file ../../../Engine/Plugins/Developer/UObjectPlugin/Binaries/Win64/UE4Editor-UObjectPlugin.dll (API version 3944462).
LogModuleManager: Display: Found up-to-date module file ../../../Engine/Plugins/Developer/VisualStudioCodeSourceCodeAccess/Binaries/Win64/UE4Editor-VisualStudioCodeSourceCodeAccess.dll (API version 3944462).
LogModuleManager: Display: Found up-to-date module file ../../../Engine/Plugins/Developer/VisualStudioSourceCodeAccess/Binaries/Win64/UE4Editor-VisualStudioSourceCodeAccess.dll (API version 3944462).
LogModuleManager: Display: Found up-to-date module file ../../../Engine/Plugins/Editor/AssetManagerEditor/Binaries/Win64/UE4Editor-AssetManagerEditor.dll (API version 3944462).
LogModuleManager: Display: Found up-to-date module file ../../../Engine/Plugins/Editor/CryptoKeys/Binaries/Win64/UE4Editor-CryptoKeys.dll (API version 3944462).
LogModuleManager: Display: Found up-to-date module file ../../../Engine/Plugins/Editor/CryptoKeys/Binaries/Win64/UE4Editor-CryptoKeysOpenSSL.dll (API version 3944462).
LogModuleManager: Display: Found up-to-date module file ../../../Engine/Plugins/Editor/DataValidation/Binaries/Win64/UE4Editor-DataValidation.dll (API version 3944462).
LogModuleManager: Display: Found up-to-date module file ../../../Engine/Plugins/Editor/FacialAnimation/Binaries/Win64/UE4Editor-FacialAnimation.dll (API version 3944462).
LogModuleManager: Display: Found up-to-date module file ../../../Engine/Plugins/Editor/FacialAnimation/Binaries/Win64/UE4Editor-FacialAnimationEditor.dll (API version 3944462).
LogModuleManager: Display: Found up-to-date module file ../../../Engine/Plugins/Editor/GameplayTagsEditor/Binaries/Win64/UE4Editor-GameplayTagsEditor.dll (API version 3944462).
LogModuleManager: Display: Found up-to-date module file ../../../Engine/Plugins/Editor/MobileLauncherProfileWizard/Binaries/Win64/UE4Editor-MobileLauncherProfileWizard.dll (API version 3944462).
LogModuleManager: Display: Found up-to-date module file ../../../Engine/Plugins/Editor/PluginBrowser/Binaries/Win64/UE4Editor-PluginBrowser.dll (API version 3944462).
LogModuleManager: Display: Found up-to-date module file ../../../Engine/Plugins/Editor/SpeedTreeImporter/Binaries/Win64/UE4Editor-SpeedTreeImporter.dll (API version 3944462).
LogModuleManager: Display: Found up-to-date module file ../../../Engine/Plugins/Enterprise/DatasmithContent/Binaries/Win64/UE4Editor-DatasmithContent.dll (API version 3944462).
LogModuleManager: Display: Found up-to-date module file ../../../Engine/Plugins/Experimental/AlembicImporter/Binaries/Win64/UE4Editor-AlembicImporter.dll (API version 3944462).
LogModuleManager: Display: Found up-to-date module file ../../../Engine/Plugins/Experimental/AlembicImporter/Binaries/Win64/UE4Editor-AlembicLibrary.dll (API version 3944462).
LogModuleManager: Display: Found up-to-date module file ../../../Engine/Plugins/Experimental/CharacterAI/Binaries/Win64/UE4Editor-CharacterAI.dll (API version 3944462).
LogModuleManager: Display: Found up-to-date module file ../../../Engine/Plugins/Experimental/HTML5Networking/Binaries/Win64/UE4Editor-HTML5Networking.dll (API version 3944462).
LogModuleManager: Display: Found up-to-date module file ../../../Engine/Plugins/Media/AndroidMedia/Binaries/Win64/UE4Editor-AndroidMediaEditor.dll (API version 3944462).
LogModuleManager: Display: Found up-to-date module file ../../../Engine/Plugins/Media/AndroidMedia/Binaries/Win64/UE4Editor-AndroidMediaFactory.dll (API version 3944462).
LogModuleManager: Display: Found up-to-date module file ../../../Engine/Plugins/Media/AvfMedia/Binaries/Win64/UE4Editor-AvfMediaEditor.dll (API version 3944462).
LogModuleManager: Display: Found up-to-date module file ../../../Engine/Plugins/Media/AvfMedia/Binaries/Win64/UE4Editor-AvfMediaFactory.dll (API version 3944462).
LogModuleManager: Display: Found up-to-date module file ../../../Engine/Plugins/Media/AvfMedia/Binaries/Win64/UE4Editor-AvfMediaFactory.dll (API version 3944462).
LogModuleManager: Display: Found up-to-date module file ../../../Engine/Plugins/Media/ImgMedia/Binaries/Win64/UE4Editor-ImgMedia.dll (API version 3944462).
LogModuleManager: Display: Found up-to-date module file ../../../Engine/Plugins/Media/ImgMedia/Binaries/Win64/UE4Editor-ImgMediaEditor.dll (API version 3944462).
LogModuleManager: Display: Found up-to-date module file ../../../Engine/Plugins/Media/ImgMedia/Binaries/Win64/UE4Editor-ImgMediaFactory.dll (API version 3944462).
LogModuleManager: Display: Found up-to-date module file ../../../Engine/Plugins/Media/ImgMedia/Binaries/Win64/UE4Editor-ImgMediaFactory.dll (API version 3944462).
LogModuleManager: Display: Found up-to-date module file ../../../Engine/Plugins/Media/ImgMedia/Binaries/Win64/UE4Editor-OpenExrWrapper.dll (API version 3944462).
LogModuleManager: Display: Found up-to-date module file ../../../Engine/Plugins/Media/LinearTimecode/Binaries/Win64/UE4Editor-LinearTimecode.dll (API version 3944462).
LogModuleManager: Display: Found up-to-date module file ../../../Engine/Plugins/Media/MediaCompositing/Binaries/Win64/UE4Editor-MediaCompositing.dll (API version 3944462).
LogModuleManager: Display: Found up-to-date module file ../../../Engine/Plugins/Media/MediaCompositing/Binaries/Win64/UE4Editor-MediaCompositingEditor.dll (API version 3944462).
LogModuleManager: Display: Found up-to-date module file ../../../Engine/Plugins/Media/MediaPlayerEditor/Binaries/Win64/UE4Editor-MediaPlayerEditor.dll (API version 3944462).
LogModuleManager: Display: Found up-to-date module file ../../../Engine/Plugins/Media/WmfMedia/Binaries/Win64/UE4Editor-WmfMedia.dll (API version 3944462).
LogModuleManager: Display: Found up-to-date module file ../../../Engine/Plugins/Media/WmfMedia/Binaries/Win64/UE4Editor-WmfMediaEditor.dll (API version 3944462).
LogModuleManager: Display: Found up-to-date module file ../../../Engine/Plugins/Media/WmfMedia/Binaries/Win64/UE4Editor-WmfMediaFactory.dll (API version 3944462).
LogModuleManager: Display: Found up-to-date module file ../../../Engine/Plugins/Media/WmfMedia/Binaries/Win64/UE4Editor-WmfMediaFactory.dll (API version 3944462).
LogModuleManager: Display: Found up-to-date module file ../../../Engine/Plugins/Messaging/TcpMessaging/Binaries/Win64/UE4Editor-TcpMessaging.dll (API version 3944462).
LogModuleManager: Display: Found up-to-date module file ../../../Engine/Plugins/Messaging/UdpMessaging/Binaries/Win64/UE4Editor-UdpMessaging.dll (API version 3944462).
LogModuleManager: Display: Found up-to-date module file ../../../Engine/Plugins/MovieScene/ActorSequence/Binaries/Win64/UE4Editor-ActorSequence.dll (API version 3944462).
LogModuleManager: Display: Found up-to-date module file ../../../Engine/Plugins/MovieScene/LevelSequenceEditor/Binaries/Win64/UE4Editor-LevelSequenceEditor.dll (API version 3944462).
LogModuleManager: Display: Found up-to-date module file ../../../Engine/Plugins/MovieScene/MatineeToLevelSequence/Binaries/Win64/UE4Editor-MatineeToLevelSequence.dll (API version 3944462).
LogModuleManager: Display: Found up-to-date module file ../../../Engine/Plugins/NetcodeUnitTest/NetcodeUnitTest/Binaries/Win64/UE4Editor-NetcodeUnitTest.dll (API version 3944462).
LogModuleManager: Display: Found up-to-date module file ../../../Engine/Plugins/NetcodeUnitTest/NUTUnrealEngine4/Binaries/Win64/UE4Editor-NUTUnrealEngine4.dll (API version 3944462).
LogModuleManager: Display: Found up-to-date module file ../../../Engine/Plugins/Online/OnlineSubsystem/Binaries/Win64/UE4Editor-OnlineSubsystem.dll (API version 3944462).
LogModuleManager: Display: Found up-to-date module file ../../../Engine/Plugins/Online/OnlineSubsystemNull/Binaries/Win64/UE4Editor-OnlineSubsystemNull.dll (API version 3944462).
LogModuleManager: Display: Found up-to-date module file ../../../Engine/Plugins/Online/OnlineSubsystemUtils/Binaries/Win64/UE4Editor-OnlineSubsystemUtils.dll (API version 3944462).
LogModuleManager: Display: Found up-to-date module file ../../../Engine/Plugins/Online/OnlineSubsystemUtils/Binaries/Win64/UE4Editor-OnlineBlueprintSupport.dll (API version 3944462).
LogModuleManager: Display: Found up-to-date module file ../../../Engine/Plugins/Runtime/AndroidDeviceProfileSelector/Binaries/Win64/UE4Editor-AndroidDeviceProfileSelector.dll (API version 3944462).
LogModuleManager: Display: Found up-to-date module file ../../../Engine/Plugins/Runtime/AndroidPermission/Binaries/Win64/UE4Editor-AndroidPermission.dll (API version 3944462).
LogModuleManager: Display: Found up-to-date module file ../../../Engine/Plugins/Runtime/AppleARKit/Binaries/Win64/UE4Editor-AppleARKit.dll (API version 3944462).
LogModuleManager: Display: Found up-to-date module file ../../../Engine/Plugins/Runtime/ArchVisCharacter/Binaries/Win64/UE4Editor-ArchVisCharacter.dll (API version 3944462).
LogModuleManager: Display: Found up-to-date module file ../../../Engine/Plugins/Runtime/AudioCapture/Binaries/Win64/UE4Editor-AudioCapture.dll (API version 3944462).
LogModuleManager: Display: Found up-to-date module file ../../../Engine/Plugins/Runtime/AudioCapture/Binaries/Win64/UE4Editor-AudioCaptureEditor.dll (API version 3944462).
LogModuleManager: Display: Found up-to-date module file ../../../Engine/Plugins/Runtime/CableComponent/Binaries/Win64/UE4Editor-CableComponent.dll (API version 3944462).
LogModuleManager: Display: Found up-to-date module file ../../../Engine/Plugins/Runtime/CustomMeshComponent/Binaries/Win64/UE4Editor-CustomMeshComponent.dll (API version 3944462).
LogModuleManager: Display: Found up-to-date module file ../../../Engine/Plugins/Runtime/ExampleDeviceProfileSelector/Binaries/Win64/UE4Editor-ExampleDeviceProfileSelector.dll (API version 3944462).
LogModuleManager: Display: Found up-to-date module file ../../../Engine/Plugins/Runtime/ImmediatePhysics/Binaries/Win64/UE4Editor-ImmediatePhysics.dll (API version 3944462).
LogModuleManager: Display: Found up-to-date module file ../../../Engine/Plugins/Runtime/ImmediatePhysics/Binaries/Win64/UE4Editor-ImmediatePhysicsEditor.dll (API version 3944462).
LogModuleManager: Display: Found up-to-date module file ../../../Engine/Plugins/Runtime/LocationServicesBPLibrary/Binaries/Win64/UE4Editor-LocationServicesBPLibrary.dll (API version 3944462).
LogModuleManager: Display: Found up-to-date module file ../../../Engine/Plugins/Runtime/MobilePatchingUtils/Binaries/Win64/UE4Editor-MobilePatchingUtils.dll (API version 3944462).
LogModuleManager: Display: Found up-to-date module file ../../../Engine/Plugins/Runtime/Oculus/OculusVR/Binaries/Win64/UE4Editor-OculusHMD.dll (API version 3944462).
LogModuleManager: Display: Found up-to-date module file ../../../Engine/Plugins/Runtime/Oculus/OculusVR/Binaries/Win64/UE4Editor-OculusInput.dll (API version 3944462).
LogModuleManager: Display: Found up-to-date module file ../../../Engine/Plugins/Runtime/Oculus/OculusVR/Binaries/Win64/UE4Editor-OculusEditor.dll (API version 3944462).
LogModuleManager: Display: Found up-to-date module file ../../../Engine/Plugins/Runtime/PhysXVehicles/Binaries/Win64/UE4Editor-PhysXVehicles.dll (API version 3944462).
LogModuleManager: Display: Found up-to-date module file ../../../Engine/Plugins/Runtime/PhysXVehicles/Binaries/Win64/UE4Editor-PhysXVehiclesEditor.dll (API version 3944462).
LogModuleManager: Display: Found up-to-date module file ../../../Engine/Plugins/Runtime/ProceduralMeshComponent/Binaries/Win64/UE4Editor-ProceduralMeshComponent.dll (API version 3944462).
LogModuleManager: Display: Found up-to-date module file ../../../Engine/Plugins/Runtime/ProceduralMeshComponent/Binaries/Win64/UE4Editor-ProceduralMeshComponentEditor.dll (API version 3944462).
LogModuleManager: Display: Found up-to-date module file ../../../Engine/Plugins/Runtime/RuntimePhysXCooking/Binaries/Win64/UE4Editor-RuntimePhysXCooking.dll (API version 3944462).
LogModuleManager: Display: Found up-to-date module file ../../../Engine/Plugins/Runtime/Steam/SteamVR/Binaries/Win64/UE4Editor-SteamVR.dll (API version 3944462).
LogModuleManager: Display: Found up-to-date module file ../../../Engine/Plugins/Runtime/Steam/SteamVR/Binaries/Win64/UE4Editor-SteamVRController.dll (API version 3944462).
LogModuleManager: Display: Found up-to-date module file ../../../Engine/Plugins/Runtime/WindowsMoviePlayer/Binaries/Win64/UE4Editor-WindowsMoviePlayer.dll (API version 3944462).
LogInit: Using libcurl 7.47.1
LogInit:  - built for x86_64-pc-win32
LogInit:  - supports SSL with OpenSSL/1.0.2g
LogInit:  - supports HTTP deflate (compression) using libz 1.2.8
LogInit:  - other features:
LogInit:      CURL_VERSION_SSL
LogInit:      CURL_VERSION_LIBZ
LogInit:      CURL_VERSION_IPV6
LogInit:      CURL_VERSION_ASYNCHDNS
LogInit:      CURL_VERSION_LARGEFILE
LogInit:      CURL_VERSION_IDN
LogInit:  CurlRequestOptions (configurable via config and command line):
LogInit:  - bVerifyPeer = false  - Libcurl will NOT verify peer certificate
LogInit:  - bUseHttpProxy = false  - Libcurl will NOT use HTTP proxy
LogInit:  - bDontReuseConnections = false  - Libcurl will reuse connections
LogInit:  - CertBundlePath = nullptr  - Libcurl will use whatever was configured at build time.
LogInit:  - MaxHostConnections = 16  - Libcurl will limit the number of connections to a host
LogInit:  - LocalHostAddr = Default
LogInit: WinSock: version 1.1 (2.2), MaxSocks=32767, MaxUdp=65467
LogInit: WinSock: I am Tom-Laptop (192.168.1.87:0)
LogInit: Build: ++UE4+Release-4.19-CL-4033788
LogInit: Engine Version: 4.19.2-4033788+++UE4+Release-4.19
LogInit: Compatible Engine Version: 4.19.0-3944462+++UE4+Release-4.19
LogInit: Net CL: 3944462
LogDevObjectVersion: Number of dev versions registered: 18
LogDevObjectVersion:   Dev-Blueprints (B0D832E4-1F89-4F0D-ACCF-7EB736FD4AA2): 10
LogDevObjectVersion:   Dev-Build (E1C64328-A22C-4D53-A36C-8E866417BD8C): 0
LogDevObjectVersion:   Dev-Core (375EC13C-06E4-48FB-B500-84F0262A717E): 2
LogDevObjectVersion:   Dev-Editor (E4B068ED-F494-42E9-A231-DA0B2E46BB41): 23
LogDevObjectVersion:   Dev-Framework (CFFC743F-43B0-4480-9391-14DF171D2073): 33
LogDevObjectVersion:   Dev-Mobile (B02B49B5-BB20-44E9-A304-32B752E40360): 2
LogDevObjectVersion:   Dev-Networking (A4E4105C-59A1-49B5-A7C5-40C4547EDFEE): 0
LogDevObjectVersion:   Dev-Online (39C831C9-5AE6-47DC-9A44-9C173E1C8E7C): 0
LogDevObjectVersion:   Dev-Physics (78F01B33-EBEA-4F98-B9B4-84EACCB95AA2): 0
LogDevObjectVersion:   Dev-Platform (6631380F-2D4D-43E0-8009-CF276956A95A): 0
LogDevObjectVersion:   Dev-Rendering (12F88B9F-8875-4AFC-A67C-D90C383ABD29): 25
LogDevObjectVersion:   Dev-Sequencer (7B5AE74C-D270-4C10-A958-57980B212A5A): 6
LogDevObjectVersion:   Dev-VR (D7296918-1DD6-4BDD-9DE2-64A83CC13884): 1
LogDevObjectVersion:   Dev-LoadTimes (C2A15278-BFE7-4AFE-6C17-90FF531DF755): 1
LogDevObjectVersion:   Private-Geometry (6EACA3D4-40EC-4CC1-B786-8BED09428FC5): 2
LogDevObjectVersion:   Dev-AnimPhys (29E575DD-E0A3-4627-9D10-D276232CDCEA): 16
LogDevObjectVersion:   Dev-ReflectionCapture (6B266CEC-1EC7-4B8F-A30B-E4D90942FC07): 1
LogDevObjectVersion:   Dev-Automation (0DF73D61-A23F-47EA-B727-89E90C41499A): 1
LogInit: Compiled (64-bit): Apr 27 2018 02:06:57
LogInit: Compiled with Visual C++: 19.00.24215.01
LogInit: Build Configuration: Development
LogInit: Branch Name: ++UE4+Release-4.19
LogInit: Command Line:  
LogInit: Base Directory: D:/Epic Games/UE_4.19/Engine/Binaries/Win64/
LogInit: Installed Engine Build: 1
LogStreaming: Display: Took  0.002s to delete old logs.
LogInit: Presizing for max 8388607 objects, including 0 objects not considered by GC, pre-allocating 0 bytes for permanent pool.
LogInit: Object subsystem initialized
[2018.05.27-10.11.14:155][  0]LogInit: Selected Device Profile: [Windows]
[2018.05.27-10.11.14:155][  0]LogInit: Applying CVar settings loaded from the selected device profile: [Windows]
[2018.05.27-10.11.14:177][  0]LogInit: Computer: TOM-LAPTOP
[2018.05.27-10.11.14:177][  0]LogInit: User: tomco
[2018.05.27-10.11.14:177][  0]LogInit: CPU Page size=4096, Cores=4
[2018.05.27-10.11.14:177][  0]LogInit: High frequency timer resolution =2.531252 MHz
[2018.05.27-10.11.14:178][  0]LogMemory: Memory total: Physical=7.9GB (8GB approx)
[2018.05.27-10.11.14:178][  0]LogMemory: Platform Memory Stats for Windows
[2018.05.27-10.11.14:178][  0]LogMemory: Process Physical Memory: 275.05 MB used, 275.05 MB peak
[2018.05.27-10.11.14:178][  0]LogMemory: Process Virtual Memory: 266.02 MB used, 266.02 MB peak
[2018.05.27-10.11.14:178][  0]LogMemory: Physical Memory: 3685.45 MB used,  4405.07 MB free, 8090.52 MB total
[2018.05.27-10.11.14:178][  0]LogMemory: Virtual Memory: 4786.08 MB used,  4405.07 MB free, 134217728.00 MB total
[2018.05.27-10.11.14:738][  0]LogInit: Using OS detected language (en-US).
[2018.05.27-10.11.14:738][  0]LogInit: Using OS detected locale (en-US).
[2018.05.27-10.11.14:755][  0]LogTextLocalizationManager: No specific localization for 'en-US' exists, so the 'en' localization will be used.
[2018.05.27-10.11.15:313][  0]LogStreaming: Display: Took  0.575s to EndInitTextLocalization.
[2018.05.27-10.11.15:315][  0]LogInit: Setting process to per monitor DPI aware
[2018.05.27-10.11.15:404][  0]LogSlate: New Slate User Created.  User Index 0, Is Virtual User: 0
[2018.05.27-10.11.15:404][  0]LogSlate: Slate User Registered.  User Index 0, Is Virtual User: 0
[2018.05.27-10.11.15:984][  0]LogD3D11RHI: D3D11 adapters:
[2018.05.27-10.11.16:366][  0]LogD3D11RHI:    0. 'NVIDIA GeForce GTX 960M' (Feature Level 11_0)
[2018.05.27-10.11.16:366][  0]LogD3D11RHI:       2019/0/4045 MB DedicatedVideo/DedicatedSystem/SharedSystem, Outputs:1, VendorId:0x10de
[2018.05.27-10.11.16:377][  0]LogD3D11RHI:    1. 'Intel(R) HD Graphics 530' (Feature Level 11_0)
[2018.05.27-10.11.16:378][  0]LogD3D11RHI:       128/0/4045 MB DedicatedVideo/DedicatedSystem/SharedSystem, Outputs:0, VendorId:0x8086
[2018.05.27-10.11.16:381][  0]LogD3D11RHI:    2. 'Microsoft Basic Render Driver' (Feature Level 11_0)
[2018.05.27-10.11.16:381][  0]LogD3D11RHI:       0/0/4045 MB DedicatedVideo/DedicatedSystem/SharedSystem, Outputs:0, VendorId:0x1414
[2018.05.27-10.11.16:381][  0]LogD3D11RHI: Chosen D3D11 Adapter: 0
[2018.05.27-10.11.16:401][  0]LogD3D11RHI: Creating new Direct3DDevice
[2018.05.27-10.11.16:401][  0]LogD3D11RHI:     GPU DeviceId: 0x139b (for the marketing name, search the web for "GPU Device Id")
[2018.05.27-10.11.16:401][  0]LogWindows: EnumDisplayDevices:
[2018.05.27-10.11.16:402][  0]LogWindows:    0. 'Intel(R) HD Graphics 530' (P:1 D:1)
[2018.05.27-10.11.16:402][  0]LogWindows:    1. 'Intel(R) HD Graphics 530' (P:0 D:0)
[2018.05.27-10.11.16:402][  0]LogWindows:    2. 'Intel(R) HD Graphics 530' (P:0 D:0)
[2018.05.27-10.11.16:402][  0]LogWindows: DebugString: GetVideoDriverDetailsInvalid PrimaryIsNotTheChoosenAdapter GetVideoDriverDetailsInvalid PrimaryIsNotTheChoosenAdapter GetVideoDriverDetailsInvalid PrimaryIsNotTheChoosenAdapter FoundDriverCount:0 
[2018.05.27-10.11.16:402][  0]LogD3D11RHI:     Adapter Name: NVIDIA GeForce GTX 960M
[2018.05.27-10.11.16:402][  0]LogD3D11RHI:   Driver Version: Unknown (internal:Unknown, unified:Unknown)
[2018.05.27-10.11.16:402][  0]LogD3D11RHI:      Driver Date: Unknown
[2018.05.27-10.11.16:403][  0]LogRHI: Texture pool is 1413 MB (70% of 2019 MB)
[2018.05.27-10.11.16:441][  0]LogD3D11RHI: [Aftermath] Aftermath enabled but failed to initialize
[2018.05.27-10.11.16:441][  0]LogD3D11RHI: [Aftermath] Aftermath enabled and primed
[2018.05.27-10.11.16:441][  0]LogD3D11RHI: Async texture creation enabled
[2018.05.27-10.11.16:485][  0]LogD3D11RHI: GPU Timing Frequency: 1000.000000 (Debug: 2 1)
[2018.05.27-10.11.16:493][  0]LogShaderCompilers: Guid format shader working directory is 6 characters bigger than the processId version (../../../../../SpareTime/Unreal/FPS/FPS/Intermediate/Shaders/WorkingDirectory/13748/).
[2018.05.27-10.11.16:494][  0]LogShaderCompilers: Cleaned the shader compiler working directory 'C:/Users/tomco/AppData/Local/Temp/UnrealShaderWorkingDir/FFC3037C4613C3E0CDD93CB77C48857A/'.
[2018.05.27-10.11.16:916][  0]LogTemp: Display: Loaded TP AllDesktopTargetPlatform
[2018.05.27-10.11.16:936][  0]LogTemp: Display: Loaded TP MacClientTargetPlatform
[2018.05.27-10.11.16:950][  0]LogTemp: Display: Loaded TP MacNoEditorTargetPlatform
[2018.05.27-10.11.16:964][  0]LogTemp: Display: Loaded TP MacServerTargetPlatform
[2018.05.27-10.11.16:979][  0]LogTemp: Display: Loaded TP MacTargetPlatform
[2018.05.27-10.11.16:993][  0]LogTemp: Display: Loaded TP WindowsClientTargetPlatform
[2018.05.27-10.11.17:006][  0]LogTemp: Display: Loaded TP WindowsNoEditorTargetPlatform
[2018.05.27-10.11.17:023][  0]LogTemp: Display: Loaded TP WindowsServerTargetPlatform
[2018.05.27-10.11.17:035][  0]LogTemp: Display: Loaded TP WindowsTargetPlatform
[2018.05.27-10.11.17:052][  0]LogTemp: Display: Loaded TP Android_ASTCTargetPlatform
[2018.05.27-10.11.17:074][  0]LogTemp: Display: Loaded TP Android_ATCTargetPlatform
[2018.05.27-10.11.17:091][  0]LogTemp: Display: Loaded TP Android_DXTTargetPlatform
[2018.05.27-10.11.17:108][  0]LogTemp: Display: Loaded TP Android_ETC1aTargetPlatform
[2018.05.27-10.11.17:126][  0]LogTemp: Display: Loaded TP Android_ETC1TargetPlatform
[2018.05.27-10.11.17:142][  0]LogTemp: Display: Loaded TP Android_ETC2TargetPlatform
[2018.05.27-10.11.17:179][  0]LogTemp: Display: Loaded TP Android_MultiTargetPlatform
[2018.05.27-10.11.17:179][  0]LogTemp: Display: Loaded TP Android_PVRTCTargetPlatform
[2018.05.27-10.11.17:198][  0]LogTemp: Display: Loaded TP AndroidTargetPlatform
[2018.05.27-10.11.17:200][  0]LogTemp: Display: Loaded TP HTML5TargetPlatform
[2018.05.27-10.11.17:251][  0]LogTemp: Display: Loaded TP IOSTargetPlatform
[2018.05.27-10.11.17:263][  0]LogTemp: Display: Loaded TP TVOSTargetPlatform
[2018.05.27-10.11.17:277][  0]LogTemp: Display: Loaded TP LinuxClientTargetPlatform
[2018.05.27-10.11.17:298][  0]LogTemp: Display: Loaded TP LinuxNoEditorTargetPlatform
[2018.05.27-10.11.17:316][  0]LogTemp: Display: Loaded TP LinuxServerTargetPlatform
[2018.05.27-10.11.17:333][  0]LogTemp: Display: Loaded TP LinuxTargetPlatform
[2018.05.27-10.11.17:333][  0]LogTargetPlatformManager: Display: Building Assets For Windows
[2018.05.27-10.11.17:530][  0]LogXGEController: Cleaning working directory: C:/Users/tomco/AppData/Local/Temp/UnrealXGEWorkingDir/
[2018.05.27-10.11.17:530][  0]LogXGEController: Cannot use XGE Controller as Incredibuild is not installed on this machine.
[2018.05.27-10.11.17:531][  0]LogShaderCompilers: Cannot use XGE Shader Compiler as Incredibuild is not installed on this machine.
[2018.05.27-10.11.17:531][  0]LogShaderCompilers: Display: Using Local Shader Compiler.
[2018.05.27-10.11.18:665][  0]LogDerivedDataCache: Display: Max Cache Size: 512 MB
[2018.05.27-10.11.19:025][  0]LogDerivedDataCache: Loaded boot cache 0.36s 76MB C:/Users/tomco/AppData/Local/UnrealEngine/4.19/DerivedDataCache/Boot.ddc.
[2018.05.27-10.11.19:025][  0]LogDerivedDataCache: Display: Loaded Boot cache: C:/Users/tomco/AppData/Local/UnrealEngine/4.19/DerivedDataCache/Boot.ddc
[2018.05.27-10.11.19:025][  0]LogDerivedDataCache: FDerivedDataBackendGraph:  Pak pak cache file ../../../../../SpareTime/Unreal/FPS/FPS/DerivedDataCache/DDC.ddp not found, will not use a pak cache.
[2018.05.27-10.11.19:025][  0]LogDerivedDataCache: Unable to find inner node Pak for hierarchical cache Hierarchy.
[2018.05.27-10.11.19:025][  0]LogDerivedDataCache: FDerivedDataBackendGraph:  CompressedPak pak cache file ../../../../../SpareTime/Unreal/FPS/FPS/DerivedDataCache/Compressed.ddp not found, will not use a pak cache.
[2018.05.27-10.11.19:025][  0]LogDerivedDataCache: Unable to find inner node CompressedPak for hierarchical cache Hierarchy.
[2018.05.27-10.11.19:049][  0]LogDerivedDataCache: Display: Pak cache opened for reading ../../../Engine/DerivedDataCache/Compressed.ddp.
[2018.05.27-10.11.19:062][  0]LogDerivedDataCache: Using Local data cache path C:/Users/tomco/AppData/Local/UnrealEngine/Common/DerivedDataCache: Writable
[2018.05.27-10.11.19:062][  0]LogDerivedDataCache: Shared data cache path not found in *engine.ini, will not use an Shared cache.
[2018.05.27-10.11.19:062][  0]LogDerivedDataCache: Unable to find inner node Shared for hierarchical cache Hierarchy.
[2018.05.27-10.11.19:081][  0]LogMaterial: Verifying Global Shaders for PCD3D_SM5
[2018.05.27-10.11.19:089][  0]LogSlate: Using Freetype 2.6.0
[2018.05.27-10.11.19:094][  0]LogSlate: SlateFontCache - WITH_FREETYPE: 1, WITH_HARFBUZZ: 1
[2018.05.27-10.11.19:094][  0]LogSlate: SlateFontCache - WITH_FREETYPE: 1, WITH_HARFBUZZ: 1
[2018.05.27-10.11.19:618][  0]LogAssetRegistry: FAssetRegistry took 0.0293 seconds to start up
[2018.05.27-10.11.20:135][  0]LogInit: Selected Device Profile: [Windows]
[2018.05.27-10.11.20:443][  0]LogSimplygon: Simplygon DLL not present - disabling.
[2018.05.27-10.11.20:452][  0]LogMeshReduction: Using SimplygonSwarm for distributed automatic mesh merging
[2018.05.27-10.11.20:453][  0]LogMeshReduction: Using QuadricMeshReduction for automatic static mesh reduction
[2018.05.27-10.11.20:453][  0]LogMeshReduction: No automatic skeletal mesh reduction module available
[2018.05.27-10.11.20:453][  0]LogMeshReduction: No automatic mesh merging module available
[2018.05.27-10.11.20:454][  0]LogMeshMerging: No automatic mesh merging module available
[2018.05.27-10.11.20:536][  0]LogNetVersion: FPS , NetCL: 3944462, EngineNetVer: 2, GameNetVer: 0 (Checksum: 2326512385)
[2018.05.27-10.11.21:578][  0]LogPackageLocalizationCache: Processed 9 localized package path(s) for 2 prioritized culture(s) in 0.107006 seconds
[2018.05.27-10.11.21:586][  0]LogUObjectArray: 36728 objects as part of root set at end of initial load.
[2018.05.27-10.11.21:586][  0]LogUObjectAllocator: 7314312 out of 0 bytes used by permanent object pool.
[2018.05.27-10.11.21:586][  0]LogUObjectArray: CloseDisregardForGC: 0/0 objects in disregard for GC pool
[2018.05.27-10.11.25:372][  0]LogTcpMessaging: Initializing TcpMessaging bridge
[2018.05.27-10.11.25:403][  0]LogUdpMessaging: Initializing bridge on interface 0.0.0.0:0 to multicast group 230.0.0.1:6666.
[2018.05.27-10.11.25:773][  0]LogSkeletalMesh: Skeletal Mesh found in DDC [2.447011ms] /Game/Models/Player/Arms/Arms_SMG.Arms_SMG
[2018.05.27-10.11.25:820][  0]LogUObjectGlobals: Created PersistentFrame Addr=0x000001cd5d5b1350, Size=80, Default__BP_SMGAnim_C Function /Game/Animations/SMG/BP_SMGAnim.BP_SMGAnim_C:ExecuteUbergraph_BP_SMGAnim
[2018.05.27-10.11.25:859][  0]LogUObjectGlobals: Destroyed PersistentFrame Addr=0x000001cd5d5b1350, Size=80
[2018.05.27-10.11.25:859][  0]LogUObjectGlobals: Created PersistentFrame Addr=0x000001cd5da72c50, Size=80, Default__BP_SMGAnim_C Function /Engine/Transient.REINST_BP_SMGAnim_C_0:ExecuteUbergraph_BP_SMGAnim
[2018.05.27-10.11.25:883][  0]LogUObjectGlobals: Created PersistentFrame Addr=0x000001cd5d9a6bb0, Size=80, Default__BP_SMGAnim_C Function /Game/Animations/SMG/BP_SMGAnim.BP_SMGAnim_C:ExecuteUbergraph_BP_SMGAnim
[2018.05.27-10.11.26:216][  0]SourceControl: Source control is disabled
[2018.05.27-10.11.26:216][  0]SourceControl: Source control is disabled
[2018.05.27-10.11.26:245][  0]SourceControl: Source control is disabled
[2018.05.27-10.11.26:272][  0]SourceControl: Source control is disabled
[2018.05.27-10.11.26:864][  0]LogAndroidPermission: UAndroidPermissionCallbackProxy::GetInstance
[2018.05.27-10.11.27:049][  0]LogOcInput: OculusInput pre-init called
[2018.05.27-10.11.27:200][  0]LogEngine: Initializing Engine...
[2018.05.27-10.11.27:302][  0]LogHMD: Failed to initialize OpenVR with code 126
[2018.05.27-10.11.27:308][  0]LogStats: UGameplayTagsManager::ConstructGameplayTagTree: Construct from data asset -  0.000 s
[2018.05.27-10.11.27:311][  0]LogStats: UGameplayTagsManager::ConstructGameplayTagTree: GameplayTagTreeChangedEvent.Broadcast -  0.000 s
[2018.05.27-10.11.27:792][  0]LogAIModule: Creating AISystem for world Untitled
[2018.05.27-10.11.27:816][  0]LogInit: XAudio2 using 'Luidsprekers (Conexant SmartAudio HD)' : 2 channels at 48 kHz using 32 bits per sample (channel mask 0x3)
[2018.05.27-10.11.27:935][  0]LogInit: FAudioDevice initialized.
[2018.05.27-10.11.28:037][  0]LogDerivedDataCache: Saved boot cache 0.10s 76MB C:/Users/tomco/AppData/Local/UnrealEngine/4.19/DerivedDataCache/Boot.ddc.
[2018.05.27-10.11.28:054][  0]LogInit: Texture streaming: Enabled
[2018.05.27-10.11.28:077][  0]LogEngineSessionManager: EngineSessionManager initialized
[2018.05.27-10.11.28:078][  0]LogEngineSessionManager: EngineSessionManager sent abnormal shutdown report. Type=Debugger, SessionId={7D9544F2-4263-AF4C-D7B7-88A47D698D7F}
[2018.05.27-10.11.28:078][  0]LogEngineSessionManager: EngineSessionManager sent abnormal shutdown report. Type=Debugger, SessionId={B1A150FE-4343-EC2C-6F9B-BA94170FBD79}
[2018.05.27-10.11.28:104][  0]LogWindowsTextInputMethodSystem: Display: IME system now deactivated.
[2018.05.27-10.11.28:162][  0]LogInit: Transaction tracking system initialized
[2018.05.27-10.11.28:448][  0]BlueprintLog: New page: Editor Load
[2018.05.27-10.11.28:699][  0]LocalizationService: Localization service is disabled
[2018.05.27-10.11.28:892][  0]LogConsoleResponse: Display: 
[2018.05.27-10.11.29:163][  0]LogCook: Display: Max memory allowance for cook 16384mb min free memory 0mb
[2018.05.27-10.11.29:163][  0]LogCook: Display: Mobile HDR setting 1
[2018.05.27-10.11.29:163][  0]LogGameplayTags: Display: UGameplayTagsManager::DoneAddingNativeTags. DelegateIsBound: 0
[2018.05.27-10.11.29:163][  0]LogStats: UGameplayTagsManager::ConstructGameplayTagTree: Construct from data asset -  0.000 s
[2018.05.27-10.11.29:163][  0]LogStats: UGameplayTagsManager::ConstructGameplayTagTree: GameplayTagTreeChangedEvent.Broadcast -  0.000 s
[2018.05.27-10.11.29:232][  0]LogFileCache: Scanning file cache for directory 'D:/SpareTime/Unreal/FPS/FPS/Content/' took 0.02s
[2018.05.27-10.11.29:747][  0]SourceControl: Source control is disabled
[2018.05.27-10.11.29:750][  0]Cmd: MAP LOAD FILE="../../../../../SpareTime/Unreal/FPS/FPS/Content/Maps/Level1.umap" TEMPLATE=0 SHOWPROGRESS=1 FEATURELEVEL=3
[2018.05.27-10.11.29:754][  0]LightingResults: New page: Lighting Build
[2018.05.27-10.11.29:763][  0]MapCheck: New page: Map Check
[2018.05.27-10.11.29:763][  0]LightingResults: New page: Lighting Build
[2018.05.27-10.11.29:782][  0]LogUObjectGlobals: Destroyed PersistentFrame Addr=0x000001cd5da72c50, Size=80
[2018.05.27-10.11.32:308][  0]LogAIModule: Creating AISystem for world Level1
[2018.05.27-10.11.32:350][  0]LogEditorServer: Finished looking for orphan Actors (0.000 secs)
[2018.05.27-10.11.32:383][  0]Cmd: MAP CHECKDEP NOCLEARLOG
[2018.05.27-10.11.32:466][  0]MapCheck: Map check complete: 0 Error(s), 0 Warning(s), took 83.216ms to complete.
[2018.05.27-10.11.32:466][  0]LogFileHelpers: Loading map 'Level1' took 2.719
[2018.05.27-10.11.32:789][  0]LogCollectionManager: Loaded 0 collections in 0.001170 seconds
[2018.05.27-10.11.32:877][  0]LogFileCache: Scanning file cache for directory 'D:/SpareTime/Unreal/FPS/FPS/Saved/Collections/' took 0.01s
[2018.05.27-10.11.32:877][  0]LogFileCache: Scanning file cache for directory 'D:/SpareTime/Unreal/FPS/FPS/Content/Developers/tomco/Collections/' took 0.01s
[2018.05.27-10.11.32:877][  0]LogFileCache: Scanning file cache for directory 'D:/SpareTime/Unreal/FPS/FPS/Content/Collections/' took 0.01s
[2018.05.27-10.11.32:877][  0]LogCollectionManager: Rebuilt the GUID cache for 0 collections in 0.000001 seconds
[2018.05.27-10.11.32:895][  0]LogContentBrowser: Native class hierarchy populated in 0.0156 seconds. Added 2462 classes and 562 folders.
[2018.05.27-10.11.32:911][  0]LogContentBrowser: Native class hierarchy updated for 'WidgetCarousel' in 0.0008 seconds. Added 0 classes and 0 folders.
[2018.05.27-10.11.33:165][  0]LogContentBrowser: Native class hierarchy updated for 'AddContentDialog' in 0.0010 seconds. Added 0 classes and 0 folders.
[2018.05.27-10.11.34:850][  0]LogSlate: Only BGRA pngs, bmps or icos are supported in by External Image Picker
[2018.05.27-10.11.34:876][  0]LogSlate: Took 0.001737 seconds to synchronously load lazily loaded font '../../../Engine/Content/Slate/Fonts/Roboto-Regular.ttf' (155K)
[2018.05.27-10.11.34:887][  0]LogSlate: Took 0.008019 seconds to synchronously load lazily loaded font '../../../Engine/Content/Slate/Fonts/Roboto-Bold.ttf' (160K)
[2018.05.27-10.11.34:899][  0]LogSlate: Took 0.003140 seconds to synchronously load lazily loaded font '../../../Engine/Content/Editor/Slate/Fonts/FontAwesome.ttf' (139K)
[2018.05.27-10.11.35:062][  0]LogTemp: Executing iPhonePackager certificates Engine -bundlename com.YourCompany.FPS
[2018.05.27-10.11.35:063][  0]LogTemp: CWD: D:\Epic Games\UE_4.19\Engine\Binaries\DotNET\IOS
[2018.05.27-10.11.35:063][  0]LogTemp: Initial Dir: D:\Epic Games\UE_4.19
[2018.05.27-10.11.35:063][  0]LogTemp: Env CWD: D:\Epic Games\UE_4.19\Engine\Binaries\DotNET\IOS
[2018.05.27-10.11.35:063][  0]LogTemp: BranchPath = TOM-LAPTOP/D/Epic Games/UE_4.19/Engine/Binaries --- GameBranchPath = TOM-LAPTOP/D/Epic Games/UE_4.19/Engine/Binaries
[2018.05.27-10.11.35:063][  0]LogTemp: IPP ERROR: Could not find provision directory 'C:\Users\tomco\AppData\Local/Apple Computer/MobileDevice/Provisioning Profiles/'.
[2018.05.27-10.11.35:063][  0]LogRenderer: Reallocating scene render targets to support 908x600 Format 10 NumSamples 1 (Frame:1).
[2018.05.27-10.11.35:236][  0]LogSlate: Took 0.002016 seconds to synchronously load lazily loaded font '../../../Engine/Content/Slate/Fonts/Roboto-Light.ttf' (167K)
[2018.05.27-10.11.35:357][  0]LogContentBrowser: Native class hierarchy updated for 'HierarchicalLODOutliner' in 0.0007 seconds. Added 0 classes and 0 folders.
[2018.05.27-10.11.35:358][  0]LogLoad: (Engine Initialization) Total time: 26.92 seconds
[2018.05.27-10.11.35:358][  0]LogLoad: (Engine Initialization) Total Blueprint compile time: 0.00 seconds
[2018.05.27-10.11.35:424][  0]LogContentStreaming: Texture pool size now 1000 MB
[2018.05.27-10.11.35:516][  1]LogAssetRegistry: Asset discovery search completed in 15.9200 seconds
[2018.05.27-10.11.35:524][  1]LogCollectionManager: Rebuilt the object cache for 0 collections in 0.000001 seconds (found 0 objects)
[2018.05.27-10.11.35:525][  1]LogCollectionManager: Fixed up redirectors for 0 collections in 0.000222 seconds (updated 0 objects)
[2018.05.27-10.11.36:429][ 42]LogSlate: Took 0.000247 seconds to synchronously load lazily loaded font '../../../Engine/Content/Slate/Fonts/Roboto-Light.ttf' (167K)
[2018.05.27-10.11.49:738][829]LogSlate: FSceneViewport::OnFocusLost() reason 0
[2018.05.27-10.11.52:872][ 15]LogUObjectGlobals: Created PersistentFrame Addr=0x000001cd32c00180, Size=120, Default__RapidMoveTo_C Function /Game/TEMP/RapidMoveTo.RapidMoveTo_C:ExecuteUbergraph_RapidMoveTo
[2018.05.27-10.11.52:875][ 15]LogUObjectGlobals: Destroyed PersistentFrame Addr=0x000001cd32c00180, Size=120
[2018.05.27-10.11.52:875][ 15]LogUObjectGlobals: Created PersistentFrame Addr=0x000001cd32c00180, Size=120, Default__RapidMoveTo_C Function /Engine/Transient.REINST_RapidMoveTo_C_8:ExecuteUbergraph_RapidMoveTo
[2018.05.27-10.11.52:878][ 15]LogUObjectGlobals: Created PersistentFrame Addr=0x000001cd32c01280, Size=120, Default__RapidMoveTo_C Function /Game/TEMP/RapidMoveTo.RapidMoveTo_C:ExecuteUbergraph_RapidMoveTo
[2018.05.27-10.11.53:035][ 15]LogSkeletalMesh: Skeletal Mesh found in DDC [16.628136ms] /Game/Models/Enemy/Soldier.Soldier
[2018.05.27-10.11.53:070][ 15]LogAIModule: Creating AISystem for world AITestMap
[2018.05.27-10.11.53:089][ 15]LogUObjectGlobals: Destroyed PersistentFrame Addr=0x000001cd32c00180, Size=120
[2018.05.27-10.11.53:091][ 15]Cmd: MAP LOAD FILE="../../../../../SpareTime/Unreal/FPS/FPS/Content/Maps/AITestMap.umap" TEMPLATE=0 SHOWPROGRESS=1 FEATURELEVEL=3
[2018.05.27-10.11.53:092][ 15]LightingResults: New page: Lighting Build
[2018.05.27-10.11.53:092][ 15]LoadErrors: New page: Loading map: AITestMap.umap
[2018.05.27-10.11.53:095][ 15]MapCheck: New page: Map Check
[2018.05.27-10.11.53:095][ 15]LightingResults: New page: Lighting Build
[2018.05.27-10.11.53:170][ 15]LogEditorServer: Finished looking for orphan Actors (0.000 secs)
[2018.05.27-10.11.53:212][ 15]Cmd: MAP CHECKDEP NOCLEARLOG
[2018.05.27-10.11.53:281][ 15]MapCheck: Map check complete: 0 Error(s), 0 Warning(s), took 70.57ms to complete.
[2018.05.27-10.11.53:283][ 15]LogFileHelpers: Loading map 'AITestMap' took 0.194
[2018.05.27-10.23.52:767][808]LogHotReload: New module detected: UE4Editor-FPS-2663.dll
[2018.05.27-10.23.54:452][814]LogHotReload: Starting Hot-Reload from IDE
[2018.05.27-10.23.54:627][814]LogClass: Could not find existing class ArgoCheck in package /Script/FPS for HotReload, assuming new class
[2018.05.27-10.23.54:652][814]LogHotReload: Re-instancing ArgoCheck after hot-reload.
[2018.05.27-10.23.54:798][814]LogContentBrowser: Native class hierarchy updated for 'FPS' in 0.0014 seconds. Added 9 classes and 2 folders.
[2018.05.27-10.23.54:803][814]Display: HotReload successful (3 functions remapped  0 scriptstructs remapped)
[2018.05.27-10.23.54:975][814]LogContentBrowser: Native class hierarchy populated in 0.0253 seconds. Added 2462 classes and 562 folders.
[2018.05.27-10.23.54:985][814]Display: HotReload took  0.5s.
[2018.05.27-10.45.38:353][724]LogHotReload: New module detected: UE4Editor-FPS-7904.dll
[2018.05.27-10.45.39:380][728]LogHotReload: Starting Hot-Reload from IDE
[2018.05.27-10.45.39:432][728]LogClass: Could not find existing class RapidMoveTo in package /Script/FPS for HotReload, assuming new class
[2018.05.27-10.45.39:445][728]LogContentBrowser: Native class hierarchy updated for 'FPS' in 0.0008 seconds. Added 10 classes and 2 folders.
[2018.05.27-10.45.39:448][728]Display: HotReload successful (3 functions remapped  0 scriptstructs remapped)
[2018.05.27-10.45.39:512][728]LogContentBrowser: Native class hierarchy populated in 0.0157 seconds. Added 2463 classes and 562 folders.
[2018.05.27-10.45.39:516][728]Display: HotReload took  0.1s.
[2018.05.27-10.51.49:444][  4]LogTemp: Repeating last play command: Selected Viewport
[2018.05.27-10.51.49:490][  4]LogPlayLevel: PlayLevel: No blueprints needed recompiling
[2018.05.27-10.51.49:493][  4]PIE: New page: PIE session: AITestMap (May 27, 2018, 2:51:49 PM)
[2018.05.27-10.51.49:493][  4]LogPlayLevel: Creating play world package: /Game/Maps/UEDPIE_0_AITestMap
[2018.05.27-10.51.49:501][  4]LogPlayLevel: PIE: StaticDuplicateObject took: (0.007909s)
[2018.05.27-10.51.49:504][  4]LogAIModule: Creating AISystem for world AITestMap
[2018.05.27-10.51.49:505][  4]LogPlayLevel: PIE: World Init took: (0.003731s)
[2018.05.27-10.51.49:505][  4]LogPlayLevel: PIE: Created PIE world by copying editor world from /Game/Maps/AITestMap.AITestMap to /Game/Maps/UEDPIE_0_AITestMap.AITestMap (0.012030s)
[2018.05.27-10.51.49:529][  4]LogInit: XAudio2 using 'Luidsprekers (Conexant SmartAudio HD)' : 2 channels at 48 kHz using 32 bits per sample (channel mask 0x3)
[2018.05.27-10.51.49:568][  4]LogInit: FAudioDevice initialized.
[2018.05.27-10.51.49:636][  4]LogUObjectGlobals: Created PersistentFrame Addr=0x000001cd1ac7ff90, Size=104, Default__BP_InGameGUI_C Function /Game/UI/Widgets/BP_InGameGUI.BP_InGameGUI_C:ExecuteUbergraph_BP_InGameGUI
[2018.05.27-10.51.49:649][  4]LogUObjectGlobals: Destroyed PersistentFrame Addr=0x000001cd1ac7ff90, Size=104
[2018.05.27-10.51.49:649][  4]LogUObjectGlobals: Created PersistentFrame Addr=0x000001cd1ac7ff90, Size=104, Default__BP_InGameGUI_C Function /Engine/Transient.REINST_BP_InGameGUI_C_0:ExecuteUbergraph_BP_InGameGUI
[2018.05.27-10.51.49:653][  4]LogUObjectGlobals: Created PersistentFrame Addr=0x000001cd1ac7cb10, Size=104, Default__BP_InGameGUI_C Function /Game/UI/Widgets/BP_InGameGUI.BP_InGameGUI_C:ExecuteUbergraph_BP_InGameGUI
[2018.05.27-10.51.49:699][  4]LogLoad: Game class is 'BP_FPSGameModeBase_C'
[2018.05.27-10.51.49:704][  4]LogWorld: Bringing World /Game/Maps/UEDPIE_0_AITestMap.AITestMap up for play (max tick rate 0) at 2018.05.27-12.51.49
[2018.05.27-10.51.49:709][  4]LogTemp: Warning: Run possess
[2018.05.27-10.51.49:709][  4]LogWorld: Bringing up level for play took: 0.006441
[2018.05.27-10.51.49:763][  4]LogContentBrowser: Native class hierarchy updated for 'MovieSceneCapture' in 0.0008 seconds. Added 11 classes and 0 folders.
[2018.05.27-10.51.50:163][  4]LogStats: FPlatformStackWalk::StackWalkAndDump -  0.398 s
[2018.05.27-10.51.50:163][  4]LogOutputDevice: Error: === Handled ensure: ===
[2018.05.27-10.51.50:163][  4]LogOutputDevice: Error: 
[2018.05.27-10.51.50:163][  4]LogOutputDevice: Error: Ensure condition failed: Component->HasBegunPlay() [File:D:\Build\++UE4+Release-4.19+Compile\Sync\Engine\Source\Runtime\Engine\Private\Actor.cpp] [Line: 3129]
[2018.05.27-10.51.50:163][  4]LogOutputDevice: Error: Failed to route BeginPlay (SMG /Game/Maps/UEDPIE_0_AITestMap.AITestMap:PersistentLevel.BP_FPSPlayer_C_0.CurrentWeaponMesh)
[2018.05.27-10.51.50:163][  4]LogOutputDevice: Error: Stack: 
[2018.05.27-10.51.50:163][  4]LogOutputDevice: Error: [Callstack] 0x00000000FFEBB706 UE4Editor-Core.dll!UnknownFunction []
[2018.05.27-10.51.50:163][  4]LogOutputDevice: Error: [Callstack] 0x00000000FFC1AE3A UE4Editor-Core.dll!UnknownFunction []
[2018.05.27-10.51.50:163][  4]LogOutputDevice: Error: [Callstack] 0x00000000FFC2ECD6 UE4Editor-Core.dll!UnknownFunction []
[2018.05.27-10.51.50:164][  4]LogOutputDevice: Error: [Callstack] 0x00000000F8D0A2D5 UE4Editor-Engine.dll!UnknownFunction []
[2018.05.27-10.51.50:164][  4]LogOutputDevice: Error: [Callstack] 0x00000000361296EF UE4Editor-FPS-7904.dll!AFPSPlayer::BeginPlay() [d:\sparetime\unreal\fps\fps\source\fps\fpsplayer.cpp:39]
[2018.05.27-10.51.50:164][  4]LogOutputDevice: Error: [Callstack] 0x00000000F8D172FB UE4Editor-Engine.dll!UnknownFunction []
[2018.05.27-10.51.50:164][  4]LogOutputDevice: Error: [Callstack] 0x00000000F9FCAE33 UE4Editor-Engine.dll!UnknownFunction []
[2018.05.27-10.51.50:164][  4]LogOutputDevice: Error: [Callstack] 0x00000000F948F731 UE4Editor-Engine.dll!UnknownFunction []
[2018.05.27-10.51.50:164][  4]LogOutputDevice: Error: [Callstack] 0x00000000F9FB414E UE4Editor-Engine.dll!UnknownFunction []
[2018.05.27-10.51.50:164][  4]LogOutputDevice: Error: [Callstack] 0x00000000F94B443E UE4Editor-Engine.dll!UnknownFunction []
[2018.05.27-10.51.50:164][  4]LogOutputDevice: Error: [Callstack] 0x00000000FD4727E0 UE4Editor-UnrealEd.dll!UnknownFunction []
[2018.05.27-10.51.50:164][  4]LogOutputDevice: Error: [Callstack] 0x00000000FD491246 UE4Editor-UnrealEd.dll!UnknownFunction []
[2018.05.27-10.51.50:164][  4]LogOutputDevice: Error: [Callstack] 0x00000000FD4ABBEF UE4Editor-UnrealEd.dll!UnknownFunction []
[2018.05.27-10.51.50:164][  4]LogOutputDevice: Error: [Callstack] 0x00000000FCF1C961 UE4Editor-UnrealEd.dll!UnknownFunction []
[2018.05.27-10.51.50:164][  4]LogOutputDevice: Error: [Callstack] 0x00000000FD7B9626 UE4Editor-UnrealEd.dll!UnknownFunction []
[2018.05.27-10.51.50:164][  4]LogOutputDevice: Error: [Callstack] 0x00000000C3DF5EAC UE4Editor.exe!UnknownFunction []
[2018.05.27-10.51.50:164][  4]LogOutputDevice: Error: [Callstack] 0x00000000C3E06BD0 UE4Editor.exe!UnknownFunction []
[2018.05.27-10.51.50:164][  4]LogOutputDevice: Error: [Callstack] 0x00000000C3E06C4A UE4Editor.exe!UnknownFunction []
[2018.05.27-10.51.50:165][  4]LogOutputDevice: Error: [Callstack] 0x00000000C3E14177 UE4Editor.exe!UnknownFunction []
[2018.05.27-10.51.50:165][  4]LogOutputDevice: Error: [Callstack] 0x00000000C3E15B87 UE4Editor.exe!UnknownFunction []
[2018.05.27-10.51.50:165][  4]LogOutputDevice: Error: [Callstack] 0x000000003E033034 KERNEL32.DLL!UnknownFunction []
[2018.05.27-10.51.50:165][  4]LogOutputDevice: Error: [Callstack] 0x00000000408F1551 ntdll.dll!UnknownFunction []
[2018.05.27-10.51.50:165][  4]LogOutputDevice: Error: 
[2018.05.27-10.51.50:167][  4]LogStats:                SubmitErrorReport -  0.000 s
[2018.05.27-10.51.51:013][  4]LogStats:                    SendNewReport -  0.845 s
[2018.05.27-10.51.51:013][  4]LogStats:             FDebug::EnsureFailed -  1.247 s
[2018.05.27-10.51.51:015][  4]PIE: Play in editor start time for /Game/Maps/UEDPIE_0_AITestMap 1.982
[2018.05.27-10.51.52:434][ 90]LogUObjectGlobals: Destroyed PersistentFrame Addr=0x000001cd1ac7ff90, Size=104
[2018.05.27-10.52.01:299][322]LogSlate: Window 'FPS - Unreal Editor' being destroyed
[2018.05.27-10.52.01:709][323]Cmd: QUIT_EDITOR
[2018.05.27-10.52.02:407][323]LogWindowsTextInputMethodSystem: Display: IME system now deactivated.
[2018.05.27-10.52.02:432][323]LogSlate: Slate User Destroyed.  User Index 0, Is Virtual User: 0
[2018.05.27-10.52.02:435][323]LogExit: Preparing to exit.
[2018.05.27-10.52.03:457][323]LogDirectoryWatcher: A directory notification for 'D:/SpareTime/Unreal/FPS/FPS/Content/' was aborted.
[2018.05.27-10.52.03:661][323]LogUObjectGlobals: Destroyed PersistentFrame Addr=0x000001cd5d9a6bb0, Size=80
[2018.05.27-10.52.03:667][323]LogExit: Editor shut down
[2018.05.27-10.52.03:744][323]LogExit: Transaction tracking system shut down
[2018.05.27-10.52.03:748][323]LogUObjectGlobals: Destroyed PersistentFrame Addr=0x000001cd32c01280, Size=120
[2018.05.27-10.52.03:835][323]LogUObjectGlobals: Destroyed PersistentFrame Addr=0x000001cd1ac7cb10, Size=104
[2018.05.27-10.52.04:018][323]LogDirectoryWatcher: A directory notification for '../../../Engine/Content/' was aborted.
[2018.05.27-10.52.04:018][323]LogDirectoryWatcher: A directory notification for '../../../../../SpareTime/Unreal/FPS/FPS/Content/' was aborted.
[2018.05.27-10.52.04:018][323]LogDirectoryWatcher: A directory notification for '../../Plugins/2D/Paper2D/Content/' was aborted.
[2018.05.27-10.52.04:019][323]LogDirectoryWatcher: A directory notification for '../../Plugins/Enterprise/DatasmithContent/Content/' was aborted.
[2018.05.27-10.52.04:019][323]LogDirectoryWatcher: A directory notification for '../../Plugins/Media/MediaCompositing/Content/' was aborted.
[2018.05.27-10.52.04:019][323]LogDirectoryWatcher: A directory notification for '../../Plugins/Runtime/AppleARKit/Content/' was aborted.
[2018.05.27-10.52.04:019][323]LogDirectoryWatcher: A directory notification for '../../Plugins/Runtime/Oculus/OculusVR/Content/' was aborted.
[2018.05.27-10.52.04:019][323]LogDirectoryWatcher: A directory notification for '../../Plugins/Runtime/Steam/SteamVR/Content/' was aborted.
[2018.05.27-10.52.04:268][323]LogExit: Object subsystem successfully closed.
[2018.05.27-10.52.04:313][323]LogShaderCompilers: Display: Shaders left to compile 0
[2018.05.27-10.52.04:325][323]LogD3D11RHI: Shutdown
[2018.05.27-10.52.04:325][323]LogD3D11RHI: CleanupD3DDevice
[2018.05.27-10.52.04:332][323]LogD3D11RHI: ~FD3D11DynamicRHI
[2018.05.27-10.52.04:393][323]LogModuleManager: Shutting down and abandoning module MovieSceneCapture (582)
[2018.05.27-10.52.04:393][323]LogModuleManager: Shutting down and abandoning module FPS (580)
[2018.05.27-10.52.04:393][323]LogModuleManager: Shutting down and abandoning module HierarchicalLODOutliner (578)
[2018.05.27-10.52.04:394][323]LogModuleManager: Shutting down and abandoning module ExternalImagePicker (576)
[2018.05.27-10.52.04:394][323]LogModuleManager: Shutting down and abandoning module DesktopPlatform (574)
[2018.05.27-10.52.04:394][323]LogModuleManager: Shutting down and abandoning module AddContentDialog (572)
[2018.05.27-10.52.04:395][323]LogDirectoryWatcher: A directory notification for 'D:/Epic Games/UE_4.19/FeaturePacks/' was aborted.
[2018.05.27-10.52.04:402][323]LogModuleManager: Shutting down and abandoning module WidgetCarousel (571)
[2018.05.27-10.52.04:402][323]LogModuleManager: Shutting down and abandoning module EditorWidgets (568)
[2018.05.27-10.52.04:402][323]LogModuleManager: Shutting down and abandoning module CollectionManager (566)
[2018.05.27-10.52.04:403][323]LogDirectoryWatcher: A directory notification for 'D:/SpareTime/Unreal/FPS/FPS/Content/Collections/' was aborted.
[2018.05.27-10.52.04:404][323]LogDirectoryWatcher: A directory notification for 'D:/SpareTime/Unreal/FPS/FPS/Content/Developers/tomco/Collections/' was aborted.
[2018.05.27-10.52.04:404][323]LogDirectoryWatcher: A directory notification for 'D:/SpareTime/Unreal/FPS/FPS/Saved/Collections/' was aborted.
[2018.05.27-10.52.04:404][323]LogModuleManager: Shutting down and abandoning module SceneOutliner (564)
[2018.05.27-10.52.04:404][323]LogModuleManager: Shutting down and abandoning module StatsViewer (562)
[2018.05.27-10.52.04:405][323]LogModuleManager: Shutting down and abandoning module FoliageEdit (560)
[2018.05.27-10.52.04:405][323]LogModuleManager: Shutting down and abandoning module LandscapeEditor (558)
[2018.05.27-10.52.04:406][323]LogModuleManager: Shutting down and abandoning module MeshPaintMode (556)
[2018.05.27-10.52.04:407][323]LogModuleManager: Shutting down and abandoning module SceneDepthPickerMode (554)
[2018.05.27-10.52.04:407][323]LogModuleManager: Shutting down and abandoning module ActorPickerMode (552)
[2018.05.27-10.52.04:407][323]LogModuleManager: Shutting down and abandoning module GeometryMode (550)
[2018.05.27-10.52.04:407][323]LogModuleManager: Shutting down and abandoning module TextureAlignMode (548)
[2018.05.27-10.52.04:407][323]LogModuleManager: Shutting down and abandoning module BspMode (546)
[2018.05.27-10.52.04:408][323]LogModuleManager: Shutting down and abandoning module PIEPreviewDeviceProfileSelector (544)
[2018.05.27-10.52.04:408][323]LogModuleManager: Shutting down and abandoning module HardwareSurvey (542)
[2018.05.27-10.52.04:408][323]LogModuleManager: Shutting down and abandoning module SequenceRecorderSections (540)
[2018.05.27-10.52.04:408][323]LogModuleManager: Shutting down and abandoning module AutomationWorker (538)
[2018.05.27-10.52.04:408][323]LogModuleManager: Shutting down and abandoning module AudioCaptureEditor (536)
[2018.05.27-10.52.04:408][323]LogModuleManager: Shutting down and abandoning module SequenceRecorder (535)
[2018.05.27-10.52.04:409][323]LogModuleManager: Shutting down and abandoning module MatineeToLevelSequence (532)
[2018.05.27-10.52.04:409][323]LogModuleManager: Shutting down and abandoning module LevelSequenceEditor (530)
[2018.05.27-10.52.04:414][323]LogModuleManager: Shutting down and abandoning module PlacementMode (529)
[2018.05.27-10.52.04:414][323]LogModuleManager: Shutting down and abandoning module MaterialEditor (528)
[2018.05.27-10.52.04:419][323]LogModuleManager: Shutting down and abandoning module WmfMediaFactory (524)
[2018.05.27-10.52.04:419][323]LogModuleManager: Shutting down and abandoning module WmfMediaEditor (522)
[2018.05.27-10.52.04:419][323]LogModuleManager: Shutting down and abandoning module MediaPlayerEditor (520)
[2018.05.27-10.52.04:422][323]LogModuleManager: Shutting down and abandoning module OpenExrWrapper (518)
[2018.05.27-10.52.04:422][323]LogModuleManager: Shutting down and abandoning module ImgMediaFactory (516)
[2018.05.27-10.52.04:422][323]LogModuleManager: Shutting down and abandoning module ImgMediaEditor (514)
[2018.05.27-10.52.04:422][323]LogModuleManager: Shutting down and abandoning module AvfMediaFactory (512)
[2018.05.27-10.52.04:423][323]LogModuleManager: Shutting down and abandoning module AvfMediaEditor (510)
[2018.05.27-10.52.04:423][323]LogModuleManager: Shutting down and abandoning module AndroidMediaFactory (508)
[2018.05.27-10.52.04:423][323]LogModuleManager: Shutting down and abandoning module AndroidMediaEditor (506)
[2018.05.27-10.52.04:423][323]LogModuleManager: Shutting down and abandoning module CharacterAI (504)
[2018.05.27-10.52.04:423][323]LogModuleManager: Shutting down and abandoning module SmartSnapping (502)
[2018.05.27-10.52.04:423][323]LogModuleManager: Shutting down and abandoning module SessionServices (500)
[2018.05.27-10.52.04:423][323]LogModuleManager: Shutting down and abandoning module ViewportSnapping (498)
[2018.05.27-10.52.04:423][323]LogModuleManager: Shutting down and abandoning module ViewportInteraction (496)
[2018.05.27-10.52.04:423][323]LogModuleManager: Shutting down and abandoning module ClothPainter (494)
[2018.05.27-10.52.04:425][323]LogModuleManager: Shutting down and abandoning module SkeletalMeshEditor (493)
[2018.05.27-10.52.04:427][323]LogModuleManager: Shutting down and abandoning module LogVisualizer (490)
[2018.05.27-10.52.04:430][323]LogModuleManager: Shutting down and abandoning module IntroTutorials (488)
[2018.05.27-10.52.04:432][323]LogModuleManager: Shutting down and abandoning module GameProjectGeneration (487)
[2018.05.27-10.52.04:432][323]LogModuleManager: Shutting down and abandoning module IOSPlatformEditor (484)
[2018.05.27-10.52.04:432][323]LogModuleManager: Shutting down and abandoning module HTML5PlatformEditor (482)
[2018.05.27-10.52.04:432][323]LogModuleManager: Shutting down and abandoning module AndroidPlatformEditor (480)
[2018.05.27-10.52.04:432][323]LogModuleManager: Shutting down and abandoning module AndroidDeviceDetection (479)
[2018.05.27-10.52.05:149][323]LogModuleManager: Shutting down and abandoning module WindowsPlatformEditor (476)
[2018.05.27-10.52.05:149][323]LogModuleManager: Shutting down and abandoning module IOSRuntimeSettings (474)
[2018.05.27-10.52.05:150][323]LogModuleManager: Shutting down and abandoning module AndroidRuntimeSettings (472)
[2018.05.27-10.52.05:150][323]LogModuleManager: Shutting down and abandoning module InputBindingEditor (470)
[2018.05.27-10.52.05:150][323]LogModuleManager: Shutting down and abandoning module MergeActors (468)
[2018.05.27-10.52.05:151][323]LogModuleManager: Shutting down and abandoning module LocalizationDashboard (466)
[2018.05.27-10.52.05:152][323]LogModuleManager: Shutting down and abandoning module LocalizationService (465)
[2018.05.27-10.52.05:153][323]LogModuleManager: Shutting down and abandoning module HardwareTargeting (462)
[2018.05.27-10.52.05:153][323]LogModuleManager: Shutting down and abandoning module DeviceProfileEditor (460)
[2018.05.27-10.52.05:153][323]LogModuleManager: Shutting down and abandoning module UndoHistory (458)
[2018.05.27-10.52.05:153][323]LogModuleManager: Shutting down and abandoning module XmlParser (456)
[2018.05.27-10.52.05:153][323]LogModuleManager: Shutting down and abandoning module Blutility (454)
[2018.05.27-10.52.05:153][323]LogModuleManager: Shutting down and abandoning module ProjectSettingsViewer (452)
[2018.05.27-10.52.05:154][323]LogModuleManager: Shutting down and abandoning module ProjectTargetPlatformEditor (451)
[2018.05.27-10.52.05:154][323]LogModuleManager: Shutting down and abandoning module EditorSettingsViewer (448)
[2018.05.27-10.52.05:154][323]LogModuleManager: Shutting down and abandoning module SettingsEditor (446)
[2018.05.27-10.52.05:155][323]LogModuleManager: Shutting down and abandoning module ProjectLauncher (444)
[2018.05.27-10.52.05:155][323]LogModuleManager: Shutting down and abandoning module SessionFrontend (442)
[2018.05.27-10.52.05:156][323]LogModuleManager: Shutting down and abandoning module ProfilerClient (440)
[2018.05.27-10.52.05:156][323]LogModuleManager: Shutting down and abandoning module DeviceManager (438)
[2018.05.27-10.52.05:157][323]LogModuleManager: Shutting down and abandoning module TargetDeviceServices (437)
[2018.05.27-10.52.05:211][323]LogModuleManager: Shutting down and abandoning module AutomationController (434)
[2018.05.27-10.52.05:212][323]LogModuleManager: Shutting down and abandoning module AutomationWindow (432)
[2018.05.27-10.52.05:214][323]LogModuleManager: Shutting down and abandoning module Layers (430)
[2018.05.27-10.52.05:217][323]LogModuleManager: Shutting down and abandoning module ComponentVisualizers (428)
[2018.05.27-10.52.05:217][323]LogModuleManager: Shutting down and abandoning module DetailCustomizations (426)
[2018.05.27-10.52.05:217][323]LogModuleManager: Shutting down and abandoning module PackagesDialog (424)
[2018.05.27-10.52.05:219][323]LogModuleManager: Shutting down and abandoning module Persona (422)
[2018.05.27-10.52.05:221][323]LogModuleManager: Shutting down and abandoning module AdvancedPreviewScene (421)
[2018.05.27-10.52.05:221][323]LogModuleManager: Shutting down and abandoning module AnimGraph (419)
[2018.05.27-10.52.05:221][323]LogModuleManager: Shutting down and abandoning module Kismet (416)
[2018.05.27-10.52.05:222][323]LogModuleManager: Shutting down and abandoning module GraphEditor (414)
[2018.05.27-10.52.05:223][323]LogModuleManager: Shutting down and abandoning module ClassViewer (412)
[2018.05.27-10.52.05:223][323]LogModuleManager: Shutting down and abandoning module Toolbox (410)
[2018.05.27-10.52.05:223][323]LogModuleManager: Shutting down and abandoning module ModuleUI (408)
[2018.05.27-10.52.05:223][323]LogModuleManager: Shutting down and abandoning module MovieSceneTools (406)
[2018.05.27-10.52.05:225][323]LogModuleManager: Shutting down and abandoning module OutputLog (404)
[2018.05.27-10.52.05:225][323]LogModuleManager: Shutting down and abandoning module GammaUI (402)
[2018.05.27-10.52.05:226][323]LogModuleManager: Shutting down and abandoning module Documentation (400)
[2018.05.27-10.52.05:226][323]LogModuleManager: Shutting down and abandoning module MovieSceneTracks (398)
[2018.05.27-10.52.05:226][323]LogModuleManager: Shutting down and abandoning module MovieScene (396)
[2018.05.27-10.52.05:226][323]LogModuleManager: Shutting down and abandoning module StreamingPauseRendering (394)
[2018.05.27-10.52.05:226][323]LogModuleManager: Shutting down and abandoning module LauncherPlatform (392)
[2018.05.27-10.52.05:226][323]LogModuleManager: Shutting down and abandoning module AnalyticsET (390)
[2018.05.27-10.52.05:226][323]LogModuleManager: Shutting down and abandoning module PortalServices (388)
[2018.05.27-10.52.05:226][323]LogModuleManager: Shutting down and abandoning module PortalRpc (386)
[2018.05.27-10.52.05:226][323]LogModuleManager: Shutting down and abandoning module MessagingRpc (384)
[2018.05.27-10.52.05:226][323]LogModuleManager: Shutting down and abandoning module AIModule (382)
[2018.05.27-10.52.05:226][323]LogModuleManager: Shutting down and abandoning module GameplayDebugger (381)
[2018.05.27-10.52.05:226][323]LogModuleManager: Shutting down and abandoning module AITestSuite (379)
[2018.05.27-10.52.05:227][323]LogModuleManager: Shutting down and abandoning module ProfilerService (376)
[2018.05.27-10.52.05:259][323]LogModuleManager: Shutting down and abandoning module TaskGraph (374)
[2018.05.27-10.52.05:261][323]LogModuleManager: Shutting down and abandoning module SteamVRController (372)
[2018.05.27-10.52.05:261][323]LogModuleManager: Shutting down and abandoning module ProceduralMeshComponentEditor (370)
[2018.05.27-10.52.05:261][323]LogModuleManager: Shutting down and abandoning module ProceduralMeshComponent (368)
[2018.05.27-10.52.05:261][323]LogModuleManager: Shutting down and abandoning module OculusInput (366)
[2018.05.27-10.52.05:262][323]LogModuleManager: Shutting down and abandoning module MobilePatchingUtils (364)
[2018.05.27-10.52.05:262][323]LogModuleManager: Shutting down and abandoning module CustomMeshComponent (362)
[2018.05.27-10.52.05:262][323]LogModuleManager: Shutting down and abandoning module CableComponent (360)
[2018.05.27-10.52.05:262][323]LogModuleManager: Shutting down and abandoning module AudioCapture (358)
[2018.05.27-10.52.05:262][323]LogModuleManager: Shutting down and abandoning module ArchVisCharacter (356)
[2018.05.27-10.52.05:262][323]LogModuleManager: Shutting down and abandoning module AndroidPermission (354)
[2018.05.27-10.52.05:262][323]LogModuleManager: Shutting down and abandoning module NUTUnrealEngine4 (350)
[2018.05.27-10.52.05:262][323]LogModuleManager: Shutting down and abandoning module NetcodeUnitTest (348)
[2018.05.27-10.52.05:264][323]LogModuleManager: Shutting down and abandoning module MediaCompositingEditor (346)
[2018.05.27-10.52.05:264][323]LogModuleManager: Shutting down and abandoning module MediaCompositing (344)
[2018.05.27-10.52.05:264][323]LogModuleManager: Shutting down and abandoning module LinearTimecode (342)
[2018.05.27-10.52.05:264][323]LogModuleManager: Shutting down and abandoning module ImgMedia (340)
[2018.05.27-10.52.05:270][323]LogModuleManager: Shutting down and abandoning module HTML5Networking (338)
[2018.05.27-10.52.05:270][323]LogModuleManager: Shutting down and abandoning module AlembicImporter (336)
[2018.05.27-10.52.05:270][323]LogModuleManager: Shutting down and abandoning module AlembicLibrary (335)
[2018.05.27-10.52.05:270][323]LogModuleManager: Shutting down and abandoning module GeometryCache (334)
[2018.05.27-10.52.05:270][323]LogModuleManager: Shutting down and abandoning module GeometryCacheEd (333)
[2018.05.27-10.52.05:270][323]LogModuleManager: Shutting down and abandoning module DatasmithContent (328)
[2018.05.27-10.52.05:270][323]LogModuleManager: Shutting down and abandoning module SpeedTreeImporter (326)
[2018.05.27-10.52.05:270][323]LogModuleManager: Shutting down and abandoning module PluginBrowser (324)
[2018.05.27-10.52.05:273][323]LogModuleManager: Shutting down and abandoning module MobileLauncherProfileWizard (322)
[2018.05.27-10.52.05:274][323]LogModuleManager: Shutting down and abandoning module CryptoKeysOpenSSL (320)
[2018.05.27-10.52.05:274][323]LogModuleManager: Shutting down and abandoning module CryptoKeys (318)
[2018.05.27-10.52.05:274][323]LogModuleManager: Shutting down and abandoning module VisualStudioSourceCodeAccess (316)
[2018.05.27-10.52.05:274][323]LogModuleManager: Shutting down and abandoning module VisualStudioCodeSourceCodeAccess (314)
[2018.05.27-10.52.05:274][323]LogModuleManager: Shutting down and abandoning module UObjectPlugin (312)
[2018.05.27-10.52.05:274][323]LogModuleManager: Shutting down and abandoning module SubversionSourceControl (310)
[2018.05.27-10.52.05:275][323]LogModuleManager: Shutting down and abandoning module PerforceSourceControl (308)
[2018.05.27-10.52.05:277][323]LogModuleManager: Shutting down and abandoning module GitSourceControl (306)
[2018.05.27-10.52.05:278][323]LogModuleManager: Shutting down and abandoning module SourceControl (305)
[2018.05.27-10.52.05:279][323]LogModuleManager: Shutting down and abandoning module CLionSourceCodeAccess (302)
[2018.05.27-10.52.05:279][323]LogModuleManager: Shutting down and abandoning module LightPropagationVolumeEditor (300)
[2018.05.27-10.52.05:279][323]LogModuleManager: Shutting down and abandoning module PaperTiledImporter (298)
[2018.05.27-10.52.05:279][323]LogModuleManager: Shutting down and abandoning module PaperSpriteSheetImporter (296)
[2018.05.27-10.52.05:279][323]LogModuleManager: Shutting down and abandoning module Paper2DEditor (294)
[2018.05.27-10.52.05:281][323]LogModuleManager: Shutting down and abandoning module MeshPaint (293)
[2018.05.27-10.52.05:282][323]LogModuleManager: Shutting down and abandoning module RuntimePhysXCooking (288)
[2018.05.27-10.52.05:282][323]LogModuleManager: Shutting down and abandoning module PhysXVehiclesEditor (286)
[2018.05.27-10.52.05:282][323]LogModuleManager: Shutting down and abandoning module PhysXVehicles (284)
[2018.05.27-10.52.05:282][323]LogModuleManager: Shutting down and abandoning module OculusEditor (282)
[2018.05.27-10.52.05:282][323]LogModuleManager: Shutting down and abandoning module LocationServicesBPLibrary (280)
[2018.05.27-10.52.05:282][323]LogModuleManager: Shutting down and abandoning module ImmediatePhysicsEditor (278)
[2018.05.27-10.52.05:282][323]LogModuleManager: Shutting down and abandoning module ImmediatePhysics (276)
[2018.05.27-10.52.05:283][323]LogModuleManager: Shutting down and abandoning module ActorSequence (274)
[2018.05.27-10.52.05:283][323]LogModuleManager: Shutting down and abandoning module UdpMessaging (272)
[2018.05.27-10.52.05:384][323]LogModuleManager: Shutting down and abandoning module TcpMessaging (270)
[2018.05.27-10.52.05:484][323]LogModuleManager: Shutting down and abandoning module GameplayTagsEditor (268)
[2018.05.27-10.52.05:484][323]LogModuleManager: Shutting down and abandoning module FacialAnimationEditor (266)
[2018.05.27-10.52.05:484][323]LogModuleManager: Shutting down and abandoning module FacialAnimation (264)
[2018.05.27-10.52.05:484][323]LogModuleManager: Shutting down and abandoning module DataValidation (262)
[2018.05.27-10.52.05:484][323]LogModuleManager: Shutting down and abandoning module AssetManagerEditor (260)
[2018.05.27-10.52.05:485][323]LogModuleManager: Shutting down and abandoning module LevelEditor (259)
[2018.05.27-10.52.05:488][323]LogModuleManager: Shutting down and abandoning module PixelInspectorModule (258)
[2018.05.27-10.52.05:488][323]LogModuleManager: Shutting down and abandoning module CommonMenuExtensions (256)
[2018.05.27-10.52.05:488][323]LogModuleManager: Shutting down and abandoning module MainFrame (254)
[2018.05.27-10.52.05:489][323]LogModuleManager: Shutting down and abandoning module HotReload (253)
[2018.05.27-10.52.05:489][323]LogDirectoryWatcher: A directory notification for 'D:/SpareTime/Unreal/FPS/FPS/Binaries/Win64' was aborted.
[2018.05.27-10.52.05:489][323]LogModuleManager: Shutting down and abandoning module ContentBrowser (249)
[2018.05.27-10.52.05:490][323]LogModuleManager: Shutting down and abandoning module TreeMap (247)
[2018.05.27-10.52.05:491][323]LogModuleManager: Shutting down and abandoning module LightPropagationVolumeRuntime (244)
[2018.05.27-10.52.05:491][323]LogModuleManager: Shutting down and abandoning module LiveLinkEditor (242)
[2018.05.27-10.52.05:491][323]LogModuleManager: Shutting down and abandoning module LiveLink (240)
[2018.05.27-10.52.06:245][323]LogModuleManager: Shutting down and abandoning module Paper2D (238)
[2018.05.27-10.52.06:250][323]LogModuleManager: Shutting down and abandoning module WindowsMoviePlayer (236)
[2018.05.27-10.52.06:250][323]LogModuleManager: Shutting down and abandoning module WmfMedia (234)
[2018.05.27-10.52.06:256][323]LogModuleManager: Shutting down and abandoning module Media (233)
[2018.05.27-10.52.06:261][323]LogModuleManager: Shutting down and abandoning module PacketHandler (230)
[2018.05.27-10.52.06:261][323]LogModuleManager: Shutting down and abandoning module ClothingSystemEditor (228)
[2018.05.27-10.52.06:261][323]LogModuleManager: Shutting down and abandoning module ClothingSystemRuntime (226)
[2018.05.27-10.52.06:262][323]LogModuleManager: Shutting down and abandoning module MediaAssets (224)
[2018.05.27-10.52.06:262][323]LogModuleManager: Shutting down and abandoning module Overlay (222)
[2018.05.27-10.52.06:262][323]LogModuleManager: Shutting down and abandoning module OverlayEditor (221)
[2018.05.27-10.52.06:262][323]LogModuleManager: Shutting down and abandoning module VREditor (218)
[2018.05.27-10.52.06:264][323]LogModuleManager: Shutting down and abandoning module StringTableEditor (216)
[2018.05.27-10.52.06:264][323]LogModuleManager: Shutting down and abandoning module GameplayTasksEditor (214)
[2018.05.27-10.52.06:264][323]LogModuleManager: Shutting down and abandoning module BehaviorTreeEditor (212)
[2018.05.27-10.52.06:264][323]LogModuleManager: Shutting down and abandoning module FunctionalTesting (210)
[2018.05.27-10.52.06:264][323]LogModuleManager: Shutting down and abandoning module CollisionAnalyzer (208)
[2018.05.27-10.52.06:266][323]LogModuleManager: Shutting down and abandoning module WorkspaceMenuStructure (207)
[2018.05.27-10.52.06:266][323]LogModuleManager: Shutting down and abandoning module UMG (204)
[2018.05.27-10.52.06:266][323]LogModuleManager: Shutting down and abandoning module UMGEditor (203)
[2018.05.27-10.52.06:268][323]LogModuleManager: Shutting down and abandoning module Sequencer (202)
[2018.05.27-10.52.06:270][323]LogModuleManager: Shutting down and abandoning module MessageLog (199)
[2018.05.27-10.52.06:270][323]LogModuleManager: Shutting down and abandoning module SlateReflector (194)
[2018.05.27-10.52.06:273][323]LogModuleManager: Shutting down and abandoning module Slate (192)
[2018.05.27-10.52.06:273][323]LogModuleManager: Shutting down and abandoning module EditorStyle (190)
[2018.05.27-10.52.06:276][323]LogModuleManager: Shutting down and abandoning module MRMesh (188)
[2018.05.27-10.52.06:276][323]LogModuleManager: Shutting down and abandoning module SourceCodeAccess (186)
[2018.05.27-10.52.06:276][323]LogModuleManager: Shutting down and abandoning module HeadMountedDisplay (184)
[2018.05.27-10.52.06:276][323]LogModuleManager: Shutting down and abandoning module XAudio2 (182)
[2018.05.27-10.52.06:276][323]LogModuleManager: Shutting down and abandoning module Networking (180)
[2018.05.27-10.52.06:276][323]LogModuleManager: Shutting down and abandoning module Core (178)
[2018.05.27-10.52.06:276][323]LogModuleManager: Shutting down and abandoning module LevelSequence (176)
[2018.05.27-10.52.06:276][323]LogModuleManager: Shutting down and abandoning module KismetCompiler (174)
[2018.05.27-10.52.06:276][323]LogModuleManager: Shutting down and abandoning module MeshUtilities (172)
[2018.05.27-10.52.06:278][323]LogModuleManager: Shutting down and abandoning module MeshMergeUtilities (171)
[2018.05.27-10.52.06:278][323]LogModuleManager: Shutting down and abandoning module MeshReductionInterface (170)
[2018.05.27-10.52.06:278][323]LogModuleManager: Shutting down and abandoning module SimplygonSwarm (169)
[2018.05.27-10.52.06:278][323]LogModuleManager: Shutting down and abandoning module SimplygonMeshReduction (167)
[2018.05.27-10.52.06:279][323]LogModuleManager: Shutting down and abandoning module QuadricMeshReduction (165)
[2018.05.27-10.52.06:279][323]LogModuleManager: Shutting down and abandoning module MaterialBaking (161)
[2018.05.27-10.52.06:280][323]LogModuleManager: Shutting down and abandoning module DirectoryWatcher (157)
[2018.05.27-10.52.06:288][323]LogModuleManager: Shutting down and abandoning module DerivedDataCache (154)
[2018.05.27-10.52.06:295][323]LogDerivedDataCache: Shutdown
[2018.05.27-10.52.06:296][323]LogModuleManager: Shutting down and abandoning module XGEController (152)
[2018.05.27-10.52.06:296][323]LogXGEController: Cleaning working directory: C:/Users/tomco/AppData/Local/Temp/UnrealXGEWorkingDir/
[2018.05.27-10.52.06:296][323]LogModuleManager: Shutting down and abandoning module TargetPlatform (150)
[2018.05.27-10.52.06:296][323]LogModuleManager: Shutting down and abandoning module VulkanShaderFormat (149)
[2018.05.27-10.52.06:297][323]LogModuleManager: Shutting down and abandoning module ShaderFormatVectorVM (147)
[2018.05.27-10.52.06:298][323]LogModuleManager: Shutting down and abandoning module ShaderFormatOpenGL (145)
[2018.05.27-10.52.06:298][323]LogModuleManager: Shutting down and abandoning module ShaderFormatD3D (143)
[2018.05.27-10.52.06:298][323]LogModuleManager: Shutting down and abandoning module MetalShaderFormat (141)
[2018.05.27-10.52.06:299][323]LogModuleManager: Shutting down and abandoning module TextureFormatUncompressed (139)
[2018.05.27-10.52.06:299][323]LogModuleManager: Shutting down and abandoning module TextureFormatPVR (137)
[2018.05.27-10.52.06:299][323]LogModuleManager: Shutting down and abandoning module TextureFormatDXT (135)
[2018.05.27-10.52.06:299][323]LogModuleManager: Shutting down and abandoning module TextureFormatIntelISPCTexComp (133)
[2018.05.27-10.52.06:300][323]LogModuleManager: Shutting down and abandoning module TextureFormatASTC (131)
[2018.05.27-10.52.06:300][323]LogModuleManager: Shutting down and abandoning module ImageWrapper (130)
[2018.05.27-10.52.06:300][323]LogModuleManager: Shutting down and abandoning module TextureFormatAndroid (127)
[2018.05.27-10.52.06:300][323]LogModuleManager: Shutting down and abandoning module AudioFormatOpus (125)
[2018.05.27-10.52.06:300][323]LogModuleManager: Shutting down and abandoning module AudioFormatOgg (123)
[2018.05.27-10.52.06:300][323]LogModuleManager: Shutting down and abandoning module AudioFormatADPCM (121)
[2018.05.27-10.52.06:300][323]LogModuleManager: Shutting down and abandoning module LinuxTargetPlatform (119)
[2018.05.27-10.52.06:300][323]LogModuleManager: Shutting down and abandoning module LinuxServerTargetPlatform (117)
[2018.05.27-10.52.06:300][323]LogModuleManager: Shutting down and abandoning module LinuxNoEditorTargetPlatform (115)
[2018.05.27-10.52.06:300][323]LogModuleManager: Shutting down and abandoning module LinuxClientTargetPlatform (113)
[2018.05.27-10.52.06:300][323]LogModuleManager: Shutting down and abandoning module TVOSTargetPlatform (111)
[2018.05.27-10.52.06:300][323]LogModuleManager: Shutting down and abandoning module Messaging (109)
[2018.05.27-10.52.06:300][323]LogModuleManager: Shutting down and abandoning module IOSTargetPlatform (107)
[2018.05.27-10.52.06:300][323]LogModuleManager: Shutting down and abandoning module HTML5TargetPlatform (105)
[2018.05.27-10.52.06:300][323]LogModuleManager: Shutting down and abandoning module AndroidTargetPlatform (103)
[2018.05.27-10.52.06:300][323]LogModuleManager: Shutting down and abandoning module Android_PVRTCTargetPlatform (101)
[2018.05.27-10.52.06:300][323]LogModuleManager: Shutting down and abandoning module Android_MultiTargetPlatform (99)
[2018.05.27-10.52.06:300][323]LogModuleManager: Shutting down and abandoning module Android_ETC2TargetPlatform (97)
[2018.05.27-10.52.06:300][323]LogModuleManager: Shutting down and abandoning module Android_ETC1TargetPlatform (95)
[2018.05.27-10.52.06:300][323]LogModuleManager: Shutting down and abandoning module Android_ETC1aTargetPlatform (93)
[2018.05.27-10.52.06:300][323]LogModuleManager: Shutting down and abandoning module Android_DXTTargetPlatform (91)
[2018.05.27-10.52.06:300][323]LogModuleManager: Shutting down and abandoning module Android_ATCTargetPlatform (89)
[2018.05.27-10.52.06:300][323]LogModuleManager: Shutting down and abandoning module Android_ASTCTargetPlatform (87)
[2018.05.27-10.52.06:300][323]LogModuleManager: Shutting down and abandoning module WindowsTargetPlatform (85)
[2018.05.27-10.52.06:300][323]LogModuleManager: Shutting down and abandoning module WindowsServerTargetPlatform (83)
[2018.05.27-10.52.06:300][323]LogModuleManager: Shutting down and abandoning module WindowsNoEditorTargetPlatform (81)
[2018.05.27-10.52.06:300][323]LogModuleManager: Shutting down and abandoning module WindowsClientTargetPlatform (79)
[2018.05.27-10.52.06:300][323]LogModuleManager: Shutting down and abandoning module MacTargetPlatform (77)
[2018.05.27-10.52.06:300][323]LogModuleManager: Shutting down and abandoning module MacServerTargetPlatform (75)
[2018.05.27-10.52.06:300][323]LogModuleManager: Shutting down and abandoning module MacNoEditorTargetPlatform (73)
[2018.05.27-10.52.06:300][323]LogModuleManager: Shutting down and abandoning module MacClientTargetPlatform (71)
[2018.05.27-10.52.06:300][323]LogModuleManager: Shutting down and abandoning module AllDesktopTargetPlatform (69)
[2018.05.27-10.52.06:300][323]LogModuleManager: Shutting down and abandoning module InputCore (66)
[2018.05.27-10.52.06:300][323]LogModuleManager: Shutting down and abandoning module Settings (64)
[2018.05.27-10.52.06:300][323]LogModuleManager: Shutting down and abandoning module PhysXCooking (62)
[2018.05.27-10.52.06:300][323]LogModuleManager: Shutting down and abandoning module SteamVR (60)
[2018.05.27-10.52.06:300][323]LogModuleManager: Shutting down and abandoning module OculusHMD (58)
[2018.05.27-10.52.06:301][323]LogModuleManager: Shutting down and abandoning module ExampleDeviceProfileSelector (56)
[2018.05.27-10.52.06:301][323]LogModuleManager: Shutting down and abandoning module AppleARKit (54)
[2018.05.27-10.52.06:301][323]LogModuleManager: Shutting down and abandoning module AugmentedReality (51)
[2018.05.27-10.52.06:301][323]LogModuleManager: Shutting down and abandoning module OnlineBlueprintSupport (48)
[2018.05.27-10.52.06:301][323]LogModuleManager: Shutting down and abandoning module OnlineSubsystem (44)
[2018.05.27-10.52.06:304][323]LogModuleManager: Shutting down and abandoning module XMPP (43)
[2018.05.27-10.52.06:305][323]LogModuleManager: Shutting down and abandoning module HTTP (41)
[2018.05.27-10.52.06:306][323]LogHttp: Display: Http module shutting down, but needs to wait on 1 outstanding Http requests:
[2018.05.27-10.52.06:306][323]LogHttp: Display: 	verb=[POST] url=[https://datarouter.ol.epicgames.com/datarouter/api/v1/public/data?SessionID=%7B66FEF74C-418D-D5B3-8BF1-34BA61EF499E%7D&AppID=UEEditor.Rocket.Release&AppVersion=4.19.2-4033788%2B%2B%2BUE4%2BRelease-4.19&UserID=bb6bf6cc4afc96832538e5b1a421efee%7C5ab92ee991c446c5b0f18c9a8a0db87d%7C6dec6e47-2fc6-478b-9400-eaa7f3fbc3e3&AppEnvironment=datacollector-binary&UploadType=eteventstream] status=Processing
[2018.05.27-10.52.06:314][323]LogModuleManager: Shutting down and abandoning module SSL (40)
[2018.05.27-10.52.06:317][323]LogModuleManager: Shutting down and abandoning module AnimationModifiers (36)
[2018.05.27-10.52.06:318][323]LogModuleManager: Shutting down and abandoning module PropertyEditor (35)
[2018.05.27-10.52.06:318][323]LogModuleManager: Shutting down and abandoning module AudioEditor (32)
[2018.05.27-10.52.06:320][323]LogModuleManager: Shutting down and abandoning module TextureCompressor (30)
[2018.05.27-10.52.06:322][323]LogModuleManager: Shutting down and abandoning module ShaderCore (28)
[2018.05.27-10.52.06:322][323]LogModuleManager: Shutting down and abandoning module Landscape (26)
[2018.05.27-10.52.06:322][323]LogModuleManager: Shutting down and abandoning module SlateRHIRenderer (24)
[2018.05.27-10.52.06:329][323]LogModuleManager: Shutting down and abandoning module OpenGLDrv (22)
[2018.05.27-10.52.06:330][323]LogModuleManager: Shutting down and abandoning module D3D11RHI (20)
[2018.05.27-10.52.06:330][323]LogModuleManager: Shutting down and abandoning module AnimGraphRuntime (18)
[2018.05.27-10.52.06:331][323]LogModuleManager: Shutting down and abandoning module Renderer (16)
[2018.05.27-10.52.06:331][323]LogModuleManager: Shutting down and abandoning module Engine (14)
[2018.05.27-10.52.06:331][323]LogModuleManager: Shutting down and abandoning module CoreUObject (12)
[2018.05.27-10.52.06:331][323]LogModuleManager: Shutting down and abandoning module NetworkFile (10)
[2018.05.27-10.52.06:331][323]LogModuleManager: Shutting down and abandoning module CookedIterativeFile (8)
[2018.05.27-10.52.06:331][323]LogModuleManager: Shutting down and abandoning module StreamingFile (6)
[2018.05.27-10.52.06:332][323]LogModuleManager: Shutting down and abandoning module SandboxFile (4)
[2018.05.27-10.52.06:332][323]LogModuleManager: Shutting down and abandoning module PakFile (2)
[2018.05.27-10.52.06:343][323]LogExit: Exiting.
[2018.05.27-10.52.06:367][323]Log file closed, 05/27/18 12:52:06
