Log file open, 06/02/18 22:42:30
LogWindows: Failed to load 'aqProf.dll' (GetLastError=126)
LogWindows: File 'aqProf.dll' does not exist
LogWindows: Failed to load 'VtuneApi.dll' (GetLastError=126)
LogWindows: File 'VtuneApi.dll' does not exist
LogWindows: Failed to load 'VtuneApi32e.dll' (GetLastError=126)
LogWindows: File 'VtuneApi32e.dll' does not exist
LogInit: Display: Running engine for game: FPS
LogPlatformFile: Not using cached read wrapper
LogInit: Display: RandInit(721057417) SRandInit(721057418).
LogInit: Read version file with build ID '3944462'
LogInit: Overriding engine version to CL 4033788, compatible CL 3944462
LogInit: Registered custom module enumerator with build ID '3944462'
LogTaskGraph: Started task graph with 5 named threads and 23 total threads with 3 sets of task threads.
LogStats: Stats thread started at 5.365762
LogD3D11RHI: Aftermath initialized
LogICUInternationalization: Display: ICU TimeZone Detection - Raw Offset: +1:00, Platform Override: ''
LogPluginManager: Mounting plugin Paper2D
LogPluginManager: Mounting plugin LiveLink
LogPluginManager: Mounting plugin LightPropagationVolume
LogPluginManager: Mounting plugin CLionSourceCodeAccess
LogPluginManager: Mounting plugin CodeLiteSourceCodeAccess
LogPluginManager: Mounting plugin GitSourceControl
LogPluginManager: Mounting plugin KDevelopSourceCodeAccess
LogPluginManager: Mounting plugin NullSourceCodeAccess
LogPluginManager: Mounting plugin PerforceSourceControl
LogPluginManager: Mounting plugin SubversionSourceControl
LogPluginManager: Mounting plugin UObjectPlugin
LogPluginManager: Mounting plugin VisualStudioCodeSourceCodeAccess
LogPluginManager: Mounting plugin VisualStudioSourceCodeAccess
LogPluginManager: Mounting plugin XCodeSourceCodeAccess
LogPluginManager: Mounting plugin AssetManagerEditor
LogPluginManager: Mounting plugin CryptoKeys
LogPluginManager: Mounting plugin DataValidation
LogPluginManager: Mounting plugin FacialAnimation
LogPluginManager: Mounting plugin GameplayTagsEditor
LogPluginManager: Mounting plugin MobileLauncherProfileWizard
LogPluginManager: Mounting plugin PluginBrowser
LogPluginManager: Mounting plugin SpeedTreeImporter
LogPluginManager: Mounting plugin DatasmithContent
LogPluginManager: Mounting plugin AlembicImporter
LogPluginManager: Mounting plugin CharacterAI
LogPluginManager: Mounting plugin HTML5Networking
LogPluginManager: Mounting plugin AndroidMedia
LogPluginManager: Mounting plugin AvfMedia
LogPluginManager: Mounting plugin ImgMedia
LogPluginManager: Mounting plugin LinearTimecode
LogPluginManager: Mounting plugin MediaCompositing
LogPluginManager: Mounting plugin MediaPlayerEditor
LogPluginManager: Mounting plugin WmfMedia
LogPluginManager: Mounting plugin TcpMessaging
LogPluginManager: Mounting plugin UdpMessaging
LogPluginManager: Mounting plugin ActorSequence
LogPluginManager: Mounting plugin LevelSequenceEditor
LogPluginManager: Mounting plugin MatineeToLevelSequence
LogPluginManager: Mounting plugin NetcodeUnitTest
LogPluginManager: Mounting plugin NUTUnrealEngine4
LogPluginManager: Mounting plugin OnlineSubsystemGooglePlay
LogPluginManager: Mounting plugin OnlineSubsystemIOS
LogPluginManager: Mounting plugin OnlineSubsystem
LogPluginManager: Mounting plugin OnlineSubsystemNull
LogPluginManager: Mounting plugin OnlineSubsystemUtils
LogPluginManager: Mounting plugin AndroidDeviceProfileSelector
LogPluginManager: Mounting plugin AndroidMoviePlayer
LogPluginManager: Mounting plugin AndroidPermission
LogPluginManager: Mounting plugin AppleARKit
LogPluginManager: Mounting plugin AppleMoviePlayer
LogPluginManager: Mounting plugin ArchVisCharacter
LogPluginManager: Mounting plugin AudioCapture
LogPluginManager: Mounting plugin CableComponent
LogPluginManager: Mounting plugin CustomMeshComponent
LogPluginManager: Mounting plugin ExampleDeviceProfileSelector
LogPluginManager: Mounting plugin GoogleCloudMessaging
LogPluginManager: Mounting plugin ImmediatePhysics
LogPluginManager: Mounting plugin IOSDeviceProfileSelector
LogPluginManager: Mounting plugin LinuxDeviceProfileSelector
LogPluginManager: Mounting plugin LocationServicesBPLibrary
LogPluginManager: Mounting plugin MobilePatchingUtils
LogPluginManager: Mounting plugin OculusVR
LogPluginManager: Plugin shader directory ../../../Engine/Plugins/Runtime/Oculus/OculusVR/Shaders found
LogPluginManager: Mapping shader source directory ../../../Engine/Plugins/Runtime/Oculus/OculusVR/Shaders to virtual directory /Plugin/OculusVR
LogPluginManager: Mounting plugin PhysXVehicles
LogPluginManager: Mounting plugin ProceduralMeshComponent
LogPluginManager: Mounting plugin RuntimePhysXCooking
LogPluginManager: Mounting plugin SteamVR
LogPluginManager: Mounting plugin WindowsMoviePlayer
LogPluginManager: Mounting plugin CoverPointGenerator
LogStreaming: Display: Took  0.253s to configure plugins.
LogModuleManager: Display: Found up-to-date module file ../../../../../../../Projects/FPS/FPS/Binaries/Win64/UE4Editor-FPS.dll (API version 3944462).
LogModuleManager: Display: Found up-to-date module file ../../../Engine/Plugins/2D/Paper2D/Binaries/Win64/UE4Editor-Paper2D.dll (API version 3944462).
LogModuleManager: Display: Found up-to-date module file ../../../Engine/Plugins/2D/Paper2D/Binaries/Win64/UE4Editor-Paper2DEditor.dll (API version 3944462).
LogModuleManager: Display: Found up-to-date module file ../../../Engine/Plugins/2D/Paper2D/Binaries/Win64/UE4Editor-PaperSpriteSheetImporter.dll (API version 3944462).
LogModuleManager: Display: Found up-to-date module file ../../../Engine/Plugins/2D/Paper2D/Binaries/Win64/UE4Editor-PaperTiledImporter.dll (API version 3944462).
LogModuleManager: Display: Found up-to-date module file ../../../Engine/Plugins/2D/Paper2D/Binaries/Win64/UE4Editor-SmartSnapping.dll (API version 3944462).
LogModuleManager: Display: Found up-to-date module file ../../../Engine/Plugins/Animation/LiveLink/Binaries/Win64/UE4Editor-LiveLink.dll (API version 3944462).
LogModuleManager: Display: Found up-to-date module file ../../../Engine/Plugins/Animation/LiveLink/Binaries/Win64/UE4Editor-LiveLinkEditor.dll (API version 3944462).
LogModuleManager: Display: Found up-to-date module file ../../../Engine/Plugins/Blendables/LightPropagationVolume/Binaries/Win64/UE4Editor-LightPropagationVolumeRuntime.dll (API version 3944462).
LogModuleManager: Display: Found up-to-date module file ../../../Engine/Plugins/Blendables/LightPropagationVolume/Binaries/Win64/UE4Editor-LightPropagationVolumeEditor.dll (API version 3944462).
LogModuleManager: Display: Found up-to-date module file ../../../Engine/Plugins/Developer/CLionSourceCodeAccess/Binaries/Win64/UE4Editor-CLionSourceCodeAccess.dll (API version 3944462).
LogModuleManager: Display: Found up-to-date module file ../../../Engine/Plugins/Developer/GitSourceControl/Binaries/Win64/UE4Editor-GitSourceControl.dll (API version 3944462).
LogModuleManager: Display: Found up-to-date module file ../../../Engine/Plugins/Developer/PerforceSourceControl/Binaries/Win64/UE4Editor-PerforceSourceControl.dll (API version 3944462).
LogModuleManager: Display: Found up-to-date module file ../../../Engine/Plugins/Developer/SubversionSourceControl/Binaries/Win64/UE4Editor-SubversionSourceControl.dll (API version 3944462).
LogModuleManager: Display: Found up-to-date module file ../../../Engine/Plugins/Developer/UObjectPlugin/Binaries/Win64/UE4Editor-UObjectPlugin.dll (API version 3944462).
LogModuleManager: Display: Found up-to-date module file ../../../Engine/Plugins/Developer/VisualStudioCodeSourceCodeAccess/Binaries/Win64/UE4Editor-VisualStudioCodeSourceCodeAccess.dll (API version 3944462).
LogModuleManager: Display: Found up-to-date module file ../../../Engine/Plugins/Developer/VisualStudioSourceCodeAccess/Binaries/Win64/UE4Editor-VisualStudioSourceCodeAccess.dll (API version 3944462).
LogModuleManager: Display: Found up-to-date module file ../../../Engine/Plugins/Editor/AssetManagerEditor/Binaries/Win64/UE4Editor-AssetManagerEditor.dll (API version 3944462).
LogModuleManager: Display: Found up-to-date module file ../../../Engine/Plugins/Editor/CryptoKeys/Binaries/Win64/UE4Editor-CryptoKeys.dll (API version 3944462).
LogModuleManager: Display: Found up-to-date module file ../../../Engine/Plugins/Editor/CryptoKeys/Binaries/Win64/UE4Editor-CryptoKeysOpenSSL.dll (API version 3944462).
LogModuleManager: Display: Found up-to-date module file ../../../Engine/Plugins/Editor/DataValidation/Binaries/Win64/UE4Editor-DataValidation.dll (API version 3944462).
LogModuleManager: Display: Found up-to-date module file ../../../Engine/Plugins/Editor/FacialAnimation/Binaries/Win64/UE4Editor-FacialAnimation.dll (API version 3944462).
LogModuleManager: Display: Found up-to-date module file ../../../Engine/Plugins/Editor/FacialAnimation/Binaries/Win64/UE4Editor-FacialAnimationEditor.dll (API version 3944462).
LogModuleManager: Display: Found up-to-date module file ../../../Engine/Plugins/Editor/GameplayTagsEditor/Binaries/Win64/UE4Editor-GameplayTagsEditor.dll (API version 3944462).
LogModuleManager: Display: Found up-to-date module file ../../../Engine/Plugins/Editor/MobileLauncherProfileWizard/Binaries/Win64/UE4Editor-MobileLauncherProfileWizard.dll (API version 3944462).
LogModuleManager: Display: Found up-to-date module file ../../../Engine/Plugins/Editor/PluginBrowser/Binaries/Win64/UE4Editor-PluginBrowser.dll (API version 3944462).
LogModuleManager: Display: Found up-to-date module file ../../../Engine/Plugins/Editor/SpeedTreeImporter/Binaries/Win64/UE4Editor-SpeedTreeImporter.dll (API version 3944462).
LogModuleManager: Display: Found up-to-date module file ../../../Engine/Plugins/Enterprise/DatasmithContent/Binaries/Win64/UE4Editor-DatasmithContent.dll (API version 3944462).
LogModuleManager: Display: Found up-to-date module file ../../../Engine/Plugins/Experimental/AlembicImporter/Binaries/Win64/UE4Editor-AlembicImporter.dll (API version 3944462).
LogModuleManager: Display: Found up-to-date module file ../../../Engine/Plugins/Experimental/AlembicImporter/Binaries/Win64/UE4Editor-AlembicLibrary.dll (API version 3944462).
LogModuleManager: Display: Found up-to-date module file ../../../Engine/Plugins/Experimental/CharacterAI/Binaries/Win64/UE4Editor-CharacterAI.dll (API version 3944462).
LogModuleManager: Display: Found up-to-date module file ../../../Engine/Plugins/Experimental/HTML5Networking/Binaries/Win64/UE4Editor-HTML5Networking.dll (API version 3944462).
LogModuleManager: Display: Found up-to-date module file ../../../Engine/Plugins/Media/AndroidMedia/Binaries/Win64/UE4Editor-AndroidMediaEditor.dll (API version 3944462).
LogModuleManager: Display: Found up-to-date module file ../../../Engine/Plugins/Media/AndroidMedia/Binaries/Win64/UE4Editor-AndroidMediaFactory.dll (API version 3944462).
LogModuleManager: Display: Found up-to-date module file ../../../Engine/Plugins/Media/AvfMedia/Binaries/Win64/UE4Editor-AvfMediaEditor.dll (API version 3944462).
LogModuleManager: Display: Found up-to-date module file ../../../Engine/Plugins/Media/AvfMedia/Binaries/Win64/UE4Editor-AvfMediaFactory.dll (API version 3944462).
LogModuleManager: Display: Found up-to-date module file ../../../Engine/Plugins/Media/AvfMedia/Binaries/Win64/UE4Editor-AvfMediaFactory.dll (API version 3944462).
LogModuleManager: Display: Found up-to-date module file ../../../Engine/Plugins/Media/ImgMedia/Binaries/Win64/UE4Editor-ImgMedia.dll (API version 3944462).
LogModuleManager: Display: Found up-to-date module file ../../../Engine/Plugins/Media/ImgMedia/Binaries/Win64/UE4Editor-ImgMediaEditor.dll (API version 3944462).
LogModuleManager: Display: Found up-to-date module file ../../../Engine/Plugins/Media/ImgMedia/Binaries/Win64/UE4Editor-ImgMediaFactory.dll (API version 3944462).
LogModuleManager: Display: Found up-to-date module file ../../../Engine/Plugins/Media/ImgMedia/Binaries/Win64/UE4Editor-ImgMediaFactory.dll (API version 3944462).
LogModuleManager: Display: Found up-to-date module file ../../../Engine/Plugins/Media/ImgMedia/Binaries/Win64/UE4Editor-OpenExrWrapper.dll (API version 3944462).
LogModuleManager: Display: Found up-to-date module file ../../../Engine/Plugins/Media/LinearTimecode/Binaries/Win64/UE4Editor-LinearTimecode.dll (API version 3944462).
LogModuleManager: Display: Found up-to-date module file ../../../Engine/Plugins/Media/MediaCompositing/Binaries/Win64/UE4Editor-MediaCompositing.dll (API version 3944462).
LogModuleManager: Display: Found up-to-date module file ../../../Engine/Plugins/Media/MediaCompositing/Binaries/Win64/UE4Editor-MediaCompositingEditor.dll (API version 3944462).
LogModuleManager: Display: Found up-to-date module file ../../../Engine/Plugins/Media/MediaPlayerEditor/Binaries/Win64/UE4Editor-MediaPlayerEditor.dll (API version 3944462).
LogModuleManager: Display: Found up-to-date module file ../../../Engine/Plugins/Media/WmfMedia/Binaries/Win64/UE4Editor-WmfMedia.dll (API version 3944462).
LogModuleManager: Display: Found up-to-date module file ../../../Engine/Plugins/Media/WmfMedia/Binaries/Win64/UE4Editor-WmfMediaEditor.dll (API version 3944462).
LogModuleManager: Display: Found up-to-date module file ../../../Engine/Plugins/Media/WmfMedia/Binaries/Win64/UE4Editor-WmfMediaFactory.dll (API version 3944462).
LogModuleManager: Display: Found up-to-date module file ../../../Engine/Plugins/Media/WmfMedia/Binaries/Win64/UE4Editor-WmfMediaFactory.dll (API version 3944462).
LogModuleManager: Display: Found up-to-date module file ../../../Engine/Plugins/Messaging/TcpMessaging/Binaries/Win64/UE4Editor-TcpMessaging.dll (API version 3944462).
LogModuleManager: Display: Found up-to-date module file ../../../Engine/Plugins/Messaging/UdpMessaging/Binaries/Win64/UE4Editor-UdpMessaging.dll (API version 3944462).
LogModuleManager: Display: Found up-to-date module file ../../../Engine/Plugins/MovieScene/ActorSequence/Binaries/Win64/UE4Editor-ActorSequence.dll (API version 3944462).
LogModuleManager: Display: Found up-to-date module file ../../../Engine/Plugins/MovieScene/LevelSequenceEditor/Binaries/Win64/UE4Editor-LevelSequenceEditor.dll (API version 3944462).
LogModuleManager: Display: Found up-to-date module file ../../../Engine/Plugins/MovieScene/MatineeToLevelSequence/Binaries/Win64/UE4Editor-MatineeToLevelSequence.dll (API version 3944462).
LogModuleManager: Display: Found up-to-date module file ../../../Engine/Plugins/NetcodeUnitTest/NetcodeUnitTest/Binaries/Win64/UE4Editor-NetcodeUnitTest.dll (API version 3944462).
LogModuleManager: Display: Found up-to-date module file ../../../Engine/Plugins/NetcodeUnitTest/NUTUnrealEngine4/Binaries/Win64/UE4Editor-NUTUnrealEngine4.dll (API version 3944462).
LogModuleManager: Display: Found up-to-date module file ../../../Engine/Plugins/Online/OnlineSubsystem/Binaries/Win64/UE4Editor-OnlineSubsystem.dll (API version 3944462).
LogModuleManager: Display: Found up-to-date module file ../../../Engine/Plugins/Online/OnlineSubsystemNull/Binaries/Win64/UE4Editor-OnlineSubsystemNull.dll (API version 3944462).
LogModuleManager: Display: Found up-to-date module file ../../../Engine/Plugins/Online/OnlineSubsystemUtils/Binaries/Win64/UE4Editor-OnlineSubsystemUtils.dll (API version 3944462).
LogModuleManager: Display: Found up-to-date module file ../../../Engine/Plugins/Online/OnlineSubsystemUtils/Binaries/Win64/UE4Editor-OnlineBlueprintSupport.dll (API version 3944462).
LogModuleManager: Display: Found up-to-date module file ../../../Engine/Plugins/Runtime/AndroidDeviceProfileSelector/Binaries/Win64/UE4Editor-AndroidDeviceProfileSelector.dll (API version 3944462).
LogModuleManager: Display: Found up-to-date module file ../../../Engine/Plugins/Runtime/AndroidPermission/Binaries/Win64/UE4Editor-AndroidPermission.dll (API version 3944462).
LogModuleManager: Display: Found up-to-date module file ../../../Engine/Plugins/Runtime/AppleARKit/Binaries/Win64/UE4Editor-AppleARKit.dll (API version 3944462).
LogModuleManager: Display: Found up-to-date module file ../../../Engine/Plugins/Runtime/ArchVisCharacter/Binaries/Win64/UE4Editor-ArchVisCharacter.dll (API version 3944462).
LogModuleManager: Display: Found up-to-date module file ../../../Engine/Plugins/Runtime/AudioCapture/Binaries/Win64/UE4Editor-AudioCapture.dll (API version 3944462).
LogModuleManager: Display: Found up-to-date module file ../../../Engine/Plugins/Runtime/AudioCapture/Binaries/Win64/UE4Editor-AudioCaptureEditor.dll (API version 3944462).
LogModuleManager: Display: Found up-to-date module file ../../../Engine/Plugins/Runtime/CableComponent/Binaries/Win64/UE4Editor-CableComponent.dll (API version 3944462).
LogModuleManager: Display: Found up-to-date module file ../../../Engine/Plugins/Runtime/CustomMeshComponent/Binaries/Win64/UE4Editor-CustomMeshComponent.dll (API version 3944462).
LogModuleManager: Display: Found up-to-date module file ../../../Engine/Plugins/Runtime/ExampleDeviceProfileSelector/Binaries/Win64/UE4Editor-ExampleDeviceProfileSelector.dll (API version 3944462).
LogModuleManager: Display: Found up-to-date module file ../../../Engine/Plugins/Runtime/ImmediatePhysics/Binaries/Win64/UE4Editor-ImmediatePhysics.dll (API version 3944462).
LogModuleManager: Display: Found up-to-date module file ../../../Engine/Plugins/Runtime/ImmediatePhysics/Binaries/Win64/UE4Editor-ImmediatePhysicsEditor.dll (API version 3944462).
LogModuleManager: Display: Found up-to-date module file ../../../Engine/Plugins/Runtime/LocationServicesBPLibrary/Binaries/Win64/UE4Editor-LocationServicesBPLibrary.dll (API version 3944462).
LogModuleManager: Display: Found up-to-date module file ../../../Engine/Plugins/Runtime/MobilePatchingUtils/Binaries/Win64/UE4Editor-MobilePatchingUtils.dll (API version 3944462).
LogModuleManager: Display: Found up-to-date module file ../../../Engine/Plugins/Runtime/Oculus/OculusVR/Binaries/Win64/UE4Editor-OculusHMD.dll (API version 3944462).
LogModuleManager: Display: Found up-to-date module file ../../../Engine/Plugins/Runtime/Oculus/OculusVR/Binaries/Win64/UE4Editor-OculusInput.dll (API version 3944462).
LogModuleManager: Display: Found up-to-date module file ../../../Engine/Plugins/Runtime/Oculus/OculusVR/Binaries/Win64/UE4Editor-OculusEditor.dll (API version 3944462).
LogModuleManager: Display: Found up-to-date module file ../../../Engine/Plugins/Runtime/PhysXVehicles/Binaries/Win64/UE4Editor-PhysXVehicles.dll (API version 3944462).
LogModuleManager: Display: Found up-to-date module file ../../../Engine/Plugins/Runtime/PhysXVehicles/Binaries/Win64/UE4Editor-PhysXVehiclesEditor.dll (API version 3944462).
LogModuleManager: Display: Found up-to-date module file ../../../Engine/Plugins/Runtime/ProceduralMeshComponent/Binaries/Win64/UE4Editor-ProceduralMeshComponent.dll (API version 3944462).
LogModuleManager: Display: Found up-to-date module file ../../../Engine/Plugins/Runtime/ProceduralMeshComponent/Binaries/Win64/UE4Editor-ProceduralMeshComponentEditor.dll (API version 3944462).
LogModuleManager: Display: Found up-to-date module file ../../../Engine/Plugins/Runtime/RuntimePhysXCooking/Binaries/Win64/UE4Editor-RuntimePhysXCooking.dll (API version 3944462).
LogModuleManager: Display: Found up-to-date module file ../../../Engine/Plugins/Runtime/Steam/SteamVR/Binaries/Win64/UE4Editor-SteamVR.dll (API version 3944462).
LogModuleManager: Display: Found up-to-date module file ../../../Engine/Plugins/Runtime/Steam/SteamVR/Binaries/Win64/UE4Editor-SteamVRController.dll (API version 3944462).
LogModuleManager: Display: Found up-to-date module file ../../../Engine/Plugins/Runtime/WindowsMoviePlayer/Binaries/Win64/UE4Editor-WindowsMoviePlayer.dll (API version 3944462).
LogModuleManager: Display: Found up-to-date module file ../../../../../../../Projects/FPS/FPS/Plugins/CoverPointGenerator/Binaries/Win64/UE4Editor-CoverPointGenerator.dll (API version 3944462).
LogInit: Using libcurl 7.47.1
LogInit:  - built for x86_64-pc-win32
LogInit:  - supports SSL with OpenSSL/1.0.2g
LogInit:  - supports HTTP deflate (compression) using libz 1.2.8
LogInit:  - other features:
LogInit:      CURL_VERSION_SSL
LogInit:      CURL_VERSION_LIBZ
LogInit:      CURL_VERSION_IPV6
LogInit:      CURL_VERSION_ASYNCHDNS
LogInit:      CURL_VERSION_LARGEFILE
LogInit:      CURL_VERSION_IDN
LogInit:  CurlRequestOptions (configurable via config and command line):
LogInit:  - bVerifyPeer = false  - Libcurl will NOT verify peer certificate
LogInit:  - bUseHttpProxy = false  - Libcurl will NOT use HTTP proxy
LogInit:  - bDontReuseConnections = false  - Libcurl will reuse connections
LogInit:  - CertBundlePath = nullptr  - Libcurl will use whatever was configured at build time.
LogInit:  - MaxHostConnections = 16  - Libcurl will limit the number of connections to a host
LogInit:  - LocalHostAddr = Default
LogInit: WinSock: version 1.1 (2.2), MaxSocks=32767, MaxUdp=65467
LogInit: WinSock: I am DESKTOP-27ERO04 (192.168.178.101:0)
LogInit: Build: ++UE4+Release-4.19-CL-4033788
LogInit: Engine Version: 4.19.2-4033788+++UE4+Release-4.19
LogInit: Compatible Engine Version: 4.19.0-3944462+++UE4+Release-4.19
LogInit: Net CL: 3944462
LogDevObjectVersion: Number of dev versions registered: 18
LogDevObjectVersion:   Dev-Blueprints (B0D832E4-1F89-4F0D-ACCF-7EB736FD4AA2): 10
LogDevObjectVersion:   Dev-Build (E1C64328-A22C-4D53-A36C-8E866417BD8C): 0
LogDevObjectVersion:   Dev-Core (375EC13C-06E4-48FB-B500-84F0262A717E): 2
LogDevObjectVersion:   Dev-Editor (E4B068ED-F494-42E9-A231-DA0B2E46BB41): 23
LogDevObjectVersion:   Dev-Framework (CFFC743F-43B0-4480-9391-14DF171D2073): 33
LogDevObjectVersion:   Dev-Mobile (B02B49B5-BB20-44E9-A304-32B752E40360): 2
LogDevObjectVersion:   Dev-Networking (A4E4105C-59A1-49B5-A7C5-40C4547EDFEE): 0
LogDevObjectVersion:   Dev-Online (39C831C9-5AE6-47DC-9A44-9C173E1C8E7C): 0
LogDevObjectVersion:   Dev-Physics (78F01B33-EBEA-4F98-B9B4-84EACCB95AA2): 0
LogDevObjectVersion:   Dev-Platform (6631380F-2D4D-43E0-8009-CF276956A95A): 0
LogDevObjectVersion:   Dev-Rendering (12F88B9F-8875-4AFC-A67C-D90C383ABD29): 25
LogDevObjectVersion:   Dev-Sequencer (7B5AE74C-D270-4C10-A958-57980B212A5A): 6
LogDevObjectVersion:   Dev-VR (D7296918-1DD6-4BDD-9DE2-64A83CC13884): 1
LogDevObjectVersion:   Dev-LoadTimes (C2A15278-BFE7-4AFE-6C17-90FF531DF755): 1
LogDevObjectVersion:   Private-Geometry (6EACA3D4-40EC-4CC1-B786-8BED09428FC5): 2
LogDevObjectVersion:   Dev-AnimPhys (29E575DD-E0A3-4627-9D10-D276232CDCEA): 16
LogDevObjectVersion:   Dev-ReflectionCapture (6B266CEC-1EC7-4B8F-A30B-E4D90942FC07): 1
LogDevObjectVersion:   Dev-Automation (0DF73D61-A23F-47EA-B727-89E90C41499A): 1
LogInit: Compiled (64-bit): Apr 27 2018 02:06:57
LogInit: Compiled with Visual C++: 19.00.24215.01
LogInit: Build Configuration: Development
LogInit: Branch Name: ++UE4+Release-4.19
LogInit: Command Line:  -skipcompile
LogInit: Base Directory: E:/Game Engines/Epic Games/4.19/UE_4.19/Engine/Binaries/Win64/
LogInit: Installed Engine Build: 1
LogStreaming: Display: Took  0.013s to delete old logs.
LogInit: Presizing for max 8388607 objects, including 0 objects not considered by GC, pre-allocating 0 bytes for permanent pool.
LogInit: Object subsystem initialized
[2018.06.02-20.42.34:973][  0]LogInit: Selected Device Profile: [Windows]
[2018.06.02-20.42.34:973][  0]LogInit: Applying CVar settings loaded from the selected device profile: [Windows]
[2018.06.02-20.42.35:067][  0]LogInit: Computer: DESKTOP-27ERO04
[2018.06.02-20.42.35:067][  0]LogInit: User: TomColdenhoff
[2018.06.02-20.42.35:067][  0]LogInit: CPU Page size=4096, Cores=4
[2018.06.02-20.42.35:068][  0]LogInit: High frequency timer resolution =3.319355 MHz
[2018.06.02-20.42.35:072][  0]LogMemory: Memory total: Physical=11.9GB (12GB approx)
[2018.06.02-20.42.35:072][  0]LogMemory: Platform Memory Stats for Windows
[2018.06.02-20.42.35:072][  0]LogMemory: Process Physical Memory: 275.18 MB used, 275.18 MB peak
[2018.06.02-20.42.35:072][  0]LogMemory: Process Virtual Memory: 264.57 MB used, 264.57 MB peak
[2018.06.02-20.42.35:073][  0]LogMemory: Physical Memory: 9554.01 MB used,  2653.43 MB free, 12207.44 MB total
[2018.06.02-20.42.35:073][  0]LogMemory: Virtual Memory: 659.34 MB used,  2653.43 MB free, 134217728.00 MB total
[2018.06.02-20.42.35:930][  0]LogInit: Using OS detected language (en-US).
[2018.06.02-20.42.35:930][  0]LogInit: Using OS detected locale (en-US).
[2018.06.02-20.42.36:125][  0]LogTextLocalizationManager: No specific localization for 'en-US' exists, so the 'en' localization will be used.
[2018.06.02-20.42.37:045][  0]LogStreaming: Display: Took  1.103s to EndInitTextLocalization.
[2018.06.02-20.42.37:073][  0]LogInit: Setting process to per monitor DPI aware
[2018.06.02-20.42.37:764][  0]LogSlate: New Slate User Created.  User Index 0, Is Virtual User: 0
[2018.06.02-20.42.37:765][  0]LogSlate: Slate User Registered.  User Index 0, Is Virtual User: 0
[2018.06.02-20.42.39:729][  0]LogD3D11RHI: D3D11 adapters:
[2018.06.02-20.42.39:920][  0]LogD3D11RHI:    0. 'NVIDIA GeForce GTX 970' (Feature Level 11_0)
[2018.06.02-20.42.39:920][  0]LogD3D11RHI:       4043/0/6103 MB DedicatedVideo/DedicatedSystem/SharedSystem, Outputs:2, VendorId:0x10de
[2018.06.02-20.42.39:945][  0]LogD3D11RHI:    1. 'Microsoft Basic Render Driver' (Feature Level 11_0)
[2018.06.02-20.42.39:945][  0]LogD3D11RHI:       0/0/6103 MB DedicatedVideo/DedicatedSystem/SharedSystem, Outputs:0, VendorId:0x1414
[2018.06.02-20.42.39:945][  0]LogD3D11RHI: Chosen D3D11 Adapter: 0
[2018.06.02-20.42.39:977][  0]LogD3D11RHI: Creating new Direct3DDevice
[2018.06.02-20.42.39:977][  0]LogD3D11RHI:     GPU DeviceId: 0x13c2 (for the marketing name, search the web for "GPU Device Id")
[2018.06.02-20.42.39:978][  0]LogWindows: EnumDisplayDevices:
[2018.06.02-20.42.39:978][  0]LogWindows:    0. 'NVIDIA GeForce GTX 970' (P:0 D:1)
[2018.06.02-20.42.39:978][  0]LogWindows:    1. 'NVIDIA GeForce GTX 970' (P:1 D:1)
[2018.06.02-20.42.39:978][  0]LogWindows:    2. 'NVIDIA GeForce GTX 970' (P:0 D:0)
[2018.06.02-20.42.39:979][  0]LogWindows:    3. 'NVIDIA GeForce GTX 970' (P:0 D:0)
[2018.06.02-20.42.39:979][  0]LogWindows: DebugString: FoundDriverCount:4 
[2018.06.02-20.42.39:979][  0]LogD3D11RHI:     Adapter Name: NVIDIA GeForce GTX 970
[2018.06.02-20.42.39:979][  0]LogD3D11RHI:   Driver Version: 397.31 (internal:24.21.13.9731, unified:397.31)
[2018.06.02-20.42.39:979][  0]LogD3D11RHI:      Driver Date: 4-22-2018
[2018.06.02-20.42.39:979][  0]LogRHI: Texture pool is 2830 MB (70% of 4043 MB)
[2018.06.02-20.42.40:050][  0]LogD3D11RHI: [Aftermath] Aftermath enabled and primed
[2018.06.02-20.42.40:050][  0]LogD3D11RHI: [Aftermath] Aftermath enabled and primed
[2018.06.02-20.42.40:050][  0]LogD3D11RHI: Async texture creation enabled
[2018.06.02-20.42.40:382][  0]LogD3D11RHI: GPU Timing Frequency: 1000.000000 (Debug: 2 2)
[2018.06.02-20.42.40:529][  0]LogShaderCompilers: Guid format shader working directory is 17 characters bigger than the processId version (../../../../../../../Projects/FPS/FPS/Intermediate/Shaders/WorkingDirectory/1756/).
[2018.06.02-20.42.40:534][  0]LogShaderCompilers: Cleaned the shader compiler working directory 'C:/Users/TomColdenhoff/AppData/Local/Temp/UnrealShaderWorkingDir/7AAE93754CD18E63B3D4D8BA67814D14/'.
[2018.06.02-20.42.41:303][  0]LogTemp: Display: Loaded TP AllDesktopTargetPlatform
[2018.06.02-20.42.41:353][  0]LogTemp: Display: Loaded TP MacClientTargetPlatform
[2018.06.02-20.42.41:381][  0]LogTemp: Display: Loaded TP MacNoEditorTargetPlatform
[2018.06.02-20.42.41:397][  0]LogTemp: Display: Loaded TP MacServerTargetPlatform
[2018.06.02-20.42.41:431][  0]LogTemp: Display: Loaded TP MacTargetPlatform
[2018.06.02-20.42.41:447][  0]LogTemp: Display: Loaded TP WindowsClientTargetPlatform
[2018.06.02-20.42.41:471][  0]LogTemp: Display: Loaded TP WindowsNoEditorTargetPlatform
[2018.06.02-20.42.41:487][  0]LogTemp: Display: Loaded TP WindowsServerTargetPlatform
[2018.06.02-20.42.41:506][  0]LogTemp: Display: Loaded TP WindowsTargetPlatform
[2018.06.02-20.42.41:518][  0]LogTemp: Display: Loaded TP Android_ASTCTargetPlatform
[2018.06.02-20.42.41:532][  0]LogTemp: Display: Loaded TP Android_ATCTargetPlatform
[2018.06.02-20.42.41:546][  0]LogTemp: Display: Loaded TP Android_DXTTargetPlatform
[2018.06.02-20.42.41:559][  0]LogTemp: Display: Loaded TP Android_ETC1aTargetPlatform
[2018.06.02-20.42.41:572][  0]LogTemp: Display: Loaded TP Android_ETC1TargetPlatform
[2018.06.02-20.42.41:584][  0]LogTemp: Display: Loaded TP Android_ETC2TargetPlatform
[2018.06.02-20.42.41:611][  0]LogTemp: Display: Loaded TP Android_MultiTargetPlatform
[2018.06.02-20.42.41:611][  0]LogTemp: Display: Loaded TP Android_PVRTCTargetPlatform
[2018.06.02-20.42.41:650][  0]LogTemp: Display: Loaded TP AndroidTargetPlatform
[2018.06.02-20.42.41:665][  0]LogTemp: Display: Loaded TP HTML5TargetPlatform
[2018.06.02-20.42.41:774][  0]LogTemp: Display: Loaded TP IOSTargetPlatform
[2018.06.02-20.42.41:810][  0]LogTemp: Display: Loaded TP TVOSTargetPlatform
[2018.06.02-20.42.41:834][  0]LogTemp: Display: Loaded TP LinuxClientTargetPlatform
[2018.06.02-20.42.41:862][  0]LogTemp: Display: Loaded TP LinuxNoEditorTargetPlatform
[2018.06.02-20.42.41:888][  0]LogTemp: Display: Loaded TP LinuxServerTargetPlatform
[2018.06.02-20.42.41:916][  0]LogTemp: Display: Loaded TP LinuxTargetPlatform
[2018.06.02-20.42.41:916][  0]LogTargetPlatformManager: Display: Building Assets For Windows
[2018.06.02-20.42.42:645][  0]LogXGEController: Cleaning working directory: C:/Users/TomColdenhoff/AppData/Local/Temp/UnrealXGEWorkingDir/
[2018.06.02-20.42.42:646][  0]LogXGEController: Cannot use XGE Controller as Incredibuild is not installed on this machine.
[2018.06.02-20.42.42:653][  0]LogShaderCompilers: Cannot use XGE Shader Compiler as Incredibuild is not installed on this machine.
[2018.06.02-20.42.42:653][  0]LogShaderCompilers: Display: Using Local Shader Compiler.
[2018.06.02-20.42.45:323][  0]LogDerivedDataCache: Display: Max Cache Size: 512 MB
[2018.06.02-20.42.45:804][  0]LogDerivedDataCache: Loaded boot cache 0.48s 76MB C:/Users/TomColdenhoff/AppData/Local/UnrealEngine/4.19/DerivedDataCache/Boot.ddc.
[2018.06.02-20.42.45:804][  0]LogDerivedDataCache: Display: Loaded Boot cache: C:/Users/TomColdenhoff/AppData/Local/UnrealEngine/4.19/DerivedDataCache/Boot.ddc
[2018.06.02-20.42.45:804][  0]LogDerivedDataCache: FDerivedDataBackendGraph:  Pak pak cache file ../../../../../../../Projects/FPS/FPS/DerivedDataCache/DDC.ddp not found, will not use a pak cache.
[2018.06.02-20.42.45:804][  0]LogDerivedDataCache: Unable to find inner node Pak for hierarchical cache Hierarchy.
[2018.06.02-20.42.45:804][  0]LogDerivedDataCache: FDerivedDataBackendGraph:  CompressedPak pak cache file ../../../../../../../Projects/FPS/FPS/DerivedDataCache/Compressed.ddp not found, will not use a pak cache.
[2018.06.02-20.42.45:805][  0]LogDerivedDataCache: Unable to find inner node CompressedPak for hierarchical cache Hierarchy.
[2018.06.02-20.42.45:921][  0]LogDerivedDataCache: Display: Pak cache opened for reading ../../../Engine/DerivedDataCache/Compressed.ddp.
[2018.06.02-20.42.45:938][  0]LogDerivedDataCache: Using Local data cache path C:/Users/TomColdenhoff/AppData/Local/UnrealEngine/Common/DerivedDataCache: Writable
[2018.06.02-20.42.45:938][  0]LogDerivedDataCache: Shared data cache path not found in *engine.ini, will not use an Shared cache.
[2018.06.02-20.42.45:938][  0]LogDerivedDataCache: Unable to find inner node Shared for hierarchical cache Hierarchy.
[2018.06.02-20.42.45:993][  0]LogMaterial: Verifying Global Shaders for PCD3D_SM5
[2018.06.02-20.42.46:030][  0]LogSlate: Using Freetype 2.6.0
[2018.06.02-20.42.46:171][  0]LogSlate: SlateFontCache - WITH_FREETYPE: 1, WITH_HARFBUZZ: 1
[2018.06.02-20.42.46:172][  0]LogSlate: SlateFontCache - WITH_FREETYPE: 1, WITH_HARFBUZZ: 1
[2018.06.02-20.42.49:901][  0]LogAssetRegistry: FAssetRegistry took 0.0477 seconds to start up
[2018.06.02-20.42.54:938][  0]LogInit: Selected Device Profile: [Windows]
[2018.06.02-20.42.56:736][  0]LogSimplygon: Simplygon DLL not present - disabling.
[2018.06.02-20.42.56:841][  0]LogMeshReduction: Using SimplygonSwarm for distributed automatic mesh merging
[2018.06.02-20.42.56:854][  0]LogMeshReduction: Using QuadricMeshReduction for automatic static mesh reduction
[2018.06.02-20.42.56:854][  0]LogMeshReduction: No automatic skeletal mesh reduction module available
[2018.06.02-20.42.56:854][  0]LogMeshReduction: No automatic mesh merging module available
[2018.06.02-20.42.56:854][  0]LogMeshMerging: No automatic mesh merging module available
[2018.06.02-20.42.58:773][  0]LogNetVersion: FPS , NetCL: 3944462, EngineNetVer: 2, GameNetVer: 0 (Checksum: 2326512385)
[2018.06.02-20.43.04:116][  0]LogPackageLocalizationCache: Processed 9 localized package path(s) for 2 prioritized culture(s) in 0.224595 seconds
[2018.06.02-20.43.04:160][  0]LogUObjectArray: 36728 objects as part of root set at end of initial load.
[2018.06.02-20.43.04:160][  0]LogUObjectAllocator: 7314304 out of 0 bytes used by permanent object pool.
[2018.06.02-20.43.04:161][  0]LogUObjectArray: CloseDisregardForGC: 0/0 objects in disregard for GC pool
[2018.06.02-20.43.20:563][  0]LogTcpMessaging: Initializing TcpMessaging bridge
[2018.06.02-20.43.20:605][  0]LogUdpMessaging: Initializing bridge on interface 0.0.0.0:0 to multicast group 230.0.0.1:6666.
[2018.06.02-20.43.22:366][  0]LogSkeletalMesh: Skeletal Mesh found in DDC [45.324165ms] /Game/Models/Player/Arms/Arms_SMG.Arms_SMG
[2018.06.02-20.43.22:581][  0]LogUObjectGlobals: Created PersistentFrame Addr=0x0000019c18b52020, Size=80, Default__BP_SMGAnim_C Function /Game/Animations/SMG/BP_SMGAnim.BP_SMGAnim_C:ExecuteUbergraph_BP_SMGAnim
[2018.06.02-20.43.23:568][  0]LogUObjectGlobals: Destroyed PersistentFrame Addr=0x0000019c18b52020, Size=80
[2018.06.02-20.43.23:568][  0]LogUObjectGlobals: Created PersistentFrame Addr=0x0000019c1a00e1b0, Size=80, Default__BP_SMGAnim_C Function /Engine/Transient.REINST_BP_SMGAnim_C_0:ExecuteUbergraph_BP_SMGAnim
[2018.06.02-20.43.23:960][  0]LogUObjectGlobals: Created PersistentFrame Addr=0x0000019c19f523e0, Size=80, Default__BP_SMGAnim_C Function /Game/Animations/SMG/BP_SMGAnim.BP_SMGAnim_C:ExecuteUbergraph_BP_SMGAnim
[2018.06.02-20.43.26:371][  0]SourceControl: Source control is disabled
[2018.06.02-20.43.26:371][  0]SourceControl: Source control is disabled
[2018.06.02-20.43.26:449][  0]SourceControl: Source control is disabled
[2018.06.02-20.43.26:527][  0]SourceControl: Source control is disabled
[2018.06.02-20.43.28:732][  0]LogAndroidPermission: UAndroidPermissionCallbackProxy::GetInstance
[2018.06.02-20.43.29:195][  0]LogOcInput: OculusInput pre-init called
[2018.06.02-20.43.30:813][  0]LogEngine: Initializing Engine...
[2018.06.02-20.43.30:884][  0]LogHMD: Failed to initialize OpenVR with code 110
[2018.06.02-20.43.30:909][  0]LogStats: UGameplayTagsManager::ConstructGameplayTagTree: Construct from data asset -  0.000 s
[2018.06.02-20.43.30:910][  0]LogStats: UGameplayTagsManager::ConstructGameplayTagTree: GameplayTagTreeChangedEvent.Broadcast -  0.000 s
[2018.06.02-20.43.31:661][  0]LogAIModule: Creating AISystem for world Untitled
[2018.06.02-20.43.31:904][  0]LogInit: XAudio2 using 'Speakers (Logitech G35 Headset)' : 2 channels at 44.1 kHz using 16 bits per sample (channel mask 0x3)
[2018.06.02-20.43.31:929][  0]LogInit: FAudioDevice initialized.
[2018.06.02-20.43.32:124][  0]LogDerivedDataCache: Saved boot cache 0.16s 76MB C:/Users/TomColdenhoff/AppData/Local/UnrealEngine/4.19/DerivedDataCache/Boot.ddc.
[2018.06.02-20.43.32:140][  0]LogInit: Texture streaming: Enabled
[2018.06.02-20.43.32:255][  0]LogEngineSessionManager: EngineSessionManager initialized
[2018.06.02-20.43.32:481][  0]LogInit: Transaction tracking system initialized
[2018.06.02-20.43.32:808][  0]BlueprintLog: New page: Editor Load
[2018.06.02-20.43.33:963][  0]LocalizationService: Localization service is disabled
[2018.06.02-20.43.34:677][  0]LogConsoleResponse: Display: 
[2018.06.02-20.43.35:748][  0]LogFileCache: Scanning file cache for directory 'E:/Projects/FPS/FPS/Content/' took 0.03s
[2018.06.02-20.43.35:749][  0]LogCook: Display: Max memory allowance for cook 16384mb min free memory 0mb
[2018.06.02-20.43.35:749][  0]LogCook: Display: Mobile HDR setting 1
[2018.06.02-20.43.35:758][  0]LogGameplayTags: Display: UGameplayTagsManager::DoneAddingNativeTags. DelegateIsBound: 0
[2018.06.02-20.43.35:760][  0]LogStats: UGameplayTagsManager::ConstructGameplayTagTree: Construct from data asset -  0.000 s
[2018.06.02-20.43.35:760][  0]LogStats: UGameplayTagsManager::ConstructGameplayTagTree: GameplayTagTreeChangedEvent.Broadcast -  0.000 s
[2018.06.02-20.43.37:148][  0]SourceControl: Source control is disabled
[2018.06.02-20.43.37:185][  0]Cmd: MAP LOAD FILE="../../../../../../../Projects/FPS/FPS/Content/Maps/Level1.umap" TEMPLATE=0 SHOWPROGRESS=1 FEATURELEVEL=3
[2018.06.02-20.43.37:203][  0]LightingResults: New page: Lighting Build
[2018.06.02-20.43.37:393][  0]MapCheck: New page: Map Check
[2018.06.02-20.43.37:393][  0]LightingResults: New page: Lighting Build
[2018.06.02-20.43.37:660][  0]LogUObjectGlobals: Destroyed PersistentFrame Addr=0x0000019c1a00e1b0, Size=80
[2018.06.02-20.43.42:673][  0]LogAIModule: Creating AISystem for world Level1
[2018.06.02-20.43.43:341][  0]LogEditorServer: Finished looking for orphan Actors (0.000 secs)
[2018.06.02-20.43.43:605][  0]Cmd: MAP CHECKDEP NOCLEARLOG
[2018.06.02-20.43.43:748][  0]MapCheck: Map check complete: 0 Error(s), 0 Warning(s), took 140.107ms to complete.
[2018.06.02-20.43.43:748][  0]LogFileHelpers: Loading map 'Level1' took 6.579
[2018.06.02-20.43.45:740][  0]LogCollectionManager: Loaded 0 collections in 0.006313 seconds
[2018.06.02-20.43.45:911][  0]LogFileCache: Scanning file cache for directory 'E:/Projects/FPS/FPS/Saved/Collections/' took 0.02s
[2018.06.02-20.43.45:912][  0]LogFileCache: Scanning file cache for directory 'E:/Projects/FPS/FPS/Content/Developers/TomColdenhoff/Collections/' took 0.02s
[2018.06.02-20.43.45:912][  0]LogFileCache: Scanning file cache for directory 'E:/Projects/FPS/FPS/Content/Collections/' took 0.01s
[2018.06.02-20.43.45:912][  0]LogCollectionManager: Rebuilt the GUID cache for 0 collections in 0.000001 seconds
[2018.06.02-20.43.45:949][  0]LogContentBrowser: Native class hierarchy populated in 0.0285 seconds. Added 2459 classes and 561 folders.
[2018.06.02-20.43.46:065][  0]LogContentBrowser: Native class hierarchy updated for 'WidgetCarousel' in 0.0007 seconds. Added 0 classes and 0 folders.
[2018.06.02-20.43.46:784][  0]LogContentBrowser: Native class hierarchy updated for 'AddContentDialog' in 0.0013 seconds. Added 0 classes and 0 folders.
[2018.06.02-20.43.46:886][  0]LogContentBrowser: Native class hierarchy updated for 'SceneOutliner' in 0.0025 seconds. Added 1 classes and 2 folders.
[2018.06.02-20.43.47:533][  0]LogSlate: Took 0.011967 seconds to synchronously load lazily loaded font '../../../Engine/Content/Slate/Fonts/Roboto-Regular.ttf' (155K)
[2018.06.02-20.43.47:564][  0]LogSlate: Took 0.025232 seconds to synchronously load lazily loaded font '../../../Engine/Content/Slate/Fonts/Roboto-Bold.ttf' (160K)
[2018.06.02-20.43.47:670][  0]LogSlate: Took 0.023055 seconds to synchronously load lazily loaded font '../../../Engine/Content/Editor/Slate/Fonts/FontAwesome.ttf' (139K)
[2018.06.02-20.43.48:368][  0]LogRenderer: Reallocating scene render targets to support 1208x576 Format 10 NumSamples 1 (Frame:1).
[2018.06.02-20.43.49:560][  0]LogContentBrowser: Native class hierarchy updated for 'HierarchicalLODOutliner' in 0.0014 seconds. Added 0 classes and 0 folders.
[2018.06.02-20.43.49:561][  0]LogLoad: (Engine Initialization) Total time: 88.77 seconds
[2018.06.02-20.43.49:561][  0]LogLoad: (Engine Initialization) Total Blueprint compile time: 0.00 seconds
[2018.06.02-20.43.50:004][  0]LogContentStreaming: Texture pool size now 1000 MB
[2018.06.02-20.43.50:327][  0]LogSlate: Took 0.022859 seconds to synchronously load lazily loaded font '../../../Engine/Content/Slate/Fonts/Roboto-Light.ttf' (167K)
[2018.06.02-20.43.50:688][  3]LogAssetRegistry: Asset discovery search completed in 60.8216 seconds
[2018.06.02-20.43.50:725][  3]LogCollectionManager: Rebuilt the object cache for 0 collections in 0.000000 seconds (found 0 objects)
[2018.06.02-20.43.50:725][  3]LogCollectionManager: Fixed up redirectors for 0 collections in 0.004158 seconds (updated 0 objects)
[2018.06.02-20.44.17:020][  0]LogEditorViewport: Clicking on Actor (LMB): StaticMeshActor (SM_VendingCoffee)
[2018.06.02-20.44.18:992][ 53]LogEditorViewport: Clicking on Actor (LMB): StaticMeshActor (pallet4)
[2018.06.02-20.44.31:132][473]LogSlate: FSceneViewport::OnFocusLost() reason 2
[2018.06.02-20.44.32:085][571]LogSlate: FSceneViewport::OnFocusLost() reason 2
[2018.06.02-20.44.35:997][982]LogSlate: Took 0.027369 seconds to synchronously load lazily loaded font '../../../Engine/Content/Slate/Fonts/DroidSansMono.ttf' (77K)
[2018.06.02-20.44.52:654][929]Cmd: CAMERA ALIGN ACTIVEVIEWPORTONLY
[2018.06.02-20.44.52:844][951]Cmd: CAMERA ALIGN ACTIVEVIEWPORTONLY
[2018.06.02-20.44.54:229][116]Cmd: CAMERA ALIGN ACTIVEVIEWPORTONLY
[2018.06.02-20.44.54:421][139]Cmd: CAMERA ALIGN ACTIVEVIEWPORTONLY
[2018.06.02-20.44.54:696][172]Cmd: CAMERA ALIGN ACTIVEVIEWPORTONLY
[2018.06.02-20.44.55:232][231]Cmd: CAMERA ALIGN ACTIVEVIEWPORTONLY
[2018.06.02-20.44.55:412][252]Cmd: CAMERA ALIGN ACTIVEVIEWPORTONLY
[2018.06.02-20.44.55:673][273]Cmd: CAMERA ALIGN ACTIVEVIEWPORTONLY
[2018.06.02-20.44.55:862][293]Cmd: CAMERA ALIGN ACTIVEVIEWPORTONLY
[2018.06.02-20.44.56:067][315]Cmd: CAMERA ALIGN ACTIVEVIEWPORTONLY
[2018.06.02-20.44.56:284][341]Cmd: CAMERA ALIGN ACTIVEVIEWPORTONLY
[2018.06.02-20.44.56:509][368]Cmd: CAMERA ALIGN ACTIVEVIEWPORTONLY
[2018.06.02-20.44.56:728][394]Cmd: CAMERA ALIGN ACTIVEVIEWPORTONLY
[2018.06.02-20.45.01:889][850]LogSlate: Window 'CoverPointGenerator' being destroyed
[2018.06.02-20.45.01:893][850]LogSlate: Window 'CoverPointGenerator' being destroyed
[2018.06.02-20.45.02:712][947]LogSlate: FSceneViewport::OnFocusLost() reason 0
[2018.06.02-20.45.07:539][509]LogEditorActor: Deleted Actor: CoverPoint
[2018.06.02-20.45.07:574][509]LogEditorActor: Deleted Actor: CoverPoint
[2018.06.02-20.45.07:574][509]LogEditorActor: Deleted Actor: CoverPoint
[2018.06.02-20.45.07:574][509]LogEditorActor: Deleted Actor: CoverPoint
[2018.06.02-20.45.07:575][509]LogEditorActor: Deleted Actor: CoverPoint
[2018.06.02-20.45.07:575][509]LogEditorActor: Deleted Actor: CoverPoint
[2018.06.02-20.45.07:605][509]LogEditorActor: Deleted 6 Actors (0.162 secs)
[2018.06.02-20.45.10:453][843]LogSlate: Took 0.000198 seconds to synchronously load lazily loaded font '../../../Engine/Content/Slate/Fonts/Roboto-Light.ttf' (167K)
[2018.06.02-20.45.10:501][843]Cmd: OBJ SAVEPACKAGE PACKAGE="/Game/Maps/Level1" FILE="../../../../../../../Projects/FPS/FPS/Content/Maps/Level1.umap" SILENT=true AUTOSAVING=false KEEPDIRTY=false
[2018.06.02-20.45.10:813][843]LogSavePackage: Save=237.94ms
[2018.06.02-20.45.10:813][843]LogSavePackage: Moving '../../../../../../../Projects/FPS/FPS/Saved/Level12D1C9D694562005CEC1B5190D34EC071.tmp' to '../../../../../../../Projects/FPS/FPS/Content/Maps/Level1.umap'
[2018.06.02-20.45.10:855][843]LogSavePackage: Display: Finished SavePackage ../../../../../../../Projects/FPS/FPS/Content/Maps/Level1.umap
[2018.06.02-20.45.10:914][843]Cmd: OBJ SAVEPACKAGE PACKAGE="/Game/Maps/Level1_BuiltData" FILE="../../../../../../../Projects/FPS/FPS/Content/Maps/Level1_BuiltData.uasset" SILENT=true
[2018.06.02-20.45.11:371][843]LogSavePackage: Save=398.93ms
[2018.06.02-20.45.11:371][843]LogSavePackage: Moving '../../../../../../../Projects/FPS/FPS/Saved/Level1_BuiltData5B76847D4E9353D80388C1937104F4BF.tmp' to '../../../../../../../Projects/FPS/FPS/Content/Maps/Level1_BuiltData.uasset'
[2018.06.02-20.45.11:384][843]LogSavePackage: Display: Finished SavePackage ../../../../../../../Projects/FPS/FPS/Content/Maps/Level1_BuiltData.uasset
[2018.06.02-20.46.04:270][353]LogHttp: Warning: 0000019C1C449780: request failed, libcurl error: 6 (Couldn't resolve host name)
[2018.06.02-20.46.04:270][353]LogHttp: Warning: 0000019C1C449780: libcurl info message cache 0 (Found bundle for host datarouter.ol.epicgames.com: 0x19c9165bfe8 [can pipeline])
[2018.06.02-20.46.04:271][353]LogHttp: Warning: 0000019C1C449780: libcurl info message cache 1 (Re-using existing connection! (#0) with host datarouter.ol.epicgames.com)
[2018.06.02-20.46.04:271][353]LogHttp: Warning: 0000019C1C449780: libcurl info message cache 2 (Connected to datarouter.ol.epicgames.com (34.237.41.97) port 443 (#0))
[2018.06.02-20.46.04:271][353]LogHttp: Warning: 0000019C1C449780: libcurl info message cache 3 (upload completely sent off: 851 out of 851 bytes)
[2018.06.02-20.46.04:272][353]LogHttp: Warning: 0000019C1C449780: libcurl info message cache 4 (TLSv1.2 (IN), TLS alert, Client hello (1):)
[2018.06.02-20.46.04:272][353]LogHttp: Warning: 0000019C1C449780: libcurl info message cache 5 (Connection died, retrying a fresh connect)
[2018.06.02-20.46.04:272][353]LogHttp: Warning: 0000019C1C449780: libcurl info message cache 6 (Closing connection 0)
[2018.06.02-20.46.04:272][353]LogHttp: Warning: 0000019C1C449780: libcurl info message cache 7 (TLSv1.2 (OUT), TLS alert, Client hello (1):)
[2018.06.02-20.46.04:273][353]LogHttp: Warning: 0000019C1C449780: libcurl info message cache 8 (Issue another request to this URL: 'https://datarouter.ol.epicgames.com/datarouter/api/v1/public/data?SessionID=%7B79EFE624-49DF-2E63-A3E2-20B9675395F6%7D&AppID=UEEditor.Rocket.Release&AppVersion=4.19.2-4033788%2B%2B%2BUE4%2BRelease-4.19&UserID=531ab3bb46dc6d570e8919a9b159b127%7C5ab92ee991c446c5b0f18c9a8a0db87d%7C75b9ec88-24f5-49ea-b159-dfbc7c28fd38&AppEnvironment=datacollector-binary&UploadType=eteventstream')
[2018.06.02-20.46.04:273][353]LogHttp: Warning: 0000019C1C449780: libcurl info message cache 9 (Could not resolve host: datarouter.ol.epicgames.com)
[2018.06.02-20.46.04:274][353]LogHttp: Warning: 0000019C1C449780: libcurl info message cache 10 (Closing connection 1)
[2018.06.02-20.47.10:414][676]LogSlate: FSceneViewport::OnFocusLost() reason 0
[2018.06.02-20.47.10:672][691]Candidate modules for hot reload:
[2018.06.02-20.47.10:672][691]  FPS
[2018.06.02-20.47.10:673][691]Launching UnrealBuildTool... [E:/Game Engines/Epic Games/4.19/UE_4.19/Engine/Binaries/DotNET/UnrealBuildTool.exe FPS -ModuleWithSuffix=FPS,3004 Win64 Development -editorrecompile -canskiplink "E:/Projects/FPS/FPS/FPS.uproject" ]
[2018.06.02-20.47.10:781][691]Warning: Starting HotReload took  0.2s.
[2018.06.02-20.48.04:300][ 55]LogHttp: Warning: 0000019C2F941480: request failed, libcurl error: 6 (Couldn't resolve host name)
[2018.06.02-20.48.04:300][ 55]LogHttp: Warning: 0000019C2F941480: libcurl info message cache 0 (Could not resolve host: datarouter.ol.epicgames.com)
[2018.06.02-20.48.04:301][ 55]LogHttp: Warning: 0000019C2F941480: libcurl info message cache 1 (Closing connection 2)
[2018.06.02-20.49.31:707][670]CompilerResultsLog: New page: Compilation - Jun 3, 2018, 12:49:31 AM
[2018.06.02-20.49.31:707][670]CompilerResultsLog: Using 'git status' to determine working set for adaptive non-unity build.
[2018.06.02-20.49.31:708][670]CompilerResultsLog: Creating makefile for hot reloading FPS (no existing makefile)
[2018.06.02-20.49.31:708][670]CompilerResultsLog: Compiling game modules for hot reload
[2018.06.02-20.49.31:708][670]CompilerResultsLog: Parsing headers for FPSEditor
[2018.06.02-20.49.31:708][670]CompilerResultsLog:   Running UnrealHeaderTool "E:\Projects\FPS\FPS\FPS.uproject" "E:\Projects\FPS\FPS\Intermediate\Build\Win64\FPSEditor\Development\FPSEditor.uhtmanifest" -LogCmds="loginit warning, logexit warning, logdatabase error" -Unattended -WarningsAsErrors -installed
[2018.06.02-20.49.31:709][670]CompilerResultsLog: Reflection code generated for FPSEditor in 12.3575688 seconds
[2018.06.02-20.49.31:709][670]CompilerResultsLog: Performing 4 actions (4 in parallel)
[2018.06.02-20.49.31:709][670]CompilerResultsLog: CoverPoint.cpp
[2018.06.02-20.49.31:709][670]CompilerResultsLog: CoverPoint.gen.cpp
[2018.06.02-20.49.31:710][670]CompilerResultsLog: [3/4] Link UE4Editor-FPS-3004.dll
[2018.06.02-20.49.31:710][670]CompilerResultsLog: [4/4] Link UE4Editor-FPS-3004.lib
[2018.06.02-20.49.31:710][670]CompilerResultsLog:    Creating library E:\Projects\FPS\FPS\Intermediate\Build\Win64\UE4Editor\Development\UE4Editor-FPS-3004.lib and object E:\Projects\FPS\FPS\Intermediate\Build\Win64\UE4Editor\Development\UE4Editor-FPS-3004.exp
[2018.06.02-20.49.31:711][670]CompilerResultsLog:    Creating library E:\Projects\FPS\FPS\Intermediate\Build\Win64\UE4Editor\Development\UE4Editor-FPS-3004.suppressed.lib and object E:\Projects\FPS\FPS\Intermediate\Build\Win64\UE4Editor\Development\UE4Editor-FPS-3004.suppressed.exp
[2018.06.02-20.49.31:711][670]CompilerResultsLog: Total build time: 140.23 seconds (Local executor: 85.00 seconds)
[2018.06.02-20.49.31:717][670]LogMainFrame: MainFrame: Module compiling took 141.105 seconds
[2018.06.02-20.49.31:814][670]LogClass: Could not find existing class CoverPoint in package /Script/FPS for HotReload, assuming new class
[2018.06.02-20.49.31:830][670]LogHotReload: Re-instancing CoverPoint after hot-reload.
[2018.06.02-20.49.32:235][670]LogContentBrowser: Native class hierarchy updated for 'FPS' in 0.0006 seconds. Added 7 classes and 3 folders.
[2018.06.02-20.49.32:237][670]Display: HotReload successful (1 functions remapped  0 scriptstructs remapped)
[2018.06.02-20.49.32:430][670]LogContentBrowser: Native class hierarchy populated in 0.0099 seconds. Added 2460 classes and 563 folders.
[2018.06.02-20.49.32:461][670]Display: HotReload took 141.9s.
[2018.06.02-20.49.38:149][247]LogSlate: FSceneViewport::OnFocusLost() reason 0
[2018.06.02-20.49.54:766][459]LogEditorViewport: Clicking on Actor (LMB): StaticMeshActor (pallet4)
[2018.06.02-20.49.57:642][726]LogSlate: FSceneViewport::OnFocusLost() reason 0
[2018.06.02-20.50.04:338][330]LogHttp: Warning: 0000019C1C46B880: request failed, libcurl error: 6 (Couldn't resolve host name)
[2018.06.02-20.50.04:338][330]LogHttp: Warning: 0000019C1C46B880: libcurl info message cache 0 (Could not resolve host: datarouter.ol.epicgames.com)
[2018.06.02-20.50.04:339][330]LogHttp: Warning: 0000019C1C46B880: libcurl info message cache 1 (Closing connection 3)
[2018.06.02-20.50.16:279][734]LogEditorActor: Deleted Actor: HOTRELOADED_CoverPoint_0
[2018.06.02-20.50.16:279][734]LogEditorActor: Deleted Actor: HOTRELOADED_CoverPoint_0
[2018.06.02-20.50.16:289][734]LogEditorActor: Deleted 2 Actors (0.016 secs)
[2018.06.02-20.50.26:410][802]LogSlate: Took 0.016141 seconds to synchronously load lazily loaded font '../../../Engine/Content/Slate/Fonts/Roboto-BoldCondensed.ttf' (158K)
[2018.06.02-20.50.37:381][968]LogContentBrowser: Native class hierarchy updated for 'BlueprintGraph' in 0.0015 seconds. Added 116 classes and 0 folders.
[2018.06.02-20.50.37:929][968]LogUObjectGlobals: Created PersistentFrame Addr=0x0000019ca9cf0c08, Size=4, Default__SKEL_PROTO_BP_AnimBlueprint_0_C Function /Engine/Transient.SKEL_PROTO_BP_AnimBlueprint_0_C:ExecuteUbergraph_PROTO_BP_AnimBlueprint_0
[2018.06.02-20.50.37:939][968]LogUObjectGlobals: Created PersistentFrame Addr=0x0000019ca9cf0c00, Size=4, Default__PROTO_BP_AnimBlueprint_0_C Function /Engine/Transient.PROTO_BP_AnimBlueprint_0_C:ExecuteUbergraph_PROTO_BP_AnimBlueprint_0
[2018.06.02-20.50.39:145][968]LogSlate: Window 'Add Blueprint Class' being destroyed
[2018.06.02-20.50.39:187][968]LogActor: Warning: BP_CoverPoint_C /Engine/Transient.World_3:PersistentLevel.BP_CoverPoint_C_0 has natively added scene component(s), but none of them were set as the actor's RootComponent - picking one arbitrarily
[2018.06.02-20.50.39:433][969]LogRenderer: Reallocating scene render targets to support 1208x900 Format 10 NumSamples 1 (Frame:1).
[2018.06.02-20.50.40:404][ 76]LogSlate: Took 0.015294 seconds to synchronously load lazily loaded font '../../../Engine/Content/Slate/Fonts/Roboto-Italic.ttf' (157K)
[2018.06.02-20.50.50:883][288]LogActor: Warning: BP_CoverPoint_C /Game/Maps/Level1.Level1:PersistentLevel.BP_CoverPoint_C_0 has natively added scene component(s), but none of them were set as the actor's RootComponent - picking one arbitrarily
[2018.06.02-20.50.51:832][392]LogActor: Warning: BP_CoverPoint_C /Game/Maps/Level1.Level1:PersistentLevel.BP_CoverPoint_C_1 has natively added scene component(s), but none of them were set as the actor's RootComponent - picking one arbitrarily
[2018.06.02-20.50.53:745][612]Cmd: DELETE
[2018.06.02-20.50.53:745][612]Cmd: ACTOR DELETE
[2018.06.02-20.50.53:972][612]LogEditorActor: Deleted Actor: BP_CoverPoint_C
[2018.06.02-20.50.54:010][612]LogEditorActor: Deleted 1 Actors (0.056 secs)
[2018.06.02-20.50.55:446][770]LogSlate: FSceneViewport::OnFocusLost() reason 2
[2018.06.02-20.50.55:450][770]Cmd: OBJ SAVEPACKAGE PACKAGE="/Game/Maps/Level1" FILE="../../../../../../../Projects/FPS/FPS/Content/Maps/Level1.umap" SILENT=true AUTOSAVING=false KEEPDIRTY=false
[2018.06.02-20.50.55:794][770]LogSavePackage: Save=207.80ms
[2018.06.02-20.50.55:795][770]LogSavePackage: Moving '../../../../../../../Projects/FPS/FPS/Saved/Level1EF53DBC9497A5DC5F72767AADAF25B83.tmp' to '../../../../../../../Projects/FPS/FPS/Content/Maps/Level1.umap'
[2018.06.02-20.50.55:800][770]LogSavePackage: Display: Finished SavePackage ../../../../../../../Projects/FPS/FPS/Content/Maps/Level1.umap
[2018.06.02-20.50.55:838][770]Cmd: OBJ SAVEPACKAGE PACKAGE="/Game/Maps/Level1_BuiltData" FILE="../../../../../../../Projects/FPS/FPS/Content/Maps/Level1_BuiltData.uasset" SILENT=true
[2018.06.02-20.50.56:135][770]LogSavePackage: Save=227.26ms
[2018.06.02-20.50.56:135][770]LogSavePackage: Moving '../../../../../../../Projects/FPS/FPS/Saved/Level1_BuiltData7D14698A4520CDF56368AB8689D3A3C8.tmp' to '../../../../../../../Projects/FPS/FPS/Content/Maps/Level1_BuiltData.uasset'
[2018.06.02-20.50.56:136][770]LogSavePackage: Display: Finished SavePackage ../../../../../../../Projects/FPS/FPS/Content/Maps/Level1_BuiltData.uasset
[2018.06.02-20.50.59:771][188]LogEditorViewport: Clicking on Actor (LMB): StaticMeshActor (pallet4)
[2018.06.02-20.51.01:415][370]LogSlate: FSceneViewport::OnFocusLost() reason 0
[2018.06.02-20.51.51:983][191]LogEditorActor: Deleted Actor: HOTRELOADED_CoverPoint_0
[2018.06.02-20.51.51:983][191]LogEditorActor: Deleted Actor: HOTRELOADED_CoverPoint_0
[2018.06.02-20.51.52:001][191]LogEditorActor: Deleted 2 Actors (0.024 secs)
[2018.06.02-20.51.54:312][466]LogSlate: Window 'CoverPointGenerator' being destroyed
[2018.06.02-20.51.54:316][466]LogSlate: Window 'CoverPointGenerator' being destroyed
[2018.06.02-20.51.57:085][788]Cmd: OBJ SAVEPACKAGE PACKAGE="/Game/Blueprints/BP_CoverPoint" FILE="../../../../../../../Projects/FPS/FPS/Content/Blueprints/BP_CoverPoint.uasset" SILENT=true
[2018.06.02-20.51.57:132][788]LogSavePackage: Save=43.74ms
[2018.06.02-20.51.57:133][788]LogSavePackage: Moving '../../../../../../../Projects/FPS/FPS/Saved/BP_CoverPointE6AE3B88484BD23BBC48AB963C9E8B06.tmp' to '../../../../../../../Projects/FPS/FPS/Content/Blueprints/BP_CoverPoint.uasset'
[2018.06.02-20.51.57:136][788]LogSavePackage: Display: Finished SavePackage ../../../../../../../Projects/FPS/FPS/Content/Blueprints/BP_CoverPoint.uasset
