Log file open, 06/27/18 15:32:31
LogWindows: Failed to load 'aqProf.dll' (GetLastError=126)
LogWindows: File 'aqProf.dll' does not exist
LogWindows: Failed to load 'VtuneApi.dll' (GetLastError=126)
LogWindows: File 'VtuneApi.dll' does not exist
LogWindows: Failed to load 'VtuneApi32e.dll' (GetLastError=126)
LogWindows: File 'VtuneApi32e.dll' does not exist
LogInit: Display: Running engine for game: FPS
LogPlatformFile: Not using cached read wrapper
LogInit: Display: RandInit(-2073483111) SRandInit(-2073483111).
LogInit: Read version file with build ID '3944462'
LogInit: Overriding engine version to CL 4033788, compatible CL 3944462
LogInit: Registered custom module enumerator with build ID '3944462'
LogTaskGraph: Started task graph with 5 named threads and 23 total threads with 3 sets of task threads.
LogStats: Stats thread started at 1.534837
LogD3D11RHI: Aftermath initialized
LogICUInternationalization: Display: ICU TimeZone Detection - Raw Offset: +1:00, Platform Override: ''
LogPluginManager: Mounting plugin Paper2D
LogPluginManager: Mounting plugin LiveLink
LogPluginManager: Mounting plugin LightPropagationVolume
LogPluginManager: Mounting plugin CLionSourceCodeAccess
LogPluginManager: Mounting plugin CodeLiteSourceCodeAccess
LogPluginManager: Mounting plugin GitSourceControl
LogPluginManager: Mounting plugin KDevelopSourceCodeAccess
LogPluginManager: Mounting plugin NullSourceCodeAccess
LogPluginManager: Mounting plugin PerforceSourceControl
LogPluginManager: Mounting plugin SubversionSourceControl
LogPluginManager: Mounting plugin UObjectPlugin
LogPluginManager: Mounting plugin VisualStudioCodeSourceCodeAccess
LogPluginManager: Mounting plugin VisualStudioSourceCodeAccess
LogPluginManager: Mounting plugin XCodeSourceCodeAccess
LogPluginManager: Mounting plugin AssetManagerEditor
LogPluginManager: Mounting plugin CryptoKeys
LogPluginManager: Mounting plugin DataValidation
LogPluginManager: Mounting plugin FacialAnimation
LogPluginManager: Mounting plugin GameplayTagsEditor
LogPluginManager: Mounting plugin MobileLauncherProfileWizard
LogPluginManager: Mounting plugin PluginBrowser
LogPluginManager: Mounting plugin SpeedTreeImporter
LogPluginManager: Mounting plugin DatasmithContent
LogPluginManager: Mounting plugin AlembicImporter
LogPluginManager: Mounting plugin CharacterAI
LogPluginManager: Mounting plugin HTML5Networking
LogPluginManager: Mounting plugin AndroidMedia
LogPluginManager: Mounting plugin AvfMedia
LogPluginManager: Mounting plugin ImgMedia
LogPluginManager: Mounting plugin LinearTimecode
LogPluginManager: Mounting plugin MediaCompositing
LogPluginManager: Mounting plugin MediaPlayerEditor
LogPluginManager: Mounting plugin WmfMedia
LogPluginManager: Mounting plugin TcpMessaging
LogPluginManager: Mounting plugin UdpMessaging
LogPluginManager: Mounting plugin ActorSequence
LogPluginManager: Mounting plugin LevelSequenceEditor
LogPluginManager: Mounting plugin MatineeToLevelSequence
LogPluginManager: Mounting plugin NetcodeUnitTest
LogPluginManager: Mounting plugin NUTUnrealEngine4
LogPluginManager: Mounting plugin OnlineSubsystemGooglePlay
LogPluginManager: Mounting plugin OnlineSubsystemIOS
LogPluginManager: Mounting plugin OnlineSubsystem
LogPluginManager: Mounting plugin OnlineSubsystemNull
LogPluginManager: Mounting plugin OnlineSubsystemUtils
LogPluginManager: Mounting plugin AndroidDeviceProfileSelector
LogPluginManager: Mounting plugin AndroidMoviePlayer
LogPluginManager: Mounting plugin AndroidPermission
LogPluginManager: Mounting plugin AppleARKit
LogPluginManager: Mounting plugin AppleMoviePlayer
LogPluginManager: Mounting plugin ArchVisCharacter
LogPluginManager: Mounting plugin AudioCapture
LogPluginManager: Mounting plugin CableComponent
LogPluginManager: Mounting plugin CustomMeshComponent
LogPluginManager: Mounting plugin ExampleDeviceProfileSelector
LogPluginManager: Mounting plugin GoogleCloudMessaging
LogPluginManager: Mounting plugin ImmediatePhysics
LogPluginManager: Mounting plugin IOSDeviceProfileSelector
LogPluginManager: Mounting plugin LinuxDeviceProfileSelector
LogPluginManager: Mounting plugin LocationServicesBPLibrary
LogPluginManager: Mounting plugin MobilePatchingUtils
LogPluginManager: Mounting plugin OculusVR
LogPluginManager: Plugin shader directory ../../../Engine/Plugins/Runtime/Oculus/OculusVR/Shaders found
LogPluginManager: Mapping shader source directory ../../../Engine/Plugins/Runtime/Oculus/OculusVR/Shaders to virtual directory /Plugin/OculusVR
LogPluginManager: Mounting plugin PhysXVehicles
LogPluginManager: Mounting plugin ProceduralMeshComponent
LogPluginManager: Mounting plugin RuntimePhysXCooking
LogPluginManager: Mounting plugin SteamVR
LogPluginManager: Mounting plugin WindowsMoviePlayer
LogPluginManager: Mounting plugin CoverPointGenerator
LogStreaming: Display: Took  0.153s to configure plugins.
LogModuleManager: Display: Found up-to-date module file ../../../../../SpareTime/Unreal/FPS/FPS/Binaries/Win64/UE4Editor-FPS.dll (API version 3944462).
LogModuleManager: Display: Found up-to-date module file ../../../Engine/Plugins/2D/Paper2D/Binaries/Win64/UE4Editor-Paper2D.dll (API version 3944462).
LogModuleManager: Display: Found up-to-date module file ../../../Engine/Plugins/2D/Paper2D/Binaries/Win64/UE4Editor-Paper2DEditor.dll (API version 3944462).
LogModuleManager: Display: Found up-to-date module file ../../../Engine/Plugins/2D/Paper2D/Binaries/Win64/UE4Editor-PaperSpriteSheetImporter.dll (API version 3944462).
LogModuleManager: Display: Found up-to-date module file ../../../Engine/Plugins/2D/Paper2D/Binaries/Win64/UE4Editor-PaperTiledImporter.dll (API version 3944462).
LogModuleManager: Display: Found up-to-date module file ../../../Engine/Plugins/2D/Paper2D/Binaries/Win64/UE4Editor-SmartSnapping.dll (API version 3944462).
LogModuleManager: Display: Found up-to-date module file ../../../Engine/Plugins/Animation/LiveLink/Binaries/Win64/UE4Editor-LiveLink.dll (API version 3944462).
LogModuleManager: Display: Found up-to-date module file ../../../Engine/Plugins/Animation/LiveLink/Binaries/Win64/UE4Editor-LiveLinkEditor.dll (API version 3944462).
LogModuleManager: Display: Found up-to-date module file ../../../Engine/Plugins/Blendables/LightPropagationVolume/Binaries/Win64/UE4Editor-LightPropagationVolumeRuntime.dll (API version 3944462).
LogModuleManager: Display: Found up-to-date module file ../../../Engine/Plugins/Blendables/LightPropagationVolume/Binaries/Win64/UE4Editor-LightPropagationVolumeEditor.dll (API version 3944462).
LogModuleManager: Display: Found up-to-date module file ../../../Engine/Plugins/Developer/CLionSourceCodeAccess/Binaries/Win64/UE4Editor-CLionSourceCodeAccess.dll (API version 3944462).
LogModuleManager: Display: Found up-to-date module file ../../../Engine/Plugins/Developer/GitSourceControl/Binaries/Win64/UE4Editor-GitSourceControl.dll (API version 3944462).
LogModuleManager: Display: Found up-to-date module file ../../../Engine/Plugins/Developer/PerforceSourceControl/Binaries/Win64/UE4Editor-PerforceSourceControl.dll (API version 3944462).
LogModuleManager: Display: Found up-to-date module file ../../../Engine/Plugins/Developer/SubversionSourceControl/Binaries/Win64/UE4Editor-SubversionSourceControl.dll (API version 3944462).
LogModuleManager: Display: Found up-to-date module file ../../../Engine/Plugins/Developer/UObjectPlugin/Binaries/Win64/UE4Editor-UObjectPlugin.dll (API version 3944462).
LogModuleManager: Display: Found up-to-date module file ../../../Engine/Plugins/Developer/VisualStudioCodeSourceCodeAccess/Binaries/Win64/UE4Editor-VisualStudioCodeSourceCodeAccess.dll (API version 3944462).
LogModuleManager: Display: Found up-to-date module file ../../../Engine/Plugins/Developer/VisualStudioSourceCodeAccess/Binaries/Win64/UE4Editor-VisualStudioSourceCodeAccess.dll (API version 3944462).
LogModuleManager: Display: Found up-to-date module file ../../../Engine/Plugins/Editor/AssetManagerEditor/Binaries/Win64/UE4Editor-AssetManagerEditor.dll (API version 3944462).
LogModuleManager: Display: Found up-to-date module file ../../../Engine/Plugins/Editor/CryptoKeys/Binaries/Win64/UE4Editor-CryptoKeys.dll (API version 3944462).
LogModuleManager: Display: Found up-to-date module file ../../../Engine/Plugins/Editor/CryptoKeys/Binaries/Win64/UE4Editor-CryptoKeysOpenSSL.dll (API version 3944462).
LogModuleManager: Display: Found up-to-date module file ../../../Engine/Plugins/Editor/DataValidation/Binaries/Win64/UE4Editor-DataValidation.dll (API version 3944462).
LogModuleManager: Display: Found up-to-date module file ../../../Engine/Plugins/Editor/FacialAnimation/Binaries/Win64/UE4Editor-FacialAnimation.dll (API version 3944462).
LogModuleManager: Display: Found up-to-date module file ../../../Engine/Plugins/Editor/FacialAnimation/Binaries/Win64/UE4Editor-FacialAnimationEditor.dll (API version 3944462).
LogModuleManager: Display: Found up-to-date module file ../../../Engine/Plugins/Editor/GameplayTagsEditor/Binaries/Win64/UE4Editor-GameplayTagsEditor.dll (API version 3944462).
LogModuleManager: Display: Found up-to-date module file ../../../Engine/Plugins/Editor/MobileLauncherProfileWizard/Binaries/Win64/UE4Editor-MobileLauncherProfileWizard.dll (API version 3944462).
LogModuleManager: Display: Found up-to-date module file ../../../Engine/Plugins/Editor/PluginBrowser/Binaries/Win64/UE4Editor-PluginBrowser.dll (API version 3944462).
LogModuleManager: Display: Found up-to-date module file ../../../Engine/Plugins/Editor/SpeedTreeImporter/Binaries/Win64/UE4Editor-SpeedTreeImporter.dll (API version 3944462).
LogModuleManager: Display: Found up-to-date module file ../../../Engine/Plugins/Enterprise/DatasmithContent/Binaries/Win64/UE4Editor-DatasmithContent.dll (API version 3944462).
LogModuleManager: Display: Found up-to-date module file ../../../Engine/Plugins/Experimental/AlembicImporter/Binaries/Win64/UE4Editor-AlembicImporter.dll (API version 3944462).
LogModuleManager: Display: Found up-to-date module file ../../../Engine/Plugins/Experimental/AlembicImporter/Binaries/Win64/UE4Editor-AlembicLibrary.dll (API version 3944462).
LogModuleManager: Display: Found up-to-date module file ../../../Engine/Plugins/Experimental/CharacterAI/Binaries/Win64/UE4Editor-CharacterAI.dll (API version 3944462).
LogModuleManager: Display: Found up-to-date module file ../../../Engine/Plugins/Experimental/HTML5Networking/Binaries/Win64/UE4Editor-HTML5Networking.dll (API version 3944462).
LogModuleManager: Display: Found up-to-date module file ../../../Engine/Plugins/Media/AndroidMedia/Binaries/Win64/UE4Editor-AndroidMediaEditor.dll (API version 3944462).
LogModuleManager: Display: Found up-to-date module file ../../../Engine/Plugins/Media/AndroidMedia/Binaries/Win64/UE4Editor-AndroidMediaFactory.dll (API version 3944462).
LogModuleManager: Display: Found up-to-date module file ../../../Engine/Plugins/Media/AvfMedia/Binaries/Win64/UE4Editor-AvfMediaEditor.dll (API version 3944462).
LogModuleManager: Display: Found up-to-date module file ../../../Engine/Plugins/Media/AvfMedia/Binaries/Win64/UE4Editor-AvfMediaFactory.dll (API version 3944462).
LogModuleManager: Display: Found up-to-date module file ../../../Engine/Plugins/Media/AvfMedia/Binaries/Win64/UE4Editor-AvfMediaFactory.dll (API version 3944462).
LogModuleManager: Display: Found up-to-date module file ../../../Engine/Plugins/Media/ImgMedia/Binaries/Win64/UE4Editor-ImgMedia.dll (API version 3944462).
LogModuleManager: Display: Found up-to-date module file ../../../Engine/Plugins/Media/ImgMedia/Binaries/Win64/UE4Editor-ImgMediaEditor.dll (API version 3944462).
LogModuleManager: Display: Found up-to-date module file ../../../Engine/Plugins/Media/ImgMedia/Binaries/Win64/UE4Editor-ImgMediaFactory.dll (API version 3944462).
LogModuleManager: Display: Found up-to-date module file ../../../Engine/Plugins/Media/ImgMedia/Binaries/Win64/UE4Editor-ImgMediaFactory.dll (API version 3944462).
LogModuleManager: Display: Found up-to-date module file ../../../Engine/Plugins/Media/ImgMedia/Binaries/Win64/UE4Editor-OpenExrWrapper.dll (API version 3944462).
LogModuleManager: Display: Found up-to-date module file ../../../Engine/Plugins/Media/LinearTimecode/Binaries/Win64/UE4Editor-LinearTimecode.dll (API version 3944462).
LogModuleManager: Display: Found up-to-date module file ../../../Engine/Plugins/Media/MediaCompositing/Binaries/Win64/UE4Editor-MediaCompositing.dll (API version 3944462).
LogModuleManager: Display: Found up-to-date module file ../../../Engine/Plugins/Media/MediaCompositing/Binaries/Win64/UE4Editor-MediaCompositingEditor.dll (API version 3944462).
LogModuleManager: Display: Found up-to-date module file ../../../Engine/Plugins/Media/MediaPlayerEditor/Binaries/Win64/UE4Editor-MediaPlayerEditor.dll (API version 3944462).
LogModuleManager: Display: Found up-to-date module file ../../../Engine/Plugins/Media/WmfMedia/Binaries/Win64/UE4Editor-WmfMedia.dll (API version 3944462).
LogModuleManager: Display: Found up-to-date module file ../../../Engine/Plugins/Media/WmfMedia/Binaries/Win64/UE4Editor-WmfMediaEditor.dll (API version 3944462).
LogModuleManager: Display: Found up-to-date module file ../../../Engine/Plugins/Media/WmfMedia/Binaries/Win64/UE4Editor-WmfMediaFactory.dll (API version 3944462).
LogModuleManager: Display: Found up-to-date module file ../../../Engine/Plugins/Media/WmfMedia/Binaries/Win64/UE4Editor-WmfMediaFactory.dll (API version 3944462).
LogModuleManager: Display: Found up-to-date module file ../../../Engine/Plugins/Messaging/TcpMessaging/Binaries/Win64/UE4Editor-TcpMessaging.dll (API version 3944462).
LogModuleManager: Display: Found up-to-date module file ../../../Engine/Plugins/Messaging/UdpMessaging/Binaries/Win64/UE4Editor-UdpMessaging.dll (API version 3944462).
LogModuleManager: Display: Found up-to-date module file ../../../Engine/Plugins/MovieScene/ActorSequence/Binaries/Win64/UE4Editor-ActorSequence.dll (API version 3944462).
LogModuleManager: Display: Found up-to-date module file ../../../Engine/Plugins/MovieScene/LevelSequenceEditor/Binaries/Win64/UE4Editor-LevelSequenceEditor.dll (API version 3944462).
LogModuleManager: Display: Found up-to-date module file ../../../Engine/Plugins/MovieScene/MatineeToLevelSequence/Binaries/Win64/UE4Editor-MatineeToLevelSequence.dll (API version 3944462).
LogModuleManager: Display: Found up-to-date module file ../../../Engine/Plugins/NetcodeUnitTest/NetcodeUnitTest/Binaries/Win64/UE4Editor-NetcodeUnitTest.dll (API version 3944462).
LogModuleManager: Display: Found up-to-date module file ../../../Engine/Plugins/NetcodeUnitTest/NUTUnrealEngine4/Binaries/Win64/UE4Editor-NUTUnrealEngine4.dll (API version 3944462).
LogModuleManager: Display: Found up-to-date module file ../../../Engine/Plugins/Online/OnlineSubsystem/Binaries/Win64/UE4Editor-OnlineSubsystem.dll (API version 3944462).
LogModuleManager: Display: Found up-to-date module file ../../../Engine/Plugins/Online/OnlineSubsystemNull/Binaries/Win64/UE4Editor-OnlineSubsystemNull.dll (API version 3944462).
LogModuleManager: Display: Found up-to-date module file ../../../Engine/Plugins/Online/OnlineSubsystemUtils/Binaries/Win64/UE4Editor-OnlineSubsystemUtils.dll (API version 3944462).
LogModuleManager: Display: Found up-to-date module file ../../../Engine/Plugins/Online/OnlineSubsystemUtils/Binaries/Win64/UE4Editor-OnlineBlueprintSupport.dll (API version 3944462).
LogModuleManager: Display: Found up-to-date module file ../../../Engine/Plugins/Runtime/AndroidDeviceProfileSelector/Binaries/Win64/UE4Editor-AndroidDeviceProfileSelector.dll (API version 3944462).
LogModuleManager: Display: Found up-to-date module file ../../../Engine/Plugins/Runtime/AndroidPermission/Binaries/Win64/UE4Editor-AndroidPermission.dll (API version 3944462).
LogModuleManager: Display: Found up-to-date module file ../../../Engine/Plugins/Runtime/AppleARKit/Binaries/Win64/UE4Editor-AppleARKit.dll (API version 3944462).
LogModuleManager: Display: Found up-to-date module file ../../../Engine/Plugins/Runtime/ArchVisCharacter/Binaries/Win64/UE4Editor-ArchVisCharacter.dll (API version 3944462).
LogModuleManager: Display: Found up-to-date module file ../../../Engine/Plugins/Runtime/AudioCapture/Binaries/Win64/UE4Editor-AudioCapture.dll (API version 3944462).
LogModuleManager: Display: Found up-to-date module file ../../../Engine/Plugins/Runtime/AudioCapture/Binaries/Win64/UE4Editor-AudioCaptureEditor.dll (API version 3944462).
LogModuleManager: Display: Found up-to-date module file ../../../Engine/Plugins/Runtime/CableComponent/Binaries/Win64/UE4Editor-CableComponent.dll (API version 3944462).
LogModuleManager: Display: Found up-to-date module file ../../../Engine/Plugins/Runtime/CustomMeshComponent/Binaries/Win64/UE4Editor-CustomMeshComponent.dll (API version 3944462).
LogModuleManager: Display: Found up-to-date module file ../../../Engine/Plugins/Runtime/ExampleDeviceProfileSelector/Binaries/Win64/UE4Editor-ExampleDeviceProfileSelector.dll (API version 3944462).
LogModuleManager: Display: Found up-to-date module file ../../../Engine/Plugins/Runtime/ImmediatePhysics/Binaries/Win64/UE4Editor-ImmediatePhysics.dll (API version 3944462).
LogModuleManager: Display: Found up-to-date module file ../../../Engine/Plugins/Runtime/ImmediatePhysics/Binaries/Win64/UE4Editor-ImmediatePhysicsEditor.dll (API version 3944462).
LogModuleManager: Display: Found up-to-date module file ../../../Engine/Plugins/Runtime/LocationServicesBPLibrary/Binaries/Win64/UE4Editor-LocationServicesBPLibrary.dll (API version 3944462).
LogModuleManager: Display: Found up-to-date module file ../../../Engine/Plugins/Runtime/MobilePatchingUtils/Binaries/Win64/UE4Editor-MobilePatchingUtils.dll (API version 3944462).
LogModuleManager: Display: Found up-to-date module file ../../../Engine/Plugins/Runtime/Oculus/OculusVR/Binaries/Win64/UE4Editor-OculusHMD.dll (API version 3944462).
LogModuleManager: Display: Found up-to-date module file ../../../Engine/Plugins/Runtime/Oculus/OculusVR/Binaries/Win64/UE4Editor-OculusInput.dll (API version 3944462).
LogModuleManager: Display: Found up-to-date module file ../../../Engine/Plugins/Runtime/Oculus/OculusVR/Binaries/Win64/UE4Editor-OculusEditor.dll (API version 3944462).
LogModuleManager: Display: Found up-to-date module file ../../../Engine/Plugins/Runtime/PhysXVehicles/Binaries/Win64/UE4Editor-PhysXVehicles.dll (API version 3944462).
LogModuleManager: Display: Found up-to-date module file ../../../Engine/Plugins/Runtime/PhysXVehicles/Binaries/Win64/UE4Editor-PhysXVehiclesEditor.dll (API version 3944462).
LogModuleManager: Display: Found up-to-date module file ../../../Engine/Plugins/Runtime/ProceduralMeshComponent/Binaries/Win64/UE4Editor-ProceduralMeshComponent.dll (API version 3944462).
LogModuleManager: Display: Found up-to-date module file ../../../Engine/Plugins/Runtime/ProceduralMeshComponent/Binaries/Win64/UE4Editor-ProceduralMeshComponentEditor.dll (API version 3944462).
LogModuleManager: Display: Found up-to-date module file ../../../Engine/Plugins/Runtime/RuntimePhysXCooking/Binaries/Win64/UE4Editor-RuntimePhysXCooking.dll (API version 3944462).
LogModuleManager: Display: Found up-to-date module file ../../../Engine/Plugins/Runtime/Steam/SteamVR/Binaries/Win64/UE4Editor-SteamVR.dll (API version 3944462).
LogModuleManager: Display: Found up-to-date module file ../../../Engine/Plugins/Runtime/Steam/SteamVR/Binaries/Win64/UE4Editor-SteamVRController.dll (API version 3944462).
LogModuleManager: Display: Found up-to-date module file ../../../Engine/Plugins/Runtime/WindowsMoviePlayer/Binaries/Win64/UE4Editor-WindowsMoviePlayer.dll (API version 3944462).
LogModuleManager: Display: Found up-to-date module file ../../../../../SpareTime/Unreal/FPS/FPS/Plugins/CoverPointGenerator/Binaries/Win64/UE4Editor-CoverPointGenerator.dll (API version 3944462).
LogInit: Using libcurl 7.47.1
LogInit:  - built for x86_64-pc-win32
LogInit:  - supports SSL with OpenSSL/1.0.2g
LogInit:  - supports HTTP deflate (compression) using libz 1.2.8
LogInit:  - other features:
LogInit:      CURL_VERSION_SSL
LogInit:      CURL_VERSION_LIBZ
LogInit:      CURL_VERSION_IPV6
LogInit:      CURL_VERSION_ASYNCHDNS
LogInit:      CURL_VERSION_LARGEFILE
LogInit:      CURL_VERSION_IDN
LogInit:  CurlRequestOptions (configurable via config and command line):
LogInit:  - bVerifyPeer = false  - Libcurl will NOT verify peer certificate
LogInit:  - bUseHttpProxy = false  - Libcurl will NOT use HTTP proxy
LogInit:  - bDontReuseConnections = false  - Libcurl will reuse connections
LogInit:  - CertBundlePath = nullptr  - Libcurl will use whatever was configured at build time.
LogInit:  - MaxHostConnections = 16  - Libcurl will limit the number of connections to a host
LogInit:  - LocalHostAddr = Default
LogInit: WinSock: version 1.1 (2.2), MaxSocks=32767, MaxUdp=65467
LogInit: WinSock: I am Tom-Laptop (192.168.1.100:0)
LogInit: Build: ++UE4+Release-4.19-CL-4033788
LogInit: Engine Version: 4.19.2-4033788+++UE4+Release-4.19
LogInit: Compatible Engine Version: 4.19.0-3944462+++UE4+Release-4.19
LogInit: Net CL: 3944462
LogDevObjectVersion: Number of dev versions registered: 18
LogDevObjectVersion:   Dev-Blueprints (B0D832E4-1F89-4F0D-ACCF-7EB736FD4AA2): 10
LogDevObjectVersion:   Dev-Build (E1C64328-A22C-4D53-A36C-8E866417BD8C): 0
LogDevObjectVersion:   Dev-Core (375EC13C-06E4-48FB-B500-84F0262A717E): 2
LogDevObjectVersion:   Dev-Editor (E4B068ED-F494-42E9-A231-DA0B2E46BB41): 23
LogDevObjectVersion:   Dev-Framework (CFFC743F-43B0-4480-9391-14DF171D2073): 33
LogDevObjectVersion:   Dev-Mobile (B02B49B5-BB20-44E9-A304-32B752E40360): 2
LogDevObjectVersion:   Dev-Networking (A4E4105C-59A1-49B5-A7C5-40C4547EDFEE): 0
LogDevObjectVersion:   Dev-Online (39C831C9-5AE6-47DC-9A44-9C173E1C8E7C): 0
LogDevObjectVersion:   Dev-Physics (78F01B33-EBEA-4F98-B9B4-84EACCB95AA2): 0
LogDevObjectVersion:   Dev-Platform (6631380F-2D4D-43E0-8009-CF276956A95A): 0
LogDevObjectVersion:   Dev-Rendering (12F88B9F-8875-4AFC-A67C-D90C383ABD29): 25
LogDevObjectVersion:   Dev-Sequencer (7B5AE74C-D270-4C10-A958-57980B212A5A): 6
LogDevObjectVersion:   Dev-VR (D7296918-1DD6-4BDD-9DE2-64A83CC13884): 1
LogDevObjectVersion:   Dev-LoadTimes (C2A15278-BFE7-4AFE-6C17-90FF531DF755): 1
LogDevObjectVersion:   Private-Geometry (6EACA3D4-40EC-4CC1-B786-8BED09428FC5): 2
LogDevObjectVersion:   Dev-AnimPhys (29E575DD-E0A3-4627-9D10-D276232CDCEA): 16
LogDevObjectVersion:   Dev-ReflectionCapture (6B266CEC-1EC7-4B8F-A30B-E4D90942FC07): 1
LogDevObjectVersion:   Dev-Automation (0DF73D61-A23F-47EA-B727-89E90C41499A): 1
LogInit: Compiled (64-bit): Apr 27 2018 02:06:57
LogInit: Compiled with Visual C++: 19.00.24215.01
LogInit: Build Configuration: Development
LogInit: Branch Name: ++UE4+Release-4.19
LogInit: Command Line:  -skipcompile
LogInit: Base Directory: D:/Epic Games/UE_4.19/Engine/Binaries/Win64/
LogInit: Installed Engine Build: 1
LogStreaming: Display: Took  0.003s to delete old logs.
LogInit: Presizing for max 8388607 objects, including 0 objects not considered by GC, pre-allocating 0 bytes for permanent pool.
LogInit: Object subsystem initialized
[2018.06.27-13.32.34:379][  0]LogInit: Selected Device Profile: [Windows]
[2018.06.27-13.32.34:380][  0]LogInit: Applying CVar settings loaded from the selected device profile: [Windows]
[2018.06.27-13.32.34:431][  0]LogInit: Computer: TOM-LAPTOP
[2018.06.27-13.32.34:431][  0]LogInit: User: tomco
[2018.06.27-13.32.34:431][  0]LogInit: CPU Page size=4096, Cores=4
[2018.06.27-13.32.34:432][  0]LogInit: High frequency timer resolution =2.531254 MHz
[2018.06.27-13.32.34:433][  0]LogMemory: Memory total: Physical=7.9GB (8GB approx)
[2018.06.27-13.32.34:433][  0]LogMemory: Platform Memory Stats for Windows
[2018.06.27-13.32.34:433][  0]LogMemory: Process Physical Memory: 279.26 MB used, 279.68 MB peak
[2018.06.27-13.32.34:433][  0]LogMemory: Process Virtual Memory: 269.88 MB used, 269.88 MB peak
[2018.06.27-13.32.34:433][  0]LogMemory: Physical Memory: 6198.25 MB used,  1892.28 MB free, 8090.52 MB total
[2018.06.27-13.32.34:433][  0]LogMemory: Virtual Memory: 4799.37 MB used,  1892.28 MB free, 134217728.00 MB total
[2018.06.27-13.32.34:702][  0]LogInit: Using OS detected language (en-US).
[2018.06.27-13.32.34:703][  0]LogInit: Using OS detected locale (en-US).
[2018.06.27-13.32.34:729][  0]LogTextLocalizationManager: No specific localization for 'en-US' exists, so the 'en' localization will be used.
[2018.06.27-13.32.35:335][  0]LogStreaming: Display: Took  0.631s to EndInitTextLocalization.
[2018.06.27-13.32.35:337][  0]LogInit: Setting process to per monitor DPI aware
[2018.06.27-13.32.35:439][  0]LogSlate: New Slate User Created.  User Index 0, Is Virtual User: 0
[2018.06.27-13.32.35:439][  0]LogSlate: Slate User Registered.  User Index 0, Is Virtual User: 0
[2018.06.27-13.32.36:077][  0]LogD3D11RHI: D3D11 adapters:
[2018.06.27-13.32.36:203][  0]LogD3D11RHI:    0. 'NVIDIA GeForce GTX 960M' (Feature Level 11_0)
[2018.06.27-13.32.36:204][  0]LogD3D11RHI:       2019/0/4045 MB DedicatedVideo/DedicatedSystem/SharedSystem, Outputs:1, VendorId:0x10de
[2018.06.27-13.32.36:245][  0]LogD3D11RHI:    1. 'Intel(R) HD Graphics 530' (Feature Level 11_0)
[2018.06.27-13.32.36:245][  0]LogD3D11RHI:       128/0/4045 MB DedicatedVideo/DedicatedSystem/SharedSystem, Outputs:0, VendorId:0x8086
[2018.06.27-13.32.36:258][  0]LogD3D11RHI:    2. 'Microsoft Basic Render Driver' (Feature Level 11_0)
[2018.06.27-13.32.36:258][  0]LogD3D11RHI:       0/0/4045 MB DedicatedVideo/DedicatedSystem/SharedSystem, Outputs:0, VendorId:0x1414
[2018.06.27-13.32.36:258][  0]LogD3D11RHI: Chosen D3D11 Adapter: 0
[2018.06.27-13.32.36:297][  0]LogD3D11RHI: Creating new Direct3DDevice
[2018.06.27-13.32.36:297][  0]LogD3D11RHI:     GPU DeviceId: 0x139b (for the marketing name, search the web for "GPU Device Id")
[2018.06.27-13.32.36:297][  0]LogWindows: EnumDisplayDevices:
[2018.06.27-13.32.36:297][  0]LogWindows:    0. 'Intel(R) HD Graphics 530' (P:1 D:1)
[2018.06.27-13.32.36:298][  0]LogWindows:    1. 'Intel(R) HD Graphics 530' (P:0 D:0)
[2018.06.27-13.32.36:298][  0]LogWindows:    2. 'Intel(R) HD Graphics 530' (P:0 D:0)
[2018.06.27-13.32.36:298][  0]LogWindows: DebugString: GetVideoDriverDetailsInvalid PrimaryIsNotTheChoosenAdapter GetVideoDriverDetailsInvalid PrimaryIsNotTheChoosenAdapter GetVideoDriverDetailsInvalid PrimaryIsNotTheChoosenAdapter FoundDriverCount:0 
[2018.06.27-13.32.36:299][  0]LogD3D11RHI:     Adapter Name: NVIDIA GeForce GTX 960M
[2018.06.27-13.32.36:299][  0]LogD3D11RHI:   Driver Version: Unknown (internal:Unknown, unified:Unknown)
[2018.06.27-13.32.36:299][  0]LogD3D11RHI:      Driver Date: Unknown
[2018.06.27-13.32.36:299][  0]LogRHI: Texture pool is 1413 MB (70% of 2019 MB)
[2018.06.27-13.32.36:345][  0]LogD3D11RHI: [Aftermath] Aftermath enabled but failed to initialize
[2018.06.27-13.32.36:346][  0]LogD3D11RHI: [Aftermath] Aftermath enabled and primed
[2018.06.27-13.32.36:346][  0]LogD3D11RHI: Async texture creation enabled
[2018.06.27-13.32.36:410][  0]LogD3D11RHI: GPU Timing Frequency: 1000.000000 (Debug: 2 1)
[2018.06.27-13.32.36:428][  0]LogShaderCompilers: Guid format shader working directory is 6 characters bigger than the processId version (../../../../../SpareTime/Unreal/FPS/FPS/Intermediate/Shaders/WorkingDirectory/19860/).
[2018.06.27-13.32.36:429][  0]LogShaderCompilers: Cleaned the shader compiler working directory 'C:/Users/tomco/AppData/Local/Temp/UnrealShaderWorkingDir/00BE34D4494703D960EC2CB4548B0643/'.
[2018.06.27-13.32.36:763][  0]LogTemp: Display: Loaded TP AllDesktopTargetPlatform
[2018.06.27-13.32.36:782][  0]LogTemp: Display: Loaded TP MacClientTargetPlatform
[2018.06.27-13.32.36:800][  0]LogTemp: Display: Loaded TP MacNoEditorTargetPlatform
[2018.06.27-13.32.36:820][  0]LogTemp: Display: Loaded TP MacServerTargetPlatform
[2018.06.27-13.32.36:839][  0]LogTemp: Display: Loaded TP MacTargetPlatform
[2018.06.27-13.32.36:856][  0]LogTemp: Display: Loaded TP WindowsClientTargetPlatform
[2018.06.27-13.32.36:875][  0]LogTemp: Display: Loaded TP WindowsNoEditorTargetPlatform
[2018.06.27-13.32.36:893][  0]LogTemp: Display: Loaded TP WindowsServerTargetPlatform
[2018.06.27-13.32.36:906][  0]LogTemp: Display: Loaded TP WindowsTargetPlatform
[2018.06.27-13.32.36:926][  0]LogTemp: Display: Loaded TP Android_ASTCTargetPlatform
[2018.06.27-13.32.36:944][  0]LogTemp: Display: Loaded TP Android_ATCTargetPlatform
[2018.06.27-13.32.36:963][  0]LogTemp: Display: Loaded TP Android_DXTTargetPlatform
[2018.06.27-13.32.36:984][  0]LogTemp: Display: Loaded TP Android_ETC1aTargetPlatform
[2018.06.27-13.32.37:002][  0]LogTemp: Display: Loaded TP Android_ETC1TargetPlatform
[2018.06.27-13.32.37:021][  0]LogTemp: Display: Loaded TP Android_ETC2TargetPlatform
[2018.06.27-13.32.37:061][  0]LogTemp: Display: Loaded TP Android_MultiTargetPlatform
[2018.06.27-13.32.37:061][  0]LogTemp: Display: Loaded TP Android_PVRTCTargetPlatform
[2018.06.27-13.32.37:081][  0]LogTemp: Display: Loaded TP AndroidTargetPlatform
[2018.06.27-13.32.37:086][  0]LogTemp: Display: Loaded TP HTML5TargetPlatform
[2018.06.27-13.32.37:142][  0]LogTemp: Display: Loaded TP IOSTargetPlatform
[2018.06.27-13.32.37:160][  0]LogTemp: Display: Loaded TP TVOSTargetPlatform
[2018.06.27-13.32.37:181][  0]LogTemp: Display: Loaded TP LinuxClientTargetPlatform
[2018.06.27-13.32.37:198][  0]LogTemp: Display: Loaded TP LinuxNoEditorTargetPlatform
[2018.06.27-13.32.37:218][  0]LogTemp: Display: Loaded TP LinuxServerTargetPlatform
[2018.06.27-13.32.37:241][  0]LogTemp: Display: Loaded TP LinuxTargetPlatform
[2018.06.27-13.32.37:242][  0]LogTargetPlatformManager: Display: Building Assets For Windows
[2018.06.27-13.32.37:527][  0]LogXGEController: Cleaning working directory: C:/Users/tomco/AppData/Local/Temp/UnrealXGEWorkingDir/
[2018.06.27-13.32.37:527][  0]LogXGEController: Cannot use XGE Controller as Incredibuild is not installed on this machine.
[2018.06.27-13.32.37:529][  0]LogShaderCompilers: Cannot use XGE Shader Compiler as Incredibuild is not installed on this machine.
[2018.06.27-13.32.37:529][  0]LogShaderCompilers: Display: Using Local Shader Compiler.
[2018.06.27-13.32.38:537][  0]LogDerivedDataCache: Display: Max Cache Size: 512 MB
[2018.06.27-13.32.38:941][  0]LogDerivedDataCache: Loaded boot cache 0.40s 80MB C:/Users/tomco/AppData/Local/UnrealEngine/4.19/DerivedDataCache/Boot.ddc.
[2018.06.27-13.32.38:942][  0]LogDerivedDataCache: Display: Loaded Boot cache: C:/Users/tomco/AppData/Local/UnrealEngine/4.19/DerivedDataCache/Boot.ddc
[2018.06.27-13.32.38:942][  0]LogDerivedDataCache: FDerivedDataBackendGraph:  Pak pak cache file ../../../../../SpareTime/Unreal/FPS/FPS/DerivedDataCache/DDC.ddp not found, will not use a pak cache.
[2018.06.27-13.32.38:942][  0]LogDerivedDataCache: Unable to find inner node Pak for hierarchical cache Hierarchy.
[2018.06.27-13.32.38:942][  0]LogDerivedDataCache: FDerivedDataBackendGraph:  CompressedPak pak cache file ../../../../../SpareTime/Unreal/FPS/FPS/DerivedDataCache/Compressed.ddp not found, will not use a pak cache.
[2018.06.27-13.32.38:942][  0]LogDerivedDataCache: Unable to find inner node CompressedPak for hierarchical cache Hierarchy.
[2018.06.27-13.32.38:969][  0]LogDerivedDataCache: Display: Pak cache opened for reading ../../../Engine/DerivedDataCache/Compressed.ddp.
[2018.06.27-13.32.38:986][  0]LogDerivedDataCache: Using Local data cache path C:/Users/tomco/AppData/Local/UnrealEngine/Common/DerivedDataCache: Writable
[2018.06.27-13.32.38:986][  0]LogDerivedDataCache: Shared data cache path not found in *engine.ini, will not use an Shared cache.
[2018.06.27-13.32.38:987][  0]LogDerivedDataCache: Unable to find inner node Shared for hierarchical cache Hierarchy.
[2018.06.27-13.32.39:007][  0]LogMaterial: Verifying Global Shaders for PCD3D_SM5
[2018.06.27-13.32.39:016][  0]LogSlate: Using Freetype 2.6.0
[2018.06.27-13.32.39:023][  0]LogSlate: SlateFontCache - WITH_FREETYPE: 1, WITH_HARFBUZZ: 1
[2018.06.27-13.32.39:023][  0]LogSlate: SlateFontCache - WITH_FREETYPE: 1, WITH_HARFBUZZ: 1
[2018.06.27-13.32.39:603][  0]LogAssetRegistry: FAssetRegistry took 0.0376 seconds to start up
[2018.06.27-13.32.41:360][  0]LogInit: Selected Device Profile: [Windows]
[2018.06.27-13.32.41:798][  0]LogSimplygon: Simplygon DLL not present - disabling.
[2018.06.27-13.32.41:810][  0]LogMeshReduction: Using SimplygonSwarm for distributed automatic mesh merging
[2018.06.27-13.32.41:812][  0]LogMeshReduction: Using QuadricMeshReduction for automatic static mesh reduction
[2018.06.27-13.32.41:812][  0]LogMeshReduction: No automatic skeletal mesh reduction module available
[2018.06.27-13.32.41:812][  0]LogMeshReduction: No automatic mesh merging module available
[2018.06.27-13.32.41:812][  0]LogMeshMerging: No automatic mesh merging module available
[2018.06.27-13.32.41:916][  0]LogNetVersion: FPS , NetCL: 3944462, EngineNetVer: 2, GameNetVer: 0 (Checksum: 2326512385)
[2018.06.27-13.32.43:225][  0]LogPackageLocalizationCache: Processed 9 localized package path(s) for 2 prioritized culture(s) in 0.118874 seconds
[2018.06.27-13.32.43:233][  0]LogUObjectArray: 36728 objects as part of root set at end of initial load.
[2018.06.27-13.32.43:234][  0]LogUObjectAllocator: 7314312 out of 0 bytes used by permanent object pool.
[2018.06.27-13.32.43:234][  0]LogUObjectArray: CloseDisregardForGC: 0/0 objects in disregard for GC pool
[2018.06.27-13.32.47:587][  0]LogTcpMessaging: Initializing TcpMessaging bridge
[2018.06.27-13.32.47:630][  0]LogUdpMessaging: Initializing bridge on interface 0.0.0.0:0 to multicast group 230.0.0.1:6666.
[2018.06.27-13.32.48:280][  0]LogSkeletalMesh: Skeletal Mesh found in DDC [4.145376ms] /Game/Models/Player/Arms/Arms_SMG.Arms_SMG
[2018.06.27-13.32.48:342][  0]LogUObjectGlobals: Created PersistentFrame Addr=0x000001728bab7f10, Size=80, Default__BP_SMGAnim_C Function /Game/Animations/SMG/BP_SMGAnim.BP_SMGAnim_C:ExecuteUbergraph_BP_SMGAnim
[2018.06.27-13.32.48:427][  0]LogUObjectGlobals: Destroyed PersistentFrame Addr=0x000001728bab7f10, Size=80
[2018.06.27-13.32.48:427][  0]LogUObjectGlobals: Created PersistentFrame Addr=0x000001728ba93600, Size=80, Default__BP_SMGAnim_C Function /Engine/Transient.REINST_BP_SMGAnim_C_0:ExecuteUbergraph_BP_SMGAnim
[2018.06.27-13.32.48:477][  0]LogUObjectGlobals: Created PersistentFrame Addr=0x000001728c3f5530, Size=80, Default__BP_SMGAnim_C Function /Game/Animations/SMG/BP_SMGAnim.BP_SMGAnim_C:ExecuteUbergraph_BP_SMGAnim
[2018.06.27-13.32.48:930][  0]SourceControl: Source control is disabled
[2018.06.27-13.32.48:930][  0]SourceControl: Source control is disabled
[2018.06.27-13.32.48:968][  0]SourceControl: Source control is disabled
[2018.06.27-13.32.48:994][  0]SourceControl: Source control is disabled
[2018.06.27-13.32.49:764][  0]LogAndroidPermission: UAndroidPermissionCallbackProxy::GetInstance
[2018.06.27-13.32.50:049][  0]LogOcInput: OculusInput pre-init called
[2018.06.27-13.32.51:732][  0]LogEngine: Initializing Engine...
[2018.06.27-13.32.51:913][  0]LogHMD: Failed to initialize OpenVR with code 126
[2018.06.27-13.32.51:989][  0]LogStats: UGameplayTagsManager::ConstructGameplayTagTree: Construct from data asset -  0.000 s
[2018.06.27-13.32.51:992][  0]LogStats: UGameplayTagsManager::ConstructGameplayTagTree: GameplayTagTreeChangedEvent.Broadcast -  0.000 s
[2018.06.27-13.32.52:570][  0]LogAIModule: Creating AISystem for world Untitled
[2018.06.27-13.32.52:624][  0]LogInit: XAudio2 using 'Luidsprekers (Conexant SmartAudio HD)' : 2 channels at 48 kHz using 32 bits per sample (channel mask 0x3)
[2018.06.27-13.32.53:201][  0]LogInit: FAudioDevice initialized.
[2018.06.27-13.32.53:308][  0]LogDerivedDataCache: Saved boot cache 0.10s 80MB C:/Users/tomco/AppData/Local/UnrealEngine/4.19/DerivedDataCache/Boot.ddc.
[2018.06.27-13.32.53:328][  0]LogInit: Texture streaming: Enabled
[2018.06.27-13.32.53:370][  0]LogEngineSessionManager: EngineSessionManager initialized
[2018.06.27-13.32.53:370][  0]LogEngineSessionManager: EngineSessionManager sent abnormal shutdown report. Type=Debugger, SessionId={5FE8D9B6-41C7-C303-0ABD-B388E3602598}
[2018.06.27-13.32.53:370][  0]LogEngineSessionManager: EngineSessionManager sent abnormal shutdown report. Type=Debugger, SessionId={BBAA9718-442E-4623-B2C9-73B1342E4019}
[2018.06.27-13.32.53:404][  0]LogInit: Transaction tracking system initialized
[2018.06.27-13.32.53:514][  0]BlueprintLog: New page: Editor Load
[2018.06.27-13.32.53:846][  0]LocalizationService: Localization service is disabled
[2018.06.27-13.32.54:134][  0]LogConsoleResponse: Display: 
[2018.06.27-13.32.54:852][  0]LogCook: Display: Max memory allowance for cook 16384mb min free memory 0mb
[2018.06.27-13.32.54:853][  0]LogCook: Display: Mobile HDR setting 1
[2018.06.27-13.32.54:854][  0]LogGameplayTags: Display: UGameplayTagsManager::DoneAddingNativeTags. DelegateIsBound: 0
[2018.06.27-13.32.54:854][  0]LogStats: UGameplayTagsManager::ConstructGameplayTagTree: Construct from data asset -  0.000 s
[2018.06.27-13.32.54:854][  0]LogStats: UGameplayTagsManager::ConstructGameplayTagTree: GameplayTagTreeChangedEvent.Broadcast -  0.000 s
[2018.06.27-13.32.55:590][  0]LogFileCache: Scanning file cache for directory 'D:/SpareTime/Unreal/FPS/FPS/Content/' took 0.02s
[2018.06.27-13.32.55:636][  0]SourceControl: Source control is disabled
[2018.06.27-13.32.55:639][  0]Cmd: MAP LOAD FILE="../../../../../SpareTime/Unreal/FPS/FPS/Content/Maps/Level1.umap" TEMPLATE=0 SHOWPROGRESS=1 FEATURELEVEL=3
[2018.06.27-13.32.55:648][  0]LightingResults: New page: Lighting Build
[2018.06.27-13.32.55:677][  0]MapCheck: New page: Map Check
[2018.06.27-13.32.55:677][  0]LightingResults: New page: Lighting Build
[2018.06.27-13.32.55:707][  0]LogUObjectGlobals: Destroyed PersistentFrame Addr=0x000001728ba93600, Size=80
[2018.06.27-13.32.58:141][  0]LogAIModule: Creating AISystem for world Level1
[2018.06.27-13.32.58:232][  0]LogEditorServer: Finished looking for orphan Actors (0.000 secs)
[2018.06.27-13.32.58:275][  0]Cmd: MAP CHECKDEP NOCLEARLOG
[2018.06.27-13.32.58:354][  0]MapCheck: Map check complete: 0 Error(s), 0 Warning(s), took 79.136ms to complete.
[2018.06.27-13.32.58:356][  0]LogFileHelpers: Loading map 'Level1' took 2.719
[2018.06.27-13.32.58:810][  0]LogCollectionManager: Loaded 0 collections in 0.001015 seconds
[2018.06.27-13.32.58:901][  0]LogFileCache: Scanning file cache for directory 'D:/SpareTime/Unreal/FPS/FPS/Saved/Collections/' took 0.01s
[2018.06.27-13.32.58:901][  0]LogFileCache: Scanning file cache for directory 'D:/SpareTime/Unreal/FPS/FPS/Content/Developers/tomco/Collections/' took 0.01s
[2018.06.27-13.32.58:901][  0]LogFileCache: Scanning file cache for directory 'D:/SpareTime/Unreal/FPS/FPS/Content/Collections/' took 0.01s
[2018.06.27-13.32.58:901][  0]LogCollectionManager: Rebuilt the GUID cache for 0 collections in 0.000001 seconds
[2018.06.27-13.32.58:923][  0]LogContentBrowser: Native class hierarchy populated in 0.0186 seconds. Added 2481 classes and 567 folders.
[2018.06.27-13.32.58:945][  0]LogContentBrowser: Native class hierarchy updated for 'WidgetCarousel' in 0.0015 seconds. Added 0 classes and 0 folders.
[2018.06.27-13.32.59:177][  0]LogContentBrowser: Native class hierarchy updated for 'AddContentDialog' in 0.0014 seconds. Added 0 classes and 0 folders.
[2018.06.27-13.33.00:951][  0]LogSlate: Only BGRA pngs, bmps or icos are supported in by External Image Picker
[2018.06.27-13.33.00:998][  0]LogSlate: Took 0.002229 seconds to synchronously load lazily loaded font '../../../Engine/Content/Slate/Fonts/Roboto-Regular.ttf' (155K)
[2018.06.27-13.33.01:006][  0]LogSlate: Took 0.002389 seconds to synchronously load lazily loaded font '../../../Engine/Content/Slate/Fonts/Roboto-Bold.ttf' (160K)
[2018.06.27-13.33.01:018][  0]LogSlate: Took 0.002140 seconds to synchronously load lazily loaded font '../../../Engine/Content/Editor/Slate/Fonts/FontAwesome.ttf' (139K)
[2018.06.27-13.33.01:194][  0]LogTemp: Executing iPhonePackager certificates Engine -bundlename com.YourCompany.FPS
[2018.06.27-13.33.01:194][  0]LogTemp: CWD: D:\Epic Games\UE_4.19\Engine\Binaries\DotNET\IOS
[2018.06.27-13.33.01:194][  0]LogTemp: Initial Dir: D:\Epic Games\UE_4.19
[2018.06.27-13.33.01:194][  0]LogTemp: Env CWD: D:\Epic Games\UE_4.19\Engine\Binaries\DotNET\IOS
[2018.06.27-13.33.01:195][  0]LogTemp: BranchPath = TOM-LAPTOP/D/Epic Games/UE_4.19/Engine/Binaries --- GameBranchPath = TOM-LAPTOP/D/Epic Games/UE_4.19/Engine/Binaries
[2018.06.27-13.33.01:195][  0]LogTemp: IPP ERROR: Could not find provision directory 'C:\Users\tomco\AppData\Local/Apple Computer/MobileDevice/Provisioning Profiles/'.
[2018.06.27-13.33.01:195][  0]LogRenderer: Reallocating scene render targets to support 908x600 Format 10 NumSamples 1 (Frame:1).
[2018.06.27-13.33.01:641][  0]LogContentBrowser: Native class hierarchy updated for 'HierarchicalLODOutliner' in 0.0016 seconds. Added 0 classes and 0 folders.
[2018.06.27-13.33.01:642][  0]LogLoad: (Engine Initialization) Total time: 33.66 seconds
[2018.06.27-13.33.01:642][  0]LogLoad: (Engine Initialization) Total Blueprint compile time: 0.00 seconds
[2018.06.27-13.33.02:054][  0]LogContentStreaming: Texture pool size now 1000 MB
[2018.06.27-13.33.02:120][  0]LogSlate: Took 0.002255 seconds to synchronously load lazily loaded font '../../../Engine/Content/Slate/Fonts/Roboto-Light.ttf' (167K)
[2018.06.27-13.33.02:664][  2]LogAssetRegistry: Asset discovery search completed in 23.0888 seconds
[2018.06.27-13.33.02:673][  2]LogCollectionManager: Rebuilt the object cache for 0 collections in 0.000000 seconds (found 0 objects)
[2018.06.27-13.33.02:673][  2]LogCollectionManager: Fixed up redirectors for 0 collections in 0.000347 seconds (updated 0 objects)
[2018.06.27-13.35.05:152][420]LogSlate: FSceneViewport::OnFocusLost() reason 0
[2018.06.27-13.35.05:254][425]LogTemp: Repeating last play command: Selected Viewport
[2018.06.27-13.35.05:284][425]LogPlayLevel: PlayLevel: No blueprints needed recompiling
[2018.06.27-13.35.05:296][425]PIE: New page: PIE session: Level1 (Jun 27, 2018, 5:35:05 PM)
[2018.06.27-13.35.05:297][425]LogPlayLevel: Creating play world package: /Game/Maps/UEDPIE_0_Level1
[2018.06.27-13.35.05:319][425]LogPlayLevel: PIE: StaticDuplicateObject took: (0.021849s)
[2018.06.27-13.35.05:320][425]LogAIModule: Creating AISystem for world Level1
[2018.06.27-13.35.05:321][425]LogPlayLevel: PIE: World Init took: (0.002089s)
[2018.06.27-13.35.05:322][425]LogPlayLevel: PIE: Created PIE world by copying editor world from /Game/Maps/Level1.Level1 to /Game/Maps/UEDPIE_0_Level1.Level1 (0.024975s)
[2018.06.27-13.35.05:344][425]LogInit: XAudio2 using 'Luidsprekers (Conexant SmartAudio HD)' : 2 channels at 48 kHz using 32 bits per sample (channel mask 0x3)
[2018.06.27-13.35.05:382][425]LogInit: FAudioDevice initialized.
[2018.06.27-13.35.05:473][425]LogUObjectGlobals: Created PersistentFrame Addr=0x000001728bdf1e50, Size=104, Default__BP_InGameGUI_C Function /Game/UI/Widgets/BP_InGameGUI.BP_InGameGUI_C:ExecuteUbergraph_BP_InGameGUI
[2018.06.27-13.35.05:496][425]LogUObjectGlobals: Destroyed PersistentFrame Addr=0x000001728bdf1e50, Size=104
[2018.06.27-13.35.05:496][425]LogUObjectGlobals: Created PersistentFrame Addr=0x000001728bdf1e50, Size=104, Default__BP_InGameGUI_C Function /Engine/Transient.REINST_BP_InGameGUI_C_0:ExecuteUbergraph_BP_InGameGUI
[2018.06.27-13.35.05:504][425]LogUObjectGlobals: Created PersistentFrame Addr=0x000001732af0a9b0, Size=104, Default__BP_InGameGUI_C Function /Game/UI/Widgets/BP_InGameGUI.BP_InGameGUI_C:ExecuteUbergraph_BP_InGameGUI
[2018.06.27-13.35.05:530][425]LogUObjectGlobals: Created PersistentFrame Addr=0x00000172d9bdcdc0, Size=4, Default__OnGroundSlot_C Function /Game/UI/Widgets/Inventory/Ground/OnGroundSlot.OnGroundSlot_C:ExecuteUbergraph_OnGroundSlot
[2018.06.27-13.35.05:535][425]LogUObjectGlobals: Destroyed PersistentFrame Addr=0x00000172d9bdcdc0, Size=4
[2018.06.27-13.35.05:535][425]LogUObjectGlobals: Created PersistentFrame Addr=0x00000172d9bdcdc0, Size=4, Default__OnGroundSlot_C Function /Engine/Transient.REINST_OnGroundSlot_C_2:ExecuteUbergraph_OnGroundSlot
[2018.06.27-13.35.05:543][425]LogUObjectGlobals: Created PersistentFrame Addr=0x00000172d9bdcec0, Size=4, Default__OnGroundSlot_C Function /Game/UI/Widgets/Inventory/Ground/OnGroundSlot.OnGroundSlot_C:ExecuteUbergraph_OnGroundSlot
[2018.06.27-13.35.05:548][425]LogUObjectGlobals: Created PersistentFrame Addr=0x000001732aea6480, Size=160, Default__OnGroundUI_C Function /Game/UI/Widgets/Inventory/Ground/OnGroundUI.OnGroundUI_C:ExecuteUbergraph_OnGroundUI
[2018.06.27-13.35.05:553][425]LogUObjectGlobals: Destroyed PersistentFrame Addr=0x000001732aea6480, Size=160
[2018.06.27-13.35.05:554][425]LogUObjectGlobals: Created PersistentFrame Addr=0x000001732af1a520, Size=160, Default__OnGroundUI_C Function /Engine/Transient.REINST_OnGroundUI_C_3:ExecuteUbergraph_OnGroundUI
[2018.06.27-13.35.05:560][425]LogUObjectGlobals: Created PersistentFrame Addr=0x000001732ae77600, Size=160, Default__OnGroundUI_C Function /Game/UI/Widgets/Inventory/Ground/OnGroundUI.OnGroundUI_C:ExecuteUbergraph_OnGroundUI
[2018.06.27-13.35.05:575][425]LogUObjectGlobals: Created PersistentFrame Addr=0x000001732ae4b900, Size=408, Default__Slot_C Function /Game/UI/Widgets/Inventory/Slot.Slot_C:ExecuteUbergraph_Slot
[2018.06.27-13.35.05:583][425]LogUObjectGlobals: Destroyed PersistentFrame Addr=0x000001732ae4b900, Size=408
[2018.06.27-13.35.05:583][425]LogUObjectGlobals: Created PersistentFrame Addr=0x000001732ae4b900, Size=408, Default__Slot_C Function /Engine/Transient.REINST_Slot_C_4:ExecuteUbergraph_Slot
[2018.06.27-13.35.05:588][425]LogUObjectGlobals: Created PersistentFrame Addr=0x000001732ae4acc0, Size=408, Default__Slot_C Function /Game/UI/Widgets/Inventory/Slot.Slot_C:ExecuteUbergraph_Slot
[2018.06.27-13.35.05:591][425]LogUObjectGlobals: Created PersistentFrame Addr=0x00000172b4e0ddc8, Size=40, Default__InventorySlots_C Function /Game/UI/Widgets/Inventory/InventorySlots.InventorySlots_C:ExecuteUbergraph_InventorySlots
[2018.06.27-13.35.05:611][425]LogUObjectGlobals: Destroyed PersistentFrame Addr=0x00000172b4e0ddc8, Size=40
[2018.06.27-13.35.05:611][425]LogUObjectGlobals: Created PersistentFrame Addr=0x00000172b4e0ddc8, Size=40, Default__InventorySlots_C Function /Engine/Transient.REINST_InventorySlots_C_5:ExecuteUbergraph_InventorySlots
[2018.06.27-13.35.05:621][425]LogUObjectGlobals: Created PersistentFrame Addr=0x00000172b4e0d080, Size=40, Default__InventorySlots_C Function /Game/UI/Widgets/Inventory/InventorySlots.InventorySlots_C:ExecuteUbergraph_InventorySlots
[2018.06.27-13.35.05:625][425]LogUObjectGlobals: Created PersistentFrame Addr=0x00000172b4e0d418, Size=40, Default__UIHUD_C Function /Game/UI/Widgets/UIHUD.UIHUD_C:ExecuteUbergraph_UIHUD
[2018.06.27-13.35.05:628][425]LogUObjectGlobals: Destroyed PersistentFrame Addr=0x00000172b4e0d418, Size=40
[2018.06.27-13.35.05:629][425]LogUObjectGlobals: Created PersistentFrame Addr=0x00000172b4e0d418, Size=40, Default__UIHUD_C Function /Engine/Transient.REINST_UIHUD_C_6:ExecuteUbergraph_UIHUD
[2018.06.27-13.35.05:631][425]LogUObjectGlobals: Created PersistentFrame Addr=0x00000172b4e0cdd8, Size=40, Default__UIHUD_C Function /Game/UI/Widgets/UIHUD.UIHUD_C:ExecuteUbergraph_UIHUD
[2018.06.27-13.35.05:722][425]LogLoad: Game class is 'BP_FPSGameModeBase_C'
[2018.06.27-13.35.05:751][425]LogWorld: Bringing World /Game/Maps/UEDPIE_0_Level1.Level1 up for play (max tick rate 60) at 2018.06.27-15.35.05
[2018.06.27-13.35.05:766][425]LogWorld: Bringing up level for play took: 0.026507
[2018.06.27-13.35.05:797][425]LogContentBrowser: Native class hierarchy updated for 'MovieSceneCapture' in 0.0015 seconds. Added 11 classes and 0 folders.
[2018.06.27-13.35.05:838][425]LogOutputDevice: Error: Ensure condition failed: Component->HasBegunPlay() [File:D:\Build\++UE4+Release-4.19+Compile\Sync\Engine\Source\Runtime\Engine\Private\Actor.cpp] [Line: 3129] 
Failed to route BeginPlay (SMG /Game/Maps/UEDPIE_0_Level1.Level1:PersistentLevel.BP_FPSPlayer_C_0.CurrentWeaponMesh)

[2018.06.27-13.35.05:838][425]LogStats:             FDebug::EnsureFailed -  0.001 s
[2018.06.27-13.35.20:107][425]PIE: Play in editor start time for /Game/Maps/UEDPIE_0_Level1 15.673
[2018.06.27-13.35.36:918][998]LogTemp: Warning: SMG: Added to inventory
[2018.06.27-13.35.46:522][283]LogSlate: FSceneViewport::OnFocusLost() reason 0
[2018.06.27-13.35.47:081][288]LogContentBrowser: Native class hierarchy updated for 'BlueprintGraph' in 0.0016 seconds. Added 116 classes and 0 folders.
[2018.06.27-13.35.47:428][288]LogUObjectGlobals: Created PersistentFrame Addr=0x00000172ff364720, Size=4, Default__SKEL_PROTO_BP_AnimBlueprint_0_C Function /Engine/Transient.SKEL_PROTO_BP_AnimBlueprint_0_C:ExecuteUbergraph_PROTO_BP_AnimBlueprint_0
[2018.06.27-13.35.47:430][288]LogUObjectGlobals: Created PersistentFrame Addr=0x00000172ff364718, Size=4, Default__PROTO_BP_AnimBlueprint_0_C Function /Engine/Transient.PROTO_BP_AnimBlueprint_0_C:ExecuteUbergraph_PROTO_BP_AnimBlueprint_0
[2018.06.27-13.35.48:067][288]LogSlate: Took 0.000234 seconds to synchronously load lazily loaded font '../../../Engine/Content/Slate/Fonts/Roboto-Light.ttf' (167K)
[2018.06.27-13.35.48:072][288]LogSlate: Took 0.003317 seconds to synchronously load lazily loaded font '../../../Engine/Content/Slate/Fonts/Roboto-BoldCondensed.ttf' (158K)
[2018.06.27-13.36.06:409][888]LogUObjectGlobals: Destroyed PersistentFrame Addr=0x000001728bdf1e50, Size=104
[2018.06.27-13.36.06:410][888]LogUObjectGlobals: Destroyed PersistentFrame Addr=0x00000172d9bdcdc0, Size=4
[2018.06.27-13.36.06:410][888]LogUObjectGlobals: Destroyed PersistentFrame Addr=0x000001732af1a520, Size=160
[2018.06.27-13.36.06:410][888]LogUObjectGlobals: Destroyed PersistentFrame Addr=0x000001732ae4b900, Size=408
[2018.06.27-13.36.06:411][888]LogUObjectGlobals: Destroyed PersistentFrame Addr=0x00000172b4e0ddc8, Size=40
[2018.06.27-13.36.06:411][888]LogUObjectGlobals: Destroyed PersistentFrame Addr=0x00000172b4e0d418, Size=40
[2018.06.27-13.36.13:539][118]LogSlate: Took 0.028496 seconds to synchronously load lazily loaded font '../../../Engine/Content/Slate/Fonts/DroidSansFallback.ttf' (3848K)
[2018.06.27-13.38.37:710][694]LogTemp: Warning: SMG: Added to inventory
[2018.06.27-13.38.59:970][395]LogTemp: Repeating last play command: Selected Viewport
[2018.06.27-13.39.00:002][395]BlueprintLog: New page: Pre-Play auto-recompile
[2018.06.27-13.39.00:040][395]LogPlayLevel: [PlayLevel] Compiling InventorySlots before play...
[2018.06.27-13.39.00:072][395]LogUObjectGlobals: Destroyed PersistentFrame Addr=0x00000172b4e0d080, Size=40
[2018.06.27-13.39.00:072][395]LogUObjectGlobals: Created PersistentFrame Addr=0x00000172b4e0d080, Size=40, Default__InventorySlots_C Function /Engine/Transient.REINST_InventorySlots_C_9:ExecuteUbergraph_InventorySlots
[2018.06.27-13.39.00:081][395]LogUObjectGlobals: Created PersistentFrame Addr=0x00000172b4e0ec78, Size=40, Default__InventorySlots_C Function /Game/UI/Widgets/Inventory/InventorySlots.InventorySlots_C:ExecuteUbergraph_InventorySlots
[2018.06.27-13.39.00:280][395]LogPlayLevel: PlayLevel: Blueprint regeneration took 278 ms (1 blueprints)
[2018.06.27-13.39.00:281][395]PIE: New page: PIE session: Level1 (Jun 27, 2018, 5:39:00 PM)
[2018.06.27-13.39.00:281][395]LogPlayLevel: Creating play world package: /Game/Maps/UEDPIE_0_Level1
[2018.06.27-13.39.00:298][395]LogPlayLevel: PIE: StaticDuplicateObject took: (0.016326s)
[2018.06.27-13.39.00:299][395]LogAIModule: Creating AISystem for world Level1
[2018.06.27-13.39.00:300][395]LogPlayLevel: PIE: World Init took: (0.001771s)
[2018.06.27-13.39.00:300][395]LogPlayLevel: PIE: Created PIE world by copying editor world from /Game/Maps/Level1.Level1 to /Game/Maps/UEDPIE_0_Level1.Level1 (0.018909s)
[2018.06.27-13.39.00:327][395]LogInit: XAudio2 using 'Luidsprekers (Conexant SmartAudio HD)' : 2 channels at 48 kHz using 32 bits per sample (channel mask 0x3)
[2018.06.27-13.39.00:362][395]LogInit: FAudioDevice initialized.
[2018.06.27-13.39.00:402][395]LogLoad: Game class is 'BP_FPSGameModeBase_C'
[2018.06.27-13.39.00:413][395]LogWorld: Bringing World /Game/Maps/UEDPIE_0_Level1.Level1 up for play (max tick rate 60) at 2018.06.27-15.39.00
[2018.06.27-13.39.00:415][395]LogWorld: Bringing up level for play took: 0.010913
[2018.06.27-13.39.00:425][395]PIE: Play in editor start time for /Game/Maps/UEDPIE_0_Level1 -0.009
[2018.06.27-13.39.08:580][671]LogTemp: Warning: SMG: Added to inventory
[2018.06.27-13.39.09:169][690]LogSlate: FSceneViewport::OnFocusLost() reason 0
[2018.06.27-13.39.11:709][718]LogTemp: Warning: SMG: Added to inventory
[2018.06.27-13.39.34:072][939]LogTemp: Repeating last play command: Selected Viewport
[2018.06.27-13.39.34:100][939]LogPlayLevel: PlayLevel: No blueprints needed recompiling
[2018.06.27-13.39.34:101][939]PIE: New page: PIE session: Level1 (Jun 27, 2018, 5:39:34 PM)
[2018.06.27-13.39.34:101][939]LogPlayLevel: Creating play world package: /Game/Maps/UEDPIE_0_Level1
[2018.06.27-13.39.34:119][939]LogPlayLevel: PIE: StaticDuplicateObject took: (0.017266s)
[2018.06.27-13.39.34:120][939]LogAIModule: Creating AISystem for world Level1
[2018.06.27-13.39.34:120][939]LogPlayLevel: PIE: World Init took: (0.001491s)
[2018.06.27-13.39.34:121][939]LogPlayLevel: PIE: Created PIE world by copying editor world from /Game/Maps/Level1.Level1 to /Game/Maps/UEDPIE_0_Level1.Level1 (0.019479s)
[2018.06.27-13.39.34:153][939]LogInit: XAudio2 using 'Luidsprekers (Conexant SmartAudio HD)' : 2 channels at 48 kHz using 32 bits per sample (channel mask 0x3)
[2018.06.27-13.39.34:192][939]LogInit: FAudioDevice initialized.
[2018.06.27-13.39.34:229][939]LogLoad: Game class is 'BP_FPSGameModeBase_C'
[2018.06.27-13.39.34:241][939]LogWorld: Bringing World /Game/Maps/UEDPIE_0_Level1.Level1 up for play (max tick rate 60) at 2018.06.27-15.39.34
[2018.06.27-13.39.34:242][939]LogWorld: Bringing up level for play took: 0.010763
[2018.06.27-13.39.34:249][939]PIE: Play in editor start time for /Game/Maps/UEDPIE_0_Level1 -0.184
[2018.06.27-13.39.50:947][103]LogSlate: FSceneViewport::OnFocusLost() reason 0
[2018.06.27-13.40.03:497][335]LogTemp: Repeating last play command: Selected Viewport
[2018.06.27-13.40.03:522][335]LogPlayLevel: PlayLevel: No blueprints needed recompiling
[2018.06.27-13.40.03:523][335]PIE: New page: PIE session: Level1 (Jun 27, 2018, 5:40:03 PM)
[2018.06.27-13.40.03:523][335]LogPlayLevel: Creating play world package: /Game/Maps/UEDPIE_0_Level1
[2018.06.27-13.40.03:542][335]LogPlayLevel: PIE: StaticDuplicateObject took: (0.018046s)
[2018.06.27-13.40.03:543][335]LogAIModule: Creating AISystem for world Level1
[2018.06.27-13.40.03:543][335]LogPlayLevel: PIE: World Init took: (0.001237s)
[2018.06.27-13.40.03:544][335]LogPlayLevel: PIE: Created PIE world by copying editor world from /Game/Maps/Level1.Level1 to /Game/Maps/UEDPIE_0_Level1.Level1 (0.020048s)
[2018.06.27-13.40.03:573][335]LogInit: XAudio2 using 'Luidsprekers (Conexant SmartAudio HD)' : 2 channels at 48 kHz using 32 bits per sample (channel mask 0x3)
[2018.06.27-13.40.03:617][335]LogInit: FAudioDevice initialized.
[2018.06.27-13.40.03:661][335]LogLoad: Game class is 'BP_FPSGameModeBase_C'
[2018.06.27-13.40.03:672][335]LogWorld: Bringing World /Game/Maps/UEDPIE_0_Level1.Level1 up for play (max tick rate 60) at 2018.06.27-15.40.03
[2018.06.27-13.40.03:673][335]LogWorld: Bringing up level for play took: 0.010260
[2018.06.27-13.40.03:680][335]PIE: Play in editor start time for /Game/Maps/UEDPIE_0_Level1 -0.754
[2018.06.27-13.40.07:016][445]LogTemp: Warning: SMG: Added to inventory
[2018.06.27-13.40.07:345][456]LogSlate: FSceneViewport::OnFocusLost() reason 0
[2018.06.27-13.40.08:095][481]LogTemp: Warning: SMG: Added to inventory
