Log file open, 07/03/18 16:36:22
LogWindows: Failed to load 'aqProf.dll' (GetLastError=126)
LogWindows: File 'aqProf.dll' does not exist
LogWindows: Failed to load 'VtuneApi.dll' (GetLastError=126)
LogWindows: File 'VtuneApi.dll' does not exist
LogWindows: Failed to load 'VtuneApi32e.dll' (GetLastError=126)
LogWindows: File 'VtuneApi32e.dll' does not exist
LogInit: Display: Running engine for game: FPS
LogPlatformFile: Not using cached read wrapper
LogInit: Display: RandInit(-94621821) SRandInit(-94621821).
LogInit: Read version file with build ID '3944462'
LogInit: Overriding engine version to CL 4033788, compatible CL 3944462
LogInit: Registered custom module enumerator with build ID '3944462'
LogTaskGraph: Started task graph with 5 named threads and 23 total threads with 3 sets of task threads.
LogStats: Stats thread started at 0.563719
LogD3D11RHI: Aftermath initialized
LogICUInternationalization: Display: ICU TimeZone Detection - Raw Offset: +1:00, Platform Override: ''
LogPluginManager: Mounting plugin Paper2D
LogPluginManager: Mounting plugin LiveLink
LogPluginManager: Mounting plugin LightPropagationVolume
LogPluginManager: Mounting plugin CLionSourceCodeAccess
LogPluginManager: Mounting plugin CodeLiteSourceCodeAccess
LogPluginManager: Mounting plugin GitSourceControl
LogPluginManager: Mounting plugin KDevelopSourceCodeAccess
LogPluginManager: Mounting plugin NullSourceCodeAccess
LogPluginManager: Mounting plugin PerforceSourceControl
LogPluginManager: Mounting plugin SubversionSourceControl
LogPluginManager: Mounting plugin UObjectPlugin
LogPluginManager: Mounting plugin VisualStudioCodeSourceCodeAccess
LogPluginManager: Mounting plugin VisualStudioSourceCodeAccess
LogPluginManager: Mounting plugin XCodeSourceCodeAccess
LogPluginManager: Mounting plugin AssetManagerEditor
LogPluginManager: Mounting plugin CryptoKeys
LogPluginManager: Mounting plugin DataValidation
LogPluginManager: Mounting plugin FacialAnimation
LogPluginManager: Mounting plugin GameplayTagsEditor
LogPluginManager: Mounting plugin MobileLauncherProfileWizard
LogPluginManager: Mounting plugin PluginBrowser
LogPluginManager: Mounting plugin SpeedTreeImporter
LogPluginManager: Mounting plugin DatasmithContent
LogPluginManager: Mounting plugin AlembicImporter
LogPluginManager: Mounting plugin CharacterAI
LogPluginManager: Mounting plugin HTML5Networking
LogPluginManager: Mounting plugin AndroidMedia
LogPluginManager: Mounting plugin AvfMedia
LogPluginManager: Mounting plugin ImgMedia
LogPluginManager: Mounting plugin LinearTimecode
LogPluginManager: Mounting plugin MediaCompositing
LogPluginManager: Mounting plugin MediaPlayerEditor
LogPluginManager: Mounting plugin WmfMedia
LogPluginManager: Mounting plugin TcpMessaging
LogPluginManager: Mounting plugin UdpMessaging
LogPluginManager: Mounting plugin ActorSequence
LogPluginManager: Mounting plugin LevelSequenceEditor
LogPluginManager: Mounting plugin MatineeToLevelSequence
LogPluginManager: Mounting plugin NetcodeUnitTest
LogPluginManager: Mounting plugin NUTUnrealEngine4
LogPluginManager: Mounting plugin OnlineSubsystemGooglePlay
LogPluginManager: Mounting plugin OnlineSubsystemIOS
LogPluginManager: Mounting plugin OnlineSubsystem
LogPluginManager: Mounting plugin OnlineSubsystemNull
LogPluginManager: Mounting plugin OnlineSubsystemUtils
LogPluginManager: Mounting plugin AndroidDeviceProfileSelector
LogPluginManager: Mounting plugin AndroidMoviePlayer
LogPluginManager: Mounting plugin AndroidPermission
LogPluginManager: Mounting plugin AppleARKit
LogPluginManager: Mounting plugin AppleMoviePlayer
LogPluginManager: Mounting plugin ArchVisCharacter
LogPluginManager: Mounting plugin AudioCapture
LogPluginManager: Mounting plugin CableComponent
LogPluginManager: Mounting plugin CustomMeshComponent
LogPluginManager: Mounting plugin ExampleDeviceProfileSelector
LogPluginManager: Mounting plugin GoogleCloudMessaging
LogPluginManager: Mounting plugin ImmediatePhysics
LogPluginManager: Mounting plugin IOSDeviceProfileSelector
LogPluginManager: Mounting plugin LinuxDeviceProfileSelector
LogPluginManager: Mounting plugin LocationServicesBPLibrary
LogPluginManager: Mounting plugin MobilePatchingUtils
LogPluginManager: Mounting plugin OculusVR
LogPluginManager: Plugin shader directory ../../../Engine/Plugins/Runtime/Oculus/OculusVR/Shaders found
LogPluginManager: Mapping shader source directory ../../../Engine/Plugins/Runtime/Oculus/OculusVR/Shaders to virtual directory /Plugin/OculusVR
LogPluginManager: Mounting plugin PhysXVehicles
LogPluginManager: Mounting plugin ProceduralMeshComponent
LogPluginManager: Mounting plugin RuntimePhysXCooking
LogPluginManager: Mounting plugin SteamVR
LogPluginManager: Mounting plugin WindowsMoviePlayer
LogPluginManager: Mounting plugin CoverPointGenerator
LogStreaming: Display: Took  0.113s to configure plugins.
LogModuleManager: Display: Found up-to-date module file ../../../../../../../Projects/FPS/FPS/Binaries/Win64/UE4Editor-FPS.dll (API version 3944462).
LogModuleManager: Display: Found up-to-date module file ../../../Engine/Plugins/2D/Paper2D/Binaries/Win64/UE4Editor-Paper2D.dll (API version 3944462).
LogModuleManager: Display: Found up-to-date module file ../../../Engine/Plugins/2D/Paper2D/Binaries/Win64/UE4Editor-Paper2DEditor.dll (API version 3944462).
LogModuleManager: Display: Found up-to-date module file ../../../Engine/Plugins/2D/Paper2D/Binaries/Win64/UE4Editor-PaperSpriteSheetImporter.dll (API version 3944462).
LogModuleManager: Display: Found up-to-date module file ../../../Engine/Plugins/2D/Paper2D/Binaries/Win64/UE4Editor-PaperTiledImporter.dll (API version 3944462).
LogModuleManager: Display: Found up-to-date module file ../../../Engine/Plugins/2D/Paper2D/Binaries/Win64/UE4Editor-SmartSnapping.dll (API version 3944462).
LogModuleManager: Display: Found up-to-date module file ../../../Engine/Plugins/Animation/LiveLink/Binaries/Win64/UE4Editor-LiveLink.dll (API version 3944462).
LogModuleManager: Display: Found up-to-date module file ../../../Engine/Plugins/Animation/LiveLink/Binaries/Win64/UE4Editor-LiveLinkEditor.dll (API version 3944462).
LogModuleManager: Display: Found up-to-date module file ../../../Engine/Plugins/Blendables/LightPropagationVolume/Binaries/Win64/UE4Editor-LightPropagationVolumeRuntime.dll (API version 3944462).
LogModuleManager: Display: Found up-to-date module file ../../../Engine/Plugins/Blendables/LightPropagationVolume/Binaries/Win64/UE4Editor-LightPropagationVolumeEditor.dll (API version 3944462).
LogModuleManager: Display: Found up-to-date module file ../../../Engine/Plugins/Developer/CLionSourceCodeAccess/Binaries/Win64/UE4Editor-CLionSourceCodeAccess.dll (API version 3944462).
LogModuleManager: Display: Found up-to-date module file ../../../Engine/Plugins/Developer/GitSourceControl/Binaries/Win64/UE4Editor-GitSourceControl.dll (API version 3944462).
LogModuleManager: Display: Found up-to-date module file ../../../Engine/Plugins/Developer/PerforceSourceControl/Binaries/Win64/UE4Editor-PerforceSourceControl.dll (API version 3944462).
LogModuleManager: Display: Found up-to-date module file ../../../Engine/Plugins/Developer/SubversionSourceControl/Binaries/Win64/UE4Editor-SubversionSourceControl.dll (API version 3944462).
LogModuleManager: Display: Found up-to-date module file ../../../Engine/Plugins/Developer/UObjectPlugin/Binaries/Win64/UE4Editor-UObjectPlugin.dll (API version 3944462).
LogModuleManager: Display: Found up-to-date module file ../../../Engine/Plugins/Developer/VisualStudioCodeSourceCodeAccess/Binaries/Win64/UE4Editor-VisualStudioCodeSourceCodeAccess.dll (API version 3944462).
LogModuleManager: Display: Found up-to-date module file ../../../Engine/Plugins/Developer/VisualStudioSourceCodeAccess/Binaries/Win64/UE4Editor-VisualStudioSourceCodeAccess.dll (API version 3944462).
LogModuleManager: Display: Found up-to-date module file ../../../Engine/Plugins/Editor/AssetManagerEditor/Binaries/Win64/UE4Editor-AssetManagerEditor.dll (API version 3944462).
LogModuleManager: Display: Found up-to-date module file ../../../Engine/Plugins/Editor/CryptoKeys/Binaries/Win64/UE4Editor-CryptoKeys.dll (API version 3944462).
LogModuleManager: Display: Found up-to-date module file ../../../Engine/Plugins/Editor/CryptoKeys/Binaries/Win64/UE4Editor-CryptoKeysOpenSSL.dll (API version 3944462).
LogModuleManager: Display: Found up-to-date module file ../../../Engine/Plugins/Editor/DataValidation/Binaries/Win64/UE4Editor-DataValidation.dll (API version 3944462).
LogModuleManager: Display: Found up-to-date module file ../../../Engine/Plugins/Editor/FacialAnimation/Binaries/Win64/UE4Editor-FacialAnimation.dll (API version 3944462).
LogModuleManager: Display: Found up-to-date module file ../../../Engine/Plugins/Editor/FacialAnimation/Binaries/Win64/UE4Editor-FacialAnimationEditor.dll (API version 3944462).
LogModuleManager: Display: Found up-to-date module file ../../../Engine/Plugins/Editor/GameplayTagsEditor/Binaries/Win64/UE4Editor-GameplayTagsEditor.dll (API version 3944462).
LogModuleManager: Display: Found up-to-date module file ../../../Engine/Plugins/Editor/MobileLauncherProfileWizard/Binaries/Win64/UE4Editor-MobileLauncherProfileWizard.dll (API version 3944462).
LogModuleManager: Display: Found up-to-date module file ../../../Engine/Plugins/Editor/PluginBrowser/Binaries/Win64/UE4Editor-PluginBrowser.dll (API version 3944462).
LogModuleManager: Display: Found up-to-date module file ../../../Engine/Plugins/Editor/SpeedTreeImporter/Binaries/Win64/UE4Editor-SpeedTreeImporter.dll (API version 3944462).
LogModuleManager: Display: Found up-to-date module file ../../../Engine/Plugins/Enterprise/DatasmithContent/Binaries/Win64/UE4Editor-DatasmithContent.dll (API version 3944462).
LogModuleManager: Display: Found up-to-date module file ../../../Engine/Plugins/Experimental/AlembicImporter/Binaries/Win64/UE4Editor-AlembicImporter.dll (API version 3944462).
LogModuleManager: Display: Found up-to-date module file ../../../Engine/Plugins/Experimental/AlembicImporter/Binaries/Win64/UE4Editor-AlembicLibrary.dll (API version 3944462).
LogModuleManager: Display: Found up-to-date module file ../../../Engine/Plugins/Experimental/CharacterAI/Binaries/Win64/UE4Editor-CharacterAI.dll (API version 3944462).
LogModuleManager: Display: Found up-to-date module file ../../../Engine/Plugins/Experimental/HTML5Networking/Binaries/Win64/UE4Editor-HTML5Networking.dll (API version 3944462).
LogModuleManager: Display: Found up-to-date module file ../../../Engine/Plugins/Media/AndroidMedia/Binaries/Win64/UE4Editor-AndroidMediaEditor.dll (API version 3944462).
LogModuleManager: Display: Found up-to-date module file ../../../Engine/Plugins/Media/AndroidMedia/Binaries/Win64/UE4Editor-AndroidMediaFactory.dll (API version 3944462).
LogModuleManager: Display: Found up-to-date module file ../../../Engine/Plugins/Media/AvfMedia/Binaries/Win64/UE4Editor-AvfMediaEditor.dll (API version 3944462).
LogModuleManager: Display: Found up-to-date module file ../../../Engine/Plugins/Media/AvfMedia/Binaries/Win64/UE4Editor-AvfMediaFactory.dll (API version 3944462).
LogModuleManager: Display: Found up-to-date module file ../../../Engine/Plugins/Media/AvfMedia/Binaries/Win64/UE4Editor-AvfMediaFactory.dll (API version 3944462).
LogModuleManager: Display: Found up-to-date module file ../../../Engine/Plugins/Media/ImgMedia/Binaries/Win64/UE4Editor-ImgMedia.dll (API version 3944462).
LogModuleManager: Display: Found up-to-date module file ../../../Engine/Plugins/Media/ImgMedia/Binaries/Win64/UE4Editor-ImgMediaEditor.dll (API version 3944462).
LogModuleManager: Display: Found up-to-date module file ../../../Engine/Plugins/Media/ImgMedia/Binaries/Win64/UE4Editor-ImgMediaFactory.dll (API version 3944462).
LogModuleManager: Display: Found up-to-date module file ../../../Engine/Plugins/Media/ImgMedia/Binaries/Win64/UE4Editor-ImgMediaFactory.dll (API version 3944462).
LogModuleManager: Display: Found up-to-date module file ../../../Engine/Plugins/Media/ImgMedia/Binaries/Win64/UE4Editor-OpenExrWrapper.dll (API version 3944462).
LogModuleManager: Display: Found up-to-date module file ../../../Engine/Plugins/Media/LinearTimecode/Binaries/Win64/UE4Editor-LinearTimecode.dll (API version 3944462).
LogModuleManager: Display: Found up-to-date module file ../../../Engine/Plugins/Media/MediaCompositing/Binaries/Win64/UE4Editor-MediaCompositing.dll (API version 3944462).
LogModuleManager: Display: Found up-to-date module file ../../../Engine/Plugins/Media/MediaCompositing/Binaries/Win64/UE4Editor-MediaCompositingEditor.dll (API version 3944462).
LogModuleManager: Display: Found up-to-date module file ../../../Engine/Plugins/Media/MediaPlayerEditor/Binaries/Win64/UE4Editor-MediaPlayerEditor.dll (API version 3944462).
LogModuleManager: Display: Found up-to-date module file ../../../Engine/Plugins/Media/WmfMedia/Binaries/Win64/UE4Editor-WmfMedia.dll (API version 3944462).
LogModuleManager: Display: Found up-to-date module file ../../../Engine/Plugins/Media/WmfMedia/Binaries/Win64/UE4Editor-WmfMediaEditor.dll (API version 3944462).
LogModuleManager: Display: Found up-to-date module file ../../../Engine/Plugins/Media/WmfMedia/Binaries/Win64/UE4Editor-WmfMediaFactory.dll (API version 3944462).
LogModuleManager: Display: Found up-to-date module file ../../../Engine/Plugins/Media/WmfMedia/Binaries/Win64/UE4Editor-WmfMediaFactory.dll (API version 3944462).
LogModuleManager: Display: Found up-to-date module file ../../../Engine/Plugins/Messaging/TcpMessaging/Binaries/Win64/UE4Editor-TcpMessaging.dll (API version 3944462).
LogModuleManager: Display: Found up-to-date module file ../../../Engine/Plugins/Messaging/UdpMessaging/Binaries/Win64/UE4Editor-UdpMessaging.dll (API version 3944462).
LogModuleManager: Display: Found up-to-date module file ../../../Engine/Plugins/MovieScene/ActorSequence/Binaries/Win64/UE4Editor-ActorSequence.dll (API version 3944462).
LogModuleManager: Display: Found up-to-date module file ../../../Engine/Plugins/MovieScene/LevelSequenceEditor/Binaries/Win64/UE4Editor-LevelSequenceEditor.dll (API version 3944462).
LogModuleManager: Display: Found up-to-date module file ../../../Engine/Plugins/MovieScene/MatineeToLevelSequence/Binaries/Win64/UE4Editor-MatineeToLevelSequence.dll (API version 3944462).
LogModuleManager: Display: Found up-to-date module file ../../../Engine/Plugins/NetcodeUnitTest/NetcodeUnitTest/Binaries/Win64/UE4Editor-NetcodeUnitTest.dll (API version 3944462).
LogModuleManager: Display: Found up-to-date module file ../../../Engine/Plugins/NetcodeUnitTest/NUTUnrealEngine4/Binaries/Win64/UE4Editor-NUTUnrealEngine4.dll (API version 3944462).
LogModuleManager: Display: Found up-to-date module file ../../../Engine/Plugins/Online/OnlineSubsystem/Binaries/Win64/UE4Editor-OnlineSubsystem.dll (API version 3944462).
LogModuleManager: Display: Found up-to-date module file ../../../Engine/Plugins/Online/OnlineSubsystemNull/Binaries/Win64/UE4Editor-OnlineSubsystemNull.dll (API version 3944462).
LogModuleManager: Display: Found up-to-date module file ../../../Engine/Plugins/Online/OnlineSubsystemUtils/Binaries/Win64/UE4Editor-OnlineSubsystemUtils.dll (API version 3944462).
LogModuleManager: Display: Found up-to-date module file ../../../Engine/Plugins/Online/OnlineSubsystemUtils/Binaries/Win64/UE4Editor-OnlineBlueprintSupport.dll (API version 3944462).
LogModuleManager: Display: Found up-to-date module file ../../../Engine/Plugins/Runtime/AndroidDeviceProfileSelector/Binaries/Win64/UE4Editor-AndroidDeviceProfileSelector.dll (API version 3944462).
LogModuleManager: Display: Found up-to-date module file ../../../Engine/Plugins/Runtime/AndroidPermission/Binaries/Win64/UE4Editor-AndroidPermission.dll (API version 3944462).
LogModuleManager: Display: Found up-to-date module file ../../../Engine/Plugins/Runtime/AppleARKit/Binaries/Win64/UE4Editor-AppleARKit.dll (API version 3944462).
LogModuleManager: Display: Found up-to-date module file ../../../Engine/Plugins/Runtime/ArchVisCharacter/Binaries/Win64/UE4Editor-ArchVisCharacter.dll (API version 3944462).
LogModuleManager: Display: Found up-to-date module file ../../../Engine/Plugins/Runtime/AudioCapture/Binaries/Win64/UE4Editor-AudioCapture.dll (API version 3944462).
LogModuleManager: Display: Found up-to-date module file ../../../Engine/Plugins/Runtime/AudioCapture/Binaries/Win64/UE4Editor-AudioCaptureEditor.dll (API version 3944462).
LogModuleManager: Display: Found up-to-date module file ../../../Engine/Plugins/Runtime/CableComponent/Binaries/Win64/UE4Editor-CableComponent.dll (API version 3944462).
LogModuleManager: Display: Found up-to-date module file ../../../Engine/Plugins/Runtime/CustomMeshComponent/Binaries/Win64/UE4Editor-CustomMeshComponent.dll (API version 3944462).
LogModuleManager: Display: Found up-to-date module file ../../../Engine/Plugins/Runtime/ExampleDeviceProfileSelector/Binaries/Win64/UE4Editor-ExampleDeviceProfileSelector.dll (API version 3944462).
LogModuleManager: Display: Found up-to-date module file ../../../Engine/Plugins/Runtime/ImmediatePhysics/Binaries/Win64/UE4Editor-ImmediatePhysics.dll (API version 3944462).
LogModuleManager: Display: Found up-to-date module file ../../../Engine/Plugins/Runtime/ImmediatePhysics/Binaries/Win64/UE4Editor-ImmediatePhysicsEditor.dll (API version 3944462).
LogModuleManager: Display: Found up-to-date module file ../../../Engine/Plugins/Runtime/LocationServicesBPLibrary/Binaries/Win64/UE4Editor-LocationServicesBPLibrary.dll (API version 3944462).
LogModuleManager: Display: Found up-to-date module file ../../../Engine/Plugins/Runtime/MobilePatchingUtils/Binaries/Win64/UE4Editor-MobilePatchingUtils.dll (API version 3944462).
LogModuleManager: Display: Found up-to-date module file ../../../Engine/Plugins/Runtime/Oculus/OculusVR/Binaries/Win64/UE4Editor-OculusHMD.dll (API version 3944462).
LogModuleManager: Display: Found up-to-date module file ../../../Engine/Plugins/Runtime/Oculus/OculusVR/Binaries/Win64/UE4Editor-OculusInput.dll (API version 3944462).
LogModuleManager: Display: Found up-to-date module file ../../../Engine/Plugins/Runtime/Oculus/OculusVR/Binaries/Win64/UE4Editor-OculusEditor.dll (API version 3944462).
LogModuleManager: Display: Found up-to-date module file ../../../Engine/Plugins/Runtime/PhysXVehicles/Binaries/Win64/UE4Editor-PhysXVehicles.dll (API version 3944462).
LogModuleManager: Display: Found up-to-date module file ../../../Engine/Plugins/Runtime/PhysXVehicles/Binaries/Win64/UE4Editor-PhysXVehiclesEditor.dll (API version 3944462).
LogModuleManager: Display: Found up-to-date module file ../../../Engine/Plugins/Runtime/ProceduralMeshComponent/Binaries/Win64/UE4Editor-ProceduralMeshComponent.dll (API version 3944462).
LogModuleManager: Display: Found up-to-date module file ../../../Engine/Plugins/Runtime/ProceduralMeshComponent/Binaries/Win64/UE4Editor-ProceduralMeshComponentEditor.dll (API version 3944462).
LogModuleManager: Display: Found up-to-date module file ../../../Engine/Plugins/Runtime/RuntimePhysXCooking/Binaries/Win64/UE4Editor-RuntimePhysXCooking.dll (API version 3944462).
LogModuleManager: Display: Found up-to-date module file ../../../Engine/Plugins/Runtime/Steam/SteamVR/Binaries/Win64/UE4Editor-SteamVR.dll (API version 3944462).
LogModuleManager: Display: Found up-to-date module file ../../../Engine/Plugins/Runtime/Steam/SteamVR/Binaries/Win64/UE4Editor-SteamVRController.dll (API version 3944462).
LogModuleManager: Display: Found up-to-date module file ../../../Engine/Plugins/Runtime/WindowsMoviePlayer/Binaries/Win64/UE4Editor-WindowsMoviePlayer.dll (API version 3944462).
LogModuleManager: Display: Found up-to-date module file ../../../../../../../Projects/FPS/FPS/Plugins/CoverPointGenerator/Binaries/Win64/UE4Editor-CoverPointGenerator.dll (API version 3944462).
LogInit: Using libcurl 7.47.1
LogInit:  - built for x86_64-pc-win32
LogInit:  - supports SSL with OpenSSL/1.0.2g
LogInit:  - supports HTTP deflate (compression) using libz 1.2.8
LogInit:  - other features:
LogInit:      CURL_VERSION_SSL
LogInit:      CURL_VERSION_LIBZ
LogInit:      CURL_VERSION_IPV6
LogInit:      CURL_VERSION_ASYNCHDNS
LogInit:      CURL_VERSION_LARGEFILE
LogInit:      CURL_VERSION_IDN
LogInit:  CurlRequestOptions (configurable via config and command line):
LogInit:  - bVerifyPeer = false  - Libcurl will NOT verify peer certificate
LogInit:  - bUseHttpProxy = false  - Libcurl will NOT use HTTP proxy
LogInit:  - bDontReuseConnections = false  - Libcurl will reuse connections
LogInit:  - CertBundlePath = nullptr  - Libcurl will use whatever was configured at build time.
LogInit:  - MaxHostConnections = 16  - Libcurl will limit the number of connections to a host
LogInit:  - LocalHostAddr = Default
LogInit: WinSock: version 1.1 (2.2), MaxSocks=32767, MaxUdp=65467
LogInit: WinSock: I am DESKTOP-27ERO04 (192.168.178.101:0)
LogInit: Build: ++UE4+Release-4.19-CL-4033788
LogInit: Engine Version: 4.19.2-4033788+++UE4+Release-4.19
LogInit: Compatible Engine Version: 4.19.0-3944462+++UE4+Release-4.19
LogInit: Net CL: 3944462
LogDevObjectVersion: Number of dev versions registered: 18
LogDevObjectVersion:   Dev-Blueprints (B0D832E4-1F89-4F0D-ACCF-7EB736FD4AA2): 10
LogDevObjectVersion:   Dev-Build (E1C64328-A22C-4D53-A36C-8E866417BD8C): 0
LogDevObjectVersion:   Dev-Core (375EC13C-06E4-48FB-B500-84F0262A717E): 2
LogDevObjectVersion:   Dev-Editor (E4B068ED-F494-42E9-A231-DA0B2E46BB41): 23
LogDevObjectVersion:   Dev-Framework (CFFC743F-43B0-4480-9391-14DF171D2073): 33
LogDevObjectVersion:   Dev-Mobile (B02B49B5-BB20-44E9-A304-32B752E40360): 2
LogDevObjectVersion:   Dev-Networking (A4E4105C-59A1-49B5-A7C5-40C4547EDFEE): 0
LogDevObjectVersion:   Dev-Online (39C831C9-5AE6-47DC-9A44-9C173E1C8E7C): 0
LogDevObjectVersion:   Dev-Physics (78F01B33-EBEA-4F98-B9B4-84EACCB95AA2): 0
LogDevObjectVersion:   Dev-Platform (6631380F-2D4D-43E0-8009-CF276956A95A): 0
LogDevObjectVersion:   Dev-Rendering (12F88B9F-8875-4AFC-A67C-D90C383ABD29): 25
LogDevObjectVersion:   Dev-Sequencer (7B5AE74C-D270-4C10-A958-57980B212A5A): 6
LogDevObjectVersion:   Dev-VR (D7296918-1DD6-4BDD-9DE2-64A83CC13884): 1
LogDevObjectVersion:   Dev-LoadTimes (C2A15278-BFE7-4AFE-6C17-90FF531DF755): 1
LogDevObjectVersion:   Private-Geometry (6EACA3D4-40EC-4CC1-B786-8BED09428FC5): 2
LogDevObjectVersion:   Dev-AnimPhys (29E575DD-E0A3-4627-9D10-D276232CDCEA): 16
LogDevObjectVersion:   Dev-ReflectionCapture (6B266CEC-1EC7-4B8F-A30B-E4D90942FC07): 1
LogDevObjectVersion:   Dev-Automation (0DF73D61-A23F-47EA-B727-89E90C41499A): 1
LogInit: Compiled (64-bit): Apr 27 2018 02:06:57
LogInit: Compiled with Visual C++: 19.00.24215.01
LogInit: Build Configuration: Development
LogInit: Branch Name: ++UE4+Release-4.19
LogInit: Command Line:  -skipcompile
LogInit: Base Directory: E:/Game Engines/Epic Games/4.19/UE_4.19/Engine/Binaries/Win64/
LogInit: Installed Engine Build: 1
LogStreaming: Display: Took  0.032s to delete old logs.
LogInit: Presizing for max 8388607 objects, including 0 objects not considered by GC, pre-allocating 0 bytes for permanent pool.
LogInit: Object subsystem initialized
[2018.07.03-14.36.27:667][  0]LogInit: Selected Device Profile: [Windows]
[2018.07.03-14.36.27:668][  0]LogInit: Applying CVar settings loaded from the selected device profile: [Windows]
[2018.07.03-14.36.27:714][  0]LogInit: Computer: DESKTOP-27ERO04
[2018.07.03-14.36.27:714][  0]LogInit: User: TomColdenhoff
[2018.07.03-14.36.27:714][  0]LogInit: CPU Page size=4096, Cores=4
[2018.07.03-14.36.27:714][  0]LogInit: High frequency timer resolution =3.319352 MHz
[2018.07.03-14.36.27:715][  0]LogMemory: Memory total: Physical=11.9GB (12GB approx)
[2018.07.03-14.36.27:715][  0]LogMemory: Platform Memory Stats for Windows
[2018.07.03-14.36.27:715][  0]LogMemory: Process Physical Memory: 279.45 MB used, 279.45 MB peak
[2018.07.03-14.36.27:715][  0]LogMemory: Process Virtual Memory: 270.64 MB used, 270.64 MB peak
[2018.07.03-14.36.27:715][  0]LogMemory: Physical Memory: 6586.97 MB used,  5620.47 MB free, 12207.44 MB total
[2018.07.03-14.36.27:715][  0]LogMemory: Virtual Memory: 4795.46 MB used,  5620.47 MB free, 134217728.00 MB total
[2018.07.03-14.36.28:452][  0]LogInit: Using OS detected language (en-US).
[2018.07.03-14.36.28:452][  0]LogInit: Using OS detected locale (en-US).
[2018.07.03-14.36.28:644][  0]LogTextLocalizationManager: No specific localization for 'en-US' exists, so the 'en' localization will be used.
[2018.07.03-14.36.29:388][  0]LogStreaming: Display: Took  0.935s to EndInitTextLocalization.
[2018.07.03-14.36.29:388][  0]LogInit: Setting process to per monitor DPI aware
[2018.07.03-14.36.29:797][  0]LogSlate: New Slate User Created.  User Index 0, Is Virtual User: 0
[2018.07.03-14.36.29:797][  0]LogSlate: Slate User Registered.  User Index 0, Is Virtual User: 0
[2018.07.03-14.36.31:665][  0]LogD3D11RHI: D3D11 adapters:
[2018.07.03-14.36.31:834][  0]LogD3D11RHI:    0. 'NVIDIA GeForce GTX 970' (Feature Level 11_0)
[2018.07.03-14.36.31:834][  0]LogD3D11RHI:       4043/0/6103 MB DedicatedVideo/DedicatedSystem/SharedSystem, Outputs:2, VendorId:0x10de
[2018.07.03-14.36.31:846][  0]LogD3D11RHI:    1. 'Microsoft Basic Render Driver' (Feature Level 11_0)
[2018.07.03-14.36.31:846][  0]LogD3D11RHI:       0/0/6103 MB DedicatedVideo/DedicatedSystem/SharedSystem, Outputs:0, VendorId:0x1414
[2018.07.03-14.36.31:846][  0]LogD3D11RHI: Chosen D3D11 Adapter: 0
[2018.07.03-14.36.31:859][  0]LogD3D11RHI: Creating new Direct3DDevice
[2018.07.03-14.36.31:859][  0]LogD3D11RHI:     GPU DeviceId: 0x13c2 (for the marketing name, search the web for "GPU Device Id")
[2018.07.03-14.36.31:859][  0]LogWindows: EnumDisplayDevices:
[2018.07.03-14.36.31:860][  0]LogWindows:    0. 'NVIDIA GeForce GTX 970' (P:1 D:1)
[2018.07.03-14.36.31:860][  0]LogWindows:    1. 'NVIDIA GeForce GTX 970' (P:0 D:1)
[2018.07.03-14.36.31:861][  0]LogWindows:    2. 'NVIDIA GeForce GTX 970' (P:0 D:0)
[2018.07.03-14.36.31:861][  0]LogWindows:    3. 'NVIDIA GeForce GTX 970' (P:0 D:0)
[2018.07.03-14.36.31:861][  0]LogWindows: DebugString: GetVideoDriverDetailsInvalid PrimaryIsNotTheChoosenAdapter GetVideoDriverDetailsInvalid PrimaryIsNotTheChoosenAdapter GetVideoDriverDetailsInvalid PrimaryIsNotTheChoosenAdapter GetVideoDriverDetailsInvalid PrimaryIsNotTheChoosenAdapter FoundDriverCount:0 
[2018.07.03-14.36.31:861][  0]LogD3D11RHI:     Adapter Name: NVIDIA GeForce GTX 970
[2018.07.03-14.36.31:861][  0]LogD3D11RHI:   Driver Version: Unknown (internal:Unknown, unified:Unknown)
[2018.07.03-14.36.31:861][  0]LogD3D11RHI:      Driver Date: Unknown
[2018.07.03-14.36.31:862][  0]LogRHI: Texture pool is 2830 MB (70% of 4043 MB)
[2018.07.03-14.36.31:914][  0]LogD3D11RHI: [Aftermath] Aftermath enabled and primed
[2018.07.03-14.36.31:914][  0]LogD3D11RHI: [Aftermath] Aftermath enabled and primed
[2018.07.03-14.36.31:914][  0]LogD3D11RHI: Async texture creation enabled
[2018.07.03-14.36.31:990][  0]LogD3D11RHI: GPU Timing Frequency: 1000.000000 (Debug: 2 2)
[2018.07.03-14.36.32:043][  0]LogShaderCompilers: Guid format shader working directory is 16 characters bigger than the processId version (../../../../../../../Projects/FPS/FPS/Intermediate/Shaders/WorkingDirectory/11600/).
[2018.07.03-14.36.32:044][  0]LogShaderCompilers: Cleaned the shader compiler working directory 'C:/Users/TomColdenhoff/AppData/Local/Temp/UnrealShaderWorkingDir/34BA2435421D76585450D3AC363031F1/'.
[2018.07.03-14.36.32:879][  0]LogTemp: Display: Loaded TP AllDesktopTargetPlatform
[2018.07.03-14.36.32:892][  0]LogTemp: Display: Loaded TP MacClientTargetPlatform
[2018.07.03-14.36.32:906][  0]LogTemp: Display: Loaded TP MacNoEditorTargetPlatform
[2018.07.03-14.36.32:920][  0]LogTemp: Display: Loaded TP MacServerTargetPlatform
[2018.07.03-14.36.32:944][  0]LogTemp: Display: Loaded TP MacTargetPlatform
[2018.07.03-14.36.32:958][  0]LogTemp: Display: Loaded TP WindowsClientTargetPlatform
[2018.07.03-14.36.32:973][  0]LogTemp: Display: Loaded TP WindowsNoEditorTargetPlatform
[2018.07.03-14.36.32:987][  0]LogTemp: Display: Loaded TP WindowsServerTargetPlatform
[2018.07.03-14.36.32:996][  0]LogTemp: Display: Loaded TP WindowsTargetPlatform
[2018.07.03-14.36.33:009][  0]LogTemp: Display: Loaded TP Android_ASTCTargetPlatform
[2018.07.03-14.36.33:023][  0]LogTemp: Display: Loaded TP Android_ATCTargetPlatform
[2018.07.03-14.36.33:037][  0]LogTemp: Display: Loaded TP Android_DXTTargetPlatform
[2018.07.03-14.36.33:050][  0]LogTemp: Display: Loaded TP Android_ETC1aTargetPlatform
[2018.07.03-14.36.33:063][  0]LogTemp: Display: Loaded TP Android_ETC1TargetPlatform
[2018.07.03-14.36.33:076][  0]LogTemp: Display: Loaded TP Android_ETC2TargetPlatform
[2018.07.03-14.36.33:103][  0]LogTemp: Display: Loaded TP Android_MultiTargetPlatform
[2018.07.03-14.36.33:103][  0]LogTemp: Display: Loaded TP Android_PVRTCTargetPlatform
[2018.07.03-14.36.33:139][  0]LogTemp: Display: Loaded TP AndroidTargetPlatform
[2018.07.03-14.36.33:142][  0]LogTemp: Display: Loaded TP HTML5TargetPlatform
[2018.07.03-14.36.33:264][  0]LogTemp: Display: Loaded TP IOSTargetPlatform
[2018.07.03-14.36.33:287][  0]LogTemp: Display: Loaded TP TVOSTargetPlatform
[2018.07.03-14.36.33:300][  0]LogTemp: Display: Loaded TP LinuxClientTargetPlatform
[2018.07.03-14.36.33:313][  0]LogTemp: Display: Loaded TP LinuxNoEditorTargetPlatform
[2018.07.03-14.36.33:326][  0]LogTemp: Display: Loaded TP LinuxServerTargetPlatform
[2018.07.03-14.36.33:343][  0]LogTemp: Display: Loaded TP LinuxTargetPlatform
[2018.07.03-14.36.33:343][  0]LogTargetPlatformManager: Display: Building Assets For Windows
[2018.07.03-14.36.34:228][  0]LogXGEController: Cleaning working directory: C:/Users/TomColdenhoff/AppData/Local/Temp/UnrealXGEWorkingDir/
[2018.07.03-14.36.34:228][  0]LogXGEController: Cannot use XGE Controller as Incredibuild is not installed on this machine.
[2018.07.03-14.36.34:228][  0]LogShaderCompilers: Cannot use XGE Shader Compiler as Incredibuild is not installed on this machine.
[2018.07.03-14.36.34:228][  0]LogShaderCompilers: Display: Using Local Shader Compiler.
[2018.07.03-14.36.36:469][  0]LogDerivedDataCache: Display: Max Cache Size: 512 MB
[2018.07.03-14.36.37:134][  0]LogDerivedDataCache: Loaded boot cache 0.66s 80MB C:/Users/TomColdenhoff/AppData/Local/UnrealEngine/4.19/DerivedDataCache/Boot.ddc.
[2018.07.03-14.36.37:134][  0]LogDerivedDataCache: Display: Loaded Boot cache: C:/Users/TomColdenhoff/AppData/Local/UnrealEngine/4.19/DerivedDataCache/Boot.ddc
[2018.07.03-14.36.37:135][  0]LogDerivedDataCache: FDerivedDataBackendGraph:  Pak pak cache file ../../../../../../../Projects/FPS/FPS/DerivedDataCache/DDC.ddp not found, will not use a pak cache.
[2018.07.03-14.36.37:135][  0]LogDerivedDataCache: Unable to find inner node Pak for hierarchical cache Hierarchy.
[2018.07.03-14.36.37:135][  0]LogDerivedDataCache: FDerivedDataBackendGraph:  CompressedPak pak cache file ../../../../../../../Projects/FPS/FPS/DerivedDataCache/Compressed.ddp not found, will not use a pak cache.
[2018.07.03-14.36.37:136][  0]LogDerivedDataCache: Unable to find inner node CompressedPak for hierarchical cache Hierarchy.
[2018.07.03-14.36.37:327][  0]LogDerivedDataCache: Display: Pak cache opened for reading ../../../Engine/DerivedDataCache/Compressed.ddp.
[2018.07.03-14.36.37:345][  0]LogDerivedDataCache: Using Local data cache path C:/Users/TomColdenhoff/AppData/Local/UnrealEngine/Common/DerivedDataCache: Writable
[2018.07.03-14.36.37:345][  0]LogDerivedDataCache: Shared data cache path not found in *engine.ini, will not use an Shared cache.
[2018.07.03-14.36.37:345][  0]LogDerivedDataCache: Unable to find inner node Shared for hierarchical cache Hierarchy.
[2018.07.03-14.36.37:363][  0]LogMaterial: Verifying Global Shaders for PCD3D_SM5
[2018.07.03-14.36.37:364][  0]LogSlate: Using Freetype 2.6.0
[2018.07.03-14.36.37:464][  0]LogSlate: SlateFontCache - WITH_FREETYPE: 1, WITH_HARFBUZZ: 1
[2018.07.03-14.36.37:465][  0]LogSlate: SlateFontCache - WITH_FREETYPE: 1, WITH_HARFBUZZ: 1
[2018.07.03-14.36.41:951][  0]LogAssetRegistry: FAssetRegistry took 0.0285 seconds to start up
[2018.07.03-14.36.43:175][  0]LogInit: Selected Device Profile: [Windows]
[2018.07.03-14.36.44:007][  0]LogSimplygon: Simplygon DLL not present - disabling.
[2018.07.03-14.36.44:051][  0]LogMeshReduction: Using SimplygonSwarm for distributed automatic mesh merging
[2018.07.03-14.36.44:068][  0]LogMeshReduction: Using QuadricMeshReduction for automatic static mesh reduction
[2018.07.03-14.36.44:068][  0]LogMeshReduction: No automatic skeletal mesh reduction module available
[2018.07.03-14.36.44:068][  0]LogMeshReduction: No automatic mesh merging module available
[2018.07.03-14.36.44:069][  0]LogMeshMerging: No automatic mesh merging module available
[2018.07.03-14.36.44:223][  0]LogNetVersion: FPS , NetCL: 3944462, EngineNetVer: 2, GameNetVer: 0 (Checksum: 2326512385)
[2018.07.03-14.36.46:448][  0]LogPackageLocalizationCache: Processed 9 localized package path(s) for 2 prioritized culture(s) in 0.106904 seconds
[2018.07.03-14.36.46:454][  0]LogUObjectArray: 36728 objects as part of root set at end of initial load.
[2018.07.03-14.36.46:454][  0]LogUObjectAllocator: 7314312 out of 0 bytes used by permanent object pool.
[2018.07.03-14.36.46:454][  0]LogUObjectArray: CloseDisregardForGC: 0/0 objects in disregard for GC pool
[2018.07.03-14.37.00:849][  0]LogTcpMessaging: Initializing TcpMessaging bridge
[2018.07.03-14.37.00:884][  0]LogUdpMessaging: Initializing bridge on interface 0.0.0.0:0 to multicast group 230.0.0.1:6666.
[2018.07.03-14.37.02:272][  0]LogSkeletalMesh: Skeletal Mesh found in DDC [2.426678ms] /Game/Models/Player/Arms/Arms_SMG.Arms_SMG
[2018.07.03-14.37.02:390][  0]LogUObjectGlobals: Created PersistentFrame Addr=0x000001b47c8ddfd0, Size=80, Default__BP_SMGAnim_C Function /Game/Animations/SMG/BP_SMGAnim.BP_SMGAnim_C:ExecuteUbergraph_BP_SMGAnim
[2018.07.03-14.37.02:400][  0]LogUObjectGlobals: Destroyed PersistentFrame Addr=0x000001b47c8ddfd0, Size=80
[2018.07.03-14.37.02:400][  0]LogUObjectGlobals: Created PersistentFrame Addr=0x000001b47d4c3830, Size=80, Default__BP_SMGAnim_C Function /Engine/Transient.REINST_BP_SMGAnim_C_0:ExecuteUbergraph_BP_SMGAnim
[2018.07.03-14.37.02:409][  0]LogUObjectGlobals: Created PersistentFrame Addr=0x000001b47d44a110, Size=80, Default__BP_SMGAnim_C Function /Game/Animations/SMG/BP_SMGAnim.BP_SMGAnim_C:ExecuteUbergraph_BP_SMGAnim
[2018.07.03-14.37.02:647][  0]SourceControl: Source control is disabled
[2018.07.03-14.37.02:647][  0]SourceControl: Source control is disabled
[2018.07.03-14.37.02:666][  0]SourceControl: Source control is disabled
[2018.07.03-14.37.02:682][  0]SourceControl: Source control is disabled
[2018.07.03-14.37.03:254][  0]LogAndroidPermission: UAndroidPermissionCallbackProxy::GetInstance
[2018.07.03-14.37.03:436][  0]LogOcInput: OculusInput pre-init called
[2018.07.03-14.37.04:751][  0]LogEngine: Initializing Engine...
[2018.07.03-14.37.04:753][  0]LogHMD: Failed to initialize OpenVR with code 110
[2018.07.03-14.37.04:755][  0]LogStats: UGameplayTagsManager::ConstructGameplayTagTree: Construct from data asset -  0.000 s
[2018.07.03-14.37.04:755][  0]LogStats: UGameplayTagsManager::ConstructGameplayTagTree: GameplayTagTreeChangedEvent.Broadcast -  0.000 s
[2018.07.03-14.37.05:554][  0]LogAIModule: Creating AISystem for world Untitled
[2018.07.03-14.37.05:567][  0]LogInit: XAudio2 using 'Speakers (Logitech G35 Headset)' : 2 channels at 44.1 kHz using 16 bits per sample (channel mask 0x3)
[2018.07.03-14.37.05:582][  0]LogInit: FAudioDevice initialized.
[2018.07.03-14.37.05:736][  0]LogDerivedDataCache: Saved boot cache 0.15s 80MB C:/Users/TomColdenhoff/AppData/Local/UnrealEngine/4.19/DerivedDataCache/Boot.ddc.
[2018.07.03-14.37.05:769][  0]LogInit: Texture streaming: Enabled
[2018.07.03-14.37.05:806][  0]LogEngineSessionManager: EngineSessionManager initialized
[2018.07.03-14.37.05:806][  0]LogEngineSessionManager: EngineSessionManager sent abnormal shutdown report. Type=Debugger, SessionId={82E9DA69-44DD-2264-EFCE-4AAE61DD0A47}
[2018.07.03-14.37.05:807][  0]LogEngineSessionManager: EngineSessionManager sent abnormal shutdown report. Type=Crashed, SessionId={D9CB87D2-4545-913D-B3A6-CC8F8C440BAE}
[2018.07.03-14.37.05:818][  0]LogInit: Transaction tracking system initialized
[2018.07.03-14.37.05:911][  0]BlueprintLog: New page: Editor Load
[2018.07.03-14.37.06:423][  0]LocalizationService: Localization service is disabled
[2018.07.03-14.37.06:829][  0]LogConsoleResponse: Display: 
[2018.07.03-14.37.08:064][  0]LogCook: Display: Max memory allowance for cook 16384mb min free memory 0mb
[2018.07.03-14.37.08:065][  0]LogCook: Display: Mobile HDR setting 1
[2018.07.03-14.37.08:065][  0]LogGameplayTags: Display: UGameplayTagsManager::DoneAddingNativeTags. DelegateIsBound: 0
[2018.07.03-14.37.08:065][  0]LogStats: UGameplayTagsManager::ConstructGameplayTagTree: Construct from data asset -  0.000 s
[2018.07.03-14.37.08:066][  0]LogStats: UGameplayTagsManager::ConstructGameplayTagTree: GameplayTagTreeChangedEvent.Broadcast -  0.000 s
[2018.07.03-14.37.09:028][  0]LogFileCache: Scanning file cache for directory 'E:/Projects/FPS/FPS/Content/' took 0.05s
[2018.07.03-14.37.09:157][  0]SourceControl: Source control is disabled
[2018.07.03-14.37.09:158][  0]Cmd: MAP LOAD FILE="../../../../../../../Projects/FPS/FPS/Content/Maps/Level1.umap" TEMPLATE=0 SHOWPROGRESS=1 FEATURELEVEL=3
[2018.07.03-14.37.09:207][  0]LightingResults: New page: Lighting Build
[2018.07.03-14.37.09:215][  0]MapCheck: New page: Map Check
[2018.07.03-14.37.09:215][  0]LightingResults: New page: Lighting Build
[2018.07.03-14.37.09:245][  0]LogUObjectGlobals: Destroyed PersistentFrame Addr=0x000001b47d4c3830, Size=80
[2018.07.03-14.37.17:705][  0]LogAIModule: Creating AISystem for world Level1
[2018.07.03-14.37.17:758][  0]LogEditorServer: Finished looking for orphan Actors (0.000 secs)
[2018.07.03-14.37.17:773][  0]Cmd: MAP CHECKDEP NOCLEARLOG
[2018.07.03-14.37.17:836][  0]MapCheck: Map check complete: 0 Error(s), 0 Warning(s), took 63.416ms to complete.
[2018.07.03-14.37.17:837][  0]LogFileHelpers: Loading map 'Level1' took 8.679
[2018.07.03-14.37.18:242][  0]LogCollectionManager: Loaded 0 collections in 0.001326 seconds
[2018.07.03-14.37.18:291][  0]LogFileCache: Scanning file cache for directory 'E:/Projects/FPS/FPS/Saved/Collections/' took 0.01s
[2018.07.03-14.37.18:291][  0]LogFileCache: Scanning file cache for directory 'E:/Projects/FPS/FPS/Content/Developers/TomColdenhoff/Collections/' took 0.01s
[2018.07.03-14.37.18:291][  0]LogFileCache: Scanning file cache for directory 'E:/Projects/FPS/FPS/Content/Collections/' took 0.01s
[2018.07.03-14.37.18:291][  0]LogCollectionManager: Rebuilt the GUID cache for 0 collections in 0.000000 seconds
[2018.07.03-14.37.18:302][  0]LogContentBrowser: Native class hierarchy populated in 0.0100 seconds. Added 2485 classes and 566 folders.
[2018.07.03-14.37.18:308][  0]LogContentBrowser: Native class hierarchy updated for 'WidgetCarousel' in 0.0010 seconds. Added 0 classes and 0 folders.
[2018.07.03-14.37.19:066][  0]LogContentBrowser: Native class hierarchy updated for 'AddContentDialog' in 0.0013 seconds. Added 0 classes and 0 folders.
[2018.07.03-14.37.19:087][  0]LogContentBrowser: Native class hierarchy updated for 'SceneOutliner' in 0.0014 seconds. Added 1 classes and 2 folders.
[2018.07.03-14.37.19:261][  0]LogSlate: Took 0.015926 seconds to synchronously load lazily loaded font '../../../Engine/Content/Slate/Fonts/Roboto-Regular.ttf' (155K)
[2018.07.03-14.37.19:286][  0]LogSlate: Took 0.023192 seconds to synchronously load lazily loaded font '../../../Engine/Content/Slate/Fonts/Roboto-Bold.ttf' (160K)
[2018.07.03-14.37.19:305][  0]LogSlate: Took 0.012460 seconds to synchronously load lazily loaded font '../../../Engine/Content/Editor/Slate/Fonts/FontAwesome.ttf' (139K)
[2018.07.03-14.37.19:314][  0]LogSlate: Took 0.008882 seconds to synchronously load lazily loaded font '../../../Engine/Content/Slate/Fonts/DroidSansMono.ttf' (77K)
[2018.07.03-14.37.19:620][  0]LogRenderer: Reallocating scene render targets to support 1136x532 Format 10 NumSamples 1 (Frame:1).
[2018.07.03-14.37.19:901][  0]LogContentBrowser: Native class hierarchy updated for 'HierarchicalLODOutliner' in 0.0024 seconds. Added 0 classes and 0 folders.
[2018.07.03-14.37.19:902][  0]LogLoad: (Engine Initialization) Total time: 60.53 seconds
[2018.07.03-14.37.19:902][  0]LogLoad: (Engine Initialization) Total Blueprint compile time: 0.00 seconds
[2018.07.03-14.37.19:915][  0]LogWindowsTextInputMethodSystem: Display: IME system now deactivated.
[2018.07.03-14.37.19:941][  0]LogContentStreaming: Texture pool size now 1000 MB
[2018.07.03-14.37.20:109][  1]LogAssetRegistry: Asset discovery search completed in 38.1826 seconds
[2018.07.03-14.37.20:112][  1]LogCollectionManager: Rebuilt the object cache for 0 collections in 0.000001 seconds (found 0 objects)
[2018.07.03-14.37.20:113][  1]LogCollectionManager: Fixed up redirectors for 0 collections in 0.000434 seconds (updated 0 objects)
[2018.07.03-20.13.30:991][625]LogHttp: Warning: 000001B40A7D4E80: request failed, libcurl error: 6 (Couldn't resolve host name)
[2018.07.03-20.13.30:992][625]LogHttp: Warning: 000001B40A7D4E80: libcurl info message cache 0 (Connection 120 seems to be dead!)
[2018.07.03-20.13.30:992][625]LogHttp: Warning: 000001B40A7D4E80: libcurl info message cache 1 (Closing connection 120)
[2018.07.03-20.13.30:992][625]LogHttp: Warning: 000001B40A7D4E80: libcurl info message cache 2 (TLSv1.2 (OUT), TLS alert, Client hello (1):)
[2018.07.03-20.13.30:992][625]LogHttp: Warning: 000001B40A7D4E80: libcurl info message cache 3 (Could not resolve host: datarouter.ol.epicgames.com)
[2018.07.03-20.13.30:993][625]LogHttp: Warning: 000001B40A7D4E80: libcurl info message cache 4 (Closing connection 121)
[2018.07.03-21.01.21:588][578]LogSlate: FSceneViewport::OnFocusLost() reason 0
[2018.07.03-21.01.24:946][877]LogSlate: Window 'FPS - Unreal Editor' being destroyed
[2018.07.03-21.01.25:427][878]Cmd: QUIT_EDITOR
[2018.07.03-21.01.25:573][878]LogSlate: Slate User Destroyed.  User Index 0, Is Virtual User: 0
[2018.07.03-21.01.25:574][878]LogExit: Preparing to exit.
[2018.07.03-21.01.26:633][878]LogDirectoryWatcher: A directory notification for 'E:/Projects/FPS/FPS/Content/' was aborted.
[2018.07.03-21.01.26:715][878]LogUObjectGlobals: Destroyed PersistentFrame Addr=0x000001b47d44a110, Size=80
[2018.07.03-21.01.26:738][878]LogExit: Editor shut down
[2018.07.03-21.01.26:748][878]LogExit: Transaction tracking system shut down
[2018.07.03-21.01.26:905][878]LogDirectoryWatcher: A directory notification for '../../../Engine/Content/' was aborted.
[2018.07.03-21.01.26:906][878]LogDirectoryWatcher: A directory notification for '../../../../../../../Projects/FPS/FPS/Content/' was aborted.
[2018.07.03-21.01.26:906][878]LogDirectoryWatcher: A directory notification for '../../Plugins/2D/Paper2D/Content/' was aborted.
[2018.07.03-21.01.26:906][878]LogDirectoryWatcher: A directory notification for '../../Plugins/Enterprise/DatasmithContent/Content/' was aborted.
[2018.07.03-21.01.26:906][878]LogDirectoryWatcher: A directory notification for '../../Plugins/Media/MediaCompositing/Content/' was aborted.
[2018.07.03-21.01.26:906][878]LogDirectoryWatcher: A directory notification for '../../Plugins/Runtime/AppleARKit/Content/' was aborted.
[2018.07.03-21.01.26:906][878]LogDirectoryWatcher: A directory notification for '../../Plugins/Runtime/Oculus/OculusVR/Content/' was aborted.
[2018.07.03-21.01.26:906][878]LogDirectoryWatcher: A directory notification for '../../Plugins/Runtime/Steam/SteamVR/Content/' was aborted.
[2018.07.03-21.01.27:280][878]LogExit: Object subsystem successfully closed.
[2018.07.03-21.01.27:337][878]LogShaderCompilers: Display: Shaders left to compile 0
[2018.07.03-21.01.27:352][878]LogD3D11RHI: Shutdown
[2018.07.03-21.01.27:352][878]LogD3D11RHI: CleanupD3DDevice
[2018.07.03-21.01.27:370][878]LogD3D11RHI: ~FD3D11DynamicRHI
[2018.07.03-21.01.27:458][878]LogModuleManager: Shutting down and abandoning module HierarchicalLODOutliner (578)
[2018.07.03-21.01.27:458][878]LogModuleManager: Shutting down and abandoning module DesktopPlatform (576)
[2018.07.03-21.01.27:463][878]LogModuleManager: Shutting down and abandoning module SceneOutliner (574)
[2018.07.03-21.01.27:463][878]LogModuleManager: Shutting down and abandoning module AddContentDialog (572)
[2018.07.03-21.01.27:479][878]LogDirectoryWatcher: A directory notification for 'E:/Game Engines/Epic Games/4.19/UE_4.19/FeaturePacks/' was aborted.
[2018.07.03-21.01.27:483][878]LogModuleManager: Shutting down and abandoning module WidgetCarousel (571)
[2018.07.03-21.01.27:483][878]LogModuleManager: Shutting down and abandoning module EditorWidgets (568)
[2018.07.03-21.01.27:483][878]LogModuleManager: Shutting down and abandoning module CollectionManager (566)
[2018.07.03-21.01.27:484][878]LogDirectoryWatcher: A directory notification for 'E:/Projects/FPS/FPS/Content/Collections/' was aborted.
[2018.07.03-21.01.27:484][878]LogDirectoryWatcher: A directory notification for 'E:/Projects/FPS/FPS/Content/Developers/TomColdenhoff/Collections/' was aborted.
[2018.07.03-21.01.27:485][878]LogDirectoryWatcher: A directory notification for 'E:/Projects/FPS/FPS/Saved/Collections/' was aborted.
[2018.07.03-21.01.27:485][878]LogModuleManager: Shutting down and abandoning module StatsViewer (564)
[2018.07.03-21.01.27:485][878]LogModuleManager: Shutting down and abandoning module FoliageEdit (562)
[2018.07.03-21.01.27:486][878]LogModuleManager: Shutting down and abandoning module LandscapeEditor (560)
[2018.07.03-21.01.27:491][878]LogModuleManager: Shutting down and abandoning module MeshPaintMode (558)
[2018.07.03-21.01.27:492][878]LogModuleManager: Shutting down and abandoning module SceneDepthPickerMode (556)
[2018.07.03-21.01.27:492][878]LogModuleManager: Shutting down and abandoning module ActorPickerMode (554)
[2018.07.03-21.01.27:492][878]LogModuleManager: Shutting down and abandoning module GeometryMode (552)
[2018.07.03-21.01.27:493][878]LogModuleManager: Shutting down and abandoning module TextureAlignMode (550)
[2018.07.03-21.01.27:493][878]LogModuleManager: Shutting down and abandoning module BspMode (548)
[2018.07.03-21.01.27:493][878]LogModuleManager: Shutting down and abandoning module PIEPreviewDeviceProfileSelector (546)
[2018.07.03-21.01.27:494][878]LogModuleManager: Shutting down and abandoning module HardwareSurvey (544)
[2018.07.03-21.01.27:494][878]LogModuleManager: Shutting down and abandoning module SequenceRecorderSections (542)
[2018.07.03-21.01.27:494][878]LogModuleManager: Shutting down and abandoning module AutomationWorker (540)
[2018.07.03-21.01.27:495][878]LogModuleManager: Shutting down and abandoning module AudioCaptureEditor (538)
[2018.07.03-21.01.27:495][878]LogModuleManager: Shutting down and abandoning module SequenceRecorder (537)
[2018.07.03-21.01.27:495][878]LogModuleManager: Shutting down and abandoning module MatineeToLevelSequence (534)
[2018.07.03-21.01.27:496][878]LogModuleManager: Shutting down and abandoning module LevelSequenceEditor (532)
[2018.07.03-21.01.27:496][878]LogModuleManager: Shutting down and abandoning module PlacementMode (531)
[2018.07.03-21.01.27:497][878]LogModuleManager: Shutting down and abandoning module MaterialEditor (530)
[2018.07.03-21.01.27:526][878]LogModuleManager: Shutting down and abandoning module WmfMediaFactory (526)
[2018.07.03-21.01.27:526][878]LogModuleManager: Shutting down and abandoning module WmfMediaEditor (524)
[2018.07.03-21.01.27:526][878]LogModuleManager: Shutting down and abandoning module MediaPlayerEditor (522)
[2018.07.03-21.01.27:526][878]LogModuleManager: Shutting down and abandoning module OpenExrWrapper (520)
[2018.07.03-21.01.27:526][878]LogModuleManager: Shutting down and abandoning module ImgMediaFactory (518)
[2018.07.03-21.01.27:526][878]LogModuleManager: Shutting down and abandoning module ImgMediaEditor (516)
[2018.07.03-21.01.27:528][878]LogModuleManager: Shutting down and abandoning module AvfMediaFactory (514)
[2018.07.03-21.01.27:528][878]LogModuleManager: Shutting down and abandoning module AvfMediaEditor (512)
[2018.07.03-21.01.27:528][878]LogModuleManager: Shutting down and abandoning module AndroidMediaFactory (510)
[2018.07.03-21.01.27:528][878]LogModuleManager: Shutting down and abandoning module AndroidMediaEditor (508)
[2018.07.03-21.01.27:528][878]LogModuleManager: Shutting down and abandoning module CharacterAI (506)
[2018.07.03-21.01.27:528][878]LogModuleManager: Shutting down and abandoning module SmartSnapping (504)
[2018.07.03-21.01.27:528][878]LogModuleManager: Shutting down and abandoning module SessionServices (502)
[2018.07.03-21.01.27:528][878]LogModuleManager: Shutting down and abandoning module ViewportSnapping (500)
[2018.07.03-21.01.27:528][878]LogModuleManager: Shutting down and abandoning module ViewportInteraction (498)
[2018.07.03-21.01.27:528][878]LogModuleManager: Shutting down and abandoning module ClothPainter (496)
[2018.07.03-21.01.27:528][878]LogModuleManager: Shutting down and abandoning module SkeletalMeshEditor (495)
[2018.07.03-21.01.27:528][878]LogModuleManager: Shutting down and abandoning module LogVisualizer (492)
[2018.07.03-21.01.27:529][878]LogModuleManager: Shutting down and abandoning module IntroTutorials (490)
[2018.07.03-21.01.27:529][878]LogModuleManager: Shutting down and abandoning module GameProjectGeneration (489)
[2018.07.03-21.01.27:529][878]LogModuleManager: Shutting down and abandoning module IOSPlatformEditor (486)
[2018.07.03-21.01.27:529][878]LogModuleManager: Shutting down and abandoning module HTML5PlatformEditor (484)
[2018.07.03-21.01.27:529][878]LogModuleManager: Shutting down and abandoning module AndroidPlatformEditor (482)
[2018.07.03-21.01.27:530][878]LogModuleManager: Shutting down and abandoning module AndroidDeviceDetection (481)
