Log file open, 05/26/18 15:34:26
LogWindows: Failed to load 'aqProf.dll' (GetLastError=126)
LogWindows: File 'aqProf.dll' does not exist
LogWindows: Failed to load 'VtuneApi.dll' (GetLastError=126)
LogWindows: File 'VtuneApi.dll' does not exist
LogWindows: Failed to load 'VtuneApi32e.dll' (GetLastError=126)
LogWindows: File 'VtuneApi32e.dll' does not exist
LogInit: Display: Running engine for game: FPS
LogPlatformFile: Not using cached read wrapper
LogInit: Display: RandInit(-1800104546) SRandInit(-1800104546).
LogInit: Read version file with build ID '3944462'
LogInit: Overriding engine version to CL 4033788, compatible CL 3944462
LogInit: Registered custom module enumerator with build ID '3944462'
LogTaskGraph: Started task graph with 5 named threads and 23 total threads with 3 sets of task threads.
LogStats: Stats thread started at 0.946347
LogD3D11RHI: Aftermath initialized
LogICUInternationalization: Display: ICU TimeZone Detection - Raw Offset: +1:00, Platform Override: ''
LogPluginManager: Mounting plugin Paper2D
LogPluginManager: Mounting plugin LiveLink
LogPluginManager: Mounting plugin LightPropagationVolume
LogPluginManager: Mounting plugin CLionSourceCodeAccess
LogPluginManager: Mounting plugin CodeLiteSourceCodeAccess
LogPluginManager: Mounting plugin GitSourceControl
LogPluginManager: Mounting plugin KDevelopSourceCodeAccess
LogPluginManager: Mounting plugin NullSourceCodeAccess
LogPluginManager: Mounting plugin PerforceSourceControl
LogPluginManager: Mounting plugin SubversionSourceControl
LogPluginManager: Mounting plugin UObjectPlugin
LogPluginManager: Mounting plugin VisualStudioCodeSourceCodeAccess
LogPluginManager: Mounting plugin VisualStudioSourceCodeAccess
LogPluginManager: Mounting plugin XCodeSourceCodeAccess
LogPluginManager: Mounting plugin AssetManagerEditor
LogPluginManager: Mounting plugin CryptoKeys
LogPluginManager: Mounting plugin DataValidation
LogPluginManager: Mounting plugin FacialAnimation
LogPluginManager: Mounting plugin GameplayTagsEditor
LogPluginManager: Mounting plugin MobileLauncherProfileWizard
LogPluginManager: Mounting plugin PluginBrowser
LogPluginManager: Mounting plugin SpeedTreeImporter
LogPluginManager: Mounting plugin DatasmithContent
LogPluginManager: Mounting plugin AlembicImporter
LogPluginManager: Mounting plugin CharacterAI
LogPluginManager: Mounting plugin HTML5Networking
LogPluginManager: Mounting plugin AndroidMedia
LogPluginManager: Mounting plugin AvfMedia
LogPluginManager: Mounting plugin ImgMedia
LogPluginManager: Mounting plugin LinearTimecode
LogPluginManager: Mounting plugin MediaCompositing
LogPluginManager: Mounting plugin MediaPlayerEditor
LogPluginManager: Mounting plugin WmfMedia
LogPluginManager: Mounting plugin TcpMessaging
LogPluginManager: Mounting plugin UdpMessaging
LogPluginManager: Mounting plugin ActorSequence
LogPluginManager: Mounting plugin LevelSequenceEditor
LogPluginManager: Mounting plugin MatineeToLevelSequence
LogPluginManager: Mounting plugin NetcodeUnitTest
LogPluginManager: Mounting plugin NUTUnrealEngine4
LogPluginManager: Mounting plugin OnlineSubsystemGooglePlay
LogPluginManager: Mounting plugin OnlineSubsystemIOS
LogPluginManager: Mounting plugin OnlineSubsystem
LogPluginManager: Mounting plugin OnlineSubsystemNull
LogPluginManager: Mounting plugin OnlineSubsystemUtils
LogPluginManager: Mounting plugin AndroidDeviceProfileSelector
LogPluginManager: Mounting plugin AndroidMoviePlayer
LogPluginManager: Mounting plugin AndroidPermission
LogPluginManager: Mounting plugin AppleARKit
LogPluginManager: Mounting plugin AppleMoviePlayer
LogPluginManager: Mounting plugin ArchVisCharacter
LogPluginManager: Mounting plugin AudioCapture
LogPluginManager: Mounting plugin CableComponent
LogPluginManager: Mounting plugin CustomMeshComponent
LogPluginManager: Mounting plugin ExampleDeviceProfileSelector
LogPluginManager: Mounting plugin GoogleCloudMessaging
LogPluginManager: Mounting plugin ImmediatePhysics
LogPluginManager: Mounting plugin IOSDeviceProfileSelector
LogPluginManager: Mounting plugin LinuxDeviceProfileSelector
LogPluginManager: Mounting plugin LocationServicesBPLibrary
LogPluginManager: Mounting plugin MobilePatchingUtils
LogPluginManager: Mounting plugin OculusVR
LogPluginManager: Plugin shader directory ../../../Engine/Plugins/Runtime/Oculus/OculusVR/Shaders found
LogPluginManager: Mapping shader source directory ../../../Engine/Plugins/Runtime/Oculus/OculusVR/Shaders to virtual directory /Plugin/OculusVR
LogPluginManager: Mounting plugin PhysXVehicles
LogPluginManager: Mounting plugin ProceduralMeshComponent
LogPluginManager: Mounting plugin RuntimePhysXCooking
LogPluginManager: Mounting plugin SteamVR
LogPluginManager: Mounting plugin WindowsMoviePlayer
LogStreaming: Display: Took  0.104s to configure plugins.
LogModuleManager: Display: Found up-to-date module file ../../../../../SpareTime/Unreal/FPS/FPS/Binaries/Win64/UE4Editor-FPS-1395.dll (API version 3944462).
LogModuleManager: Display: Found up-to-date module file ../../../Engine/Plugins/2D/Paper2D/Binaries/Win64/UE4Editor-Paper2D.dll (API version 3944462).
LogModuleManager: Display: Found up-to-date module file ../../../Engine/Plugins/2D/Paper2D/Binaries/Win64/UE4Editor-Paper2DEditor.dll (API version 3944462).
LogModuleManager: Display: Found up-to-date module file ../../../Engine/Plugins/2D/Paper2D/Binaries/Win64/UE4Editor-PaperSpriteSheetImporter.dll (API version 3944462).
LogModuleManager: Display: Found up-to-date module file ../../../Engine/Plugins/2D/Paper2D/Binaries/Win64/UE4Editor-PaperTiledImporter.dll (API version 3944462).
LogModuleManager: Display: Found up-to-date module file ../../../Engine/Plugins/2D/Paper2D/Binaries/Win64/UE4Editor-SmartSnapping.dll (API version 3944462).
LogModuleManager: Display: Found up-to-date module file ../../../Engine/Plugins/Animation/LiveLink/Binaries/Win64/UE4Editor-LiveLink.dll (API version 3944462).
LogModuleManager: Display: Found up-to-date module file ../../../Engine/Plugins/Animation/LiveLink/Binaries/Win64/UE4Editor-LiveLinkEditor.dll (API version 3944462).
LogModuleManager: Display: Found up-to-date module file ../../../Engine/Plugins/Blendables/LightPropagationVolume/Binaries/Win64/UE4Editor-LightPropagationVolumeRuntime.dll (API version 3944462).
LogModuleManager: Display: Found up-to-date module file ../../../Engine/Plugins/Blendables/LightPropagationVolume/Binaries/Win64/UE4Editor-LightPropagationVolumeEditor.dll (API version 3944462).
LogModuleManager: Display: Found up-to-date module file ../../../Engine/Plugins/Developer/CLionSourceCodeAccess/Binaries/Win64/UE4Editor-CLionSourceCodeAccess.dll (API version 3944462).
LogModuleManager: Display: Found up-to-date module file ../../../Engine/Plugins/Developer/GitSourceControl/Binaries/Win64/UE4Editor-GitSourceControl.dll (API version 3944462).
LogModuleManager: Display: Found up-to-date module file ../../../Engine/Plugins/Developer/PerforceSourceControl/Binaries/Win64/UE4Editor-PerforceSourceControl.dll (API version 3944462).
LogModuleManager: Display: Found up-to-date module file ../../../Engine/Plugins/Developer/SubversionSourceControl/Binaries/Win64/UE4Editor-SubversionSourceControl.dll (API version 3944462).
LogModuleManager: Display: Found up-to-date module file ../../../Engine/Plugins/Developer/UObjectPlugin/Binaries/Win64/UE4Editor-UObjectPlugin.dll (API version 3944462).
LogModuleManager: Display: Found up-to-date module file ../../../Engine/Plugins/Developer/VisualStudioCodeSourceCodeAccess/Binaries/Win64/UE4Editor-VisualStudioCodeSourceCodeAccess.dll (API version 3944462).
LogModuleManager: Display: Found up-to-date module file ../../../Engine/Plugins/Developer/VisualStudioSourceCodeAccess/Binaries/Win64/UE4Editor-VisualStudioSourceCodeAccess.dll (API version 3944462).
LogModuleManager: Display: Found up-to-date module file ../../../Engine/Plugins/Editor/AssetManagerEditor/Binaries/Win64/UE4Editor-AssetManagerEditor.dll (API version 3944462).
LogModuleManager: Display: Found up-to-date module file ../../../Engine/Plugins/Editor/CryptoKeys/Binaries/Win64/UE4Editor-CryptoKeys.dll (API version 3944462).
LogModuleManager: Display: Found up-to-date module file ../../../Engine/Plugins/Editor/CryptoKeys/Binaries/Win64/UE4Editor-CryptoKeysOpenSSL.dll (API version 3944462).
LogModuleManager: Display: Found up-to-date module file ../../../Engine/Plugins/Editor/DataValidation/Binaries/Win64/UE4Editor-DataValidation.dll (API version 3944462).
LogModuleManager: Display: Found up-to-date module file ../../../Engine/Plugins/Editor/FacialAnimation/Binaries/Win64/UE4Editor-FacialAnimation.dll (API version 3944462).
LogModuleManager: Display: Found up-to-date module file ../../../Engine/Plugins/Editor/FacialAnimation/Binaries/Win64/UE4Editor-FacialAnimationEditor.dll (API version 3944462).
LogModuleManager: Display: Found up-to-date module file ../../../Engine/Plugins/Editor/GameplayTagsEditor/Binaries/Win64/UE4Editor-GameplayTagsEditor.dll (API version 3944462).
LogModuleManager: Display: Found up-to-date module file ../../../Engine/Plugins/Editor/MobileLauncherProfileWizard/Binaries/Win64/UE4Editor-MobileLauncherProfileWizard.dll (API version 3944462).
LogModuleManager: Display: Found up-to-date module file ../../../Engine/Plugins/Editor/PluginBrowser/Binaries/Win64/UE4Editor-PluginBrowser.dll (API version 3944462).
LogModuleManager: Display: Found up-to-date module file ../../../Engine/Plugins/Editor/SpeedTreeImporter/Binaries/Win64/UE4Editor-SpeedTreeImporter.dll (API version 3944462).
LogModuleManager: Display: Found up-to-date module file ../../../Engine/Plugins/Enterprise/DatasmithContent/Binaries/Win64/UE4Editor-DatasmithContent.dll (API version 3944462).
LogModuleManager: Display: Found up-to-date module file ../../../Engine/Plugins/Experimental/AlembicImporter/Binaries/Win64/UE4Editor-AlembicImporter.dll (API version 3944462).
LogModuleManager: Display: Found up-to-date module file ../../../Engine/Plugins/Experimental/AlembicImporter/Binaries/Win64/UE4Editor-AlembicLibrary.dll (API version 3944462).
LogModuleManager: Display: Found up-to-date module file ../../../Engine/Plugins/Experimental/CharacterAI/Binaries/Win64/UE4Editor-CharacterAI.dll (API version 3944462).
LogModuleManager: Display: Found up-to-date module file ../../../Engine/Plugins/Experimental/HTML5Networking/Binaries/Win64/UE4Editor-HTML5Networking.dll (API version 3944462).
LogModuleManager: Display: Found up-to-date module file ../../../Engine/Plugins/Media/AndroidMedia/Binaries/Win64/UE4Editor-AndroidMediaEditor.dll (API version 3944462).
LogModuleManager: Display: Found up-to-date module file ../../../Engine/Plugins/Media/AndroidMedia/Binaries/Win64/UE4Editor-AndroidMediaFactory.dll (API version 3944462).
LogModuleManager: Display: Found up-to-date module file ../../../Engine/Plugins/Media/AvfMedia/Binaries/Win64/UE4Editor-AvfMediaEditor.dll (API version 3944462).
LogModuleManager: Display: Found up-to-date module file ../../../Engine/Plugins/Media/AvfMedia/Binaries/Win64/UE4Editor-AvfMediaFactory.dll (API version 3944462).
LogModuleManager: Display: Found up-to-date module file ../../../Engine/Plugins/Media/AvfMedia/Binaries/Win64/UE4Editor-AvfMediaFactory.dll (API version 3944462).
LogModuleManager: Display: Found up-to-date module file ../../../Engine/Plugins/Media/ImgMedia/Binaries/Win64/UE4Editor-ImgMedia.dll (API version 3944462).
LogModuleManager: Display: Found up-to-date module file ../../../Engine/Plugins/Media/ImgMedia/Binaries/Win64/UE4Editor-ImgMediaEditor.dll (API version 3944462).
LogModuleManager: Display: Found up-to-date module file ../../../Engine/Plugins/Media/ImgMedia/Binaries/Win64/UE4Editor-ImgMediaFactory.dll (API version 3944462).
LogModuleManager: Display: Found up-to-date module file ../../../Engine/Plugins/Media/ImgMedia/Binaries/Win64/UE4Editor-ImgMediaFactory.dll (API version 3944462).
LogModuleManager: Display: Found up-to-date module file ../../../Engine/Plugins/Media/ImgMedia/Binaries/Win64/UE4Editor-OpenExrWrapper.dll (API version 3944462).
LogModuleManager: Display: Found up-to-date module file ../../../Engine/Plugins/Media/LinearTimecode/Binaries/Win64/UE4Editor-LinearTimecode.dll (API version 3944462).
LogModuleManager: Display: Found up-to-date module file ../../../Engine/Plugins/Media/MediaCompositing/Binaries/Win64/UE4Editor-MediaCompositing.dll (API version 3944462).
LogModuleManager: Display: Found up-to-date module file ../../../Engine/Plugins/Media/MediaCompositing/Binaries/Win64/UE4Editor-MediaCompositingEditor.dll (API version 3944462).
LogModuleManager: Display: Found up-to-date module file ../../../Engine/Plugins/Media/MediaPlayerEditor/Binaries/Win64/UE4Editor-MediaPlayerEditor.dll (API version 3944462).
LogModuleManager: Display: Found up-to-date module file ../../../Engine/Plugins/Media/WmfMedia/Binaries/Win64/UE4Editor-WmfMedia.dll (API version 3944462).
LogModuleManager: Display: Found up-to-date module file ../../../Engine/Plugins/Media/WmfMedia/Binaries/Win64/UE4Editor-WmfMediaEditor.dll (API version 3944462).
LogModuleManager: Display: Found up-to-date module file ../../../Engine/Plugins/Media/WmfMedia/Binaries/Win64/UE4Editor-WmfMediaFactory.dll (API version 3944462).
LogModuleManager: Display: Found up-to-date module file ../../../Engine/Plugins/Media/WmfMedia/Binaries/Win64/UE4Editor-WmfMediaFactory.dll (API version 3944462).
LogModuleManager: Display: Found up-to-date module file ../../../Engine/Plugins/Messaging/TcpMessaging/Binaries/Win64/UE4Editor-TcpMessaging.dll (API version 3944462).
LogModuleManager: Display: Found up-to-date module file ../../../Engine/Plugins/Messaging/UdpMessaging/Binaries/Win64/UE4Editor-UdpMessaging.dll (API version 3944462).
LogModuleManager: Display: Found up-to-date module file ../../../Engine/Plugins/MovieScene/ActorSequence/Binaries/Win64/UE4Editor-ActorSequence.dll (API version 3944462).
LogModuleManager: Display: Found up-to-date module file ../../../Engine/Plugins/MovieScene/LevelSequenceEditor/Binaries/Win64/UE4Editor-LevelSequenceEditor.dll (API version 3944462).
LogModuleManager: Display: Found up-to-date module file ../../../Engine/Plugins/MovieScene/MatineeToLevelSequence/Binaries/Win64/UE4Editor-MatineeToLevelSequence.dll (API version 3944462).
LogModuleManager: Display: Found up-to-date module file ../../../Engine/Plugins/NetcodeUnitTest/NetcodeUnitTest/Binaries/Win64/UE4Editor-NetcodeUnitTest.dll (API version 3944462).
LogModuleManager: Display: Found up-to-date module file ../../../Engine/Plugins/NetcodeUnitTest/NUTUnrealEngine4/Binaries/Win64/UE4Editor-NUTUnrealEngine4.dll (API version 3944462).
LogModuleManager: Display: Found up-to-date module file ../../../Engine/Plugins/Online/OnlineSubsystem/Binaries/Win64/UE4Editor-OnlineSubsystem.dll (API version 3944462).
LogModuleManager: Display: Found up-to-date module file ../../../Engine/Plugins/Online/OnlineSubsystemNull/Binaries/Win64/UE4Editor-OnlineSubsystemNull.dll (API version 3944462).
LogModuleManager: Display: Found up-to-date module file ../../../Engine/Plugins/Online/OnlineSubsystemUtils/Binaries/Win64/UE4Editor-OnlineSubsystemUtils.dll (API version 3944462).
LogModuleManager: Display: Found up-to-date module file ../../../Engine/Plugins/Online/OnlineSubsystemUtils/Binaries/Win64/UE4Editor-OnlineBlueprintSupport.dll (API version 3944462).
LogModuleManager: Display: Found up-to-date module file ../../../Engine/Plugins/Runtime/AndroidDeviceProfileSelector/Binaries/Win64/UE4Editor-AndroidDeviceProfileSelector.dll (API version 3944462).
LogModuleManager: Display: Found up-to-date module file ../../../Engine/Plugins/Runtime/AndroidPermission/Binaries/Win64/UE4Editor-AndroidPermission.dll (API version 3944462).
LogModuleManager: Display: Found up-to-date module file ../../../Engine/Plugins/Runtime/AppleARKit/Binaries/Win64/UE4Editor-AppleARKit.dll (API version 3944462).
LogModuleManager: Display: Found up-to-date module file ../../../Engine/Plugins/Runtime/ArchVisCharacter/Binaries/Win64/UE4Editor-ArchVisCharacter.dll (API version 3944462).
LogModuleManager: Display: Found up-to-date module file ../../../Engine/Plugins/Runtime/AudioCapture/Binaries/Win64/UE4Editor-AudioCapture.dll (API version 3944462).
LogModuleManager: Display: Found up-to-date module file ../../../Engine/Plugins/Runtime/AudioCapture/Binaries/Win64/UE4Editor-AudioCaptureEditor.dll (API version 3944462).
LogModuleManager: Display: Found up-to-date module file ../../../Engine/Plugins/Runtime/CableComponent/Binaries/Win64/UE4Editor-CableComponent.dll (API version 3944462).
LogModuleManager: Display: Found up-to-date module file ../../../Engine/Plugins/Runtime/CustomMeshComponent/Binaries/Win64/UE4Editor-CustomMeshComponent.dll (API version 3944462).
LogModuleManager: Display: Found up-to-date module file ../../../Engine/Plugins/Runtime/ExampleDeviceProfileSelector/Binaries/Win64/UE4Editor-ExampleDeviceProfileSelector.dll (API version 3944462).
LogModuleManager: Display: Found up-to-date module file ../../../Engine/Plugins/Runtime/ImmediatePhysics/Binaries/Win64/UE4Editor-ImmediatePhysics.dll (API version 3944462).
LogModuleManager: Display: Found up-to-date module file ../../../Engine/Plugins/Runtime/ImmediatePhysics/Binaries/Win64/UE4Editor-ImmediatePhysicsEditor.dll (API version 3944462).
LogModuleManager: Display: Found up-to-date module file ../../../Engine/Plugins/Runtime/LocationServicesBPLibrary/Binaries/Win64/UE4Editor-LocationServicesBPLibrary.dll (API version 3944462).
LogModuleManager: Display: Found up-to-date module file ../../../Engine/Plugins/Runtime/MobilePatchingUtils/Binaries/Win64/UE4Editor-MobilePatchingUtils.dll (API version 3944462).
LogModuleManager: Display: Found up-to-date module file ../../../Engine/Plugins/Runtime/Oculus/OculusVR/Binaries/Win64/UE4Editor-OculusHMD.dll (API version 3944462).
LogModuleManager: Display: Found up-to-date module file ../../../Engine/Plugins/Runtime/Oculus/OculusVR/Binaries/Win64/UE4Editor-OculusInput.dll (API version 3944462).
LogModuleManager: Display: Found up-to-date module file ../../../Engine/Plugins/Runtime/Oculus/OculusVR/Binaries/Win64/UE4Editor-OculusEditor.dll (API version 3944462).
LogModuleManager: Display: Found up-to-date module file ../../../Engine/Plugins/Runtime/PhysXVehicles/Binaries/Win64/UE4Editor-PhysXVehicles.dll (API version 3944462).
LogModuleManager: Display: Found up-to-date module file ../../../Engine/Plugins/Runtime/PhysXVehicles/Binaries/Win64/UE4Editor-PhysXVehiclesEditor.dll (API version 3944462).
LogModuleManager: Display: Found up-to-date module file ../../../Engine/Plugins/Runtime/ProceduralMeshComponent/Binaries/Win64/UE4Editor-ProceduralMeshComponent.dll (API version 3944462).
LogModuleManager: Display: Found up-to-date module file ../../../Engine/Plugins/Runtime/ProceduralMeshComponent/Binaries/Win64/UE4Editor-ProceduralMeshComponentEditor.dll (API version 3944462).
LogModuleManager: Display: Found up-to-date module file ../../../Engine/Plugins/Runtime/RuntimePhysXCooking/Binaries/Win64/UE4Editor-RuntimePhysXCooking.dll (API version 3944462).
LogModuleManager: Display: Found up-to-date module file ../../../Engine/Plugins/Runtime/Steam/SteamVR/Binaries/Win64/UE4Editor-SteamVR.dll (API version 3944462).
LogModuleManager: Display: Found up-to-date module file ../../../Engine/Plugins/Runtime/Steam/SteamVR/Binaries/Win64/UE4Editor-SteamVRController.dll (API version 3944462).
LogModuleManager: Display: Found up-to-date module file ../../../Engine/Plugins/Runtime/WindowsMoviePlayer/Binaries/Win64/UE4Editor-WindowsMoviePlayer.dll (API version 3944462).
LogInit: Using libcurl 7.47.1
LogInit:  - built for x86_64-pc-win32
LogInit:  - supports SSL with OpenSSL/1.0.2g
LogInit:  - supports HTTP deflate (compression) using libz 1.2.8
LogInit:  - other features:
LogInit:      CURL_VERSION_SSL
LogInit:      CURL_VERSION_LIBZ
LogInit:      CURL_VERSION_IPV6
LogInit:      CURL_VERSION_ASYNCHDNS
LogInit:      CURL_VERSION_LARGEFILE
LogInit:      CURL_VERSION_IDN
LogInit:  CurlRequestOptions (configurable via config and command line):
LogInit:  - bVerifyPeer = false  - Libcurl will NOT verify peer certificate
LogInit:  - bUseHttpProxy = false  - Libcurl will NOT use HTTP proxy
LogInit:  - bDontReuseConnections = false  - Libcurl will reuse connections
LogInit:  - CertBundlePath = nullptr  - Libcurl will use whatever was configured at build time.
LogInit:  - MaxHostConnections = 16  - Libcurl will limit the number of connections to a host
LogInit:  - LocalHostAddr = Default
LogInit: WinSock: version 1.1 (2.2), MaxSocks=32767, MaxUdp=65467
LogInit: WinSock: I am Tom-Laptop (192.168.1.87:0)
LogInit: Build: ++UE4+Release-4.19-CL-4033788
LogInit: Engine Version: 4.19.2-4033788+++UE4+Release-4.19
LogInit: Compatible Engine Version: 4.19.0-3944462+++UE4+Release-4.19
LogInit: Net CL: 3944462
LogDevObjectVersion: Number of dev versions registered: 18
LogDevObjectVersion:   Dev-Blueprints (B0D832E4-1F89-4F0D-ACCF-7EB736FD4AA2): 10
LogDevObjectVersion:   Dev-Build (E1C64328-A22C-4D53-A36C-8E866417BD8C): 0
LogDevObjectVersion:   Dev-Core (375EC13C-06E4-48FB-B500-84F0262A717E): 2
LogDevObjectVersion:   Dev-Editor (E4B068ED-F494-42E9-A231-DA0B2E46BB41): 23
LogDevObjectVersion:   Dev-Framework (CFFC743F-43B0-4480-9391-14DF171D2073): 33
LogDevObjectVersion:   Dev-Mobile (B02B49B5-BB20-44E9-A304-32B752E40360): 2
LogDevObjectVersion:   Dev-Networking (A4E4105C-59A1-49B5-A7C5-40C4547EDFEE): 0
LogDevObjectVersion:   Dev-Online (39C831C9-5AE6-47DC-9A44-9C173E1C8E7C): 0
LogDevObjectVersion:   Dev-Physics (78F01B33-EBEA-4F98-B9B4-84EACCB95AA2): 0
LogDevObjectVersion:   Dev-Platform (6631380F-2D4D-43E0-8009-CF276956A95A): 0
LogDevObjectVersion:   Dev-Rendering (12F88B9F-8875-4AFC-A67C-D90C383ABD29): 25
LogDevObjectVersion:   Dev-Sequencer (7B5AE74C-D270-4C10-A958-57980B212A5A): 6
LogDevObjectVersion:   Dev-VR (D7296918-1DD6-4BDD-9DE2-64A83CC13884): 1
LogDevObjectVersion:   Dev-LoadTimes (C2A15278-BFE7-4AFE-6C17-90FF531DF755): 1
LogDevObjectVersion:   Private-Geometry (6EACA3D4-40EC-4CC1-B786-8BED09428FC5): 2
LogDevObjectVersion:   Dev-AnimPhys (29E575DD-E0A3-4627-9D10-D276232CDCEA): 16
LogDevObjectVersion:   Dev-ReflectionCapture (6B266CEC-1EC7-4B8F-A30B-E4D90942FC07): 1
LogDevObjectVersion:   Dev-Automation (0DF73D61-A23F-47EA-B727-89E90C41499A): 1
LogInit: Compiled (64-bit): Apr 27 2018 02:06:57
LogInit: Compiled with Visual C++: 19.00.24215.01
LogInit: Build Configuration: Development
LogInit: Branch Name: ++UE4+Release-4.19
LogInit: Command Line:  -skipcompile
LogInit: Base Directory: D:/Epic Games/UE_4.19/Engine/Binaries/Win64/
LogInit: Installed Engine Build: 1
LogStreaming: Display: Took  0.003s to delete old logs.
LogInit: Presizing for max 8388607 objects, including 0 objects not considered by GC, pre-allocating 0 bytes for permanent pool.
LogInit: Object subsystem initialized
[2018.05.26-13.34.28:889][  0]LogInit: Selected Device Profile: [Windows]
[2018.05.26-13.34.28:890][  0]LogInit: Applying CVar settings loaded from the selected device profile: [Windows]
[2018.05.26-13.34.28:902][  0]LogInit: Computer: TOM-LAPTOP
[2018.05.26-13.34.28:902][  0]LogInit: User: tomco
[2018.05.26-13.34.28:902][  0]LogInit: CPU Page size=4096, Cores=4
[2018.05.26-13.34.28:903][  0]LogInit: High frequency timer resolution =2.531252 MHz
[2018.05.26-13.34.28:903][  0]LogMemory: Memory total: Physical=7.9GB (8GB approx)
[2018.05.26-13.34.28:903][  0]LogMemory: Platform Memory Stats for Windows
[2018.05.26-13.34.28:903][  0]LogMemory: Process Physical Memory: 275.61 MB used, 275.61 MB peak
[2018.05.26-13.34.28:903][  0]LogMemory: Process Virtual Memory: 264.77 MB used, 264.77 MB peak
[2018.05.26-13.34.28:903][  0]LogMemory: Physical Memory: 7229.90 MB used,  860.62 MB free, 8090.52 MB total
[2018.05.26-13.34.28:903][  0]LogMemory: Virtual Memory: 4794.24 MB used,  860.62 MB free, 134217728.00 MB total
[2018.05.26-13.34.29:102][  0]LogInit: Using OS detected language (en-US).
[2018.05.26-13.34.29:102][  0]LogInit: Using OS detected locale (en-US).
[2018.05.26-13.34.29:120][  0]LogTextLocalizationManager: No specific localization for 'en-US' exists, so the 'en' localization will be used.
[2018.05.26-13.34.29:671][  0]LogStreaming: Display: Took  0.570s to EndInitTextLocalization.
[2018.05.26-13.34.29:672][  0]LogInit: Setting process to per monitor DPI aware
[2018.05.26-13.34.29:756][  0]LogSlate: New Slate User Created.  User Index 0, Is Virtual User: 0
[2018.05.26-13.34.29:757][  0]LogSlate: Slate User Registered.  User Index 0, Is Virtual User: 0
[2018.05.26-13.34.30:304][  0]LogD3D11RHI: D3D11 adapters:
[2018.05.26-13.34.30:398][  0]LogD3D11RHI:    0. 'NVIDIA GeForce GTX 960M' (Feature Level 11_0)
[2018.05.26-13.34.30:398][  0]LogD3D11RHI:       2019/0/4045 MB DedicatedVideo/DedicatedSystem/SharedSystem, Outputs:1, VendorId:0x10de
[2018.05.26-13.34.30:420][  0]LogD3D11RHI:    1. 'Intel(R) HD Graphics 530' (Feature Level 11_0)
[2018.05.26-13.34.30:421][  0]LogD3D11RHI:       128/0/4045 MB DedicatedVideo/DedicatedSystem/SharedSystem, Outputs:0, VendorId:0x8086
[2018.05.26-13.34.30:433][  0]LogD3D11RHI:    2. 'Microsoft Basic Render Driver' (Feature Level 11_0)
[2018.05.26-13.34.30:433][  0]LogD3D11RHI:       0/0/4045 MB DedicatedVideo/DedicatedSystem/SharedSystem, Outputs:0, VendorId:0x1414
[2018.05.26-13.34.30:433][  0]LogD3D11RHI: Chosen D3D11 Adapter: 0
[2018.05.26-13.34.30:458][  0]LogD3D11RHI: Creating new Direct3DDevice
[2018.05.26-13.34.30:458][  0]LogD3D11RHI:     GPU DeviceId: 0x139b (for the marketing name, search the web for "GPU Device Id")
[2018.05.26-13.34.30:458][  0]LogWindows: EnumDisplayDevices:
[2018.05.26-13.34.30:458][  0]LogWindows:    0. 'Intel(R) HD Graphics 530' (P:1 D:1)
[2018.05.26-13.34.30:459][  0]LogWindows:    1. 'Intel(R) HD Graphics 530' (P:0 D:0)
[2018.05.26-13.34.30:459][  0]LogWindows:    2. 'Intel(R) HD Graphics 530' (P:0 D:0)
[2018.05.26-13.34.30:459][  0]LogWindows: DebugString: GetVideoDriverDetailsInvalid PrimaryIsNotTheChoosenAdapter GetVideoDriverDetailsInvalid PrimaryIsNotTheChoosenAdapter GetVideoDriverDetailsInvalid PrimaryIsNotTheChoosenAdapter FoundDriverCount:0 
[2018.05.26-13.34.30:460][  0]LogD3D11RHI:     Adapter Name: NVIDIA GeForce GTX 960M
[2018.05.26-13.34.30:460][  0]LogD3D11RHI:   Driver Version: Unknown (internal:Unknown, unified:Unknown)
[2018.05.26-13.34.30:460][  0]LogD3D11RHI:      Driver Date: Unknown
[2018.05.26-13.34.30:460][  0]LogRHI: Texture pool is 1413 MB (70% of 2019 MB)
[2018.05.26-13.34.30:496][  0]LogD3D11RHI: [Aftermath] Aftermath enabled but failed to initialize
[2018.05.26-13.34.30:496][  0]LogD3D11RHI: [Aftermath] Aftermath enabled and primed
[2018.05.26-13.34.30:496][  0]LogD3D11RHI: Async texture creation enabled
[2018.05.26-13.34.30:525][  0]LogD3D11RHI: GPU Timing Frequency: 1000.000000 (Debug: 2 1)
[2018.05.26-13.34.30:537][  0]LogShaderCompilers: Guid format shader working directory is 6 characters bigger than the processId version (../../../../../SpareTime/Unreal/FPS/FPS/Intermediate/Shaders/WorkingDirectory/16988/).
[2018.05.26-13.34.30:538][  0]LogShaderCompilers: Cleaned the shader compiler working directory 'C:/Users/tomco/AppData/Local/Temp/UnrealShaderWorkingDir/FD12F37C47E54BD505CE168464C64B30/'.
[2018.05.26-13.34.30:866][  0]LogTemp: Display: Loaded TP AllDesktopTargetPlatform
[2018.05.26-13.34.30:884][  0]LogTemp: Display: Loaded TP MacClientTargetPlatform
[2018.05.26-13.34.30:903][  0]LogTemp: Display: Loaded TP MacNoEditorTargetPlatform
[2018.05.26-13.34.30:921][  0]LogTemp: Display: Loaded TP MacServerTargetPlatform
[2018.05.26-13.34.30:944][  0]LogTemp: Display: Loaded TP MacTargetPlatform
[2018.05.26-13.34.30:960][  0]LogTemp: Display: Loaded TP WindowsClientTargetPlatform
[2018.05.26-13.34.30:979][  0]LogTemp: Display: Loaded TP WindowsNoEditorTargetPlatform
[2018.05.26-13.34.30:995][  0]LogTemp: Display: Loaded TP WindowsServerTargetPlatform
[2018.05.26-13.34.31:007][  0]LogTemp: Display: Loaded TP WindowsTargetPlatform
[2018.05.26-13.34.31:023][  0]LogTemp: Display: Loaded TP Android_ASTCTargetPlatform
[2018.05.26-13.34.31:042][  0]LogTemp: Display: Loaded TP Android_ATCTargetPlatform
[2018.05.26-13.34.31:061][  0]LogTemp: Display: Loaded TP Android_DXTTargetPlatform
[2018.05.26-13.34.31:078][  0]LogTemp: Display: Loaded TP Android_ETC1aTargetPlatform
[2018.05.26-13.34.31:095][  0]LogTemp: Display: Loaded TP Android_ETC1TargetPlatform
[2018.05.26-13.34.31:112][  0]LogTemp: Display: Loaded TP Android_ETC2TargetPlatform
[2018.05.26-13.34.31:146][  0]LogTemp: Display: Loaded TP Android_MultiTargetPlatform
[2018.05.26-13.34.31:146][  0]LogTemp: Display: Loaded TP Android_PVRTCTargetPlatform
[2018.05.26-13.34.31:164][  0]LogTemp: Display: Loaded TP AndroidTargetPlatform
[2018.05.26-13.34.31:170][  0]LogTemp: Display: Loaded TP HTML5TargetPlatform
[2018.05.26-13.34.31:222][  0]LogTemp: Display: Loaded TP IOSTargetPlatform
[2018.05.26-13.34.31:237][  0]LogTemp: Display: Loaded TP TVOSTargetPlatform
[2018.05.26-13.34.31:257][  0]LogTemp: Display: Loaded TP LinuxClientTargetPlatform
[2018.05.26-13.34.31:275][  0]LogTemp: Display: Loaded TP LinuxNoEditorTargetPlatform
[2018.05.26-13.34.31:295][  0]LogTemp: Display: Loaded TP LinuxServerTargetPlatform
[2018.05.26-13.34.31:312][  0]LogTemp: Display: Loaded TP LinuxTargetPlatform
[2018.05.26-13.34.31:312][  0]LogTargetPlatformManager: Display: Building Assets For Windows
[2018.05.26-13.34.31:549][  0]LogXGEController: Cannot use XGE Controller as Incredibuild is not installed on this machine.
[2018.05.26-13.34.31:549][  0]LogShaderCompilers: Cannot use XGE Shader Compiler as Incredibuild is not installed on this machine.
[2018.05.26-13.34.31:550][  0]LogShaderCompilers: Display: Using Local Shader Compiler.
[2018.05.26-13.34.32:481][  0]LogDerivedDataCache: Display: Max Cache Size: 512 MB
[2018.05.26-13.34.32:858][  0]LogDerivedDataCache: Loaded boot cache 0.38s 76MB C:/Users/tomco/AppData/Local/UnrealEngine/4.19/DerivedDataCache/Boot.ddc.
[2018.05.26-13.34.32:858][  0]LogDerivedDataCache: Display: Loaded Boot cache: C:/Users/tomco/AppData/Local/UnrealEngine/4.19/DerivedDataCache/Boot.ddc
[2018.05.26-13.34.32:859][  0]LogDerivedDataCache: FDerivedDataBackendGraph:  Pak pak cache file ../../../../../SpareTime/Unreal/FPS/FPS/DerivedDataCache/DDC.ddp not found, will not use a pak cache.
[2018.05.26-13.34.32:859][  0]LogDerivedDataCache: Unable to find inner node Pak for hierarchical cache Hierarchy.
[2018.05.26-13.34.32:859][  0]LogDerivedDataCache: FDerivedDataBackendGraph:  CompressedPak pak cache file ../../../../../SpareTime/Unreal/FPS/FPS/DerivedDataCache/Compressed.ddp not found, will not use a pak cache.
[2018.05.26-13.34.32:859][  0]LogDerivedDataCache: Unable to find inner node CompressedPak for hierarchical cache Hierarchy.
[2018.05.26-13.34.32:877][  0]LogDerivedDataCache: Display: Pak cache opened for reading ../../../Engine/DerivedDataCache/Compressed.ddp.
[2018.05.26-13.34.32:891][  0]LogDerivedDataCache: Using Local data cache path C:/Users/tomco/AppData/Local/UnrealEngine/Common/DerivedDataCache: Writable
[2018.05.26-13.34.32:891][  0]LogDerivedDataCache: Shared data cache path not found in *engine.ini, will not use an Shared cache.
[2018.05.26-13.34.32:891][  0]LogDerivedDataCache: Unable to find inner node Shared for hierarchical cache Hierarchy.
[2018.05.26-13.34.32:908][  0]LogMaterial: Verifying Global Shaders for PCD3D_SM5
[2018.05.26-13.34.32:914][  0]LogSlate: Using Freetype 2.6.0
[2018.05.26-13.34.32:920][  0]LogSlate: SlateFontCache - WITH_FREETYPE: 1, WITH_HARFBUZZ: 1
[2018.05.26-13.34.32:920][  0]LogSlate: SlateFontCache - WITH_FREETYPE: 1, WITH_HARFBUZZ: 1
[2018.05.26-13.34.33:495][  0]LogAssetRegistry: FAssetRegistry took 0.0325 seconds to start up
[2018.05.26-13.34.34:085][  0]LogInit: Selected Device Profile: [Windows]
[2018.05.26-13.34.34:380][  0]LogSimplygon: Simplygon DLL not present - disabling.
[2018.05.26-13.34.34:391][  0]LogMeshReduction: Using SimplygonSwarm for distributed automatic mesh merging
[2018.05.26-13.34.34:392][  0]LogMeshReduction: Using QuadricMeshReduction for automatic static mesh reduction
[2018.05.26-13.34.34:392][  0]LogMeshReduction: No automatic skeletal mesh reduction module available
[2018.05.26-13.34.34:392][  0]LogMeshReduction: No automatic mesh merging module available
[2018.05.26-13.34.34:392][  0]LogMeshMerging: No automatic mesh merging module available
[2018.05.26-13.34.34:442][  0]LogNetVersion: FPS , NetCL: 3944462, EngineNetVer: 2, GameNetVer: 0 (Checksum: 2326512385)
[2018.05.26-13.34.35:179][  0]LogPackageLocalizationCache: Processed 9 localized package path(s) for 2 prioritized culture(s) in 0.077013 seconds
[2018.05.26-13.34.35:186][  0]LogUObjectArray: 36728 objects as part of root set at end of initial load.
[2018.05.26-13.34.35:186][  0]LogUObjectAllocator: 7314304 out of 0 bytes used by permanent object pool.
[2018.05.26-13.34.35:186][  0]LogUObjectArray: CloseDisregardForGC: 0/0 objects in disregard for GC pool
[2018.05.26-13.34.39:090][  0]LogTcpMessaging: Initializing TcpMessaging bridge
[2018.05.26-13.34.39:128][  0]LogUdpMessaging: Initializing bridge on interface 0.0.0.0:0 to multicast group 230.0.0.1:6666.
[2018.05.26-13.34.39:521][  0]LogSkeletalMesh: Skeletal Mesh found in DDC [1.605925ms] /Game/Models/Player/Arms/Arms_SMG.Arms_SMG
[2018.05.26-13.34.39:548][  0]LogUObjectGlobals: Created PersistentFrame Addr=0x0000020634514e00, Size=80, Default__BP_SMGAnim_C Function /Game/Animations/SMG/BP_SMGAnim.BP_SMGAnim_C:ExecuteUbergraph_BP_SMGAnim
[2018.05.26-13.34.39:574][  0]LogUObjectGlobals: Destroyed PersistentFrame Addr=0x0000020634514e00, Size=80
[2018.05.26-13.34.39:574][  0]LogUObjectGlobals: Created PersistentFrame Addr=0x00000206340ca1b0, Size=80, Default__BP_SMGAnim_C Function /Engine/Transient.REINST_BP_SMGAnim_C_0:ExecuteUbergraph_BP_SMGAnim
[2018.05.26-13.34.39:607][  0]LogUObjectGlobals: Created PersistentFrame Addr=0x00000206351923e0, Size=80, Default__BP_SMGAnim_C Function /Game/Animations/SMG/BP_SMGAnim.BP_SMGAnim_C:ExecuteUbergraph_BP_SMGAnim
[2018.05.26-13.34.39:926][  0]SourceControl: Source control is disabled
[2018.05.26-13.34.39:926][  0]SourceControl: Source control is disabled
[2018.05.26-13.34.39:963][  0]SourceControl: Source control is disabled
[2018.05.26-13.34.39:991][  0]SourceControl: Source control is disabled
[2018.05.26-13.34.40:687][  0]LogAndroidPermission: UAndroidPermissionCallbackProxy::GetInstance
[2018.05.26-13.34.40:927][  0]LogOcInput: OculusInput pre-init called
[2018.05.26-13.34.41:149][  0]LogEngine: Initializing Engine...
[2018.05.26-13.34.41:230][  0]LogHMD: Failed to initialize OpenVR with code 126
[2018.05.26-13.34.41:235][  0]LogStats: UGameplayTagsManager::ConstructGameplayTagTree: Construct from data asset -  0.000 s
[2018.05.26-13.34.41:237][  0]LogStats: UGameplayTagsManager::ConstructGameplayTagTree: GameplayTagTreeChangedEvent.Broadcast -  0.000 s
[2018.05.26-13.34.41:541][  0]LogAIModule: Creating AISystem for world Untitled
[2018.05.26-13.34.41:604][  0]LogInit: XAudio2 using 'Luidsprekers (Conexant SmartAudio HD)' : 2 channels at 48 kHz using 32 bits per sample (channel mask 0x3)
[2018.05.26-13.34.41:667][  0]LogInit: FAudioDevice initialized.
[2018.05.26-13.34.41:762][  0]LogDerivedDataCache: Saved boot cache 0.09s 76MB C:/Users/tomco/AppData/Local/UnrealEngine/4.19/DerivedDataCache/Boot.ddc.
[2018.05.26-13.34.41:787][  0]LogInit: Texture streaming: Enabled
[2018.05.26-13.34.41:940][  0]LogEngineSessionManager: EngineSessionManager initialized
[2018.05.26-13.34.41:970][  0]LogInit: Transaction tracking system initialized
[2018.05.26-13.34.42:064][  0]BlueprintLog: New page: Editor Load
[2018.05.26-13.34.42:420][  0]LocalizationService: Localization service is disabled
[2018.05.26-13.34.42:687][  0]LogConsoleResponse: Display: 
[2018.05.26-13.34.42:928][  0]LogCook: Display: Max memory allowance for cook 16384mb min free memory 0mb
[2018.05.26-13.34.42:929][  0]LogCook: Display: Mobile HDR setting 1
[2018.05.26-13.34.42:929][  0]LogGameplayTags: Display: UGameplayTagsManager::DoneAddingNativeTags. DelegateIsBound: 0
[2018.05.26-13.34.42:930][  0]LogStats: UGameplayTagsManager::ConstructGameplayTagTree: Construct from data asset -  0.000 s
[2018.05.26-13.34.42:930][  0]LogStats: UGameplayTagsManager::ConstructGameplayTagTree: GameplayTagTreeChangedEvent.Broadcast -  0.000 s
[2018.05.26-13.34.43:000][  0]LogFileCache: Scanning file cache for directory 'D:/SpareTime/Unreal/FPS/FPS/Content/' took 0.02s
[2018.05.26-13.34.43:595][  0]SourceControl: Source control is disabled
[2018.05.26-13.34.43:598][  0]Cmd: MAP LOAD FILE="../../../../../SpareTime/Unreal/FPS/FPS/Content/Maps/Level1.umap" TEMPLATE=0 SHOWPROGRESS=1 FEATURELEVEL=3
[2018.05.26-13.34.43:601][  0]LightingResults: New page: Lighting Build
[2018.05.26-13.34.43:616][  0]MapCheck: New page: Map Check
[2018.05.26-13.34.43:616][  0]LightingResults: New page: Lighting Build
[2018.05.26-13.34.43:630][  0]LogUObjectGlobals: Destroyed PersistentFrame Addr=0x00000206340ca1b0, Size=80
[2018.05.26-13.34.44:880][  0]LogAIModule: Creating AISystem for world Level1
[2018.05.26-13.34.44:922][  0]LogEditorServer: Finished looking for orphan Actors (0.000 secs)
[2018.05.26-13.34.44:947][  0]Cmd: MAP CHECKDEP NOCLEARLOG
[2018.05.26-13.34.45:040][  0]MapCheck: Map check complete: 0 Error(s), 0 Warning(s), took 91.158ms to complete.
[2018.05.26-13.34.45:041][  0]LogFileHelpers: Loading map 'Level1' took 1.443
[2018.05.26-13.34.45:343][  0]LogCollectionManager: Loaded 0 collections in 0.001535 seconds
[2018.05.26-13.34.45:414][  0]LogFileCache: Scanning file cache for directory 'D:/SpareTime/Unreal/FPS/FPS/Saved/Collections/' took 0.01s
[2018.05.26-13.34.45:414][  0]LogFileCache: Scanning file cache for directory 'D:/SpareTime/Unreal/FPS/FPS/Content/Developers/tomco/Collections/' took 0.01s
[2018.05.26-13.34.45:414][  0]LogFileCache: Scanning file cache for directory 'D:/SpareTime/Unreal/FPS/FPS/Content/Collections/' took 0.02s
[2018.05.26-13.34.45:415][  0]LogCollectionManager: Rebuilt the GUID cache for 0 collections in 0.000001 seconds
[2018.05.26-13.34.45:429][  0]LogContentBrowser: Native class hierarchy populated in 0.0120 seconds. Added 2461 classes and 562 folders.
[2018.05.26-13.34.45:453][  0]LogContentBrowser: Native class hierarchy updated for 'WidgetCarousel' in 0.0006 seconds. Added 0 classes and 0 folders.
[2018.05.26-13.34.45:703][  0]LogContentBrowser: Native class hierarchy updated for 'AddContentDialog' in 0.0006 seconds. Added 0 classes and 0 folders.
[2018.05.26-13.34.47:470][  0]LogSlate: Only BGRA pngs, bmps or icos are supported in by External Image Picker
[2018.05.26-13.34.47:500][  0]LogSlate: Took 0.002256 seconds to synchronously load lazily loaded font '../../../Engine/Content/Slate/Fonts/Roboto-Regular.ttf' (155K)
[2018.05.26-13.34.47:506][  0]LogSlate: Took 0.002935 seconds to synchronously load lazily loaded font '../../../Engine/Content/Slate/Fonts/Roboto-Bold.ttf' (160K)
[2018.05.26-13.34.47:520][  0]LogSlate: Took 0.002384 seconds to synchronously load lazily loaded font '../../../Engine/Content/Editor/Slate/Fonts/FontAwesome.ttf' (139K)
[2018.05.26-13.34.47:671][  0]LogTemp: Executing iPhonePackager certificates Engine -bundlename com.YourCompany.FPS
[2018.05.26-13.34.47:671][  0]LogTemp: CWD: D:\Epic Games\UE_4.19\Engine\Binaries\DotNET\IOS
[2018.05.26-13.34.47:672][  0]LogTemp: Initial Dir: D:\Epic Games\UE_4.19
[2018.05.26-13.34.47:672][  0]LogTemp: Env CWD: D:\Epic Games\UE_4.19\Engine\Binaries\DotNET\IOS
[2018.05.26-13.34.47:672][  0]LogTemp: BranchPath = TOM-LAPTOP/D/Epic Games/UE_4.19/Engine/Binaries --- GameBranchPath = TOM-LAPTOP/D/Epic Games/UE_4.19/Engine/Binaries
[2018.05.26-13.34.47:672][  0]LogTemp: IPP ERROR: Could not find provision directory 'C:\Users\tomco\AppData\Local/Apple Computer/MobileDevice/Provisioning Profiles/'.
[2018.05.26-13.34.47:672][  0]LogRenderer: Reallocating scene render targets to support 908x600 Format 10 NumSamples 1 (Frame:1).
[2018.05.26-13.34.48:102][  0]LogContentBrowser: Native class hierarchy updated for 'HierarchicalLODOutliner' in 0.0009 seconds. Added 0 classes and 0 folders.
[2018.05.26-13.34.48:103][  0]LogLoad: (Engine Initialization) Total time: 23.60 seconds
[2018.05.26-13.34.48:103][  0]LogLoad: (Engine Initialization) Total Blueprint compile time: 0.00 seconds
[2018.05.26-13.34.48:139][  0]LogWindowsTextInputMethodSystem: Display: IME system now deactivated.
[2018.05.26-13.34.48:171][  0]LogContentStreaming: Texture pool size now 1000 MB
[2018.05.26-13.34.48:224][  0]LogSlate: Took 0.002832 seconds to synchronously load lazily loaded font '../../../Engine/Content/Slate/Fonts/Roboto-Light.ttf' (167K)
[2018.05.26-13.34.48:361][  2]LogAssetRegistry: Asset discovery search completed in 14.8925 seconds
[2018.05.26-13.34.48:371][  2]LogCollectionManager: Rebuilt the object cache for 0 collections in 0.000003 seconds (found 0 objects)
[2018.05.26-13.34.48:372][  2]LogCollectionManager: Fixed up redirectors for 0 collections in 0.002603 seconds (updated 0 objects)
[2018.05.26-13.34.51:445][142]LogSlate: FSceneViewport::OnFocusLost() reason 0
[2018.05.26-13.35.16:456][573]LogSlate: Took 0.000270 seconds to synchronously load lazily loaded font '../../../Engine/Content/Slate/Fonts/Roboto-Light.ttf' (167K)
[2018.05.26-13.35.16:508][573]LogUObjectGlobals: Created PersistentFrame Addr=0x0000020674398400, Size=720, Default__AgroCheck_C Function /Game/TEMP/AgroCheck.AgroCheck_C:ExecuteUbergraph_AgroCheck
[2018.05.26-13.35.16:513][573]LogUObjectGlobals: Created PersistentFrame Addr=0x0000020634a8afe0, Size=48, Default__BP_AIController_C Function /Game/TEMP/BP_AIController.BP_AIController_C:ExecuteUbergraph_BP_AIController
[2018.05.26-13.35.16:605][573]LogUObjectGlobals: Destroyed PersistentFrame Addr=0x0000020634a8afe0, Size=48
[2018.05.26-13.35.16:606][573]LogUObjectGlobals: Created PersistentFrame Addr=0x0000020634a88af0, Size=48, Default__BP_AIController_C Function /Engine/Transient.REINST_BP_AIController_C_7:ExecuteUbergraph_BP_AIController
[2018.05.26-13.35.16:607][573]LogUObjectGlobals: Destroyed PersistentFrame Addr=0x0000020674398400, Size=720
[2018.05.26-13.35.16:607][573]LogUObjectGlobals: Created PersistentFrame Addr=0x0000020674457a00, Size=720, Default__AgroCheck_C Function /Engine/Transient.REINST_AgroCheck_C_9:ExecuteUbergraph_AgroCheck
[2018.05.26-13.35.16:643][573]LogUObjectGlobals: Created PersistentFrame Addr=0x00000206610787c0, Size=48, Default__BP_AIController_C Function /Game/TEMP/BP_AIController.BP_AIController_C:ExecuteUbergraph_BP_AIController
[2018.05.26-13.35.16:646][573]LogUObjectGlobals: Created PersistentFrame Addr=0x000002067b040300, Size=120, Default__RapidMoveTo_C Function /Game/TEMP/RapidMoveTo.RapidMoveTo_C:ExecuteUbergraph_RapidMoveTo
[2018.05.26-13.35.16:650][573]LogUObjectGlobals: Created PersistentFrame Addr=0x0000020676605f00, Size=720, Default__AgroCheck_C Function /Game/TEMP/AgroCheck.AgroCheck_C:ExecuteUbergraph_AgroCheck
[2018.05.26-13.35.16:800][573]LogSkeletalMesh: Skeletal Mesh found in DDC [19.270306ms] /Game/Models/Enemy/Soldier.Soldier
[2018.05.26-13.35.16:949][573]LogAIModule: Creating AISystem for world AITestMap
[2018.05.26-13.35.16:983][573]LogUObjectGlobals: Destroyed PersistentFrame Addr=0x0000020634a88af0, Size=48
[2018.05.26-13.35.16:983][573]LogUObjectGlobals: Destroyed PersistentFrame Addr=0x0000020674457a00, Size=720
[2018.05.26-13.35.16:999][573]Cmd: MAP LOAD FILE="../../../../../SpareTime/Unreal/FPS/FPS/Content/Maps/AITestMap.umap" TEMPLATE=0 SHOWPROGRESS=1 FEATURELEVEL=3
[2018.05.26-13.35.17:002][573]LightingResults: New page: Lighting Build
[2018.05.26-13.35.17:012][573]LoadErrors: New page: Loading map: AITestMap.umap
[2018.05.26-13.35.17:017][573]MapCheck: New page: Map Check
[2018.05.26-13.35.17:018][573]LightingResults: New page: Lighting Build
[2018.05.26-13.35.17:196][573]LogEditorServer: Finished looking for orphan Actors (0.001 secs)
[2018.05.26-13.35.17:252][573]Cmd: MAP CHECKDEP NOCLEARLOG
[2018.05.26-13.35.17:330][573]MapCheck: Map check complete: 0 Error(s), 0 Warning(s), took 78.92ms to complete.
[2018.05.26-13.35.17:330][573]LogFileHelpers: Loading map 'AITestMap' took 0.344
[2018.05.26-13.35.18:221][615]LogTemp: Repeating last play command: Selected Viewport
[2018.05.26-13.35.18:241][615]LogPlayLevel: PlayLevel: No blueprints needed recompiling
[2018.05.26-13.35.18:247][615]PIE: New page: PIE session: AITestMap (May 26, 2018, 5:35:18 PM)
[2018.05.26-13.35.18:247][615]LogPlayLevel: Creating play world package: /Game/Maps/UEDPIE_0_AITestMap
[2018.05.26-13.35.18:251][615]LogPlayLevel: PIE: StaticDuplicateObject took: (0.003437s)
[2018.05.26-13.35.18:254][615]LogAIModule: Creating AISystem for world AITestMap
[2018.05.26-13.35.18:254][615]LogPlayLevel: PIE: World Init took: (0.003338s)
[2018.05.26-13.35.18:255][615]LogPlayLevel: PIE: Created PIE world by copying editor world from /Game/Maps/AITestMap.AITestMap to /Game/Maps/UEDPIE_0_AITestMap.AITestMap (0.007759s)
[2018.05.26-13.35.18:273][615]LogInit: XAudio2 using 'Luidsprekers (Conexant SmartAudio HD)' : 2 channels at 48 kHz using 32 bits per sample (channel mask 0x3)
[2018.05.26-13.35.18:313][615]LogInit: FAudioDevice initialized.
[2018.05.26-13.35.18:383][615]LogUObjectGlobals: Created PersistentFrame Addr=0x000002065a4d2550, Size=104, Default__BP_InGameGUI_C Function /Game/UI/Widgets/BP_InGameGUI.BP_InGameGUI_C:ExecuteUbergraph_BP_InGameGUI
[2018.05.26-13.35.18:410][615]LogUObjectGlobals: Destroyed PersistentFrame Addr=0x000002065a4d2550, Size=104
[2018.05.26-13.35.18:410][615]LogUObjectGlobals: Created PersistentFrame Addr=0x000002065a4d2550, Size=104, Default__BP_InGameGUI_C Function /Engine/Transient.REINST_BP_InGameGUI_C_0:ExecuteUbergraph_BP_InGameGUI
[2018.05.26-13.35.18:417][615]LogUObjectGlobals: Created PersistentFrame Addr=0x00000206298b70b0, Size=104, Default__BP_InGameGUI_C Function /Game/UI/Widgets/BP_InGameGUI.BP_InGameGUI_C:ExecuteUbergraph_BP_InGameGUI
[2018.05.26-13.35.18:440][615]LogLoad: Game class is 'BP_FPSGameModeBase_C'
[2018.05.26-13.35.18:445][615]LogWorld: Bringing World /Game/Maps/UEDPIE_0_AITestMap.AITestMap up for play (max tick rate 60) at 2018.05.26-15.35.18
[2018.05.26-13.35.18:447][615]LogWorld: Bringing up level for play took: 0.003177
[2018.05.26-13.35.18:471][615]LogContentBrowser: Native class hierarchy updated for 'MovieSceneCapture' in 0.0066 seconds. Added 11 classes and 0 folders.
[2018.05.26-13.35.18:485][615]LogOutputDevice: Error: Ensure condition failed: Component->HasBegunPlay() [File:D:\Build\++UE4+Release-4.19+Compile\Sync\Engine\Source\Runtime\Engine\Private\Actor.cpp] [Line: 3129] 
Failed to route BeginPlay (SMG /Game/Maps/UEDPIE_0_AITestMap.AITestMap:PersistentLevel.BP_FPSPlayer_C_0.CurrentWeaponMesh)

[2018.05.26-13.35.18:485][615]LogStats:             FDebug::EnsureFailed -  0.000 s
[2018.05.26-13.35.34:105][615]PIE: Play in editor start time for /Game/Maps/UEDPIE_0_AITestMap 15.171
[2018.05.26-13.35.38:707][812]LogUObjectGlobals: Destroyed PersistentFrame Addr=0x000002065a4d2550, Size=104
[2018.05.26-13.35.41:334][963]LogSlate: FSceneViewport::OnFocusLost() reason 0
[2018.05.26-13.36.34:170][247]Candidate modules for hot reload:
[2018.05.26-13.36.34:170][247]  FPS
[2018.05.26-13.36.34:173][247]Launching UnrealBuildTool... [D:/Epic Games/UE_4.19/Engine/Binaries/DotNET/UnrealBuildTool.exe FPS -ModuleWithSuffix=FPS,5820 Win64 Development -editorrecompile -canskiplink "D:/SpareTime/Unreal/FPS/FPS/FPS.uproject" ]
[2018.05.26-13.36.34:180][247]Warning: Starting HotReload took  0.1s.
[2018.05.26-13.37.19:111][873]CompilerResultsLog: New page: Compilation - May 26, 2018, 5:37:19 PM
[2018.05.26-13.37.19:113][873]CompilerResultsLog: Using 'git status' to determine working set for adaptive non-unity build.
[2018.05.26-13.37.19:113][873]CompilerResultsLog: Creating makefile for hot reloading FPS (modules to compile have changed)
[2018.05.26-13.37.19:113][873]CompilerResultsLog: Compiling game modules for hot reload
[2018.05.26-13.37.19:113][873]CompilerResultsLog: Performing 3 actions (4 in parallel)
[2018.05.26-13.37.19:114][873]CompilerResultsLog: UnitAIController.cpp
[2018.05.26-13.37.19:114][873]CompilerResultsLog: [2/3] Link UE4Editor-FPS-5820.dll
[2018.05.26-13.37.19:114][873]CompilerResultsLog: [3/3] Link UE4Editor-FPS-5820.lib
[2018.05.26-13.37.19:114][873]CompilerResultsLog:    Creating library D:\SpareTime\Unreal\FPS\FPS\Intermediate\Build\Win64\UE4Editor\Development\UE4Editor-FPS-5820.lib and object D:\SpareTime\Unreal\FPS\FPS\Intermediate\Build\Win64\UE4Editor\Development\UE4Editor-FPS-5820.exp
[2018.05.26-13.37.19:114][873]CompilerResultsLog:    Creating library D:\SpareTime\Unreal\FPS\FPS\Intermediate\Build\Win64\UE4Editor\Development\UE4Editor-FPS-5820.suppressed.lib and object D:\SpareTime\Unreal\FPS\FPS\Intermediate\Build\Win64\UE4Editor\Development\UE4Editor-FPS-5820.suppressed.exp
[2018.05.26-13.37.19:114][873]CompilerResultsLog: Total build time: 44.55 seconds (Local executor: 31.35 seconds)
[2018.05.26-13.37.19:114][873]LogMainFrame: MainFrame: Module compiling took 44.955 seconds
[2018.05.26-13.37.19:196][873]LogContentBrowser: Native class hierarchy updated for 'FPS' in 0.0006 seconds. Added 8 classes and 2 folders.
[2018.05.26-13.37.19:199][873]Display: HotReload successful (3 functions remapped  0 scriptstructs remapped)
[2018.05.26-13.37.19:358][873]LogContentBrowser: Native class hierarchy populated in 0.0140 seconds. Added 2461 classes and 562 folders.
[2018.05.26-13.37.19:359][873]Display: HotReload took 45.2s.
[2018.05.26-13.37.29:641][476]LogTemp: Repeating last play command: Selected Viewport
[2018.05.26-13.37.29:664][476]LogPlayLevel: PlayLevel: No blueprints needed recompiling
[2018.05.26-13.37.29:665][476]PIE: New page: PIE session: AITestMap (May 26, 2018, 5:37:29 PM)
[2018.05.26-13.37.29:665][476]LogPlayLevel: Creating play world package: /Game/Maps/UEDPIE_0_AITestMap
[2018.05.26-13.37.29:680][476]LogPlayLevel: PIE: StaticDuplicateObject took: (0.014850s)
[2018.05.26-13.37.29:682][476]LogAIModule: Creating AISystem for world AITestMap
[2018.05.26-13.37.29:682][476]LogPlayLevel: PIE: World Init took: (0.002019s)
[2018.05.26-13.37.29:683][476]LogPlayLevel: PIE: Created PIE world by copying editor world from /Game/Maps/AITestMap.AITestMap to /Game/Maps/UEDPIE_0_AITestMap.AITestMap (0.017696s)
[2018.05.26-13.37.29:706][476]LogInit: XAudio2 using 'Luidsprekers (Conexant SmartAudio HD)' : 2 channels at 48 kHz using 32 bits per sample (channel mask 0x3)
[2018.05.26-13.37.29:746][476]LogInit: FAudioDevice initialized.
[2018.05.26-13.37.29:789][476]LogLoad: Game class is 'BP_FPSGameModeBase_C'
[2018.05.26-13.37.29:792][476]LogWorld: Bringing World /Game/Maps/UEDPIE_0_AITestMap.AITestMap up for play (max tick rate 60) at 2018.05.26-15.37.29
[2018.05.26-13.37.29:793][476]LogWorld: Bringing up level for play took: 0.002226
[2018.05.26-13.37.29:796][476]PIE: Play in editor start time for /Game/Maps/UEDPIE_0_AITestMap 0.862
[2018.05.26-13.37.32:269][616]LogSlate: FSceneViewport::OnFocusLost() reason 0
[2018.05.26-13.37.32:276][616]LogSlate: Took 0.002232 seconds to synchronously load lazily loaded font '../../../Engine/Content/Slate/Fonts/DroidSansMono.ttf' (77K)
[2018.05.26-13.37.55:826][757]LogContentBrowser: Native class hierarchy updated for 'BlueprintGraph' in 0.0018 seconds. Added 116 classes and 0 folders.
[2018.05.26-13.37.56:324][757]LogUObjectGlobals: Created PersistentFrame Addr=0x000002066d2d1e40, Size=4, Default__SKEL_PROTO_BP_AnimBlueprint_0_C Function /Engine/Transient.SKEL_PROTO_BP_AnimBlueprint_0_C:ExecuteUbergraph_PROTO_BP_AnimBlueprint_0
[2018.05.26-13.37.56:326][757]LogUObjectGlobals: Created PersistentFrame Addr=0x000002066d2d1e38, Size=4, Default__PROTO_BP_AnimBlueprint_0_C Function /Engine/Transient.PROTO_BP_AnimBlueprint_0_C:ExecuteUbergraph_PROTO_BP_AnimBlueprint_0
[2018.05.26-13.38.05:824][240]LogSlate: Took 0.002351 seconds to synchronously load lazily loaded font '../../../Engine/Content/Slate/Fonts/Roboto-BoldCondensed.ttf' (158K)
[2018.05.26-13.38.06:330][265]LogSlate: Took 0.003034 seconds to synchronously load lazily loaded font '../../../Engine/Content/Slate/Fonts/Roboto-Italic.ttf' (157K)
[2018.05.26-13.38.13:945][714]BlueprintLog: New page: Compile BP_AssualtCharacter
[2018.05.26-13.38.14:751][728]Cmd: OBJ SAVEPACKAGE PACKAGE="/Game/Blueprints/BP_AssualtCharacter" FILE="../../../../../SpareTime/Unreal/FPS/FPS/Content/Blueprints/BP_AssualtCharacter.uasset" SILENT=true
[2018.05.26-13.38.14:806][728]LogSavePackage: Save=28.99ms
[2018.05.26-13.38.14:806][728]LogSavePackage: Moving '../../../../../SpareTime/Unreal/FPS/FPS/Saved/BP_AssualtCharacterBF2AE68E4A8BD808013B39AA5CFF3DE5.tmp' to '../../../../../SpareTime/Unreal/FPS/FPS/Content/Blueprints/BP_AssualtCharacter.uasset'
[2018.05.26-13.38.14:810][728]LogSavePackage: Display: Finished SavePackage ../../../../../SpareTime/Unreal/FPS/FPS/Content/Blueprints/BP_AssualtCharacter.uasset
[2018.05.26-13.38.17:288][876]LogTemp: Repeating last play command: Selected Viewport
[2018.05.26-13.38.17:319][876]LogPlayLevel: PlayLevel: No blueprints needed recompiling
[2018.05.26-13.38.17:319][876]PIE: New page: PIE session: AITestMap (May 26, 2018, 5:38:17 PM)
[2018.05.26-13.38.17:320][876]LogPlayLevel: Creating play world package: /Game/Maps/UEDPIE_0_AITestMap
[2018.05.26-13.38.17:323][876]LogPlayLevel: PIE: StaticDuplicateObject took: (0.003127s)
[2018.05.26-13.38.17:324][876]LogAIModule: Creating AISystem for world AITestMap
[2018.05.26-13.38.17:325][876]LogPlayLevel: PIE: World Init took: (0.001240s)
[2018.05.26-13.38.17:325][876]LogPlayLevel: PIE: Created PIE world by copying editor world from /Game/Maps/AITestMap.AITestMap to /Game/Maps/UEDPIE_0_AITestMap.AITestMap (0.005765s)
[2018.05.26-13.38.17:357][876]LogInit: XAudio2 using 'Luidsprekers (Conexant SmartAudio HD)' : 2 channels at 48 kHz using 32 bits per sample (channel mask 0x3)
[2018.05.26-13.38.17:397][876]LogInit: FAudioDevice initialized.
[2018.05.26-13.38.17:440][876]LogLoad: Game class is 'BP_FPSGameModeBase_C'
[2018.05.26-13.38.17:443][876]LogWorld: Bringing World /Game/Maps/UEDPIE_0_AITestMap.AITestMap up for play (max tick rate 60) at 2018.05.26-15.38.17
[2018.05.26-13.38.17:444][876]LogWorld: Bringing up level for play took: 0.002479
[2018.05.26-13.38.17:453][876]PIE: Play in editor start time for /Game/Maps/UEDPIE_0_AITestMap 0.519
[2018.05.26-13.38.20:708][ 48]LogSlate: FSceneViewport::OnFocusLost() reason 0
[2018.05.26-13.38.24:025][246]LogEditorViewport: Clicking on Actor (LMB): BP_AssualtCharacter_C (BP_AssualtCharacter)
[2018.05.26-13.38.39:704][154]Cmd: DELETE
[2018.05.26-13.38.39:705][154]Cmd: ACTOR DELETE
[2018.05.26-13.38.39:748][154]LogEditorActor: Deleted Actor: BP_AssualtCharacter_C
[2018.05.26-13.38.39:772][154]LogEditorActor: Deleted 1 Actors (0.040 secs)
[2018.05.26-13.38.40:230][172]LogSlate: FSceneViewport::OnFocusLost() reason 0
[2018.05.26-13.38.51:205][755]LogSlate: FSceneViewport::OnFocusLost() reason 0
[2018.05.26-13.38.51:272][759]LogTemp: Repeating last play command: Selected Viewport
[2018.05.26-13.38.51:297][759]LogPlayLevel: PlayLevel: No blueprints needed recompiling
[2018.05.26-13.38.51:298][759]PIE: New page: PIE session: AITestMap (May 26, 2018, 5:38:51 PM)
[2018.05.26-13.38.51:299][759]LogPlayLevel: Creating play world package: /Game/Maps/UEDPIE_0_AITestMap
[2018.05.26-13.38.51:304][759]LogPlayLevel: PIE: StaticDuplicateObject took: (0.005101s)
[2018.05.26-13.38.51:306][759]LogAIModule: Creating AISystem for world AITestMap
[2018.05.26-13.38.51:307][759]LogPlayLevel: PIE: World Init took: (0.001667s)
[2018.05.26-13.38.51:307][759]LogPlayLevel: PIE: Created PIE world by copying editor world from /Game/Maps/AITestMap.AITestMap to /Game/Maps/UEDPIE_0_AITestMap.AITestMap (0.008860s)
[2018.05.26-13.38.51:338][759]LogInit: XAudio2 using 'Luidsprekers (Conexant SmartAudio HD)' : 2 channels at 48 kHz using 32 bits per sample (channel mask 0x3)
[2018.05.26-13.38.51:380][759]LogInit: FAudioDevice initialized.
[2018.05.26-13.38.51:423][759]LogLoad: Game class is 'BP_FPSGameModeBase_C'
[2018.05.26-13.38.51:425][759]LogWorld: Bringing World /Game/Maps/UEDPIE_0_AITestMap.AITestMap up for play (max tick rate 60) at 2018.05.26-15.38.51
[2018.05.26-13.38.51:426][759]LogWorld: Bringing up level for play took: 0.002500
[2018.05.26-13.38.51:431][759]PIE: Play in editor start time for /Game/Maps/UEDPIE_0_AITestMap 0.496
[2018.05.26-13.38.57:350][ 92]LogSlate: FSceneViewport::OnFocusLost() reason 0
[2018.05.26-13.39.14:296][451]LogEditorViewport: Clicking on Actor (LMB): BP_AssualtCharacter_C (BP_AssualtCharacter)
[2018.05.26-13.39.15:826][519]LogEditorViewport: Clicking on Actor (context menu): BP_Sky_Sphere_C (BP_Sky_Sphere)
[2018.05.26-13.39.15:908][519]LogSlate: FSceneViewport::OnFocusLost() reason 2
[2018.05.26-13.39.16:628][557]LogEditorViewport: Clicking on Actor (LMB): BP_Sky_Sphere_C (BP_Sky_Sphere)
[2018.05.26-13.39.18:029][629]LogEditorViewport: Clicking on Actor (LMB): StaticMeshActor (Plane)
[2018.05.26-13.39.20:624][750]LogSlate: FSceneViewport::OnFocusLost() reason 0
[2018.05.26-13.41.42:158][228]LogSlate: FSceneViewport::OnFocusLost() reason 0
[2018.05.26-13.41.42:251][232]Candidate modules for hot reload:
[2018.05.26-13.41.42:252][232]  FPS
[2018.05.26-13.41.42:252][232]Launching UnrealBuildTool... [D:/Epic Games/UE_4.19/Engine/Binaries/DotNET/UnrealBuildTool.exe FPS -ModuleWithSuffix=FPS,8907 Win64 Development -editorrecompile -canskiplink "D:/SpareTime/Unreal/FPS/FPS/FPS.uproject" ]
[2018.05.26-13.41.42:258][232]Warning: Starting HotReload took  0.0s.
[2018.05.26-13.41.44:226][350]CompilerResultsLog: New page: Compilation - May 26, 2018, 5:41:44 PM
[2018.05.26-13.41.44:227][350]CompilerResultsLog: Using 'git status' to determine working set for adaptive non-unity build.
[2018.05.26-13.41.44:228][350]CompilerResultsLog: Compiling game modules for hot reload
[2018.05.26-13.41.44:228][350]CompilerResultsLog: Target is up to date
[2018.05.26-13.41.44:229][350]CompilerResultsLog: Total build time: 1.58 seconds (NoActionsToExecute executor: 0.00 seconds)
[2018.05.26-13.41.44:229][350]LogMainFrame: MainFrame: Module compiling took 1.986 seconds
[2018.05.26-13.41.44:517][350]LogContentBrowser: Native class hierarchy populated in 0.0098 seconds. Added 2461 classes and 562 folders.
[2018.05.26-13.41.44:518][350]Display: HotReload took  2.3s.
[2018.05.26-13.41.46:796][477]LogTemp: Repeating last play command: Selected Viewport
[2018.05.26-13.41.46:818][477]LogPlayLevel: PlayLevel: No blueprints needed recompiling
[2018.05.26-13.41.46:819][477]PIE: New page: PIE session: AITestMap (May 26, 2018, 5:41:46 PM)
[2018.05.26-13.41.46:819][477]LogPlayLevel: Creating play world package: /Game/Maps/UEDPIE_0_AITestMap
[2018.05.26-13.41.46:823][477]LogPlayLevel: PIE: StaticDuplicateObject took: (0.002607s)
[2018.05.26-13.41.46:824][477]LogAIModule: Creating AISystem for world AITestMap
[2018.05.26-13.41.46:825][477]LogPlayLevel: PIE: World Init took: (0.001585s)
[2018.05.26-13.41.46:825][477]LogPlayLevel: PIE: Created PIE world by copying editor world from /Game/Maps/AITestMap.AITestMap to /Game/Maps/UEDPIE_0_AITestMap.AITestMap (0.005645s)
[2018.05.26-13.41.46:870][477]LogInit: XAudio2 using 'Luidsprekers (Conexant SmartAudio HD)' : 2 channels at 48 kHz using 32 bits per sample (channel mask 0x3)
[2018.05.26-13.41.46:912][477]LogInit: FAudioDevice initialized.
[2018.05.26-13.41.46:956][477]LogLoad: Game class is 'BP_FPSGameModeBase_C'
[2018.05.26-13.41.46:959][477]LogWorld: Bringing World /Game/Maps/UEDPIE_0_AITestMap.AITestMap up for play (max tick rate 60) at 2018.05.26-15.41.46
[2018.05.26-13.41.46:960][477]LogWorld: Bringing up level for play took: 0.002275
[2018.05.26-13.41.46:964][477]PIE: Play in editor start time for /Game/Maps/UEDPIE_0_AITestMap 0.03
[2018.05.26-13.45.37:622][341]LogSlate: FSceneViewport::OnFocusLost() reason 0
[2018.05.26-13.45.43:468][687]LogClass: Warning: In asset 'None', there is an enum property of type 'EAutoReceiveInput' with an invalid value of ''
[2018.05.26-13.45.43:469][687]LogClass: Warning: In asset 'None', there is an enum property of type 'EAutoReceiveInput' with an invalid value of ''
[2018.05.26-13.45.43:470][687]LogClass: Warning: In asset 'None', there is an enum property of type 'EAutoReceiveInput' with an invalid value of ''
[2018.05.26-13.45.50:217][ 91]LogSlate: Prevented a slow task dialog from being summoned while a context menu was open
[2018.05.26-13.45.59:001][616]LogSlate: Prevented a slow task dialog from being summoned while a context menu was open
[2018.05.26-13.46.00:308][693]BlueprintLog: New page: Compile BP_AssualtCharacter
[2018.05.26-13.46.01:311][718]Cmd: OBJ SAVEPACKAGE PACKAGE="/Game/Blueprints/BP_AssualtCharacter" FILE="../../../../../SpareTime/Unreal/FPS/FPS/Content/Blueprints/BP_AssualtCharacter.uasset" SILENT=true
[2018.05.26-13.46.01:353][718]LogSavePackage: Save=23.28ms
[2018.05.26-13.46.01:353][718]LogSavePackage: Moving '../../../../../SpareTime/Unreal/FPS/FPS/Saved/BP_AssualtCharacterB8A0CAF64DAC39A0156480AACB04FB3F.tmp' to '../../../../../SpareTime/Unreal/FPS/FPS/Content/Blueprints/BP_AssualtCharacter.uasset'
[2018.05.26-13.46.01:356][718]LogSavePackage: Display: Finished SavePackage ../../../../../SpareTime/Unreal/FPS/FPS/Content/Blueprints/BP_AssualtCharacter.uasset
[2018.05.26-13.46.02:938][811]Cmd: OBJ SAVEPACKAGE PACKAGE="/Game/Maps/AITestMap" FILE="../../../../../SpareTime/Unreal/FPS/FPS/Content/Maps/AITestMap.umap" SILENT=true AUTOSAVING=false KEEPDIRTY=false
[2018.05.26-13.46.03:008][811]LogSavePackage: Save=27.74ms
[2018.05.26-13.46.03:008][811]LogSavePackage: Moving '../../../../../SpareTime/Unreal/FPS/FPS/Saved/AITestMap79E532C742D34370A2AACA9D56C97C09.tmp' to '../../../../../SpareTime/Unreal/FPS/FPS/Content/Maps/AITestMap.umap'
[2018.05.26-13.46.03:011][811]LogSavePackage: Display: Finished SavePackage ../../../../../SpareTime/Unreal/FPS/FPS/Content/Maps/AITestMap.umap
[2018.05.26-13.46.04:749][913]LogTemp: Repeating last play command: Selected Viewport
[2018.05.26-13.46.04:774][913]LogPlayLevel: PlayLevel: No blueprints needed recompiling
[2018.05.26-13.46.04:775][913]PIE: New page: PIE session: AITestMap (May 26, 2018, 5:46:04 PM)
[2018.05.26-13.46.04:775][913]LogPlayLevel: Creating play world package: /Game/Maps/UEDPIE_0_AITestMap
