Log file open, 05/27/18 12:52:04
LogWindows: Failed to load 'aqProf.dll' (GetLastError=126)
LogWindows: File 'aqProf.dll' does not exist
LogWindows: Failed to load 'VtuneApi.dll' (GetLastError=126)
LogWindows: File 'VtuneApi.dll' does not exist
LogWindows: Failed to load 'VtuneApi32e.dll' (GetLastError=126)
LogWindows: File 'VtuneApi32e.dll' does not exist
LogInit: Display: Running engine for game: FPS
LogPlatformFile: Not using cached read wrapper
LogInit: Display: RandInit(-1026790114) SRandInit(-1026790114).
LogInit: Read version file with build ID '3944462'
LogInit: Overriding engine version to CL 4033788, compatible CL 3944462
LogInit: Registered custom module enumerator with build ID '3944462'
LogTaskGraph: Started task graph with 5 named threads and 23 total threads with 3 sets of task threads.
LogStats: Stats thread started at 0.292378
LogD3D11RHI: Aftermath initialized
LogICUInternationalization: Display: ICU TimeZone Detection - Raw Offset: +1:00, Platform Override: ''
LogPluginManager: Mounting plugin Paper2D
LogPluginManager: Mounting plugin LiveLink
LogPluginManager: Mounting plugin LightPropagationVolume
LogPluginManager: Mounting plugin CLionSourceCodeAccess
LogPluginManager: Mounting plugin CodeLiteSourceCodeAccess
LogPluginManager: Mounting plugin GitSourceControl
LogPluginManager: Mounting plugin KDevelopSourceCodeAccess
LogPluginManager: Mounting plugin NullSourceCodeAccess
LogPluginManager: Mounting plugin PerforceSourceControl
LogPluginManager: Mounting plugin SubversionSourceControl
LogPluginManager: Mounting plugin UObjectPlugin
LogPluginManager: Mounting plugin VisualStudioCodeSourceCodeAccess
LogPluginManager: Mounting plugin VisualStudioSourceCodeAccess
LogPluginManager: Mounting plugin XCodeSourceCodeAccess
LogPluginManager: Mounting plugin AssetManagerEditor
LogPluginManager: Mounting plugin CryptoKeys
LogPluginManager: Mounting plugin DataValidation
LogPluginManager: Mounting plugin FacialAnimation
LogPluginManager: Mounting plugin GameplayTagsEditor
LogPluginManager: Mounting plugin MobileLauncherProfileWizard
LogPluginManager: Mounting plugin PluginBrowser
LogPluginManager: Mounting plugin SpeedTreeImporter
LogPluginManager: Mounting plugin DatasmithContent
LogPluginManager: Mounting plugin AlembicImporter
LogPluginManager: Mounting plugin CharacterAI
LogPluginManager: Mounting plugin HTML5Networking
LogPluginManager: Mounting plugin AndroidMedia
LogPluginManager: Mounting plugin AvfMedia
LogPluginManager: Mounting plugin ImgMedia
LogPluginManager: Mounting plugin LinearTimecode
LogPluginManager: Mounting plugin MediaCompositing
LogPluginManager: Mounting plugin MediaPlayerEditor
LogPluginManager: Mounting plugin WmfMedia
LogPluginManager: Mounting plugin TcpMessaging
LogPluginManager: Mounting plugin UdpMessaging
LogPluginManager: Mounting plugin ActorSequence
LogPluginManager: Mounting plugin LevelSequenceEditor
LogPluginManager: Mounting plugin MatineeToLevelSequence
LogPluginManager: Mounting plugin NetcodeUnitTest
LogPluginManager: Mounting plugin NUTUnrealEngine4
LogPluginManager: Mounting plugin OnlineSubsystemGooglePlay
LogPluginManager: Mounting plugin OnlineSubsystemIOS
LogPluginManager: Mounting plugin OnlineSubsystem
LogPluginManager: Mounting plugin OnlineSubsystemNull
LogPluginManager: Mounting plugin OnlineSubsystemUtils
LogPluginManager: Mounting plugin AndroidDeviceProfileSelector
LogPluginManager: Mounting plugin AndroidMoviePlayer
LogPluginManager: Mounting plugin AndroidPermission
LogPluginManager: Mounting plugin AppleARKit
LogPluginManager: Mounting plugin AppleMoviePlayer
LogPluginManager: Mounting plugin ArchVisCharacter
LogPluginManager: Mounting plugin AudioCapture
LogPluginManager: Mounting plugin CableComponent
LogPluginManager: Mounting plugin CustomMeshComponent
LogPluginManager: Mounting plugin ExampleDeviceProfileSelector
LogPluginManager: Mounting plugin GoogleCloudMessaging
LogPluginManager: Mounting plugin ImmediatePhysics
LogPluginManager: Mounting plugin IOSDeviceProfileSelector
LogPluginManager: Mounting plugin LinuxDeviceProfileSelector
LogPluginManager: Mounting plugin LocationServicesBPLibrary
LogPluginManager: Mounting plugin MobilePatchingUtils
LogPluginManager: Mounting plugin OculusVR
LogPluginManager: Plugin shader directory ../../../Engine/Plugins/Runtime/Oculus/OculusVR/Shaders found
LogPluginManager: Mapping shader source directory ../../../Engine/Plugins/Runtime/Oculus/OculusVR/Shaders to virtual directory /Plugin/OculusVR
LogPluginManager: Mounting plugin PhysXVehicles
LogPluginManager: Mounting plugin ProceduralMeshComponent
LogPluginManager: Mounting plugin RuntimePhysXCooking
LogPluginManager: Mounting plugin SteamVR
LogPluginManager: Mounting plugin WindowsMoviePlayer
LogStreaming: Display: Took  0.074s to configure plugins.
LogModuleManager: Display: Found up-to-date module file ../../../../../SpareTime/Unreal/FPS/FPS/Binaries/Win64/UE4Editor-FPS-7904.dll (API version 3944462).
LogModuleManager: Display: Found up-to-date module file ../../../Engine/Plugins/2D/Paper2D/Binaries/Win64/UE4Editor-Paper2D.dll (API version 3944462).
LogModuleManager: Display: Found up-to-date module file ../../../Engine/Plugins/2D/Paper2D/Binaries/Win64/UE4Editor-Paper2DEditor.dll (API version 3944462).
LogModuleManager: Display: Found up-to-date module file ../../../Engine/Plugins/2D/Paper2D/Binaries/Win64/UE4Editor-PaperSpriteSheetImporter.dll (API version 3944462).
LogModuleManager: Display: Found up-to-date module file ../../../Engine/Plugins/2D/Paper2D/Binaries/Win64/UE4Editor-PaperTiledImporter.dll (API version 3944462).
LogModuleManager: Display: Found up-to-date module file ../../../Engine/Plugins/2D/Paper2D/Binaries/Win64/UE4Editor-SmartSnapping.dll (API version 3944462).
LogModuleManager: Display: Found up-to-date module file ../../../Engine/Plugins/Animation/LiveLink/Binaries/Win64/UE4Editor-LiveLink.dll (API version 3944462).
LogModuleManager: Display: Found up-to-date module file ../../../Engine/Plugins/Animation/LiveLink/Binaries/Win64/UE4Editor-LiveLinkEditor.dll (API version 3944462).
LogModuleManager: Display: Found up-to-date module file ../../../Engine/Plugins/Blendables/LightPropagationVolume/Binaries/Win64/UE4Editor-LightPropagationVolumeRuntime.dll (API version 3944462).
LogModuleManager: Display: Found up-to-date module file ../../../Engine/Plugins/Blendables/LightPropagationVolume/Binaries/Win64/UE4Editor-LightPropagationVolumeEditor.dll (API version 3944462).
LogModuleManager: Display: Found up-to-date module file ../../../Engine/Plugins/Developer/CLionSourceCodeAccess/Binaries/Win64/UE4Editor-CLionSourceCodeAccess.dll (API version 3944462).
LogModuleManager: Display: Found up-to-date module file ../../../Engine/Plugins/Developer/GitSourceControl/Binaries/Win64/UE4Editor-GitSourceControl.dll (API version 3944462).
LogModuleManager: Display: Found up-to-date module file ../../../Engine/Plugins/Developer/PerforceSourceControl/Binaries/Win64/UE4Editor-PerforceSourceControl.dll (API version 3944462).
LogModuleManager: Display: Found up-to-date module file ../../../Engine/Plugins/Developer/SubversionSourceControl/Binaries/Win64/UE4Editor-SubversionSourceControl.dll (API version 3944462).
LogModuleManager: Display: Found up-to-date module file ../../../Engine/Plugins/Developer/UObjectPlugin/Binaries/Win64/UE4Editor-UObjectPlugin.dll (API version 3944462).
LogModuleManager: Display: Found up-to-date module file ../../../Engine/Plugins/Developer/VisualStudioCodeSourceCodeAccess/Binaries/Win64/UE4Editor-VisualStudioCodeSourceCodeAccess.dll (API version 3944462).
LogModuleManager: Display: Found up-to-date module file ../../../Engine/Plugins/Developer/VisualStudioSourceCodeAccess/Binaries/Win64/UE4Editor-VisualStudioSourceCodeAccess.dll (API version 3944462).
LogModuleManager: Display: Found up-to-date module file ../../../Engine/Plugins/Editor/AssetManagerEditor/Binaries/Win64/UE4Editor-AssetManagerEditor.dll (API version 3944462).
LogModuleManager: Display: Found up-to-date module file ../../../Engine/Plugins/Editor/CryptoKeys/Binaries/Win64/UE4Editor-CryptoKeys.dll (API version 3944462).
LogModuleManager: Display: Found up-to-date module file ../../../Engine/Plugins/Editor/CryptoKeys/Binaries/Win64/UE4Editor-CryptoKeysOpenSSL.dll (API version 3944462).
LogModuleManager: Display: Found up-to-date module file ../../../Engine/Plugins/Editor/DataValidation/Binaries/Win64/UE4Editor-DataValidation.dll (API version 3944462).
LogModuleManager: Display: Found up-to-date module file ../../../Engine/Plugins/Editor/FacialAnimation/Binaries/Win64/UE4Editor-FacialAnimation.dll (API version 3944462).
LogModuleManager: Display: Found up-to-date module file ../../../Engine/Plugins/Editor/FacialAnimation/Binaries/Win64/UE4Editor-FacialAnimationEditor.dll (API version 3944462).
LogModuleManager: Display: Found up-to-date module file ../../../Engine/Plugins/Editor/GameplayTagsEditor/Binaries/Win64/UE4Editor-GameplayTagsEditor.dll (API version 3944462).
LogModuleManager: Display: Found up-to-date module file ../../../Engine/Plugins/Editor/MobileLauncherProfileWizard/Binaries/Win64/UE4Editor-MobileLauncherProfileWizard.dll (API version 3944462).
LogModuleManager: Display: Found up-to-date module file ../../../Engine/Plugins/Editor/PluginBrowser/Binaries/Win64/UE4Editor-PluginBrowser.dll (API version 3944462).
LogModuleManager: Display: Found up-to-date module file ../../../Engine/Plugins/Editor/SpeedTreeImporter/Binaries/Win64/UE4Editor-SpeedTreeImporter.dll (API version 3944462).
LogModuleManager: Display: Found up-to-date module file ../../../Engine/Plugins/Enterprise/DatasmithContent/Binaries/Win64/UE4Editor-DatasmithContent.dll (API version 3944462).
LogModuleManager: Display: Found up-to-date module file ../../../Engine/Plugins/Experimental/AlembicImporter/Binaries/Win64/UE4Editor-AlembicImporter.dll (API version 3944462).
LogModuleManager: Display: Found up-to-date module file ../../../Engine/Plugins/Experimental/AlembicImporter/Binaries/Win64/UE4Editor-AlembicLibrary.dll (API version 3944462).
LogModuleManager: Display: Found up-to-date module file ../../../Engine/Plugins/Experimental/CharacterAI/Binaries/Win64/UE4Editor-CharacterAI.dll (API version 3944462).
LogModuleManager: Display: Found up-to-date module file ../../../Engine/Plugins/Experimental/HTML5Networking/Binaries/Win64/UE4Editor-HTML5Networking.dll (API version 3944462).
LogModuleManager: Display: Found up-to-date module file ../../../Engine/Plugins/Media/AndroidMedia/Binaries/Win64/UE4Editor-AndroidMediaEditor.dll (API version 3944462).
LogModuleManager: Display: Found up-to-date module file ../../../Engine/Plugins/Media/AndroidMedia/Binaries/Win64/UE4Editor-AndroidMediaFactory.dll (API version 3944462).
LogModuleManager: Display: Found up-to-date module file ../../../Engine/Plugins/Media/AvfMedia/Binaries/Win64/UE4Editor-AvfMediaEditor.dll (API version 3944462).
LogModuleManager: Display: Found up-to-date module file ../../../Engine/Plugins/Media/AvfMedia/Binaries/Win64/UE4Editor-AvfMediaFactory.dll (API version 3944462).
LogModuleManager: Display: Found up-to-date module file ../../../Engine/Plugins/Media/AvfMedia/Binaries/Win64/UE4Editor-AvfMediaFactory.dll (API version 3944462).
LogModuleManager: Display: Found up-to-date module file ../../../Engine/Plugins/Media/ImgMedia/Binaries/Win64/UE4Editor-ImgMedia.dll (API version 3944462).
LogModuleManager: Display: Found up-to-date module file ../../../Engine/Plugins/Media/ImgMedia/Binaries/Win64/UE4Editor-ImgMediaEditor.dll (API version 3944462).
LogModuleManager: Display: Found up-to-date module file ../../../Engine/Plugins/Media/ImgMedia/Binaries/Win64/UE4Editor-ImgMediaFactory.dll (API version 3944462).
LogModuleManager: Display: Found up-to-date module file ../../../Engine/Plugins/Media/ImgMedia/Binaries/Win64/UE4Editor-ImgMediaFactory.dll (API version 3944462).
LogModuleManager: Display: Found up-to-date module file ../../../Engine/Plugins/Media/ImgMedia/Binaries/Win64/UE4Editor-OpenExrWrapper.dll (API version 3944462).
LogModuleManager: Display: Found up-to-date module file ../../../Engine/Plugins/Media/LinearTimecode/Binaries/Win64/UE4Editor-LinearTimecode.dll (API version 3944462).
LogModuleManager: Display: Found up-to-date module file ../../../Engine/Plugins/Media/MediaCompositing/Binaries/Win64/UE4Editor-MediaCompositing.dll (API version 3944462).
LogModuleManager: Display: Found up-to-date module file ../../../Engine/Plugins/Media/MediaCompositing/Binaries/Win64/UE4Editor-MediaCompositingEditor.dll (API version 3944462).
LogModuleManager: Display: Found up-to-date module file ../../../Engine/Plugins/Media/MediaPlayerEditor/Binaries/Win64/UE4Editor-MediaPlayerEditor.dll (API version 3944462).
LogModuleManager: Display: Found up-to-date module file ../../../Engine/Plugins/Media/WmfMedia/Binaries/Win64/UE4Editor-WmfMedia.dll (API version 3944462).
LogModuleManager: Display: Found up-to-date module file ../../../Engine/Plugins/Media/WmfMedia/Binaries/Win64/UE4Editor-WmfMediaEditor.dll (API version 3944462).
LogModuleManager: Display: Found up-to-date module file ../../../Engine/Plugins/Media/WmfMedia/Binaries/Win64/UE4Editor-WmfMediaFactory.dll (API version 3944462).
LogModuleManager: Display: Found up-to-date module file ../../../Engine/Plugins/Media/WmfMedia/Binaries/Win64/UE4Editor-WmfMediaFactory.dll (API version 3944462).
LogModuleManager: Display: Found up-to-date module file ../../../Engine/Plugins/Messaging/TcpMessaging/Binaries/Win64/UE4Editor-TcpMessaging.dll (API version 3944462).
LogModuleManager: Display: Found up-to-date module file ../../../Engine/Plugins/Messaging/UdpMessaging/Binaries/Win64/UE4Editor-UdpMessaging.dll (API version 3944462).
LogModuleManager: Display: Found up-to-date module file ../../../Engine/Plugins/MovieScene/ActorSequence/Binaries/Win64/UE4Editor-ActorSequence.dll (API version 3944462).
LogModuleManager: Display: Found up-to-date module file ../../../Engine/Plugins/MovieScene/LevelSequenceEditor/Binaries/Win64/UE4Editor-LevelSequenceEditor.dll (API version 3944462).
LogModuleManager: Display: Found up-to-date module file ../../../Engine/Plugins/MovieScene/MatineeToLevelSequence/Binaries/Win64/UE4Editor-MatineeToLevelSequence.dll (API version 3944462).
LogModuleManager: Display: Found up-to-date module file ../../../Engine/Plugins/NetcodeUnitTest/NetcodeUnitTest/Binaries/Win64/UE4Editor-NetcodeUnitTest.dll (API version 3944462).
LogModuleManager: Display: Found up-to-date module file ../../../Engine/Plugins/NetcodeUnitTest/NUTUnrealEngine4/Binaries/Win64/UE4Editor-NUTUnrealEngine4.dll (API version 3944462).
LogModuleManager: Display: Found up-to-date module file ../../../Engine/Plugins/Online/OnlineSubsystem/Binaries/Win64/UE4Editor-OnlineSubsystem.dll (API version 3944462).
LogModuleManager: Display: Found up-to-date module file ../../../Engine/Plugins/Online/OnlineSubsystemNull/Binaries/Win64/UE4Editor-OnlineSubsystemNull.dll (API version 3944462).
LogModuleManager: Display: Found up-to-date module file ../../../Engine/Plugins/Online/OnlineSubsystemUtils/Binaries/Win64/UE4Editor-OnlineSubsystemUtils.dll (API version 3944462).
LogModuleManager: Display: Found up-to-date module file ../../../Engine/Plugins/Online/OnlineSubsystemUtils/Binaries/Win64/UE4Editor-OnlineBlueprintSupport.dll (API version 3944462).
LogModuleManager: Display: Found up-to-date module file ../../../Engine/Plugins/Runtime/AndroidDeviceProfileSelector/Binaries/Win64/UE4Editor-AndroidDeviceProfileSelector.dll (API version 3944462).
LogModuleManager: Display: Found up-to-date module file ../../../Engine/Plugins/Runtime/AndroidPermission/Binaries/Win64/UE4Editor-AndroidPermission.dll (API version 3944462).
LogModuleManager: Display: Found up-to-date module file ../../../Engine/Plugins/Runtime/AppleARKit/Binaries/Win64/UE4Editor-AppleARKit.dll (API version 3944462).
LogModuleManager: Display: Found up-to-date module file ../../../Engine/Plugins/Runtime/ArchVisCharacter/Binaries/Win64/UE4Editor-ArchVisCharacter.dll (API version 3944462).
LogModuleManager: Display: Found up-to-date module file ../../../Engine/Plugins/Runtime/AudioCapture/Binaries/Win64/UE4Editor-AudioCapture.dll (API version 3944462).
LogModuleManager: Display: Found up-to-date module file ../../../Engine/Plugins/Runtime/AudioCapture/Binaries/Win64/UE4Editor-AudioCaptureEditor.dll (API version 3944462).
LogModuleManager: Display: Found up-to-date module file ../../../Engine/Plugins/Runtime/CableComponent/Binaries/Win64/UE4Editor-CableComponent.dll (API version 3944462).
LogModuleManager: Display: Found up-to-date module file ../../../Engine/Plugins/Runtime/CustomMeshComponent/Binaries/Win64/UE4Editor-CustomMeshComponent.dll (API version 3944462).
LogModuleManager: Display: Found up-to-date module file ../../../Engine/Plugins/Runtime/ExampleDeviceProfileSelector/Binaries/Win64/UE4Editor-ExampleDeviceProfileSelector.dll (API version 3944462).
LogModuleManager: Display: Found up-to-date module file ../../../Engine/Plugins/Runtime/ImmediatePhysics/Binaries/Win64/UE4Editor-ImmediatePhysics.dll (API version 3944462).
LogModuleManager: Display: Found up-to-date module file ../../../Engine/Plugins/Runtime/ImmediatePhysics/Binaries/Win64/UE4Editor-ImmediatePhysicsEditor.dll (API version 3944462).
LogModuleManager: Display: Found up-to-date module file ../../../Engine/Plugins/Runtime/LocationServicesBPLibrary/Binaries/Win64/UE4Editor-LocationServicesBPLibrary.dll (API version 3944462).
LogModuleManager: Display: Found up-to-date module file ../../../Engine/Plugins/Runtime/MobilePatchingUtils/Binaries/Win64/UE4Editor-MobilePatchingUtils.dll (API version 3944462).
LogModuleManager: Display: Found up-to-date module file ../../../Engine/Plugins/Runtime/Oculus/OculusVR/Binaries/Win64/UE4Editor-OculusHMD.dll (API version 3944462).
LogModuleManager: Display: Found up-to-date module file ../../../Engine/Plugins/Runtime/Oculus/OculusVR/Binaries/Win64/UE4Editor-OculusInput.dll (API version 3944462).
LogModuleManager: Display: Found up-to-date module file ../../../Engine/Plugins/Runtime/Oculus/OculusVR/Binaries/Win64/UE4Editor-OculusEditor.dll (API version 3944462).
LogModuleManager: Display: Found up-to-date module file ../../../Engine/Plugins/Runtime/PhysXVehicles/Binaries/Win64/UE4Editor-PhysXVehicles.dll (API version 3944462).
LogModuleManager: Display: Found up-to-date module file ../../../Engine/Plugins/Runtime/PhysXVehicles/Binaries/Win64/UE4Editor-PhysXVehiclesEditor.dll (API version 3944462).
LogModuleManager: Display: Found up-to-date module file ../../../Engine/Plugins/Runtime/ProceduralMeshComponent/Binaries/Win64/UE4Editor-ProceduralMeshComponent.dll (API version 3944462).
LogModuleManager: Display: Found up-to-date module file ../../../Engine/Plugins/Runtime/ProceduralMeshComponent/Binaries/Win64/UE4Editor-ProceduralMeshComponentEditor.dll (API version 3944462).
LogModuleManager: Display: Found up-to-date module file ../../../Engine/Plugins/Runtime/RuntimePhysXCooking/Binaries/Win64/UE4Editor-RuntimePhysXCooking.dll (API version 3944462).
LogModuleManager: Display: Found up-to-date module file ../../../Engine/Plugins/Runtime/Steam/SteamVR/Binaries/Win64/UE4Editor-SteamVR.dll (API version 3944462).
LogModuleManager: Display: Found up-to-date module file ../../../Engine/Plugins/Runtime/Steam/SteamVR/Binaries/Win64/UE4Editor-SteamVRController.dll (API version 3944462).
LogModuleManager: Display: Found up-to-date module file ../../../Engine/Plugins/Runtime/WindowsMoviePlayer/Binaries/Win64/UE4Editor-WindowsMoviePlayer.dll (API version 3944462).
LogInit: Using libcurl 7.47.1
LogInit:  - built for x86_64-pc-win32
LogInit:  - supports SSL with OpenSSL/1.0.2g
LogInit:  - supports HTTP deflate (compression) using libz 1.2.8
LogInit:  - other features:
LogInit:      CURL_VERSION_SSL
LogInit:      CURL_VERSION_LIBZ
LogInit:      CURL_VERSION_IPV6
LogInit:      CURL_VERSION_ASYNCHDNS
LogInit:      CURL_VERSION_LARGEFILE
LogInit:      CURL_VERSION_IDN
LogInit:  CurlRequestOptions (configurable via config and command line):
LogInit:  - bVerifyPeer = false  - Libcurl will NOT verify peer certificate
LogInit:  - bUseHttpProxy = false  - Libcurl will NOT use HTTP proxy
LogInit:  - bDontReuseConnections = false  - Libcurl will reuse connections
LogInit:  - CertBundlePath = nullptr  - Libcurl will use whatever was configured at build time.
LogInit:  - MaxHostConnections = 16  - Libcurl will limit the number of connections to a host
LogInit:  - LocalHostAddr = Default
LogInit: WinSock: version 1.1 (2.2), MaxSocks=32767, MaxUdp=65467
LogInit: WinSock: I am Tom-Laptop (192.168.1.87:0)
LogInit: Build: ++UE4+Release-4.19-CL-4033788
LogInit: Engine Version: 4.19.2-4033788+++UE4+Release-4.19
LogInit: Compatible Engine Version: 4.19.0-3944462+++UE4+Release-4.19
LogInit: Net CL: 3944462
LogDevObjectVersion: Number of dev versions registered: 18
LogDevObjectVersion:   Dev-Blueprints (B0D832E4-1F89-4F0D-ACCF-7EB736FD4AA2): 10
LogDevObjectVersion:   Dev-Build (E1C64328-A22C-4D53-A36C-8E866417BD8C): 0
LogDevObjectVersion:   Dev-Core (375EC13C-06E4-48FB-B500-84F0262A717E): 2
LogDevObjectVersion:   Dev-Editor (E4B068ED-F494-42E9-A231-DA0B2E46BB41): 23
LogDevObjectVersion:   Dev-Framework (CFFC743F-43B0-4480-9391-14DF171D2073): 33
LogDevObjectVersion:   Dev-Mobile (B02B49B5-BB20-44E9-A304-32B752E40360): 2
LogDevObjectVersion:   Dev-Networking (A4E4105C-59A1-49B5-A7C5-40C4547EDFEE): 0
LogDevObjectVersion:   Dev-Online (39C831C9-5AE6-47DC-9A44-9C173E1C8E7C): 0
LogDevObjectVersion:   Dev-Physics (78F01B33-EBEA-4F98-B9B4-84EACCB95AA2): 0
LogDevObjectVersion:   Dev-Platform (6631380F-2D4D-43E0-8009-CF276956A95A): 0
LogDevObjectVersion:   Dev-Rendering (12F88B9F-8875-4AFC-A67C-D90C383ABD29): 25
LogDevObjectVersion:   Dev-Sequencer (7B5AE74C-D270-4C10-A958-57980B212A5A): 6
LogDevObjectVersion:   Dev-VR (D7296918-1DD6-4BDD-9DE2-64A83CC13884): 1
LogDevObjectVersion:   Dev-LoadTimes (C2A15278-BFE7-4AFE-6C17-90FF531DF755): 1
LogDevObjectVersion:   Private-Geometry (6EACA3D4-40EC-4CC1-B786-8BED09428FC5): 2
LogDevObjectVersion:   Dev-AnimPhys (29E575DD-E0A3-4627-9D10-D276232CDCEA): 16
LogDevObjectVersion:   Dev-ReflectionCapture (6B266CEC-1EC7-4B8F-A30B-E4D90942FC07): 1
LogDevObjectVersion:   Dev-Automation (0DF73D61-A23F-47EA-B727-89E90C41499A): 1
LogInit: Compiled (64-bit): Apr 27 2018 02:06:57
LogInit: Compiled with Visual C++: 19.00.24215.01
LogInit: Build Configuration: Development
LogInit: Branch Name: ++UE4+Release-4.19
LogInit: Command Line:  
LogInit: Base Directory: D:/Epic Games/UE_4.19/Engine/Binaries/Win64/
LogInit: Installed Engine Build: 1
LogStreaming: Display: Took  0.001s to delete old logs.
LogInit: Presizing for max 8388607 objects, including 0 objects not considered by GC, pre-allocating 0 bytes for permanent pool.
LogInit: Object subsystem initialized
[2018.05.27-10.52.06:545][  0]LogInit: Selected Device Profile: [Windows]
[2018.05.27-10.52.06:545][  0]LogInit: Applying CVar settings loaded from the selected device profile: [Windows]
[2018.05.27-10.52.06:557][  0]LogInit: Computer: TOM-LAPTOP
[2018.05.27-10.52.06:557][  0]LogInit: User: tomco
[2018.05.27-10.52.06:557][  0]LogInit: CPU Page size=4096, Cores=4
[2018.05.27-10.52.06:557][  0]LogInit: High frequency timer resolution =2.531252 MHz
[2018.05.27-10.52.06:557][  0]LogMemory: Memory total: Physical=7.9GB (8GB approx)
[2018.05.27-10.52.06:557][  0]LogMemory: Platform Memory Stats for Windows
[2018.05.27-10.52.06:557][  0]LogMemory: Process Physical Memory: 275.20 MB used, 275.20 MB peak
[2018.05.27-10.52.06:557][  0]LogMemory: Process Virtual Memory: 266.02 MB used, 266.02 MB peak
[2018.05.27-10.52.06:557][  0]LogMemory: Physical Memory: 4877.67 MB used,  3212.86 MB free, 8090.52 MB total
[2018.05.27-10.52.06:557][  0]LogMemory: Virtual Memory: 4786.08 MB used,  3212.86 MB free, 134217728.00 MB total
[2018.05.27-10.52.06:598][  0]LogInit: Using OS detected language (en-US).
[2018.05.27-10.52.06:598][  0]LogInit: Using OS detected locale (en-US).
[2018.05.27-10.52.06:616][  0]LogTextLocalizationManager: No specific localization for 'en-US' exists, so the 'en' localization will be used.
[2018.05.27-10.52.07:187][  0]LogStreaming: Display: Took  0.589s to EndInitTextLocalization.
[2018.05.27-10.52.07:187][  0]LogInit: Setting process to per monitor DPI aware
[2018.05.27-10.52.07:238][  0]LogSlate: New Slate User Created.  User Index 0, Is Virtual User: 0
[2018.05.27-10.52.07:238][  0]LogSlate: Slate User Registered.  User Index 0, Is Virtual User: 0
[2018.05.27-10.52.07:731][  0]LogD3D11RHI: D3D11 adapters:
[2018.05.27-10.52.07:787][  0]LogD3D11RHI:    0. 'NVIDIA GeForce GTX 960M' (Feature Level 11_0)
[2018.05.27-10.52.07:787][  0]LogD3D11RHI:       2019/0/4045 MB DedicatedVideo/DedicatedSystem/SharedSystem, Outputs:1, VendorId:0x10de
[2018.05.27-10.52.07:795][  0]LogD3D11RHI:    1. 'Intel(R) HD Graphics 530' (Feature Level 11_0)
[2018.05.27-10.52.07:795][  0]LogD3D11RHI:       128/0/4045 MB DedicatedVideo/DedicatedSystem/SharedSystem, Outputs:0, VendorId:0x8086
[2018.05.27-10.52.07:798][  0]LogD3D11RHI:    2. 'Microsoft Basic Render Driver' (Feature Level 11_0)
[2018.05.27-10.52.07:798][  0]LogD3D11RHI:       0/0/4045 MB DedicatedVideo/DedicatedSystem/SharedSystem, Outputs:0, VendorId:0x1414
[2018.05.27-10.52.07:798][  0]LogD3D11RHI: Chosen D3D11 Adapter: 0
[2018.05.27-10.52.07:815][  0]LogD3D11RHI: Creating new Direct3DDevice
[2018.05.27-10.52.07:815][  0]LogD3D11RHI:     GPU DeviceId: 0x139b (for the marketing name, search the web for "GPU Device Id")
[2018.05.27-10.52.07:815][  0]LogWindows: EnumDisplayDevices:
[2018.05.27-10.52.07:815][  0]LogWindows:    0. 'Intel(R) HD Graphics 530' (P:1 D:1)
[2018.05.27-10.52.07:815][  0]LogWindows:    1. 'Intel(R) HD Graphics 530' (P:0 D:0)
[2018.05.27-10.52.07:816][  0]LogWindows:    2. 'Intel(R) HD Graphics 530' (P:0 D:0)
[2018.05.27-10.52.07:816][  0]LogWindows: DebugString: GetVideoDriverDetailsInvalid PrimaryIsNotTheChoosenAdapter GetVideoDriverDetailsInvalid PrimaryIsNotTheChoosenAdapter GetVideoDriverDetailsInvalid PrimaryIsNotTheChoosenAdapter FoundDriverCount:0 
[2018.05.27-10.52.07:816][  0]LogD3D11RHI:     Adapter Name: NVIDIA GeForce GTX 960M
[2018.05.27-10.52.07:816][  0]LogD3D11RHI:   Driver Version: Unknown (internal:Unknown, unified:Unknown)
[2018.05.27-10.52.07:816][  0]LogD3D11RHI:      Driver Date: Unknown
[2018.05.27-10.52.07:816][  0]LogRHI: Texture pool is 1413 MB (70% of 2019 MB)
[2018.05.27-10.52.07:842][  0]LogD3D11RHI: [Aftermath] Aftermath enabled but failed to initialize
[2018.05.27-10.52.07:842][  0]LogD3D11RHI: [Aftermath] Aftermath enabled and primed
[2018.05.27-10.52.07:842][  0]LogD3D11RHI: Async texture creation enabled
[2018.05.27-10.52.07:854][  0]LogD3D11RHI: GPU Timing Frequency: 1000.000000 (Debug: 2 1)
[2018.05.27-10.52.07:856][  0]LogShaderCompilers: Guid format shader working directory is 6 characters bigger than the processId version (../../../../../SpareTime/Unreal/FPS/FPS/Intermediate/Shaders/WorkingDirectory/19116/).
[2018.05.27-10.52.07:856][  0]LogShaderCompilers: Cleaned the shader compiler working directory 'C:/Users/tomco/AppData/Local/Temp/UnrealShaderWorkingDir/69861B0E453A0783AFE2DB8864162A7A/'.
[2018.05.27-10.52.08:114][  0]LogTemp: Display: Loaded TP AllDesktopTargetPlatform
[2018.05.27-10.52.08:127][  0]LogTemp: Display: Loaded TP MacClientTargetPlatform
[2018.05.27-10.52.08:141][  0]LogTemp: Display: Loaded TP MacNoEditorTargetPlatform
[2018.05.27-10.52.08:155][  0]LogTemp: Display: Loaded TP MacServerTargetPlatform
[2018.05.27-10.52.08:169][  0]LogTemp: Display: Loaded TP MacTargetPlatform
[2018.05.27-10.52.08:181][  0]LogTemp: Display: Loaded TP WindowsClientTargetPlatform
[2018.05.27-10.52.08:196][  0]LogTemp: Display: Loaded TP WindowsNoEditorTargetPlatform
[2018.05.27-10.52.08:210][  0]LogTemp: Display: Loaded TP WindowsServerTargetPlatform
[2018.05.27-10.52.08:215][  0]LogTemp: Display: Loaded TP WindowsTargetPlatform
[2018.05.27-10.52.08:228][  0]LogTemp: Display: Loaded TP Android_ASTCTargetPlatform
[2018.05.27-10.52.08:240][  0]LogTemp: Display: Loaded TP Android_ATCTargetPlatform
[2018.05.27-10.52.08:253][  0]LogTemp: Display: Loaded TP Android_DXTTargetPlatform
[2018.05.27-10.52.08:264][  0]LogTemp: Display: Loaded TP Android_ETC1aTargetPlatform
[2018.05.27-10.52.08:276][  0]LogTemp: Display: Loaded TP Android_ETC1TargetPlatform
[2018.05.27-10.52.08:288][  0]LogTemp: Display: Loaded TP Android_ETC2TargetPlatform
[2018.05.27-10.52.08:313][  0]LogTemp: Display: Loaded TP Android_MultiTargetPlatform
[2018.05.27-10.52.08:313][  0]LogTemp: Display: Loaded TP Android_PVRTCTargetPlatform
[2018.05.27-10.52.08:327][  0]LogTemp: Display: Loaded TP AndroidTargetPlatform
[2018.05.27-10.52.08:329][  0]LogTemp: Display: Loaded TP HTML5TargetPlatform
[2018.05.27-10.52.08:369][  0]LogTemp: Display: Loaded TP IOSTargetPlatform
[2018.05.27-10.52.08:381][  0]LogTemp: Display: Loaded TP TVOSTargetPlatform
[2018.05.27-10.52.08:394][  0]LogTemp: Display: Loaded TP LinuxClientTargetPlatform
[2018.05.27-10.52.08:407][  0]LogTemp: Display: Loaded TP LinuxNoEditorTargetPlatform
[2018.05.27-10.52.08:420][  0]LogTemp: Display: Loaded TP LinuxServerTargetPlatform
[2018.05.27-10.52.08:434][  0]LogTemp: Display: Loaded TP LinuxTargetPlatform
[2018.05.27-10.52.08:434][  0]LogTargetPlatformManager: Display: Building Assets For Windows
[2018.05.27-10.52.08:549][  0]LogXGEController: Cannot use XGE Controller as Incredibuild is not installed on this machine.
[2018.05.27-10.52.08:549][  0]LogShaderCompilers: Cannot use XGE Shader Compiler as Incredibuild is not installed on this machine.
[2018.05.27-10.52.08:549][  0]LogShaderCompilers: Display: Using Local Shader Compiler.
[2018.05.27-10.52.09:365][  0]LogDerivedDataCache: Display: Max Cache Size: 512 MB
[2018.05.27-10.52.09:739][  0]LogDerivedDataCache: Loaded boot cache 0.37s 76MB C:/Users/tomco/AppData/Local/UnrealEngine/4.19/DerivedDataCache/Boot.ddc.
[2018.05.27-10.52.09:739][  0]LogDerivedDataCache: Display: Loaded Boot cache: C:/Users/tomco/AppData/Local/UnrealEngine/4.19/DerivedDataCache/Boot.ddc
[2018.05.27-10.52.09:739][  0]LogDerivedDataCache: FDerivedDataBackendGraph:  Pak pak cache file ../../../../../SpareTime/Unreal/FPS/FPS/DerivedDataCache/DDC.ddp not found, will not use a pak cache.
[2018.05.27-10.52.09:739][  0]LogDerivedDataCache: Unable to find inner node Pak for hierarchical cache Hierarchy.
[2018.05.27-10.52.09:739][  0]LogDerivedDataCache: FDerivedDataBackendGraph:  CompressedPak pak cache file ../../../../../SpareTime/Unreal/FPS/FPS/DerivedDataCache/Compressed.ddp not found, will not use a pak cache.
[2018.05.27-10.52.09:740][  0]LogDerivedDataCache: Unable to find inner node CompressedPak for hierarchical cache Hierarchy.
[2018.05.27-10.52.09:757][  0]LogDerivedDataCache: Display: Pak cache opened for reading ../../../Engine/DerivedDataCache/Compressed.ddp.
[2018.05.27-10.52.09:769][  0]LogDerivedDataCache: Using Local data cache path C:/Users/tomco/AppData/Local/UnrealEngine/Common/DerivedDataCache: Writable
[2018.05.27-10.52.09:769][  0]LogDerivedDataCache: Shared data cache path not found in *engine.ini, will not use an Shared cache.
[2018.05.27-10.52.09:769][  0]LogDerivedDataCache: Unable to find inner node Shared for hierarchical cache Hierarchy.
[2018.05.27-10.52.09:781][  0]LogMaterial: Verifying Global Shaders for PCD3D_SM5
[2018.05.27-10.52.09:781][  0]LogSlate: Using Freetype 2.6.0
[2018.05.27-10.52.09:785][  0]LogSlate: SlateFontCache - WITH_FREETYPE: 1, WITH_HARFBUZZ: 1
[2018.05.27-10.52.09:785][  0]LogSlate: SlateFontCache - WITH_FREETYPE: 1, WITH_HARFBUZZ: 1
[2018.05.27-10.52.10:267][  0]LogAssetRegistry: FAssetRegistry took 0.0266 seconds to start up
[2018.05.27-10.52.10:597][  0]LogInit: Selected Device Profile: [Windows]
[2018.05.27-10.52.10:762][  0]LogSimplygon: Simplygon DLL not present - disabling.
[2018.05.27-10.52.10:765][  0]LogMeshReduction: Using SimplygonSwarm for distributed automatic mesh merging
[2018.05.27-10.52.10:765][  0]LogMeshReduction: Using QuadricMeshReduction for automatic static mesh reduction
[2018.05.27-10.52.10:765][  0]LogMeshReduction: No automatic skeletal mesh reduction module available
[2018.05.27-10.52.10:765][  0]LogMeshReduction: No automatic mesh merging module available
[2018.05.27-10.52.10:765][  0]LogMeshMerging: No automatic mesh merging module available
[2018.05.27-10.52.10:796][  0]LogNetVersion: FPS , NetCL: 3944462, EngineNetVer: 2, GameNetVer: 0 (Checksum: 2326512385)
[2018.05.27-10.52.11:267][  0]LogPackageLocalizationCache: Processed 9 localized package path(s) for 2 prioritized culture(s) in 0.072178 seconds
[2018.05.27-10.52.11:273][  0]LogUObjectArray: 36728 objects as part of root set at end of initial load.
[2018.05.27-10.52.11:273][  0]LogUObjectAllocator: 7314312 out of 0 bytes used by permanent object pool.
[2018.05.27-10.52.11:273][  0]LogUObjectArray: CloseDisregardForGC: 0/0 objects in disregard for GC pool
[2018.05.27-10.52.14:486][  0]LogTcpMessaging: Initializing TcpMessaging bridge
[2018.05.27-10.52.14:516][  0]LogUdpMessaging: Initializing bridge on interface 0.0.0.0:0 to multicast group 230.0.0.1:6666.
[2018.05.27-10.52.14:765][  0]LogSkeletalMesh: Skeletal Mesh found in DDC [1.769085ms] /Game/Models/Player/Arms/Arms_SMG.Arms_SMG
[2018.05.27-10.52.14:793][  0]LogUObjectGlobals: Created PersistentFrame Addr=0x0000018ca43a1170, Size=80, Default__BP_SMGAnim_C Function /Game/Animations/SMG/BP_SMGAnim.BP_SMGAnim_C:ExecuteUbergraph_BP_SMGAnim
[2018.05.27-10.52.14:803][  0]LogUObjectGlobals: Destroyed PersistentFrame Addr=0x0000018ca43a1170, Size=80
[2018.05.27-10.52.14:803][  0]LogUObjectGlobals: Created PersistentFrame Addr=0x0000018ca3eee430, Size=80, Default__BP_SMGAnim_C Function /Engine/Transient.REINST_BP_SMGAnim_C_0:ExecuteUbergraph_BP_SMGAnim
[2018.05.27-10.52.14:813][  0]LogUObjectGlobals: Created PersistentFrame Addr=0x0000018ca4c0a750, Size=80, Default__BP_SMGAnim_C Function /Game/Animations/SMG/BP_SMGAnim.BP_SMGAnim_C:ExecuteUbergraph_BP_SMGAnim
[2018.05.27-10.52.15:014][  0]SourceControl: Source control is disabled
[2018.05.27-10.52.15:014][  0]SourceControl: Source control is disabled
[2018.05.27-10.52.15:033][  0]SourceControl: Source control is disabled
[2018.05.27-10.52.15:049][  0]SourceControl: Source control is disabled
[2018.05.27-10.52.15:520][  0]LogAndroidPermission: UAndroidPermissionCallbackProxy::GetInstance
[2018.05.27-10.52.15:678][  0]LogOcInput: OculusInput pre-init called
[2018.05.27-10.52.15:786][  0]LogEngine: Initializing Engine...
[2018.05.27-10.52.15:837][  0]LogHMD: Failed to initialize OpenVR with code 126
[2018.05.27-10.52.15:839][  0]LogStats: UGameplayTagsManager::ConstructGameplayTagTree: Construct from data asset -  0.000 s
[2018.05.27-10.52.15:839][  0]LogStats: UGameplayTagsManager::ConstructGameplayTagTree: GameplayTagTreeChangedEvent.Broadcast -  0.000 s
[2018.05.27-10.52.16:096][  0]LogAIModule: Creating AISystem for world Untitled
[2018.05.27-10.52.16:112][  0]LogInit: XAudio2 using 'Luidsprekers (Conexant SmartAudio HD)' : 2 channels at 48 kHz using 32 bits per sample (channel mask 0x3)
[2018.05.27-10.52.16:218][  0]LogInit: FAudioDevice initialized.
[2018.05.27-10.52.16:315][  0]LogDerivedDataCache: Saved boot cache 0.10s 76MB C:/Users/tomco/AppData/Local/UnrealEngine/4.19/DerivedDataCache/Boot.ddc.
[2018.05.27-10.52.16:328][  0]LogInit: Texture streaming: Enabled
[2018.05.27-10.52.16:348][  0]LogEngineSessionManager: EngineSessionManager initialized
[2018.05.27-10.52.16:363][  0]LogInit: Transaction tracking system initialized
[2018.05.27-10.52.16:394][  0]BlueprintLog: New page: Editor Load
[2018.05.27-10.52.16:496][  0]LocalizationService: Localization service is disabled
[2018.05.27-10.52.16:599][  0]LogConsoleResponse: Display: 
[2018.05.27-10.52.16:791][  0]LogCook: Display: Max memory allowance for cook 16384mb min free memory 0mb
[2018.05.27-10.52.16:791][  0]LogCook: Display: Mobile HDR setting 1
[2018.05.27-10.52.16:791][  0]LogGameplayTags: Display: UGameplayTagsManager::DoneAddingNativeTags. DelegateIsBound: 0
[2018.05.27-10.52.16:791][  0]LogStats: UGameplayTagsManager::ConstructGameplayTagTree: Construct from data asset -  0.000 s
[2018.05.27-10.52.16:791][  0]LogStats: UGameplayTagsManager::ConstructGameplayTagTree: GameplayTagTreeChangedEvent.Broadcast -  0.000 s
[2018.05.27-10.52.17:177][  0]LogFileCache: Scanning file cache for directory 'D:/SpareTime/Unreal/FPS/FPS/Content/' took 0.02s
[2018.05.27-10.52.17:177][  0]SourceControl: Source control is disabled
[2018.05.27-10.52.17:177][  0]Cmd: MAP LOAD FILE="../../../../../SpareTime/Unreal/FPS/FPS/Content/Maps/Level1.umap" TEMPLATE=0 SHOWPROGRESS=1 FEATURELEVEL=3
[2018.05.27-10.52.17:179][  0]LightingResults: New page: Lighting Build
[2018.05.27-10.52.17:182][  0]MapCheck: New page: Map Check
[2018.05.27-10.52.17:182][  0]LightingResults: New page: Lighting Build
[2018.05.27-10.52.17:193][  0]LogUObjectGlobals: Destroyed PersistentFrame Addr=0x0000018ca3eee430, Size=80
[2018.05.27-10.52.18:374][  0]LogAIModule: Creating AISystem for world Level1
[2018.05.27-10.52.18:396][  0]LogEditorServer: Finished looking for orphan Actors (0.000 secs)
[2018.05.27-10.52.18:412][  0]Cmd: MAP CHECKDEP NOCLEARLOG
[2018.05.27-10.52.18:482][  0]MapCheck: Map check complete: 0 Error(s), 0 Warning(s), took 69.991ms to complete.
[2018.05.27-10.52.18:482][  0]LogFileHelpers: Loading map 'Level1' took 1.305
[2018.05.27-10.52.18:655][  0]LogCollectionManager: Loaded 0 collections in 0.000987 seconds
[2018.05.27-10.52.18:698][  0]LogFileCache: Scanning file cache for directory 'D:/SpareTime/Unreal/FPS/FPS/Saved/Collections/' took 0.01s
[2018.05.27-10.52.18:698][  0]LogFileCache: Scanning file cache for directory 'D:/SpareTime/Unreal/FPS/FPS/Content/Developers/tomco/Collections/' took 0.01s
[2018.05.27-10.52.18:698][  0]LogFileCache: Scanning file cache for directory 'D:/SpareTime/Unreal/FPS/FPS/Content/Collections/' took 0.01s
[2018.05.27-10.52.18:698][  0]LogCollectionManager: Rebuilt the GUID cache for 0 collections in 0.000001 seconds
[2018.05.27-10.52.18:708][  0]LogContentBrowser: Native class hierarchy populated in 0.0102 seconds. Added 2463 classes and 562 folders.
[2018.05.27-10.52.18:717][  0]LogContentBrowser: Native class hierarchy updated for 'WidgetCarousel' in 0.0010 seconds. Added 0 classes and 0 folders.
[2018.05.27-10.52.18:920][  0]LogContentBrowser: Native class hierarchy updated for 'AddContentDialog' in 0.0007 seconds. Added 0 classes and 0 folders.
[2018.05.27-10.52.20:216][  0]LogSlate: Only BGRA pngs, bmps or icos are supported in by External Image Picker
[2018.05.27-10.52.20:240][  0]LogSlate: Took 0.001986 seconds to synchronously load lazily loaded font '../../../Engine/Content/Slate/Fonts/Roboto-Regular.ttf' (155K)
[2018.05.27-10.52.20:244][  0]LogSlate: Took 0.002364 seconds to synchronously load lazily loaded font '../../../Engine/Content/Slate/Fonts/Roboto-Bold.ttf' (160K)
[2018.05.27-10.52.20:256][  0]LogSlate: Took 0.003233 seconds to synchronously load lazily loaded font '../../../Engine/Content/Editor/Slate/Fonts/FontAwesome.ttf' (139K)
[2018.05.27-10.52.20:439][  0]LogTemp: Executing iPhonePackager certificates Engine -bundlename com.YourCompany.FPS
[2018.05.27-10.52.20:439][  0]LogTemp: CWD: D:\Epic Games\UE_4.19\Engine\Binaries\DotNET\IOS
[2018.05.27-10.52.20:439][  0]LogTemp: Initial Dir: D:\Epic Games\UE_4.19
[2018.05.27-10.52.20:439][  0]LogTemp: Env CWD: D:\Epic Games\UE_4.19\Engine\Binaries\DotNET\IOS
[2018.05.27-10.52.20:439][  0]LogTemp: BranchPath = TOM-LAPTOP/D/Epic Games/UE_4.19/Engine/Binaries --- GameBranchPath = TOM-LAPTOP/D/Epic Games/UE_4.19/Engine/Binaries
[2018.05.27-10.52.20:439][  0]LogTemp: IPP ERROR: Could not find provision directory 'C:\Users\tomco\AppData\Local/Apple Computer/MobileDevice/Provisioning Profiles/'.
[2018.05.27-10.52.20:439][  0]LogRenderer: Reallocating scene render targets to support 908x600 Format 10 NumSamples 1 (Frame:1).
[2018.05.27-10.52.20:573][  0]LogSlate: Took 0.013622 seconds to synchronously load lazily loaded font '../../../Engine/Content/Slate/Fonts/Roboto-Light.ttf' (167K)
[2018.05.27-10.52.20:714][  0]LogContentBrowser: Native class hierarchy updated for 'HierarchicalLODOutliner' in 0.0006 seconds. Added 0 classes and 0 folders.
[2018.05.27-10.52.20:714][  0]LogLoad: (Engine Initialization) Total time: 17.08 seconds
[2018.05.27-10.52.20:714][  0]LogLoad: (Engine Initialization) Total Blueprint compile time: 0.00 seconds
[2018.05.27-10.52.20:724][  0]LogWindowsTextInputMethodSystem: Display: IME system now deactivated.
[2018.05.27-10.52.20:763][  0]LogContentStreaming: Texture pool size now 1000 MB
[2018.05.27-10.52.20:826][  1]LogAssetRegistry: Asset discovery search completed in 10.5813 seconds
[2018.05.27-10.52.20:828][  1]LogCollectionManager: Rebuilt the object cache for 0 collections in 0.000000 seconds (found 0 objects)
[2018.05.27-10.52.20:828][  1]LogCollectionManager: Fixed up redirectors for 0 collections in 0.000064 seconds (updated 0 objects)
[2018.05.27-10.52.47:837][596]LogSlate: FSceneViewport::OnFocusLost() reason 0
[2018.05.27-10.52.51:634][831]LogSlate: Took 0.000261 seconds to synchronously load lazily loaded font '../../../Engine/Content/Slate/Fonts/Roboto-Light.ttf' (167K)
[2018.05.27-10.52.51:672][831]LogUObjectGlobals: Created PersistentFrame Addr=0x0000018cf7f9ca80, Size=120, Default__RapidMoveTo_C Function /Game/TEMP/RapidMoveTo.RapidMoveTo_C:ExecuteUbergraph_RapidMoveTo
[2018.05.27-10.52.51:674][831]LogUObjectGlobals: Destroyed PersistentFrame Addr=0x0000018cf7f9ca80, Size=120
[2018.05.27-10.52.51:674][831]LogUObjectGlobals: Created PersistentFrame Addr=0x0000018cf7f9ca80, Size=120, Default__RapidMoveTo_C Function /Engine/Transient.REINST_RapidMoveTo_C_8:ExecuteUbergraph_RapidMoveTo
[2018.05.27-10.52.51:677][831]LogUObjectGlobals: Created PersistentFrame Addr=0x0000018cf7f9f400, Size=120, Default__RapidMoveTo_C Function /Game/TEMP/RapidMoveTo.RapidMoveTo_C:ExecuteUbergraph_RapidMoveTo
[2018.05.27-10.52.51:746][831]LogSkeletalMesh: Skeletal Mesh found in DDC [10.473078ms] /Game/Models/Enemy/Soldier.Soldier
[2018.05.27-10.52.51:761][831]LogAIModule: Creating AISystem for world AITestMap
[2018.05.27-10.52.51:781][831]LogUObjectGlobals: Destroyed PersistentFrame Addr=0x0000018cf7f9ca80, Size=120
[2018.05.27-10.52.51:782][831]Cmd: MAP LOAD FILE="../../../../../SpareTime/Unreal/FPS/FPS/Content/Maps/AITestMap.umap" TEMPLATE=0 SHOWPROGRESS=1 FEATURELEVEL=3
[2018.05.27-10.52.51:782][831]LightingResults: New page: Lighting Build
[2018.05.27-10.52.51:783][831]LoadErrors: New page: Loading map: AITestMap.umap
[2018.05.27-10.52.51:785][831]MapCheck: New page: Map Check
[2018.05.27-10.52.51:785][831]LightingResults: New page: Lighting Build
[2018.05.27-10.52.51:855][831]LogEditorServer: Finished looking for orphan Actors (0.000 secs)
[2018.05.27-10.52.51:901][831]Cmd: MAP CHECKDEP NOCLEARLOG
[2018.05.27-10.52.51:981][831]MapCheck: Map check complete: 0 Error(s), 0 Warning(s), took 79.654ms to complete.
[2018.05.27-10.52.51:982][831]LogFileHelpers: Loading map 'AITestMap' took 0.200
[2018.05.27-10.52.58:512][472]LogTemp: Repeating last play command: Selected Viewport
[2018.05.27-10.52.58:534][472]LogPlayLevel: PlayLevel: No blueprints needed recompiling
[2018.05.27-10.52.58:535][472]PIE: New page: PIE session: AITestMap (May 27, 2018, 2:52:58 PM)
[2018.05.27-10.52.58:535][472]LogPlayLevel: Creating play world package: /Game/Maps/UEDPIE_0_AITestMap
[2018.05.27-10.52.58:538][472]LogPlayLevel: PIE: StaticDuplicateObject took: (0.003121s)
[2018.05.27-10.52.58:539][472]LogAIModule: Creating AISystem for world AITestMap
[2018.05.27-10.52.58:539][472]LogPlayLevel: PIE: World Init took: (0.001042s)
[2018.05.27-10.52.58:539][472]LogPlayLevel: PIE: Created PIE world by copying editor world from /Game/Maps/AITestMap.AITestMap to /Game/Maps/UEDPIE_0_AITestMap.AITestMap (0.004495s)
[2018.05.27-10.52.58:558][472]LogInit: XAudio2 using 'Luidsprekers (Conexant SmartAudio HD)' : 2 channels at 48 kHz using 32 bits per sample (channel mask 0x3)
[2018.05.27-10.52.58:592][472]LogInit: FAudioDevice initialized.
[2018.05.27-10.52.58:650][472]LogUObjectGlobals: Created PersistentFrame Addr=0x0000018ca48762b0, Size=104, Default__BP_InGameGUI_C Function /Game/UI/Widgets/BP_InGameGUI.BP_InGameGUI_C:ExecuteUbergraph_BP_InGameGUI
[2018.05.27-10.52.58:654][472]LogUObjectGlobals: Destroyed PersistentFrame Addr=0x0000018ca48762b0, Size=104
[2018.05.27-10.52.58:654][472]LogUObjectGlobals: Created PersistentFrame Addr=0x0000018ca48762b0, Size=104, Default__BP_InGameGUI_C Function /Engine/Transient.REINST_BP_InGameGUI_C_0:ExecuteUbergraph_BP_InGameGUI
[2018.05.27-10.52.58:656][472]LogUObjectGlobals: Created PersistentFrame Addr=0x0000018c8fcb2e10, Size=104, Default__BP_InGameGUI_C Function /Game/UI/Widgets/BP_InGameGUI.BP_InGameGUI_C:ExecuteUbergraph_BP_InGameGUI
[2018.05.27-10.52.58:674][472]LogLoad: Game class is 'BP_FPSGameModeBase_C'
[2018.05.27-10.52.58:677][472]LogWorld: Bringing World /Game/Maps/UEDPIE_0_AITestMap.AITestMap up for play (max tick rate 0) at 2018.05.27-12.52.58
[2018.05.27-10.52.58:678][472]LogTemp: Warning: Run possess
[2018.05.27-10.52.58:678][472]LogWorld: Bringing up level for play took: 0.002629
[2018.05.27-10.52.58:682][472]LogContentBrowser: Native class hierarchy updated for 'MovieSceneCapture' in 0.0007 seconds. Added 11 classes and 0 folders.
[2018.05.27-10.52.59:009][472]LogStats: FPlatformStackWalk::StackWalkAndDump -  0.325 s
[2018.05.27-10.52.59:009][472]LogOutputDevice: Error: === Handled ensure: ===
[2018.05.27-10.52.59:009][472]LogOutputDevice: Error: 
[2018.05.27-10.52.59:009][472]LogOutputDevice: Error: Ensure condition failed: Component->HasBegunPlay() [File:D:\Build\++UE4+Release-4.19+Compile\Sync\Engine\Source\Runtime\Engine\Private\Actor.cpp] [Line: 3129]
[2018.05.27-10.52.59:009][472]LogOutputDevice: Error: Failed to route BeginPlay (SMG /Game/Maps/UEDPIE_0_AITestMap.AITestMap:PersistentLevel.BP_FPSPlayer_C_0.CurrentWeaponMesh)
[2018.05.27-10.52.59:009][472]LogOutputDevice: Error: Stack: 
[2018.05.27-10.52.59:009][472]LogOutputDevice: Error: [Callstack] 0x00000000FFEBB706 UE4Editor-Core.dll!UnknownFunction []
[2018.05.27-10.52.59:009][472]LogOutputDevice: Error: [Callstack] 0x00000000FFC1AE3A UE4Editor-Core.dll!UnknownFunction []
[2018.05.27-10.52.59:009][472]LogOutputDevice: Error: [Callstack] 0x00000000FFC2ECD6 UE4Editor-Core.dll!UnknownFunction []
[2018.05.27-10.52.59:009][472]LogOutputDevice: Error: [Callstack] 0x00000000F8D0A2D5 UE4Editor-Engine.dll!UnknownFunction []
[2018.05.27-10.52.59:009][472]LogOutputDevice: Error: [Callstack] 0x00000000E83496EF UE4Editor-FPS-7904.dll!AFPSPlayer::BeginPlay() [d:\sparetime\unreal\fps\fps\source\fps\fpsplayer.cpp:39]
[2018.05.27-10.52.59:009][472]LogOutputDevice: Error: [Callstack] 0x00000000F8D172FB UE4Editor-Engine.dll!UnknownFunction []
[2018.05.27-10.52.59:009][472]LogOutputDevice: Error: [Callstack] 0x00000000F9FCAE33 UE4Editor-Engine.dll!UnknownFunction []
[2018.05.27-10.52.59:009][472]LogOutputDevice: Error: [Callstack] 0x00000000F948F731 UE4Editor-Engine.dll!UnknownFunction []
[2018.05.27-10.52.59:009][472]LogOutputDevice: Error: [Callstack] 0x00000000F9FB414E UE4Editor-Engine.dll!UnknownFunction []
[2018.05.27-10.52.59:009][472]LogOutputDevice: Error: [Callstack] 0x00000000F94B443E UE4Editor-Engine.dll!UnknownFunction []
[2018.05.27-10.52.59:009][472]LogOutputDevice: Error: [Callstack] 0x00000000FD4727E0 UE4Editor-UnrealEd.dll!UnknownFunction []
[2018.05.27-10.52.59:009][472]LogOutputDevice: Error: [Callstack] 0x00000000FD491246 UE4Editor-UnrealEd.dll!UnknownFunction []
[2018.05.27-10.52.59:009][472]LogOutputDevice: Error: [Callstack] 0x00000000FD4ABBEF UE4Editor-UnrealEd.dll!UnknownFunction []
[2018.05.27-10.52.59:009][472]LogOutputDevice: Error: [Callstack] 0x00000000FCF1C961 UE4Editor-UnrealEd.dll!UnknownFunction []
[2018.05.27-10.52.59:009][472]LogOutputDevice: Error: [Callstack] 0x00000000FD7B9626 UE4Editor-UnrealEd.dll!UnknownFunction []
[2018.05.27-10.52.59:009][472]LogOutputDevice: Error: [Callstack] 0x00000000C3DF5EAC UE4Editor.exe!UnknownFunction []
[2018.05.27-10.52.59:009][472]LogOutputDevice: Error: [Callstack] 0x00000000C3E06BD0 UE4Editor.exe!UnknownFunction []
[2018.05.27-10.52.59:009][472]LogOutputDevice: Error: [Callstack] 0x00000000C3E06C4A UE4Editor.exe!UnknownFunction []
[2018.05.27-10.52.59:009][472]LogOutputDevice: Error: [Callstack] 0x00000000C3E14177 UE4Editor.exe!UnknownFunction []
[2018.05.27-10.52.59:009][472]LogOutputDevice: Error: [Callstack] 0x00000000C3E15B87 UE4Editor.exe!UnknownFunction []
[2018.05.27-10.52.59:009][472]LogOutputDevice: Error: [Callstack] 0x000000003E033034 KERNEL32.DLL!UnknownFunction []
[2018.05.27-10.52.59:009][472]LogOutputDevice: Error: [Callstack] 0x00000000408F1551 ntdll.dll!UnknownFunction []
[2018.05.27-10.52.59:009][472]LogOutputDevice: Error: 
[2018.05.27-10.52.59:011][472]LogStats:                SubmitErrorReport -  0.000 s
[2018.05.27-10.52.59:373][472]LogStats:                    SendNewReport -  0.362 s
[2018.05.27-10.52.59:373][472]LogStats:             FDebug::EnsureFailed -  0.690 s
[2018.05.27-10.52.59:374][472]PIE: Play in editor start time for /Game/Maps/UEDPIE_0_AITestMap 0.342
[2018.05.27-10.53.00:898][580]LogUObjectGlobals: Destroyed PersistentFrame Addr=0x0000018ca48762b0, Size=104
[2018.05.27-10.53.02:017][684]LogSlate: FSceneViewport::OnFocusLost() reason 0
[2018.05.27-10.53.02:990][760]LogSlate: Took 0.002701 seconds to synchronously load lazily loaded font '../../../Engine/Content/Slate/Fonts/Roboto-BoldCondensed.ttf' (158K)
[2018.05.27-10.53.21:877][764]LogContentBrowser: Native class hierarchy updated for 'BlueprintGraph' in 0.0010 seconds. Added 116 classes and 0 folders.
[2018.05.27-10.53.22:164][764]LogUObjectGlobals: Created PersistentFrame Addr=0x0000018caadda6f0, Size=4, Default__SKEL_PROTO_BP_AnimBlueprint_0_C Function /Engine/Transient.SKEL_PROTO_BP_AnimBlueprint_0_C:ExecuteUbergraph_PROTO_BP_AnimBlueprint_0
[2018.05.27-10.53.22:166][764]LogUObjectGlobals: Created PersistentFrame Addr=0x0000018caadda6e8, Size=4, Default__PROTO_BP_AnimBlueprint_0_C Function /Engine/Transient.PROTO_BP_AnimBlueprint_0_C:ExecuteUbergraph_PROTO_BP_AnimBlueprint_0
[2018.05.27-10.53.22:695][765]LogSlate: Took 0.002830 seconds to synchronously load lazily loaded font '../../../Engine/Content/Slate/Fonts/Roboto-Italic.ttf' (157K)
[2018.05.27-11.13.06:865][461]Candidate modules for hot reload:
[2018.05.27-11.13.06:865][461]  FPS
[2018.05.27-11.13.06:865][461]Launching UnrealBuildTool... [D:/Epic Games/UE_4.19/Engine/Binaries/DotNET/UnrealBuildTool.exe FPS -ModuleWithSuffix=FPS,9809 Win64 Development -editorrecompile -canskiplink "D:/SpareTime/Unreal/FPS/FPS/FPS.uproject" ]
[2018.05.27-11.13.06:871][461]Warning: Starting HotReload took  0.0s.
[2018.05.27-11.13.53:335][386]CompilerResultsLog: New page: Compilation - May 27, 2018, 3:13:53 PM
[2018.05.27-11.13.53:336][386]CompilerResultsLog: Using 'git status' to determine working set for adaptive non-unity build.
[2018.05.27-11.13.53:337][386]CompilerResultsLog: Creating makefile for hot reloading FPS (ini files are newer than UBTMakefile)
[2018.05.27-11.13.53:337][386]CompilerResultsLog: Compiling game modules for hot reload
[2018.05.27-11.13.53:337][386]CompilerResultsLog: Parsing headers for FPSEditor
[2018.05.27-11.13.53:337][386]CompilerResultsLog:   Running UnrealHeaderTool "D:\SpareTime\Unreal\FPS\FPS\FPS.uproject" "D:\SpareTime\Unreal\FPS\FPS\Intermediate\Build\Win64\FPSEditor\Development\FPSEditor.uhtmanifest" -LogCmds="loginit warning, logexit warning, logdatabase error" -Unattended -WarningsAsErrors -installed
[2018.05.27-11.13.53:337][386]CompilerResultsLog: Reflection code generated for FPSEditor in 19.006667 seconds
[2018.05.27-11.13.53:337][386]CompilerResultsLog: Performing 5 actions (4 in parallel)
[2018.05.27-11.13.53:337][386]CompilerResultsLog: RapidMoveTo.cpp
[2018.05.27-11.13.53:337][386]CompilerResultsLog: RapidMoveTo.gen.cpp
[2018.05.27-11.13.53:337][386]CompilerResultsLog: FPS.init.gen.cpp
[2018.05.27-11.13.53:337][386]CompilerResultsLog: Error: d:\sparetime\unreal\fps\fps\source\fps\rapidmoveto.cpp(16)  : error C4716: 'URapidMoveTo::ExecuteTask': must return a value
[2018.05.27-11.13.53:337][386]CompilerResultsLog: ERROR: UBT ERROR: Failed to produce item: D:\SpareTime\Unreal\FPS\FPS\Binaries\Win64\UE4Editor-FPS-9809.dll
[2018.05.27-11.13.53:337][386]CompilerResultsLog: Total build time: 46.07 seconds (Local executor: 0.00 seconds)
[2018.05.27-11.13.53:338][386]LogMainFrame: MainFrame: Module compiling took 46.485 seconds
[2018.05.27-11.13.53:338][386]Warning: HotReload failed, recompile failed
[2018.05.27-11.14.32:400][344]Candidate modules for hot reload:
[2018.05.27-11.14.32:400][344]  FPS
[2018.05.27-11.14.32:400][344]Launching UnrealBuildTool... [D:/Epic Games/UE_4.19/Engine/Binaries/DotNET/UnrealBuildTool.exe FPS -ModuleWithSuffix=FPS,8409 Win64 Development -editorrecompile -canskiplink "D:/SpareTime/Unreal/FPS/FPS/FPS.uproject" ]
[2018.05.27-11.14.32:406][344]Warning: Starting HotReload took  0.0s.
[2018.05.27-11.14.39:193][913]CompilerResultsLog: New page: Compilation - May 27, 2018, 3:14:39 PM
[2018.05.27-11.14.39:193][913]CompilerResultsLog: Using 'git status' to determine working set for adaptive non-unity build.
[2018.05.27-11.14.39:193][913]CompilerResultsLog: Compiling game modules for hot reload
[2018.05.27-11.14.39:193][913]CompilerResultsLog: Performing 3 actions (4 in parallel)
[2018.05.27-11.14.39:193][913]CompilerResultsLog: RapidMoveTo.cpp
[2018.05.27-11.14.39:193][913]CompilerResultsLog: [2/3] Link UE4Editor-FPS-8409.dll
[2018.05.27-11.14.39:193][913]CompilerResultsLog: [3/3] Link UE4Editor-FPS-8409.lib
[2018.05.27-11.14.39:193][913]CompilerResultsLog:    Creating library D:\SpareTime\Unreal\FPS\FPS\Intermediate\Build\Win64\UE4Editor\Development\UE4Editor-FPS-8409.lib and object D:\SpareTime\Unreal\FPS\FPS\Intermediate\Build\Win64\UE4Editor\Development\UE4Editor-FPS-8409.exp
[2018.05.27-11.14.39:193][913]CompilerResultsLog:    Creating library D:\SpareTime\Unreal\FPS\FPS\Intermediate\Build\Win64\UE4Editor\Development\UE4Editor-FPS-8409.suppressed.lib and object D:\SpareTime\Unreal\FPS\FPS\Intermediate\Build\Win64\UE4Editor\Development\UE4Editor-FPS-8409.suppressed.exp
[2018.05.27-11.14.39:193][913]CompilerResultsLog: Total build time: 6.45 seconds (Local executor: 5.55 seconds)
[2018.05.27-11.14.39:193][913]LogMainFrame: MainFrame: Module compiling took 6.797 seconds
[2018.05.27-11.14.39:254][913]LogClass: Could not find existing class RapidMoveTo in package /Script/FPS for HotReload, assuming new class
[2018.05.27-11.14.39:267][913]LogHotReload: Re-instancing RapidMoveTo after hot-reload.
[2018.05.27-11.14.39:371][913]LogContentBrowser: Native class hierarchy updated for 'FPS' in 0.0006 seconds. Added 10 classes and 2 folders.
[2018.05.27-11.14.39:375][913]Display: HotReload successful (3 functions remapped  0 scriptstructs remapped)
[2018.05.27-11.14.39:753][913]LogContentBrowser: Native class hierarchy populated in 0.0126 seconds. Added 2463 classes and 562 folders.
[2018.05.27-11.14.39:754][913]Display: HotReload took  7.4s.
[2018.05.27-11.14.41:609][ 61]LogTemp: Repeating last play command: Selected Viewport
[2018.05.27-11.14.41:672][ 61]LogPlayLevel: PlayLevel: No blueprints needed recompiling
[2018.05.27-11.14.41:672][ 61]PIE: New page: PIE session: AITestMap (May 27, 2018, 3:14:41 PM)
[2018.05.27-11.14.41:672][ 61]LogPlayLevel: Creating play world package: /Game/Maps/UEDPIE_0_AITestMap
[2018.05.27-11.14.41:676][ 61]LogPlayLevel: PIE: StaticDuplicateObject took: (0.003349s)
[2018.05.27-11.14.41:676][ 61]LogAIModule: Creating AISystem for world AITestMap
[2018.05.27-11.14.41:677][ 61]LogPlayLevel: PIE: World Init took: (0.000749s)
[2018.05.27-11.14.41:677][ 61]LogPlayLevel: PIE: Created PIE world by copying editor world from /Game/Maps/AITestMap.AITestMap to /Game/Maps/UEDPIE_0_AITestMap.AITestMap (0.004424s)
[2018.05.27-11.14.41:723][ 61]LogInit: XAudio2 using 'Luidsprekers (Conexant SmartAudio HD)' : 2 channels at 48 kHz using 32 bits per sample (channel mask 0x3)
[2018.05.27-11.14.41:757][ 61]LogInit: FAudioDevice initialized.
[2018.05.27-11.14.41:791][ 61]LogLoad: Game class is 'BP_FPSGameModeBase_C'
[2018.05.27-11.14.41:793][ 61]LogWorld: Bringing World /Game/Maps/UEDPIE_0_AITestMap.AITestMap up for play (max tick rate 0) at 2018.05.27-13.14.41
[2018.05.27-11.14.41:798][ 61]LogTemp: Warning: Run possess
[2018.05.27-11.14.41:798][ 61]LogWorld: Bringing up level for play took: 0.005920
[2018.05.27-11.14.41:800][ 61]PIE: Play in editor start time for /Game/Maps/UEDPIE_0_AITestMap 0.768
[2018.05.27-11.14.44:064][214]LogSlate: FSceneViewport::OnFocusLost() reason 0
[2018.05.27-11.15.10:802][366]Cmd: OBJ SAVEPACKAGE PACKAGE="/Game/TEMP/FollowerBT" FILE="../../../../../SpareTime/Unreal/FPS/FPS/Content/TEMP/FollowerBT.uasset" SILENT=true
[2018.05.27-11.15.10:860][366]LogSavePackage: Save=21.77ms
[2018.05.27-11.15.10:860][366]LogSavePackage: Moving '../../../../../SpareTime/Unreal/FPS/FPS/Saved/FollowerBT280A93C242F09257E16080ABDFC944B6.tmp' to '../../../../../SpareTime/Unreal/FPS/FPS/Content/TEMP/FollowerBT.uasset'
[2018.05.27-11.15.10:866][366]LogSavePackage: Display: Finished SavePackage ../../../../../SpareTime/Unreal/FPS/FPS/Content/TEMP/FollowerBT.uasset
[2018.05.27-11.15.13:934][668]Candidate modules for hot reload:
[2018.05.27-11.15.13:934][668]  FPS
[2018.05.27-11.15.13:934][668]Launching UnrealBuildTool... [D:/Epic Games/UE_4.19/Engine/Binaries/DotNET/UnrealBuildTool.exe FPS -ModuleWithSuffix=FPS,3248 Win64 Development -editorrecompile -canskiplink "D:/SpareTime/Unreal/FPS/FPS/FPS.uproject" ]
[2018.05.27-11.15.13:938][668]Warning: Starting HotReload took  0.0s.
[2018.05.27-11.15.15:105][761]CompilerResultsLog: New page: Compilation - May 27, 2018, 3:15:15 PM
[2018.05.27-11.15.15:105][761]CompilerResultsLog: Using 'git status' to determine working set for adaptive non-unity build.
[2018.05.27-11.15.15:105][761]CompilerResultsLog: Compiling game modules for hot reload
[2018.05.27-11.15.15:105][761]CompilerResultsLog: Target is up to date
[2018.05.27-11.15.15:105][761]CompilerResultsLog: Total build time: 0.83 seconds (NoActionsToExecute executor: 0.00 seconds)
[2018.05.27-11.15.15:105][761]LogMainFrame: MainFrame: Module compiling took 1.177 seconds
[2018.05.27-11.15.15:394][761]LogContentBrowser: Native class hierarchy populated in 0.0094 seconds. Added 2463 classes and 562 folders.
[2018.05.27-11.15.15:394][761]Display: HotReload took  1.5s.
[2018.05.27-11.15.16:260][824]LogTemp: Repeating last play command: Selected Viewport
[2018.05.27-11.15.16:290][824]LogPlayLevel: PlayLevel: No blueprints needed recompiling
[2018.05.27-11.15.16:291][824]PIE: New page: PIE session: AITestMap (May 27, 2018, 3:15:16 PM)
[2018.05.27-11.15.16:291][824]LogPlayLevel: Creating play world package: /Game/Maps/UEDPIE_0_AITestMap
[2018.05.27-11.15.16:293][824]LogPlayLevel: PIE: StaticDuplicateObject took: (0.002108s)
[2018.05.27-11.15.16:294][824]LogAIModule: Creating AISystem for world AITestMap
[2018.05.27-11.15.16:294][824]LogPlayLevel: PIE: World Init took: (0.000792s)
[2018.05.27-11.15.16:294][824]LogPlayLevel: PIE: Created PIE world by copying editor world from /Game/Maps/AITestMap.AITestMap to /Game/Maps/UEDPIE_0_AITestMap.AITestMap (0.003087s)
[2018.05.27-11.15.16:361][824]LogInit: XAudio2 using 'Luidsprekers (Conexant SmartAudio HD)' : 2 channels at 48 kHz using 32 bits per sample (channel mask 0x3)
[2018.05.27-11.15.16:392][824]LogInit: FAudioDevice initialized.
[2018.05.27-11.15.16:429][824]LogLoad: Game class is 'BP_FPSGameModeBase_C'
[2018.05.27-11.15.16:431][824]LogWorld: Bringing World /Game/Maps/UEDPIE_0_AITestMap.AITestMap up for play (max tick rate 0) at 2018.05.27-13.15.16
[2018.05.27-11.15.16:433][824]LogTemp: Warning: Run possess
[2018.05.27-11.15.16:433][824]LogWorld: Bringing up level for play took: 0.002931
[2018.05.27-11.15.16:435][824]PIE: Play in editor start time for /Game/Maps/UEDPIE_0_AITestMap -0.597
[2018.05.27-11.15.53:128][ 69]LogSlate: FSceneViewport::OnFocusLost() reason 2
[2018.05.27-11.18.51:019][188]Running D:/Epic Games/UE_4.19/Engine/Binaries/DotNET/UnrealBuildTool.exe FPS Win64 Development -editorrecompile "D:/SpareTime/Unreal/FPS/FPS/FPS.uproject" -invalidatemakefilesonly
[2018.05.27-11.18.51:351][188]Invalidating makefiles only in this run.
[2018.05.27-11.18.51:669][188]Candidate modules for hot reload:
[2018.05.27-11.18.51:669][188]  FPS
[2018.05.27-11.18.51:669][188]Launching UnrealBuildTool... [D:/Epic Games/UE_4.19/Engine/Binaries/DotNET/UnrealBuildTool.exe FPS -ModuleWithSuffix=FPS,5817 Win64 Development -editorrecompile -canskiplink "D:/SpareTime/Unreal/FPS/FPS/FPS.uproject" ]
[2018.05.27-11.19.09:454][188]CompilerResultsLog: New page: Compilation - May 27, 2018, 3:19:09 PM
[2018.05.27-11.19.09:454][188]CompilerResultsLog: Using 'git status' to determine working set for adaptive non-unity build.
[2018.05.27-11.19.09:454][188]CompilerResultsLog: Creating makefile for hot reloading FPS (no existing makefile)
[2018.05.27-11.19.09:454][188]CompilerResultsLog: Compiling game modules for hot reload
[2018.05.27-11.19.09:454][188]CompilerResultsLog: Parsing headers for FPSEditor
[2018.05.27-11.19.09:454][188]CompilerResultsLog:   Running UnrealHeaderTool "D:\SpareTime\Unreal\FPS\FPS\FPS.uproject" "D:\SpareTime\Unreal\FPS\FPS\Intermediate\Build\Win64\FPSEditor\Development\FPSEditor.uhtmanifest" -LogCmds="loginit warning, logexit warning, logdatabase error" -Unattended -WarningsAsErrors -installed
[2018.05.27-11.19.09:454][188]CompilerResultsLog: Reflection code generated for FPSEditor in 9.3672143 seconds
[2018.05.27-11.19.09:454][188]CompilerResultsLog: Performing 5 actions (4 in parallel)
[2018.05.27-11.19.09:454][188]CompilerResultsLog: CloseEnough.cpp
[2018.05.27-11.19.09:454][188]CompilerResultsLog: FPS.init.gen.cpp
[2018.05.27-11.19.09:454][188]CompilerResultsLog: CloseEnough.gen.cpp
[2018.05.27-11.19.09:454][188]CompilerResultsLog: [4/5] Link UE4Editor-FPS-5817.dll
[2018.05.27-11.19.09:454][188]CompilerResultsLog: [5/5] Link UE4Editor-FPS-5817.lib
[2018.05.27-11.19.09:454][188]CompilerResultsLog:    Creating library D:\SpareTime\Unreal\FPS\FPS\Intermediate\Build\Win64\UE4Editor\Development\UE4Editor-FPS-5817.lib and object D:\SpareTime\Unreal\FPS\FPS\Intermediate\Build\Win64\UE4Editor\Development\UE4Editor-FPS-5817.exp
[2018.05.27-11.19.09:454][188]CompilerResultsLog:    Creating library D:\SpareTime\Unreal\FPS\FPS\Intermediate\Build\Win64\UE4Editor\Development\UE4Editor-FPS-5817.suppressed.lib and object D:\SpareTime\Unreal\FPS\FPS\Intermediate\Build\Win64\UE4Editor\Development\UE4Editor-FPS-5817.suppressed.exp
[2018.05.27-11.19.09:454][188]CompilerResultsLog: Total build time: 17.51 seconds (Local executor: 2.73 seconds)
[2018.05.27-11.19.09:454][188]LogMainFrame: MainFrame: Module compiling took 17.790 seconds
[2018.05.27-11.19.09:529][188]LogClass: Could not find existing class CloseEnough in package /Script/FPS for HotReload, assuming new class
[2018.05.27-11.19.09:554][188]LogContentBrowser: Native class hierarchy updated for 'FPS' in 0.0010 seconds. Added 11 classes and 2 folders.
[2018.05.27-11.19.09:560][188]Display: HotReload successful (3 functions remapped  0 scriptstructs remapped)
[2018.05.27-11.19.09:951][188]LogContentBrowser: Native class hierarchy populated in 0.0150 seconds. Added 2464 classes and 562 folders.
[2018.05.27-11.19.09:951][188]Display: HotReload took 18.5s.
[2018.05.27-11.19.09:952][188]Warning: HotReload operation took 18.5s.
[2018.05.27-11.19.10:509][188]LogSlate: Window 'Add C++ Class' being destroyed
[2018.05.27-11.19.10:522][188]LogHotReload: New module detected: UE4Editor-FPS-5817.dll
[2018.05.27-11.19.10:604][189]LogHotReload: Starting Hot-Reload from IDE
[2018.05.27-11.19.10:701][189]LogContentBrowser: Native class hierarchy updated for 'FPS' in 0.0011 seconds. Added 11 classes and 2 folders.
[2018.05.27-11.19.10:706][189]Display: HotReload successful (0 functions remapped  0 scriptstructs remapped)
[2018.05.27-11.19.11:102][189]LogContentBrowser: Native class hierarchy populated in 0.0165 seconds. Added 2464 classes and 562 folders.
[2018.05.27-11.19.11:107][189]Display: HotReload took  0.5s.
[2018.05.27-18.43.42:817][527]Candidate modules for hot reload:
[2018.05.27-18.43.42:817][527]  FPS
[2018.05.27-18.43.42:817][527]Launching UnrealBuildTool... [D:/Epic Games/UE_4.19/Engine/Binaries/DotNET/UnrealBuildTool.exe FPS -ModuleWithSuffix=FPS,6455 Win64 Development -editorrecompile -canskiplink "D:/SpareTime/Unreal/FPS/FPS/FPS.uproject" ]
[2018.05.27-18.43.42:829][527]Warning: Starting HotReload took  0.0s.
[2018.05.27-18.44.35:299][767]CompilerResultsLog: New page: Compilation - May 27, 2018, 10:44:35 PM
[2018.05.27-18.44.35:300][767]CompilerResultsLog: Using 'git status' to determine working set for adaptive non-unity build.
[2018.05.27-18.44.35:300][767]CompilerResultsLog: Creating makefile for hot reloading FPS (modules to compile have changed)
[2018.05.27-18.44.35:300][767]CompilerResultsLog: Compiling game modules for hot reload
[2018.05.27-18.44.35:300][767]CompilerResultsLog: Parsing headers for FPSEditor
[2018.05.27-18.44.35:300][767]CompilerResultsLog:   Running UnrealHeaderTool "D:\SpareTime\Unreal\FPS\FPS\FPS.uproject" "D:\SpareTime\Unreal\FPS\FPS\Intermediate\Build\Win64\FPSEditor\Development\FPSEditor.uhtmanifest" -LogCmds="loginit warning, logexit warning, logdatabase error" -Unattended -WarningsAsErrors -installed
[2018.05.27-18.44.35:300][767]CompilerResultsLog: Reflection code generated for FPSEditor in 18.7632882 seconds
[2018.05.27-18.44.35:300][767]CompilerResultsLog: Performing 4 actions (4 in parallel)
[2018.05.27-18.44.35:300][767]CompilerResultsLog: CloseEnough.cpp
[2018.05.27-18.44.35:300][767]CompilerResultsLog: CloseEnough.gen.cpp
[2018.05.27-18.44.35:300][767]CompilerResultsLog: [3/4] Link UE4Editor-FPS-6455.dll
[2018.05.27-18.44.35:300][767]CompilerResultsLog: [4/4] Link UE4Editor-FPS-6455.lib
[2018.05.27-18.44.35:300][767]CompilerResultsLog:    Creating library D:\SpareTime\Unreal\FPS\FPS\Intermediate\Build\Win64\UE4Editor\Development\UE4Editor-FPS-6455.lib and object D:\SpareTime\Unreal\FPS\FPS\Intermediate\Build\Win64\UE4Editor\Development\UE4Editor-FPS-6455.exp
[2018.05.27-18.44.35:300][767]CompilerResultsLog:    Creating library D:\SpareTime\Unreal\FPS\FPS\Intermediate\Build\Win64\UE4Editor\Development\UE4Editor-FPS-6455.suppressed.lib and object D:\SpareTime\Unreal\FPS\FPS\Intermediate\Build\Win64\UE4Editor\Development\UE4Editor-FPS-6455.suppressed.exp
[2018.05.27-18.44.35:300][767]CompilerResultsLog: Total build time: 52.06 seconds (Local executor: 17.95 seconds)
[2018.05.27-18.44.35:300][767]LogMainFrame: MainFrame: Module compiling took 52.489 seconds
[2018.05.27-18.44.35:486][767]LogClass: Could not find existing class CloseEnough in package /Script/FPS for HotReload, assuming new class
[2018.05.27-18.44.35:509][767]LogHotReload: Re-instancing CloseEnough after hot-reload.
[2018.05.27-18.44.35:660][767]LogContentBrowser: Native class hierarchy updated for 'FPS' in 0.0012 seconds. Added 11 classes and 2 folders.
[2018.05.27-18.44.35:664][767]Display: HotReload successful (3 functions remapped  0 scriptstructs remapped)
[2018.05.27-18.44.36:140][767]LogContentBrowser: Native class hierarchy populated in 0.0136 seconds. Added 2464 classes and 562 folders.
[2018.05.27-18.44.36:141][767]Display: HotReload took 53.4s.
[2018.05.27-18.44.51:042][247]Candidate modules for hot reload:
[2018.05.27-18.44.51:042][247]  FPS
[2018.05.27-18.44.51:042][247]Launching UnrealBuildTool... [D:/Epic Games/UE_4.19/Engine/Binaries/DotNET/UnrealBuildTool.exe FPS -ModuleWithSuffix=FPS,7448 Win64 Development -editorrecompile -canskiplink "D:/SpareTime/Unreal/FPS/FPS/FPS.uproject" ]
[2018.05.27-18.44.51:047][247]Warning: Starting HotReload took  0.0s.
[2018.05.27-18.45.17:217][319]CompilerResultsLog: New page: Compilation - May 27, 2018, 10:45:17 PM
[2018.05.27-18.45.17:217][319]CompilerResultsLog: Using 'git status' to determine working set for adaptive non-unity build.
[2018.05.27-18.45.17:217][319]CompilerResultsLog: Compiling game modules for hot reload
[2018.05.27-18.45.17:217][319]CompilerResultsLog: Parsing headers for FPSEditor
[2018.05.27-18.45.17:217][319]CompilerResultsLog:   Running UnrealHeaderTool "D:\SpareTime\Unreal\FPS\FPS\FPS.uproject" "D:\SpareTime\Unreal\FPS\FPS\Intermediate\Build\Win64\FPSEditor\Development\FPSEditor.uhtmanifest" -LogCmds="loginit warning, logexit warning, logdatabase error" -Unattended -WarningsAsErrors -installed
[2018.05.27-18.45.17:217][319]CompilerResultsLog: Reflection code generated for FPSEditor in 18.9264142 seconds
[2018.05.27-18.45.17:217][319]CompilerResultsLog: Performing 5 actions (4 in parallel)
[2018.05.27-18.45.17:217][319]CompilerResultsLog: FPS.init.gen.cpp
[2018.05.27-18.45.17:217][319]CompilerResultsLog: CloseEnough.gen.cpp
[2018.05.27-18.45.17:217][319]CompilerResultsLog: CloseEnough.cpp
[2018.05.27-18.45.17:217][319]CompilerResultsLog: [4/5] Link UE4Editor-FPS-7448.dll
[2018.05.27-18.45.17:217][319]CompilerResultsLog: [5/5] Link UE4Editor-FPS-7448.lib
[2018.05.27-18.45.17:217][319]CompilerResultsLog:    Creating library D:\SpareTime\Unreal\FPS\FPS\Intermediate\Build\Win64\UE4Editor\Development\UE4Editor-FPS-7448.lib and object D:\SpareTime\Unreal\FPS\FPS\Intermediate\Build\Win64\UE4Editor\Development\UE4Editor-FPS-7448.exp
[2018.05.27-18.45.17:217][319]CompilerResultsLog:    Creating library D:\SpareTime\Unreal\FPS\FPS\Intermediate\Build\Win64\UE4Editor\Development\UE4Editor-FPS-7448.suppressed.lib and object D:\SpareTime\Unreal\FPS\FPS\Intermediate\Build\Win64\UE4Editor\Development\UE4Editor-FPS-7448.suppressed.exp
[2018.05.27-18.45.17:217][319]CompilerResultsLog: Total build time: 25.80 seconds (Local executor: 5.86 seconds)
[2018.05.27-18.45.17:217][319]LogMainFrame: MainFrame: Module compiling took 26.182 seconds
[2018.05.27-18.45.17:363][319]LogClass: Could not find existing class CloseEnough in package /Script/FPS for HotReload, assuming new class
[2018.05.27-18.45.17:386][319]LogHotReload: Re-instancing CloseEnough after hot-reload.
[2018.05.27-18.45.17:497][319]LogContentBrowser: Native class hierarchy updated for 'FPS' in 0.0007 seconds. Added 11 classes and 2 folders.
[2018.05.27-18.45.17:502][319]Display: HotReload successful (3 functions remapped  0 scriptstructs remapped)
[2018.05.27-18.45.17:869][319]LogContentBrowser: Native class hierarchy populated in 0.0105 seconds. Added 2464 classes and 562 folders.
[2018.05.27-18.45.17:869][319]Display: HotReload took 26.8s.
[2018.05.27-18.45.55:582][625]Cmd: OBJ SAVEPACKAGE PACKAGE="/Game/TEMP/FollowerBT" FILE="../../../../../SpareTime/Unreal/FPS/FPS/Content/TEMP/FollowerBT.uasset" SILENT=true
[2018.05.27-18.45.55:648][625]LogSavePackage: Save=31.81ms
[2018.05.27-18.45.55:648][625]LogSavePackage: Moving '../../../../../SpareTime/Unreal/FPS/FPS/Saved/FollowerBTBBC7D2B1453A0D531BAE469F9D8AEBDF.tmp' to '../../../../../SpareTime/Unreal/FPS/FPS/Content/TEMP/FollowerBT.uasset'
[2018.05.27-18.45.55:666][625]LogSavePackage: Display: Finished SavePackage ../../../../../SpareTime/Unreal/FPS/FPS/Content/TEMP/FollowerBT.uasset
[2018.05.27-18.45.57:521][802]LogTemp: Repeating last play command: Selected Viewport
[2018.05.27-18.45.57:607][802]LogPlayLevel: PlayLevel: No blueprints needed recompiling
[2018.05.27-18.45.57:614][802]PIE: New page: PIE session: AITestMap (May 27, 2018, 10:45:57 PM)
[2018.05.27-18.45.57:619][802]LogPlayLevel: Creating play world package: /Game/Maps/UEDPIE_0_AITestMap
[2018.05.27-18.45.57:760][802]LogPlayLevel: PIE: StaticDuplicateObject took: (0.139944s)
[2018.05.27-18.45.57:848][802]LogAIModule: Creating AISystem for world AITestMap
[2018.05.27-18.45.57:866][802]LogPlayLevel: PIE: World Init took: (0.105688s)
[2018.05.27-18.45.57:867][802]LogPlayLevel: PIE: Created PIE world by copying editor world from /Game/Maps/AITestMap.AITestMap to /Game/Maps/UEDPIE_0_AITestMap.AITestMap (0.248878s)
[2018.05.27-18.45.57:969][802]LogInit: XAudio2 using 'Luidsprekers (Conexant SmartAudio HD)' : 2 channels at 48 kHz using 32 bits per sample (channel mask 0x3)
[2018.05.27-18.45.58:012][802]LogInit: FAudioDevice initialized.
[2018.05.27-18.45.58:091][802]LogLoad: Game class is 'BP_FPSGameModeBase_C'
[2018.05.27-18.45.58:157][802]LogWorld: Bringing World /Game/Maps/UEDPIE_0_AITestMap.AITestMap up for play (max tick rate 0) at 2018.05.27-20.45.58
[2018.05.27-18.45.58:189][802]LogTemp: Warning: Run possess
[2018.05.27-18.45.58:191][802]LogWorld: Bringing up level for play took: 0.082978
[2018.05.27-18.45.58:298][802]PIE: Play in editor start time for /Game/Maps/UEDPIE_0_AITestMap 1.294
[2018.05.27-18.46.00:482][802]LogWindows: Error: === Critical error: ===
[2018.05.27-18.46.00:483][802]LogWindows: Error: 
[2018.05.27-18.46.00:483][802]LogWindows: Error: Unhandled Exception: EXCEPTION_ACCESS_VIOLATION reading address 0x00000108
[2018.05.27-18.46.00:483][802]LogWindows: Error: 
[2018.05.27-18.46.00:483][802]LogWindows: Error: [Callstack] 0x00000000F87C4F39 UE4Editor-AIModule.dll!UnknownFunction []
[2018.05.27-18.46.00:483][802]LogWindows: Error: [Callstack] 0x000000000CB67D67 UE4Editor-FPS-7448.dll!UCloseEnough::CalculateRawConditionValue() [d:\sparetime\unreal\fps\fps\source\fps\closeenough.cpp:16]
[2018.05.27-18.46.00:483][802]LogWindows: Error: [Callstack] 0x00000000F87F4DC3 UE4Editor-AIModule.dll!UnknownFunction []
[2018.05.27-18.46.00:483][802]LogWindows: Error: [Callstack] 0x00000000F87B597E UE4Editor-AIModule.dll!UnknownFunction []
[2018.05.27-18.46.00:483][802]LogWindows: Error: [Callstack] 0x00000000F87B923E UE4Editor-AIModule.dll!UnknownFunction []
[2018.05.27-18.46.00:483][802]LogWindows: Error: [Callstack] 0x00000000F87D5E30 UE4Editor-AIModule.dll!UnknownFunction []
[2018.05.27-18.46.00:483][802]LogWindows: Error: [Callstack] 0x00000000F87EF600 UE4Editor-AIModule.dll!UnknownFunction []
[2018.05.27-18.46.00:483][802]LogWindows: Error: [Callstack] 0x00000000F911D828 UE4Editor-Engine.dll!UnknownFunction []
[2018.05.27-18.46.00:483][802]LogWindows: Error: [Callstack] 0x00000000F9150394 UE4Editor-Engine.dll!UnknownFunction []
[2018.05.27-18.46.00:483][802]LogWindows: Error: [Callstack] 0x00000000F9E270BB UE4Editor-Engine.dll!UnknownFunction []
[2018.05.27-18.46.00:483][802]LogWindows: Error: [Callstack] 0x00000000F9E2C793 UE4Editor-Engine.dll!UnknownFunction []
[2018.05.27-18.46.00:483][802]LogWindows: Error: [Callstack] 0x00000000FFAEB713 UE4Editor-Core.dll!UnknownFunction []
[2018.05.27-18.46.00:483][802]LogWindows: Error: [Callstack] 0x00000000FFAEBA50 UE4Editor-Core.dll!UnknownFunction []
[2018.05.27-18.46.00:483][802]LogWindows: Error: [Callstack] 0x00000000F9E4D4E5 UE4Editor-Engine.dll!UnknownFunction []
[2018.05.27-18.46.00:483][802]LogWindows: Error: [Callstack] 0x00000000F9E53292 UE4Editor-Engine.dll!UnknownFunction []
[2018.05.27-18.46.00:483][802]LogWindows: Error: [Callstack] 0x00000000F96AC304 UE4Editor-Engine.dll!UnknownFunction []
[2018.05.27-18.46.00:483][802]LogWindows: Error: [Callstack] 0x00000000F96B7829 UE4Editor-Engine.dll!UnknownFunction []
[2018.05.27-18.46.00:483][802]LogWindows: Error: [Callstack] 0x00000000FCF1D781 UE4Editor-UnrealEd.dll!UnknownFunction []
[2018.05.27-18.46.00:483][802]LogWindows: Error: [Callstack] 0x00000000FD7B9626 UE4Editor-UnrealEd.dll!UnknownFunction []
[2018.05.27-18.46.00:483][802]LogWindows: Error: [Callstack] 0x00000000C3DF5EAC UE4Editor.exe!UnknownFunction []
[2018.05.27-18.46.00:483][802]LogWindows: Error: [Callstack] 0x00000000C3E06BD0 UE4Editor.exe!UnknownFunction []
[2018.05.27-18.46.00:483][802]LogWindows: Error: [Callstack] 0x00000000C3E06C4A UE4Editor.exe!UnknownFunction []
[2018.05.27-18.46.00:483][802]LogWindows: Error: [Callstack] 0x00000000C3E14177 UE4Editor.exe!UnknownFunction []
[2018.05.27-18.46.00:483][802]LogWindows: Error: [Callstack] 0x00000000C3E15B87 UE4Editor.exe!UnknownFunction []
[2018.05.27-18.46.00:483][802]LogWindows: Error: [Callstack] 0x000000003E033034 KERNEL32.DLL!UnknownFunction []
[2018.05.27-18.46.00:483][802]LogWindows: Error: [Callstack] 0x00000000408F1551 ntdll.dll!UnknownFunction []
[2018.05.27-18.46.00:483][802]LogWindows: Error: [Callstack] 0x00000000408F1551 ntdll.dll!UnknownFunction []
[2018.05.27-18.46.00:483][802]LogWindows: Error: 
[2018.05.27-18.46.00:528][802]LogExit: Executing StaticShutdownAfterError
[2018.05.27-18.46.00:754][802]LogWindows: FPlatformMisc::RequestExit(1)
[2018.05.27-18.46.00:755][802]Log file closed, 05/27/18 20:46:00
