"../../../Engine/Content/EngineMeshes/Humanoid.uasset" 0
"../../../../../SpareTime/Unreal/FPS/FPS/Content/Animations/AnimStarterPack/UE4_Mannequin/Mesh/UE4_Mannequin_Skeleton.uasset" 1
"../../../../../SpareTime/Unreal/FPS/FPS/Content/Animations/AnimStarterPack/Idle_Rifle_Ironsights.uasset" 2
"../../../../../SpareTime/Unreal/FPS/FPS/Content/Animations/AnimStarterPack/Jog_Fwd_Rifle.uasset" 3
"../../../../../SpareTime/Unreal/FPS/FPS/Content/Animations/AnimStarterPack/Walk_Fwd_Rifle_Ironsights.uasset" 4
"../../../../../SpareTime/Unreal/FPS/FPS/Content/Animations/AI/Aware/BS_AwareAI.uasset" 5
"../../../../../SpareTime/Unreal/FPS/FPS/Content/Models/Enemy/Soldier_Skeleton.uasset" 6
"../../../../../SpareTime/Unreal/FPS/FPS/Content/Animations/AI/Old/Soldier_idle.uasset" 7
"../../../../../SpareTime/Unreal/FPS/FPS/Content/Animations/AI/Old/Soldier_run.uasset" 8
"../../../../../SpareTime/Unreal/FPS/FPS/Content/Animations/AI/Old/Soldier_walk.uasset" 9
"../../../../../SpareTime/Unreal/FPS/FPS/Content/Animations/AI/Old/BS_Walking.uasset" 10
"../../../../../SpareTime/Unreal/FPS/FPS/Content/Animations/AI/Old/BP_AssualtUnitAnimation.uasset" 11
"../../../../../SpareTime/Unreal/FPS/FPS/Content/Animations/AI/Old/Soldier_crouchidle.uasset" 12
"../../../../../SpareTime/Unreal/FPS/FPS/Content/Animations/AI/Old/Soldier_crouchstrafeleft.uasset" 13
"../../../../../SpareTime/Unreal/FPS/FPS/Content/Animations/AI/Old/Soldier_crouchstraferight.uasset" 14
"../../../../../SpareTime/Unreal/FPS/FPS/Content/Animations/AI/Old/Soldier_crouchwalk.uasset" 15
"../../../../../SpareTime/Unreal/FPS/FPS/Content/Animations/AI/Old/Soldier_idle2.uasset" 16
"../../../../../SpareTime/Unreal/FPS/FPS/Content/Animations/AI/Old/Soldier_jump.uasset" 17
"../../../../../SpareTime/Unreal/FPS/FPS/Content/Animations/AI/Old/Soldier_shoot.uasset" 18
"../../../../../SpareTime/Unreal/FPS/FPS/Content/Animations/AI/Old/Soldier_shoot_FBX.uasset" 19
"../../../../../SpareTime/Unreal/FPS/FPS/Content/Animations/AI/Old/Soldier_strafeleft.uasset" 20
"../../../../../SpareTime/Unreal/FPS/FPS/Content/Animations/AI/Old/Soldier_straferight.uasset" 21
"../../../../../SpareTime/Unreal/FPS/FPS/Content/Animations/AnimStarterPack/Aim_Space_Hip.uasset" 22
"../../../../../SpareTime/Unreal/FPS/FPS/Content/Animations/AnimStarterPack/Crouch_to_Stand_Rifle_Hip.uasset" 23
"../../../../../SpareTime/Unreal/FPS/FPS/Content/Animations/AnimStarterPack/Crouch_to_Stand_Rifle_Ironsights.uasset" 24
"../../../../../SpareTime/Unreal/FPS/FPS/Content/Animations/AnimStarterPack/Crouch_Walk_Bwd_Rifle_Ironsights.uasset" 25
"../../../../../SpareTime/Unreal/FPS/FPS/Content/Animations/AnimStarterPack/Crouch_Walk_Lt_Rifle_Ironsights.uasset" 26
"../../../../../SpareTime/Unreal/FPS/FPS/Content/Animations/AnimStarterPack/Crouch_Walk_Rt_Rifle_Ironsights.uasset" 27
"../../../../../SpareTime/Unreal/FPS/FPS/Content/Animations/AnimStarterPack/Death_3.uasset" 28
"../../../../../SpareTime/Unreal/FPS/FPS/Content/Animations/AnimStarterPack/Death_Ironsights_1.uasset" 29
"../../../../../SpareTime/Unreal/FPS/FPS/Content/Animations/AnimStarterPack/Equip_Rifle_Standing.uasset" 30
"../../../../../SpareTime/Unreal/FPS/FPS/Content/Animations/AnimStarterPack/Fire_Rifle_Hip.uasset" 31
"../../../../../SpareTime/Unreal/FPS/FPS/Content/Animations/AnimStarterPack/Fire_Shotgun_Hip.uasset" 32
"../../../../../SpareTime/Unreal/FPS/FPS/Content/Animations/AnimStarterPack/Fire_Shotgun_Ironsights.uasset" 33
"../../../../../SpareTime/Unreal/FPS/FPS/Content/Animations/AnimStarterPack/Hit_React_4.uasset" 34
"../../../../../SpareTime/Unreal/FPS/FPS/Content/Animations/AnimStarterPack/Idle_Pistol.uasset" 35
"../../../../../SpareTime/Unreal/FPS/FPS/Content/Animations/AnimStarterPack/Jump_From_Stand_Ironsights.uasset" 36
"../../../../../SpareTime/Unreal/FPS/FPS/Content/Animations/AnimStarterPack/Prone_Death_1.uasset" 37
"../../../../../SpareTime/Unreal/FPS/FPS/Content/Animations/AnimStarterPack/Prone_Death_2.uasset" 38
"../../../../../SpareTime/Unreal/FPS/FPS/Content/Animations/AnimStarterPack/Prone_Fire_1.uasset" 39
"../../../../../SpareTime/Unreal/FPS/FPS/Content/Animations/AnimStarterPack/Prone_Fire_2.uasset" 40
"../../../../../SpareTime/Unreal/FPS/FPS/Content/Animations/AnimStarterPack/Prone_Idle.uasset" 41
"../../../../../SpareTime/Unreal/FPS/FPS/Content/Animations/AnimStarterPack/Prone_Reload_Rifle.uasset" 42
"../../../../../SpareTime/Unreal/FPS/FPS/Content/Animations/AnimStarterPack/Prone_Reload_Shotgun.uasset" 43
"../../../../../SpareTime/Unreal/FPS/FPS/Content/Animations/AnimStarterPack/Prone_To_Stand.uasset" 44
"../../../../../SpareTime/Unreal/FPS/FPS/Content/Animations/AnimStarterPack/Reload_Pistol.uasset" 45
"../../../../../SpareTime/Unreal/FPS/FPS/Content/Animations/AnimStarterPack/Reload_Rifle_Ironsights.uasset" 46
"../../../../../SpareTime/Unreal/FPS/FPS/Content/Animations/AnimStarterPack/Reload_Shotgun_Hip.uasset" 47
"../../../../../SpareTime/Unreal/FPS/FPS/Content/Animations/AnimStarterPack/Reload_Shotgun_Ironsights.uasset" 48
"../../../../../SpareTime/Unreal/FPS/FPS/Content/Animations/AnimStarterPack/Sprint_Fwd_Rifle.uasset" 49
"../../../../../SpareTime/Unreal/FPS/FPS/Content/Animations/AnimStarterPack/Stand_to_Crouch_Rifle_Hip.uasset" 50
"../../../../../SpareTime/Unreal/FPS/FPS/Content/Animations/AnimStarterPack/Stand_to_Crouch_Rifle_Ironsights.uasset" 51
"../../../../../SpareTime/Unreal/FPS/FPS/Content/Animations/AnimStarterPack/Stand_To_Prone.uasset" 52
"../../../../../SpareTime/Unreal/FPS/FPS/Content/Models/Player/Arms/Arms_SMG_Skeleton.uasset" 53
"../../../../../SpareTime/Unreal/FPS/FPS/Content/Animations/SMG/SMG_Fire.uasset" 54
"../../../../../SpareTime/Unreal/FPS/FPS/Content/Animations/SMG/SMG_Hide.uasset" 55
"../../../../../SpareTime/Unreal/FPS/FPS/Content/Animations/SMG/SMG_Idle.uasset" 56
"../../../../../SpareTime/Unreal/FPS/FPS/Content/Animations/SMG/SMG_Melee.uasset" 57
"../../../../../SpareTime/Unreal/FPS/FPS/Content/Animations/SMG/SMG_Reload.uasset" 58
"../../../../../SpareTime/Unreal/FPS/FPS/Content/Animations/SMG/SMG_Throw.uasset" 59
"../../../../../SpareTime/Unreal/FPS/FPS/Content/Animations/SMG/SMG_Weild.uasset" 60
"../../../../../SpareTime/Unreal/FPS/FPS/Content/Animations/SMG/BP_SMGAnim.uasset" 61
"../../../../../SpareTime/Unreal/FPS/FPS/Content/Animations/SMG/SMG_Ambient1.uasset" 62
"../../../../../SpareTime/Unreal/FPS/FPS/Content/Animations/SMG/SMG_Ambient2.uasset" 63
"../../../../../SpareTime/Unreal/FPS/FPS/Content/Animations/SMG/SMG_FullAnimClip.uasset" 64
"../../../../../SpareTime/Unreal/FPS/FPS/Content/Blueprints/BP_CoverPoint.uasset" 65
"../../../../../SpareTime/Unreal/FPS/FPS/Content/UI/Widgets/Inventory/Files/Empty.uasset" 66
"../../../../../SpareTime/Unreal/FPS/FPS/Content/UI/Files/Fonts/System_San_Francisco_Display_Regular.uasset" 67
"../../../../../SpareTime/Unreal/FPS/FPS/Content/UI/Files/Fonts/System_San_Francisco_Display_Regular_Font.uasset" 68
"../../../../../SpareTime/Unreal/FPS/FPS/Content/UI/Files/Images/Crosshair.uasset" 69
"../../../../../SpareTime/Unreal/FPS/FPS/Content/UI/Widgets/BP_InGameGUI.uasset" 70
"../../../Engine/Content/EditorBlueprintResources/StandardMacros.uasset" 71
"../../../../../SpareTime/Unreal/FPS/FPS/Content/UI/Widgets/Inventory/ItemDragDrop.uasset" 72
"../../../../../SpareTime/Unreal/FPS/FPS/Content/UI/Widgets/Inventory/Drag/DragItem.uasset" 73
"../../../../../SpareTime/Unreal/FPS/FPS/Content/UI/Widgets/Inventory/Ground/OnGroundSlot.uasset" 74
"../../../../../SpareTime/Unreal/FPS/FPS/Content/UI/Widgets/Inventory/Files/Slot.uasset" 75
"../../../../../SpareTime/Unreal/FPS/FPS/Content/UI/Widgets/Inventory/Ground/OnGroundUI.uasset" 76
"../../../../../SpareTime/Unreal/FPS/FPS/Content/UI/Widgets/Inventory/HandSlot.uasset" 77
"../../../../../SpareTime/Unreal/FPS/FPS/Content/UI/Widgets/Inventory/Slot.uasset" 78
"../../../../../SpareTime/Unreal/FPS/FPS/Content/UI/Widgets/Inventory/InventorySlots.uasset" 79
"../../../../../SpareTime/Unreal/FPS/FPS/Content/UI/Widgets/UIHUD.uasset" 80
"../../../../../SpareTime/Unreal/FPS/FPS/Content/Blueprints/BP_FPSPlayer.uasset" 81
"../../../../../SpareTime/Unreal/FPS/FPS/Content/UI/Widgets/Inventory/FPSHUD.uasset" 82
"../../../../../SpareTime/Unreal/FPS/FPS/Content/Blueprints/BP_FPSGameModeBase.uasset" 83
"../../../../../SpareTime/Unreal/FPS/FPS/Content/Blueprints/AI/BP_Aim.uasset" 84
"../../../../../SpareTime/Unreal/FPS/FPS/Content/Models/CommunicationsEquip/SM_Phone.uasset" 85
"../../../../../SpareTime/Unreal/FPS/FPS/Content/Models/CommunicationsEquip/SM_RadioOld.uasset" 86
"../../../../../SpareTime/Unreal/FPS/FPS/Content/Models/CommunicationsEquip/Materials/MI_Phone.uasset" 87
"../../../../../SpareTime/Unreal/FPS/FPS/Content/Models/CommunicationsEquip/Materials/MI_RadioOld.uasset" 88
"../../../../../SpareTime/Unreal/FPS/FPS/Content/Models/CommunicationsEquip/Textures/T_Phone_D.uasset" 89
"../../../../../SpareTime/Unreal/FPS/FPS/Content/Models/CommunicationsEquip/Textures/T_Phone_N.uasset" 90
"../../../../../SpareTime/Unreal/FPS/FPS/Content/Models/CommunicationsEquip/Textures/T_Phone_RMA.uasset" 91
"../../../../../SpareTime/Unreal/FPS/FPS/Content/Models/CommunicationsEquip/Textures/T_Radio_D.uasset" 92
"../../../../../SpareTime/Unreal/FPS/FPS/Content/Models/CommunicationsEquip/Textures/T_Radio_N.uasset" 93
"../../../../../SpareTime/Unreal/FPS/FPS/Content/Models/CommunicationsEquip/Textures/T_Radio_RMA.uasset" 94
"../../../../../SpareTime/Unreal/FPS/FPS/Content/Models/Doors/SM_DoorPlate.uasset" 95
"../../../../../SpareTime/Unreal/FPS/FPS/Content/Models/Doors/SM_DoorPlateVent.uasset" 96
"../../../../../SpareTime/Unreal/FPS/FPS/Content/Models/Doors/SM_LockBasic2.uasset" 97
"../../../../../SpareTime/Unreal/FPS/FPS/Content/Models/Electronics/SM_Microwave.uasset" 98
"../../../../../SpareTime/Unreal/FPS/FPS/Content/Models/Electronics/Textures/T_Microwave_D.uasset" 99
"../../../../../SpareTime/Unreal/FPS/FPS/Content/Models/Electronics/Textures/T_Microwave_N.uasset" 100
"../../../../../SpareTime/Unreal/FPS/FPS/Content/Models/Electronics/Textures/T_Microwave_RMA.uasset" 101
"../../../../../SpareTime/Unreal/FPS/FPS/Content/Models/Electronics/Materials/M_Microwave.uasset" 102
"../../../../../SpareTime/Unreal/FPS/FPS/Content/Models/Electronics/Materials/M_ScreenOff.uasset" 103
"../../../../../SpareTime/Unreal/FPS/FPS/Content/Models/Enemy/Soldier_Anim.uasset" 104
"../../../../../SpareTime/Unreal/FPS/FPS/Content/Models/Enemy/Textures/Soldier_Body_diffuse.uasset" 105
"../../../../../SpareTime/Unreal/FPS/FPS/Content/Models/Enemy/Textures/Soldier_Body_normal.uasset" 106
"../../../../../SpareTime/Unreal/FPS/FPS/Content/Models/Enemy/Textures/Soldier_Body_specular.uasset" 107
"../../../../../SpareTime/Unreal/FPS/FPS/Content/Models/Enemy/Materials/Soldier_body1.uasset" 108
"../../../../../SpareTime/Unreal/FPS/FPS/Content/Models/Enemy/Textures/Soldier_head_diffuse.uasset" 109
"../../../../../SpareTime/Unreal/FPS/FPS/Content/Models/Enemy/Textures/Soldier_head_normal.uasset" 110
"../../../../../SpareTime/Unreal/FPS/FPS/Content/Models/Enemy/Textures/Soldier_head_specular.uasset" 111
"../../../../../SpareTime/Unreal/FPS/FPS/Content/Models/Enemy/Materials/Soldier_head6.uasset" 112
"../../../../../SpareTime/Unreal/FPS/FPS/Content/Models/Enemy/swat_PhysicsAsset.uasset" 113
"../../../../../SpareTime/Unreal/FPS/FPS/Content/Models/Enemy/swat_Skeleton.uasset" 114
"../../../../../SpareTime/Unreal/FPS/FPS/Content/Models/Enemy/swat.uasset" 115
"../../../../../SpareTime/Unreal/FPS/FPS/Content/Models/Enemy/swat_Anim.uasset" 116
"../../../../../SpareTime/Unreal/FPS/FPS/Content/Models/Furniture/SM_DeskCorner.uasset" 117
"../../../../../SpareTime/Unreal/FPS/FPS/Content/Models/Furniture/SM_DeskCornerSingle.uasset" 118
"../../../../../SpareTime/Unreal/FPS/FPS/Content/Models/Furniture/SM_DeskHexagon.uasset" 119
"../../../../../SpareTime/Unreal/FPS/FPS/Content/Models/GenericProps/SM_BathroomSink.uasset" 120
"../../../../../SpareTime/Unreal/FPS/FPS/Content/Models/GenericProps/SM_BathroomToilet.uasset" 121
"../../../../../SpareTime/Unreal/FPS/FPS/Content/Models/GenericProps/SM_BathroomUrinal.uasset" 122
"../../../../../SpareTime/Unreal/FPS/FPS/Content/Models/GenericProps/SM_MetalBinTriple.uasset" 123
"../../../../../SpareTime/Unreal/FPS/FPS/Content/Models/GenericProps/SM_MetalBinWall.uasset" 124
"../../../../../SpareTime/Unreal/FPS/FPS/Content/Models/GenericProps/SM_RecyclingBin.uasset" 125
"../../../../../SpareTime/Unreal/FPS/FPS/Content/Models/GenericProps/SM_WarningConeBig.uasset" 126
"../../../../../SpareTime/Unreal/FPS/FPS/Content/Models/GenericProps/SM_WarningConeSmall.uasset" 127
"../../../../../SpareTime/Unreal/FPS/FPS/Content/Models/GenericProps/Materials/MI_BathroomStuff.uasset" 128
"../../../../../SpareTime/Unreal/FPS/FPS/Content/Models/GenericProps/Materials/MI_Desklight.uasset" 129
"../../../../../SpareTime/Unreal/FPS/FPS/Content/Models/GenericProps/Materials/MI_RecyleBin.uasset" 130
"../../../../../SpareTime/Unreal/FPS/FPS/Content/Models/GenericProps/Materials/MI_WarningCones.uasset" 131
"../../../../../SpareTime/Unreal/FPS/FPS/Content/Models/GenericProps/Textures/T_BathroomStuff_D.uasset" 132
"../../../../../SpareTime/Unreal/FPS/FPS/Content/Models/GenericProps/Textures/T_BathroomStuff_N.uasset" 133
"../../../../../SpareTime/Unreal/FPS/FPS/Content/Models/GenericProps/Textures/T_BathroomStuff_RMA.uasset" 134
"../../../../../SpareTime/Unreal/FPS/FPS/Content/Models/GenericProps/Textures/T_Cones_D.uasset" 135
"../../../../../SpareTime/Unreal/FPS/FPS/Content/Models/GenericProps/Textures/T_Cones_N.uasset" 136
"../../../../../SpareTime/Unreal/FPS/FPS/Content/Models/GenericProps/Textures/T_Cones_RMA.uasset" 137
"../../../../../SpareTime/Unreal/FPS/FPS/Content/Models/GenericProps/Textures/T_RecycleBin_D.uasset" 138
"../../../../../SpareTime/Unreal/FPS/FPS/Content/Models/GenericProps/Textures/T_RecycleBin_N.uasset" 139
"../../../../../SpareTime/Unreal/FPS/FPS/Content/Models/GenericProps/Textures/T_RecycleBin_RMA.uasset" 140
"../../../../../SpareTime/Unreal/FPS/FPS/Content/Models/Player/Arms/armsColor.uasset" 141
"../../../../../SpareTime/Unreal/FPS/FPS/Content/Models/Player/Arms/armsNormal.uasset" 142
"../../../../../SpareTime/Unreal/FPS/FPS/Content/Models/Player/Arms/armsSpecular.uasset" 143
"../../../../../SpareTime/Unreal/FPS/FPS/Content/Models/Player/Arms/arms.uasset" 144
"../../../../../SpareTime/Unreal/FPS/FPS/Content/Models/Player/Arms/raptorColor.uasset" 145
"../../../../../SpareTime/Unreal/FPS/FPS/Content/Models/Player/Arms/raptorNormal.uasset" 146
"../../../../../SpareTime/Unreal/FPS/FPS/Content/Models/Player/Arms/raptorSpecular.uasset" 147
"../../../../../SpareTime/Unreal/FPS/FPS/Content/Models/Player/Arms/raptor.uasset" 148
"../../../../../SpareTime/Unreal/FPS/FPS/Content/Models/Player/Arms/Arms_SMG_PhysicsAsset.uasset" 149
"../../../../../SpareTime/Unreal/FPS/FPS/Content/Models/Player/Arms/Arms_SMG.uasset" 150
"../../../../../SpareTime/Unreal/FPS/FPS/Content/Models/Player/Arms/Arms_SMG_Anim.uasset" 151
"../../../Engine/Content/Functions/Engine_MaterialFunctions01/Opacity/CameraDepthFade.uasset" 152
"../../../Engine/Content/EngineMaterials/T_Default_Material_Grid_M.uasset" 153
"../../../Engine/Content/EngineMaterials/T_Default_Material_Grid_N.uasset" 154
"../../../Engine/Content/EngineMaterials/WorldGridMaterial.uasset" 155
"../../../../../SpareTime/Unreal/FPS/FPS/Content/Models/StorageProps/MetallicBarrelWithLOD_MetallicBarel_LOD01.uasset" 156
"../../../../../SpareTime/Unreal/FPS/FPS/Content/Models/StorageProps/MetallicBarrelWithLOD_MetallicBarel_LOD02.uasset" 157
"../../../../../SpareTime/Unreal/FPS/FPS/Content/Models/TEMP/surfaceSamplingEnvelopeShader.uasset" 158
"../../../../../SpareTime/Unreal/FPS/FPS/Content/Models/TEMP/Pilar_MainFrame_GameShapeEnvelope.uasset" 159
"../../../../../SpareTime/Unreal/FPS/FPS/Content/Models/Vehicles/SM_ScoutCarBody.uasset" 160
"../../../../../SpareTime/Unreal/FPS/FPS/Content/Models/Vehicles/SM_ScoutCarTyre.uasset" 161
"../../../../../SpareTime/Unreal/FPS/FPS/Content/Models/Vehicles/Materials/MI_ScouCarWheel.uasset" 162
"../../../../../SpareTime/Unreal/FPS/FPS/Content/Models/Vehicles/Materials/MI_ScoutCarBody.uasset" 163
"../../../../../SpareTime/Unreal/FPS/FPS/Content/Models/Vehicles/Textures/T_Body_D.uasset" 164
"../../../../../SpareTime/Unreal/FPS/FPS/Content/Models/Vehicles/Textures/T_Body_N.uasset" 165
"../../../../../SpareTime/Unreal/FPS/FPS/Content/Models/Vehicles/Textures/T_Body_RMA.uasset" 166
"../../../../../SpareTime/Unreal/FPS/FPS/Content/Models/Vehicles/Textures/T_Wheel_D.uasset" 167
"../../../../../SpareTime/Unreal/FPS/FPS/Content/Models/Vehicles/Textures/T_Wheel_N.uasset" 168
"../../../../../SpareTime/Unreal/FPS/FPS/Content/Models/Vehicles/Textures/T_Wheel_RMA.uasset" 169
"../../../../../SpareTime/Unreal/FPS/FPS/Content/Models/Weapons-Firearms/SM_BerettaM9.uasset" 170
"../../../../../SpareTime/Unreal/FPS/FPS/Content/Models/Weapons-Firearms/SM_BizonPP19.uasset" 171
"../../../../../SpareTime/Unreal/FPS/FPS/Content/Models/Weapons-Firearms/SM_Colt45.uasset" 172
"../../../../../SpareTime/Unreal/FPS/FPS/Content/Models/Weapons-Firearms/SM_Galil.uasset" 173
"../../../../../SpareTime/Unreal/FPS/FPS/Content/Models/Weapons-Firearms/SM_Mossberg500Short.uasset" 174
"../../../../../SpareTime/Unreal/FPS/FPS/Content/Models/Weapons-Firearms/SM_Revolver.uasset" 175
"../../../../../SpareTime/Unreal/FPS/FPS/Content/Models/Weapons-Firearms/SM_StrikerShotgun.uasset" 176
"../../../../../SpareTime/Unreal/FPS/FPS/Content/Models/Weapons-Firearms/Materials/MI_ColtBizonGalilStriker.uasset" 177
"../../../../../SpareTime/Unreal/FPS/FPS/Content/Models/Weapons-Firearms/Materials/M_BerettaRevolver.uasset" 178
"../../../../../SpareTime/Unreal/FPS/FPS/Content/Models/Weapons-Firearms/Materials/M_Moss500.uasset" 179
"../../../../../SpareTime/Unreal/FPS/FPS/Content/Models/Weapons-Firearms/Textures/T_BerettaRevolver_N.uasset" 180
"../../../../../SpareTime/Unreal/FPS/FPS/Content/Models/Weapons-Firearms/Textures/T_ColtBizonGalilStriker_D.uasset" 181
"../../../../../SpareTime/Unreal/FPS/FPS/Content/Models/Weapons-Firearms/Textures/T_ColtBizonGalilStriker_N.uasset" 182
"../../../../../SpareTime/Unreal/FPS/FPS/Content/Models/Weapons-Firearms/Textures/T_ColtBizonGalilStriker_RMA.uasset" 183
"../../../../../SpareTime/Unreal/FPS/FPS/Content/Models/Weapons-Firearms/Textures/T_Moss500_D.uasset" 184
"../../../../../SpareTime/Unreal/FPS/FPS/Content/Models/Weapons-Firearms/Textures/T_Moss500_N.uasset" 185
"../../../../../SpareTime/Unreal/FPS/FPS/Content/Models/Weapons-Grenades/SM_Flash-Body.uasset" 186
"../../../../../SpareTime/Unreal/FPS/FPS/Content/Models/Weapons-Grenades/SM_Flash-Lever.uasset" 187
"../../../../../SpareTime/Unreal/FPS/FPS/Content/Models/Weapons-Grenades/SM_Flash-Pin1.uasset" 188
"../../../../../SpareTime/Unreal/FPS/FPS/Content/Models/Weapons-Grenades/SM_Flash-Pin2.uasset" 189
"../../../../../SpareTime/Unreal/FPS/FPS/Content/Models/Weapons-Grenades/SM_Flash.uasset" 190
"../../../../../SpareTime/Unreal/FPS/FPS/Content/Models/Weapons-Grenades/SM_SmokeGren-Body.uasset" 191
"../../../../../SpareTime/Unreal/FPS/FPS/Content/Models/Weapons-Grenades/SM_SmokeGren-Lever.uasset" 192
"../../../../../SpareTime/Unreal/FPS/FPS/Content/Models/Weapons-Grenades/SM_SmokeGren-Pin.uasset" 193
"../../../../../SpareTime/Unreal/FPS/FPS/Content/Models/Weapons-Grenades/SM_SmokeGren.uasset" 194
"../../../../../SpareTime/Unreal/FPS/FPS/Content/Models/Weapons-Grenades/Materials/MI_Grenades.uasset" 195
"../../../../../SpareTime/Unreal/FPS/FPS/Content/Models/Weapons-Grenades/Textures/Grenades_albedo.uasset" 196
"../../../../../SpareTime/Unreal/FPS/FPS/Content/Models/Weapons-Grenades/Textures/Grenades_normal.uasset" 197
"../../../../../SpareTime/Unreal/FPS/FPS/Content/Models/Weapons-Grenades/Textures/Grenades_reflection.uasset" 198
"../../../../../SpareTime/Unreal/FPS/FPS/Content/Models/Weapons-Melee/Flashlight.uasset" 199
"../../../../../SpareTime/Unreal/FPS/FPS/Content/Models/Weapons-Melee/SM_SledgeHammer.uasset" 200
"../../../../../SpareTime/Unreal/FPS/FPS/Content/Models/Weapons-Melee/SM_StunBaton.uasset" 201
"../../../../../SpareTime/Unreal/FPS/FPS/Content/Models/Weapons-Melee/Materials/MI_SledgehammerBloody.uasset" 202
"../../../../../SpareTime/Unreal/FPS/FPS/Content/Models/Weapons-Melee/Materials/MI_SledgehammerClean.uasset" 203
"../../../../../SpareTime/Unreal/FPS/FPS/Content/Models/Weapons-Melee/Materials/MI_StunBaton.uasset" 204
"../../../../../SpareTime/Unreal/FPS/FPS/Content/Models/Weapons-Melee/Materials/M_Flashlight.uasset" 205
"../../../../../SpareTime/Unreal/FPS/FPS/Content/Models/Weapons-Melee/Textures/T_Flashlight_N.uasset" 206
"../../../../../SpareTime/Unreal/FPS/FPS/Content/Models/Weapons-Melee/Textures/T_SledgeHammerBloody_RMA.uasset" 207
"../../../../../SpareTime/Unreal/FPS/FPS/Content/Models/Weapons-Melee/Textures/T_SledgeHammerBlood_D.uasset" 208
"../../../../../SpareTime/Unreal/FPS/FPS/Content/Models/Weapons-Melee/Textures/T_SledgeHammerBlood_N.uasset" 209
"../../../../../SpareTime/Unreal/FPS/FPS/Content/Models/Weapons-Melee/Textures/T_SledgeHammerClean_D.uasset" 210
"../../../../../SpareTime/Unreal/FPS/FPS/Content/Models/Weapons-Melee/Textures/T_SledgeHammerClean_N.uasset" 211
"../../../../../SpareTime/Unreal/FPS/FPS/Content/Models/Weapons-Melee/Textures/T_SledgeHammerClean_RMA.uasset" 212
"../../../../../SpareTime/Unreal/FPS/FPS/Content/Models/Weapons-Melee/Textures/T_StunBaton_D.uasset" 213
"../../../../../SpareTime/Unreal/FPS/FPS/Content/Models/Weapons-Melee/Textures/T_StunBaton_N.uasset" 214
"../../../../../SpareTime/Unreal/FPS/FPS/Content/Models/Weapons-Melee/Textures/T_StunBaton_RMA.uasset" 215
"../../../../../SpareTime/Unreal/FPS/FPS/Content/Particles/MuzzleFlash/Textures/MuzzleNoiseTex.uasset" 216
"../../../../../SpareTime/Unreal/FPS/FPS/Content/Particles/MuzzleFlash/Textures/UE4FlashMask.uasset" 217
"../../../../../SpareTime/Unreal/FPS/FPS/Content/Particles/MuzzleFlash/Textures/UE4FlashTex.uasset" 218
"../../../../../SpareTime/Unreal/FPS/FPS/Content/Particles/MuzzleFlash/Materials/Muzzle_MAT.uasset" 219
"../../../Engine/Content/Functions/Engine_MaterialFunctions01/Gradient/RadialGradient.uasset" 220
"../../../../../SpareTime/Unreal/FPS/FPS/Content/StarterContent/Particles/Materials/M_radial_ramp.uasset" 221
"../../../../../SpareTime/Unreal/FPS/FPS/Content/StarterContent/Textures/T_Smoke_SubUV.uasset" 222
"../../../../../SpareTime/Unreal/FPS/FPS/Content/StarterContent/Textures/T_Smoke_Tiled_D.uasset" 223
"../../../../../SpareTime/Unreal/FPS/FPS/Content/StarterContent/Particles/Materials/M_smoke_subUV.uasset" 224
"../../../../../SpareTime/Unreal/FPS/FPS/Content/Particles/MuzzleFlash/MuzzleFlash_PS.uasset" 225
"../../../../../SpareTime/Unreal/FPS/FPS/Content/Particles/Muzzle_Flash/Muzzle_FLash.uasset" 226
"../../../../../SpareTime/Unreal/FPS/FPS/Content/Particles/Muzzle_Flash/Muzzle_Flash_Texture.uasset" 227
"../../../../../SpareTime/Unreal/FPS/FPS/Content/Particles/Muzzle_Flash/Muzzle_FLesh_Material.uasset" 228
"../../../../../SpareTime/Unreal/FPS/FPS/Content/Particles/Muzzle_Flash/BP_Muzzle_Particle.uasset" 229
"../../../../../SpareTime/Unreal/FPS/FPS/Content/Particles/Muzzle_Flash/P_Muzzle_Flash.uasset" 230
"../../../../../SpareTime/Unreal/FPS/FPS/Content/Sound/SFX/SMG/Empty_SMG_Shot.uasset" 231
"../../../../../SpareTime/Unreal/FPS/FPS/Content/Sound/SFX/SMG/Silenced_SMG_Shot.uasset" 232
"../../../../../SpareTime/Unreal/FPS/FPS/Content/StarterContent/Materials/M_Basic_Wall.uasset" 233
"../../../../../SpareTime/Unreal/FPS/FPS/Content/StarterContent/Architecture/Pillar_50x500.uasset" 234
"../../../../../SpareTime/Unreal/FPS/FPS/Content/StarterContent/Materials/M_AssetPlatform.uasset" 235
"../../../../../SpareTime/Unreal/FPS/FPS/Content/StarterContent/Architecture/SM_AssetPlatform.uasset" 236
"../../../../../SpareTime/Unreal/FPS/FPS/Content/StarterContent/Architecture/Wall_400x200.uasset" 237
"../../../../../SpareTime/Unreal/FPS/FPS/Content/StarterContent/Architecture/Wall_400x400.uasset" 238
"../../../../../SpareTime/Unreal/FPS/FPS/Content/StarterContent/Architecture/Wall_500x500.uasset" 239
"../../../../../SpareTime/Unreal/FPS/FPS/Content/StarterContent/Architecture/Wall_Door_400x400.uasset" 240
"../../../../../SpareTime/Unreal/FPS/FPS/Content/StarterContent/Architecture/Wall_Window_400x300.uasset" 241
"../../../../../SpareTime/Unreal/FPS/FPS/Content/StarterContent/Architecture/Wall_Window_400x400.uasset" 242
"../../../../../SpareTime/Unreal/FPS/FPS/Content/StarterContent/Textures/T_Burst_M.uasset" 243
"../../../../../SpareTime/Unreal/FPS/FPS/Content/StarterContent/Particles/Materials/M_Burst.uasset" 244
"../../../../../SpareTime/Unreal/FPS/FPS/Content/StarterContent/Textures/T_Explosion_SubUV.uasset" 245
"../../../../../SpareTime/Unreal/FPS/FPS/Content/StarterContent/Particles/Materials/M_explosion_subUV.uasset" 246
"../../../../../SpareTime/Unreal/FPS/FPS/Content/StarterContent/Particles/Materials/m_flare_01.uasset" 247
"../../../../../SpareTime/Unreal/FPS/FPS/Content/StarterContent/Particles/P_Explosion.uasset" 248
"../../../../../SpareTime/Unreal/FPS/FPS/Content/StarterContent/Props/MaterialSphere.uasset" 249
"../../../../../SpareTime/Unreal/FPS/FPS/Content/StarterContent/Textures/T_Bush_D.uasset" 250
"../../../../../SpareTime/Unreal/FPS/FPS/Content/StarterContent/Textures/T_Bush_N.uasset" 251
"../../../../../SpareTime/Unreal/FPS/FPS/Content/StarterContent/Props/Materials/M_Bush.uasset" 252
"../../../../../SpareTime/Unreal/FPS/FPS/Content/StarterContent/Props/SM_Bush.uasset" 253
"../../../../../SpareTime/Unreal/FPS/FPS/Content/StarterContent/Textures/T_Chair_M.uasset" 254
"../../../../../SpareTime/Unreal/FPS/FPS/Content/StarterContent/Textures/T_Chair_N.uasset" 255
"../../../../../SpareTime/Unreal/FPS/FPS/Content/StarterContent/Props/Materials/M_Chair.uasset" 256
"../../../../../SpareTime/Unreal/FPS/FPS/Content/StarterContent/Props/SM_Chair.uasset" 257
"../../../../../SpareTime/Unreal/FPS/FPS/Content/StarterContent/Textures/T_Frame_M.uasset" 258
"../../../../../SpareTime/Unreal/FPS/FPS/Content/StarterContent/Textures/T_Frame_N.uasset" 259
"../../../../../SpareTime/Unreal/FPS/FPS/Content/StarterContent/Props/Materials/M_Frame.uasset" 260
"../../../../../SpareTime/Unreal/FPS/FPS/Content/StarterContent/Props/SM_CornerFrame.uasset" 261
"../../../../../SpareTime/Unreal/FPS/FPS/Content/StarterContent/Props/SM_Couch.uasset" 262
"../../../../../SpareTime/Unreal/FPS/FPS/Content/StarterContent/Materials/M_Glass.uasset" 263
"../../../../../SpareTime/Unreal/FPS/FPS/Content/StarterContent/Textures/T_Door_M.uasset" 264
"../../../../../SpareTime/Unreal/FPS/FPS/Content/StarterContent/Textures/T_Door_N.uasset" 265
"../../../../../SpareTime/Unreal/FPS/FPS/Content/StarterContent/Props/Materials/M_Door.uasset" 266
"../../../../../SpareTime/Unreal/FPS/FPS/Content/StarterContent/Props/SM_Door.uasset" 267
"../../../../../SpareTime/Unreal/FPS/FPS/Content/StarterContent/Props/SM_GlassWindow.uasset" 268
"../../../../../SpareTime/Unreal/FPS/FPS/Content/StarterContent/Textures/T_Lamp_M.uasset" 269
"../../../../../SpareTime/Unreal/FPS/FPS/Content/StarterContent/Textures/T_Lamp_N.uasset" 270
"../../../../../SpareTime/Unreal/FPS/FPS/Content/StarterContent/Props/Materials/M_Lamp.uasset" 271
"../../../../../SpareTime/Unreal/FPS/FPS/Content/StarterContent/Props/SM_Lamp_Ceiling.uasset" 272
"../../../../../SpareTime/Unreal/FPS/FPS/Content/StarterContent/Props/SM_Lamp_Wall.uasset" 273
"../../../../../SpareTime/Unreal/FPS/FPS/Content/StarterContent/Props/Materials/M_MaterialSphere.uasset" 274
"../../../../../SpareTime/Unreal/FPS/FPS/Content/StarterContent/Props/Materials/M_MaterialSphere_Plain.uasset" 275
"../../../../../SpareTime/Unreal/FPS/FPS/Content/StarterContent/Props/SM_MatPreviewMesh_02.uasset" 276
"../../../../../SpareTime/Unreal/FPS/FPS/Content/StarterContent/Props/SM_PillarFrame.uasset" 277
"../../../../../SpareTime/Unreal/FPS/FPS/Content/StarterContent/Props/SM_PillarFrame300.uasset" 278
"../../../Engine/Content/Functions/Engine_MaterialFunctions02/Utility/BlendAngleCorrectedNormals.uasset" 279
"../../../../../SpareTime/Unreal/FPS/FPS/Content/StarterContent/Textures/T_Detail_Rocky_N.uasset" 280
"../../../../../SpareTime/Unreal/FPS/FPS/Content/StarterContent/Textures/T_Rock_Basalt_D.uasset" 281
"../../../../../SpareTime/Unreal/FPS/FPS/Content/StarterContent/Textures/T_RockMesh_M.uasset" 282
"../../../../../SpareTime/Unreal/FPS/FPS/Content/StarterContent/Textures/T_RockMesh_N.uasset" 283
"../../../../../SpareTime/Unreal/FPS/FPS/Content/StarterContent/Props/Materials/M_Rock.uasset" 284
"../../../../../SpareTime/Unreal/FPS/FPS/Content/StarterContent/Props/SM_Rock.uasset" 285
"../../../../../SpareTime/Unreal/FPS/FPS/Content/StarterContent/Textures/T_Shelf_M.uasset" 286
"../../../../../SpareTime/Unreal/FPS/FPS/Content/StarterContent/Textures/T_Shelf_N.uasset" 287
"../../../../../SpareTime/Unreal/FPS/FPS/Content/StarterContent/Props/Materials/M_Shelf.uasset" 288
"../../../../../SpareTime/Unreal/FPS/FPS/Content/StarterContent/Props/SM_Shelf.uasset" 289
"../../../../../SpareTime/Unreal/FPS/FPS/Content/StarterContent/Textures/T_Statue_M.uasset" 290
"../../../../../SpareTime/Unreal/FPS/FPS/Content/StarterContent/Textures/T_Statue_N.uasset" 291
"../../../../../SpareTime/Unreal/FPS/FPS/Content/StarterContent/Props/Materials/M_Statue.uasset" 292
"../../../../../SpareTime/Unreal/FPS/FPS/Content/StarterContent/Props/Materials/M_StatueGlass.uasset" 293
"../../../../../SpareTime/Unreal/FPS/FPS/Content/StarterContent/Props/SM_Statue.uasset" 294
"../../../../../SpareTime/Unreal/FPS/FPS/Content/StarterContent/Textures/T_TableRound_M.uasset" 295
"../../../../../SpareTime/Unreal/FPS/FPS/Content/StarterContent/Textures/T_TableRound_N.uasset" 296
"../../../../../SpareTime/Unreal/FPS/FPS/Content/StarterContent/Props/Materials/M_TableRound.uasset" 297
"../../../../../SpareTime/Unreal/FPS/FPS/Content/StarterContent/Props/SM_TableRound.uasset" 298
"../../../../../SpareTime/Unreal/FPS/FPS/Content/StarterContent/Props/SM_WindowFrame.uasset" 299
"../../../../../SpareTime/Unreal/FPS/FPS/Content/Animations/AnimStarterPack/Aim_Space_Ironsights.uasset" 300
"../../../../../SpareTime/Unreal/FPS/FPS/Content/Animations/AI/AimOffset/AimCenter.uasset" 301
"../../../../../SpareTime/Unreal/FPS/FPS/Content/Animations/AI/AimOffset/AimDown.uasset" 302
"../../../../../SpareTime/Unreal/FPS/FPS/Content/Animations/AI/AimOffset/AimUp.uasset" 303
"../../../../../SpareTime/Unreal/FPS/FPS/Content/Animations/AI/AimOffset/AimOffset.uasset" 304
"../../../../../SpareTime/Unreal/FPS/FPS/Content/Animations/AI/Aware/Fire_Additive.uasset" 305
"../../../../../SpareTime/Unreal/FPS/FPS/Content/Animations/AnimStarterPack/Crouch_Idle_Rifle_Hip.uasset" 306
"../../../../../SpareTime/Unreal/FPS/FPS/Content/Animations/AnimStarterPack/Death_1.uasset" 307
"../../../../../SpareTime/Unreal/FPS/FPS/Content/Animations/AnimStarterPack/Death_2.uasset" 308
"../../../../../SpareTime/Unreal/FPS/FPS/Content/Animations/AnimStarterPack/Death_Ironsights_2.uasset" 309
"../../../../../SpareTime/Unreal/FPS/FPS/Content/Animations/AnimStarterPack/Idle_Rifle_Hip.uasset" 310
"../../../../../SpareTime/Unreal/FPS/FPS/Content/Animations/AnimStarterPack/Jog_Bwd_Rifle.uasset" 311
"../../../../../SpareTime/Unreal/FPS/FPS/Content/Animations/AnimStarterPack/Jog_Lt_Rifle.uasset" 312
"../../../../../SpareTime/Unreal/FPS/FPS/Content/Animations/AnimStarterPack/Jog_Rt_Rifle.uasset" 313
"../../../../../SpareTime/Unreal/FPS/FPS/Content/Animations/AnimStarterPack/Walk_Bwd_Rifle_Ironsights.uasset" 314
"../../../../../SpareTime/Unreal/FPS/FPS/Content/Animations/AnimStarterPack/Walk_Lt_Rifle_Ironsights.uasset" 315
"../../../../../SpareTime/Unreal/FPS/FPS/Content/Animations/AnimStarterPack/Walk_Rt_Rifle_Ironsights.uasset" 316
"../../../../../SpareTime/Unreal/FPS/FPS/Content/Animations/AI/Aware/BS_Aiming.uasset" 317
"../../../../../SpareTime/Unreal/FPS/FPS/Content/Animations/AI/Idle/BS_Walking.uasset" 318
"../../../../../SpareTime/Unreal/FPS/FPS/Content/Animations/AI/BP_AssaultAIAnim.uasset" 319
"../../../../../SpareTime/Unreal/FPS/FPS/Content/AI/AssaultCharacter/AssaultBlackboard.uasset" 320
"../../../../../SpareTime/Unreal/FPS/FPS/Content/AI/AssaultCharacter/Attack.uasset" 321
"../../../../../SpareTime/Unreal/FPS/FPS/Content/AI/AssaultCharacter/SoldierIdle.uasset" 322
"../../../../../SpareTime/Unreal/FPS/FPS/Content/AI/AssaultCharacter/AssualtBT.uasset" 323
"../../../../../SpareTime/Unreal/FPS/FPS/Content/Blueprints/AI/BP_UnitAIController.uasset" 324
"../../../Engine/Content/Functions/MaterialLayerFunctions/MatLayerBlend_AO.uasset" 325
"../../../Engine/Content/Functions/MaterialLayerFunctions/MatLayerBlend_NormalBlend.uasset" 326
"../../../Engine/Content/Functions/MaterialLayerFunctions/MatLayerBlend_Simple.uasset" 327
"../../../../../SpareTime/Unreal/FPS/FPS/Content/Animations/AnimStarterPack/UE4_Mannequin/Materials/MaterialLayers/T_ML_Rubber_Blue_01_D.uasset" 328
"../../../../../SpareTime/Unreal/FPS/FPS/Content/Animations/AnimStarterPack/UE4_Mannequin/Materials/MaterialLayers/T_ML_Rubber_Blue_01_N.uasset" 329
"../../../../../SpareTime/Unreal/FPS/FPS/Content/Animations/AnimStarterPack/UE4_Mannequin/Materials/MaterialLayers/ML_GlossyBlack_Latex_UE4.uasset" 330
"../../../../../SpareTime/Unreal/FPS/FPS/Content/Animations/AnimStarterPack/UE4_Mannequin/Materials/MaterialLayers/ML_Plastic_Shiny_Beige.uasset" 331
"../../../../../SpareTime/Unreal/FPS/FPS/Content/Animations/AnimStarterPack/UE4_Mannequin/Textures/UE4_LOGO_CARD.uasset" 332
"../../../../../SpareTime/Unreal/FPS/FPS/Content/Animations/AnimStarterPack/UE4_Mannequin/Materials/MaterialLayers/ML_Plastic_Shiny_Beige_LOGO.uasset" 333
"../../../../../SpareTime/Unreal/FPS/FPS/Content/Animations/AnimStarterPack/UE4_Mannequin/Materials/MaterialLayers/T_ML_Aluminum01.uasset" 334
"../../../../../SpareTime/Unreal/FPS/FPS/Content/Animations/AnimStarterPack/UE4_Mannequin/Materials/MaterialLayers/T_ML_Aluminum01_N.uasset" 335
"../../../../../SpareTime/Unreal/FPS/FPS/Content/Animations/AnimStarterPack/UE4_Mannequin/Materials/MaterialLayers/ML_SoftMetal_UE4.uasset" 336
"../../../../../SpareTime/Unreal/FPS/FPS/Content/Animations/AnimStarterPack/UE4_Mannequin/Textures/UE4_Mannequin__normals.uasset" 337
"../../../../../SpareTime/Unreal/FPS/FPS/Content/Animations/AnimStarterPack/UE4_Mannequin/Textures/UE4_Mannequin_MAT_MASKA.uasset" 338
"../../../../../SpareTime/Unreal/FPS/FPS/Content/Animations/AnimStarterPack/UE4_Mannequin/Textures/UE4_Mannequin_occlusion_Mobile.uasset" 339
"../../../../../SpareTime/Unreal/FPS/FPS/Content/Animations/AnimStarterPack/UE4_Mannequin/Materials/M_UE4Man_Body.uasset" 340
"../../../../../SpareTime/Unreal/FPS/FPS/Content/Animations/AnimStarterPack/UE4_Mannequin/Textures/UE4Man_Logo_N.uasset" 341
"../../../../../SpareTime/Unreal/FPS/FPS/Content/Animations/AnimStarterPack/UE4_Mannequin/Materials/M_UE4Man_ChestLogo.uasset" 342
"../../../../../SpareTime/Unreal/FPS/FPS/Content/Animations/AnimStarterPack/UE4_Mannequin/Mesh/SK_Mannequin_PhysicsAsset.uasset" 343
"../../../../../SpareTime/Unreal/FPS/FPS/Content/Animations/AnimStarterPack/UE4_Mannequin/Mesh/SK_Mannequin.uasset" 344
"../../../../../SpareTime/Unreal/FPS/FPS/Content/Models/Weapons-Firearms/Textures/T_G36_D.uasset" 345
"../../../../../SpareTime/Unreal/FPS/FPS/Content/Models/Weapons-Firearms/Textures/T_G36_N.uasset" 346
"../../../../../SpareTime/Unreal/FPS/FPS/Content/Models/Weapons-Firearms/Materials/M_G36.uasset" 347
"../../../../../SpareTime/Unreal/FPS/FPS/Content/Models/Weapons-Firearms/SM_G36C-SF.uasset" 348
"../../../../../SpareTime/Unreal/FPS/FPS/Content/Blueprints/AI/BP_AssualtCharacter.uasset" 349
"../../../../../SpareTime/Unreal/FPS/FPS/Content/TEMP/AgroCheck.uasset" 350
"../../../../../SpareTime/Unreal/FPS/FPS/Content/TEMP/FollowerBlackboard.uasset" 351
"../../../../../SpareTime/Unreal/FPS/FPS/Content/TEMP/FollowerBT.uasset" 352
"../../../../../SpareTime/Unreal/FPS/FPS/Content/TEMP/BP_AIController.uasset" 353
"../../../../../SpareTime/Unreal/FPS/FPS/Content/Models/Enemy/Textures/Tex_Solider_Body_Normal.uasset" 354
"../../../../../SpareTime/Unreal/FPS/FPS/Content/Models/Enemy/Textures/Tex_Solider_White_Body_Diffuse.uasset" 355
"../../../../../SpareTime/Unreal/FPS/FPS/Content/Models/Enemy/Materials/M_EnemyBody.uasset" 356
"../../../../../SpareTime/Unreal/FPS/FPS/Content/Models/Enemy/Textures/Tex_Solider_Head_Normal.uasset" 357
"../../../../../SpareTime/Unreal/FPS/FPS/Content/Models/Enemy/Textures/Tex_Solider_White_Head_Diffuse.uasset" 358
"../../../../../SpareTime/Unreal/FPS/FPS/Content/Models/Enemy/Materials/M_EnemyHead.uasset" 359
"../../../../../SpareTime/Unreal/FPS/FPS/Content/Models/Enemy/Soldier_PhysicsAsset.uasset" 360
"../../../../../SpareTime/Unreal/FPS/FPS/Content/Models/Enemy/Soldier.uasset" 361
"../../../../../SpareTime/Unreal/FPS/FPS/Content/TEMP/BP_AICharacter.uasset" 362
"../../../../../SpareTime/Unreal/FPS/FPS/Content/TEMP/CloseEnough.uasset" 363
"../../../../../SpareTime/Unreal/FPS/FPS/Content/TEMP/RapidMoveTo.uasset" 364
"../../../../../SpareTime/Unreal/FPS/FPS/Content/UI/Files/Fonts/System_San_Francisco_Display_Bold.uasset" 365
"../../../../../SpareTime/Unreal/FPS/FPS/Content/UI/Files/Fonts/System_San_Francisco_Display_Bold_Font.uasset" 366
"../../../../../SpareTime/Unreal/FPS/FPS/Content/UI/Files/Fonts/System_San_Francisco_Display_Thin.uasset" 367
"../../../../../SpareTime/Unreal/FPS/FPS/Content/UI/Files/Fonts/System_San_Francisco_Display_Thin_Font.uasset" 368
"../../../../../SpareTime/Unreal/FPS/FPS/Content/UI/Files/Fonts/System_San_Francisco_Display_Ultralight.uasset" 369
"../../../../../SpareTime/Unreal/FPS/FPS/Content/UI/Files/Fonts/System_San_Francisco_Display_Ultralight_Font.uasset" 370
"../../../Engine/Content/EngineMaterials/DefaultMaterial.uasset" 371
"../../../Engine/Content/BasicShapes/Cone.uasset" 372
"../../../Engine/Content/BasicShapes/Cylinder.uasset" 373
"../../../Engine/Content/BasicShapes/Sphere.uasset" 374
"../../../Engine/Content/EditorLandscapeResources/DataLayer.uasset" 375
"../../../Engine/Content/EditorMaterials/GizmoMaterial.uasset" 376
"../../../Engine/Content/EditorMaterials/MAT_Groups_Toggle.uasset" 377
"../../../Engine/Content/EditorMaterials/MAT_Groups_Visibility.uasset" 378
"../../../Engine/Content/EditorMaterials/PreviewShadowIndicator.uasset" 379
"../../../Engine/Content/EditorMaterials/PreviewShadowIndicatorMaterial.uasset" 380
"../../../Engine/Content/EditorMaterials/MatineeGroups/MAT_ColorTrack.uasset" 381
"../../../Engine/Content/EditorMaterials/MatineeGroups/MAT_Groups_Anim.uasset" 382
"../../../Engine/Content/EditorMaterials/MatineeGroups/MAT_Groups_AudioMaster.uasset" 383
"../../../Engine/Content/EditorMaterials/MatineeGroups/MAT_Groups_Director.uasset" 384
"../../../Engine/Content/EditorMaterials/MatineeGroups/MAT_Groups_Event.uasset" 385
"../../../Engine/Content/EditorMaterials/MatineeGroups/MAT_Groups_Fade.uasset" 386
"../../../Engine/Content/EditorMaterials/MatineeGroups/MAT_Groups_Float.uasset" 387
"../../../Engine/Content/EditorMaterials/MatineeGroups/MAT_Groups_Move.uasset" 388
"../../../Engine/Content/EditorMaterials/MatineeGroups/MAT_Groups_Slomo.uasset" 389
"../../../Engine/Content/EditorMaterials/MatineeGroups/MAT_Groups_Sound.uasset" 390
"../../../Engine/Content/EditorMaterials/MatineeGroups/MAT_Groups_Vector.uasset" 391
"../../../Engine/Content/EditorMaterials/ParticleSystems/PSysThumbnail_NoImage.uasset" 392
"../../../Engine/Content/EditorMaterials/ParticleSystems/PSysThumbnail_OOD.uasset" 393
"../../../Engine/Content/EditorMaterials/Camera/CineMat.uasset" 394
"../../../Engine/Content/EditorMaterials/Camera/MI_CineMat_Rig.uasset" 395
"../../../Engine/Content/EditorMeshes/Camera/SM_CraneRig_Arm.uasset" 396
"../../../Engine/Content/EditorMeshes/Camera/SM_CraneRig_Base.uasset" 397
"../../../Engine/Content/EditorMeshes/Camera/SM_CraneRig_Body.uasset" 398
"../../../Engine/Content/EditorMeshes/Camera/SM_CraneRig_Mount.uasset" 399
"../../../Engine/Content/EditorMeshes/Camera/SM_RailRig_Mount.uasset" 400
"../../../Engine/Content/EditorMeshes/Camera/SM_RailRig_Track.uasset" 401
"../../../Engine/Content/EditorMeshes/ColorCalibrator/M_ChromeBall.uasset" 402
"../../../Engine/Content/EditorMeshes/ColorCalibrator/M_ClearCoat.uasset" 403
"../../../Engine/Content/EditorMeshes/ColorCalibrator/M_ClearCoatBlack.uasset" 404
"../../../Engine/Content/EditorMeshes/ColorCalibrator/Color_checker.uasset" 405
"../../../Engine/Content/EditorMeshes/ColorCalibrator/M_ColorGrid.uasset" 406
"../../../Engine/Content/EditorMeshes/ColorCalibrator/M_GreyBall.uasset" 407
"../../../Engine/Content/EditorMeshes/ColorCalibrator/SM_ColorCalibrator.uasset" 408
"../../../Engine/Content/EditorResources/BSPVertex.uasset" 409
"../../../Engine/Content/EditorResources/EmptyActor.uasset" 410
"../../../Engine/Content/EditorResources/S_Actor.uasset" 411
"../../../Engine/Content/EditorResources/S_Trigger.uasset" 412
"../../../Engine/Content/EditorResources/AudioIcons/S_AudioComponent.uasset" 413
"../../../Engine/Content/EditorResources/LightIcons/S_LightError.uasset" 414
"../../../Engine/Content/EditorResources/SequenceRecorder/Countdown.uasset" 415
"../../../Engine/Content/EditorResources/SequenceRecorder/RecordingIndicator.uasset" 416
"../../../Engine/Content/EditorSounds/Notifications/CompileFailed.uasset" 417
"../../../Engine/Content/EditorSounds/Notifications/CompileFailed_Cue.uasset" 418
"../../../Engine/Content/EditorSounds/Notifications/CompileSuccess.uasset" 419
"../../../Engine/Content/EditorSounds/Notifications/CompileStart_Cue.uasset" 420
"../../../Engine/Content/EditorSounds/Notifications/CompileSuccess_Cue.uasset" 421
"../../../Engine/Content/EngineDamageTypes/DmgTypeBP_Environmental.uasset" 422
"../../../Engine/Content/EngineDebugMaterials/HeatmapGradient.uasset" 423
"../../../Engine/Content/EngineDebugMaterials/BoneWeightMaterial.uasset" 424
"../../../Engine/Content/EngineDebugMaterials/ClothMaterial.uasset" 425
"../../../Engine/Content/EngineDebugMaterials/ClothMaterial_WF.uasset" 426
"../../../Engine/Content/EngineDebugMaterials/DebugEditorMaterial.uasset" 427
"../../../Engine/Content/EngineDebugMaterials/DebugMeshMaterial.uasset" 428
"../../../Engine/Content/EngineDebugMaterials/GeomMaterial.uasset" 429
"../../../Engine/Content/EngineFonts/Faces/RobotoBold.uasset" 430
"../../../Engine/Content/EngineFonts/Faces/RobotoBoldItalic.uasset" 431
"../../../Engine/Content/EngineFonts/Faces/RobotoItalic.uasset" 432
"../../../Engine/Content/EngineFonts/Faces/RobotoLight.uasset" 433
"../../../Engine/Content/EngineFonts/Faces/RobotoRegular.uasset" 434
"../../../Engine/Content/EngineFonts/Roboto.uasset" 435
"../../../Engine/Content/EngineFonts/Faces/RobotoTiny.uasset" 436
"../../../Engine/Content/EngineFonts/RobotoTiny.uasset" 437
"../../../Engine/Content/EngineMaterials/DefaultBloomKernel.uasset" 438
"../../../Engine/Content/EngineMaterials/DefaultBokeh.uasset" 439
"../../../Engine/Content/EngineMaterials/DefaultDiffuse.uasset" 440
"../../../Engine/Content/EngineMaterials/DefaultDeferredDecalMaterial.uasset" 441
"../../../Engine/Content/EngineMaterials/DefaultLightFunctionMaterial.uasset" 442
"../../../Engine/Content/EngineMaterials/DefaultPhysicalMaterial.uasset" 443
"../../../Engine/Content/Functions/Engine_MaterialFunctions02/Utility/BreakOutFloat2Components.uasset" 444
"../../../Engine/Content/EngineMaterials/DefaultPostProcessMaterial.uasset" 445
"../../../Engine/Content/EngineFonts/RobotoDistanceField.uasset" 446
"../../../Engine/Content/EngineMaterials/DefaultTextMaterialOpaque.uasset" 447
"../../../Engine/Content/EngineMaterials/DefaultWhiteGrid.uasset" 448
"../../../Engine/Content/EngineMaterials/EditorBrushMaterial.uasset" 449
"../../../Engine/Content/EngineMaterials/Good64x64TilingNoiseHighFreq.uasset" 450
"../../../Engine/Content/EngineMaterials/MiniFont.uasset" 451
"../../../Engine/Content/EngineMaterials/InvalidLightmapSettings.uasset" 452
"../../../Engine/Content/EngineMaterials/M_InvalidLightmapSettings.uasset" 453
"../../../Engine/Content/Functions/Engine_MaterialFunctions02/WorldPositionOffset/CameraOffset.uasset" 454
"../../../Engine/Content/EngineMaterials/PhAT_JointLimitMaterial.uasset" 455
"../../../Engine/Content/EngineMaterials/PreintegratedSkinBRDF.uasset" 456
"../../../Engine/Content/EngineMaterials/RemoveSurfaceMaterial.uasset" 457
"../../../Engine/Content/EngineMaterials/WeightMapPlaceholderTexture.uasset" 458
"../../../Engine/Content/EngineResources/WhiteSquareTexture.uasset" 459
"../../../Engine/Content/EngineMaterials/Widget3DPassThrough.uasset" 460
"../../../Engine/Content/EngineMaterials/Widget3DPassThrough_Masked.uasset" 461
"../../../Engine/Content/EngineMaterials/Widget3DPassThrough_Opaque.uasset" 462
"../../../Engine/Content/EngineMaterials/Widget3DPassThrough_Masked_OneSided.uasset" 463
"../../../Engine/Content/EngineMaterials/Widget3DPassThrough_Opaque_OneSided.uasset" 464
"../../../Engine/Content/EngineMaterials/Widget3DPassThrough_Translucent.uasset" 465
"../../../Engine/Content/EngineMaterials/Widget3DPassThrough_Translucent_OneSided.uasset" 466
"../../../Engine/Content/EngineMeshes/Cube.uasset" 467
"../../../Engine/Content/EngineMeshes/Cylinder.uasset" 468
"../../../Engine/Content/EngineMeshes/Sphere.uasset" 469
"../../../Engine/Content/EngineResources/Black.uasset" 470
"../../../Engine/Content/EngineResources/DefaultTexture.uasset" 471
"../../../Engine/Content/EngineResources/DefaultTextureCube.uasset" 472
"../../../Engine/Content/EngineResources/GradientTexture0.uasset" 473
"../../../Engine/Content/EngineSounds/Master.uasset" 474
"../../../Engine/Content/Functions/Engine_MaterialFunctions01/Shading/ConvertFromDiffSpec.uasset" 475
"../../../Engine/Content/Functions/Engine_MaterialFunctions01/Shading/PowerToRoughness.uasset" 476
"../../../Engine/Content/Maps/Templates/Thumbnails/Default.uasset" 477
"../../../Engine/Content/Maps/Templates/Thumbnails/VR-Basic.uasset" 478
"../../../Engine/Content/MobileResources/T_MobileControls_texture.uasset" 479
"../../../Engine/Content/MobileResources/T_MobileMenu2.uasset" 480
"../../../Engine/Content/MobileResources/HUD/AnalogHat.uasset" 481
"../../../Engine/Content/MobileResources/HUD/VirtualJoystick_Background.uasset" 482
"../../../Engine/Content/MobileResources/HUD/VirtualJoystick_Thumb.uasset" 483
"../../../Engine/Content/MobileResources/HUD/DefaultVirtualJoysticks.uasset" 484
"../../../Engine/Content/MobileResources/HUD/LeftVirtualJoystickOnly.uasset" 485
"../../../Engine/Content/MobileResources/HUD/MobileHUDButton1_off.uasset" 486
"../../../Engine/Content/MobileResources/HUD/MobileHUDButton1_on.uasset" 487
"../../../Engine/Content/MobileResources/HUD/MobileHUDButton2_off.uasset" 488
"../../../Engine/Content/MobileResources/HUD/MobileHUDButton2_on.uasset" 489
"../../../Engine/Content/MobileResources/HUD/MobileHUDButton3.uasset" 490
"../../../Engine/Content/MobileResources/HUD/MobileHUDButtonFire.uasset" 491
"../../../Engine/Content/MobileResources/HUD/MobileHUDDirectionPad.uasset" 492
"../../../Engine/Content/MobileResources/HUD/MobileHUDDirectionPad2.uasset" 493
"../../../Engine/Content/MobileResources/HUD/MobileHUDDirectionPad3.uasset" 494
"../../../Engine/Content/MobileResources/HUD/MobileHUDDirectionStick.uasset" 495
"../../../Engine/Content/MobileResources/HUD/T_Castle_ThumbstickInner.uasset" 496
"../../../Engine/Content/MobileResources/HUD/T_Castle_ThumbstickOutter.uasset" 497
"../../../Engine/Content/Tutorial/ContentIntroCurve.uasset" 498
"../../../Engine/Content/Tutorial/Basics/TutorialAssets/icon_tab_Levels_40x.uasset" 499
"../../../Engine/Content/Tutorial/BlueprintTutorials/TutorialAssets/BlueprintInterface_64x.uasset" 500
"../../../Engine/Content/Tutorial/BlueprintTutorials/TutorialAssets/BlueprintMacroLibrary_64x.uasset" 501
"../../../Engine/Content/Tutorial/BlueprintTutorials/TutorialAssets/Blueprint_64x.uasset" 502
"../../../Engine/Content/Tutorial/BlueprintTutorials/TutorialAssets/Tutorial_BP_Interface.uasset" 503
"../../../Engine/Content/Tutorial/Foliage/TutorialAssets/Foliage.uasset" 504
"../../../Engine/Content/Tutorial/Landscape/TutorialAssets/Landscape.uasset" 505
"../../../Engine/Content/Tutorial/Paper2D/TutorialAssets/Paper2DFlipbook_TutorialIcon.uasset" 506
"../../../Engine/Content/Tutorial/Paper2D/TutorialAssets/Paper2DSprite_TutorialIcon.uasset" 507
"../../../Engine/Content/Tutorial/SubEditors/TutorialAssets/icon_Editor_Preferences_General_40x.uasset" 508
"../../../Engine/Content/Tutorial/SubEditors/TutorialAssets/icon_ShowSkeletalMeshes_40x.uasset" 509
"../../../Engine/Content/Tutorial/SubEditors/TutorialAssets/TutorialMaterial.uasset" 510
"../../../Engine/Content/Tutorial/SubEditors/TutorialAssets/T_SmokeSubUV_8X8.uasset" 511
"../../../Engine/Content/Tutorial/SubEditors/TutorialAssets/T_soft_smoke.uasset" 512
"../../../Engine/Content/Tutorial/SubEditors/TutorialAssets/M_smoke_subUV_blackbody.uasset" 513
"../../../Engine/Content/Tutorial/SubEditors/TutorialAssets/TutorialParticleSystem.uasset" 514
"../../../Engine/Content/VREditor/Devices/Generic/GenericHMDMaterial.uasset" 515
"../../../Engine/Content/VREditor/Devices/Generic/GenericHMD.uasset" 516
"../../../Engine/Content/Functions/Engine_MaterialFunctions02/Utility/BreakOutFloat3Components.uasset" 517
"../../../Engine/Content/VREditor/Devices/Vive/VivePreController_MasksB.uasset" 518
"../../../Engine/Content/VREditor/Devices/Oculus/OculusControllerMaterial.uasset" 519
"../../../Engine/Content/VREditor/Devices/Oculus/OculusControllerMaterial_Inst.uasset" 520
"../../../Engine/Content/VREditor/Devices/Oculus/OculusControllerMesh.uasset" 521
"../../../Engine/Content/VREditor/Devices/Vive/T_VivePreController_EM.uasset" 522
"../../../Engine/Content/VREditor/Devices/Vive/VivePreController_MasksA.uasset" 523
"../../../Engine/Content/VREditor/Devices/Vive/VivePreControllerDiffuse.uasset" 524
"../../../Engine/Content/VREditor/Devices/Vive/VivePreControllerSpec.uasset" 525
"../../../Engine/Content/VREditor/LaserPointer/VR_LaserPower_01.uasset" 526
"../../../Engine/Content/VREditor/Devices/Vive/VivePreControllerMaterial.uasset" 527
"../../../Engine/Content/VREditor/Devices/Vive/VivePreControllerMaterial_Inst.uasset" 528
"../../../Engine/Content/VREditor/Devices/Vive/VivePreControllerMesh.uasset" 529
"../../../Engine/Content/VREditor/FloatingText/LineMaterial.uasset" 530
"../../../Engine/Content/VREditor/FloatingText/JointSphere.uasset" 531
"../../../Engine/Content/VREditor/FloatingText/LineSegmentCylinder.uasset" 532
"../../../Engine/Content/VREditor/Fonts/VRText_RobotoLarge.uasset" 533
"../../../Engine/Content/VREditor/Fonts/VRTextMaterial.uasset" 534
"../../../Engine/Content/VREditor/Fonts/TranslucentVRTextMaterial.uasset" 535
"../../../Engine/Content/VREditor/LaserPointer/CursorPointer.uasset" 536
"../../../Engine/Content/VREditor/TransformGizmo/TransformGizmoMaterial.uasset" 537
"../../../Engine/Content/VREditor/LaserPointer/HoverMaterial.uasset" 538
"../../../Engine/Content/VREditor/TransformGizmo/TranslucentTransformGizmoMaterial.uasset" 539
"../../../Engine/Content/VREditor/LaserPointer/TranslucentHoverMaterial.uasset" 540
"../../../Engine/Content/VREditor/LaserPointer/HoverMesh.uasset" 541
"../../../Engine/Content/VREditor/LaserPointer/LaserPointerMaterial.uasset" 542
"../../../Engine/Content/VREditor/LaserPointer/LaserPointerMaterialInst.uasset" 543
"../../../Engine/Content/VREditor/LaserPointer/TranslucentLaserPointerMaterialInst.uasset" 544
"../../../Engine/Content/VREditor/LaserPointer/LaserPointerMesh.uasset" 545
"../../../Engine/Content/VREditor/LaserPointer/LaserPointerMesh_End.uasset" 546
"../../../Engine/Content/VREditor/LaserPointer/LaserPointerMesh_Start.uasset" 547
"../../../Engine/Content/VREditor/Sounds/VR_teleport.uasset" 548
"../../../Engine/Content/VREditor/Sounds/UI/Click_on_Button.uasset" 549
"../../../Engine/Content/VREditor/Sounds/UI/Click_on_Button_Cue.uasset" 550
"../../../Engine/Content/VREditor/Sounds/UI/Dockable_Window_Close.uasset" 551
"../../../Engine/Content/VREditor/Sounds/UI/Dockable_Window_Drop.uasset" 552
"../../../Engine/Content/VREditor/Sounds/UI/Dockable_Window_Open.uasset" 553
"../../../Engine/Content/VREditor/Sounds/UI/Dockable_Window_Pick_Up.uasset" 554
"../../../Engine/Content/VREditor/Sounds/UI/Drop_Item_From_ContentBrowser.uasset" 555
"../../../Engine/Content/VREditor/Sounds/UI/Floating_UI_Open-001.uasset" 556
"../../../Engine/Content/VREditor/Sounds/UI/Radial_Menu_FadeOut.uasset" 557
"../../../Engine/Content/VREditor/Sounds/UI/Teleport_Mode_Entered.uasset" 558
"../../../Engine/Content/VREditor/Teleport/TeleportDirectionMaterial.uasset" 559
"../../../Engine/Content/VREditor/Teleport/TeleportDirectionMaterial_Inst.uasset" 560
"../../../Engine/Content/VREditor/Teleport/TeleportDirectionMesh.uasset" 561
"../../../Engine/Content/VREditor/TransformGizmo/BoundingBoxCorner.uasset" 562
"../../../Engine/Content/VREditor/TransformGizmo/BoundingBoxEdge.uasset" 563
"../../../Engine/Content/VREditor/TransformGizmo/PlaneTranslationHandle.uasset" 564
"../../../Engine/Content/VREditor/TransformGizmo/Main.uasset" 565
"../../../Engine/Content/VREditor/TransformGizmo/Xray.uasset" 566
"../../../Engine/Content/VREditor/TransformGizmo/SM_Dialog_Close.uasset" 567
"../../../Engine/Content/VREditor/TransformGizmo/SM_Dialog_Move.uasset" 568
"../../../Engine/Content/VREditor/TransformGizmo/SM_Sequencer_Key.uasset" 569
"../../../Engine/Content/VREditor/TransformGizmo/SM_Sequencer_Node.uasset" 570
"../../../Engine/Content/VREditor/TransformGizmo/TransformGizmoMaterial_Inst.uasset" 571
"../../../Engine/Content/VREditor/TransformGizmo/TranslucentTransformGizmoMaterial_Inst.uasset" 572
"../../../Engine/Content/VREditor/Devices/Vive/UE4_Logo.uasset" 573
"../../../Engine/Content/VREditor/UI/M_ContentWindow.uasset" 574
"../../../Engine/Content/VREditor/UI/SM_ContentWindow_01.uasset" 575
"../../../Engine/Content/VREditor/UI/KeyDiskMaterial.uasset" 576
"../../../Engine/Content/VREditor/UI/DiscMaterial.uasset" 577
"../../../Engine/Content/VREditor/UI/SM_Radial_Disk.uasset" 578
"../../../Engine/Content/VREditor/UI/ArrowMaterial.uasset" 579
"../../../Engine/Content/VREditor/UI/SM_Radial_Pointer.uasset" 580
"../../../Engine/Content/VREditor/WorldMovementGrid/SimpleGrid.uasset" 581
"../../../Engine/Content/VREditor/WorldMovementGrid/GridMaterial.uasset" 582
"../../../Engine/Content/Functions/Engine_MaterialFunctions01/Density/ExponentialDensity.uasset" 583
"../../../Engine/Content/VREditor/WorldMovementGrid/GridPostProcess.uasset" 584
"../../../Engine/Content/EditorLandscapeResources/FlattenHeightMat.uasset" 585
"../../../Engine/Content/VREditor/WorldMovementGrid/PlaneMesh.uasset" 586
"../../Plugins/2D/Paper2D/Content/PlaceholderTextures/DummySpriteTexture.uasset" 587
"../../Plugins/2D/Paper2D/Content/DummySprite.uasset" 588
"../../Plugins/2D/Paper2D/Content/DefaultPaperTerrainMaterial.uasset" 589
"../../Plugins/2D/Paper2D/Content/DefaultSpriteMaterial.uasset" 590
"../../Plugins/2D/Paper2D/Content/MaskedUnlitSpriteMaterial.uasset" 591
"../../Plugins/2D/Paper2D/Content/OpaqueUnlitSpriteMaterial.uasset" 592
"../../Plugins/Media/MediaCompositing/Content/DefaultMediaPlaneTexture.uasset" 593
"../../Plugins/Media/MediaCompositing/Content/DefaultMediaPlaneMaterial.uasset" 594
"../../../Engine/Content/Functions/Engine_MaterialFunctions02/Utility/MakeFloat4.uasset" 595
"../../Plugins/Runtime/AppleARKit/Content/ARKitCameraMaterial.uasset" 596
"../../Plugins/Runtime/Oculus/OculusVR/Content/Textures/GearVRController_AO.uasset" 597
"../../Plugins/Runtime/Oculus/OculusVR/Content/Textures/GearVRController_Color.uasset" 598
"../../Plugins/Runtime/Oculus/OculusVR/Content/Textures/GearVRController_Normal.uasset" 599
"../../Plugins/Runtime/Oculus/OculusVR/Content/Materials/GearVRControllerMaterial.uasset" 600
"../../Plugins/Runtime/Oculus/OculusVR/Content/Meshes/GearVrController.uasset" 601
"../../../../../SpareTime/Unreal/FPS/FPS/Content/Blueprints/AI/BP_AssaultEnemy.uasset" 602
"../../../Engine/Content/EngineSky/C_Sky_Cloud_Color.uasset" 603
"../../../Engine/Content/EngineSky/C_Sky_Horizon_Color.uasset" 604
"../../../Engine/Content/EngineSky/C_Sky_Zenith_Color.uasset" 605
"../../../Engine/Content/EngineSky/T_Sky_Blue.uasset" 606
"../../../Engine/Content/EngineSky/T_Sky_Clouds_M.uasset" 607
"../../../Engine/Content/EngineSky/T_Sky_Stars.uasset" 608
"../../../Engine/Content/EngineSky/M_Sky_Panning_Clouds2.uasset" 609
"../../../Engine/Content/EngineSky/SM_SkySphere.uasset" 610
"../../../Engine/Content/EngineSky/BP_Sky_Sphere.uasset" 611
"../../../Engine/Content/BasicShapes/BasicShapeMaterial.uasset" 612
"../../../Engine/Content/BasicShapes/Cube.uasset" 613
"../../../Engine/Content/BasicShapes/Plane.uasset" 614
"../../../../../SpareTime/Unreal/FPS/FPS/Content/Maps/AITestMap.umap" 615
"../../../../../SpareTime/Unreal/FPS/FPS/Content/UI/Widgets/Inventory/Files/SMG.uasset" 616
"../../../../../SpareTime/Unreal/FPS/FPS/Content/Blueprints/Pickups/BP_SMGPickUp.uasset" 617
"../../../../../SpareTime/Unreal/FPS/FPS/Content/Maps/Level1_BuiltData.uasset" 618
"../../../../../SpareTime/Unreal/FPS/FPS/Content/Models/CommunicationsEquip/Textures/T_RadioNew_D.uasset" 619
"../../../../../SpareTime/Unreal/FPS/FPS/Content/Models/CommunicationsEquip/Textures/T_RadioNew_N.uasset" 620
"../../../../../SpareTime/Unreal/FPS/FPS/Content/Models/CommunicationsEquip/Textures/T_RadioNew_RMA.uasset" 621
"../../../../../SpareTime/Unreal/FPS/FPS/Content/Models/CommunicationsEquip/Materials/M_RadioNew.uasset" 622
"../../../../../SpareTime/Unreal/FPS/FPS/Content/Models/CommunicationsEquip/Textures/T_LCD.uasset" 623
"../../../../../SpareTime/Unreal/FPS/FPS/Content/Models/CommunicationsEquip/Materials/M_RadioNewLCD.uasset" 624
"../../../../../SpareTime/Unreal/FPS/FPS/Content/Models/CommunicationsEquip/SM_RadioNew.uasset" 625
"../../../../../SpareTime/Unreal/FPS/FPS/Content/Models/Doors/Textures/T_Door_D.uasset" 626
"../../../../../SpareTime/Unreal/FPS/FPS/Content/Models/Doors/Textures/T_Door_N.uasset" 627
"../../../../../SpareTime/Unreal/FPS/FPS/Content/Models/Doors/Textures/T_Door_RMA.uasset" 628
"../../../../../SpareTime/Unreal/FPS/FPS/Content/Models/Doors/Materials/M_Door.uasset" 629
"../../../../../SpareTime/Unreal/FPS/FPS/Content/Models/Doors/SM_DoorPlain.uasset" 630
"../../../../../SpareTime/Unreal/FPS/FPS/Content/Models/Doors/SM_DoorVent.uasset" 631
"../../../../../SpareTime/Unreal/FPS/FPS/Content/Models/Doors/SM_DoorVentDb.uasset" 632
"../../../../../SpareTime/Unreal/FPS/FPS/Content/Models/Doors/Materials/M_DoorGlass.uasset" 633
"../../../../../SpareTime/Unreal/FPS/FPS/Content/Models/Doors/SM_DoorWindow.uasset" 634
"../../../../../SpareTime/Unreal/FPS/FPS/Content/Models/Doors/Textures/T_Locks_D.uasset" 635
"../../../../../SpareTime/Unreal/FPS/FPS/Content/Models/Doors/Textures/T_Locks_N.uasset" 636
"../../../../../SpareTime/Unreal/FPS/FPS/Content/Models/Doors/Textures/T_Locks_RMA.uasset" 637
"../../../../../SpareTime/Unreal/FPS/FPS/Content/Models/Doors/Materials/M_Locks.uasset" 638
"../../../../../SpareTime/Unreal/FPS/FPS/Content/Models/Doors/SM_LockBar.uasset" 639
"../../../../../SpareTime/Unreal/FPS/FPS/Content/Models/Doors/SM_LockBasic.uasset" 640
"../../../../../SpareTime/Unreal/FPS/FPS/Content/Models/Doors/SM_LockFireEsc.uasset" 641
"../../../../../SpareTime/Unreal/FPS/FPS/Content/Models/Doors/SM_LockKeypad.uasset" 642
"../../../../../SpareTime/Unreal/FPS/FPS/Content/Models/Doors/Materials/M_DoorLight.uasset" 643
"../../../../../SpareTime/Unreal/FPS/FPS/Content/Models/Doors/SM_LockKeypadLight.uasset" 644
"../../../../../SpareTime/Unreal/FPS/FPS/Content/Models/Electronics/Textures/T_CCTV_D.uasset" 645
"../../../../../SpareTime/Unreal/FPS/FPS/Content/Models/Electronics/Textures/T_CCTV_N.uasset" 646
"../../../../../SpareTime/Unreal/FPS/FPS/Content/Models/Electronics/Textures/T_CCTV_RMA.uasset" 647
"../../../../../SpareTime/Unreal/FPS/FPS/Content/Models/Electronics/Materials/M_CCTV.uasset" 648
"../../../../../SpareTime/Unreal/FPS/FPS/Content/Models/Electronics/SM_CCTVBracket.uasset" 649
"../../../../../SpareTime/Unreal/FPS/FPS/Content/Models/Electronics/SM_CCTVCamera.uasset" 650
"../../../../../SpareTime/Unreal/FPS/FPS/Content/Models/Electronics/Textures/T_Computer_D.uasset" 651
"../../../../../SpareTime/Unreal/FPS/FPS/Content/Models/Electronics/Textures/T_Computer_N.uasset" 652
"../../../../../SpareTime/Unreal/FPS/FPS/Content/Models/Electronics/Textures/T_Computer_RMA.uasset" 653
"../../../../../SpareTime/Unreal/FPS/FPS/Content/Models/Electronics/Materials/M_Computer.uasset" 654
"../../../../../SpareTime/Unreal/FPS/FPS/Content/Models/Electronics/SM_ComputerKeyboard.uasset" 655
"../../../../../SpareTime/Unreal/FPS/FPS/Content/Models/CommunicationsEquip/Materials/M_ScreenMat.uasset" 656
"../../../../../SpareTime/Unreal/FPS/FPS/Content/Models/Electronics/SM_ComputerMonitor.uasset" 657
"../../../../../SpareTime/Unreal/FPS/FPS/Content/Models/Electronics/SM_ComputerMouse.uasset" 658
"../../../../../SpareTime/Unreal/FPS/FPS/Content/Models/Electronics/SM_ComputerPhone.uasset" 659
"../../../../../SpareTime/Unreal/FPS/FPS/Content/Models/Electronics/SM_ComputerTower.uasset" 660
"../../../../../SpareTime/Unreal/FPS/FPS/Content/Models/Electronics/Textures/T_PhotoCopier__N.uasset" 661
"../../../../../SpareTime/Unreal/FPS/FPS/Content/Models/Electronics/Textures/T_PhotoCopier_D.uasset" 662
"../../../../../SpareTime/Unreal/FPS/FPS/Content/Models/Electronics/Textures/T_PhotoCopier_RMA.uasset" 663
"../../../../../SpareTime/Unreal/FPS/FPS/Content/Models/Electronics/Materials/M_PhotoCopier.uasset" 664
"../../../../../SpareTime/Unreal/FPS/FPS/Content/Models/Electronics/SM_PhotocopierBig.uasset" 665
"../../../../../SpareTime/Unreal/FPS/FPS/Content/Models/Electronics/SM_PhotocopierSmall.uasset" 666
"../../../../../SpareTime/Unreal/FPS/FPS/Content/Models/Electronics/Textures/R_WalTV_RMA.uasset" 667
"../../../../../SpareTime/Unreal/FPS/FPS/Content/Models/Electronics/Textures/T_WallTV_D.uasset" 668
"../../../../../SpareTime/Unreal/FPS/FPS/Content/Models/Electronics/Textures/T_WallTV_N.uasset" 669
"../../../../../SpareTime/Unreal/FPS/FPS/Content/Models/Electronics/Materials/M_WallTV.uasset" 670
"../../../../../SpareTime/Unreal/FPS/FPS/Content/Models/Electronics/SM_WallTV.uasset" 671
"../../../../../SpareTime/Unreal/FPS/FPS/Content/Models/Furniture/Textures/T_CircularTable_D.uasset" 672
"../../../../../SpareTime/Unreal/FPS/FPS/Content/Models/Furniture/Textures/T_CircularTable_N.uasset" 673
"../../../../../SpareTime/Unreal/FPS/FPS/Content/Models/Furniture/Textures/T_CircularTable_RMA.uasset" 674
"../../../../../SpareTime/Unreal/FPS/FPS/Content/Models/Furniture/Materials/M_CircularTable.uasset" 675
"../../../../../SpareTime/Unreal/FPS/FPS/Content/Models/Furniture/SM_CircularTable.uasset" 676
"../../../../../SpareTime/Unreal/FPS/FPS/Content/Models/Furniture/Textures/T_ComputerChair_D.uasset" 677
"../../../../../SpareTime/Unreal/FPS/FPS/Content/Models/Furniture/Textures/T_ComputerChair_N.uasset" 678
"../../../../../SpareTime/Unreal/FPS/FPS/Content/Models/Furniture/Textures/T_ComputerChair_RMA.uasset" 679
"../../../../../SpareTime/Unreal/FPS/FPS/Content/Models/Furniture/Materials/M_ComputerChair.uasset" 680
"../../../../../SpareTime/Unreal/FPS/FPS/Content/Models/Furniture/Textures/T_ComputerChairBack_M.uasset" 681
"../../../../../SpareTime/Unreal/FPS/FPS/Content/Models/Furniture/Textures/T_ComputerChairBack_N.uasset" 682
"../../../../../SpareTime/Unreal/FPS/FPS/Content/Models/Furniture/Materials/M_ComputerChairBack.uasset" 683
"../../../../../SpareTime/Unreal/FPS/FPS/Content/Models/Furniture/SM_ComputerChair.uasset" 684
"../../../../../SpareTime/Unreal/FPS/FPS/Content/Models/Furniture/Materials/M_DeskChrome.uasset" 685
"../../../../../SpareTime/Unreal/FPS/FPS/Content/Models/Furniture/Materials/M_DeskTop.uasset" 686
"../../../../../SpareTime/Unreal/FPS/FPS/Content/Models/Furniture/SM_DeskSingle.uasset" 687
"../../../../../SpareTime/Unreal/FPS/FPS/Content/Models/Furniture/Textures/T_ThinChair_N.uasset" 688
"../../../../../SpareTime/Unreal/FPS/FPS/Content/Models/Furniture/Materials/M_ThinChair.uasset" 689
"../../../../../SpareTime/Unreal/FPS/FPS/Content/Models/Furniture/SM_ThinChair.uasset" 690
"../../../../../SpareTime/Unreal/FPS/FPS/Content/Models/Furniture/SM_ThinChairNoArms.uasset" 691
"../../../../../SpareTime/Unreal/FPS/FPS/Content/Models/GenericProps/Textures/T_skin_box.uasset" 692
"../../../../../SpareTime/Unreal/FPS/FPS/Content/Models/GenericProps/Textures/T_skin_box_norm.uasset" 693
"../../../../../SpareTime/Unreal/FPS/FPS/Content/Models/GenericProps/Materials/M_Box.uasset" 694
"../../../../../SpareTime/Unreal/FPS/FPS/Content/Models/GenericProps/box.uasset" 695
"../../../../../SpareTime/Unreal/FPS/FPS/Content/Models/GenericProps/Textures/T_AOFUSEBOX.uasset" 696
"../../../../../SpareTime/Unreal/FPS/FPS/Content/Models/GenericProps/Textures/T_DEFFUSEBOX.uasset" 697
"../../../../../SpareTime/Unreal/FPS/FPS/Content/Models/GenericProps/Textures/T_FUSEBOX_0.uasset" 698
"../../../../../SpareTime/Unreal/FPS/FPS/Content/Models/GenericProps/Textures/T_NORMFUSEBOX.uasset" 699
"../../../../../SpareTime/Unreal/FPS/FPS/Content/Models/GenericProps/Textures/T_SPECFUSEBOX.uasset" 700
"../../../../../SpareTime/Unreal/FPS/FPS/Content/Models/GenericProps/Materials/M_FuseBox.uasset" 701
"../../../../../SpareTime/Unreal/FPS/FPS/Content/Models/GenericProps/FUSEBOX.uasset" 702
"../../../../../SpareTime/Unreal/FPS/FPS/Content/Models/GenericProps/Textures/T_filing-cabinet-albedo.uasset" 703
"../../../../../SpareTime/Unreal/FPS/FPS/Content/Models/GenericProps/Textures/T_filing-cabinet-normal.uasset" 704
"../../../../../SpareTime/Unreal/FPS/FPS/Content/Models/GenericProps/Materials/M_FileCabinet.uasset" 705
"../../../../../SpareTime/Unreal/FPS/FPS/Content/Models/GenericProps/office_free_unity_5.uasset" 706
"../../../../../SpareTime/Unreal/FPS/FPS/Content/Models/GenericProps/Textures/T_Desklight_D.uasset" 707
"../../../../../SpareTime/Unreal/FPS/FPS/Content/Models/GenericProps/Textures/T_Desklight_N.uasset" 708
"../../../../../SpareTime/Unreal/FPS/FPS/Content/Models/GenericProps/Textures/T_Desklight_RMA.uasset" 709
"../../../../../SpareTime/Unreal/FPS/FPS/Content/Models/GenericProps/Materials/M_Desklight.uasset" 710
"../../../../../SpareTime/Unreal/FPS/FPS/Content/Models/GenericProps/Textures/PlaceholderDrinksLogo.uasset" 711
"../../../../../SpareTime/Unreal/FPS/FPS/Content/Models/GenericProps/Materials/M_VendingLight.uasset" 712
"../../../../../SpareTime/Unreal/FPS/FPS/Content/Models/GenericProps/SM_Desklight.uasset" 713
"../../../../../SpareTime/Unreal/FPS/FPS/Content/Models/GenericProps/Textures/T_FireEx_D.uasset" 714
"../../../../../SpareTime/Unreal/FPS/FPS/Content/Models/GenericProps/Textures/T_FireEx_N.uasset" 715
"../../../../../SpareTime/Unreal/FPS/FPS/Content/Models/GenericProps/Textures/T_FireEx_RMA.uasset" 716
"../../../../../SpareTime/Unreal/FPS/FPS/Content/Models/GenericProps/Materials/M_FireExtinguisher.uasset" 717
"../../../../../SpareTime/Unreal/FPS/FPS/Content/Models/GenericProps/SM_FireEx.uasset" 718
"../../../../../SpareTime/Unreal/FPS/FPS/Content/Models/GenericProps/Textures/T_HealthKit_N.uasset" 719
"../../../../../SpareTime/Unreal/FPS/FPS/Content/Models/GenericProps/Materials/M_Healthkit.uasset" 720
"../../../../../SpareTime/Unreal/FPS/FPS/Content/Models/GenericProps/SM_HealthkitBox.uasset" 721
"../../../../../SpareTime/Unreal/FPS/FPS/Content/Models/GenericProps/SM_HealthkitBracket.uasset" 722
"../../../../../SpareTime/Unreal/FPS/FPS/Content/Models/GenericProps/Textures/T_MetalBins_D.uasset" 723
"../../../../../SpareTime/Unreal/FPS/FPS/Content/Models/GenericProps/Textures/T_MetalBins_N.uasset" 724
"../../../../../SpareTime/Unreal/FPS/FPS/Content/Models/GenericProps/Textures/T_MetalBins_RMA.uasset" 725
"../../../../../SpareTime/Unreal/FPS/FPS/Content/Models/GenericProps/Materials/M_MetalBins.uasset" 726
"../../../../../SpareTime/Unreal/FPS/FPS/Content/Models/GenericProps/SM_MetalBinDouble.uasset" 727
"../../../../../SpareTime/Unreal/FPS/FPS/Content/Models/GenericProps/Textures/T_RetroVending_D.uasset" 728
"../../../../../SpareTime/Unreal/FPS/FPS/Content/Models/GenericProps/Textures/T_RetroVending_N.uasset" 729
"../../../../../SpareTime/Unreal/FPS/FPS/Content/Models/GenericProps/Textures/T_RetroVending_RMA.uasset" 730
"../../../../../SpareTime/Unreal/FPS/FPS/Content/Models/GenericProps/Materials/M_RetroVending.uasset" 731
"../../../../../SpareTime/Unreal/FPS/FPS/Content/Models/GenericProps/SM_RetroVending.uasset" 732
"../../../../../SpareTime/Unreal/FPS/FPS/Content/Models/GenericProps/Textures/T_VendingMachines_D.uasset" 733
"../../../../../SpareTime/Unreal/FPS/FPS/Content/Models/GenericProps/Textures/T_VendingMachines_N.uasset" 734
"../../../../../SpareTime/Unreal/FPS/FPS/Content/Models/GenericProps/Textures/T_VendingMachines_RMA.uasset" 735
"../../../../../SpareTime/Unreal/FPS/FPS/Content/Models/GenericProps/Materials/M_VendingMachines.uasset" 736
"../../../../../SpareTime/Unreal/FPS/FPS/Content/Models/GenericProps/SM_VendingCoffee.uasset" 737
"../../../../../SpareTime/Unreal/FPS/FPS/Content/Models/GenericProps/SM_VendingDrinks.uasset" 738
"../../../../../SpareTime/Unreal/FPS/FPS/Content/Models/GenericProps/SM_VendingSnacks.uasset" 739
"../../../../../SpareTime/Unreal/FPS/FPS/Content/Models/GenericProps/Textures/T_WaterCooler_D.uasset" 740
"../../../../../SpareTime/Unreal/FPS/FPS/Content/Models/GenericProps/Textures/T_WaterCooler_N.uasset" 741
"../../../../../SpareTime/Unreal/FPS/FPS/Content/Models/GenericProps/Textures/T_WaterCooler_RMA.uasset" 742
"../../../../../SpareTime/Unreal/FPS/FPS/Content/Models/GenericProps/Materials/M_WaterCooler.uasset" 743
"../../../../../SpareTime/Unreal/FPS/FPS/Content/Models/GenericProps/SM_WaterCooler.uasset" 744
"../../../../../SpareTime/Unreal/FPS/FPS/Content/Models/Lamps/glass_milk_new.uasset" 745
"../../../../../SpareTime/Unreal/FPS/FPS/Content/Models/Lamps/metal_grey_new.uasset" 746
"../../../../../SpareTime/Unreal/FPS/FPS/Content/Models/Lamps/sconce_03.uasset" 747
"../../../../../SpareTime/Unreal/FPS/FPS/Content/Models/Locker/Textures/locker_Base_Color.uasset" 748
"../../../../../SpareTime/Unreal/FPS/FPS/Content/Models/Locker/Textures/locker_Metallic.uasset" 749
"../../../../../SpareTime/Unreal/FPS/FPS/Content/Models/Locker/Textures/locker_Mixed_AO.uasset" 750
"../../../../../SpareTime/Unreal/FPS/FPS/Content/Models/Locker/Textures/locker_Normal_OpenGL.uasset" 751
"../../../../../SpareTime/Unreal/FPS/FPS/Content/Models/Locker/Textures/locker_Roughness.uasset" 752
"../../../../../SpareTime/Unreal/FPS/FPS/Content/Models/Locker/Materials/M_Locker.uasset" 753
"../../../../../SpareTime/Unreal/FPS/FPS/Content/Models/Locker/locker_fin.uasset" 754
"../../../../../SpareTime/Unreal/FPS/FPS/Content/Models/StorageProps/Textures/DefaultMaterial_albedo.uasset" 755
"../../../../../SpareTime/Unreal/FPS/FPS/Content/Models/StorageProps/Textures/DefaultMaterial_AO.uasset" 756
"../../../../../SpareTime/Unreal/FPS/FPS/Content/Models/StorageProps/Textures/DefaultMaterial_metallic.uasset" 757
"../../../../../SpareTime/Unreal/FPS/FPS/Content/Models/StorageProps/Textures/DefaultMaterial_normal.uasset" 758
"../../../../../SpareTime/Unreal/FPS/FPS/Content/Models/StorageProps/Textures/DefaultMaterial_roughness.uasset" 759
"../../../../../SpareTime/Unreal/FPS/FPS/Content/Models/StorageProps/Materials/M_MetallicBarrel.uasset" 760
"../../../../../SpareTime/Unreal/FPS/FPS/Content/Models/StorageProps/MetallicBarrelWithLOD_MetallicBarel_LOD00.uasset" 761
"../../../../../SpareTime/Unreal/FPS/FPS/Content/Models/StorageProps/Textures/pallet_DefaultMaterial_AlbedoTransparency.uasset" 762
"../../../../../SpareTime/Unreal/FPS/FPS/Content/Models/StorageProps/Textures/pallet_DefaultMaterial_MetallicSmoothness.uasset" 763
"../../../../../SpareTime/Unreal/FPS/FPS/Content/Models/StorageProps/Textures/pallet_DefaultMaterial_Normal.uasset" 764
"../../../../../SpareTime/Unreal/FPS/FPS/Content/Models/StorageProps/Materials/M_Pallet.uasset" 765
"../../../../../SpareTime/Unreal/FPS/FPS/Content/Models/StorageProps/pallet.uasset" 766
"../../../../../SpareTime/Unreal/FPS/FPS/Content/Models/StorageProps/Textures/Trolley_Base_Color.uasset" 767
"../../../../../SpareTime/Unreal/FPS/FPS/Content/Models/StorageProps/Textures/Trolley_Height.uasset" 768
"../../../../../SpareTime/Unreal/FPS/FPS/Content/Models/StorageProps/Textures/Trolley_Metallic.uasset" 769
"../../../../../SpareTime/Unreal/FPS/FPS/Content/Models/StorageProps/Textures/Trolley_Mixed_AO.uasset" 770
"../../../../../SpareTime/Unreal/FPS/FPS/Content/Models/StorageProps/Textures/Trolley_Normal_DirectX.uasset" 771
"../../../../../SpareTime/Unreal/FPS/FPS/Content/Models/StorageProps/Textures/Trolley_Roughness.uasset" 772
"../../../../../SpareTime/Unreal/FPS/FPS/Content/Models/StorageProps/Materials/M_Trolley.uasset" 773
"../../../../../SpareTime/Unreal/FPS/FPS/Content/Models/StorageProps/trolley.uasset" 774
"../../../../../SpareTime/Unreal/FPS/FPS/Content/StarterContent/Materials/M_Basic_Floor.uasset" 775
"../../../../../SpareTime/Unreal/FPS/FPS/Content/StarterContent/Architecture/Floor_400x400.uasset" 776
"../../../../../SpareTime/Unreal/FPS/FPS/Content/StarterContent/Architecture/Wall_400x300.uasset" 777
"../../../../../SpareTime/Unreal/FPS/FPS/Content/StarterContent/Architecture/Wall_Door_400x300.uasset" 778
"../../../../../SpareTime/Unreal/FPS/FPS/Content/StarterContent/Props/SM_DoorFrame.uasset" 779
"../../../../../SpareTime/Unreal/FPS/FPS/Content/StarterContent/Props/SM_Stairs.uasset" 780
"../../../../../SpareTime/Unreal/FPS/FPS/Content/Maps/Level1.umap" 781
"../../../Engine/Content/MapTemplates/SM_Template_Map_Floor.uasset" 782
"../../../../../SpareTime/Unreal/FPS/FPS/Content/Models/TEMP/PilarNormal.uasset" 783
"../../../../../SpareTime/Unreal/FPS/FPS/Content/Models/TEMP/Texture_1.uasset" 784
"../../../../../SpareTime/Unreal/FPS/FPS/Content/Models/TEMP/lambert2.uasset" 785
"../../../../../SpareTime/Unreal/FPS/FPS/Content/Models/TEMP/Pilar_MainFrame_Game.uasset" 786
"../../../../../SpareTime/Unreal/FPS/FPS/Content/Maps/TestMap.umap" 787
"../../../../../SpareTime/Unreal/FPS/FPS/Content/Animations/AnimStarterPack/Crouch_Idle_Rifle_Ironsights.uasset" 788
"../../../../../SpareTime/Unreal/FPS/FPS/Content/Animations/AnimStarterPack/Crouch_Walk_Fwd_Rifle_Ironsights.uasset" 789
"../../../../../SpareTime/Unreal/FPS/FPS/Content/Animations/AnimStarterPack/Equip_Pistol_Standing.uasset" 790
"../../../../../SpareTime/Unreal/FPS/FPS/Content/Animations/AnimStarterPack/Hit_React_1.uasset" 791
"../../../../../SpareTime/Unreal/FPS/FPS/Content/Animations/AnimStarterPack/Hit_React_2.uasset" 792
"../../../../../SpareTime/Unreal/FPS/FPS/Content/Animations/AnimStarterPack/Hit_React_3.uasset" 793
"../../../../../SpareTime/Unreal/FPS/FPS/Content/Animations/AnimStarterPack/Idle_Rifle_Hip_Break1.uasset" 794
"../../../../../SpareTime/Unreal/FPS/FPS/Content/Animations/AnimStarterPack/Idle_Rifle_Hip_Break2.uasset" 795
"../../../../../SpareTime/Unreal/FPS/FPS/Content/Animations/AnimStarterPack/Reload_Rifle_Hip.uasset" 796
"../../../Engine/Content/TemplateResources/M_Template_Master.uasset" 797
"../../../Engine/Content/TemplateResources/MI_Template_BaseGray_03_Metal.uasset" 798
"../../../../../SpareTime/Unreal/FPS/FPS/Content/Animations/AnimStarterPack/Showcase.umap" 799
"../../../Engine/Content/Maps/Entry.umap" 800
